start
90-0-3 1?2.295 = 0 82 16 68 88 45 54 27 89 85 66 22 84 62 34 67 3 
90-0-4 1?2.746 = 0 82 27 89 63 43 26 29 74 17 51 92 79 40 94 60 69 21 4 
90-0-5 1?2.623 = 0 82 27 89 63 43 26 25 29 74 17 51 92 79 40 94 60 64 5 
90-0-2 1?2.274 = 0 82 16 68 88 45 54 27 89 85 66 22 84 70 34 62 2 
90-0-10 1?2.352 = 0 82 16 68 49 32 93 83 59 52 56 46 36 30 65 23 41 10 
90-0-11 1?2.302 = 0 82 16 68 49 32 93 80 83 59 52 56 46 36 30 65 96 11 
90-0-1 1?2.263 = 0 82 16 68 88 54 45 78 26 43 63 85 66 22 84 97 1 
90-0-8 1?2.66 = 0 82 16 68 88 54 45 78 25 18 57 86 75 42 61 71 35 81 8 
90-0-9 1?2.656 = 0 82 16 68 49 32 93 83 59 52 56 46 36 30 65 23 41 87 9 
90-0-6 1?2.597 = 0 82 27 89 85 63 43 26 25 29 74 17 51 92 79 40 94 64 24 38 6 
90-0-7 1?2.609 = 0 82 22 70 77 72 98 91 39 95 60 64 94 40 79 92 51 48 50 7 
90-0-13 1?1.815 = 0 82 16 54 45 88 68 49 32 93 80 52 59 83 13 
90-0-15 1?2.214 = 0 82 16 54 45 47 80 52 59 83 93 32 49 88 68 15 
90-0-14 1?1.98 = 0 82 16 54 45 88 68 49 32 80 52 59 83 93 14 
90-0-12 1?1.789 = 0 82 16 68 49 32 93 80 83 59 52 56 46 36 12 
90-1-3 1?2.541 = 1 82 16 68 88 45 54 27 89 85 66 22 84 62 34 67 3 
90-1-4 1?2.311 = 1 97 84 70 77 72 98 39 95 94 40 64 60 69 21 4 
90-1-5 1?2.586 = 1 97 84 22 70 77 72 91 39 95 60 64 94 40 51 92 79 24 5 
90-1-2 1?2.516 = 1 97 84 22 66 85 63 43 26 37 91 98 72 77 67 34 2 
90-1-8 1?2.527 = 1 97 84 70 77 72 37 91 39 95 60 64 94 40 79 92 51 48 50 31 8 
90-1-6 1?2.41 = 1 97 84 22 70 77 72 91 39 95 60 64 94 40 51 92 48 79 24 38 6 
90-1-7 1?2.468 = 1 97 62 34 67 77 72 91 98 39 95 60 64 94 40 79 92 51 48 50 7 
90-1-15 1?2.363 = 1 97 84 22 66 85 89 27 54 45 47 80 59 83 93 32 49 15 
90-2-6 1?1.977 = 2 62 34 67 77 72 98 69 60 64 94 40 51 92 79 24 38 6 
90-2-3 1?2.41 = 2 62 34 67 77 72 91 39 95 94 40 64 60 69 21 90 3 
90-2-4 1?2.118 = 2 62 34 67 77 72 98 39 95 94 40 64 60 69 21 4 
90-2-5 1?2.292 = 2 62 34 67 77 72 37 91 98 39 95 51 92 40 64 60 69 5 
90-1-10 1?2.485 = 1 97 84 22 66 85 63 43 26 25 73 18 57 86 75 42 61 35 71 76 87 10 
90-1-11 1?2.636 = 1 97 84 22 66 85 63 43 26 25 18 57 86 75 42 61 53 23 65 30 96 11 
90-1-14 1?2.264 = 1 97 84 22 66 89 27 54 45 88 68 49 32 80 52 59 83 93 14 
90-1-9 1?2.665 = 1 97 84 22 66 85 63 43 26 25 73 18 57 86 75 42 61 35 71 53 76 9 
90-1-13 1?2.249 = 1 97 84 22 66 85 89 27 54 45 88 16 68 49 32 93 80 59 83 13 
90-1-12 1?2.328 = 1 97 84 22 66 89 27 16 68 88 49 32 93 83 59 52 56 46 36 12 
90-2-15 1?2.453 = 2 62 70 85 89 27 54 45 47 80 52 59 83 93 32 49 15 
90-3-5 1?2.199 = 3 67 77 72 91 39 95 60 64 94 40 51 92 79 24 5 
90-3-4 1?2.24 = 3 67 77 72 91 39 95 51 92 79 40 94 60 69 21 4 
90-2-10 1?2.515 = 2 97 84 22 66 85 63 43 26 25 18 57 86 75 42 61 35 71 76 87 10 
90-2-9 1?2.488 = 2 62 34 67 77 72 98 69 60 64 94 40 51 17 57 86 75 81 9 
90-2-8 1?2.26 = 2 62 34 67 77 72 91 39 95 60 64 94 40 79 92 51 48 50 31 8 
90-2-11 1?2.654 = 2 62 34 67 77 72 37 91 39 74 57 86 75 42 61 53 23 65 30 96 11 
90-2-14 1?2.358 = 2 62 34 70 85 89 27 16 68 88 47 80 52 59 83 93 32 14 
90-2-13 1?2.318 = 2 97 84 22 66 85 89 27 54 45 88 68 49 32 93 80 83 59 52 13 
90-2-7 1?2.314 = 2 62 34 67 77 72 98 91 39 95 60 64 94 40 79 92 51 48 50 31 7 
90-2-12 1?2.491 = 2 97 84 22 66 89 27 54 45 88 68 49 32 93 83 59 52 56 46 36 12 
90-3-6 1?1.874 = 3 67 77 72 98 69 60 64 94 40 51 92 79 24 38 6 
90-4-5 1?2.091 = 4 21 98 91 39 95 60 64 94 40 51 92 79 38 24 5 
90-3-9 1?2.356 = 3 90 21 69 60 64 40 79 92 51 17 57 86 75 42 35 71 9 
90-3-15 1?2.609 = 3 67 34 62 84 22 66 85 63 43 26 25 78 45 54 88 68 16 15 
90-3-11 1?2.632 = 3 90 21 69 60 64 40 51 17 57 86 75 42 61 53 23 65 30 96 11 
90-3-10 1?2.456 = 3 90 21 69 60 64 94 40 79 92 51 17 57 86 75 42 35 71 76 87 10 
90-3-7 1?2.291 = 3 67 77 72 37 91 98 39 95 60 64 94 40 79 92 51 48 50 31 7 
90-3-14 1?2.621 = 3 67 70 85 63 43 26 25 73 20 99 28 19 46 56 52 59 83 93 14 
90-3-8 1?2.511 = 3 34 67 77 72 37 91 98 39 95 60 64 94 40 79 92 51 48 50 31 8 
90-3-13 1?2.627 = 3 34 62 84 22 66 85 89 27 54 45 88 16 68 49 32 93 80 59 83 13 
90-3-12 1?2.557 = 3 67 70 85 89 27 16 68 88 49 32 93 83 59 52 56 46 36 12 
90-5-6 1?1.798 = 5 21 98 91 39 95 60 64 94 40 51 92 79 24 38 6 
90-4-6 1?1.788 = 4 21 69 39 95 60 64 94 40 51 92 48 79 24 38 6 
90-4-7 1?1.895 = 4 21 69 39 95 60 64 94 40 79 92 51 48 50 31 7 
90-4-11 1?2.291 = 4 21 69 60 94 40 51 17 57 86 75 42 61 53 23 65 30 96 11 
90-4-9 1?2.109 = 4 21 69 60 64 94 40 79 92 51 17 57 86 75 42 61 35 71 9 
90-4-15 1?2.65 = 4 21 69 60 94 40 51 17 74 29 25 78 45 54 88 68 16 15 
90-4-14 1?2.618 = 4 90 77 72 37 43 26 25 73 20 99 28 19 56 52 59 83 93 32 14 
90-4-10 1?2.198 = 4 21 69 60 64 94 40 79 92 51 17 57 86 75 42 61 35 71 76 87 10 
90-4-8 1?2.242 = 4 21 69 60 64 94 40 79 92 51 17 57 86 75 42 61 35 81 8 
90-4-13 1?2.608 = 4 21 69 60 94 40 51 17 74 29 18 73 20 99 28 19 52 59 83 13 
90-4-12 1?2.518 = 4 21 69 60 94 40 51 17 57 86 75 42 61 53 23 65 30 36 12 
90-6-8 1?1.672 = 6 38 24 64 60 94 40 79 92 51 17 57 86 75 33 8 
90-5-7 1?1.919 = 5 69 39 95 60 64 94 40 79 92 51 17 48 50 31 7 
90-6-7 1?1.71 = 6 38 24 64 60 95 94 40 79 48 92 51 17 50 31 7 
90-5-11 1?2.121 = 5 64 40 79 92 51 17 57 86 75 42 61 53 23 65 30 96 11 
90-5-8 1?2.05 = 5 64 60 94 40 79 92 51 17 57 86 75 42 61 71 35 81 8 
90-5-9 1?2.035 = 5 69 60 64 94 40 79 92 51 17 74 57 86 75 42 61 35 71 9 
90-5-15 1?2.527 = 5 64 60 94 40 79 92 51 17 74 29 25 78 45 54 88 68 16 15 
90-5-14 1?2.57 = 5 64 94 40 51 17 74 29 18 73 20 99 28 19 52 59 83 93 14 
90-5-10 1?2.124 = 5 69 60 64 94 40 79 92 51 17 74 57 86 75 42 61 35 71 76 87 10 
90-5-13 1?2.448 = 5 64 60 94 40 51 17 57 86 75 42 44 58 28 19 52 59 83 13 
90-5-12 1?2.395 = 5 64 60 94 40 79 92 51 17 57 86 75 42 61 53 23 65 30 36 12 
90-7-10 1?1.65 = 7 50 48 79 92 51 17 57 86 75 42 35 71 76 87 10 
90-6-9 1?1.602 = 6 38 24 64 60 94 40 51 17 57 86 75 42 35 71 9 
90-7-9 1?1.722 = 7 50 48 79 92 51 17 74 57 86 75 42 61 35 71 9 
90-7-8 1?1.795 = 7 50 48 79 92 51 17 74 57 86 75 42 35 81 8 
90-7-11 1?2.036 = 7 50 48 79 92 51 17 74 57 86 75 42 61 53 23 65 30 96 11 
90-6-11 1?2.014 = 6 38 24 64 60 94 40 92 51 17 57 86 75 42 61 53 23 65 30 96 11 
90-6-10 1?1.936 = 6 24 64 60 94 40 79 92 51 17 74 57 86 75 42 61 35 71 76 87 10 
90-6-14 1?2.448 = 6 38 24 79 92 51 17 57 86 75 42 44 58 28 19 52 59 83 93 14 
90-6-15 1?2.525 = 6 38 24 64 60 94 40 79 92 51 17 74 29 18 73 78 45 54 88 68 16 15 
90-6-12 1?2.241 = 6 38 24 64 60 94 40 92 51 17 57 86 75 42 61 53 23 65 30 36 12 
90-6-13 1?2.391 = 6 38 24 64 60 94 40 79 92 51 17 74 29 18 73 20 99 28 19 52 59 83 13 
90-8-10 1?1.727 = 8 31 50 48 92 51 17 57 86 75 42 35 71 76 87 10 
90-8-11 1?1.698 = 8 81 75 86 57 42 61 35 71 53 23 65 30 96 11 
90-8-9 1?1.839 = 8 31 50 48 79 92 51 17 74 57 86 75 42 35 71 9 
90-7-14 1?2.396 = 7 31 33 86 75 42 61 53 23 65 30 36 46 56 52 59 83 93 14 
90-8-14 1?2.298 = 8 33 57 86 75 42 61 53 23 65 30 36 46 56 52 59 83 93 14 
90-8-15 1?2.495 = 8 81 35 71 53 23 65 30 36 46 56 52 59 83 80 93 32 49 15 
90-7-15 1?2.564 = 7 50 48 92 51 17 57 86 75 42 44 18 73 78 45 54 88 68 16 15 
90-8-13 1?2.208 = 8 81 75 86 57 42 35 71 53 23 65 30 36 46 56 52 59 83 13 
90-8-12 1?2.346 = 8 33 57 86 75 42 35 71 76 87 41 23 65 30 28 19 56 46 12 
90-7-13 1?2.295 = 7 31 33 57 86 75 42 35 71 53 23 65 30 36 46 56 52 59 83 13 
90-7-12 1?2.306 = 7 50 48 79 92 51 17 57 86 75 42 61 35 71 53 23 65 30 36 12 
90-9-10 1?1.782 = 9 81 75 86 57 42 61 35 71 53 23 65 41 87 10 
90-10-11 1?1.625 = 10 87 76 71 35 75 86 57 42 61 53 23 65 30 96 11 
90-9-11 1?1.627 = 9 81 75 86 57 42 61 35 71 53 23 65 30 96 11 
90-10-13 1?1.88 = 10 87 41 23 65 30 36 46 56 52 59 83 80 32 93 13 
90-10-12 1?1.852 = 10 87 76 71 35 75 86 57 42 61 53 23 65 30 36 12 
90-9-12 1?2.074 = 9 71 35 75 86 57 42 61 53 23 65 30 28 19 56 46 36 12 
90-9-15 1?2.328 = 9 76 87 41 23 65 30 36 46 56 52 59 83 80 93 32 49 15 
90-10-14 1?2.087 = 10 87 41 23 65 30 28 19 36 46 56 52 59 83 80 93 32 14 
90-10-15 1?2.113 = 10 41 23 65 30 36 46 56 52 59 83 93 32 49 88 68 16 15 
90-9-14 1?2.2 = 9 76 87 41 23 65 30 36 46 56 52 59 83 80 93 32 49 14 
90-9-13 1?2.106 = 9 71 35 75 86 57 42 61 53 23 65 30 36 46 56 52 59 83 13 
90-11-14 1?1.724 = 11 96 65 30 36 46 56 52 59 83 80 93 32 49 14 
90-12-14 1?1.878 = 12 36 46 56 52 59 83 80 93 32 47 45 54 88 49 14 
90-13-14 1?2.036 = 13 46 56 52 59 83 80 93 32 47 45 54 16 68 49 14 
90-12-15 1?1.55 = 12 36 46 56 52 59 83 80 93 32 49 88 68 16 15 
90-13-15 1?1.868 = 13 83 59 52 56 19 28 47 80 93 32 49 88 68 15 
90-11-13 1?1.78 = 11 96 30 65 23 58 28 19 36 46 56 52 59 83 13 
90-12-13 1?1.918 = 12 36 46 52 59 83 80 47 88 16 68 49 32 93 13 
90-14-15 1?1.895 = 14 32 93 83 59 52 19 28 99 55 78 45 54 88 68 15 
90-11-12 1?1.919 = 11 96 30 65 23 58 18 73 20 99 28 19 56 46 36 12 
90-11-15 1?2.135 = 11 96 65 30 28 19 46 56 52 59 83 93 32 49 68 88 16 15 
stop
