start
504-0-2 1?1.711 = 0 62 81 29 93 68 76 97 46 48 87 24 99 55 86 2 
504-0-3 1?1.967 = 0 62 81 29 40 93 68 76 97 46 48 87 60 56 51 16 3 
504-0-1 1?1.808 = 0 62 81 29 40 28 46 48 87 24 99 86 55 57 65 1 
504-0-11 1?2.381 = 0 62 29 40 93 30 21 45 67 26 72 18 61 31 77 35 23 94 47 11 
504-0-6 1?2.297 = 0 62 81 29 93 68 97 46 48 87 60 56 51 53 85 37 34 83 44 33 6 
504-0-4 1?2.133 = 0 62 81 29 40 93 68 76 97 46 48 24 87 60 56 51 53 16 4 
504-0-5 1?2.273 = 0 62 81 29 40 93 68 76 97 46 48 24 87 60 56 51 53 85 79 64 5 
504-0-7 1?2.485 = 0 81 29 40 28 46 48 87 60 56 51 53 85 37 34 83 44 33 92 7 
504-0-9 1?2.751 = 0 62 81 29 40 28 46 48 24 87 96 41 63 75 91 69 22 20 19 17 9 
504-0-8 1?2.647 = 0 62 81 29 40 28 46 48 41 96 63 39 34 83 44 92 84 82 80 89 8 
504-0-10 1?2.627 = 0 62 81 29 40 93 30 45 67 26 72 18 61 31 77 35 36 43 54 10 
504-1-2 1?1.862 = 1 40 81 29 93 68 76 97 46 48 87 24 99 55 86 2 
504-0-14 1?1.636 = 0 62 81 29 40 93 30 21 45 67 26 72 18 61 66 14 
504-0-15 1?1.8 = 0 62 81 29 93 30 21 45 67 26 72 18 61 42 88 15 
504-1-3 1?2.11 = 1 40 29 81 62 73 93 68 76 97 46 48 87 24 99 95 3 
504-1-4 1?2.048 = 1 40 81 29 93 68 76 97 46 48 24 87 60 56 51 53 4 
504-1-5 1?2.207 = 1 65 57 28 46 48 87 60 56 51 53 85 37 34 83 44 33 49 64 5 
504-0-13 1?1.975 = 0 62 73 29 81 40 93 30 21 45 67 74 72 18 61 27 13 
504-1-6 1?2.233 = 1 65 57 28 46 48 24 87 60 56 51 53 85 79 64 49 34 83 44 33 6 
504-1-7 1?2.407 = 1 65 57 28 46 48 87 60 56 51 53 85 37 34 44 33 92 84 82 7 
504-1-8 1?2.511 = 1 65 57 28 46 48 87 60 56 51 53 85 37 34 83 44 92 84 82 89 8 
504-0-12 1?2.187 = 0 81 29 40 93 30 21 45 67 26 72 18 61 66 27 31 58 12 
504-1-14 1?1.768 = 1 40 29 81 62 73 21 30 45 67 26 72 18 61 66 14 
504-2-6 1?1.842 = 2 86 99 24 87 48 46 41 96 63 39 34 83 44 33 6 
504-2-5 1?1.793 = 2 86 55 28 46 48 87 60 56 51 53 85 37 64 79 5 
504-2-3 1?1.914 = 2 86 55 57 28 46 48 24 87 96 41 63 51 56 16 3 
504-2-4 1?1.896 = 2 86 55 57 28 46 48 24 87 41 96 63 51 56 16 4 
504-1-13 1?2.326 = 1 65 55 57 40 29 81 62 73 21 30 45 67 26 72 18 61 66 27 13 
504-1-12 1?2.453 = 1 65 55 57 40 29 81 62 73 21 30 45 67 26 72 18 61 31 58 12 
504-1-10 1?2.748 = 1 65 57 55 99 24 87 48 46 41 96 63 75 91 69 22 19 20 71 25 10 
504-1-11 1?2.503 = 1 65 40 81 29 93 30 21 45 67 26 72 18 61 31 58 23 94 47 11 
504-1-15 1?1.921 = 1 65 57 28 48 46 97 76 68 93 40 29 81 62 73 32 15 
504-1-9 1?2.685 = 1 65 57 55 86 99 24 87 48 46 41 96 63 75 91 69 22 20 19 17 9 
504-3-5 1?1.993 = 3 95 99 24 87 48 46 41 96 56 51 53 85 37 79 5 
504-3-4 1?2.029 = 3 95 86 55 57 28 46 48 24 87 60 56 51 53 16 4 
504-2-14 1?2.1 = 2 86 99 24 87 48 46 97 76 68 30 21 45 67 26 72 18 61 66 14 
504-2-13 1?2.391 = 2 86 55 57 28 24 87 48 46 97 76 68 30 21 45 67 26 72 18 61 27 13 
504-2-12 1?2.338 = 2 86 55 57 65 40 81 29 93 30 21 45 67 26 72 18 61 31 58 12 
504-2-10 1?2.717 = 2 86 55 28 46 48 24 87 60 96 41 63 75 91 69 22 19 20 71 25 10 
504-2-11 1?2.471 = 2 86 55 57 65 40 29 81 62 73 21 45 67 74 35 77 23 94 47 11 
504-2-7 1?2.334 = 2 86 99 24 87 60 56 51 53 85 79 64 49 34 83 44 33 92 84 82 7 
504-2-8 1?2.42 = 2 86 55 99 24 87 60 56 51 53 85 37 34 83 44 92 84 82 80 89 8 
504-2-15 1?2.182 = 2 86 55 57 28 24 87 48 46 97 76 68 93 40 29 81 62 73 32 15 
504-2-9 1?2.686 = 2 86 99 24 87 60 56 51 53 85 37 34 83 44 33 92 84 82 80 17 9 
504-3-6 1?1.912 = 3 16 56 51 53 85 37 79 64 49 34 83 44 92 33 6 
504-4-5 1?2.053 = 4 53 51 56 60 87 48 46 41 96 63 39 37 64 79 5 
504-3-13 1?2.529 = 3 16 51 56 60 87 24 48 46 97 76 68 30 21 45 67 26 72 18 61 27 13 
504-3-10 1?2.673 = 3 16 51 53 85 37 34 83 44 33 92 84 82 59 19 20 22 71 25 10 
504-3-11 1?2.625 = 3 60 87 48 46 97 76 68 30 21 45 67 74 35 77 23 94 47 11 
504-3-8 1?2.207 = 3 16 51 53 85 37 79 64 49 34 83 44 33 92 84 82 80 89 8 
504-3-12 1?2.603 = 3 95 86 55 57 65 40 29 81 62 73 21 45 67 26 72 18 61 31 58 12 
504-3-7 1?2.406 = 3 16 56 51 53 85 37 79 64 49 34 83 44 33 92 84 82 80 89 7 
504-3-14 1?2.412 = 3 16 51 56 60 87 48 46 97 76 68 30 21 45 67 26 72 18 61 66 14 
504-3-9 1?2.509 = 3 16 56 51 53 85 79 64 34 83 44 33 92 84 82 80 89 17 9 
504-3-15 1?2.341 = 3 16 53 51 56 60 87 48 46 97 76 68 93 40 29 81 62 73 32 15 
504-4-6 1?1.893 = 4 16 56 51 53 85 37 79 64 49 34 83 44 92 33 6 
504-5-6 1?2.047 = 5 79 64 37 85 53 51 56 96 41 63 39 34 44 33 6 
504-4-7 1?1.872 = 4 16 56 51 53 85 79 64 49 34 83 44 92 84 82 7 
504-4-11 1?2.569 = 4 79 64 49 34 44 92 84 59 19 20 22 50 36 43 23 94 47 11 
504-4-10 1?2.595 = 4 16 56 51 53 85 37 34 83 44 33 92 84 59 19 20 22 71 25 10 
504-4-12 1?2.559 = 4 16 56 60 87 48 46 97 68 30 21 45 67 26 72 18 61 31 58 12 
504-4-8 1?2.225 = 4 16 56 51 53 85 37 79 64 49 34 83 44 33 92 84 82 80 89 8 
504-4-13 1?2.577 = 4 53 51 56 60 87 24 28 48 46 97 76 68 30 21 45 67 26 72 18 61 27 13 
504-4-9 1?2.372 = 4 16 56 51 53 85 37 34 83 44 33 92 84 82 80 89 17 9 
504-4-14 1?2.43 = 4 53 51 56 60 87 24 48 46 97 76 68 30 21 45 67 26 72 18 61 66 14 
504-4-15 1?2.256 = 4 53 51 56 60 87 24 48 46 97 76 68 93 40 29 81 62 73 32 15 
504-6-8 1?1.98 = 6 33 44 92 82 84 52 91 69 22 20 19 17 80 89 8 
504-6-7 1?2.095 = 6 33 49 64 79 37 34 44 92 84 82 59 80 89 7 
504-5-7 1?1.965 = 5 79 64 49 34 83 44 33 92 84 82 59 17 80 89 7 
504-5-8 1?2.064 = 5 79 64 49 34 83 44 33 92 52 91 69 22 20 19 59 80 89 8 
504-5-14 1?2.402 = 5 79 85 53 51 56 60 87 48 46 97 68 76 78 67 26 72 18 61 66 14 
504-5-13 1?2.516 = 5 79 85 53 51 56 60 87 48 46 97 68 30 21 45 67 26 72 18 61 27 13 
504-5-11 1?2.311 = 5 79 64 34 83 44 33 92 84 59 19 20 22 50 36 43 23 94 47 11 
504-5-12 1?2.583 = 5 79 64 49 34 44 33 92 84 59 19 20 22 50 36 43 35 77 58 12 
504-5-10 1?2.325 = 5 79 64 49 34 83 44 33 92 84 82 80 89 17 19 20 22 71 25 10 
504-5-9 1?2.371 = 5 79 64 34 83 44 33 92 84 82 89 80 59 19 20 22 71 25 9 
504-5-15 1?2.434 = 5 79 37 85 53 51 56 60 87 48 46 97 76 68 93 40 29 81 62 32 15 
504-7-8 1?2.199 = 7 82 84 92 33 44 83 34 39 91 69 22 20 19 17 8 
504-7-10 1?2.287 = 7 82 59 80 89 17 19 20 22 69 91 70 50 36 43 54 10 
504-7-9 1?2.222 = 7 82 84 92 33 83 34 44 52 91 69 22 19 20 71 9 
504-6-9 1?2.132 = 6 49 34 44 33 92 84 82 80 89 17 19 20 22 71 9 
504-6-12 1?2.584 = 6 33 44 92 84 82 89 80 59 19 20 22 50 36 43 35 77 58 12 
504-6-13 1?2.582 = 6 33 44 83 34 39 63 96 41 48 46 97 76 78 67 26 72 18 61 27 13 
504-7-11 1?2.342 = 7 82 84 59 19 20 22 69 91 70 50 36 43 35 77 23 94 47 11 
504-6-11 1?2.397 = 6 33 44 92 84 59 19 20 22 69 91 70 50 36 43 23 94 47 11 
504-6-14 1?2.521 = 6 33 44 83 34 37 85 53 51 56 60 87 48 46 97 68 30 45 42 14 
504-6-10 1?2.504 = 6 49 34 83 44 33 92 84 82 80 89 17 19 20 22 50 36 43 54 10 
504-6-15 1?2.454 = 6 33 44 34 37 85 53 51 56 60 87 48 46 28 40 29 81 62 32 15 
504-8-11 1?1.989 = 8 89 80 59 19 20 22 69 91 70 50 36 43 23 94 47 11 
504-8-10 1?2.17 = 8 89 80 82 84 59 19 20 22 69 91 70 50 36 43 54 10 
504-8-12 1?2.417 = 8 89 80 82 84 59 19 20 22 70 50 36 43 35 77 31 58 12 
504-8-13 1?2.526 = 8 89 80 17 19 20 22 69 91 70 98 90 74 67 26 72 18 61 27 13 
504-8-9 1?2.251 = 8 89 80 82 84 92 33 83 44 52 91 69 22 19 17 9 
504-7-12 1?2.646 = 7 82 84 59 80 89 17 19 20 22 69 91 70 50 36 43 35 77 58 12 
504-7-13 1?2.736 = 7 82 84 59 19 20 22 69 91 70 98 90 74 67 26 72 18 61 66 27 13 
504-8-14 1?2.756 = 8 89 80 82 84 59 19 22 69 91 70 98 90 74 67 26 72 18 61 66 14 
504-7-14 1?2.808 = 7 92 44 83 34 37 85 53 51 56 60 87 48 46 97 68 30 21 45 42 14 
504-7-15 1?2.686 = 7 92 44 83 34 37 85 53 51 56 60 87 24 28 40 29 81 62 73 32 15 
504-8-15 1?2.743 = 8 89 80 59 19 20 22 70 98 38 76 97 68 93 40 29 81 62 73 32 15 
504-10-12 1?2.369 = 10 25 71 20 19 22 69 91 70 98 90 35 77 31 58 12 
504-9-11 1?2.199 = 9 17 19 20 22 69 91 70 50 36 43 35 77 23 94 47 11 
504-10-11 1?2.237 = 10 25 71 20 19 22 69 91 70 50 36 43 54 23 94 47 11 
504-9-10 1?2.526 = 9 17 89 80 59 19 20 22 69 91 70 50 36 43 54 25 10 
504-10-13 1?2.518 = 10 25 71 20 19 22 69 91 70 98 90 74 26 72 18 61 27 13 
504-9-13 1?2.588 = 9 17 19 20 22 69 91 70 98 90 74 67 26 72 61 66 27 13 
504-9-12 1?2.631 = 9 17 89 80 59 19 20 22 69 91 70 50 36 43 35 77 58 12 
504-10-14 1?2.572 = 10 25 71 20 19 22 69 91 70 98 90 74 67 26 72 18 61 66 14 
504-9-14 1?2.756 = 9 17 19 20 22 69 91 70 98 90 78 30 45 67 26 72 18 61 66 14 
504-10-15 1?2.724 = 10 54 43 36 35 77 31 27 61 18 72 26 67 45 30 21 73 32 15 
504-9-15 1?2.79 = 9 17 19 20 22 69 91 70 98 90 78 30 93 40 29 81 62 32 15 
504-12-13 1?2.203 = 12 58 31 61 18 72 26 67 30 21 45 88 42 66 27 13 
504-11-13 1?2.12 = 11 47 94 23 35 77 31 61 18 72 26 67 42 66 27 13 
504-13-14 1?2.104 = 13 27 61 18 72 26 67 45 21 93 29 81 62 32 88 14 
504-11-14 1?2.135 = 11 47 94 23 35 77 31 27 66 61 18 72 26 67 42 14 
504-11-12 1?2.19 = 11 47 94 23 77 35 74 26 72 18 61 66 27 31 58 12 
504-12-14 1?2.237 = 12 58 31 61 18 72 26 67 45 30 21 73 32 88 42 14 
504-12-15 1?1.977 = 12 58 31 61 18 72 26 67 45 21 73 29 81 62 32 15 
504-13-15 1?1.768 = 13 27 61 18 72 26 67 45 21 93 29 81 62 73 32 15 
504-14-15 1?1.733 = 14 66 61 18 72 26 67 45 21 93 29 81 62 73 32 15 
504-11-15 1?2.355 = 11 47 94 23 77 35 74 67 45 21 30 93 40 29 81 62 32 15 
stop
