start
51-0-1 1?1.72 = 0 78 23 18 79 51 26 72 29 54 50 25 70 98 87 1 
51-0-2 1?1.824 = 0 78 23 18 79 51 26 72 29 54 50 25 70 98 87 2 
51-0-3 1?1.886 = 0 78 23 18 79 51 26 72 54 29 52 65 68 94 3 
51-0-4 1?2.21 = 0 78 23 18 79 51 26 72 54 29 86 52 65 68 69 53 59 96 4 
51-0-5 1?2.477 = 0 78 23 18 79 51 26 72 54 29 86 52 65 68 69 53 59 64 5 
51-0-6 1?2.415 = 0 23 18 79 51 92 24 20 73 76 60 48 16 32 77 58 22 17 49 6 
51-0-7 1?2.393 = 0 78 23 18 79 51 26 92 20 73 76 60 48 16 32 77 58 22 17 75 7 
51-0-8 1?2.539 = 0 78 23 18 79 51 26 92 20 24 21 30 73 60 76 31 71 61 81 57 8 
51-0-9 1?2.46 = 0 78 25 50 54 72 26 92 24 20 73 60 76 31 71 82 74 33 39 56 91 9 
51-0-10 1?2.368 = 0 78 23 18 79 51 92 24 20 73 60 76 31 71 82 74 33 67 39 56 10 
51-0-11 1?2.356 = 0 78 23 18 79 51 26 92 20 73 60 76 31 71 82 89 38 55 97 11 
51-0-12 1?1.836 = 0 23 18 79 88 44 28 19 66 36 41 80 27 83 35 12 
51-0-13 1?1.939 = 0 18 23 78 25 50 54 72 26 51 79 88 44 28 19 13 
51-0-14 1?1.976 = 0 18 23 78 25 50 54 29 72 26 51 79 88 44 28 14 
51-0-15 1?2.203 = 0 18 23 78 25 50 54 72 21 30 73 20 92 51 79 15 
51-1-2 1?2.052 = 1 98 70 25 50 54 72 26 92 20 24 21 30 95 52 86 2 
51-1-3 1?2.021 = 1 87 98 70 25 50 54 26 72 29 86 52 65 68 94 3 
51-1-4 1?1.99 = 1 70 25 50 54 72 29 86 52 65 94 68 69 53 96 4 
51-1-5 1?2.16 = 1 98 70 25 50 54 72 29 86 65 68 69 53 59 64 5 
51-1-6 1?2.431 = 1 70 25 50 54 72 24 20 73 76 60 48 16 32 77 58 22 17 49 6 
51-1-7 1?2.341 = 1 98 70 25 50 54 72 21 73 76 60 48 16 32 77 58 22 17 75 7 
51-1-8 1?2.498 = 1 98 70 25 50 54 72 24 20 21 73 76 60 31 71 61 81 42 57 8 
51-1-9 1?2.497 = 1 98 70 25 50 54 72 24 20 21 73 60 76 31 71 82 74 33 39 56 91 9 
51-1-10 1?2.419 = 1 98 70 25 50 54 72 26 92 20 73 60 76 31 71 82 74 33 39 56 10 
51-1-11 1?2.425 = 1 70 25 50 54 72 26 92 24 20 73 60 76 31 71 82 89 38 55 97 11 
51-1-12 1?2.238 = 1 98 70 25 50 79 51 88 44 28 19 66 36 41 80 27 83 35 45 12 
51-1-13 1?2.445 = 1 70 25 50 54 72 24 20 21 73 60 76 31 71 43 80 41 36 66 13 
51-1-14 1?2.031 = 1 87 98 70 25 50 54 29 72 26 51 79 88 44 28 14 
51-1-15 1?2.111 = 1 87 98 70 25 50 54 29 72 26 51 79 18 23 78 0 15 
51-2-3 1?2.125 = 2 87 98 70 25 50 54 26 72 29 86 52 65 68 94 3 
51-2-4 1?2.096 = 2 87 98 70 25 50 54 29 86 65 94 68 69 53 96 4 
51-2-5 1?2.324 = 2 87 98 70 25 50 54 29 86 65 68 69 53 59 64 5 
51-2-6 1?2.681 = 2 94 68 65 52 95 21 73 76 60 48 16 32 77 58 22 17 75 49 6 
51-2-7 1?2.448 = 2 94 68 65 52 95 30 73 76 60 48 16 32 77 58 22 17 75 7 
51-2-8 1?2.618 = 2 87 98 70 25 50 54 72 21 30 73 60 76 31 71 61 81 57 8 
51-2-9 1?2.516 = 2 86 52 95 30 73 60 76 31 71 43 82 74 33 67 39 56 91 46 9 
51-2-10 1?2.592 = 2 87 98 70 25 50 54 72 21 30 73 60 76 31 71 82 74 33 39 56 10 
51-2-11 1?2.611 = 2 87 98 70 25 50 54 72 24 20 73 60 76 31 71 82 93 84 55 97 11 
51-2-12 1?2.411 = 2 87 98 70 25 50 79 51 88 44 28 19 66 36 41 80 27 83 35 12 
51-2-13 1?2.669 = 2 87 98 70 25 50 54 72 21 30 73 60 76 31 71 43 80 36 66 13 
51-2-14 1?2.596 = 2 87 98 70 25 50 54 72 26 51 88 44 28 41 80 36 66 19 14 
51-2-15 1?2.521 = 2 86 52 95 30 21 24 20 92 51 79 26 54 50 25 78 23 18 15 
51-3-4 1?2.429 = 3 68 65 86 52 95 30 21 73 76 60 48 16 40 59 96 4 
51-3-5 1?2.423 = 3 94 68 69 53 59 40 32 77 58 17 47 63 64 5 
51-3-6 1?2.174 = 3 94 65 68 69 53 59 40 32 77 58 22 17 75 49 6 
51-3-7 1?2.247 = 3 68 65 52 95 30 73 76 60 48 16 32 77 58 22 17 75 7 
51-3-8 1?2.563 = 3 94 68 65 52 95 30 21 73 60 76 31 71 82 61 81 42 57 8 
51-3-9 1?2.455 = 3 94 68 65 52 95 30 21 73 60 76 31 71 82 74 33 39 56 91 9 
51-3-10 1?2.601 = 3 94 68 65 52 95 30 21 73 60 76 31 71 82 74 33 67 38 55 97 62 10 
51-3-11 1?2.6 = 3 94 68 65 86 52 95 30 21 73 60 76 31 71 82 74 33 67 38 55 97 11 
51-3-12 1?2.504 = 3 94 68 65 52 95 30 21 73 60 76 31 71 82 93 27 83 35 45 12 
51-3-13 1?2.594 = 3 68 94 65 86 52 95 30 21 73 60 76 31 71 43 80 41 36 66 19 13 
51-3-14 1?2.567 = 3 94 68 65 52 29 72 54 50 25 78 23 18 79 51 88 44 28 14 
51-3-15 1?2.358 = 3 94 68 65 52 95 30 21 24 20 92 26 72 54 25 50 23 18 15 
51-4-5 1?2.512 = 4 96 69 53 59 40 32 77 58 22 17 75 49 63 64 5 
51-4-6 1?2.299 = 4 96 69 68 65 53 59 40 32 77 58 22 17 75 49 6 
51-4-7 1?2.394 = 4 96 53 69 65 52 21 73 76 60 48 16 32 77 17 75 7 
51-4-8 1?2.539 = 4 96 53 69 68 65 52 95 30 73 60 76 31 71 61 37 42 57 8 
51-4-9 1?2.511 = 4 96 53 69 65 52 95 30 73 60 76 31 71 82 74 33 39 56 91 9 
51-4-10 1?2.452 = 4 96 53 69 68 65 52 95 30 73 60 76 31 71 82 74 33 39 56 10 
51-4-11 1?2.54 = 4 96 53 69 68 65 52 95 30 21 73 60 76 31 71 82 89 38 55 97 11 
51-4-12 1?2.603 = 4 96 53 69 68 65 86 52 95 30 73 60 76 31 71 82 93 27 83 35 12 
51-4-13 1?2.58 = 4 96 53 69 68 65 52 95 30 73 60 76 31 71 43 80 41 36 66 19 13 
51-4-14 1?2.602 = 4 96 53 69 68 65 52 95 30 21 24 20 92 26 51 79 88 44 28 14 
51-4-15 1?2.481 = 4 96 53 69 68 65 52 95 30 21 24 20 92 26 54 25 50 23 18 15 
51-5-6 1?2.502 = 5 64 40 95 30 73 76 60 48 16 32 77 58 22 17 49 6 
51-5-7 1?2.363 = 5 64 40 95 30 73 76 60 48 16 32 77 58 17 75 7 
51-5-8 1?2.205 = 5 64 63 47 32 77 58 17 22 85 42 81 99 57 8 
51-5-9 1?2.558 = 5 64 40 95 30 21 73 60 76 31 71 82 74 33 39 56 91 46 9 
51-5-10 1?2.503 = 5 64 63 47 77 58 22 85 42 81 46 91 56 39 67 38 55 97 62 10 
51-5-11 1?2.588 = 5 64 63 49 75 17 22 58 85 42 81 46 91 56 39 67 38 55 97 11 
51-5-12 1?2.775 = 5 64 63 47 77 58 22 85 42 81 46 91 56 39 67 38 84 27 83 35 12 
51-5-13 1?2.839 = 5 64 40 95 30 21 24 92 20 73 60 76 31 71 43 80 41 36 66 13 
51-5-14 1?2.788 = 5 64 59 53 69 68 65 52 86 29 54 72 26 51 79 88 44 28 14 
51-5-15 1?2.594 = 5 64 40 59 53 69 68 65 52 86 29 72 54 50 25 78 23 18 15 
51-6-7 1?2.483 = 6 49 17 22 58 77 32 16 48 60 76 31 71 61 37 85 7 
51-6-8 1?2.27 = 6 49 75 17 22 58 77 32 16 48 31 71 61 81 57 8 
51-6-9 1?2.036 = 6 49 17 22 58 85 42 81 61 74 33 39 56 91 46 9 
51-6-10 1?2.372 = 6 49 75 17 22 58 85 37 42 57 99 46 91 56 39 67 38 55 97 62 10 
51-6-11 1?2.53 = 6 49 75 17 22 58 77 32 16 48 60 76 31 71 82 93 84 38 55 97 11 
51-6-12 1?2.501 = 6 49 75 17 22 58 85 42 81 46 91 56 39 67 38 55 84 27 83 35 12 
51-6-13 1?2.66 = 6 49 75 17 22 85 58 77 32 16 48 60 76 31 71 43 80 41 36 66 13 
51-6-14 1?2.619 = 6 49 75 17 22 58 77 32 16 48 60 76 73 21 24 20 92 88 44 14 
51-6-15 1?2.533 = 6 49 75 17 22 58 77 32 16 48 60 76 73 20 24 92 26 51 79 15 
51-7-8 1?2.089 = 7 75 17 22 58 85 42 81 33 67 39 56 46 99 57 8 
51-7-9 1?1.908 = 7 75 17 22 58 85 42 81 61 74 33 39 56 91 46 9 
51-7-10 1?2.08 = 7 75 17 22 58 85 42 57 99 46 91 56 39 67 38 55 97 62 10 
51-7-11 1?2.253 = 7 75 17 22 58 85 42 81 46 91 56 39 33 67 38 84 55 97 11 
51-7-12 1?2.283 = 7 75 17 22 58 85 42 81 46 91 56 39 67 38 84 27 83 35 45 12 
51-7-13 1?2.471 = 7 75 17 22 85 58 77 32 16 48 60 76 31 71 43 80 41 36 66 13 
51-7-14 1?2.477 = 7 75 17 77 32 16 48 60 76 73 30 21 24 20 92 88 44 28 14 
51-7-15 1?2.492 = 7 75 17 22 58 77 32 16 48 60 76 73 30 21 20 24 92 26 51 79 15 
51-8-9 1?1.99 = 8 57 42 37 61 74 33 67 38 55 97 62 39 56 91 46 9 
51-8-10 1?1.891 = 8 57 42 81 46 91 56 39 33 67 38 84 55 97 62 10 
51-8-11 1?2.316 = 8 57 42 37 81 46 91 56 39 67 33 74 89 93 84 38 55 97 11 
51-8-12 1?2.332 = 8 57 42 81 46 91 56 39 33 67 62 97 55 38 84 27 83 35 12 
51-8-13 1?2.359 = 8 57 42 81 46 56 39 67 38 55 84 35 83 27 80 41 36 66 19 13 
51-8-14 1?2.585 = 8 57 42 81 61 71 31 76 60 73 30 21 24 20 92 88 44 28 14 
51-8-15 1?2.527 = 8 57 42 81 61 71 31 76 60 73 30 21 24 20 92 26 51 79 15 
51-9-10 1?1.982 = 9 99 57 42 81 46 91 56 39 67 33 74 89 38 55 62 10 
51-9-11 1?2.13 = 9 46 91 56 39 62 97 55 38 67 33 74 89 82 93 84 11 
51-9-12 1?2.46 = 9 99 57 42 81 46 91 56 39 67 33 74 89 38 55 84 83 35 45 12 
51-9-13 1?2.472 = 9 99 57 42 81 46 91 56 39 67 38 55 84 35 83 27 80 36 66 13 
51-9-14 1?2.379 = 9 46 91 56 39 67 38 84 35 83 27 80 41 36 66 19 28 44 88 14 
51-9-15 1?2.448 = 9 46 91 56 39 67 33 74 82 71 31 76 60 73 20 24 92 51 79 15 
51-10-11 1?2.099 = 10 39 56 91 46 99 57 42 81 61 74 33 67 38 55 97 11 
51-10-12 1?1.968 = 10 39 62 97 55 38 84 35 83 27 80 41 66 36 45 12 
51-10-13 1?1.967 = 10 39 62 97 55 38 84 27 83 35 45 80 41 36 66 19 13 
51-10-14 1?2.201 = 10 62 97 55 38 84 35 83 27 80 41 36 66 19 28 44 88 14 
51-10-15 1?2.366 = 10 56 39 33 74 82 71 31 76 60 73 30 21 20 24 92 51 79 15 
51-11-12 1?1.959 = 11 97 55 38 67 39 56 91 46 33 74 89 93 27 83 35 12 
51-11-13 1?2.117 = 11 97 55 38 33 74 89 84 27 83 35 45 80 41 36 66 13 
51-11-14 1?2.249 = 11 97 55 38 84 27 83 35 45 80 41 36 66 19 28 44 88 14 
51-11-15 1?2.384 = 11 97 55 38 89 82 71 31 76 60 73 21 24 20 92 26 51 79 15 
51-12-13 1?2.218 = 12 45 35 83 27 84 55 38 67 33 74 89 93 80 36 66 13 
51-12-14 1?2.347 = 12 35 83 27 93 82 71 31 76 60 73 20 92 88 44 14 
51-12-15 1?1.947 = 12 45 35 83 27 80 41 36 66 19 28 44 88 51 79 15 
51-13-14 1?2.345 = 13 66 36 41 80 43 71 31 76 60 73 20 92 88 14 
51-13-15 1?2.054 = 13 19 28 44 88 79 51 26 72 54 50 25 78 23 18 15 
51-14-15 1?2.176 = 14 28 44 88 79 51 26 72 54 29 25 50 78 23 18 15 
stop
