start
155-0-1 1?2.541 = 0 42 31 98 57 55 37 16 81 47 21 65 95 23 61 1 
155-0-2 1?2.267 = 0 42 31 98 57 55 37 16 81 47 65 95 23 34 77 2 
155-0-3 1?2.404 = 0 42 31 98 57 55 16 81 47 21 65 95 23 39 90 3 
155-0-4 1?2.547 = 0 31 98 57 81 47 21 83 19 18 32 30 35 24 93 38 79 4 
155-0-5 1?2.592 = 0 42 31 98 57 55 16 81 47 21 83 19 30 35 24 93 38 50 5 
155-0-6 1?2.629 = 0 98 55 37 16 81 47 21 83 19 30 35 24 93 38 50 87 6 
155-0-7 1?2.839 = 0 42 31 98 57 81 47 21 83 19 30 35 24 93 38 50 87 54 7 
155-0-8 1?2.704 = 0 98 57 81 22 41 70 28 44 67 59 82 58 89 46 26 51 20 64 66 8 
155-0-9 1?2.558 = 0 31 57 81 22 41 70 28 44 67 59 82 58 89 46 26 51 20 64 9 
155-0-10 1?2.453 = 0 31 57 16 37 96 52 69 43 28 44 67 59 82 58 46 89 74 10 
155-0-11 1?2.424 = 0 42 31 98 57 16 37 96 63 52 69 43 28 44 67 59 82 53 11 
155-0-12 1?2.25 = 0 42 31 98 57 16 37 96 63 52 69 43 28 44 67 75 60 12 
155-0-13 1?2.47 = 0 31 57 16 37 96 63 52 69 43 28 44 67 75 60 85 13 
155-0-14 1?2.376 = 0 42 31 98 57 55 37 16 22 41 70 28 43 69 52 14 
155-0-15 1?2.621 = 0 31 57 16 37 96 22 41 70 28 43 69 52 63 55 15 
155-1-2 1?2.431 = 1 61 23 33 35 24 93 38 79 86 39 90 34 77 2 
155-1-3 1?2.405 = 1 61 23 33 35 24 93 50 38 79 86 25 39 90 3 
155-1-4 1?2.347 = 1 61 95 65 83 19 32 30 35 24 93 38 79 86 4 
155-1-5 1?2.75 = 1 0 42 31 98 57 81 47 21 83 19 30 35 24 93 38 50 5 
155-1-6 1?2.889 = 1 61 23 33 35 24 38 93 30 32 18 72 27 88 48 56 84 87 6 
155-1-7 1?2.841 = 1 61 23 33 35 24 38 93 30 32 18 72 27 88 48 56 84 54 7 
155-1-8 1?2.866 = 1 2 77 34 90 39 25 35 24 38 93 30 32 18 72 27 88 48 45 71 8 
155-1-9 1?2.742 = 1 42 31 81 22 41 28 44 67 59 82 58 89 46 26 51 20 64 9 
155-1-10 1?2.63 = 1 42 31 57 55 37 16 22 41 28 44 67 59 82 58 46 89 74 10 
155-1-11 1?2.631 = 1 42 31 98 57 16 37 96 63 52 69 43 28 44 67 59 82 53 11 
155-1-12 1?2.434 = 1 42 31 98 55 16 37 63 52 69 43 28 44 67 75 60 12 
155-1-13 1?2.813 = 1 42 31 98 57 16 37 96 63 52 69 43 28 44 67 75 60 85 13 
155-1-14 1?2.831 = 1 42 31 57 98 55 37 16 81 22 41 94 70 28 43 69 52 14 
155-1-15 1?2.799 = 1 42 31 98 57 16 22 41 70 28 43 69 96 37 55 15 
155-2-3 1?2.083 = 2 77 34 23 33 35 24 93 38 79 86 25 39 90 3 
155-2-4 1?2.041 = 2 77 34 23 90 39 86 25 35 24 93 50 38 79 4 
155-2-5 1?2.69 = 2 77 34 23 33 19 83 18 32 30 35 24 25 86 79 38 50 5 
155-2-6 1?2.622 = 2 77 34 90 39 86 79 38 93 24 35 30 32 18 27 56 84 87 6 
155-2-7 1?2.61 = 2 77 34 90 39 25 35 24 38 93 30 32 18 72 27 88 48 56 84 54 7 
155-2-8 1?2.477 = 2 77 34 90 39 25 35 24 38 93 30 32 18 72 27 88 48 45 71 8 
155-2-9 1?2.458 = 2 77 34 90 39 25 35 30 32 18 72 27 88 48 76 78 40 80 20 64 9 
155-2-10 1?2.553 = 2 77 34 23 33 30 32 18 72 62 49 29 92 73 97 46 89 58 74 10 
155-2-11 1?2.617 = 2 77 34 23 33 30 32 18 72 62 49 29 26 46 89 58 59 82 53 11 
155-2-12 1?2.62 = 2 77 34 23 33 19 83 49 29 26 46 89 58 82 59 67 75 60 12 
155-2-13 1?2.911 = 2 77 34 23 33 30 32 18 72 62 49 92 73 97 67 75 60 85 13 
155-2-14 1?2.55 = 2 77 34 90 39 23 61 36 42 31 98 57 55 16 37 96 63 14 
155-2-15 1?2.266 = 2 77 34 90 39 23 61 36 42 31 98 57 16 37 55 15 
155-3-4 1?2.23 = 3 34 23 33 19 32 30 35 24 93 38 79 86 4 
155-3-5 1?2.43 = 3 90 39 33 19 18 32 30 93 38 24 35 25 86 79 5 
155-3-6 1?2.308 = 3 86 79 38 93 24 35 30 32 18 72 27 88 48 56 87 6 
155-3-7 1?2.401 = 3 90 39 86 79 38 93 24 35 30 32 18 72 27 88 48 45 91 7 
155-3-8 1?2.452 = 3 90 39 25 86 79 38 93 24 35 30 32 18 72 27 88 48 45 71 8 
155-3-9 1?2.441 = 3 90 39 25 35 24 93 30 32 18 72 27 88 48 76 78 40 80 20 64 9 
155-3-10 1?2.564 = 3 90 39 25 24 35 30 32 18 27 88 48 76 78 40 26 46 89 58 74 10 
155-3-11 1?2.576 = 3 90 39 25 35 30 32 18 72 62 49 92 73 97 46 89 58 59 82 53 11 
155-3-12 1?2.621 = 3 90 39 25 35 30 32 18 72 62 29 26 46 89 58 82 59 67 75 60 12 
155-3-13 1?2.816 = 3 90 39 25 35 30 32 18 72 62 49 92 73 97 67 75 60 85 13 
155-3-14 1?2.723 = 3 86 79 38 93 24 35 30 19 83 21 47 81 16 37 63 14 
155-3-15 1?2.534 = 3 90 39 25 24 35 30 32 18 19 83 21 47 81 16 37 55 15 
155-4-5 1?2.184 = 4 86 79 38 93 24 35 30 32 18 72 27 56 50 5 
155-4-6 1?1.973 = 4 79 38 93 24 35 30 32 18 72 27 88 48 56 87 6 
155-4-7 1?2.154 = 4 86 79 38 93 24 35 30 32 18 72 27 88 48 56 84 54 7 
155-4-8 1?2.28 = 4 79 38 93 24 35 30 32 18 72 27 88 48 76 80 20 64 66 8 
155-4-9 1?2.161 = 4 79 38 93 24 35 30 32 18 27 88 48 76 78 40 80 20 64 9 
155-4-10 1?2.324 = 4 79 38 93 24 35 30 32 18 72 62 49 92 26 46 89 58 74 10 
155-4-11 1?2.522 = 4 79 38 93 24 35 30 32 18 72 62 49 92 26 46 89 58 59 82 53 11 
155-4-12 1?2.471 = 4 86 25 35 30 32 18 72 62 49 92 26 46 89 58 59 67 75 60 12 
155-4-13 1?2.677 = 4 86 25 35 30 32 18 72 62 49 92 73 97 44 67 75 60 85 13 
155-4-14 1?2.617 = 4 79 38 93 24 35 30 32 18 19 83 21 47 81 16 37 96 63 14 
155-4-15 1?2.475 = 4 86 79 38 93 24 35 30 32 18 83 21 47 81 16 37 55 15 
155-5-6 1?1.926 = 5 38 93 24 35 30 32 18 72 27 88 48 56 84 87 6 
155-5-7 1?1.829 = 5 50 38 93 24 35 30 32 18 72 27 88 48 45 91 7 
155-5-8 1?2.014 = 5 50 38 93 24 35 30 32 18 72 27 88 48 76 45 71 8 
155-5-9 1?2.011 = 5 38 93 24 35 30 32 18 27 88 48 76 78 40 80 20 64 9 
155-5-10 1?2.141 = 5 50 38 93 24 35 30 32 18 72 62 29 26 46 89 58 74 10 
155-5-11 1?2.372 = 5 38 93 24 35 30 32 18 72 62 49 92 26 46 89 58 59 82 53 11 
155-5-12 1?2.51 = 5 38 93 24 35 30 32 18 72 62 49 92 26 46 89 58 59 67 75 60 12 
155-5-13 1?2.643 = 5 50 38 93 24 35 30 32 18 72 62 49 92 73 97 44 43 85 13 
155-5-14 1?2.763 = 5 50 38 93 24 35 30 32 18 19 83 21 47 81 16 37 96 63 52 14 
155-5-15 1?2.7 = 5 50 38 93 24 35 30 32 18 19 83 65 21 47 22 96 16 37 55 15 
155-6-7 1?1.976 = 6 50 38 93 24 35 30 32 18 72 27 88 48 45 91 7 
155-6-8 1?1.996 = 6 87 50 38 93 24 35 30 32 18 72 27 88 48 45 71 8 
155-6-9 1?2.161 = 6 50 38 93 24 35 30 32 18 72 27 88 48 76 80 20 64 9 
155-6-10 1?2.24 = 6 87 84 56 27 88 48 76 29 92 73 97 46 89 58 59 82 53 10 
155-6-11 1?2.252 = 6 87 84 56 27 88 48 76 78 29 92 73 97 46 89 58 59 82 53 11 
155-6-12 1?2.401 = 6 87 56 27 88 48 76 78 29 92 26 46 89 58 82 59 67 44 75 60 12 
155-6-13 1?2.561 = 6 87 56 27 88 76 78 40 26 46 89 58 82 59 67 44 28 43 85 13 
155-6-14 1?2.644 = 6 87 56 27 88 48 76 78 40 26 46 89 58 59 67 44 43 69 52 14 
155-6-15 1?2.629 = 6 50 38 93 24 35 30 32 18 19 83 21 47 22 96 37 16 55 15 
155-7-8 1?2.077 = 7 54 84 56 27 48 88 62 49 29 78 40 80 20 64 66 8 
155-7-9 1?1.977 = 7 54 84 56 48 88 27 72 62 49 29 78 40 80 20 64 9 
155-7-10 1?1.947 = 7 54 84 56 27 48 76 29 92 73 97 46 89 58 74 10 
155-7-11 1?2.155 = 7 54 84 56 27 88 48 76 29 92 73 97 46 89 58 59 82 53 11 
155-7-12 1?2.309 = 7 54 84 56 27 88 48 76 78 40 26 46 89 58 82 59 67 44 75 60 12 
155-7-13 1?2.463 = 7 91 71 66 64 20 51 26 46 89 58 82 59 67 44 28 43 85 13 
155-7-14 1?2.613 = 7 91 71 80 20 51 26 46 89 58 82 59 67 44 28 43 69 52 14 
155-7-15 1?2.763 = 7 91 71 80 40 26 46 89 58 82 59 67 44 28 70 41 22 16 37 55 15 
155-8-9 1?1.958 = 8 71 45 48 88 27 72 62 49 29 78 40 80 20 64 17 9 
155-8-10 1?1.977 = 8 66 64 20 51 89 58 46 73 97 44 67 59 82 53 10 
155-8-11 1?2.093 = 8 66 64 20 80 40 78 29 92 73 97 46 89 58 82 59 67 68 11 
155-8-12 1?2.113 = 8 66 64 20 80 40 78 29 92 73 97 46 89 58 82 59 67 75 60 12 
155-8-13 1?2.472 = 8 66 64 20 51 26 92 73 97 46 89 58 82 59 67 44 28 43 85 13 
155-8-14 1?2.591 = 8 66 64 20 51 26 73 97 46 89 58 82 59 67 44 28 43 69 52 63 14 
155-8-15 1?2.548 = 8 66 64 20 51 26 46 89 58 82 59 67 44 28 70 41 22 16 37 55 15 
155-9-10 1?1.806 = 9 64 20 80 40 78 29 92 73 97 46 89 58 59 82 53 10 
155-9-11 1?1.82 = 9 17 20 80 40 26 46 89 58 82 59 67 44 75 68 11 
155-9-12 1?1.941 = 9 64 20 80 40 78 29 92 73 97 46 89 58 82 59 67 75 60 12 
155-9-13 1?2.188 = 9 17 20 51 26 73 97 46 89 58 82 59 67 44 28 43 85 13 
155-9-14 1?2.403 = 9 17 64 20 51 26 73 97 46 89 58 82 59 67 44 28 43 69 52 14 
155-9-15 1?2.376 = 9 64 20 51 26 46 89 58 82 59 67 44 28 70 41 22 16 37 55 15 
155-10-11 1?1.785 = 10 53 82 59 58 89 46 26 73 97 28 44 67 75 68 11 
155-10-12 1?1.696 = 10 74 53 82 59 58 89 46 26 73 97 44 67 75 60 12 
155-10-13 1?2.079 = 10 74 53 82 59 58 89 46 26 73 97 67 44 28 43 85 13 
155-10-14 1?2.42 = 10 74 53 82 59 58 89 46 26 92 73 97 67 44 28 43 69 52 14 
155-10-15 1?2.387 = 10 74 58 89 26 46 59 67 44 28 43 69 52 63 96 37 16 55 15 
155-11-12 1?1.702 = 11 53 82 59 58 89 46 26 73 97 28 44 67 75 60 12 
155-11-13 1?1.939 = 11 53 82 59 58 89 46 26 73 97 67 44 28 43 85 13 
155-11-14 1?2.234 = 11 53 82 59 58 89 46 26 73 97 67 44 28 43 69 52 63 14 
155-11-15 1?2.25 = 11 53 82 58 89 46 59 67 44 28 43 69 52 63 37 16 55 15 
155-12-13 1?1.877 = 12 60 75 67 59 82 58 89 46 97 44 28 43 85 13 
155-12-14 1?1.958 = 12 60 75 67 59 82 58 89 46 97 28 43 69 52 14 
155-12-15 1?1.849 = 12 60 75 67 44 28 43 69 52 63 96 37 16 55 15 
155-13-14 1?2.28 = 13 85 60 75 67 59 58 89 46 97 28 43 69 52 14 
155-13-15 1?2.139 = 13 85 60 75 67 44 28 43 69 52 63 37 16 55 15 
155-14-15 1?2.529 = 14 13 85 60 75 67 44 28 43 69 52 63 37 16 55 15 
stop
