start
516-0-4 1?2.255 = 0 36 89 62 19 40 16 78 93 26 56 32 81 92 63 82 4 
516-0-3 1?2.399 = 0 30 77 71 66 96 83 44 27 58 19 40 16 78 26 56 3 
516-0-2 1?2.404 = 0 30 77 71 66 96 83 44 27 58 62 19 53 37 34 72 2 
516-0-5 1?2.645 = 0 30 77 71 66 96 83 44 27 58 62 19 40 16 32 81 92 63 65 5 
516-0-1 1?2.424 = 0 30 77 71 66 46 96 83 44 51 27 58 62 19 53 41 1 
516-0-9 1?2.565 = 0 36 89 58 27 44 83 51 96 46 94 87 39 67 70 38 73 88 35 9 
516-0-8 1?2.714 = 0 36 89 62 19 60 68 99 54 42 61 29 18 79 21 64 17 95 59 45 8 
516-0-6 1?2.509 = 0 36 89 62 19 60 68 99 54 42 61 29 18 79 43 28 55 69 6 
516-0-11 1?2.252 = 0 36 89 62 58 27 51 44 83 96 46 84 94 87 39 67 70 23 11 
516-0-7 1?2.497 = 0 36 89 62 19 60 68 99 54 42 61 29 18 64 21 79 43 28 55 90 7 
516-0-10 1?2.6 = 0 36 89 62 19 58 27 51 44 83 96 46 94 87 39 67 70 23 10 
516-1-4 1?2.337 = 1 37 34 50 56 26 93 78 32 16 98 52 81 92 63 82 4 
516-0-15 1?2.271 = 0 36 89 62 58 27 44 96 83 51 84 46 66 71 77 30 15 
516-1-3 1?2.641 = 1 41 62 58 27 44 83 96 51 47 19 40 16 32 56 3 
516-1-2 1?2.649 = 1 41 62 58 27 44 83 96 46 84 91 47 19 53 37 72 2 
516-0-13 1?2.278 = 0 36 89 58 27 44 83 96 46 94 87 39 67 48 80 75 85 13 
516-1-5 1?2.773 = 1 41 53 40 60 68 99 54 42 61 29 18 79 43 28 55 69 57 5 
516-0-12 1?1.989 = 0 36 89 62 58 27 44 83 96 46 94 87 39 67 48 80 75 12 
516-0-14 1?1.994 = 0 36 89 62 58 27 51 84 46 96 83 44 66 71 25 33 14 
516-1-6 1?2.463 = 1 41 53 40 60 68 99 54 42 61 29 43 24 90 28 55 69 6 
516-1-8 1?2.68 = 1 41 53 40 60 68 99 54 42 61 29 18 79 21 64 17 95 59 45 31 8 
516-1-7 1?2.44 = 1 37 34 93 26 78 32 16 98 49 20 42 61 29 18 79 43 24 90 7 
516-1-12 1?2.196 = 1 41 53 62 58 27 44 83 96 46 84 94 87 39 67 48 80 75 12 
516-1-15 1?2.369 = 1 41 53 19 62 58 27 44 83 96 51 84 46 66 71 77 15 
516-2-4 1?2.02 = 2 72 50 56 26 93 78 32 16 98 49 52 81 92 63 82 4 
516-2-3 1?2.41 = 2 72 50 56 26 93 78 32 16 98 49 52 81 92 63 82 4 3 
516-2-5 1?2.528 = 2 72 34 50 56 26 93 78 32 16 98 52 49 20 42 61 57 65 5 
516-2-6 1?2.255 = 2 72 50 26 93 78 16 98 49 20 42 61 29 18 79 43 28 55 6 
516-1-14 1?2.16 = 1 41 53 19 62 58 27 51 44 83 96 46 66 71 25 33 14 
516-1-10 1?2.701 = 1 37 53 19 62 58 27 51 44 83 96 46 94 87 39 67 70 23 10 
516-1-11 1?2.479 = 1 37 53 19 62 58 27 51 44 83 96 46 94 87 39 67 70 23 11 
516-1-13 1?2.475 = 1 41 53 62 58 27 44 83 96 46 94 87 39 67 48 80 75 85 13 
516-1-9 1?2.652 = 1 41 53 40 60 68 99 54 42 61 29 18 79 21 64 17 95 59 88 35 9 
516-2-15 1?2.308 = 2 72 34 37 53 62 58 27 44 83 51 96 46 66 71 77 15 
516-3-4 1?2.161 = 3 50 34 93 26 56 32 78 16 98 49 52 81 92 63 82 4 
516-3-5 1?2.159 = 3 50 56 26 93 78 32 16 98 49 52 81 92 63 82 65 5 
516-2-12 1?2.346 = 2 72 34 37 53 62 58 27 51 83 44 96 46 94 87 39 67 48 80 75 12 
516-2-7 1?2.108 = 2 72 50 26 93 78 16 98 52 49 20 42 61 29 18 79 43 24 90 7 
516-2-8 1?2.42 = 2 72 50 56 26 93 78 16 98 52 49 20 42 61 29 18 79 21 64 31 8 
516-2-14 1?2.097 = 2 72 34 37 53 62 58 27 44 83 96 46 66 71 25 33 14 
516-2-10 1?2.555 = 2 72 50 26 93 78 16 98 52 49 20 99 54 74 17 95 59 73 38 10 
516-2-13 1?2.45 = 2 72 34 37 41 53 62 58 27 51 44 83 96 46 94 87 39 85 13 
516-2-11 1?2.414 = 2 72 34 37 41 53 62 58 27 44 83 96 46 94 87 39 67 70 23 11 
516-2-9 1?2.424 = 2 72 50 26 93 78 16 98 49 20 42 61 29 18 21 64 17 95 59 45 9 
516-4-5 1?2.097 = 4 82 63 92 81 52 49 20 42 61 29 28 55 69 57 5 
516-3-6 1?1.93 = 3 56 26 93 78 16 98 49 20 42 61 69 28 55 6 
516-3-15 1?2.43 = 3 56 26 93 78 32 16 40 19 62 58 27 44 83 96 46 66 71 77 15 
516-3-12 1?2.322 = 3 56 26 93 78 16 40 19 58 27 44 83 96 46 94 39 67 48 80 75 12 
516-3-7 1?1.887 = 3 56 26 93 78 16 98 49 20 42 61 29 18 79 43 24 90 7 
516-3-8 1?2.28 = 3 56 26 93 78 32 16 98 52 49 20 42 61 29 18 79 21 64 17 31 8 
516-3-13 1?2.409 = 3 56 26 93 78 16 40 19 58 27 44 83 96 46 94 87 39 85 13 
516-3-10 1?2.416 = 3 56 26 93 78 16 98 49 20 42 61 29 18 64 17 95 59 73 38 10 
516-3-9 1?2.281 = 3 56 26 93 78 16 98 49 20 42 61 29 18 79 21 64 17 95 59 45 9 
516-3-14 1?2.272 = 3 56 26 93 78 16 40 19 62 58 27 51 44 83 96 66 71 25 33 14 
516-3-11 1?2.451 = 3 56 26 93 78 16 40 19 62 58 27 44 83 96 46 94 39 67 70 23 11 
516-4-6 1?1.836 = 4 82 63 92 81 52 49 20 42 61 29 18 43 28 55 6 
516-5-6 1?1.796 = 5 57 61 42 29 18 21 79 43 24 90 28 55 69 6 
516-4-12 1?2.359 = 4 56 26 93 78 16 40 19 58 27 44 83 96 46 94 39 67 48 80 75 12 
516-4-15 1?2.581 = 4 82 63 92 81 32 26 93 78 16 40 19 58 27 44 83 96 66 71 77 15 
516-4-7 1?1.746 = 4 82 63 92 81 52 49 20 42 61 29 18 64 21 79 43 24 7 
516-4-8 1?2.078 = 4 82 63 92 81 52 49 20 42 61 29 18 79 21 64 17 95 31 8 
516-4-13 1?2.466 = 4 56 26 93 78 32 16 40 19 62 58 27 51 44 83 96 46 94 85 13 
516-4-9 1?2.148 = 4 82 63 92 81 52 49 20 42 61 29 18 79 21 64 17 95 59 88 35 9 
516-4-14 1?2.374 = 4 56 26 93 78 32 16 40 19 62 58 27 44 83 96 46 66 71 25 33 14 
516-4-11 1?2.488 = 4 56 26 93 78 16 40 19 62 58 27 44 83 96 46 94 39 67 70 23 11 
516-4-10 1?2.281 = 4 82 63 92 81 52 49 20 42 61 29 18 79 21 64 17 95 59 73 38 10 
516-6-8 1?1.562 = 6 69 55 28 90 24 43 79 21 64 17 95 59 45 31 8 
516-5-8 1?1.86 = 5 57 69 55 28 90 24 43 79 21 64 17 95 59 45 8 
516-5-7 1?1.67 = 5 65 63 92 81 52 49 20 42 61 29 18 79 24 7 
516-6-7 1?1.721 = 6 55 28 43 18 29 61 42 74 64 21 79 24 90 7 
516-5-12 1?2.452 = 5 65 63 92 81 16 40 19 58 27 44 83 96 46 94 39 67 48 75 12 
516-5-15 1?2.656 = 5 65 63 92 81 98 60 19 62 58 27 44 83 51 96 46 66 71 77 15 
516-5-9 1?2.004 = 5 57 69 55 28 90 24 43 79 21 64 17 95 59 73 38 88 35 9 
516-5-11 1?2.474 = 5 57 69 55 28 90 24 43 79 21 64 17 95 59 73 38 70 23 11 
516-5-10 1?2.221 = 5 57 69 55 28 90 24 43 79 21 64 17 95 45 59 73 38 88 35 10 
516-5-14 1?2.465 = 5 65 63 92 81 32 16 40 19 62 58 27 44 83 96 46 66 71 25 33 14 
516-5-13 1?2.557 = 5 65 63 92 81 32 16 40 19 62 58 27 51 44 83 96 46 94 85 13 
516-7-8 1?1.556 = 7 24 43 28 55 69 29 18 79 21 64 17 95 59 45 8 
516-7-9 1?1.372 = 7 90 24 43 79 18 21 64 17 95 59 73 38 88 35 9 
516-6-9 1?1.505 = 6 69 55 28 90 24 43 79 21 64 31 95 59 45 9 
516-7-10 1?1.511 = 7 90 24 43 79 18 21 64 17 95 59 73 38 88 35 10 
516-6-15 1?2.582 = 6 55 28 29 61 42 54 99 97 91 84 46 96 83 44 27 66 71 77 15 
516-6-12 1?2.303 = 6 69 55 28 90 24 43 79 21 64 17 95 59 73 38 70 48 80 75 12 
516-7-11 1?1.749 = 7 90 24 43 79 21 64 17 95 59 73 38 70 23 11 
516-6-11 1?2.202 = 6 69 55 28 90 24 43 79 21 64 17 95 45 59 73 38 70 23 11 
516-6-14 1?2.41 = 6 69 55 28 29 61 42 54 99 97 91 84 46 96 83 44 66 71 25 14 
516-6-10 1?1.964 = 6 69 55 28 90 24 43 79 18 21 64 17 95 45 59 73 38 88 35 10 
516-6-13 1?2.568 = 6 69 55 28 90 24 43 79 18 29 61 42 54 99 97 91 94 85 13 
516-8-9 1?1.669 = 8 24 90 55 28 43 79 21 64 17 95 59 45 88 35 9 
516-8-10 1?1.834 = 8 24 90 55 28 43 79 21 31 45 59 95 73 38 10 
516-7-12 1?2.162 = 7 90 24 43 79 21 64 17 95 59 45 88 73 38 70 67 48 80 75 12 
516-8-12 1?2.316 = 8 31 17 95 59 45 88 35 38 73 76 86 87 94 39 67 48 80 75 12 
516-8-11 1?2.063 = 8 21 79 18 64 17 95 45 59 73 88 35 38 70 23 11 
516-8-15 1?2.582 = 8 21 79 18 29 61 42 54 99 97 91 84 46 96 83 44 27 66 71 77 15 
516-7-15 1?2.482 = 7 90 24 43 79 18 29 61 42 54 99 97 91 84 46 96 83 44 66 71 77 15 
516-8-13 1?2.48 = 8 21 79 18 29 61 42 54 99 97 91 51 44 83 96 46 94 85 13 
516-8-14 1?2.405 = 8 21 79 18 29 61 42 54 99 97 91 51 27 44 83 96 66 71 25 14 
516-7-14 1?2.28 = 7 24 43 79 18 29 61 42 54 99 97 91 84 46 96 83 44 66 71 25 14 
516-7-13 1?2.409 = 7 24 43 79 18 29 61 42 54 99 97 91 51 83 44 96 46 94 85 13 
516-10-12 1?2.023 = 10 35 88 38 73 59 95 76 86 87 39 67 48 80 75 12 
516-9-10 1?2.011 = 9 35 88 59 45 31 21 79 43 18 64 17 95 73 38 10 
516-9-12 1?2.182 = 9 35 88 38 73 59 45 31 17 95 76 86 87 39 67 48 80 75 12 
516-10-11 1?2.183 = 10 35 88 38 73 59 45 95 76 86 87 39 67 70 23 11 
516-9-11 1?2.044 = 9 35 88 38 73 59 45 95 76 86 87 39 67 70 23 11 
516-10-13 1?2.14 = 10 70 67 39 87 94 46 96 83 44 27 66 71 25 33 13 
516-10-15 1?2.591 = 10 23 70 67 39 87 94 46 84 51 96 83 44 27 58 62 89 30 15 
516-9-15 1?2.631 = 9 35 88 73 38 70 67 39 87 94 46 96 83 44 51 27 66 71 77 30 15 
516-10-14 1?2.166 = 10 23 70 67 39 87 94 46 96 83 44 51 27 66 71 25 33 14 
516-9-13 1?2.376 = 9 35 88 73 38 76 86 91 51 27 44 83 96 46 94 87 39 85 13 
516-9-14 1?2.278 = 9 35 88 73 38 76 86 87 94 46 96 83 44 51 27 66 71 25 33 14 
516-11-12 1?2.159 = 11 23 70 67 39 87 94 46 96 83 44 27 66 85 12 
516-13-15 1?2.109 = 13 85 39 87 94 46 84 51 83 96 44 27 66 71 77 15 
516-14-15 1?2.135 = 14 33 25 71 66 27 44 83 96 46 84 51 58 62 89 30 15 
516-12-15 1?1.945 = 12 75 48 67 39 87 94 46 96 83 44 51 27 66 71 77 15 
516-11-15 1?2.153 = 11 23 70 67 39 87 94 46 84 51 96 83 44 27 66 71 77 15 
516-11-13 1?1.929 = 11 23 70 67 39 87 94 46 96 83 44 27 66 85 13 
516-13-14 1?1.892 = 13 85 39 87 94 46 96 83 44 51 27 66 71 25 33 14 
516-12-13 1?1.824 = 12 75 80 48 67 39 94 46 96 83 44 27 71 66 85 13 
516-12-14 1?1.719 = 12 75 80 48 67 39 87 94 46 96 83 44 27 66 71 25 14 
516-11-14 1?1.889 = 11 23 70 67 39 87 94 46 96 83 44 51 27 66 71 25 14 
stop
