start
124-0-1 1?2.11 = 0 53 63 22 17 51 68 19 48 76 36 77 31 35 97 1 
124-0-2 1?1.957 = 0 63 53 97 22 17 68 35 31 77 19 29 48 36 2 
124-0-3 1?2.522 = 0 63 53 97 1 35 31 68 22 17 51 94 82 84 56 71 19 36 48 76 3 
124-0-4 1?2.443 = 0 63 53 97 22 17 51 68 35 31 77 19 36 48 76 74 29 96 69 4 
124-0-5 1?2.389 = 0 63 53 97 22 17 68 51 94 82 84 56 86 40 20 60 88 91 45 90 5 
124-0-6 1?2.483 = 0 63 53 97 22 17 68 51 94 82 84 56 86 40 20 60 88 95 38 16 6 
124-0-7 1?2.635 = 0 63 53 97 22 17 68 51 94 82 57 34 55 39 78 64 41 92 49 7 
124-0-8 1?2.596 = 0 63 53 97 22 17 68 51 94 82 84 56 86 40 20 39 64 41 42 73 8 
124-0-9 1?2.523 = 0 63 53 97 22 17 51 94 28 98 81 89 62 85 70 72 18 44 52 9 
124-0-10 1?2.484 = 0 63 53 97 22 17 94 28 98 81 89 62 85 70 72 18 44 47 10 
124-0-11 1?2.328 = 0 63 53 97 22 17 68 51 94 28 98 81 89 62 85 54 24 11 
124-0-12 1?2.367 = 0 63 53 97 22 17 68 51 94 82 28 98 81 89 62 26 59 79 12 
124-0-13 1?2.198 = 0 63 53 97 22 17 68 51 94 82 28 98 81 89 26 59 67 13 
124-0-14 1?1.893 = 0 63 53 97 22 17 68 51 94 28 98 81 89 23 33 14 
124-0-15 1?1.95 = 0 63 53 97 22 17 68 51 94 28 98 81 89 75 15 
124-1-2 1?1.974 = 1 97 53 63 22 17 68 35 31 77 19 29 48 36 2 
124-1-3 1?1.875 = 1 97 53 22 17 51 68 35 31 77 36 48 76 29 74 3 
124-1-4 1?2.364 = 1 97 53 63 22 17 51 68 35 31 77 19 36 48 76 74 25 96 69 4 
124-1-5 1?2.401 = 1 97 53 22 17 51 68 35 31 77 19 36 48 76 74 25 69 96 99 5 
124-1-6 1?2.487 = 1 35 31 19 36 48 76 74 25 69 96 99 90 45 91 88 95 38 16 6 
124-1-7 1?2.662 = 1 35 31 77 19 36 48 76 74 25 69 96 99 90 45 91 88 95 38 49 7 
124-1-8 1?2.706 = 1 35 31 68 22 17 51 94 82 84 56 86 40 20 39 78 64 41 42 73 8 
124-1-9 1?2.63 = 1 97 53 63 22 17 68 51 94 28 98 81 89 62 85 70 72 18 44 52 9 
124-1-10 1?2.709 = 1 35 22 17 68 51 94 28 98 81 89 26 59 62 85 70 72 18 44 47 10 
124-1-11 1?2.549 = 1 97 53 63 22 17 68 51 94 28 98 81 89 62 85 70 72 61 83 11 
124-1-12 1?2.585 = 1 97 53 63 22 17 68 51 94 82 57 28 98 81 89 62 26 59 79 12 
124-1-13 1?2.318 = 1 97 53 63 22 17 68 51 94 28 98 81 89 62 85 59 26 67 13 
124-1-14 1?2.197 = 1 97 53 63 22 17 68 51 94 82 28 98 81 89 75 50 33 14 
124-1-15 1?1.967 = 1 97 53 63 22 17 68 51 94 28 98 81 89 75 15 
124-2-3 1?2.016 = 2 31 35 97 53 63 66 17 22 68 19 36 48 76 74 3 
124-2-4 1?2.013 = 2 77 19 36 48 76 29 71 56 84 86 40 20 60 96 69 4 
124-2-5 1?2.282 = 2 77 19 36 48 76 74 25 69 96 99 90 45 91 95 38 16 58 5 
124-2-6 1?2.378 = 2 77 19 36 48 76 29 25 69 96 99 90 45 91 88 95 38 16 6 
124-2-7 1?2.568 = 2 77 31 19 36 48 76 74 25 69 96 99 90 45 91 88 95 38 49 7 
124-2-8 1?2.558 = 2 77 19 36 48 76 74 25 69 96 90 45 91 88 78 64 41 42 73 8 
124-2-9 1?2.674 = 2 31 35 22 17 68 51 94 28 98 81 89 62 85 70 72 18 44 52 9 
124-2-10 1?2.726 = 2 77 31 35 68 17 51 94 28 98 81 89 62 85 70 72 18 44 47 10 
124-2-11 1?2.654 = 2 31 35 22 17 68 51 94 28 98 81 89 62 85 70 72 43 61 83 11 
124-2-12 1?2.566 = 2 77 36 76 48 19 31 68 22 17 51 94 28 98 81 89 26 59 79 12 
124-2-13 1?2.519 = 2 77 31 35 22 17 68 51 94 82 28 98 81 89 62 85 59 67 13 
124-2-14 1?2.233 = 2 77 36 48 19 31 35 97 53 63 66 65 93 87 75 50 23 33 14 
124-2-15 1?2.012 = 2 77 36 48 19 31 35 68 51 17 22 63 0 65 93 15 
124-3-4 1?2.134 = 3 76 48 36 19 71 56 84 86 40 20 88 91 45 96 69 4 
124-3-5 1?1.971 = 3 74 76 48 36 19 71 56 84 86 40 20 88 91 45 90 5 
124-3-6 1?2.351 = 3 74 76 48 36 19 29 96 69 99 90 45 91 88 95 38 16 6 
124-3-7 1?2.57 = 3 74 76 36 48 29 96 69 99 90 45 91 88 95 16 38 92 49 7 
124-3-8 1?2.548 = 3 36 48 76 74 25 69 96 99 90 45 91 88 78 64 41 42 73 8 
124-3-9 1?2.625 = 3 74 76 48 36 19 71 56 84 57 34 55 39 78 64 41 42 30 80 46 9 
124-3-10 1?2.739 = 3 74 76 48 36 19 68 51 94 28 98 81 89 62 85 70 72 18 44 47 10 
124-3-11 1?2.641 = 3 74 76 48 36 19 77 31 68 51 94 28 98 81 89 26 59 54 24 11 
124-3-12 1?2.504 = 3 74 76 48 36 19 31 68 22 17 51 94 28 98 81 89 26 59 79 12 
124-3-13 1?2.464 = 3 74 76 48 36 77 31 68 22 17 51 94 28 98 81 89 26 59 67 13 
124-3-14 1?2.344 = 3 74 76 48 36 19 77 31 35 97 53 63 66 65 93 87 75 50 23 33 14 
124-3-15 1?2.164 = 3 74 76 48 36 77 31 35 68 51 17 22 97 53 63 66 65 93 15 
124-4-5 1?2.124 = 4 69 96 90 45 91 88 78 64 41 92 38 16 58 5 
124-4-6 1?2.098 = 4 69 96 99 90 45 91 88 78 64 41 92 95 38 6 
124-4-7 1?2.38 = 4 69 96 99 90 45 91 16 38 95 88 78 64 41 42 92 49 7 
124-4-8 1?2.437 = 4 69 96 99 90 45 91 16 38 95 78 64 41 42 21 80 30 73 8 
124-4-9 1?2.514 = 4 69 96 99 90 45 91 88 78 64 41 42 32 37 72 18 44 52 9 
124-4-10 1?2.702 = 4 69 96 99 90 45 91 16 38 95 78 64 41 42 21 80 46 52 44 47 10 
124-4-11 1?2.616 = 4 69 96 99 90 45 91 88 78 64 41 42 32 37 72 43 61 83 24 11 
124-4-12 1?2.629 = 4 99 90 45 91 88 78 64 41 42 21 37 72 61 83 43 54 79 12 
124-4-13 1?2.711 = 4 25 74 76 48 36 19 31 68 22 17 51 94 28 98 81 89 26 59 67 13 
124-4-14 1?2.508 = 4 25 74 76 48 36 19 31 35 97 53 63 66 65 93 87 75 50 23 33 14 
124-4-15 1?2.632 = 4 25 74 76 48 36 77 31 35 68 51 17 22 97 53 63 66 65 93 87 15 
124-5-6 1?2.186 = 5 58 90 45 91 88 95 78 64 41 42 92 49 38 16 6 
124-5-7 1?2.143 = 5 58 90 45 91 16 38 95 88 78 64 41 42 92 49 7 
124-5-8 1?1.971 = 5 58 90 45 91 88 78 64 41 42 21 80 30 73 8 
124-5-9 1?2.345 = 5 90 45 91 16 38 95 78 64 41 42 21 37 18 47 44 52 9 
124-5-10 1?2.637 = 5 58 90 45 91 16 38 95 78 64 41 42 21 37 72 43 61 83 47 10 
124-5-11 1?2.674 = 5 58 90 45 91 16 38 95 78 64 41 42 32 37 72 61 83 43 54 24 11 
124-5-12 1?2.61 = 5 90 45 91 16 38 95 78 64 41 42 32 37 72 61 83 43 54 79 12 
124-5-13 1?2.765 = 5 90 45 91 16 38 95 88 20 40 86 84 57 28 98 81 89 26 59 67 13 
124-5-14 1?2.747 = 5 90 45 91 16 38 95 88 20 40 86 84 57 28 98 81 89 75 50 33 14 
124-5-15 1?2.659 = 5 90 45 60 20 40 86 56 84 82 94 51 68 17 22 97 53 63 66 93 15 
124-6-7 1?2.256 = 6 58 90 45 91 88 78 64 41 42 21 80 30 73 7 
124-6-8 1?2.053 = 6 58 90 45 91 88 78 64 41 42 21 80 30 73 8 
124-6-9 1?2.263 = 6 58 90 45 91 16 38 95 88 78 64 41 42 21 80 46 9 
124-6-10 1?2.368 = 6 58 90 45 91 88 78 64 41 42 21 37 72 18 44 47 10 
124-6-11 1?2.461 = 6 58 90 45 91 88 78 64 41 42 32 37 72 43 61 83 24 11 
124-6-12 1?2.496 = 6 16 38 95 78 64 41 42 21 37 72 18 61 83 43 54 79 12 
124-6-13 1?2.776 = 6 16 38 95 88 20 40 86 56 84 57 28 98 81 89 62 85 59 26 67 13 
124-6-14 1?2.694 = 6 16 38 95 88 91 45 60 20 40 86 56 84 57 28 98 81 89 23 33 14 
124-6-15 1?2.681 = 6 38 95 88 20 40 86 56 84 82 94 51 17 22 97 53 63 66 65 93 15 
124-7-8 1?2.223 = 7 49 38 16 45 91 88 78 64 41 42 21 80 30 73 8 
124-7-9 1?2.184 = 7 49 38 16 45 91 88 78 64 41 42 73 30 80 46 9 
124-7-10 1?2.469 = 7 49 38 16 45 91 88 78 64 41 42 30 80 46 52 44 47 10 
124-7-11 1?2.509 = 7 49 38 16 45 91 88 78 64 41 42 32 37 72 43 61 83 11 
124-7-12 1?2.749 = 7 49 92 42 41 64 78 39 55 34 57 28 98 81 89 26 59 79 12 
124-7-13 1?2.819 = 7 49 92 41 42 64 78 39 55 34 57 28 98 81 89 62 26 59 67 13 
124-7-14 1?2.757 = 7 49 92 42 41 64 78 39 55 34 57 28 98 81 89 75 50 23 14 
124-7-15 1?2.727 = 7 49 92 42 41 64 78 39 55 34 57 28 98 81 89 75 87 93 15 
124-8-9 1?2.199 = 8 73 42 41 64 78 39 55 27 70 72 18 44 52 9 
124-8-10 1?2.314 = 8 73 30 80 21 42 41 78 64 32 37 72 18 44 47 10 
124-8-11 1?2.272 = 8 73 30 80 21 42 41 64 32 37 72 43 61 83 24 11 
124-8-12 1?2.584 = 8 73 30 80 21 42 41 78 64 32 37 72 61 83 43 54 79 12 
124-8-13 1?2.55 = 8 73 42 41 64 78 39 55 34 57 28 98 81 89 26 59 67 13 
124-8-14 1?2.608 = 8 73 42 41 64 78 39 55 34 57 28 98 81 89 75 50 23 14 
124-8-15 1?2.578 = 8 73 42 41 64 78 39 55 34 57 28 98 81 89 75 87 93 15 
124-9-10 1?2.275 = 9 46 80 30 73 42 41 78 64 32 37 72 18 44 47 10 
124-9-11 1?2.186 = 9 46 30 80 52 44 47 18 37 72 61 83 43 54 24 11 
124-9-12 1?2.389 = 9 52 44 47 83 61 43 72 70 27 85 62 26 59 79 12 
124-9-13 1?2.621 = 9 52 44 18 72 70 27 55 34 57 28 98 81 89 26 59 67 13 
124-9-14 1?2.696 = 9 46 80 21 42 41 64 78 39 55 34 57 28 98 81 89 75 50 14 
124-9-15 1?2.752 = 9 52 44 18 72 70 85 62 89 81 98 28 94 51 68 17 22 66 93 15 
124-10-11 1?2.213 = 10 47 44 21 42 41 64 32 37 72 43 61 83 24 11 
124-10-12 1?2.34 = 10 47 44 52 46 80 21 37 72 43 61 83 24 54 79 12 
124-10-13 1?2.357 = 10 47 44 18 61 83 43 72 70 27 85 62 26 59 67 13 
124-10-14 1?2.252 = 10 47 44 18 72 70 85 62 89 81 87 75 50 23 33 14 
124-10-15 1?2.707 = 10 47 44 18 72 70 85 62 89 81 98 28 94 51 17 22 66 65 93 15 
124-11-12 1?2.461 = 11 24 54 43 61 83 47 44 18 72 70 85 62 59 79 12 
124-11-13 1?2.417 = 11 24 43 83 61 18 37 72 70 27 85 62 26 59 67 13 
124-11-14 1?2.236 = 11 24 54 43 83 61 72 70 85 62 89 81 75 50 33 14 
124-11-15 1?2.467 = 11 24 54 85 62 89 81 98 28 94 51 68 17 22 66 93 15 
124-12-13 1?2.56 = 12 79 54 43 83 61 72 37 32 55 27 85 62 59 67 13 
124-12-14 1?2.359 = 12 54 43 83 61 72 70 85 62 89 81 75 50 23 33 14 
124-12-15 1?2.421 = 12 79 59 26 62 89 81 98 28 94 51 68 17 22 66 65 93 15 
124-13-14 1?2.414 = 13 67 59 26 89 81 98 28 94 17 22 66 87 75 50 14 
124-13-15 1?2.252 = 13 67 59 26 89 81 98 28 94 51 68 17 22 66 65 93 15 
124-14-15 1?2.078 = 14 33 23 89 81 98 28 94 51 68 17 22 66 65 93 15 
stop
