start
846-0-2 1?2.067 = 0 92 89 74 70 17 83 41 67 25 54 36 40 39 85 2 
846-0-3 1?2.015 = 0 92 89 74 70 83 41 67 25 40 36 24 76 64 3 
846-0-1 1?2.244 = 0 56 26 58 47 69 75 28 96 89 74 70 83 17 88 1 
846-0-5 1?2.435 = 0 92 89 74 70 17 83 41 67 25 36 40 64 76 24 87 59 65 19 5 
846-0-6 1?2.637 = 0 92 89 74 70 17 83 41 67 25 40 36 24 76 87 59 65 19 98 55 6 
846-0-8 1?2.714 = 0 92 89 74 70 83 41 67 25 77 38 52 21 78 63 53 51 90 43 91 8 
846-0-11 1?2.554 = 0 92 89 56 26 58 47 69 28 75 61 32 84 95 93 60 30 11 
846-0-9 1?2.501 = 0 92 89 86 35 45 77 38 52 21 78 63 53 51 90 33 72 79 9 
846-0-7 1?2.664 = 0 92 89 74 70 86 41 67 25 40 36 54 77 38 37 62 94 20 7 
846-0-10 1?2.623 = 0 92 89 86 35 45 21 78 63 53 51 90 33 79 72 34 23 10 
846-0-4 1?2.163 = 0 92 89 74 70 17 83 41 67 25 40 36 24 87 76 64 42 4 
846-0-14 1?2.106 = 0 92 88 17 83 70 74 89 56 26 58 96 28 69 68 14 
846-1-2 1?2.052 = 1 17 83 70 74 89 86 41 67 25 54 36 40 39 85 2 
846-1-3 1?2.006 = 1 17 83 70 74 89 86 41 67 25 40 36 76 64 3 
846-0-13 1?2.282 = 0 92 88 17 83 70 74 89 26 58 69 28 75 61 32 13 
846-1-7 1?2.603 = 1 17 83 70 74 86 41 67 25 40 36 54 77 38 37 62 94 99 20 7 
846-0-15 1?2.194 = 0 92 88 17 70 74 89 56 26 58 28 75 69 47 15 
846-0-12 1?2.753 = 0 92 88 17 83 70 74 86 89 56 26 58 47 69 28 75 61 32 12 
846-1-5 1?2.306 = 1 17 83 70 74 86 41 67 25 40 36 24 76 64 42 59 65 19 5 
846-1-6 1?2.477 = 1 17 83 70 74 86 41 67 25 40 36 24 76 87 59 65 19 98 55 6 
846-1-8 1?2.677 = 1 17 83 70 74 86 41 67 25 40 36 54 77 38 52 21 78 63 73 91 8 
846-1-4 1?2.08 = 1 88 17 83 70 74 86 41 67 25 40 36 24 87 76 64 42 4 
846-1-14 1?1.98 = 1 88 17 83 70 74 89 92 56 26 58 28 75 69 68 14 
846-2-3 1?2.071 = 2 71 17 83 70 74 89 86 41 67 25 36 40 39 85 3 
846-1-9 1?2.481 = 1 88 17 83 70 74 86 35 45 38 52 21 78 63 53 51 90 33 79 9 
846-1-11 1?2.609 = 1 17 70 74 89 92 56 26 58 69 28 75 66 84 95 93 60 30 11 
846-2-5 1?2.159 = 2 71 17 83 70 74 86 41 67 25 40 36 76 87 59 65 19 5 
846-2-4 1?1.926 = 2 71 85 39 41 67 25 40 36 24 87 76 64 42 4 
846-1-13 1?2.819 = 1 88 17 83 70 74 86 89 92 56 26 96 58 47 69 28 75 61 32 13 
846-1-12 1?2.659 = 1 88 17 83 70 74 89 92 56 26 58 28 75 61 32 84 95 93 12 
846-1-15 1?2.102 = 1 17 83 70 74 86 89 92 56 26 58 28 69 47 15 
846-2-6 1?2.509 = 2 85 39 40 36 25 67 41 35 45 38 77 37 62 94 99 20 22 6 
846-1-10 1?2.684 = 1 17 83 70 86 35 45 38 52 21 78 63 53 51 90 33 72 34 23 10 
846-3-5 1?2.151 = 3 85 39 40 67 41 25 54 36 24 87 76 64 42 65 59 19 5 
846-3-4 1?1.913 = 3 85 39 41 67 25 40 36 24 76 87 59 19 65 42 4 
846-2-11 1?2.663 = 2 71 17 83 70 74 89 26 58 69 28 75 61 32 84 95 93 60 30 11 
846-2-14 1?2.594 = 2 85 39 40 36 25 67 41 83 17 70 74 89 26 58 28 69 68 14 
846-2-13 1?2.853 = 2 85 39 40 36 25 67 41 86 83 70 74 89 26 58 28 69 68 13 
846-2-9 1?2.504 = 2 85 39 40 36 25 67 41 35 45 52 21 78 63 53 51 90 33 72 79 9 
846-2-12 1?2.721 = 2 85 39 40 36 54 25 67 41 35 82 49 16 66 84 95 93 60 12 
846-2-15 1?2.173 = 2 71 83 70 74 89 92 56 26 58 28 75 69 47 15 
846-2-8 1?2.544 = 2 85 39 40 36 25 67 41 35 45 52 21 78 63 53 51 90 43 91 8 
846-2-7 1?2.6 = 2 85 39 40 36 25 67 41 35 45 38 77 37 62 94 99 22 20 81 7 
846-2-10 1?2.527 = 2 85 39 40 36 54 77 38 52 78 63 53 51 90 33 79 72 34 23 10 
846-4-5 1?1.821 = 4 42 64 39 40 67 41 25 36 24 76 87 59 65 19 5 
846-3-13 1?2.603 = 3 85 39 40 36 54 25 67 41 35 82 49 16 66 75 28 69 68 13 
846-3-11 1?2.589 = 3 64 76 36 40 25 67 41 35 82 49 16 66 84 95 93 60 30 11 
846-3-14 1?2.509 = 3 64 76 24 36 40 25 67 41 35 82 49 16 66 75 28 69 68 14 
846-3-7 1?2.441 = 3 64 40 36 25 67 41 35 45 38 77 37 62 94 99 22 20 7 
846-3-6 1?2.362 = 3 85 39 40 36 54 25 67 41 35 45 77 38 37 62 94 99 6 
846-3-9 1?2.49 = 3 85 39 40 36 25 67 41 35 45 52 21 78 63 53 43 51 90 33 79 9 
846-3-8 1?2.477 = 3 85 39 40 36 25 67 41 35 45 77 38 52 21 78 63 73 91 8 
846-3-12 1?2.712 = 3 64 76 87 24 36 40 25 67 41 35 82 49 16 66 84 95 93 12 
846-3-15 1?2.445 = 3 85 39 40 36 25 67 41 35 82 49 16 66 75 28 69 47 15 
846-3-10 1?2.475 = 3 85 39 40 36 54 77 38 52 78 63 53 51 90 33 79 72 34 23 10 
846-4-7 1?2.044 = 4 42 64 76 40 36 54 77 38 37 62 94 99 20 7 
846-5-6 1?2.119 = 5 19 65 59 87 76 36 40 67 25 77 38 37 62 99 6 
846-4-6 1?2.015 = 4 42 64 76 36 40 67 41 25 54 37 62 94 99 6 
846-4-8 1?2.376 = 4 42 64 39 40 36 25 67 41 35 45 52 21 78 63 73 91 8 
846-4-9 1?2.238 = 4 42 64 40 36 54 77 38 52 21 46 78 63 53 51 90 33 72 79 9 
846-4-11 1?2.565 = 4 42 64 39 40 36 25 67 41 35 82 49 16 66 84 95 93 60 30 11 
846-4-13 1?2.588 = 4 42 64 76 36 40 25 67 41 35 82 49 16 66 75 28 69 68 13 
846-4-14 1?2.488 = 4 42 64 76 24 36 40 25 67 41 35 82 49 16 66 75 28 69 68 14 
846-4-12 1?2.691 = 4 42 64 76 87 24 36 40 25 67 41 35 82 49 16 66 84 95 93 12 
846-4-15 1?2.476 = 4 42 64 76 87 24 36 40 25 67 41 83 17 70 74 89 26 58 15 
846-4-10 1?2.445 = 4 42 64 40 36 54 77 38 52 78 63 53 51 90 33 79 72 34 23 10 
846-6-7 1?2.404 = 6 22 20 81 73 44 52 21 46 78 63 53 51 90 43 91 7 
846-5-7 1?2.123 = 5 19 65 59 87 76 40 36 54 77 38 37 62 94 20 7 
846-5-8 1?2.055 = 5 55 97 62 37 44 52 21 46 78 63 53 51 90 43 91 8 
846-6-8 1?2.089 = 6 22 20 81 73 44 52 21 46 78 63 53 51 90 43 91 8 
846-5-9 1?2.348 = 5 19 65 59 87 76 40 36 54 77 38 52 78 63 53 51 90 33 79 9 
846-5-11 1?2.588 = 5 19 59 76 36 40 67 41 35 82 49 16 66 84 95 93 60 30 11 
846-5-13 1?2.647 = 5 19 65 59 87 24 36 40 67 41 35 82 49 16 66 75 28 69 68 13 
846-5-14 1?2.505 = 5 19 65 59 87 76 36 40 67 41 35 82 49 16 66 75 28 69 68 14 
846-5-12 1?2.637 = 5 19 65 59 87 24 36 40 25 67 41 35 82 49 16 66 84 95 93 12 
846-5-15 1?2.534 = 5 19 65 59 87 76 24 36 40 25 67 41 83 17 70 74 89 26 58 15 
846-5-10 1?2.432 = 5 55 98 97 62 37 44 52 21 78 63 53 43 51 90 33 79 72 34 23 10 
846-7-9 1?1.891 = 7 20 22 99 94 44 52 21 78 63 53 51 90 33 72 79 9 
846-6-9 1?1.848 = 6 99 94 44 52 21 46 78 63 53 43 51 90 33 72 79 9 
846-7-8 1?2.153 = 7 20 22 99 62 37 44 52 21 78 63 53 51 90 43 91 8 
846-7-11 1?2.399 = 7 81 73 53 51 90 33 79 72 34 23 29 80 95 84 93 60 30 11 
846-6-11 1?2.53 = 6 22 20 81 73 63 78 53 51 90 33 79 72 34 23 29 60 30 11 
846-6-12 1?2.64 = 6 22 20 81 73 53 51 90 33 79 72 34 23 29 60 93 95 84 12 
846-7-10 1?2.235 = 7 20 22 99 94 44 52 21 78 63 53 51 90 33 79 72 34 23 10 
846-6-14 1?2.714 = 6 55 98 87 24 36 40 25 67 41 35 82 49 16 66 75 28 69 68 14 
846-6-13 1?2.813 = 6 22 20 81 73 53 51 90 33 79 72 34 23 29 80 95 93 84 32 13 
846-6-10 1?2.326 = 6 22 20 81 73 63 78 52 21 46 53 43 51 90 33 79 72 34 23 10 
846-6-15 1?2.838 = 6 55 98 19 65 59 87 24 36 40 25 67 41 83 17 70 74 89 26 58 15 
846-8-11 1?1.889 = 8 43 51 33 79 72 34 23 29 80 95 84 93 60 30 11 
846-8-9 1?2.041 = 8 43 90 33 51 53 63 78 21 46 57 50 34 72 79 9 
846-8-10 1?2.004 = 8 91 73 63 78 52 21 46 53 43 51 90 33 72 34 23 10 
846-8-12 1?2.248 = 8 91 43 51 90 33 79 72 34 23 29 30 60 93 95 84 32 12 
846-8-13 1?2.345 = 8 91 43 51 90 33 79 72 34 23 29 30 60 93 95 84 32 61 13 
846-7-12 1?2.582 = 7 20 81 73 53 43 51 90 33 79 72 34 23 29 80 95 84 93 12 
846-8-14 1?2.584 = 8 43 51 90 33 79 72 34 23 29 30 60 93 95 84 32 61 68 14 
846-7-13 1?2.689 = 7 81 73 53 51 90 33 79 72 34 23 29 30 60 93 95 84 32 13 
846-7-14 1?2.826 = 7 81 20 22 99 94 62 37 77 38 45 35 82 49 16 66 75 28 69 68 14 
846-8-15 1?2.666 = 8 91 43 90 51 53 63 78 52 21 48 31 27 16 66 75 28 69 47 15 
846-7-15 1?2.841 = 7 20 99 94 62 37 38 77 54 36 40 25 67 41 83 70 74 89 56 15 
846-9-11 1?1.902 = 9 79 72 33 90 51 57 50 80 95 84 93 60 29 30 11 
846-10-11 1?1.922 = 10 23 34 72 79 33 90 51 57 50 80 95 93 60 30 11 
846-9-12 1?1.918 = 9 79 72 33 90 51 53 63 78 46 31 27 80 95 93 12 
846-10-12 1?2.05 = 10 23 34 72 79 33 90 51 57 50 80 95 84 93 60 12 
846-9-10 1?1.778 = 9 79 72 33 90 51 43 53 63 78 46 57 50 34 23 10 
846-10-13 1?2.369 = 10 23 34 72 79 33 90 51 43 53 57 50 80 95 93 84 32 13 
846-10-14 1?2.522 = 10 23 34 72 79 33 90 51 57 50 27 16 66 75 28 69 68 14 
846-9-13 1?2.326 = 9 79 72 33 90 51 53 63 78 52 21 48 31 27 80 95 93 84 32 13 
846-9-14 1?2.415 = 9 79 72 33 90 51 53 63 78 52 21 48 31 27 66 75 28 69 68 14 
846-10-15 1?2.678 = 10 23 29 30 60 93 84 95 80 27 16 49 66 75 28 69 47 15 
846-9-15 1?2.453 = 9 79 72 33 90 51 53 63 78 46 48 31 27 66 75 28 69 47 15 
846-12-13 1?2.395 = 12 60 93 84 95 80 27 31 48 16 66 75 28 69 68 13 
846-11-13 1?2.274 = 11 30 60 93 84 95 80 27 16 49 66 75 28 69 68 13 
846-11-14 1?2.09 = 11 30 60 93 95 80 27 31 48 16 66 75 28 69 68 14 
846-12-14 1?2.218 = 12 60 93 84 95 80 27 31 48 16 66 75 28 69 68 14 
846-13-14 1?2.324 = 13 32 84 93 95 80 27 31 48 16 66 75 28 69 68 14 
846-11-12 1?2.31 = 11 30 29 23 34 72 79 33 90 51 57 50 80 95 93 12 
846-14-15 1?2.258 = 14 68 69 75 28 58 26 89 74 70 83 17 88 92 56 15 
846-13-15 1?2.424 = 13 68 69 28 58 26 96 18 86 70 74 89 92 56 15 
846-12-15 1?2.311 = 12 60 93 84 95 80 27 16 66 75 28 69 58 26 15 
846-11-15 1?2.094 = 11 30 60 93 95 84 32 61 75 28 69 47 58 26 15 
stop
