start
980-0-2 1?2.133 = 0 64 86 26 50 39 70 67 19 31 80 29 52 68 54 87 2 
980-0-3 1?2.292 = 0 26 64 86 82 41 72 33 17 98 40 35 80 19 31 68 54 3 
980-0-4 1?2.496 = 0 26 64 86 82 41 72 33 71 17 98 40 35 80 29 58 97 93 4 
980-0-7 1?2.343 = 0 26 64 86 82 41 72 17 98 85 34 81 44 69 60 42 48 73 7 
980-0-9 1?2.425 = 0 26 64 86 82 41 72 33 17 98 85 34 49 56 32 94 53 23 88 9 
980-0-8 1?2.459 = 0 26 64 86 82 41 72 33 17 98 85 34 81 44 69 60 42 48 90 8 
980-0-6 1?2.558 = 0 64 86 82 41 72 33 71 17 98 85 20 59 21 66 16 78 89 6 
980-0-5 1?2.674 = 0 26 64 86 82 41 72 33 17 98 40 80 19 31 52 29 58 22 76 5 
980-0-1 1?2.169 = 0 26 64 86 82 41 72 33 17 98 40 80 19 70 39 1 
980-0-11 1?2.525 = 0 96 84 65 83 92 36 82 41 72 33 17 71 47 37 18 55 74 43 38 11 
980-0-10 1?2.391 = 0 26 64 86 82 41 72 33 71 49 56 32 94 53 23 24 99 46 79 10 
980-0-15 1?1.787 = 0 26 64 86 82 41 72 17 71 33 51 92 83 65 84 96 15 
980-0-14 1?1.925 = 0 26 64 86 82 41 72 17 71 33 51 36 92 83 75 25 14 
980-1-4 1?2.134 = 1 39 70 67 19 31 80 29 52 68 54 91 58 22 93 4 
980-1-3 1?2.26 = 1 50 26 64 86 39 70 67 19 80 29 52 31 68 87 54 3 
980-1-2 1?2.222 = 1 50 26 64 86 39 70 67 19 80 29 52 31 68 54 87 2 
980-1-8 1?2.681 = 1 50 26 64 86 82 41 72 33 71 17 98 85 34 81 44 69 60 90 8 
980-1-7 1?2.506 = 1 39 67 19 31 52 29 22 45 21 66 16 63 77 42 60 90 48 73 7 
980-1-5 1?2.544 = 1 39 70 67 19 31 80 29 52 68 87 54 91 58 22 93 76 5 
980-0-13 1?2.183 = 0 26 64 86 82 41 72 33 17 71 47 37 18 55 74 43 13 
980-0-12 1?1.802 = 0 26 64 86 82 41 72 33 71 47 37 18 55 74 43 38 12 
980-1-6 1?2.649 = 1 50 26 64 86 82 41 72 33 71 17 98 85 20 59 21 66 16 78 6 
980-1-15 1?1.834 = 1 50 26 64 86 82 41 72 33 51 36 92 83 65 84 96 15 
980-2-4 1?2.27 = 2 39 70 67 19 31 80 29 52 68 54 91 58 22 93 4 
980-2-3 1?2.361 = 2 87 54 68 31 19 80 52 29 58 22 76 93 97 91 3 
980-1-10 1?2.415 = 1 39 70 67 19 80 35 85 49 56 32 94 53 23 24 99 46 28 79 10 
980-1-9 1?2.516 = 1 50 26 64 86 82 41 72 33 17 98 85 49 56 32 94 53 23 88 9 
980-1-11 1?2.678 = 1 50 26 64 86 82 36 83 92 51 41 72 33 71 37 18 55 74 43 38 11 
980-1-13 1?2.473 = 1 50 26 64 86 82 41 72 33 17 71 47 37 18 55 74 43 38 12 13 
980-1-12 1?2.407 = 1 50 26 64 86 82 36 83 92 51 41 72 33 71 37 18 55 74 43 38 12 
980-2-5 1?2.517 = 2 87 54 68 31 19 80 52 29 58 22 45 21 66 16 78 89 5 
980-2-6 1?2.585 = 2 87 54 68 31 70 67 19 80 52 29 58 22 45 21 66 16 78 89 6 
980-1-14 1?1.987 = 1 50 26 64 86 82 41 72 17 71 33 51 92 83 75 25 14 
980-2-15 1?2.017 = 2 54 68 31 80 19 67 70 39 50 26 86 64 84 96 15 
980-3-5 1?2.311 = 3 54 68 31 70 67 19 80 29 52 91 58 97 93 76 5 
980-3-4 1?2.265 = 3 54 68 31 70 67 19 80 29 52 91 58 22 76 93 4 
980-2-8 1?2.537 = 2 54 68 31 19 80 35 85 34 81 44 95 69 60 42 48 90 8 
980-2-13 1?2.542 = 2 87 54 68 31 19 67 70 39 50 26 64 86 82 36 92 83 75 25 13 
980-2-11 1?2.741 = 2 87 68 31 19 80 35 40 98 17 72 33 71 37 18 55 74 43 38 11 
980-2-12 1?2.436 = 2 87 68 31 19 80 35 40 98 17 33 71 47 37 18 55 74 43 38 12 
980-2-7 1?2.458 = 2 87 54 68 31 52 29 58 22 45 21 66 78 16 63 77 42 48 73 7 
980-2-10 1?2.526 = 2 87 54 68 31 19 80 35 85 49 56 32 94 53 23 24 99 28 46 79 10 
980-2-9 1?2.616 = 2 87 68 31 19 80 35 85 49 56 32 94 53 23 88 24 99 79 46 9 
980-2-14 1?2.316 = 2 87 54 68 31 19 80 35 40 98 17 33 72 41 51 92 83 75 14 
980-3-6 1?2.172 = 3 54 68 31 19 80 35 20 59 21 66 16 78 89 6 
980-4-5 1?2.28 = 4 93 97 91 54 87 68 31 19 80 52 29 58 22 76 5 
980-3-15 1?2.294 = 3 54 87 68 31 19 67 70 39 50 26 64 86 82 36 92 83 65 84 96 15 
980-3-8 1?2.509 = 3 54 68 31 52 29 58 22 45 21 66 78 16 63 77 42 48 60 90 8 
980-3-11 1?2.669 = 3 54 68 31 19 80 35 40 98 17 33 71 37 18 55 74 43 38 11 
980-3-10 1?2.467 = 3 54 68 31 19 80 35 85 49 56 32 94 53 23 88 24 99 28 79 10 
980-3-12 1?2.468 = 3 54 68 31 19 80 35 40 98 17 33 71 47 37 18 55 74 43 38 12 
980-3-7 1?2.485 = 3 54 68 31 19 80 35 20 59 21 66 16 63 77 60 42 48 73 7 
980-3-13 1?2.637 = 3 54 68 31 19 67 70 39 50 26 64 86 82 41 72 33 17 71 47 27 13 
980-3-9 1?2.611 = 3 54 68 52 29 80 35 85 49 56 32 94 53 23 88 24 99 28 46 9 
980-3-14 1?2.41 = 3 54 68 31 19 80 35 40 98 17 71 33 72 41 82 36 92 83 75 14 
980-4-6 1?2.173 = 4 93 76 62 66 16 77 42 48 60 90 73 7 63 78 89 6 
980-5-6 1?2.213 = 5 62 21 59 44 69 60 42 48 73 77 16 66 78 89 6 
980-4-15 1?2.386 = 4 93 97 58 29 52 31 19 67 70 39 50 26 64 86 82 36 65 84 96 15 
980-4-11 1?2.621 = 4 93 76 45 30 20 34 49 56 32 94 53 23 24 99 28 46 79 61 11 
980-4-7 1?2.464 = 4 93 76 62 78 16 66 21 59 20 81 44 69 60 42 73 7 
980-4-12 1?2.609 = 4 93 97 58 29 52 31 19 80 40 98 17 33 71 47 18 55 74 43 38 12 
980-4-9 1?2.422 = 4 93 76 45 30 20 34 49 56 32 94 53 23 24 99 79 28 46 9 
980-4-8 1?2.542 = 4 93 76 45 21 66 16 63 77 73 42 48 90 60 69 53 23 88 8 
980-4-13 1?2.785 = 4 93 97 58 29 52 31 19 67 70 39 50 26 64 86 82 36 92 83 75 25 13 
980-4-10 1?2.417 = 4 93 76 62 66 16 63 77 73 48 42 60 69 53 23 24 99 46 28 79 10 
980-4-14 1?2.434 = 4 93 97 58 29 52 31 19 67 70 39 50 26 64 86 82 36 92 83 75 14 
980-6-8 1?1.908 = 6 78 66 16 63 77 73 42 48 90 60 69 53 23 88 8 
980-6-7 1?1.981 = 6 63 16 66 21 59 20 81 44 69 60 42 48 73 7 
980-5-7 1?2.135 = 5 89 78 63 77 16 66 21 59 44 95 69 60 42 73 7 
980-5-8 1?2.358 = 5 89 78 66 16 63 77 42 48 90 60 69 44 95 53 23 88 8 
980-5-9 1?2.222 = 5 62 66 16 77 73 48 42 60 69 53 23 24 99 79 28 46 9 
980-5-11 1?2.468 = 5 62 66 16 77 73 42 48 90 60 69 53 23 24 99 28 46 79 61 11 
980-5-15 1?2.595 = 5 76 22 29 52 31 19 67 70 39 50 26 64 86 82 36 92 83 65 84 96 15 
980-5-10 1?2.192 = 5 62 66 16 77 73 42 48 90 60 69 53 23 88 24 99 46 28 79 10 
980-5-12 1?2.692 = 5 76 22 58 29 52 31 19 40 98 17 33 71 37 18 55 74 43 38 12 
980-5-13 1?2.844 = 5 89 78 66 16 77 73 42 48 90 60 69 95 94 32 56 37 18 13 
980-5-14 1?2.58 = 5 76 22 58 29 52 31 19 67 70 39 50 26 64 86 82 36 92 83 75 14 
980-7-10 1?1.467 = 7 73 42 48 90 60 69 53 23 88 24 99 79 46 10 
980-7-8 1?1.86 = 7 73 42 48 90 60 69 44 95 94 32 56 23 53 88 8 
980-6-9 1?1.809 = 6 78 66 16 63 77 73 42 48 90 60 69 53 23 88 9 
980-7-9 1?1.682 = 7 73 42 48 60 69 44 95 53 23 24 99 79 46 9 
980-7-11 1?1.883 = 7 73 42 48 60 69 44 95 53 23 24 99 46 28 79 61 11 
980-6-10 1?2.041 = 6 63 77 73 42 48 90 60 69 95 94 53 23 88 24 99 46 28 79 10 
980-6-11 1?2.342 = 6 89 78 66 16 63 77 73 42 48 60 69 53 23 24 99 28 79 61 11 
980-6-15 1?2.468 = 6 78 16 66 21 59 20 85 98 17 33 72 41 82 36 92 83 65 84 96 15 
980-6-12 1?2.547 = 6 63 77 73 42 48 90 60 69 44 81 34 49 37 18 55 74 43 38 12 
980-6-13 1?2.696 = 6 78 66 16 63 77 73 42 48 90 60 69 44 81 34 49 37 18 13 
980-6-14 1?2.589 = 6 78 16 66 21 59 20 85 98 17 71 33 72 41 82 36 92 83 75 25 14 
980-8-10 1?1.588 = 8 90 48 42 60 69 44 95 53 23 24 46 28 79 10 
980-8-9 1?1.763 = 8 90 48 42 60 69 44 95 53 23 24 99 79 46 9 
980-7-12 1?2.013 = 7 73 42 48 90 60 69 95 94 32 56 37 55 74 43 38 12 
980-8-12 1?2.096 = 8 90 48 73 42 60 69 95 94 32 56 37 55 74 43 38 12 
980-8-11 1?1.964 = 8 90 48 42 60 69 44 95 53 23 24 99 46 28 79 61 11 
980-7-15 1?2.299 = 7 73 48 42 60 69 44 81 34 85 98 17 33 51 92 83 65 84 96 15 
980-8-15 1?2.381 = 8 90 48 42 60 69 44 81 34 85 98 17 33 51 92 83 65 84 96 15 
980-8-13 1?2.428 = 8 90 48 73 42 60 69 88 23 53 94 32 56 37 18 55 74 13 
980-8-14 1?2.364 = 8 90 48 73 42 60 69 44 81 34 85 98 17 33 51 92 83 75 14 
980-7-13 1?2.626 = 7 73 42 48 90 60 69 44 81 34 85 98 17 33 71 37 18 55 74 13 
980-7-14 1?2.425 = 7 73 42 48 90 60 69 44 81 34 85 98 17 71 33 72 51 92 83 75 14 
980-9-10 1?1.977 = 9 8 90 48 42 60 69 44 95 53 23 24 46 28 79 10 
980-10-12 1?1.828 = 10 79 28 46 24 23 53 94 32 56 37 55 43 38 12 
980-10-11 1?1.803 = 10 79 28 46 99 24 88 23 53 95 94 32 56 57 61 11 
980-9-12 1?2.02 = 9 46 28 79 99 24 23 53 94 32 56 37 55 74 43 38 12 
980-9-11 1?2.203 = 9 46 28 79 99 24 23 53 95 44 81 94 32 56 57 61 11 
980-9-15 1?2.292 = 9 88 23 53 32 56 49 85 98 17 33 72 51 92 83 65 84 96 15 
980-10-13 1?2.036 = 10 79 28 46 99 24 88 23 53 94 32 56 37 55 18 13 
980-10-15 1?2.24 = 10 79 28 46 99 24 56 32 49 71 33 72 51 92 83 65 84 96 15 
980-9-13 1?2.324 = 9 46 28 79 99 24 88 23 53 94 32 56 49 37 55 18 13 
980-10-14 1?2.215 = 10 79 28 46 24 23 53 94 32 56 49 71 33 51 92 83 75 14 
980-9-14 1?2.289 = 9 88 23 53 94 32 56 49 85 98 17 33 72 41 51 92 83 75 14 
980-11-12 1?2.145 = 11 61 79 28 46 24 23 53 32 56 37 55 43 38 12 
980-14-15 1?1.904 = 14 25 75 83 92 36 51 33 17 72 41 82 86 64 84 96 15 
980-11-15 1?1.974 = 11 38 43 74 55 18 37 71 33 72 51 92 83 65 84 96 15 
980-13-15 1?1.947 = 13 74 55 18 37 71 17 33 72 41 51 92 83 65 84 96 15 
980-12-15 1?1.666 = 12 38 43 74 18 47 71 33 72 41 51 92 83 65 84 96 15 
980-12-13 1?1.964 = 12 38 43 74 55 37 71 33 72 41 51 92 83 75 25 13 
980-13-14 1?1.994 = 13 74 55 18 37 71 17 33 72 41 51 36 92 83 75 14 
980-11-13 1?2.276 = 11 38 43 74 55 18 47 71 33 72 41 51 92 83 75 25 13 
980-12-14 1?1.654 = 12 38 43 74 55 18 47 71 33 72 41 51 92 83 75 14 
980-11-14 1?2.001 = 11 38 43 74 55 18 47 71 33 72 41 82 36 92 83 75 14 
stop
