start
751-0-2 1?2.151 = 0 69 41 83 51 37 79 60 65 27 89 96 92 28 18 56 2 
751-0-1 1?1.964 = 0 69 83 51 37 79 41 60 65 27 89 96 74 92 63 1 
751-0-7 1?2.61 = 0 69 41 79 51 37 48 23 91 72 62 36 17 84 64 42 16 22 7 
751-0-9 1?2.585 = 0 69 41 79 51 37 48 23 91 72 62 36 45 35 32 67 30 44 81 99 9 
751-0-8 1?2.609 = 0 69 41 79 51 37 48 23 91 72 62 36 45 17 84 64 42 16 22 8 
751-0-5 1?2.559 = 0 69 41 60 65 27 89 96 74 71 85 75 52 87 24 39 95 57 93 5 
751-0-6 1?2.641 = 0 89 96 74 71 85 75 52 87 24 39 66 86 54 78 95 57 93 43 6 
751-0-11 1?2.489 = 0 69 27 65 60 41 83 79 51 37 48 23 91 72 82 53 31 19 70 11 
751-0-3 1?2.11 = 0 69 83 41 60 65 27 89 96 74 71 85 75 52 87 90 68 3 
751-0-10 1?2.602 = 0 89 27 41 83 79 51 37 48 23 91 72 82 53 31 19 70 59 94 10 
751-0-4 1?2.394 = 0 69 83 41 60 65 27 89 96 74 71 85 75 52 87 24 39 47 4 
751-0-14 1?1.791 = 0 89 27 65 60 41 69 83 79 51 37 97 40 58 20 14 
751-0-15 1?1.947 = 0 89 27 65 60 41 79 51 37 48 58 20 40 97 15 
751-1-2 1?2.078 = 1 63 96 74 92 28 18 71 85 75 52 87 24 90 68 56 2 
751-1-3 1?1.955 = 1 63 96 92 28 18 71 85 75 52 39 24 87 90 68 3 
751-1-5 1?2.271 = 1 63 96 92 28 18 71 85 75 52 87 24 39 66 78 95 57 93 5 
751-1-7 1?2.491 = 1 63 96 74 71 85 75 52 66 78 54 86 55 34 98 42 16 22 7 
751-0-13 1?2.154 = 0 89 27 65 60 41 83 79 51 37 97 40 48 23 58 20 88 13 
751-1-4 1?1.925 = 1 63 96 74 92 28 18 71 85 75 52 87 24 39 47 4 
751-1-8 1?2.52 = 1 63 96 74 71 85 75 52 39 66 78 86 55 34 98 42 33 16 22 8 
751-1-6 1?2.687 = 1 63 92 74 71 85 75 52 87 24 39 66 78 54 86 55 34 98 77 29 6 
751-0-12 1?2.175 = 0 89 27 65 60 41 83 79 51 37 97 40 58 20 88 38 49 12 
751-1-15 1?1.781 = 1 63 92 96 89 27 65 60 41 83 79 51 37 97 15 
751-2-3 1?2.161 = 2 28 18 71 85 75 52 39 66 78 95 47 24 90 68 3 
751-1-12 1?2.313 = 1 63 96 89 27 65 60 41 83 79 51 37 40 58 20 88 38 49 12 
751-2-5 1?2.236 = 2 28 18 71 85 75 52 87 24 47 39 66 78 95 57 93 43 5 
751-1-10 1?2.681 = 1 63 89 27 41 79 51 37 48 23 91 72 82 53 31 19 70 59 94 10 
751-1-13 1?2.164 = 1 63 92 96 89 27 65 60 41 83 79 51 37 97 40 58 20 88 13 
751-2-4 1?1.997 = 2 28 18 71 85 75 52 87 24 39 95 57 93 21 47 4 
751-1-11 1?2.547 = 1 63 96 89 27 65 60 79 51 37 48 23 91 72 82 53 31 19 70 11 
751-2-6 1?2.641 = 2 28 18 71 85 75 52 24 39 95 57 93 54 86 55 34 98 77 29 6 
751-1-14 1?2.112 = 1 63 92 96 89 27 65 60 41 83 79 51 37 97 40 58 20 14 
751-1-9 1?2.635 = 1 92 74 71 85 75 52 66 78 86 55 34 98 42 33 22 16 44 81 9 
751-2-15 1?2.199 = 2 56 18 28 92 63 96 89 27 65 60 41 83 79 37 51 97 15 
751-3-5 1?1.843 = 3 68 90 87 52 24 47 39 66 78 95 57 93 43 5 
751-2-12 1?2.491 = 2 28 92 96 89 27 69 83 41 79 51 37 40 58 20 88 38 49 12 
751-2-10 1?2.674 = 2 56 90 24 39 66 78 86 55 34 98 42 33 16 67 30 32 80 10 
751-3-4 1?1.943 = 3 68 90 87 52 24 39 66 86 54 78 95 57 93 21 4 
751-2-13 1?2.261 = 2 28 92 63 96 89 27 65 60 41 83 79 51 37 40 58 20 88 13 
751-2-11 1?2.675 = 2 28 92 96 89 27 69 83 41 79 51 37 48 23 91 53 31 19 70 11 
751-2-7 1?2.497 = 2 56 18 71 85 75 52 87 24 39 66 78 54 86 55 34 98 42 33 7 
751-2-8 1?2.474 = 2 28 18 71 85 75 52 87 24 39 66 78 86 55 34 98 42 33 22 8 
751-2-14 1?2.321 = 2 28 92 74 96 89 27 65 60 41 83 79 51 37 97 40 58 20 14 
751-2-9 1?2.554 = 2 56 68 90 24 39 66 78 54 86 55 34 98 42 33 22 16 44 81 99 9 
751-3-6 1?1.876 = 3 68 90 87 52 24 47 39 66 78 95 57 93 43 6 
751-4-5 1?2.19 = 4 47 39 24 87 52 75 85 71 50 76 66 95 57 93 5 
751-3-15 1?2.128 = 3 68 90 87 52 75 85 71 73 65 60 27 69 41 83 79 37 51 15 
751-3-12 1?2.594 = 3 68 90 87 52 75 85 71 73 65 60 41 79 51 37 40 58 38 49 12 
751-3-7 1?2.218 = 3 68 90 24 39 47 95 78 54 86 55 34 98 42 33 16 22 7 
751-3-13 1?2.331 = 3 68 90 87 52 75 85 71 73 65 60 41 79 51 37 40 58 20 88 13 
751-3-10 1?2.481 = 3 68 90 24 39 66 78 86 55 34 98 42 33 22 16 67 30 32 80 10 
751-3-11 1?2.75 = 3 68 90 24 39 66 78 54 86 55 34 84 17 36 82 53 31 19 70 11 
751-3-8 1?2.331 = 3 68 90 24 39 66 78 54 86 55 34 98 42 33 22 16 67 30 44 8 
751-3-14 1?2.319 = 3 68 90 87 52 75 85 71 74 96 89 27 65 60 41 79 51 37 97 14 
751-3-9 1?2.34 = 3 68 90 24 39 66 78 54 86 55 34 98 42 33 22 16 67 30 44 81 9 
751-5-6 1?1.936 = 5 93 57 95 78 54 86 55 34 84 64 42 98 77 29 6 
751-4-6 1?2.071 = 4 47 24 87 52 75 71 85 50 66 78 95 57 93 43 6 
751-4-8 1?2.053 = 4 47 95 78 54 86 55 34 98 42 33 22 16 67 30 44 8 
751-4-7 1?2.185 = 4 21 93 57 95 78 54 86 55 34 84 64 42 16 22 33 98 7 
751-4-15 1?2.298 = 4 47 24 87 52 75 85 71 73 65 60 27 69 83 41 79 37 51 15 
751-4-13 1?2.445 = 4 47 24 87 52 75 85 71 73 65 60 79 51 37 40 58 20 88 13 
751-4-12 1?2.72 = 4 47 39 66 78 54 86 55 34 84 61 17 45 36 82 53 31 19 70 12 
751-4-10 1?2.38 = 4 47 39 66 78 54 86 55 34 98 42 33 22 16 67 30 32 80 94 10 
751-4-11 1?2.661 = 4 47 95 78 54 86 55 34 98 42 33 22 16 44 81 30 67 32 80 94 11 
751-4-14 1?2.377 = 4 47 39 24 87 52 75 85 71 73 65 60 27 41 79 51 37 97 14 
751-4-9 1?2.315 = 4 47 39 66 78 54 86 55 34 98 42 33 22 16 67 32 30 44 81 99 9 
751-5-8 1?1.778 = 5 43 93 57 95 78 54 86 55 34 98 42 16 22 8 
751-6-8 1?1.802 = 6 43 93 57 95 78 86 55 34 98 42 33 16 22 8 
751-5-7 1?1.803 = 5 93 57 95 78 54 86 55 34 84 64 42 33 16 22 7 
751-6-7 1?1.859 = 6 43 93 57 95 78 86 55 34 98 42 33 16 22 7 
751-5-10 1?2.142 = 5 93 57 54 86 55 34 98 42 33 22 16 44 30 67 32 80 94 10 
751-5-13 1?2.58 = 5 93 57 95 78 54 86 55 61 17 36 62 72 91 23 48 58 20 88 13 
751-5-15 1?2.461 = 5 93 57 95 39 24 87 52 75 85 71 73 65 60 41 83 79 37 51 15 
751-5-12 1?2.569 = 5 93 57 95 78 54 86 55 34 84 61 17 45 36 82 53 31 19 70 12 
751-5-11 1?2.491 = 5 93 57 95 78 54 86 55 34 98 42 33 22 16 67 30 32 80 94 11 
751-5-9 1?2.081 = 5 93 57 95 78 54 86 55 34 98 42 33 22 16 67 32 30 44 81 9 
751-5-14 1?2.475 = 5 93 57 95 39 52 75 85 71 73 65 60 27 41 79 51 37 97 14 
751-7-8 1?1.974 = 7 22 16 33 42 64 84 61 17 45 35 32 67 30 44 8 
751-7-10 1?2.201 = 7 22 16 33 42 98 34 84 64 32 67 30 44 81 99 80 94 10 
751-7-9 1?1.919 = 7 22 16 33 42 64 84 17 45 35 32 67 30 44 81 9 
751-6-9 1?1.931 = 6 43 54 86 55 34 98 42 33 22 16 67 30 44 81 9 
751-7-11 1?2.285 = 7 98 42 33 22 16 44 30 67 32 35 26 82 53 31 19 70 11 
751-6-11 1?2.382 = 6 29 77 98 42 33 22 16 67 30 32 35 26 82 53 31 19 70 11 
751-6-15 1?2.559 = 6 43 93 57 95 39 24 87 52 75 85 71 73 65 60 79 37 51 15 
751-6-12 1?2.451 = 6 29 77 98 42 33 22 16 44 81 30 67 32 35 26 82 53 31 19 12 
751-6-13 1?2.518 = 6 29 77 98 42 33 22 16 44 30 67 32 35 26 82 53 31 38 88 13 
751-6-10 1?2.35 = 6 43 93 57 78 54 86 55 34 98 42 33 22 16 67 30 32 80 10 
751-6-14 1?2.58 = 6 43 93 57 95 39 52 75 85 71 73 65 60 41 79 51 37 97 14 
751-8-10 1?2.004 = 8 22 16 33 42 98 34 84 64 67 30 44 81 80 94 10 
751-8-9 1?1.85 = 8 22 16 33 42 98 34 84 64 32 67 30 44 81 99 9 
751-8-12 1?2.232 = 8 22 33 42 16 44 81 30 67 32 35 26 82 53 31 19 70 12 
751-8-11 1?2.137 = 8 22 33 42 16 44 30 67 32 35 26 82 53 31 19 70 11 
751-7-15 1?2.558 = 7 22 16 33 42 98 64 84 17 45 36 62 72 91 23 48 37 51 15 
751-7-13 1?2.46 = 7 22 16 33 42 64 84 17 45 36 62 72 91 23 48 58 20 88 13 
751-7-12 1?2.462 = 7 22 33 42 16 44 81 30 67 32 35 45 36 82 53 31 19 70 12 
751-8-13 1?2.403 = 8 22 16 33 42 64 84 17 45 36 62 72 91 23 48 58 20 88 13 
751-8-15 1?2.519 = 8 44 81 30 67 32 35 45 36 62 72 91 23 48 37 51 79 41 83 15 
751-7-14 1?2.622 = 7 98 42 33 22 16 44 81 30 67 32 35 45 36 62 72 91 23 48 40 14 
751-8-14 1?2.634 = 8 22 33 42 16 44 30 67 32 35 45 36 62 72 91 23 48 40 58 20 14 
751-10-13 1?2.149 = 10 94 59 70 19 31 53 82 72 91 23 48 58 20 88 13 
751-9-10 1?2.145 = 9 81 44 30 32 67 16 22 33 42 64 45 35 80 94 10 
751-10-12 1?2.165 = 10 94 80 81 44 67 30 32 35 26 82 53 31 19 70 12 
751-10-11 1?2.098 = 10 94 80 81 44 30 67 32 35 26 82 53 31 19 70 11 
751-9-11 1?2.075 = 9 81 44 30 67 32 35 45 36 62 82 53 31 19 70 11 
751-9-12 1?2.328 = 9 99 81 44 30 67 32 35 45 36 62 72 82 53 31 19 70 12 
751-9-13 1?2.265 = 9 81 44 30 67 32 35 45 36 62 72 91 23 48 58 20 88 13 
751-10-15 1?2.617 = 10 94 80 99 81 44 67 30 32 35 45 36 62 72 91 23 48 37 51 15 
751-9-15 1?2.468 = 9 81 44 30 67 32 35 45 36 62 72 91 23 48 37 51 79 41 83 15 
751-10-14 1?2.508 = 10 94 80 81 44 30 67 32 35 45 36 62 72 91 23 48 58 40 14 
751-9-14 1?2.527 = 9 81 44 30 67 32 35 45 36 62 72 91 23 48 37 79 51 97 14 
751-11-12 1?2.261 = 11 70 19 31 53 82 72 91 23 48 58 20 88 38 49 12 
751-11-13 1?2.092 = 11 70 19 31 53 26 82 72 91 23 48 40 58 20 88 13 
751-12-13 1?2.127 = 12 70 19 31 53 26 82 72 91 23 48 40 58 20 88 13 
751-14-15 1?1.968 = 14 20 58 40 97 37 51 79 60 65 27 89 69 41 83 15 
751-13-15 1?1.779 = 13 88 20 58 40 97 37 51 79 60 65 27 69 41 83 15 
751-13-14 1?2.121 = 13 88 20 58 48 37 51 79 60 65 27 41 83 15 97 14 
751-12-15 1?2.476 = 12 70 19 31 53 82 72 91 23 48 58 40 97 37 51 79 41 83 15 
751-12-14 1?2.197 = 12 19 31 53 82 72 91 23 48 37 51 97 40 58 20 14 
751-11-14 1?2.169 = 11 70 19 31 53 72 91 23 48 37 51 97 40 58 20 14 
751-11-15 1?2.436 = 11 70 19 31 53 82 72 91 23 48 37 51 79 60 65 27 41 83 15 
stop
