start
524-0-1 1?2.031 = 0 26 42 59 98 32 80 17 21 33 96 78 90 68 60 1 
524-0-4 1?2.314 = 0 26 95 23 78 33 96 98 80 21 17 83 24 70 55 91 4 
524-0-10 1?2.394 = 0 26 95 23 78 33 21 17 80 98 32 84 37 38 69 46 85 10 
524-0-5 1?2.599 = 0 26 95 23 78 33 96 98 32 80 21 17 19 77 40 88 31 18 5 
524-0-7 1?2.331 = 0 26 95 23 78 33 21 80 17 19 62 74 72 86 54 48 35 75 93 7 
524-0-8 1?2.451 = 0 26 95 23 78 33 96 80 21 17 19 77 62 74 72 86 54 34 64 94 8 
524-0-9 1?2.53 = 0 26 95 23 78 33 96 80 21 17 19 62 74 72 86 54 34 82 65 9 
524-0-11 1?2.415 = 0 26 95 23 78 33 21 80 98 32 84 22 43 47 30 89 87 92 11 
524-0-6 1?2.558 = 0 26 95 23 78 33 96 98 32 80 21 17 83 24 57 88 31 18 6 
524-0-3 1?2.125 = 0 26 95 23 78 96 98 32 80 21 33 71 27 70 55 91 3 
524-0-2 1?2.141 = 0 26 95 23 78 33 21 17 83 24 27 70 55 91 44 2 
524-1-3 1?1.962 = 1 60 68 90 78 33 21 80 17 83 24 70 55 91 3 
524-1-4 1?2.223 = 1 60 68 78 33 96 98 80 21 17 83 24 27 70 50 4 
524-1-5 1?2.295 = 1 60 68 78 33 96 98 80 21 17 83 57 88 31 18 5 
524-0-13 1?2.266 = 0 26 95 23 78 33 21 80 98 32 84 66 79 73 53 36 13 
524-0-15 1?2.038 = 0 26 95 23 78 33 21 17 80 96 98 32 59 42 25 15 
524-0-14 1?2.054 = 0 26 95 23 78 33 21 80 96 98 32 66 79 73 20 14 
524-0-12 1?2.252 = 0 26 95 23 78 33 21 80 96 98 32 84 22 43 47 30 56 12 
524-1-2 1?2.125 = 1 60 68 78 96 33 21 17 83 24 27 70 55 91 44 2 
524-1-7 1?2.296 = 1 60 68 78 33 96 80 21 17 19 62 74 72 86 54 48 35 75 93 7 
524-1-8 1?2.456 = 1 60 68 90 78 33 96 80 21 17 19 77 62 74 72 86 54 34 64 94 8 
524-1-6 1?2.555 = 1 60 68 78 96 98 32 80 21 33 71 27 24 83 57 88 31 18 6 
524-1-14 1?2.034 = 1 60 68 78 33 21 80 98 32 84 66 79 73 20 14 
524-1-13 1?2.291 = 1 60 68 78 33 21 17 80 96 98 32 66 79 73 20 36 53 13 
524-2-5 1?2.245 = 2 44 91 55 70 27 24 83 57 88 31 18 97 58 39 5 
524-1-12 1?2.241 = 1 60 68 78 33 21 17 80 96 98 32 84 22 43 47 30 56 12 
524-2-4 1?2.107 = 2 44 91 55 70 27 24 83 57 88 31 18 97 58 39 4 
524-2-3 1?2.034 = 2 16 90 78 33 96 80 21 17 83 24 27 70 55 91 3 
524-1-9 1?2.515 = 1 60 68 78 33 21 80 98 32 84 37 38 51 61 99 45 82 65 9 
524-1-11 1?2.397 = 1 60 68 78 33 21 80 96 98 32 84 22 43 47 30 89 87 92 11 
524-1-10 1?2.617 = 1 60 68 90 78 33 21 17 80 96 98 32 84 37 38 69 51 46 49 85 10 
524-1-15 1?2.045 = 1 60 68 90 78 96 33 21 17 80 98 32 59 42 25 15 
524-2-6 1?2.533 = 2 16 90 78 33 96 98 32 80 21 17 83 24 57 88 31 18 6 
524-2-14 1?2.293 = 2 16 90 78 33 21 17 80 96 98 32 66 79 73 53 36 20 14 
524-3-5 1?2.161 = 3 44 91 55 70 27 24 83 57 88 31 18 97 58 39 5 
524-3-4 1?2.023 = 3 44 91 55 70 27 24 83 57 88 31 18 97 58 39 4 
524-2-12 1?2.402 = 2 16 90 78 33 21 17 80 96 98 32 84 37 22 43 47 30 56 12 
524-2-13 1?2.512 = 2 16 90 78 33 21 17 80 98 32 66 84 22 43 47 30 56 13 
524-2-9 1?2.571 = 2 44 91 55 70 24 83 40 74 72 86 54 48 93 75 35 94 82 65 9 
524-2-7 1?2.362 = 2 16 90 78 33 96 80 21 17 19 62 74 72 86 54 48 35 75 93 7 
524-2-11 1?2.588 = 2 16 90 78 33 21 17 80 98 32 66 84 22 43 47 30 89 87 92 11 
524-2-10 1?2.705 = 2 16 90 78 33 21 17 80 96 98 32 66 84 37 38 69 51 46 49 85 10 
524-2-8 1?2.533 = 2 16 90 78 33 21 80 17 19 62 74 72 86 54 34 64 35 75 94 8 
524-2-15 1?2.336 = 2 44 91 55 70 27 24 83 17 21 33 96 80 98 59 42 25 15 
524-3-7 1?1.89 = 3 91 55 70 24 83 40 74 72 86 54 48 35 75 93 7 
524-3-14 1?2.281 = 3 91 55 70 24 27 71 33 21 17 80 98 32 66 79 73 20 14 
524-4-5 1?2.202 = 4 39 58 50 91 55 70 27 24 83 57 88 31 18 97 5 
524-3-9 1?2.338 = 3 91 55 70 27 24 83 77 62 74 72 86 54 34 64 94 82 65 9 
524-3-6 1?2.225 = 3 44 91 55 70 50 24 27 71 83 57 88 97 31 18 6 
524-3-13 1?2.451 = 3 91 55 70 27 24 83 17 21 33 96 80 98 32 66 79 73 53 36 13 
524-3-12 1?2.448 = 3 91 55 70 27 71 33 21 17 80 96 98 32 84 22 43 47 30 56 12 
524-3-8 1?2.327 = 3 91 55 70 24 83 77 19 62 74 72 86 54 34 64 35 75 94 8 
524-3-11 1?2.604 = 3 91 55 70 27 71 33 21 80 96 98 32 84 22 43 47 30 89 87 92 11 
524-3-10 1?2.615 = 3 91 55 70 27 71 33 21 17 80 96 98 32 84 37 38 69 46 49 85 10 
524-3-15 1?2.171 = 3 91 55 70 27 24 83 17 21 80 96 33 78 23 95 42 25 15 
524-4-7 1?1.95 = 4 39 58 97 18 31 63 48 86 54 34 64 35 75 93 7 
524-4-12 1?2.54 = 4 50 24 27 71 33 21 17 80 96 98 32 84 22 43 47 30 56 12 
524-5-6 1?2.255 = 5 18 31 40 74 72 86 54 34 64 35 75 93 48 63 6 
524-4-14 1?2.676 = 4 91 55 70 27 24 83 17 21 33 96 80 98 32 66 79 73 53 36 20 14 
524-4-6 1?2.199 = 4 39 58 50 91 55 70 71 27 24 83 57 88 31 18 6 
524-4-8 1?2.235 = 4 39 97 18 31 63 48 93 75 35 64 34 28 45 65 82 8 
524-4-13 1?2.633 = 4 91 55 70 27 24 83 17 21 33 96 80 98 32 66 79 73 53 36 13 
524-4-11 1?2.623 = 4 50 24 27 71 33 21 80 98 32 84 22 43 47 30 89 87 92 11 
524-4-9 1?2.364 = 4 39 97 18 31 63 48 93 75 35 64 34 28 61 99 45 82 65 9 
524-4-10 1?2.356 = 4 39 97 18 31 63 48 93 75 35 64 34 28 61 99 46 49 85 10 
524-4-15 1?2.424 = 4 91 55 70 27 71 33 21 17 80 98 96 78 23 95 42 25 15 
524-6-7 1?2.013 = 6 18 31 40 74 72 86 54 34 64 94 35 75 93 7 
524-5-7 1?2.022 = 5 18 31 40 74 72 86 54 34 64 94 35 75 93 7 
524-5-8 1?1.929 = 5 18 31 63 48 93 75 35 64 34 28 45 65 82 8 
524-6-8 1?1.83 = 6 63 48 93 75 35 64 34 28 61 99 45 65 82 8 
524-5-9 1?2.388 = 5 97 88 40 74 72 86 54 48 93 75 35 64 34 28 45 82 65 9 
524-5-12 1?2.667 = 5 97 88 57 24 27 71 33 21 80 98 32 84 22 43 47 30 56 12 
524-5-14 1?2.768 = 5 18 31 88 57 24 83 17 21 33 96 80 98 32 84 66 79 73 20 14 
524-5-13 1?2.711 = 5 97 58 50 24 27 71 33 21 17 80 96 98 32 66 79 73 53 36 13 
524-5-10 1?2.292 = 5 18 31 63 48 93 75 35 64 34 82 65 45 61 99 46 85 10 
524-5-11 1?2.575 = 5 18 31 63 48 93 75 35 64 34 82 65 45 61 99 46 85 49 11 
524-5-15 1?2.679 = 5 18 31 88 57 24 83 17 21 80 32 98 96 33 78 23 95 42 25 15 
524-7-9 1?1.572 = 7 63 48 93 75 35 64 34 28 61 99 45 82 65 9 
524-7-10 1?1.538 = 7 93 75 35 64 34 82 65 45 61 99 46 85 10 
524-7-8 1?1.628 = 7 93 75 35 48 63 86 54 64 34 28 45 65 82 8 
524-6-9 1?2.268 = 6 18 31 86 54 48 63 93 75 35 94 64 34 28 45 82 65 9 
524-6-12 1?2.529 = 6 63 48 93 75 35 64 34 82 65 45 99 61 51 69 92 87 12 
524-6-14 1?2.693 = 6 18 31 88 57 83 17 21 33 96 80 98 32 66 79 73 53 36 20 14 
524-6-13 1?2.65 = 6 18 31 88 57 83 17 21 33 96 80 98 32 66 79 73 53 36 13 
524-6-10 1?2.141 = 6 63 48 93 75 35 64 34 28 82 65 45 61 99 46 49 85 10 
524-6-11 1?2.552 = 6 63 48 93 75 35 64 34 28 82 65 45 99 61 51 46 85 49 11 
524-7-11 1?2.429 = 7 93 75 35 48 63 86 54 34 64 94 82 65 45 99 61 51 46 49 11 
524-6-15 1?2.644 = 6 18 31 88 57 83 24 27 71 33 21 17 80 96 78 23 95 42 25 15 
524-8-10 1?1.627 = 8 93 75 35 64 34 82 65 45 61 99 46 85 10 
524-8-11 1?1.883 = 8 94 75 35 64 34 82 65 45 61 99 46 49 11 
524-8-9 1?1.561 = 8 94 64 35 75 93 63 48 54 34 28 45 82 65 9 
524-8-12 1?2.27 = 8 94 64 34 54 86 72 74 62 41 67 81 37 84 22 43 47 30 56 12 
524-8-14 1?2.378 = 8 94 64 35 75 93 48 54 86 72 74 41 67 81 37 84 66 79 73 20 14 
524-7-13 1?2.381 = 7 93 75 35 64 34 54 86 72 74 41 67 81 37 84 66 79 73 53 13 
524-8-13 1?2.411 = 8 94 35 75 93 48 54 86 72 74 41 67 81 37 84 66 79 73 53 13 
524-7-14 1?2.459 = 7 93 75 35 64 34 54 86 72 74 41 67 81 37 84 66 79 73 53 36 20 14 
524-7-12 1?2.382 = 7 93 75 35 64 34 82 65 45 99 61 51 69 92 87 89 30 56 12 
524-7-15 1?2.401 = 7 93 75 35 64 34 54 86 72 74 62 19 17 21 80 98 59 42 25 15 
524-8-15 1?2.476 = 8 94 35 75 93 63 48 54 86 72 74 62 19 17 21 80 98 59 42 25 15 
524-10-12 1?2.029 = 10 85 49 46 51 69 38 37 84 22 43 47 30 89 87 12 
524-10-11 1?2.081 = 10 49 85 46 51 38 37 84 22 43 47 30 89 87 92 11 
524-9-11 1?1.991 = 9 65 82 94 75 35 64 34 28 61 99 46 85 49 11 
524-9-10 1?1.74 = 9 65 82 94 75 35 64 34 28 61 99 46 49 85 10 
524-10-13 1?2.136 = 10 85 49 46 51 69 92 87 89 30 47 43 52 53 36 13 
524-9-12 1?2.157 = 9 65 82 45 99 61 51 69 38 37 84 22 43 47 30 56 12 
524-10-14 1?2.5 = 10 85 46 49 92 87 89 30 47 43 22 84 66 79 73 53 36 20 14 
524-9-13 1?2.351 = 9 65 82 45 99 61 51 69 38 37 84 66 79 73 20 36 53 13 
524-9-14 1?2.426 = 9 65 82 45 99 61 51 69 92 87 89 30 47 43 52 53 36 20 14 
524-10-15 1?2.426 = 10 85 46 69 38 37 84 32 98 80 21 33 78 23 95 42 25 15 
524-9-15 1?2.566 = 9 65 82 45 99 61 41 67 19 17 21 33 96 80 98 59 42 25 15 
524-12-14 1?2.107 = 12 87 92 89 56 30 47 43 22 37 84 66 79 73 20 14 
524-11-14 1?2.048 = 11 87 89 30 47 43 22 37 84 66 79 73 53 36 20 14 
524-11-12 1?2.293 = 11 49 85 46 51 38 37 84 22 43 47 30 89 92 87 12 
524-13-14 1?2.389 = 13 36 53 73 79 66 32 80 21 33 96 98 59 29 20 14 
524-11-13 1?2.112 = 11 87 89 30 47 43 22 37 84 66 79 73 20 36 53 13 
524-12-13 1?2.223 = 12 87 89 30 47 43 22 37 84 66 52 79 73 20 36 53 13 
524-14-15 1?2.093 = 14 20 73 79 66 32 98 80 21 33 78 23 95 42 25 15 
524-13-15 1?2.167 = 13 36 53 73 79 66 32 98 96 33 78 23 95 42 25 15 
524-12-15 1?2.171 = 12 56 30 47 43 22 84 32 98 96 78 23 95 42 25 15 
524-11-15 1?2.438 = 11 87 89 30 47 22 84 32 98 80 21 33 78 23 95 42 25 15 
stop
