start
551-0-2 1?2.376 = 0 41 78 65 56 88 70 85 28 26 17 98 31 62 82 76 2 
551-0-1 1?2.256 = 0 41 78 65 56 88 70 85 28 26 17 98 62 31 51 1 
551-0-9 1?2.314 = 0 41 78 65 56 88 70 85 28 22 49 33 52 50 47 77 64 86 9 
551-0-5 1?2.466 = 0 91 51 31 62 82 76 74 46 44 75 84 53 48 35 59 96 5 
551-0-3 1?2.265 = 0 41 78 65 56 70 88 17 98 31 62 82 76 74 46 37 3 
551-0-10 1?2.562 = 0 41 78 65 56 88 70 85 28 22 49 33 52 47 50 43 30 57 55 10 
551-0-6 1?2.61 = 0 41 78 65 56 88 70 85 28 22 83 49 33 52 50 47 54 97 19 6 
551-0-11 1?2.665 = 0 41 78 65 56 88 70 85 28 83 49 33 52 50 43 30 57 11 
551-0-4 1?2.541 = 0 41 78 65 56 88 70 85 28 22 83 25 80 16 53 48 35 38 4 
551-0-7 1?2.59 = 0 41 78 65 56 88 70 85 28 22 83 49 33 52 99 71 60 87 19 29 7 
551-0-8 1?2.476 = 0 41 78 65 56 88 70 85 28 83 49 33 52 47 50 43 92 77 64 21 8 
551-1-2 1?2.45 = 1 51 31 62 58 75 84 16 42 53 48 34 46 76 2 
551-1-3 1?2.217 = 1 51 18 17 98 31 62 82 58 75 44 46 76 74 37 3 
551-0-13 1?2.476 = 0 41 78 65 56 88 70 85 28 22 49 24 69 93 81 39 73 13 
551-0-15 1?2.23 = 0 41 78 65 56 88 70 32 23 39 73 72 20 90 66 79 15 
551-0-14 1?2.08 = 0 41 78 65 56 88 70 32 23 81 39 73 72 90 20 14 
551-1-4 1?1.958 = 1 51 31 62 82 58 75 84 53 48 96 59 35 38 4 
551-1-5 1?2.529 = 1 51 18 31 62 82 76 74 46 44 75 84 16 42 53 48 59 35 5 
551-1-6 1?2.584 = 1 51 31 62 82 58 75 84 53 48 35 59 96 63 67 87 60 19 29 6 
551-0-12 1?2.486 = 0 41 78 65 56 88 70 32 94 66 90 20 72 73 39 81 40 36 89 12 
551-1-8 1?2.387 = 1 51 31 62 82 58 75 84 16 80 25 52 50 47 77 64 21 8 
551-1-7 1?2.705 = 1 51 31 62 82 58 75 84 16 42 53 48 35 59 96 63 87 60 19 29 7 
551-1-14 1?2.131 = 1 51 31 62 98 17 88 70 56 65 94 66 90 20 72 14 
551-1-15 1?2.217 = 1 51 31 62 98 17 26 28 85 70 88 56 65 78 41 15 
551-1-13 1?2.461 = 1 51 31 62 98 17 26 28 85 70 88 56 65 94 66 90 20 72 13 
551-1-12 1?2.647 = 1 51 31 62 98 17 88 70 32 56 65 94 90 20 72 73 39 89 12 
551-1-11 1?2.732 = 1 51 31 62 82 58 75 84 53 16 80 25 49 33 24 45 95 11 
551-2-3 1?2.195 = 2 76 82 58 75 84 53 48 96 59 35 38 34 37 3 
551-1-9 1?2.442 = 1 51 31 62 58 75 84 16 80 25 52 50 47 77 64 21 61 68 86 9 
551-2-5 1?2.424 = 2 31 62 76 82 58 75 84 16 42 53 48 96 59 35 38 5 
551-1-10 1?2.582 = 1 51 18 17 26 28 22 83 49 33 52 50 47 43 92 30 57 55 10 
551-2-6 1?2.412 = 2 31 62 82 76 74 46 34 38 35 59 96 63 67 87 60 19 29 6 
551-2-4 1?2.029 = 2 31 62 82 58 75 84 16 42 53 48 59 35 38 4 
551-2-15 1?2.337 = 2 76 82 62 31 98 17 26 28 85 70 88 56 65 78 41 15 
551-2-14 1?2.411 = 2 31 62 82 58 75 26 28 85 32 70 88 56 65 94 90 20 14 
551-2-13 1?2.529 = 2 76 82 62 31 98 17 26 28 85 70 88 56 65 94 90 20 72 13 
551-3-5 1?2 = 3 37 74 76 82 58 75 84 16 42 53 48 35 59 5 
551-2-9 1?2.441 = 2 76 82 58 75 84 53 16 80 25 52 50 47 77 64 21 61 68 86 9 
551-2-10 1?2.552 = 2 76 82 58 75 84 16 80 25 52 50 47 43 92 30 57 55 10 
551-2-11 1?2.722 = 2 76 82 58 75 84 53 42 16 80 25 83 22 49 33 24 45 95 11 
551-2-12 1?2.805 = 2 76 82 62 31 98 17 88 70 56 65 94 90 20 72 73 39 81 89 12 
551-3-4 1?1.935 = 3 37 74 76 82 58 75 84 53 48 96 59 35 38 4 
551-2-8 1?2.451 = 2 76 82 58 75 84 16 80 25 99 54 47 50 43 92 77 64 21 8 
551-2-7 1?2.528 = 2 31 62 82 58 75 84 53 42 16 80 25 99 71 60 87 19 29 7 
551-3-6 1?2.112 = 3 37 46 74 76 82 58 75 84 53 42 87 60 19 6 
551-4-5 1?2.163 = 4 38 35 48 53 16 80 25 99 71 60 87 67 63 96 5 
551-3-15 1?2.375 = 3 37 74 76 82 62 31 98 17 26 28 85 70 88 56 65 78 15 
551-3-14 1?2.305 = 3 37 74 76 82 62 31 98 17 88 70 32 56 65 94 66 90 20 14 
551-3-12 1?2.625 = 3 74 76 82 62 98 17 88 70 56 65 94 66 90 20 72 73 39 89 12 
551-3-11 1?2.722 = 3 74 76 82 58 75 84 53 42 16 80 25 83 49 33 24 45 95 11 
551-3-9 1?2.367 = 3 37 34 84 16 80 25 99 54 47 50 43 92 77 64 21 61 68 86 9 
551-3-13 1?2.649 = 3 37 46 74 76 82 62 31 98 17 88 70 56 65 94 66 90 20 72 73 13 
551-3-10 1?2.562 = 3 37 34 84 16 80 83 22 49 33 52 47 50 43 92 30 57 55 10 
551-3-8 1?2.338 = 3 37 34 84 16 80 25 49 33 52 47 50 43 92 77 64 21 8 
551-3-7 1?2.419 = 3 37 74 76 82 58 75 84 53 48 59 96 63 67 87 60 19 29 7 
551-4-6 1?1.996 = 4 38 35 59 96 48 53 84 16 42 87 60 71 19 29 6 
551-5-6 1?2.029 = 5 35 59 96 48 53 42 16 80 25 99 71 60 19 29 6 
551-4-15 1?2.354 = 4 38 35 48 53 42 16 80 83 22 28 85 70 88 56 65 78 15 
551-4-13 1?2.532 = 4 38 35 59 96 48 53 42 16 80 25 49 33 24 69 93 81 39 73 13 
551-4-14 1?2.439 = 4 38 35 48 53 42 16 80 83 22 28 85 70 88 56 65 94 90 20 14 
551-4-10 1?2.275 = 4 38 35 59 96 63 67 87 60 71 97 54 47 50 43 92 30 57 55 10 
551-4-12 1?2.6 = 4 38 35 59 96 63 67 87 60 71 97 54 47 50 43 92 30 95 40 36 89 12 
551-4-9 1?2.145 = 4 38 35 59 96 63 87 60 71 97 54 47 50 43 77 64 21 61 68 86 9 
551-4-7 1?1.939 = 4 38 35 59 96 48 53 84 16 42 87 60 71 19 29 7 
551-4-11 1?2.627 = 4 38 35 59 96 48 53 42 16 80 25 99 54 47 50 43 92 30 57 11 
551-4-8 1?2.102 = 4 38 35 59 96 63 67 87 60 71 97 54 47 50 43 92 77 64 21 8 
551-5-9 1?1.978 = 5 96 63 87 60 71 97 54 47 50 43 92 77 64 21 61 68 86 9 
551-5-15 1?2.338 = 5 96 59 48 53 42 16 80 25 83 22 28 85 70 88 56 65 78 15 
551-6-8 1?1.768 = 6 29 19 87 60 71 97 54 47 50 43 92 77 64 21 8 
551-6-7 1?2.008 = 6 29 19 60 71 97 54 47 50 43 92 77 64 21 27 7 
551-5-11 1?2.445 = 5 96 59 35 48 53 42 16 80 25 99 54 47 50 43 30 57 11 
551-5-7 1?1.972 = 5 35 59 96 48 53 42 16 80 25 99 71 60 19 29 7 
551-5-8 1?1.823 = 5 96 63 67 87 60 71 97 54 47 50 43 77 64 21 8 
551-5-10 1?2.317 = 5 96 59 48 53 42 16 80 25 99 54 47 50 43 92 30 57 55 10 
551-5-12 1?2.602 = 5 96 59 35 48 53 42 16 80 25 83 22 49 33 24 69 93 81 40 36 89 12 
551-5-14 1?2.459 = 5 96 59 35 48 53 16 80 25 83 22 28 85 70 88 56 65 94 90 20 14 
551-5-13 1?2.653 = 5 96 59 48 53 42 16 80 25 83 22 28 85 70 88 56 65 94 90 20 72 13 
551-7-9 1?1.628 = 7 29 19 97 54 47 50 43 92 77 64 61 68 86 9 
551-6-9 1?1.769 = 6 29 19 71 97 54 47 50 43 92 77 64 21 61 68 86 9 
551-7-10 1?2.021 = 7 29 19 60 71 97 54 47 50 43 77 64 21 61 68 86 10 
551-6-10 1?2.134 = 6 29 19 60 71 97 54 47 50 43 92 77 64 21 61 68 86 10 
551-7-11 1?2.412 = 7 29 19 87 60 71 97 54 47 50 52 33 49 83 22 24 45 95 11 
551-6-15 1?2.471 = 6 29 19 97 54 47 50 52 33 49 83 22 28 85 70 88 56 65 78 15 
551-7-8 1?1.711 = 7 29 19 87 60 71 97 54 47 50 43 92 77 64 21 8 
551-6-11 1?2.521 = 6 29 19 60 71 97 54 47 50 43 77 64 21 61 68 86 10 55 57 11 
551-6-12 1?2.599 = 6 29 19 87 60 71 97 54 47 50 52 33 49 83 22 24 69 93 40 36 89 12 
551-6-13 1?2.67 = 6 29 19 87 60 71 97 54 47 50 52 33 49 83 22 24 69 93 81 39 73 13 
551-6-14 1?2.533 = 6 19 97 54 47 50 52 33 49 83 22 28 85 70 88 56 65 94 90 20 14 
551-8-9 1?1.992 = 8 21 64 77 54 99 25 83 49 33 52 43 92 86 9 
551-8-11 1?2.138 = 8 21 64 77 92 43 50 47 52 33 49 83 22 24 45 95 11 
551-8-10 1?2.028 = 8 61 68 86 64 21 77 92 43 50 47 52 30 57 55 10 
551-7-12 1?2.447 = 7 29 19 87 60 71 99 54 47 50 52 33 49 24 69 93 40 36 89 12 
551-8-12 1?2.268 = 8 21 64 77 92 43 50 47 52 33 49 83 22 24 69 93 40 36 89 12 
551-8-14 1?2.215 = 8 21 64 77 47 50 52 33 49 22 28 85 70 88 56 65 94 90 20 14 
551-7-14 1?2.428 = 7 29 19 60 71 99 52 33 49 83 22 28 85 70 88 56 65 94 90 20 14 
551-7-13 1?2.531 = 7 29 19 87 60 71 97 54 47 50 52 33 49 83 22 69 93 81 39 73 13 
551-8-13 1?2.399 = 8 21 64 77 92 43 50 47 52 33 49 83 22 28 85 32 23 39 73 13 
551-7-15 1?2.518 = 7 29 19 60 71 97 54 47 50 52 33 49 83 22 28 85 70 88 56 65 78 15 
551-8-15 1?2.329 = 8 21 64 77 92 43 50 47 52 33 49 83 22 28 85 70 88 56 65 78 15 
551-9-13 1?1.968 = 9 86 68 61 21 64 77 92 43 30 45 93 81 39 73 13 
551-10-13 1?2.18 = 10 55 57 30 43 50 47 52 33 24 69 93 81 39 73 13 
551-9-10 1?1.574 = 9 86 68 61 21 64 77 47 50 43 92 30 57 55 10 
551-10-12 1?2.174 = 10 55 57 30 43 50 47 52 33 24 45 95 40 36 89 12 
551-9-12 1?1.829 = 9 86 68 61 21 64 77 47 50 43 30 95 40 36 89 12 
551-9-11 1?1.795 = 9 86 68 61 21 64 77 47 50 43 92 30 57 55 11 
551-10-11 1?2.161 = 10 55 57 30 92 43 50 47 52 33 49 24 45 95 11 
551-9-14 1?2.217 = 9 86 92 43 50 47 52 33 49 22 28 85 70 88 56 65 94 90 20 14 
551-10-14 1?2.331 = 10 92 43 50 47 52 33 49 22 28 85 70 88 56 65 94 90 20 14 
551-9-15 1?2.164 = 9 86 92 43 50 47 52 33 49 83 22 28 85 70 88 56 65 78 15 
551-10-15 1?2.394 = 10 55 30 43 50 47 52 33 49 83 22 28 85 70 88 56 65 78 15 
551-11-13 1?2.269 = 11 36 40 81 23 32 70 88 56 65 94 66 90 20 72 73 13 
551-11-14 1?2.23 = 11 95 45 24 49 83 22 28 85 70 88 56 65 94 90 20 14 
551-11-12 1?2.357 = 11 57 30 92 43 50 47 52 33 24 45 95 40 36 89 12 
551-13-14 1?2.17 = 13 73 39 23 32 70 88 56 65 78 94 66 79 20 90 72 14 
551-14-15 1?2.408 = 14 20 90 66 94 65 56 88 70 32 85 28 26 17 41 78 15 
551-12-14 1?1.956 = 12 89 36 40 81 23 32 70 88 56 65 78 79 66 90 20 14 
551-12-13 1?1.972 = 12 89 36 40 81 23 32 70 88 56 65 94 66 90 20 72 13 
551-13-15 1?2.75 = 13 73 39 81 93 69 24 33 49 25 80 83 28 85 70 56 78 15 
551-12-15 1?2.437 = 12 36 40 81 39 73 72 20 90 66 94 32 70 88 56 65 78 41 15 
551-11-15 1?2.513 = 11 57 30 43 50 47 52 33 49 22 28 85 70 88 56 65 78 15 
stop
