start
478-0-2 1?1.875 = 0 63 71 84 18 33 19 79 16 36 24 34 90 21 99 2 
478-0-3 1?2.026 = 0 63 71 84 18 33 19 34 79 16 36 24 77 32 30 3 
478-0-1 1?1.841 = 0 63 84 18 33 19 79 16 36 24 34 90 21 20 1 
478-0-4 1?2.136 = 0 63 71 84 18 33 19 90 34 79 16 36 24 77 32 30 62 4 
478-0-5 1?2.218 = 0 63 84 19 34 79 16 36 24 77 32 37 51 25 74 58 48 59 5 
478-0-6 1?2.254 = 0 63 71 84 19 34 79 16 36 24 77 32 37 51 25 74 58 48 59 6 
478-0-9 1?2.524 = 0 60 17 94 72 57 88 87 81 64 95 53 69 86 52 54 80 26 41 76 9 
478-0-11 1?2.698 = 0 60 17 94 72 57 88 87 81 64 95 53 69 86 52 54 80 26 92 28 11 
478-0-10 1?2.492 = 0 60 17 23 94 72 57 88 87 81 64 95 47 53 69 86 52 54 80 28 92 10 
478-0-8 1?2.638 = 0 63 84 19 34 79 16 36 24 77 32 37 85 89 27 46 61 42 8 
478-0-7 1?2.475 = 0 63 84 19 79 16 36 24 77 32 37 51 25 74 58 85 67 73 35 7 
478-1-2 1?1.929 = 1 20 21 90 34 19 18 33 79 16 36 24 50 99 2 
478-1-3 1?1.82 = 1 20 21 90 34 79 16 36 24 77 32 30 62 3 
478-0-15 1?2.183 = 0 63 71 19 90 34 16 79 33 18 23 94 72 17 60 38 15 
478-0-14 1?2.144 = 0 63 71 84 18 33 23 17 94 72 57 88 87 81 56 55 78 14 
478-0-13 1?2.105 = 0 63 84 19 33 18 23 94 72 57 88 87 81 40 43 82 13 
478-1-5 1?2.076 = 1 20 21 90 34 79 16 36 24 77 32 37 51 25 74 58 48 5 
478-1-4 1?2.087 = 1 20 21 90 34 79 16 36 24 77 32 37 51 25 30 62 4 
478-1-6 1?2.057 = 1 20 21 90 34 79 16 36 24 77 32 51 25 74 58 48 59 6 
478-0-12 1?2.602 = 0 63 71 84 19 34 16 79 33 18 23 94 72 57 88 87 81 40 82 43 12 
478-1-8 1?2.583 = 1 20 21 24 36 77 32 37 51 25 74 58 85 83 89 27 46 61 42 8 
478-1-7 1?2.31 = 1 90 34 79 16 36 24 77 32 51 25 74 58 85 67 73 35 7 
478-2-3 1?1.829 = 2 20 21 90 34 79 16 36 24 77 32 30 62 3 
478-2-5 1?1.755 = 2 99 21 90 34 79 16 36 24 77 32 25 74 5 
478-1-14 1?1.948 = 1 20 21 90 34 19 33 18 23 94 72 57 88 55 78 14 
478-2-4 1?1.694 = 2 20 21 90 34 79 16 36 24 77 32 30 62 4 
478-1-15 1?1.845 = 1 20 21 90 34 16 79 19 33 18 23 94 17 60 38 15 
478-2-6 1?2.008 = 2 99 21 90 34 79 16 36 24 77 32 51 25 74 58 48 59 6 
478-1-11 1?2.608 = 1 20 21 90 34 79 16 70 49 96 97 31 29 22 68 52 69 86 11 
478-1-13 1?2.292 = 1 20 21 90 34 79 19 33 18 23 94 72 57 88 87 81 40 82 13 
478-1-12 1?2.414 = 1 20 21 90 34 79 19 33 18 23 94 72 57 88 87 81 40 82 43 12 
478-1-9 1?2.568 = 1 20 21 90 34 79 16 70 49 96 97 31 29 22 68 52 54 80 26 41 9 
478-1-10 1?2.452 = 1 20 21 90 34 79 16 70 49 96 97 31 29 22 68 52 54 80 28 92 10 
478-3-5 1?1.974 = 3 50 24 36 77 32 37 51 25 74 58 85 67 48 5 
478-2-15 1?1.854 = 2 20 21 90 34 16 79 19 33 18 23 94 17 60 38 15 
478-3-4 1?1.955 = 3 50 99 21 90 34 79 16 36 24 77 32 30 62 4 
478-2-11 1?2.617 = 2 99 21 90 34 79 16 70 49 96 97 31 29 22 68 52 69 53 47 11 
478-2-14 1?2.405 = 2 99 20 21 90 34 16 79 19 33 18 23 17 94 72 57 88 78 55 14 
478-2-8 1?2.418 = 2 99 50 24 36 77 32 51 25 74 58 85 83 89 27 46 61 42 8 
478-2-13 1?2.473 = 2 99 21 90 34 16 79 19 33 18 23 17 94 72 57 88 87 81 40 82 13 
478-2-9 1?2.467 = 2 99 21 90 34 79 16 70 49 96 31 29 22 68 52 54 80 26 41 9 
478-2-10 1?2.351 = 2 99 21 90 34 79 16 70 49 96 31 29 22 68 52 54 80 28 92 10 
478-2-7 1?2.289 = 2 99 21 90 34 24 36 77 32 51 25 74 58 85 67 73 35 7 
478-2-12 1?2.531 = 2 20 21 90 34 16 79 19 33 18 23 94 72 57 88 87 81 40 82 43 12 
478-3-6 1?1.944 = 3 50 24 36 77 32 37 51 25 74 58 85 48 59 6 
478-4-5 1?2.043 = 4 62 30 25 51 74 58 48 67 85 83 89 35 73 59 5 
478-3-15 1?2.017 = 3 50 24 36 16 79 34 90 19 33 18 23 17 60 38 15 
478-3-11 1?2.756 = 3 50 24 36 16 79 34 19 33 18 23 94 72 57 88 87 81 64 95 47 11 
478-3-14 1?2.503 = 3 50 24 36 16 79 34 90 19 33 18 23 17 94 72 57 88 55 78 14 
478-3-7 1?2.043 = 3 50 24 36 77 32 51 25 74 58 85 67 73 35 7 
478-3-8 1?2.499 = 3 50 24 36 77 32 51 25 74 58 85 67 73 35 27 46 61 42 8 
478-3-13 1?2.599 = 3 50 24 36 16 79 34 19 33 18 23 17 94 72 57 88 87 81 40 82 13 
478-3-9 1?2.582 = 3 30 62 25 51 74 58 48 67 85 83 89 27 91 46 61 42 76 41 9 
478-3-10 1?2.517 = 3 30 25 51 74 58 85 67 73 35 27 46 61 42 76 41 26 28 92 10 
478-3-12 1?2.66 = 3 50 24 36 16 79 34 19 33 18 17 94 72 57 88 87 81 40 82 43 12 
478-4-8 1?1.882 = 4 25 51 74 58 48 67 85 83 89 27 46 61 42 8 
478-5-6 1?2.016 = 5 48 58 74 25 51 37 85 83 89 27 35 73 67 59 6 
478-4-6 1?1.929 = 4 62 30 25 51 74 58 48 85 83 89 27 35 73 6 
478-4-7 1?1.987 = 4 62 30 77 32 51 25 74 58 48 85 67 73 35 7 
478-4-11 1?2.627 = 4 25 51 74 58 85 83 89 65 97 31 29 22 68 52 54 86 69 53 47 11 
478-4-14 1?2.503 = 4 62 30 32 77 24 36 16 79 34 19 33 18 23 94 72 57 88 55 78 14 
478-4-15 1?2.485 = 4 74 25 51 37 32 77 24 36 16 79 34 19 18 33 23 94 17 60 38 15 
478-4-9 1?2.396 = 4 62 30 25 51 74 58 48 67 85 83 89 27 91 46 61 42 76 9 
478-4-12 1?2.655 = 4 62 30 32 77 24 36 16 79 33 18 23 72 57 88 87 81 40 82 12 
478-4-13 1?2.597 = 4 62 30 32 77 24 36 16 79 33 18 23 94 72 57 88 87 81 40 82 13 
478-4-10 1?2.389 = 4 25 51 74 58 48 67 85 83 89 27 46 61 42 76 41 26 92 28 10 
478-6-8 1?1.962 = 6 59 48 58 74 25 51 37 85 83 89 27 46 61 42 8 
478-5-8 1?1.807 = 5 74 25 51 58 48 67 85 83 89 27 46 61 42 8 
478-5-7 1?1.928 = 5 74 25 51 58 48 67 85 83 89 27 46 61 42 7 
478-6-7 1?1.986 = 6 59 48 74 25 51 58 85 83 89 27 46 61 42 7 
478-5-9 1?2.186 = 5 74 25 51 58 48 85 67 73 35 89 27 91 46 61 42 9 
478-5-14 1?2.431 = 5 74 25 51 37 32 77 24 36 16 79 19 18 33 23 94 72 78 55 14 
478-5-15 1?2.308 = 5 74 25 51 37 32 77 24 36 16 79 34 19 33 18 23 17 60 38 15 
478-5-11 1?2.542 = 5 74 25 51 58 48 67 85 83 89 27 91 66 68 52 86 69 53 47 11 
478-5-10 1?2.175 = 5 74 25 51 58 85 67 73 35 27 46 61 42 76 41 26 92 10 
478-5-13 1?2.548 = 5 74 25 51 32 77 24 36 16 79 19 33 18 23 94 72 57 88 56 13 
478-5-12 1?2.615 = 5 74 25 51 58 85 83 89 65 97 31 29 22 68 52 86 69 53 47 45 12 
478-7-8 1?2.182 = 7 35 73 67 48 74 25 51 58 85 89 27 46 42 8 
478-6-9 1?2.077 = 6 59 48 58 74 25 51 37 85 83 89 27 46 61 42 9 
478-7-9 1?2.195 = 7 35 73 67 85 89 27 91 66 68 52 54 80 26 41 9 
478-7-11 1?2.449 = 7 35 73 67 85 83 89 27 91 66 68 52 54 86 69 53 47 11 
478-7-10 1?2.048 = 7 35 73 67 85 83 89 27 46 61 42 76 41 92 10 
478-6-11 1?2.546 = 6 59 48 67 85 83 89 27 65 97 31 29 22 68 52 86 69 53 47 11 
478-6-10 1?2.153 = 6 59 48 67 85 83 89 27 46 42 61 76 41 26 80 28 92 10 
478-6-15 1?2.36 = 6 59 48 58 74 25 51 32 77 24 36 16 79 34 19 84 60 38 15 
478-6-14 1?2.525 = 6 59 48 58 74 25 51 32 77 36 24 34 19 33 18 23 94 72 78 14 
478-6-13 1?2.651 = 6 59 48 74 25 51 58 85 83 89 65 31 29 22 39 64 95 43 82 13 
478-6-12 1?2.607 = 6 59 48 67 85 83 89 65 97 31 29 22 68 52 54 86 69 53 47 45 12 
478-8-11 1?2.201 = 8 42 61 76 41 26 92 28 80 54 52 86 69 53 47 11 
478-8-9 1?2.11 = 8 42 61 46 91 65 97 31 29 22 68 52 54 80 26 41 9 
478-8-10 1?1.994 = 8 42 61 46 91 65 97 31 29 22 68 52 54 80 28 92 10 
478-8-12 1?2.226 = 8 42 61 76 41 26 80 54 52 86 69 53 95 64 43 12 
478-7-14 1?2.708 = 7 35 73 67 85 83 89 27 65 97 31 29 22 75 98 57 88 78 55 14 
478-7-15 1?2.641 = 7 35 73 67 85 58 74 25 51 32 77 36 24 34 19 84 60 38 15 
478-8-15 1?2.682 = 8 42 61 46 91 65 97 96 49 70 16 79 34 19 33 18 23 17 60 38 15 
478-8-14 1?2.675 = 8 42 61 76 41 26 80 54 86 69 53 95 64 81 87 88 57 78 55 14 
478-8-13 1?2.536 = 8 42 61 76 41 26 92 28 80 54 52 69 53 47 95 43 82 13 
478-7-13 1?2.619 = 7 35 73 67 85 83 89 27 65 97 31 29 22 39 64 95 43 82 13 
478-7-12 1?2.63 = 7 35 73 67 85 83 89 65 31 29 22 68 52 54 86 69 53 47 45 12 
478-10-11 1?2.022 = 10 92 28 26 41 76 80 54 52 86 69 53 95 43 45 11 
478-9-11 1?2.111 = 9 76 41 26 92 28 80 54 52 86 69 53 95 43 45 11 
478-9-10 1?2.227 = 9 41 26 80 54 52 68 66 31 29 22 39 53 69 86 28 10 
478-10-12 1?1.797 = 10 92 28 26 80 54 52 86 69 53 47 95 64 43 40 82 12 
478-10-13 1?1.749 = 10 92 28 26 80 54 52 86 69 53 47 95 64 43 82 40 13 
478-9-12 1?1.907 = 9 76 41 26 92 28 80 54 52 86 69 53 47 95 43 12 
478-9-15 1?2.375 = 9 41 26 80 54 52 69 53 95 64 81 87 88 57 72 94 17 60 38 15 
478-10-14 1?2.127 = 10 92 28 26 80 54 52 86 69 53 47 95 64 81 87 88 57 78 55 14 
478-9-14 1?2.25 = 9 41 26 80 54 52 69 53 95 43 82 40 81 87 88 57 78 55 14 
478-9-13 1?2.125 = 9 76 41 26 92 28 80 54 52 86 69 53 47 95 64 43 82 40 13 
478-10-15 1?2.302 = 10 92 28 26 80 54 86 69 53 95 64 81 87 88 57 72 94 17 60 38 15 
478-12-14 1?2.316 = 12 43 82 40 81 87 88 57 72 23 17 60 38 15 78 55 14 
478-13-14 1?2.12 = 13 40 82 43 95 47 69 53 64 81 87 57 88 55 78 14 
478-11-14 1?2.033 = 11 47 69 53 64 95 43 82 40 81 87 88 57 78 55 14 
478-13-15 1?1.927 = 13 82 40 43 95 64 81 87 88 57 72 94 23 17 60 38 15 
478-14-15 1?2.089 = 14 78 55 56 40 82 43 95 64 81 87 88 57 72 38 15 
478-11-13 1?2.035 = 11 28 92 41 26 80 54 52 86 69 53 95 43 82 40 13 
478-11-12 1?2.083 = 11 28 92 41 26 80 54 52 86 69 53 95 43 40 82 12 
478-12-13 1?2.387 = 12 43 64 95 47 53 69 86 54 52 68 39 87 81 40 82 13 
478-12-15 1?2.355 = 12 45 95 64 43 82 40 81 87 88 57 78 72 94 23 17 60 38 15 
478-11-15 1?2.393 = 11 86 69 53 47 95 43 82 40 81 87 88 57 72 94 17 60 38 15 
stop
