start
472-0-3 1?1.927 = 0 21 90 79 86 39 22 80 94 37 32 20 97 84 3 
472-0-2 1?2.132 = 0 21 59 90 79 86 39 80 94 37 32 20 95 42 2 
472-0-4 1?2.38 = 0 21 90 79 86 39 80 94 22 88 83 37 32 68 75 71 4 
472-0-1 1?2.226 = 0 21 59 90 79 86 39 80 94 37 32 20 95 42 1 
472-0-5 1?2.485 = 0 21 90 79 86 39 80 94 22 83 99 62 60 40 93 67 82 5 
472-0-11 1?2.375 = 0 21 90 79 86 39 80 94 22 88 30 46 78 66 25 38 89 87 11 
472-0-7 1?2.546 = 0 21 90 79 86 39 80 94 22 88 30 46 56 33 62 60 55 98 45 35 7 
472-0-8 1?2.535 = 0 21 90 79 86 39 80 94 22 88 30 46 78 56 33 27 26 41 51 77 8 
472-0-9 1?2.569 = 0 21 90 79 86 39 80 94 22 88 83 99 33 56 46 78 27 26 41 76 9 
472-0-10 1?2.37 = 0 21 90 79 86 39 80 94 22 88 30 46 78 66 44 25 38 89 70 63 24 10 
472-0-6 1?2.532 = 0 21 90 79 86 39 80 94 22 83 99 56 33 62 54 93 67 58 92 6 
472-1-3 1?2.162 = 1 21 90 79 86 39 22 80 94 37 32 20 97 84 3 
472-1-2 1?2.367 = 1 21 59 90 79 86 39 80 94 37 32 20 95 42 2 
472-0-13 1?1.899 = 0 21 90 18 81 74 31 69 29 47 73 85 52 17 48 13 
472-0-14 1?2.027 = 0 21 90 79 86 39 80 94 22 88 49 36 31 74 64 14 
472-1-4 1?2.293 = 1 21 59 90 79 86 39 22 80 94 37 32 68 75 4 
472-0-15 1?2.078 = 0 21 90 79 86 39 80 94 22 88 49 36 31 74 16 15 
472-0-12 1?2.225 = 0 21 90 79 86 39 80 94 22 88 49 36 61 29 47 65 50 12 
472-1-5 1?2.627 = 1 34 79 86 39 80 94 22 83 99 56 33 62 54 93 67 82 5 
472-1-6 1?2.531 = 1 34 79 86 39 80 94 22 83 99 56 33 62 54 93 67 58 6 
472-1-8 1?2.691 = 1 34 79 86 39 80 94 22 88 49 36 61 19 66 46 78 27 26 41 51 77 8 
472-1-7 1?2.505 = 1 34 79 86 39 80 94 22 83 99 56 33 62 60 55 98 45 35 7 
472-1-15 1?2.26 = 1 34 79 86 39 80 94 22 88 49 36 31 74 81 23 53 15 
472-1-14 1?2.202 = 1 34 90 79 86 39 80 94 22 88 49 36 31 74 64 14 
472-2-3 1?2.272 = 2 42 34 79 90 18 86 39 80 94 37 32 20 97 84 3 
472-2-5 1?2.438 = 2 42 34 90 79 86 39 80 94 37 32 68 75 71 82 5 
472-1-13 1?2.271 = 1 34 79 86 39 80 94 22 88 49 36 31 74 69 85 52 17 48 13 
472-2-4 1?2.449 = 2 42 34 79 90 18 86 39 80 94 37 32 68 75 71 4 
472-1-11 1?2.467 = 1 34 79 86 39 80 94 22 88 30 46 66 25 38 89 63 70 87 11 
472-1-12 1?2.417 = 1 34 79 86 39 80 94 22 88 49 36 31 74 69 85 52 17 48 12 
472-2-6 1?2.577 = 2 42 95 94 80 22 83 99 56 33 62 54 93 67 58 92 6 
472-1-10 1?2.461 = 1 34 79 86 39 80 94 22 83 30 46 78 66 44 25 38 89 63 70 24 10 
472-1-9 1?2.674 = 1 34 79 86 39 80 94 22 88 49 36 61 30 46 56 33 27 26 41 76 9 
472-2-15 1?2.34 = 2 95 94 80 22 88 49 36 31 74 81 18 90 59 23 15 
472-3-5 1?2.339 = 3 84 97 20 32 37 54 62 60 40 93 67 58 92 5 
472-2-14 1?2.574 = 2 95 94 80 22 88 49 36 31 74 69 47 73 85 17 52 96 14 
472-3-4 1?2.25 = 3 84 20 32 37 54 40 72 58 67 93 82 71 75 4 
472-2-13 1?2.407 = 2 42 95 94 80 22 88 49 36 31 74 69 47 85 52 17 48 13 
472-2-11 1?2.654 = 2 42 34 39 80 94 22 88 30 46 78 66 25 38 89 70 63 24 87 11 
472-2-12 1?2.605 = 2 42 95 94 80 22 88 49 36 31 74 69 47 73 85 52 17 48 12 
472-2-8 1?2.703 = 2 95 94 80 22 88 49 61 19 66 78 46 56 33 27 26 41 51 77 8 
472-2-10 1?2.592 = 2 42 34 79 86 39 80 94 22 88 30 46 78 66 44 25 38 89 70 24 10 
472-2-9 1?2.738 = 2 42 95 94 80 22 88 49 36 61 19 66 78 46 56 33 27 26 41 76 9 
472-2-7 1?2.49 = 2 95 94 80 22 88 30 46 56 33 62 60 55 98 28 45 35 7 
472-4-5 1?2.379 = 4 75 71 82 67 93 54 62 60 55 98 28 72 58 92 5 
472-3-15 1?2.358 = 3 84 97 20 32 37 94 80 22 39 86 79 90 21 59 23 53 15 
472-3-14 1?2.309 = 3 84 97 20 32 37 94 80 22 88 49 36 31 74 69 64 14 
472-3-6 1?2.152 = 3 84 20 32 68 75 71 82 93 67 58 72 28 98 45 6 
472-3-13 1?2.234 = 3 84 97 20 32 94 80 22 88 49 36 31 69 85 52 17 48 13 
472-3-11 1?2.557 = 3 84 20 32 37 94 80 22 88 30 46 66 25 38 89 63 70 24 87 11 
472-3-12 1?2.469 = 3 84 20 32 37 94 80 22 88 49 36 31 74 69 85 52 17 48 12 
472-3-8 1?2.467 = 3 84 97 20 32 37 94 80 22 88 30 46 78 27 26 41 51 77 8 
472-3-9 1?2.477 = 3 84 97 20 32 37 94 80 22 88 30 46 56 33 27 26 41 76 9 
472-3-10 1?2.451 = 3 84 20 32 37 94 80 22 88 30 46 19 44 25 38 89 63 70 24 10 
472-3-7 1?2.35 = 3 84 97 20 32 68 75 71 82 93 67 58 72 40 98 28 45 35 7 
472-4-6 1?2.312 = 4 75 71 82 93 67 58 72 28 98 55 77 43 35 45 6 
472-5-6 1?2.381 = 5 71 75 68 32 37 54 62 60 40 93 67 58 92 6 
472-4-15 1?2.541 = 4 75 68 32 37 94 80 22 88 49 36 31 74 81 18 90 59 53 15 
472-4-14 1?2.605 = 4 75 68 32 37 94 80 22 88 49 36 61 29 47 73 85 52 96 14 
472-4-11 1?2.548 = 4 75 71 82 93 67 58 72 28 98 55 77 51 76 57 91 63 70 89 87 11 
472-4-7 1?2.124 = 4 75 71 82 93 67 58 72 45 98 28 40 60 55 35 7 
472-4-12 1?2.538 = 4 75 68 32 37 94 80 22 88 49 36 31 74 69 85 52 17 48 12 
472-4-8 1?2.531 = 4 75 71 82 93 67 58 72 40 54 62 60 55 98 28 45 35 43 8 
472-4-10 1?2.392 = 4 75 71 82 93 67 58 72 28 98 55 77 51 76 57 91 63 70 24 10 
472-4-9 1?2.569 = 4 75 71 82 93 67 58 72 40 60 62 33 56 46 78 27 26 41 76 9 
472-4-13 1?2.581 = 4 75 68 32 37 94 80 22 88 49 36 31 74 69 47 73 85 52 17 48 13 
472-5-8 1?2.262 = 5 82 93 67 58 72 40 60 55 98 28 45 35 43 77 8 
472-6-8 1?2.141 = 6 92 58 67 93 40 54 62 60 55 98 28 45 35 43 8 
472-5-11 1?2.382 = 5 82 93 67 58 72 28 98 55 77 51 76 57 91 63 70 89 87 11 
472-5-14 1?2.679 = 5 82 67 93 54 62 33 56 46 78 66 19 29 47 73 85 17 52 96 14 
472-5-7 1?2.252 = 5 71 82 67 93 58 72 40 54 62 60 55 98 28 45 7 
472-6-7 1?1.994 = 6 92 58 67 93 72 40 54 62 60 55 98 28 45 35 7 
472-5-15 1?2.698 = 5 71 75 68 32 37 94 80 22 88 49 36 31 74 81 18 90 59 53 15 
472-5-10 1?2.333 = 5 82 93 67 58 72 28 98 55 77 51 41 76 57 63 89 70 24 10 
472-5-9 1?2.548 = 5 92 58 67 93 40 60 62 33 56 30 46 66 78 27 26 41 76 9 
472-5-12 1?2.671 = 5 82 67 93 40 60 62 33 56 46 66 19 61 29 47 85 52 17 48 12 
472-5-13 1?2.535 = 5 82 67 93 54 62 33 56 46 78 66 19 61 29 47 73 85 52 17 48 13 
472-6-9 1?2.099 = 6 92 58 67 93 54 62 33 56 46 78 27 26 41 76 9 
472-7-9 1?2.01 = 7 45 28 98 55 60 62 33 56 46 78 27 26 41 76 9 
472-7-8 1?2.113 = 7 35 45 28 98 55 60 62 33 56 78 27 26 41 51 77 8 
472-7-11 1?2.155 = 7 35 45 28 98 55 43 77 51 41 76 57 91 24 70 63 89 87 11 
472-6-11 1?2.319 = 6 92 58 67 93 72 28 98 55 77 51 76 57 91 63 24 70 89 87 11 
472-7-10 1?1.991 = 7 35 45 28 98 55 77 51 41 76 57 91 24 70 63 89 87 10 
472-6-14 1?2.578 = 6 92 58 67 93 54 62 33 56 46 78 66 19 29 47 85 17 52 96 14 
472-6-10 1?2.182 = 6 92 58 67 93 72 28 98 55 77 51 76 57 91 63 89 70 24 10 
472-6-15 1?2.567 = 6 92 58 67 93 54 99 83 88 22 94 80 39 86 79 90 59 23 53 15 
472-6-12 1?2.495 = 6 58 67 93 54 62 33 56 46 66 19 61 29 47 85 52 17 48 12 
472-6-13 1?2.434 = 6 92 58 67 93 54 62 33 56 46 78 66 19 61 29 47 85 52 17 48 13 
472-8-11 1?1.91 = 8 43 55 77 51 41 76 57 91 63 24 70 89 87 11 
472-8-10 1?1.938 = 8 43 35 45 28 98 55 77 51 76 57 91 63 70 24 10 
472-8-9 1?2.183 = 8 43 55 60 62 33 56 46 19 66 78 27 26 41 76 9 
472-8-13 1?2.146 = 8 77 51 76 57 91 63 24 70 89 38 50 65 73 85 52 17 48 13 
472-8-12 1?2.234 = 8 77 51 76 91 24 70 63 89 38 50 65 73 85 52 17 48 12 
472-8-14 1?2.399 = 8 77 51 76 57 91 63 70 89 38 25 50 65 73 85 17 52 96 14 
472-7-12 1?2.355 = 7 35 45 28 98 55 60 62 33 56 46 19 29 47 85 52 17 48 12 
472-8-15 1?2.507 = 8 77 51 41 26 27 33 56 99 83 22 94 80 39 86 79 90 59 53 15 
472-7-14 1?2.523 = 7 35 45 28 98 55 60 62 33 56 46 78 66 19 61 29 47 85 52 96 14 
472-7-15 1?2.505 = 7 35 45 28 98 55 60 62 99 83 22 94 80 39 86 79 90 59 23 53 15 
472-7-13 1?2.341 = 7 35 45 28 98 55 60 62 33 56 46 78 66 19 29 47 73 85 52 17 48 13 
472-10-11 1?1.883 = 10 24 70 63 89 38 25 44 47 85 52 17 73 65 50 11 
472-9-11 1?2.069 = 9 76 57 91 24 70 63 89 38 25 44 47 73 65 50 11 
472-10-13 1?1.536 = 10 24 70 63 89 38 25 50 65 47 73 85 52 17 48 13 
472-9-10 1?2.011 = 9 76 41 26 27 33 56 46 78 66 19 44 25 38 63 24 10 
472-9-12 1?1.9 = 9 91 24 70 63 89 38 25 50 65 73 85 52 17 48 12 
472-10-12 1?1.682 = 10 24 70 63 89 38 25 50 65 47 73 85 52 17 48 12 
472-9-13 1?2.155 = 9 76 41 57 63 24 70 89 38 25 50 47 73 85 52 17 48 13 
472-9-14 1?2.325 = 9 76 57 63 24 70 89 38 25 50 65 47 73 85 52 17 48 96 14 
472-10-14 1?2.308 = 10 24 63 70 89 38 25 44 50 65 47 73 85 17 48 52 96 64 16 14 
472-10-15 1?2.37 = 10 24 63 70 87 89 38 25 50 65 47 73 85 52 17 48 96 64 16 15 
472-9-15 1?2.546 = 9 76 41 26 27 33 56 78 46 30 88 22 94 80 39 86 79 90 59 53 15 
472-12-13 1?1.983 = 12 11 87 89 70 24 63 38 25 50 65 73 85 52 17 48 13 
472-11-13 1?1.594 = 11 87 89 70 24 63 38 25 50 65 73 85 52 17 48 13 
472-14-15 1?2.135 = 14 64 74 31 36 49 22 94 80 39 86 79 90 59 53 15 
472-13-15 1?1.975 = 13 48 17 52 85 73 47 69 31 74 81 18 90 59 23 15 
472-12-15 1?2.121 = 12 48 17 52 85 73 47 69 31 74 81 18 90 59 23 15 
472-11-14 1?1.819 = 11 87 89 70 24 63 38 25 50 65 73 85 17 52 96 14 
472-13-14 1?2.08 = 13 48 17 52 85 73 65 50 47 29 69 31 74 64 96 14 
472-12-14 1?2.208 = 12 11 87 89 70 24 63 38 25 50 65 73 85 17 52 96 14 
472-11-12 1?1.74 = 11 87 89 70 24 63 38 25 50 65 73 85 52 17 48 12 
472-11-15 1?2.221 = 11 87 24 63 70 89 38 25 50 65 73 85 17 48 52 96 64 16 15 
stop
