start
423-0-4 1?2.466 = 0 72 55 83 60 85 78 95 84 42 28 31 94 96 45 76 57 37 4 
423-0-5 1?2.335 = 0 72 55 60 83 46 56 36 53 45 76 81 75 62 67 82 24 69 5 
423-0-6 1?2.474 = 0 72 55 83 60 85 78 95 84 42 28 94 31 68 86 30 73 92 59 32 6 
423-0-1 1?2.283 = 0 72 55 83 60 85 93 18 78 65 46 56 16 26 79 1 
423-0-3 1?2.625 = 0 72 55 83 60 85 78 95 84 42 28 31 94 96 45 76 57 37 90 3 
423-0-9 1?2.582 = 0 72 55 83 60 17 39 25 19 88 20 71 50 47 40 61 74 29 9 
423-0-2 1?2.254 = 0 72 55 83 60 85 65 56 16 26 79 99 21 33 2 
423-0-8 1?2.688 = 0 72 55 83 60 85 78 95 84 42 28 94 31 68 86 30 98 51 22 63 8 
423-0-7 1?2.753 = 0 72 55 83 60 85 65 36 53 45 76 81 62 67 59 92 73 86 30 7 
423-0-11 1?2.201 = 0 72 55 49 48 97 34 64 77 44 25 19 88 89 20 71 50 47 11 
423-0-10 1?2.364 = 0 72 55 49 48 97 34 64 77 44 25 19 88 20 71 50 47 40 10 
423-0-13 1?1.89 = 0 72 55 49 48 97 34 64 77 44 25 19 88 70 54 23 87 13 
423-0-14 1?1.926 = 0 72 55 83 60 17 41 39 25 19 70 44 77 64 34 14 
423-0-15 1?2.14 = 0 72 55 83 60 17 41 39 25 19 44 77 64 34 97 15 
423-1-4 1?2.188 = 1 79 26 16 56 36 53 45 81 62 67 82 24 69 4 
423-1-2 1?2.353 = 1 79 26 35 72 55 60 83 46 56 16 99 21 33 58 2 
423-0-12 1?2.104 = 0 72 55 49 48 97 34 64 77 44 25 19 89 88 70 54 87 23 12 
423-1-3 1?2.157 = 1 79 26 35 72 55 60 83 46 56 16 99 21 33 58 3 
423-1-5 1?1.901 = 1 79 26 16 56 36 53 45 76 81 62 67 82 24 69 5 
423-1-6 1?2.652 = 1 79 26 16 56 36 53 45 76 81 62 67 59 86 98 51 30 73 92 32 6 
423-1-8 1?2.543 = 1 79 26 16 56 36 53 45 76 81 62 67 59 92 73 30 22 63 8 
423-1-7 1?2.716 = 1 79 26 16 56 36 53 45 76 81 62 67 68 86 30 73 92 59 32 7 
423-1-15 1?2.364 = 1 79 26 16 56 65 78 18 93 43 39 41 52 48 49 15 
423-1-14 1?2.106 = 1 79 26 16 56 65 85 17 39 25 19 44 64 34 14 
423-1-12 1?2.321 = 1 79 26 16 56 65 78 18 93 43 39 25 19 44 70 54 87 23 12 
423-2-4 1?2.22 = 2 99 16 56 36 53 45 76 81 62 67 82 24 69 4 
423-2-6 1?2.255 = 2 99 21 33 58 90 37 57 76 45 81 75 62 67 59 92 32 6 
423-2-3 1?2.275 = 2 79 26 35 72 55 60 83 46 56 16 99 21 33 58 3 
423-1-13 1?2.101 = 1 35 72 55 49 48 97 34 64 77 44 25 19 70 54 23 87 13 
423-2-5 1?1.87 = 2 99 16 56 36 53 45 76 81 62 67 82 24 69 5 
423-1-9 1?2.536 = 1 79 26 16 56 65 78 95 84 42 28 94 31 98 51 22 63 74 29 9 
423-1-10 1?2.586 = 1 79 26 16 56 46 85 17 41 39 25 19 88 20 71 50 47 40 10 
423-1-11 1?2.397 = 1 35 72 55 49 48 97 34 64 77 44 25 19 88 20 71 50 47 11 
423-2-15 1?2.379 = 2 99 16 56 65 85 17 39 25 44 77 64 34 97 15 
423-3-4 1?2.128 = 3 58 33 90 37 57 76 45 81 75 62 67 82 24 69 4 
423-2-14 1?2.35 = 2 99 16 56 46 65 78 18 93 43 39 25 19 44 77 64 34 14 
423-2-12 1?2.49 = 2 99 16 56 46 65 78 18 93 43 39 25 19 89 88 70 54 87 23 12 
423-3-5 1?1.778 = 3 58 33 90 37 57 76 45 81 75 62 67 82 24 69 5 
423-2-13 1?2.183 = 2 99 16 56 65 78 18 93 43 39 25 19 44 70 54 23 87 13 
423-2-7 1?2.46 = 2 99 79 26 16 56 36 53 45 76 81 75 62 67 59 92 73 7 
423-2-9 1?2.637 = 2 99 16 56 36 53 45 76 81 62 67 59 92 73 30 22 63 74 29 9 
423-2-11 1?2.485 = 2 99 16 56 46 65 78 18 93 43 39 25 19 88 20 71 50 47 11 
423-2-8 1?2.579 = 2 99 16 56 36 53 45 81 62 67 59 92 73 30 98 51 22 63 8 
423-2-10 1?2.685 = 2 99 16 56 65 78 18 93 43 39 25 19 89 20 71 50 47 40 10 
423-3-6 1?2.165 = 3 58 33 90 37 57 76 45 81 62 67 68 86 30 73 92 32 6 
423-4-5 1?1.772 = 4 90 37 57 76 45 81 62 67 59 92 32 82 24 69 5 
423-3-15 1?2.718 = 3 58 33 21 56 65 78 18 93 43 39 25 19 44 77 64 34 97 15 
423-3-7 1?2.373 = 3 58 33 21 99 16 56 36 53 45 76 81 62 67 59 92 7 
423-3-14 1?2.453 = 3 58 33 21 16 56 65 78 18 93 43 39 25 19 44 77 64 34 14 
423-3-12 1?2.596 = 3 58 33 21 16 56 65 78 18 93 43 39 77 44 25 19 70 54 87 23 12 
423-3-13 1?2.292 = 3 58 33 21 16 56 65 78 18 93 43 39 25 19 70 54 23 87 13 
423-3-8 1?2.416 = 3 58 33 90 37 57 76 45 81 62 67 59 92 73 30 98 51 22 63 8 
423-3-9 1?2.541 = 3 58 33 90 37 57 76 45 81 62 67 59 92 73 30 98 51 22 63 74 29 9 
423-3-10 1?2.745 = 3 58 33 21 16 56 65 85 17 41 39 25 19 88 20 71 50 47 40 10 
423-3-11 1?2.674 = 3 58 33 21 16 56 46 65 78 18 93 43 39 25 19 88 20 71 50 47 11 
423-5-6 1?1.761 = 5 69 24 82 62 67 68 31 94 28 51 30 73 92 32 6 
423-4-15 1?2.695 = 4 37 57 76 45 96 95 78 18 93 43 39 25 19 44 77 52 97 15 
423-4-6 1?2.077 = 4 90 37 57 76 45 81 75 62 67 68 86 30 73 92 59 32 6 
423-4-12 1?2.447 = 4 37 57 76 45 96 95 78 18 93 43 89 19 25 77 44 70 54 87 12 
423-4-8 1?2.052 = 4 37 57 76 45 81 62 67 59 92 73 30 98 51 22 63 8 
423-4-7 1?2.25 = 4 37 57 76 45 81 75 69 24 82 62 67 59 92 73 30 7 
423-4-14 1?2.413 = 4 37 57 76 45 96 95 78 18 93 43 39 25 19 44 77 64 34 14 
423-4-13 1?2.341 = 4 37 57 76 45 96 95 78 18 93 43 89 19 25 77 44 70 54 87 13 
423-4-9 1?2.461 = 4 90 37 57 76 45 81 75 62 67 59 92 73 30 86 98 51 22 63 74 29 9 
423-4-10 1?2.606 = 4 90 37 57 76 45 81 62 67 59 92 73 30 86 98 51 22 63 74 29 61 10 
423-4-11 1?2.616 = 4 90 37 57 76 45 96 95 78 18 93 43 39 25 19 88 20 71 50 47 11 
423-5-8 1?1.697 = 5 69 24 82 62 67 59 92 73 30 86 98 51 22 63 8 
423-6-8 1?1.996 = 6 32 59 92 73 30 86 68 94 84 42 28 51 22 63 8 
423-6-7 1?2.024 = 6 32 92 59 67 62 81 45 96 94 31 68 86 30 73 7 
423-5-7 1?1.863 = 5 69 24 82 62 67 68 31 94 28 51 98 86 59 92 7 
423-5-15 1?2.57 = 5 69 24 82 67 62 81 45 76 53 36 56 16 26 35 72 55 49 15 
423-5-14 1?2.403 = 5 69 24 75 81 45 96 95 78 18 93 43 89 19 25 44 77 64 34 14 
423-5-12 1?2.453 = 5 69 24 75 81 45 96 95 78 18 93 43 89 19 25 77 44 70 54 87 12 
423-5-13 1?2.349 = 5 69 24 75 81 45 96 95 78 18 93 43 89 19 25 77 44 70 54 23 87 13 
423-5-9 1?2.204 = 5 69 24 82 62 67 59 92 73 30 86 68 31 94 28 51 22 63 74 29 9 
423-5-11 1?2.46 = 5 69 24 82 62 67 59 92 73 30 98 51 22 63 74 29 61 40 50 47 11 
423-5-10 1?2.415 = 5 69 24 82 62 67 59 92 73 30 86 68 94 31 51 22 63 74 29 61 10 
423-6-9 1?1.918 = 6 32 59 92 73 30 86 98 31 94 28 51 22 63 74 29 9 
423-7-9 1?2.078 = 7 73 92 59 67 62 68 31 94 28 51 22 63 74 29 9 
423-7-8 1?2.122 = 7 73 92 59 67 62 81 76 45 68 86 30 22 63 8 
423-6-12 1?2.417 = 6 32 92 73 86 31 94 84 95 78 18 93 43 39 25 19 70 54 87 12 
423-7-10 1?2.357 = 7 73 92 59 67 62 68 31 94 28 51 22 63 74 29 61 10 
423-6-15 1?2.674 = 6 32 59 92 73 30 98 31 94 28 42 84 95 78 18 93 43 39 41 52 97 15 
423-6-14 1?2.499 = 6 32 92 59 68 31 94 84 95 78 18 93 43 39 25 19 44 77 64 34 14 
423-7-11 1?2.456 = 7 73 86 31 94 28 42 84 95 78 18 93 43 89 20 71 50 47 11 
423-6-13 1?2.394 = 6 32 92 59 68 31 94 84 95 78 18 93 43 89 19 25 77 44 54 23 87 13 
423-6-11 1?2.487 = 6 32 92 59 68 31 94 28 84 95 78 18 93 43 89 20 71 50 47 11 
423-6-10 1?2.55 = 6 32 82 62 67 59 92 73 30 86 98 31 94 28 51 22 63 74 29 61 10 
423-8-9 1?2.278 = 8 63 22 51 98 30 73 92 59 86 31 94 28 27 74 29 9 
423-8-12 1?2.269 = 8 63 22 27 91 71 20 88 19 25 77 44 70 54 87 23 12 
423-7-12 1?2.367 = 7 30 86 31 94 84 95 18 93 43 39 25 19 70 54 23 87 12 
423-8-10 1?2.444 = 8 63 22 51 98 30 86 68 31 94 84 42 80 91 66 40 10 
423-8-13 1?2.232 = 8 74 29 61 40 47 50 71 20 88 19 25 77 44 70 54 23 87 13 
423-7-13 1?2.321 = 7 73 30 98 31 94 84 95 78 18 93 43 39 25 19 70 54 23 87 13 
423-7-14 1?2.527 = 7 73 86 68 31 94 84 95 78 18 93 43 39 25 19 44 77 64 34 14 
423-8-11 1?2.388 = 8 63 22 51 28 84 95 78 18 93 43 89 20 71 50 47 11 
423-8-14 1?2.502 = 8 63 22 27 91 71 20 88 19 25 77 44 70 23 87 54 64 34 14 
423-8-15 1?2.763 = 8 63 22 51 98 31 94 28 42 84 95 78 18 93 43 39 41 52 97 48 15 
423-7-15 1?2.812 = 7 73 30 98 31 94 84 95 78 18 93 43 39 25 19 44 77 64 34 97 15 
423-10-13 1?1.501 = 10 40 47 50 71 20 88 19 25 77 44 54 23 87 13 
423-10-12 1?1.608 = 10 40 47 50 71 20 88 19 25 77 44 54 87 23 12 
423-9-10 1?2.338 = 9 29 74 61 66 91 89 25 19 88 20 71 50 40 10 
423-9-12 1?2.068 = 9 29 61 40 47 50 71 20 88 19 25 77 44 70 54 87 12 
423-10-11 1?1.997 = 10 40 47 50 71 20 88 19 25 77 44 54 87 23 12 11 
423-9-11 1?2.326 = 9 61 40 47 50 71 20 88 19 25 77 44 54 87 23 12 11 
423-9-13 1?1.975 = 9 29 74 61 40 47 50 71 20 88 19 25 77 44 70 54 23 87 13 
423-10-15 1?2.269 = 10 40 47 50 71 20 88 23 87 54 70 19 25 44 77 64 34 97 15 
423-9-15 1?2.52 = 9 29 74 61 40 47 50 71 20 88 70 23 87 54 44 77 64 34 97 15 
423-9-14 1?2.349 = 9 29 74 61 40 50 71 20 88 23 87 54 70 19 25 44 77 64 34 14 
423-10-14 1?2.236 = 10 40 47 50 38 71 20 88 19 25 39 77 44 70 23 87 54 64 34 14 
423-12-13 1?1.767 = 12 11 47 50 71 20 88 89 19 25 77 44 70 54 23 87 13 
423-11-13 1?1.373 = 11 47 50 71 20 89 88 19 25 77 44 70 54 23 87 13 
423-12-14 1?1.845 = 12 87 23 54 70 44 77 25 19 89 39 41 52 64 34 14 
423-11-12 1?1.485 = 11 47 50 71 20 88 89 19 25 77 44 70 54 87 23 12 
423-11-14 1?1.578 = 11 47 50 71 20 88 19 25 77 44 70 54 64 34 14 
423-13-14 1?1.739 = 13 87 23 54 70 44 77 25 19 89 39 41 52 64 34 14 
423-13-15 1?1.72 = 13 87 23 54 70 44 77 25 19 88 89 39 41 52 97 48 15 
423-14-15 1?1.744 = 14 34 64 77 44 54 87 23 70 19 25 39 41 52 97 15 
423-12-15 1?2.089 = 12 38 71 20 88 23 87 54 70 19 25 44 77 64 34 97 48 15 
423-11-15 1?2.086 = 11 47 50 71 20 88 19 70 23 87 54 44 77 25 39 41 52 97 15 
stop
