start
991-0-2 1?1.763 = 0 52 57 93 22 66 50 88 29 90 42 51 21 85 2 
991-0-1 1?1.566 = 0 52 57 93 22 66 92 50 88 29 90 42 51 21 1 
991-0-4 1?2.352 = 0 36 57 93 22 66 92 79 38 44 24 71 73 45 32 75 53 4 
991-0-11 1?2.292 = 0 52 57 93 22 66 50 88 79 92 46 27 69 78 37 59 61 96 11 
991-0-9 1?2.592 = 0 52 57 93 22 66 92 79 38 44 24 71 73 86 16 54 87 97 9 
991-0-10 1?2.579 = 0 52 57 93 22 66 92 79 38 44 24 71 68 86 54 87 97 62 10 
991-0-7 1?2.566 = 0 52 57 93 22 66 50 88 79 38 44 24 71 73 30 81 33 60 7 
991-0-3 1?2.107 = 0 36 57 93 22 66 92 79 50 88 29 42 51 21 85 77 49 3 
991-0-6 1?2.538 = 0 52 57 93 22 66 92 79 38 44 24 71 73 30 81 43 20 55 6 
991-0-5 1?2.431 = 0 52 88 50 66 92 79 38 44 24 71 73 30 81 43 95 98 67 5 
991-0-8 1?2.681 = 0 52 57 93 22 66 92 79 50 88 34 38 44 24 68 86 16 54 58 39 18 8 
991-1-3 1?1.961 = 1 21 51 42 90 76 91 99 25 72 65 26 80 48 94 3 
991-0-13 1?1.652 = 0 36 57 93 88 50 92 66 22 47 63 41 19 84 17 13 
991-0-15 1?1.847 = 0 36 57 47 22 93 88 50 66 92 79 46 19 41 63 15 
991-0-14 1?1.63 = 0 51 42 29 52 57 93 88 50 66 22 47 63 41 14 
991-1-2 1?1.992 = 1 21 51 42 90 76 91 99 25 72 26 80 48 49 77 2 
991-1-4 1?2.146 = 1 21 51 42 90 76 91 99 25 72 80 48 94 75 53 28 83 4 
991-1-5 1?2.175 = 1 21 51 42 90 76 91 99 25 72 26 80 48 94 53 28 83 67 5 
991-1-6 1?2.373 = 1 21 51 42 90 76 91 99 25 72 80 48 94 53 28 98 20 55 6 
991-0-12 1?2.264 = 0 52 57 93 88 50 79 92 66 22 47 63 41 19 84 27 69 78 12 
991-1-7 1?2.553 = 1 21 51 42 90 76 91 99 25 40 44 24 68 71 73 30 81 33 60 7 
991-1-8 1?2.708 = 1 51 42 90 76 91 99 25 40 44 24 68 71 73 30 16 54 58 39 18 8 
991-1-15 1?1.552 = 1 51 42 29 52 57 93 66 50 88 79 92 22 47 15 
991-1-14 1?1.901 = 1 21 42 51 29 88 50 79 92 66 22 93 57 47 63 41 19 14 
991-2-5 1?2.121 = 2 85 21 51 42 90 76 91 25 72 26 75 53 28 83 67 5 
991-1-13 1?2.061 = 1 21 51 42 29 88 50 92 66 22 93 57 47 63 41 19 84 17 13 
991-2-3 1?2.024 = 2 85 21 51 42 90 76 91 99 25 72 26 80 48 94 3 
991-2-4 1?2.038 = 2 85 21 51 42 90 76 91 99 25 72 26 80 48 94 4 
991-2-6 1?2.526 = 2 85 76 91 99 25 40 44 24 71 73 30 81 43 95 20 55 6 
991-1-12 1?2.404 = 1 21 51 42 29 88 50 92 66 22 93 57 47 63 41 19 84 17 78 12 
991-1-10 1?2.609 = 1 51 42 90 76 91 99 25 40 44 24 71 68 86 16 54 87 97 62 10 
991-1-11 1?2.357 = 1 51 42 29 52 57 93 22 66 92 79 46 27 69 59 37 61 96 11 
991-1-9 1?2.713 = 1 21 51 42 90 76 91 99 25 40 44 38 74 70 23 82 35 54 87 97 9 
991-2-15 1?1.922 = 2 77 76 91 99 90 42 51 52 57 93 88 50 66 92 22 47 15 
991-2-14 1?2.015 = 2 77 76 91 99 90 42 51 52 57 93 88 50 66 22 63 41 14 
991-3-5 1?2.119 = 3 94 48 80 26 32 75 53 28 98 95 43 55 20 67 5 
991-2-13 1?2.23 = 2 85 21 42 51 52 57 93 88 50 66 22 47 63 41 19 84 17 13 
991-3-4 1?2.185 = 3 48 80 26 32 45 73 30 81 43 95 98 28 83 4 
991-2-12 1?2.526 = 2 77 76 91 99 90 42 51 52 57 93 22 66 92 46 27 69 78 12 
991-2-7 1?2.631 = 2 85 21 51 42 90 76 91 99 25 40 24 68 73 30 81 33 60 7 
991-2-10 1?2.809 = 2 85 21 51 42 90 76 91 99 25 40 44 24 68 86 16 54 87 97 62 10 
991-2-9 1?2.78 = 2 85 21 51 42 90 76 91 25 40 44 38 74 70 82 35 87 97 9 
991-2-11 1?2.624 = 2 85 21 51 42 29 88 50 93 22 66 92 79 46 27 69 59 37 61 96 11 
991-2-8 1?2.747 = 2 85 21 51 42 90 76 91 99 25 40 44 24 68 86 16 54 58 39 18 8 
991-3-15 1?2.05 = 3 49 77 76 91 99 90 42 51 52 57 93 88 50 66 22 47 15 
991-4-5 1?2.102 = 4 83 28 53 75 94 48 80 26 32 95 43 55 20 67 5 
991-3-14 1?2.232 = 3 49 77 76 91 99 90 42 51 52 57 93 88 50 66 22 63 41 14 
991-3-13 1?2.497 = 3 49 77 76 91 99 90 42 29 88 50 66 22 47 63 41 19 84 17 13 
991-3-6 1?2.509 = 3 94 48 80 26 32 45 65 71 73 30 81 43 95 20 55 6 
991-3-12 1?2.69 = 3 49 77 76 91 99 90 42 51 29 88 50 66 92 79 46 27 69 78 12 
991-3-7 1?2.689 = 3 94 48 80 26 32 95 43 81 30 73 71 68 86 16 31 60 7 
991-3-9 1?2.761 = 3 94 48 80 26 32 95 43 81 30 73 71 68 86 16 54 87 97 9 
991-3-10 1?2.843 = 3 94 48 80 26 32 95 43 81 30 73 71 68 86 16 54 87 97 62 10 
991-3-11 1?2.739 = 3 94 48 80 26 32 45 30 73 71 68 24 70 23 82 59 37 61 96 11 
991-3-8 1?2.732 = 3 94 48 80 26 32 95 43 81 30 73 86 16 54 87 58 39 18 8 
991-4-6 1?2.265 = 4 83 28 53 75 94 48 80 26 32 95 98 67 20 55 6 
991-4-7 1?2.257 = 4 94 48 80 26 75 53 28 98 95 43 81 31 33 60 7 
991-5-6 1?2.145 = 5 67 83 28 53 75 94 48 80 26 32 95 43 20 55 6 
991-4-15 1?2.253 = 4 28 98 95 43 81 30 73 71 24 44 38 79 92 66 22 47 15 
991-4-14 1?2.381 = 4 94 48 80 72 25 99 90 42 51 29 88 50 66 22 47 63 41 14 
991-4-13 1?2.609 = 4 83 28 98 95 43 81 30 73 71 68 24 70 82 23 89 69 17 13 
991-4-12 1?2.705 = 4 28 98 95 43 81 30 73 71 24 44 38 74 70 82 59 37 61 12 
991-4-8 1?2.296 = 4 83 28 98 95 43 81 30 73 86 16 54 58 39 18 8 
991-4-9 1?2.709 = 4 28 53 75 98 95 43 81 30 73 71 24 68 86 16 54 87 97 9 
991-4-11 1?2.661 = 4 83 28 98 95 43 81 30 73 71 68 24 70 23 89 59 37 61 96 11 
991-4-10 1?2.864 = 4 83 28 53 75 32 95 43 81 30 73 71 24 68 86 16 54 87 97 62 10 
991-5-7 1?2.224 = 5 67 83 28 53 75 80 26 32 95 43 81 31 33 60 7 
991-6-7 1?2.319 = 6 55 20 67 83 28 53 75 32 95 43 81 31 33 60 7 
991-5-15 1?2.279 = 5 67 98 95 43 81 30 73 71 24 44 38 79 92 66 93 57 15 
991-5-14 1?2.374 = 5 67 98 95 43 81 30 73 71 24 44 38 79 92 66 22 63 41 14 
991-5-9 1?2.334 = 5 67 98 95 43 81 30 73 71 68 86 16 54 87 97 9 
991-6-8 1?2.384 = 6 55 20 98 95 43 81 30 73 86 16 54 58 39 18 8 
991-5-12 1?2.569 = 5 67 98 95 43 81 30 73 71 68 24 44 38 74 56 69 78 12 
991-5-8 1?2.242 = 5 67 83 28 98 95 43 81 31 58 87 97 39 18 8 
991-5-13 1?2.653 = 5 67 98 95 43 81 30 73 71 68 24 44 38 74 70 23 89 69 17 13 
991-5-10 1?2.62 = 5 67 83 28 98 95 43 81 30 73 71 68 86 16 54 87 97 62 10 
991-5-11 1?2.542 = 5 67 98 95 43 81 30 73 71 68 24 70 23 82 59 37 61 96 11 
991-6-15 1?2.362 = 6 55 43 81 30 73 71 24 44 38 79 92 66 22 93 57 36 15 
991-7-10 1?2.464 = 7 60 33 31 81 30 73 71 68 86 16 54 87 97 62 10 
991-6-14 1?2.444 = 6 55 20 43 81 30 73 68 24 44 38 79 92 66 22 47 63 41 14 
991-7-9 1?2.494 = 7 60 33 31 81 30 73 71 24 68 86 16 54 87 97 9 
991-6-13 1?2.674 = 6 55 20 95 43 81 30 73 71 24 44 38 74 70 23 89 69 17 13 
991-6-12 1?2.604 = 6 55 20 98 95 43 81 30 73 71 24 70 23 89 69 78 12 
991-6-9 1?2.513 = 6 55 20 95 43 81 30 73 71 24 68 86 54 87 97 9 
991-7-8 1?2.399 = 7 60 33 81 30 73 71 24 68 86 16 54 58 39 18 8 
991-7-11 1?2.381 = 7 60 33 81 30 73 71 24 70 23 82 59 37 61 96 11 
991-6-10 1?2.755 = 6 55 20 98 95 43 81 30 73 71 24 68 86 16 54 87 97 62 10 
991-6-11 1?2.634 = 6 55 20 98 95 43 81 30 73 71 24 70 82 59 37 61 96 11 
991-8-10 1?2.557 = 8 18 39 31 81 30 73 71 68 86 16 54 87 97 62 10 
991-8-9 1?2.587 = 8 18 39 31 81 30 73 71 24 68 86 16 54 87 97 9 
991-8-13 1?2.698 = 8 18 39 58 54 16 30 73 71 24 44 38 74 70 23 89 69 17 13 
991-7-14 1?2.437 = 7 60 33 81 30 73 71 68 24 44 38 79 92 66 22 47 63 41 14 
991-7-12 1?2.598 = 7 60 33 81 30 73 71 24 44 38 74 70 23 89 59 37 61 12 
991-8-12 1?2.708 = 8 18 39 58 54 16 30 73 71 68 24 44 38 74 56 69 78 12 
991-7-13 1?2.722 = 7 60 33 31 81 30 73 71 24 44 38 74 70 82 23 89 69 17 13 
991-7-15 1?2.453 = 7 60 33 81 30 73 71 68 24 44 38 79 92 66 50 88 93 22 47 15 
991-8-14 1?2.572 = 8 18 39 58 54 16 86 68 24 44 38 79 92 66 50 88 93 22 63 41 14 
991-8-11 1?2.398 = 8 18 39 58 87 97 35 82 70 23 89 69 59 37 61 11 
991-8-15 1?2.565 = 8 18 39 58 54 16 30 73 71 24 44 38 79 92 66 50 88 93 22 47 15 
991-9-12 1?2.476 = 9 97 87 54 16 86 73 71 24 70 23 89 69 78 12 
991-10-12 1?2.444 = 10 62 97 87 54 35 82 70 23 89 69 78 37 59 61 12 
991-9-10 1?2.665 = 9 97 87 54 16 30 73 71 68 24 70 23 82 64 10 
991-10-13 1?2.558 = 10 62 97 87 58 54 35 82 70 23 89 56 69 27 19 84 17 13 
991-9-13 1?2.581 = 9 97 87 54 16 86 68 71 24 70 82 23 89 69 27 84 17 13 
991-10-14 1?2.436 = 10 62 97 87 54 16 86 68 24 44 38 79 92 66 22 47 63 41 14 
991-9-11 1?2.423 = 9 97 87 54 35 82 70 23 89 69 78 37 59 61 96 11 
991-10-15 1?2.452 = 10 62 97 87 54 16 86 68 24 44 38 79 92 66 50 88 93 22 47 15 
991-10-11 1?2.41 = 10 62 97 87 35 82 70 23 89 69 78 59 37 61 96 11 
991-9-15 1?2.478 = 9 97 87 54 16 86 68 71 24 44 38 79 92 66 50 88 93 22 47 15 
991-9-14 1?2.509 = 9 97 87 54 16 86 73 71 24 44 38 79 92 66 22 47 63 41 14 
991-11-14 1?1.982 = 11 96 61 37 59 69 27 46 79 92 50 66 22 47 63 41 14 
991-13-15 1?1.559 = 13 17 84 19 41 63 47 22 66 92 50 88 93 57 36 15 
991-13-14 1?1.717 = 13 17 69 27 46 79 92 66 50 88 93 22 47 63 41 14 
991-12-14 1?1.824 = 12 78 69 27 46 79 92 66 22 93 57 47 63 41 14 
991-12-15 1?1.838 = 12 78 17 84 19 41 63 47 22 66 92 50 88 93 57 15 
991-14-15 1?1.674 = 14 41 63 47 57 93 22 66 92 79 50 88 29 52 36 15 
991-12-13 1?2.057 = 12 78 69 27 46 79 92 66 22 47 63 41 19 84 17 13 
991-11-13 1?2.219 = 11 96 61 37 59 69 27 46 79 92 66 22 63 41 19 13 
991-11-12 1?2.456 = 11 96 61 37 59 82 70 23 89 56 69 27 19 84 17 78 12 
991-11-15 1?2.27 = 11 61 37 59 69 27 19 41 63 47 22 66 92 79 50 88 93 57 15 
stop
