start
859-0-2 1?2.276 = 0 77 65 95 39 92 70 53 84 61 98 18 26 31 28 2 
859-0-1 1?2.51 = 0 20 60 66 50 87 96 44 55 52 41 95 65 39 92 1 
859-0-8 1?2.497 = 0 20 60 66 50 19 90 51 29 27 59 69 16 40 35 83 81 67 25 8 
859-0-5 1?2.88 = 0 77 65 95 39 92 70 53 28 31 84 17 46 36 62 34 97 54 85 5 
859-0-11 1?2.645 = 0 20 60 66 50 19 90 51 23 29 27 59 58 69 16 40 88 63 91 11 
859-0-7 1?2.639 = 0 20 60 66 50 19 90 51 23 27 59 69 16 40 35 83 81 94 68 7 
859-0-6 1?2.75 = 0 77 65 95 39 92 70 28 31 84 61 17 46 36 62 34 97 30 6 
859-0-10 1?2.517 = 0 20 60 66 50 19 90 51 23 27 59 69 16 40 35 83 48 89 47 10 
859-0-4 1?2.371 = 0 77 65 95 39 92 70 28 53 84 31 26 61 98 18 54 4 
859-0-3 1?2.4 = 0 20 77 65 95 39 92 70 28 53 84 17 98 18 61 31 26 3 
859-0-9 1?2.536 = 0 20 60 66 50 19 90 51 29 27 59 69 16 40 35 48 89 47 32 9 
859-1-2 1?2.204 = 1 65 95 39 92 70 53 84 61 17 98 18 26 31 28 2 
859-0-15 1?2.62 = 0 77 65 95 39 92 46 36 38 55 44 96 33 50 66 15 
859-1-4 1?2.347 = 1 65 95 39 92 70 53 84 61 17 46 36 62 34 97 54 4 
859-1-3 1?2.166 = 1 39 65 95 41 52 44 55 38 36 46 17 61 84 31 26 3 
859-0-12 1?2.52 = 0 20 60 66 50 19 90 51 29 27 59 58 69 16 43 64 76 12 
859-0-14 1?2.316 = 0 77 65 95 41 52 55 44 96 33 50 19 21 45 37 14 
859-0-13 1?2.588 = 0 77 41 52 55 44 96 87 29 27 59 58 23 51 90 99 13 
859-1-5 1?2.679 = 1 39 65 95 41 52 44 55 38 82 49 22 78 42 86 34 62 97 85 5 
859-1-8 1?2.485 = 1 92 39 65 95 41 52 44 96 87 57 69 16 40 35 83 81 67 25 8 
859-1-6 1?2.74 = 1 65 95 39 92 70 53 84 31 26 61 17 46 36 62 34 97 30 6 
859-1-7 1?2.629 = 1 92 39 65 95 41 52 44 96 87 57 56 40 35 83 81 94 68 7 
859-1-14 1?2.225 = 1 39 92 95 65 77 41 52 44 96 33 50 19 37 45 14 
859-1-15 1?2.46 = 1 92 39 65 95 41 52 38 55 44 96 87 50 19 21 15 
859-1-13 1?2.557 = 1 92 39 65 95 41 52 44 96 87 29 27 59 58 23 51 90 99 13 
859-2-4 1?2.191 = 2 70 28 31 84 61 17 46 36 62 34 97 98 18 54 4 
859-2-5 1?2.185 = 2 70 53 84 61 17 46 36 62 34 97 98 18 54 85 5 
859-2-3 1?2.099 = 2 70 53 84 17 46 36 62 34 97 98 18 61 31 26 3 
859-1-12 1?2.548 = 1 92 39 65 95 41 52 44 96 87 57 16 69 58 59 27 23 71 76 12 
859-1-11 1?2.479 = 1 92 39 65 95 41 52 55 44 96 87 29 27 59 69 58 43 63 91 11 
859-1-10 1?2.534 = 1 92 39 65 95 41 52 44 96 87 57 69 16 40 35 83 48 89 47 10 
859-2-6 1?2.669 = 2 70 53 84 61 17 46 36 38 55 49 22 78 82 62 34 97 30 6 
859-1-9 1?2.514 = 1 65 95 41 52 44 96 87 29 27 59 69 16 40 35 83 48 89 47 32 9 
859-3-4 1?2.08 = 3 26 31 28 53 84 61 17 46 36 62 34 97 98 18 4 
859-3-5 1?2.083 = 3 26 31 28 53 84 61 17 46 36 62 34 97 54 85 5 
859-2-15 1?2.658 = 2 70 53 84 61 17 46 36 38 55 52 44 96 33 50 66 21 15 
859-2-13 1?2.68 = 2 70 53 84 61 17 46 36 38 55 44 96 87 29 59 27 23 51 90 13 
859-2-14 1?2.584 = 2 70 28 53 84 61 17 46 36 38 55 44 96 87 50 19 37 45 14 
859-2-11 1?2.618 = 2 70 28 53 84 17 46 36 38 55 44 96 87 29 27 59 58 43 63 91 11 
859-2-12 1?2.648 = 2 70 53 84 61 17 46 36 38 55 44 96 87 29 27 59 58 43 64 76 12 
859-2-7 1?2.591 = 2 70 53 46 36 82 49 22 74 56 40 35 48 83 81 94 68 7 
859-2-10 1?2.618 = 2 70 53 46 36 38 55 44 96 87 29 27 59 69 16 40 35 48 89 47 10 
859-2-9 1?2.517 = 2 70 53 84 61 17 46 36 82 49 22 74 56 35 83 48 89 47 32 9 
859-2-8 1?2.537 = 2 70 53 84 17 46 36 38 55 49 22 74 56 40 35 83 81 67 25 8 
859-4-5 1?2.357 = 4 26 31 28 53 84 61 17 46 36 62 34 97 54 85 5 
859-3-6 1?2.218 = 3 26 31 84 17 46 36 38 55 49 22 78 42 86 72 6 
859-3-13 1?2.531 = 3 26 31 84 17 46 36 38 55 44 96 87 29 27 59 58 23 51 90 13 
859-3-15 1?2.587 = 3 26 31 84 61 17 46 36 41 52 38 55 44 96 33 50 19 21 15 
859-3-14 1?2.464 = 3 26 31 84 61 17 46 36 41 52 55 44 96 33 50 19 21 45 37 14 
859-3-8 1?2.271 = 3 26 31 84 61 17 46 36 82 49 22 74 56 35 83 81 67 25 8 
859-3-7 1?2.438 = 3 26 31 84 17 46 36 82 49 22 74 56 35 83 81 93 94 68 7 
859-3-11 1?2.491 = 3 26 31 84 17 46 36 38 55 44 96 87 29 27 59 58 69 16 43 63 91 11 
859-3-10 1?2.482 = 3 26 31 84 61 17 46 36 38 55 49 22 74 56 40 35 83 48 89 47 10 
859-3-12 1?2.591 = 3 26 31 84 61 17 46 36 38 55 44 96 87 29 27 59 58 43 64 75 76 12 
859-3-9 1?2.337 = 3 26 31 84 17 46 36 82 49 22 74 56 40 35 48 89 47 32 9 
859-4-8 1?2.226 = 4 54 97 34 62 82 49 22 74 56 40 35 83 48 79 67 25 8 
859-4-6 1?2.432 = 4 18 98 17 46 36 62 34 82 49 22 78 42 86 72 6 
859-5-6 1?2.498 = 5 85 97 34 62 82 49 22 74 35 83 81 93 94 68 73 6 
859-4-7 1?2.356 = 4 54 97 34 62 82 49 22 74 56 40 35 83 81 93 94 68 7 
859-4-13 1?2.571 = 4 18 98 62 34 82 49 22 74 56 40 16 69 58 59 27 23 51 90 13 
859-4-14 1?2.692 = 4 54 97 34 62 82 49 22 74 56 16 69 59 27 23 51 90 19 37 45 14 
859-4-15 1?2.833 = 4 18 98 62 82 49 22 74 56 16 69 59 27 23 51 90 19 50 66 15 
859-4-10 1?2.51 = 4 18 98 62 34 86 42 78 49 22 74 56 16 40 35 83 48 89 47 10 
859-4-11 1?2.567 = 4 18 98 62 34 86 42 78 49 22 74 56 40 16 69 59 27 58 43 63 91 11 
859-4-9 1?2.321 = 4 54 97 34 62 82 78 49 22 74 56 40 35 83 48 89 47 32 9 
859-4-12 1?2.652 = 4 54 97 62 34 86 42 78 49 22 74 56 40 16 69 58 59 27 23 71 76 12 
859-5-8 1?2.014 = 5 85 97 34 62 82 49 22 74 56 35 83 81 67 25 8 
859-6-8 1?2.089 = 6 30 86 42 78 49 22 74 56 40 35 83 81 67 25 8 
859-6-7 1?2.26 = 6 30 86 42 78 49 22 74 56 40 35 83 81 94 68 7 
859-5-7 1?2.238 = 5 85 97 34 62 82 49 22 74 56 35 83 81 93 94 68 7 
859-5-14 1?2.687 = 5 85 97 34 62 82 49 22 74 56 16 69 59 27 29 51 90 19 37 45 14 
859-5-9 1?2.241 = 5 85 97 34 62 82 78 49 22 74 56 40 35 48 89 47 32 9 
859-5-15 1?2.79 = 5 85 97 62 82 49 22 74 56 16 69 59 27 23 51 90 19 50 66 15 
859-5-10 1?2.47 = 5 85 97 34 62 82 49 22 74 56 57 69 16 40 35 83 48 89 47 10 
859-5-13 1?2.602 = 5 85 97 34 62 82 49 22 74 56 40 16 69 58 59 27 29 51 90 99 13 
859-5-11 1?2.524 = 5 85 97 62 34 86 42 78 49 22 74 56 40 16 69 59 27 58 43 63 91 11 
859-5-12 1?2.603 = 5 85 97 34 62 82 49 22 74 56 35 40 16 69 58 59 27 29 23 71 12 
859-7-10 1?1.936 = 7 68 94 93 67 25 79 81 83 48 35 40 88 89 47 10 
859-7-8 1?2.076 = 7 68 94 93 67 25 79 81 83 35 48 89 47 32 9 80 8 
859-7-9 1?1.828 = 7 68 94 93 67 25 79 81 83 35 48 88 89 47 32 9 
859-6-10 1?2.429 = 6 72 73 68 94 93 67 25 79 48 83 35 40 16 69 59 58 43 63 10 
859-6-11 1?2.439 = 6 72 73 68 94 93 67 25 79 48 83 35 40 16 69 59 58 43 63 91 11 
859-7-11 1?2.206 = 7 68 94 93 67 25 79 81 83 48 35 40 16 69 59 27 58 43 63 91 11 
859-6-14 1?2.687 = 6 72 24 74 56 40 16 69 58 59 27 23 51 90 19 50 21 45 37 14 
859-6-13 1?2.603 = 6 73 68 94 93 67 25 79 48 83 35 40 16 69 59 27 23 51 90 99 13 
859-6-12 1?2.524 = 6 73 68 94 93 67 25 79 81 83 48 35 40 16 69 58 59 27 23 71 12 
859-6-9 1?2.307 = 6 30 86 42 82 78 49 22 74 56 40 35 83 48 89 47 32 9 
859-6-15 1?2.795 = 6 73 68 94 93 81 83 35 40 16 69 59 27 23 51 90 19 50 66 15 
859-8-10 1?1.758 = 8 25 67 81 83 35 40 16 69 59 58 43 88 89 47 10 
859-8-11 1?1.684 = 8 25 67 81 83 35 40 16 69 59 27 58 43 63 91 11 
859-8-9 1?1.758 = 8 25 67 81 83 35 40 16 69 58 43 88 89 47 32 9 
859-7-14 1?2.429 = 7 68 94 81 83 35 40 16 69 59 27 23 51 90 19 50 21 37 45 14 
859-8-12 1?2.215 = 8 25 67 79 81 83 48 35 40 16 69 58 59 27 29 51 90 99 12 
859-8-13 1?2.262 = 8 67 25 79 81 83 48 35 40 16 69 58 59 27 29 23 51 90 99 13 
859-7-12 1?2.359 = 7 68 94 93 67 25 79 81 83 48 35 40 16 69 59 58 27 29 23 71 12 
859-7-15 1?2.578 = 7 68 94 93 67 25 79 83 35 40 16 69 59 27 23 51 90 19 50 66 15 
859-8-14 1?2.316 = 8 25 67 81 83 35 40 16 69 58 59 27 29 51 90 19 50 21 45 37 14 
859-7-13 1?2.47 = 7 68 94 93 67 25 79 48 83 35 40 16 69 58 59 27 29 23 51 90 99 13 
859-8-15 1?2.513 = 8 67 25 79 81 83 48 35 40 16 69 58 59 27 23 51 90 19 50 66 15 
859-9-10 1?1.759 = 9 32 47 89 48 83 35 40 16 69 59 27 58 43 63 10 
859-9-11 1?1.669 = 9 32 47 89 48 83 35 40 16 69 58 43 63 91 11 
859-10-11 1?1.733 = 10 47 89 48 83 35 40 16 69 59 27 58 43 63 91 11 
859-10-14 1?2.104 = 10 47 89 48 40 16 69 58 59 27 23 51 90 19 37 45 14 
859-10-13 1?1.98 = 10 47 89 48 83 35 40 16 69 58 59 27 23 51 90 99 13 
859-9-12 1?1.896 = 9 32 47 89 48 83 35 40 16 69 58 59 27 29 23 71 12 
859-10-12 1?1.955 = 10 47 89 48 83 35 40 16 69 58 59 27 29 23 71 76 12 
859-9-14 1?2.195 = 9 32 47 89 48 83 35 40 16 69 59 27 23 51 90 19 37 45 14 
859-9-13 1?2.134 = 9 32 47 89 48 83 35 40 16 69 58 27 29 23 51 90 99 13 
859-10-15 1?2.33 = 10 47 89 48 83 35 40 16 69 59 27 29 51 90 19 50 66 15 
859-9-15 1?2.395 = 9 32 47 89 48 83 35 40 16 69 58 59 27 23 51 90 19 50 66 15 
859-11-14 1?1.958 = 11 91 63 43 58 59 27 29 51 90 19 50 21 45 37 14 
859-12-14 1?2.138 = 12 76 64 58 59 27 29 23 51 90 19 50 21 45 37 14 
859-13-14 1?2.201 = 13 99 71 23 58 59 27 29 51 90 19 50 21 45 37 14 
859-12-13 1?2.174 = 12 76 75 91 63 43 58 69 59 27 29 23 51 90 99 13 
859-11-13 1?2.04 = 11 91 63 64 43 16 69 58 59 27 29 23 51 90 99 13 
859-11-12 1?2.058 = 11 91 63 43 58 27 59 69 16 40 56 57 29 23 71 12 
859-14-15 1?2.505 = 14 37 45 21 19 50 87 96 44 55 38 52 41 60 66 15 
859-13-15 1?2.582 = 13 99 90 51 29 27 59 69 16 40 56 57 87 50 66 15 
859-12-15 1?2.438 = 12 76 75 64 63 43 58 59 27 29 23 51 90 19 50 66 15 
859-11-15 1?2.522 = 11 91 63 43 58 59 69 16 40 56 57 29 51 90 19 50 66 15 
stop
