start
409-0-4 1?2.233 = 0 28 95 25 97 20 72 83 19 68 90 94 66 42 22 59 96 62 4 
409-0-1 1?2.245 = 0 28 95 25 97 20 72 23 24 21 19 68 93 81 64 76 1 
409-0-8 1?2.376 = 0 95 25 97 20 72 23 24 21 77 75 80 39 88 87 53 44 32 48 8 
409-0-5 1?2.365 = 0 28 95 25 97 20 72 83 93 68 90 26 66 42 22 59 96 62 5 
409-0-10 1?2.2 = 0 28 95 25 97 20 72 23 24 21 37 27 35 30 79 86 99 34 57 10 
409-0-9 1?2.409 = 0 28 95 25 97 20 72 23 24 21 37 27 35 30 79 86 99 34 57 45 9 
409-0-6 1?2.308 = 0 28 95 25 97 20 72 23 24 21 77 75 80 49 36 61 16 74 47 6 
409-0-7 1?2.418 = 0 28 95 25 97 20 72 23 24 21 77 75 80 49 61 16 74 54 46 7 
409-0-11 1?2.235 = 0 28 95 25 97 20 72 23 24 21 37 27 35 30 84 91 67 31 11 
409-0-2 1?2.143 = 0 28 95 25 97 20 72 23 24 83 93 81 64 65 55 38 2 
409-0-3 1?2.326 = 0 28 95 25 97 20 72 23 24 21 37 77 19 68 90 26 29 71 3 
409-0-13 1?1.884 = 0 28 25 97 95 20 72 33 89 78 18 70 50 17 82 13 
409-0-15 1?2.422 = 0 28 95 25 97 20 72 23 18 78 70 50 17 82 89 33 15 
409-0-14 1?2.23 = 0 28 25 95 97 20 72 23 24 21 77 37 18 70 78 89 14 
409-1-4 1?2.251 = 1 76 55 65 64 81 93 19 68 90 94 66 42 22 59 96 62 4 
409-1-5 1?2.426 = 1 76 64 81 93 19 68 90 94 49 36 61 16 40 54 74 47 69 5 
409-1-2 1?2.322 = 1 76 64 81 93 19 68 90 94 66 26 60 65 55 38 2 
409-1-6 1?2.323 = 1 76 64 81 93 68 90 94 49 36 61 39 88 40 16 74 47 6 
409-1-3 1?2.155 = 1 76 64 81 93 68 90 94 66 42 22 59 29 71 3 
409-1-7 1?2.456 = 1 76 64 81 93 68 90 94 49 36 61 39 88 87 53 40 54 56 7 
409-1-8 1?2.341 = 1 76 64 81 93 68 90 94 49 36 61 39 88 87 53 44 32 48 8 
409-0-12 1?2.135 = 0 28 95 25 97 20 72 23 24 21 37 27 35 30 84 91 67 98 12 
409-1-13 1?2.198 = 1 76 0 28 95 25 97 20 33 89 78 18 70 50 17 82 13 
409-1-14 1?2.406 = 1 76 64 81 93 68 90 80 75 77 37 18 78 89 14 
409-2-4 1?1.945 = 2 38 55 65 81 93 19 68 90 94 66 42 22 59 96 62 4 
409-2-5 1?2.036 = 2 38 60 81 93 19 68 90 26 66 42 22 59 96 62 5 
409-2-6 1?2.183 = 2 38 55 65 81 93 19 68 90 94 49 36 61 16 40 54 74 47 6 
409-2-3 1?2.128 = 2 38 55 65 81 93 68 90 26 66 42 22 59 29 71 3 
409-1-10 1?2.508 = 1 76 64 81 93 19 77 37 27 35 30 79 86 85 63 99 41 34 57 10 
409-1-9 1?2.359 = 1 76 64 81 93 68 90 94 49 61 39 88 87 53 44 32 48 43 9 
409-1-12 1?2.32 = 1 76 64 83 24 21 77 37 27 35 85 86 79 84 91 67 98 12 
409-1-11 1?2.456 = 1 76 64 83 24 21 37 77 73 27 35 30 79 84 91 67 98 31 11 
409-1-15 1?2.174 = 1 76 64 81 93 19 77 37 21 24 23 72 20 97 25 15 
409-3-4 1?2.198 = 3 71 29 66 94 49 36 61 16 52 42 22 59 96 62 4 
409-3-5 1?2.148 = 3 71 29 42 66 94 49 36 61 16 40 54 74 47 69 5 
409-2-14 1?2.562 = 2 38 55 65 64 81 93 68 90 80 75 77 37 18 70 78 89 14 
409-2-13 1?2.574 = 2 38 60 26 90 68 19 80 75 73 27 35 30 84 91 67 50 17 13 
409-2-10 1?2.496 = 2 38 60 26 90 94 49 36 61 39 88 87 53 44 32 41 99 34 57 10 
409-2-7 1?2.395 = 2 38 60 26 68 90 94 49 36 61 39 88 87 53 44 32 48 46 7 
409-2-8 1?2.295 = 2 38 60 81 93 68 90 94 49 36 61 39 88 87 53 44 32 48 8 
409-2-11 1?2.471 = 2 38 55 65 81 93 19 80 75 73 27 35 30 79 84 91 67 98 31 11 
409-2-15 1?2.094 = 2 38 55 65 64 81 93 83 24 23 72 20 97 25 95 28 15 
409-2-12 1?2.434 = 2 38 55 65 81 93 19 77 73 27 35 85 86 79 30 84 91 67 98 12 
409-2-9 1?2.418 = 2 38 60 81 93 19 68 90 94 49 36 61 39 88 87 53 44 32 48 43 9 
409-3-6 1?1.978 = 3 71 29 66 94 49 36 61 39 88 40 54 74 47 6 
409-4-5 1?1.915 = 4 62 96 59 22 42 66 94 49 36 61 16 74 47 69 5 
409-3-14 1?2.652 = 3 71 29 59 96 22 42 66 94 90 68 19 77 37 18 70 78 89 14 
409-3-7 1?2.177 = 3 71 29 66 94 49 36 61 39 88 87 53 44 32 48 46 7 
409-3-13 1?2.596 = 3 71 29 26 90 68 19 77 37 27 35 30 84 91 67 51 50 17 13 
409-3-10 1?2.354 = 3 71 29 66 94 49 36 61 39 88 87 53 44 32 48 43 92 34 57 10 
409-3-8 1?2.178 = 3 71 29 42 66 94 49 36 61 39 88 87 53 44 32 48 43 8 
409-3-9 1?2.398 = 3 71 29 59 96 22 42 66 94 49 36 61 39 88 87 53 44 32 48 43 9 
409-3-11 1?2.507 = 3 71 29 66 94 49 36 61 39 88 87 53 44 32 41 99 34 58 11 
409-3-15 1?2.285 = 3 71 29 26 90 68 19 77 37 21 24 23 72 20 25 97 95 28 15 
409-3-12 1?2.471 = 3 29 66 94 49 36 61 39 88 87 53 44 63 85 86 79 84 91 67 98 12 
409-4-7 1?1.836 = 4 62 96 59 42 66 94 49 36 61 16 74 54 46 7 
409-4-6 1?1.779 = 4 96 59 22 42 66 94 49 36 61 16 40 54 74 47 6 
409-5-6 1?1.886 = 5 62 96 59 22 42 66 94 49 36 61 16 74 54 47 6 
409-4-10 1?2.108 = 4 96 59 22 52 36 49 61 39 88 87 53 44 32 41 34 57 10 
409-4-14 1?2.454 = 4 62 96 59 22 42 66 26 90 68 19 77 37 18 70 78 89 33 14 
409-4-9 1?1.963 = 4 62 96 59 22 52 36 49 61 39 88 87 53 44 32 48 43 9 
409-4-8 1?1.955 = 4 62 96 59 22 52 36 49 61 39 88 87 53 44 32 48 43 8 
409-4-13 1?2.511 = 4 62 96 59 22 42 66 94 90 68 19 80 75 77 37 18 78 70 50 17 13 
409-4-12 1?2.327 = 4 96 59 22 52 36 61 39 88 87 53 44 63 85 86 79 84 91 67 98 12 
409-4-15 1?2.247 = 4 62 96 59 22 42 66 26 90 68 19 21 24 23 72 20 97 25 28 15 
409-4-11 1?2.456 = 4 96 59 22 52 36 61 39 88 87 53 44 63 85 86 79 84 91 67 98 31 11 
409-6-7 1?1.764 = 6 47 74 16 61 36 49 39 88 87 53 40 54 56 7 
409-5-7 1?1.916 = 5 52 36 49 61 39 88 87 53 44 32 43 48 46 7 
409-6-8 1?1.649 = 6 47 74 16 61 36 49 39 88 87 53 44 32 48 8 
409-5-10 1?2.112 = 5 69 47 74 16 61 36 49 39 88 87 53 44 32 41 34 57 10 
409-5-9 1?1.976 = 5 69 47 54 74 16 61 36 49 39 88 87 53 44 32 43 9 
409-5-8 1?1.942 = 5 69 47 54 74 16 61 36 49 39 88 87 53 44 32 48 8 
409-5-14 1?2.562 = 5 52 36 49 39 88 87 53 44 63 85 86 79 30 70 18 78 89 14 
409-5-13 1?2.464 = 5 52 36 49 61 39 88 87 53 44 63 86 79 84 91 67 50 17 13 
409-5-11 1?2.276 = 5 52 36 49 61 39 88 87 53 44 41 99 86 79 84 91 67 11 
409-5-12 1?2.285 = 5 52 36 49 61 39 88 87 53 44 32 41 99 86 79 84 91 67 98 12 
409-5-15 1?2.368 = 5 62 96 59 22 42 66 26 90 68 19 21 24 23 72 20 97 25 95 28 15 
409-7-10 1?1.869 = 7 56 54 74 16 61 39 88 87 53 44 41 34 57 10 
409-6-9 1?1.683 = 6 47 74 16 61 36 49 39 88 87 53 44 32 43 9 
409-7-9 1?1.719 = 7 56 54 74 16 61 39 88 87 53 44 32 48 43 9 
409-7-8 1?1.711 = 7 56 54 74 16 61 39 88 87 53 44 32 48 43 8 
409-6-10 1?1.969 = 6 47 74 16 61 36 49 39 88 87 53 44 32 41 99 34 57 10 
409-6-13 1?2.332 = 6 47 74 16 61 39 88 87 53 44 63 85 86 79 84 91 67 50 17 13 
409-6-14 1?2.465 = 6 47 54 74 16 61 36 49 39 88 87 53 73 27 70 18 78 89 14 
409-7-11 1?2.179 = 7 46 40 16 61 39 88 87 53 44 63 85 86 79 84 91 67 11 
409-6-11 1?2.147 = 6 47 74 16 61 39 88 87 53 44 63 85 86 79 30 84 91 67 11 
409-6-12 1?2.166 = 6 47 74 16 61 36 49 39 88 87 53 44 63 85 86 79 84 91 67 98 12 
409-6-15 1?2.294 = 6 47 54 74 16 61 36 49 80 75 77 37 21 24 23 72 20 97 25 15 
409-8-10 1?2.033 = 8 48 43 92 41 99 63 85 86 79 30 84 91 58 34 57 10 
409-8-9 1?1.939 = 8 46 40 16 61 36 49 39 88 87 53 44 32 43 9 
409-8-11 1?1.908 = 8 48 43 92 41 99 63 85 86 79 30 84 91 67 98 31 11 
409-8-13 1?2.266 = 8 48 43 92 41 99 63 85 86 79 30 84 91 67 98 51 50 17 82 13 
409-7-13 1?2.38 = 7 46 48 43 92 41 99 86 85 63 35 30 84 91 67 98 51 50 17 13 
409-7-14 1?2.52 = 7 56 54 74 16 61 36 49 39 88 87 53 73 27 70 18 78 89 14 
409-8-14 1?2.508 = 8 48 32 44 53 87 88 39 61 36 49 80 75 77 37 18 78 89 14 
409-8-12 1?2.128 = 8 43 48 32 41 99 86 85 63 35 30 79 84 91 67 31 98 51 12 
409-7-12 1?2.136 = 7 46 40 16 61 39 88 87 53 44 63 85 86 79 84 91 67 98 12 
409-8-15 1?2.327 = 8 48 32 44 53 87 88 39 80 75 77 21 24 23 72 20 95 97 25 15 
409-7-15 1?2.399 = 7 46 54 74 16 61 36 49 39 80 75 77 21 24 23 72 20 97 25 15 
409-9-10 1?2.112 = 9 43 92 41 63 85 35 30 84 79 86 99 34 57 45 10 
409-10-13 1?1.7 = 10 57 34 99 86 85 79 30 84 91 67 98 51 50 17 13 
409-10-11 1?1.642 = 10 57 34 41 99 86 85 63 35 30 84 91 67 98 31 11 
409-9-13 1?2.037 = 9 45 57 34 41 99 63 85 86 79 30 84 91 67 98 51 50 17 13 
409-10-12 1?1.58 = 10 57 34 41 99 63 85 86 79 30 84 91 67 31 98 51 12 
409-9-11 1?1.737 = 9 45 34 41 99 63 85 86 79 30 84 91 67 98 31 11 
409-10-14 1?2.062 = 10 57 34 41 99 86 85 63 35 30 79 84 91 70 18 78 89 14 
409-9-14 1?2.271 = 9 45 57 34 41 99 86 85 63 35 30 79 84 91 70 18 78 89 14 
409-9-12 1?2.141 = 9 43 48 32 41 99 86 63 85 35 30 79 84 91 67 31 98 51 12 
409-10-15 1?2.108 = 10 57 34 99 86 85 35 27 37 21 24 23 72 20 97 25 95 28 15 
409-9-15 1?2.3 = 9 43 48 32 44 53 87 88 39 80 75 77 21 24 23 72 20 97 25 15 
409-12-13 1?1.831 = 12 98 67 91 84 79 86 85 35 30 70 18 78 82 17 13 
409-11-13 1?1.929 = 11 31 98 67 91 84 79 86 85 35 30 70 78 82 17 13 
409-13-14 1?2.077 = 13 17 50 51 98 31 67 91 84 79 30 70 18 78 89 14 
409-12-14 1?1.977 = 12 98 31 67 91 84 30 79 86 85 63 35 70 18 78 89 14 
409-11-12 1?1.97 = 11 10 57 34 41 99 63 85 86 79 30 84 91 67 31 98 51 12 
409-11-14 1?2.209 = 11 31 98 67 91 84 79 86 99 41 63 85 35 30 70 78 89 14 
409-13-15 1?1.904 = 13 17 50 70 18 78 89 33 23 72 20 25 97 95 28 15 
409-14-15 1?2.052 = 14 82 17 50 70 18 78 89 33 72 20 25 97 95 28 15 
409-12-15 1?2.035 = 12 51 98 67 91 84 30 35 27 37 21 24 23 72 20 97 25 15 
409-11-15 1?2.186 = 11 31 67 91 84 30 35 27 37 21 24 23 72 20 97 25 95 28 15 
stop
