start
416-0-3 1?1.471 = 0 41 43 67 69 78 26 49 25 72 64 86 28 31 59 3 
416-0-2 1?1.228 = 0 41 67 43 78 26 49 25 72 64 86 28 31 47 81 2 
416-0-1 1?1.26 = 0 41 43 67 69 78 26 49 86 28 31 47 64 72 25 1 
416-0-10 1?2.203 = 0 41 43 67 69 68 61 80 45 46 93 70 63 74 30 96 42 58 87 10 
416-0-5 1?2.124 = 0 41 43 67 69 78 26 49 25 72 64 86 28 76 34 99 85 29 48 5 
416-0-11 1?2.262 = 0 41 43 67 69 68 61 80 45 46 93 70 63 74 30 96 42 37 95 11 
416-0-6 1?2.245 = 0 41 43 67 69 78 26 49 25 72 64 86 28 76 34 99 85 60 36 6 
416-0-9 1?2.247 = 0 41 43 67 69 68 61 80 45 46 93 70 63 74 30 94 57 21 82 9 
416-0-8 1?2.38 = 0 41 43 67 69 68 61 80 45 46 93 70 63 74 30 96 18 94 57 21 8 
416-0-7 1?2.534 = 0 41 67 43 78 26 49 25 72 64 86 28 31 76 51 75 77 65 33 7 
416-0-4 1?1.914 = 0 41 67 69 43 20 78 26 49 25 72 64 86 28 31 47 59 89 53 4 
416-1-2 1?1.187 = 1 20 43 67 69 78 26 49 25 72 64 86 28 31 47 2 
416-0-14 1?1.879 = 0 41 20 26 49 78 43 67 69 68 17 50 27 40 52 14 
416-0-13 1?1.88 = 0 41 43 67 69 68 17 50 27 40 92 19 79 22 91 13 
416-1-3 1?1.428 = 1 20 43 67 69 78 26 49 25 72 64 86 28 31 59 3 
416-0-15 1?1.702 = 0 41 43 67 69 78 26 49 64 86 28 98 68 17 50 15 
416-1-5 1?1.965 = 1 20 78 26 49 25 72 64 47 86 28 31 76 34 99 85 29 48 5 
416-1-6 1?2.101 = 1 20 78 26 49 25 72 64 47 86 28 76 34 99 85 29 60 36 6 
416-0-12 1?2.317 = 0 41 20 26 78 43 67 69 68 32 61 80 45 44 71 55 84 62 12 
416-1-8 1?2.289 = 1 26 78 43 67 69 68 61 80 45 46 93 70 63 74 30 94 57 21 8 
416-1-4 1?1.793 = 1 20 43 67 69 78 26 49 25 72 64 86 28 31 47 59 89 53 4 
416-1-7 1?2.404 = 1 20 78 26 49 25 72 64 86 28 31 76 34 99 85 29 60 66 33 7 
416-1-14 1?1.746 = 1 25 72 64 49 26 78 20 43 67 69 68 17 50 52 14 
416-1-15 1?1.569 = 1 20 78 26 49 25 72 64 86 31 28 98 68 17 50 15 
416-2-5 1?1.908 = 2 81 25 72 64 86 28 31 76 34 99 85 29 60 36 83 5 
416-1-13 1?2.068 = 1 20 26 78 43 67 69 68 61 80 45 44 71 55 92 19 79 22 13 
416-2-3 1?1.597 = 2 81 72 25 49 26 78 43 67 69 98 28 86 31 47 59 3 
416-2-6 1?2.172 = 2 81 25 72 64 47 31 86 28 76 75 34 99 85 29 60 36 6 
416-2-4 1?1.84 = 2 81 72 25 49 26 78 43 67 69 98 28 86 31 59 89 53 4 
416-1-11 1?2.252 = 1 26 78 43 67 69 68 61 80 45 46 93 70 63 74 30 96 42 37 95 11 
416-1-10 1?2.224 = 1 20 26 78 43 67 68 61 80 45 46 93 70 63 74 30 96 42 58 87 10 
416-1-9 1?2.268 = 1 20 26 78 43 67 68 61 80 45 46 93 70 63 74 30 94 57 21 82 9 
416-1-12 1?2.296 = 1 20 78 26 49 25 72 64 47 31 86 28 32 61 80 45 44 55 62 12 
416-2-15 1?1.491 = 2 81 64 72 25 49 26 78 20 43 67 69 68 17 50 15 
416-3-5 1?2.211 = 3 2 81 25 72 64 47 31 86 28 76 34 99 85 29 48 5 
416-3-4 1?2.189 = 3 2 81 72 25 49 26 78 43 67 69 98 28 86 31 59 89 4 
416-2-13 1?2.121 = 2 47 64 72 25 49 26 78 43 67 69 68 17 50 52 19 79 22 91 13 
416-2-14 1?1.953 = 2 81 47 31 28 86 64 72 25 49 26 78 43 67 69 68 17 50 52 14 
416-2-9 1?2.3 = 2 81 64 86 28 32 61 80 45 46 93 70 63 74 30 94 57 21 82 9 
416-2-7 1?2.416 = 2 81 25 72 64 47 31 86 28 76 34 99 85 29 60 66 33 38 7 
416-2-8 1?2.396 = 2 81 47 31 86 28 32 61 80 45 46 93 70 63 74 30 94 57 21 8 
416-2-11 1?2.411 = 2 81 25 72 64 86 28 32 61 80 45 46 93 70 63 74 30 96 42 37 95 11 
416-2-10 1?2.373 = 2 81 64 47 31 86 28 32 61 80 45 46 93 70 63 74 30 96 42 58 87 10 
416-2-12 1?2.381 = 2 81 64 72 25 49 26 78 20 43 67 69 68 61 80 45 44 71 55 62 12 
416-4-5 1?2.344 = 4 56 53 89 59 47 64 86 28 31 76 34 85 29 48 5 
416-3-6 1?2.488 = 3 2 81 25 72 64 47 31 86 28 76 34 99 85 29 60 66 36 6 
416-3-13 1?2.361 = 3 59 47 64 72 25 49 26 78 43 67 69 68 17 50 52 19 79 91 13 
416-3-15 1?1.953 = 3 59 47 31 28 86 64 72 25 49 26 78 43 67 69 68 17 50 15 
416-3-14 1?2.213 = 3 59 47 31 28 86 64 72 25 49 26 78 43 67 68 17 50 52 14 
416-3-7 1?2.561 = 3 59 89 53 56 23 34 99 85 29 60 36 66 33 65 38 73 7 
416-3-10 1?2.484 = 3 59 89 53 56 48 29 85 99 77 24 63 74 30 96 42 39 37 58 87 10 
416-3-9 1?2.46 = 3 59 89 53 56 48 29 85 99 77 24 63 74 30 96 18 94 57 21 82 9 
416-3-11 1?2.579 = 3 59 89 53 56 48 29 85 99 77 24 63 74 30 96 42 37 58 87 95 11 
416-3-8 1?2.616 = 3 59 89 53 56 29 85 99 77 24 63 74 30 96 42 18 94 57 21 8 
416-3-12 1?2.623 = 3 59 47 64 72 25 49 26 78 43 67 69 68 61 80 45 44 55 62 12 
416-5-6 1?2.576 = 5 83 36 66 60 29 85 99 34 76 51 75 77 65 33 6 
416-4-6 1?2.422 = 4 56 53 89 59 47 64 86 28 76 34 99 60 36 6 
416-4-7 1?2.252 = 4 89 53 56 48 29 85 99 60 36 66 33 65 38 73 7 
416-4-9 1?2.27 = 4 53 56 48 29 85 99 77 24 63 74 30 96 18 94 57 21 82 9 
416-4-13 1?2.588 = 4 53 89 59 47 64 49 26 78 43 67 69 68 17 50 52 19 79 91 13 
416-4-15 1?2.196 = 4 53 89 59 31 28 86 64 72 25 49 26 78 43 67 69 68 17 50 15 
416-4-14 1?2.414 = 4 56 53 89 59 47 64 72 25 49 26 78 43 67 69 68 17 50 52 14 
416-4-8 1?2.403 = 4 89 53 56 48 29 85 99 77 24 63 74 30 96 18 94 57 21 8 
416-4-10 1?2.58 = 4 89 53 56 48 29 85 99 60 66 77 24 63 74 30 96 42 39 37 58 87 10 
416-4-12 1?2.553 = 4 89 53 56 48 29 85 99 77 24 63 74 30 96 42 39 37 35 12 
416-4-11 1?2.663 = 4 53 56 48 29 85 99 60 66 77 24 63 74 30 96 42 39 37 58 87 95 11 
416-5-8 1?2.076 = 5 48 29 85 99 77 24 63 74 30 96 18 94 57 21 8 
416-6-8 1?2.163 = 6 36 60 29 85 99 77 24 63 74 30 94 57 21 8 
416-5-7 1?2.306 = 5 48 29 85 99 77 24 63 74 30 96 18 94 57 73 7 
416-6-7 1?2.368 = 6 36 60 66 77 24 63 74 30 96 18 94 57 21 73 7 
416-5-10 1?2.151 = 5 83 36 60 29 85 99 77 24 63 74 30 96 42 37 58 87 10 
416-5-9 1?2.184 = 5 83 36 60 29 85 99 77 24 63 74 30 96 18 57 21 82 9 
416-5-13 1?2.549 = 5 48 29 85 99 34 76 51 16 97 46 44 71 55 84 92 19 79 22 91 13 
416-5-15 1?2.44 = 5 83 36 60 29 85 99 34 76 51 16 97 45 80 61 27 17 50 15 
416-5-14 1?2.587 = 5 83 36 60 29 85 99 34 76 51 16 97 45 46 44 92 79 19 14 
416-5-11 1?2.513 = 5 83 36 60 48 29 85 99 77 24 63 74 30 96 42 39 37 58 87 95 11 
416-5-12 1?2.711 = 5 83 36 60 29 85 99 34 75 77 24 63 74 30 96 42 39 37 35 12 
416-6-10 1?2.067 = 6 36 60 29 85 99 77 24 63 74 30 96 42 58 87 10 
416-7-10 1?2.165 = 7 73 21 57 94 18 96 30 74 54 88 39 42 58 87 10 
416-6-9 1?2.047 = 6 36 60 66 77 24 63 74 30 96 18 94 57 21 82 9 
416-7-9 1?2.049 = 7 38 33 65 24 63 74 30 96 42 18 94 57 21 82 9 
416-7-8 1?2.257 = 7 38 33 65 77 24 63 74 30 96 42 18 94 57 21 8 
416-7-11 1?2.463 = 7 38 73 21 57 94 18 96 30 74 63 54 88 39 37 58 87 95 11 
416-6-11 1?2.311 = 6 36 60 29 85 99 77 24 63 74 30 96 42 37 58 87 95 11 
416-6-13 1?2.526 = 6 36 60 29 85 99 34 76 51 16 97 46 44 92 19 79 22 91 13 
416-6-14 1?2.612 = 6 36 60 29 85 99 34 76 51 16 97 46 44 71 55 84 92 19 14 
416-6-15 1?2.582 = 6 36 60 29 85 99 34 76 28 86 49 26 78 43 67 69 68 17 50 15 
416-6-12 1?2.619 = 6 83 36 66 60 29 85 99 77 24 63 74 30 96 42 39 37 35 12 
416-8-10 1?2.002 = 8 21 57 94 18 96 30 74 63 54 88 39 42 58 87 10 
416-8-9 1?2.288 = 8 21 57 94 18 96 30 74 63 54 88 39 37 58 82 9 
416-8-11 1?2.246 = 8 21 57 94 18 96 30 74 63 54 88 39 42 37 58 87 95 11 
416-8-13 1?2.391 = 8 21 57 94 18 96 30 74 63 70 93 90 71 55 84 92 19 79 22 13 
416-7-13 1?2.623 = 7 38 73 21 57 94 18 96 30 74 54 71 55 62 84 92 19 79 22 91 13 
416-7-15 1?2.685 = 7 38 73 21 57 94 18 96 30 74 63 70 93 46 97 45 27 17 50 15 
416-7-14 1?2.707 = 7 38 73 21 57 94 18 96 30 74 63 54 88 71 55 84 92 79 19 14 
416-8-14 1?2.596 = 8 21 57 94 18 42 96 30 74 63 70 93 90 71 55 62 84 92 79 19 14 
416-8-15 1?2.638 = 8 21 57 94 18 96 30 74 63 70 93 90 46 97 45 80 61 27 17 50 15 
416-8-12 1?2.609 = 8 21 57 94 18 96 30 74 63 70 90 71 55 84 92 19 79 91 22 12 
416-7-12 1?2.764 = 7 38 73 21 57 94 18 96 30 74 54 88 39 37 58 87 95 35 12 
416-9-13 1?1.981 = 9 82 21 57 94 18 96 30 74 54 88 62 84 92 22 13 
416-9-10 1?1.799 = 9 82 21 57 94 18 96 30 74 54 88 39 37 58 87 10 
416-10-13 1?1.934 = 10 87 58 42 96 30 74 54 88 62 84 92 19 79 91 13 
416-10-14 1?2.024 = 10 87 58 37 42 96 30 74 54 88 62 84 92 79 19 14 
416-9-11 1?1.843 = 9 82 21 57 94 63 74 30 96 42 39 37 58 87 95 11 
416-10-11 1?2.069 = 10 87 58 42 96 30 74 63 70 90 54 88 39 37 95 11 
416-10-12 1?2.119 = 10 87 58 42 96 30 74 63 70 93 90 71 55 84 62 12 
416-9-12 1?2.049 = 9 82 21 57 94 18 42 96 30 74 63 54 88 35 12 
416-9-14 1?2.356 = 9 82 21 57 94 18 96 30 74 54 88 62 84 92 22 91 79 19 52 14 
416-10-15 1?2.35 = 10 87 58 37 39 42 96 30 74 63 70 93 90 44 40 27 17 50 15 
416-9-15 1?2.398 = 9 82 21 57 94 18 96 30 74 63 70 93 90 46 97 45 27 17 50 15 
416-11-13 1?2.035 = 11 95 37 42 96 30 74 54 88 62 84 92 19 79 22 13 
416-12-13 1?2.183 = 12 35 39 42 96 30 74 54 88 62 84 92 19 79 91 13 
416-12-14 1?2.271 = 12 35 37 39 42 96 30 74 54 88 62 84 92 79 19 14 
416-11-14 1?2.108 = 11 95 87 58 42 96 30 74 54 88 62 84 92 79 19 14 
416-13-14 1?2.086 = 13 91 22 79 19 92 84 55 71 44 40 27 17 50 52 14 
416-14-15 1?2.048 = 14 52 19 79 91 22 84 62 55 71 44 40 27 17 50 15 
416-13-15 1?2.086 = 13 91 22 79 19 92 84 62 55 71 44 45 27 17 50 15 
416-11-12 1?2.263 = 11 95 87 58 37 42 96 30 74 54 88 71 55 84 62 12 
416-11-15 1?2.3 = 11 95 87 58 42 96 30 74 63 70 90 44 40 27 17 50 15 
416-12-15 1?2.459 = 12 35 37 42 96 30 74 63 70 93 90 44 40 27 17 50 15 
stop
