start
313-0-1 1?2.017 = 0 73 78 98 36 67 81 33 77 52 75 79 31 90 80 1 
313-0-2 1?2.184 = 0 73 78 77 33 84 59 70 20 60 99 72 35 75 79 90 2 
313-0-3 1?2.376 = 0 73 78 98 36 81 67 32 76 84 59 70 20 60 99 72 89 54 3 
313-0-4 1?2.286 = 0 73 78 98 36 81 67 32 76 84 59 70 20 60 99 72 89 54 4 
313-0-5 1?2.4 = 0 73 78 98 36 67 81 76 84 59 70 20 60 99 72 89 54 57 47 5 
313-0-6 1?2.763 = 0 73 98 36 67 81 33 77 52 84 59 70 20 60 99 72 89 43 41 91 6 
313-0-7 1?2.657 = 0 73 98 36 81 67 32 63 93 42 87 27 51 92 56 68 30 40 18 44 7 
313-0-8 1?2.483 = 0 73 98 36 81 67 32 63 93 82 42 87 27 51 92 56 68 30 21 16 8 
313-0-9 1?2.28 = 0 73 98 36 67 32 63 87 27 51 92 56 95 58 65 71 50 86 46 9 
313-0-10 1?2.178 = 0 73 98 36 81 67 32 63 87 27 42 51 92 56 95 58 65 74 96 10 
313-0-11 1?2.351 = 0 73 98 36 81 67 32 63 87 27 51 92 68 56 95 58 65 74 96 11 
313-0-12 1?2.308 = 0 73 78 98 36 81 67 32 63 87 27 42 51 92 82 48 53 17 12 
313-0-13 1?1.698 = 0 28 36 98 81 67 32 63 62 83 45 29 34 37 19 13 
313-0-14 1?1.854 = 0 73 78 98 36 81 67 32 63 62 83 45 29 34 37 14 
313-0-15 1?2.063 = 0 38 80 97 77 33 98 36 81 67 32 94 26 24 55 15 
313-1-2 1?1.95 = 1 80 97 78 98 36 67 81 33 77 52 75 79 31 90 2 
313-1-3 1?2.093 = 1 38 78 77 33 84 59 70 20 60 99 72 89 54 3 
313-1-4 1?2.003 = 1 38 78 77 33 84 59 70 20 60 99 72 89 54 4 
313-1-5 1?2.354 = 1 80 97 38 78 77 33 84 59 70 20 60 99 72 89 54 57 47 5 
313-1-6 1?2.633 = 1 80 97 77 33 76 84 59 70 20 60 99 72 89 54 57 47 91 6 
313-1-7 1?2.704 = 1 38 78 98 36 81 67 32 63 87 27 51 92 56 68 30 40 18 44 7 
313-1-8 1?2.646 = 1 80 97 77 33 76 87 27 42 51 92 56 95 58 65 71 50 86 46 21 16 8 
313-1-9 1?2.376 = 1 80 97 77 33 76 87 27 51 92 68 56 95 58 65 71 50 64 86 46 9 
313-1-10 1?2.473 = 1 38 78 98 36 81 67 32 63 93 42 87 27 51 92 56 68 95 58 74 96 49 10 
313-1-11 1?2.498 = 1 38 78 98 36 81 67 32 63 93 82 42 87 27 51 92 68 56 95 23 11 
313-1-12 1?2.507 = 1 38 78 98 36 81 67 32 63 62 88 93 42 87 27 51 82 48 53 17 12 
313-1-13 1?2.044 = 1 80 97 38 78 98 36 81 67 32 63 62 88 83 45 29 34 37 19 13 
313-1-14 1?1.767 = 1 38 80 97 77 33 98 36 81 67 32 94 26 24 55 14 
313-1-15 1?1.897 = 1 80 97 38 78 98 28 36 81 67 32 94 26 24 55 15 
313-2-3 1?2.098 = 2 90 31 79 75 52 84 59 70 20 60 99 72 89 54 3 
313-2-4 1?2.008 = 2 90 31 79 75 52 84 59 70 20 60 99 72 89 54 4 
313-2-5 1?1.908 = 2 90 31 79 75 35 72 99 60 39 43 41 85 57 47 5 
313-2-6 1?2.497 = 2 90 31 79 75 35 89 99 72 20 60 39 61 40 18 44 91 6 
313-2-7 1?2.609 = 2 25 31 75 35 54 89 72 99 20 60 43 39 61 40 18 44 7 
313-2-8 1?2.608 = 2 31 79 52 84 59 87 27 51 92 56 95 58 65 71 50 86 46 21 16 8 
313-2-9 1?2.394 = 2 90 31 79 52 84 59 87 27 42 51 92 68 56 95 58 65 71 50 86 46 9 
313-2-10 1?2.517 = 2 90 31 75 35 72 99 60 69 27 87 42 51 92 56 68 95 58 65 74 49 10 
313-2-11 1?2.623 = 2 31 75 35 72 99 60 69 27 87 42 51 92 68 56 95 58 65 74 96 11 
313-2-12 1?2.549 = 2 90 31 75 35 72 99 60 69 87 27 51 92 82 93 48 53 17 12 
313-2-13 1?2.216 = 2 90 80 38 78 98 36 81 67 32 63 62 88 83 45 29 34 37 19 13 
313-2-14 1?2.268 = 2 90 31 25 35 75 79 52 77 33 98 36 81 67 32 26 24 55 14 
313-2-15 1?2.108 = 2 90 31 79 75 52 77 33 98 36 81 67 32 94 26 24 55 15 
313-3-4 1?2.156 = 3 35 75 79 52 84 59 70 20 60 99 72 89 54 4 
313-3-5 1?2.123 = 3 25 31 75 35 72 99 89 60 39 43 85 57 47 5 
313-3-6 1?2.334 = 3 25 31 90 79 75 35 72 99 89 60 39 43 41 91 6 
313-3-7 1?2.512 = 3 25 31 79 75 35 72 99 89 60 43 39 61 40 18 44 7 
313-3-8 1?2.603 = 3 54 89 72 99 60 20 69 27 87 42 51 92 56 68 30 21 16 8 
313-3-9 1?2.383 = 3 54 89 60 69 87 27 51 92 56 95 58 65 71 50 86 46 9 
313-3-10 1?2.39 = 3 54 89 72 99 60 69 27 87 42 51 92 56 68 95 58 65 74 49 10 
313-3-11 1?2.634 = 3 54 89 72 99 60 20 69 27 87 42 51 92 68 56 95 58 65 74 96 11 
313-3-12 1?2.576 = 3 54 89 99 72 20 69 27 87 42 51 68 56 92 82 93 48 53 17 12 
313-3-13 1?2.439 = 3 25 31 90 80 97 78 98 36 81 67 32 63 62 83 45 29 37 19 13 
313-3-14 1?2.296 = 3 25 31 90 79 75 52 77 33 98 36 81 67 32 94 26 24 55 14 
313-3-15 1?2.391 = 3 54 89 72 99 60 20 70 59 84 76 33 77 78 98 36 28 15 
313-4-5 1?2.376 = 4 54 89 72 99 60 20 70 84 59 69 39 41 85 47 5 
313-4-6 1?2.417 = 4 54 89 99 72 20 60 43 39 61 40 18 66 44 91 6 
313-4-7 1?2.584 = 4 54 89 72 99 60 69 87 27 51 92 56 68 30 40 66 7 
313-4-8 1?2.413 = 4 54 89 99 72 20 69 27 87 42 51 92 56 68 30 21 16 8 
313-4-9 1?2.293 = 4 54 89 60 69 87 27 51 92 56 95 58 65 71 50 86 46 9 
313-4-10 1?2.3 = 4 54 89 72 99 60 69 27 87 42 51 92 56 68 95 58 65 74 49 10 
313-4-11 1?2.544 = 4 54 89 72 99 60 20 69 27 87 42 51 92 68 56 95 58 65 74 96 11 
313-4-12 1?2.578 = 4 54 89 99 72 20 69 22 68 56 92 51 27 87 42 82 93 48 53 17 12 
313-4-13 1?2.369 = 4 54 89 72 99 60 69 27 87 42 82 93 88 83 45 29 34 37 19 13 
313-4-14 1?2.349 = 4 54 89 99 72 20 70 59 84 33 98 36 81 67 32 94 26 24 55 14 
313-4-15 1?2.393 = 4 54 89 72 99 60 20 70 59 84 52 77 33 98 36 81 67 28 15 
313-5-6 1?2.193 = 5 47 57 54 89 99 72 20 60 39 61 40 18 44 6 
313-5-7 1?2.081 = 5 47 57 54 89 99 72 20 60 39 61 40 18 44 7 
313-5-8 1?2.397 = 5 47 57 54 89 72 99 20 60 43 39 61 40 18 66 16 8 
313-5-9 1?2.227 = 5 47 57 54 89 72 99 60 69 22 30 71 50 86 46 9 
313-5-10 1?2.346 = 5 47 57 54 89 99 72 20 69 87 27 51 92 56 95 58 74 49 10 
313-5-11 1?2.495 = 5 47 57 54 89 72 99 60 69 27 87 42 51 92 82 93 48 23 11 
313-5-12 1?2.576 = 5 47 57 54 89 99 72 20 69 27 87 42 51 68 56 92 82 48 53 17 12 
313-5-13 1?2.414 = 5 47 85 41 61 22 27 87 42 51 92 82 93 88 83 45 29 34 37 19 13 
313-5-14 1?2.417 = 5 47 57 54 89 99 72 70 84 33 98 36 81 67 32 94 26 24 55 14 
313-5-15 1?2.457 = 5 47 57 54 89 99 72 20 70 59 84 52 77 33 98 36 81 67 28 15 
313-6-7 1?2.471 = 6 5 47 57 54 89 99 72 20 60 39 61 40 18 44 7 
313-6-8 1?2.409 = 6 91 18 40 30 68 56 95 58 74 65 71 50 86 46 21 16 8 
313-6-9 1?2.18 = 6 91 44 18 40 30 68 56 95 58 65 71 50 64 86 46 9 
313-6-10 1?2.394 = 6 91 44 18 40 30 68 56 92 51 27 87 42 82 95 58 65 74 49 10 
313-6-11 1?2.459 = 6 91 44 18 40 30 68 56 92 51 27 87 42 82 93 48 53 17 11 
313-6-12 1?2.536 = 6 91 44 18 40 30 68 56 92 51 27 87 42 82 93 88 62 83 45 12 
313-6-13 1?2.403 = 6 91 18 40 30 68 56 92 51 27 87 42 93 88 62 83 45 29 34 37 19 13 
313-6-14 1?2.525 = 6 91 18 40 30 68 56 92 51 27 87 42 82 93 88 62 94 26 24 55 14 
313-6-15 1?2.739 = 6 91 18 40 30 68 56 92 51 27 87 42 82 93 88 83 62 94 26 24 55 15 
313-7-8 1?2.262 = 7 44 18 40 30 68 56 95 58 65 71 50 86 46 21 16 8 
313-7-9 1?2.012 = 7 44 18 40 30 68 56 95 58 65 71 50 64 86 46 9 
313-7-10 1?2.074 = 7 44 18 40 22 27 87 42 51 92 56 95 58 74 96 10 
313-7-11 1?2.419 = 7 66 16 21 50 71 65 58 95 56 68 92 51 27 87 42 82 48 23 11 
313-7-12 1?2.34 = 7 44 18 40 30 95 56 68 92 51 27 87 42 82 93 48 53 17 12 
313-7-13 1?2.314 = 7 44 18 40 30 68 56 92 51 27 87 42 93 88 62 83 45 29 34 37 19 13 
313-7-14 1?2.407 = 7 44 18 40 30 68 56 92 51 27 87 42 93 88 62 83 29 34 37 14 
313-7-15 1?2.582 = 7 44 18 40 30 68 56 92 51 27 87 42 82 93 88 62 94 26 24 55 15 
313-8-9 1?1.887 = 8 16 21 30 68 56 92 95 58 65 71 50 64 86 46 9 
313-8-10 1?1.938 = 8 16 21 30 68 27 87 42 51 92 56 95 58 65 74 96 10 
313-8-11 1?2.084 = 8 16 21 50 71 65 58 95 56 68 92 51 27 87 42 82 48 23 11 
313-8-12 1?2.117 = 8 16 21 50 71 65 58 95 56 68 92 51 27 87 42 82 48 53 17 12 
313-8-13 1?2.029 = 8 16 21 30 68 56 92 51 27 87 42 93 88 62 83 29 34 37 19 13 
313-8-14 1?2.286 = 8 16 21 30 68 56 92 51 27 87 42 82 93 88 83 45 29 34 37 19 14 
313-8-15 1?2.419 = 8 16 21 30 68 56 92 51 27 87 42 82 93 88 83 62 94 26 24 55 15 
313-9-10 1?1.812 = 9 46 86 50 71 65 95 56 68 92 82 48 23 58 74 96 10 
313-9-11 1?1.808 = 9 46 86 50 71 65 74 58 95 56 68 92 82 93 48 23 11 
313-9-12 1?1.767 = 9 46 86 50 71 65 74 58 95 56 68 92 82 48 53 17 12 
313-9-13 1?1.826 = 9 46 86 50 71 65 58 95 56 92 82 93 88 83 29 34 37 19 13 
313-9-14 1?2.068 = 9 46 86 50 71 65 58 95 56 68 92 51 42 27 87 63 94 26 24 55 14 
313-9-15 1?2.231 = 9 46 86 50 71 65 58 95 56 68 92 51 27 87 42 93 88 62 94 26 24 15 
313-10-11 1?1.706 = 10 49 74 65 58 95 56 92 51 27 87 42 82 48 23 11 
313-10-12 1?1.683 = 10 96 74 58 95 56 92 51 27 87 42 82 48 53 17 12 
313-10-13 1?1.661 = 10 49 74 58 95 56 92 82 93 88 83 29 34 37 19 13 
313-10-14 1?1.949 = 10 49 74 58 95 56 92 51 27 87 42 93 88 62 94 26 24 55 14 
313-10-15 1?2.116 = 10 49 74 58 95 56 68 92 51 27 87 42 93 88 62 94 26 24 55 15 
313-11-12 1?2.02 = 11 23 95 56 92 51 27 87 42 82 48 88 62 83 45 12 
313-11-13 1?1.768 = 11 23 48 82 51 27 87 42 93 88 62 29 34 37 19 13 
313-11-14 1?2.055 = 11 23 48 82 92 51 27 87 42 93 88 62 83 45 29 34 37 14 
313-11-15 1?2.281 = 11 23 95 56 68 92 51 27 87 42 82 93 88 83 62 94 26 24 55 15 
313-12-13 1?1.769 = 12 17 53 48 82 51 27 87 42 93 88 83 29 37 19 13 
313-12-14 1?1.923 = 12 17 53 48 82 51 27 87 42 93 88 83 29 34 37 14 
313-12-15 1?1.99 = 12 13 19 37 34 29 45 83 62 63 32 67 81 36 98 28 15 
313-13-14 1?1.785 = 13 19 37 34 29 94 26 32 67 81 36 98 28 24 55 14 
313-13-15 1?1.6 = 13 19 37 34 29 45 83 62 63 32 67 81 36 98 28 15 
313-14-15 1?1.792 = 14 19 37 34 29 45 83 62 63 32 67 81 36 98 28 15 
stop
