start
736-0-3 1?2.048 = 0 55 75 29 61 51 88 99 81 65 71 49 97 25 87 89 78 3 
736-0-4 1?2.231 = 0 55 75 29 51 88 99 81 65 71 49 97 25 87 89 78 60 23 4 
736-0-5 1?2.138 = 0 55 75 29 51 88 99 81 65 71 49 97 25 85 48 53 66 20 5 
736-0-7 1?2.471 = 0 55 75 29 51 99 81 65 71 49 92 34 52 72 95 69 30 24 7 
736-0-1 1?2.317 = 0 55 75 29 51 99 65 71 49 97 87 89 81 88 31 1 
736-0-6 1?2.398 = 0 55 75 29 51 88 99 81 65 71 49 97 25 85 48 44 53 66 18 84 6 
736-0-11 1?2.671 = 0 55 75 88 99 81 65 71 49 92 34 52 67 62 68 17 43 58 11 
736-0-2 1?2.043 = 0 55 75 29 51 88 99 81 65 97 25 87 89 82 39 22 2 
736-0-9 1?2.498 = 0 55 75 29 51 88 99 81 65 71 49 92 34 52 72 98 95 69 64 9 
736-0-10 1?2.656 = 0 55 75 29 51 99 81 65 71 49 92 34 52 72 98 38 46 73 41 91 10 
736-0-8 1?2.518 = 0 55 75 29 51 88 99 81 65 71 49 92 34 52 72 98 95 69 30 24 8 
736-0-15 1?2.176 = 0 55 31 75 88 99 51 29 61 50 33 19 56 27 70 80 15 
736-0-14 1?2.283 = 0 55 75 29 51 88 99 81 65 71 50 33 19 27 70 80 14 
736-1-3 1?1.735 = 1 31 88 51 99 81 65 71 49 97 25 87 89 78 3 
736-0-13 1?2.138 = 0 55 75 88 99 51 29 61 50 33 56 83 45 74 35 93 13 
736-0-12 1?2.597 = 0 55 75 88 99 51 29 61 50 33 19 56 83 45 74 35 93 28 26 12 
736-1-2 1?1.886 = 1 31 88 51 99 81 65 71 49 97 87 89 82 39 22 2 
736-1-4 1?1.963 = 1 31 75 29 61 51 88 99 81 65 71 49 97 25 87 23 4 
736-1-6 1?2.334 = 1 31 75 29 51 88 99 81 65 71 49 97 25 85 48 44 53 66 18 84 6 
736-1-7 1?2.46 = 1 31 75 29 51 88 99 81 65 71 49 92 34 52 72 98 95 69 30 24 7 
736-1-5 1?2.015 = 1 31 88 51 99 81 65 71 49 97 25 85 48 44 53 66 20 5 
736-1-8 1?2.545 = 1 31 75 29 51 88 99 81 65 71 49 92 34 52 72 98 95 30 69 64 16 8 
736-1-14 1?2.159 = 1 31 88 99 51 29 61 50 33 19 27 56 83 45 74 14 
736-1-15 1?2.06 = 1 31 75 29 51 88 99 81 65 71 50 33 56 27 70 15 
736-1-12 1?2.416 = 1 31 88 99 51 29 61 50 33 56 83 45 74 35 93 28 26 57 12 
736-1-11 1?2.501 = 1 31 88 51 99 81 65 71 49 92 34 52 67 62 68 17 43 58 11 
736-2-3 1?1.905 = 2 31 88 51 99 81 65 71 49 97 25 87 89 78 3 
736-2-6 1?2.284 = 2 22 88 51 99 81 65 71 49 97 25 85 48 44 53 66 20 18 6 
736-2-4 1?2.081 = 2 22 88 51 99 81 65 71 49 97 25 87 89 78 60 23 4 
736-1-10 1?2.556 = 1 31 88 51 99 81 65 71 49 92 34 52 67 62 68 17 43 63 40 10 
736-2-5 1?1.988 = 2 22 88 51 99 81 65 71 49 97 25 85 48 53 66 20 5 
736-1-9 1?2.448 = 1 31 88 51 99 81 65 71 49 92 34 52 72 98 95 30 69 64 16 9 
736-1-13 1?1.928 = 1 31 88 99 51 29 61 50 33 56 83 45 74 35 93 13 
736-2-15 1?1.958 = 2 22 39 59 82 81 99 51 29 61 50 33 56 27 70 80 15 
736-2-14 1?2.451 = 2 22 39 59 82 81 65 99 88 51 29 61 50 33 19 56 27 70 80 14 
736-3-4 1?1.922 = 3 78 59 39 82 81 65 71 49 97 25 87 89 23 4 
736-3-5 1?1.779 = 3 78 59 39 82 89 87 97 25 85 48 44 53 66 20 5 
736-2-11 1?2.72 = 2 22 81 65 71 49 92 34 52 67 62 68 32 17 37 42 76 96 58 11 
736-2-12 1?2.526 = 2 22 81 65 71 49 92 34 52 67 62 68 17 37 42 76 36 57 12 
736-2-7 1?2.42 = 2 22 88 51 99 81 65 71 49 92 34 52 72 98 95 69 30 24 90 7 
736-2-10 1?2.66 = 2 22 88 51 99 81 65 71 49 92 34 52 67 62 68 17 43 63 40 91 10 
736-2-9 1?2.685 = 2 22 39 82 81 65 71 49 92 34 52 67 62 68 32 86 38 69 64 16 9 
736-2-13 1?2.41 = 2 22 39 82 81 99 88 51 29 61 50 33 19 27 56 83 45 74 35 93 13 
736-2-8 1?2.55 = 2 22 82 39 59 78 89 87 97 25 34 92 52 72 98 95 30 69 64 16 8 
736-3-15 1?2.068 = 3 78 59 39 82 81 99 88 51 29 61 50 33 19 56 27 70 80 15 
736-3-14 1?2.437 = 3 78 89 87 25 97 65 81 99 88 51 29 61 50 33 19 27 70 80 14 
736-4-5 1?1.883 = 4 23 60 78 89 87 97 25 85 48 44 53 18 66 20 5 
736-3-6 1?2.2 = 3 78 59 39 82 81 65 71 49 97 25 85 48 44 53 66 20 6 
736-3-12 1?2.436 = 3 78 89 87 97 25 34 92 52 67 62 68 17 37 42 76 36 57 12 
736-3-7 1?2.305 = 3 59 39 82 81 65 71 49 92 34 52 72 98 95 69 30 24 90 7 
736-3-9 1?2.511 = 3 78 59 39 82 81 65 71 49 92 34 52 72 98 95 69 30 64 16 9 
736-3-11 1?2.716 = 3 78 89 87 97 25 34 92 52 67 62 68 32 86 73 46 41 40 63 58 11 
736-3-10 1?2.607 = 3 78 89 87 97 25 34 92 52 72 98 95 30 69 64 46 73 41 40 91 10 
736-3-8 1?2.36 = 3 78 59 39 82 81 65 71 49 92 34 52 72 98 95 69 30 24 8 
736-3-13 1?2.478 = 3 59 39 82 81 99 88 51 29 61 50 33 19 27 70 56 83 45 74 35 93 13 
736-5-6 1?2.04 = 5 20 66 18 53 48 85 25 97 34 92 52 44 47 84 6 
736-4-6 1?1.977 = 4 23 60 78 89 87 97 25 85 48 44 53 66 20 18 6 
736-4-15 1?2.336 = 4 23 87 25 97 49 71 65 81 99 51 29 61 50 33 56 27 70 15 
736-4-11 1?2.534 = 4 23 87 97 25 34 92 52 67 62 68 17 37 42 76 96 58 11 
736-4-14 1?2.521 = 4 23 87 25 97 49 71 65 81 99 51 29 61 50 33 56 27 70 80 14 
736-4-7 1?2.349 = 4 23 87 97 25 34 92 67 62 68 32 86 98 95 69 30 24 7 
736-4-10 1?2.499 = 4 23 87 97 25 34 92 52 67 62 68 17 32 86 73 41 40 91 10 
736-4-9 1?2.49 = 4 23 60 78 89 87 97 25 34 92 52 72 98 95 30 69 64 16 9 
736-4-12 1?2.521 = 4 23 87 97 25 34 92 52 67 62 68 17 37 42 76 36 57 26 12 
736-4-8 1?2.343 = 4 23 87 97 25 34 92 67 62 68 32 86 98 95 69 30 24 8 
736-4-13 1?2.545 = 4 23 60 78 59 39 82 81 99 88 29 61 50 33 56 83 45 74 35 93 13 
736-6-7 1?2.145 = 6 18 20 66 53 48 44 52 72 98 95 69 30 24 90 7 
736-5-7 1?2.051 = 5 20 66 18 53 48 44 52 72 98 95 69 30 24 90 7 
736-5-14 1?2.548 = 5 20 66 53 48 85 25 97 65 99 51 29 61 50 33 19 27 70 80 14 
736-5-15 1?2.405 = 5 20 66 53 48 85 25 97 65 81 99 51 29 61 50 33 19 27 70 15 
736-5-11 1?2.51 = 5 20 66 53 44 52 34 92 67 62 68 17 37 42 76 96 58 11 
736-6-8 1?2.184 = 6 18 20 66 53 48 44 52 72 98 95 30 69 64 16 8 
736-5-10 1?2.435 = 5 20 66 53 48 44 52 67 62 68 17 32 86 73 46 41 40 91 10 
736-5-9 1?2.414 = 5 20 66 53 48 85 25 97 92 34 52 72 98 95 30 69 64 16 9 
736-5-12 1?2.535 = 5 20 66 53 44 48 85 34 92 52 67 62 68 17 37 42 76 36 57 12 
736-5-8 1?2.308 = 5 20 66 53 44 52 67 62 68 17 32 86 98 95 69 30 24 8 
736-5-13 1?2.572 = 5 20 66 53 44 52 34 92 67 62 68 17 37 42 76 36 57 26 28 13 
736-7-10 1?1.958 = 7 90 24 30 69 95 98 38 64 46 73 41 40 91 79 10 
736-6-9 1?2.237 = 6 18 20 66 53 48 44 52 72 98 95 30 69 64 16 9 
736-7-9 1?2.011 = 7 90 24 30 69 95 98 38 46 73 41 63 40 91 79 9 
736-6-11 1?2.583 = 6 20 66 53 48 44 52 67 62 68 32 17 37 42 76 96 58 11 
736-7-8 1?2.163 = 7 90 24 30 69 95 98 72 94 62 68 32 86 38 64 16 8 
736-6-10 1?2.499 = 6 18 66 53 44 52 67 62 68 17 37 42 76 43 63 40 91 10 
736-7-11 1?2.444 = 7 90 24 30 69 95 98 72 94 67 62 68 17 37 42 76 96 58 11 
736-6-15 1?2.516 = 6 18 53 48 85 25 97 49 71 65 81 99 51 29 61 50 33 19 27 70 15 
736-6-14 1?2.701 = 6 18 53 48 85 25 97 49 71 65 81 99 51 29 61 50 33 19 27 70 80 14 
736-6-12 1?2.64 = 6 84 47 53 44 48 85 34 92 52 67 62 68 32 17 37 42 76 36 57 12 
736-6-13 1?2.631 = 6 20 66 53 48 44 52 67 62 68 17 37 42 76 36 57 26 28 93 13 
736-8-11 1?2.071 = 8 16 64 69 30 95 98 38 46 73 41 40 63 43 58 11 
736-8-10 1?2.026 = 8 24 90 30 69 95 98 38 64 46 73 41 40 91 79 10 
736-8-9 1?2.079 = 8 24 90 30 69 95 98 38 46 73 41 63 40 91 79 9 
736-7-14 1?2.635 = 7 90 24 30 69 38 86 32 17 37 42 76 36 57 26 28 93 35 14 
736-7-15 1?2.612 = 7 90 24 30 69 95 38 86 32 17 37 42 45 83 56 27 70 80 15 
736-8-14 1?2.686 = 8 24 30 69 38 86 94 62 68 17 37 42 76 36 57 26 28 93 14 
736-8-15 1?2.68 = 8 24 30 69 95 98 72 94 62 68 17 37 42 45 83 56 27 70 80 15 
736-8-12 1?2.348 = 8 24 30 69 95 98 72 94 67 62 68 32 17 37 42 76 36 57 12 
736-7-12 1?2.359 = 7 90 24 30 69 95 98 72 94 62 68 17 37 42 76 36 57 26 12 
736-8-13 1?2.382 = 8 24 30 69 95 98 72 94 62 68 17 37 42 76 36 57 26 28 13 
736-7-13 1?2.39 = 7 24 30 69 95 98 72 67 62 68 17 37 42 76 36 57 26 28 13 
736-10-12 1?2.132 = 10 91 40 63 43 76 42 37 83 45 74 35 28 26 12 
736-10-11 1?2.278 = 10 79 46 64 69 30 95 98 38 73 41 91 40 63 58 11 
736-9-11 1?2.124 = 9 16 64 69 30 95 98 38 46 73 41 40 63 43 58 11 
736-9-10 1?2.134 = 9 16 24 90 30 69 95 98 38 46 73 41 63 40 91 10 
736-10-13 1?1.927 = 10 79 91 41 40 63 43 76 96 36 57 26 28 93 13 
736-10-14 1?2.498 = 10 91 40 63 43 96 57 26 28 35 74 45 83 56 27 70 80 14 
736-9-14 1?2.665 = 9 16 64 69 30 95 98 72 94 67 62 68 17 37 42 45 74 35 14 
736-10-15 1?2.438 = 10 91 40 63 43 96 57 26 28 93 35 74 45 83 56 27 70 80 15 
736-9-15 1?2.622 = 9 79 91 40 63 43 96 57 26 28 93 35 74 45 83 56 27 70 15 
736-9-12 1?2.37 = 9 16 64 69 95 98 72 94 62 68 17 37 42 76 36 57 26 12 
736-9-13 1?2.417 = 9 46 73 86 94 67 62 68 32 17 37 42 76 36 57 26 28 93 13 
736-11-12 1?2.228 = 11 58 43 76 42 45 74 35 93 28 26 57 36 96 12 
736-13-14 1?2.006 = 13 93 35 28 26 57 36 74 45 83 56 27 70 80 14 
736-13-15 1?1.89 = 13 93 35 28 26 57 36 74 45 83 56 27 70 80 15 
736-14-15 1?2.07 = 14 35 93 28 26 57 36 74 45 83 56 27 70 80 15 
736-11-13 1?2.112 = 11 58 63 40 41 43 76 96 36 57 26 28 35 93 13 
736-12-14 1?2.412 = 12 96 36 57 26 28 93 35 74 45 83 56 19 27 70 80 14 
736-12-13 1?2.024 = 12 26 36 57 96 76 42 37 83 45 74 35 93 28 13 
736-12-15 1?2.322 = 12 96 76 36 57 26 28 93 35 74 45 83 56 27 70 80 15 
736-11-14 1?2.249 = 11 58 96 36 57 26 28 93 35 74 45 83 56 27 70 80 14 
736-11-15 1?2.413 = 11 58 43 96 36 57 26 28 93 35 74 45 83 56 27 70 80 15 
stop
