start
326-0-2 1?2.494 = 0 35 28 61 90 54 30 88 98 38 37 80 42 31 91 2 
326-0-1 1?2.254 = 0 70 35 28 61 90 54 30 98 80 38 37 91 31 26 1 
326-0-6 1?2.54 = 0 70 18 95 36 22 17 62 66 49 65 82 57 77 40 39 46 47 74 21 6 
326-0-7 1?2.629 = 0 70 18 95 36 22 29 94 89 64 16 43 59 49 65 82 57 77 40 87 73 7 
326-0-11 1?2.115 = 0 70 18 95 36 22 17 29 94 89 16 43 20 56 48 86 68 33 27 11 
326-0-10 1?2.4 = 0 70 18 95 36 22 17 29 94 89 16 43 20 56 48 86 44 68 33 27 10 
326-0-9 1?2.573 = 0 70 18 95 36 22 29 94 89 16 43 20 56 48 86 68 33 93 97 52 9 
326-0-4 1?2.41 = 0 70 35 28 61 90 54 30 98 80 37 38 88 79 67 85 32 4 
326-0-3 1?2.343 = 0 70 19 92 18 95 36 22 17 62 90 54 30 98 38 3 
326-0-8 1?2.53 = 0 70 18 95 36 22 29 94 89 16 43 59 49 65 82 57 71 50 78 55 8 
326-0-5 1?2.54 = 0 70 18 95 36 17 62 66 49 65 82 57 77 40 39 46 47 74 21 23 5 
326-1-3 1?2.258 = 1 26 31 91 37 80 98 30 54 90 24 84 25 88 38 3 
326-1-4 1?1.979 = 1 26 31 42 61 90 54 30 98 80 37 38 88 79 67 4 
326-0-14 1?2.138 = 0 70 18 95 36 22 29 94 89 16 64 60 45 75 58 69 14 
326-1-2 1?2.336 = 1 26 31 42 28 61 90 54 30 88 98 80 38 37 91 2 
326-0-15 1?2.332 = 0 70 18 95 36 22 29 94 89 64 60 75 58 69 63 41 15 
326-0-13 1?2.364 = 0 70 96 19 92 18 95 36 22 17 29 94 89 16 64 60 45 53 13 
326-0-12 1?2.238 = 0 70 18 95 36 22 29 94 89 16 43 20 48 33 68 86 44 83 12 
326-1-7 1?2.418 = 1 26 31 91 37 80 98 30 54 90 24 84 25 47 74 21 99 87 73 7 
326-1-6 1?2.36 = 1 26 31 91 37 80 98 30 54 90 24 84 25 47 74 21 99 76 6 
326-1-8 1?2.621 = 1 26 31 91 37 80 98 30 54 90 24 84 65 82 57 71 50 78 55 8 
326-1-5 1?2.343 = 1 31 91 37 80 98 30 54 90 24 84 25 47 74 21 23 85 32 5 
326-2-3 1?2.278 = 2 37 80 98 30 54 90 24 84 25 47 74 21 67 79 3 
326-1-15 1?2.153 = 1 26 31 91 37 80 98 30 54 90 61 28 35 70 96 15 
326-2-4 1?2.026 = 2 37 80 98 30 54 90 24 25 47 74 21 23 85 32 4 
326-1-14 1?2.289 = 1 26 35 18 95 36 22 29 94 89 16 64 60 75 58 69 14 
326-1-11 1?2.231 = 1 26 35 18 95 22 29 94 89 16 43 20 56 48 86 68 33 27 11 
326-1-9 1?2.668 = 1 26 35 18 95 36 22 17 29 94 89 16 64 20 56 48 97 52 72 9 
326-2-5 1?1.878 = 2 37 80 98 30 54 90 24 84 25 46 47 74 21 23 5 
326-2-6 1?2.291 = 2 37 80 98 30 54 90 24 84 25 47 74 21 99 87 73 81 76 6 
326-1-13 1?2.446 = 1 26 31 42 28 18 95 36 22 17 29 94 89 16 64 60 45 53 13 
326-1-10 1?2.527 = 1 26 35 18 95 36 22 29 94 89 16 43 20 56 48 86 44 68 33 27 10 
326-1-12 1?2.402 = 1 26 42 28 36 22 29 94 89 16 43 20 56 48 33 68 86 44 83 12 
326-2-15 1?2.241 = 2 37 38 98 30 54 90 62 17 22 36 95 18 92 19 15 
326-3-4 1?1.955 = 3 38 80 98 30 54 90 24 84 25 79 67 85 32 4 
326-3-5 1?1.773 = 3 38 37 80 98 30 54 90 24 84 25 47 74 21 23 5 
326-2-11 1?2.39 = 2 37 80 98 30 54 90 24 84 65 82 49 59 43 20 56 48 68 33 27 11 
326-2-14 1?2.325 = 2 37 80 98 30 54 90 24 84 62 17 22 36 95 18 92 63 41 14 
326-2-8 1?2.491 = 2 37 80 98 30 54 90 24 84 25 47 74 99 87 76 81 73 78 55 8 
326-2-7 1?2.257 = 2 37 80 98 30 54 90 24 84 25 46 47 74 21 99 87 76 81 73 7 
326-2-10 1?2.577 = 2 37 80 98 30 54 90 24 84 65 82 49 59 43 20 56 48 68 33 27 10 
326-2-13 1?2.463 = 2 37 80 98 30 54 90 24 84 65 82 49 59 16 89 60 45 53 13 
326-2-9 1?2.793 = 2 37 80 98 30 54 90 24 84 25 21 74 47 46 39 40 77 50 72 52 97 9 
326-2-12 1?2.485 = 2 37 80 98 30 54 90 24 84 65 82 57 71 59 16 89 64 34 51 12 
326-4-5 1?1.841 = 4 67 79 88 30 54 90 24 84 25 47 74 21 23 5 
326-3-9 1?2.435 = 3 38 98 30 54 90 24 84 49 65 82 57 71 50 72 52 97 9 
326-3-10 1?2.411 = 3 37 80 98 30 54 90 24 84 49 65 82 57 71 50 72 52 97 10 
326-3-6 1?2.056 = 3 38 37 80 98 30 54 90 24 84 25 47 74 21 99 87 76 6 
326-3-7 1?2.084 = 3 38 37 80 98 30 90 54 24 84 25 47 74 99 87 76 81 73 7 
326-3-15 1?2.386 = 3 38 37 80 98 30 54 90 24 84 66 62 17 22 95 18 19 15 
326-3-14 1?2.316 = 3 37 80 98 30 54 90 24 84 62 17 22 36 95 18 92 63 41 14 
326-3-8 1?2.296 = 3 38 37 80 98 30 54 90 24 84 65 82 57 71 77 50 78 55 8 
326-3-11 1?2.358 = 3 38 98 30 54 90 24 84 65 82 49 59 43 20 56 48 86 68 33 27 11 
326-3-13 1?2.438 = 3 38 98 30 54 90 24 84 65 82 49 59 43 16 89 60 45 53 13 
326-3-12 1?2.456 = 3 38 37 80 98 30 54 90 24 84 65 82 49 59 43 16 89 64 34 51 12 
326-4-7 1?1.949 = 4 67 79 88 54 90 24 84 25 47 74 99 87 73 7 
326-4-6 1?1.948 = 4 67 79 88 30 54 90 24 84 25 47 74 21 23 6 
326-5-6 1?1.967 = 5 32 85 67 79 88 54 90 24 84 25 47 74 21 6 
326-4-10 1?2.453 = 4 32 85 23 21 74 47 46 39 57 82 65 49 71 50 72 52 97 10 
326-4-9 1?2.559 = 4 32 85 23 21 74 47 46 39 40 57 82 65 49 71 77 50 72 52 9 
326-4-11 1?2.33 = 4 67 79 88 24 84 65 82 49 59 43 20 56 48 86 68 33 27 11 
326-4-8 1?2.375 = 4 67 79 88 30 54 90 24 84 25 47 74 21 99 87 78 55 8 
326-4-15 1?2.559 = 4 85 32 23 21 74 47 46 65 82 49 66 62 17 22 36 95 18 19 15 
326-4-14 1?2.495 = 4 67 79 88 30 54 90 24 84 66 62 17 22 36 95 18 92 63 41 14 
326-4-13 1?2.57 = 4 85 32 23 21 74 47 46 39 57 82 65 49 59 43 16 89 60 45 53 13 
326-4-12 1?2.479 = 4 85 32 23 21 74 47 46 39 57 82 65 49 59 16 89 64 34 51 12 
326-6-7 1?2.145 = 6 21 74 47 46 39 65 82 57 77 40 87 99 76 81 73 7 
326-6-8 1?2.061 = 6 21 74 47 46 39 40 57 82 65 49 71 50 78 55 8 
326-5-8 1?1.997 = 5 23 21 74 47 46 39 40 57 65 82 71 50 78 55 8 
326-5-7 1?1.944 = 5 32 85 23 21 74 47 46 39 40 87 99 76 81 73 7 
326-5-9 1?2.535 = 5 23 21 74 47 46 39 40 77 71 57 82 65 49 59 43 20 72 52 9 
326-5-10 1?2.366 = 5 23 21 74 47 46 39 57 82 65 49 59 43 20 56 48 86 68 33 27 10 
326-5-11 1?2.248 = 5 23 21 74 47 46 39 40 57 82 65 49 59 43 20 56 48 86 68 33 27 11 
326-5-14 1?2.346 = 5 23 21 74 47 46 39 57 82 65 49 66 62 17 22 36 95 18 92 63 41 14 
326-5-15 1?2.504 = 5 23 21 74 47 46 39 40 77 71 57 82 65 49 66 62 17 22 36 95 18 19 15 
326-5-13 1?2.507 = 5 23 21 74 47 46 39 40 77 71 57 82 65 49 59 43 16 89 64 60 45 53 13 
326-5-12 1?2.409 = 5 23 21 74 47 46 39 57 82 65 49 59 43 20 56 48 33 68 86 44 83 12 
326-7-9 1?2.105 = 7 73 81 76 87 99 21 74 47 46 39 40 77 50 72 52 9 
326-7-8 1?2.033 = 7 73 81 76 87 99 21 74 47 46 39 40 77 50 78 55 8 
326-7-10 1?2.223 = 7 73 87 40 77 57 82 65 49 59 43 20 56 48 68 33 27 10 
326-6-10 1?2.299 = 6 76 87 40 77 57 82 65 49 59 43 20 56 48 86 68 33 27 10 
326-6-9 1?2.408 = 6 23 21 74 47 46 39 57 82 65 49 71 77 50 72 52 97 9 
326-7-11 1?2.063 = 7 73 87 40 77 57 82 65 49 59 43 20 56 48 86 68 33 27 11 
326-6-11 1?2.151 = 6 21 74 47 46 39 57 82 65 49 59 43 20 56 48 86 68 33 27 11 
326-6-15 1?2.383 = 6 21 74 47 46 39 40 77 57 82 65 49 66 62 17 22 36 95 18 19 15 
326-6-14 1?2.385 = 6 21 74 47 46 39 40 77 57 82 65 49 66 62 17 36 95 18 92 63 41 14 
326-6-12 1?2.381 = 6 21 74 47 46 39 57 82 65 49 59 43 20 56 48 33 68 86 44 83 12 
326-6-13 1?2.479 = 6 21 74 47 46 39 40 77 71 57 82 65 49 59 43 16 89 64 60 45 53 13 
326-8-10 1?2.041 = 8 55 78 50 71 57 82 65 49 59 43 20 56 48 93 10 
326-8-9 1?2.26 = 8 55 78 87 99 21 74 47 46 39 40 77 50 72 52 9 
326-8-11 1?2.014 = 8 55 78 50 71 82 65 49 59 43 20 56 48 86 68 33 27 11 
326-7-14 1?2.292 = 7 73 87 39 40 77 57 82 65 49 66 62 17 22 36 95 18 92 63 41 14 
326-8-14 1?2.214 = 8 55 78 50 71 57 82 65 49 66 62 17 22 36 95 18 92 63 41 14 
326-7-13 1?2.355 = 7 73 81 87 39 40 77 57 82 65 49 59 43 16 89 64 60 45 53 13 
326-8-13 1?2.333 = 8 55 78 50 71 57 82 65 49 59 43 16 89 64 60 45 75 53 13 
326-8-15 1?2.422 = 8 55 78 50 71 57 82 65 49 59 16 64 89 94 29 22 36 95 18 19 15 
326-7-15 1?2.5 = 7 73 81 76 87 39 40 77 71 57 82 65 49 66 62 17 22 36 95 18 19 15 
326-8-12 1?2.277 = 8 55 78 50 71 57 82 65 49 59 43 20 56 48 33 68 86 44 83 12 
326-7-12 1?2.355 = 7 73 87 39 40 77 57 82 65 49 59 43 20 56 48 33 68 86 44 83 12 
326-9-10 1?2.169 = 9 52 72 20 43 16 89 64 56 48 86 44 68 33 27 10 
326-9-11 1?1.982 = 9 52 72 20 43 16 89 64 56 48 86 44 68 33 27 11 
326-10-11 1?1.879 = 10 93 48 56 20 43 16 89 64 34 44 86 68 33 27 11 
326-10-12 1?1.848 = 10 27 33 68 86 44 48 56 20 43 16 89 64 34 51 12 
326-10-14 1?2.051 = 10 27 33 68 86 48 20 64 89 94 29 22 36 95 18 92 63 41 14 
326-10-15 1?2.128 = 10 27 33 68 86 48 56 20 64 89 94 29 17 22 36 95 18 19 15 
326-9-14 1?2.21 = 9 72 52 97 48 56 20 43 16 89 94 29 22 36 95 18 92 63 41 14 
326-9-13 1?2.226 = 9 72 52 97 93 33 68 86 48 56 20 43 16 89 60 45 53 13 
326-10-13 1?2.084 = 10 93 27 33 68 86 44 48 56 20 43 16 89 64 60 45 53 13 
326-9-12 1?2.248 = 9 72 52 97 93 27 33 68 86 48 56 20 43 16 89 64 34 51 12 
326-9-15 1?2.416 = 9 52 97 93 33 68 86 48 56 20 43 16 89 94 29 22 36 95 18 19 15 
326-11-14 1?1.742 = 11 27 33 68 86 48 56 20 64 16 89 60 75 58 69 14 
326-12-14 1?1.834 = 12 51 34 64 16 89 94 29 17 22 36 95 18 92 63 41 14 
326-13-15 1?1.994 = 13 53 34 64 16 89 94 29 17 22 36 95 18 92 19 15 
326-13-14 1?1.865 = 13 53 45 60 64 16 89 94 29 22 36 95 18 92 63 41 14 
326-14-15 1?2.051 = 14 41 63 69 58 75 60 64 16 89 94 29 22 95 18 19 15 
326-12-13 1?1.848 = 12 83 44 86 68 48 56 20 43 16 89 64 60 45 53 13 
326-11-13 1?1.686 = 11 27 33 68 86 48 56 20 43 16 89 64 60 45 53 13 
326-12-15 1?2.034 = 12 83 44 86 68 48 56 20 43 16 89 94 29 22 36 95 18 19 15 
326-11-12 1?1.661 = 11 27 33 68 86 44 48 56 20 43 16 89 64 34 51 12 
326-11-15 1?1.872 = 11 27 33 68 86 48 56 20 43 16 89 94 29 22 36 95 18 19 15 
stop
