start
73-0-3 1?1.932 = 0 42 31 64 33 73 85 58 82 97 99 83 26 74 18 3 
73-0-2 1?1.789 = 0 42 31 64 33 73 85 58 82 97 62 63 40 24 37 2 
73-0-5 1?2.218 = 0 42 31 64 33 73 85 58 82 97 99 20 78 93 22 17 47 5 
73-0-4 1?2.358 = 0 42 31 64 33 73 85 58 82 97 99 20 56 78 93 22 81 4 
73-0-1 1?1.797 = 0 42 31 64 33 73 85 58 82 97 62 63 40 24 29 1 
73-0-9 1?2.424 = 0 42 31 64 73 85 58 82 97 44 65 53 75 95 88 27 41 60 77 72 9 
73-0-8 1?2.494 = 0 42 31 64 73 85 58 82 97 20 65 53 75 95 88 27 41 60 77 8 
73-0-6 1?2.323 = 0 42 31 64 73 85 58 82 97 99 20 78 45 86 50 49 92 30 6 
73-0-7 1?2.416 = 0 42 31 64 33 73 85 58 82 97 44 65 53 56 35 21 79 70 98 66 7 
73-0-10 1?2.486 = 0 42 31 64 33 73 85 51 59 36 54 61 39 68 52 90 34 71 48 43 10 
73-0-11 1?2.294 = 0 42 31 64 33 73 85 51 59 36 54 39 67 68 52 90 34 71 48 25 57 11 
73-0-14 1?1.878 = 0 42 31 64 33 73 85 36 54 59 51 68 67 39 61 14 
73-0-13 1?1.759 = 0 42 31 64 33 73 85 51 59 36 54 61 39 67 38 13 
73-0-15 1?2.011 = 0 42 31 64 33 73 85 36 54 59 51 68 67 39 61 15 
73-1-4 1?2.311 = 1 29 24 63 40 26 83 99 20 65 53 56 78 93 22 81 4 
73-1-2 1?2.085 = 1 55 42 31 64 33 73 85 58 32 62 63 40 24 37 2 
73-1-3 1?2.139 = 1 29 24 40 63 62 32 82 97 20 99 83 26 74 3 
73-1-5 1?2.317 = 1 29 24 63 40 26 83 99 20 65 53 56 78 93 22 81 47 5 
73-1-6 1?2.311 = 1 29 24 63 99 20 65 53 75 95 88 35 21 86 50 49 92 30 6 
73-0-12 1?2.147 = 0 42 31 64 33 73 85 51 59 36 54 61 39 67 68 52 90 16 94 12 
73-1-7 1?2.375 = 1 29 24 40 63 99 20 65 53 75 95 88 35 21 79 70 28 98 66 7 
73-1-8 1?2.472 = 1 29 24 40 63 99 20 65 53 75 95 88 35 21 79 70 98 66 23 8 
73-1-14 1?1.829 = 1 29 24 40 63 62 97 82 58 85 51 59 54 61 14 
73-2-5 1?2.096 = 2 37 24 40 63 99 20 65 53 56 78 93 22 17 47 5 
73-2-4 1?2.172 = 2 80 24 40 63 99 20 65 53 56 78 93 22 81 4 
73-1-13 1?2.309 = 1 29 24 40 63 62 97 82 58 85 51 59 36 54 39 67 76 13 
73-2-6 1?2.262 = 2 37 24 63 99 20 65 53 75 88 35 21 86 50 49 92 30 6 
73-2-3 1?2.134 = 2 37 24 40 63 99 20 65 53 56 78 83 26 74 18 3 
73-1-11 1?2.445 = 1 55 42 31 64 33 73 36 54 59 51 39 68 52 90 34 71 48 25 57 11 
73-1-10 1?2.68 = 1 55 42 31 64 33 73 36 54 59 51 39 67 38 16 34 71 48 43 10 
73-1-15 1?2.027 = 1 29 24 40 63 62 97 82 58 85 51 59 36 73 64 33 15 
73-1-12 1?2.309 = 1 55 42 31 64 33 73 36 54 59 51 39 68 52 90 34 16 94 12 
73-1-9 1?2.528 = 1 29 24 32 62 63 40 26 83 99 20 65 53 75 88 41 27 77 60 72 9 
73-3-4 1?2.112 = 3 18 74 26 83 99 20 65 53 56 78 93 22 81 4 
73-3-5 1?2.058 = 3 18 74 26 83 99 20 65 53 56 78 93 22 81 5 
73-2-14 1?2.246 = 2 37 24 40 63 62 32 55 42 31 64 33 73 85 51 59 36 54 61 14 
73-2-13 1?2.465 = 2 37 24 40 63 62 32 55 42 31 64 33 73 36 59 51 39 67 76 13 
73-2-11 1?2.56 = 2 37 24 62 63 40 26 83 99 20 56 53 65 75 87 84 69 43 48 25 11 
73-2-10 1?2.783 = 2 37 24 40 63 99 20 65 53 75 87 84 69 91 96 34 71 48 43 10 
73-2-15 1?2.106 = 2 37 24 40 63 62 97 82 58 85 51 59 54 36 73 64 33 15 
73-2-7 1?2.307 = 2 37 24 40 63 99 20 65 53 75 95 88 35 21 79 28 98 66 7 
73-2-12 1?2.455 = 2 37 24 40 63 99 20 65 53 75 87 84 69 91 96 34 71 94 12 
73-2-8 1?2.464 = 2 37 24 40 63 99 20 65 53 75 95 88 35 21 79 70 98 66 23 8 
73-2-9 1?2.502 = 2 37 24 40 26 83 99 20 78 56 53 65 75 95 88 41 27 77 60 72 9 
73-3-6 1?1.976 = 3 18 81 22 93 45 86 21 79 70 98 28 49 92 30 6 
73-4-5 1?2.079 = 4 81 22 93 45 50 86 21 79 70 98 28 49 92 17 47 5 
73-3-13 1?2.583 = 3 18 74 26 83 99 20 56 53 65 75 87 84 69 91 52 68 38 13 
73-3-14 1?2.437 = 3 18 74 26 83 40 63 62 32 55 42 31 64 33 73 36 51 59 54 61 14 
73-3-10 1?2.705 = 3 18 74 26 83 99 20 56 53 65 75 87 84 95 88 41 27 77 60 10 
73-3-7 1?2.269 = 3 18 74 26 83 99 20 65 53 75 95 88 35 21 79 70 98 66 7 
73-3-15 1?2.246 = 3 18 74 26 83 99 20 97 82 58 85 51 59 36 73 64 33 15 
73-3-11 1?2.543 = 3 18 74 26 83 99 20 56 53 65 75 87 84 69 91 96 43 48 25 57 11 
73-3-8 1?2.39 = 3 74 26 83 99 20 65 53 75 95 88 35 21 79 70 98 66 23 8 
73-3-9 1?2.558 = 3 18 74 26 83 99 20 56 53 65 75 87 84 95 88 27 41 60 77 72 9 
73-3-12 1?2.575 = 3 18 74 26 83 99 20 56 53 65 75 87 84 69 91 96 90 34 71 94 12 
73-5-6 1?1.724 = 5 81 22 93 45 50 86 21 79 70 98 28 49 92 30 6 
73-4-6 1?1.778 = 4 81 22 93 45 50 86 21 79 70 98 28 49 92 30 6 
73-4-7 1?1.921 = 4 81 22 93 45 50 86 35 21 79 70 28 98 19 66 7 
73-4-10 1?2.662 = 4 81 22 93 78 56 53 65 75 87 84 69 96 43 48 25 57 10 
73-4-13 1?2.697 = 4 81 22 93 45 78 56 53 65 75 87 84 69 91 52 68 67 76 13 
73-4-11 1?2.493 = 4 81 22 93 78 56 53 65 75 87 84 69 91 96 43 48 25 57 11 
73-4-14 1?2.557 = 4 81 22 93 78 56 53 65 20 99 97 82 58 85 51 59 36 54 61 14 
73-4-8 1?2.436 = 4 81 22 93 45 50 86 35 21 79 70 98 28 49 92 30 66 23 8 
73-4-9 1?2.438 = 4 81 22 93 45 86 50 49 28 98 70 79 21 35 27 41 60 77 72 9 
73-4-15 1?2.45 = 4 81 22 93 78 56 53 65 44 20 99 97 82 58 85 73 64 33 15 
73-4-12 1?2.647 = 4 81 22 93 45 50 86 21 35 88 95 87 84 69 91 96 34 16 94 12 
73-6-7 1?1.892 = 6 30 92 49 17 22 93 45 86 35 21 79 70 28 98 66 7 
73-5-7 1?1.875 = 5 81 22 93 45 50 86 21 79 70 98 28 49 92 30 7 
73-6-8 1?1.895 = 6 30 92 17 22 93 45 86 21 79 70 28 98 66 23 8 
73-5-8 1?1.859 = 5 47 81 22 93 45 50 86 35 21 79 70 98 66 23 8 
73-5-10 1?2.589 = 5 47 17 22 93 78 56 53 65 75 87 84 69 91 96 48 43 10 
73-5-13 1?2.566 = 5 81 22 93 45 50 86 21 35 88 95 84 69 91 52 68 67 76 13 
73-5-14 1?2.512 = 5 47 81 22 93 78 56 53 65 20 99 97 82 58 85 51 59 54 61 14 
73-5-11 1?2.439 = 5 47 17 22 93 45 50 86 21 35 88 95 84 69 96 43 48 25 57 11 
73-5-9 1?2.285 = 5 47 17 22 93 45 86 50 28 98 70 79 21 35 27 41 60 77 72 9 
73-5-15 1?2.574 = 5 81 22 93 78 56 53 65 20 99 97 82 58 85 73 64 31 42 33 15 
73-5-12 1?2.593 = 5 81 22 93 45 50 86 21 35 88 95 87 84 69 91 96 34 16 94 12 
73-7-11 1?2.073 = 7 66 98 28 70 79 21 35 88 95 84 69 43 48 25 57 11 
73-7-10 1?2.253 = 7 66 98 28 70 79 50 86 21 35 88 41 27 77 60 72 10 
73-6-10 1?2.386 = 6 30 92 49 28 98 70 79 50 86 21 35 88 27 41 60 77 72 10 
73-7-9 1?1.905 = 7 66 98 28 70 79 50 86 21 35 88 41 27 77 60 72 9 
73-7-8 1?2.084 = 7 66 98 28 70 79 50 86 21 35 88 41 27 19 23 8 
73-6-9 1?1.9 = 6 30 92 49 28 98 70 79 50 86 21 35 27 41 60 72 9 
73-6-11 1?2.283 = 6 30 92 49 28 98 70 79 50 86 21 35 88 95 69 43 48 25 57 11 
73-6-13 1?2.601 = 6 30 92 49 28 98 70 79 50 86 21 35 88 95 84 69 91 52 68 67 76 13 
73-6-14 1?2.54 = 6 30 92 49 50 86 45 93 78 20 99 97 82 58 85 51 59 36 54 61 14 
73-6-12 1?2.305 = 6 30 92 49 28 98 70 79 21 35 88 95 84 69 91 96 90 16 94 12 
73-6-15 1?2.533 = 6 30 92 49 50 86 21 35 88 95 75 53 65 20 99 97 82 58 85 73 33 15 
73-8-11 1?2.128 = 8 23 66 98 70 79 21 35 88 95 84 69 43 48 25 11 
73-8-10 1?2.313 = 8 23 66 98 28 70 79 50 86 21 35 27 41 60 77 72 10 
73-8-9 1?1.931 = 8 23 66 98 28 70 79 21 35 88 27 41 60 77 72 9 
73-8-14 1?2.512 = 8 77 60 27 41 88 95 84 69 91 52 68 39 51 59 36 54 61 14 
73-7-14 1?2.489 = 7 66 98 28 79 21 35 56 20 99 97 82 58 85 51 59 36 54 61 14 
73-8-13 1?2.494 = 8 23 66 98 28 70 79 21 35 88 95 84 69 91 52 68 67 76 13 
73-7-13 1?2.485 = 7 66 98 28 70 79 50 86 21 35 88 95 84 69 91 52 68 67 76 13 
73-8-12 1?2.286 = 8 23 66 98 70 79 21 35 88 95 84 69 91 96 90 16 94 12 
73-7-12 1?2.303 = 7 66 98 28 70 79 21 35 88 95 84 69 91 96 90 34 16 94 12 
73-8-15 1?2.548 = 8 77 60 27 41 88 95 75 65 53 56 20 99 97 82 58 85 73 64 33 15 
73-7-15 1?2.517 = 7 66 98 28 70 79 21 35 88 95 75 53 65 44 97 82 58 85 73 64 33 15 
73-10-11 1?2.28 = 10 60 77 27 41 88 95 84 69 91 96 43 48 25 57 11 
73-9-11 1?2.022 = 9 72 60 77 27 41 88 95 84 69 96 43 48 25 57 11 
73-9-10 1?2.285 = 9 72 60 77 27 41 88 95 84 69 96 43 48 25 57 10 
73-10-13 1?2.425 = 10 43 48 71 34 90 52 68 51 59 36 54 61 39 67 76 13 
73-9-13 1?2.246 = 9 72 60 77 27 41 88 95 84 69 91 52 68 67 38 13 
73-9-14 1?2.384 = 9 72 60 77 27 41 88 95 75 53 65 44 82 58 85 36 54 61 14 
73-10-12 1?2.404 = 10 60 77 27 41 88 75 87 84 69 91 96 34 16 94 12 
73-10-14 1?2.53 = 10 43 48 71 34 94 16 90 96 91 52 68 67 39 51 59 54 61 14 
73-9-12 1?2.146 = 9 72 60 77 27 41 88 75 87 84 69 96 34 16 94 12 
73-10-15 1?2.456 = 10 57 25 48 71 34 90 52 68 39 61 54 36 59 51 85 73 64 33 15 
73-9-15 1?2.452 = 9 72 60 77 27 41 88 95 75 53 65 20 99 97 82 58 85 73 64 33 15 
73-12-14 1?1.944 = 12 94 71 34 90 96 91 52 68 67 39 51 59 54 61 14 
73-11-14 1?1.86 = 11 25 48 71 34 16 90 52 68 39 59 51 36 54 61 14 
73-13-14 1?2.145 = 13 38 16 34 90 96 91 52 68 67 39 51 59 54 61 14 
73-11-13 1?2.135 = 11 57 25 48 71 34 94 16 90 96 91 52 68 39 67 76 13 
73-12-13 1?2.178 = 12 94 16 34 90 52 68 51 59 36 54 61 39 67 38 13 
73-14-15 1?2.122 = 14 61 39 54 36 59 51 58 85 73 33 64 31 55 42 15 
73-13-15 1?1.913 = 13 38 67 39 61 54 36 59 51 85 73 64 31 42 33 15 
73-11-12 1?2.152 = 11 25 57 43 48 71 34 90 96 91 52 68 67 38 16 94 12 
73-12-15 1?2.103 = 12 94 16 38 67 39 61 54 36 59 51 85 73 64 31 42 33 15 
73-11-15 1?2.285 = 11 57 25 48 71 34 16 38 52 68 67 39 51 59 54 36 73 64 33 15 
stop
