start
385-0-3 1?1.936 = 0 65 37 46 29 85 71 36 23 98 75 92 41 94 3 
385-0-1 1?1.689 = 0 56 18 40 50 30 36 71 85 29 80 39 99 46 37 65 1 
385-0-4 1?2.24 = 0 65 37 46 99 29 85 71 36 50 30 23 98 75 92 41 35 74 4 
385-0-11 1?2.093 = 0 56 86 51 66 93 84 20 70 44 89 83 22 58 78 59 90 34 11 
385-0-6 1?2.396 = 0 65 37 46 99 29 85 71 36 30 23 98 81 88 87 79 17 95 6 
385-0-9 1?2.404 = 0 56 86 19 45 44 89 83 22 58 78 59 33 76 54 28 57 97 25 60 9 
385-0-10 1?2.208 = 0 56 86 51 66 20 32 47 89 83 22 58 78 59 33 76 54 28 10 
385-0-8 1?2.58 = 0 65 37 46 29 85 71 36 23 98 81 82 77 73 67 31 52 96 24 8 
385-0-2 1?2.004 = 0 65 37 46 99 29 85 71 36 30 23 98 75 16 2 
385-0-7 1?2.494 = 0 65 37 46 99 80 29 85 71 36 23 98 81 88 87 79 95 17 21 7 
385-0-5 1?2.536 = 0 65 37 46 99 80 29 85 71 36 50 30 23 98 81 88 55 38 27 5 
385-0-15 1?1.684 = 0 65 37 46 99 29 85 71 36 50 30 42 48 19 51 15 
385-0-12 1?2.138 = 0 56 86 51 93 84 20 32 47 89 83 22 58 78 59 90 69 12 
385-1-4 1?1.891 = 1 99 37 46 50 36 71 85 29 16 92 41 94 35 74 4 
385-1-2 1?1.867 = 1 99 46 37 65 18 42 48 43 30 36 85 29 80 39 2 
385-1-3 1?1.823 = 1 37 46 99 29 85 71 36 23 98 75 92 41 94 3 
385-0-14 1?1.656 = 0 65 37 46 29 85 71 36 50 42 48 19 66 93 61 14 
385-0-13 1?2.003 = 0 65 37 46 29 85 71 36 50 30 43 48 19 66 84 20 49 13 
385-1-6 1?2.185 = 1 37 46 99 80 29 85 71 36 23 98 81 88 87 79 17 95 6 
385-1-5 1?2.285 = 1 37 46 99 29 85 71 36 50 30 23 98 81 88 55 38 27 5 
385-1-7 1?2.243 = 1 37 46 99 29 85 71 36 23 98 81 88 87 79 95 17 21 7 
385-1-8 1?2.482 = 1 37 46 29 85 71 36 50 30 43 68 82 77 73 67 31 52 96 24 8 
385-1-15 1?1.626 = 1 37 46 99 29 85 71 36 30 43 48 19 66 93 15 
385-1-12 1?2.164 = 1 37 46 29 85 71 36 30 43 68 44 89 83 22 58 78 69 12 
385-1-14 1?1.751 = 1 65 37 46 99 29 85 71 36 50 30 43 48 19 66 93 61 14 
385-1-11 1?2.109 = 1 37 46 29 85 71 36 30 43 68 44 89 83 22 58 78 59 90 34 11 
385-2-4 1?1.988 = 2 39 80 99 37 46 50 36 71 85 29 16 41 94 74 4 
385-2-3 1?1.893 = 2 39 80 99 46 37 65 40 18 50 36 71 85 29 16 94 3 
385-1-13 1?1.974 = 1 37 46 99 29 85 71 36 50 30 42 48 19 66 93 84 20 49 13 
385-2-5 1?2.193 = 2 39 80 99 37 46 50 36 71 85 29 16 94 35 74 27 5 
385-2-6 1?2.291 = 2 39 80 99 29 85 71 36 30 23 75 88 87 79 17 95 6 
385-1-10 1?2.327 = 1 99 29 85 71 36 30 43 68 44 89 22 58 78 59 33 76 54 28 10 
385-1-9 1?2.398 = 1 37 46 99 29 85 71 36 50 30 43 68 82 77 73 67 31 52 57 60 9 
385-2-11 1?2.206 = 2 39 80 29 85 71 36 30 43 68 44 89 22 58 78 59 90 34 11 
385-2-15 1?1.986 = 2 39 80 99 37 46 29 85 71 36 50 30 43 48 19 66 84 93 15 
385-3-4 1?2.301 = 3 16 29 85 71 36 50 30 23 98 75 92 41 35 74 4 
385-3-5 1?2.523 = 3 16 29 85 71 36 50 30 23 98 81 88 55 38 27 5 
385-2-14 1?2.055 = 2 39 80 99 37 46 29 85 71 36 30 43 48 19 66 20 84 93 61 14 
385-2-12 1?2.383 = 2 39 80 99 29 85 71 36 30 43 68 44 89 83 22 58 78 59 69 12 
385-2-10 1?2.383 = 2 39 80 29 85 71 36 30 43 68 82 77 73 67 31 52 57 97 64 10 
385-2-13 1?2.207 = 2 39 80 99 37 46 29 85 71 36 50 30 43 48 19 66 93 84 20 49 13 
385-2-9 1?2.416 = 2 39 80 29 85 71 36 30 43 68 82 77 73 67 31 52 57 97 25 9 
385-2-7 1?2.373 = 2 39 80 99 37 46 29 85 71 36 75 88 87 79 95 17 21 7 
385-2-8 1?2.509 = 2 39 80 99 29 85 71 36 23 98 81 82 77 73 67 31 96 24 8 
385-3-15 1?2.368 = 3 2 39 80 99 37 46 29 85 71 36 50 30 42 48 19 66 84 93 15 
385-3-11 1?2.46 = 3 16 29 85 71 36 50 30 43 68 44 89 83 22 58 78 59 90 34 11 
385-3-12 1?2.577 = 3 16 29 85 71 36 30 43 68 44 89 83 22 58 78 59 90 69 12 
385-4-5 1?2.59 = 4 74 35 94 16 29 85 71 36 23 98 81 88 55 38 5 
385-3-14 1?2.4 = 3 16 39 80 99 37 46 29 85 71 36 50 30 43 48 19 66 84 93 61 14 
385-3-6 1?2.443 = 3 16 29 85 71 50 36 23 98 81 88 87 79 17 95 6 
385-3-9 1?2.565 = 3 94 35 41 92 88 62 72 77 82 73 67 31 52 57 97 25 60 9 
385-3-13 1?2.578 = 3 16 39 80 99 37 46 29 85 71 36 50 30 43 48 19 66 84 20 49 13 
385-3-7 1?2.611 = 3 16 29 85 71 36 50 30 23 75 88 87 79 95 17 21 7 
385-3-10 1?2.618 = 3 94 41 92 75 98 68 44 89 83 22 58 78 59 33 76 54 28 64 10 
385-3-8 1?2.611 = 3 94 41 92 75 81 82 77 73 67 31 52 57 97 25 60 24 8 
385-4-11 1?2.441 = 4 74 41 92 75 23 98 68 44 89 83 22 58 78 59 90 34 11 
385-4-15 1?2.443 = 4 74 35 94 16 80 99 37 46 29 85 71 36 50 30 43 48 19 51 15 
385-4-12 1?2.642 = 4 74 35 41 92 75 23 98 68 44 89 83 22 58 78 59 90 69 12 
385-4-6 1?2.466 = 4 74 35 94 41 92 75 23 98 81 62 87 79 17 95 6 
385-5-6 1?2.746 = 5 38 55 88 62 72 77 82 73 67 31 96 53 26 21 6 
385-4-10 1?2.612 = 4 74 35 41 92 75 23 98 81 82 77 73 67 31 52 57 97 25 64 10 
385-4-9 1?2.526 = 4 74 35 94 41 92 75 81 82 77 73 67 31 52 57 97 25 60 9 
385-4-14 1?2.503 = 4 74 35 94 41 92 16 29 85 71 36 50 30 43 48 19 66 84 93 61 14 
385-4-7 1?2.72 = 4 74 35 94 41 92 75 23 98 81 88 62 87 79 95 17 21 7 
385-4-13 1?2.626 = 4 74 35 94 16 29 85 71 36 50 30 43 48 19 66 84 20 70 32 47 13 
385-4-8 1?2.694 = 4 74 35 41 92 75 81 82 77 73 67 31 52 57 97 25 60 24 8 
385-5-15 1?2.668 = 5 27 74 35 94 16 39 80 99 37 46 29 85 71 36 50 40 18 56 86 15 
385-5-9 1?2.19 = 5 27 38 95 17 79 87 63 72 67 31 52 57 97 25 60 9 
385-5-11 1?2.446 = 5 27 38 55 88 62 72 73 77 82 91 89 22 58 78 59 90 34 11 
385-6-7 1?2.337 = 6 95 17 79 87 63 72 77 82 73 67 31 96 53 26 7 
385-6-8 1?2.146 = 6 95 17 79 87 63 72 77 82 73 67 31 52 96 24 8 
385-5-12 1?2.614 = 5 38 55 88 62 72 73 77 82 91 89 83 22 58 78 59 90 34 69 12 
385-5-7 1?2.557 = 5 38 95 17 79 87 63 72 77 82 73 31 67 53 26 7 
385-5-10 1?2.498 = 5 38 95 17 79 87 63 72 77 82 73 67 31 52 76 33 54 28 64 10 
385-5-8 1?2.365 = 5 38 95 17 79 87 63 72 67 31 52 57 97 25 60 24 8 
385-5-14 1?2.755 = 5 38 55 88 62 72 67 31 52 76 33 59 78 58 22 83 89 47 49 14 
385-5-13 1?2.593 = 5 38 55 88 62 72 67 31 52 76 33 90 59 78 58 22 83 89 47 13 
385-7-11 1?2.104 = 7 26 53 96 60 57 97 28 54 76 33 59 78 58 22 83 69 11 
385-6-11 1?2.113 = 6 95 79 87 63 72 73 77 82 91 22 58 78 59 90 34 11 
385-7-10 1?2.039 = 7 21 17 95 79 87 62 63 72 67 31 52 57 97 25 64 10 
385-7-9 1?2.104 = 7 21 17 95 79 87 63 72 77 73 67 31 52 57 60 9 
385-6-9 1?1.998 = 6 95 17 79 87 63 72 77 82 73 67 31 52 57 60 9 
385-6-15 1?2.651 = 6 95 17 79 87 88 75 98 23 36 71 85 29 46 37 40 18 56 86 15 
385-6-10 1?2.284 = 6 95 17 79 87 63 72 77 82 73 67 31 52 54 28 57 97 25 64 10 
385-7-8 1?2.2 = 7 21 17 95 79 87 63 72 67 31 52 57 97 25 60 24 8 
385-6-12 1?2.369 = 6 95 17 79 87 63 72 77 82 73 76 33 90 59 78 58 22 89 83 12 
385-6-14 1?2.605 = 6 95 17 79 87 63 72 67 31 52 76 33 59 78 58 22 83 89 47 49 14 
385-6-13 1?2.382 = 6 95 17 79 87 63 72 67 31 52 76 33 59 78 58 22 83 89 47 13 
385-8-11 1?1.713 = 8 24 60 57 97 28 54 76 33 59 78 58 22 83 69 11 
385-8-10 1?2.007 = 8 24 26 53 63 72 77 82 73 67 31 52 57 97 25 64 10 
385-8-9 1?2.058 = 8 24 26 53 63 72 77 82 73 67 31 52 57 25 60 9 
385-7-12 1?2.223 = 7 26 53 96 60 25 97 57 28 54 76 33 90 59 78 58 22 89 83 12 
385-7-15 1?2.616 = 7 26 53 67 31 52 76 33 59 78 58 22 83 47 32 20 84 93 15 
385-8-12 1?2.008 = 8 24 60 25 97 57 28 54 76 33 90 59 78 58 22 89 83 69 12 
385-8-15 1?2.348 = 8 24 60 57 97 28 54 76 33 59 78 58 22 83 47 32 20 84 93 15 
385-7-14 1?2.414 = 7 26 53 96 57 97 28 54 76 33 90 59 78 58 22 83 89 47 49 14 
385-8-13 1?2.102 = 8 24 60 57 97 28 54 76 33 90 59 78 58 22 83 89 44 47 13 
385-7-13 1?2.263 = 7 26 96 60 57 97 28 54 76 33 90 59 78 58 22 83 89 47 13 
385-8-14 1?2.181 = 8 24 60 25 97 57 28 54 76 33 90 59 78 58 22 83 89 47 49 14 
385-10-11 1?1.427 = 10 28 54 76 33 90 59 78 58 22 89 83 69 34 11 
385-9-11 1?1.49 = 9 60 57 97 28 54 76 33 59 78 58 22 83 69 34 11 
385-10-12 1?1.508 = 10 64 25 97 28 54 76 33 90 59 78 58 22 89 83 12 
385-9-12 1?1.466 = 9 60 25 97 57 28 54 76 33 90 59 78 58 22 83 12 
385-10-13 1?1.544 = 10 64 97 57 28 54 76 33 59 78 58 22 83 89 47 13 
385-9-10 1?1.875 = 9 25 97 57 52 31 67 73 77 82 91 76 33 54 28 64 10 
385-9-15 1?2.104 = 9 60 57 97 28 54 76 33 59 78 58 22 89 47 32 20 84 93 15 
385-10-15 1?2.038 = 10 64 28 54 76 33 90 59 78 58 22 83 89 47 32 70 20 84 93 15 
385-10-14 1?1.926 = 10 64 28 54 76 33 90 59 78 58 22 83 89 47 32 20 84 93 61 14 
385-9-14 1?2.099 = 9 60 57 97 28 54 76 33 59 78 58 22 83 89 44 70 20 84 93 61 14 
385-9-13 1?2.057 = 9 60 25 97 57 28 54 76 33 90 59 78 58 22 83 89 91 44 47 13 
385-11-12 1?1.696 = 11 34 90 33 76 59 78 58 22 83 89 44 47 12 
385-11-14 1?1.519 = 11 34 90 59 78 58 22 83 89 47 32 20 84 61 14 
385-12-14 1?1.685 = 12 69 90 59 78 58 22 83 89 47 32 20 84 61 14 
385-13-14 1?1.836 = 13 47 89 83 22 58 78 91 44 70 20 84 93 61 14 
385-12-13 1?1.655 = 12 69 34 90 59 78 58 22 83 89 91 44 47 13 
385-11-13 1?1.537 = 11 34 90 33 76 59 78 58 22 83 89 44 47 13 
385-13-15 1?1.966 = 13 47 89 83 22 58 78 91 44 32 70 20 84 93 15 
385-14-15 1?1.873 = 14 61 93 66 19 48 43 30 36 71 50 40 18 56 86 15 
385-12-15 1?1.92 = 12 69 34 90 59 78 58 22 83 89 47 32 70 20 84 93 15 
385-11-15 1?1.993 = 11 34 69 90 59 78 58 22 83 89 44 70 20 84 93 66 51 15 
stop
