start
30-0-1 1?2.221 = 0 48 41 16 42 26 58 43 61 59 67 25 73 63 53 1 
30-0-2 1?2.121 = 0 48 53 63 73 21 41 16 42 26 58 43 61 67 59 2 
30-0-3 1?2.457 = 0 48 53 63 25 73 21 41 16 42 34 26 58 43 61 67 59 50 3 
30-0-4 1?2.603 = 0 48 53 63 21 41 16 42 26 58 34 69 51 45 80 75 97 38 79 60 4 
30-0-5 1?2.621 = 0 48 53 63 73 25 61 43 76 79 38 60 97 75 85 49 17 95 99 5 
30-0-6 1?2.29 = 0 48 53 63 73 61 43 76 79 38 97 85 49 99 95 20 55 6 
30-0-7 1?2.367 = 0 48 53 63 73 61 43 76 79 97 85 49 99 95 20 55 29 27 7 
30-0-8 1?2.658 = 0 48 53 63 73 21 58 26 34 69 35 52 54 92 39 83 22 81 74 8 
30-0-9 1?2.678 = 0 48 53 63 21 58 26 34 69 52 54 92 39 83 22 62 37 24 9 
30-0-10 1?2.595 = 0 48 53 63 73 21 58 26 34 69 52 54 39 83 22 62 37 96 10 
30-0-11 1?2.533 = 0 48 53 63 73 21 58 26 34 69 35 90 93 57 31 89 66 65 11 
30-0-12 1?2.543 = 0 48 41 16 42 26 58 34 69 35 46 47 93 90 57 31 72 12 
30-0-13 1?2.301 = 0 48 53 63 73 21 41 16 28 87 44 36 70 32 91 13 
30-0-14 1?2.156 = 0 48 53 63 73 21 58 26 42 16 28 87 44 86 30 14 
30-0-15 1?2.215 = 0 48 53 63 73 25 67 61 43 21 41 16 28 87 44 15 
30-1-2 1?2.042 = 1 53 63 73 21 41 16 42 34 26 58 43 61 67 59 2 
30-1-3 1?2.042 = 1 53 63 73 21 41 16 42 34 26 58 43 61 59 50 3 
30-1-4 1?1.942 = 1 53 63 73 25 67 61 43 76 79 38 60 97 75 85 4 
30-1-5 1?2.403 = 1 53 63 73 25 67 61 43 76 79 38 97 75 85 49 17 95 99 5 
30-1-6 1?2.172 = 1 53 63 73 25 61 43 76 79 38 97 75 85 49 99 95 20 55 6 
30-1-7 1?2.207 = 1 53 63 73 61 43 76 79 38 97 85 49 99 95 20 55 29 27 7 
30-1-8 1?2.525 = 1 53 63 73 21 41 16 42 34 69 52 54 92 39 83 22 81 74 8 
30-1-9 1?2.534 = 1 53 63 73 21 58 26 34 69 52 54 92 39 83 22 62 37 24 9 
30-1-10 1?2.466 = 1 53 63 73 21 58 26 34 69 52 54 92 39 83 22 62 37 96 10 
30-1-11 1?2.56 = 1 53 63 25 73 21 58 26 34 69 35 90 93 57 31 89 66 65 23 11 
30-1-12 1?2.431 = 1 53 63 73 21 41 16 42 26 34 69 35 90 93 57 31 72 12 
30-1-13 1?2.457 = 1 53 63 73 21 58 26 34 35 90 93 31 57 88 32 70 91 13 
30-1-14 1?2.063 = 1 53 63 73 21 58 26 42 16 28 87 44 36 86 30 14 
30-1-15 1?2.11 = 1 53 63 73 25 67 61 43 58 26 42 16 28 87 44 15 
30-2-3 1?2.049 = 2 25 73 21 41 16 42 34 26 58 43 61 67 59 50 3 
30-2-4 1?2.21 = 2 25 73 21 41 16 42 26 58 34 69 51 45 80 75 97 4 
30-2-5 1?2.134 = 2 67 61 43 76 79 38 97 75 85 49 17 20 95 99 5 
30-2-6 1?2.118 = 2 59 67 61 43 76 79 38 60 97 75 85 49 99 95 20 55 29 6 
30-2-7 1?2.067 = 2 59 67 61 43 76 79 38 97 75 85 49 99 95 20 55 29 27 7 
30-2-8 1?2.368 = 2 59 61 43 76 79 38 97 75 85 49 99 95 20 55 29 27 18 8 
30-2-9 1?2.585 = 2 67 61 43 58 26 34 69 52 54 92 39 83 22 62 37 96 24 9 
30-2-10 1?2.545 = 2 59 61 43 58 26 34 69 52 54 92 39 83 22 62 37 24 96 10 
30-2-11 1?2.607 = 2 59 67 61 43 58 26 34 69 35 46 47 93 90 57 31 89 66 65 23 11 
30-2-12 1?2.737 = 2 25 63 73 21 41 16 42 26 34 69 35 46 47 93 90 57 31 72 12 
30-2-13 1?2.555 = 2 59 43 61 67 25 73 63 53 48 28 87 44 86 36 70 32 91 13 
30-2-14 1?2.439 = 2 59 43 61 67 25 73 63 53 48 28 87 94 32 70 36 86 30 14 
30-2-15 1?2.183 = 2 59 43 61 67 25 73 63 53 48 41 16 28 87 15 
30-3-4 1?2.017 = 3 50 59 67 25 73 61 43 76 79 38 60 97 75 85 4 
30-3-5 1?1.943 = 3 50 59 67 25 73 61 43 76 79 38 60 97 75 85 5 
30-3-6 1?1.851 = 3 50 79 38 60 97 75 85 49 99 17 95 20 55 29 6 
30-3-7 1?2.119 = 3 50 59 67 61 43 76 79 38 97 75 85 49 99 95 20 55 29 27 7 
30-3-8 1?2.352 = 3 60 38 97 75 85 49 99 95 20 55 68 19 92 39 83 22 74 8 
30-3-9 1?2.466 = 3 60 38 97 75 85 49 99 95 55 20 17 82 56 78 92 39 83 22 9 
30-3-10 1?2.482 = 3 60 38 97 85 49 99 17 82 56 78 19 92 39 83 22 62 37 96 10 
30-3-11 1?2.589 = 3 50 59 67 61 43 58 26 34 69 35 46 47 93 90 57 31 89 66 65 11 
30-3-12 1?2.628 = 3 50 59 67 25 73 21 41 16 42 26 34 69 35 90 93 57 31 72 12 
30-3-13 1?2.547 = 3 50 59 43 61 25 73 63 53 48 28 87 44 86 36 70 32 91 13 
30-3-14 1?2.454 = 3 50 59 43 61 67 25 73 63 53 48 28 87 94 32 70 36 86 14 
30-3-15 1?2.539 = 3 50 59 43 61 25 73 63 53 48 41 58 26 42 16 28 87 15 
30-4-5 1?2.075 = 4 60 38 97 75 85 49 17 82 56 78 19 68 20 95 99 5 
30-4-6 1?1.731 = 4 60 38 79 97 75 85 49 99 17 95 20 55 68 27 29 6 
30-4-7 1?1.639 = 4 60 38 79 97 75 85 49 99 95 20 68 29 27 18 7 
30-4-8 1?2.105 = 4 60 38 97 85 49 99 17 82 56 78 92 39 83 22 81 74 8 
30-4-9 1?2.235 = 4 60 38 97 75 85 49 99 95 20 17 82 56 78 92 39 83 22 9 
30-4-10 1?2.323 = 4 60 38 97 85 49 99 95 17 82 56 78 92 39 83 22 62 37 96 10 
30-4-11 1?2.485 = 4 60 38 97 75 85 49 99 17 82 56 78 92 39 83 22 62 37 77 40 11 
30-4-12 1?2.7 = 4 60 38 97 75 80 45 56 78 92 39 83 22 62 37 77 40 23 66 65 12 
30-4-13 1?2.616 = 4 60 38 79 97 75 80 45 51 69 35 90 93 31 57 88 32 70 91 13 
30-4-14 1?2.517 = 4 60 38 79 97 75 80 45 51 69 34 58 26 42 16 28 87 94 36 30 14 
30-4-15 1?2.565 = 4 60 38 97 75 79 76 43 61 59 67 25 73 63 53 48 28 87 44 15 
30-5-6 1?2.044 = 5 85 75 97 60 38 79 80 45 49 99 95 20 55 68 29 6 
30-5-7 1?1.914 = 5 99 95 20 55 68 19 92 39 83 22 81 98 18 7 
30-5-8 1?2.087 = 5 49 99 17 20 55 68 19 78 56 92 39 83 22 81 74 8 
30-5-9 1?2.231 = 5 49 99 95 20 17 82 56 78 19 92 39 83 22 62 37 24 9 
30-5-10 1?2.266 = 5 49 99 95 20 17 82 56 78 19 92 39 83 22 62 37 24 96 10 
30-5-11 1?2.344 = 5 49 99 17 95 20 55 68 19 92 39 83 22 62 37 77 40 11 
30-5-12 1?2.519 = 5 49 99 17 82 56 78 19 92 39 83 22 62 37 71 64 23 65 12 
30-5-13 1?2.658 = 5 49 99 17 82 19 92 39 83 22 62 33 47 93 90 57 31 72 84 13 
30-5-14 1?2.666 = 5 85 75 97 38 79 76 43 61 25 73 63 53 48 28 87 44 36 30 14 
30-5-15 1?2.615 = 5 85 75 97 60 38 79 76 43 61 67 25 73 63 53 48 28 87 44 15 
30-6-7 1?1.754 = 6 95 20 17 82 56 78 92 39 83 22 81 98 18 7 
30-6-8 1?1.884 = 6 29 55 20 95 17 82 56 78 19 92 39 83 22 81 74 8 
30-6-9 1?1.967 = 6 55 20 95 17 82 56 78 19 92 39 83 22 62 37 24 9 
30-6-10 1?2.088 = 6 29 68 55 20 95 17 82 56 78 19 92 39 83 22 62 37 96 10 
30-6-11 1?2.313 = 6 29 55 20 95 17 82 56 78 19 92 39 83 22 62 37 71 64 40 11 
30-6-12 1?2.405 = 6 95 20 55 68 19 92 39 83 22 62 33 47 93 90 57 31 72 12 
30-6-13 1?2.555 = 6 55 20 17 82 56 78 92 39 83 22 62 33 47 93 90 57 31 72 84 13 
30-6-14 1?2.535 = 6 55 68 19 92 39 83 22 62 33 47 31 57 93 90 88 32 70 30 14 
30-6-15 1?2.616 = 6 55 20 95 17 82 56 78 92 54 52 69 34 58 26 42 16 28 87 15 
30-7-8 1?1.728 = 7 27 29 55 20 95 17 82 56 78 92 39 83 22 74 8 
30-7-9 1?1.802 = 7 27 29 55 20 95 17 82 56 78 19 92 39 83 22 9 
30-7-10 1?1.819 = 7 27 29 55 20 68 19 81 39 83 22 62 37 77 10 
30-7-11 1?2.265 = 7 27 29 55 20 95 17 82 56 78 19 92 39 83 22 62 37 77 40 11 
30-7-12 1?2.426 = 7 18 98 74 81 39 83 22 62 33 47 93 90 57 31 89 66 65 12 
30-7-13 1?2.464 = 7 18 98 74 81 39 83 22 62 33 47 31 57 93 90 88 32 91 13 
30-7-14 1?2.593 = 7 18 98 74 81 39 83 22 62 33 47 31 57 93 90 88 32 70 36 86 30 14 
30-7-15 1?2.548 = 7 18 98 81 39 83 22 62 33 47 31 57 93 90 88 32 70 36 86 15 
30-8-9 1?2.044 = 8 74 81 19 78 56 92 39 83 22 62 37 96 24 9 
30-8-10 1?1.966 = 8 74 81 19 78 56 92 39 83 22 62 37 24 96 10 
30-8-11 1?1.859 = 8 74 81 39 83 22 62 37 71 64 89 66 65 23 11 
30-8-12 1?2.261 = 8 74 81 39 83 22 62 33 47 93 90 57 31 89 23 65 12 
30-8-13 1?2.271 = 8 74 81 39 83 22 62 33 47 31 57 93 90 88 32 91 13 
30-8-14 1?2.524 = 8 74 81 92 39 83 22 62 33 47 31 57 93 90 88 32 70 36 30 14 
30-8-15 1?2.558 = 8 74 81 39 83 22 62 33 47 31 57 93 90 88 32 70 36 86 44 15 
30-9-10 1?2.141 = 9 74 81 19 78 56 92 39 83 22 62 37 24 96 10 
30-9-11 1?2.034 = 9 74 81 39 83 22 62 37 71 64 89 66 65 23 11 
30-9-12 1?2.368 = 9 24 37 62 22 83 39 92 54 46 47 93 90 57 31 72 12 
30-9-13 1?2.48 = 9 24 37 71 64 89 31 57 93 90 88 32 70 36 86 30 91 13 
30-9-14 1?2.384 = 9 24 37 96 77 64 71 89 31 57 93 90 88 32 70 36 86 30 14 
30-9-15 1?2.642 = 9 74 81 39 83 22 62 33 47 31 57 93 90 88 32 70 36 86 15 
30-10-11 1?2.149 = 10 96 24 22 83 39 62 37 71 64 89 66 65 23 40 11 
30-10-12 1?2.259 = 10 77 64 71 89 31 57 93 90 88 32 70 91 84 72 12 
30-10-13 1?2.364 = 10 77 37 71 64 89 31 57 93 90 88 32 70 36 30 91 13 
30-10-14 1?2.198 = 10 96 24 37 71 64 89 31 57 93 90 88 32 70 36 86 30 14 
30-10-15 1?2.574 = 10 96 37 71 64 40 23 65 66 89 31 57 93 90 88 32 70 36 44 15 
30-11-12 1?2.127 = 11 23 65 66 89 31 57 93 90 88 32 70 91 84 72 12 
30-11-13 1?2.037 = 11 40 23 65 66 89 31 57 93 90 88 94 32 70 91 13 
30-11-14 1?1.817 = 11 23 65 66 89 31 57 93 90 88 32 70 36 86 30 14 
30-11-15 1?2.214 = 11 65 66 23 40 64 89 31 57 93 90 88 32 70 36 86 44 15 
30-12-13 1?2.116 = 12 65 23 40 64 71 89 31 57 93 90 88 32 70 91 13 
30-12-14 1?1.968 = 12 65 23 66 89 31 57 93 90 88 32 70 36 86 30 14 
30-12-15 1?2.357 = 12 65 66 23 40 64 89 31 57 93 90 88 32 70 36 86 44 15 
30-13-14 1?2.189 = 13 84 72 31 57 93 90 88 32 70 91 30 36 44 86 14 
30-13-15 1?2.15 = 13 84 72 31 57 93 90 88 32 70 91 30 86 36 44 15 
30-14-15 1?2.376 = 14 30 70 32 88 57 31 93 90 35 42 16 28 87 44 15 
stop
