start
678-0-3 1?1.67 = 0 65 48 56 71 53 39 82 29 47 90 91 61 60 3 
678-0-2 1?1.725 = 0 65 48 56 71 53 39 82 29 47 90 87 50 20 2 
678-0-1 1?1.764 = 0 65 48 56 71 53 39 82 29 47 90 87 50 86 1 
678-0-4 1?2.149 = 0 65 48 56 71 53 39 82 29 47 90 91 61 60 67 30 88 4 
678-0-11 1?2.517 = 0 65 72 68 27 96 63 99 66 58 26 42 33 52 55 16 84 69 77 11 
678-0-5 1?2.347 = 0 65 48 56 53 39 82 78 70 62 44 74 24 64 19 80 73 32 5 
678-0-8 1?2.485 = 0 65 48 56 53 39 82 78 94 70 62 44 74 24 64 45 40 83 18 8 
678-0-9 1?2.552 = 0 65 48 56 53 39 82 78 70 62 44 74 24 64 45 40 83 21 36 9 
678-0-10 1?2.625 = 0 65 48 56 53 39 82 78 94 70 62 44 74 37 92 25 34 85 17 10 
678-0-6 1?2.334 = 0 65 48 56 71 53 39 82 78 94 70 62 44 74 24 64 19 80 95 54 6 
678-0-7 1?2.49 = 0 72 65 48 56 71 53 39 82 78 94 70 62 44 74 24 64 19 89 7 
678-0-13 1?1.791 = 0 72 68 27 96 63 99 66 58 26 42 52 33 31 41 49 13 
678-1-3 1?1.542 = 1 59 86 50 87 23 71 53 39 29 47 90 91 61 60 3 
678-0-15 1?2.035 = 0 72 65 48 56 71 53 39 82 78 94 81 68 27 96 15 
678-1-4 1?1.779 = 1 59 86 20 50 87 90 47 98 91 61 60 67 30 88 4 
678-0-14 1?2.019 = 0 72 68 27 96 63 99 66 58 26 42 52 33 31 41 49 14 
678-1-2 1?1.629 = 1 59 86 20 50 87 23 71 53 39 29 47 90 91 35 2 
678-0-12 1?2.365 = 0 65 72 68 27 96 63 81 99 66 58 26 42 52 33 31 41 49 22 12 
678-1-7 1?2.26 = 1 59 86 50 87 23 71 53 39 82 78 70 62 44 74 24 64 19 89 7 
678-1-5 1?2.243 = 1 59 86 50 87 23 71 53 39 82 62 74 24 64 19 80 73 32 5 
678-1-8 1?2.37 = 1 59 86 50 87 90 47 29 39 82 62 44 74 24 64 45 40 83 18 8 
678-1-6 1?2.152 = 1 59 86 50 87 90 47 29 39 82 62 44 74 24 64 19 80 95 54 6 
678-1-15 1?1.729 = 1 59 86 50 87 90 47 71 56 48 65 72 68 27 96 15 
678-2-3 1?1.494 = 2 35 87 50 23 71 53 39 29 47 90 91 61 60 3 
678-1-14 1?2.131 = 1 59 86 50 87 90 47 71 53 39 82 78 94 81 99 66 14 
678-2-4 1?1.749 = 2 20 59 86 50 87 90 47 98 91 61 60 67 30 88 4 
678-2-5 1?2.051 = 2 50 87 23 71 53 39 82 62 44 74 24 80 73 32 5 
678-1-12 1?2.218 = 1 59 86 50 87 23 71 53 39 82 78 94 58 26 42 33 31 22 12 
678-1-11 1?2.417 = 1 59 86 50 87 23 71 53 39 82 78 94 70 57 93 97 16 69 77 11 
678-2-6 1?2.036 = 2 50 87 23 71 53 39 82 70 62 44 74 24 64 19 80 95 54 6 
678-1-13 1?2.037 = 1 59 86 50 87 23 71 53 39 78 94 58 42 33 31 41 49 13 
678-1-9 1?2.448 = 1 59 86 50 87 23 71 53 39 82 62 74 24 64 45 40 83 21 36 9 
678-1-10 1?2.484 = 1 59 86 50 87 90 47 29 39 82 62 44 74 37 92 25 34 85 51 10 
678-2-15 1?1.716 = 2 50 87 90 47 23 71 53 56 48 65 72 68 27 96 15 
678-2-14 1?2.1 = 2 50 87 90 47 29 39 53 56 48 65 72 68 27 96 63 14 
678-3-4 1?1.787 = 3 60 61 91 90 47 23 71 53 39 29 98 46 30 88 4 
678-3-5 1?2.007 = 3 60 61 91 90 87 50 23 71 53 39 82 28 43 5 
678-2-7 1?2.162 = 2 35 87 50 23 71 53 39 82 70 62 44 74 24 64 19 89 7 
678-2-8 1?2.221 = 2 50 87 90 47 29 39 82 62 44 74 24 64 45 40 83 18 8 
678-2-12 1?2.265 = 2 20 59 86 50 87 23 71 53 39 82 78 94 58 26 42 33 31 22 12 
678-2-11 1?2.431 = 2 50 87 23 71 53 39 82 62 44 74 37 92 25 34 97 16 69 77 11 
678-2-13 1?2.104 = 2 35 50 87 90 47 29 39 82 78 94 58 26 42 33 31 41 49 13 
678-2-9 1?2.377 = 2 50 87 23 71 53 39 82 70 62 44 74 24 64 45 40 83 21 36 9 
678-2-10 1?2.474 = 2 50 87 23 71 53 39 82 78 94 70 62 44 74 37 92 25 34 85 51 10 
678-3-15 1?2.055 = 3 60 61 91 90 47 29 39 82 78 53 71 56 48 65 72 68 27 96 15 
678-4-5 1?2.261 = 4 88 30 67 60 61 91 90 47 29 39 82 28 43 5 
678-3-14 1?2.311 = 3 60 61 91 90 87 50 23 71 53 39 82 78 94 58 26 42 66 99 14 
678-3-7 1?2.14 = 3 60 61 91 90 47 29 39 82 70 62 44 74 24 64 19 89 7 
678-3-6 1?1.977 = 3 60 61 91 90 47 29 82 62 44 74 24 80 95 54 6 
678-3-8 1?2.247 = 3 60 61 91 90 47 29 39 82 70 57 37 92 45 40 83 18 8 
678-3-9 1?2.348 = 3 60 61 91 90 47 29 39 82 62 44 74 24 64 45 40 83 36 9 
678-3-11 1?2.495 = 3 60 61 91 90 47 29 39 82 78 94 70 57 37 92 25 97 16 69 77 11 
678-3-10 1?2.473 = 3 60 61 91 90 47 29 39 82 70 62 44 74 37 92 25 34 85 17 10 
678-3-12 1?2.491 = 3 60 61 91 90 87 50 23 71 53 39 82 78 94 58 26 42 33 31 41 49 22 12 
678-3-13 1?2.418 = 3 60 61 91 90 87 50 23 71 53 39 82 78 94 70 58 26 42 33 31 41 49 13 
678-4-7 1?2.232 = 4 88 30 46 98 29 39 82 62 44 74 24 64 19 89 7 
678-4-15 1?2.216 = 4 88 30 46 98 91 90 47 29 39 53 71 56 48 65 72 68 27 96 15 
678-4-14 1?2.546 = 4 88 30 61 91 90 47 29 39 53 71 56 48 65 72 68 27 96 63 14 
678-4-8 1?2.309 = 4 88 43 28 44 62 74 24 64 45 40 83 21 36 18 79 8 
678-5-6 1?2.173 = 5 32 73 80 64 24 74 37 92 45 40 75 89 38 54 6 
678-4-6 1?1.997 = 4 88 43 28 44 62 74 24 64 19 80 73 32 95 54 6 
678-4-12 1?2.461 = 4 88 30 46 91 90 47 29 39 82 78 94 58 26 42 33 31 22 12 
678-4-9 1?2.548 = 4 88 30 46 98 29 39 82 62 44 74 24 64 45 40 83 21 36 9 
678-4-11 1?2.692 = 4 88 30 46 98 90 47 29 39 82 78 94 70 57 93 97 84 16 69 77 11 
678-4-10 1?2.657 = 4 88 30 46 98 29 39 82 78 70 62 44 74 37 92 25 34 85 51 10 
678-4-13 1?2.506 = 4 88 30 46 98 91 90 47 71 53 39 82 78 94 58 26 42 33 31 41 49 13 
678-6-7 1?2.019 = 6 54 95 32 73 80 19 64 24 74 37 92 45 40 75 89 7 
678-5-7 1?2.259 = 5 32 73 80 19 64 24 74 44 62 57 37 92 45 75 89 7 
678-5-15 1?2.46 = 5 32 73 80 19 64 24 74 44 62 82 39 53 56 48 65 68 27 96 15 
678-5-14 1?2.737 = 5 32 73 80 19 64 24 74 44 62 70 94 58 26 42 33 31 41 49 14 
678-6-8 1?1.97 = 6 38 54 95 32 73 80 19 64 45 40 83 21 36 18 79 8 
678-5-8 1?2.308 = 5 32 73 80 19 64 24 74 37 92 45 40 83 21 36 18 79 8 
678-5-12 1?2.603 = 5 32 73 80 19 64 24 74 37 92 25 34 97 84 16 69 55 76 22 12 
678-5-9 1?2.468 = 5 32 73 80 19 64 24 74 44 62 57 37 92 45 40 83 18 79 9 
678-5-10 1?2.454 = 5 32 73 95 54 38 89 75 45 40 83 21 34 97 84 16 69 17 10 
678-5-11 1?2.651 = 5 32 95 54 38 89 75 45 40 83 21 25 34 97 84 16 69 17 77 11 
678-5-13 1?2.692 = 5 32 73 80 19 64 24 74 44 62 70 78 94 58 26 42 52 33 31 41 49 13 
678-7-11 1?2.062 = 7 89 75 40 45 83 21 25 34 97 16 69 84 17 77 11 
678-7-8 1?2.124 = 7 38 54 95 32 73 80 19 64 45 40 83 21 36 18 79 8 
678-6-15 1?2.362 = 6 54 95 80 19 64 24 74 44 62 82 39 53 56 48 65 72 68 27 96 15 
678-6-14 1?2.639 = 6 54 95 80 19 64 24 74 44 62 82 39 78 94 58 26 42 66 99 14 
678-7-9 1?2.091 = 7 89 75 45 40 83 21 25 34 97 16 69 84 85 51 9 
678-7-10 1?2.033 = 7 89 75 40 45 83 21 25 34 97 16 69 84 85 51 10 
678-6-11 1?2.308 = 6 54 95 32 73 80 19 64 45 40 83 21 25 34 97 84 16 69 77 11 
678-6-9 1?2.293 = 6 54 38 89 75 45 40 83 21 25 34 97 16 69 84 85 51 9 
678-6-12 1?2.493 = 6 54 95 32 73 80 19 45 40 83 21 25 34 97 84 69 16 55 76 22 12 
678-6-10 1?2.251 = 6 54 95 32 73 80 19 45 40 83 21 25 34 97 84 16 69 17 10 
678-6-13 1?2.528 = 6 54 95 32 73 80 19 64 24 74 44 62 70 94 58 26 42 33 31 41 49 13 
678-8-11 1?2.037 = 8 79 18 83 40 45 92 37 25 34 97 84 16 69 77 11 
678-8-15 1?2.542 = 8 18 83 40 45 64 24 74 44 62 82 39 53 56 48 65 68 27 96 15 
678-7-14 1?2.744 = 7 89 19 64 24 74 44 62 82 39 53 56 48 65 72 68 27 96 63 14 
678-7-15 1?2.505 = 7 89 19 64 24 74 44 62 70 78 82 39 53 56 48 65 72 68 27 96 15 
678-8-9 1?2.218 = 8 79 18 83 40 45 92 37 25 34 97 16 84 85 51 9 
678-8-14 1?2.798 = 8 18 36 21 83 40 45 64 24 74 62 70 94 58 26 42 66 99 14 
678-8-10 1?2.09 = 8 79 18 83 40 45 92 37 25 34 97 84 16 69 17 10 
678-8-12 1?2.414 = 8 79 36 21 83 40 45 92 37 25 34 97 84 16 69 55 76 22 12 
678-7-12 1?2.584 = 7 89 75 45 40 83 21 25 34 97 16 69 55 52 33 31 41 49 22 12 
678-8-13 1?2.475 = 8 18 83 40 45 92 25 34 97 84 16 69 55 52 33 31 41 49 13 
678-7-13 1?2.617 = 7 89 75 40 45 64 24 74 44 62 70 94 58 26 42 52 33 31 41 49 13 
678-10-13 1?2.221 = 10 17 84 69 16 97 34 25 93 26 42 33 31 41 49 13 
678-10-12 1?2.382 = 10 17 84 16 69 55 52 42 26 58 66 33 31 41 22 12 
678-9-12 1?2.256 = 9 79 18 36 83 21 25 34 85 84 16 69 55 76 22 12 
678-10-11 1?2.376 = 10 17 84 85 34 21 83 40 45 92 25 97 16 69 77 11 
678-9-11 1?2.086 = 9 36 21 83 40 45 92 37 25 34 97 84 16 69 77 11 
678-9-14 1?2.723 = 9 51 85 84 16 69 55 76 22 49 41 31 33 42 26 58 66 99 14 
678-10-14 1?2.606 = 10 17 84 69 16 97 34 25 92 37 57 93 26 58 42 66 99 14 
678-10-15 1?2.683 = 10 51 85 34 25 92 37 57 70 78 82 39 53 71 56 48 65 72 15 
678-9-15 1?2.663 = 9 36 83 40 45 64 24 74 44 62 82 39 53 56 48 65 72 68 27 96 15 
678-9-10 1?2.132 = 9 36 21 83 40 45 92 37 25 34 97 16 69 84 17 10 
678-9-13 1?2.462 = 9 36 21 83 40 45 92 37 57 93 26 58 42 52 33 31 41 49 13 
678-11-13 1?2.175 = 11 77 69 16 84 97 34 25 93 26 42 33 31 41 49 13 
678-12-13 1?2.357 = 12 22 76 55 69 16 84 97 34 25 93 52 33 31 41 49 13 
678-11-12 1?2.299 = 11 77 69 16 84 97 34 25 93 52 33 31 41 49 22 12 
678-12-14 1?2.379 = 12 22 49 41 31 33 42 26 58 66 99 63 27 68 72 15 14 
678-14-15 1?2.092 = 14 49 41 31 33 52 42 26 58 66 99 63 96 27 68 72 15 
678-12-15 1?1.951 = 12 22 49 41 31 33 52 42 26 58 66 99 63 68 27 96 15 
678-13-15 1?1.975 = 13 49 41 31 33 42 26 58 66 99 63 96 27 68 65 72 15 
678-11-14 1?2.396 = 11 77 69 16 84 97 34 25 92 37 93 26 42 66 99 14 
678-13-14 1?2.364 = 13 49 41 31 33 42 26 58 66 99 63 96 27 68 65 72 15 14 
678-11-15 1?2.442 = 11 77 17 84 16 69 55 52 33 42 26 58 66 99 63 68 27 96 15 
stop
