start
917-0-2 1?1.506 = 0 48 92 94 99 74 41 50 59 64 60 66 89 18 2 
917-0-3 1?1.919 = 0 48 92 94 99 74 41 23 67 85 24 34 59 64 60 66 89 3 
917-0-4 1?2.136 = 0 48 92 94 99 23 67 85 24 98 78 39 44 88 55 27 37 28 46 4 
917-0-1 1?1.672 = 0 92 94 99 23 50 59 64 60 66 89 18 65 96 1 
917-0-6 1?2.383 = 0 48 92 94 99 23 67 85 24 98 78 39 44 88 55 27 37 28 45 6 
917-0-5 1?2.253 = 0 48 92 94 99 41 23 67 85 24 98 78 39 44 88 55 27 37 28 51 5 
917-0-9 1?2.451 = 0 48 92 94 99 41 23 67 85 24 98 78 53 79 63 26 49 93 32 76 9 
917-0-8 1?2.58 = 0 48 92 94 99 23 67 85 24 98 78 39 44 55 88 70 52 95 61 20 21 8 
917-0-11 1?2.461 = 0 92 94 99 69 68 31 73 29 83 56 16 75 86 77 40 87 43 11 
917-0-10 1?2.703 = 0 48 92 94 99 23 67 85 24 98 78 53 79 63 26 49 93 76 32 84 10 
917-0-7 1?2.487 = 0 48 92 94 99 41 23 67 85 24 98 78 39 44 55 88 70 52 95 61 20 21 7 
917-1-3 1?1.878 = 1 71 48 92 94 99 74 41 23 50 59 64 60 66 89 3 
917-1-4 1?1.889 = 1 96 65 18 89 66 60 59 64 17 37 28 51 46 4 
917-0-15 1?1.801 = 0 48 71 74 41 99 94 68 31 73 29 83 91 22 90 15 
917-0-13 1?2.008 = 0 48 92 94 99 69 68 81 31 73 29 83 56 16 75 86 13 
917-1-2 1?1.789 = 1 71 48 92 94 99 41 23 50 59 64 60 66 89 18 2 
917-1-5 1?2.178 = 1 71 74 41 23 67 85 24 98 78 39 44 88 55 27 37 28 46 51 5 
917-0-14 1?2.168 = 0 48 92 94 99 74 41 23 67 85 24 33 69 68 29 83 14 
917-1-6 1?2.409 = 1 71 74 41 23 67 85 24 98 78 39 44 88 55 27 37 28 51 58 6 
917-0-12 1?2.035 = 0 48 92 94 99 69 68 31 73 29 83 56 16 75 77 40 12 
917-1-8 1?2.628 = 1 96 65 18 60 66 89 17 37 27 55 88 44 39 78 53 95 61 20 21 8 
917-1-7 1?2.492 = 1 96 65 18 60 66 89 17 37 27 55 88 44 39 98 78 53 95 61 20 21 7 
917-1-15 1?1.84 = 1 71 74 41 99 48 92 94 69 68 31 29 83 22 15 
917-2-5 1?1.838 = 2 18 89 66 60 64 59 34 17 37 28 82 46 51 5 
917-2-3 1?2.046 = 2 18 89 66 60 64 59 34 85 24 17 37 28 82 30 3 
917-2-4 1?1.803 = 2 18 89 66 60 64 59 34 17 37 27 28 51 46 4 
917-1-13 1?2.298 = 1 71 74 41 99 48 92 94 69 68 31 73 29 83 56 16 75 86 13 
917-1-12 1?2.521 = 1 71 74 41 99 94 69 68 31 73 29 83 56 16 75 86 77 40 43 12 
917-1-10 1?2.682 = 1 71 74 41 23 67 85 24 98 78 53 79 63 26 49 93 76 32 84 97 10 
917-2-6 1?2.244 = 2 18 60 64 59 34 85 24 98 78 39 88 55 27 37 28 45 6 
917-1-11 1?2.493 = 1 71 74 41 99 94 68 31 73 29 83 56 16 75 86 77 40 43 11 
917-1-14 1?2.114 = 1 96 65 18 89 66 60 64 59 50 23 69 68 31 73 83 14 
917-1-9 1?2.498 = 1 96 65 60 66 89 17 55 88 44 39 78 53 79 63 26 49 93 32 76 9 
917-2-15 1?1.902 = 2 18 89 66 60 64 59 34 85 67 69 68 31 73 29 83 22 15 
917-3-5 1?1.95 = 3 89 66 18 60 64 59 34 17 37 28 82 46 51 5 
917-3-4 1?1.915 = 3 89 66 18 60 64 59 34 17 37 27 28 51 46 4 
917-2-13 1?2.22 = 2 18 89 66 60 64 59 67 69 68 31 73 29 83 56 16 75 86 13 
917-2-12 1?2.475 = 2 18 89 66 60 64 59 34 85 67 69 68 31 29 83 56 16 75 86 12 
917-2-10 1?2.575 = 2 18 60 59 64 17 37 27 55 88 44 39 98 78 53 79 26 49 97 10 
917-2-11 1?2.55 = 2 18 60 64 59 50 23 69 68 31 73 29 83 56 16 77 40 43 11 
917-2-14 1?2.173 = 2 18 89 66 60 64 59 34 67 85 24 33 69 68 31 73 29 83 14 
917-2-8 1?2.365 = 2 18 60 66 89 17 37 27 55 88 44 39 98 78 53 95 61 20 21 8 
917-2-9 1?2.316 = 2 18 60 66 89 17 55 88 44 39 98 78 53 79 63 26 49 93 32 76 9 
917-2-7 1?2.196 = 2 18 60 66 89 17 37 27 55 88 44 39 98 78 53 95 61 20 21 7 
917-3-15 1?2.014 = 3 89 66 18 60 64 59 34 85 67 69 68 31 73 29 83 22 15 
917-4-5 1?1.765 = 4 46 51 28 37 27 55 44 39 78 53 70 45 58 5 
917-3-6 1?2.189 = 3 30 46 51 28 37 27 55 88 44 39 98 78 53 70 52 45 6 
917-3-12 1?2.556 = 3 89 66 60 64 59 34 85 24 33 69 68 31 73 29 83 56 16 75 86 12 
917-3-13 1?2.484 = 3 18 89 66 60 64 59 34 85 67 69 68 31 29 83 56 16 75 86 13 
917-3-10 1?2.594 = 3 30 46 51 28 37 27 55 88 44 39 78 53 79 26 49 93 76 32 84 10 
917-3-7 1?1.958 = 3 30 82 28 37 27 55 88 44 39 98 78 53 95 61 20 21 7 
917-3-8 1?2.254 = 3 30 46 51 28 37 27 55 88 44 39 98 78 53 95 61 20 21 8 
917-3-11 1?2.67 = 3 89 66 60 64 59 50 23 69 68 31 73 29 83 56 16 77 40 43 11 
917-3-14 1?2.404 = 3 89 66 60 64 59 34 85 24 38 42 47 81 69 68 31 73 29 83 14 
917-3-9 1?2.329 = 3 30 46 51 28 37 27 55 88 44 39 98 78 53 79 63 26 49 93 32 76 9 
917-4-15 1?2.2 = 4 46 28 37 27 55 88 44 39 78 98 25 42 81 31 73 29 83 22 15 
917-4-6 1?1.794 = 4 46 51 28 37 27 55 88 39 98 78 53 70 45 6 
917-5-6 1?1.861 = 5 51 46 28 37 27 55 88 39 98 78 53 70 45 6 
917-4-13 1?2.312 = 4 46 28 37 27 55 44 39 78 98 25 57 80 35 87 40 77 75 13 
917-4-10 1?2.295 = 4 46 51 28 37 27 55 88 44 39 78 53 79 26 49 93 76 32 84 10 
917-4-7 1?1.681 = 4 46 51 28 37 27 55 88 44 39 70 52 20 61 21 7 
917-4-12 1?2.515 = 4 46 51 28 37 27 55 88 44 39 98 78 53 79 63 72 36 19 62 35 87 40 12 
917-4-8 1?2.033 = 4 46 51 28 37 27 55 88 44 39 98 78 53 95 20 61 54 8 
917-4-11 1?2.576 = 4 46 51 28 37 27 55 88 44 39 78 53 79 63 72 36 19 62 35 87 43 11 
917-4-9 1?2.03 = 4 46 51 28 37 27 55 88 44 39 98 78 53 79 63 26 49 93 32 76 9 
917-4-14 1?2.355 = 4 46 51 28 37 27 55 88 44 39 78 98 25 38 42 81 31 73 29 83 14 
917-5-15 1?2.311 = 5 51 28 37 27 55 88 44 39 78 98 25 38 42 81 31 73 29 83 22 15 
917-6-8 1?2.043 = 6 45 88 55 44 39 98 78 53 70 52 95 61 20 21 8 
917-5-8 1?1.888 = 5 51 46 28 37 27 55 88 44 39 78 53 95 54 8 
917-5-10 1?2.296 = 5 51 28 37 27 55 88 44 39 98 78 53 79 63 26 49 93 32 84 10 
917-6-7 1?1.874 = 6 45 88 55 44 39 98 78 53 70 52 95 61 20 21 7 
917-5-13 1?2.373 = 5 51 28 37 27 55 88 44 39 78 98 25 57 80 35 87 40 77 75 13 
917-5-12 1?2.521 = 5 51 46 28 37 27 55 88 44 39 78 98 25 72 36 57 80 35 87 40 12 
917-5-7 1?1.738 = 5 51 28 37 27 55 88 44 39 70 52 95 61 20 21 7 
917-5-11 1?2.44 = 5 51 46 28 37 27 55 88 44 39 78 98 25 57 80 35 87 43 11 
917-5-9 1?2.07 = 5 51 46 28 37 27 55 88 44 39 78 53 79 63 49 26 93 32 76 9 
917-5-14 1?2.422 = 5 51 46 28 37 27 55 88 44 39 78 98 25 38 42 81 31 73 29 83 14 
917-7-10 1?2.291 = 7 21 61 20 52 70 88 55 44 39 78 53 79 63 26 49 97 10 
917-6-15 1?2.528 = 6 45 27 55 88 44 39 78 98 25 38 42 47 81 31 73 29 83 22 91 15 
917-7-9 1?1.995 = 7 21 20 52 70 88 44 39 53 79 63 26 49 93 32 76 9 
917-6-12 1?2.609 = 6 45 27 55 88 44 39 98 78 53 79 63 72 36 57 80 35 87 40 12 
917-6-9 1?1.95 = 6 45 88 55 44 39 98 78 53 79 63 26 49 93 32 76 9 
917-7-8 1?2.009 = 7 21 61 20 52 70 88 55 44 39 98 78 53 95 54 8 
917-7-11 1?2.444 = 7 21 20 61 95 52 70 88 55 44 39 78 98 25 57 19 62 11 
917-6-10 1?2.422 = 6 45 27 55 88 44 39 98 78 53 79 63 26 49 93 76 32 84 97 10 
917-6-13 1?2.597 = 6 45 88 55 44 39 98 78 53 79 63 72 36 19 62 35 87 40 77 86 75 13 
917-6-11 1?2.645 = 6 45 88 55 44 39 98 78 53 79 63 72 36 19 57 80 35 87 43 11 
917-6-14 1?2.532 = 6 45 27 55 88 44 39 78 98 25 42 38 33 69 68 31 73 29 83 14 
917-8-12 1?2.51 = 8 21 20 61 95 79 63 72 36 19 57 80 35 87 77 75 86 12 
917-8-10 1?2.46 = 8 21 61 20 52 70 88 55 44 39 78 53 79 63 26 49 97 10 
917-8-15 1?2.581 = 8 21 20 52 70 88 55 44 39 78 98 25 38 42 81 31 73 29 83 22 15 
917-7-15 1?2.501 = 7 21 20 52 70 88 55 44 39 78 98 25 38 33 69 68 31 73 29 83 22 15 
917-8-9 1?2.164 = 8 21 20 52 70 88 44 39 53 79 63 26 49 93 32 76 9 
917-8-11 1?2.613 = 8 21 20 61 95 52 70 88 55 44 39 78 98 25 57 19 62 11 
917-7-12 1?2.574 = 7 21 20 52 70 88 55 44 39 78 98 25 72 36 19 57 80 35 87 40 12 
917-8-13 1?2.675 = 8 54 95 52 70 88 55 44 39 78 98 25 57 80 35 87 40 77 75 13 
917-7-13 1?2.531 = 7 21 20 52 70 88 55 44 39 78 98 25 57 80 35 87 40 77 86 75 13 
917-8-14 1?2.602 = 8 21 61 20 52 70 88 55 44 39 78 98 38 42 81 31 73 29 83 14 
917-7-14 1?2.44 = 7 21 61 20 52 70 88 55 44 39 78 98 25 42 81 31 73 29 83 14 
917-10-13 1?2.215 = 10 84 32 76 93 26 49 72 36 19 62 35 87 40 77 86 75 13 
917-9-12 1?2.095 = 9 76 93 32 84 97 36 19 57 80 35 87 40 77 75 86 12 
917-9-10 1?2.412 = 9 76 32 93 54 61 20 52 70 53 79 63 26 49 97 84 10 
917-10-12 1?2.368 = 10 84 32 76 93 26 49 72 36 19 62 35 87 40 77 75 86 12 
917-9-11 1?2.179 = 9 76 32 93 49 26 79 63 72 36 19 57 80 35 87 43 11 
917-10-11 1?2.417 = 10 97 84 32 76 93 49 26 63 72 36 19 57 80 35 87 43 11 
917-9-15 1?2.512 = 9 76 32 93 26 49 72 36 19 57 80 47 81 68 31 73 29 83 22 91 15 
917-9-13 1?2.281 = 9 76 32 93 49 26 79 63 72 36 19 57 80 35 87 40 77 75 86 13 
917-10-15 1?2.735 = 10 84 32 76 93 26 49 72 36 19 57 80 47 81 31 73 29 83 22 91 15 
917-10-14 1?2.608 = 10 97 72 36 19 57 80 47 81 69 68 31 73 29 83 22 91 14 
917-9-14 1?2.433 = 9 76 93 32 84 97 72 36 19 57 80 47 81 68 31 73 29 83 14 
917-14-15 1?2.054 = 14 83 29 31 68 69 94 99 41 74 71 48 92 90 15 
917-12-15 1?2.035 = 12 40 43 87 35 80 47 81 68 31 73 29 83 22 15 
917-13-15 1?1.895 = 13 75 77 40 87 35 80 47 81 31 73 29 83 22 91 15 
917-12-13 1?2.151 = 12 40 87 35 80 47 81 31 73 29 83 56 16 75 86 13 
917-11-13 1?2.245 = 11 43 87 35 80 47 81 31 73 29 83 56 16 75 86 13 
917-11-12 1?2.364 = 11 43 87 35 80 47 81 31 73 29 83 56 16 75 86 12 
917-11-15 1?2.336 = 11 43 87 35 62 19 36 72 57 80 47 81 31 73 29 83 22 15 
917-12-14 1?2.247 = 12 40 43 87 35 80 57 47 81 68 31 73 29 83 14 
917-13-14 1?2.079 = 13 75 77 40 87 35 80 47 81 31 73 29 83 22 91 14 
917-11-14 1?2.443 = 11 43 87 35 80 57 47 81 69 68 31 73 29 83 22 91 14 
stop
