start
656-0-4 1?2.517 = 0 16 68 85 86 34 17 31 81 73 40 93 66 99 67 25 80 4 
656-0-5 1?2.62 = 0 16 68 85 86 34 17 31 81 73 40 93 29 91 66 99 67 5 
656-0-1 1?2.25 = 0 68 85 86 34 17 31 81 73 93 40 41 24 47 64 1 
656-0-3 1?2.617 = 0 16 68 85 86 17 34 83 77 98 31 81 73 93 40 27 53 3 
656-0-2 1?2.528 = 0 54 76 68 85 86 34 17 31 81 73 93 40 41 24 47 64 2 
656-0-8 1?2.646 = 0 68 86 17 34 83 77 98 70 78 39 32 43 75 23 59 95 36 69 26 8 
656-0-7 1?2.671 = 0 16 68 85 86 34 17 31 81 73 40 93 29 91 38 20 22 49 71 96 7 
656-0-6 1?2.773 = 0 16 68 85 86 34 17 31 81 73 40 93 29 91 38 20 22 71 49 57 6 
656-0-9 1?2.435 = 0 68 86 17 34 83 77 98 70 78 39 32 43 75 23 59 95 36 69 9 
656-0-10 1?2.498 = 0 16 68 86 17 34 83 77 98 70 78 39 32 43 75 23 59 37 28 10 
656-0-11 1?2.578 = 0 16 68 85 86 34 17 31 81 98 70 78 89 61 97 19 63 79 33 11 
656-0-13 1?2.03 = 0 16 68 86 34 83 77 98 70 78 61 97 92 30 84 13 
656-1-2 1?2.257 = 1 76 54 68 85 86 17 31 81 73 40 41 24 47 64 2 
656-0-14 1?2.117 = 0 16 68 85 86 17 34 83 77 98 70 78 89 46 52 14 
656-0-15 1?2.262 = 0 16 68 85 86 17 34 83 77 98 70 78 89 46 90 15 
656-1-4 1?2.226 = 1 76 85 86 17 31 81 73 40 93 66 58 25 80 56 4 
656-1-3 1?2.327 = 1 76 54 68 85 86 34 17 31 81 73 93 40 27 53 3 
656-0-12 1?2.411 = 0 16 68 85 86 17 34 83 77 98 70 78 89 30 92 61 97 62 12 
656-1-5 1?2.649 = 1 76 54 68 85 86 34 17 31 81 73 40 93 29 91 38 99 67 5 
656-1-6 1?2.611 = 1 64 47 24 41 40 93 29 65 18 48 44 74 50 96 71 49 22 57 6 
656-1-7 1?2.734 = 1 76 85 86 17 31 81 73 40 93 29 91 38 20 22 49 71 96 74 50 7 
656-1-8 1?2.632 = 1 76 85 86 34 83 77 89 78 39 32 43 75 23 59 95 36 69 26 8 
656-1-15 1?2.402 = 1 76 54 68 86 17 34 83 77 98 70 78 89 46 87 90 15 
656-1-14 1?2.202 = 1 76 54 68 85 86 34 83 77 98 70 78 89 46 52 14 
656-1-9 1?2.396 = 1 76 85 86 34 83 77 98 70 78 39 32 43 75 23 59 95 36 9 
656-2-4 1?2.328 = 2 64 47 24 85 86 17 31 81 73 93 66 58 25 80 4 
656-2-3 1?2.384 = 2 64 47 24 85 86 34 17 31 81 73 40 41 27 53 3 
656-2-5 1?2.539 = 2 47 64 76 85 86 34 17 31 81 73 40 93 66 99 67 5 
656-1-13 1?2.501 = 1 76 54 68 86 17 34 83 77 98 70 78 89 61 97 21 92 30 84 13 
656-2-6 1?2.467 = 2 64 47 24 41 40 93 29 65 18 44 74 50 96 71 49 22 57 6 
656-1-10 1?2.622 = 1 76 85 86 17 34 83 77 98 70 78 39 32 43 75 23 59 95 37 28 10 
656-1-11 1?2.72 = 1 76 85 86 17 34 83 77 98 70 78 89 30 92 21 97 61 19 63 79 33 11 
656-1-12 1?2.66 = 1 76 85 86 34 83 77 98 70 55 82 75 43 32 39 63 19 61 97 62 12 
656-2-15 1?2.696 = 2 64 47 24 41 85 86 17 34 83 77 98 70 78 89 46 90 87 15 
656-2-9 1?2.603 = 2 64 47 24 41 73 45 55 82 39 32 43 75 23 59 95 36 69 9 
656-3-4 1?2.556 = 3 53 27 41 85 86 17 31 81 73 93 66 58 25 80 4 
656-3-5 1?2.666 = 3 53 27 41 85 86 34 17 31 81 73 40 93 66 99 67 5 
656-2-14 1?2.711 = 2 64 47 24 85 86 34 83 77 98 70 78 61 97 21 92 30 52 14 
656-2-13 1?2.533 = 2 64 47 24 85 86 17 34 83 77 98 70 78 61 97 21 92 30 84 13 
656-2-7 1?2.672 = 2 64 47 53 27 88 56 80 25 67 99 38 20 22 49 71 96 74 50 7 
656-2-8 1?2.631 = 2 53 88 56 80 25 67 99 38 20 22 49 71 96 50 74 44 48 94 8 
656-2-10 1?2.663 = 2 64 47 24 85 86 34 83 77 89 78 39 32 43 75 23 59 37 28 10 
656-2-11 1?2.638 = 2 64 47 24 85 86 17 34 83 77 98 70 78 89 61 97 19 63 79 33 11 
656-2-12 1?2.685 = 2 64 47 24 41 85 86 17 34 83 77 98 70 78 89 61 97 21 62 12 
656-4-5 1?2.486 = 4 56 80 25 58 66 91 65 18 48 44 20 38 99 67 5 
656-3-15 1?2.877 = 3 53 27 40 93 73 81 31 17 86 34 83 77 98 70 78 89 46 90 15 
656-3-14 1?2.732 = 3 53 27 40 93 73 81 31 17 86 34 83 77 98 70 78 89 46 52 14 
656-3-13 1?2.722 = 3 53 27 24 85 86 17 34 83 77 98 70 78 89 61 97 92 30 84 13 
656-3-9 1?2.445 = 3 56 80 25 67 99 38 20 22 49 71 96 50 74 44 48 51 69 36 9 
656-3-6 1?2.604 = 3 4 56 80 25 58 66 91 65 18 48 44 74 50 96 49 22 57 6 
656-3-7 1?2.742 = 3 53 88 56 80 25 67 99 38 20 22 49 71 96 74 44 48 51 94 50 7 
656-3-8 1?2.406 = 3 56 80 25 67 99 38 20 22 49 71 96 74 50 94 44 48 51 26 8 
656-3-10 1?2.688 = 3 56 80 25 67 99 38 20 22 49 71 96 74 50 94 26 69 36 60 28 10 
656-3-11 1?2.843 = 3 56 80 25 67 99 38 65 18 48 51 95 59 23 75 43 39 32 33 11 
656-3-12 1?2.803 = 3 88 58 66 91 65 18 42 72 82 75 43 32 39 63 19 61 97 62 12 
656-4-7 1?1.823 = 4 56 80 25 67 99 38 20 22 49 71 96 74 94 50 7 
656-4-6 1?2.119 = 4 56 80 25 67 99 38 20 22 71 74 94 50 96 49 57 6 
656-5-6 1?2.146 = 5 25 58 66 91 65 18 48 44 74 50 96 71 49 22 57 6 
656-4-15 1?2.728 = 4 56 80 25 67 99 66 93 40 73 81 31 17 34 86 85 68 16 15 
656-4-14 1?2.804 = 4 56 80 25 67 99 58 66 93 40 73 81 31 17 86 34 87 90 52 14 
656-4-13 1?2.663 = 4 56 88 58 66 29 45 55 82 43 32 39 63 19 97 61 92 30 13 
656-4-9 1?2.182 = 4 80 25 67 99 38 20 22 49 71 96 74 50 94 44 48 51 69 36 9 
656-4-8 1?2.176 = 4 56 80 25 67 99 38 20 22 49 71 96 74 50 94 44 48 51 26 8 
656-4-10 1?2.353 = 4 80 25 67 99 38 20 22 49 71 96 74 50 94 51 69 36 60 28 10 
656-4-11 1?2.601 = 4 80 25 67 99 38 20 22 49 71 44 48 51 95 59 23 75 43 32 33 11 
656-4-12 1?2.627 = 4 80 25 67 99 38 65 18 42 72 82 75 43 32 39 63 19 61 97 62 12 
656-5-7 1?1.882 = 5 67 99 38 20 22 49 71 96 74 44 48 51 94 50 7 
656-6-7 1?2.211 = 6 57 49 22 20 65 18 42 72 23 59 95 51 94 50 7 
656-5-8 1?1.809 = 5 67 99 38 20 22 49 96 74 50 94 44 48 51 26 8 
656-6-8 1?1.826 = 6 57 22 49 71 96 74 50 94 48 51 95 36 69 26 8 
656-5-15 1?2.817 = 5 67 25 80 56 88 58 66 93 40 73 81 31 17 86 85 68 16 15 
656-5-9 1?2.171 = 5 67 99 38 20 22 49 71 96 74 50 94 44 48 51 95 36 69 9 
656-5-14 1?2.792 = 5 67 99 38 65 18 42 72 82 75 43 32 63 19 61 97 92 30 52 14 
656-5-13 1?2.524 = 5 67 99 38 65 18 42 72 82 75 43 32 39 63 19 61 97 21 13 
656-5-10 1?2.184 = 5 67 99 38 20 22 49 71 96 74 50 94 48 51 69 36 60 28 10 
656-5-11 1?2.366 = 5 67 99 38 20 22 49 71 44 48 51 95 59 23 75 43 32 33 11 
656-5-12 1?2.515 = 5 67 99 38 65 18 51 95 59 23 75 43 32 39 63 19 61 97 62 12 
656-7-9 1?1.671 = 7 96 50 74 44 48 51 95 59 23 37 28 60 36 69 9 
656-7-8 1?1.821 = 7 49 22 71 96 74 50 94 44 48 51 95 36 69 26 8 
656-6-9 1?1.908 = 6 57 22 49 71 96 74 50 94 44 48 51 42 72 23 59 95 36 9 
656-6-14 1?2.558 = 6 57 22 20 65 18 42 72 82 39 32 63 19 61 97 92 30 52 14 
656-6-15 1?2.701 = 6 57 22 49 71 20 38 91 29 93 40 73 81 31 17 34 86 68 16 15 
656-6-13 1?2.297 = 6 57 22 49 71 44 48 51 42 72 82 39 63 19 61 97 92 30 84 13 
656-7-10 1?1.901 = 7 96 50 74 44 48 51 42 72 82 39 32 43 75 23 59 37 10 
656-6-10 1?2.038 = 6 57 20 22 49 71 96 74 50 94 44 48 51 95 59 23 37 60 28 10 
656-7-11 1?1.98 = 7 96 74 50 94 44 48 51 95 59 23 75 43 32 39 63 79 33 11 
656-6-11 1?2.112 = 6 57 22 49 96 74 50 94 44 48 51 95 59 23 75 43 39 32 33 11 
656-6-12 1?2.195 = 6 57 22 49 96 74 50 94 51 95 59 23 75 43 32 39 63 19 62 12 
656-8-9 1?1.656 = 8 26 51 42 72 82 39 32 43 75 23 59 95 36 9 
656-8-14 1?2.269 = 8 26 69 36 95 59 23 75 43 32 39 63 19 61 97 21 92 30 52 14 
656-8-15 1?2.499 = 8 26 69 36 95 59 23 75 43 32 39 63 19 61 97 92 30 46 90 15 
656-7-14 1?2.373 = 7 50 74 44 48 51 95 59 23 75 43 32 63 19 61 97 92 30 52 14 
656-7-15 1?2.656 = 7 50 74 44 48 51 95 59 23 75 43 32 39 78 70 98 77 83 87 15 
656-8-11 1?1.893 = 8 26 69 36 95 59 23 42 72 82 75 43 32 39 63 79 33 11 
656-8-10 1?1.875 = 8 26 69 36 95 59 23 42 72 82 39 32 43 75 35 37 28 10 
656-8-13 1?2.006 = 8 26 69 36 95 59 23 75 43 32 39 63 19 61 97 21 92 30 84 13 
656-7-13 1?2.143 = 7 50 74 44 48 51 95 59 23 75 43 32 39 63 19 61 97 92 30 84 13 
656-7-12 1?2.017 = 7 96 50 74 44 48 51 95 59 23 75 43 32 39 63 19 61 97 62 12 
656-8-12 1?2.012 = 8 26 69 36 95 59 23 42 72 82 75 43 32 39 63 19 61 97 62 12 
656-10-14 1?1.791 = 10 35 75 43 32 39 63 19 61 97 21 92 30 52 14 
656-10-13 1?1.546 = 10 37 59 23 75 43 32 39 63 19 61 97 21 84 13 
656-9-11 1?1.515 = 9 36 69 95 59 23 42 72 82 75 43 39 32 33 11 
656-9-10 1?1.514 = 9 36 69 95 59 23 75 43 39 32 35 37 60 28 10 
656-10-11 1?1.645 = 10 28 37 59 23 42 72 82 75 43 32 39 63 79 33 11 
656-10-12 1?1.463 = 10 28 37 59 23 75 43 32 39 63 19 61 97 62 12 
656-10-15 1?2.339 = 10 28 60 37 59 23 75 43 32 39 63 19 61 97 92 30 46 90 15 
656-9-12 1?1.628 = 9 69 36 95 59 23 82 75 43 32 39 63 19 61 97 62 12 
656-9-14 1?2.118 = 9 36 95 59 23 82 75 43 32 39 63 19 61 97 21 92 30 52 14 
656-9-15 1?2.288 = 9 69 36 95 59 23 75 43 32 39 63 19 61 97 92 30 46 90 15 
656-9-13 1?1.893 = 9 36 95 59 23 75 43 32 39 63 19 61 97 62 21 92 30 84 13 
656-13-14 1?2.078 = 13 84 30 92 21 97 61 78 70 98 77 83 87 46 52 14 
656-11-13 1?1.705 = 11 33 35 75 43 32 39 63 19 61 97 21 92 30 13 
656-11-14 1?2.024 = 11 33 32 43 39 63 19 61 97 62 21 92 30 52 14 
656-11-15 1?2.213 = 11 33 32 43 39 63 19 61 97 21 92 30 46 90 15 
656-12-13 1?2.072 = 12 62 97 61 89 78 70 98 77 83 87 90 46 30 84 13 
656-12-14 1?2.112 = 12 62 97 61 92 30 89 78 70 98 77 83 87 46 52 14 
656-12-15 1?2.171 = 12 62 97 61 78 70 98 83 34 17 86 85 68 16 15 
656-13-15 1?2.126 = 13 84 30 92 97 61 78 70 98 77 83 34 86 68 16 15 
656-14-15 1?2.213 = 14 52 46 89 78 70 98 77 83 34 17 86 85 68 16 15 
656-11-12 1?1.756 = 11 33 35 37 59 23 75 43 32 39 19 61 97 62 12 
stop
