start
994-0-3 1?2.471 = 0 38 93 99 44 64 90 77 20 80 86 32 34 74 79 76 39 3 
994-0-4 1?2.335 = 0 38 93 99 44 64 90 77 20 80 35 86 74 49 23 28 21 55 4 
994-0-1 1?2.09 = 0 16 72 73 66 56 90 64 44 99 93 38 71 67 45 53 1 
994-0-8 1?2.508 = 0 38 93 99 44 64 90 56 31 30 22 46 52 70 83 42 92 40 89 8 
994-0-10 1?2.444 = 0 38 93 99 44 64 90 66 31 22 30 46 25 48 84 81 68 51 78 96 10 
994-0-5 1?2.338 = 0 38 93 99 44 64 90 77 20 80 35 86 74 37 49 28 23 43 5 
994-0-11 1?2.337 = 0 38 93 99 44 64 90 66 56 31 30 22 46 25 48 84 81 68 51 11 
994-0-7 1?2.632 = 0 38 93 99 44 64 90 77 20 80 35 86 32 34 74 27 50 88 47 7 
994-0-9 1?2.402 = 0 38 93 99 44 64 90 66 31 22 46 25 48 87 91 63 33 82 62 54 9 
994-0-6 1?2.549 = 0 38 93 99 44 64 90 77 20 80 35 86 32 34 74 37 27 50 59 6 
994-0-2 1?2.155 = 0 16 72 73 66 90 64 44 99 93 38 71 67 45 53 94 2 
994-1-2 1?2.12 = 1 53 45 67 71 38 93 99 44 18 17 61 79 76 39 97 2 
994-1-3 1?2.259 = 1 57 38 93 99 44 18 17 71 67 45 53 94 97 39 76 3 
994-0-14 1?1.85 = 0 57 71 17 18 38 93 99 44 64 90 66 73 98 29 14 
994-0-13 1?2.017 = 0 57 71 17 18 38 93 99 44 64 90 66 73 98 29 13 
994-0-15 1?2.008 = 0 57 45 67 71 17 18 38 93 99 44 64 90 66 73 72 15 
994-1-5 1?2.324 = 1 53 45 67 71 17 35 86 32 34 74 27 37 49 28 23 43 5 
994-1-4 1?2.348 = 1 53 45 67 71 17 35 86 32 34 74 27 37 49 28 21 55 4 
994-1-7 1?2.602 = 1 45 67 71 17 18 93 99 44 64 90 77 20 80 86 32 34 75 65 47 7 
994-1-8 1?2.595 = 1 45 67 71 38 93 99 44 64 90 56 31 30 22 46 52 70 83 42 92 8 
994-1-6 1?2.512 = 1 45 67 71 38 93 99 44 64 90 77 20 80 35 86 74 27 50 59 6 
994-0-12 1?2.375 = 0 57 71 17 18 38 93 99 44 64 90 66 31 22 46 30 60 58 12 
994-1-14 1?1.748 = 1 53 45 67 71 17 18 93 99 44 64 90 66 73 98 29 14 
994-1-15 1?1.97 = 1 53 45 67 71 17 18 38 93 99 44 64 90 56 66 73 72 15 
994-2-3 1?2.183 = 2 94 53 45 67 71 38 93 99 44 18 17 61 79 76 39 3 
994-2-5 1?2.22 = 2 97 39 76 79 35 86 32 34 74 37 49 28 23 43 5 
994-2-6 1?2.265 = 2 94 97 39 76 79 49 23 28 21 55 43 50 88 59 6 
994-2-4 1?2.217 = 2 97 39 76 79 35 86 32 34 74 49 23 28 21 55 4 
994-1-10 1?2.399 = 1 53 45 67 71 38 93 99 44 64 90 56 46 22 30 60 81 68 51 78 96 10 
994-1-11 1?2.449 = 1 53 45 67 71 17 18 38 93 99 44 64 90 66 56 31 22 30 60 81 68 51 11 
994-1-12 1?2.532 = 1 53 45 67 71 17 18 38 93 99 44 64 90 56 31 22 30 46 25 60 58 12 
994-1-13 1?1.915 = 1 53 45 67 71 17 18 93 99 44 64 90 66 73 98 29 13 
994-1-9 1?2.47 = 1 45 67 71 38 93 99 44 64 90 77 20 52 70 83 36 63 33 82 62 54 9 
994-2-15 1?1.976 = 2 94 45 67 71 17 18 38 93 99 44 64 90 66 73 72 15 
994-3-5 1?2.165 = 3 39 76 79 35 86 32 34 74 37 49 23 28 21 43 5 
994-2-14 1?2.138 = 2 94 53 45 67 71 17 18 38 93 99 44 64 90 66 73 72 98 29 14 
994-3-4 1?2.224 = 3 39 76 79 35 86 32 34 74 27 37 49 28 21 55 4 
994-2-11 1?2.403 = 2 94 53 45 67 71 38 93 99 44 64 90 66 31 22 30 60 81 68 51 11 
994-2-10 1?2.497 = 2 94 45 67 71 38 93 99 44 64 90 56 31 30 22 46 25 48 87 78 96 10 
994-2-12 1?2.568 = 2 94 53 45 67 71 17 18 38 93 99 44 64 90 66 31 22 46 30 60 58 12 
994-2-7 1?2.738 = 2 94 45 67 71 38 93 99 44 64 90 77 20 80 86 32 34 75 65 47 7 
994-2-8 1?2.777 = 2 94 45 67 71 38 93 99 44 64 90 56 31 30 22 46 52 70 83 42 92 8 
994-2-9 1?2.592 = 2 94 45 67 71 38 93 99 44 64 90 56 31 22 30 25 48 87 85 82 62 54 9 
994-2-13 1?2.413 = 2 94 53 45 67 71 38 93 99 44 64 90 66 56 46 22 30 31 95 24 13 
994-3-14 1?2.344 = 3 39 76 79 61 17 18 38 93 99 44 64 90 66 73 72 98 29 14 
994-4-5 1?2.49 = 4 55 21 23 28 49 37 27 74 32 34 75 65 26 88 59 5 
994-3-7 1?2.451 = 3 39 76 79 49 23 28 21 55 43 59 50 88 26 65 47 7 
994-3-15 1?2.44 = 3 76 39 97 94 53 45 67 71 38 93 99 44 64 90 66 73 72 15 
994-3-6 1?2.411 = 3 39 76 61 35 80 86 32 34 74 37 27 50 59 6 
994-3-10 1?2.615 = 3 39 76 79 74 34 83 70 36 63 91 87 84 81 68 51 78 96 10 
994-3-11 1?2.599 = 3 39 76 79 49 37 27 74 34 83 70 36 63 91 87 84 51 11 
994-3-12 1?2.788 = 3 39 76 61 17 18 38 93 99 44 64 90 66 31 22 46 30 41 95 24 12 
994-3-8 1?2.697 = 3 39 76 79 74 34 83 70 36 63 91 85 82 62 54 92 40 89 8 
994-3-9 1?2.626 = 3 39 76 79 49 37 27 74 34 83 70 36 63 91 85 33 82 62 54 9 
994-3-13 1?2.626 = 3 97 94 53 45 67 71 17 18 38 93 99 44 64 90 66 73 72 98 29 13 
994-4-14 1?2.357 = 4 55 21 28 23 49 37 74 86 80 20 77 64 90 66 73 98 29 14 
994-4-7 1?2.247 = 4 55 21 28 23 49 37 27 50 88 26 65 75 40 89 47 7 
994-4-6 1?2.318 = 4 55 21 28 23 49 74 86 35 80 32 34 27 50 59 6 
994-4-15 1?2.408 = 4 55 21 28 23 49 37 74 86 35 80 20 77 90 64 44 99 93 16 15 
994-5-6 1?2.271 = 5 43 23 28 49 37 74 86 80 32 34 27 50 59 6 
994-4-11 1?2.478 = 4 55 21 28 23 49 37 74 34 83 70 36 63 91 87 84 81 68 51 11 
994-4-10 1?2.451 = 4 55 21 28 23 49 37 27 74 34 83 70 36 63 91 87 84 78 96 10 
994-4-8 1?2.477 = 4 55 21 28 49 37 27 74 34 83 70 36 63 33 19 92 40 89 8 
994-4-12 1?2.596 = 4 55 21 28 23 49 37 74 34 32 86 35 80 20 77 46 22 30 60 58 12 
994-4-9 1?2.321 = 4 55 21 28 23 49 37 74 34 83 70 36 63 91 85 33 82 62 54 9 
994-4-13 1?2.482 = 4 55 21 28 23 49 37 74 86 35 80 20 77 46 22 30 31 95 24 13 
994-5-7 1?2.2 = 5 43 55 21 28 23 49 37 27 74 32 34 75 65 47 7 
994-5-8 1?2.122 = 5 43 55 21 28 23 49 37 27 50 88 26 65 75 40 89 8 
994-6-7 1?2.281 = 6 59 50 88 26 65 75 42 19 82 62 54 92 40 89 47 7 
994-6-8 1?2.182 = 6 59 50 88 26 65 75 83 70 36 63 33 19 92 40 89 8 
994-5-15 1?2.407 = 5 43 23 28 49 37 27 74 86 80 20 77 90 64 44 99 93 16 15 
994-5-10 1?2.309 = 5 43 55 21 28 23 49 37 74 34 83 70 36 63 91 87 78 96 10 
994-5-14 1?2.515 = 5 43 23 28 49 37 27 74 34 32 86 35 80 20 77 56 66 73 98 29 14 
994-5-11 1?2.481 = 5 43 55 21 28 23 49 37 74 34 83 70 36 63 91 87 84 81 68 11 
994-5-9 1?2.225 = 5 43 21 28 23 49 37 27 74 34 83 70 36 63 33 82 62 54 9 
994-5-12 1?2.576 = 5 43 23 28 49 37 27 74 34 83 70 36 63 91 87 84 81 68 12 
994-5-13 1?2.591 = 5 43 23 28 49 37 74 34 32 86 35 80 20 77 46 22 30 31 95 24 13 
994-7-8 1?2.115 = 7 47 89 40 92 42 19 33 63 91 87 85 82 62 54 8 
994-7-9 1?1.845 = 7 47 89 40 92 42 19 33 63 91 87 85 82 62 54 9 
994-7-10 1?2.04 = 7 47 89 40 92 42 19 54 62 82 33 63 91 85 87 78 96 10 
994-6-10 1?2.321 = 6 59 50 26 65 75 83 36 63 91 87 84 81 68 51 78 96 10 
994-7-11 1?2.088 = 7 47 89 40 92 19 54 62 82 33 63 91 87 84 81 68 51 11 
994-6-9 1?2.157 = 6 59 50 88 26 65 75 83 70 36 63 91 87 85 82 62 54 9 
994-6-14 1?2.665 = 6 59 50 27 37 74 34 32 86 35 80 20 77 64 90 66 73 72 98 29 14 
994-6-11 1?2.484 = 6 59 50 27 37 74 34 83 70 36 63 91 87 84 81 68 51 11 
994-6-15 1?2.704 = 6 59 50 27 37 74 34 32 86 80 20 77 56 66 90 64 44 99 93 16 15 
994-6-12 1?2.641 = 6 59 50 27 74 34 32 86 35 80 20 77 46 22 30 31 95 24 12 
994-6-13 1?2.645 = 6 59 50 27 37 74 34 32 86 35 80 20 77 46 22 30 31 95 24 13 
994-8-11 1?1.78 = 8 89 40 92 19 54 62 82 33 63 91 87 84 81 68 11 
994-8-10 1?1.726 = 8 89 40 92 42 19 54 62 82 33 63 91 87 78 96 10 
994-8-9 1?1.998 = 8 89 40 92 42 19 33 63 91 87 78 96 10 82 62 54 9 
994-8-14 1?2.427 = 8 89 40 92 19 33 63 91 87 48 25 46 22 30 31 95 69 98 29 14 
994-7-14 1?2.61 = 7 47 40 92 19 33 63 91 87 48 25 46 22 30 31 95 69 98 29 14 
994-8-15 1?2.55 = 8 89 40 92 19 33 63 91 85 87 48 25 46 22 30 31 66 73 72 15 
994-7-15 1?2.737 = 7 47 89 40 92 19 33 63 91 87 48 25 46 22 30 31 56 66 73 72 15 
994-8-12 1?2.345 = 8 89 40 92 19 54 62 82 33 63 91 85 87 84 51 68 81 60 58 12 
994-7-12 1?2.587 = 7 47 40 89 92 19 54 62 82 33 63 91 85 87 84 51 68 81 60 58 12 
994-8-13 1?2.275 = 8 89 40 92 19 62 82 33 63 91 48 25 46 22 30 31 95 24 13 
994-7-13 1?2.536 = 7 47 40 92 19 54 62 82 33 63 91 87 48 25 30 22 31 95 24 13 
994-9-11 1?1.71 = 9 54 62 82 19 33 63 91 85 87 48 84 81 68 51 11 
994-10-11 1?1.865 = 10 96 78 87 48 25 46 22 30 41 58 60 81 68 51 11 
994-9-10 1?1.573 = 9 54 62 82 33 63 91 85 87 84 81 68 51 78 96 10 
994-10-12 1?1.938 = 10 96 78 51 68 81 84 48 25 46 22 30 31 41 58 12 
994-9-12 1?1.793 = 9 54 62 82 33 63 91 85 87 84 51 68 81 60 58 12 
994-10-13 1?1.868 = 10 96 78 51 68 81 84 48 25 46 22 30 31 95 24 13 
994-10-14 1?2.266 = 10 96 78 85 91 63 36 83 70 52 46 22 30 31 95 69 98 29 14 
994-9-14 1?2.288 = 9 54 62 82 33 63 91 36 83 70 52 46 22 30 31 95 69 98 29 14 
994-10-15 1?2.425 = 10 96 78 51 68 81 84 48 25 46 22 30 31 56 90 64 44 99 93 16 15 
994-9-15 1?2.388 = 9 54 62 82 33 63 91 87 48 25 46 22 30 31 56 90 64 44 99 16 15 
994-9-13 1?2.151 = 9 54 62 82 85 91 63 36 83 70 52 46 22 30 31 41 95 24 13 
994-11-14 1?1.877 = 11 51 68 81 84 48 25 46 22 30 31 95 69 29 14 
994-12-14 1?2.067 = 12 58 60 30 22 46 31 56 66 90 64 73 72 98 29 14 
994-13-14 1?2.006 = 13 24 95 41 30 22 31 56 66 90 64 73 72 98 29 14 
994-14-15 1?1.986 = 14 29 98 72 73 66 90 64 44 99 93 18 71 38 16 15 
994-11-12 1?2.02 = 11 51 68 81 84 87 91 63 36 83 70 25 60 58 12 
994-12-15 1?2.135 = 12 24 95 31 30 22 46 56 90 64 44 99 93 38 16 15 
994-13-15 1?2.054 = 13 24 95 31 30 22 46 56 90 64 44 99 93 38 16 15 
994-12-13 1?2.088 = 12 58 60 81 68 51 84 48 25 46 22 30 31 95 24 13 
994-11-13 1?1.922 = 11 68 81 84 87 91 48 25 46 22 30 31 95 24 13 
994-11-15 1?2.359 = 11 51 68 81 84 48 25 46 22 30 31 56 66 90 64 44 99 93 16 15 
stop
