start
746-0-2 1?2.277 = 0 88 42 63 65 47 27 83 29 44 20 81 66 51 94 2 
746-0-3 1?2.336 = 0 88 42 63 36 49 47 27 29 44 81 77 39 76 71 3 
746-0-1 1?2.296 = 0 63 36 48 64 90 49 27 47 65 42 88 75 30 52 1 
746-0-5 1?2.697 = 0 37 63 65 42 88 75 52 30 19 94 51 71 76 39 72 80 82 5 
746-0-6 1?2.72 = 0 88 42 65 47 27 83 29 44 20 96 57 46 61 32 21 59 85 73 6 
746-0-11 1?2.122 = 0 88 42 65 47 49 48 64 90 67 91 79 58 98 62 87 84 97 78 11 
746-0-8 1?2.621 = 0 88 42 65 47 49 48 64 90 67 91 79 58 98 40 56 25 22 18 8 
746-0-7 1?2.645 = 0 88 42 65 47 27 29 44 20 57 46 61 32 21 68 95 59 85 17 7 
746-0-10 1?2.374 = 0 88 42 63 65 47 49 48 64 90 67 91 79 58 62 87 84 97 78 10 
746-0-4 1?2.496 = 0 63 65 42 88 75 52 30 19 94 51 71 76 39 72 80 34 86 4 
746-0-9 1?2.489 = 0 88 42 65 47 36 48 64 90 67 91 79 58 62 87 35 31 28 43 9 
746-0-13 1?1.72 = 0 88 42 65 47 49 48 64 90 67 79 91 33 23 16 13 
746-1-2 1?2.321 = 1 52 75 88 42 63 65 47 27 29 44 81 66 51 94 2 
746-0-14 1?1.96 = 0 88 42 65 47 49 36 48 64 90 67 91 54 93 70 14 
746-1-5 1?2.673 = 1 52 75 88 42 65 47 27 29 44 81 77 39 76 86 34 82 5 
746-1-3 1?2.162 = 1 52 75 88 42 65 47 27 29 44 81 77 39 76 71 3 
746-1-7 1?2.614 = 1 52 75 88 42 65 47 27 29 44 20 46 61 32 21 59 85 17 7 
746-0-15 1?2.194 = 0 88 42 65 47 49 48 64 90 67 91 54 93 36 37 15 
746-1-8 1?2.731 = 1 52 88 42 65 47 49 48 64 90 67 79 58 98 40 56 25 22 18 8 
746-1-4 1?2.479 = 1 52 75 88 42 65 47 27 29 44 66 81 77 39 72 34 86 4 
746-1-6 1?2.79 = 1 52 75 88 42 65 47 27 29 44 20 57 46 61 32 21 59 85 73 6 
746-0-12 1?1.976 = 0 88 42 65 47 49 48 64 90 98 58 79 67 91 69 33 23 45 12 
746-1-13 1?1.868 = 1 52 75 88 42 65 47 49 48 64 90 67 91 33 16 13 
746-1-14 1?2.028 = 1 52 75 88 42 65 47 49 48 64 90 67 79 91 54 93 14 
746-2-5 1?2.455 = 2 94 51 71 76 39 77 66 81 46 21 32 61 80 82 5 
746-1-10 1?2.361 = 1 52 75 88 42 65 47 49 48 64 90 67 79 58 62 87 84 97 78 10 
746-2-3 1?2.374 = 2 19 30 75 88 42 65 29 44 66 81 77 39 76 71 3 
746-2-4 1?2.373 = 2 94 51 71 76 39 77 81 46 21 32 61 72 34 86 4 
746-2-6 1?2.824 = 2 94 51 71 76 39 77 81 20 96 57 46 61 32 21 68 95 59 73 6 
746-1-11 1?2.256 = 1 52 75 88 42 65 47 49 48 64 90 67 91 79 58 62 87 84 97 78 11 
746-1-15 1?2.116 = 1 52 75 88 42 63 47 27 49 90 64 48 36 37 15 
746-1-12 1?2.267 = 1 52 75 88 42 65 47 49 36 48 64 90 98 58 79 67 91 33 53 45 12 
746-1-9 1?2.572 = 1 52 75 88 42 65 47 49 48 64 90 67 79 58 98 40 56 25 43 9 
746-3-5 1?2.388 = 3 71 76 39 77 81 44 20 57 46 21 32 61 80 82 5 
746-2-14 1?2.406 = 2 19 30 75 88 42 65 47 36 48 64 90 67 79 91 54 93 70 14 
746-2-13 1?2.27 = 2 19 30 75 88 42 65 47 49 48 64 90 67 79 91 69 33 23 16 13 
746-2-7 1?2.615 = 2 94 51 71 76 39 77 66 81 46 61 32 21 68 95 59 85 17 7 
746-2-10 1?2.636 = 2 19 30 75 88 42 65 47 49 48 64 90 67 79 58 62 87 84 97 78 10 
746-3-4 1?2.364 = 3 71 76 39 77 81 20 96 57 46 21 32 61 72 34 86 4 
746-2-8 1?2.697 = 2 94 51 71 76 39 77 66 81 46 61 32 21 68 95 59 85 92 41 8 
746-2-11 1?2.43 = 2 19 30 75 88 42 65 47 49 48 64 90 67 79 62 87 84 97 78 11 
746-2-12 1?2.366 = 2 19 30 75 88 42 65 47 49 48 64 90 98 58 79 67 91 69 33 45 12 
746-2-15 1?2.504 = 2 94 51 71 76 39 77 81 44 29 27 47 65 42 88 63 37 15 
746-2-9 1?2.761 = 2 94 51 71 76 39 77 81 46 61 32 21 68 95 59 85 92 41 18 9 
746-4-5 1?2.453 = 4 86 34 72 39 76 71 77 81 46 21 32 61 80 82 5 
746-3-6 1?2.343 = 3 71 76 39 77 81 46 61 32 21 68 95 59 85 73 6 
746-3-14 1?2.406 = 3 71 76 39 77 81 44 29 83 27 47 49 48 64 90 54 93 70 14 
746-3-13 1?2.296 = 3 71 76 39 77 81 44 29 27 49 48 64 90 67 79 91 33 16 13 
746-3-10 1?2.622 = 3 71 76 39 77 46 61 32 21 68 95 59 85 92 22 43 28 31 10 
746-3-7 1?2.492 = 3 71 76 39 77 46 61 32 21 68 95 59 85 92 41 74 17 7 
746-3-8 1?2.566 = 3 71 76 39 77 81 20 96 57 46 61 32 21 68 95 59 85 92 41 8 
746-3-11 1?2.472 = 3 71 76 39 77 81 44 29 27 47 49 48 64 90 67 91 69 53 11 
746-3-15 1?2.412 = 3 71 76 39 77 81 20 44 29 83 27 47 49 48 36 63 37 15 
746-3-12 1?2.387 = 3 71 76 39 77 81 44 29 27 47 49 48 64 90 67 79 91 69 33 45 12 
746-3-9 1?2.752 = 3 71 76 39 77 81 20 96 57 46 61 32 21 68 95 59 85 92 41 18 9 
746-4-7 1?2.133 = 4 86 72 80 61 32 21 68 95 59 85 92 74 17 7 
746-4-6 1?2.383 = 4 86 72 80 61 32 21 68 95 59 85 92 74 17 6 
746-5-6 1?2.428 = 5 82 80 61 32 21 68 95 59 85 92 41 74 17 6 
746-4-13 1?2.418 = 4 86 39 77 81 44 29 27 47 49 48 64 90 67 91 33 23 16 13 
746-4-8 1?2.558 = 4 86 34 72 80 61 32 21 68 95 59 85 92 50 22 18 41 8 
746-4-14 1?2.616 = 4 86 39 77 81 44 29 27 47 49 48 64 90 67 79 91 54 70 14 
746-4-10 1?2.745 = 4 86 34 72 61 32 21 68 95 59 85 92 50 89 56 25 43 28 31 10 
746-4-11 1?2.549 = 4 86 72 80 61 32 21 95 68 99 40 98 58 62 87 84 97 78 11 
746-4-12 1?2.383 = 4 86 34 72 61 32 21 95 68 99 40 98 58 79 67 91 33 45 12 
746-4-15 1?2.599 = 4 86 34 72 39 76 71 77 81 44 29 83 27 47 49 48 36 37 15 
746-4-9 1?2.756 = 4 86 34 72 39 76 71 77 46 61 32 21 68 95 59 85 92 41 18 9 
746-5-7 1?2.178 = 5 82 80 61 32 21 68 95 59 85 92 41 74 17 7 
746-6-7 1?2.519 = 6 73 85 59 32 21 95 68 99 89 50 22 41 74 17 7 
746-5-8 1?2.316 = 5 82 34 86 72 80 61 32 21 68 95 59 85 92 41 8 
746-6-8 1?2.552 = 6 73 85 59 32 21 95 68 99 89 56 25 22 18 41 8 
746-5-10 1?2.705 = 5 82 80 61 32 21 68 95 59 85 92 50 89 56 25 43 28 31 10 
746-5-13 1?2.503 = 5 82 80 61 32 21 68 95 99 40 98 58 79 67 91 69 33 23 16 13 
746-5-14 1?2.762 = 5 82 80 61 32 21 59 95 68 99 40 98 58 79 67 91 54 93 70 14 
746-5-9 1?2.502 = 5 82 34 86 72 80 61 32 21 68 95 59 85 92 41 18 9 
746-5-11 1?2.634 = 5 82 80 61 32 21 60 40 98 58 79 67 91 69 53 55 84 97 78 11 
746-5-12 1?2.519 = 5 82 80 61 32 21 95 68 99 40 98 58 62 79 67 91 69 33 45 12 
746-5-15 1?2.508 = 5 82 34 86 72 39 76 71 51 94 19 30 75 88 42 65 63 37 15 
746-7-8 1?2.198 = 7 17 74 92 85 59 95 68 99 89 25 50 22 18 8 
746-7-9 1?2.149 = 7 17 74 92 85 59 95 68 99 89 25 50 22 18 9 
746-7-10 1?2.474 = 7 17 85 95 68 99 40 98 58 79 67 91 69 53 55 84 97 10 
746-6-10 1?2.603 = 6 73 59 95 68 99 40 98 58 79 67 91 69 53 55 84 97 78 10 
746-6-13 1?2.557 = 6 73 59 85 95 68 99 40 98 58 62 79 67 91 69 33 23 16 70 13 
746-6-14 1?2.698 = 6 73 85 59 95 68 99 40 98 58 62 79 67 91 69 33 23 16 70 14 
746-7-11 1?2.32 = 7 17 85 95 68 99 40 98 58 79 67 91 69 53 55 84 97 78 11 
746-6-9 1?2.691 = 6 17 74 92 85 59 32 21 95 68 99 89 25 50 22 18 9 
746-6-11 1?2.502 = 6 73 59 95 68 99 40 98 58 79 67 91 33 53 55 84 97 78 11 
746-6-12 1?2.398 = 6 73 85 59 95 68 99 89 56 40 98 58 79 67 91 69 33 45 12 
746-6-15 1?2.736 = 6 73 85 59 95 68 99 40 98 58 79 91 67 90 64 48 49 36 37 15 
746-8-10 1?2.08 = 8 41 92 85 59 32 21 95 68 99 89 25 43 28 10 
746-8-9 1?2.105 = 8 41 92 85 59 32 21 95 68 99 89 50 22 18 9 
746-8-11 1?2.231 = 8 41 22 25 56 40 98 58 67 91 79 62 87 84 97 78 11 
746-8-13 1?2.291 = 8 41 92 85 59 95 68 99 40 98 58 62 79 67 91 69 33 16 13 
746-7-13 1?2.38 = 7 17 85 59 95 68 99 89 56 40 98 58 67 91 79 69 33 23 16 13 
746-7-14 1?2.575 = 7 17 73 59 85 95 68 99 40 98 58 79 67 91 69 33 23 16 70 14 
746-8-14 1?2.551 = 8 41 92 85 59 95 68 99 89 56 40 98 58 67 79 91 54 93 70 14 
746-8-12 1?2.13 = 8 18 22 50 89 56 40 98 58 79 67 91 69 33 16 23 45 12 
746-7-12 1?2.268 = 7 17 73 85 59 95 68 99 40 98 58 79 67 91 33 69 53 45 12 
746-7-15 1?2.604 = 7 17 85 59 95 68 99 40 98 58 79 91 67 90 64 48 49 36 37 15 
746-8-15 1?2.586 = 8 41 22 50 89 56 40 98 58 79 91 67 90 64 48 49 47 63 37 15 
746-10-13 1?1.719 = 10 28 31 35 84 87 62 58 79 67 91 69 33 23 16 13 
746-9-10 1?2.108 = 9 18 41 92 85 59 95 68 99 89 56 25 43 28 10 
746-9-11 1?1.981 = 9 28 31 35 87 62 79 67 91 69 53 55 84 97 78 11 
746-10-11 1?1.824 = 10 78 97 84 55 87 62 58 79 67 91 33 69 53 11 
746-10-12 1?1.642 = 10 78 97 84 87 62 58 79 67 91 33 69 53 45 12 
746-9-13 1?2.188 = 9 43 28 31 35 84 55 87 62 98 58 79 67 91 54 93 70 16 23 13 
746-9-12 1?1.817 = 9 18 22 50 89 56 40 98 58 79 67 91 33 45 12 
746-9-14 1?2.434 = 9 43 28 31 35 84 55 87 62 98 58 79 91 67 90 64 48 49 36 14 
746-10-14 1?2.265 = 10 78 97 84 55 53 69 33 91 67 79 58 98 90 64 48 49 36 14 
746-9-15 1?2.441 = 9 43 28 31 35 84 55 87 62 58 79 91 67 90 64 48 49 36 37 15 
746-10-15 1?2.308 = 10 78 97 84 87 62 98 58 79 91 67 90 64 48 49 47 65 63 37 15 
746-12-13 1?1.676 = 12 45 23 16 33 69 91 67 79 58 98 90 64 54 93 70 13 
746-11-13 1?1.572 = 11 78 97 84 87 62 58 79 67 91 69 33 16 70 13 
746-11-14 1?1.74 = 11 78 97 84 87 62 58 79 67 91 69 33 16 70 14 
746-12-14 1?1.749 = 12 45 23 33 69 91 67 79 58 98 90 64 48 49 36 14 
746-13-14 1?1.725 = 13 16 23 33 69 91 67 79 58 98 90 64 48 49 36 14 
746-11-12 1?1.478 = 11 78 97 84 87 62 58 79 67 91 33 69 53 45 12 
746-14-15 1?1.856 = 14 70 93 54 91 79 67 90 64 48 49 47 63 37 15 
746-13-15 1?1.681 = 13 16 23 33 91 79 67 90 64 48 49 47 63 37 15 
746-12-15 1?1.676 = 12 45 33 91 79 67 90 64 48 49 47 65 63 37 15 
746-11-15 1?1.778 = 11 78 97 84 87 62 79 91 67 90 64 48 36 37 15 
stop
