start
214-0-1 1?1.642 = 0 61 25 35 18 59 98 84 16 62 19 65 52 75 42 36 1 
214-0-2 1?1.752 = 0 61 25 85 62 16 84 98 59 18 35 90 52 75 42 36 2 
214-0-3 1?2.018 = 0 25 59 98 84 16 62 19 65 20 63 54 87 58 83 66 71 3 
214-0-4 1?1.958 = 0 25 59 98 84 16 62 19 65 20 63 54 87 58 83 66 71 4 
214-0-5 1?2.272 = 0 25 59 98 84 16 62 19 65 52 75 20 54 63 87 58 83 78 27 5 
214-0-6 1?2.427 = 0 25 59 98 84 16 62 19 65 52 75 20 54 63 87 58 83 78 27 81 6 
214-0-7 1?2.398 = 0 25 59 98 84 16 62 19 33 49 94 46 95 43 99 31 79 96 73 67 70 7 
214-0-8 1?2.605 = 0 61 25 59 98 84 16 62 19 33 49 94 46 95 43 99 31 96 79 91 29 8 
214-0-9 1?2.487 = 0 25 59 98 84 16 19 33 34 37 82 56 89 55 93 23 21 50 64 97 74 9 
214-0-10 1?2.373 = 0 25 59 98 84 16 62 19 33 34 37 82 56 89 55 93 23 21 32 10 
214-0-11 1?2.344 = 0 25 59 98 84 16 19 33 49 94 46 37 82 56 89 55 93 92 24 11 
214-0-12 1?1.881 = 0 25 59 98 84 16 62 19 33 60 77 38 26 68 39 57 76 12 
214-0-13 1?1.856 = 0 25 59 98 84 16 62 19 33 60 77 38 53 26 22 86 17 13 
214-0-14 1?1.875 = 0 25 98 59 18 35 90 42 75 52 84 16 62 85 47 69 14 
214-0-15 1?1.679 = 0 25 98 84 59 18 35 90 52 65 19 16 62 85 47 15 
214-1-2 1?1.691 = 1 90 35 18 59 98 84 16 62 19 65 52 75 88 44 30 2 
214-1-3 1?1.844 = 1 90 35 18 59 98 84 62 19 65 52 75 42 88 44 3 
214-1-4 1?1.904 = 1 90 35 52 75 42 88 63 54 87 58 83 66 71 4 
214-1-5 1?2.174 = 1 90 35 18 59 98 84 16 62 19 65 20 54 63 87 58 83 78 5 
214-1-6 1?2.337 = 1 90 35 18 59 98 84 62 16 65 20 54 63 87 58 83 78 27 81 6 
214-1-7 1?2.317 = 1 36 42 75 20 63 54 49 94 46 95 43 99 31 96 73 67 70 7 
214-1-8 1?2.452 = 1 90 35 18 59 98 84 16 62 19 33 49 94 46 95 43 99 31 29 8 
214-1-9 1?2.346 = 1 90 35 18 59 98 84 16 62 19 33 34 37 82 45 40 28 64 97 74 9 
214-1-10 1?2.353 = 1 90 35 18 59 98 84 16 19 33 34 37 82 56 89 55 93 23 32 10 
214-1-11 1?2.309 = 1 90 35 18 59 98 84 16 62 19 33 34 37 82 56 89 55 93 92 24 11 
214-1-12 1?2.283 = 1 90 35 18 59 98 84 16 62 19 33 34 37 82 56 89 55 51 39 57 76 12 
214-1-13 1?2.234 = 1 90 35 18 59 98 62 16 84 52 65 19 33 60 77 38 26 68 86 17 13 
214-1-14 1?1.806 = 1 90 35 18 59 98 84 16 65 19 62 85 47 69 80 14 
214-1-15 1?1.725 = 1 36 42 75 90 35 18 59 98 84 16 19 62 85 47 15 
214-2-3 1?2.056 = 2 36 90 35 18 59 98 84 16 62 19 65 52 75 88 44 3 
214-2-4 1?2.092 = 2 30 44 88 20 63 54 49 94 46 58 87 83 66 71 4 
214-2-5 1?2.252 = 2 30 44 88 20 63 54 49 94 46 58 87 83 78 27 5 
214-2-6 1?2.515 = 2 30 44 88 20 63 54 49 94 46 95 43 99 31 79 96 73 67 70 6 
214-2-7 1?2.379 = 2 30 44 88 20 63 54 49 94 46 95 43 99 31 79 96 73 67 70 7 
214-2-8 1?2.587 = 2 30 44 88 20 63 54 49 94 46 45 40 28 64 97 74 41 48 8 
214-2-9 1?2.517 = 2 30 44 88 20 63 54 49 94 46 37 82 56 23 21 50 64 97 74 9 
214-2-10 1?2.622 = 2 36 90 35 18 59 98 84 16 19 33 34 37 82 56 89 55 93 23 32 10 
214-2-11 1?2.556 = 2 36 90 35 18 59 98 84 16 62 85 47 77 38 53 26 68 39 57 76 11 
214-2-12 1?2.434 = 2 36 42 75 90 35 18 59 98 84 16 62 19 33 60 38 26 68 39 57 76 12 
214-2-13 1?2.282 = 2 36 90 35 18 59 98 84 16 62 19 33 60 77 38 53 26 68 86 17 13 
214-2-14 1?2.379 = 2 36 90 35 18 59 98 84 16 62 19 33 60 77 38 26 22 86 17 80 14 
214-2-15 1?2.144 = 2 30 44 88 75 42 90 35 18 59 98 84 52 65 19 16 62 85 15 
214-3-4 1?2.257 = 3 30 44 88 20 63 54 49 94 46 58 87 83 66 71 4 
214-3-5 1?2.396 = 3 44 30 88 20 63 54 49 94 46 58 87 83 78 27 5 
214-3-6 1?2.492 = 3 71 66 83 87 63 54 49 94 46 95 31 96 73 67 70 6 
214-3-7 1?2.356 = 3 71 66 83 87 63 54 49 94 46 95 31 96 73 67 70 7 
214-3-8 1?2.559 = 3 71 66 83 58 87 63 54 49 94 46 95 31 96 79 91 29 8 
214-3-9 1?2.477 = 3 71 66 83 58 87 63 54 49 94 46 37 45 40 28 64 97 74 9 
214-3-10 1?2.458 = 3 71 66 83 58 87 63 54 49 94 46 37 82 56 93 23 32 10 
214-3-11 1?2.505 = 3 71 66 83 58 87 63 54 49 94 46 37 82 56 89 55 93 92 24 11 
214-3-12 1?2.418 = 3 71 66 83 58 87 63 54 49 94 46 37 82 56 93 51 39 57 76 12 
214-3-13 1?2.422 = 3 71 66 83 58 87 63 54 49 94 37 89 55 53 26 22 86 17 13 
214-3-14 1?2.553 = 3 71 66 83 58 87 54 63 20 88 75 52 84 59 98 62 85 47 69 14 
214-3-15 1?2.258 = 3 71 66 83 58 87 54 63 20 75 90 35 18 84 16 62 85 15 
214-4-5 1?2.337 = 4 71 66 83 87 58 43 99 31 79 96 73 67 72 27 5 
214-4-6 1?2.097 = 4 71 66 83 87 58 95 43 99 31 79 96 73 67 70 6 
214-4-7 1?2.215 = 4 71 66 83 87 58 95 43 99 31 91 79 96 73 67 70 7 
214-4-8 1?2.406 = 4 71 66 83 58 87 63 54 49 94 46 95 99 31 91 29 8 
214-4-9 1?2.328 = 4 71 66 83 58 87 63 54 49 94 46 45 40 28 64 97 74 9 
214-4-10 1?2.333 = 4 71 66 83 58 87 63 54 49 94 46 37 82 56 23 32 10 
214-4-11 1?2.445 = 4 71 66 83 58 87 63 54 49 94 46 37 82 56 89 55 93 92 24 11 
214-4-12 1?2.339 = 4 71 66 83 58 87 63 54 49 94 46 37 82 89 55 51 39 57 76 12 
214-4-13 1?2.406 = 4 71 66 83 58 87 63 54 49 94 46 37 89 55 53 26 22 86 17 13 
214-4-14 1?2.37 = 4 71 66 83 58 87 54 63 20 65 52 18 59 98 84 16 62 85 47 69 14 
214-4-15 1?2.348 = 4 71 66 83 58 87 54 63 20 75 42 90 35 59 84 16 62 85 47 15 
214-5-6 1?2.486 = 5 4 71 66 83 87 58 95 43 99 31 79 96 73 67 70 6 
214-5-7 1?2.35 = 5 4 71 66 83 87 58 95 43 99 31 79 96 73 67 70 7 
214-5-8 1?2.618 = 5 27 78 83 58 87 63 54 49 94 46 95 43 99 31 91 29 8 
214-5-9 1?2.645 = 5 78 27 81 72 67 70 73 96 79 91 29 48 41 74 97 64 28 50 9 
214-5-10 1?2.338 = 5 78 27 81 72 67 70 73 96 79 91 29 48 41 74 97 64 50 10 
214-5-11 1?2.525 = 5 27 78 83 58 87 63 54 49 94 46 37 82 89 55 93 92 24 11 
214-5-12 1?2.499 = 5 27 78 83 58 87 63 54 49 94 46 37 82 89 55 51 39 57 76 12 
214-5-13 1?2.529 = 5 78 83 58 87 63 54 49 94 46 37 82 89 55 53 68 86 17 13 
214-5-14 1?2.53 = 5 27 78 83 58 87 54 63 20 65 52 18 59 98 84 16 62 85 47 69 14 
214-5-15 1?2.489 = 5 27 78 83 58 87 54 63 20 88 75 42 90 35 18 59 84 62 85 15 
214-6-7 1?2.482 = 6 67 70 73 79 31 28 50 64 97 74 41 48 29 91 7 
214-6-8 1?2.356 = 6 70 67 73 96 79 91 29 48 41 74 97 64 28 50 9 8 
214-6-9 1?2.403 = 6 70 67 73 79 91 29 48 41 74 97 64 28 21 23 32 50 9 
214-6-10 1?2.262 = 6 70 67 73 96 79 91 29 48 41 74 97 64 50 28 21 23 32 10 
214-6-11 1?2.25 = 6 70 67 73 96 79 91 29 48 41 74 97 64 50 21 23 92 24 11 
214-6-12 1?2.335 = 6 70 67 73 96 79 31 99 95 40 45 82 56 89 55 51 39 57 76 12 
214-6-13 1?2.447 = 6 70 67 73 96 79 31 99 95 40 45 82 56 89 55 53 26 22 86 17 13 
214-6-14 1?2.618 = 6 70 67 73 96 79 31 95 40 45 82 56 89 55 53 68 86 17 80 14 
214-6-15 1?2.518 = 6 81 27 78 83 58 87 54 63 20 65 52 18 59 98 84 16 62 85 47 15 
214-7-8 1?2.22 = 7 70 67 73 96 79 91 29 48 41 74 97 64 28 50 9 8 
214-7-9 1?1.831 = 7 70 67 73 96 79 91 29 48 41 74 97 64 28 50 9 
214-7-10 1?1.76 = 7 70 67 73 91 29 48 41 74 97 64 50 21 32 10 
214-7-11 1?2.029 = 7 70 67 73 96 79 91 29 48 41 74 97 64 50 21 32 24 11 
214-7-12 1?2.105 = 7 70 67 73 96 79 31 95 45 82 56 89 55 51 39 57 76 12 
214-7-13 1?2.343 = 7 70 67 73 96 79 31 99 95 40 45 82 56 89 55 53 26 68 86 17 13 
214-7-14 1?2.508 = 7 70 67 73 96 79 31 99 43 95 40 45 82 89 55 53 26 22 86 17 80 14 
214-7-15 1?2.491 = 7 70 67 73 96 79 31 99 43 95 46 94 49 33 19 16 84 62 85 15 
214-8-9 1?2.221 = 8 7 70 67 73 96 79 91 29 48 41 74 97 64 28 50 9 
214-8-10 1?2.15 = 8 7 70 67 73 91 29 48 41 74 97 64 50 21 32 10 
214-8-11 1?2.419 = 8 7 70 67 73 96 79 91 29 48 41 74 97 64 50 21 32 24 11 
214-8-12 1?2.181 = 8 29 48 41 74 97 64 28 21 23 56 89 55 51 39 57 76 12 
214-8-13 1?2.211 = 8 48 41 74 97 64 50 21 23 56 89 55 53 26 22 86 17 13 
214-8-14 1?2.468 = 8 48 41 74 97 64 50 21 23 56 89 55 53 26 68 86 17 80 14 
214-8-15 1?2.675 = 8 29 91 79 96 31 95 46 94 49 33 19 62 16 84 98 59 25 61 15 
214-9-10 1?2.045 = 9 41 74 97 64 50 21 23 56 89 55 93 92 32 10 
214-9-11 1?2.057 = 9 41 74 97 64 28 40 45 82 56 89 55 93 92 24 11 
214-9-12 1?2.063 = 9 74 97 64 50 21 23 93 56 89 55 53 26 68 39 57 76 12 
214-9-13 1?2.112 = 9 74 97 64 50 21 23 93 56 89 55 53 38 26 68 86 17 13 
214-9-14 1?2.375 = 9 41 74 97 64 28 21 23 56 93 89 55 53 26 68 86 17 80 14 
214-9-15 1?2.504 = 9 74 97 64 28 40 45 46 94 49 33 19 62 16 84 98 59 25 61 15 
214-10-11 1?2.213 = 10 50 64 97 74 28 21 23 56 89 55 93 51 92 24 11 
214-10-12 1?2.026 = 10 32 23 93 56 89 55 53 26 22 86 68 39 57 76 12 
214-10-13 1?2.195 = 10 50 64 97 74 28 21 23 93 56 89 55 53 68 86 17 13 
214-10-14 1?2.457 = 10 50 64 97 28 21 23 93 56 82 89 55 53 68 86 17 80 14 
214-10-15 1?2.505 = 10 32 23 93 55 89 56 82 37 34 33 19 62 16 84 98 59 25 61 15 
214-11-12 1?2.075 = 11 24 92 93 56 89 55 53 38 26 22 86 68 39 57 76 12 
214-11-13 1?2.145 = 11 24 32 21 23 56 93 89 55 53 38 26 68 86 17 13 
214-11-14 1?2.2 = 11 24 32 21 23 56 93 89 55 53 26 22 86 17 80 14 
214-11-15 1?2.394 = 11 24 92 93 55 89 56 82 37 46 94 49 33 19 16 62 85 15 
214-12-13 1?1.922 = 12 76 57 39 51 93 56 89 55 53 38 26 68 22 86 17 13 
214-12-14 1?2.006 = 12 76 57 39 51 93 56 89 55 53 38 26 22 86 17 80 14 
214-12-15 1?2.04 = 12 76 57 39 68 26 38 60 33 19 62 16 84 59 98 85 15 
214-13-14 1?2.074 = 13 17 86 22 77 60 33 19 62 16 84 59 98 85 47 69 14 
214-13-15 1?2.024 = 13 17 86 68 26 38 77 60 33 19 62 16 84 98 59 25 61 15 
214-14-15 1?2.022 = 14 69 47 85 62 16 84 98 59 18 52 75 90 35 25 61 15 
stop
