start
939-0-2 1?2.122 = 0 24 42 97 45 85 84 67 22 49 55 63 61 73 23 2 
939-0-1 1?2.076 = 0 24 45 85 84 67 22 49 55 20 63 61 47 97 42 1 
939-0-9 1?2.375 = 0 24 45 85 84 22 49 55 63 20 76 79 81 41 94 96 98 88 71 9 
939-0-11 1?2.284 = 0 24 45 85 84 67 22 55 49 76 79 81 65 34 60 26 72 44 11 
939-0-4 1?2.303 = 0 24 42 97 45 85 84 67 22 49 55 63 20 38 87 64 4 
939-0-3 1?2.303 = 0 16 42 97 45 85 84 67 22 49 20 63 55 61 73 3 
939-0-7 1?2.324 = 0 24 45 85 67 22 49 55 63 20 76 79 81 41 89 54 30 46 7 
939-0-6 1?2.319 = 0 24 45 85 84 67 22 49 55 63 20 76 66 99 19 18 36 90 17 6 
939-0-5 1?2.312 = 0 24 42 97 45 85 84 67 22 49 55 63 20 38 87 56 80 5 
939-0-10 1?2.34 = 0 24 45 85 84 22 49 55 63 20 76 79 81 65 34 60 35 70 77 10 
939-0-8 1?2.369 = 0 24 45 85 84 67 22 49 55 63 20 76 79 81 41 94 96 98 88 71 92 8 
939-1-3 1?2.428 = 1 16 42 97 45 85 84 67 22 49 55 20 63 61 73 3 
939-1-5 1?2.257 = 1 42 97 45 85 67 22 49 55 63 20 38 87 56 80 5 
939-1-4 1?2.389 = 1 42 97 45 39 85 84 67 22 49 55 63 38 87 64 4 
939-0-14 1?2.136 = 0 16 42 97 47 61 55 49 22 67 84 43 21 40 93 53 14 
939-1-8 1?2.289 = 1 42 97 47 67 22 55 63 20 76 79 81 41 94 96 98 88 71 8 
939-0-15 1?1.997 = 0 24 42 97 47 61 55 49 22 67 84 83 86 50 32 15 
939-1-6 1?2.263 = 1 42 97 47 67 22 49 55 63 20 66 99 19 18 36 90 17 6 
939-1-2 1?2.156 = 1 42 97 45 85 84 67 22 49 20 63 55 61 73 23 2 
939-0-13 1?2.318 = 0 24 45 85 84 67 22 55 49 76 79 95 48 37 28 52 69 13 
939-0-12 1?2.231 = 0 24 45 85 67 22 49 55 63 20 76 79 95 48 37 28 52 27 12 
939-1-7 1?2.33 = 1 42 97 47 61 55 49 76 79 81 41 89 54 82 30 46 7 
939-1-14 1?2.232 = 1 42 97 47 61 55 63 20 49 22 67 84 83 86 53 93 14 
939-2-5 1?2.313 = 2 23 73 61 55 49 20 63 38 19 18 36 56 80 5 
939-2-3 1?2.79 = 2 1 42 97 45 85 84 22 55 49 76 20 63 61 73 3 
939-2-4 1?2.494 = 2 23 73 61 67 22 49 55 63 20 66 99 19 87 64 4 
939-1-13 1?2.491 = 1 42 97 47 67 22 49 55 63 20 76 81 95 48 37 28 52 69 13 
939-2-6 1?2.303 = 2 23 73 61 67 22 49 55 63 20 66 99 19 18 36 90 17 6 
939-1-9 1?2.505 = 1 42 97 45 85 84 67 22 49 55 63 20 76 79 81 41 98 88 71 9 
939-1-15 1?2.12 = 1 42 97 47 61 55 63 20 49 22 67 84 83 86 50 32 15 
939-1-12 1?2.379 = 1 42 97 47 67 22 49 55 63 20 76 81 95 48 37 28 52 27 12 
939-1-10 1?2.482 = 1 42 97 47 61 67 22 49 55 63 20 76 79 81 65 34 60 35 70 77 10 
939-1-11 1?2.455 = 1 42 97 47 67 22 49 55 63 20 76 79 81 65 34 60 26 72 44 31 11 
939-2-14 1?2.227 = 2 23 73 61 55 63 20 49 22 67 84 83 50 86 53 93 14 
939-3-5 1?2.489 = 3 73 61 67 22 49 55 63 38 19 18 36 56 80 5 
939-3-4 1?2.698 = 3 73 61 67 22 49 55 63 20 76 66 99 19 87 64 4 
939-2-13 1?2.446 = 2 23 73 61 67 22 49 55 63 20 76 79 95 48 37 28 52 69 13 
939-2-8 1?2.35 = 2 23 73 61 67 22 49 55 63 20 76 79 81 41 96 98 88 71 8 
939-2-9 1?2.462 = 2 23 73 61 67 22 49 55 63 20 76 79 81 41 94 96 98 88 71 9 
939-2-15 1?2.125 = 2 23 73 61 55 63 20 49 22 67 84 85 83 86 50 32 15 
939-2-7 1?2.362 = 2 23 73 61 55 63 20 76 79 81 41 96 94 54 82 30 46 7 
939-2-10 1?2.588 = 2 23 73 61 67 84 22 49 55 63 20 76 79 81 65 34 60 35 70 77 10 
939-2-12 1?2.478 = 2 23 73 61 67 22 49 55 63 20 76 79 81 65 95 48 37 28 52 27 12 
939-2-11 1?2.495 = 2 23 73 61 67 22 49 55 63 20 76 79 81 65 34 60 26 72 44 31 11 
939-4-5 1?2.326 = 4 64 87 19 99 54 82 30 68 90 17 36 18 56 80 5 
939-3-14 1?2.603 = 3 23 73 61 67 22 49 55 63 20 76 79 78 33 21 40 93 53 14 
939-3-13 1?2.661 = 3 73 61 67 22 49 55 63 20 76 81 95 48 37 28 52 69 13 
939-3-6 1?2.433 = 3 73 61 67 22 49 55 63 20 66 99 19 18 36 90 17 6 
939-3-8 1?2.48 = 3 73 61 67 22 49 55 63 20 76 79 81 41 96 98 88 71 8 
939-3-9 1?2.592 = 3 73 61 67 22 49 55 63 20 76 79 81 41 94 96 98 88 71 9 
939-3-7 1?2.527 = 3 73 61 55 49 20 76 79 81 41 96 94 54 82 30 46 7 
939-3-15 1?2.454 = 3 23 73 61 55 63 20 76 49 22 67 84 85 83 86 50 32 15 
939-3-12 1?2.647 = 3 73 61 67 22 49 55 63 20 76 79 81 34 95 48 37 28 52 27 12 
939-3-10 1?2.76 = 3 73 61 67 22 49 55 63 20 76 79 81 41 94 96 98 51 35 70 77 10 
939-3-11 1?2.625 = 3 73 61 67 22 49 55 63 20 76 79 81 65 34 60 26 72 44 31 11 
939-5-6 1?2.038 = 5 80 56 36 18 19 99 54 82 57 62 46 68 90 17 6 
939-4-6 1?2.355 = 4 64 87 19 99 54 94 96 98 88 71 57 30 68 17 6 
939-4-14 1?2.708 = 4 64 87 38 63 20 76 49 55 22 67 84 85 83 86 50 32 53 93 14 
939-4-8 1?2.405 = 4 64 5 80 56 18 36 17 90 68 30 82 54 94 96 98 88 71 92 8 
939-4-13 1?2.711 = 4 64 87 38 20 63 55 49 76 79 81 34 65 95 48 37 28 52 69 13 
939-4-9 1?2.527 = 4 64 56 36 18 90 68 30 82 54 89 94 96 98 88 51 35 70 75 9 
939-4-7 1?2.307 = 4 64 56 36 90 68 30 82 54 94 96 98 88 71 92 62 46 7 
939-4-15 1?2.468 = 4 64 87 38 63 20 76 79 49 55 22 67 84 83 86 50 32 15 
939-4-10 1?2.607 = 4 64 5 80 56 36 18 90 68 30 82 54 94 96 98 88 71 51 35 70 77 10 
939-4-12 1?2.708 = 4 64 87 38 20 63 55 49 22 67 84 43 21 33 78 48 37 28 52 27 12 
939-4-11 1?2.749 = 4 64 87 38 20 63 55 49 76 79 81 34 65 95 48 37 28 91 72 44 11 
939-6-8 1?1.718 = 6 17 36 18 90 68 30 82 54 89 94 96 98 88 71 92 8 
939-5-14 1?2.519 = 5 80 56 36 18 19 99 66 20 63 55 49 22 67 84 43 21 40 93 14 
939-5-8 1?2.001 = 5 80 56 36 18 90 68 46 30 82 54 94 96 98 88 71 92 8 
939-6-7 1?1.725 = 6 17 90 68 30 82 54 94 96 98 88 71 92 62 46 7 
939-5-7 1?1.861 = 5 80 56 36 18 90 68 30 54 94 96 82 57 62 46 7 
939-5-13 1?2.574 = 5 80 56 36 90 68 30 82 96 94 41 29 34 65 95 48 37 28 52 69 13 
939-5-9 1?2.112 = 5 80 56 36 18 90 68 30 82 54 94 96 98 88 51 35 70 75 9 
939-5-10 1?2.146 = 5 80 56 36 18 90 68 30 82 54 89 94 96 98 88 51 35 70 77 10 
939-5-12 1?2.557 = 5 80 56 36 18 68 30 82 54 94 96 98 29 34 65 95 48 37 28 52 27 12 
939-5-15 1?2.485 = 5 80 56 36 18 19 99 66 76 20 63 55 49 22 84 83 86 50 32 15 
939-5-11 1?2.504 = 5 80 56 36 18 90 68 30 82 54 94 96 98 88 51 35 70 77 31 44 11 
939-7-8 1?1.762 = 7 46 62 57 30 82 54 89 94 96 41 98 88 71 92 8 
939-6-9 1?1.85 = 6 17 36 18 68 30 82 54 89 41 94 96 98 88 71 9 
939-7-9 1?1.74 = 7 46 62 57 30 82 54 94 96 98 88 51 35 70 75 9 
939-7-10 1?1.913 = 7 46 62 57 30 82 54 89 94 96 98 88 71 51 35 70 77 10 
939-6-14 1?2.468 = 6 17 36 18 19 99 66 76 20 63 55 49 22 67 84 43 21 40 93 53 14 
939-6-13 1?2.513 = 6 17 36 18 90 68 30 82 54 94 96 41 29 34 65 95 48 37 28 52 69 13 
939-6-10 1?2.082 = 6 17 36 18 90 68 30 57 82 54 89 94 96 98 88 51 35 70 77 10 
939-7-11 1?2.208 = 7 46 30 82 54 89 94 96 98 88 71 51 35 70 77 31 44 11 
939-6-12 1?2.473 = 6 17 36 18 90 68 30 82 54 94 96 98 41 29 34 65 95 48 37 28 52 27 12 
939-6-15 1?2.394 = 6 17 36 18 19 99 66 81 79 76 20 63 55 49 22 67 84 83 50 32 15 
939-6-11 1?2.429 = 6 17 36 18 90 68 30 82 54 89 94 96 98 88 51 35 70 77 31 44 11 
939-8-10 1?1.641 = 8 92 62 57 30 82 54 94 96 98 88 51 35 70 77 10 
939-8-12 1?1.885 = 8 71 88 98 96 94 41 29 34 65 95 48 37 28 52 27 12 
939-8-9 1?1.748 = 8 92 62 46 30 82 54 94 96 98 88 51 35 70 75 9 
939-7-14 1?2.495 = 7 46 57 82 94 41 81 79 76 20 63 55 49 22 67 84 43 21 40 93 14 
939-8-13 1?2.361 = 8 92 62 57 30 82 54 94 96 98 41 29 34 65 95 48 37 28 52 69 13 
939-8-11 1?1.885 = 8 92 62 57 82 54 94 96 98 88 51 35 70 77 31 11 
939-8-14 1?2.424 = 8 71 88 98 96 94 41 81 79 76 20 63 55 49 22 84 43 21 40 93 14 
939-7-13 1?2.575 = 7 46 62 92 71 88 98 96 94 54 89 41 29 34 65 95 48 37 28 52 69 13 
939-7-12 1?2.382 = 7 46 62 57 30 82 54 89 94 96 98 41 29 34 65 95 48 37 28 52 27 12 
939-8-15 1?2.321 = 8 71 88 98 41 81 79 76 20 63 55 49 22 67 84 83 86 50 32 15 
939-7-15 1?2.432 = 7 46 30 54 89 41 81 79 76 20 63 55 49 22 67 84 83 86 50 32 15 
939-10-12 1?1.903 = 10 77 31 44 72 26 60 34 65 95 48 37 28 52 27 12 
939-9-12 1?1.978 = 9 71 88 98 96 94 41 29 34 65 95 48 37 28 52 27 12 
939-9-10 1?1.943 = 9 71 57 30 82 54 89 94 96 98 88 51 35 70 77 10 
939-10-14 1?2.194 = 10 77 31 44 72 26 91 52 28 37 48 78 33 21 40 93 53 14 
939-10-13 1?2.275 = 10 77 70 35 98 96 94 89 41 29 34 65 95 48 37 28 52 69 13 
939-9-14 1?2.447 = 9 71 88 98 96 94 41 81 79 76 49 55 22 84 43 21 40 93 14 
939-9-11 1?2.008 = 9 71 88 98 96 94 54 89 41 29 60 26 72 44 31 11 
939-9-13 1?2.433 = 9 71 88 98 96 94 82 54 89 41 29 34 65 95 48 37 28 52 69 13 
939-10-11 1?1.876 = 10 77 70 35 51 88 98 96 94 41 29 60 26 72 44 11 
939-10-15 1?2.304 = 10 77 31 44 72 91 28 37 48 78 43 33 21 40 93 53 86 50 32 15 
939-9-15 1?2.391 = 9 71 88 98 96 94 41 81 79 76 20 63 55 22 67 84 83 50 32 15 
939-11-13 1?1.982 = 11 31 44 72 26 60 29 34 65 95 48 37 28 52 69 13 
939-11-12 1?1.94 = 11 31 44 72 26 60 34 65 95 48 37 28 91 52 27 12 
939-12-13 1?2.204 = 12 27 52 28 37 48 78 33 21 83 50 32 53 93 59 13 
939-12-14 1?2.007 = 12 27 52 28 37 48 78 33 21 83 86 50 32 53 93 14 
939-13-14 1?2.104 = 13 69 52 28 37 48 78 33 21 40 93 53 86 50 32 14 
939-11-14 1?2.04 = 11 31 44 72 26 91 52 28 37 48 78 33 21 40 93 53 14 
939-14-15 1?2.071 = 14 53 93 40 21 33 78 43 84 22 67 85 83 86 50 32 15 
939-13-15 1?1.927 = 13 69 52 28 37 48 78 33 21 40 93 53 86 50 32 15 
939-12-15 1?2.233 = 12 27 52 28 37 48 95 79 76 49 55 22 67 84 83 50 32 15 
939-11-15 1?2.15 = 11 31 44 72 91 28 37 48 78 43 33 21 40 93 53 86 50 32 15 
stop
