start
24-0-3 1?2.663 = 0 39 42 62 37 98 64 90 19 49 44 69 94 51 83 55 31 3 
24-0-1 1?2.558 = 0 39 42 62 37 58 61 92 95 49 19 64 41 35 80 1 
24-0-5 1?2.68 = 0 39 42 62 37 58 98 64 41 35 51 83 27 97 26 68 85 57 47 33 5 
24-0-9 1?2.335 = 0 39 42 62 37 98 19 49 95 91 50 23 38 86 46 76 20 84 93 9 
24-0-11 1?2.304 = 0 39 42 62 37 98 19 49 95 91 50 56 23 38 86 59 24 32 11 
24-0-8 1?2.521 = 0 39 42 62 37 98 19 49 95 91 50 56 23 38 86 82 76 84 20 34 8 
24-0-4 1?2.713 = 0 39 42 62 37 98 64 41 51 83 27 97 26 68 85 47 33 88 54 4 
24-0-2 1?2.189 = 0 39 42 62 37 98 64 41 35 51 83 55 31 18 99 43 2 
24-0-10 1?2.381 = 0 39 42 62 37 98 19 49 95 91 50 56 23 38 86 46 59 24 10 
24-0-7 1?2.599 = 0 39 42 62 37 98 19 49 95 91 50 56 65 40 66 63 96 89 7 
24-0-6 1?2.692 = 0 39 42 62 37 98 19 49 95 91 50 56 65 40 66 63 96 79 6 
24-1-5 1?2.224 = 1 87 39 42 62 77 35 51 83 27 97 26 68 85 47 33 5 
24-1-4 1?2.409 = 1 80 99 18 31 55 27 97 26 68 85 57 47 33 88 54 4 
24-1-2 1?2.14 = 1 87 39 42 62 37 98 64 41 51 83 55 31 18 99 43 2 
24-0-15 1?2.448 = 0 39 42 62 37 98 19 49 95 92 70 61 58 36 21 15 
24-0-12 1?2.383 = 0 39 42 62 37 98 19 49 95 91 50 56 38 23 73 74 71 12 
24-1-3 1?2.356 = 1 87 39 42 62 37 58 98 64 41 35 51 83 31 18 99 3 
24-1-8 1?2.418 = 1 87 39 42 62 37 98 19 49 95 91 50 56 86 82 30 75 22 8 
24-0-14 1?2.223 = 0 39 42 62 37 98 19 49 95 92 61 70 72 17 78 14 
24-1-7 1?2.515 = 1 87 39 42 62 37 98 19 49 95 91 50 56 65 67 66 63 89 7 
24-0-13 1?2.481 = 0 39 42 62 37 98 64 90 19 49 95 92 61 70 72 28 48 13 
24-1-6 1?2.573 = 1 87 39 42 62 37 98 64 41 51 83 27 97 26 68 85 57 29 79 6 
24-2-5 1?1.892 = 2 43 99 18 31 55 27 97 26 68 85 29 57 47 33 5 
24-2-4 1?2.034 = 2 43 99 18 31 55 27 97 26 68 85 57 47 33 88 54 4 
24-2-3 1?2.424 = 2 43 99 18 31 55 27 97 26 68 85 57 47 33 88 54 4 3 
24-1-12 1?2.446 = 1 87 39 42 62 37 98 19 49 95 91 50 56 38 23 73 74 71 12 
24-1-9 1?2.34 = 1 87 39 42 62 37 98 19 49 95 91 50 56 38 86 46 76 84 93 9 
24-1-11 1?2.456 = 1 87 39 42 62 37 98 19 49 95 91 50 56 23 38 86 46 59 24 32 11 
24-1-14 1?2.403 = 1 87 39 42 62 37 98 64 90 19 49 95 92 70 72 17 78 14 
24-1-15 1?2.409 = 1 87 39 42 62 37 98 19 49 95 92 61 58 36 21 15 
24-1-13 1?2.544 = 1 87 39 42 62 37 98 64 90 19 49 95 92 61 70 72 28 48 13 
24-1-10 1?2.506 = 1 87 39 42 62 37 98 19 49 95 91 50 23 38 86 59 46 76 53 10 
24-2-6 1?2.69 = 2 43 99 18 31 55 83 51 35 41 64 90 94 52 27 97 68 26 85 47 33 6 
24-3-5 1?2.018 = 3 99 18 31 55 83 51 52 27 97 26 68 85 57 47 33 5 
24-3-4 1?2.253 = 3 43 99 18 31 55 27 97 26 68 85 57 47 33 88 54 4 
24-2-11 1?2.368 = 2 43 99 18 35 41 64 19 49 95 91 50 23 38 86 59 24 32 11 
24-2-12 1?2.484 = 2 43 99 18 35 41 64 19 49 95 91 50 56 38 23 73 74 71 12 
24-2-8 1?2.389 = 2 43 99 18 31 55 83 51 52 94 69 44 16 65 40 67 66 63 75 22 8 
24-2-14 1?2.358 = 2 43 99 18 31 35 41 64 19 49 95 92 61 72 17 78 14 
24-2-15 1?2.203 = 2 43 99 18 31 55 83 51 90 64 98 37 62 36 21 15 
24-2-9 1?2.472 = 2 43 99 35 41 64 90 19 49 95 91 50 23 38 86 82 76 20 84 93 9 
24-2-13 1?2.458 = 2 43 99 18 31 35 41 64 90 19 49 95 92 61 72 28 48 13 
24-2-10 1?2.393 = 2 43 99 18 35 41 64 19 49 95 91 50 56 23 38 86 59 24 10 
24-2-7 1?2.64 = 2 43 99 18 31 51 52 94 69 44 40 65 67 66 30 34 22 75 63 89 7 
24-4-5 1?2.408 = 4 3 99 18 31 55 83 51 52 27 97 26 68 85 57 47 33 5 
24-3-7 1?2.353 = 3 99 18 31 55 83 51 94 52 27 97 26 68 85 29 79 89 7 
24-3-8 1?2.319 = 3 31 55 83 51 52 94 69 44 16 65 40 67 66 30 34 75 22 8 
24-3-11 1?2.524 = 3 31 18 99 35 41 64 90 19 49 95 91 50 56 38 86 59 24 32 11 
24-3-9 1?2.44 = 3 55 83 51 90 19 49 95 91 50 56 23 38 86 82 76 20 84 93 9 
24-3-6 1?2.164 = 3 99 18 31 55 83 51 94 52 27 97 26 68 85 57 47 33 6 
24-3-14 1?2.447 = 3 55 31 18 99 35 41 64 90 19 49 95 92 61 72 17 78 14 
24-3-12 1?2.697 = 3 55 31 18 99 35 41 64 90 19 49 95 91 50 56 38 23 73 74 71 12 
24-3-15 1?2.66 = 3 55 31 18 99 35 41 64 90 19 49 95 92 61 58 36 21 15 
24-3-13 1?2.678 = 3 55 31 18 99 35 41 64 90 19 49 95 91 50 73 74 28 48 13 
24-3-10 1?2.606 = 3 55 31 18 99 35 41 64 90 19 49 95 91 50 56 23 38 86 59 24 10 
24-4-7 1?2.344 = 4 54 88 33 47 68 26 85 57 29 79 96 63 75 22 89 7 
24-4-8 1?2.288 = 4 54 97 26 68 85 47 33 57 29 79 89 96 63 75 22 8 
24-4-11 1?2.533 = 4 88 33 57 29 96 63 75 22 34 20 84 76 46 59 24 32 11 
24-5-6 1?2.109 = 5 33 47 68 26 85 57 29 96 63 75 22 89 79 6 
24-4-12 1?2.719 = 4 54 97 27 52 94 90 19 49 95 91 50 56 38 23 73 74 71 25 12 
24-4-6 1?2.463 = 4 54 88 33 47 68 26 85 57 29 96 63 75 22 89 79 6 
24-4-9 1?2.359 = 4 54 88 33 47 68 26 85 29 96 63 75 22 34 20 76 84 93 9 
24-4-14 1?2.721 = 4 55 31 18 99 35 41 64 90 19 49 95 91 92 61 72 17 78 14 
24-4-10 1?2.454 = 4 54 97 26 68 85 57 29 96 63 75 22 34 20 84 76 53 10 
24-4-13 1?2.841 = 4 54 88 33 47 57 85 68 26 81 69 44 19 49 95 92 61 72 48 13 
24-4-15 1?2.812 = 4 54 88 33 47 57 85 68 26 97 27 52 94 90 64 98 37 62 36 21 15 
24-6-8 1?1.884 = 6 33 47 68 26 85 57 29 79 89 96 63 75 22 8 
24-5-7 1?1.99 = 5 33 47 68 26 85 57 29 79 96 63 75 22 89 7 
24-6-7 1?2.023 = 6 79 29 96 63 40 65 67 66 30 34 75 22 89 7 
24-5-8 1?2.055 = 5 33 47 68 26 85 29 96 63 75 22 34 20 84 93 8 
24-5-9 1?2.193 = 5 33 47 68 26 85 57 29 79 89 96 63 75 22 34 20 84 93 9 
24-5-12 1?2.607 = 5 33 57 29 96 63 66 67 40 65 86 38 56 50 91 73 74 71 12 
24-5-14 1?2.563 = 5 33 47 85 68 26 81 69 44 16 56 50 91 95 92 61 72 17 78 14 
24-5-11 1?2.424 = 5 33 47 57 29 96 63 75 22 34 30 20 84 53 76 46 59 24 32 11 
24-5-10 1?2.426 = 5 33 47 68 26 85 29 96 63 75 22 34 20 84 76 46 59 24 10 
24-5-13 1?2.67 = 5 33 47 57 29 96 63 66 67 40 65 56 50 91 95 92 70 72 48 13 
24-5-15 1?2.796 = 5 33 57 85 68 26 81 44 16 56 50 91 95 49 19 98 58 36 21 15 
24-7-8 1?1.889 = 7 89 63 40 65 67 66 30 75 22 34 20 84 93 8 
24-7-9 1?1.695 = 7 89 63 40 65 67 66 30 75 22 34 20 84 93 9 
24-6-9 1?1.98 = 6 33 47 68 26 85 57 29 96 63 75 22 34 20 84 93 9 
24-7-10 1?1.853 = 7 89 63 75 22 34 30 66 40 65 67 82 76 53 10 
24-6-11 1?2.314 = 6 79 29 96 63 75 22 34 30 20 84 53 76 82 46 59 24 32 11 
24-7-11 1?2.253 = 7 89 96 63 75 22 34 30 20 84 53 76 82 46 59 24 60 32 11 
24-6-12 1?2.531 = 6 79 96 63 75 22 34 20 84 76 46 86 56 50 73 74 71 12 
24-6-10 1?2.245 = 6 79 29 96 63 75 22 34 30 66 40 65 67 82 76 84 53 10 
24-6-13 1?2.593 = 6 79 96 63 66 67 40 65 86 38 23 56 50 91 95 92 61 72 48 13 
24-6-14 1?2.581 = 6 79 96 63 66 67 40 65 86 38 23 50 91 95 92 61 72 17 78 14 
24-6-15 1?2.719 = 6 79 29 96 63 66 40 65 56 50 91 95 49 19 98 58 36 21 15 
24-8-11 1?1.649 = 8 22 75 30 34 20 84 53 76 82 46 59 24 32 11 
24-8-9 1?1.629 = 8 22 34 30 75 63 66 40 65 67 82 76 84 93 9 
24-8-10 1?1.764 = 8 22 75 30 66 40 65 67 82 76 20 93 84 53 10 
24-8-12 1?2.147 = 8 22 75 30 34 20 84 76 46 86 38 56 50 91 73 74 71 12 
24-7-12 1?2.373 = 7 89 63 75 22 34 20 84 76 82 86 38 56 50 73 74 71 12 
24-8-13 1?2.234 = 8 22 75 34 20 84 76 46 86 56 50 91 95 92 61 72 48 13 
24-7-14 1?2.488 = 7 89 96 63 66 67 40 65 86 38 23 50 91 95 92 61 72 17 78 14 
24-7-13 1?2.445 = 7 89 63 66 67 40 65 86 38 23 56 50 91 95 92 61 72 28 48 13 
24-8-14 1?2.289 = 8 22 75 30 20 76 46 86 38 23 56 50 91 95 92 61 72 17 78 14 
24-7-15 1?2.56 = 7 89 63 66 67 40 65 86 56 50 91 95 49 19 98 58 36 21 15 
24-8-15 1?2.461 = 8 22 75 30 34 20 84 76 46 86 38 23 56 50 91 95 92 61 45 15 
24-10-11 1?1.91 = 10 53 84 20 34 22 75 30 82 76 46 59 24 32 11 
24-9-11 1?1.695 = 9 93 34 22 75 30 20 84 53 76 46 59 24 32 11 
24-9-12 1?1.796 = 9 93 84 20 76 46 86 38 23 56 50 73 74 71 12 
24-10-12 1?1.986 = 10 53 84 20 76 82 86 38 23 56 50 73 74 71 12 
24-10-13 1?2.04 = 10 24 59 86 38 23 56 50 91 95 92 70 72 28 48 13 
24-9-10 1?1.718 = 9 93 20 34 22 75 30 66 40 65 67 82 76 53 10 
24-9-13 1?1.996 = 9 93 84 76 46 86 38 23 56 50 91 95 92 61 72 48 13 
24-10-14 1?2.223 = 10 53 84 20 76 46 86 38 23 50 91 95 92 61 72 17 78 14 
24-10-15 1?2.344 = 10 53 76 46 86 38 23 56 50 91 95 49 19 98 58 36 21 15 
24-9-14 1?2.133 = 9 93 84 20 76 46 59 86 38 23 50 91 95 92 61 72 17 78 14 
24-9-15 1?2.29 = 9 93 84 20 76 46 86 38 56 50 91 95 49 19 98 58 36 21 15 
24-11-12 1?1.994 = 11 32 60 59 46 86 38 23 56 50 91 73 74 71 25 12 
24-12-14 1?2.086 = 12 71 74 73 23 38 56 50 91 95 92 70 72 17 78 14 
24-13-14 1?2.172 = 13 48 28 74 73 23 50 91 95 92 61 72 17 78 14 
24-12-13 1?2.131 = 12 71 74 73 23 38 56 50 91 95 92 70 72 28 48 13 
24-13-15 1?2.312 = 13 48 28 74 71 73 91 95 49 19 98 58 36 21 15 
24-11-13 1?1.982 = 11 32 24 59 86 38 23 56 50 91 95 92 70 72 48 13 
24-14-15 1?2.216 = 14 78 17 72 61 92 91 95 49 19 98 58 36 21 15 
24-12-15 1?2.231 = 12 71 74 73 91 95 49 19 90 64 98 58 36 21 15 
24-11-14 1?2.192 = 11 32 24 59 46 86 38 23 56 50 91 95 92 61 70 72 17 78 14 
24-11-15 1?2.257 = 11 32 24 59 86 38 23 56 50 91 95 49 19 98 58 36 21 15 
stop
