start
894-0-2 1?1.614 = 0 48 16 56 60 57 18 23 43 92 54 96 26 58 75 2 
894-0-3 1?1.846 = 0 37 48 16 56 60 57 18 94 42 23 43 92 54 96 26 58 75 3 
894-0-5 1?2.36 = 0 48 16 56 60 57 18 94 23 43 92 54 96 26 58 25 41 86 5 
894-0-4 1?2.052 = 0 37 48 16 56 60 57 18 94 23 43 92 54 96 26 75 58 25 4 
894-0-1 1?1.979 = 0 48 16 56 57 18 23 92 54 96 26 58 75 43 59 1 
894-0-11 1?2.383 = 0 37 44 53 71 32 83 51 31 91 40 52 72 38 93 29 36 11 
894-0-9 1?2.556 = 0 48 60 56 57 18 94 90 87 85 74 30 99 84 39 79 88 28 9 
894-0-10 1?2.63 = 0 37 44 32 71 83 51 38 93 72 52 40 91 31 85 74 30 99 84 10 
894-0-8 1?2.629 = 0 48 16 56 60 57 18 94 77 78 63 62 24 27 69 68 70 50 45 8 
894-0-6 1?2.463 = 0 48 60 56 57 18 94 23 43 92 61 78 63 62 24 80 35 86 55 46 6 
894-0-7 1?2.666 = 0 48 16 56 60 57 18 94 23 43 92 42 77 78 63 62 24 27 66 34 7 
894-1-3 1?1.496 = 1 56 16 48 60 57 18 23 43 92 54 96 26 58 75 3 
894-1-5 1?1.918 = 1 56 16 60 57 18 94 77 78 63 62 24 80 35 86 5 
894-0-15 1?2.317 = 0 48 16 56 60 57 18 23 43 92 61 42 77 94 37 44 15 
894-0-14 1?2.204 = 0 48 16 56 60 57 18 94 42 77 90 98 32 71 53 14 
894-1-4 1?1.652 = 1 56 16 60 57 18 23 43 92 54 96 26 75 58 25 4 
894-1-2 1?1.588 = 1 56 16 48 60 57 18 23 43 92 54 96 26 58 75 2 
894-1-6 1?2.301 = 1 56 16 60 57 18 94 23 43 92 61 63 62 24 80 35 86 55 46 6 
894-0-13 1?2.328 = 0 16 56 60 57 18 94 90 87 85 31 91 40 52 72 93 38 13 
894-0-12 1?2.142 = 0 37 44 71 32 83 51 31 91 40 52 72 38 93 29 36 73 12 
894-1-7 1?2.69 = 1 56 16 48 60 57 18 94 42 23 43 92 61 78 63 62 24 27 66 34 7 
894-1-8 1?2.702 = 1 56 16 48 60 57 18 94 77 78 63 62 24 27 66 69 68 70 50 45 8 
894-2-3 1?1.885 = 2 1 56 16 48 60 57 18 23 43 92 54 96 26 58 75 3 
894-1-15 1?2.23 = 1 56 16 60 57 18 23 43 92 61 42 77 94 48 37 44 15 
894-2-5 1?1.986 = 2 75 58 26 96 54 92 61 78 63 62 24 80 35 86 5 
894-2-4 1?2.041 = 2 1 56 16 60 57 18 23 43 92 54 96 26 75 58 25 4 
894-1-11 1?2.454 = 1 56 16 60 57 18 94 90 87 85 74 30 99 91 40 52 29 36 11 
894-2-6 1?2.221 = 2 75 58 26 96 54 92 23 42 77 78 63 62 24 80 35 86 55 46 6 
894-1-10 1?2.625 = 1 56 16 48 60 57 18 94 90 87 85 74 30 99 97 39 79 81 10 
894-1-13 1?2.351 = 1 56 16 60 57 18 94 90 87 85 74 30 99 40 52 72 93 38 13 
894-1-14 1?2.113 = 1 56 57 60 16 48 37 44 53 71 32 83 51 19 14 
894-1-12 1?2.203 = 1 56 16 60 57 18 94 90 87 85 74 30 99 40 52 29 36 73 12 
894-1-9 1?2.505 = 1 56 16 60 57 18 94 90 87 85 74 30 99 97 39 79 88 17 28 9 
894-3-5 1?1.832 = 3 58 26 96 54 43 23 92 61 63 62 24 80 35 86 5 
894-2-15 1?2.023 = 2 75 58 26 96 54 92 43 23 94 18 57 60 56 16 48 37 44 15 
894-3-4 1?1.941 = 3 58 26 96 54 43 23 92 61 63 62 24 80 35 86 4 
894-2-11 1?2.55 = 2 75 58 26 96 54 61 78 67 95 47 85 31 91 40 52 72 29 36 11 
894-2-10 1?2.639 = 2 75 58 26 96 54 43 23 92 61 78 20 67 95 49 33 82 39 79 10 
894-2-12 1?2.253 = 2 43 23 92 61 78 20 67 95 47 87 85 31 91 40 52 29 36 73 12 
894-2-13 1?2.443 = 2 43 23 92 42 77 78 20 67 95 47 87 85 31 91 40 52 72 93 38 13 
894-2-14 1?2.315 = 2 75 58 26 96 54 92 43 23 18 57 56 16 48 37 44 53 14 
894-2-9 1?2.535 = 2 75 58 26 96 54 92 43 23 42 77 78 63 62 65 69 68 22 17 28 9 
894-2-8 1?2.589 = 2 75 58 26 96 54 92 43 23 42 77 78 63 62 27 69 68 22 50 45 8 
894-2-7 1?2.577 = 2 75 58 26 96 54 92 43 23 42 77 78 63 62 24 80 35 86 55 34 7 
894-3-6 1?1.87 = 3 58 26 96 54 92 61 63 62 24 80 35 86 55 46 6 
894-4-5 1?2.033 = 4 25 58 75 26 96 54 61 63 62 24 80 35 86 5 
894-3-15 1?1.931 = 3 75 58 26 96 54 92 43 23 94 18 57 60 56 16 48 37 44 15 
894-3-10 1?2.543 = 3 58 26 96 54 61 78 20 67 95 47 87 85 74 30 99 97 39 79 10 
894-3-11 1?2.466 = 3 58 26 96 54 92 43 23 42 77 78 67 95 47 85 31 91 40 52 29 36 11 
894-3-8 1?2.395 = 3 58 26 96 54 92 43 23 42 77 78 63 62 27 69 68 22 50 45 8 
894-3-7 1?2.242 = 3 75 58 26 96 54 92 43 23 42 77 78 63 62 24 27 66 34 7 
894-3-13 1?2.391 = 3 75 58 26 96 54 61 78 20 67 95 47 85 31 91 40 52 72 93 38 13 
894-3-9 1?2.467 = 3 58 26 96 54 92 43 23 42 61 63 62 24 27 65 69 68 22 17 28 9 
894-3-12 1?2.344 = 3 58 26 96 54 92 43 23 42 77 78 20 67 95 47 85 31 91 40 52 29 36 73 12 
894-3-14 1?2.429 = 3 75 58 26 96 54 92 43 23 42 94 18 57 60 56 16 48 37 44 53 14 
894-4-6 1?2.046 = 4 25 58 26 96 54 61 63 62 24 80 35 86 55 46 6 
894-5-6 1?2.238 = 5 86 35 80 24 62 63 20 67 95 65 27 66 55 46 6 
894-4-15 1?2.302 = 4 25 58 26 96 54 92 43 23 42 77 94 18 57 56 16 60 48 37 44 15 
894-4-11 1?2.441 = 4 86 35 80 24 62 63 20 67 95 47 85 31 91 40 52 29 11 
894-4-7 1?2.266 = 4 25 58 75 26 96 54 61 63 62 24 27 66 34 7 
894-4-10 1?2.609 = 4 86 35 80 24 62 65 27 66 69 68 22 17 28 81 79 39 10 
894-4-8 1?2.44 = 4 25 58 26 96 54 61 63 62 24 27 69 68 70 50 45 8 
894-4-13 1?2.463 = 4 86 35 80 24 62 63 20 67 95 47 85 31 91 40 52 72 93 38 13 
894-4-9 1?2.53 = 4 25 58 26 96 54 43 23 92 61 63 62 65 69 68 22 17 28 9 
894-4-12 1?2.405 = 4 86 35 80 24 62 63 20 67 95 47 87 85 31 91 40 52 29 36 73 12 
894-4-14 1?2.499 = 4 25 58 26 96 54 92 43 23 94 18 57 60 56 16 48 37 44 53 14 
894-5-15 1?2.615 = 5 86 35 80 24 62 63 61 92 43 23 94 18 57 56 16 48 37 44 15 
894-5-7 1?2.317 = 5 86 35 80 24 62 63 65 27 66 69 68 70 21 34 7 
894-6-7 1?2.267 = 6 46 55 86 35 80 24 62 65 27 66 69 68 70 21 64 7 
894-6-8 1?2.186 = 6 46 55 86 35 80 24 62 63 65 69 68 22 50 45 8 
894-5-11 1?2.332 = 5 86 35 80 24 62 63 20 67 95 47 85 31 91 40 52 29 11 
894-5-10 1?2.482 = 5 86 35 80 24 62 63 65 69 68 22 17 28 88 81 79 39 10 
894-5-8 1?2.357 = 5 86 35 80 24 62 63 20 67 95 49 33 69 68 70 50 8 
894-5-9 1?2.35 = 5 86 35 80 24 62 63 65 27 66 69 68 70 50 45 17 28 9 
894-5-13 1?2.354 = 5 86 35 80 24 62 63 20 67 95 47 85 31 91 40 52 72 93 38 13 
894-5-12 1?2.389 = 5 86 35 80 24 62 63 20 67 95 47 87 85 31 91 40 52 72 29 36 73 12 
894-5-14 1?2.677 = 5 86 35 80 24 62 63 20 67 95 47 85 31 91 40 52 72 51 83 19 14 
894-6-15 1?2.53 = 6 46 55 86 35 80 24 62 63 78 77 94 18 57 56 16 48 37 44 15 
894-7-9 1?2.387 = 7 34 21 70 68 82 89 74 30 99 76 84 39 79 81 9 
894-7-8 1?2.472 = 7 34 46 55 86 35 80 24 62 27 66 69 68 70 50 8 
894-6-11 1?2.389 = 6 46 55 86 35 80 24 62 63 20 67 95 47 85 74 30 99 76 11 
894-7-11 1?2.36 = 7 64 21 70 68 82 89 99 30 74 85 31 91 40 52 72 29 36 11 
894-6-10 1?2.486 = 6 46 55 86 35 80 24 62 65 27 66 69 68 22 17 28 88 81 10 
894-6-9 1?2.307 = 6 46 55 86 35 80 24 62 63 65 27 66 69 68 22 17 28 9 
894-7-10 1?2.642 = 7 64 50 45 17 28 88 79 39 97 99 30 74 85 31 40 76 84 10 
894-6-12 1?2.308 = 6 55 86 35 80 24 62 63 20 67 95 47 85 31 91 40 52 29 73 12 
894-6-13 1?2.442 = 6 55 86 35 80 24 62 63 20 67 95 47 85 31 40 52 72 38 13 
894-6-14 1?2.708 = 6 46 55 86 35 80 24 62 63 20 67 95 47 85 31 51 83 32 71 53 14 
894-8-11 1?1.931 = 8 50 45 17 28 88 79 39 97 99 40 52 29 36 11 
894-8-10 1?2.248 = 8 50 45 17 28 88 79 39 97 99 30 74 91 40 76 84 10 
894-8-9 1?2.263 = 8 50 22 82 89 30 74 85 31 91 99 97 39 79 81 9 
894-7-15 1?2.791 = 7 64 21 70 68 82 89 74 99 40 52 72 93 38 51 83 32 71 53 15 
894-8-15 1?2.567 = 8 50 45 17 28 88 79 39 97 99 30 74 85 91 31 51 83 32 71 53 15 
894-8-12 1?1.974 = 8 50 45 17 28 88 79 39 97 99 30 74 91 31 40 52 29 36 73 12 
894-7-12 1?2.244 = 7 64 50 45 17 28 88 79 39 97 99 30 74 91 40 52 29 36 73 12 
894-8-13 1?2.134 = 8 50 45 17 28 88 79 39 97 99 30 74 85 31 91 40 52 72 38 13 
894-7-13 1?2.431 = 7 64 50 45 17 28 88 79 39 97 99 30 74 91 31 40 52 72 93 38 13 
894-8-14 1?2.387 = 8 50 45 17 28 88 79 39 84 99 30 74 85 31 51 83 32 71 53 14 
894-7-14 1?2.63 = 7 64 21 70 68 82 89 74 30 99 40 52 72 93 38 51 83 32 71 53 14 
894-9-12 1?1.577 = 9 28 17 88 79 39 97 99 40 52 72 29 36 73 12 
894-10-12 1?1.605 = 10 79 39 84 99 30 74 85 91 40 52 29 36 73 12 
894-10-11 1?1.783 = 10 79 39 84 99 30 74 85 31 91 40 52 29 36 11 
894-9-11 1?1.784 = 9 28 17 88 79 39 97 99 30 74 85 31 91 40 76 11 
894-9-10 1?2.035 = 9 28 17 88 79 39 97 99 30 74 85 91 40 76 84 10 
894-10-13 1?1.758 = 10 79 39 97 99 30 74 85 31 91 40 52 72 93 38 13 
894-10-15 1?2.403 = 10 79 39 84 99 30 74 85 31 91 40 52 72 51 83 32 71 53 15 
894-9-15 1?2.48 = 9 28 88 79 39 84 99 30 74 85 31 91 40 52 72 51 83 32 71 53 15 
894-10-14 1?2.167 = 10 84 99 30 74 85 31 91 40 52 72 93 38 51 83 32 71 53 14 
894-9-13 1?2.013 = 9 28 17 88 81 79 39 84 99 30 74 85 31 91 40 52 72 93 38 13 
894-9-14 1?2.237 = 9 28 88 79 39 84 99 30 74 85 31 91 40 52 72 38 51 83 19 14 
894-11-12 1?1.556 = 11 76 99 30 74 91 31 40 52 72 38 93 29 36 73 12 
894-12-15 1?1.735 = 12 73 36 29 52 40 72 93 38 51 83 32 71 53 15 
894-13-15 1?2.019 = 13 38 72 52 40 99 30 74 91 31 51 83 32 71 53 15 
894-14-15 1?2.237 = 14 19 83 51 38 72 52 40 91 85 87 32 71 53 15 
894-11-13 1?1.735 = 11 36 29 76 99 30 74 85 91 31 40 52 72 93 38 13 
894-12-13 1?1.501 = 12 73 36 29 76 99 30 74 91 31 40 52 72 93 38 13 
894-12-14 1?1.57 = 12 73 36 29 52 40 72 93 38 51 83 32 71 53 14 
894-11-15 1?2.219 = 11 76 99 30 74 85 31 91 40 52 72 93 38 51 83 32 71 53 15 
894-13-14 1?1.817 = 13 38 93 72 52 40 99 30 74 85 91 31 51 83 19 14 
894-11-14 1?2.005 = 11 76 99 30 74 91 31 40 52 72 93 38 51 83 32 71 53 14 
stop
