start
499-0-3 1?1.938 = 0 40 52 50 90 86 19 20 34 91 71 59 85 38 3 
499-0-2 1?2.061 = 0 96 58 55 52 50 90 86 19 20 39 34 77 97 2 
499-0-4 1?2.177 = 0 96 58 55 52 50 90 86 19 20 39 34 91 71 59 98 94 4 
499-0-1 1?2.349 = 0 40 55 52 50 90 86 19 20 39 34 91 77 78 1 
499-0-5 1?2.338 = 0 96 58 55 52 50 90 86 19 20 39 34 91 71 59 98 94 83 65 5 
499-0-9 1?2.502 = 0 40 52 50 90 86 20 39 28 35 81 25 67 92 60 88 21 87 9 
499-0-11 1?2.581 = 0 40 52 50 90 86 20 39 45 44 41 66 74 17 84 33 68 32 11 
499-0-10 1?2.531 = 0 82 24 40 55 52 50 90 86 19 16 36 17 84 33 30 43 56 37 10 
499-0-8 1?2.542 = 0 96 58 55 50 90 86 19 20 39 28 35 81 25 67 92 60 88 21 8 
499-0-7 1?2.714 = 0 40 55 52 50 90 86 19 20 39 28 35 81 57 46 53 69 62 80 75 7 
499-0-6 1?2.585 = 0 40 52 50 90 86 20 39 34 91 71 59 98 94 83 65 72 27 69 62 6 
499-0-14 1?2.106 = 0 96 58 55 52 50 90 86 19 16 61 22 23 54 14 
499-1-4 1?2.005 = 1 89 95 50 90 86 19 20 39 34 91 71 59 98 94 4 
499-1-2 1?2.105 = 1 89 95 50 90 86 19 20 39 34 91 71 77 97 2 
499-0-15 1?2.077 = 0 96 58 89 95 90 86 19 50 52 55 40 24 22 23 15 
499-1-3 1?1.989 = 1 89 95 50 90 86 19 20 39 34 91 71 59 85 38 3 
499-1-5 1?2.267 = 1 89 95 50 90 86 19 20 39 34 91 71 59 79 98 94 83 65 5 
499-1-8 1?2.56 = 1 89 95 50 90 86 19 20 39 28 93 35 81 25 67 92 60 88 21 8 
499-1-7 1?2.595 = 1 96 58 55 52 50 90 86 19 20 39 28 35 81 57 53 46 75 7 
499-1-6 1?2.498 = 1 89 95 90 86 20 39 34 91 71 59 98 94 83 65 72 69 62 6 
499-0-12 1?2.625 = 0 40 52 50 90 86 20 39 28 45 44 41 66 74 17 84 33 68 12 
499-0-13 1?2.513 = 0 82 24 40 55 52 50 90 86 19 16 61 22 23 54 42 29 13 
499-2-4 1?2.028 = 2 97 77 34 20 39 28 93 79 91 71 59 85 98 94 4 
499-2-5 1?1.933 = 2 97 77 34 20 39 93 79 71 59 98 94 83 65 5 
499-1-13 1?2.8 = 1 96 58 89 95 90 86 19 50 52 55 40 82 24 22 23 54 42 29 13 
499-1-11 1?2.637 = 1 89 95 50 90 86 20 39 28 45 44 41 66 74 17 84 33 68 32 11 
499-2-3 1?2.044 = 2 97 77 34 20 39 28 93 79 91 71 59 98 85 38 3 
499-1-9 1?2.548 = 1 89 95 90 86 19 20 39 28 35 81 25 67 92 60 88 21 87 9 
499-1-10 1?2.586 = 1 89 95 90 86 20 39 28 45 44 66 74 17 84 33 30 43 56 37 10 
499-1-14 1?2.179 = 1 96 58 55 52 50 90 86 19 16 61 22 23 54 14 
499-1-15 1?2.158 = 1 89 95 50 90 86 19 16 52 55 40 82 24 22 23 15 
499-1-12 1?2.659 = 1 89 95 50 90 86 19 20 39 45 44 41 66 74 17 84 33 68 12 
499-2-6 1?2.409 = 2 97 77 34 91 71 59 79 93 35 81 25 67 46 57 53 69 62 26 6 
499-3-5 1?1.838 = 3 38 85 59 71 91 34 39 28 93 79 98 94 83 65 5 
499-3-4 1?2 = 3 38 85 59 71 91 34 39 20 45 28 93 79 98 94 4 
499-2-13 1?2.598 = 2 97 77 71 91 34 39 20 86 90 50 19 16 61 54 42 29 13 
499-2-11 1?2.511 = 2 97 77 91 71 59 79 93 28 45 44 66 74 17 84 33 30 99 32 11 
499-2-9 1?2.397 = 2 97 77 34 91 71 59 79 93 35 81 25 67 92 60 88 21 87 9 
499-2-14 1?2.185 = 2 97 77 71 91 34 39 20 86 19 16 61 54 14 
499-2-10 1?2.407 = 2 97 77 71 59 79 93 35 81 25 67 92 60 51 63 64 56 37 10 
499-2-7 1?2.474 = 2 97 77 34 91 71 59 79 98 94 83 65 72 27 69 26 62 80 75 7 
499-2-15 1?2.105 = 2 97 77 34 39 20 19 86 90 50 52 55 40 24 15 
499-2-8 1?2.53 = 2 97 77 34 91 71 59 79 93 28 35 81 25 67 92 31 60 88 21 8 
499-2-12 1?2.509 = 2 97 77 91 71 59 79 93 28 45 44 41 66 74 17 84 33 68 12 
499-4-5 1?1.858 = 4 38 85 59 71 91 34 39 28 93 79 98 94 83 65 5 
499-3-13 1?2.482 = 3 38 85 59 71 91 34 39 20 86 90 50 19 16 61 54 42 29 13 
499-3-6 1?2.158 = 3 38 85 59 71 91 34 20 39 28 35 81 25 46 57 53 62 6 
499-3-11 1?2.515 = 3 38 85 59 71 91 34 20 39 28 45 44 66 74 17 84 33 30 99 32 11 
499-3-8 1?2.247 = 3 38 85 59 71 91 34 39 28 93 35 81 25 67 92 60 88 21 8 
499-3-9 1?2.373 = 3 38 85 59 71 91 34 39 28 93 35 81 25 67 92 60 88 21 87 9 
499-3-7 1?2.35 = 3 38 85 59 71 91 34 39 28 35 81 25 67 46 53 62 80 75 7 
499-3-10 1?2.406 = 3 38 85 59 71 79 93 35 81 25 67 92 31 60 51 63 64 56 37 10 
499-3-15 1?2.205 = 3 38 85 59 71 91 34 39 20 19 86 90 50 52 55 40 24 15 
499-3-14 1?2.397 = 3 38 85 59 71 91 79 93 28 39 20 86 90 50 19 16 61 54 14 
499-3-12 1?2.513 = 3 38 85 59 71 91 34 20 39 28 45 44 41 66 74 17 84 33 68 12 
499-4-8 1?1.86 = 4 83 65 72 27 69 53 57 46 25 67 92 60 88 21 8 
499-4-7 1?2.026 = 4 83 65 72 27 69 53 57 46 25 67 92 60 88 21 7 
499-4-6 1?1.854 = 4 38 85 59 71 91 79 98 94 83 65 72 27 69 62 6 
499-5-6 1?1.989 = 5 65 83 94 98 59 71 91 34 39 28 35 57 53 62 6 
499-4-9 1?2.285 = 4 83 65 72 27 69 53 57 46 25 67 92 31 63 51 60 88 21 87 9 
499-4-13 1?2.772 = 4 94 98 79 59 71 91 77 34 39 20 86 90 50 19 16 61 54 42 29 13 
499-4-11 1?2.563 = 4 94 98 59 71 91 34 20 39 28 45 44 41 66 74 17 84 33 30 99 32 11 
499-4-15 1?2.286 = 4 94 98 79 59 71 91 34 39 20 90 86 19 16 61 22 23 15 
499-4-10 1?2.358 = 4 83 65 72 27 69 62 53 57 46 25 67 92 60 88 51 63 64 56 37 10 
499-4-14 1?2.634 = 4 38 85 98 79 59 71 91 34 39 20 19 86 90 50 55 52 61 54 14 
499-4-12 1?2.756 = 4 94 98 79 59 71 91 34 20 39 28 45 44 41 18 66 74 17 84 33 68 12 
499-5-8 1?1.737 = 5 65 72 27 69 62 53 57 46 25 67 92 60 88 21 8 
499-6-8 1?1.913 = 6 26 62 53 46 57 35 81 25 67 92 31 60 88 21 8 
499-6-7 1?2.05 = 6 26 62 53 46 25 67 92 31 63 51 60 88 21 75 7 
499-5-7 1?1.903 = 5 65 72 27 69 62 53 57 46 25 67 92 60 88 21 7 
499-5-13 1?2.544 = 5 65 83 94 98 59 71 91 34 39 20 86 19 16 61 54 42 29 13 
499-5-9 1?2.185 = 5 65 72 27 69 62 53 46 25 67 92 31 60 88 51 63 64 47 9 
499-5-11 1?2.397 = 5 65 72 27 69 62 53 57 46 25 67 92 60 88 51 63 64 43 99 32 11 
499-5-10 1?2.195 = 5 83 65 72 27 69 62 53 46 25 67 92 60 88 51 63 64 56 37 10 
499-5-15 1?2.366 = 5 65 83 94 98 59 71 91 34 39 20 19 86 90 50 52 40 82 24 15 
499-5-14 1?2.462 = 5 65 83 94 98 79 59 71 91 34 39 20 86 90 50 19 16 61 54 14 
499-5-12 1?2.624 = 5 65 83 94 98 79 59 71 91 34 39 45 44 41 66 74 17 84 33 68 12 
499-6-9 1?1.857 = 6 26 62 69 53 57 46 25 67 92 31 60 88 21 87 9 
499-7-9 1?1.97 = 7 75 80 62 53 57 46 25 67 92 31 60 88 21 87 9 
499-7-11 1?2.288 = 7 75 80 46 25 67 92 31 60 88 51 63 64 43 99 32 11 
499-7-8 1?1.97 = 7 75 80 62 53 57 46 25 67 92 31 51 60 88 21 8 
499-7-10 1?2.027 = 7 75 80 62 53 57 46 25 67 92 60 51 63 64 56 37 10 
499-6-10 1?1.975 = 6 26 62 69 53 57 46 25 67 92 60 88 51 63 64 56 37 10 
499-6-11 1?2.375 = 6 26 62 53 57 46 25 67 92 31 60 88 51 63 64 56 37 32 11 
499-6-13 1?2.656 = 6 62 53 57 81 35 28 39 20 86 90 50 19 16 61 54 42 29 13 
499-6-12 1?2.59 = 6 62 69 53 46 67 25 81 35 45 44 41 66 74 17 84 33 68 12 
499-6-14 1?2.585 = 6 62 69 27 49 79 59 71 91 34 39 20 90 86 19 16 61 54 14 
499-6-15 1?2.623 = 6 26 62 69 27 49 98 59 71 91 34 39 20 19 86 90 50 52 22 23 15 
499-8-9 1?2.301 = 8 21 88 60 92 67 25 81 35 41 18 31 63 51 87 9 
499-8-11 1?2.286 = 8 21 88 60 51 63 31 18 66 74 17 84 33 30 99 32 11 
499-8-10 1?2.235 = 8 21 88 60 31 18 41 66 74 17 84 33 30 43 56 37 10 
499-8-13 1?2.687 = 8 21 88 60 51 63 31 18 41 44 66 74 17 84 33 73 42 29 13 
499-7-13 1?2.716 = 7 75 67 25 81 35 28 39 20 86 90 50 19 16 61 42 29 13 
499-8-12 1?2.545 = 8 21 88 60 92 67 25 81 35 41 44 66 74 17 84 33 68 12 
499-7-12 1?2.685 = 7 75 80 62 69 76 57 53 46 25 67 92 60 88 51 63 30 68 12 
499-8-14 1?2.542 = 8 21 88 60 31 18 41 44 45 39 20 90 86 19 16 61 54 14 
499-7-15 1?2.586 = 7 75 80 46 53 57 81 35 28 39 20 90 86 19 16 61 22 23 15 
499-7-14 1?2.637 = 7 75 46 53 57 81 35 93 28 39 20 86 90 50 19 16 61 54 14 
499-8-15 1?2.485 = 8 21 88 60 92 67 25 81 35 28 39 20 86 90 50 52 22 23 15 
499-10-11 1?2.163 = 10 37 56 64 63 51 88 60 31 84 33 30 99 32 11 
499-9-11 1?2.063 = 9 87 21 88 60 92 31 51 63 64 43 56 37 32 11 
499-10-13 1?2.398 = 10 37 56 32 99 30 68 33 84 36 61 54 42 29 13 
499-9-10 1?2.034 = 9 87 21 88 60 92 31 51 63 64 43 99 32 56 37 10 
499-9-13 1?2.72 = 9 87 21 88 60 51 63 31 18 41 66 74 17 84 33 73 48 70 13 
499-10-12 1?2.38 = 10 37 56 43 64 63 51 88 60 92 31 84 33 68 12 
499-9-12 1?2.357 = 9 87 21 88 60 51 63 31 18 74 17 84 33 68 12 
499-10-14 1?2.456 = 10 37 56 43 99 30 33 84 36 16 19 86 90 50 52 61 54 14 
499-10-15 1?2.373 = 10 37 56 43 30 33 84 36 16 19 86 90 50 55 52 22 23 15 
499-9-14 1?2.613 = 9 87 21 88 60 31 18 41 44 45 39 20 86 19 16 61 54 14 
499-9-15 1?2.55 = 9 87 21 88 60 31 18 41 44 45 39 20 86 90 50 52 22 23 15 
499-12-13 1?2.553 = 12 48 73 36 16 19 86 90 50 52 22 23 54 42 29 13 
499-11-13 1?2.453 = 11 68 33 84 36 16 19 86 90 50 52 61 42 29 13 
499-14-15 1?2.061 = 14 54 61 16 19 86 90 50 52 55 40 24 22 23 15 
499-13-14 1?2.334 = 13 29 42 61 16 19 86 90 50 52 40 24 22 54 14 
499-12-14 1?2.464 = 12 70 48 73 36 16 19 86 90 50 52 40 24 22 54 14 
499-11-14 1?2.337 = 11 32 68 33 84 36 16 19 86 90 50 52 61 54 14 
499-11-12 1?2.608 = 11 32 37 56 64 63 51 88 60 92 31 84 33 68 12 
499-13-15 1?2.359 = 13 29 42 54 61 16 19 86 90 50 52 55 40 24 22 23 15 
499-12-15 1?2.607 = 12 68 33 84 36 16 19 86 90 50 52 55 40 82 24 22 23 15 
499-11-15 1?2.402 = 11 32 99 30 33 84 36 16 19 86 90 50 52 61 22 23 15 
stop
