start
368-0-3 1?2.166 = 0 1 81 19 86 95 35 27 97 88 28 79 68 39 34 18 51 3 
368-0-4 1?2.375 = 0 91 60 86 95 35 27 97 88 28 79 68 75 51 57 85 73 4 
368-0-2 1?1.934 = 0 91 17 35 27 97 88 28 79 68 75 51 18 34 2 
368-0-6 1?2.476 = 0 91 60 86 95 79 35 27 97 88 83 94 44 16 72 47 50 37 6 
368-0-1 1?1.93 = 0 91 60 17 35 27 97 88 28 79 95 86 19 81 1 
368-0-7 1?2.425 = 0 91 60 17 35 27 97 88 83 94 44 89 16 72 47 50 37 23 69 7 
368-0-11 1?2.689 = 0 38 99 31 49 66 80 84 53 70 78 26 90 29 45 58 41 54 71 98 11 
368-0-10 1?2.668 = 0 91 82 61 99 49 31 53 80 84 26 90 29 45 58 71 54 33 67 55 10 
368-0-8 1?2.708 = 0 91 60 86 95 79 35 27 97 88 83 94 44 16 89 87 52 24 77 43 8 
368-0-9 1?2.54 = 0 91 17 35 27 97 88 83 94 44 16 87 52 24 77 59 43 65 9 
368-0-5 1?2.466 = 0 91 17 27 97 35 79 95 68 39 34 18 51 57 85 73 21 5 
368-1-3 1?1.684 = 1 81 19 86 95 35 27 97 28 79 68 39 18 51 3 
368-1-2 1?1.79 = 1 81 19 86 17 27 35 79 68 75 39 51 18 34 2 
368-1-4 1?1.762 = 1 81 19 86 68 75 39 34 18 51 57 85 92 73 4 
368-0-15 1?2.276 = 0 38 61 82 17 35 27 97 88 78 70 53 84 80 31 49 15 
368-0-14 1?2.062 = 0 91 82 61 99 49 31 53 70 78 90 26 84 80 66 42 14 
368-1-5 1?2.362 = 1 81 19 86 95 35 27 97 88 83 94 44 16 72 47 50 37 48 5 
368-1-6 1?2.176 = 1 81 19 86 95 35 27 97 88 83 94 44 89 16 72 47 50 37 6 
368-1-7 1?2.239 = 1 81 19 86 95 35 27 97 88 83 94 44 89 16 72 47 50 37 23 69 7 
368-1-8 1?2.503 = 1 81 19 86 95 79 35 27 97 88 83 94 44 16 89 46 52 24 77 43 59 8 
368-0-13 1?2.392 = 0 91 82 70 78 90 26 84 80 53 31 49 66 96 42 40 62 13 
368-0-12 1?2.669 = 0 91 61 82 70 78 26 84 80 53 31 49 66 96 42 40 62 22 12 
368-1-15 1?1.912 = 1 81 19 86 95 79 35 27 97 88 78 70 53 31 49 15 
368-1-14 1?1.809 = 1 81 19 60 91 82 61 99 49 31 53 84 80 66 42 14 
368-2-4 1?1.919 = 2 34 18 51 75 68 79 35 27 97 88 28 92 73 4 
368-2-3 1?1.874 = 2 19 86 95 35 27 97 28 79 68 39 34 18 51 3 
368-2-5 1?2.293 = 2 34 39 18 51 75 68 95 79 35 27 97 88 28 92 21 5 
368-1-12 1?2.546 = 1 81 19 60 91 61 82 70 53 84 80 31 49 96 42 40 62 22 12 
368-2-6 1?2.24 = 2 34 39 68 79 35 27 97 88 83 94 44 16 72 47 50 37 6 
368-1-10 1?2.53 = 1 81 19 86 95 79 35 27 97 88 83 94 44 16 89 46 25 33 67 10 
368-1-11 1?2.631 = 1 81 19 86 95 79 28 35 27 97 88 30 83 94 63 41 54 71 98 11 
368-1-13 1?2.33 = 1 81 19 60 91 82 61 99 49 31 53 84 80 66 96 42 40 62 13 
368-1-9 1?2.523 = 1 81 19 86 95 35 27 97 88 83 94 44 16 89 46 52 24 77 59 43 65 9 
368-2-15 1?1.953 = 2 34 18 51 75 79 35 27 97 78 70 53 31 49 15 
368-3-5 1?2.014 = 3 51 18 34 39 68 79 35 27 97 88 28 92 21 5 
368-3-4 1?1.812 = 3 51 18 34 39 68 79 35 27 97 88 28 92 73 4 
368-2-14 1?2.216 = 2 34 18 51 39 68 79 35 27 97 88 78 70 53 31 49 66 42 14 
368-2-12 1?2.591 = 2 34 18 51 75 68 79 35 27 97 78 70 53 80 40 62 22 12 
368-2-10 1?2.608 = 2 34 18 51 75 68 79 35 27 97 88 83 94 44 89 46 25 33 67 55 10 
368-2-8 1?2.45 = 2 34 18 51 75 68 79 35 27 97 88 83 94 44 16 89 87 59 8 
368-2-11 1?2.581 = 2 34 39 18 51 75 68 79 35 27 97 88 83 30 63 41 54 71 98 11 
368-2-7 1?2.303 = 2 34 39 68 79 35 27 97 88 83 94 44 16 72 47 50 37 23 69 7 
368-2-9 1?2.52 = 2 34 18 51 75 68 79 35 27 97 88 83 94 44 89 46 52 24 77 65 9 
368-2-13 1?2.418 = 2 34 18 51 75 68 95 79 35 27 97 78 70 53 84 80 40 62 13 
368-4-5 1?2.181 = 4 73 85 57 51 18 34 39 68 95 79 28 92 21 5 
368-3-15 1?2.053 = 3 51 18 34 39 75 68 95 79 35 27 97 78 70 53 31 49 15 
368-3-7 1?2.112 = 3 18 34 39 51 57 85 73 92 93 36 37 47 50 23 69 7 
368-3-14 1?2.138 = 3 51 18 34 39 68 79 35 27 97 78 70 53 84 80 31 49 96 14 
368-3-6 1?2.15 = 3 51 18 39 68 79 35 27 97 88 83 94 93 36 47 50 37 6 
368-3-12 1?2.512 = 3 51 18 34 39 75 68 95 79 35 27 97 88 83 30 20 45 58 56 12 
368-3-11 1?2.476 = 3 51 18 34 39 75 68 79 35 27 97 88 83 30 63 41 54 71 98 11 
368-3-10 1?2.501 = 3 51 18 34 39 68 79 35 27 97 88 83 94 44 89 46 25 33 67 55 10 
368-3-8 1?2.315 = 3 51 18 34 39 68 79 35 27 97 88 83 94 44 89 87 59 43 8 
368-3-9 1?2.367 = 3 51 18 39 68 79 35 27 97 88 83 94 44 89 46 52 24 77 65 9 
368-3-13 1?2.311 = 3 51 18 34 39 68 95 79 35 27 97 78 70 53 84 80 40 62 13 
368-4-7 1?2.152 = 4 73 85 57 92 93 36 47 50 37 23 72 74 76 69 7 
368-4-6 1?2.223 = 4 73 85 57 51 75 68 79 28 93 36 47 50 37 6 
368-5-6 1?2.4 = 5 48 37 47 50 72 74 87 52 24 77 43 59 76 69 23 6 
368-4-15 1?2.279 = 4 73 85 57 51 18 34 39 68 79 35 27 97 78 70 53 31 49 15 
368-4-8 1?2.395 = 4 73 85 92 93 36 47 37 50 72 74 87 52 24 77 59 43 8 
368-4-14 1?2.373 = 4 73 85 57 51 18 34 39 68 79 35 27 97 78 70 53 31 49 96 14 
368-4-12 1?2.677 = 4 73 85 57 51 18 34 39 68 79 35 27 97 88 30 20 45 58 56 12 
368-4-11 1?2.674 = 4 73 85 57 75 68 95 79 35 27 97 88 83 94 63 41 54 71 98 11 
368-4-10 1?2.71 = 4 85 57 75 68 79 35 27 97 88 83 94 44 16 89 46 25 33 67 55 10 
368-4-9 1?2.525 = 4 73 92 93 36 47 50 37 23 72 74 76 87 52 24 59 43 77 65 9 
368-4-13 1?2.53 = 4 85 57 51 18 34 39 68 79 35 27 97 78 70 53 80 40 62 13 
368-5-7 1?2.263 = 5 48 37 47 50 72 74 87 52 24 77 43 59 76 23 69 7 
368-5-8 1?2.029 = 5 48 37 23 50 47 72 74 76 87 52 24 77 65 43 59 8 
368-6-7 1?2.205 = 6 23 37 47 50 72 36 93 16 89 46 87 74 76 69 7 
368-6-8 1?1.93 = 6 23 37 47 50 72 16 89 87 52 24 77 65 43 59 8 
368-5-15 1?2.556 = 5 21 73 85 57 75 68 79 35 27 97 78 70 53 84 80 31 49 15 
368-5-10 1?2.759 = 5 48 36 37 23 50 47 72 74 76 59 43 77 65 24 52 25 33 67 55 10 
368-5-11 1?2.825 = 5 48 37 50 47 72 74 76 87 59 43 65 77 24 52 25 33 67 55 98 11 
368-5-12 1?2.898 = 5 48 37 50 47 72 74 76 59 43 65 77 24 52 25 41 54 71 32 12 
368-5-14 1?2.667 = 5 21 73 85 57 51 18 39 68 79 35 27 97 78 70 53 31 49 96 14 
368-5-9 1?2.62 = 5 48 36 47 50 37 23 69 76 74 72 16 89 46 52 24 77 59 43 65 9 
368-5-13 1?2.789 = 5 21 73 85 57 75 68 95 79 35 27 97 78 70 53 80 40 62 13 
368-7-10 1?1.837 = 7 69 23 37 50 47 72 74 76 59 43 77 24 33 67 55 10 
368-7-11 1?2.081 = 7 69 23 37 50 47 72 74 76 87 52 25 33 67 55 98 11 
368-7-8 1?1.667 = 7 69 23 37 50 47 72 74 76 87 52 24 77 65 43 59 8 
368-7-9 1?1.629 = 7 69 23 37 50 47 72 74 76 87 52 24 77 59 43 65 9 
368-6-15 1?2.546 = 6 23 37 50 47 72 16 89 44 94 83 88 97 27 78 70 53 31 49 15 
368-6-10 1?2.556 = 6 23 37 47 50 72 16 89 46 52 59 43 65 77 24 25 33 67 55 10 
368-6-11 1?2.602 = 6 23 37 50 47 72 74 76 59 43 65 77 24 52 25 41 54 71 98 11 
368-6-12 1?2.738 = 6 23 37 50 47 72 74 76 59 43 65 77 24 52 25 41 54 71 32 12 
368-6-9 1?2.213 = 6 37 47 50 23 76 74 72 16 89 46 87 52 24 77 59 43 65 9 
368-6-14 1?2.743 = 6 23 37 50 47 72 16 44 94 83 88 97 27 78 70 53 84 80 31 49 96 14 
368-6-13 1?2.782 = 6 23 37 50 47 72 16 89 63 20 90 26 84 80 53 31 49 66 40 62 13 
368-8-10 1?2.117 = 8 69 23 37 50 47 72 74 76 59 43 77 24 33 67 55 10 
368-8-11 1?2.361 = 8 69 23 37 50 47 72 74 76 87 52 25 33 67 55 98 11 
368-8-9 1?1.909 = 8 69 23 37 50 47 72 74 76 87 52 24 77 59 43 65 9 
368-8-15 1?2.692 = 8 43 59 77 24 52 46 89 16 44 94 83 88 97 27 78 70 53 31 49 15 
368-8-14 1?2.661 = 8 43 77 24 52 46 89 16 44 63 20 90 26 84 80 53 31 49 66 42 14 
368-8-12 1?2.73 = 8 59 43 65 77 24 52 25 41 54 71 58 45 64 40 62 22 56 12 
368-7-14 1?2.479 = 7 69 23 37 50 47 72 16 89 63 20 90 26 84 80 53 31 49 66 42 14 
368-7-12 1?2.564 = 7 69 23 37 50 47 72 74 76 59 43 77 24 52 25 41 54 71 32 12 
368-7-15 1?2.521 = 7 69 23 37 50 47 72 16 89 44 94 83 88 97 27 78 70 53 31 49 15 
368-8-13 1?2.725 = 8 43 59 77 24 52 46 63 20 90 26 84 80 31 49 66 42 40 62 13 
368-7-13 1?2.588 = 7 69 23 37 50 47 72 74 16 89 46 41 54 71 58 45 64 22 62 13 
368-9-10 1?2.237 = 9 65 43 59 76 23 37 50 47 72 74 87 52 25 33 67 10 
368-10-11 1?2.425 = 10 55 67 33 41 54 71 58 45 64 40 62 22 56 32 11 
368-9-11 1?2.345 = 9 65 43 59 77 24 52 87 16 89 46 41 54 71 98 11 
368-10-12 1?2.441 = 10 55 67 33 41 54 71 58 45 64 40 62 22 56 32 12 
368-10-14 1?2.42 = 10 55 67 33 41 54 71 58 45 29 90 26 84 80 53 31 49 66 42 14 
368-9-12 1?2.593 = 9 65 43 59 77 24 52 25 41 54 71 58 45 64 40 62 22 12 
368-9-14 1?2.592 = 9 65 43 59 77 24 52 87 46 63 20 90 26 84 80 53 31 49 96 14 
368-9-15 1?2.676 = 9 65 77 24 52 87 89 16 44 94 83 88 97 27 78 70 53 31 49 15 
368-10-13 1?2.333 = 10 55 67 33 54 71 58 45 29 90 26 84 80 64 22 62 13 
368-10-15 1?2.735 = 10 55 67 33 41 54 71 58 45 29 90 26 70 53 84 80 31 49 66 96 15 
368-9-13 1?2.426 = 9 65 43 59 77 24 52 25 41 54 71 58 45 64 40 62 22 13 
368-13-14 1?1.966 = 13 62 22 40 42 66 80 84 26 78 70 53 31 49 96 14 
368-12-14 1?2.185 = 12 22 62 40 42 66 80 84 26 78 70 53 31 49 96 14 
368-11-14 1?2.149 = 11 98 71 54 41 58 45 29 90 26 84 80 31 49 66 42 14 
368-14-15 1?2.093 = 14 42 66 49 31 99 53 80 84 26 90 78 70 82 61 38 15 
368-11-12 1?2.548 = 11 98 54 71 58 45 29 90 26 84 80 66 42 40 62 22 12 
368-13-15 1?2.202 = 13 62 22 40 42 96 49 31 80 84 26 90 78 70 53 99 15 
368-12-15 1?2.622 = 12 22 62 40 42 66 49 31 53 80 84 26 90 78 70 82 61 38 15 
368-11-13 1?2.309 = 11 98 71 54 41 20 90 26 84 80 66 42 40 22 62 13 
368-12-13 1?2.588 = 12 32 71 54 41 58 45 29 26 90 78 70 53 80 40 13 
368-11-15 1?2.671 = 11 98 71 54 41 58 45 29 90 26 84 80 53 99 31 49 66 42 96 15 
stop
