start
446-0-2 1?2.36 = 0 63 23 82 77 53 46 49 79 33 69 87 24 94 47 30 2 
446-0-1 1?2.273 = 0 63 74 97 34 60 42 86 95 90 91 59 17 53 77 82 1 
446-0-6 1?2.548 = 0 63 23 82 77 53 17 59 91 44 67 37 52 68 92 56 29 62 26 66 6 
446-0-8 1?2.67 = 0 63 74 97 34 42 86 95 90 73 70 54 50 32 27 61 55 19 8 
446-0-11 1?2.513 = 0 63 23 82 77 53 17 59 28 42 86 95 90 89 93 57 71 76 85 81 58 11 
446-0-4 1?2.327 = 0 63 23 53 17 59 91 44 67 37 52 40 65 33 69 87 24 4 
446-0-3 1?2.148 = 0 63 23 82 77 53 17 46 49 79 33 69 87 24 94 3 
446-0-7 1?2.702 = 0 63 23 82 77 53 17 59 91 44 67 37 52 40 68 92 56 88 29 62 7 
446-0-5 1?2.556 = 0 63 23 82 77 53 17 59 91 44 67 37 65 79 33 87 69 98 5 
446-0-10 1?2.568 = 0 63 74 97 28 34 60 42 86 95 90 89 93 57 71 76 85 58 81 83 39 10 
446-0-9 1?2.698 = 0 63 74 97 34 60 42 86 95 90 89 93 54 73 70 50 32 27 61 55 51 9 
446-1-4 1?2.085 = 1 82 77 53 17 59 91 44 67 37 65 33 87 69 24 4 
446-1-3 1?2.318 = 1 82 77 53 17 59 91 44 67 37 65 33 69 87 24 3 
446-1-2 1?2.413 = 1 82 77 53 17 46 49 65 79 33 87 69 24 94 47 2 
446-0-15 1?2.151 = 0 63 23 82 77 53 17 59 28 34 42 86 60 31 75 16 15 
446-0-14 1?1.948 = 0 63 23 82 77 53 17 59 28 34 42 86 60 75 31 96 14 
446-0-13 1?2.032 = 0 63 23 82 77 53 17 59 28 34 16 75 31 96 43 22 13 
446-1-5 1?2.498 = 1 82 77 53 17 91 44 67 37 52 40 65 79 33 87 69 98 5 
446-1-7 1?2.658 = 1 82 77 53 17 59 91 44 67 37 40 52 45 99 56 92 88 29 62 7 
446-1-8 1?2.765 = 1 82 77 53 17 59 91 44 67 37 52 68 88 92 56 99 18 38 80 8 
446-1-6 1?2.515 = 1 82 77 53 17 59 91 44 67 37 52 40 68 92 56 29 62 26 66 6 
446-0-12 1?2.534 = 0 63 74 97 28 34 42 86 95 90 89 93 73 70 54 41 85 76 36 12 
446-1-14 1?2.552 = 1 82 77 53 17 59 28 34 60 42 86 95 90 89 93 57 35 31 96 14 
446-2-4 1?2.338 = 2 30 47 94 24 69 87 33 79 65 37 52 40 25 98 4 
446-2-3 1?2.661 = 2 72 46 44 67 37 45 99 56 92 68 40 65 79 94 3 
446-1-15 1?2.417 = 1 82 77 23 63 74 97 28 34 42 86 60 31 96 14 75 16 15 
446-1-12 1?2.681 = 1 82 77 53 17 59 28 34 60 42 86 95 90 89 93 57 71 41 85 76 36 12 
446-2-5 1?2.455 = 2 30 47 94 24 69 87 33 79 65 40 52 45 99 56 92 68 25 5 
446-1-11 1?2.755 = 1 82 77 53 17 59 28 42 86 95 90 89 93 57 71 76 85 78 21 83 81 58 11 
446-2-6 1?2.225 = 2 30 47 94 24 69 87 33 65 40 52 68 92 56 29 62 26 66 6 
446-1-9 1?2.729 = 1 82 77 53 17 59 95 89 93 57 71 76 85 58 81 83 21 61 55 51 9 
446-1-13 1?2.64 = 1 82 77 53 17 59 28 42 86 60 35 57 71 41 85 76 36 22 43 13 
446-1-10 1?2.646 = 1 82 77 53 17 59 28 42 86 95 90 89 93 57 71 76 85 58 81 83 39 10 
446-3-4 1?2.251 = 3 94 24 69 87 33 65 40 52 68 92 56 88 25 98 4 
446-3-5 1?2.07 = 3 94 24 69 87 33 65 40 52 45 99 56 92 68 25 5 
446-2-14 1?2.641 = 2 30 47 94 24 69 87 33 79 49 46 17 59 28 34 16 75 31 14 
446-2-15 1?2.483 = 2 30 47 94 24 69 87 33 79 49 46 17 59 28 34 16 15 
446-2-12 1?2.812 = 2 30 47 94 24 69 87 33 79 49 67 44 84 70 73 54 41 76 36 12 
446-2-11 1?2.746 = 2 30 47 94 24 69 87 33 65 67 44 84 70 73 54 78 83 81 58 11 
446-2-7 1?2.412 = 2 30 47 94 24 69 87 33 79 65 40 52 45 99 56 92 88 29 62 7 
446-2-8 1?2.521 = 2 30 47 94 24 69 87 33 65 40 52 68 92 56 99 18 38 80 8 
446-2-9 1?2.581 = 2 30 47 94 24 69 87 33 65 40 68 92 56 99 18 38 80 19 9 
446-2-10 1?2.684 = 2 30 47 94 24 69 87 33 65 40 52 45 18 38 20 27 61 55 10 
446-2-13 1?2.887 = 2 72 46 91 84 70 73 54 78 21 83 81 58 85 76 36 22 43 13 
446-4-5 1?1.876 = 4 24 69 87 33 79 65 40 52 45 99 56 92 68 25 5 
446-3-14 1?2.542 = 3 94 24 69 87 33 65 67 44 91 90 95 86 42 60 75 31 96 14 
446-3-6 1?1.861 = 3 94 24 69 87 33 65 40 52 68 92 56 29 62 26 6 
446-3-12 1?2.678 = 3 94 79 65 40 52 45 18 38 20 27 32 70 73 54 41 76 36 12 
446-3-7 1?2.311 = 3 94 24 69 87 33 65 40 52 45 64 38 18 99 56 92 88 29 62 7 
446-3-11 1?2.614 = 3 94 24 69 87 33 79 65 40 52 45 18 38 20 27 32 50 21 83 11 
446-3-15 1?2.584 = 3 94 24 69 87 33 65 40 52 37 67 44 91 59 28 34 16 15 
446-3-8 1?2.42 = 3 94 24 69 87 33 79 65 40 52 68 92 56 99 45 18 38 80 8 
446-3-10 1?2.51 = 3 94 24 69 87 33 65 40 68 92 56 99 18 38 20 27 61 55 10 
446-3-9 1?2.459 = 3 94 24 69 87 33 65 40 52 45 18 38 20 32 27 61 55 51 9 
446-3-13 1?2.67 = 3 94 24 69 87 33 79 49 46 17 59 28 34 16 75 31 96 43 22 13 
446-4-7 1?1.782 = 4 24 69 87 33 79 65 40 52 45 99 92 56 29 62 7 
446-4-8 1?1.942 = 4 24 69 87 33 65 40 52 68 92 56 99 18 38 80 8 
446-5-6 1?1.927 = 5 98 69 87 33 65 40 52 45 92 56 29 62 26 66 6 
446-4-6 1?1.712 = 4 24 69 87 33 65 40 52 45 92 56 29 62 26 66 6 
446-4-14 1?2.467 = 4 24 69 87 33 65 40 52 37 67 44 91 90 95 86 42 60 31 96 14 
446-4-12 1?2.529 = 4 24 69 87 33 65 40 52 45 18 38 20 27 32 50 54 41 76 36 12 
446-4-15 1?2.505 = 4 24 69 87 33 79 65 40 52 37 67 44 91 17 59 28 34 16 15 
446-4-11 1?2.452 = 4 24 69 87 33 65 40 52 45 64 18 38 20 27 32 50 21 83 81 58 11 
446-4-9 1?2.197 = 4 24 69 87 33 79 65 40 52 45 18 38 20 27 61 55 51 9 
446-4-10 1?2.413 = 4 24 69 87 33 65 40 52 68 88 92 56 99 18 38 20 27 61 55 10 
446-4-13 1?2.621 = 4 24 69 87 33 79 65 37 67 44 84 70 73 54 41 85 76 36 22 13 
446-6-7 1?2.224 = 6 66 26 62 29 88 92 56 99 45 18 38 64 48 20 80 7 
446-5-7 1?1.997 = 5 98 69 87 33 79 65 40 52 45 99 92 56 29 62 7 
446-5-8 1?2.157 = 5 98 69 87 33 65 40 52 68 92 56 99 18 38 80 8 
446-6-8 1?2.066 = 6 66 88 92 56 99 45 18 38 20 27 61 55 19 8 
446-5-12 1?2.481 = 5 25 68 92 56 99 18 38 20 27 32 50 70 73 54 41 85 76 36 12 
446-5-11 1?2.499 = 5 25 68 88 92 56 99 18 38 20 27 32 70 73 54 78 21 83 81 58 11 
446-5-9 1?2.368 = 5 25 68 92 88 29 56 99 45 64 18 38 20 32 27 61 55 51 9 
446-5-15 1?2.74 = 5 25 68 92 56 99 18 38 20 27 32 50 70 73 90 95 86 42 60 16 15 
446-5-14 1?2.742 = 5 25 68 92 56 99 18 38 20 27 32 50 70 73 90 95 86 42 60 31 96 14 
446-5-10 1?2.536 = 5 25 88 92 56 99 18 38 20 27 32 50 70 73 54 78 21 83 39 10 
446-5-13 1?2.611 = 5 25 68 92 56 99 18 38 20 32 50 70 73 54 41 85 76 36 22 13 
446-7-8 1?2.109 = 7 62 29 88 92 56 99 18 38 20 32 27 61 55 19 8 
446-7-11 1?2.132 = 7 62 29 56 99 18 38 20 27 32 50 70 73 54 78 81 58 11 
446-7-9 1?1.89 = 7 62 29 88 92 56 99 18 38 20 32 27 61 55 51 9 
446-7-10 1?2.024 = 7 62 29 88 92 56 99 45 64 18 38 20 27 61 55 10 
446-6-10 1?1.969 = 6 66 26 62 29 88 92 56 99 18 38 20 32 27 61 55 10 
446-6-9 1?1.857 = 6 66 26 88 92 56 99 18 38 20 32 27 61 55 51 9 
446-6-12 1?2.278 = 6 66 88 92 56 99 18 38 20 27 32 70 73 54 41 85 76 36 12 
446-6-11 1?2.245 = 6 66 88 92 56 99 18 38 20 27 32 70 73 54 78 21 83 81 58 11 
446-6-15 1?2.634 = 6 66 88 92 56 99 18 38 20 32 50 54 70 73 90 95 86 42 60 16 15 
446-6-14 1?2.643 = 6 66 88 92 56 99 18 38 20 27 32 50 54 70 73 90 95 86 42 60 31 14 
446-6-13 1?2.466 = 6 66 88 92 56 99 18 38 20 27 32 70 73 54 41 85 76 36 22 13 
446-8-11 1?2.226 = 8 19 55 61 27 32 50 70 73 54 41 71 76 85 58 11 
446-8-10 1?2.105 = 8 19 55 61 27 32 50 70 73 54 78 21 83 39 10 
446-8-9 1?2.245 = 8 80 99 56 88 92 45 18 38 20 27 61 55 51 9 
446-7-12 1?2.253 = 7 62 29 56 99 18 38 20 27 32 70 73 54 41 85 76 36 12 
446-7-14 1?2.561 = 7 62 29 56 99 18 38 20 27 32 50 54 73 90 95 86 42 60 31 14 
446-8-14 1?2.614 = 8 19 55 61 27 32 50 70 73 54 93 89 90 95 86 42 60 31 96 14 
446-8-12 1?2.34 = 8 19 55 61 27 32 50 70 73 54 78 83 81 58 85 76 36 12 
446-7-15 1?2.646 = 7 62 29 56 92 99 18 38 20 27 32 50 70 73 90 95 86 42 60 16 15 
446-8-15 1?2.713 = 8 19 55 61 27 32 50 54 70 73 93 89 90 95 86 42 60 75 16 15 
446-7-13 1?2.465 = 7 62 29 56 99 18 38 20 27 32 50 70 73 54 41 85 76 36 13 
446-8-13 1?2.528 = 8 19 55 61 27 32 50 70 73 54 78 83 81 58 85 76 36 22 13 
446-10-11 1?1.882 = 10 55 61 27 32 50 70 73 54 41 76 85 81 58 11 
446-9-11 1?1.789 = 9 51 55 61 27 32 50 70 73 54 41 85 81 58 11 
446-9-12 1?1.817 = 9 51 55 61 27 32 70 73 54 41 85 76 36 12 
446-10-12 1?1.974 = 10 39 21 50 70 73 54 78 83 81 58 85 76 36 12 
446-9-10 1?1.886 = 9 51 55 61 27 32 50 70 73 54 78 21 83 39 10 
446-10-13 1?2.036 = 10 39 83 81 58 85 76 41 71 57 93 89 35 43 22 13 
446-10-14 1?2.356 = 10 39 83 81 58 85 76 71 57 93 89 90 95 86 42 60 16 75 31 96 14 
446-9-14 1?2.395 = 9 51 55 61 27 32 50 54 70 73 93 89 90 95 86 42 60 31 96 14 
446-10-15 1?2.551 = 10 39 21 78 83 81 58 85 76 71 57 93 89 90 95 86 42 60 75 16 15 
446-9-13 1?2.309 = 9 51 55 61 27 32 50 70 73 54 78 83 81 58 85 76 36 22 13 
446-9-15 1?2.651 = 9 51 55 61 27 32 50 70 73 54 41 71 57 93 89 95 86 42 60 16 15 
446-12-14 1?1.917 = 12 36 76 85 58 81 83 21 78 41 71 57 35 31 14 
446-11-12 1?1.986 = 11 58 81 83 21 78 54 70 73 93 89 35 57 71 76 12 
446-11-14 1?1.835 = 11 58 81 85 76 71 57 93 89 90 95 86 42 60 31 96 14 
446-13-14 1?1.982 = 13 22 36 76 71 57 93 89 90 95 86 42 60 75 31 96 14 
446-14-15 1?2.198 = 14 31 96 43 22 36 76 71 57 35 86 42 60 75 16 15 
446-12-15 1?2.06 = 12 58 81 85 76 71 57 93 89 90 95 86 42 60 75 16 15 
446-13-15 1?2.145 = 13 43 22 36 76 71 57 93 89 90 95 42 86 60 75 16 15 
446-11-13 1?1.884 = 11 58 81 85 76 71 57 93 89 86 42 60 31 96 43 13 
446-12-13 1?1.872 = 12 36 76 85 58 81 83 21 78 41 71 57 35 43 13 
446-11-15 1?2.46 = 11 58 81 83 21 78 41 85 76 71 57 93 89 90 95 86 42 60 75 16 15 
stop
