start
536-0-1 1?2.293 = 0 55 35 47 57 81 40 32 66 37 83 58 52 17 77 1 
536-0-6 1?2.569 = 0 55 35 47 57 81 40 32 87 84 56 90 31 98 29 48 79 43 82 6 
536-0-5 1?2.662 = 0 55 35 57 81 40 32 24 56 90 31 98 29 48 79 43 30 71 54 5 
536-0-7 1?2.479 = 0 55 35 47 57 81 40 32 87 84 56 90 31 98 29 48 79 80 78 7 
536-0-3 1?2.383 = 0 55 35 47 57 81 40 32 66 88 37 83 59 63 53 3 
536-0-2 1?2.354 = 0 55 35 47 57 81 40 32 66 37 83 58 17 52 46 2 
536-0-8 1?2.489 = 0 55 35 47 57 81 40 32 34 16 25 20 49 41 96 68 94 73 85 86 8 
536-0-11 1?2.195 = 0 55 35 47 57 81 40 32 24 56 31 84 87 20 49 41 76 18 99 11 
536-0-4 1?2.691 = 0 55 35 47 57 81 40 32 66 50 88 37 59 63 95 38 42 4 
536-0-10 1?2.339 = 0 55 35 47 57 81 40 32 24 56 90 31 84 87 20 49 41 96 33 60 10 
536-0-9 1?2.333 = 0 55 35 47 57 81 40 32 25 20 49 41 96 68 94 73 67 85 91 28 9 
536-0-15 1?2.388 = 0 55 35 47 57 81 40 32 87 20 25 16 64 21 45 15 
536-1-2 1?2.651 = 1 46 52 17 75 66 24 56 31 90 50 88 37 83 58 27 2 
536-1-6 1?2.585 = 1 77 17 58 83 37 88 50 24 56 90 31 98 29 48 79 80 78 6 
536-1-3 1?2.592 = 1 77 74 75 66 24 56 31 90 50 88 37 83 59 63 53 3 
536-0-14 1?2.111 = 0 55 35 47 57 81 40 32 87 20 25 34 64 21 39 14 
536-1-7 1?2.508 = 1 77 17 52 58 83 37 88 50 24 56 90 31 98 29 48 79 80 78 7 
536-1-8 1?2.568 = 1 77 17 52 58 83 37 88 50 24 56 90 31 98 29 96 68 94 73 85 86 8 
536-0-12 1?2.099 = 0 55 35 47 57 32 40 81 64 34 16 69 36 62 76 18 26 92 12 
536-1-4 1?2.551 = 1 77 17 52 58 83 37 88 50 51 89 23 95 38 42 4 
536-1-5 1?2.371 = 1 77 17 52 58 59 83 37 51 89 23 95 38 71 54 5 
536-0-13 1?2.199 = 0 55 35 47 57 81 40 32 24 56 90 31 84 87 20 25 16 13 
536-1-12 1?2.205 = 1 77 17 58 83 37 88 50 24 87 84 20 49 41 76 18 26 92 12 
536-2-6 1?2.569 = 2 27 58 83 37 88 50 24 56 90 31 98 29 48 79 80 78 6 
536-1-13 1?2.237 = 1 77 17 58 83 37 88 50 24 56 90 31 84 87 20 25 16 13 
536-2-3 1?2.644 = 2 27 58 83 37 88 50 24 56 90 31 98 29 51 63 53 3 
536-1-11 1?2.238 = 1 77 17 58 83 37 88 50 24 56 90 31 84 87 20 49 41 76 18 99 11 
536-2-4 1?2.537 = 2 97 44 27 46 52 17 58 83 37 59 63 95 38 22 42 4 
536-2-5 1?2.351 = 2 97 44 27 46 52 58 83 37 59 63 95 38 71 54 5 
536-1-9 1?2.477 = 1 77 17 58 83 37 88 50 24 87 84 20 49 41 96 68 94 73 67 91 28 9 
536-1-10 1?2.438 = 1 77 17 52 58 83 37 88 50 24 56 90 31 84 87 20 49 41 96 33 60 10 
536-1-14 1?2.041 = 1 77 74 55 35 47 57 81 40 32 34 16 64 21 39 14 
536-1-15 1?2.212 = 1 77 17 52 58 83 37 66 32 40 81 57 47 35 55 15 
536-2-12 1?2.239 = 2 27 58 83 37 88 50 90 31 56 84 87 20 49 41 76 18 26 92 12 
536-2-7 1?2.49 = 2 27 44 59 83 37 88 50 24 56 90 31 98 29 48 79 80 78 7 
536-2-9 1?2.444 = 2 46 52 58 83 37 88 50 24 56 90 31 98 29 96 68 94 73 67 91 28 9 
536-2-8 1?2.55 = 2 46 52 58 83 37 88 50 24 56 90 31 98 29 96 68 94 73 85 86 8 
536-3-5 1?2.45 = 3 97 44 27 46 52 58 83 37 59 63 95 38 71 54 5 
536-3-4 1?2.615 = 3 53 44 27 46 52 17 58 83 37 59 63 95 38 22 42 4 
536-2-11 1?2.345 = 2 27 58 83 37 88 50 24 56 90 31 84 87 20 25 49 41 76 18 99 11 
536-2-13 1?2.376 = 2 27 58 83 37 88 50 24 56 90 31 84 87 20 25 62 36 72 13 
536-2-10 1?2.42 = 2 46 52 58 83 37 88 50 24 56 90 31 84 87 20 49 41 96 33 60 10 
536-2-15 1?2.273 = 2 46 52 17 58 83 37 66 32 40 81 57 47 35 55 15 
536-2-14 1?2.318 = 2 27 58 83 37 88 50 90 31 56 84 87 20 25 34 64 21 39 14 
536-3-6 1?2.57 = 3 53 63 59 37 88 50 24 56 90 31 98 29 48 79 43 82 6 
536-3-11 1?2.243 = 3 53 63 59 83 37 88 50 24 56 90 31 84 87 20 49 76 18 99 11 
536-3-12 1?2.308 = 3 53 63 59 83 37 88 50 24 56 90 31 84 87 20 25 62 36 69 72 12 
536-3-7 1?2.493 = 3 53 63 59 83 37 88 50 24 56 90 31 98 29 48 79 80 78 7 
536-3-9 1?2.447 = 3 53 63 59 83 37 88 50 24 56 90 31 98 29 96 68 94 73 67 91 28 9 
536-4-5 1?2.574 = 4 22 38 95 63 59 83 37 88 51 89 23 30 71 54 5 
536-3-8 1?2.553 = 3 53 63 59 83 37 88 50 24 56 90 31 98 29 96 68 94 73 85 86 8 
536-3-10 1?2.332 = 3 53 63 59 83 37 88 50 24 56 90 31 84 87 20 49 41 33 60 10 
536-3-13 1?2.416 = 3 53 63 59 83 37 88 50 24 56 90 31 84 87 20 25 16 64 21 13 
536-3-15 1?2.442 = 3 53 63 59 83 37 88 50 90 31 56 24 32 40 81 57 47 35 15 
536-3-14 1?2.359 = 3 53 63 59 83 37 88 50 24 56 84 87 20 25 34 64 21 39 14 
536-4-7 1?2.37 = 4 42 38 95 71 30 43 79 48 93 19 61 80 78 7 
536-5-6 1?2.374 = 5 54 22 38 71 30 43 79 48 93 19 61 80 78 6 
536-4-6 1?2.508 = 4 42 38 95 71 30 43 79 48 93 19 61 80 78 6 
536-4-11 1?2.367 = 4 22 38 95 23 89 29 98 31 90 56 84 87 20 49 41 76 18 99 11 
536-4-12 1?2.399 = 4 42 38 95 23 89 29 98 31 90 56 84 87 20 49 41 76 18 26 92 12 
536-4-8 1?2.667 = 4 42 38 95 23 89 29 98 31 90 56 87 84 96 68 94 73 85 86 8 
536-4-9 1?2.561 = 4 42 38 95 23 89 29 98 31 90 56 87 84 96 68 94 73 67 91 28 9 
536-4-13 1?2.598 = 4 42 38 95 63 59 83 37 88 50 24 56 90 31 84 87 20 49 25 16 13 
536-4-10 1?2.57 = 4 42 38 95 63 59 83 37 88 50 24 56 90 31 84 87 20 49 41 33 60 10 
536-4-15 1?2.61 = 4 42 38 95 23 89 29 98 31 90 56 84 87 32 40 81 57 47 35 15 
536-4-14 1?2.478 = 4 42 38 95 23 89 29 98 31 90 56 84 87 20 25 34 64 21 39 14 
536-5-7 1?2.236 = 5 54 22 38 71 30 43 79 48 93 19 61 80 78 7 
536-6-7 1?2.465 = 6 54 22 38 71 30 43 79 48 93 19 61 80 78 7 
536-6-8 1?2.402 = 6 82 43 79 48 29 98 31 90 56 84 96 68 94 19 86 8 
536-5-9 1?2.342 = 5 54 71 23 89 29 98 31 90 56 87 84 96 68 67 91 28 9 
536-5-8 1?2.491 = 5 54 71 23 89 29 98 31 90 56 87 84 96 68 94 73 85 86 8 
536-5-11 1?2.287 = 5 54 71 30 43 79 48 29 98 31 90 56 84 87 20 49 76 18 99 11 
536-5-12 1?2.327 = 5 54 71 23 89 51 88 50 90 31 56 84 87 20 49 41 76 18 26 92 12 
536-5-10 1?2.358 = 5 54 71 23 89 51 88 50 24 56 90 31 84 87 20 49 41 33 60 10 
536-5-13 1?2.478 = 5 54 71 23 89 29 98 31 90 56 84 87 20 25 62 36 69 16 64 21 13 
536-5-15 1?2.548 = 5 54 71 23 89 29 98 31 56 84 87 20 25 32 40 81 57 47 35 15 
536-5-14 1?2.44 = 5 54 71 23 89 51 88 50 24 56 90 31 84 87 20 25 34 64 21 39 14 
536-7-9 1?2.116 = 7 78 80 43 79 48 29 98 96 68 94 73 67 91 28 9 
536-6-9 1?2.254 = 6 78 80 43 79 48 29 98 96 68 94 73 67 91 28 9 
536-7-8 1?2.312 = 7 78 80 79 48 29 98 31 90 56 84 96 68 94 19 86 8 
536-7-11 1?2.013 = 7 78 80 79 48 29 98 31 90 56 84 87 20 49 76 18 99 11 
536-6-11 1?2.217 = 6 82 43 79 48 29 98 31 90 56 24 87 84 20 49 41 76 18 99 11 
536-6-12 1?2.268 = 6 82 43 79 48 29 98 31 90 56 24 87 84 20 49 41 76 18 26 92 12 
536-7-10 1?2.097 = 7 78 80 79 48 29 98 31 56 84 87 20 49 41 33 60 10 
536-6-10 1?2.283 = 6 82 43 79 48 29 98 31 90 56 84 87 20 49 41 96 33 60 10 
536-6-13 1?2.45 = 6 82 43 79 48 29 98 31 90 56 84 87 20 25 62 36 69 16 64 21 13 
536-6-15 1?2.488 = 6 82 43 79 48 29 98 31 90 56 84 87 32 40 81 57 47 35 55 15 
536-6-14 1?2.389 = 6 82 43 79 48 29 98 31 90 56 24 87 84 20 25 16 34 64 21 39 14 
536-8-9 1?2.122 = 8 86 19 93 29 98 31 90 56 87 84 96 68 67 91 28 9 
536-8-11 1?1.952 = 8 86 19 93 29 98 31 90 56 84 87 20 49 41 76 18 99 11 
536-8-12 1?2.061 = 8 86 61 93 29 98 31 90 56 84 87 20 49 41 76 18 26 92 12 
536-8-10 1?2.073 = 8 86 19 93 29 98 31 90 56 24 87 84 20 49 41 33 60 10 
536-7-12 1?2.105 = 7 78 80 79 48 29 98 31 90 56 84 87 20 49 41 76 18 26 92 12 
536-8-13 1?2.282 = 8 86 19 93 29 98 31 90 56 84 87 20 25 62 36 69 16 34 64 21 13 
536-7-13 1?2.3 = 7 78 80 79 48 29 98 31 90 56 24 87 84 20 25 62 36 69 16 13 
536-7-15 1?2.385 = 7 78 80 43 79 48 29 98 31 56 84 87 32 40 81 57 47 35 15 
536-8-15 1?2.406 = 8 86 19 93 29 98 31 90 56 24 87 84 20 25 32 40 81 57 47 35 15 
536-8-14 1?2.298 = 8 86 19 93 29 98 31 90 56 84 87 20 25 62 36 69 16 34 64 21 39 14 
536-7-14 1?2.33 = 7 78 80 79 48 29 98 31 90 56 84 87 20 25 32 40 81 64 21 39 14 
536-10-12 1?1.703 = 10 60 67 73 94 68 96 41 49 20 25 62 36 69 72 12 
536-10-11 1?1.753 = 10 60 67 73 94 68 96 84 87 20 49 41 76 18 99 11 
536-9-11 1?1.797 = 9 28 91 67 73 94 68 96 84 87 20 49 41 76 18 99 11 
536-9-10 1?1.902 = 9 28 91 85 67 94 68 96 84 87 20 49 41 33 60 10 
536-9-12 1?1.894 = 9 28 91 67 73 94 29 98 31 90 56 84 87 20 25 62 36 72 12 
536-10-13 1?1.954 = 10 60 33 41 49 84 87 20 25 62 36 69 16 34 64 21 13 
536-9-13 1?2.077 = 9 28 91 67 73 94 29 98 31 90 56 84 87 20 25 62 36 69 16 13 
536-10-14 1?2.025 = 10 60 67 73 94 68 96 41 49 20 25 62 36 69 16 34 64 21 39 14 
536-10-15 1?2.167 = 10 60 33 41 49 20 87 84 31 90 56 24 32 40 81 57 47 35 55 15 
536-9-14 1?2.069 = 9 28 91 67 73 94 68 96 41 49 20 25 62 36 69 16 34 64 21 39 14 
536-9-15 1?2.27 = 9 28 91 67 73 94 68 96 29 98 31 90 56 84 87 32 40 81 57 47 35 15 
536-11-12 1?1.607 = 11 99 18 76 41 49 20 84 87 25 62 36 69 72 12 
536-12-13 1?1.705 = 12 92 26 18 76 62 36 69 16 34 32 40 81 64 21 13 
536-11-13 1?1.879 = 11 99 18 76 41 84 87 20 25 62 36 69 16 34 64 21 13 
536-13-14 1?1.855 = 13 21 64 34 16 69 36 62 25 32 40 81 57 47 45 14 
536-12-14 1?1.685 = 12 92 26 18 76 62 36 69 16 34 40 81 64 21 39 14 
536-14-15 1?1.949 = 14 39 21 64 16 69 36 62 25 32 40 81 57 47 35 15 
536-13-15 1?2.034 = 13 16 69 36 62 25 20 84 87 32 40 81 57 47 35 15 
536-11-14 1?1.817 = 11 26 18 76 41 49 20 25 62 36 69 16 34 64 21 39 14 
536-12-15 1?1.826 = 12 92 26 18 76 62 36 69 16 34 32 40 81 57 47 35 15 
536-11-15 1?2.016 = 11 99 18 76 41 49 20 87 84 31 90 56 24 32 40 81 57 35 15 
stop
