start
584-0-2 1?1.811 = 0 17 50 20 94 88 52 31 46 24 64 99 75 71 2 
584-0-1 1?1.959 = 0 15 44 40 45 87 68 52 31 46 88 94 20 37 50 1 
584-0-3 1?2.229 = 0 17 50 20 37 94 88 52 68 93 80 31 46 24 64 99 75 70 3 
584-0-8 1?2.604 = 0 17 50 20 94 88 52 68 93 41 81 76 58 35 56 82 98 79 8 
584-0-7 1?2.573 = 0 17 50 20 94 88 46 24 64 28 62 36 26 19 27 86 84 60 96 7 
584-0-9 1?2.447 = 0 17 50 20 94 88 52 80 29 23 76 58 35 56 82 34 69 77 9 
584-0-6 1?2.47 = 0 17 50 20 94 88 46 24 64 28 62 36 26 19 27 57 92 42 97 33 6 
584-0-4 1?2.309 = 0 17 50 20 94 88 46 24 64 28 62 36 26 19 27 57 21 85 4 
584-0-11 1?2.299 = 0 25 68 52 80 29 81 76 23 54 56 35 58 47 53 48 67 11 
584-0-5 1?2.458 = 0 17 50 20 37 94 88 46 24 64 28 62 22 36 26 19 27 57 92 42 5 
584-0-10 1?2.478 = 0 17 50 20 94 88 52 68 93 41 81 76 58 35 56 73 43 18 10 
584-1-3 1?1.812 = 1 50 20 94 88 52 80 31 46 24 64 99 75 70 3 
584-1-2 1?1.707 = 1 50 20 94 88 52 80 31 46 24 64 99 75 71 2 
584-1-4 1?1.978 = 1 50 20 37 59 64 28 62 36 26 19 27 57 21 85 4 
584-0-12 1?2.32 = 0 25 68 52 80 29 81 76 23 54 56 35 58 47 53 48 12 
584-0-15 1?1.655 = 0 17 50 20 94 88 52 68 87 45 40 78 91 44 15 
584-1-5 1?1.949 = 1 50 20 94 88 46 24 64 28 62 36 26 19 27 92 5 
584-0-14 1?1.744 = 0 17 50 20 94 88 46 52 68 87 45 40 78 91 95 14 
584-1-8 1?2.536 = 1 50 20 94 25 68 52 80 51 29 23 76 58 35 56 82 98 79 8 
584-1-6 1?2.277 = 1 50 20 94 88 46 24 64 28 62 36 26 19 27 57 92 42 97 33 6 
584-0-13 1?2.094 = 0 17 50 20 94 88 52 68 87 45 40 78 91 95 14 39 13 
584-1-7 1?2.479 = 1 50 20 37 94 88 46 24 64 28 62 36 26 19 86 84 74 65 61 7 
584-1-15 1?1.557 = 1 50 20 94 88 46 52 68 87 45 40 78 91 44 15 
584-1-13 1?1.973 = 1 50 20 37 94 88 52 68 87 45 40 78 91 95 14 39 13 
584-2-3 1?1.955 = 2 71 59 37 20 50 17 94 88 46 24 64 99 75 70 3 
584-2-4 1?1.949 = 2 71 75 99 64 28 62 36 26 19 27 92 57 21 85 4 
584-2-5 1?1.936 = 2 71 75 99 64 24 28 62 36 26 19 27 57 92 42 5 
584-2-6 1?2.23 = 2 71 75 99 64 24 28 62 22 36 26 19 27 57 92 42 97 33 6 
584-1-12 1?2.418 = 1 50 20 37 94 88 52 68 93 41 81 76 23 54 35 58 47 53 48 12 
584-1-9 1?2.454 = 1 50 20 94 88 52 68 93 41 81 76 23 54 58 35 56 82 34 69 77 9 
584-1-11 1?2.42 = 1 50 20 94 88 46 52 68 93 41 81 76 23 54 35 58 47 53 48 67 11 
584-1-14 1?1.643 = 1 50 20 94 88 46 31 52 68 87 45 40 78 91 95 14 
584-1-10 1?2.489 = 1 50 20 37 94 88 52 68 93 41 81 76 23 54 58 35 56 73 43 18 10 
584-2-15 1?1.712 = 2 71 75 99 64 24 46 31 52 68 87 45 40 44 15 
584-2-9 1?2.452 = 2 71 75 99 64 24 31 80 29 23 76 58 35 56 82 34 77 9 
584-3-5 1?2.041 = 3 70 75 99 64 24 28 62 36 26 19 27 57 92 42 5 
584-2-12 1?2.514 = 2 71 75 99 64 24 31 80 29 81 76 23 54 35 58 47 53 48 12 
584-3-4 1?2.054 = 3 70 75 99 64 28 62 36 26 19 27 92 57 21 85 4 
584-2-10 1?2.442 = 2 71 75 99 64 24 31 80 29 23 76 58 35 56 73 43 18 10 
584-2-13 1?2.396 = 2 71 75 99 64 24 46 31 80 52 68 87 45 40 78 91 95 14 39 13 
584-2-11 1?2.522 = 2 71 75 99 64 24 31 51 29 81 76 23 54 35 58 47 53 48 67 11 
584-2-8 1?2.638 = 2 71 75 99 64 24 46 31 80 29 23 76 58 35 56 82 98 79 8 
584-2-7 1?2.515 = 2 71 75 99 64 24 28 62 36 26 19 27 86 84 60 74 65 16 61 7 
584-2-14 1?2.023 = 2 71 75 99 59 37 50 20 94 88 52 68 87 45 40 78 91 95 14 
584-3-6 1?2.109 = 3 70 75 99 64 28 62 36 26 19 27 57 92 42 33 6 
584-3-9 1?2.557 = 3 70 75 99 64 24 31 80 29 23 76 58 35 56 82 34 77 9 
584-3-15 1?2.111 = 3 70 75 99 71 59 37 20 50 17 94 88 52 68 93 87 45 44 15 
584-4-5 1?2.273 = 4 85 21 57 92 27 26 19 86 84 74 60 33 97 42 5 
584-3-10 1?2.547 = 3 70 75 99 64 24 31 80 29 23 76 58 35 56 73 43 18 10 
584-3-12 1?2.619 = 3 70 75 99 64 24 31 80 29 81 76 23 54 35 58 47 53 48 12 
584-3-8 1?2.741 = 3 70 75 99 64 24 28 22 36 26 19 27 86 84 74 65 61 16 8 
584-3-11 1?2.639 = 3 70 75 99 64 24 46 31 80 29 23 76 58 35 56 47 53 48 67 11 
584-3-13 1?2.573 = 3 70 75 99 59 37 50 20 94 88 52 68 87 45 40 78 91 95 14 39 13 
584-3-7 1?2.521 = 3 70 75 99 64 24 28 62 36 26 19 27 86 84 74 65 16 61 7 
584-3-14 1?2.269 = 3 70 75 99 71 59 37 20 50 17 94 88 52 68 87 45 40 78 91 95 14 
584-4-7 1?2.026 = 4 85 21 57 27 92 42 97 33 60 96 74 65 16 61 7 
584-4-6 1?2.132 = 4 85 21 57 92 42 97 84 74 65 16 61 96 60 33 6 
584-5-6 1?2.152 = 5 42 92 57 21 27 86 84 74 65 16 61 96 60 33 6 
584-4-11 1?2.562 = 4 85 21 57 27 19 26 36 22 83 54 23 76 81 47 53 48 67 11 
584-4-9 1?2.622 = 4 85 21 57 27 19 26 36 22 83 54 58 35 56 82 34 69 77 9 
584-4-10 1?2.585 = 4 85 21 57 27 19 26 36 22 83 54 58 35 56 73 43 18 10 
584-4-12 1?2.692 = 4 85 21 57 27 19 26 36 22 83 54 23 76 58 35 47 53 48 12 
584-4-8 1?2.764 = 4 85 57 27 19 26 36 22 83 23 76 58 35 56 82 98 79 8 
584-4-13 1?2.714 = 4 85 21 57 92 27 19 26 36 22 83 38 54 23 76 81 41 55 30 39 13 
584-4-15 1?2.433 = 4 85 57 27 19 26 36 62 28 64 24 46 31 52 68 87 45 40 44 15 
584-4-14 1?2.384 = 4 85 57 27 19 36 62 28 64 24 46 52 68 87 45 40 78 95 14 
584-5-7 1?2.016 = 5 42 92 57 21 26 19 27 86 84 60 74 65 16 61 7 
584-6-7 1?1.975 = 6 33 97 42 92 57 27 86 84 60 96 74 65 16 61 7 
584-6-8 1?2.264 = 6 33 97 42 92 57 21 26 19 27 86 84 74 65 61 16 8 
584-5-8 1?2.386 = 5 42 92 57 21 26 19 27 86 84 60 96 74 65 16 61 8 
584-5-9 1?2.565 = 5 92 57 27 19 36 22 83 23 76 58 35 56 82 34 69 77 9 
584-5-11 1?2.607 = 5 42 92 57 27 19 26 36 22 83 38 54 23 76 81 47 53 48 67 11 
584-5-12 1?2.693 = 5 42 92 57 27 19 26 36 22 83 23 76 58 35 56 47 53 48 12 
584-5-10 1?2.63 = 5 42 92 57 27 19 26 36 22 83 38 54 58 35 56 73 43 18 10 
584-5-13 1?2.806 = 5 42 92 57 27 19 26 36 62 28 64 24 46 31 52 68 93 41 55 30 39 13 
584-5-15 1?2.507 = 5 42 92 57 27 19 26 36 22 28 64 24 46 31 52 68 87 45 40 44 15 
584-5-14 1?2.427 = 5 42 92 27 19 26 36 62 28 64 24 46 52 68 87 45 40 78 91 95 14 
584-7-8 1?2.268 = 7 96 60 33 97 42 92 57 21 27 86 84 74 65 16 8 
584-7-9 1?2.365 = 7 61 16 65 63 38 54 58 35 56 82 98 34 69 77 9 
584-6-9 1?2.47 = 6 33 97 42 92 57 27 86 84 74 65 61 16 79 69 77 9 
584-6-12 1?2.675 = 6 33 97 42 92 57 27 19 26 36 22 83 54 35 58 47 53 48 12 
584-6-11 1?2.641 = 6 33 60 74 65 61 16 79 34 98 82 56 35 58 47 53 48 67 11 
584-7-11 1?2.459 = 7 61 16 79 98 82 56 35 58 54 23 76 81 47 53 48 67 11 
584-7-10 1?2.602 = 7 61 16 65 63 38 54 23 76 81 58 35 56 82 73 43 18 10 
584-6-10 1?2.67 = 6 33 97 42 92 27 19 26 36 22 83 54 58 35 56 73 43 18 10 
584-6-13 1?2.642 = 6 33 97 42 92 27 19 26 36 22 83 54 23 76 81 41 55 30 39 13 
584-6-14 1?2.433 = 6 33 97 27 19 36 62 28 64 24 46 52 68 87 45 40 78 91 95 14 
584-6-15 1?2.542 = 6 33 97 42 92 57 27 19 26 36 62 28 64 24 46 52 68 87 45 40 44 15 
584-8-9 1?2.514 = 8 79 98 82 56 35 58 47 53 48 67 43 73 77 9 
584-8-10 1?2.322 = 8 79 98 82 56 35 58 54 23 76 81 47 53 43 10 
584-8-11 1?2.427 = 8 79 98 82 56 35 58 54 38 83 23 76 81 47 53 48 67 11 
584-8-12 1?2.675 = 8 79 34 98 82 56 35 58 54 23 76 81 72 47 53 48 67 12 
584-7-13 1?2.548 = 7 61 16 79 34 98 82 56 35 58 54 23 76 81 41 55 30 39 13 
584-8-13 1?2.595 = 8 79 98 82 56 35 58 76 23 54 38 83 51 29 41 55 30 39 13 
584-7-12 1?2.716 = 7 61 16 79 98 82 56 35 58 54 38 83 23 76 81 47 53 48 12 
584-7-15 1?2.562 = 7 96 60 84 86 19 26 36 62 28 64 24 46 52 68 87 45 40 44 15 
584-8-15 1?2.655 = 8 79 98 82 56 35 58 54 23 76 81 29 51 80 52 68 93 87 45 44 15 
584-7-14 1?2.605 = 7 96 60 84 86 19 36 62 28 64 24 46 52 68 87 45 40 78 95 14 
584-8-14 1?2.534 = 8 79 98 82 56 35 58 54 23 76 81 41 55 32 90 40 78 91 95 14 
584-10-11 1?2.028 = 10 18 43 73 56 35 54 23 76 81 47 53 48 67 11 
584-9-11 1?2.04 = 9 77 69 34 98 82 56 35 58 76 81 47 53 48 67 11 
584-9-10 1?2.127 = 9 77 69 34 98 82 56 35 58 47 53 48 67 43 18 10 
584-9-12 1?2.123 = 9 77 69 34 82 56 35 58 54 23 76 81 47 53 48 12 
584-10-12 1?2.086 = 10 18 43 73 56 35 58 54 23 76 81 47 53 48 12 
584-10-13 1?2.031 = 10 43 73 56 35 58 54 23 76 81 41 55 30 39 13 
584-10-15 1?2.276 = 10 18 43 73 56 35 58 54 23 76 81 41 55 30 32 78 40 44 15 
584-9-13 1?2.325 = 9 69 77 34 79 98 82 56 35 58 54 23 76 81 41 55 30 39 13 
584-10-14 1?2.201 = 10 73 56 35 58 54 23 76 81 41 90 45 40 78 91 95 14 
584-9-14 1?2.265 = 9 77 69 34 82 56 35 58 76 81 41 55 30 32 40 78 91 95 14 
584-9-15 1?2.431 = 9 77 69 34 98 82 56 35 58 54 23 76 81 41 55 32 78 40 45 44 15 
584-13-15 1?1.893 = 13 39 30 55 41 29 51 80 52 68 87 45 40 44 15 
584-14-15 1?1.846 = 14 95 91 78 40 90 93 80 31 46 52 68 87 45 44 15 
584-11-13 1?1.964 = 11 67 48 53 47 58 35 56 54 23 76 81 72 39 13 
584-12-13 1?2.065 = 12 48 53 47 58 35 56 54 23 76 81 41 55 30 39 13 
584-11-12 1?2.146 = 11 67 48 53 47 58 35 56 54 38 83 23 76 81 72 12 
584-12-15 1?2.093 = 12 48 53 47 58 35 54 23 76 81 41 55 32 40 44 15 
584-13-14 1?1.96 = 13 39 30 55 41 29 80 52 68 87 45 40 78 91 95 14 
584-12-14 1?2.168 = 12 48 53 47 58 35 54 23 76 81 55 30 32 78 91 95 14 
584-11-14 1?2.017 = 11 67 48 53 47 58 35 56 54 23 76 81 41 55 30 14 
584-11-15 1?2.161 = 11 67 48 53 47 58 35 56 54 23 76 81 41 90 45 40 44 15 
stop
