start
316-0-1 1?1.965 = 0 36 26 57 92 72 62 95 67 84 22 94 46 60 47 1 
316-0-2 1?1.877 = 0 36 26 95 67 84 22 94 60 46 52 17 86 35 82 2 
316-0-3 1?1.688 = 0 36 26 95 67 84 22 94 60 46 52 17 86 35 82 3 
316-0-4 1?2.299 = 0 99 63 95 67 84 22 94 46 60 82 35 86 52 17 32 25 59 23 4 
316-0-5 1?2.309 = 0 36 26 95 67 84 22 94 46 60 82 35 86 52 17 23 59 56 24 5 
316-0-6 1?2.22 = 0 36 26 57 62 20 34 75 19 77 90 96 79 55 73 68 42 53 6 
316-0-7 1?2.33 = 0 36 26 57 62 20 34 51 75 19 77 90 96 79 55 73 68 42 53 76 7 
316-0-8 1?2.454 = 0 36 26 57 62 20 34 51 75 19 77 90 96 79 55 73 68 74 8 
316-0-9 1?2.638 = 0 36 26 31 27 49 69 43 71 61 28 44 40 97 66 64 37 39 18 9 
316-0-10 1?2.33 = 0 36 26 31 49 27 41 43 83 71 61 28 44 40 97 66 64 37 10 
316-0-11 1?2.29 = 0 36 26 31 57 62 92 72 50 69 83 43 71 61 28 44 40 97 66 64 11 
316-0-12 1?2.205 = 0 36 26 57 62 92 72 50 69 49 27 41 43 71 61 28 44 40 12 
316-0-13 1?1.898 = 0 36 26 31 49 69 43 71 61 28 44 58 38 70 54 45 13 
316-0-14 1?1.836 = 0 36 26 31 57 62 92 72 50 69 49 27 41 30 65 88 14 
316-0-15 1?2.177 = 0 36 26 31 57 62 92 72 50 69 49 27 41 30 65 88 15 
316-1-2 1?2.125 = 1 47 60 46 94 22 84 67 20 34 33 52 17 86 35 82 2 
316-1-3 1?1.878 = 1 47 60 46 94 22 84 33 32 59 56 23 17 52 86 35 3 
316-1-4 1?2.146 = 1 63 95 67 84 22 94 46 60 82 35 86 52 17 32 25 59 23 4 
316-1-5 1?2.28 = 1 47 60 46 94 22 84 67 20 34 51 75 19 77 90 79 96 78 5 
316-1-6 1?2.11 = 1 47 60 46 94 22 33 51 75 19 77 90 96 79 55 73 68 42 53 6 
316-1-7 1?2.326 = 1 47 60 46 94 22 84 67 20 34 51 75 19 77 90 96 79 55 73 68 7 
316-1-8 1?2.398 = 1 47 60 46 94 22 84 33 51 75 19 77 90 96 79 55 73 68 74 8 
316-1-9 1?2.655 = 1 47 60 46 94 22 33 51 75 19 77 90 96 79 21 89 91 81 16 9 
316-1-10 1?2.433 = 1 63 95 62 57 92 50 69 83 43 71 61 28 44 40 97 66 64 37 10 
316-1-11 1?2.283 = 1 63 95 62 57 92 50 69 49 43 83 71 61 28 44 40 97 66 64 11 
316-1-12 1?2.316 = 1 47 60 46 94 22 84 67 20 62 92 50 83 43 71 61 28 44 40 12 
316-1-13 1?2.113 = 1 63 95 62 57 92 50 69 49 27 41 61 71 28 44 58 38 70 13 
316-1-14 1?1.897 = 1 63 95 20 62 57 92 72 50 69 49 27 41 30 65 88 14 
316-1-15 1?2.128 = 1 47 60 46 94 22 84 67 20 62 92 57 31 26 36 15 
316-2-3 1?1.815 = 2 60 46 94 22 84 33 32 59 56 23 35 86 17 52 82 3 
316-2-4 1?1.892 = 2 60 46 94 22 84 67 20 34 51 75 19 25 59 23 4 
316-2-5 1?2.058 = 2 60 46 94 22 84 67 20 34 51 75 19 77 90 79 96 78 5 
316-2-6 1?1.959 = 2 60 46 94 84 33 51 75 19 77 90 96 79 55 73 68 42 53 6 
316-2-7 1?2.104 = 2 60 46 94 22 84 67 20 34 51 75 19 77 90 96 79 55 73 68 7 
316-2-8 1?2.334 = 2 60 46 94 22 84 67 20 34 51 75 19 77 90 79 55 73 68 74 8 
316-2-9 1?2.515 = 2 60 46 94 22 84 67 20 34 51 75 19 77 90 96 79 21 87 29 9 
316-2-10 1?2.503 = 2 60 46 94 84 67 20 62 92 50 83 43 71 61 28 44 40 97 66 64 37 10 
316-2-11 1?2.242 = 2 60 46 94 22 84 67 20 72 50 83 43 71 61 28 44 40 97 66 64 11 
316-2-12 1?2.166 = 2 60 46 94 22 84 67 95 62 57 92 50 83 43 71 61 28 44 40 12 
316-2-13 1?2.071 = 2 60 46 94 22 84 67 95 62 57 92 72 50 69 49 27 41 30 65 54 45 13 
316-2-14 1?1.876 = 2 60 46 94 22 84 67 95 62 92 72 50 69 49 27 30 65 88 14 
316-2-15 1?2.166 = 2 60 46 94 22 84 67 20 62 57 92 72 50 69 49 41 27 31 15 
316-3-4 1?1.763 = 3 82 35 86 17 52 46 60 94 22 84 33 32 59 56 23 4 
316-3-5 1?1.827 = 3 82 35 86 52 17 32 51 75 19 77 90 79 96 78 5 
316-3-6 1?1.731 = 3 35 86 17 32 25 19 77 90 96 79 55 73 68 42 53 6 
316-3-7 1?1.943 = 3 35 82 86 52 17 32 25 19 77 90 96 79 55 73 68 42 53 76 7 
316-3-8 1?2.188 = 3 82 35 86 52 17 23 56 59 25 19 77 90 96 79 55 73 68 74 8 
316-3-9 1?2.486 = 3 82 35 86 17 23 56 59 25 19 77 90 96 79 21 89 91 81 16 9 
316-3-10 1?2.457 = 3 82 35 86 23 56 59 25 19 77 90 96 79 21 89 91 81 16 18 39 10 
316-3-11 1?2.362 = 3 35 86 52 33 20 62 92 72 50 83 43 71 61 28 44 40 97 66 64 11 
316-3-12 1?2.287 = 3 82 60 46 94 22 84 67 20 62 92 50 83 43 71 61 28 44 40 12 
316-3-13 1?2.23 = 3 35 82 60 46 94 22 84 67 20 62 57 92 50 69 49 27 30 65 54 45 13 
316-3-14 1?2.16 = 3 82 60 46 94 22 84 67 20 62 57 92 72 50 69 49 27 41 30 65 88 14 
316-3-15 1?2.345 = 3 35 86 17 52 46 60 94 22 84 67 20 62 57 92 72 50 69 49 31 15 
316-4-5 1?1.945 = 4 23 56 59 25 51 75 19 96 77 90 79 78 80 24 5 
316-4-6 1?1.596 = 4 23 56 59 25 19 77 90 96 79 55 73 68 42 53 6 
316-4-7 1?1.641 = 4 23 56 59 25 19 77 90 96 79 55 73 68 42 76 7 
316-4-8 1?2.289 = 4 23 56 59 25 51 75 19 77 90 96 79 55 73 68 42 76 7 74 8 
316-4-9 1?2.421 = 4 23 59 25 51 75 19 77 90 96 79 21 89 91 81 16 18 9 
316-4-10 1?2.35 = 4 23 59 25 51 75 19 77 90 96 79 21 89 91 81 16 18 39 10 
316-4-11 1?2.506 = 4 23 56 59 25 51 34 72 92 50 83 43 71 61 28 44 40 97 66 11 
316-4-12 1?2.45 = 4 23 59 25 51 34 20 62 57 92 50 83 43 71 61 28 44 40 12 
316-4-13 1?2.323 = 4 23 56 59 25 51 34 20 62 57 92 72 50 69 49 27 30 65 54 45 13 
316-4-14 1?2.328 = 4 23 56 59 25 51 75 34 20 62 57 92 50 69 49 27 41 30 65 88 14 
316-4-15 1?2.442 = 4 23 56 59 32 17 52 86 35 82 60 46 94 22 84 67 95 99 26 36 15 
316-5-6 1?1.677 = 5 24 56 59 25 19 77 90 96 79 55 73 68 42 53 6 
316-5-7 1?1.748 = 5 24 56 59 25 19 77 90 96 79 55 73 68 53 42 7 
316-5-8 1?1.982 = 5 24 23 56 59 25 19 77 90 96 79 55 73 68 74 8 
316-5-9 1?2.401 = 5 24 23 56 59 25 19 77 90 96 79 21 89 91 81 16 18 9 
316-5-10 1?2.33 = 5 24 23 56 59 25 19 77 90 96 79 21 89 91 81 16 18 39 10 
316-5-11 1?2.515 = 5 24 56 59 25 51 75 93 83 43 71 61 28 44 40 97 66 64 11 
316-5-12 1?2.53 = 5 80 78 96 79 90 77 21 89 98 93 83 43 71 61 28 44 40 12 
316-5-13 1?2.399 = 5 24 56 59 25 51 34 20 62 57 92 50 69 49 41 30 65 54 45 13 
316-5-14 1?2.44 = 5 24 56 59 25 19 75 51 34 20 62 57 92 72 50 69 49 27 30 65 88 14 
316-5-15 1?2.514 = 5 24 56 59 23 17 52 86 35 82 46 60 94 22 84 67 95 99 26 36 15 
316-6-7 1?2.138 = 6 5 24 56 59 25 19 77 90 96 79 55 73 68 53 42 7 
316-6-8 1?1.992 = 6 53 42 68 73 55 79 96 90 77 21 89 91 29 74 8 
316-6-9 1?1.943 = 6 53 42 68 73 55 79 96 90 77 21 89 91 81 16 9 
316-6-10 1?1.914 = 6 53 68 73 55 79 90 77 21 89 91 81 16 18 39 10 
316-6-11 1?2.291 = 6 53 42 68 73 55 79 96 90 77 21 89 91 81 16 18 39 37 11 
316-6-12 1?2.47 = 6 53 42 68 73 55 87 89 91 98 93 83 43 71 61 28 44 40 12 
316-6-13 1?2.372 = 6 53 42 68 73 55 87 89 91 98 93 83 43 71 61 28 44 58 38 13 
316-6-14 1?2.378 = 6 53 42 68 73 55 79 96 90 77 19 75 34 72 50 69 49 27 30 65 88 14 
316-6-15 1?2.348 = 6 53 42 68 73 55 79 96 90 77 19 75 51 34 20 62 92 57 31 15 
316-7-8 1?2.05 = 7 42 53 73 55 79 96 90 77 21 89 91 29 74 8 
316-7-9 1?1.988 = 7 76 42 68 73 55 79 96 90 77 21 89 91 81 16 9 
316-7-10 1?1.905 = 7 68 73 55 79 96 90 77 21 89 91 81 16 18 39 10 
316-7-11 1?2.271 = 7 42 68 73 55 79 96 90 77 21 89 91 81 16 18 39 37 11 
316-7-12 1?2.45 = 7 42 68 73 55 87 89 91 98 93 83 43 71 61 28 44 40 12 
316-7-13 1?2.363 = 7 76 53 42 68 73 55 87 89 98 93 83 43 71 61 28 44 58 38 13 
316-7-14 1?2.358 = 7 42 68 73 55 79 96 90 77 19 75 34 72 50 69 49 27 30 65 88 14 
316-7-15 1?2.472 = 7 76 53 42 68 73 55 79 96 90 77 19 75 51 34 20 62 72 92 57 31 15 
316-8-9 1?2.221 = 8 74 68 73 55 79 96 90 77 21 89 91 81 16 18 9 
316-8-10 1?2.135 = 8 74 68 73 55 79 90 77 21 89 91 81 16 18 39 10 
316-8-11 1?2.319 = 8 74 29 91 98 93 83 43 71 61 28 44 40 97 66 64 11 
316-8-12 1?2.511 = 8 74 29 89 91 98 93 83 43 71 61 28 44 58 70 38 12 
316-8-13 1?2.38 = 8 74 29 91 98 93 83 43 61 71 48 44 58 38 70 54 45 13 
316-8-14 1?2.394 = 8 74 29 91 98 93 83 43 71 61 28 44 58 38 70 45 54 88 14 
316-8-15 1?2.55 = 8 74 68 73 55 79 96 90 77 19 75 51 34 20 62 92 57 31 15 
316-9-10 1?2.403 = 9 18 16 81 85 48 71 61 28 44 40 97 66 64 37 10 
316-9-11 1?2.27 = 9 16 81 91 98 93 83 43 71 61 28 44 40 97 66 64 11 
316-9-12 1?2.373 = 9 18 16 81 91 98 93 83 43 71 61 28 44 58 70 38 12 
316-9-13 1?2.293 = 9 18 16 81 91 98 93 83 43 71 61 28 44 58 38 70 45 13 
316-9-14 1?2.387 = 9 18 39 37 64 66 97 40 44 28 61 71 43 69 49 27 30 65 88 14 
316-9-15 1?2.628 = 9 18 39 37 64 66 97 40 44 28 61 71 43 83 50 69 49 27 31 15 
316-10-11 1?2.242 = 10 37 39 18 16 81 85 48 71 61 28 44 40 97 66 11 
316-10-12 1?2.147 = 10 37 64 66 97 40 48 71 43 61 28 44 58 70 38 12 
316-10-13 1?1.872 = 10 37 64 66 97 40 48 71 61 28 44 58 70 54 45 13 
316-10-14 1?2.157 = 10 37 64 66 97 40 44 28 61 71 43 83 50 69 49 27 41 30 65 88 14 
316-10-15 1?2.498 = 10 37 64 66 97 40 44 28 61 71 43 83 50 69 49 27 41 30 65 88 15 
316-11-12 1?1.953 = 11 64 66 97 40 48 71 83 43 61 28 44 58 70 38 12 
316-11-13 1?1.679 = 11 64 66 97 40 48 71 61 28 44 58 38 70 54 45 13 
316-11-14 1?1.71 = 11 64 66 97 40 44 28 61 71 43 41 27 30 65 88 14 
316-11-15 1?2.109 = 11 64 66 97 40 44 28 61 71 43 83 50 69 49 41 27 31 15 
316-12-13 1?1.699 = 12 40 44 28 61 71 43 83 69 49 27 30 65 54 45 13 
316-12-14 1?1.733 = 12 40 44 28 61 71 43 83 50 69 49 27 41 30 65 88 14 
316-12-15 1?2.172 = 12 38 58 44 28 61 71 43 83 50 69 49 27 41 30 65 88 15 
316-13-14 1?1.541 = 13 38 58 44 28 61 71 43 69 49 27 41 30 65 88 14 
316-13-15 1?1.963 = 13 45 54 70 38 58 44 28 61 71 43 83 50 69 49 27 31 15 
316-14-15 1?1.913 = 14 54 45 70 38 58 44 28 61 71 43 83 69 49 31 15 
stop
