start
497-4970--03- 2 11??2.1162.013 =  = 0 620 94  8862  5829 49  73 6381 80  1648  85 75 8272  21 27 20 57 30 98 45 3 
58 49 81 48 85 52 2 
497-0-1 1?2.146 = 0 62 94 88 29 73 63 80 16 82 58 49 81 48 78 99 1 
497-0-5 1?2.062 = 0 62 58 49 81 48 85 75 72 21 27 20 57 38 55 32 59 74 39 5 
497-0-6 1?2.298 = 0 62 58 49 81 48 85 75 72 21 27 20 57 38 55 32 59 74 77 6 
497-0-4 1?2.26 = 0 62 58 49 81 48 85 75 72 21 27 20 57 32 55 74 38 51 4 
497-0-9 1?2.46 = 0 62 82 16 80 29 73 63 26 69 33 95 47 44 22 79 84 46 89 92 9 
497-0-8 1?2.486 = 0 62 82 16 80 29 73 63 26 69 33 95 47 44 22 46 89 36 68 90 8 
497-0-7 1?2.545 = 0 62 58 49 81 48 85 75 72 21 27 20 57 38 55 32 65 17 96 19 7 
497-0-10 1?2.397 = 0 62 82 16 80 29 73 63 26 69 33 95 47 44 22 84 79 71 23 97 10 
497-0-11 1?2.479 = 0 62 82 16 80 29 73 63 26 69 33 95 47 44 22 79 71 23 50 11 
497-0-15 1?2.191 = 0 62 82 16 80 26 63 73 29 88 18 24 61 43 14 70 15 
497-1-3 1?1.981 = 1 78 49 81 48 85 52 75 72 21 27 20 57 30 98 45 3 
497-1-4 1?1.767 = 1 78 49 81 48 85 75 72 21 27 20 57 32 55 38 4 
497-1-2 1?2.058 = 1 78 49 81 48 85 75 72 21 27 20 57 30 98 45 86 2 
497-0-14 1?2.105 = 0 62 99 58 82 16 80 26 63 73 29 88 18 24 61 43 14 
497-0-13 1?2.126 = 0 62 82 16 80 29 73 63 26 69 56 42 34 28 61 13 
497-1-5 1?2.148 = 1 78 48 49 81 85 52 75 72 21 27 20 57 38 55 32 59 74 39 5 
497-1-6 1?2.261 = 1 78 49 81 48 85 75 72 21 27 20 57 38 55 32 59 74 39 5 77 6 
497-1-7 1?2.386 = 1 78 49 81 48 85 75 72 21 27 20 57 38 55 32 59 65 17 96 19 7 
497-1-8 1?2.485 = 1 78 49 81 48 85 75 72 21 27 20 57 65 17 96 37 76 36 68 90 8 
497-0-12 1?2.549 = 0 62 82 16 80 29 73 63 26 69 33 66 95 41 56 42 34 28 25 12 
497-2-5 1?1.7 = 2 86 52 85 75 72 21 27 20 57 38 32 55 74 39 5 
497-2-3 1?2.069 = 2 48 85 75 72 21 27 20 57 32 55 38 30 98 45 3 
497-2-4 1?1.87 = 2 52 75 72 21 27 20 57 32 59 74 55 38 51 4 
497-1-11 1?2.549 = 1 78 49 81 48 85 75 21 27 20 35 40 66 95 47 83 93 50 11 
497-1-10 1?2.519 = 1 78 49 81 48 85 75 72 35 40 66 95 47 44 22 79 71 23 97 10 
497-2-6 1?2.387 = 2 48 49 81 85 75 72 21 27 20 57 38 55 32 59 74 39 5 77 6 
497-1-15 1?1.807 = 1 78 49 48 81 58 82 16 80 26 63 73 29 88 94 70 15 
497-1-9 1?2.516 = 1 78 58 82 16 80 29 73 63 26 69 33 95 47 44 22 46 89 91 92 9 
497-1-14 1?2.153 = 1 78 49 48 81 58 82 16 80 63 73 29 88 18 24 61 43 14 
497-1-13 1?2.547 = 1 78 49 48 81 58 82 16 80 29 73 63 26 69 56 42 34 28 13 
497-1-12 1?2.497 = 1 78 49 48 81 58 82 16 80 29 73 63 26 69 56 42 34 28 25 12 
497-3-5 1?1.625 = 3 45 98 52 75 72 21 27 20 57 38 32 55 74 39 5 
497-3-4 1?1.848 = 3 45 52 85 75 72 21 27 20 57 38 55 74 39 4 
497-2-11 1?2.53 = 2 52 85 75 72 21 27 20 54 35 40 66 95 47 93 83 50 11 
497-2-7 1?2.408 = 2 86 52 85 75 72 21 27 20 57 38 55 32 59 65 17 96 37 19 7 
497-2-15 1?2.41 = 2 3 45 98 52 85 48 81 49 58 82 80 63 73 29 88 94 70 15 
497-2-9 1?2.53 = 2 52 85 75 72 21 27 20 54 35 40 66 95 47 44 22 79 84 91 92 9 
497-2-8 1?2.478 = 2 52 75 72 21 27 20 57 38 55 32 59 65 17 96 37 76 36 68 8 
497-2-10 1?2.681 = 2 52 85 75 72 21 27 20 54 35 40 66 95 47 44 22 84 79 71 23 97 10 
497-2-13 1?2.37 = 2 86 52 85 48 81 49 58 82 16 80 63 73 29 88 18 24 61 13 
497-2-14 1?2.187 = 2 52 85 48 81 49 58 82 16 80 63 73 29 88 18 24 43 14 
497-2-12 1?2.561 = 2 48 81 49 58 82 16 80 63 73 29 88 18 24 61 34 28 25 12 
497-4-5 1?1.758 = 4 51 30 21 27 20 35 54 57 38 55 32 59 74 39 5 
497-3-6 1?1.808 = 3 45 98 52 75 72 21 27 20 57 38 55 74 77 6 
497-3-7 1?2.234 = 3 45 98 52 75 72 21 27 20 57 38 55 32 59 65 17 96 19 7 
497-3-10 1?2.452 = 3 45 98 30 21 27 20 54 35 40 66 95 47 44 22 84 79 71 23 97 10 
497-3-8 1?2.257 = 3 45 98 30 38 32 55 74 59 65 17 96 37 76 64 36 68 90 8 
497-3-9 1?2.315 = 3 45 98 75 72 21 27 20 35 40 66 95 47 44 22 79 84 91 92 9 
497-3-15 1?1.99 = 3 45 98 52 85 48 81 49 58 82 16 80 73 29 88 94 70 15 
497-3-11 1?2.695 = 3 45 98 75 72 21 27 20 35 40 66 95 47 44 22 79 71 23 83 93 50 11 
497-3-13 1?2.373 = 3 45 98 52 85 48 81 49 58 82 16 80 63 73 29 88 18 24 61 13 
497-3-14 1?2.515 = 3 45 98 52 85 48 81 49 58 82 16 80 63 73 29 88 18 24 61 43 14 
497-3-12 1?2.646 = 3 45 98 75 72 21 27 20 57 54 35 40 66 95 41 56 42 34 28 25 12 
497-4-7 1?1.87 = 4 51 30 21 27 20 57 38 55 32 59 65 17 96 19 7 
497-4-6 1?1.947 = 4 51 30 21 27 20 35 40 54 57 38 55 74 77 6 
497-5-6 1?1.902 = 5 39 74 55 32 38 57 20 27 21 72 35 54 65 77 6 
497-4-10 1?2.429 = 4 51 30 21 27 20 54 35 40 66 95 47 44 22 46 89 84 60 97 10 
497-4-8 1?2.165 = 4 51 30 38 32 55 74 59 65 17 96 19 37 76 36 68 90 8 
497-4-11 1?2.521 = 4 51 38 55 32 57 20 27 21 72 35 40 66 95 47 83 93 50 31 11 
497-4-9 1?2.263 = 4 51 38 55 32 59 65 17 96 37 64 76 68 36 46 89 91 92 9 
497-4-15 1?2.398 = 4 51 30 21 72 75 85 48 81 49 58 82 16 80 63 73 29 88 94 70 15 
497-4-14 1?2.343 = 4 51 45 98 52 85 48 81 49 58 82 16 80 63 73 29 88 18 43 14 
497-4-13 1?2.524 = 4 51 45 98 52 48 81 49 58 82 16 80 63 73 29 88 18 24 61 13 
497-4-12 1?2.713 = 4 51 38 55 32 57 20 27 21 72 35 54 40 33 69 56 42 34 28 25 12 
497-6-7 1?2.019 = 6 77 74 55 32 57 27 20 35 40 87 17 96 19 7 
497-5-7 1?1.821 = 5 39 74 55 32 38 57 20 35 40 87 17 96 19 7 
497-6-8 1?1.906 = 6 77 74 55 32 59 65 17 96 37 76 36 68 90 8 
497-5-9 1?2.036 = 5 39 74 55 32 59 65 17 96 37 76 68 36 46 89 92 9 
497-5-8 1?1.861 = 5 39 74 55 38 32 59 65 17 96 19 37 76 64 36 68 90 8 
497-5-11 1?2.379 = 5 39 74 55 32 57 20 27 21 72 35 40 66 95 47 83 93 50 31 11 
497-5-10 1?2.316 = 5 39 74 55 32 57 27 20 54 35 40 66 95 47 44 22 79 71 23 97 10 
497-5-15 1?2.265 = 5 39 74 55 32 38 57 20 27 21 72 75 85 48 81 49 58 82 94 70 15 
497-5-14 1?2.362 = 5 39 74 55 38 57 20 35 40 33 69 26 63 73 29 88 18 43 14 
497-5-13 1?2.455 = 5 39 74 55 32 57 21 27 20 35 40 66 95 41 56 42 34 28 13 
497-5-12 1?2.405 = 5 39 74 55 32 57 21 27 20 35 40 66 95 41 56 42 34 28 25 12 
497-7-8 1?1.939 = 7 19 96 37 64 76 68 36 89 46 22 79 84 91 92 8 
497-7-10 1?1.775 = 7 19 96 37 64 76 68 36 46 89 84 79 71 23 60 97 10 
497-7-9 1?1.664 = 7 19 96 37 64 76 68 36 89 46 22 79 84 91 92 9 
497-6-9 1?1.848 = 6 96 19 37 64 76 68 36 89 46 22 79 84 91 92 9 
497-7-11 1?2.135 = 7 19 96 37 64 76 68 36 89 46 22 84 79 71 83 93 50 31 11 
497-6-11 1?2.362 = 6 77 96 19 37 64 76 68 36 46 89 84 79 71 23 83 93 50 31 11 
497-6-10 1?2.445 = 6 77 96 19 37 64 76 68 36 46 89 84 79 71 23 83 93 50 31 10 
497-6-15 1?2.472 = 6 77 59 32 55 38 57 20 27 21 72 75 85 48 81 49 58 82 94 70 15 
497-6-14 1?2.568 = 6 77 59 55 32 57 27 20 35 40 33 69 26 63 73 29 88 18 14 
497-6-13 1?2.664 = 6 77 74 55 38 57 20 27 21 72 35 40 33 56 42 34 28 13 
497-6-12 1?2.54 = 6 77 59 32 55 38 57 21 27 20 35 40 33 56 42 34 28 25 12 
497-8-9 1?1.938 = 8 90 68 76 64 36 46 89 84 79 71 23 97 60 91 92 9 
497-8-10 1?1.943 = 8 90 68 36 89 46 22 84 79 71 23 83 93 50 31 10 
497-8-11 1?2.177 = 8 90 68 36 76 64 46 89 92 91 84 79 71 83 93 50 31 11 
497-8-15 1?2.479 = 8 90 68 36 89 46 22 44 47 95 33 69 26 63 73 29 80 16 94 70 15 
497-7-15 1?2.58 = 7 19 37 76 64 36 89 46 22 44 47 95 33 69 26 63 73 29 88 94 70 15 
497-8-12 1?2.289 = 8 90 68 36 46 89 84 79 22 44 47 41 56 42 34 28 25 12 
497-7-13 1?2.478 = 7 19 96 37 64 76 68 36 89 46 22 44 47 41 56 42 34 28 13 
497-8-13 1?2.481 = 8 90 68 36 46 89 84 79 22 44 47 41 56 42 34 28 61 13 
497-8-14 1?2.467 = 8 68 36 89 46 22 44 47 95 33 69 26 63 73 29 88 18 43 14 
497-7-12 1?2.373 = 7 19 96 37 76 68 36 89 46 22 44 47 41 56 42 34 28 25 12 
497-7-14 1?2.608 = 7 19 96 37 64 76 68 36 89 46 22 44 47 41 56 42 53 24 18 43 14 
497-10-11 1?1.962 = 10 97 60 92 91 89 46 22 44 79 71 23 83 93 50 31 11 
497-9-10 1?1.954 = 9 92 91 89 46 22 44 79 84 71 23 83 93 50 31 97 10 
497-9-11 1?2.163 = 9 92 91 89 46 22 44 79 84 60 97 23 71 83 93 50 31 11 
497-10-12 1?2.079 = 10 97 23 71 79 22 44 47 95 41 56 42 34 28 25 12 
497-10-15 1?2.376 = 10 97 60 91 89 46 22 44 47 95 33 69 26 63 73 29 88 94 70 15 
497-10-13 1?2.391 = 10 97 60 23 71 79 84 89 46 22 44 47 41 56 42 34 28 13 
497-9-12 1?2.036 = 9 92 91 89 46 22 44 47 95 41 56 42 34 28 25 12 
497-9-15 1?2.316 = 9 92 89 46 22 44 47 95 33 69 26 63 73 29 80 16 82 94 70 15 
497-9-13 1?2.307 = 9 92 91 89 46 84 79 22 44 47 95 41 56 42 34 28 13 
497-10-14 1?2.352 = 10 97 23 71 79 22 44 47 95 33 69 26 63 73 29 88 18 43 14 
497-9-14 1?2.42 = 9 92 91 84 79 22 44 47 95 66 33 69 26 63 73 29 88 18 43 14 
497-14-15 1?2.117 = 14 43 18 24 61 28 34 53 73 63 80 16 82 94 70 15 
497-13-15 1?2.041 = 13 61 24 43 18 88 29 73 63 80 16 82 62 94 70 15 
497-12-15 1?2.086 = 12 25 28 34 42 53 29 73 63 80 82 16 88 94 70 15 
497-11-15 1?2.148 = 11 50 93 83 47 95 33 69 26 63 73 29 88 94 70 15 
497-12-13 1?2.197 = 12 25 28 34 53 26 63 73 29 80 16 88 18 24 61 13 
497-12-14 1?2.129 = 12 25 28 34 42 53 26 63 73 29 80 16 88 18 43 14 
497-13-14 1?2.245 = 13 28 34 42 56 69 26 63 73 29 80 16 88 18 43 14 
497-11-13 1?2.31 = 11 50 93 83 71 79 84 22 44 47 41 56 42 34 28 13 
497-11-12 1?2.175 = 11 50 93 83 71 79 22 44 47 41 56 42 34 28 25 12 
497-11-14 1?2.29 = 11 31 50 93 83 47 95 33 69 26 63 73 29 88 18 14 
stop
