start
591-0-1 1?1.889 = 0 47 20 81 99 78 22 60 50 91 93 53 38 52 87 1 
591-0-2 1?1.799 = 0 47 20 81 99 78 22 60 50 91 93 53 34 18 24 2 
591-0-3 1?2.179 = 0 74 87 52 38 24 18 34 53 93 91 50 60 22 30 45 57 16 3 
591-0-4 1?2.154 = 0 74 87 52 38 24 18 34 53 93 91 50 60 22 30 45 57 37 4 
591-0-5 1?2.268 = 0 74 87 52 24 18 34 53 93 91 50 60 22 30 45 57 37 36 62 5 
591-0-6 1?2.505 = 0 74 87 52 38 53 93 91 50 60 22 30 45 79 27 69 95 83 49 6 
591-0-7 1?2.51 = 0 74 87 52 38 53 93 50 60 22 30 97 59 64 29 48 32 84 7 
591-0-8 1?2.547 = 0 74 87 52 38 53 93 50 60 30 97 29 48 32 84 96 67 41 54 8 
591-0-9 1?2.716 = 0 74 87 52 38 53 93 91 50 60 22 30 97 59 64 82 25 21 70 9 
591-0-10 1?2.797 = 0 74 87 52 38 53 93 91 50 22 30 97 59 64 82 77 71 56 92 10 
591-0-11 1?2.707 = 0 74 87 52 38 53 93 91 50 22 78 28 76 61 65 55 68 39 94 11 
591-0-12 1?2.672 = 0 74 87 52 38 89 51 99 81 63 65 55 43 19 40 86 44 35 12 
591-0-13 1?2.191 = 0 74 87 52 38 89 51 99 81 20 88 98 19 40 86 44 13 
591-0-14 1?2.255 = 0 47 20 81 63 61 65 55 43 19 40 86 44 90 66 14 
591-0-15 1?2.256 = 0 74 87 52 24 18 34 53 38 89 51 99 81 20 33 26 15 
591-1-2 1?1.733 = 1 87 52 38 53 93 50 22 30 60 91 17 34 18 24 2 
591-1-3 1?1.747 = 1 87 52 24 18 34 53 93 91 50 22 30 45 57 16 3 
591-1-4 1?1.87 = 1 87 52 38 24 18 34 53 93 91 50 60 22 30 45 57 37 4 
591-1-5 1?2.058 = 1 87 52 38 24 18 34 53 93 91 50 60 22 30 45 57 37 36 62 5 
591-1-6 1?2.308 = 1 87 52 38 53 93 91 50 22 60 45 30 97 59 64 29 95 83 49 6 
591-1-7 1?2.29 = 1 87 52 38 53 93 91 50 22 30 97 64 29 48 32 84 41 67 96 7 
591-1-8 1?2.304 = 1 87 52 38 53 93 91 50 22 30 97 29 48 32 84 96 67 41 80 54 8 
591-1-9 1?2.536 = 1 87 52 38 53 93 91 50 22 60 45 30 97 59 64 82 25 21 70 23 9 
591-1-10 1?2.579 = 1 87 52 38 53 93 91 50 60 45 30 97 59 64 82 77 71 56 92 10 
591-1-11 1?2.497 = 1 87 52 38 53 93 91 50 60 22 78 28 76 61 65 55 68 39 94 11 
591-1-12 1?2.532 = 1 87 52 38 89 51 99 78 28 76 61 65 55 43 19 40 86 44 35 12 
591-1-13 1?2.228 = 1 87 52 38 89 51 99 81 20 33 88 98 19 43 40 86 44 13 
591-1-14 1?2.192 = 1 87 52 38 89 51 81 63 65 55 43 40 86 44 90 66 14 
591-1-15 1?2.081 = 1 87 52 38 53 93 91 50 60 22 78 99 81 20 33 26 15 
591-2-3 1?1.709 = 2 24 18 34 53 93 91 50 60 22 30 45 57 37 16 3 
591-2-4 1?1.71 = 2 24 18 34 53 93 91 50 60 22 30 45 57 37 16 4 
591-2-5 1?1.644 = 2 24 18 34 53 93 91 50 22 30 45 57 37 36 62 5 
591-2-6 1?2.14 = 2 24 18 34 53 93 91 50 60 45 30 97 59 64 29 95 83 49 6 
591-2-7 1?2.192 = 2 18 34 53 93 91 50 22 30 97 59 64 29 48 32 84 41 67 96 7 
591-2-8 1?2.198 = 2 18 34 53 93 91 50 22 30 97 64 46 48 32 84 96 67 41 80 54 8 
591-2-9 1?2.549 = 2 72 17 18 34 53 93 91 50 22 60 45 30 97 59 64 82 25 21 23 9 
591-2-10 1?2.567 = 2 24 18 34 53 93 91 50 22 60 45 30 97 59 64 82 77 71 56 92 10 
591-2-11 1?2.502 = 2 24 18 34 53 93 91 50 60 30 22 78 28 76 61 65 55 68 39 94 11 
591-2-12 1?2.456 = 2 24 18 34 53 93 91 50 22 78 28 76 61 65 55 43 19 40 35 12 
591-2-13 1?2.257 = 2 24 18 34 53 93 91 50 22 78 28 76 61 65 55 43 40 86 44 13 
591-2-14 1?2.307 = 2 24 18 34 53 93 91 50 22 78 63 85 19 40 86 44 90 66 14 
591-2-15 1?2.147 = 2 24 18 34 53 93 91 50 60 45 30 22 78 99 81 20 33 26 15 
591-3-4 1?1.908 = 3 17 72 18 34 53 93 91 50 60 22 30 45 57 37 4 
591-3-5 1?1.905 = 3 72 17 93 91 50 60 22 30 45 57 37 36 62 5 
591-3-6 1?2.284 = 3 17 93 91 50 22 60 45 30 97 59 64 29 95 83 49 6 
591-3-7 1?2.372 = 3 17 93 91 50 22 30 97 59 64 29 46 48 32 84 41 96 7 
591-3-8 1?2.378 = 3 17 93 91 50 22 30 97 59 64 29 48 32 84 96 67 41 80 54 8 
591-3-9 1?2.62 = 3 72 18 34 53 93 91 50 22 60 45 30 97 59 64 82 25 21 23 9 
591-3-10 1?2.694 = 3 17 18 34 53 93 91 50 22 30 97 59 64 82 77 71 56 92 10 
591-3-11 1?2.743 = 3 17 93 91 50 60 30 22 78 28 76 75 73 61 65 55 68 39 94 11 
591-3-12 1?2.717 = 3 72 18 34 53 93 91 50 22 78 28 76 61 65 55 43 19 40 35 12 
591-3-13 1?2.48 = 3 17 93 91 50 60 22 78 28 76 61 65 55 43 19 40 86 44 13 
591-3-14 1?2.527 = 3 17 93 91 50 22 78 28 76 61 65 55 43 40 86 44 90 66 14 
591-3-15 1?2.408 = 3 72 18 34 53 93 91 50 60 45 30 22 78 99 81 20 33 26 15 
591-4-5 1?2.128 = 4 16 17 93 91 50 60 22 30 45 57 37 36 62 5 
591-4-6 1?2.2 = 4 37 57 45 60 50 22 30 97 59 64 29 95 83 49 6 
591-4-7 1?2.151 = 4 16 37 79 27 69 95 29 46 48 32 84 96 67 41 54 80 7 
591-4-8 1?2.329 = 4 37 79 27 69 95 29 64 82 25 46 48 32 84 96 41 80 54 8 
591-4-9 1?2.609 = 4 37 79 27 69 95 29 46 48 32 84 58 41 67 96 80 54 21 70 23 9 
591-4-10 1?2.661 = 4 37 79 27 69 95 29 48 32 84 96 67 80 54 21 70 42 92 10 
591-4-11 1?2.662 = 4 37 57 45 30 60 50 22 78 28 75 73 61 65 55 68 39 94 11 
591-4-12 1?2.727 = 4 37 57 45 30 60 50 22 78 28 76 75 73 61 65 55 43 40 35 12 
591-4-13 1?2.592 = 4 37 57 45 30 60 22 78 28 76 75 73 61 65 55 43 19 40 86 44 13 
591-4-14 1?2.538 = 4 37 57 45 30 22 78 28 76 61 65 55 43 19 40 86 44 90 66 14 
591-4-15 1?2.449 = 4 37 57 45 30 22 50 91 93 53 34 18 24 38 52 87 74 47 15 
591-5-6 1?2.059 = 5 62 27 69 95 29 64 82 25 46 48 32 84 83 49 6 
591-5-7 1?1.767 = 5 62 27 69 95 29 46 48 32 84 96 67 41 54 80 7 
591-5-8 1?1.644 = 5 62 27 69 95 29 46 48 32 84 96 67 41 80 54 8 
591-5-9 1?2.27 = 5 62 27 69 95 29 46 48 32 84 96 67 41 80 54 21 70 23 9 
591-5-10 1?2.463 = 5 36 27 69 95 29 48 32 84 96 67 41 80 54 21 70 42 10 
591-5-11 1?2.521 = 5 62 36 27 69 95 29 64 82 77 73 61 65 55 68 39 94 11 
591-5-12 1?2.623 = 5 62 36 27 69 95 29 64 59 75 73 61 65 55 43 19 40 35 12 
591-5-13 1?2.419 = 5 62 27 69 95 29 64 82 77 73 61 65 55 43 19 40 86 44 13 
591-5-14 1?2.47 = 5 62 27 69 95 29 64 59 75 73 61 65 55 43 40 86 44 90 14 
591-5-15 1?2.563 = 5 62 36 37 57 45 30 22 50 91 93 53 34 18 24 52 87 74 47 15 
591-6-7 1?1.9 = 6 49 83 84 32 48 29 64 82 25 31 58 41 67 96 7 
591-6-8 1?1.905 = 6 49 83 95 29 64 82 25 46 48 32 84 41 80 54 8 
591-6-9 1?1.957 = 6 49 83 95 29 48 32 84 96 67 41 80 54 21 23 9 
591-6-10 1?2.328 = 6 49 83 95 29 48 32 84 96 67 41 80 54 21 70 42 92 10 
591-6-11 1?2.457 = 6 49 83 32 48 29 64 82 25 77 73 61 65 55 68 39 94 11 
591-6-12 1?2.524 = 6 49 83 32 48 46 25 82 77 73 61 65 55 43 19 40 86 44 35 12 
591-6-13 1?2.657 = 6 49 83 84 32 48 29 64 82 25 77 73 75 61 65 55 43 19 40 86 44 13 
591-6-14 1?2.38 = 6 49 83 32 48 46 25 82 77 73 61 65 55 43 40 86 44 90 66 14 
591-6-15 1?2.532 = 6 49 84 32 48 46 25 82 77 73 61 65 55 43 19 98 88 33 26 15 
591-7-8 1?1.892 = 7 96 67 41 84 32 48 46 64 82 25 31 58 54 80 8 
591-7-9 1?1.967 = 7 96 67 41 84 32 48 46 29 64 82 25 21 70 23 9 
591-7-10 1?2.198 = 7 96 67 80 54 41 84 32 48 29 64 82 77 71 56 92 10 
591-7-11 1?2.246 = 7 96 67 41 84 32 48 46 25 77 73 61 65 55 68 39 94 11 
591-7-12 1?2.406 = 7 96 67 41 58 48 46 25 82 77 73 61 65 55 43 19 40 35 12 
591-7-13 1?2.404 = 7 96 67 41 84 32 48 31 25 82 77 73 61 65 55 43 19 40 86 44 13 
591-7-14 1?2.439 = 7 96 67 41 84 32 48 46 25 82 77 73 61 65 55 43 40 86 44 90 66 14 
591-7-15 1?2.5 = 7 96 67 41 84 32 48 46 25 77 73 61 65 55 43 19 98 88 33 26 15 
591-8-9 1?1.869 = 8 54 80 41 67 96 84 32 48 46 64 82 25 21 23 9 
591-8-10 1?1.895 = 8 54 80 41 67 96 84 32 48 58 31 21 70 42 92 10 
591-8-11 1?1.961 = 8 54 80 96 67 41 58 31 25 77 73 68 39 94 11 
591-8-12 1?2.259 = 8 54 80 96 67 41 58 31 25 82 77 73 61 65 55 43 40 35 12 
591-8-13 1?2.078 = 8 54 80 96 67 41 58 31 25 77 73 61 65 55 43 40 86 44 13 
591-8-14 1?2.233 = 8 54 80 96 67 41 58 31 25 77 73 61 65 55 43 40 86 44 90 14 
591-8-15 1?2.473 = 8 54 80 96 67 41 58 31 25 82 77 73 61 65 55 43 19 98 88 33 26 15 
591-9-10 1?2.27 = 9 23 54 80 67 96 84 32 48 46 25 77 71 56 92 10 
591-9-11 1?2.197 = 9 23 21 25 82 77 73 75 61 65 55 68 39 94 11 
591-9-12 1?2.239 = 9 23 21 70 42 71 77 73 61 65 55 43 19 40 35 12 
591-9-13 1?2.291 = 9 23 70 21 25 82 77 73 75 61 65 55 43 19 40 86 44 13 
591-9-14 1?2.45 = 9 23 21 70 42 25 82 77 73 61 65 55 43 19 40 86 44 90 14 
591-9-15 1?2.768 = 9 23 54 80 67 41 58 31 25 77 73 61 65 55 43 19 98 88 33 26 15 
591-10-11 1?2.306 = 10 92 56 71 25 82 77 73 61 65 55 68 39 94 11 
591-10-12 1?2.266 = 10 92 56 39 68 61 65 55 43 19 40 86 44 35 12 
591-10-13 1?2.376 = 10 92 42 70 21 25 77 73 61 65 55 43 19 40 86 44 13 
591-10-14 1?2.46 = 10 92 42 25 82 77 73 61 65 55 43 19 40 86 44 90 66 14 
591-10-15 1?2.815 = 10 92 56 71 77 25 82 75 73 61 65 55 43 19 85 98 88 33 26 15 
591-11-12 1?2.173 = 11 94 39 68 73 61 65 55 43 19 40 86 44 35 12 
591-11-13 1?2.146 = 11 94 39 68 73 75 76 61 65 55 43 40 86 44 13 
591-11-14 1?2.122 = 11 94 56 92 71 68 55 43 19 40 86 44 90 66 14 
591-11-15 1?2.155 = 11 94 39 68 73 61 65 55 43 19 98 88 33 26 15 
591-12-13 1?2.313 = 12 39 56 92 71 77 73 61 65 55 43 40 86 44 13 
591-12-14 1?2.423 = 12 39 68 55 65 85 88 98 19 43 40 86 44 90 66 14 
591-12-15 1?2.329 = 12 35 44 86 40 19 43 55 65 61 63 85 98 88 33 26 15 
591-13-14 1?2.24 = 13 44 86 40 43 55 65 61 73 75 76 63 85 19 66 14 
591-13-15 1?2.191 = 13 44 86 40 43 55 65 61 73 75 76 63 88 33 26 15 
591-14-15 1?2.102 = 14 66 90 44 86 40 19 43 55 65 63 85 88 33 26 15 
stop
