start
421-0-1 1?2.229 = 0 24 99 92 61 37 80 46 95 89 59 62 42 86 27 30 1 
421-0-4 1?2.486 = 0 24 99 92 61 37 80 46 95 89 59 62 42 76 23 70 22 35 4 
421-0-5 1?2.427 = 0 92 99 24 41 89 62 59 95 94 38 63 58 33 84 67 96 79 68 5 
421-0-9 1?2.424 = 0 99 92 61 37 80 46 65 72 57 54 20 39 56 91 40 71 98 25 48 9 
421-0-10 1?2.27 = 0 99 92 61 37 80 46 65 55 72 54 39 20 32 83 85 73 82 87 10 
421-0-11 1?2.154 = 0 24 99 92 61 37 80 46 65 55 72 57 54 39 20 32 83 85 43 16 11 
421-0-3 1?2.235 = 0 24 99 92 61 37 80 46 95 89 59 62 42 76 23 70 22 3 
421-0-2 1?2.069 = 0 24 99 92 61 37 80 46 95 89 59 62 42 86 27 30 2 
421-0-7 1?2.669 = 0 99 92 61 37 80 46 65 72 54 20 39 40 71 98 69 36 97 45 7 
421-0-6 1?2.735 = 0 92 99 24 41 89 62 59 95 94 38 63 58 33 84 66 21 77 17 19 6 
421-0-8 1?2.628 = 0 99 92 61 37 80 46 65 55 72 57 54 20 39 40 71 98 69 36 8 
421-0-14 1?1.916 = 0 99 92 61 37 80 46 75 28 39 20 54 72 55 50 14 
421-1-2 1?2.244 = 1 74 24 99 92 61 37 80 46 95 59 62 42 86 27 30 2 
421-1-3 1?2.217 = 1 30 27 86 42 62 59 95 94 38 63 76 23 70 35 3 
421-0-13 1?2.037 = 0 99 92 61 37 80 46 75 28 39 20 54 57 72 55 50 60 13 
421-1-8 1?2.685 = 1 74 62 59 95 94 18 81 52 56 91 71 98 69 36 97 45 8 
421-0-15 1?2.201 = 0 99 92 61 37 80 46 75 28 39 20 54 65 34 29 15 
421-1-4 1?2.487 = 1 74 30 27 86 42 62 59 95 94 38 63 76 23 70 22 35 4 
421-1-5 1?2.46 = 1 30 27 86 42 62 59 95 94 38 63 58 33 84 67 96 79 68 5 
421-1-6 1?2.665 = 1 74 62 59 95 94 38 63 58 33 88 84 67 66 21 77 17 19 6 
421-0-12 1?1.948 = 0 99 92 61 37 80 46 65 55 72 57 54 39 20 32 83 85 43 53 12 
421-1-7 1?2.647 = 1 74 62 59 95 94 18 81 52 31 91 40 71 98 69 36 97 45 7 
421-1-13 1?2.262 = 1 74 24 99 92 61 37 80 46 75 28 39 20 54 57 72 55 13 
421-1-14 1?2.288 = 1 74 24 99 92 61 37 80 46 75 28 39 20 54 72 55 50 14 
421-2-5 1?2.016 = 2 27 30 86 42 76 23 22 70 90 88 84 67 96 79 68 5 
421-2-4 1?2.125 = 2 27 86 42 62 59 95 94 38 63 76 23 70 22 35 4 
421-2-3 1?2.034 = 2 27 86 42 62 59 95 94 38 63 76 23 70 22 35 3 
421-1-11 1?2.358 = 1 74 24 99 92 61 37 80 46 65 55 72 57 54 39 20 32 83 85 73 11 
421-1-10 1?2.564 = 1 74 62 59 95 94 18 81 52 31 56 40 91 71 78 49 82 51 87 10 
421-2-6 1?2.427 = 2 27 30 86 42 76 23 70 90 88 79 96 67 66 21 77 17 19 6 
421-1-15 1?2.181 = 1 74 24 99 92 61 37 80 46 65 72 55 60 50 34 29 15 
421-1-9 1?2.656 = 1 74 62 59 95 94 18 81 52 31 56 91 40 71 78 49 93 25 48 47 9 
421-1-12 1?2.197 = 1 74 24 99 92 61 37 80 46 65 55 72 57 54 39 20 32 83 53 12 
421-3-5 1?2.07 = 3 22 70 23 90 88 84 67 66 21 77 17 19 96 68 5 
421-3-4 1?2.26 = 3 22 70 23 90 88 84 67 66 21 77 17 19 96 79 4 
421-2-14 1?2.243 = 2 27 86 42 62 59 95 75 28 39 20 54 57 72 55 50 34 14 
421-2-13 1?2.357 = 2 27 86 42 62 59 95 94 75 28 39 20 54 57 72 55 50 60 13 
421-2-8 1?2.614 = 2 27 86 42 76 23 70 90 79 96 67 19 17 77 21 44 97 45 8 
421-2-10 1?2.418 = 2 27 86 42 62 59 89 95 94 18 81 52 31 91 40 71 78 49 93 87 10 
421-2-11 1?2.492 = 2 27 86 42 62 59 95 94 18 81 52 31 56 91 40 71 78 49 82 51 11 
421-2-15 1?2.145 = 2 27 30 86 42 63 38 94 95 59 62 89 41 24 99 92 15 
421-2-9 1?2.48 = 2 27 86 42 62 59 95 94 18 81 52 31 91 40 71 98 25 48 47 9 
421-2-7 1?2.636 = 2 30 27 86 42 76 23 70 90 88 79 96 67 19 17 66 21 77 44 7 
421-2-12 1?2.434 = 2 30 27 86 42 62 59 95 94 18 81 52 28 39 20 32 83 85 43 53 12 
421-4-5 1?2.198 = 4 35 70 23 90 88 84 66 21 77 19 67 96 79 68 5 
421-3-6 1?1.985 = 3 22 70 23 90 88 79 96 67 84 66 21 77 17 19 6 
421-3-13 1?2.532 = 3 22 70 23 76 42 62 59 95 75 28 39 20 54 57 72 55 50 60 13 
421-3-14 1?2.461 = 3 22 70 23 76 63 38 94 18 75 28 39 20 54 57 72 55 50 14 
421-3-11 1?2.51 = 3 22 70 23 76 42 62 59 95 94 18 81 52 56 40 71 78 49 82 11 
421-3-10 1?2.511 = 3 22 70 23 76 42 62 59 95 94 18 81 52 56 40 71 78 49 87 10 
421-3-8 1?2.82 = 3 22 70 23 76 63 38 94 18 81 52 31 91 40 71 98 25 48 47 8 
421-3-15 1?2.522 = 3 22 70 23 76 27 30 86 42 62 59 94 95 89 41 24 99 92 61 15 
421-3-9 1?2.52 = 3 22 70 23 76 63 38 94 18 81 52 56 91 40 71 98 25 48 9 
421-3-7 1?2.667 = 3 35 22 70 23 90 88 79 96 67 84 66 17 19 77 21 44 97 45 7 
421-3-12 1?2.507 = 3 22 70 23 76 42 62 59 89 95 94 75 28 39 20 32 83 85 43 53 12 
421-4-13 1?2.633 = 4 35 22 70 23 76 42 62 59 89 41 37 80 46 65 72 55 50 60 13 
421-4-6 1?2.12 = 4 35 22 70 23 90 88 79 96 67 66 21 77 19 6 
421-5-6 1?2.417 = 5 68 79 88 33 84 67 96 19 17 77 21 97 45 44 6 
421-4-11 1?2.629 = 4 35 70 23 76 42 62 59 95 94 75 28 39 20 32 83 85 73 11 
421-4-14 1?2.609 = 4 35 70 23 76 42 62 59 95 75 28 39 20 54 57 72 55 50 14 
421-4-10 1?2.692 = 4 35 70 23 76 42 62 59 95 94 18 81 52 56 40 71 78 49 87 10 
421-4-8 1?2.666 = 4 35 22 70 23 90 88 79 96 67 19 17 66 21 77 44 97 45 8 
421-4-7 1?2.146 = 4 35 22 70 23 90 88 79 96 67 66 21 77 44 7 
421-4-15 1?2.644 = 4 35 22 70 23 76 42 63 38 94 95 59 62 89 41 24 99 92 61 15 
421-4-9 1?2.757 = 4 35 22 70 23 76 63 38 94 18 81 52 31 91 40 71 98 25 48 9 
421-4-12 1?2.62 = 4 79 96 67 84 33 58 81 52 31 91 71 40 56 39 20 32 83 53 12 
421-6-8 1?2.257 = 6 19 17 67 96 79 88 84 33 66 21 77 44 97 45 8 
421-5-8 1?2.588 = 5 68 79 96 67 84 33 58 81 52 31 91 40 71 98 69 36 8 
421-6-7 1?2.199 = 6 19 17 67 96 79 88 33 84 66 21 77 44 97 45 7 
421-5-10 1?2.394 = 5 68 79 96 67 84 33 58 81 52 31 56 40 91 71 78 49 93 87 10 
421-5-7 1?2.061 = 5 68 79 88 84 67 96 19 17 66 21 77 44 97 45 7 
421-5-13 1?2.513 = 5 68 79 96 67 66 64 26 31 91 71 40 56 39 20 54 57 72 55 13 
421-5-11 1?2.488 = 5 68 79 96 67 84 33 58 81 52 28 39 20 32 83 85 73 43 16 11 
421-5-14 1?2.461 = 5 68 79 96 67 84 33 58 81 52 28 39 20 54 57 72 55 50 34 14 
421-5-9 1?2.344 = 5 68 79 96 67 84 33 58 81 52 31 91 40 71 98 25 48 9 
421-5-15 1?2.55 = 5 68 79 96 67 84 33 58 63 38 94 95 59 62 89 41 24 99 92 61 15 
421-5-12 1?2.524 = 5 68 79 96 67 84 33 58 26 31 91 71 40 56 39 20 32 83 85 43 53 12 
421-6-10 1?2.255 = 6 19 17 77 44 45 97 36 69 98 71 40 78 49 93 87 10 
421-7-8 1?2.394 = 7 45 97 36 69 98 71 91 40 78 49 93 25 48 47 8 
421-7-11 1?2.1 = 7 45 97 36 69 98 71 40 56 39 20 32 83 85 73 11 
421-7-10 1?2.31 = 7 44 45 97 36 69 98 91 56 40 71 78 49 93 87 51 10 
421-6-13 1?2.421 = 6 19 17 77 21 36 69 98 71 40 91 56 39 20 54 57 72 55 13 
421-6-11 1?2.4 = 6 19 17 77 21 36 69 98 71 40 91 56 39 20 32 83 85 73 11 
421-6-14 1?2.431 = 6 19 17 77 21 36 69 98 71 40 56 39 20 54 57 72 55 50 14 
421-7-9 1?2.145 = 7 45 97 36 69 98 91 40 71 78 49 93 25 48 47 9 
421-6-9 1?2.274 = 6 19 17 77 21 36 69 98 71 91 40 78 49 93 48 9 
421-6-12 1?2.311 = 6 19 17 77 21 36 69 98 71 40 91 56 39 20 32 83 85 53 12 
421-6-15 1?2.732 = 6 19 17 77 21 36 69 98 71 40 39 20 54 57 72 55 50 34 29 15 
421-8-11 1?2.098 = 8 36 69 98 71 40 91 56 39 20 32 83 85 43 16 11 
421-8-10 1?2.298 = 8 36 69 98 71 40 56 39 20 32 83 85 73 82 87 10 
421-8-9 1?2.196 = 8 45 97 36 69 98 91 40 71 78 49 93 25 48 47 9 
421-8-13 1?2.352 = 8 45 97 36 69 98 71 40 91 56 39 20 54 57 72 55 50 60 13 
421-7-13 1?2.497 = 7 45 97 36 69 98 71 40 91 31 56 28 39 20 54 57 72 55 50 60 13 
421-8-14 1?2.447 = 8 45 97 36 69 98 71 40 91 56 28 39 20 54 57 72 55 65 34 14 
421-8-12 1?2.237 = 8 45 97 36 69 98 71 40 91 56 28 39 20 32 83 85 43 53 12 
421-7-14 1?2.533 = 7 45 97 36 69 98 71 40 91 56 28 39 20 32 54 57 72 55 65 34 14 
421-8-15 1?2.527 = 8 36 69 98 71 40 91 56 39 20 54 57 72 65 46 80 37 61 15 
421-7-12 1?2.186 = 7 45 97 36 69 98 71 40 91 56 28 39 20 32 83 85 43 53 12 
421-7-15 1?2.55 = 7 45 97 36 69 98 71 40 91 56 39 20 54 57 72 55 50 34 29 15 
421-9-10 1?2.002 = 9 48 25 98 71 40 39 20 32 83 85 73 82 87 10 
421-10-11 1?1.707 = 10 87 93 49 78 71 40 91 56 39 20 32 83 85 73 11 
421-9-11 1?1.786 = 9 48 25 98 71 40 91 56 39 20 32 83 85 73 11 
421-10-13 1?1.771 = 10 87 93 49 82 73 85 83 32 20 39 54 57 72 55 13 
421-10-12 1?1.618 = 10 87 93 49 78 71 40 91 56 39 20 32 83 85 53 12 
421-9-13 1?2.148 = 9 48 25 93 49 78 71 40 91 56 28 39 20 54 57 72 55 60 13 
421-9-12 1?1.697 = 9 48 25 98 71 40 91 56 39 20 32 83 85 53 12 
421-10-14 1?2.152 = 10 87 93 49 82 73 85 83 32 20 39 28 54 57 72 55 50 34 29 14 
421-9-14 1?2.27 = 9 47 48 25 93 49 78 71 40 91 56 28 39 20 54 57 72 55 50 34 14 
421-9-15 1?2.328 = 9 48 25 98 71 40 91 56 39 20 54 57 72 55 65 46 80 37 61 15 
421-10-15 1?2.249 = 10 87 93 49 78 71 40 91 56 39 20 54 57 72 55 65 46 80 37 61 15 
421-13-14 1?1.772 = 13 53 43 73 85 83 32 20 39 54 57 72 55 50 34 14 
421-12-14 1?1.5 = 12 53 43 73 85 83 32 20 39 54 57 72 55 50 34 14 
421-12-13 1?1.53 = 12 53 43 73 85 83 32 20 39 54 57 72 55 50 60 13 
421-11-13 1?1.762 = 11 16 43 73 85 83 32 20 39 28 54 57 72 55 50 60 13 
421-11-14 1?1.704 = 11 16 43 73 85 83 32 20 39 54 57 72 55 60 50 34 14 
421-11-12 1?1.618 = 11 82 49 78 71 40 91 56 39 20 32 83 85 43 53 12 
421-14-15 1?1.866 = 14 34 50 55 72 57 54 20 39 28 75 46 80 37 61 15 
421-13-15 1?2.028 = 13 53 85 83 32 20 39 54 57 72 55 65 46 80 37 61 15 
421-12-15 1?1.756 = 12 53 85 83 32 20 39 54 57 72 55 65 46 80 37 61 15 
421-11-15 1?1.913 = 11 16 43 85 83 32 20 39 54 57 72 55 65 46 80 37 61 15 
stop
