start
135-0-2 1?1.982 = 0 65 18 95 83 42 36 62 66 57 53 29 23 78 2 
135-0-3 1?2.228 = 0 88 65 18 95 83 42 36 62 66 53 29 23 78 82 3 
135-0-1 1?2.076 = 0 65 18 95 83 42 36 62 66 57 53 29 23 78 1 
135-0-7 1?2.673 = 0 88 65 18 95 83 42 36 62 66 57 16 28 43 71 35 69 87 56 45 7 
135-0-10 1?2.258 = 0 65 18 95 83 42 36 58 21 51 72 32 84 39 47 92 63 67 10 
135-0-11 1?2.192 = 0 88 65 18 95 83 42 36 62 48 61 58 21 51 72 39 47 84 31 11 
135-0-8 1?2.611 = 0 65 18 95 83 42 36 58 80 70 34 33 24 59 91 37 26 97 60 85 8 
135-0-5 1?2.283 = 0 88 53 57 16 28 43 19 40 55 17 90 30 79 81 77 94 86 74 5 
135-0-4 1?2.321 = 0 65 18 95 83 42 36 62 66 57 16 28 43 19 40 55 93 4 
135-0-6 1?2.507 = 0 65 18 95 83 42 36 62 66 16 28 43 17 90 30 79 81 77 94 86 6 
135-0-9 1?2.531 = 0 65 18 95 83 42 36 48 61 58 21 51 39 47 92 25 49 24 59 54 64 9 
135-0-14 1?2.03 = 0 88 65 18 95 83 42 27 36 62 48 61 58 21 51 50 14 
135-1-2 1?2.253 = 1 88 65 18 95 83 42 36 62 66 53 29 23 78 82 2 
135-1-5 1?1.933 = 1 23 29 46 19 40 55 17 90 30 79 81 77 94 86 74 5 
135-1-3 1?2.227 = 1 78 23 29 46 19 40 55 90 30 79 81 22 93 20 3 
135-1-4 1?2.075 = 1 78 23 29 46 19 40 55 17 90 30 79 81 22 93 4 
135-0-13 1?2.192 = 0 88 65 18 95 83 42 36 48 61 58 21 51 72 84 32 13 
135-0-15 1?2.037 = 0 65 18 95 83 42 36 62 48 61 58 51 21 27 38 15 
135-1-8 1?2.487 = 1 23 29 46 19 40 55 17 90 71 89 41 52 68 37 26 60 85 76 8 
135-1-7 1?2.528 = 1 23 29 46 19 40 55 17 90 71 35 98 37 26 97 60 85 76 45 7 
135-0-12 1?1.93 = 0 88 65 18 95 83 42 36 62 48 61 58 21 51 72 32 73 12 
135-1-6 1?2.499 = 1 23 29 53 57 16 28 43 19 40 55 17 90 30 79 81 77 94 86 6 
135-1-14 1?2.268 = 1 23 29 53 57 66 62 83 42 36 48 61 58 21 51 50 14 
135-1-13 1?2.405 = 1 23 29 53 57 66 62 83 42 27 36 48 61 58 21 51 72 13 
135-2-5 1?1.886 = 2 82 78 23 29 46 99 40 55 17 90 30 79 81 77 5 
135-2-3 1?2.133 = 2 78 23 29 46 19 40 55 90 30 79 81 22 93 20 3 
135-2-4 1?1.981 = 2 78 23 29 46 19 40 55 17 90 30 79 81 22 93 4 
135-1-10 1?2.525 = 1 88 65 18 95 83 42 36 48 61 58 21 51 72 39 47 92 63 67 10 
135-2-6 1?2.24 = 2 82 78 23 29 46 99 19 40 55 17 90 30 79 81 77 94 74 86 6 
135-1-12 1?2.186 = 1 88 65 18 95 83 42 36 62 48 61 58 21 51 72 32 73 12 
135-1-11 1?2.494 = 1 88 65 18 95 83 42 36 62 48 61 58 21 51 72 84 39 47 92 63 11 
135-1-15 1?2.019 = 1 23 29 53 57 66 62 36 27 42 83 95 18 38 15 
135-1-9 1?2.609 = 1 23 29 46 19 40 55 17 90 71 89 41 34 33 49 24 59 54 96 64 9 
135-2-14 1?2.2 = 2 78 23 29 53 57 66 62 83 42 36 48 61 58 21 50 14 
135-3-5 1?2.151 = 3 99 19 40 55 17 90 71 35 30 79 81 77 94 86 74 5 
135-3-4 1?2.253 = 3 99 55 40 19 43 28 75 89 71 90 30 79 81 22 4 
135-2-10 1?2.543 = 2 82 78 23 29 57 66 48 61 58 21 51 72 32 73 31 63 67 10 
135-2-13 1?2.45 = 2 78 23 29 53 57 66 62 83 42 36 48 61 58 21 51 72 32 13 
135-2-7 1?2.365 = 2 82 78 23 29 46 19 40 55 17 90 71 35 98 69 87 56 45 7 
135-2-8 1?2.399 = 2 82 78 23 29 46 19 40 55 17 90 71 35 98 37 26 97 60 85 8 
135-2-11 1?2.388 = 2 78 23 29 53 66 62 83 42 36 58 21 51 72 32 84 31 11 
135-2-15 1?1.88 = 2 78 23 29 53 57 66 62 36 42 83 95 18 38 15 
135-2-9 1?2.456 = 2 82 78 23 29 46 19 40 55 17 90 71 89 41 34 33 24 59 54 64 9 
135-2-12 1?2.4 = 2 82 78 23 29 53 57 66 62 83 42 36 48 61 58 21 51 72 32 73 12 
135-3-14 1?2.461 = 3 99 19 40 55 17 90 71 43 28 16 57 66 62 36 42 27 50 14 
135-4-5 1?2.051 = 4 93 99 19 40 55 17 90 30 79 81 22 77 94 86 74 5 
135-3-13 1?2.539 = 3 99 40 55 90 17 43 28 16 57 66 62 83 42 36 58 21 51 13 
135-3-10 1?2.642 = 3 99 19 40 55 17 90 71 89 41 34 33 49 24 59 54 96 64 10 
135-3-7 1?2.409 = 3 99 19 40 55 17 90 71 89 41 52 68 37 26 60 85 76 45 7 
135-3-6 1?2.405 = 3 99 55 40 19 43 28 75 89 71 17 90 30 79 81 77 94 86 6 
135-3-11 1?2.602 = 3 99 40 55 17 90 71 89 75 48 61 58 21 51 72 32 73 31 11 
135-3-8 1?2.498 = 3 99 40 55 17 90 71 89 41 34 33 24 59 91 37 26 97 60 85 8 
135-3-15 1?2.116 = 3 82 23 29 53 57 66 62 36 42 83 95 18 38 15 
135-3-9 1?2.451 = 3 99 40 55 17 90 71 89 41 34 33 49 24 59 91 96 54 64 9 
135-3-12 1?2.545 = 3 82 78 23 29 53 66 62 83 42 36 48 61 58 21 51 72 32 73 12 
135-5-6 1?2.125 = 5 74 86 94 77 81 79 30 55 40 19 17 90 71 35 44 6 
135-4-6 1?2.163 = 4 93 99 19 40 55 17 90 30 79 81 22 77 94 74 86 6 
135-4-10 1?2.493 = 4 22 77 94 86 44 56 45 76 85 60 97 26 37 91 54 59 24 49 10 
135-4-7 1?2.374 = 4 22 81 79 30 55 40 17 90 71 89 41 52 68 98 69 87 56 7 
135-4-13 1?2.515 = 4 93 55 40 19 43 28 16 57 66 62 83 42 36 48 61 58 21 51 13 
135-4-14 1?2.483 = 4 22 81 79 30 90 17 55 40 19 43 28 16 57 66 62 36 42 27 50 14 
135-4-8 1?2.404 = 4 93 55 40 19 17 90 71 89 41 52 68 98 37 26 97 60 85 76 8 
135-4-9 1?2.358 = 4 22 77 94 74 86 44 56 45 76 85 60 97 26 37 91 24 59 54 64 9 
135-4-11 1?2.562 = 4 93 55 40 17 90 71 89 75 48 61 58 21 51 72 32 73 31 11 
135-4-15 1?2.311 = 4 22 81 30 90 17 43 28 16 57 66 62 36 42 83 95 18 38 15 
135-4-12 1?2.51 = 4 93 55 40 19 43 28 16 57 66 62 36 83 42 27 21 51 72 32 12 
135-5-7 1?2.059 = 5 74 94 77 81 79 30 55 40 17 90 35 69 87 56 45 7 
135-6-8 1?1.935 = 6 44 56 45 76 85 60 97 26 37 91 24 59 54 96 8 
135-6-7 1?2.151 = 6 86 94 77 81 79 30 55 40 17 90 35 69 87 56 45 7 
135-5-8 1?2.172 = 5 74 94 77 81 79 30 90 17 71 89 41 52 68 37 26 97 60 85 8 
135-5-10 1?2.359 = 5 74 94 86 44 56 45 76 85 60 26 37 91 54 59 24 49 25 67 10 
135-5-13 1?2.603 = 5 77 81 79 30 90 17 55 40 19 43 28 16 57 66 62 36 83 42 27 50 13 
135-5-9 1?2.15 = 5 74 77 94 86 44 56 45 76 85 60 97 26 37 91 24 59 54 64 9 
135-5-14 1?2.512 = 5 74 94 77 81 79 30 90 17 55 40 19 43 28 16 57 66 62 36 42 27 50 14 
135-5-11 1?2.481 = 5 74 86 44 56 45 76 85 60 26 37 91 96 54 59 24 49 25 63 11 
135-5-12 1?2.439 = 5 74 94 77 81 79 30 90 17 71 89 75 48 61 58 21 51 72 32 73 12 
135-5-15 1?2.363 = 5 74 94 77 81 79 30 90 17 43 28 16 57 66 62 36 42 83 95 18 38 15 
135-6-10 1?1.937 = 6 7 45 76 85 60 26 37 91 54 59 24 49 25 67 10 
135-7-8 1?1.682 = 7 45 56 87 76 85 60 97 26 37 91 59 54 64 96 8 
135-7-10 1?1.547 = 7 45 76 85 60 26 37 91 54 59 24 49 25 67 10 
135-7-9 1?1.376 = 7 45 56 87 76 85 60 97 26 37 91 24 59 54 64 9 
135-6-9 1?1.733 = 6 44 56 45 76 85 60 97 26 37 91 24 59 54 64 9 
135-6-14 1?2.477 = 6 74 86 94 77 81 79 30 90 17 43 28 16 57 66 62 36 83 42 27 50 14 
135-6-13 1?2.597 = 6 86 94 77 81 79 30 90 17 43 28 16 57 66 48 61 58 21 51 72 13 
135-6-11 1?2.349 = 6 44 56 45 76 85 60 97 26 37 91 96 54 59 24 49 25 92 63 11 
135-6-12 1?2.379 = 6 7 45 76 85 60 97 26 37 91 59 24 49 25 92 47 39 84 73 12 
135-7-11 1?2.065 = 7 45 76 85 60 97 26 37 91 54 59 24 49 25 92 47 39 84 31 11 
135-6-15 1?2.42 = 6 86 94 81 79 30 90 17 43 28 16 57 66 62 36 42 83 95 18 38 15 
135-8-10 1?1.495 = 8 76 85 60 26 37 91 96 54 59 24 49 25 67 10 
135-8-9 1?1.459 = 8 60 85 76 45 56 87 97 26 37 91 24 59 54 64 9 
135-8-11 1?1.604 = 8 76 85 60 26 37 91 96 54 59 24 49 25 63 11 
135-7-13 1?2.21 = 7 45 76 85 60 97 26 37 91 59 24 49 25 92 47 39 84 32 13 
135-7-14 1?2.506 = 7 45 76 85 60 97 26 37 91 54 59 24 49 25 92 47 39 51 50 14 
135-8-14 1?2.42 = 8 85 60 97 26 37 91 54 59 24 49 25 92 47 39 84 72 51 50 14 
135-8-13 1?2.161 = 8 85 60 97 26 37 91 54 59 24 49 25 92 47 39 84 31 73 32 13 
135-8-12 1?1.916 = 8 85 60 26 37 91 96 54 59 24 49 25 92 47 39 84 31 73 12 
135-8-15 1?2.509 = 8 85 60 97 26 37 91 59 24 33 34 70 80 58 36 42 83 95 18 38 15 
135-7-12 1?2.087 = 7 45 76 85 60 97 26 37 91 54 59 24 49 25 92 47 39 84 31 73 12 
135-7-15 1?2.586 = 7 56 87 69 98 68 52 41 75 28 16 57 66 62 36 42 83 95 18 38 15 
135-9-10 1?1.696 = 9 64 54 59 24 49 25 92 47 39 84 31 63 67 10 
135-9-11 1?1.743 = 9 64 54 59 24 49 25 63 92 47 39 84 32 73 31 11 
135-10-11 1?1.971 = 10 64 54 59 24 49 25 63 92 47 39 84 32 73 31 11 
135-10-12 1?1.824 = 10 64 54 59 24 49 25 63 92 47 39 84 31 73 32 12 
135-9-12 1?1.596 = 9 64 54 59 24 49 25 63 92 47 39 84 31 73 32 12 
135-10-13 1?2.272 = 10 67 63 92 47 39 84 72 51 21 58 61 48 36 42 83 27 50 13 
135-10-14 1?2.201 = 10 67 63 92 47 39 84 32 72 51 21 58 61 48 36 42 83 27 50 14 
135-9-13 1?2.375 = 9 64 54 59 24 49 25 92 47 39 84 31 73 32 72 51 21 50 13 
135-9-14 1?2.276 = 9 64 54 59 24 49 25 63 92 47 39 84 31 73 32 72 51 21 50 14 
135-10-15 1?2.173 = 10 67 63 92 47 39 84 72 51 21 58 61 48 36 42 83 95 18 38 15 
135-9-15 1?2.284 = 9 64 54 59 24 33 34 70 80 58 61 48 62 36 42 83 95 18 38 15 
135-12-14 1?1.828 = 12 73 32 72 51 21 58 61 48 36 42 83 95 18 38 14 
135-13-14 1?1.998 = 13 72 51 21 58 61 48 36 42 83 62 95 18 38 50 14 
135-12-13 1?1.987 = 12 73 31 84 47 39 51 21 58 61 48 36 42 27 50 13 
135-11-13 1?1.988 = 11 31 73 32 72 51 21 58 61 48 36 83 42 27 50 13 
135-11-14 1?1.833 = 11 31 73 32 72 51 21 58 61 48 36 83 42 27 50 14 
135-11-12 1?2.214 = 11 10 64 54 59 24 49 25 63 92 47 39 84 31 73 32 12 
135-13-15 1?1.871 = 13 72 51 21 58 61 48 36 27 42 83 62 95 18 38 15 
135-14-15 1?2.03 = 14 50 27 42 83 36 58 61 48 66 62 95 18 65 38 15 
135-12-15 1?1.709 = 12 32 72 51 21 58 61 48 62 36 42 83 95 18 38 15 
135-11-15 1?2.044 = 11 31 84 47 39 72 51 21 58 61 48 62 36 42 83 95 18 38 15 
stop
