start
890-0-2 1?2.089 = 0 23 19 69 84 93 48 61 40 36 28 25 60 78 99 2 
890-0-1 1?1.935 = 0 19 23 84 93 48 61 40 36 28 25 60 78 81 72 1 
890-0-5 1?2.279 = 0 19 23 84 69 25 60 38 43 34 29 79 50 98 55 95 57 83 5 
890-0-4 1?2.358 = 0 23 19 69 25 60 38 43 34 29 79 50 98 55 95 57 83 66 4 
890-0-11 1?1.985 = 0 19 23 84 93 61 47 67 85 46 33 74 35 73 26 45 63 11 
890-0-10 1?2.264 = 0 19 23 84 93 48 61 47 67 85 46 33 74 35 73 26 45 24 22 10 
890-0-6 1?2.366 = 0 23 19 69 25 60 38 43 34 29 79 50 98 55 95 57 83 31 89 6 
890-0-7 1?2.471 = 0 23 84 93 61 47 67 85 46 74 33 27 76 87 90 49 91 7 
890-0-3 1?2.242 = 0 19 23 84 93 48 61 40 36 37 28 25 60 78 18 3 
890-0-9 1?2.194 = 0 93 61 47 67 85 46 33 74 35 92 21 17 53 86 56 82 9 
890-0-8 1?2.352 = 0 93 48 61 47 67 85 46 33 74 35 92 21 17 53 96 68 52 8 
890-0-13 1?1.912 = 0 93 61 47 67 85 46 33 74 35 97 30 75 88 13 
890-0-14 1?2.041 = 0 19 23 84 93 48 61 40 36 37 59 85 67 47 54 14 
890-1-2 1?2.202 = 1 19 23 69 84 93 48 61 40 36 28 25 60 78 99 2 
890-0-15 1?2.086 = 0 19 23 69 25 28 36 40 85 67 47 61 48 77 15 
890-1-5 1?2.167 = 1 72 81 78 60 25 38 43 34 29 79 50 98 55 95 57 83 31 5 
890-1-4 1?2.285 = 1 72 81 78 60 25 38 43 34 29 79 50 98 55 95 57 83 66 4 
890-1-7 1?2.532 = 1 72 81 78 60 38 43 34 29 79 50 98 55 95 57 83 31 89 62 7 
890-1-6 1?2.293 = 1 72 81 78 60 25 38 43 34 29 79 50 98 55 95 57 83 31 89 6 
890-1-3 1?2.233 = 1 81 78 60 38 43 34 29 79 50 98 55 44 65 32 3 
890-0-12 1?1.985 = 0 19 23 84 93 61 47 67 85 46 33 74 35 73 41 80 12 
890-1-8 1?2.495 = 1 72 81 78 60 38 43 34 27 76 87 90 70 92 21 17 53 96 68 52 8 
890-1-15 1?2.044 = 1 72 81 78 60 25 28 37 36 40 85 67 47 61 48 15 
890-1-14 1?2.049 = 1 72 81 78 60 25 69 19 23 84 93 61 48 77 42 14 
890-2-5 1?2.129 = 2 99 78 60 38 43 34 29 79 50 98 55 95 57 83 31 5 
890-2-4 1?2.243 = 2 99 78 60 25 38 43 34 29 79 50 98 55 95 44 66 4 
890-1-13 1?2.16 = 1 72 81 78 60 25 28 36 40 85 46 33 74 35 97 30 75 88 13 
890-2-6 1?2.452 = 2 99 78 60 25 38 43 34 29 79 50 98 55 95 57 83 31 89 62 6 
890-2-3 1?2.327 = 2 99 78 60 38 43 34 29 79 50 98 55 95 44 65 32 3 
890-1-9 1?2.334 = 1 72 81 78 60 25 38 43 34 27 76 87 70 92 21 17 53 86 56 82 9 
890-1-10 1?2.301 = 1 72 81 78 60 25 28 40 47 67 85 46 74 33 35 64 58 24 22 10 
890-1-11 1?2.143 = 1 19 23 84 93 48 61 47 67 85 46 33 74 35 73 26 45 63 11 
890-1-12 1?2.178 = 1 72 81 78 60 25 28 36 40 85 46 33 74 35 73 41 20 80 12 
890-2-15 1?2.175 = 2 99 78 60 25 28 37 36 40 85 67 47 61 48 77 15 
890-3-5 1?2.474 = 3 32 18 78 60 25 38 43 34 29 79 50 98 57 83 5 
890-3-4 1?2.504 = 3 32 18 78 60 38 43 34 29 79 50 98 55 44 66 4 
890-2-13 1?2.291 = 2 99 78 60 25 28 36 40 85 46 33 74 35 73 41 80 20 88 13 
890-2-14 1?2.541 = 2 72 81 78 60 25 28 36 40 47 67 85 46 33 74 97 30 75 14 
890-2-7 1?2.604 = 2 99 78 60 25 28 40 85 46 74 33 27 76 87 90 49 91 7 
890-2-9 1?2.425 = 2 99 78 60 25 28 36 40 85 46 74 33 92 21 17 53 86 56 82 9 
890-2-10 1?2.352 = 2 99 78 60 25 28 36 40 47 67 85 46 33 74 35 64 58 24 22 10 
890-2-8 1?2.472 = 2 99 78 60 25 38 43 34 27 76 87 70 92 21 17 53 96 68 52 8 
890-2-12 1?2.3 = 2 99 78 60 25 28 37 36 40 47 67 85 46 33 74 35 73 41 80 12 
890-2-11 1?2.3 = 2 99 78 60 25 28 37 36 40 47 67 85 46 33 74 35 73 26 45 63 11 
890-3-15 1?2.299 = 3 32 65 44 55 98 50 79 29 34 37 36 40 61 48 15 
890-4-5 1?2.483 = 4 32 18 78 60 38 43 34 29 79 50 98 55 95 83 5 
890-3-6 1?2.538 = 3 32 65 66 44 95 55 98 50 79 29 76 87 90 51 62 6 
890-3-13 1?2.5 = 3 18 78 60 25 28 36 40 47 67 85 46 33 74 35 97 30 75 13 
890-3-14 1?2.639 = 3 18 78 60 25 28 36 40 47 67 85 46 33 74 35 97 30 75 14 
890-3-7 1?2.703 = 3 32 65 66 44 83 57 95 55 98 50 79 29 76 87 90 51 49 91 7 
890-3-9 1?2.43 = 3 32 65 44 95 55 98 50 79 29 87 70 92 21 17 53 86 56 82 9 
890-3-10 1?2.564 = 3 32 65 44 55 98 50 79 29 76 27 33 74 35 73 26 24 22 10 
890-3-12 1?2.518 = 3 32 65 44 55 98 50 79 29 76 27 59 46 33 74 35 73 41 80 12 
890-3-8 1?2.478 = 3 32 65 44 83 57 95 55 98 50 90 70 92 21 17 53 96 68 52 8 
890-3-11 1?2.524 = 3 18 78 60 25 28 37 36 40 47 67 85 46 33 74 35 73 26 45 63 11 
890-4-7 1?2.312 = 4 66 44 83 57 95 55 98 50 79 29 87 90 49 91 7 
890-5-6 1?2.342 = 5 31 83 57 95 55 98 50 79 29 76 87 90 49 51 62 6 
890-4-6 1?2.452 = 4 66 44 83 57 95 55 98 50 79 29 76 87 90 51 62 6 
890-4-15 1?2.428 = 4 66 44 55 98 50 79 29 76 27 59 85 67 47 61 48 77 15 
890-4-13 1?2.397 = 4 66 44 55 98 50 79 29 76 27 33 74 46 85 67 47 30 75 13 
890-4-14 1?2.398 = 4 66 44 95 55 98 50 79 29 76 27 33 74 46 85 67 47 54 14 
890-4-9 1?2.282 = 4 66 44 95 55 98 50 79 29 87 70 92 21 17 53 86 56 82 9 
890-4-8 1?2.248 = 4 66 83 57 95 55 98 50 90 70 92 21 17 53 96 68 52 8 
890-4-10 1?2.538 = 4 66 44 55 98 50 79 29 76 27 59 46 33 74 35 73 26 24 22 10 
890-4-11 1?2.407 = 4 66 44 55 98 50 79 29 27 59 85 46 33 74 35 73 26 45 63 11 
890-4-12 1?2.432 = 4 66 44 55 98 50 79 29 76 27 59 85 46 74 33 35 73 41 80 12 
890-5-7 1?2.267 = 5 31 83 57 95 55 98 50 79 29 76 87 90 51 49 91 7 
890-6-7 1?2.238 = 6 89 31 83 57 95 55 98 50 79 29 87 90 49 91 7 
890-5-15 1?2.385 = 5 83 57 95 55 98 50 79 29 27 33 74 46 85 67 47 61 48 15 
890-5-9 1?2.179 = 5 83 57 95 55 98 50 79 29 87 70 92 21 17 53 86 56 82 9 
890-5-13 1?2.424 = 5 31 83 95 55 98 50 79 29 76 27 33 74 46 85 67 47 30 75 88 13 
890-6-8 1?2.151 = 6 89 31 83 57 95 55 98 50 90 70 17 53 96 68 52 8 
890-5-14 1?2.543 = 5 31 83 57 95 55 98 50 79 29 76 27 33 74 46 59 85 67 47 54 42 14 
890-5-10 1?2.364 = 5 31 83 57 95 55 98 50 79 29 76 27 33 74 35 64 58 24 22 10 
890-5-8 1?2.13 = 5 31 83 57 95 55 98 50 90 70 92 21 17 53 96 68 52 8 
890-5-11 1?2.271 = 5 83 57 95 55 98 50 79 29 76 27 33 46 74 35 73 26 45 63 11 
890-5-12 1?2.436 = 5 31 83 57 95 55 98 50 79 29 76 27 59 85 46 33 74 35 73 41 80 12 
890-6-9 1?1.984 = 6 62 71 98 50 90 70 92 21 17 53 86 56 82 9 
890-7-9 1?2.033 = 7 91 49 51 90 70 92 21 17 53 96 68 86 56 82 9 
890-7-10 1?2.301 = 7 91 49 90 87 76 27 59 46 33 74 35 64 58 24 22 10 
890-6-10 1?2.184 = 6 89 31 83 57 95 55 98 50 90 70 92 21 17 16 10 
890-6-13 1?2.415 = 6 89 31 83 57 95 55 98 50 79 29 76 27 33 74 46 97 75 88 13 
890-6-15 1?2.456 = 6 89 31 83 57 95 55 98 50 79 29 76 27 59 85 67 47 61 48 15 
890-7-8 1?2.278 = 7 91 49 51 90 70 92 21 17 53 86 56 68 96 52 8 
890-7-11 1?2.251 = 7 91 49 90 87 76 27 59 85 46 33 74 35 73 26 45 63 11 
890-6-14 1?2.431 = 6 89 57 83 95 55 98 50 79 29 76 27 33 74 46 85 67 47 54 14 
890-6-11 1?2.263 = 6 89 71 98 50 79 29 76 27 33 74 35 73 26 45 63 11 
890-6-12 1?2.381 = 6 89 31 83 57 95 55 98 50 79 29 76 27 33 74 35 73 41 80 12 
890-8-9 1?2.284 = 8 52 68 96 53 17 21 64 73 26 45 24 16 86 56 9 
890-8-11 1?1.95 = 8 68 96 53 17 21 92 33 74 35 73 26 45 63 11 
890-8-10 1?2.109 = 8 52 68 96 53 17 21 92 64 73 26 45 63 24 22 10 
890-7-13 1?2.423 = 7 91 49 90 87 76 27 59 85 46 33 74 35 73 41 80 20 88 13 
890-7-15 1?2.627 = 7 91 49 90 87 76 27 33 74 46 85 67 47 40 61 93 48 77 15 
890-8-13 1?2.372 = 8 52 68 96 53 17 21 70 92 35 74 33 46 85 67 47 30 75 88 13 
890-8-15 1?2.414 = 8 52 68 96 53 17 21 92 35 74 33 46 85 67 47 40 61 93 15 
890-8-14 1?2.395 = 8 52 68 96 53 17 21 92 70 87 76 27 33 74 46 85 67 47 54 14 
890-7-14 1?2.709 = 7 91 49 90 87 76 27 33 35 74 46 85 67 47 61 93 48 77 42 14 
890-8-12 1?2.179 = 8 52 68 96 53 17 21 92 33 46 74 35 73 41 80 20 39 12 
890-7-12 1?2.326 = 7 91 49 90 87 76 27 59 85 46 33 74 35 73 41 80 39 12 
890-10-13 1?1.849 = 10 22 24 58 64 35 74 33 46 85 67 47 30 75 88 13 
890-10-11 1?2.035 = 10 16 53 17 21 92 33 46 74 35 73 26 45 63 11 
890-9-11 1?1.817 = 9 82 56 86 53 17 21 70 92 64 73 26 45 63 11 
890-9-10 1?1.972 = 9 82 56 86 53 17 21 92 33 74 35 64 58 24 22 10 
890-10-12 1?1.899 = 10 22 24 45 26 73 35 74 33 46 97 20 80 39 12 
890-9-13 1?2.019 = 9 82 56 86 53 17 21 92 35 74 33 46 85 67 30 75 88 13 
890-9-12 1?1.72 = 9 82 56 86 53 17 21 58 26 45 41 80 20 39 12 
890-9-14 1?2.099 = 9 82 56 86 53 17 21 92 35 74 33 46 85 67 47 54 42 14 
890-9-15 1?2.219 = 9 82 56 86 53 17 21 64 35 74 33 46 59 85 67 47 61 48 15 
890-10-15 1?2.293 = 10 22 24 26 45 41 73 35 74 33 46 85 67 47 40 61 93 15 
890-10-14 1?2.199 = 10 22 24 45 26 73 35 74 33 46 85 67 47 61 48 77 42 14 
890-12-15 1?1.837 = 12 39 80 41 73 35 74 33 46 85 67 47 61 48 15 
890-12-13 1?1.74 = 12 80 41 73 35 74 33 46 85 67 47 30 75 88 13 
890-11-13 1?1.67 = 11 63 45 26 73 35 74 33 46 85 67 30 75 88 13 
890-14-15 1?2.109 = 14 54 47 67 85 46 74 35 33 59 37 36 40 61 48 15 
890-13-15 1?1.9 = 13 75 30 97 35 74 33 46 85 67 47 61 48 77 15 
890-11-14 1?1.793 = 11 63 45 26 41 73 35 74 33 46 85 67 47 54 14 
890-13-14 1?1.863 = 13 39 20 80 41 73 35 74 33 46 85 67 47 54 14 
890-12-14 1?1.785 = 12 39 20 80 41 73 35 74 33 46 85 67 47 54 14 
890-11-12 1?1.751 = 11 63 45 26 73 35 74 33 46 85 67 97 20 80 12 
890-11-15 1?2.001 = 11 63 45 26 73 35 74 33 46 85 67 47 61 93 48 77 15 
stop
