start
694-0-2 1?2.036 = 0 17 57 74 42 47 22 28 97 64 66 69 86 18 85 94 2 
694-0-3 1?2.332 = 0 17 57 74 42 47 22 28 97 64 66 69 86 18 85 94 51 3 
694-0-4 1?2.607 = 0 17 57 74 42 47 22 28 97 64 18 86 69 66 50 56 35 65 4 
694-0-1 1?2.269 = 0 17 57 74 42 67 60 27 19 99 22 28 97 64 18 54 1 
694-0-5 1?2.48 = 0 17 47 22 99 19 44 52 29 55 96 59 83 48 25 87 89 68 5 
694-0-6 1?2.393 = 0 17 42 47 22 99 19 44 52 29 55 96 59 83 87 68 89 88 21 6 
694-0-8 1?2.558 = 0 17 47 22 99 19 44 52 29 37 41 31 24 30 98 73 75 72 76 8 
694-0-7 1?2.565 = 0 53 17 47 22 99 19 44 52 29 55 96 59 83 87 68 89 88 7 
694-0-11 1?2.621 = 0 17 57 74 42 67 92 43 71 20 40 16 93 36 49 23 79 39 61 11 
694-0-9 1?2.536 = 0 17 47 22 99 19 44 52 29 37 41 31 24 30 98 73 75 90 58 9 
694-0-10 1?2.632 = 0 17 47 22 99 19 44 52 29 37 41 31 24 30 98 73 75 90 58 10 
694-0-15 1?2.247 = 0 53 17 57 74 42 67 27 60 45 33 34 71 43 92 15 
694-1-3 1?2.292 = 1 54 53 47 22 28 97 64 66 69 86 18 85 94 51 3 
694-0-14 1?2.068 = 0 53 17 57 74 42 47 22 99 19 27 60 67 92 43 14 
694-1-7 1?2.567 = 1 54 18 86 64 66 69 56 35 62 55 96 59 83 48 25 87 68 89 88 7 
694-1-5 1?2.289 = 1 54 18 86 66 69 56 35 62 59 83 48 25 87 68 89 84 5 
694-1-2 1?2.081 = 1 54 53 17 57 74 42 47 22 28 97 64 86 18 85 94 2 
694-1-8 1?2.57 = 1 54 18 86 64 66 69 56 50 52 29 37 41 31 30 98 73 75 72 76 8 
694-0-12 1?2.438 = 0 53 17 57 74 67 92 43 71 45 33 34 20 40 16 93 49 36 12 
694-1-4 1?2.561 = 1 54 53 17 42 47 22 28 97 64 18 86 66 69 56 35 65 4 
694-0-13 1?2.247 = 0 53 17 57 74 42 47 22 99 19 27 60 45 33 34 20 16 40 13 
694-1-6 1?2.31 = 1 85 86 18 64 66 69 56 35 62 59 83 48 25 87 68 89 88 21 6 
694-1-14 1?2.061 = 1 54 18 86 64 97 28 22 99 19 27 60 67 92 43 14 
694-1-15 1?2.177 = 1 54 18 86 64 97 28 22 99 19 27 60 67 42 74 57 15 
694-2-5 1?1.999 = 2 94 85 86 66 69 56 35 62 59 83 87 68 89 84 5 
694-2-3 1?2.334 = 2 94 85 86 66 69 56 50 52 29 55 96 62 35 91 3 
694-1-12 1?2.476 = 1 54 18 86 64 66 69 56 50 52 29 44 63 38 82 95 49 36 93 12 
694-2-4 1?2.263 = 2 94 85 86 18 64 66 69 56 35 62 55 96 59 83 65 4 
694-1-11 1?2.676 = 1 54 18 86 64 66 69 56 50 52 29 44 63 38 82 80 26 79 39 61 11 
694-2-6 1?1.881 = 2 94 85 86 69 56 35 62 59 83 87 68 89 88 21 6 
694-1-9 1?2.608 = 1 54 18 86 66 69 56 50 52 29 37 41 31 24 30 98 73 75 90 58 9 
694-1-10 1?2.621 = 1 85 86 18 64 66 69 56 50 52 29 37 31 30 98 73 75 90 58 10 
694-1-13 1?2.389 = 1 54 18 86 64 66 97 28 22 99 19 27 60 45 33 34 20 16 40 13 
694-2-15 1?2.012 = 2 94 85 86 18 64 97 28 22 99 19 27 60 67 74 57 15 
694-2-14 1?2.175 = 2 94 85 18 86 69 66 97 28 22 99 19 27 60 67 92 43 14 
694-3-5 1?2.2 = 3 91 86 18 64 66 69 56 35 62 59 83 87 68 89 84 5 
694-3-4 1?2.453 = 3 91 51 94 85 86 18 64 28 97 66 69 56 50 35 65 4 
694-2-7 1?2.31 = 2 94 85 86 18 64 66 69 56 35 62 55 96 59 83 87 68 89 88 7 
694-2-12 1?2.387 = 2 94 85 86 18 64 66 69 56 50 52 29 44 63 38 82 95 49 36 93 12 
694-2-8 1?2.338 = 2 94 85 86 66 69 56 50 52 29 37 31 30 98 73 75 72 76 8 
694-2-11 1?2.53 = 2 94 85 86 18 64 66 69 56 50 52 29 44 63 38 82 80 95 49 11 
694-2-9 1?2.534 = 2 94 85 86 18 64 66 69 56 50 52 29 37 31 24 46 30 98 73 75 90 9 
694-2-13 1?2.237 = 2 94 85 86 69 66 97 28 22 99 27 60 45 33 34 20 16 40 13 
694-2-10 1?2.555 = 2 94 85 86 18 64 66 69 56 50 52 29 37 41 31 30 98 73 75 90 58 10 
694-3-7 1?2.355 = 3 91 69 56 50 52 29 55 96 62 59 83 87 68 89 88 7 
694-4-5 1?2.253 = 4 65 62 55 96 59 83 48 25 87 68 89 88 21 84 5 
694-3-14 1?2.428 = 3 51 94 85 18 86 69 66 64 97 28 22 99 19 27 60 92 43 14 
694-3-15 1?2.478 = 3 91 51 94 85 86 18 64 97 28 22 99 19 27 60 67 42 74 57 15 
694-3-8 1?2.471 = 3 91 69 56 50 52 29 37 31 24 46 30 98 73 75 72 76 8 
694-3-12 1?2.507 = 3 91 86 18 64 66 69 56 50 52 29 44 63 38 82 95 49 36 93 12 
694-3-6 1?2.008 = 3 91 69 56 35 62 59 83 48 25 87 68 89 88 21 6 
694-3-11 1?2.707 = 3 91 86 18 64 66 69 56 50 52 29 44 63 38 82 80 26 79 39 61 11 
694-3-9 1?2.536 = 3 91 86 18 64 66 69 56 50 52 29 37 31 24 30 98 73 75 90 9 
694-3-10 1?2.613 = 3 91 86 18 64 66 69 56 50 52 29 37 31 30 98 73 75 90 58 10 
694-3-13 1?2.447 = 3 51 94 85 86 18 64 97 28 22 99 19 27 60 45 33 34 20 16 40 13 
694-4-7 1?2.48 = 4 65 35 56 50 52 29 55 96 59 83 87 68 89 88 21 7 
694-4-8 1?2.465 = 4 65 62 55 96 59 83 25 48 24 31 30 98 73 75 72 76 8 
694-4-14 1?2.501 = 4 65 35 56 69 66 86 18 64 97 28 22 99 19 27 60 92 43 14 
694-5-6 1?2.201 = 5 84 89 68 87 83 59 62 55 96 24 48 25 88 21 6 
694-4-15 1?2.645 = 4 65 35 56 69 66 86 18 64 97 28 22 99 19 27 60 67 74 57 15 
694-4-12 1?2.628 = 4 65 35 56 69 66 97 28 22 99 19 27 60 45 33 34 20 40 16 12 
694-4-6 1?2.134 = 4 65 62 55 96 59 83 48 25 87 68 89 84 88 21 6 
694-4-11 1?2.798 = 4 65 35 56 69 66 50 52 29 44 63 38 82 80 81 32 79 39 61 11 
694-4-9 1?2.644 = 4 65 35 56 69 66 50 52 29 37 31 24 46 30 98 73 75 90 9 
694-4-10 1?2.711 = 4 65 35 56 69 66 50 52 29 37 31 24 30 98 73 75 90 58 10 
694-4-13 1?2.679 = 4 65 35 56 69 66 97 28 22 99 19 27 60 45 33 34 71 20 16 40 13 
694-6-7 1?2.151 = 6 21 88 89 25 48 24 31 30 73 75 98 46 77 7 
694-6-8 1?1.799 = 6 21 88 89 68 87 25 48 46 98 30 73 75 72 76 8 
694-5-7 1?2.38 = 5 84 89 68 87 25 48 24 31 30 98 73 75 72 76 77 7 
694-5-8 1?2.128 = 5 84 89 68 87 25 48 24 31 30 98 73 75 72 76 70 8 
694-5-14 1?2.399 = 5 84 89 68 87 83 59 62 96 55 29 52 44 19 99 27 60 92 43 14 
694-5-9 1?2.209 = 5 84 21 88 89 68 87 25 48 24 31 30 98 73 75 90 58 9 
694-5-12 1?2.498 = 5 84 89 68 87 83 59 62 96 55 29 52 44 63 38 82 95 49 36 93 12 
694-5-15 1?2.5 = 5 84 89 68 87 25 48 83 59 96 55 29 44 19 99 27 60 67 74 15 
694-5-11 1?2.619 = 5 84 89 68 87 83 59 96 55 29 52 44 63 38 82 80 26 79 39 61 11 
694-5-10 1?2.483 = 5 84 89 68 87 25 48 83 59 62 55 96 24 31 30 73 75 90 58 10 
694-5-13 1?2.518 = 5 84 89 68 87 83 59 96 55 29 52 44 63 38 82 45 33 34 20 16 40 13 
694-6-9 1?1.777 = 6 21 88 89 68 87 25 48 46 98 30 73 75 90 58 9 
694-7-9 1?1.978 = 7 88 89 68 87 25 48 24 31 30 98 73 75 58 9 
694-7-8 1?2.028 = 7 88 89 68 87 25 48 24 31 30 98 73 75 72 76 8 
694-7-10 1?2.074 = 7 88 89 68 87 25 48 24 31 30 98 73 75 58 10 
694-7-11 1?2.519 = 7 21 88 89 68 87 25 48 24 31 30 98 73 75 58 39 61 11 
694-6-11 1?2.388 = 6 21 88 89 68 87 83 59 96 55 29 52 44 63 38 82 95 49 11 
694-6-12 1?2.353 = 6 21 88 89 68 87 83 59 96 55 29 52 44 63 38 82 95 49 36 93 12 
694-6-15 1?2.434 = 6 21 88 89 68 87 25 48 83 59 96 55 29 44 19 99 27 60 67 74 15 
694-6-10 1?2.288 = 6 21 88 89 68 87 25 48 83 59 96 24 31 30 98 73 75 58 10 
694-6-14 1?2.401 = 6 21 88 89 68 87 83 59 96 55 29 52 44 63 38 82 27 60 92 43 14 
694-6-13 1?2.38 = 6 21 88 89 68 87 83 59 96 55 29 52 44 63 38 82 33 34 20 16 40 13 
694-8-11 1?2.071 = 8 76 72 75 73 30 98 46 24 31 41 81 26 79 39 61 11 
694-8-9 1?2.267 = 8 70 76 72 75 73 30 98 46 24 31 41 81 32 58 90 9 
694-8-10 1?2.094 = 8 76 72 75 73 30 98 46 24 31 41 81 26 79 39 61 10 
694-7-12 1?2.477 = 7 88 89 68 87 83 59 96 55 29 52 44 63 38 82 95 49 93 12 
694-7-14 1?2.49 = 7 88 89 68 87 25 48 83 59 96 55 29 44 19 99 27 60 92 43 14 
694-8-14 1?2.42 = 8 76 72 75 73 98 30 31 41 37 29 52 44 19 99 27 60 92 43 14 
694-8-12 1?2.457 = 8 76 72 75 73 98 30 31 37 29 52 44 63 38 82 95 49 36 93 12 
694-7-15 1?2.574 = 7 88 89 68 87 25 48 83 59 96 55 29 52 44 19 99 27 67 74 15 
694-8-15 1?2.564 = 8 76 72 75 73 98 30 31 41 37 29 52 44 19 99 27 60 67 74 57 15 
694-7-13 1?2.515 = 7 88 89 68 87 83 59 96 55 29 52 44 63 38 82 33 34 20 16 40 13 
694-8-13 1?2.484 = 8 76 72 75 73 98 30 31 37 29 52 44 63 38 82 33 34 20 16 40 13 
694-9-12 1?1.935 = 9 58 90 75 73 98 30 24 31 81 26 23 49 36 93 12 
694-10-12 1?2.031 = 10 58 90 75 73 98 30 24 31 81 26 23 49 36 93 12 
694-10-11 1?2.135 = 10 58 90 75 73 30 98 46 24 31 41 81 32 79 39 61 11 
694-9-11 1?2.039 = 9 58 90 75 73 30 98 46 24 31 41 81 32 79 39 61 11 
694-9-10 1?2.062 = 9 58 90 75 73 30 98 46 24 31 41 81 32 79 39 61 10 
694-10-14 1?2.403 = 10 39 79 23 95 49 36 93 16 40 20 34 33 45 71 43 92 14 
694-10-15 1?2.478 = 10 58 90 75 73 98 30 31 37 29 52 44 19 99 22 47 42 74 15 
694-9-14 1?2.309 = 9 90 75 73 98 30 31 41 37 29 52 44 19 99 27 60 92 43 14 
694-9-15 1?2.477 = 9 58 90 75 73 98 30 31 41 37 29 52 44 19 99 27 60 67 74 15 
694-10-13 1?2.304 = 10 58 90 75 73 98 46 24 31 81 26 23 49 36 93 16 40 13 
694-9-13 1?2.356 = 9 58 90 75 73 30 98 46 24 31 41 81 26 23 49 36 93 16 40 13 
694-11-14 1?2.005 = 11 49 36 93 16 40 20 34 45 60 27 67 92 43 14 
694-12-14 1?1.905 = 12 36 93 16 40 20 71 34 45 60 27 67 92 43 14 
694-13-14 1?1.894 = 13 40 16 20 71 34 33 45 60 27 67 42 74 92 43 14 
694-11-12 1?2.276 = 11 61 39 58 75 73 98 30 24 31 81 26 23 49 36 12 
694-14-15 1?2.077 = 14 43 92 67 27 60 82 38 19 99 22 47 42 74 57 15 
694-13-15 1?1.946 = 13 40 16 20 34 33 45 60 27 19 99 22 47 42 74 57 15 
694-12-13 1?1.921 = 12 16 40 20 34 33 45 60 27 67 92 43 71 78 13 
694-11-13 1?2.016 = 11 61 39 79 26 23 49 36 93 16 40 20 34 71 78 13 
694-12-15 1?2.414 = 12 16 40 20 34 33 45 82 38 63 44 19 99 27 60 67 74 57 15 
694-11-15 1?2.491 = 11 49 36 93 16 40 20 34 33 45 60 27 19 99 22 47 42 74 57 15 
stop
