start
858-0-4 1?2.144 = 0 57 44 89 85 35 37 74 18 45 36 49 32 83 94 43 31 71 4 
858-0-5 1?2.312 = 0 39 35 37 74 45 36 49 32 83 94 43 59 66 90 75 28 84 88 5 
858-0-3 1?2.054 = 0 22 19 24 39 35 37 74 45 36 49 32 83 54 33 21 3 
858-0-1 1?2.006 = 0 57 44 89 92 52 20 86 96 72 85 39 24 19 22 1 
858-0-6 1?2.395 = 0 39 35 37 74 45 36 49 32 83 94 43 59 66 90 75 28 84 27 6 
858-0-11 1?2.721 = 0 57 44 89 85 35 37 74 45 36 18 23 99 82 30 38 91 42 11 
858-0-2 1?2.152 = 0 57 44 89 85 35 37 45 36 49 32 83 54 33 78 2 
858-0-7 1?2.649 = 0 39 24 35 37 45 36 49 32 83 94 43 59 66 90 75 28 84 27 7 
858-0-9 1?2.735 = 0 57 44 89 92 72 96 52 86 20 60 93 30 38 91 76 16 17 46 47 9 
858-0-8 1?2.777 = 0 57 44 89 92 72 96 52 86 20 30 38 91 76 16 17 46 58 63 64 8 
858-0-10 1?2.716 = 0 57 44 89 92 72 96 52 86 20 60 93 30 38 91 76 16 17 46 47 10 
858-1-3 1?1.736 = 1 22 19 24 35 37 74 45 36 49 32 83 54 33 21 3 
858-0-14 1?2.278 = 0 22 19 24 39 57 44 89 92 72 96 52 20 41 97 14 
858-1-5 1?1.972 = 1 22 19 24 35 37 45 36 61 98 66 90 75 28 84 88 5 
858-0-13 1?2.318 = 0 22 19 24 39 57 44 89 92 72 52 86 20 93 60 69 67 13 
858-1-2 1?1.923 = 1 22 19 24 35 37 74 45 36 49 32 83 54 33 78 2 
858-0-12 1?2.483 = 0 22 19 24 39 57 44 89 92 72 96 52 86 20 93 77 65 29 12 
858-0-15 1?2.25 = 0 57 44 89 92 72 96 52 86 20 93 60 69 41 97 50 15 
858-1-6 1?2.165 = 1 22 19 24 35 37 49 32 83 94 43 59 66 90 75 84 28 88 6 
858-1-4 1?1.774 = 1 22 19 24 35 37 74 45 36 49 32 83 94 43 31 71 4 
858-1-8 1?2.454 = 1 22 19 24 35 37 45 36 18 61 48 25 68 34 79 58 63 64 8 
858-1-7 1?2.44 = 1 22 19 24 35 37 45 49 32 83 94 43 59 66 90 75 28 84 27 7 
858-1-15 1?2.103 = 1 22 19 24 39 57 44 89 92 52 86 20 41 97 50 15 
858-1-14 1?2.19 = 1 22 19 24 39 57 44 89 92 72 52 86 20 93 60 41 97 14 
858-2-3 1?2.043 = 2 78 35 37 45 36 49 32 83 94 43 31 71 87 21 3 
858-2-5 1?2.013 = 2 78 33 54 83 32 49 45 36 61 98 66 90 75 28 88 5 
858-1-13 1?2.177 = 1 22 19 24 39 57 44 89 92 72 96 52 86 20 93 60 69 67 13 
858-2-4 1?1.93 = 2 78 35 37 74 18 36 45 49 32 83 54 94 43 31 71 4 
858-2-6 1?2.359 = 2 78 33 43 94 83 32 49 45 36 18 61 98 66 90 75 28 84 27 6 
858-1-11 1?2.587 = 1 22 19 24 39 57 44 89 92 72 52 86 20 93 60 69 77 65 53 11 
858-1-9 1?2.593 = 1 22 19 24 35 37 74 45 36 18 61 48 25 70 76 16 17 46 47 9 
858-1-12 1?2.322 = 1 22 19 24 39 57 44 89 92 72 52 86 20 93 60 69 77 65 29 12 
858-1-10 1?2.545 = 1 22 19 24 39 35 37 74 45 36 18 61 48 25 70 76 16 17 46 10 
858-2-15 1?2.21 = 2 78 33 54 83 32 49 36 45 37 35 85 89 57 44 15 
858-2-14 1?2.389 = 2 78 33 54 83 32 49 45 36 18 23 99 96 52 86 20 41 97 14 
858-3-5 1?1.665 = 3 21 33 54 83 94 43 31 71 40 66 90 75 84 28 88 5 
858-2-13 1?2.41 = 2 78 33 54 83 32 49 45 36 18 23 99 82 86 20 93 60 69 67 13 
858-3-4 1?1.75 = 3 21 33 54 83 94 43 59 66 90 75 84 28 40 31 71 4 
858-2-7 1?2.4 = 2 78 33 54 83 94 43 59 66 90 75 28 84 27 73 81 55 56 62 7 
858-2-8 1?2.466 = 2 78 33 54 83 94 43 59 66 90 75 28 84 27 73 81 55 26 64 8 
858-2-11 1?2.702 = 2 78 33 43 94 54 83 32 49 45 36 18 23 99 82 30 38 91 42 11 
858-2-10 1?2.62 = 2 78 33 54 83 32 49 45 36 18 61 48 25 68 70 76 16 17 46 10 
858-2-9 1?2.713 = 2 78 33 54 83 94 43 59 66 90 75 28 84 27 95 73 81 55 26 64 63 9 
858-2-12 1?2.551 = 2 78 33 54 83 32 49 45 36 18 23 99 82 30 38 91 42 53 65 29 12 
858-4-5 1?1.795 = 4 71 31 43 94 54 83 32 59 66 90 75 28 84 27 88 5 
858-3-14 1?2.202 = 3 21 33 54 83 32 49 45 36 18 23 99 96 52 86 20 41 97 14 
858-3-15 1?2.251 = 3 21 33 54 83 49 45 36 18 23 99 96 72 92 89 57 44 15 
858-3-6 1?1.959 = 3 21 33 54 83 32 49 45 36 18 61 98 66 75 28 84 27 6 
858-3-7 1?2.101 = 3 21 33 54 83 94 43 59 66 90 75 28 84 27 73 81 56 62 7 
858-3-13 1?2.326 = 3 21 33 54 83 32 49 45 36 18 23 99 96 52 86 20 93 60 69 67 13 
858-3-8 1?2.228 = 3 21 33 54 94 43 59 66 90 75 28 84 27 73 81 55 26 63 64 8 
858-3-10 1?2.442 = 3 21 33 54 83 32 49 45 36 18 23 99 82 30 38 91 76 16 17 46 10 
858-3-9 1?2.526 = 3 21 33 54 83 94 43 59 66 90 75 28 84 27 95 73 81 55 26 64 63 9 
858-3-11 1?2.556 = 3 21 33 54 83 32 49 45 36 18 61 48 25 68 34 79 58 46 17 16 11 
858-3-12 1?2.566 = 3 21 33 54 83 32 49 45 36 18 23 99 96 52 86 20 93 60 69 77 65 29 12 
858-5-6 1?1.96 = 5 88 28 84 75 90 66 40 31 43 94 59 98 95 27 6 
858-4-6 1?1.949 = 4 71 31 43 94 83 32 49 45 36 61 98 66 90 84 27 6 
858-4-15 1?2.273 = 4 71 31 43 94 32 49 45 36 18 23 99 96 72 92 89 57 44 15 
858-4-7 1?2.055 = 4 71 31 43 94 59 66 90 75 28 84 27 73 81 55 26 56 62 7 
858-4-14 1?2.472 = 4 71 31 43 94 54 83 32 49 45 36 18 23 99 82 96 52 86 20 41 97 14 
858-4-8 1?2.136 = 4 71 31 43 94 59 66 90 75 28 84 27 95 73 81 55 26 63 64 8 
858-4-13 1?2.459 = 4 71 31 43 94 54 83 32 49 45 36 18 23 99 96 52 86 20 93 60 69 67 13 
858-4-9 1?2.382 = 4 71 31 43 94 83 32 49 45 36 18 61 48 25 70 76 17 46 47 9 
858-4-10 1?2.373 = 4 71 31 43 94 54 83 32 49 45 36 18 61 25 70 76 16 17 46 10 
858-4-11 1?2.564 = 4 71 31 43 94 32 49 45 36 18 61 48 25 68 34 79 58 46 17 16 11 
858-4-12 1?2.497 = 4 71 31 43 94 54 83 32 49 45 36 18 23 99 82 30 38 91 42 53 65 29 12 
858-5-8 1?1.691 = 5 88 28 84 75 90 66 95 73 81 51 55 26 63 64 8 
858-6-8 1?1.845 = 6 88 28 84 75 90 66 95 73 81 51 55 26 63 64 8 
858-5-7 1?1.797 = 5 88 28 84 75 90 66 98 95 73 81 51 55 56 62 7 
858-6-7 1?1.951 = 6 88 28 84 75 90 66 98 95 73 81 51 55 56 62 7 
858-5-15 1?2.438 = 5 88 28 84 75 90 66 59 43 94 83 32 49 45 36 18 74 85 89 50 15 
858-5-14 1?2.454 = 5 88 28 84 75 90 66 59 32 49 45 36 18 23 99 82 86 20 41 97 14 
858-5-13 1?2.492 = 5 88 28 84 75 90 66 59 32 49 45 36 18 23 99 82 30 93 60 69 67 13 
858-5-9 1?2.225 = 5 88 28 84 75 90 66 95 73 51 68 34 79 58 17 46 47 9 
858-5-10 1?2.263 = 5 88 28 84 75 90 66 95 73 81 51 68 34 79 58 46 17 16 10 
858-5-12 1?2.494 = 5 88 28 84 75 90 95 51 68 34 79 58 46 17 16 42 53 65 29 12 
858-5-11 1?2.524 = 5 88 27 84 28 75 90 66 95 73 81 51 68 34 79 58 46 17 16 11 
858-7-8 1?2.157 = 7 62 56 26 34 68 70 76 16 17 46 58 63 64 8 
858-7-9 1?2.241 = 7 27 84 28 75 90 66 95 73 81 51 68 34 79 58 9 
858-6-9 1?1.989 = 6 88 28 84 75 90 66 95 73 81 51 55 26 64 63 9 
858-6-15 1?2.463 = 6 27 84 28 75 90 66 59 43 94 83 32 49 37 35 85 89 57 44 15 
858-6-13 1?2.485 = 6 27 84 28 75 90 66 98 61 36 45 18 23 99 82 30 93 60 69 13 
858-7-10 1?2.297 = 7 27 84 28 75 90 95 73 81 51 68 34 79 58 47 10 
858-6-10 1?2.073 = 6 27 84 28 75 90 95 73 81 51 68 34 79 58 47 10 
858-6-14 1?2.588 = 6 27 84 28 75 90 66 59 43 94 83 32 49 36 45 74 96 52 41 97 14 
858-6-11 1?2.359 = 6 27 84 28 75 90 66 95 73 51 68 34 79 58 46 17 16 11 
858-7-11 1?2.583 = 7 27 84 28 75 90 66 95 73 51 68 34 79 58 46 17 16 11 
858-6-12 1?2.552 = 6 27 84 28 75 90 66 95 73 51 68 70 76 16 42 53 65 29 12 
858-8-9 1?2.169 = 8 64 63 58 79 34 68 70 91 76 16 17 46 47 9 
858-7-15 1?2.681 = 7 27 84 28 75 90 66 98 61 18 36 45 37 35 85 89 57 44 15 
858-8-11 1?2.253 = 8 64 63 26 34 79 58 46 17 16 76 70 91 42 11 
858-8-10 1?2.18 = 8 64 63 26 55 34 68 70 76 16 17 46 58 47 10 
858-7-13 1?2.709 = 7 27 84 28 75 90 66 98 61 36 45 18 23 99 82 30 93 60 69 13 
858-8-14 1?2.741 = 8 64 63 58 46 17 16 76 70 91 38 30 82 96 52 86 20 41 97 14 
858-8-15 1?2.74 = 8 64 63 58 46 17 16 76 91 38 30 20 86 52 72 92 89 57 44 15 
858-8-13 1?2.6 = 8 64 63 79 58 46 17 16 76 70 91 38 30 86 20 93 60 69 67 13 
858-7-14 1?2.812 = 7 27 84 28 75 90 66 59 43 94 83 32 49 36 45 74 96 52 41 97 14 
858-7-12 1?2.515 = 7 62 56 26 55 68 34 79 58 46 17 16 76 91 42 53 65 29 12 
858-8-12 1?2.499 = 8 64 63 26 55 34 79 58 46 17 16 76 70 91 42 53 65 29 12 
858-10-13 1?2.152 = 10 47 46 17 16 76 91 38 30 82 86 20 93 60 69 67 13 
858-10-14 1?2.194 = 10 46 17 16 76 70 38 30 82 96 52 86 20 41 97 14 
858-9-13 1?2.523 = 9 47 46 17 16 76 70 91 38 30 82 96 52 86 20 60 69 67 13 
858-9-11 1?2.432 = 9 64 63 79 58 46 17 16 76 91 42 53 65 29 12 11 
858-10-11 1?2.429 = 10 47 46 16 17 58 79 34 68 70 76 91 42 53 11 
858-10-12 1?2.118 = 10 16 17 46 58 79 34 68 70 91 42 53 65 29 12 
858-9-10 1?2.516 = 9 47 58 79 34 68 25 48 99 82 30 38 70 76 16 10 
858-9-12 1?2.043 = 9 64 63 79 58 46 17 16 76 91 42 53 65 29 12 
858-9-15 1?2.671 = 9 47 46 17 16 76 91 38 30 82 86 20 52 96 72 92 89 57 44 15 
858-9-14 1?2.66 = 9 47 46 17 16 76 91 38 30 82 99 96 52 86 20 93 60 41 97 14 
858-10-15 1?2.633 = 10 47 46 17 16 76 91 38 30 20 86 52 96 72 92 89 57 44 50 15 
858-12-14 1?2.194 = 12 29 65 53 42 91 30 82 99 96 52 86 20 41 97 14 
858-11-14 1?2.374 = 11 16 46 17 76 91 38 30 82 96 52 86 20 41 97 14 
858-11-13 1?2.355 = 11 42 53 65 29 77 69 60 93 20 86 52 41 97 67 13 
858-12-13 1?2.142 = 12 29 65 53 42 91 38 30 82 96 52 86 20 60 69 67 13 
858-13-14 1?2.412 = 13 67 69 60 93 20 86 52 96 72 92 89 57 44 50 97 14 
858-13-15 1?2.127 = 13 67 69 60 93 20 41 97 52 96 72 92 89 57 44 15 
858-14-15 1?2.215 = 14 97 41 69 60 93 20 86 52 96 72 85 89 57 44 15 
858-12-15 1?1.956 = 12 29 65 77 69 60 93 20 86 52 72 92 89 57 44 15 
858-11-12 1?2.18 = 11 16 17 46 58 79 34 68 70 91 42 53 65 29 12 
858-11-15 1?2.56 = 11 42 53 65 77 69 60 93 20 86 52 96 72 92 89 57 44 50 15 
stop
