start
841-0-2 1?1.94 = 0 46 73 43 58 61 27 80 99 91 75 22 64 37 86 2 
841-0-4 1?2.528 = 0 46 73 43 58 61 27 80 99 91 22 75 83 30 71 70 79 48 95 4 
841-0-3 1?2.218 = 0 46 73 43 58 61 80 99 91 22 75 83 30 71 79 48 96 34 3 
841-0-5 1?2.706 = 0 46 58 61 27 66 82 16 90 81 69 21 17 42 41 23 67 53 25 5 
841-0-1 1?2.104 = 0 46 58 61 80 99 91 22 83 30 64 37 86 89 59 43 1 
841-0-10 1?2.617 = 0 46 58 61 27 66 82 16 90 81 97 17 36 54 44 77 72 55 35 10 
841-0-11 1?2.592 = 0 46 58 61 27 66 82 40 32 60 20 87 65 28 52 68 56 51 50 11 
841-0-8 1?2.46 = 0 46 58 61 27 66 82 16 90 81 97 21 17 42 36 54 44 77 72 45 8 
841-0-7 1?2.537 = 0 46 58 61 27 66 82 16 90 29 81 69 21 17 42 41 23 53 67 24 7 
841-0-6 1?2.557 = 0 46 58 61 27 66 82 16 90 29 81 69 21 17 42 41 23 67 53 6 
841-0-9 1?2.453 = 0 46 58 61 27 66 82 16 90 81 69 21 17 36 54 44 77 72 55 45 9 
841-1-4 1?1.907 = 1 43 73 58 61 27 80 99 91 22 83 30 71 79 48 4 
841-0-15 1?2.139 = 0 46 73 43 58 61 80 99 91 22 75 27 88 93 49 15 
841-0-14 1?2.218 = 0 46 58 61 80 99 91 22 75 27 66 82 40 33 62 14 
841-1-2 1?1.929 = 1 43 73 46 58 61 27 80 99 91 75 22 64 37 86 2 
841-1-7 1?2.392 = 1 43 58 61 27 66 82 16 90 81 69 21 17 42 41 23 53 67 24 7 
841-1-6 1?2.406 = 1 43 73 58 61 27 66 82 16 90 81 97 42 41 23 67 53 6 
841-1-3 1?1.912 = 1 43 73 58 61 80 99 91 22 83 30 71 79 48 96 34 3 
841-1-5 1?2.434 = 1 43 73 58 61 27 80 99 91 22 83 30 71 70 79 48 95 78 5 
841-0-13 1?2.296 = 0 46 73 58 61 80 99 27 66 82 40 33 60 20 87 19 13 
841-0-12 1?2.492 = 0 46 58 61 80 99 91 27 66 82 40 32 60 20 87 65 52 28 12 
841-1-8 1?2.38 = 1 43 58 61 27 66 82 16 90 81 69 21 17 36 54 44 77 72 55 45 8 
841-2-4 1?1.987 = 2 89 37 86 64 22 91 99 80 27 75 83 30 71 79 48 4 
841-1-14 1?2.36 = 1 43 73 58 61 80 99 27 66 82 40 33 60 87 20 62 14 
841-1-13 1?2.342 = 1 43 58 61 80 99 91 22 75 27 66 82 40 32 60 20 87 19 13 
841-2-3 1?1.939 = 2 89 37 86 64 80 99 91 22 75 83 30 71 79 48 96 34 3 
841-1-12 1?2.492 = 1 43 73 58 61 80 99 27 66 82 40 33 32 60 20 87 52 28 12 
841-2-5 1?2.288 = 2 86 37 89 59 43 73 58 61 80 99 91 22 83 30 71 79 70 78 5 
841-2-6 1?2.387 = 2 86 37 64 99 91 22 75 29 81 69 21 17 42 41 23 53 67 6 
841-1-11 1?2.55 = 1 43 73 58 61 27 66 82 40 33 60 20 87 52 68 56 51 50 11 
841-1-10 1?2.62 = 1 73 58 61 27 66 82 16 90 69 21 17 36 54 44 77 72 55 35 10 
841-1-15 1?2.128 = 1 43 73 46 58 61 80 99 91 22 75 27 88 93 49 15 
841-1-9 1?2.424 = 1 43 58 61 27 66 82 16 90 81 69 21 17 36 54 44 77 72 55 45 9 
841-3-4 1?2.133 = 3 96 34 86 37 89 64 80 99 91 22 75 83 30 71 79 95 4 
841-3-5 1?2.147 = 3 96 34 86 37 89 64 80 99 91 22 83 30 71 79 70 78 5 
841-2-14 1?2.423 = 2 86 37 64 22 91 99 80 27 66 82 40 33 32 60 87 20 62 14 
841-2-7 1?2.355 = 2 86 37 64 99 91 22 75 29 81 69 21 17 42 41 23 53 67 24 7 
841-2-8 1?2.241 = 2 86 37 64 22 75 29 81 90 69 21 17 36 54 44 77 72 45 8 
841-2-13 1?2.324 = 2 89 37 86 64 22 91 99 80 27 66 82 40 33 32 60 20 87 19 13 
841-2-12 1?2.417 = 2 89 37 86 64 22 91 99 80 27 66 82 40 33 60 20 87 65 28 12 
841-2-10 1?2.572 = 2 89 37 86 64 91 22 75 29 81 97 21 17 36 54 44 77 72 55 35 10 
841-2-11 1?2.564 = 2 89 37 86 64 99 80 27 66 82 40 32 60 20 87 52 68 56 51 50 11 
841-2-15 1?2.101 = 2 89 37 86 64 22 91 99 80 61 58 43 73 46 49 57 15 
841-2-9 1?2.357 = 2 89 37 86 64 91 22 75 29 81 90 69 21 17 36 54 44 77 72 55 9 
841-3-6 1?2.272 = 3 34 30 83 29 90 81 97 21 17 42 41 23 67 53 6 
841-4-5 1?2.505 = 4 95 48 96 34 86 37 89 64 30 83 71 79 70 25 78 5 
841-3-7 1?2.502 = 3 34 96 48 79 71 30 83 29 81 97 21 17 42 41 23 53 67 24 7 
841-3-8 1?2.309 = 3 34 96 48 71 79 70 98 76 42 17 36 54 44 77 72 55 45 8 
841-3-14 1?2.656 = 3 34 96 48 71 30 83 22 91 99 80 27 66 82 40 33 60 20 62 14 
841-3-13 1?2.573 = 3 34 96 30 83 22 91 99 80 27 66 82 40 33 32 60 20 87 65 19 13 
841-3-12 1?2.665 = 3 34 96 30 83 22 91 99 80 27 66 82 40 33 32 60 20 87 52 28 12 
841-3-10 1?2.639 = 3 34 96 30 83 29 90 81 97 21 17 42 36 54 44 77 72 55 35 10 
841-3-11 1?2.764 = 3 96 34 64 91 99 80 27 66 82 40 32 60 20 87 52 68 56 51 50 11 
841-3-15 1?2.501 = 3 34 96 48 79 71 30 83 75 22 91 99 80 27 66 88 93 49 57 15 
841-3-9 1?2.502 = 3 34 96 30 83 29 81 90 69 21 97 42 17 36 54 44 77 72 55 45 9 
841-4-7 1?2.149 = 4 48 79 70 98 76 97 21 17 42 41 23 53 67 24 7 
841-4-6 1?2.295 = 4 48 71 30 83 29 81 69 21 17 42 41 23 67 53 6 
841-5-6 1?2.369 = 5 78 25 53 67 23 41 42 17 36 54 44 77 85 24 6 
841-4-8 1?2.334 = 4 95 79 71 30 83 29 81 90 69 21 17 36 54 44 77 72 45 8 
841-4-14 1?2.619 = 4 48 79 71 30 83 22 91 99 80 27 66 82 40 33 32 60 20 62 14 
841-4-13 1?2.574 = 4 48 79 71 30 83 22 91 99 80 27 66 82 40 32 60 20 87 65 19 13 
841-4-12 1?2.666 = 4 48 79 71 30 83 22 91 99 80 27 66 82 40 32 60 20 87 52 28 12 
841-4-10 1?2.642 = 4 95 78 25 53 67 23 41 42 17 36 54 44 77 72 45 55 84 74 10 
841-4-11 1?2.744 = 4 48 79 70 98 76 42 17 36 54 44 77 72 55 84 74 63 38 50 11 
841-4-9 1?2.422 = 4 48 71 30 83 29 90 81 97 21 17 42 36 54 44 77 72 55 9 
841-4-15 1?2.698 = 4 95 70 79 71 30 83 75 22 91 99 80 27 66 82 40 33 93 49 57 15 
841-6-7 1?1.947 = 6 53 67 23 41 42 17 36 54 44 77 55 45 72 85 7 
841-5-7 1?2.106 = 5 78 25 53 67 23 41 42 17 36 54 44 77 72 85 7 
841-6-8 1?1.772 = 6 24 67 53 23 41 42 17 36 54 44 77 72 55 45 8 
841-5-8 1?2.104 = 5 25 53 67 23 41 42 97 21 17 36 54 44 77 72 55 45 8 
841-5-14 1?2.663 = 5 78 70 79 71 30 83 22 91 99 80 27 66 82 40 33 60 20 62 14 
841-5-13 1?2.643 = 5 78 70 79 71 30 83 22 91 99 80 27 66 82 40 33 60 20 87 19 13 
841-5-10 1?2.401 = 5 78 25 53 67 23 41 42 17 36 54 44 77 72 55 84 74 63 10 
841-5-12 1?2.639 = 5 78 25 53 67 23 41 42 17 97 21 69 18 47 26 31 56 68 52 28 12 
841-5-9 1?2.208 = 5 78 25 53 67 23 41 42 97 21 17 36 54 44 77 72 55 45 9 
841-5-11 1?2.542 = 5 78 25 53 67 23 41 42 36 54 44 77 72 55 84 74 63 38 50 11 
841-5-15 1?2.676 = 5 78 25 53 67 23 41 42 17 21 69 81 90 16 82 66 88 93 49 15 
841-7-8 1?1.552 = 7 24 67 53 23 41 42 17 36 54 44 77 72 55 45 8 
841-7-9 1?1.596 = 7 24 67 53 23 41 42 17 36 54 44 77 72 55 45 9 
841-7-11 1?2.082 = 7 24 67 53 23 41 42 36 54 44 77 72 55 84 63 38 11 
841-7-10 1?1.911 = 7 24 67 53 23 41 42 17 36 54 44 77 72 55 84 74 10 
841-6-10 1?2.16 = 6 53 67 23 41 42 17 36 54 44 77 72 45 55 84 74 63 10 
841-6-14 1?2.565 = 6 53 67 23 41 42 17 21 97 81 90 16 82 40 33 60 20 62 14 
841-6-11 1?2.278 = 6 53 67 23 41 42 17 36 54 44 77 72 55 84 74 63 38 50 11 
841-6-9 1?1.945 = 6 53 67 23 41 42 76 97 21 17 36 54 44 77 72 55 9 
841-6-13 1?2.582 = 6 53 67 23 41 42 17 97 21 69 81 90 16 82 40 32 60 20 87 19 13 
841-6-12 1?2.621 = 6 53 67 23 41 42 17 36 54 44 77 72 55 84 74 63 38 50 51 12 
841-6-15 1?2.529 = 6 53 67 23 41 42 17 21 69 81 29 90 16 82 66 88 93 49 57 15 
841-8-10 1?1.87 = 8 45 55 72 77 44 54 36 41 42 17 39 94 84 74 10 
841-8-12 1?2.105 = 8 45 55 72 77 44 54 36 17 21 69 18 47 26 31 56 51 12 
841-8-11 1?2.041 = 8 45 55 72 77 44 54 36 42 17 21 69 18 47 26 31 50 11 
841-8-9 1?1.986 = 8 7 24 67 53 23 41 42 17 36 54 44 77 72 55 45 9 
841-8-13 1?2.245 = 8 45 55 72 77 44 54 36 17 21 69 18 47 92 32 60 20 87 19 13 
841-7-12 1?2.325 = 7 24 67 53 23 41 42 17 21 69 18 47 26 31 51 56 68 52 28 12 
841-7-13 1?2.346 = 7 24 67 53 23 41 42 17 21 69 18 47 26 31 56 68 52 65 19 13 
841-7-14 1?2.45 = 7 24 67 53 23 41 42 17 21 97 81 29 90 16 82 40 33 62 14 
841-8-14 1?2.417 = 8 45 55 72 77 44 54 36 42 17 21 69 81 90 16 82 40 33 62 14 
841-8-15 1?2.422 = 8 45 55 72 77 44 54 36 42 17 21 69 81 90 16 82 66 88 93 49 15 
841-7-15 1?2.646 = 7 24 67 53 23 41 42 17 21 69 81 29 90 16 40 82 66 88 93 49 57 15 
841-9-12 1?1.983 = 9 55 72 77 44 54 36 17 21 69 18 47 26 31 51 12 
841-10-11 1?2.146 = 10 35 55 72 77 44 54 36 39 94 18 47 26 31 50 11 
841-9-10 1?1.914 = 9 45 55 72 77 44 54 36 41 42 17 39 94 84 74 10 
841-9-11 1?1.9 = 9 55 72 77 44 54 36 17 21 69 18 47 26 31 50 11 
841-10-12 1?2.018 = 10 74 63 38 50 51 56 68 52 87 60 20 19 65 28 12 
841-10-13 1?1.792 = 10 74 63 38 50 51 56 68 52 28 65 87 60 20 19 13 
841-10-14 1?2.464 = 10 35 84 74 63 38 50 51 56 68 52 28 65 19 87 20 60 62 14 
841-9-13 1?2.289 = 9 45 55 72 77 44 54 36 17 21 69 18 47 92 32 60 20 87 19 13 
841-9-14 1?2.484 = 9 55 72 77 44 54 36 41 42 17 21 69 81 90 16 82 40 33 62 14 
841-10-15 1?2.629 = 10 35 55 72 77 44 54 36 17 42 97 81 90 16 82 66 88 93 49 15 
841-9-15 1?2.384 = 9 55 72 77 44 54 36 42 17 21 69 81 90 16 82 66 88 93 49 15 
841-11-13 1?2.014 = 11 50 38 63 74 84 26 31 51 56 68 52 65 19 13 
841-12-13 1?2.103 = 12 28 52 68 56 31 26 47 92 32 60 20 87 65 19 13 
841-11-12 1?2.21 = 11 50 38 63 74 84 26 31 51 56 52 87 65 28 12 
841-12-14 1?2.259 = 12 28 52 68 56 51 31 26 47 18 92 32 60 20 62 14 
841-11-14 1?2.12 = 11 50 38 63 74 84 26 31 56 68 52 87 20 62 14 
841-13-14 1?2.222 = 13 19 65 28 52 68 56 31 26 47 92 32 60 20 62 14 
841-13-15 1?2.139 = 13 19 65 87 20 60 32 33 40 82 66 88 93 49 57 15 
841-14-15 1?2.322 = 14 62 19 65 87 20 60 32 40 82 66 88 93 49 57 15 
841-12-15 1?2.238 = 12 28 52 65 87 20 60 33 40 82 66 88 93 49 57 15 
841-11-15 1?2.564 = 11 50 51 56 68 52 28 65 87 20 60 32 40 82 66 88 93 49 57 15 
stop
