start
249-0-4 1?2.288 = 0 74 68 96 38 79 64 66 23 29 41 70 87 63 44 26 4 
249-0-1 1?2.309 = 0 81 96 38 79 51 37 72 33 66 82 27 77 75 62 1 
249-0-5 1?2.615 = 0 74 68 96 38 79 64 66 23 29 41 99 31 25 92 59 73 93 85 5 
249-0-6 1?2.539 = 0 74 68 96 38 79 64 66 23 29 41 69 31 25 92 59 76 36 98 6 
249-0-9 1?2.577 = 0 74 68 96 38 79 51 37 33 72 83 32 28 47 24 95 84 52 80 61 9 
249-0-8 1?2.654 = 0 74 68 96 38 79 51 37 33 72 83 32 78 45 88 50 90 49 71 30 8 
249-0-3 1?2.288 = 0 74 68 96 38 79 64 66 23 29 41 70 87 63 44 26 3 
249-0-11 1?2.235 = 0 74 68 96 38 79 51 37 33 72 57 47 53 24 95 84 22 40 55 11 
249-0-2 1?2.098 = 0 81 96 38 79 51 37 72 33 66 82 27 77 62 75 2 
249-0-10 1?2.471 = 0 74 68 96 38 79 51 37 33 72 83 32 28 47 24 95 84 22 40 58 48 10 
249-0-7 1?2.51 = 0 81 96 38 68 64 66 23 29 41 69 31 92 73 59 76 36 21 46 7 
249-1-2 1?2.463 = 1 74 68 96 38 79 37 33 72 83 32 66 82 27 77 75 2 
249-1-5 1?2.173 = 1 62 77 27 44 63 87 60 42 25 92 59 76 73 93 85 5 
249-1-3 1?2.498 = 1 62 75 77 27 91 70 41 43 86 17 16 69 99 60 26 3 
249-0-13 1?1.796 = 0 74 68 96 38 79 51 37 33 72 83 32 28 47 65 56 13 
249-1-4 1?2.456 = 1 62 77 27 44 63 87 60 42 25 92 59 76 73 93 85 4 
249-0-15 1?2.124 = 0 74 68 38 79 33 72 83 32 28 47 57 18 34 37 51 15 
249-0-14 1?1.863 = 0 74 68 96 38 79 51 37 33 72 83 32 28 47 57 18 14 
249-1-8 1?2.646 = 1 62 77 27 63 87 60 42 25 92 59 73 36 98 46 21 20 39 8 
249-1-7 1?2.463 = 1 62 77 27 44 63 87 60 42 25 99 31 92 73 59 76 36 21 46 7 
249-1-6 1?2.339 = 1 62 77 27 44 63 87 60 42 25 99 31 92 73 59 76 36 98 6 
249-0-12 1?2.283 = 0 74 68 96 38 79 51 37 33 72 83 32 28 47 57 18 56 65 67 94 12 
249-1-14 1?2.277 = 1 74 68 96 38 79 51 37 33 72 83 32 28 47 65 56 18 34 14 
249-2-5 1?1.944 = 2 75 62 77 27 63 87 60 42 25 92 59 76 73 93 85 5 
249-1-13 1?2.528 = 1 74 68 96 38 79 51 37 33 72 83 32 28 47 57 18 56 65 67 13 
249-2-3 1?2.178 = 2 75 62 77 27 63 87 70 41 99 31 25 42 60 26 3 
249-2-4 1?2.227 = 2 75 62 77 27 63 87 60 42 25 92 59 76 73 93 85 4 
249-2-6 1?1.891 = 2 75 62 77 27 63 87 60 42 25 92 73 59 76 36 98 6 
249-1-10 1?2.547 = 1 74 68 96 38 79 51 37 33 72 57 47 53 24 95 84 52 58 48 10 
249-1-12 1?2.507 = 1 74 68 96 38 51 37 33 72 83 32 28 47 57 18 56 65 97 67 94 12 
249-1-9 1?2.614 = 1 62 77 27 63 87 60 42 25 31 69 43 16 86 17 88 50 19 61 9 
249-1-15 1?2.355 = 1 74 68 38 79 33 72 83 32 28 47 57 18 34 37 51 15 
249-1-11 1?2.407 = 1 74 68 96 38 79 51 37 33 72 83 32 28 47 53 24 22 40 55 11 
249-3-5 1?2.122 = 3 44 63 87 60 42 25 92 73 59 76 36 98 89 85 5 
249-3-4 1?2.405 = 3 44 63 87 60 42 25 92 73 59 76 36 98 89 85 4 
249-2-14 1?2.39 = 2 75 62 77 27 82 64 74 68 96 38 79 51 37 33 72 34 18 56 14 
249-2-13 1?2.452 = 2 75 62 77 27 82 74 68 96 38 79 51 37 33 72 83 32 28 47 65 13 
249-2-12 1?2.428 = 2 75 62 77 27 82 74 68 96 38 79 51 37 33 72 57 65 97 67 94 12 
249-2-7 1?2.197 = 2 75 62 77 27 44 63 87 60 42 25 92 73 59 76 36 98 21 46 7 
249-2-10 1?2.557 = 2 75 62 77 27 63 87 99 31 69 43 16 86 17 78 95 84 52 58 48 10 
249-2-8 1?2.413 = 2 75 62 77 27 44 63 87 60 42 25 92 73 59 76 36 21 20 39 8 
249-2-9 1?2.517 = 2 75 62 77 27 63 87 60 42 25 99 31 69 43 16 86 17 88 50 19 61 9 
249-2-15 1?2.1 = 2 75 62 77 27 82 64 74 68 96 38 79 33 72 37 51 15 
249-2-11 1?2.476 = 2 75 62 77 27 63 87 99 31 69 43 16 86 17 78 95 84 22 40 55 11 
249-4-5 1?2.164 = 4 26 42 25 31 69 43 86 16 92 59 76 73 93 85 5 
249-3-14 1?2.653 = 3 26 44 63 87 70 29 23 66 64 68 96 38 79 51 37 33 72 34 14 
249-3-6 1?2.099 = 3 26 44 63 87 60 42 25 92 73 59 76 36 21 46 98 6 
249-3-13 1?2.764 = 3 44 63 87 70 29 23 66 64 74 68 96 38 79 51 37 33 72 34 18 56 13 
249-3-7 1?2.288 = 3 26 44 63 87 60 42 25 99 31 92 59 76 73 36 98 21 46 7 
249-3-9 1?2.513 = 3 44 63 87 60 42 25 99 31 69 43 16 86 17 35 90 71 30 61 9 
249-3-10 1?2.643 = 3 44 63 87 60 42 25 99 31 69 43 16 86 17 78 95 84 52 58 48 10 
249-3-8 1?2.512 = 3 26 44 63 87 60 42 25 31 69 43 16 86 17 35 90 49 71 30 8 
249-3-12 1?2.765 = 3 44 63 87 60 42 25 31 69 41 29 23 32 83 28 47 65 97 67 94 12 
249-3-15 1?2.319 = 3 26 42 25 99 31 69 41 29 23 66 64 68 96 38 15 
249-3-11 1?2.623 = 3 26 42 25 99 31 69 43 16 86 17 88 45 84 95 24 22 40 55 11 
249-5-6 1?2.031 = 5 85 42 25 31 69 43 86 17 16 92 59 76 36 98 6 
249-4-7 1?2.267 = 4 26 42 25 31 69 43 86 17 16 92 73 59 76 36 21 46 7 
249-4-6 1?2.058 = 4 26 44 63 87 60 42 25 99 31 92 59 76 73 36 98 6 
249-4-14 1?2.726 = 4 26 42 25 31 69 43 16 86 17 78 28 32 83 72 33 37 34 18 14 
249-4-12 1?2.631 = 4 26 42 25 31 69 43 16 86 17 78 32 83 28 47 65 97 67 94 12 
249-4-10 1?2.543 = 4 26 44 63 87 60 42 25 99 31 69 43 16 86 17 88 50 80 48 10 
249-4-13 1?2.737 = 4 26 42 25 31 69 43 16 86 17 78 28 32 83 72 33 37 34 18 56 13 
249-4-9 1?2.515 = 4 26 44 63 87 60 42 25 99 31 69 43 16 86 17 35 90 19 61 9 
249-4-8 1?2.449 = 4 26 44 63 87 60 42 25 31 69 43 16 86 17 35 49 71 30 8 
249-4-15 1?2.658 = 4 26 44 63 87 60 42 25 99 31 69 41 29 23 66 64 68 96 38 15 
249-4-11 1?2.566 = 4 26 60 42 25 99 31 69 43 16 86 17 88 45 84 95 22 40 55 11 
249-5-7 1?2.046 = 5 85 42 25 99 31 69 92 73 59 76 36 98 21 46 7 
249-6-7 1?2.085 = 6 98 36 76 59 73 92 31 69 43 86 17 16 54 20 7 
249-6-8 1?2.012 = 6 89 93 73 59 76 36 98 46 21 20 39 71 30 8 
249-5-8 1?2.324 = 5 85 93 73 76 59 92 31 69 43 16 86 17 88 50 90 71 30 8 
249-5-10 1?2.442 = 5 85 93 73 59 76 36 21 20 71 49 90 50 88 45 52 58 48 10 
249-5-12 1?2.589 = 5 85 93 73 76 59 92 31 99 41 29 23 32 83 28 47 65 97 67 94 12 
249-5-13 1?2.655 = 5 85 93 73 76 59 92 31 69 43 16 86 17 78 32 83 33 72 34 18 56 13 
249-5-14 1?2.71 = 5 85 93 73 76 59 92 25 31 69 43 16 86 17 78 28 32 83 72 33 37 14 
249-5-9 1?2.415 = 5 85 93 73 59 76 36 98 46 21 20 71 49 90 35 88 50 19 61 9 
249-5-15 1?2.601 = 5 85 93 73 76 59 92 31 69 43 16 86 17 78 28 32 83 72 33 37 51 15 
249-5-11 1?2.474 = 5 85 93 73 76 59 92 31 69 43 16 86 17 88 45 84 95 22 40 55 11 
249-7-9 1?1.944 = 7 46 21 98 36 76 59 73 92 54 49 90 71 30 61 9 
249-7-8 1?1.981 = 7 46 21 98 36 76 73 92 54 49 90 71 30 39 8 
249-6-9 1?2.03 = 6 98 46 21 20 39 30 71 90 35 88 50 19 61 9 
249-7-10 1?2.142 = 7 20 71 49 90 35 88 45 84 95 24 22 52 58 48 10 
249-6-10 1?2.243 = 6 98 46 21 20 71 49 90 35 88 45 95 84 52 58 48 10 
249-6-13 1?2.643 = 6 98 36 73 59 92 31 69 43 16 86 17 78 28 32 83 33 72 34 18 56 13 
249-6-12 1?2.536 = 6 98 36 76 59 73 92 31 99 41 29 23 32 83 28 47 65 97 67 94 12 
249-6-14 1?2.676 = 6 98 36 76 59 73 92 31 69 43 16 86 17 78 32 83 72 33 37 34 18 14 
249-7-11 1?2.229 = 7 46 21 20 39 71 49 90 35 50 88 45 84 95 22 40 55 11 
249-6-11 1?2.291 = 6 98 36 76 59 73 92 31 69 43 16 86 17 78 95 84 22 40 55 11 
249-6-15 1?2.654 = 6 98 36 76 59 73 92 31 99 69 43 16 86 17 78 28 32 83 72 33 37 51 15 
249-8-9 1?2.033 = 8 30 71 49 90 50 88 45 95 84 52 58 80 19 61 9 
249-8-10 1?1.79 = 8 30 71 49 90 50 88 45 84 95 22 40 58 48 10 
249-8-11 1?1.723 = 8 30 71 49 90 35 50 88 45 84 95 22 40 55 11 
249-7-14 1?2.565 = 7 46 21 36 76 59 73 92 31 99 41 29 23 32 83 72 33 37 51 14 
249-8-12 1?2.268 = 8 30 71 49 90 35 88 45 84 95 24 53 47 65 97 67 94 12 
249-7-12 1?2.447 = 7 46 21 20 71 49 90 35 50 88 45 84 95 24 53 97 67 94 12 
249-7-13 1?2.642 = 7 46 21 36 76 59 73 92 31 69 43 16 86 17 78 32 83 28 57 18 56 13 
249-8-13 1?2.438 = 8 30 71 49 90 50 88 45 52 58 40 22 84 95 24 53 94 67 13 
249-8-14 1?2.465 = 8 30 71 49 90 50 88 45 84 95 24 53 94 67 97 65 56 18 14 
249-7-15 1?2.566 = 7 46 21 36 76 59 92 31 69 43 16 86 17 78 32 83 72 33 37 51 15 
249-8-15 1?2.599 = 8 30 71 49 90 50 88 45 84 95 24 53 97 65 57 72 33 37 51 15 
249-9-12 1?1.903 = 9 61 30 71 49 90 35 88 45 84 95 24 53 94 12 
249-10-12 1?1.72 = 10 48 80 58 52 84 95 24 53 47 65 97 67 94 12 
249-9-10 1?1.798 = 9 61 30 71 49 90 50 88 45 95 84 52 58 48 10 
249-10-13 1?1.881 = 10 48 58 52 22 84 95 24 53 47 65 57 18 56 13 
249-9-11 1?1.738 = 9 61 30 71 49 90 35 88 45 84 95 22 40 55 11 
249-10-11 1?2.088 = 10 48 80 19 61 30 71 49 90 35 88 45 84 22 40 11 
249-9-13 1?2.313 = 9 61 30 71 49 90 50 88 45 84 95 24 53 94 67 97 65 13 
249-9-14 1?2.458 = 9 61 30 71 49 90 50 88 45 84 95 24 53 97 65 56 18 34 14 
249-10-14 1?2.336 = 10 48 80 58 40 22 84 95 24 53 94 67 97 65 47 57 18 34 14 
249-9-15 1?2.556 = 9 61 19 50 88 45 84 95 24 53 97 65 47 28 32 83 72 33 37 51 15 
249-10-15 1?2.404 = 10 48 58 52 84 95 24 53 94 67 97 65 47 28 32 83 72 33 37 51 15 
249-11-12 1?1.73 = 11 55 40 22 52 84 95 24 53 47 65 97 67 94 12 
249-11-13 1?1.829 = 11 55 40 22 84 95 24 53 94 67 97 65 57 18 56 13 
249-12-13 1?1.778 = 12 94 67 97 65 47 57 28 32 83 72 33 37 34 18 56 13 
249-11-14 1?1.879 = 11 55 40 22 84 95 24 53 94 67 97 65 56 18 34 14 
249-13-14 1?2.228 = 13 56 18 34 37 33 72 28 32 83 66 64 68 96 38 79 51 14 
249-12-14 1?1.887 = 12 94 67 97 65 47 57 28 32 83 72 33 37 34 18 56 14 
249-14-15 1?1.921 = 14 18 56 65 47 28 32 83 72 33 37 51 79 38 96 81 15 
249-13-15 1?1.844 = 13 56 18 57 47 28 32 83 33 72 37 51 79 68 96 38 15 
249-12-15 1?1.685 = 12 94 67 97 65 47 28 32 83 72 33 37 51 79 38 15 
249-11-15 1?2.112 = 11 55 40 22 84 95 24 53 97 65 47 28 32 83 72 33 37 51 15 
stop
