start
406-0-1 1?2.03 = 0 28 99 61 80 24 73 66 82 54 57 17 77 87 19 1 
406-0-4 1?2.36 = 0 72 87 19 77 84 74 56 65 18 49 63 43 85 83 92 21 41 4 
406-0-5 1?2.407 = 0 72 87 19 77 84 74 56 65 49 85 43 83 92 21 41 93 89 68 5 
406-0-10 1?2.377 = 0 72 45 73 66 17 57 54 82 47 53 64 69 95 78 29 50 48 10 
406-0-9 1?2.477 = 0 72 87 19 77 45 73 66 82 47 53 64 69 95 78 29 50 48 9 
406-0-7 1?2.635 = 0 72 87 19 77 45 17 66 73 82 54 57 91 31 23 58 59 60 16 7 
406-0-6 1?2.622 = 0 72 87 19 77 84 74 56 65 85 43 83 92 21 41 93 68 89 6 
406-0-11 1?2.284 = 0 72 87 19 77 45 17 73 66 82 47 69 64 44 37 75 36 96 11 
406-0-2 1?2.025 = 0 72 87 77 45 73 66 82 54 57 74 56 65 49 63 2 
406-0-8 1?2.621 = 0 72 87 19 77 45 17 73 66 82 54 57 91 31 86 23 58 59 32 8 
406-0-3 1?1.931 = 0 72 87 19 77 84 74 56 65 49 85 83 92 21 25 3 
406-1-4 1?1.975 = 1 19 87 77 84 74 56 65 49 85 83 92 21 41 93 4 
406-0-14 1?1.973 = 0 72 19 87 77 17 57 54 82 66 73 24 51 26 80 14 
406-1-2 1?2.057 = 1 19 87 77 45 73 66 82 54 57 74 56 65 49 63 2 
406-1-3 1?1.997 = 1 19 87 77 84 74 56 65 49 85 43 83 92 21 25 3 
406-0-15 1?1.805 = 0 72 87 19 77 17 57 54 82 66 73 24 61 99 28 15 
406-0-13 1?1.821 = 0 72 87 19 77 17 66 73 51 26 55 52 97 30 35 13 
406-1-6 1?2.742 = 1 19 87 77 45 17 73 66 82 54 57 91 31 86 23 58 59 98 40 6 
406-1-5 1?2.475 = 1 19 77 84 74 56 65 18 49 85 43 83 92 21 41 93 89 68 5 
406-0-12 1?2.131 = 0 72 87 77 45 17 57 54 82 66 73 51 26 55 52 97 30 12 
406-1-7 1?2.593 = 1 19 87 77 45 17 73 66 82 54 57 91 31 86 23 58 59 60 70 7 
406-1-8 1?2.681 = 1 19 87 77 45 73 66 82 47 64 69 95 78 29 50 81 27 79 8 
406-1-14 1?1.965 = 1 19 87 77 17 57 54 82 66 73 24 51 26 80 61 99 14 
406-2-4 1?1.909 = 2 63 49 18 84 74 56 65 85 43 83 92 21 41 93 4 
406-1-13 1?2.115 = 1 19 87 77 45 17 66 73 24 61 99 80 26 51 55 52 97 30 35 13 
406-1-11 1?2.32 = 1 19 77 45 73 66 17 57 54 82 47 69 64 44 37 75 36 96 11 
406-2-3 1?1.96 = 2 63 49 18 84 74 56 65 85 43 83 92 41 21 25 3 
406-1-10 1?2.395 = 1 19 87 77 45 73 66 17 57 54 82 47 64 69 95 78 50 29 10 
406-2-5 1?2.187 = 2 63 49 18 84 74 56 65 85 43 83 92 21 41 93 89 68 5 
406-2-6 1?2.521 = 2 63 43 49 18 84 74 56 65 85 83 92 21 41 93 68 89 6 
406-1-9 1?2.516 = 1 19 87 77 45 17 73 66 82 47 53 64 69 95 78 29 50 48 9 
406-1-15 1?1.806 = 1 19 87 77 17 57 54 82 66 73 24 80 61 99 28 15 
406-1-12 1?2.31 = 1 19 87 77 17 57 54 82 66 73 24 61 99 80 26 55 52 97 30 12 
406-2-14 1?2.066 = 2 63 49 65 56 74 84 17 57 54 82 66 73 24 61 80 99 14 
406-3-4 1?2.058 = 3 25 43 63 18 49 85 65 84 74 56 83 92 21 41 4 
406-3-5 1?1.909 = 3 25 43 49 18 65 56 85 83 92 21 41 93 89 68 5 
406-2-13 1?2.237 = 2 63 49 65 56 74 84 17 57 54 82 66 73 51 55 52 97 30 35 13 
406-2-11 1?2.468 = 2 63 49 65 56 84 17 73 66 82 47 53 64 69 95 37 75 36 96 11 
406-2-10 1?2.519 = 2 63 49 65 56 84 17 73 66 82 54 47 53 64 69 95 78 50 29 10 
406-2-9 1?2.648 = 2 63 49 65 56 84 17 73 66 82 47 53 64 69 95 78 29 50 48 9 
406-2-15 1?1.903 = 2 63 49 65 56 74 57 54 82 66 73 24 80 99 28 15 
406-2-7 1?2.647 = 2 63 43 85 65 56 74 20 67 33 86 31 23 58 59 98 60 16 70 7 
406-2-12 1?2.42 = 2 63 49 65 56 74 57 54 82 66 73 24 61 99 80 26 55 52 97 30 12 
406-2-8 1?2.719 = 2 63 49 65 56 74 84 17 73 66 82 54 57 91 31 86 23 58 32 8 
406-4-5 1?2.151 = 4 93 41 21 92 83 85 49 65 56 74 20 38 89 68 5 
406-3-6 1?2.573 = 3 25 43 63 49 85 65 84 74 56 83 92 21 41 93 68 89 6 
406-3-11 1?2.453 = 3 25 43 85 65 56 84 17 66 73 82 47 53 64 44 37 75 36 96 11 
406-3-14 1?2.31 = 3 25 43 63 49 65 56 74 84 17 57 54 82 66 73 24 61 80 99 14 
406-3-9 1?2.544 = 3 25 43 85 49 65 56 74 20 67 33 34 86 31 23 58 22 81 27 9 
406-3-10 1?2.508 = 3 25 43 85 65 56 84 17 66 73 82 47 64 69 95 78 50 29 10 
406-3-13 1?2.333 = 3 25 43 85 65 56 84 17 66 73 24 61 99 80 26 51 55 52 97 30 35 13 
406-3-7 1?2.549 = 3 25 43 85 65 56 84 74 67 33 86 31 23 58 59 60 16 70 7 
406-3-8 1?2.638 = 3 25 43 85 49 65 56 84 74 20 67 33 34 23 58 22 81 27 79 8 
406-3-15 1?2.186 = 3 25 43 85 65 56 74 84 17 57 54 82 66 73 24 61 80 99 28 15 
406-3-12 1?2.506 = 3 25 43 85 65 56 74 57 54 82 66 73 24 61 99 80 26 55 52 97 30 12 
406-5-6 1?2.576 = 5 68 89 93 41 21 92 83 85 65 56 74 20 76 98 40 6 
406-4-6 1?2.57 = 4 93 41 21 92 83 85 65 56 74 20 67 33 34 76 98 40 6 
406-4-9 1?2.561 = 4 41 21 92 83 85 65 56 74 67 33 86 31 23 58 22 81 27 9 
406-4-14 1?2.342 = 4 41 21 92 83 85 65 56 84 17 57 54 82 66 73 24 61 80 99 14 
406-4-13 1?2.399 = 4 41 92 83 85 65 56 74 57 54 82 66 73 51 26 55 52 97 30 35 13 
406-4-10 1?2.636 = 4 41 92 83 85 65 56 74 57 54 82 47 64 69 95 78 50 29 10 
406-4-7 1?2.43 = 4 41 21 92 83 85 65 56 74 20 76 40 98 60 16 70 7 
406-4-11 1?2.685 = 4 41 21 92 83 85 65 56 74 20 67 33 86 31 69 64 44 37 75 36 96 11 
406-4-8 1?2.63 = 4 41 21 92 83 85 65 56 74 20 67 33 86 31 23 58 59 32 8 
406-4-12 1?2.522 = 4 41 92 83 85 65 56 74 57 54 82 66 73 51 26 55 52 97 30 12 
406-4-15 1?2.361 = 4 41 21 92 83 85 65 56 84 17 57 54 82 66 73 24 80 99 28 15 
406-5-9 1?2.373 = 5 68 89 40 98 59 58 23 86 31 69 95 78 29 50 48 9 
406-5-7 1?2.352 = 5 68 89 93 41 21 92 83 38 40 76 98 60 16 70 7 
406-6-7 1?2.564 = 6 40 98 76 34 86 31 23 58 22 81 27 79 32 16 7 
406-5-13 1?2.54 = 5 68 89 38 20 67 57 54 82 66 73 24 61 99 80 26 55 52 97 30 35 13 
406-5-10 1?2.526 = 5 68 89 40 76 98 59 58 23 86 31 69 64 44 37 95 78 50 29 10 
406-5-14 1?2.558 = 5 68 89 93 41 21 92 83 85 65 56 74 57 54 82 66 73 24 61 99 14 
406-6-8 1?2.519 = 6 40 98 59 58 23 86 31 69 95 78 29 50 81 27 79 8 
406-5-8 1?2.551 = 5 68 89 40 76 34 86 31 69 95 78 29 50 81 27 79 8 
406-5-11 1?2.565 = 5 68 89 40 76 98 59 58 23 86 31 69 64 95 78 50 29 37 75 36 96 11 
406-5-15 1?2.481 = 5 68 89 93 41 92 83 85 65 56 84 17 66 73 24 80 61 99 28 15 
406-5-12 1?2.679 = 5 68 89 40 98 59 58 23 86 31 69 95 78 50 29 37 75 36 96 42 12 
406-7-9 1?2.112 = 7 16 60 59 58 23 31 69 64 95 78 29 50 48 9 
406-6-11 1?2.273 = 6 40 98 59 58 23 86 31 69 95 78 50 29 37 75 36 96 11 
406-7-11 1?2.155 = 7 16 60 59 58 23 86 31 69 95 78 50 29 37 75 36 96 11 
406-6-9 1?2.367 = 6 40 76 98 59 58 23 86 31 69 64 95 78 29 50 48 9 
406-6-10 1?2.374 = 6 40 98 59 58 23 86 31 69 64 44 37 95 78 50 29 46 10 
406-7-10 1?2.282 = 7 70 16 62 32 22 81 50 29 78 95 37 44 75 36 96 46 10 
406-7-8 1?2.272 = 7 70 16 60 98 76 34 86 31 23 58 22 81 27 79 8 
406-6-13 1?2.642 = 6 40 76 33 91 57 54 82 66 73 24 61 99 80 26 51 55 52 97 30 35 13 
406-6-14 1?2.67 = 6 40 98 59 58 23 86 31 69 64 53 47 54 82 66 73 24 61 99 14 
406-6-15 1?2.613 = 6 40 76 98 59 58 23 86 31 91 57 54 82 66 73 24 80 61 99 28 15 
406-6-12 1?2.686 = 6 40 98 59 58 23 86 31 69 64 95 78 50 29 46 37 75 36 96 42 12 
406-8-11 1?1.745 = 8 79 27 48 50 29 78 95 37 44 94 75 36 96 11 
406-8-9 1?2.165 = 8 32 22 78 95 37 75 36 96 46 29 50 48 27 9 
406-8-10 1?1.933 = 8 79 27 81 50 29 78 95 37 44 94 75 36 96 46 10 
406-8-13 1?2.517 = 8 79 27 81 50 29 78 95 37 75 36 94 44 64 53 90 71 97 30 35 13 
406-8-14 1?2.555 = 8 79 27 81 50 29 78 95 69 64 53 47 82 66 73 24 61 80 99 14 
406-7-14 1?2.57 = 7 70 60 59 58 23 86 31 69 64 53 47 82 54 66 73 24 61 80 99 14 
406-7-13 1?2.621 = 7 70 60 59 58 23 86 91 57 54 82 66 73 24 61 80 26 55 52 97 30 35 13 
406-8-12 1?2.413 = 8 32 59 58 23 86 31 69 64 95 78 50 29 37 75 36 96 42 12 
406-7-12 1?2.429 = 7 70 60 59 58 23 86 31 69 64 95 78 50 29 37 75 36 96 42 12 
406-8-15 1?2.581 = 8 79 27 81 50 29 78 95 37 75 36 94 71 52 55 51 26 80 61 99 28 15 
406-7-15 1?2.602 = 7 70 60 59 58 23 86 31 69 64 53 47 54 82 66 73 24 61 80 99 28 15 
406-10-13 1?1.87 = 10 46 29 50 78 95 37 75 36 96 94 71 97 30 35 13 
406-9-13 1?1.919 = 9 27 81 50 29 78 95 37 75 36 96 94 97 30 35 13 
406-9-11 1?1.915 = 9 27 81 22 58 23 86 31 69 64 95 37 75 36 96 11 
406-10-11 1?1.86 = 10 48 50 29 78 95 69 64 47 53 44 75 36 96 11 
406-9-10 1?1.999 = 9 27 81 22 58 23 86 31 69 64 95 78 50 29 46 10 
406-10-14 1?2.131 = 10 29 50 78 95 69 64 53 47 54 82 66 73 24 61 80 99 14 
406-10-12 1?2.055 = 10 48 50 29 46 36 75 37 95 78 69 64 44 94 42 12 
406-9-12 1?2.063 = 9 27 48 50 29 78 95 37 44 94 75 36 46 96 42 12 
406-9-14 1?2.338 = 9 27 81 50 29 78 95 69 64 53 47 82 66 73 24 61 80 99 14 
406-10-15 1?2.256 = 10 29 50 78 95 69 64 53 47 82 54 57 17 66 73 24 61 99 28 15 
406-9-15 1?2.396 = 9 48 50 29 78 95 37 75 36 94 71 52 55 26 51 24 80 61 99 28 15 
406-12-13 1?1.921 = 12 42 96 36 75 37 29 50 78 95 44 94 97 30 35 13 
406-11-13 1?1.735 = 11 96 36 75 37 95 78 69 64 53 90 71 97 30 35 13 
406-13-14 1?1.841 = 13 35 30 97 52 55 26 51 73 66 17 45 24 61 80 14 
406-12-14 1?2.109 = 12 30 97 52 55 26 51 73 66 82 54 17 45 24 61 99 14 
406-11-14 1?1.873 = 11 96 36 75 37 44 94 71 52 55 26 51 24 80 61 99 14 
406-11-12 1?1.82 = 11 96 36 75 37 46 29 50 78 95 69 64 44 94 42 12 
406-14-15 1?2.002 = 14 88 52 55 26 51 73 66 82 54 57 17 45 24 28 15 
406-13-15 1?1.849 = 13 35 30 97 52 55 26 51 73 66 82 54 57 17 45 28 15 
406-12-15 1?1.944 = 12 30 97 52 55 26 51 82 54 66 73 24 80 61 99 28 15 
406-11-15 1?2.154 = 11 96 36 75 44 64 69 47 82 54 57 17 66 73 24 61 80 99 28 15 
stop
