start
468-0-2 1?1.848 = 0 38 70 31 89 53 58 43 84 92 39 72 40 27 67 2 
468-0-3 1?1.907 = 0 38 70 31 89 53 58 43 84 92 39 72 44 40 60 3 
468-0-1 1?2.102 = 0 38 70 31 89 53 58 43 84 92 39 72 44 40 27 1 
468-0-4 1?2.492 = 0 38 70 31 89 53 58 43 92 39 84 83 66 22 20 80 82 69 4 
468-0-5 1?2.308 = 0 38 70 31 89 53 58 43 92 39 84 83 66 22 20 80 82 74 37 5 
468-0-7 1?2.42 = 0 38 70 31 53 58 43 92 39 84 83 66 22 20 91 97 19 63 7 
468-0-10 1?2.441 = 0 38 32 99 85 88 65 79 86 64 33 57 71 94 29 23 35 49 75 10 
468-0-11 1?2.566 = 0 38 70 32 99 85 50 16 30 21 73 51 61 45 48 68 42 28 78 11 
468-0-8 1?2.521 = 0 38 70 31 89 53 58 43 92 39 84 83 66 22 25 96 46 90 95 55 8 
468-0-6 1?2.365 = 0 38 70 31 89 53 58 43 92 39 84 83 66 22 20 80 82 74 36 6 
468-0-9 1?2.5 = 0 38 32 99 50 16 30 21 73 51 61 33 57 71 94 29 23 59 81 77 9 
468-0-14 1?1.868 = 0 38 32 99 85 88 65 79 86 64 33 61 51 73 21 52 14 
468-0-15 1?2.1 = 0 32 99 85 88 65 79 86 64 33 61 51 73 21 30 56 15 
468-1-4 1?2.2 = 1 38 32 70 31 89 53 58 43 92 39 84 83 34 4 
468-1-3 1?2.109 = 1 31 89 53 58 43 84 92 39 72 44 40 27 67 60 3 
468-1-2 1?1.96 = 1 31 89 53 58 43 84 39 92 47 72 44 40 27 67 2 
468-0-13 1?1.994 = 0 38 32 99 50 16 30 21 73 51 61 45 42 48 68 54 13 
468-1-8 1?2.538 = 1 31 89 53 58 43 92 39 84 83 66 22 98 25 96 46 90 95 55 8 
468-1-5 1?2.178 = 1 31 89 53 58 43 92 39 84 83 66 22 20 80 82 74 5 
468-0-12 1?2.036 = 0 38 32 99 50 16 30 21 73 51 61 33 45 48 68 42 28 12 
468-1-6 1?2.284 = 1 31 89 53 58 43 92 39 84 83 66 22 20 80 82 74 36 6 
468-1-7 1?2.467 = 1 31 89 53 58 43 47 92 39 84 83 66 22 20 91 97 19 63 7 
468-1-14 1?2.107 = 1 70 32 99 85 88 65 79 86 64 33 61 51 73 21 52 14 
468-1-15 1?2.353 = 1 27 67 40 72 39 92 43 58 53 89 31 70 32 99 15 
468-1-13 1?2.484 = 1 38 70 32 99 85 50 16 30 21 73 51 61 33 45 42 48 68 13 
468-2-5 1?1.796 = 2 67 40 72 39 92 84 83 66 22 20 80 82 74 37 5 
468-1-10 1?2.625 = 1 31 89 53 58 76 17 93 71 94 29 23 59 81 77 24 49 75 10 
468-1-11 1?2.637 = 1 38 70 32 99 85 50 16 30 21 73 51 61 45 48 68 42 28 11 
468-2-4 1?2.028 = 2 67 40 72 39 92 84 83 66 20 80 82 74 37 69 4 
468-1-9 1?2.607 = 1 31 89 53 58 43 92 39 84 83 66 22 25 96 46 90 81 77 9 
468-2-3 1?2.181 = 2 27 31 89 53 58 43 84 92 39 72 44 40 67 60 3 
468-1-12 1?2.677 = 1 38 32 99 70 31 89 85 50 16 30 21 73 51 61 45 42 48 68 12 
468-2-6 1?2.173 = 2 67 27 40 72 47 43 92 39 84 83 66 22 20 91 80 97 19 6 
468-2-15 1?2.052 = 2 67 40 72 39 92 84 43 58 53 89 31 70 99 32 15 
468-3-5 1?1.841 = 3 60 40 72 39 92 84 83 66 22 20 80 82 74 37 5 
468-2-13 1?2.485 = 2 67 40 72 39 92 84 43 58 53 31 89 85 50 16 30 21 73 54 13 
468-2-14 1?2.373 = 2 67 27 40 44 72 39 92 84 43 58 53 31 89 85 50 16 30 52 14 
468-3-4 1?2.06 = 3 44 72 39 92 84 83 66 22 20 80 82 74 37 69 4 
468-2-10 1?2.443 = 2 67 40 72 39 92 84 83 66 22 25 96 46 90 81 59 35 49 75 10 
468-2-11 1?2.734 = 2 67 40 72 39 92 84 83 66 20 22 25 18 29 23 94 71 87 11 
468-2-9 1?2.342 = 2 67 40 72 39 92 84 83 66 22 25 18 29 94 23 59 81 77 9 
468-2-8 1?2.293 = 2 67 40 72 47 92 39 84 83 66 22 20 91 26 96 46 90 95 55 8 
468-2-12 1?2.501 = 2 67 27 40 72 39 92 84 43 76 79 86 64 33 61 48 68 42 28 12 
468-2-7 1?2.388 = 2 67 27 40 72 47 43 92 39 84 83 66 22 20 80 82 97 19 63 7 
468-3-13 1?2.481 = 3 60 40 72 47 92 39 84 43 76 79 86 64 33 61 51 73 54 13 
468-3-14 1?2.499 = 3 60 40 72 39 92 84 43 58 53 89 31 70 32 99 50 16 30 52 14 
468-4-5 1?1.898 = 4 34 39 92 84 83 66 22 20 91 97 82 74 37 5 
468-3-8 1?2.283 = 3 60 44 39 92 84 83 66 22 20 91 26 25 96 46 90 95 55 8 
468-3-10 1?2.487 = 3 44 39 92 84 83 66 22 25 18 94 29 23 59 77 24 49 75 10 
468-3-11 1?2.75 = 3 44 39 92 84 83 66 22 25 96 46 90 81 59 23 29 94 71 87 11 
468-3-9 1?2.43 = 3 60 40 72 39 92 84 83 66 22 25 18 29 94 23 59 77 24 9 
468-3-15 1?2.5 = 3 60 40 72 47 92 39 84 43 58 53 31 89 85 50 16 30 56 15 
468-3-6 1?2.074 = 3 60 40 44 72 39 92 84 83 66 22 20 91 80 82 74 36 6 
468-3-7 1?2.247 = 3 60 40 44 72 47 92 39 84 83 66 22 20 91 80 97 19 63 7 
468-3-12 1?2.554 = 3 60 40 72 39 92 84 43 76 79 86 64 33 61 45 48 68 42 28 12 
468-4-15 1?2.676 = 4 34 39 92 84 43 58 53 89 31 70 38 32 99 50 16 30 56 15 
468-4-13 1?2.602 = 4 34 83 84 39 92 43 58 53 88 65 79 86 64 33 61 51 73 54 13 
468-4-14 1?2.6 = 4 34 83 84 39 92 47 43 58 53 89 31 70 32 99 50 16 30 52 14 
468-4-8 1?2.306 = 4 69 37 74 82 80 91 26 25 18 29 94 23 59 81 90 95 55 8 
468-5-6 1?2.127 = 5 37 69 34 39 92 84 83 66 22 20 80 82 74 36 6 
468-4-6 1?1.955 = 4 34 39 92 84 83 66 22 20 91 97 82 74 36 6 
468-4-11 1?2.704 = 4 34 69 37 74 82 97 91 26 96 46 90 81 59 23 29 94 71 87 11 
468-4-10 1?2.533 = 4 34 69 37 74 82 80 91 26 25 18 94 29 23 59 81 77 24 49 75 10 
468-4-9 1?2.437 = 4 69 37 74 82 80 91 26 25 18 94 29 23 59 81 77 35 49 24 9 
468-4-7 1?2.398 = 4 34 39 92 47 43 84 83 66 98 22 20 91 80 97 19 63 7 
468-4-12 1?2.655 = 4 34 83 84 39 92 47 43 76 79 86 64 33 61 45 48 68 42 28 12 
468-6-8 1?1.912 = 6 19 97 91 26 25 18 29 94 23 59 81 90 95 55 8 
468-5-8 1?1.906 = 5 37 74 82 36 19 97 80 91 26 25 96 46 90 95 55 8 
468-5-14 1?2.545 = 5 37 74 82 20 22 66 83 84 39 92 43 58 53 85 50 16 30 52 14 
468-5-15 1?2.522 = 5 37 74 82 80 20 22 66 83 84 39 92 43 58 53 89 70 99 32 15 
468-5-13 1?2.668 = 5 37 74 82 80 91 26 25 18 23 29 94 71 57 33 61 51 73 54 13 
468-6-7 1?2.035 = 6 19 97 36 74 82 80 91 26 25 96 46 90 95 55 41 7 
468-5-7 1?1.953 = 5 37 74 82 97 91 26 25 18 96 46 90 95 55 41 7 
468-5-10 1?2.353 = 5 37 74 82 80 91 26 96 46 90 81 59 23 29 94 35 77 24 49 75 10 
468-5-9 1?2.319 = 5 37 74 82 97 80 91 26 25 96 46 90 81 59 23 29 94 35 49 24 9 
468-5-11 1?2.629 = 5 37 74 82 80 91 26 25 96 46 90 81 59 77 35 23 29 94 71 87 11 
468-5-12 1?2.648 = 5 37 74 82 80 91 20 22 98 62 17 79 86 64 33 61 45 48 68 42 28 12 
468-6-9 1?1.907 = 6 19 97 80 91 26 25 18 94 29 23 59 35 49 24 9 
468-7-9 1?1.702 = 7 41 55 95 90 46 96 18 29 94 23 59 35 49 24 9 
468-7-8 1?1.913 = 7 41 55 95 90 46 96 18 29 94 23 35 59 81 77 8 
468-6-13 1?2.518 = 6 36 74 82 80 91 20 22 98 62 17 79 86 64 33 61 51 73 54 13 
468-6-14 1?2.521 = 6 36 74 82 80 91 20 22 98 62 17 79 86 64 33 61 51 73 52 14 
468-7-10 1?2.04 = 7 41 55 95 90 46 96 18 94 29 23 35 59 81 77 24 49 75 10 
468-6-10 1?2.242 = 6 19 97 91 26 25 96 46 90 81 59 23 29 94 35 24 49 75 10 
468-6-15 1?2.511 = 6 19 97 80 20 22 66 83 84 39 92 43 58 53 89 31 70 32 15 
468-6-11 1?2.526 = 6 19 97 80 91 26 25 18 94 29 23 59 81 77 24 49 75 87 11 
468-7-11 1?2.314 = 7 41 55 95 90 46 96 18 94 29 23 59 81 77 24 49 75 87 11 
468-6-12 1?2.546 = 6 19 97 91 20 22 98 62 17 79 86 64 33 61 45 48 68 42 28 12 
468-8-9 1?1.631 = 8 55 95 90 46 96 18 94 29 23 35 59 81 77 24 9 
468-8-10 1?1.658 = 8 55 95 90 46 96 18 29 94 23 59 77 24 49 75 10 
468-8-11 1?1.97 = 8 55 95 90 46 96 18 94 29 23 59 77 24 49 87 11 
468-7-13 1?2.429 = 7 41 55 95 90 46 96 18 23 29 94 71 57 33 61 51 73 54 13 
468-7-15 1?2.565 = 7 41 55 95 90 81 59 23 29 94 71 57 33 61 51 73 21 30 56 15 
468-7-14 1?2.464 = 7 41 55 95 90 46 96 18 23 29 94 71 57 33 61 51 73 21 52 14 
468-8-13 1?2.396 = 8 55 95 41 96 46 90 81 59 23 29 94 71 57 33 61 51 73 54 13 
468-8-15 1?2.427 = 8 55 95 90 81 59 23 29 94 71 57 33 61 51 73 21 30 16 50 15 
468-8-14 1?2.449 = 8 55 95 46 90 81 59 23 29 94 71 57 64 33 61 51 73 21 30 52 14 
468-8-12 1?2.181 = 8 55 95 90 81 59 23 29 94 71 57 33 61 48 68 42 28 12 
468-7-12 1?2.379 = 7 41 55 95 90 81 59 23 29 94 71 57 33 61 48 68 42 28 12 
468-9-10 1?1.792 = 9 24 77 59 81 90 46 96 18 29 94 23 35 49 75 10 
468-10-13 1?2.09 = 10 75 49 24 77 59 23 29 94 71 57 33 61 51 54 13 
468-10-11 1?2.141 = 10 75 24 49 35 59 81 90 46 96 18 29 94 71 87 11 
468-9-11 1?2.071 = 9 24 49 35 59 81 90 46 96 18 29 23 94 71 87 11 
468-10-14 1?2.261 = 10 75 49 24 77 59 23 29 94 71 57 64 33 61 51 73 21 52 14 
468-9-13 1?2.205 = 9 24 49 35 77 81 59 23 29 94 71 57 33 61 51 73 54 13 
468-10-12 1?1.988 = 10 75 49 24 77 59 23 29 94 71 57 45 42 28 12 
468-10-15 1?2.374 = 10 75 49 35 23 29 94 71 57 64 33 61 51 73 21 30 16 50 15 
468-9-14 1?2.318 = 9 24 49 35 77 81 59 23 29 94 71 57 64 33 61 51 73 21 52 14 
468-9-15 1?2.454 = 9 24 49 35 23 29 94 71 57 64 33 61 51 73 21 30 16 50 56 15 
468-9-12 1?2.108 = 9 24 49 35 59 23 29 94 71 57 33 61 48 68 42 28 12 
468-12-13 1?1.918 = 12 28 42 68 48 45 61 33 64 86 79 65 21 73 54 13 
468-13-14 1?1.786 = 13 54 73 51 61 33 64 86 79 65 88 50 16 30 52 14 
468-11-13 1?2.374 = 11 28 42 68 48 45 61 51 73 21 30 16 50 56 52 54 13 
468-12-14 1?1.973 = 12 28 42 68 48 45 61 33 64 86 79 65 88 50 16 30 52 14 
468-14-15 1?1.933 = 14 52 21 73 51 61 33 64 86 79 65 88 50 16 30 56 15 
468-11-14 1?2.408 = 11 28 42 48 68 54 73 51 61 33 64 86 79 65 16 30 52 14 
468-13-15 1?2.18 = 13 54 73 21 51 61 33 64 86 79 65 88 50 16 30 52 56 15 
468-11-12 1?2.307 = 11 87 49 24 77 59 23 29 94 71 57 45 42 28 12 
468-12-15 1?2.22 = 12 28 42 48 68 54 73 51 61 33 64 86 79 65 16 30 56 15 
468-11-15 1?2.569 = 11 28 42 48 68 54 51 61 33 64 86 79 65 88 50 16 30 56 15 
stop
