start
909-0-3 1?1.742 = 0 25 19 62 44 71 82 30 27 48 74 51 83 78 68 3 
909-0-2 1?1.782 = 0 25 19 62 44 71 82 30 27 48 74 83 86 78 2 
909-0-1 1?1.909 = 0 25 19 62 44 71 82 30 86 70 80 78 83 74 48 1 
909-0-9 1?2.496 = 0 25 19 62 44 71 82 30 66 16 38 92 39 84 93 23 75 72 9 
909-0-11 1?2.319 = 0 25 44 71 82 30 66 16 38 92 65 24 52 32 73 97 67 11 
909-0-8 1?2.531 = 0 25 19 62 44 71 82 30 66 16 38 92 39 23 84 93 85 76 57 98 8 
909-0-10 1?2.436 = 0 25 19 44 71 82 30 66 16 38 92 65 24 52 32 73 88 10 
909-0-4 1?2.215 = 0 25 19 62 44 71 82 30 27 48 74 51 83 78 86 70 80 64 69 4 
909-0-5 1?2.298 = 0 25 19 62 44 71 82 30 66 16 95 29 56 53 46 77 81 50 26 91 5 
909-0-6 1?2.414 = 0 25 19 62 44 71 82 30 66 16 29 95 53 46 77 81 50 26 91 17 6 
909-0-7 1?2.594 = 0 25 19 62 44 71 82 30 66 16 38 92 39 23 84 93 94 85 76 98 7 
909-1-4 1?1.982 = 1 25 19 62 44 27 48 74 51 83 78 80 70 59 69 4 
909-1-2 1?1.935 = 1 25 19 62 44 71 82 30 27 48 74 83 86 78 2 
909-1-3 1?1.895 = 1 25 19 62 44 71 82 30 27 48 74 51 83 78 68 3 
909-0-14 1?2.097 = 0 25 19 62 44 71 82 30 66 43 40 55 47 90 36 21 14 
909-0-13 1?2.297 = 0 25 19 62 44 71 82 30 66 43 40 31 96 42 28 13 
909-0-15 1?2.053 = 0 25 19 44 27 48 74 51 83 30 82 71 62 22 37 15 
909-1-5 1?2.281 = 1 48 27 71 82 30 66 16 38 95 29 56 53 46 77 81 50 26 91 5 
909-1-8 1?2.492 = 1 48 27 71 82 30 66 16 38 92 39 23 84 93 94 85 76 57 98 8 
909-1-7 1?2.616 = 1 48 27 71 82 30 66 16 38 92 39 23 84 93 94 85 76 87 33 41 7 
909-0-12 1?2.248 = 0 25 19 62 44 71 82 30 66 16 89 40 55 35 42 45 12 
909-1-6 1?2.437 = 1 48 27 44 71 82 30 66 16 29 95 53 46 77 81 50 26 91 17 6 
909-1-15 1?1.878 = 1 27 48 74 51 83 78 86 30 82 71 44 62 19 22 15 
909-1-14 1?2.142 = 1 27 48 74 83 78 86 30 82 71 44 62 19 22 37 36 21 14 
909-1-13 1?2.44 = 1 27 48 74 51 83 78 86 30 82 71 62 22 37 36 21 90 13 
909-2-5 1?1.966 = 2 48 27 74 51 83 78 86 80 70 59 20 26 50 91 5 
909-2-3 1?1.962 = 2 51 74 48 27 71 82 30 66 16 95 29 56 70 64 3 
909-2-4 1?1.998 = 2 51 74 48 27 71 82 30 83 78 86 70 80 64 69 4 
909-1-9 1?2.704 = 1 48 74 27 71 82 30 66 89 16 38 92 39 23 93 84 94 85 72 9 
909-1-12 1?2.321 = 1 48 27 71 82 30 66 16 38 92 65 24 52 54 63 45 12 
909-1-11 1?2.446 = 1 48 27 71 82 30 66 43 40 55 35 42 54 63 58 32 73 97 67 11 
909-2-6 1?2.323 = 2 51 83 74 48 27 71 82 30 29 95 53 46 77 81 50 26 91 17 6 
909-1-10 1?2.533 = 1 27 71 82 30 66 16 38 92 65 24 52 54 63 58 32 73 88 10 
909-3-5 1?2.045 = 3 64 70 80 78 86 56 29 95 53 46 77 81 50 26 91 5 
909-3-4 1?2.042 = 3 68 78 83 74 48 27 71 82 30 86 70 80 64 69 4 
909-2-15 1?2.324 = 2 48 27 74 51 83 78 86 30 82 71 44 62 19 25 22 37 15 
909-2-13 1?2.583 = 2 48 74 51 83 78 86 30 82 71 44 62 19 22 37 36 21 90 47 13 
909-2-14 1?2.405 = 2 48 27 74 51 83 78 86 30 82 71 44 62 19 22 37 36 21 90 14 
909-2-7 1?2.506 = 2 51 74 48 27 71 82 30 66 16 38 92 39 84 93 94 87 33 41 7 
909-2-8 1?2.441 = 2 51 74 48 27 71 82 30 66 16 38 92 39 84 93 94 76 98 8 
909-2-9 1?2.609 = 2 51 74 48 27 71 82 30 66 16 38 92 39 23 84 93 94 85 72 9 
909-2-11 1?2.517 = 2 51 74 48 27 71 82 30 66 43 40 55 35 42 54 58 63 61 79 67 11 
909-2-12 1?2.471 = 2 51 74 48 27 71 82 30 66 16 38 92 65 24 52 54 58 63 45 12 
909-2-10 1?2.592 = 2 51 83 74 48 27 71 82 30 66 16 38 92 65 24 52 32 73 88 10 
909-4-5 1?2.199 = 4 69 64 80 70 56 29 95 16 38 53 46 77 81 50 91 5 
909-3-13 1?2.627 = 3 64 70 80 78 83 51 74 48 27 82 71 44 62 22 37 36 21 90 47 13 
909-3-15 1?2.322 = 3 68 64 70 80 78 83 51 74 48 27 30 82 71 44 62 19 22 37 15 
909-3-8 1?2.446 = 3 68 64 80 70 56 29 95 38 92 39 23 84 93 94 85 76 57 98 8 
909-3-7 1?2.531 = 3 68 64 80 70 56 29 95 53 46 77 81 50 26 91 17 49 87 33 41 7 
909-3-9 1?2.695 = 3 68 78 83 51 74 48 27 71 82 30 66 16 38 92 39 23 75 72 9 
909-3-14 1?2.46 = 3 68 64 80 70 86 78 83 51 74 48 27 82 71 44 62 19 22 37 36 21 14 
909-3-6 1?2.387 = 3 64 70 80 78 86 56 29 95 53 46 77 81 50 26 91 17 49 6 
909-3-10 1?2.538 = 3 64 80 70 56 29 95 38 92 65 24 52 54 58 79 67 97 73 88 10 
909-3-12 1?2.623 = 3 68 78 83 51 74 48 27 71 82 30 66 16 89 31 96 35 42 45 12 
909-3-11 1?2.651 = 3 64 80 70 56 29 95 16 38 92 65 24 52 54 63 58 32 73 97 67 79 11 
909-4-7 1?2.186 = 4 69 64 80 70 59 20 50 26 91 17 49 87 33 41 7 
909-5-6 1?2.19 = 5 91 26 50 81 77 46 53 34 84 93 94 85 76 87 33 6 
909-4-6 1?2.229 = 4 69 59 56 29 95 16 38 53 46 77 81 50 26 91 17 6 
909-4-13 1?2.727 = 4 69 59 70 80 78 83 51 74 48 27 44 62 19 22 37 36 21 90 47 13 
909-4-8 1?2.512 = 4 69 20 26 50 81 77 46 53 34 92 39 23 84 93 94 76 98 8 
909-4-9 1?2.743 = 4 20 26 50 81 77 46 53 34 92 39 23 84 93 94 85 76 57 72 9 
909-4-15 1?2.567 = 4 20 26 50 81 77 46 53 38 16 66 30 82 71 44 62 19 22 37 15 
909-4-14 1?2.467 = 4 69 59 70 80 78 83 51 74 48 27 82 71 44 62 19 22 37 36 21 14 
909-4-11 1?2.537 = 4 20 26 50 81 77 46 53 34 92 65 24 52 54 63 58 32 73 97 67 11 
909-4-12 1?2.662 = 4 20 26 50 81 77 46 53 56 29 95 38 92 65 24 52 54 58 63 45 12 
909-4-10 1?2.578 = 4 20 26 50 81 77 46 34 92 65 24 52 54 63 58 32 73 88 10 
909-6-7 1?2.162 = 6 17 91 26 50 81 77 46 53 34 84 93 94 87 33 41 7 
909-5-7 1?2.09 = 5 91 26 50 81 77 46 53 34 84 93 85 76 87 33 41 7 
909-6-8 1?2.128 = 6 17 91 26 50 81 77 46 53 34 84 93 94 85 76 57 8 
909-5-8 1?2.268 = 5 17 91 26 50 81 77 46 53 34 84 23 93 94 85 76 57 98 8 
909-5-9 1?2.551 = 5 91 26 50 81 77 46 53 34 84 23 93 94 85 76 98 57 72 9 
909-5-13 1?2.756 = 5 17 91 26 50 81 77 46 53 34 39 92 65 24 52 54 58 63 45 28 13 
909-5-15 1?2.531 = 5 17 91 26 50 81 77 46 53 95 29 16 66 30 82 71 44 62 19 22 15 
909-5-14 1?2.605 = 5 91 26 50 81 77 46 53 38 16 66 30 82 71 44 62 19 22 37 36 21 14 
909-5-11 1?2.507 = 5 17 91 26 50 81 77 46 53 34 92 65 24 52 54 58 63 61 79 67 11 
909-5-10 1?2.546 = 5 91 26 50 81 34 92 65 24 52 54 63 61 79 67 97 73 88 10 
909-5-12 1?2.725 = 5 17 91 26 50 81 77 46 53 95 29 16 38 92 65 24 52 54 58 63 45 12 
909-6-9 1?2.323 = 6 17 91 26 50 81 77 46 53 34 84 23 93 94 85 72 9 
909-7-8 1?2.282 = 7 41 33 87 49 17 91 50 81 94 85 76 57 98 8 
909-7-9 1?2.306 = 7 98 57 76 85 94 93 84 23 39 92 65 24 60 99 9 
909-7-10 1?2.081 = 7 98 57 76 85 94 93 84 23 75 99 18 88 73 97 10 
909-6-10 1?2.231 = 6 33 87 76 94 93 84 23 75 99 18 88 73 67 97 10 
909-6-15 1?2.504 = 6 17 91 26 50 81 77 46 53 38 16 66 30 82 71 44 62 19 22 15 
909-6-13 1?2.747 = 6 41 33 87 76 85 94 93 84 23 39 92 65 24 52 54 58 63 45 28 13 
909-6-14 1?2.629 = 6 17 91 26 50 81 77 46 53 95 29 30 82 71 44 62 22 37 36 21 14 
909-7-11 1?2.359 = 7 41 33 87 94 93 84 23 39 92 65 24 52 54 63 58 32 73 97 67 11 
909-6-11 1?2.528 = 6 33 87 76 85 94 93 84 39 92 65 24 52 54 63 58 32 73 97 67 11 
909-6-12 1?2.665 = 6 41 33 87 76 85 94 93 84 23 75 99 18 88 73 97 67 79 61 45 12 
909-8-11 1?1.845 = 8 98 57 76 85 93 84 23 75 99 18 88 73 97 67 11 
909-8-9 1?2.243 = 8 98 57 76 85 94 93 84 23 39 92 65 24 60 99 9 
909-8-10 1?2.018 = 8 98 57 76 85 94 93 84 23 75 99 18 88 73 97 10 
909-8-13 1?2.427 = 8 98 76 85 94 93 84 23 39 92 65 24 52 54 58 63 45 28 13 
909-8-14 1?2.528 = 8 98 57 76 85 94 93 84 23 39 92 65 31 96 35 47 90 36 21 14 
909-7-13 1?2.616 = 7 41 33 87 76 85 94 93 84 23 39 92 65 24 52 54 58 63 45 28 13 
909-8-15 1?2.593 = 8 98 76 85 94 93 84 39 92 38 16 66 30 82 71 44 62 22 15 
909-7-14 1?2.806 = 7 41 33 87 94 93 84 34 38 16 66 30 82 71 44 62 22 37 36 21 14 
909-8-12 1?2.284 = 8 98 57 76 85 94 93 84 23 75 99 18 88 73 97 67 79 61 12 
909-7-15 1?2.711 = 7 98 57 76 94 93 84 23 39 92 38 16 66 30 82 71 44 62 22 15 
909-7-12 1?2.473 = 7 98 57 76 85 94 93 84 23 75 99 18 88 73 97 67 79 61 45 12 
909-10-11 1?2.073 = 10 18 88 32 73 97 67 79 58 63 54 42 45 61 11 
909-9-11 1?2.137 = 9 72 57 76 85 94 93 84 23 75 99 18 88 73 67 11 
909-9-10 1?2.407 = 9 8 98 57 76 85 94 93 84 23 75 99 18 88 73 97 10 
909-9-12 1?2.511 = 9 72 57 76 85 94 93 84 23 75 99 18 88 73 67 79 61 12 
909-9-14 1?2.582 = 9 18 88 73 32 67 79 61 63 58 54 42 35 47 90 36 21 14 
909-10-12 1?2.353 = 10 88 73 97 67 79 61 63 54 52 24 65 31 96 42 45 12 
909-10-14 1?2.438 = 10 88 73 97 67 79 61 63 58 54 52 24 65 31 96 35 47 90 14 
909-9-13 1?2.785 = 9 18 88 73 97 67 79 61 63 54 52 24 65 31 96 42 28 13 
909-10-13 1?2.463 = 10 88 73 97 67 79 61 63 58 54 52 24 65 31 96 42 28 13 
909-9-15 1?2.671 = 9 72 75 23 93 84 39 92 38 16 66 30 82 71 44 62 19 22 15 
909-10-15 1?2.622 = 10 18 88 32 73 97 67 79 61 63 58 54 42 47 90 21 36 37 15 
909-11-12 1?1.956 = 11 61 79 67 97 73 88 18 60 24 52 54 63 45 12 
909-11-14 1?1.925 = 11 67 97 73 32 79 61 63 58 54 42 47 90 36 21 14 
909-13-14 1?2.313 = 13 28 45 61 79 67 97 73 32 58 63 54 42 47 90 14 
909-12-14 1?2.054 = 12 61 79 67 97 73 32 58 63 54 42 47 90 36 21 14 
909-12-13 1?2.209 = 12 45 61 79 67 73 88 32 58 63 54 52 42 28 13 
909-11-13 1?2.075 = 11 61 79 67 97 73 88 18 32 58 63 54 42 28 13 
909-14-15 1?2.456 = 14 21 36 90 47 55 40 89 16 95 29 30 82 71 62 22 15 
909-13-15 1?2.511 = 13 28 42 35 55 40 43 66 30 82 71 44 62 19 22 37 15 
909-12-15 1?2.465 = 12 45 61 79 67 97 73 32 58 63 54 42 47 90 21 36 37 15 
909-11-15 1?2.504 = 11 67 97 73 32 52 24 65 92 38 16 66 82 71 44 62 22 15 
stop
