start
872-0-2 1?1.914 = 0 31 62 98 55 91 32 74 45 60 50 93 94 86 2 
872-0-1 1?1.935 = 0 31 62 98 55 91 32 74 45 60 50 93 94 86 1 
872-0-7 1?2.362 = 0 98 55 91 32 74 45 60 16 30 97 40 78 68 26 67 52 51 7 
872-0-9 1?2.518 = 0 98 55 91 32 74 45 60 16 30 78 40 26 68 39 66 90 80 81 9 
872-0-8 1?2.449 = 0 98 55 91 32 74 60 16 30 78 40 26 68 39 66 90 73 34 8 
872-0-4 1?2.261 = 0 31 62 98 55 91 32 50 93 94 92 59 42 58 77 83 38 47 4 
872-0-11 1?2.356 = 0 31 62 98 55 64 70 57 76 79 63 33 88 28 87 25 96 21 89 65 11 
872-0-3 1?1.791 = 0 31 62 98 55 91 32 50 93 94 61 58 77 83 38 3 
872-0-10 1?2.496 = 0 98 55 91 32 74 45 60 16 23 69 39 66 90 80 81 37 22 10 
872-0-6 1?2.393 = 0 98 55 91 32 74 45 60 16 30 97 78 40 26 67 52 56 51 6 
872-0-5 1?2.458 = 0 31 62 98 55 91 32 74 45 60 92 59 42 58 77 83 47 72 18 5 
872-0-13 1?1.829 = 0 31 62 64 70 57 76 79 63 33 88 28 87 53 75 13 
872-0-14 1?1.948 = 0 98 55 91 32 74 60 45 20 84 57 76 33 63 79 14 
872-1-3 1?1.931 = 1 46 55 91 32 74 45 60 93 94 61 58 83 38 3 
872-0-15 1?1.999 = 0 46 24 50 60 45 74 20 32 91 55 64 62 31 15 
872-1-2 1?2.1 = 1 46 24 32 91 55 20 74 45 60 50 93 94 35 2 
872-1-4 1?2.306 = 1 46 55 91 32 74 45 60 50 93 92 59 42 58 77 83 47 4 
872-0-12 1?2.184 = 0 31 62 98 55 64 70 57 76 79 63 33 88 28 87 25 96 21 48 12 
872-1-8 1?2.489 = 1 46 24 32 74 45 60 16 30 78 40 26 68 39 66 90 73 34 8 
872-1-7 1?2.422 = 1 46 55 91 32 74 45 60 16 30 78 40 26 67 52 56 51 7 
872-1-6 1?2.531 = 1 46 55 91 32 74 45 60 16 30 97 78 40 26 67 52 56 51 6 
872-1-5 1?2.52 = 1 46 55 91 32 74 45 60 93 92 59 42 58 77 83 47 72 18 5 
872-1-14 1?1.998 = 1 86 94 93 50 32 91 55 64 70 57 76 63 79 14 
872-1-15 1?1.932 = 1 86 94 93 50 60 45 74 32 91 55 98 62 31 15 
872-2-3 1?2.01 = 2 86 94 93 50 74 45 60 92 59 42 58 77 83 38 3 
872-2-4 1?2.285 = 2 35 94 50 32 74 45 60 93 92 59 42 58 83 47 4 
872-1-11 1?2.376 = 1 24 32 91 55 64 70 57 76 79 63 33 88 28 87 96 21 89 65 11 
872-1-12 1?2.278 = 1 46 24 32 91 55 64 70 57 76 79 63 33 88 28 87 96 53 12 
872-2-5 1?2.278 = 2 86 94 93 92 59 42 58 77 83 38 47 72 18 36 5 
872-1-13 1?2.228 = 1 46 24 32 91 55 64 70 76 79 63 33 88 28 87 53 75 13 
872-2-6 1?2.547 = 2 86 94 93 50 74 45 60 16 30 78 40 26 67 52 56 51 6 
872-1-9 1?2.58 = 1 46 55 91 32 74 45 60 16 30 78 40 26 68 39 66 90 80 9 
872-1-10 1?2.557 = 1 86 94 93 92 44 30 97 78 40 26 68 39 66 90 80 81 37 22 10 
872-2-15 1?1.911 = 2 86 94 93 50 60 45 74 32 91 55 98 62 31 15 
872-2-14 1?2.327 = 2 35 94 93 50 60 45 74 32 91 55 64 70 57 76 33 63 79 14 
872-3-4 1?2.233 = 3 38 83 77 58 61 94 93 92 59 42 43 95 99 72 47 4 
872-2-11 1?2.502 = 2 86 24 91 55 64 70 57 76 79 63 33 88 28 87 96 21 89 65 11 
872-3-5 1?2.078 = 3 38 83 77 58 61 94 93 92 59 42 95 99 27 36 18 5 
872-2-12 1?2.466 = 2 35 94 50 32 91 55 64 70 76 79 63 33 88 28 87 96 21 48 12 
872-2-13 1?2.378 = 2 86 94 93 50 32 91 55 64 70 57 76 79 63 33 88 28 75 13 
872-2-7 1?2.507 = 2 35 94 93 50 74 45 60 16 30 97 78 40 26 67 52 56 51 7 
872-2-8 1?2.581 = 2 35 61 42 95 99 71 56 52 67 26 40 78 68 39 66 90 73 34 8 
872-2-10 1?2.536 = 2 86 94 93 92 44 30 97 78 40 26 68 39 66 90 80 81 37 22 10 
872-2-9 1?2.737 = 2 35 61 58 42 95 99 71 56 52 67 26 40 78 68 39 66 90 80 81 9 
872-3-15 1?2.074 = 3 38 83 77 58 42 59 92 93 50 60 45 74 32 91 55 98 62 15 
872-3-14 1?2.326 = 3 38 83 77 58 61 94 93 60 45 74 32 91 55 64 70 57 76 63 79 14 
872-4-5 1?2.155 = 4 72 95 43 97 40 78 68 26 67 52 56 71 27 36 5 
872-3-11 1?2.578 = 3 38 83 77 61 94 50 32 91 55 64 70 57 88 28 87 96 21 89 65 11 
872-3-6 1?2.239 = 3 38 77 58 42 59 44 30 97 40 78 68 26 67 52 56 51 6 
872-3-7 1?2.165 = 3 38 83 58 42 59 44 30 97 40 78 68 26 67 52 56 51 7 
872-3-12 1?2.436 = 3 38 83 77 61 94 93 50 32 91 55 64 70 57 88 28 87 96 21 48 12 
872-3-8 1?2.356 = 3 38 83 77 58 95 99 71 56 67 26 40 78 68 39 66 90 73 34 8 
872-3-13 1?2.378 = 3 38 83 77 58 42 59 92 60 45 74 32 91 55 64 70 57 76 79 63 33 13 
872-3-9 1?2.378 = 3 38 83 77 58 42 59 44 30 97 78 40 26 68 39 66 90 80 37 81 9 
872-3-10 1?2.364 = 3 38 83 77 58 42 59 44 30 78 40 26 68 39 66 90 80 81 37 22 10 
872-4-14 1?2.515 = 4 47 83 77 58 61 94 93 60 45 74 32 91 55 64 70 57 76 63 79 14 
872-4-15 1?2.416 = 4 47 38 83 77 58 42 59 92 93 50 60 45 74 32 91 55 98 62 31 15 
872-5-6 1?2.385 = 5 36 27 71 40 78 68 39 66 90 73 34 52 51 6 
872-4-11 1?2.593 = 4 72 99 95 43 97 78 40 26 68 69 23 29 17 25 96 21 89 65 11 
872-4-8 1?2.147 = 4 72 99 71 56 52 67 26 40 78 68 39 66 90 73 34 8 
872-4-7 1?2.289 = 4 47 38 83 77 58 42 59 44 30 97 78 40 26 67 52 51 7 
872-4-6 1?2.335 = 4 72 47 83 77 58 42 43 97 40 78 68 26 67 52 51 6 
872-4-12 1?2.625 = 4 47 83 77 61 94 93 50 32 91 55 64 70 57 88 28 87 96 21 48 12 
872-4-9 1?2.413 = 4 72 99 71 56 52 67 26 40 78 68 39 66 90 80 81 37 22 9 
872-4-13 1?2.528 = 4 47 83 77 58 61 94 93 60 45 74 32 91 55 64 70 57 76 79 63 13 
872-4-10 1?2.528 = 4 72 95 99 71 56 51 52 67 26 40 78 68 39 66 90 80 81 37 22 10 
872-5-14 1?2.427 = 5 36 27 71 40 78 26 68 69 23 29 17 25 87 28 88 33 63 79 14 
872-6-8 1?1.855 = 6 51 52 67 56 71 40 78 68 39 66 90 73 34 8 
872-5-15 1?2.455 = 5 18 72 47 83 77 58 42 59 92 60 45 74 32 91 55 98 62 31 15 
872-5-8 1?1.929 = 5 36 27 71 56 67 26 40 78 68 39 66 90 73 34 8 
872-5-7 1?2.148 = 5 36 27 71 56 67 26 40 78 68 39 66 90 73 34 7 
872-6-7 1?2.074 = 6 51 52 67 56 71 40 78 68 39 66 90 73 34 7 
872-5-11 1?2.564 = 5 36 27 71 40 78 26 68 69 23 29 54 85 17 25 96 21 89 65 11 
872-5-9 1?2.207 = 5 36 27 71 56 51 52 67 26 40 78 68 39 66 90 80 81 9 
872-5-12 1?2.589 = 5 36 27 71 56 52 67 26 40 78 68 69 23 29 54 85 17 25 96 21 48 12 
872-5-10 1?2.248 = 5 18 36 27 71 56 52 67 26 40 78 68 39 66 90 80 81 37 22 10 
872-5-13 1?2.646 = 5 36 27 71 56 26 40 78 68 69 23 29 17 25 96 87 28 88 33 63 79 13 
872-7-8 1?1.796 = 7 51 52 67 56 71 40 78 68 39 66 90 73 34 8 
872-7-9 1?1.821 = 7 51 56 52 67 26 40 78 68 39 66 90 80 37 81 9 
872-6-14 1?2.383 = 6 51 52 67 26 40 78 68 69 23 29 17 25 96 87 28 88 33 63 79 14 
872-7-11 1?2.26 = 7 51 56 67 26 40 78 68 69 23 29 17 25 96 21 89 65 11 
872-6-15 1?2.436 = 6 51 56 67 26 40 78 30 16 60 45 74 32 91 55 98 62 31 15 
872-6-11 1?2.354 = 6 51 52 67 26 40 78 68 69 23 29 85 17 25 96 21 89 65 11 
872-6-9 1?1.88 = 6 51 56 52 67 26 40 78 68 39 66 90 80 37 81 9 
872-7-10 1?2.023 = 7 51 52 67 56 71 40 78 26 68 39 66 90 80 81 37 22 10 
872-6-10 1?2.296 = 6 36 27 71 56 52 67 26 40 78 68 39 66 90 80 81 37 22 10 
872-6-12 1?2.61 = 6 51 52 56 67 26 40 78 68 69 23 29 54 85 17 25 87 96 53 21 48 12 
872-6-13 1?2.565 = 6 51 52 67 56 40 78 68 69 23 29 85 17 25 96 87 28 88 33 63 79 13 
872-8-11 1?2.134 = 8 34 73 90 66 39 69 23 29 17 25 96 21 89 65 11 
872-8-9 1?1.962 = 8 34 73 52 67 26 40 78 68 39 66 90 80 37 81 9 
872-7-14 1?2.324 = 7 51 52 67 26 40 78 68 69 23 29 17 25 96 87 28 88 33 63 79 14 
872-8-15 1?2.467 = 8 34 73 90 66 39 68 78 30 16 60 45 74 32 91 55 98 62 15 
872-7-15 1?2.397 = 7 51 52 56 26 40 78 30 16 60 45 74 32 91 55 98 62 31 15 
872-7-12 1?2.213 = 7 51 56 52 67 26 40 78 68 69 23 29 85 17 25 96 21 48 12 
872-8-12 1?2.26 = 8 34 73 90 66 39 68 26 40 78 69 23 29 17 25 96 21 48 12 
872-8-10 1?1.956 = 8 34 73 67 26 40 78 68 39 66 90 80 81 37 22 10 
872-8-14 1?2.463 = 8 34 73 90 66 39 68 26 40 78 69 23 29 17 25 87 28 88 33 63 79 14 
872-8-13 1?2.367 = 8 34 73 90 66 39 68 69 23 29 17 25 96 87 28 88 33 63 79 13 
872-7-13 1?2.355 = 7 51 52 67 26 40 78 68 69 23 29 17 25 96 87 28 88 33 63 79 13 
872-10-13 1?1.983 = 10 22 81 37 19 89 21 96 25 87 28 88 33 63 79 13 
872-10-12 1?2.093 = 10 22 37 81 80 90 66 69 23 29 85 17 25 21 48 12 
872-10-11 1?2.189 = 10 22 37 81 80 90 66 69 23 29 17 25 21 89 65 11 
872-9-11 1?2.185 = 9 81 37 80 90 66 69 23 29 17 25 96 21 89 65 11 
872-9-10 1?2.075 = 9 73 52 67 26 40 78 68 39 66 90 80 81 37 22 10 
872-9-12 1?2.32 = 9 81 80 90 66 39 68 26 40 78 69 23 29 17 25 96 53 12 
872-9-15 1?2.534 = 9 81 80 90 66 39 68 78 30 16 60 45 74 32 91 55 98 62 15 
872-10-15 1?2.6 = 10 19 89 21 96 25 87 28 88 33 63 79 76 57 70 64 55 98 62 31 15 
872-10-14 1?2.402 = 10 22 37 81 80 90 66 39 69 23 29 17 25 96 87 28 88 33 63 79 14 
872-9-13 1?2.36 = 9 81 80 90 66 39 68 69 23 29 17 25 87 28 88 33 63 79 13 
872-9-14 1?2.528 = 9 80 90 66 39 68 26 40 78 69 23 29 17 25 96 87 28 88 33 63 79 14 
872-11-14 1?1.88 = 11 65 89 21 48 53 96 25 87 41 28 88 33 63 79 14 
872-13-14 1?1.819 = 13 75 53 96 21 48 89 17 25 87 28 88 33 63 79 14 
872-12-14 1?1.921 = 12 65 89 21 48 53 96 25 87 41 28 88 33 63 79 14 
872-14-15 1?1.992 = 14 79 63 33 88 28 87 41 82 20 91 55 98 62 31 15 
872-11-12 1?2.051 = 11 65 89 21 48 53 96 25 87 28 88 33 63 79 13 75 12 
872-12-13 1?2.031 = 12 48 21 25 41 57 76 79 63 33 88 28 87 96 53 75 13 
872-11-13 1?1.911 = 11 65 89 21 48 53 96 25 87 41 28 88 33 63 79 13 
872-13-15 1?1.826 = 13 75 53 87 28 88 33 63 79 76 57 70 64 62 31 15 
872-12-15 1?1.844 = 12 48 21 96 87 28 88 33 63 79 76 57 70 64 62 31 15 
872-11-15 1?2.251 = 11 65 89 21 53 96 25 87 28 88 33 63 79 76 57 70 64 62 31 15 
stop
