start
843-0-2 1?1.893 = 0 89 56 42 53 37 88 54 46 34 25 69 45 58 81 2 
843-0-4 1?2.281 = 0 89 56 88 54 46 41 62 45 58 69 25 55 36 48 17 91 50 4 
843-0-5 1?2.472 = 0 89 88 54 46 41 62 45 58 69 25 55 36 48 17 78 52 75 23 5 
843-0-3 1?1.847 = 0 89 88 54 46 41 62 45 58 69 25 55 36 48 91 3 
843-0-9 1?2.516 = 0 89 56 42 53 37 73 68 67 22 64 84 18 39 35 38 16 77 99 9 
843-0-7 1?2.527 = 0 89 56 42 37 73 68 51 65 57 93 27 80 47 72 31 61 98 74 86 7 
843-0-1 1?1.986 = 0 89 56 42 37 88 54 46 34 55 25 69 45 58 44 1 
843-0-8 1?2.572 = 0 89 56 42 53 37 73 67 22 64 84 18 39 35 38 16 77 99 30 8 
843-0-11 1?2.387 = 0 89 56 42 53 37 73 68 67 22 64 84 18 39 66 24 85 76 11 
843-0-6 1?2.508 = 0 89 88 54 46 34 57 93 27 80 47 70 33 63 96 87 95 20 6 
843-0-10 1?2.376 = 0 89 56 42 53 37 73 68 67 22 64 84 18 39 66 24 85 76 26 10 
843-0-15 1?2.006 = 0 41 46 54 34 65 51 68 67 73 37 42 56 89 15 
843-1-4 1?2.139 = 1 44 58 45 69 25 55 36 48 91 50 17 78 75 52 4 
843-0-14 1?1.921 = 0 89 56 42 53 37 73 68 67 22 64 84 40 28 21 14 
843-1-2 1?1.873 = 1 41 62 46 54 34 65 57 43 55 25 69 45 58 81 2 
843-1-3 1?1.92 = 1 41 62 34 65 57 43 55 25 69 45 58 36 48 91 3 
843-0-12 1?2.233 = 0 89 56 42 53 37 88 46 54 68 73 67 22 64 84 97 83 12 
843-0-13 1?2.253 = 0 89 56 42 53 37 88 46 54 68 73 67 22 64 84 97 83 13 
843-1-8 1?2.507 = 1 44 58 45 69 25 55 43 27 70 80 47 72 35 38 16 77 99 30 8 
843-1-5 1?2.358 = 1 44 58 45 69 25 55 43 57 93 27 80 47 70 33 63 94 32 23 5 
843-1-6 1?2.45 = 1 44 58 45 69 25 55 43 57 93 27 80 70 33 63 96 87 95 20 6 
843-1-7 1?2.53 = 1 44 58 45 69 25 55 43 57 93 27 80 70 33 63 96 87 61 98 74 86 7 
843-1-15 1?1.832 = 1 44 58 45 69 25 55 43 57 34 46 54 88 56 42 15 
843-2-4 1?2.04 = 2 81 58 45 69 25 55 36 48 91 50 17 78 75 52 4 
843-2-3 1?1.863 = 2 81 44 41 62 45 58 69 25 55 36 48 17 50 91 3 
843-2-5 1?1.884 = 2 81 44 58 45 69 25 55 36 48 17 78 52 75 23 5 
843-1-12 1?2.38 = 1 44 58 45 69 25 55 43 57 65 51 68 73 67 22 64 84 97 83 12 
843-1-14 1?1.95 = 1 44 58 45 69 25 55 34 65 51 68 73 67 22 21 14 
843-1-11 1?2.572 = 1 41 62 46 54 88 89 56 42 53 37 73 68 67 22 40 97 83 60 11 
843-1-9 1?2.607 = 1 44 58 45 69 25 55 34 65 57 93 27 80 70 72 35 38 16 77 99 9 
843-2-6 1?2.335 = 2 81 58 45 69 25 55 43 27 80 47 72 31 61 98 87 96 95 20 6 
843-1-13 1?2.313 = 1 44 58 45 69 25 55 43 57 65 51 68 73 67 64 84 40 28 13 
843-1-10 1?2.561 = 1 44 58 45 69 25 55 43 57 93 27 80 47 71 39 66 24 85 76 26 10 
843-2-15 1?1.733 = 2 81 58 45 69 25 55 43 57 34 46 54 88 56 42 15 
843-3-4 1?2.192 = 3 50 91 17 48 36 58 45 69 25 55 79 78 75 52 4 
843-3-5 1?2.007 = 3 91 50 17 48 36 58 45 69 25 55 79 94 32 23 5 
843-2-8 1?2.347 = 2 81 58 45 69 25 55 43 57 93 27 80 47 72 35 38 16 77 30 8 
843-2-9 1?2.381 = 2 81 44 58 45 69 25 55 43 57 93 27 80 47 72 35 38 16 77 99 9 
843-2-12 1?2.364 = 2 81 58 45 69 25 55 43 57 65 51 68 73 67 22 64 84 40 97 83 12 
843-2-14 1?2.105 = 2 81 44 58 45 69 25 55 43 57 65 51 68 67 73 37 53 21 14 
843-2-13 1?2.237 = 2 81 58 45 69 25 55 43 57 65 51 68 73 67 64 84 97 83 13 
843-2-11 1?2.478 = 2 81 58 45 69 25 55 43 57 65 51 68 73 67 22 64 84 97 83 60 11 
843-2-7 1?2.418 = 2 81 44 58 45 69 25 55 43 57 93 27 70 80 47 72 31 61 98 74 86 7 
843-2-10 1?2.564 = 2 81 44 58 45 69 25 55 43 57 93 27 80 47 71 39 66 24 85 76 26 10 
843-3-15 1?1.891 = 3 91 48 36 55 25 69 58 45 62 41 46 54 88 89 56 42 15 
843-4-5 1?2.198 = 4 50 91 48 58 45 69 25 55 36 17 78 52 75 23 5 
843-3-9 1?2.383 = 3 50 91 48 36 69 25 55 43 27 80 70 72 35 38 16 77 99 9 
843-3-8 1?2.384 = 3 50 91 48 36 58 45 69 25 55 79 33 63 96 87 61 98 19 8 
843-3-6 1?2.252 = 3 50 91 48 36 58 45 69 25 55 79 33 63 96 87 95 20 6 
843-3-11 1?2.531 = 3 50 91 48 36 69 25 55 34 65 51 68 73 67 64 84 97 83 60 11 
843-3-7 1?2.26 = 3 91 50 17 48 36 58 45 69 25 55 79 33 63 96 87 74 86 7 
843-3-12 1?2.414 = 3 50 91 48 36 58 45 69 25 55 34 65 51 68 73 67 22 40 97 83 12 
843-3-14 1?2.161 = 3 50 91 48 36 58 45 69 25 55 34 65 51 68 73 67 22 21 14 
843-3-13 1?2.364 = 3 91 50 17 48 36 58 45 69 25 55 43 57 65 51 68 73 67 22 28 13 
843-3-10 1?2.533 = 3 50 91 48 36 58 45 69 25 55 43 27 80 71 39 66 85 76 26 10 
843-4-15 1?2.257 = 4 50 91 48 36 55 25 69 58 45 62 41 46 54 88 37 53 42 56 15 
843-5-6 1?2.036 = 5 23 75 52 78 32 94 96 87 31 61 98 74 86 95 20 6 
843-4-11 1?2.589 = 4 17 48 36 69 25 55 34 65 51 68 73 67 22 40 97 83 60 11 
843-4-9 1?2.519 = 4 52 75 23 32 94 96 87 31 61 98 74 19 90 16 77 99 30 9 
843-4-6 1?2.34 = 4 52 78 75 23 32 94 96 87 31 61 98 19 74 86 95 20 6 
843-4-8 1?2.46 = 4 52 78 75 23 32 94 96 87 61 98 74 19 90 16 77 99 30 8 
843-4-12 1?2.56 = 4 17 48 36 58 45 69 25 55 34 65 51 68 73 67 64 84 97 83 12 
843-4-7 1?2.454 = 4 17 48 36 58 45 69 25 55 43 27 80 47 72 31 61 98 74 86 7 
843-4-13 1?2.489 = 4 50 91 17 48 36 58 45 69 25 55 34 65 51 68 73 67 22 28 13 
843-4-10 1?2.606 = 4 17 48 36 69 25 55 43 27 80 47 71 39 66 24 85 76 26 10 
843-4-14 1?2.391 = 4 17 48 36 55 25 69 58 45 62 41 46 54 88 56 42 37 53 21 14 
843-5-15 1?2.304 = 5 52 78 17 48 36 55 25 69 58 45 62 41 46 54 88 56 42 15 
843-6-8 1?1.977 = 6 20 95 96 87 31 61 98 74 19 90 16 77 99 30 8 
843-6-7 1?2.153 = 6 20 95 87 96 63 33 70 80 47 72 31 61 98 74 86 7 
843-5-7 1?1.986 = 5 23 75 52 78 94 32 29 95 96 87 31 61 98 74 86 7 
843-5-8 1?2.329 = 5 23 75 52 78 32 94 96 87 74 98 61 31 90 16 77 99 30 8 
843-5-9 1?2.476 = 5 23 75 52 78 32 94 96 87 31 61 98 74 19 90 16 77 99 30 9 
843-5-11 1?2.673 = 5 23 75 52 78 32 94 63 33 70 80 47 71 18 39 66 24 85 76 11 
843-5-12 1?2.728 = 5 23 32 94 63 33 70 80 27 93 57 65 51 68 73 67 64 84 97 83 12 
843-5-13 1?2.656 = 5 52 78 17 48 36 58 45 69 25 55 34 65 51 68 73 67 22 28 13 
843-5-14 1?2.562 = 5 75 78 17 48 36 58 45 69 25 55 34 65 51 68 73 67 22 21 14 
843-5-10 1?2.508 = 5 23 75 52 78 32 94 96 87 74 98 61 31 90 16 77 99 92 26 10 
843-6-9 1?2.006 = 6 20 95 96 87 31 61 98 74 19 90 16 77 99 30 9 
843-7-9 1?2.02 = 7 86 20 95 96 87 31 61 98 74 19 90 16 77 99 9 
843-7-8 1?2.04 = 7 20 95 96 87 31 61 98 74 19 90 16 77 99 30 8 
843-6-15 1?2.452 = 6 20 95 87 96 63 33 70 80 27 93 57 65 54 46 89 56 42 15 
843-7-11 1?2.508 = 7 86 74 98 61 87 96 63 33 70 80 47 71 18 39 66 24 60 11 
843-7-10 1?2.101 = 7 20 95 96 87 74 98 61 31 90 16 77 99 92 26 10 
843-6-12 1?2.694 = 6 20 95 96 87 98 61 31 72 70 80 47 71 18 39 66 49 97 83 12 
843-6-11 1?2.684 = 6 20 95 96 87 74 98 61 31 72 70 80 47 71 39 66 24 60 11 
843-6-10 1?2.588 = 6 20 95 96 87 98 61 31 72 70 80 71 39 66 24 85 76 26 10 
843-6-14 1?2.591 = 6 20 95 87 96 63 33 70 80 27 93 57 65 51 68 73 67 22 21 14 
843-6-13 1?2.712 = 6 20 95 87 96 63 33 70 47 80 27 93 57 65 51 68 73 67 22 28 13 
843-8-9 1?2.117 = 8 19 74 86 20 95 96 87 31 61 98 90 16 77 99 9 
843-8-15 1?2.502 = 8 19 98 61 31 72 47 80 27 93 57 65 51 68 67 73 37 53 42 56 15 
843-8-11 1?2.542 = 8 30 99 77 16 38 35 72 70 80 71 39 66 24 85 76 11 
843-8-10 1?2.137 = 8 19 74 95 96 87 98 61 31 90 16 77 99 92 26 10 
843-7-15 1?2.45 = 7 86 74 98 61 31 72 47 80 27 93 57 65 51 68 67 73 37 53 42 56 15 
843-8-12 1?2.54 = 8 19 74 98 61 87 96 63 33 70 80 47 71 39 66 24 60 12 
843-7-12 1?2.673 = 7 86 74 98 61 31 72 47 80 27 93 82 51 68 73 67 64 84 97 83 12 
843-8-13 1?2.62 = 8 19 74 98 61 31 72 47 80 27 93 57 65 51 68 73 67 22 28 13 
843-8-14 1?2.65 = 8 19 74 98 61 31 72 47 80 27 93 57 65 51 68 67 73 37 53 21 14 
843-7-13 1?2.685 = 7 86 74 87 96 63 33 70 80 27 93 57 65 51 68 73 67 22 40 28 13 
843-7-14 1?2.586 = 7 86 74 87 96 63 33 70 47 80 27 93 57 65 51 68 73 67 22 21 14 
843-10-11 1?2.29 = 10 26 76 85 24 66 39 18 84 64 22 40 97 83 60 11 
843-10-12 1?2.267 = 10 26 76 85 24 66 39 18 84 64 67 22 40 97 83 12 
843-9-12 1?2.309 = 9 99 77 16 38 35 72 70 80 47 71 39 66 24 60 12 
843-9-15 1?2.356 = 9 92 76 85 24 66 39 18 84 64 22 67 68 73 37 53 42 56 15 
843-9-11 1?2.328 = 9 99 77 16 38 35 72 70 80 47 71 39 66 24 60 11 
843-10-15 1?2.21 = 10 26 76 85 24 66 39 18 84 64 22 67 68 73 37 53 42 56 15 
843-10-13 1?2.267 = 10 26 76 85 24 66 39 18 84 64 67 73 22 40 28 13 
843-9-10 1?2.236 = 9 99 77 16 90 19 74 98 61 31 35 38 85 76 26 10 
843-9-13 1?2.514 = 9 99 77 16 38 35 72 70 80 47 71 18 39 66 49 97 83 13 
843-9-14 1?2.519 = 9 99 77 16 38 35 72 47 80 27 93 57 65 51 68 73 67 22 21 14 
843-10-14 1?2.468 = 10 26 76 85 24 66 49 83 97 40 84 64 67 68 73 37 53 21 14 
843-12-15 1?1.882 = 12 83 97 40 84 64 67 68 73 37 53 42 56 89 15 
843-13-15 1?1.902 = 13 83 97 40 84 64 67 68 73 37 53 42 56 89 15 
843-14-15 1?1.886 = 14 21 22 67 73 68 51 65 34 46 54 88 89 56 42 15 
843-11-12 1?2.349 = 11 60 24 66 39 18 84 64 67 68 73 22 40 97 83 12 
843-11-15 1?2.215 = 11 60 24 66 39 18 84 64 67 68 73 37 53 42 56 89 15 
843-11-13 1?2.369 = 11 60 24 66 39 18 84 64 67 68 73 22 40 97 83 13 
843-12-13 1?2.35 = 12 60 24 66 39 18 84 64 67 68 73 22 40 97 83 13 
843-12-14 1?2.126 = 12 83 97 84 64 22 67 73 68 54 46 88 37 53 21 14 
843-13-14 1?2.124 = 13 28 22 64 67 73 68 54 46 88 56 42 37 53 21 14 
843-11-14 1?2.178 = 11 60 24 66 39 18 84 64 22 67 68 73 37 53 21 14 
stop
