start
534-0-2 1?2.258 = 0 36 42 81 93 25 61 68 31 22 90 41 34 98 94 2 
534-0-4 1?2.299 = 0 92 36 81 93 25 68 31 22 90 41 34 40 45 88 38 23 4 
534-0-3 1?2.499 = 0 92 36 81 93 25 61 68 31 43 86 46 80 21 88 45 40 3 
534-0-5 1?2.48 = 0 36 81 93 25 61 87 54 27 53 63 86 46 80 50 17 76 20 70 5 
534-0-1 1?2.284 = 0 92 36 81 93 25 61 87 54 68 31 22 24 32 77 1 
534-0-6 1?2.409 = 0 36 81 93 25 68 31 27 53 30 47 62 26 66 79 65 67 39 6 
534-0-11 1?2.881 = 0 92 36 81 93 25 61 87 54 75 83 57 55 89 71 82 48 91 59 72 11 
534-0-9 1?2.71 = 0 92 36 81 93 25 61 87 54 75 83 57 55 89 71 82 48 91 99 9 
534-0-8 1?2.578 = 0 36 81 93 25 61 87 54 27 53 30 96 58 33 60 78 56 85 19 8 
534-0-7 1?2.766 = 0 36 81 93 25 61 87 54 27 53 30 96 58 33 85 56 60 78 18 7 
534-0-10 1?2.855 = 0 36 81 93 25 61 87 54 27 53 30 47 62 96 58 71 82 48 91 99 10 
534-1-4 1?2.219 = 1 32 77 94 98 40 45 88 73 84 17 76 20 70 23 38 4 
534-0-14 1?2.24 = 0 92 36 81 93 25 61 87 54 75 95 49 51 37 69 14 
534-0-13 1?2.271 = 0 92 36 81 93 25 42 37 69 51 61 87 49 95 16 74 13 
534-0-15 1?2.349 = 0 36 42 25 93 81 92 24 22 68 31 54 87 61 37 15 
534-1-2 1?2.37 = 1 44 92 36 81 93 25 61 68 31 22 90 41 34 98 94 2 
534-1-6 1?2.382 = 1 32 77 94 98 40 45 88 38 23 73 84 70 20 76 67 65 39 6 
534-1-3 1?2.291 = 1 44 92 36 81 93 25 61 68 31 22 90 41 34 98 3 
534-1-5 1?2.543 = 1 32 77 90 43 86 46 80 50 26 66 79 65 67 76 20 70 5 
534-0-12 1?2.894 = 0 92 24 22 31 68 61 25 93 81 36 42 37 51 87 49 16 95 97 12 
534-1-8 1?2.571 = 1 77 94 98 40 45 88 73 84 70 20 76 67 65 79 18 78 56 85 19 8 
534-1-7 1?2.745 = 1 77 94 98 40 45 88 73 84 70 20 76 67 65 79 18 78 60 85 56 7 
534-1-15 1?2.06 = 1 32 24 22 68 31 54 87 61 25 93 81 36 42 37 15 
534-2-5 1?2.165 = 2 94 98 34 41 90 43 86 46 80 50 21 73 84 70 5 
534-1-13 1?2.68 = 1 32 24 22 31 68 61 25 93 81 36 42 37 69 51 49 95 16 74 13 
534-1-14 1?2.536 = 1 32 24 22 68 31 53 27 54 87 61 25 93 81 36 42 37 69 14 
534-2-4 1?2.137 = 2 94 98 34 41 90 43 86 46 80 50 21 73 38 23 4 
534-2-3 1?2.385 = 2 94 98 34 41 90 43 86 80 50 21 73 88 45 40 3 
534-2-6 1?2.477 = 2 94 98 40 45 88 21 50 80 46 86 63 47 62 26 66 79 65 39 6 
534-1-9 1?2.735 = 1 32 90 43 86 46 80 50 26 66 96 58 71 82 48 91 99 9 
534-1-10 1?2.813 = 1 32 44 92 36 81 93 25 61 87 54 49 16 95 97 52 28 29 59 72 10 
534-1-12 1?2.914 = 1 44 24 22 31 68 25 93 81 36 42 37 61 87 54 49 16 95 97 12 
534-1-11 1?2.975 = 1 32 44 92 36 81 93 25 61 87 54 75 49 16 95 97 52 28 29 59 72 11 
534-2-15 1?2.035 = 2 94 98 34 41 90 22 31 68 25 93 81 36 42 37 15 
534-3-5 1?2.076 = 3 40 45 88 21 50 26 66 79 65 67 39 76 20 70 5 
534-3-4 1?2.24 = 3 40 45 88 21 50 26 66 79 65 67 76 20 70 23 4 
534-2-14 1?2.55 = 2 77 32 44 24 22 68 31 54 87 61 25 93 81 36 42 37 51 69 14 
534-2-13 1?2.63 = 2 94 98 34 41 90 22 24 92 36 81 93 25 61 87 54 49 16 74 13 
534-2-8 1?2.373 = 2 94 98 40 45 88 73 84 70 20 76 67 65 79 18 78 60 56 85 19 8 
534-2-7 1?2.511 = 2 94 98 40 45 88 73 84 70 20 76 67 65 79 18 78 60 33 85 56 7 
534-2-9 1?2.584 = 2 94 98 40 45 88 73 84 70 20 76 67 79 18 78 56 85 19 9 
534-2-10 1?2.679 = 2 94 98 40 45 88 21 80 86 46 62 47 96 58 71 82 48 91 99 10 
534-2-12 1?2.729 = 2 94 98 34 41 90 22 24 92 36 81 93 25 61 87 49 16 95 97 12 
534-2-11 1?2.817 = 2 94 98 40 45 88 21 50 26 66 96 58 71 82 48 91 99 59 72 11 
534-3-6 1?1.93 = 3 40 45 88 38 23 73 84 70 20 76 67 79 65 39 6 
534-4-5 1?1.975 = 4 23 38 40 45 64 43 86 46 80 50 17 76 20 70 5 
534-3-15 1?2.424 = 3 40 45 88 64 34 41 90 31 68 22 24 93 81 36 42 37 15 
534-3-13 1?2.617 = 3 98 34 41 90 22 24 92 36 81 93 25 61 87 54 49 95 16 74 13 
534-3-14 1?2.561 = 3 40 45 88 64 34 41 90 22 31 68 61 25 93 81 36 42 37 69 14 
534-3-7 1?2.331 = 3 40 45 88 73 84 70 20 76 67 65 18 78 60 33 19 85 56 7 
534-3-8 1?2.302 = 3 40 45 88 73 84 70 20 76 39 67 65 79 18 78 56 85 33 19 8 
534-3-12 1?2.787 = 3 98 34 41 90 22 24 92 36 81 93 25 61 87 54 49 16 95 97 12 
534-3-9 1?2.629 = 3 40 45 88 38 23 73 84 70 20 76 67 65 79 18 78 56 85 19 9 
534-3-11 1?2.728 = 3 40 45 88 21 80 86 46 62 26 66 96 58 71 82 48 91 59 72 11 
534-3-10 1?2.792 = 3 40 45 88 73 84 70 20 76 67 65 79 66 26 96 58 82 48 91 99 10 
534-5-6 1?1.774 = 5 70 20 76 17 50 80 46 62 26 66 79 65 67 39 6 
534-4-6 1?1.707 = 4 23 38 40 45 88 73 84 70 20 76 67 79 65 39 6 
534-4-13 1?2.517 = 4 23 38 73 84 17 50 80 86 46 62 47 30 53 27 75 95 16 74 13 
534-4-14 1?2.377 = 4 23 38 88 45 40 34 41 90 31 68 25 93 81 36 42 37 69 51 14 
534-4-15 1?2.335 = 4 23 38 45 40 34 41 90 22 31 68 61 25 93 81 36 42 37 15 
534-4-8 1?1.92 = 4 23 38 73 84 70 20 76 67 65 79 18 78 60 33 85 56 19 8 
534-4-7 1?2.125 = 4 23 38 73 84 70 20 76 67 65 79 18 60 33 85 19 56 7 
534-4-9 1?2.297 = 4 23 38 73 84 70 20 76 67 65 79 18 78 56 85 60 33 19 9 
534-4-12 1?2.666 = 4 38 23 70 20 76 67 65 79 66 26 96 71 89 55 57 83 97 12 
534-4-11 1?2.621 = 4 23 38 73 84 17 50 26 66 96 58 71 82 48 91 29 28 59 72 11 
534-4-10 1?2.517 = 4 23 38 73 84 70 20 76 67 65 79 66 26 96 58 82 48 91 99 10 
534-6-8 1?1.79 = 6 39 67 65 79 66 26 96 58 71 82 33 85 19 8 
534-6-7 1?1.8 = 6 39 67 65 79 66 26 96 58 82 33 85 56 7 
534-5-7 1?1.811 = 5 20 76 39 67 65 79 18 60 33 85 19 56 78 7 
534-5-8 1?2.169 = 5 70 20 76 39 67 65 79 66 26 96 58 71 82 33 19 8 
534-5-14 1?2.401 = 5 70 20 17 50 80 46 86 43 31 68 25 93 81 36 42 37 51 69 14 
534-5-13 1?2.648 = 5 70 20 76 39 67 65 79 66 26 96 58 71 89 55 57 75 95 16 74 13 
534-5-15 1?2.398 = 5 70 20 76 17 50 80 46 86 43 31 68 61 25 93 81 36 42 37 15 
534-5-9 1?2.173 = 5 70 20 76 39 67 65 79 66 26 96 58 82 48 91 99 9 
534-5-10 1?2.404 = 5 70 20 84 17 76 67 65 79 66 26 96 58 71 82 48 91 99 10 
534-5-11 1?2.482 = 5 70 20 76 67 65 79 66 26 96 58 71 82 48 91 29 28 59 72 11 
534-5-12 1?2.654 = 5 70 20 76 39 67 65 79 66 26 96 58 71 82 48 91 29 52 12 
534-7-8 1?2.151 = 7 18 65 39 67 79 66 26 96 58 82 33 19 8 
534-6-9 1?1.977 = 6 39 67 65 79 18 78 56 85 60 33 82 48 91 99 9 
534-7-9 1?2.075 = 7 78 56 85 33 60 66 26 96 58 71 82 48 91 99 9 
534-7-10 1?2.072 = 7 78 56 85 33 60 66 26 96 58 71 82 48 91 99 10 
534-6-10 1?1.974 = 6 39 67 65 79 18 78 56 85 60 33 82 48 91 99 10 
534-6-15 1?2.447 = 6 39 67 65 79 66 26 62 47 30 53 27 54 87 61 25 93 81 36 42 15 
534-6-14 1?2.535 = 6 39 67 65 79 66 26 62 46 86 43 31 68 25 93 81 36 42 37 69 14 
534-6-13 1?2.713 = 6 39 67 65 79 66 26 50 80 86 46 47 30 53 27 54 87 49 16 74 13 
534-7-11 1?2.369 = 7 18 78 56 85 33 60 66 26 96 58 71 82 48 91 59 72 11 
534-6-11 1?2.494 = 6 39 67 65 79 66 26 96 58 82 71 89 55 57 83 29 28 59 72 11 
534-6-12 1?2.666 = 6 39 67 65 79 18 78 56 85 19 33 58 96 71 89 55 57 83 97 12 
534-8-9 1?1.854 = 8 19 85 56 78 60 33 58 96 71 82 48 91 99 9 
534-8-11 1?1.954 = 8 19 85 56 60 33 58 96 71 82 48 91 59 72 11 
534-8-10 1?1.851 = 8 19 85 56 78 60 33 58 96 71 82 48 91 99 10 
534-8-12 1?2.078 = 8 19 85 56 60 33 58 71 82 48 91 29 28 52 12 
534-7-13 1?2.596 = 7 18 78 56 85 33 60 66 26 96 58 71 89 55 57 83 97 74 13 
534-7-14 1?2.581 = 7 18 66 26 62 47 30 53 27 54 87 61 25 93 81 36 42 37 69 14 
534-8-13 1?2.499 = 8 19 85 56 60 78 18 66 26 96 58 71 89 55 57 83 97 74 13 
534-7-15 1?2.596 = 7 78 56 85 33 58 96 30 53 27 54 87 61 25 93 81 36 42 37 15 
534-8-14 1?2.55 = 8 19 56 85 33 58 96 30 53 31 68 25 93 81 36 42 37 51 69 14 
534-8-15 1?2.497 = 8 19 85 56 78 60 33 58 96 30 53 27 54 87 61 25 93 81 36 15 
534-7-12 1?2.555 = 7 18 78 56 85 33 60 66 26 96 58 82 48 91 29 28 52 12 
534-10-13 1?2.384 = 10 59 72 28 29 91 48 82 71 89 55 57 75 95 16 74 13 
534-10-14 1?2.143 = 10 59 29 83 75 54 87 61 25 93 81 36 42 37 69 14 
534-10-12 1?2.416 = 10 59 72 28 29 91 48 82 58 71 89 55 57 83 97 12 
534-9-11 1?2.28 = 9 19 85 56 60 33 58 96 71 82 48 91 59 72 11 
534-10-11 1?2.339 = 10 99 91 48 82 58 96 71 89 55 57 83 29 28 52 11 
534-9-12 1?2.404 = 9 19 85 56 60 33 58 71 82 48 91 29 28 52 12 
534-9-10 1?2.177 = 9 19 85 56 78 60 33 58 96 71 82 48 91 99 10 
534-9-13 1?2.702 = 9 19 56 85 33 60 66 26 96 58 71 89 55 57 83 97 74 13 
534-9-14 1?2.551 = 9 99 91 48 89 55 57 75 54 87 61 25 93 81 36 42 37 51 14 
534-9-15 1?2.556 = 9 99 91 48 82 71 89 55 57 75 54 87 61 25 93 81 36 42 37 15 
534-10-15 1?2.458 = 10 59 72 28 29 52 97 95 16 49 54 87 61 25 93 81 36 42 37 15 
534-12-13 1?2.24 = 12 97 95 49 54 87 61 25 93 81 36 42 37 69 51 13 
534-13-14 1?1.81 = 13 74 16 95 49 54 87 61 25 93 81 36 42 37 51 69 14 
534-11-13 1?2.275 = 11 52 97 95 49 87 61 25 93 81 36 42 37 69 51534-12-15 1? 2.03 = 12 13 
97 95 16 49 75 54 87 61 25 93 81 36 42 37 15 
534-11-14 1?1.961 = 11 52 97 95 49 87 61 25 93 81 36 42 37 51 69 14 
534-13-15 1?2.02 = 13 74 16 95 49 54 87 61 25 93 81 36 42 37 51 69 15 
534-12-14 1?1.929 = 12 97 95 16 49 54 87 61 25 93 81 36 42 37 69 14 
534-14-15 1?2.178 = 14 51 37 42 25 61 87 54 68 31 22 24 92 81 36 15 
534-11-12 1?2.407 = 11 72 59 28 29 91 48 82 58 71 89 55 57 83 97 12 
534-11-15 1?2.264 = 11 72 59 29 28 52 97 95 16 49 87 61 25 93 81 36 42 37 15 
stop
