start
397-0-1 1?1.984 = 0 31 41 51 95 58 71 42 77 16 49 24 63 54 22 1 
397-0-6 1?2.493 = 0 31 41 51 46 45 52 72 65 70 34 92 44 20 89 81 50 93 82 6 
397-0-5 1?2.501 = 0 31 41 51 46 45 52 72 65 70 17 34 20 89 23 81 50 56 28 5 
397-0-2 1?2.214 = 0 22 63 54 38 27 96 95 58 71 42 77 49 16 40 94 75 2 
397-0-8 1?2.394 = 0 31 41 51 46 45 52 72 65 70 34 20 89 23 25 39 84 19 98 60 8 
397-0-9 1?2.691 = 0 31 41 51 46 45 52 72 65 70 67 92 44 20 89 23 39 84 98 9 
397-0-10 1?2.617 = 0 31 41 51 46 45 52 72 65 70 17 18 69 88 62 53 48 55 37 10 
397-0-7 1?2.516 = 0 31 41 51 46 45 52 72 65 70 34 92 44 20 89 81 50 93 82 91 7 
397-0-3 1?2.167 = 0 22 63 54 27 96 95 58 71 42 77 49 16 94 40 32 99 3 
397-0-11 1?2.53 = 0 31 41 51 46 45 52 72 65 70 17 18 69 88 62 53 48 55 37 11 
397-0-4 1?2.518 = 0 31 41 51 96 27 38 49 77 42 61 16 94 40 99 32 21 74 85 4 
397-0-14 1?2.232 = 0 54 22 63 24 49 38 27 96 31 41 51 43 78 47 33 14 
397-0-15 1?2.139 = 0 54 22 63 24 49 77 42 71 58 95 51 41 31 35 15 
397-1-2 1?1.706 = 1 22 54 63 24 49 77 71 58 42 61 40 94 16 75 2 
397-1-3 1?1.789 = 1 22 63 54 27 96 95 58 71 42 77 49 16 94 40 99 3 
397-0-13 1?2.201 = 0 31 41 51 46 45 52 72 65 70 17 88 62 30 57 59 13 
397-1-6 1?2.385 = 1 22 63 49 77 42 64 92 44 20 89 23 25 19 84 39 93 82 6 
397-1-8 1?2.335 = 1 22 63 24 49 77 42 64 92 44 20 89 23 25 39 84 19 98 60 8 
397-1-4 1?2.038 = 1 22 54 63 24 49 77 42 61 16 94 40 99 32 21 74 85 4 
397-1-7 1?2.415 = 1 22 63 49 77 42 71 58 64 92 44 20 89 23 81 50 93 82 91 7 
397-1-5 1?2.268 = 1 22 63 24 49 77 42 61 16 94 40 32 21 74 26 86 56 28 5 
397-0-12 1?2.417 = 0 31 41 51 46 45 52 72 65 70 17 18 69 88 62 53 90 48 83 12 
397-1-15 1?1.866 = 1 22 54 63 24 49 77 42 71 58 95 51 41 31 35 15 
397-2-5 1?1.965 = 2 75 49 77 16 94 40 99 32 21 74 26 86 56 28 5 
397-1-14 1?1.959 = 1 22 54 63 24 49 38 27 96 31 41 51 43 78 47 33 14 
397-2-4 1?1.962 = 2 75 16 94 40 61 42 71 58 64 87 26 74 21 85 4 
397-2-3 1?1.897 = 2 75 49 38 27 96 95 58 71 42 61 16 94 40 99 3 
397-1-10 1?2.503 = 1 22 54 27 96 31 41 51 46 45 52 72 65 70 17 88 62 53 90 80 10 
397-1-11 1?2.464 = 1 22 54 27 96 31 41 51 46 45 52 72 65 70 17 88 62 53 90 48 55 11 
397-1-9 1?2.554 = 1 22 63 49 77 42 71 58 64 92 44 20 89 23 39 84 19 98 9 
397-2-6 1?2.272 = 2 75 16 94 40 32 21 74 26 86 44 20 89 23 25 39 93 82 6 
397-1-12 1?2.401 = 1 22 63 54 27 96 51 46 45 52 72 65 70 17 88 62 53 90 48 83 12 
397-1-13 1?2.473 = 1 22 54 27 96 31 41 51 46 45 52 72 65 70 17 88 62 30 57 59 13 
397-2-15 1?2.126 = 2 75 16 94 40 61 42 71 77 49 38 27 96 51 41 31 35 15 
397-3-5 1?1.975 = 3 85 21 74 26 86 44 20 89 23 81 50 56 28 5 
397-3-4 1?1.964 = 3 99 32 40 94 16 77 42 71 58 64 87 21 74 85 4 
397-2-10 1?2.667 = 2 75 16 94 40 61 42 71 58 95 46 45 52 72 65 70 17 18 69 80 10 
397-2-14 1?2.251 = 2 75 16 94 40 61 42 71 58 95 51 41 31 35 68 47 33 14 
397-2-11 1?2.624 = 2 75 16 94 40 61 42 71 95 46 45 52 72 65 70 17 88 62 53 48 55 11 
397-2-7 1?2.295 = 2 75 16 94 40 32 21 74 26 86 44 20 89 23 81 50 93 82 91 7 
397-2-9 1?2.576 = 2 75 16 94 40 99 32 21 74 26 86 44 20 89 23 25 39 84 19 98 9 
397-2-8 1?2.287 = 2 75 16 94 40 32 21 74 26 86 44 20 89 23 25 39 84 19 98 60 8 
397-2-12 1?2.526 = 2 75 16 94 40 61 42 71 58 52 72 65 70 17 88 62 53 90 48 83 12 
397-2-13 1?2.656 = 2 75 16 94 40 61 42 77 49 38 27 96 31 41 51 43 78 47 29 59 57 13 
397-3-6 1?1.947 = 3 85 21 74 26 86 44 20 89 23 81 50 93 82 6 
397-4-5 1?1.931 = 4 85 21 74 26 86 92 44 20 89 81 50 56 28 5 
397-3-15 1?2.369 = 3 99 32 40 94 16 49 77 42 71 58 95 38 27 96 51 41 35 15 
397-3-10 1?2.647 = 3 99 32 21 74 26 86 44 20 89 23 25 39 84 19 79 76 66 73 10 
397-3-7 1?2.19 = 3 99 32 21 74 26 86 50 81 20 89 23 25 84 39 93 82 91 7 
397-3-11 1?2.662 = 3 99 32 40 94 16 77 42 71 58 52 72 65 70 17 88 62 53 90 48 55 11 
397-3-8 1?2.262 = 3 85 21 74 26 86 92 44 50 81 20 89 23 25 39 84 19 98 60 8 
397-3-9 1?2.748 = 3 75 16 94 40 32 21 74 26 86 50 81 20 89 23 25 39 84 19 98 9 
397-3-12 1?2.591 = 3 99 40 94 16 49 77 42 71 58 72 65 70 17 88 62 53 90 48 83 12 
397-3-13 1?2.706 = 3 99 40 94 16 49 77 42 71 58 52 72 65 70 17 88 62 53 36 97 13 
397-3-14 1?2.552 = 3 99 40 94 16 49 24 63 22 54 27 96 31 41 51 46 43 78 47 33 14 
397-4-7 1?1.851 = 4 85 21 74 26 86 44 20 89 81 50 93 82 91 7 
397-4-6 1?1.945 = 4 74 26 86 50 81 20 89 23 25 19 84 39 93 6 
397-5-6 1?1.789 = 5 28 56 50 81 20 89 23 25 19 84 39 91 93 82 6 
397-4-8 1?2.213 = 4 26 28 56 50 81 44 92 20 89 23 25 39 84 19 98 60 8 
397-4-9 1?2.563 = 4 85 21 74 26 86 92 44 20 89 81 50 23 39 84 25 19 98 9 
397-4-11 1?2.635 = 4 74 26 86 44 20 89 23 79 76 66 18 69 88 62 53 48 55 11 
397-4-10 1?2.596 = 4 85 21 74 26 86 50 81 20 89 23 25 39 84 19 79 76 66 73 10 
397-4-15 1?2.59 = 4 26 74 21 32 40 94 16 77 49 24 63 22 54 27 96 51 41 31 35 15 
397-4-13 1?2.71 = 4 74 21 32 99 40 94 16 49 38 27 96 31 41 51 43 78 29 59 57 13 
397-4-12 1?2.66 = 4 74 26 86 44 20 89 23 25 39 84 19 76 66 18 69 90 48 83 12 
397-4-14 1?2.616 = 4 26 74 21 32 40 94 16 77 49 38 27 96 31 41 51 43 78 47 29 33 14 
397-6-7 1?1.77 = 6 50 81 44 92 20 89 23 25 19 84 39 93 82 91 7 
397-5-7 1?1.676 = 5 28 56 50 81 20 89 23 25 19 84 39 93 82 91 7 
397-6-8 1?1.666 = 6 82 91 93 50 81 20 89 23 25 39 84 19 98 60 8 
397-5-8 1?1.53 = 5 28 56 50 81 20 89 23 25 39 84 19 98 60 8 
397-5-9 1?2.487 = 5 28 26 74 21 87 86 44 92 20 89 23 25 39 84 19 98 9 
397-5-10 1?2.416 = 5 28 56 50 81 20 89 23 25 39 84 19 76 66 18 69 80 73 10 
397-5-11 1?2.386 = 5 28 56 50 81 20 89 23 79 76 66 18 69 88 62 53 48 55 11 
397-5-15 1?2.581 = 5 28 56 50 81 89 20 44 92 67 70 65 72 52 45 46 51 41 35 15 
397-5-12 1?2.411 = 5 28 56 50 81 20 89 23 25 39 84 19 76 66 18 69 90 48 83 12 
397-5-13 1?2.554 = 5 28 56 50 81 20 89 23 79 76 66 18 69 88 62 53 36 57 59 13 
397-5-14 1?2.529 = 5 28 56 50 81 89 20 44 92 34 70 65 72 52 45 46 43 78 47 33 14 
397-7-8 1?1.525 = 7 91 82 93 50 81 20 89 23 25 39 84 19 98 60 8 
397-6-9 1?2.047 = 6 56 50 81 44 92 20 89 23 39 25 84 19 98 9 
397-7-9 1?1.914 = 7 91 82 93 50 81 20 89 23 25 39 84 19 98 60 8 9 
397-7-11 1?2.163 = 7 91 82 93 50 81 20 89 79 76 66 18 69 90 48 55 11 
397-7-10 1?2.08 = 7 91 82 93 50 81 20 89 23 25 39 84 19 76 66 73 10 
397-6-11 1?2.358 = 6 82 93 50 81 20 89 23 79 76 66 18 69 88 62 53 48 55 11 
397-6-10 1?2.327 = 6 82 93 50 81 20 89 23 25 39 84 19 79 76 66 18 69 80 10 
397-6-15 1?2.536 = 6 50 81 20 89 23 79 76 66 18 17 70 65 72 52 45 46 51 41 35 15 
397-6-12 1?2.39 = 6 50 81 20 89 23 25 39 84 19 76 66 18 69 88 62 53 48 83 12 
397-6-13 1?2.528 = 6 82 93 50 81 20 89 23 79 76 66 18 69 88 62 53 30 57 59 13 
397-6-14 1?2.492 = 6 50 81 20 89 23 79 76 66 18 17 70 65 72 52 45 46 43 78 47 33 14 
397-8-9 1?2.093 = 8 60 7 91 82 93 50 81 20 89 23 25 39 84 19 98 9 
397-8-11 1?2.043 = 8 60 98 19 84 39 25 79 76 66 18 69 90 48 55 11 
397-8-10 1?2.06 = 8 60 98 19 84 39 25 23 89 79 76 66 18 69 80 10 
397-8-12 1?2.065 = 8 98 84 39 25 23 89 79 76 66 18 69 90 48 83 12 
397-8-15 1?2.386 = 8 98 19 84 39 25 23 89 20 34 70 65 72 52 45 46 51 41 35 15 
397-8-13 1?2.361 = 8 98 19 84 39 25 23 89 79 76 66 18 69 88 62 53 36 97 13 
397-7-15 1?2.549 = 7 39 84 19 25 23 89 20 44 92 34 70 65 72 52 45 46 51 41 35 15 
397-8-14 1?2.342 = 8 98 19 84 39 25 23 89 20 34 70 65 72 52 45 46 43 78 47 33 14 
397-7-12 1?2.363 = 7 91 82 93 50 81 20 89 23 79 76 66 18 69 88 62 53 48 83 12 
397-7-13 1?2.463 = 7 91 82 93 50 81 20 89 23 79 76 66 18 69 88 62 30 57 59 13 
397-7-14 1?2.477 = 7 91 82 93 39 84 25 23 89 20 34 70 65 72 52 45 46 43 78 47 33 14 
397-10-11 1?2.548 = 10 73 80 69 18 17 70 65 72 52 62 53 48 55 37 11 
397-9-11 1?2.291 = 9 98 19 84 39 25 23 89 79 76 66 18 69 80 37 11 
397-9-10 1?2.275 = 9 98 19 84 39 25 23 89 20 79 76 66 18 69 80 10 
397-9-12 1?2.278 = 9 98 84 39 25 23 89 79 76 66 18 69 90 48 83 12 
397-10-12 1?2.578 = 10 37 55 48 90 53 62 88 17 70 65 72 52 30 36 83 12 
397-9-15 1?2.597 = 9 98 84 39 25 23 89 20 34 70 65 72 52 45 46 51 41 31 35 15 
397-10-15 1?2.669 = 10 37 55 48 53 62 88 69 18 17 70 65 72 52 45 46 51 41 35 15 
397-10-13 1?2.613 = 10 37 55 48 53 62 88 17 65 72 52 45 46 43 78 29 59 57 13 
397-9-13 1?2.574 = 9 98 19 84 39 25 23 89 79 76 66 18 69 88 62 53 36 97 13 
397-9-14 1?2.512 = 9 98 84 39 25 23 89 20 34 70 65 72 52 45 46 43 78 47 33 14 
397-10-14 1?2.562 = 10 37 55 48 90 53 62 88 17 70 65 72 52 45 46 43 78 47 29 33 14 
397-14-15 1?2.262 = 14 33 29 30 62 88 17 70 65 72 52 45 46 51 41 35 15 
397-13-15 1?2.253 = 13 59 57 30 62 88 17 70 65 72 52 45 46 51 41 35 15 
397-11-14 1?2.105 = 11 55 48 53 62 88 17 65 72 52 45 46 43 78 47 33 14 
397-12-14 1?2.107 = 12 83 48 53 62 88 17 70 65 72 52 45 46 43 47 33 14 
397-11-12 1?2.435 = 11 55 48 53 62 88 17 70 65 72 52 46 45 30 36 83 12 
397-13-14 1?2.209 = 13 59 57 30 62 88 17 70 65 72 52 45 46 43 78 47 33 14 
397-11-13 1?2.307 = 11 55 48 90 53 62 88 17 70 65 72 52 45 30 57 59 13 
397-12-15 1?2.267 = 12 83 48 90 53 62 88 17 70 65 72 52 45 46 51 41 31 35 15 
397-12-13 1?2.288 = 12 83 48 53 62 88 65 72 52 45 46 43 78 29 59 57 13 
397-11-15 1?2.453 = 11 37 55 48 90 53 62 88 17 70 65 72 52 45 46 51 41 31 35 15 
stop
