start
367-0-2 1?1.61 = 0 89 84 91 77 81 69 82 27 47 72 88 66 63 28 2 
367-0-1 1?1.881 = 0 89 84 50 69 82 47 72 88 66 63 81 77 91 78 1 
367-0-5 1?2.124 = 0 89 84 50 91 77 81 63 66 94 44 88 72 47 27 82 58 59 5 
367-0-4 1?1.844 = 0 89 84 50 91 77 81 63 66 94 88 72 47 82 27 44 22 67 20 17 4 
367-0-10 1?2.778 = 0 89 84 91 77 81 69 82 47 27 58 45 24 35 55 19 57 79 96 41 10 
367-0-9 1?2.721 = 0 89 84 91 77 81 69 82 47 27 58 45 39 93 49 23 54 60 34 9 
367-0-11 1?2.694 = 0 89 78 84 91 77 50 97 64 30 40 86 87 92 25 90 68 85 11 
367-0-8 1?2.548 = 0 89 84 91 77 81 63 66 88 72 47 27 58 45 39 93 49 23 54 8 
367-0-3 1?1.752 = 0 89 97 84 50 91 77 81 63 66 88 72 47 27 44 94 32 3 
367-0-6 1?2.252 = 0 89 84 91 77 81 63 66 88 72 47 27 58 45 39 93 49 33 6 
367-0-7 1?2.389 = 0 89 84 91 77 81 63 66 88 72 47 27 82 58 59 33 76 80 99 7 
367-1-3 1?1.32 = 1 78 84 91 77 81 63 66 88 72 82 47 27 44 32 3 
367-1-2 1?1.325 = 1 78 84 50 69 82 27 47 72 88 66 63 26 28 2 
367-0-15 1?2.239 = 0 89 78 84 91 77 50 97 64 52 30 40 86 37 98 15 
367-0-12 1?2.431 = 0 89 78 84 91 77 50 97 64 37 40 86 87 92 25 75 71 12 
367-0-13 1?2.331 = 0 89 78 84 91 77 50 97 64 52 30 40 86 43 87 92 13 
367-1-4 1?1.551 = 1 78 84 91 77 81 63 66 88 72 82 27 47 44 94 32 67 20 17 4 
367-0-14 1?2.125 = 0 89 78 84 91 77 50 97 64 37 40 86 98 18 14 
367-1-6 1?2.034 = 1 78 84 91 77 81 63 66 88 72 47 27 82 58 45 39 93 49 33 6 
367-1-5 1?1.883 = 1 78 84 50 77 81 63 66 94 88 72 44 47 27 82 58 45 59 5 
367-1-8 1?2.299 = 1 78 84 91 77 81 63 66 88 72 47 82 45 39 93 49 23 54 8 
367-1-7 1?2.154 = 1 78 91 77 81 63 66 88 72 47 27 58 45 39 93 49 21 76 80 99 7 
367-1-15 1?2.111 = 1 78 84 91 77 50 97 64 52 30 40 86 37 98 18 15 
367-2-3 1?1.197 = 2 28 26 63 66 88 72 82 27 47 44 94 32 67 3 
367-2-4 1?1.129 = 2 28 26 63 66 88 72 82 27 47 44 22 67 20 17 4 
367-1-13 1?2.489 = 1 78 84 91 77 50 97 64 52 30 37 40 86 43 87 92 25 75 13 
367-2-5 1?1.515 = 2 28 26 63 66 94 88 72 82 27 47 44 22 20 17 4 5 
367-1-11 1?2.474 = 1 78 84 91 77 50 97 64 52 30 40 86 43 87 92 25 90 68 85 11 
367-1-12 1?2.417 = 1 78 84 91 77 50 97 64 52 30 40 86 37 98 87 92 25 75 71 12 
367-2-6 1?1.848 = 2 28 26 63 66 94 88 72 47 27 82 58 45 39 93 49 33 21 76 6 
367-1-9 1?2.499 = 1 78 91 77 81 63 66 88 72 47 27 58 45 39 93 49 23 54 60 34 9 
367-1-14 1?1.893 = 1 78 84 91 77 50 97 64 52 30 40 86 37 98 18 14 
367-1-10 1?2.556 = 1 78 91 77 81 63 66 88 72 47 27 58 45 24 35 55 19 57 79 96 41 10 
367-2-15 1?1.928 = 2 28 26 63 66 88 72 47 27 82 69 50 97 64 15 
367-3-4 1?1.192 = 3 63 66 88 72 82 27 47 44 94 32 22 67 20 17 4 
367-3-5 1?1.581 = 3 63 66 88 72 82 27 47 44 94 32 22 67 20 17 4 5 
367-2-11 1?2.315 = 2 28 26 63 66 88 72 47 27 58 45 24 35 55 19 57 42 68 85 11 
367-2-13 1?2.281 = 2 28 26 63 66 88 72 47 27 82 69 31 16 52 30 40 86 87 92 13 
367-2-12 1?2.417 = 2 28 26 63 66 88 72 47 27 82 58 45 24 35 55 19 57 42 68 90 71 12 
367-2-7 1?1.909 = 2 28 26 63 66 94 88 72 47 27 82 58 45 39 93 49 21 76 80 99 7 
367-2-14 1?2.175 = 2 28 26 63 66 94 88 72 47 27 82 58 45 31 52 30 37 98 18 14 
367-2-10 1?2.264 = 2 28 26 63 66 88 72 47 27 58 45 24 35 55 74 51 79 96 41 10 
367-2-9 1?2.295 = 2 28 26 63 66 94 88 72 47 27 58 45 39 93 49 23 38 54 60 34 62 9 
367-2-8 1?2.219 = 2 28 26 63 66 94 88 72 47 27 82 58 45 39 93 49 23 38 54 60 34 8 
367-3-6 1?1.629 = 3 32 94 88 72 47 27 82 58 45 39 93 49 21 76 6 
367-4-5 1?1.6 = 4 17 20 67 22 32 94 88 72 44 47 27 82 58 45 59 5 
367-3-11 1?2.279 = 3 32 94 88 72 47 27 82 58 45 24 35 55 19 57 79 96 41 95 11 
367-3-15 1?2.026 = 3 32 94 44 47 27 82 72 88 66 63 81 77 91 50 97 64 15 
367-3-12 1?2.378 = 3 32 94 88 72 44 47 27 82 58 45 24 35 55 19 57 42 68 90 71 12 
367-3-13 1?2.337 = 3 63 66 94 88 72 44 47 27 82 69 31 16 52 30 40 86 87 92 13 
367-3-7 1?1.832 = 3 32 94 88 72 44 47 27 82 58 45 39 93 49 21 76 80 99 7 
367-3-9 1?2.248 = 3 32 94 88 72 44 47 27 82 58 45 39 93 49 23 38 54 60 34 62 9 
367-3-8 1?2.114 = 3 32 94 88 72 44 47 27 82 58 45 39 56 73 93 49 23 38 54 8 
367-3-14 1?2.194 = 3 32 44 47 27 82 72 88 66 63 81 77 50 97 64 37 98 18 14 
367-3-10 1?2.419 = 3 32 63 66 94 88 72 44 47 27 58 45 24 35 55 74 51 79 96 41 10 
367-4-6 1?1.714 = 4 17 20 67 22 44 47 27 58 45 39 93 49 21 76 6 
367-5-6 1?2.103 = 5 4 17 20 67 22 44 47 27 58 45 39 93 49 21 76 6 
367-4-15 1?2.061 = 4 17 20 22 44 47 27 82 72 88 66 63 81 77 50 97 64 15 
367-4-7 1?1.769 = 4 17 20 22 44 47 27 58 45 39 93 49 21 76 99 7 
367-4-11 1?2.415 = 4 17 20 67 22 44 47 27 82 58 45 24 35 55 74 51 79 96 41 95 11 
367-4-13 1?2.356 = 4 17 20 67 32 94 88 72 47 27 82 58 45 31 52 30 40 86 87 92 13 
367-4-12 1?2.466 = 4 17 20 67 32 94 88 72 47 27 82 58 45 24 35 55 19 83 25 75 71 12 
367-4-8 1?1.954 = 4 17 20 67 22 44 47 27 58 45 39 93 49 23 54 8 
367-4-9 1?2.239 = 4 17 20 67 22 44 47 27 82 58 45 39 93 49 23 54 60 34 62 9 
367-4-10 1?2.284 = 4 17 20 67 22 44 47 27 82 58 45 24 35 55 74 51 79 96 41 10 
367-4-14 1?2.251 = 4 17 67 22 32 94 88 72 47 27 82 69 31 16 52 30 37 98 18 14 
367-5-7 1?2.135 = 5 59 58 27 47 82 45 39 56 93 49 21 76 80 99 7 
367-6-7 1?2.291 = 6 80 76 21 33 49 93 73 56 35 55 74 46 48 23 38 7 
367-5-15 1?2.351 = 5 59 58 27 47 72 88 94 66 63 81 77 91 84 97 64 15 
367-5-13 1?2.745 = 5 4 17 20 67 32 94 88 72 47 27 82 58 45 31 52 30 40 86 87 92 13 
367-5-9 1?2.587 = 5 4 17 20 22 44 47 27 82 58 45 39 93 49 23 54 60 34 62 9 
367-6-8 1?2.065 = 6 80 76 21 33 49 48 23 38 54 61 65 29 62 34 8 
367-5-8 1?2.237 = 5 33 49 93 73 46 48 23 38 54 61 65 29 62 34 60 8 
367-5-11 1?2.804 = 5 4 17 20 67 22 44 47 27 82 58 45 24 35 55 74 51 79 96 41 95 11 
367-5-12 1?2.849 = 5 59 45 58 82 27 47 72 88 69 31 16 52 30 40 86 87 92 25 75 71 12 
367-5-10 1?2.665 = 5 59 58 44 88 72 47 27 82 45 24 35 55 74 51 79 96 41 10 
367-5-14 1?2.544 = 5 59 58 82 27 47 72 88 66 63 81 77 50 97 64 37 98 18 14 
367-6-9 1?2.103 = 6 76 21 49 93 73 46 48 23 38 54 61 65 29 62 9 
367-7-9 1?2.041 = 7 99 80 76 21 33 49 93 73 46 48 23 38 54 60 34 9 
367-7-8 1?1.945 = 7 99 80 76 21 49 93 73 48 46 65 29 62 34 60 8 
367-7-11 1?2.498 = 7 99 80 76 21 33 49 23 38 54 61 65 29 79 96 36 41 95 11 
367-7-10 1?2.109 = 7 99 80 76 33 21 23 38 54 61 65 29 79 96 41 10 
367-6-15 1?2.541 = 6 80 76 21 49 93 73 56 35 55 53 16 52 30 40 86 37 98 15 
367-6-11 1?2.618 = 6 80 76 21 33 49 93 73 46 48 23 38 54 61 65 29 79 96 41 95 11 
367-6-13 1?2.689 = 6 80 76 21 33 49 93 73 56 35 55 53 16 52 30 40 86 43 87 92 13 
367-6-12 1?2.799 = 6 80 76 21 33 49 93 73 56 24 31 16 52 30 40 86 43 87 92 25 75 71 12 
367-6-10 1?2.487 = 6 80 76 21 33 49 93 73 46 48 23 38 54 61 65 29 79 96 41 10 
367-6-14 1?2.6 = 6 80 76 21 33 49 93 73 56 35 55 53 16 52 30 40 86 37 98 18 14 
367-8-11 1?2.17 = 8 34 60 61 54 38 23 48 46 65 29 79 96 41 95 11 
367-8-9 1?2.257 = 8 60 34 62 65 29 51 74 19 57 42 79 96 41 36 9 
367-8-12 1?2.557 = 8 34 62 29 65 61 54 38 23 48 46 74 51 57 42 68 90 71 12 
367-8-10 1?2.148 = 8 60 34 62 65 29 51 74 19 57 42 79 96 36 41 10 
367-8-13 1?2.665 = 8 60 34 62 65 29 51 57 19 55 53 16 52 30 40 86 43 87 92 13 
367-7-12 1?2.677 = 7 99 80 76 21 49 93 73 56 24 31 16 52 30 40 86 87 92 75 71 12 
367-7-13 1?2.614 = 7 99 80 76 21 49 93 73 56 35 55 53 16 52 30 40 86 87 92 13 
367-8-15 1?2.664 = 8 60 34 62 65 29 51 74 57 19 55 53 16 52 30 40 86 37 98 15 
367-7-15 1?2.656 = 7 99 80 76 21 33 49 93 73 56 35 55 53 16 52 30 40 86 37 98 15 
367-8-14 1?2.457 = 8 60 34 62 65 29 51 74 55 53 16 52 30 40 86 37 98 18 14 
367-7-14 1?2.603 = 7 99 80 76 21 49 93 73 56 35 55 53 16 52 30 40 86 37 98 18 14 
367-9-11 1?2.178 = 9 62 34 60 54 38 23 48 46 74 51 79 96 41 95 11 
367-10-11 1?2.439 = 10 36 29 65 61 54 23 48 46 74 51 79 96 41 95 11 
367-9-12 1?2.467 = 9 62 34 60 65 29 51 74 55 53 70 43 87 92 25 75 71 12 
367-10-12 1?2.456 = 10 41 96 79 57 19 53 16 52 30 40 86 87 92 25 75 71 12 
367-10-13 1?2.499 = 10 41 96 79 42 57 19 55 53 16 52 30 40 86 43 87 92 13 
367-9-10 1?2.178 = 9 62 34 60 65 29 51 74 19 57 42 79 96 36 41 10 
367-9-13 1?2.498 = 9 62 34 60 65 29 51 74 55 53 16 52 30 40 86 87 92 13 
367-10-15 1?2.658 = 10 41 96 79 42 57 51 74 19 55 53 16 52 30 40 86 37 98 15 
367-10-14 1?2.301 = 10 41 96 79 57 19 55 53 16 52 30 40 86 37 98 18 14 
367-9-15 1?2.694 = 9 62 34 60 65 29 51 74 57 19 55 53 16 52 30 40 86 37 98 15 
367-9-14 1?2.487 = 9 62 34 60 65 29 51 74 55 53 16 52 30 40 86 37 98 18 14 
367-11-12 1?2.339 = 11 85 95 41 96 79 51 74 19 57 42 68 90 25 75 71 12 
367-11-13 1?2.374 = 11 95 41 96 79 57 19 53 16 52 30 40 86 87 92 13 
367-12-13 1?2.476 = 12 71 75 25 92 87 43 70 16 52 30 40 86 37 98 18 13 
367-14-15 1?2.545 = 14 18 98 37 86 40 30 52 64 97 50 84 78 89 0 15 
367-13-15 1?2.722 = 13 92 87 43 86 40 30 52 64 97 50 77 91 84 78 89 0 15 
367-13-14 1?2.548 = 13 75 25 92 87 86 40 70 53 16 52 30 37 98 18 14 
367-12-14 1?2.209 = 12 71 75 25 92 87 43 70 16 52 30 40 86 37 98 18 14 
367-11-14 1?2.282 = 11 95 41 96 79 51 74 55 53 70 40 86 98 18 14 
367-12-15 1?2.621 = 12 71 75 25 90 68 42 57 19 55 53 16 52 30 40 86 37 98 15 
367-11-15 1?2.538 = 11 95 41 96 79 42 57 19 55 53 16 52 30 40 86 37 98 15 
stop
