start
712-0-2 1?2.305 = 0 23 52 73 18 94 91 43 41 84 60 25 16 86 2 
712-0-3 1?2.35 = 0 23 52 25 16 86 88 48 81 59 87 95 77 33 3 
712-0-4 1?2.399 = 0 23 52 25 16 86 60 84 78 56 72 79 99 59 87 95 38 4 
712-0-5 1?2.561 = 0 23 52 25 16 86 88 40 48 81 59 87 77 38 95 92 89 49 5 
712-0-1 1?2.316 = 0 23 52 73 18 94 91 43 41 84 60 86 16 25 1 
712-0-6 1?2.859 = 0 23 52 25 16 86 60 84 78 56 72 79 99 90 27 51 36 53 80 6 
712-0-8 1?2.753 = 0 23 52 25 60 84 78 56 72 79 99 90 27 17 64 61 30 54 8 
712-0-7 1?2.682 = 0 23 52 25 16 86 60 84 78 56 72 79 99 90 27 51 53 80 7 
712-0-10 1?2.651 = 0 73 18 44 62 74 35 37 63 71 55 46 45 65 58 66 42 93 19 67 10 
712-0-11 1?2.629 = 0 23 52 41 43 91 94 18 44 74 35 37 63 71 55 46 45 96 98 22 11 
712-0-9 1?2.627 = 0 23 52 25 60 84 78 56 72 79 99 90 27 17 64 61 30 21 9 
712-1-2 1?2.345 = 1 25 60 84 78 56 72 79 99 59 81 48 40 88 2 
712-0-14 1?2.092 = 0 23 52 41 43 91 94 18 44 74 35 37 63 71 69 14 
712-0-12 1?2.197 = 0 23 52 73 18 44 62 35 37 63 55 46 45 96 98 76 12 
712-0-13 1?2.185 = 0 23 52 41 43 91 94 18 44 74 35 37 63 55 71 69 13 
712-0-15 1?2.174 = 0 23 52 73 18 44 62 74 35 37 63 55 71 82 29 15 
712-1-4 1?2.028 = 1 16 25 60 84 78 56 72 79 99 59 87 77 38 4 
712-1-5 1?2.417 = 1 25 60 84 78 56 72 79 99 59 87 77 38 95 92 89 49 5 
712-1-3 1?2.292 = 1 16 86 60 84 78 56 72 79 99 59 81 48 33 3 
712-1-6 1?2.783 = 1 25 16 86 60 84 41 43 91 56 79 72 78 81 59 87 92 89 49 6 
712-1-7 1?2.751 = 1 25 16 86 88 40 48 81 78 56 72 79 99 90 27 51 36 53 80 7 
712-1-8 1?2.686 = 1 16 86 60 84 78 56 72 79 99 90 27 17 64 61 30 21 54 85 8 
712-1-15 1?2.169 = 1 25 41 43 91 94 18 44 74 37 63 55 71 82 29 15 
712-2-5 1?2.087 = 2 86 60 84 78 56 72 79 99 59 87 77 38 95 5 
712-2-4 1?1.92 = 2 86 60 84 78 56 72 79 99 59 87 77 95 38 4 
712-1-13 1?2.298 = 1 16 86 60 84 41 43 91 94 18 44 74 35 37 63 55 71 69 13 
712-2-3 1?2.242 = 2 86 60 84 78 56 72 79 99 59 87 95 77 33 3 
712-1-12 1?2.41 = 1 25 60 84 43 91 94 18 44 62 74 37 63 55 46 45 96 98 76 12 
712-2-6 1?2.474 = 2 88 40 48 81 78 56 72 79 99 59 87 77 95 92 89 49 6 
712-1-10 1?2.604 = 1 16 86 60 84 78 56 72 79 99 90 27 17 64 61 24 19 67 10 
712-1-14 1?2.191 = 1 16 86 60 84 43 91 94 18 44 74 35 37 63 55 71 69 14 
712-1-11 1?2.602 = 1 25 41 43 91 94 18 44 62 74 35 37 63 55 46 45 96 98 76 22 11 
712-1-9 1?2.485 = 1 25 60 84 78 56 72 79 99 90 27 68 97 85 64 61 30 54 21 9 
712-2-15 1?2.189 = 2 86 16 25 60 84 41 43 91 94 31 44 18 82 29 15 
712-3-5 1?1.951 = 3 48 81 78 56 72 79 99 59 87 77 38 95 92 5 
712-3-4 1?1.919 = 3 33 48 81 78 56 72 79 99 59 87 92 95 38 4 
712-2-13 1?2.419 = 2 86 16 25 60 84 41 43 91 94 18 44 74 35 37 63 55 71 69 13 
712-2-12 1?2.463 = 2 86 60 84 41 43 91 94 18 44 62 74 37 63 55 46 45 96 98 76 12 
712-2-8 1?2.507 = 2 88 40 48 81 78 56 72 79 99 90 27 17 64 61 30 54 21 8 
712-2-7 1?2.586 = 2 88 40 48 33 77 38 95 87 59 78 56 72 79 99 36 53 80 7 
712-2-10 1?2.636 = 2 88 40 48 81 78 56 72 79 99 90 27 17 64 61 30 24 19 67 10 
712-2-14 1?2.338 = 2 86 16 25 60 84 43 91 94 18 44 62 74 37 63 55 71 69 14 
712-2-11 1?2.668 = 2 86 60 84 41 43 91 94 18 44 62 74 35 37 63 55 46 45 96 98 22 11 
712-2-9 1?2.606 = 2 88 40 48 81 78 56 72 79 99 90 51 27 68 97 85 64 61 30 54 21 9 
712-4-5 1?1.705 = 4 38 77 95 87 59 78 56 72 79 99 57 49 89 5 
712-3-15 1?2.45 = 3 40 88 60 84 41 43 91 94 18 44 74 37 63 55 71 82 29 15 
712-3-8 1?2.348 = 3 33 48 81 78 56 72 79 99 90 27 17 64 61 30 54 8 
712-3-6 1?2.317 = 3 33 81 78 56 72 79 99 59 87 77 38 95 92 89 49 6 
712-3-7 1?2.324 = 3 33 77 38 95 87 59 81 78 72 56 79 99 90 51 53 80 7 
712-3-10 1?2.473 = 3 48 81 78 56 72 79 99 90 27 68 97 85 54 21 30 61 24 67 10 
712-3-12 1?2.582 = 3 40 88 60 84 41 43 91 94 18 44 62 74 37 63 55 46 45 96 98 76 12 
712-3-13 1?2.54 = 3 48 81 78 72 79 56 43 91 94 18 44 62 74 35 37 63 71 55 13 
712-3-14 1?2.374 = 3 40 88 60 84 41 43 91 94 18 44 62 74 35 37 63 55 71 69 14 
712-3-11 1?2.665 = 3 33 77 38 95 87 59 81 78 56 72 79 34 39 28 47 20 66 42 11 
712-3-9 1?2.474 = 3 33 48 81 78 56 72 79 99 90 27 17 68 97 85 64 61 30 54 21 9 
712-4-7 1?1.816 = 4 38 77 95 87 59 81 78 72 79 99 36 53 80 7 
712-5-6 1?1.985 = 5 38 77 95 87 59 81 78 72 56 79 99 57 49 6 
712-4-6 1?1.811 = 4 38 77 95 87 59 81 78 72 56 79 99 57 49 6 
712-4-15 1?2.161 = 4 38 77 95 87 59 81 78 72 56 43 91 94 18 82 29 15 
712-4-8 1?2.156 = 4 38 77 95 87 59 81 78 56 72 79 99 90 27 17 64 85 8 
712-4-12 1?2.383 = 4 38 77 95 87 59 78 56 72 79 34 39 70 47 20 65 45 96 98 76 12 
712-4-10 1?2.353 = 4 38 77 95 87 59 78 56 72 79 99 90 27 17 64 61 24 19 67 10 
712-4-13 1?2.361 = 4 38 77 95 87 59 81 78 72 56 43 91 94 18 44 74 37 63 55 13 
712-4-14 1?2.277 = 4 38 77 95 87 59 78 72 56 91 94 18 44 74 37 63 71 69 14 
712-4-11 1?2.454 = 4 38 77 95 87 59 81 78 72 56 79 34 39 28 70 47 20 58 42 11 
712-4-9 1?2.154 = 4 38 77 95 87 59 78 56 72 79 99 90 27 17 64 61 30 21 9 
712-6-7 1?2.175 = 6 49 89 92 87 59 78 72 56 79 99 90 51 53 80 7 
712-5-7 1?1.99 = 5 38 77 95 87 59 81 78 72 79 99 36 53 80 7 
712-6-8 1?2.23 = 6 49 57 36 51 90 27 17 64 61 30 21 54 85 97 8 
712-5-15 1?2.397 = 5 38 77 95 87 59 81 78 72 56 43 91 94 44 18 82 29 15 
712-5-8 1?2.11 = 5 89 92 87 59 78 56 72 79 99 90 27 17 68 97 85 8 
712-5-10 1?2.357 = 5 89 92 59 78 56 72 79 99 90 27 17 64 61 24 67 19 10 
712-5-12 1?2.558 = 5 89 92 87 59 78 56 72 79 34 39 28 70 47 20 58 65 45 96 98 76 12 
712-5-13 1?2.483 = 5 89 92 87 59 81 78 72 56 43 91 94 18 44 62 74 37 63 55 13 
712-5-11 1?2.597 = 5 89 92 87 59 81 78 56 72 79 99 90 27 32 75 50 66 42 93 11 
712-5-14 1?2.427 = 5 89 92 87 59 78 72 79 56 43 91 94 18 44 37 63 55 71 69 14 
712-5-9 1?2.181 = 5 89 92 59 78 56 72 79 99 90 27 17 64 61 30 54 21 9 
712-7-8 1?2.193 = 7 80 53 36 51 90 27 17 68 97 85 64 61 30 54 8 
712-7-9 1?2.213 = 7 80 53 36 51 27 17 68 97 85 64 61 24 30 54 21 9 
712-6-10 1?2.575 = 6 49 57 99 72 56 79 90 27 68 97 85 64 61 30 24 67 10 
712-6-15 1?2.723 = 6 49 89 92 95 38 77 87 59 78 72 79 56 43 91 94 18 82 29 15 
712-7-10 1?2.555 = 7 80 53 36 99 78 56 72 79 90 27 17 64 61 30 24 67 10 
712-6-12 1?2.595 = 6 80 83 97 85 64 54 21 30 61 24 67 19 93 42 58 65 96 98 76 12 
712-6-13 1?2.543 = 6 49 57 99 79 72 56 78 43 91 94 18 44 62 74 37 63 55 13 
712-7-11 1?2.37 = 7 83 97 85 54 21 30 61 24 67 19 93 42 58 65 45 96 98 22 11 
712-6-9 1?2.372 = 6 49 89 92 87 59 78 56 72 79 99 90 27 17 64 54 21 9 
712-6-11 1?2.644 = 6 49 89 92 87 59 81 78 72 56 79 34 39 70 47 20 66 42 11 
712-6-14 1?2.533 = 6 49 57 99 79 72 56 78 43 91 94 18 44 74 37 63 55 71 69 14 
712-8-10 1?2.142 = 8 54 21 30 61 64 85 97 68 17 32 75 50 93 19 67 10 
712-8-9 1?2.326 = 8 97 85 54 21 30 61 64 17 32 75 50 66 93 19 67 9 
712-8-12 1?2.115 = 8 85 64 61 54 21 30 24 67 19 93 42 58 65 45 96 98 76 12 
712-8-11 1?2.16 = 8 97 85 54 21 30 61 24 67 19 93 42 58 65 45 96 98 22 11 
712-7-15 1?2.738 = 7 80 53 36 99 79 72 56 43 91 94 18 44 74 37 63 55 71 82 29 15 
712-7-12 1?2.336 = 7 83 97 85 64 54 21 30 61 24 67 19 93 42 58 65 45 96 98 76 12 
712-8-13 1?2.451 = 8 54 21 30 61 64 17 32 70 28 62 74 35 37 63 55 71 69 13 
712-8-15 1?2.757 = 8 54 21 30 61 24 67 19 93 42 58 65 45 46 35 37 63 55 71 82 29 15 
712-7-13 1?2.531 = 7 80 53 36 99 79 72 56 78 43 91 94 31 62 74 37 63 55 13 
712-8-14 1?2.441 = 8 54 21 30 61 64 17 32 75 70 28 62 74 35 37 63 55 71 69 14 
712-7-14 1?2.569 = 7 80 53 36 99 79 72 56 78 43 91 94 18 44 74 37 63 55 71 69 14 
712-9-12 1?1.733 = 9 21 54 30 61 24 67 19 93 42 58 65 45 96 98 76 12 
712-10-12 1?1.826 = 10 67 19 93 42 66 50 47 20 58 65 45 96 98 22 76 12 
712-9-10 1?2.018 = 9 21 54 30 61 64 85 97 68 17 32 75 50 93 19 67 10 
712-9-11 1?1.873 = 9 21 54 30 61 24 67 19 93 42 58 65 45 96 98 22 11 
712-10-11 1?1.908 = 10 67 19 93 42 66 50 47 20 58 65 45 96 98 76 22 11 
712-10-13 1?2.109 = 10 67 19 93 42 66 20 58 65 45 46 35 37 63 55 71 69 13 
712-10-15 1?2.506 = 10 67 19 93 42 66 58 65 45 46 55 71 63 37 35 74 44 18 82 29 15 
712-9-15 1?2.549 = 9 21 54 30 61 64 17 32 75 70 28 62 74 35 37 63 55 71 82 29 15 
712-9-13 1?2.368 = 9 21 54 30 61 64 17 32 75 70 28 62 74 35 37 63 55 71 69 13 
712-10-14 1?2.481 = 10 19 67 24 30 61 64 17 75 70 28 62 74 37 63 55 71 69 14 
712-9-14 1?2.401 = 9 21 54 30 61 24 67 19 93 42 58 65 45 46 35 37 63 55 71 69 14 
712-14-15 1?2.036 = 14 69 71 55 63 37 35 74 62 31 94 18 82 29 26 15 
712-11-12 1?2.202 = 11 22 58 20 47 62 74 35 37 63 55 46 45 96 76 12 
712-12-15 1?2.014 = 12 76 98 96 45 46 55 71 63 37 35 74 62 44 18 82 29 15 
712-13-15 1?2.345 = 13 69 71 55 63 37 35 74 62 44 18 94 73 82 29 26 15 
712-12-13 1?2.092 = 12 76 96 98 22 42 66 20 58 65 45 46 35 37 63 55 13 
712-12-14 1?1.983 = 12 76 98 96 45 46 55 63 37 35 74 44 18 82 29 26 14 
712-13-14 1?2.052 = 13 69 71 55 63 37 35 74 62 31 94 18 82 29 26 14 
712-11-13 1?2.211 = 11 22 76 98 96 45 65 20 47 62 74 35 37 63 71 55 13 
712-11-14 1?2.193 = 11 22 76 98 96 45 46 35 74 62 44 18 37 63 55 71 69 14 
712-11-15 1?2.43 = 11 22 76 98 96 45 46 55 63 37 35 74 62 31 94 44 18 82 29 15 
stop
