start
649-0-2 1?2.102 = 0 24 46 63 45 33 30 69 53 77 38 31 56 43 99 2 
649-0-1 1?2.058 = 0 24 46 63 45 33 30 69 53 77 38 31 56 43 99 1 
649-0-3 1?2.522 = 0 24 46 45 33 30 69 41 51 26 27 77 38 53 31 56 84 59 3 
649-0-5 1?2.444 = 0 24 46 97 33 30 69 27 79 68 37 73 19 54 80 95 91 5 
649-0-4 1?2.476 = 0 24 46 63 45 33 30 69 53 31 38 77 19 54 80 95 91 4 
649-0-8 1?2.515 = 0 24 46 63 45 33 30 69 27 79 73 68 37 83 28 18 29 76 71 85 8 
649-0-10 1?2.446 = 0 24 97 30 69 27 79 68 37 83 28 18 87 20 89 72 57 16 90 10 
649-0-7 1?2.511 = 0 24 97 30 69 27 79 73 68 37 83 28 18 87 29 76 71 94 34 92 67 7 
649-0-11 1?2.581 = 0 24 97 30 69 27 79 73 68 37 83 42 58 36 96 44 66 74 82 11 
649-0-6 1?2.511 = 0 24 97 30 69 27 79 73 68 37 83 28 18 29 76 71 94 67 92 86 6 
649-0-9 1?2.543 = 0 24 46 97 33 30 69 27 79 68 37 83 28 18 87 20 72 89 16 90 9 
649-1-5 1?2.001 = 1 63 45 33 30 69 53 31 38 77 19 54 80 95 91 5 
649-1-2 1?1.993 = 1 63 46 24 97 33 30 69 53 77 38 31 56 43 99 2 
649-1-4 1?2.099 = 1 99 43 45 63 46 24 97 33 30 69 53 77 38 88 4 
649-0-15 1?2.184 = 0 24 46 63 45 33 30 69 41 51 26 21 47 93 32 15 
649-1-3 1?1.922 = 1 63 46 24 97 33 30 69 53 77 38 31 56 84 59 3 
649-0-14 1?2.108 = 0 24 46 63 45 33 30 69 41 51 21 93 65 17 98 14 
649-0-13 1?2.471 = 0 24 46 63 45 33 30 69 41 51 26 21 93 65 17 98 35 64 25 13 
649-1-7 1?2.395 = 1 63 45 33 30 69 27 73 68 37 83 28 18 87 29 76 71 94 34 92 67 7 
649-1-6 1?2.348 = 1 63 45 33 30 69 27 79 73 68 37 83 28 18 87 29 76 71 94 34 86 6 
649-0-12 1?2.523 = 0 24 97 30 69 27 79 73 68 37 42 58 36 96 44 66 23 78 12 
649-1-8 1?2.66 = 1 63 46 97 33 30 69 41 27 79 73 68 37 83 28 18 87 29 76 71 94 50 8 
649-1-14 1?1.958 = 1 63 46 45 33 30 69 41 51 26 21 93 65 17 98 14 
649-2-5 1?2.031 = 2 43 99 45 33 30 69 53 31 38 77 19 54 95 91 5 
649-2-4 1?2.086 = 2 43 99 45 63 46 24 97 33 30 69 53 77 38 88 4 
649-2-3 1?1.987 = 2 43 99 45 63 46 24 97 33 30 69 53 31 56 84 59 3 
649-1-12 1?2.395 = 1 63 45 33 30 69 27 79 68 37 83 42 58 36 96 44 66 23 78 12 
649-1-10 1?2.321 = 1 63 45 33 30 69 27 79 73 68 37 83 28 18 87 72 89 16 90 10 
649-1-13 1?2.52 = 1 63 45 33 30 69 27 79 68 37 83 42 58 36 96 44 66 23 61 13 
649-1-11 1?2.42 = 1 63 45 33 30 69 27 79 73 68 37 42 58 36 96 44 66 82 74 11 
649-2-6 1?2.311 = 2 43 45 33 30 69 27 79 68 37 83 28 18 87 29 76 71 94 34 86 6 
649-1-15 1?2.075 = 1 63 46 24 97 33 30 69 41 51 26 21 47 93 32 15 
649-1-9 1?2.539 = 1 63 45 33 30 69 27 73 68 37 83 28 18 87 20 89 72 57 16 90 39 9 
649-3-5 1?2.072 = 3 59 84 56 31 53 38 77 19 54 80 70 49 95 91 5 
649-3-4 1?2.232 = 3 59 84 56 31 53 38 77 19 54 80 70 49 95 91 4 
649-2-14 1?2.452 = 2 43 99 45 33 30 69 41 51 26 21 22 60 47 93 65 17 98 35 14 
649-2-12 1?2.408 = 2 56 33 30 69 27 79 73 68 37 42 58 36 96 44 66 23 78 12 
649-2-8 1?2.261 = 2 43 99 45 33 30 69 27 79 68 37 83 28 18 87 29 76 71 85 8 
649-2-10 1?2.347 = 2 56 33 30 69 27 79 73 68 37 83 28 18 87 20 72 89 16 90 10 
649-2-13 1?2.576 = 2 56 33 30 69 27 79 73 68 37 83 42 58 36 96 44 66 23 61 13 
649-2-7 1?2.321 = 2 56 31 53 27 79 73 68 37 83 28 18 87 29 76 71 94 34 92 67 7 
649-2-11 1?2.449 = 2 56 33 30 69 27 79 73 68 37 83 42 58 36 96 44 66 82 74 11 
649-2-15 1?2.14 = 2 43 99 45 33 30 69 41 51 26 21 47 52 98 17 65 15 
649-2-9 1?2.46 = 2 43 99 45 33 30 69 27 79 73 68 37 83 28 18 87 72 89 20 48 39 9 
649-4-5 1?2.239 = 4 88 38 77 27 79 68 37 73 19 54 80 95 91 5 
649-3-6 1?1.989 = 3 59 84 56 31 53 38 77 19 54 80 95 70 49 86 6 
649-3-7 1?2.23 = 3 59 38 77 73 68 37 83 28 18 87 29 76 71 94 67 92 7 
649-3-8 1?2.343 = 3 59 84 56 33 30 69 27 79 73 68 37 83 28 29 76 71 85 8 
649-3-14 1?2.58 = 3 59 84 56 33 30 69 27 79 73 68 37 42 58 22 60 52 17 98 14 
649-3-10 1?2.45 = 3 59 38 77 27 79 73 68 37 83 28 18 29 87 20 89 72 57 16 90 10 
649-3-12 1?2.566 = 3 59 38 77 27 79 73 68 37 83 28 42 58 36 96 44 66 23 81 40 12 
649-3-13 1?2.589 = 3 59 38 77 27 79 73 68 37 83 28 42 58 36 96 44 66 23 61 13 
649-3-11 1?2.503 = 3 59 38 77 27 79 73 68 37 42 58 36 96 44 66 23 81 82 74 11 
649-3-9 1?2.309 = 3 59 38 77 27 79 68 37 83 28 18 87 20 89 72 57 16 90 9 
649-3-15 1?2.41 = 3 59 84 56 31 53 30 69 41 51 26 21 47 52 98 17 65 32 15 
649-4-6 1?2.218 = 4 88 38 77 73 68 37 83 28 18 29 76 71 94 34 86 6 
649-5-6 1?2.095 = 5 91 19 54 80 95 49 70 76 71 94 34 67 92 86 6 
649-4-7 1?2.28 = 4 88 38 77 73 68 37 83 28 18 29 76 71 94 34 92 67 7 
649-4-14 1?2.642 = 4 88 38 77 27 79 73 68 37 83 28 42 58 22 60 47 52 17 98 14 
649-4-10 1?2.38 = 4 88 38 77 27 79 73 68 37 83 28 18 87 20 72 89 16 90 10 
649-4-8 1?2.484 = 4 88 38 77 27 79 73 68 37 83 28 18 87 29 76 71 94 50 8 
649-4-11 1?2.559 = 4 88 38 77 27 79 68 37 83 42 58 36 96 44 66 23 81 82 74 11 
649-4-13 1?2.672 = 4 88 38 77 27 79 73 68 37 83 28 42 58 36 96 44 66 23 61 13 
649-4-12 1?2.649 = 4 88 38 77 27 79 73 68 37 83 28 42 58 36 96 44 66 23 81 40 12 
649-4-9 1?2.392 = 4 88 38 77 27 79 68 37 83 28 18 87 20 89 72 57 16 90 9 
649-4-15 1?2.649 = 4 88 38 77 27 79 73 68 37 83 28 42 58 22 60 47 93 32 15 
649-6-7 1?2.138 = 6 86 34 92 67 94 71 76 29 87 72 89 20 48 85 50 7 
649-6-8 1?2.038 = 6 86 34 92 67 94 71 76 29 18 87 72 89 20 48 85 8 
649-5-7 1?2.149 = 5 91 54 19 73 68 37 83 28 18 87 29 76 71 94 67 7 
649-5-8 1?2.186 = 5 91 95 80 54 19 73 68 37 83 28 18 87 29 76 71 85 8 
649-5-10 1?2.3 = 5 91 95 54 19 73 68 37 83 28 18 87 20 89 72 57 16 90 10 
649-5-14 1?2.559 = 5 91 95 80 54 19 73 68 37 83 42 58 36 96 60 52 17 98 14 
649-5-11 1?2.452 = 5 91 95 54 19 73 68 37 42 58 36 96 44 66 23 81 82 74 11 
649-5-12 1?2.514 = 5 91 95 80 54 19 73 68 37 83 42 58 36 96 44 66 23 81 40 12 
649-5-9 1?2.234 = 5 91 95 54 80 70 76 71 29 18 87 20 89 72 57 16 90 9 
649-5-13 1?2.6 = 5 91 95 80 54 19 73 68 37 83 28 42 58 36 96 44 66 23 61 13 
649-5-15 1?2.642 = 5 91 95 80 54 19 73 68 37 83 28 42 58 22 60 52 98 17 65 15 
649-7-10 1?1.818 = 7 67 92 34 94 71 76 29 18 87 20 72 89 16 90 10 
649-7-8 1?2.1 = 7 67 92 34 94 71 76 29 18 87 20 89 16 90 39 8 
649-6-10 1?2.175 = 6 86 92 67 34 94 71 76 29 18 87 20 89 72 57 62 16 90 10 
649-7-9 1?1.846 = 7 67 92 34 94 71 76 29 18 87 20 72 89 16 90 9 
649-6-9 1?1.885 = 6 86 92 67 94 71 76 29 18 87 20 72 89 16 90 9 
649-7-11 1?2.254 = 7 92 67 94 71 76 29 18 87 20 89 72 57 62 74 82 81 40 11 
649-6-12 1?2.394 = 6 86 92 67 94 71 76 29 18 87 20 89 72 55 36 96 44 66 23 78 12 
649-6-11 1?2.337 = 6 86 92 67 94 71 76 29 18 87 20 89 72 55 36 44 66 82 74 11 
649-6-14 1?2.505 = 6 86 92 67 94 71 76 29 87 18 28 83 37 68 75 21 93 65 17 98 14 
649-6-13 1?2.519 = 6 86 92 67 94 71 76 29 18 87 20 89 72 55 36 96 44 66 23 61 13 
649-6-15 1?2.594 = 6 86 92 67 94 71 76 29 87 18 28 83 37 73 68 75 26 21 93 32 15 
649-8-11 1?2.067 = 8 85 48 20 89 72 55 36 96 44 66 23 81 82 74 11 
649-8-10 1?2.106 = 8 85 71 76 29 18 87 20 89 72 55 57 62 16 90 10 
649-8-9 1?2.034 = 8 85 71 76 29 18 87 20 89 72 57 62 16 90 39 9 
649-8-12 1?2.286 = 8 85 71 76 29 18 87 20 89 72 55 36 96 44 66 23 81 40 12 
649-7-12 1?2.27 = 7 67 92 34 94 71 76 29 18 87 20 89 72 57 62 74 82 81 78 12 
649-8-14 1?2.485 = 8 85 71 76 29 18 87 20 89 72 55 66 44 36 96 22 60 52 17 98 14 
649-8-13 1?2.519 = 8 85 71 76 29 18 87 20 89 72 55 66 44 36 96 22 60 52 25 64 13 
649-7-14 1?2.541 = 7 67 92 34 94 71 76 29 87 18 28 83 37 68 75 26 21 93 65 17 98 14 
649-7-13 1?2.466 = 7 67 92 34 94 76 29 18 87 20 89 72 55 36 96 44 66 23 61 13 
649-8-15 1?2.587 = 8 85 71 76 29 18 87 20 89 72 55 66 44 36 96 60 22 47 93 32 15 
649-7-15 1?2.6 = 7 67 92 34 94 71 76 29 87 18 28 83 37 68 73 79 27 26 21 93 32 15 
649-9-12 1?1.969 = 9 39 48 20 89 72 55 36 96 44 66 23 81 78 12 
649-10-12 1?1.965 = 10 90 16 20 89 72 55 36 96 44 66 23 81 40 12 
649-9-10 1?2.039 = 9 39 48 71 76 29 18 87 20 89 72 57 62 16 90 10 
649-9-11 1?1.958 = 9 39 90 16 57 55 36 96 44 66 23 81 82 74 11 
649-10-11 1?1.958 = 10 90 16 20 89 72 55 36 96 44 66 81 82 74 11 
649-10-13 1?2.342 = 10 90 16 57 55 66 44 36 96 22 47 52 17 98 35 25 64 13 
649-10-14 1?2.327 = 10 90 16 89 72 55 66 44 36 96 60 22 47 93 65 17 98 14 
649-9-14 1?2.374 = 9 39 48 20 89 72 55 66 44 36 96 60 22 47 93 65 17 98 14 
649-9-13 1?2.432 = 9 39 90 16 20 89 72 55 66 44 36 96 60 22 47 52 25 64 13 
649-10-15 1?2.378 = 10 90 16 57 89 20 72 55 66 44 36 96 60 22 47 93 32 15 
649-9-15 1?2.473 = 9 90 16 20 89 72 55 66 44 36 96 60 22 47 52 98 17 65 15 
649-11-12 1?2.153 = 11 74 82 40 81 23 66 44 36 96 22 47 60 61 78 12 
649-12-14 1?1.907 = 12 40 81 23 44 36 96 60 22 47 93 65 17 98 14 
649-13-14 1?2.057 = 13 78 23 66 44 36 96 60 22 47 93 65 17 98 14 
649-12-13 1?2.028 = 12 78 23 66 44 36 96 22 47 93 65 17 98 35 13 
649-11-14 1?1.956 = 11 74 82 81 23 66 44 36 96 22 47 93 65 17 98 14 
649-11-13 1?2.072 = 11 74 82 81 23 66 44 36 96 60 22 47 52 17 98 35 13 
649-14-15 1?2.191 = 14 35 64 25 61 23 66 44 36 96 22 60 52 98 17 65 15 
649-13-15 1?2.13 = 13 64 25 61 23 66 44 36 96 22 47 52 98 17 65 15 
649-12-15 1?1.953 = 12 78 40 81 23 66 44 36 96 60 22 47 93 32 15 
649-11-15 1?2.041 = 11 74 82 81 23 66 44 36 96 60 22 47 52 98 17 65 15 
stop
