start
774-0-2 1?1.98 = 0 66 54 35 37 26 36 43 99 45 86 55 92 48 80 2 
774-0-1 1?2.142 = 0 66 54 35 37 26 36 43 99 45 86 55 92 48 80 1 
774-0-5 1?2.437 = 0 66 54 35 37 26 45 43 99 67 82 25 32 79 91 74 70 87 5 
774-0-6 1?2.44 = 0 66 54 35 37 26 45 43 99 67 82 47 25 32 20 79 91 74 38 6 
774-0-10 1?2.559 = 0 83 29 22 72 60 56 68 53 44 95 94 31 61 17 49 98 76 10 
774-0-9 1?2.494 = 0 66 54 35 37 26 45 43 99 67 82 47 89 19 71 97 50 28 9 
774-0-3 1?2.192 = 0 66 54 35 37 26 36 43 99 45 86 55 78 21 27 3 
774-0-11 1?2.502 = 0 83 29 22 72 60 56 68 53 44 95 94 31 61 17 57 24 41 11 
774-0-8 1?2.493 = 0 66 54 35 37 26 86 45 43 99 67 82 47 89 19 71 97 52 34 8 
774-0-7 1?2.496 = 0 66 54 35 37 26 45 43 99 67 82 47 25 32 20 79 91 74 51 46 7 
774-0-4 1?2.316 = 0 66 54 35 37 26 36 43 99 45 86 55 78 81 96 64 93 4 
774-1-2 1?2.011 = 1 54 35 37 26 36 45 43 99 67 86 55 92 48 80 2 
774-0-15 1?2.036 = 0 66 54 35 48 92 55 37 26 36 90 33 22 29 83 15 
774-0-13 1?2.123 = 0 66 54 35 37 26 36 90 62 72 60 56 44 53 68 88 13 
774-1-5 1?2.267 = 1 54 35 37 26 45 43 99 67 82 25 32 79 91 74 70 87 5 
774-0-14 1?2.305 = 0 66 54 35 48 92 55 37 26 36 90 39 33 62 72 75 14 
774-1-6 1?2.198 = 1 54 35 37 26 45 43 99 67 82 25 32 20 79 91 74 38 6 
774-1-3 1?2.103 = 1 54 35 37 26 36 43 99 45 86 81 96 64 59 27 3 
774-1-4 1?2.146 = 1 54 35 37 26 36 43 99 45 86 55 78 81 96 64 93 4 
774-0-12 1?2.549 = 0 83 29 22 72 60 56 68 53 44 95 94 31 61 17 57 24 40 42 12 
774-1-8 1?2.444 = 1 54 35 37 26 45 43 99 67 82 47 25 32 20 58 71 97 52 34 8 
774-1-7 1?2.254 = 1 54 35 37 26 45 43 99 67 82 25 32 20 79 91 74 51 46 7 
774-1-14 1?2.283 = 1 54 35 37 26 36 90 62 72 60 56 95 44 53 68 88 14 
774-2-5 1?2.294 = 2 80 48 92 55 86 67 82 47 58 20 79 91 74 70 87 5 
774-1-11 1?2.443 = 1 54 35 37 26 36 90 62 72 60 56 95 44 68 53 40 42 77 11 
774-2-6 1?2.256 = 2 80 48 92 37 26 45 43 99 67 82 25 32 20 79 91 74 38 6 
774-2-4 1?2.063 = 2 80 48 92 35 26 37 55 78 81 96 64 59 65 93 4 
774-1-9 1?2.477 = 1 54 35 37 26 45 43 99 67 82 47 89 19 71 97 52 34 18 28 9 
774-2-3 1?2.16 = 2 80 48 92 35 37 26 36 43 99 45 86 55 78 21 27 3 
774-1-12 1?2.539 = 1 54 35 26 37 55 86 45 99 43 31 94 95 60 56 44 68 53 12 
774-1-10 1?2.74 = 1 54 35 37 26 45 43 99 67 82 25 32 20 58 71 97 50 98 76 10 
774-1-15 1?2.028 = 1 54 35 48 92 55 37 26 36 90 62 33 22 29 83 15 
774-1-13 1?2.497 = 1 54 35 26 36 45 43 99 67 73 31 94 44 53 68 56 60 88 13 
774-3-5 1?2.476 = 3 27 96 81 82 47 89 19 71 58 20 79 91 74 70 87 5 
774-2-14 1?2.472 = 2 80 48 92 35 26 37 55 78 86 45 99 43 36 90 62 72 75 14 
774-3-4 1?2.156 = 3 27 21 80 48 92 35 26 37 55 78 81 96 64 93 4 
774-2-10 1?2.698 = 2 80 48 92 35 37 26 45 99 43 73 89 19 71 97 50 28 63 76 10 
774-2-11 1?2.581 = 2 80 48 92 35 37 26 36 90 62 72 60 56 95 44 68 53 40 42 77 11 
774-2-9 1?2.49 = 2 80 48 92 35 37 26 45 43 99 67 82 47 89 19 71 50 28 63 9 
774-2-8 1?2.348 = 2 80 48 92 35 37 26 45 43 99 67 82 47 89 19 71 97 34 8 
774-2-12 1?2.706 = 2 80 48 92 35 37 26 36 90 33 62 72 60 95 44 68 53 40 42 77 12 
774-2-15 1?2.01 = 2 80 48 92 35 37 26 36 90 39 33 62 72 22 29 83 15 
774-2-7 1?2.28 = 2 80 48 92 55 86 45 43 99 67 82 25 32 20 79 91 51 46 7 
774-2-13 1?2.401 = 2 80 48 92 35 26 37 55 86 45 99 43 31 94 44 95 60 56 88 13 
774-4-5 1?2.125 = 4 93 64 84 74 91 25 32 58 20 79 51 38 70 87 5 
774-3-6 1?2.401 = 3 27 59 64 96 84 74 91 79 20 32 25 58 85 16 46 6 
774-3-14 1?2.683 = 3 27 59 64 96 81 78 55 92 48 54 35 37 26 36 90 33 22 75 14 
774-3-11 1?2.712 = 3 27 59 64 84 74 91 79 32 20 58 71 19 89 17 57 24 41 11 
774-3-10 1?2.585 = 3 27 59 64 84 74 91 79 32 20 58 71 97 52 34 18 28 63 76 10 
774-3-9 1?2.37 = 3 27 59 64 84 74 91 79 25 32 20 58 71 97 52 34 18 28 63 9 
774-3-8 1?2.361 = 3 27 59 64 96 84 74 91 79 32 20 58 71 97 52 34 85 16 8 
774-3-12 1?2.702 = 3 21 48 92 35 37 26 36 90 62 72 60 56 95 44 68 53 40 42 12 
774-3-15 1?2.149 = 3 27 59 64 96 81 78 55 37 26 36 90 39 33 22 23 15 
774-3-7 1?2.252 = 3 27 59 64 84 74 91 79 25 32 20 58 71 97 52 34 85 16 7 
774-3-13 1?2.674 = 3 21 48 92 35 26 37 55 86 45 99 43 31 94 95 44 53 68 56 88 13 
774-4-6 1?2.127 = 4 93 69 87 70 74 91 79 25 32 20 58 85 16 46 6 
774-5-6 1?1.935 = 5 87 70 74 91 79 32 20 58 71 97 52 85 16 46 6 
774-4-14 1?2.685 = 4 65 59 64 96 81 78 55 92 48 54 35 37 26 36 90 62 72 75 14 
774-4-7 1?1.874 = 4 93 69 70 74 91 79 32 20 58 71 97 52 85 16 7 
774-4-10 1?2.484 = 4 93 64 84 74 91 79 25 32 20 58 71 97 52 34 18 28 63 76 10 
774-4-11 1?2.599 = 4 93 69 70 74 91 79 20 32 25 58 19 89 17 57 24 40 42 77 11 
774-4-8 1?2.318 = 4 93 69 87 70 74 91 79 25 32 20 58 71 50 97 52 34 85 16 8 
774-4-12 1?2.564 = 4 93 69 70 74 91 79 25 32 20 58 71 19 89 17 57 24 40 42 12 
774-4-9 1?2.452 = 4 93 64 96 81 84 74 91 79 25 32 20 58 71 97 52 34 50 28 63 9 
774-4-15 1?2.466 = 4 93 64 96 81 78 55 92 48 54 35 37 26 36 90 33 22 29 83 15 
774-4-13 1?2.554 = 4 93 64 96 81 78 55 86 45 99 43 31 94 95 44 53 68 56 60 88 13 
774-5-8 1?1.785 = 5 87 70 74 91 79 25 32 20 58 71 97 52 34 85 16 8 
774-6-8 1?1.805 = 6 38 70 74 91 79 25 32 20 58 71 97 52 34 85 16 8 
774-5-7 1?1.651 = 5 87 70 74 91 79 25 32 20 58 71 97 52 85 16 7 
774-6-7 1?1.63 = 6 38 74 91 79 25 32 20 58 71 97 52 34 85 16 7 
774-5-14 1?2.616 = 5 87 70 74 91 79 32 20 58 19 89 61 31 94 95 44 68 56 60 14 
774-5-9 1?2.283 = 5 87 70 74 91 79 25 32 20 58 71 19 89 50 97 52 34 18 28 63 9 
774-5-10 1?2.498 = 5 87 70 74 91 79 32 20 58 71 19 89 50 97 52 34 18 28 63 76 10 
774-5-11 1?2.525 = 5 87 70 74 91 79 25 32 20 58 71 19 89 17 57 24 40 42 77 41 11 
774-5-13 1?2.333 = 5 87 70 74 91 79 32 20 58 19 89 61 31 94 95 44 53 68 88 13 
774-5-15 1?2.662 = 5 87 70 74 91 79 25 32 20 58 47 82 67 99 43 45 36 90 33 29 83 15 
774-5-12 1?2.706 = 5 87 70 74 91 79 25 32 20 58 71 19 89 17 57 24 94 95 44 68 53 12 
774-7-8 1?1.662 = 7 46 51 74 91 79 20 32 25 58 71 50 97 52 34 8 
774-7-9 1?1.671 = 7 46 51 74 91 79 20 32 25 58 71 97 50 28 63 9 
774-7-10 1?1.866 = 7 46 51 74 91 79 32 20 58 71 97 50 28 63 76 10 
774-6-10 1?2.018 = 6 38 74 91 79 25 32 20 58 71 97 52 34 18 28 63 76 10 
774-6-9 1?1.862 = 6 38 70 74 91 79 25 32 20 58 71 97 52 34 18 28 63 9 
774-6-11 1?2.282 = 6 51 74 91 79 32 20 58 71 19 89 17 57 24 40 42 77 11 
774-7-11 1?2.283 = 7 46 51 74 91 79 20 32 25 58 19 89 17 57 24 40 42 77 11 
774-6-14 1?2.554 = 6 38 74 91 79 32 20 58 19 89 61 31 94 95 44 53 68 56 60 14 
774-6-12 1?2.506 = 6 51 74 91 79 32 20 58 52 34 97 71 19 89 17 57 24 40 42 12 
774-6-13 1?2.322 = 6 38 74 91 79 32 20 58 19 89 17 57 24 94 95 44 53 68 88 13 
774-6-15 1?2.601 = 6 38 74 91 79 20 32 25 47 82 67 99 43 45 36 90 39 33 22 29 83 15 
774-8-9 1?1.899 = 8 16 85 20 79 32 25 58 71 97 52 34 18 28 63 9 
774-8-10 1?2.096 = 8 16 85 20 32 25 58 71 97 52 34 18 28 63 76 10 
774-8-11 1?2.344 = 8 16 85 34 52 97 50 71 19 89 17 57 24 40 42 77 41 11 
774-8-12 1?2.366 = 8 34 52 97 71 19 89 17 57 61 31 94 44 95 60 56 68 53 12 
774-8-14 1?2.558 = 8 16 85 34 52 97 71 19 89 17 61 31 94 95 44 53 68 56 60 14 
774-7-14 1?2.59 = 7 16 85 34 52 97 71 19 89 17 57 24 31 94 95 44 53 68 56 60 14 
774-7-12 1?2.458 = 7 46 51 74 91 79 25 32 20 58 52 97 71 19 89 17 57 24 40 42 12 
774-8-13 1?2.407 = 8 16 85 34 52 97 71 19 89 17 57 24 94 95 44 53 68 56 60 88 13 
774-8-15 1?2.655 = 8 34 52 97 71 19 89 47 82 67 86 45 99 43 36 90 39 33 22 29 83 15 
774-7-15 1?2.624 = 7 46 51 74 91 79 25 32 20 58 47 82 67 99 43 45 36 90 33 29 83 15 
774-7-13 1?2.359 = 7 16 85 34 52 97 71 19 89 17 61 31 94 95 44 53 68 56 60 88 13 
774-10-12 1?2.122 = 10 30 41 77 42 40 24 57 17 61 31 94 44 53 12 
774-10-11 1?2.041 = 10 30 49 17 57 24 31 94 44 68 53 40 42 77 11 
774-9-10 1?2.087 = 9 63 28 50 34 52 97 71 19 89 17 49 98 76 10 
774-9-11 1?2.092 = 9 63 28 50 97 71 19 89 17 57 24 40 42 77 41 11 
774-10-13 1?1.84 = 10 76 30 41 77 42 40 53 68 44 94 95 60 56 88 13 
774-10-14 1?2.414 = 10 30 41 11 77 42 40 24 57 17 61 31 94 44 53 68 56 60 14 
774-9-12 1?2.275 = 9 63 28 18 34 50 97 71 19 89 17 57 24 40 42 77 12 
774-9-14 1?2.468 = 9 28 50 97 71 19 89 17 57 24 31 94 44 53 68 56 60 14 
774-9-13 1?2.056 = 9 28 63 98 49 17 57 24 31 94 95 44 53 68 56 60 88 13 
774-10-15 1?2.367 = 10 76 98 49 17 61 31 94 95 44 53 68 56 60 72 22 29 83 15 
774-9-15 1?2.574 = 9 28 63 98 49 17 57 24 94 95 44 53 68 56 60 72 22 29 83 15 
774-12-14 1?1.971 = 12 40 24 57 17 61 31 94 95 44 53 68 88 56 60 14 
774-13-14 1?1.838 = 13 88 68 53 44 95 56 60 72 62 33 22 29 83 23 75 14 
774-11-12 1?1.921 = 11 41 77 42 40 24 57 17 61 31 94 44 68 53 12 
774-11-13 1?1.686 = 11 41 24 57 17 61 31 94 95 44 53 68 56 60 88 13 
774-12-13 1?1.68 = 12 40 24 57 17 61 31 94 95 44 53 68 56 60 88 13 
774-13-15 1?1.865 = 13 88 60 56 68 53 44 95 94 72 62 33 22 29 83 23 15 
774-14-15 1?2.162 = 14 60 56 68 53 44 95 94 72 62 90 39 33 29 83 15 
774-12-15 1?1.9 = 12 42 40 94 95 44 53 68 56 60 72 62 33 22 23 15 
774-11-14 1?2.357 = 11 41 77 42 40 94 95 44 53 68 56 60 72 62 33 22 23 75 14 
774-11-15 1?2.368 = 11 41 77 42 40 94 95 44 53 68 56 60 72 62 33 22 29 83 23 15 
stop
