start
916-0-2 1?916-0-3 1?2.043 = 0 58 52 59 30 55 99 2.07557 = 0  5828  5226  6941  76 83 3091  4559  255  99
 57 28 26 69 76 97 64 3 
916-0-1 1?1.964 = 0 58 52 59 30 55 99 57 28 69 26 76 83 45 91 1 
916-0-5 1?2.265 = 0 58 55 99 57 95 51 72 23 20 47 81 22 19 21 78 70 88 5 
916-0-7 1?2.456 = 0 58 55 99 57 28 31 95 51 23 20 47 81 22 19 89 48 87 65 7 
916-0-4 1?2.314 = 0 58 55 99 57 95 51 72 23 20 47 81 22 21 78 70 88 4 
916-0-8 1?2.439 = 0 58 55 99 57 95 51 23 20 47 81 22 19 89 48 74 27 67 90 8 
916-0-6 1?2.438 = 0 58 55 99 57 28 26 69 29 31 95 51 23 20 47 81 22 19 53 6 
916-0-11 1?2.374 = 0 58 55 59 30 41 63 62 80 24 82 49 50 98 36 85 38 11 
916-0-10 1?2.642 = 0 58 55 99 57 28 26 69 29 31 95 51 72 40 60 17 16 33 34 46 10 
916-0-9 1?2.574 = 0 58 55 99 57 31 95 51 72 40 60 17 94 18 27 67 77 32 39 75 9 
916-1-3 1?2.03 = 1 91 45 83 76 26 69 28 31 29 93 54 61 97 64 3 
916-1-4 1?2.165 = 1 45 83 35 84 99 57 28 69 26 76 29 93 54 61 71 4 
916-1-2 1?2.223 = 1 91 45 83 76 26 69 28 31 29 93 54 61 97 64 2 
916-0-15 1?2.249 = 0 58 55 59 30 62 80 24 82 98 50 49 25 42 44 15 
916-0-14 1?2.151 = 0 58 55 59 30 62 80 24 82 98 50 49 25 63 42 14 
916-1-5 1?2.145 = 1 45 83 76 26 69 29 31 51 23 20 47 21 78 70 88 5 
916-0-12 1?2.333 = 0 58 55 59 30 62 80 24 82 49 50 98 36 85 38 79 12 
916-1-6 1?2.173 = 1 91 83 76 26 69 29 31 95 51 23 20 47 81 22 19 53 6 
916-0-13 1?2.388 = 0 58 84 35 26 69 28 57 99 68 62 80 24 82 49 50 43 13 
916-1-8 1?2.327 = 1 91 83 76 26 69 29 31 95 51 72 40 60 17 94 18 27 67 8 
916-1-7 1?2.341 = 1 91 83 76 26 69 29 31 95 51 72 23 20 47 81 22 19 89 48 65 7 
916-1-14 1?2.051 = 1 91 45 83 76 26 69 28 57 99 55 30 59 41 44 42 14 
916-1-15 1?1.992 = 1 91 45 83 35 76 26 69 28 57 99 55 30 59 52 15 
916-2-5 1?2.057 = 2 83 35 28 31 95 51 23 20 47 21 78 70 88 5 
916-2-3 1?2.227 = 2 83 76 26 69 29 31 51 23 20 47 93 54 61 71 3 
916-2-4 1?2.183 = 2 83 35 28 31 95 51 23 20 47 21 78 70 88 4 
916-2-6 1?2.131 = 2 83 76 26 69 29 31 95 51 23 20 47 81 22 19 53 6 
916-1-12 1?2.248 = 1 91 83 76 26 69 28 57 99 68 62 80 24 82 49 98 50 43 12 
916-1-13 1?2.297 = 1 45 83 76 26 69 28 57 99 68 62 80 24 82 98 50 43 13 
916-1-11 1?2.421 = 1 91 83 76 26 69 28 57 99 68 62 80 24 82 98 36 85 38 11 
916-1-9 1?2.543 = 1 91 83 76 26 69 29 31 95 51 72 40 60 17 94 18 27 67 77 32 75 9 
916-1-10 1?2.567 = 1 91 45 83 76 26 69 29 31 95 51 72 40 60 17 94 16 33 34 46 10 
916-3-5 1?2.065 = 3 64 97 29 31 95 51 72 23 20 47 21 78 70 88 5 
916-3-4 1?2.191 = 3 64 97 29 31 95 51 72 23 20 47 21 78 70 88 4 
916-2-15 1?2.375 = 2 45 83 76 26 69 29 31 51 95 57 99 55 30 59 41 44 15 
916-2-14 1?2.449 = 2 83 76 26 69 28 57 99 55 59 30 62 80 24 82 49 25 42 14 
916-2-9 1?2.489 = 2 83 76 26 69 29 31 95 51 72 23 20 40 60 17 94 39 32 75 9 
916-2-13 1?2.41 = 2 45 83 76 26 69 28 57 99 68 96 73 80 24 82 49 98 50 43 13 
916-2-11 1?2.507 = 2 45 83 76 26 69 28 57 99 68 96 73 80 24 82 98 36 85 38 11 
916-2-12 1?2.419 = 2 83 76 26 69 28 57 99 55 59 30 62 80 24 82 49 98 50 43 12 
916-2-7 1?2.28 = 2 83 76 26 69 28 31 95 51 23 20 47 81 22 19 89 48 65 7 
916-2-8 1?2.413 = 2 45 83 76 26 69 29 31 95 51 72 40 60 17 94 18 27 67 90 8 
916-2-10 1?2.611 = 2 45 83 76 26 69 28 31 95 51 23 20 40 60 17 16 33 34 46 10 
916-4-5 1?2.166 = 4 71 61 93 29 31 95 51 23 20 47 21 78 70 88 5 
916-3-6 1?2.044 = 3 64 97 61 54 88 70 78 21 22 19 89 48 87 6 
916-3-14 1?2.499 = 3 64 97 76 26 69 28 57 99 55 59 30 62 80 24 82 49 25 42 14 
916-3-15 1?2.476 = 3 64 97 71 61 54 93 29 69 76 26 28 57 99 55 30 59 41 44 15 
916-3-9 1?2.361 = 3 64 71 61 54 93 21 81 22 19 89 48 74 90 27 67 77 32 39 75 9 
916-3-7 1?2.258 = 3 64 97 76 26 69 29 31 51 23 20 47 81 22 19 89 48 65 7 
916-3-10 1?2.463 = 3 64 97 76 26 69 29 31 95 51 23 20 40 60 16 33 34 46 10 
916-3-11 1?2.486 = 3 64 97 76 26 69 28 57 99 68 62 80 24 82 49 98 36 85 38 11 
916-3-8 1?2.368 = 3 64 97 76 26 69 28 31 95 51 72 40 60 17 94 18 27 67 8 
916-3-12 1?2.469 = 3 64 97 76 26 69 28 57 99 55 59 30 62 80 24 82 49 98 50 43 12 
916-3-13 1?2.488 = 3 64 97 76 26 69 28 57 99 55 59 30 62 80 24 82 98 50 43 13 
916-4-7 1?2.028 = 4 88 70 78 21 81 22 19 89 48 74 27 67 90 56 7 
916-4-6 1?2.144 = 4 71 61 54 93 21 81 22 89 19 78 70 88 66 53 6 
916-5-6 1?2.203 = 5 88 70 78 21 81 22 19 89 48 74 90 56 65 87 6 
916-4-14 1?2.563 = 4 88 70 78 21 19 22 81 47 20 23 72 51 95 96 73 62 63 42 14 
916-4-15 1?2.459 = 4 88 70 78 21 19 22 81 47 20 23 51 95 57 99 55 52 15 
916-4-8 1?2.225 = 4 88 70 78 21 81 22 19 89 48 74 27 67 77 39 75 32 8 
916-4-9 1?2.279 = 4 88 70 78 21 81 22 19 89 48 65 56 90 67 27 18 39 32 75 9 
916-4-12 1?2.536 = 4 88 70 78 21 47 20 23 72 51 95 96 73 80 24 82 98 50 43 12 
916-4-10 1?2.476 = 4 88 70 78 21 19 22 81 47 20 23 72 40 60 17 16 33 34 46 10 
916-4-11 1?2.677 = 4 88 70 78 19 22 81 47 20 23 72 96 73 80 24 82 36 85 38 11 
916-4-13 1?2.545 = 4 88 70 78 21 22 81 47 20 23 72 96 73 80 24 82 49 50 43 13 
916-5-7 1?1.902 = 5 88 70 78 21 81 22 19 89 48 74 27 67 90 56 7 
916-6-7 1?2 = 6 53 70 78 21 81 22 19 89 48 74 27 67 90 56 7 
916-6-8 1?1.835 = 6 53 70 78 21 81 22 19 89 48 74 27 67 90 56 8 
916-5-14 1?2.532 = 5 88 70 78 21 19 22 81 47 20 23 72 96 73 80 24 82 49 25 42 14 
916-5-8 1?2.099 = 5 88 70 78 21 81 22 19 89 48 74 27 67 77 39 75 32 8 
916-5-9 1?2.067 = 5 66 88 70 78 21 22 19 89 48 74 90 67 27 18 39 32 75 9 
916-5-15 1?2.385 = 5 88 70 78 21 19 22 81 47 20 23 72 51 95 57 99 55 52 15 
916-5-10 1?2.27 = 5 88 70 78 21 19 22 81 47 20 23 72 40 60 16 33 34 46 10 
916-5-11 1?2.551 = 5 88 70 78 19 22 81 47 20 23 72 96 73 80 24 82 36 85 38 11 
916-5-12 1?2.42 = 5 88 70 78 21 19 22 81 47 20 23 72 96 73 80 24 82 49 50 43 12 
916-5-13 1?2.449 = 5 88 70 78 19 22 81 47 20 23 72 96 73 80 24 82 98 50 43 13 
916-7-9 1?1.963 = 7 65 56 90 74 27 67 77 32 39 18 94 16 33 34 75 9 
916-6-9 1?1.874 = 6 53 19 22 81 89 48 74 90 67 27 18 39 32 75 9 
916-6-10 1?2.042 = 6 87 65 56 74 90 67 27 18 77 32 75 39 33 34 46 10 
916-7-8 1?2.102 = 7 65 48 89 19 22 81 47 20 23 40 60 17 74 90 8 
916-7-10 1?1.819 = 7 65 56 74 90 27 67 77 32 75 39 94 16 33 34 46 10 
916-6-14 1?2.589 = 6 87 48 89 19 22 81 47 20 23 51 95 31 57 99 55 30 59 41 44 14 
916-7-11 1?2.397 = 7 65 56 90 74 27 67 77 32 75 39 18 94 17 16 33 34 46 38 11 
916-6-12 1?2.338 = 6 87 48 89 19 22 81 47 20 23 72 96 73 80 24 82 49 50 43 12 
916-6-11 1?2.399 = 6 87 48 89 19 22 81 21 47 20 23 72 40 60 86 37 85 38 11 
916-6-15 1?2.504 = 6 87 48 89 19 22 81 47 20 23 51 95 31 57 99 55 30 59 52 15 
916-6-13 1?2.459 = 6 53 48 89 19 22 81 47 20 23 72 96 73 80 24 82 98 50 43 13 
916-8-11 1?1.842 = 8 90 67 27 18 77 32 75 39 94 16 33 34 46 38 11 
916-8-9 1?1.854 = 8 56 90 74 27 67 77 32 75 39 18 94 16 33 34 46 9 
916-8-10 1?1.669 = 8 56 90 74 27 67 77 32 75 39 18 94 16 33 34 46 10 
916-8-12 1?2.198 = 8 90 74 27 67 77 32 75 39 94 16 37 36 98 82 49 50 43 12 
916-7-14 1?2.58 = 7 65 48 89 19 22 81 47 20 23 51 95 31 57 99 55 59 30 41 44 14 
916-8-15 1?2.445 = 8 90 67 27 18 94 16 37 36 98 49 82 24 80 62 30 59 41 15 
916-8-14 1?2.531 = 8 90 67 27 18 77 32 75 39 34 33 37 36 98 82 24 80 62 63 42 14 
916-7-15 1?2.504 = 7 65 48 89 19 22 81 47 20 23 51 95 31 57 99 55 30 59 52 15 
916-7-12 1?2.338 = 7 65 48 89 19 22 81 47 20 23 72 96 73 80 24 82 49 50 43 12 
916-7-13 1?2.496 = 7 87 48 89 19 22 81 47 20 23 72 96 73 80 24 82 98 50 43 13 
916-8-13 1?2.575 = 8 56 90 74 27 67 77 18 39 32 75 34 33 37 36 98 82 24 80 25 13 
916-9-11 1?1.828 = 9 75 32 77 67 27 90 74 18 94 16 33 34 46 38 11 
916-10-11 1?2.165 = 10 46 34 75 32 77 67 27 90 74 18 94 16 33 38 11 
916-9-10 1?1.741 = 9 75 39 32 77 67 27 90 74 18 94 17 16 33 34 46 10 
916-10-12 1?2.4 = 10 46 34 75 32 77 67 27 18 94 16 37 36 98 50 43 12 
916-10-14 1?2.341 = 10 46 34 33 37 36 98 50 49 82 24 80 62 30 59 41 44 14 
916-9-12 1?2.074 = 9 75 32 77 67 27 18 94 16 37 36 98 82 49 50 43 12 
916-9-13 1?2.242 = 9 75 39 32 77 67 27 18 94 16 37 36 98 82 49 50 43 13 
916-10-13 1?2.41 = 10 46 34 33 16 17 60 86 96 73 80 24 82 49 98 50 43 13 
916-10-15 1?2.335 = 10 46 34 33 37 36 98 50 49 82 24 80 62 30 59 41 44 15 
916-9-14 1?2.41 = 9 75 32 77 67 27 18 94 16 37 36 98 49 82 24 80 62 63 42 14 
916-9-15 1?2.524 = 9 75 32 77 67 27 18 94 16 37 36 82 24 80 62 30 59 52 15 
916-11-14 1?1.975 = 11 38 85 36 98 49 82 24 80 62 30 59 41 44 14 
916-12-14 1?2.105 = 12 79 85 36 98 49 82 24 80 62 30 59 41 44 14 
916-13-14 1?2.213 = 13 43 50 98 82 24 80 73 96 68 62 30 59 41 44 14 
916-11-12 1?2.339 = 11 38 85 36 98 50 49 82 24 80 62 63 42 25 43 12 
916-13-15 1?2.054 = 13 43 50 98 49 82 24 80 62 30 59 55 58 52 15 
916-14-15 1?2.187 = 14 44 41 30 59 55 99 57 28 69 26 35 84 58 52 15 
916-11-13 1?2.189 = 11 38 85 36 98 82 24 80 62 30 59 41 63 25 13 
916-12-13 1?2.183 = 12 43 50 98 49 82 24 80 62 30 59 41 44 42 25 13 
916-12-15 1?2.238 = 12 79 38 85 36 98 50 49 82 24 80 62 30 59 52 15 
916-11-15 1?2.304 = 11 38 85 36 98 50 49 82 24 80 62 30 59 55 58 52 15 
stop
