start
618-0-2 1?1.938 = 0 78 80 16 91 96 87 99 59 67 41 18 45 33 68 2 
618-0-1 1?1.841 = 0 94 42 60 87 99 30 59 67 41 18 33 16 80 22 1 
618-0-11 1?2.229 = 0 94 42 60 87 99 59 67 86 32 44 89 57 48 23 27 69 26 11 
618-0-10 1?2.269 = 0 94 42 60 87 99 59 30 86 32 44 89 57 48 23 26 69 27 88 10 
618-0-7 1?2.529 = 0 78 22 80 16 91 96 87 99 30 59 67 41 93 82 25 63 28 83 7 
618-0-6 1?2.535 = 0 78 22 80 16 91 96 87 99 30 59 67 41 93 82 25 63 83 65 6 
618-0-8 1?2.502 = 0 78 22 80 16 91 96 87 99 59 67 41 62 64 72 66 56 75 8 
618-0-5 1?2.325 = 0 78 22 80 16 91 96 87 99 59 67 41 18 45 24 95 17 70 55 5 
618-0-3 1?1.895 = 0 78 22 80 68 16 91 96 33 18 45 24 46 79 50 3 
618-0-4 1?2.185 = 0 78 80 16 91 96 87 99 59 67 41 18 45 24 95 17 36 74 4 
618-0-9 1?2.341 = 0 78 22 80 16 91 96 87 99 59 67 41 62 64 72 66 56 81 20 40 9 
618-0-14 1?1.679 = 0 78 22 80 16 91 96 87 99 30 73 85 38 54 14 
618-0-15 1?1.719 = 0 78 22 80 68 16 91 96 87 99 59 30 98 61 15 
618-1-2 1?618-1.8561 = -1 22 4 801? 16 91 96 87 99 59 1.82567 41 =  1 34 1878 45 33 68 2  22
 80 16 91 96 18 45 24 95 17 36 74 4 
618-1-3 1?1.802 = 1 34 78 22 80 16 91 96 87 18 45 24 46 79 50 3 
618-0-13 1?1.862 = 0 78 22 80 16 91 96 87 99 30 73 85 38 54 13 
618-1-7 1?2.427 = 1 34 78 22 80 16 91 96 87 99 30 59 67 41 82 25 28 83 7 
618-0-12 1?2.164 = 0 78 22 80 16 91 96 87 99 30 59 67 86 47 31 58 39 12 
618-1-8 1?2.424 = 1 34 22 80 16 91 96 87 99 59 67 41 62 64 72 66 56 75 8 
618-1-5 1?2.059 = 1 34 78 22 80 16 91 96 33 18 45 24 95 17 36 70 55 5 
618-1-6 1?2.361 = 1 34 22 80 16 91 96 87 99 30 59 67 41 82 28 63 83 65 6 
618-1-15 1?1.603 = 1 34 78 22 80 16 91 96 87 99 59 30 73 85 61 15 
618-1-9 1?2.226 = 1 34 22 80 16 91 96 87 41 62 64 72 66 90 56 81 20 40 9 
618-1-11 1?2.225 = 1 34 22 80 16 91 96 87 99 30 86 32 44 89 57 48 23 26 11 
618-2-3 1?2.069 = 2 68 16 91 96 87 59 67 41 18 45 24 46 79 50 3 
618-2-4 1?2.185 = 2 68 16 91 96 87 99 59 67 41 93 29 17 36 74 4 
618-1-14 1?1.828 = 1 34 78 22 80 16 68 33 91 96 87 99 59 30 73 85 38 14 
618-1-10 1?2.258 = 1 34 22 80 16 91 96 87 99 30 86 32 44 89 57 48 23 69 27 88 10 
618-1-12 1?2.16 = 1 34 78 22 80 16 91 96 87 99 30 59 67 86 47 71 49 58 39 12 
618-1-13 1?2.007 = 1 34 78 22 80 16 91 96 87 99 30 59 67 86 47 19 51 21 43 13 
618-2-5 1?2.344 = 2 68 16 91 96 87 99 59 67 41 18 45 24 95 17 70 55 5 
618-2-6 1?2.536 = 2 68 16 91 96 87 99 30 59 67 41 93 82 28 63 83 65 6 
618-2-15 1?1.992 = 2 1 34 78 22 80 16 91 96 87 99 59 30 73 85 61 15 
618-2-9 1?2.351 = 2 68 16 91 96 87 59 67 41 62 64 72 66 56 81 20 40 9 
618-2-11 1?2.368 = 2 68 16 91 96 87 99 30 86 32 44 89 57 48 23 27 69 26 11 
618-3-4 1?2.202 = 3 50 79 35 68 16 91 96 33 18 45 24 95 17 36 74 4 
618-2-10 1?2.393 = 2 68 16 91 96 87 99 30 86 32 44 89 57 48 23 26 69 88 10 
618-3-5 1?2.303 = 3 50 79 35 68 16 91 96 18 45 24 95 36 70 55 5 
618-2-8 1?2.559 = 2 68 16 91 96 87 99 59 67 41 62 64 72 66 90 56 75 8 
618-2-7 1?2.604 = 2 68 16 91 96 87 99 30 59 67 41 18 45 93 82 28 83 7 
618-2-14 1?2.129 = 2 68 16 91 96 33 45 18 41 67 59 87 99 30 73 85 38 14 
618-2-12 1?2.47 = 2 68 16 91 96 87 99 59 67 41 62 64 44 89 37 58 49 12 
618-2-13 1?2.343 = 2 68 16 91 96 87 99 30 59 67 41 86 47 31 71 19 51 21 43 13 
618-3-15 1?2.315 = 3 50 79 46 24 45 18 33 91 96 87 99 59 67 30 73 85 38 61 15 
618-3-9 1?2.453 = 3 50 79 46 24 45 18 41 62 32 44 64 72 66 90 56 81 20 40 9 
618-3-8 1?2.564 = 3 50 79 46 24 93 82 62 32 44 64 72 66 90 56 75 76 8 
618-3-7 1?2.635 = 3 50 79 46 24 45 18 87 99 59 67 41 82 25 63 28 83 7 
618-4-5 1?2.557 = 4 74 36 95 24 45 18 87 99 59 67 41 93 29 70 5 
618-3-11 1?2.618 = 3 50 79 46 24 45 18 41 62 32 44 64 89 72 66 57 48 23 69 26 11 
618-3-10 1?2.507 = 3 50 79 46 24 45 18 41 62 32 44 64 72 66 57 48 23 69 27 88 10 
618-3-14 1?2.305 = 3 50 79 35 68 16 91 96 33 45 18 87 99 59 30 73 85 38 54 14 
618-3-12 1?2.601 = 3 50 79 35 68 16 91 96 87 99 30 59 67 41 86 47 71 49 58 39 12 
618-3-6 1?2.568 = 3 50 79 46 36 17 95 24 45 18 93 82 25 63 28 83 65 6 
618-3-13 1?2.509 = 3 50 79 35 68 16 91 96 87 99 30 59 67 86 47 31 71 19 51 21 43 13 
618-4-9 1?2.373 = 4 74 36 17 95 29 82 62 32 44 64 72 66 90 56 81 20 40 9 
618-4-7 1?2.668 = 4 74 36 17 95 24 33 91 96 18 45 93 82 28 63 83 7 
618-4-15 1?2.328 = 4 74 36 17 95 24 45 18 33 91 96 87 99 59 67 30 73 85 61 15 
618-4-8 1?2.575 = 4 74 36 17 95 29 82 62 32 44 64 72 66 90 56 75 76 8 
618-4-10 1?2.499 = 4 74 36 17 95 24 93 82 62 64 72 66 57 48 23 26 69 27 88 10 
618-4-11 1?2.659 = 4 74 36 17 95 24 45 18 41 62 32 44 64 89 57 48 88 69 26 11 
618-4-6 1?2.531 = 4 74 36 17 95 24 45 18 93 82 25 63 28 83 65 77 6 
618-5-6 1?2.563 = 5 55 70 36 17 95 24 45 18 93 82 25 63 28 83 65 6 
618-4-12 1?2.64 = 4 74 36 17 95 24 45 18 87 99 30 59 67 86 47 31 71 49 58 39 12 
618-4-13 1?2.528 = 4 74 36 17 95 24 45 18 87 99 30 59 67 41 86 47 19 51 21 43 13 
618-4-14 1?2.415 = 4 74 36 17 95 29 24 45 18 41 67 59 99 87 30 73 85 38 54 14 
618-5-9 1?2.161 = 5 77 65 83 28 63 84 64 72 66 90 56 81 20 40 9 
618-5-8 1?2.31 = 5 77 83 28 63 84 72 66 90 56 81 20 40 75 76 8 
618-6-7 1?2.486 = 6 77 83 28 63 84 72 66 90 56 81 20 40 75 76 7 
618-6-8 1?2.2 = 6 77 83 28 63 84 72 66 90 56 81 20 40 75 76 8 
618-5-7 1?2.596 = 5 77 83 28 63 84 72 66 90 56 81 20 40 75 76 7 
618-5-15 1?2.448 = 5 55 70 17 95 24 45 18 33 91 96 87 99 59 67 30 73 85 61 15 
618-5-10 1?2.478 = 5 77 83 28 63 84 90 56 66 72 64 44 89 57 48 23 27 88 10 
618-5-11 1?2.493 = 5 77 83 28 63 84 90 56 66 72 64 44 89 57 48 23 27 69 26 11 
618-5-13 1?2.522 = 5 55 70 36 17 95 24 45 18 87 99 59 67 86 47 19 51 21 43 13 
618-5-14 1?2.381 = 5 55 70 36 17 95 24 45 18 33 91 96 87 99 59 30 73 85 38 14 
618-5-12 1?2.733 = 5 55 70 36 17 95 24 45 18 87 99 30 59 67 86 47 71 49 58 39 12 
618-6-9 1?2.01 = 6 65 83 28 63 84 64 89 72 66 90 56 81 20 40 9 
618-7-9 1?2.155 = 7 65 83 28 63 84 64 44 89 72 66 56 81 20 40 9 
618-7-8 1?2.303 = 7 83 28 63 84 72 66 90 56 81 92 20 40 75 76 8 
618-6-10 1?2.259 = 6 65 83 28 63 84 64 44 89 72 66 90 56 81 20 40 92 10 
618-7-10 1?2.288 = 7 76 75 40 20 81 56 90 66 72 64 44 37 48 23 27 88 10 
618-7-11 1?2.303 = 7 76 75 40 20 81 56 90 66 72 64 44 37 48 23 27 69 26 11 
618-6-15 1?2.724 = 6 65 83 63 28 82 93 45 18 41 67 59 99 87 30 73 85 38 61 15 
618-6-11 1?2.355 = 6 65 83 28 63 25 84 64 44 89 72 66 57 48 88 69 27 23 26 11 
618-6-14 1?2.562 = 6 65 83 28 63 25 82 93 45 18 41 67 59 99 30 73 85 38 54 14 
618-6-12 1?2.564 = 6 65 83 28 63 84 90 56 66 72 64 44 89 37 31 71 49 58 39 12 
618-6-13 1?2.513 = 6 65 83 28 63 84 90 56 66 72 64 44 89 37 31 71 19 51 21 43 13 
618-8-9 1?1.977 = 8 76 75 40 20 81 56 90 66 72 64 89 57 97 92 9 
618-8-10 1?1.86 = 8 76 75 40 20 81 56 90 66 72 64 44 89 57 97 10 
618-7-15 1?2.667 = 7 83 28 63 25 82 93 18 45 33 91 96 87 99 59 67 30 98 61 15 
618-8-11 1?2.031 = 8 76 75 40 20 81 56 66 72 64 44 89 37 48 23 69 26 11 
618-8-15 1?2.498 = 8 76 75 56 90 66 72 64 44 32 62 41 67 59 99 30 98 61 15 
618-8-12 1?2.146 = 8 75 40 20 81 56 90 66 72 64 44 89 37 31 71 49 39 12 
618-7-12 1?2.445 = 7 76 75 40 20 81 56 66 72 64 44 89 37 31 58 49 39 12 
618-8-13 1?2.093 = 8 75 40 20 81 56 90 66 72 64 89 37 31 71 19 51 21 43 13 
618-7-14 1?2.586 = 7 83 28 63 25 82 93 18 45 33 91 96 87 99 59 30 73 85 38 14 
618-7-13 1?2.419 = 7 76 75 40 20 81 56 90 66 72 64 44 37 31 71 19 51 21 43 13 
618-8-14 1?2.398 = 8 76 75 40 20 81 56 90 66 72 64 44 89 37 31 71 19 51 21 54 14 
618-10-11 1?1.711 = 10 88 27 69 26 23 48 57 66 72 89 37 58 39 11 
618-9-10 1?1.568 = 9 40 20 81 56 66 72 64 44 89 57 48 23 27 88 10 
618-9-11 1?1.458 = 9 40 20 81 56 90 66 72 89 57 48 23 27 69 26 11 
618-9-12 1?1.62 = 9 40 20 81 56 66 72 64 44 89 37 58 49 39 12 
618-10-12 1?1.542 = 10 88 27 69 26 23 48 57 66 72 89 37 58 39 12 
618-10-13 1?1.746 = 10 88 27 69 26 23 48 57 66 72 89 37 31 71 19 21 43 13 
618-10-15 1?2.219 = 10 88 27 69 26 23 48 57 89 44 32 62 41 67 59 99 30 98 15 
618-9-13 1?1.828 = 9 40 20 81 56 90 66 72 64 44 89 37 31 71 19 51 21 43 13 
618-10-14 1?1.966 = 10 88 27 69 26 23 48 57 66 72 89 37 31 71 19 51 21 54 14 
618-9-15 1?2.432 = 9 40 20 81 56 66 72 64 44 32 62 41 67 59 99 30 73 85 38 61 15 
618-9-14 1?2.229 = 9 40 20 92 81 56 90 66 72 64 44 89 37 31 71 19 51 21 54 14 
618-11-13 1?1.567 = 11 26 69 27 88 23 48 57 37 31 71 19 51 21 43 13 
618-12-15 1?2.123 = 12 39 49 58 31 71 19 51 21 43 54 38 85 98 61 15 
618-12-13 1?1.848 = 12 39 49 58 37 89 64 44 32 31 71 19 51 21 43 13 
618-13-15 1?2.067 = 13 43 54 38 85 73 30 59 99 87 96 91 60 98 61 15 
618-14-15 1?1.927 = 14 54 38 85 73 30 99 59 87 96 91 60 42 98 61 15 
618-11-12 1?1.573 = 11 26 69 27 88 23 48 57 66 72 89 37 58 39 12 
618-12-14 1?2.043 = 12 39 49 58 37 89 44 32 31 71 19 51 21 43 54 14 
618-13-14 1?2.065 = 13 43 21 51 19 47 86 67 59 99 87 30 73 85 38 54 14 
618-11-15 1?2.185 = 11 26 69 27 88 23 48 57 66 72 89 37 31 47 73 85 61 15 
618-11-14 1?1.941 = 11 26 69 27 23 48 57 66 72 89 37 31 71 19 51 21 54 14 
stop
