start
720-0-3 1?2.033 = 0 91 76 40 45 84 38 79 26 21 34 41 89 80 85 3 
720-0-2 1?2.183 = 0 91 76 40 45 84 38 79 72 99 26 21 34 41 25 16 2 
720-0-1 1?2.095 = 0 69 22 24 43 59 56 79 38 84 45 40 76 91 1 
720-0-4 1?2.603 = 0 91 76 40 45 84 38 79 56 72 99 26 21 34 41 89 85 80 94 4 
720-0-6 1?2.663 = 0 91 76 40 45 84 38 79 56 72 42 51 50 75 47 92 46 61 33 6 
720-0-5 1?2.616 = 0 91 76 40 69 22 84 38 79 56 72 99 44 49 93 95 67 82 5 
720-0-10 1?2.623 = 0 91 76 40 45 84 38 79 56 43 59 60 81 48 98 87 35 88 86 10 
720-0-11 1?2.464 = 0 91 76 40 69 84 38 79 56 43 59 60 81 48 98 73 71 37 52 11 
720-0-7 1?2.537 = 0 91 76 40 69 84 38 79 56 72 42 51 50 75 47 92 46 61 70 7 
720-0-8 1?2.698 = 0 91 76 40 45 84 38 79 56 72 42 51 50 75 47 92 74 46 64 55 8 
720-0-9 1?2.727 = 0 91 76 69 22 24 20 65 54 36 27 48 81 87 35 88 86 32 9 
720-0-12 1?2.081 = 0 69 22 24 43 59 60 81 48 98 73 71 96 31 83 62 12 
720-1-2 1?2.178 = 1 91 76 40 45 84 38 79 26 99 21 30 34 41 25 16 2 
720-1-3 1?2.021 = 1 91 76 40 45 84 38 79 26 21 34 41 89 80 85 3 
720-0-15 1?1.964 = 0 91 76 40 45 84 38 79 56 43 24 22 19 39 15 
720-0-14 1?2.224 = 0 91 76 40 45 84 38 79 56 59 43 24 20 65 54 14 
720-0-13 1?2.051 = 0 91 76 40 45 84 38 79 56 43 59 65 54 36 77 13 
720-1-5 1?2.522 = 1 91 76 40 69 45 84 38 79 56 72 99 44 49 93 95 67 82 5 
720-1-6 1?2.651 = 1 91 76 40 45 84 38 79 56 72 42 51 50 75 47 92 46 61 33 6 
720-1-4 1?2.504 = 1 91 76 40 45 84 38 79 56 72 99 26 21 34 41 89 80 94 4 
720-1-7 1?2.525 = 1 91 76 40 69 84 38 79 56 72 42 51 50 75 47 92 46 61 70 7 
720-1-8 1?2.596 = 1 91 76 40 45 84 38 79 56 72 42 51 29 53 74 46 92 47 64 55 8 
720-1-14 1?2.208 = 1 91 76 40 69 45 84 38 79 72 56 43 59 65 54 14 
720-2-5 1?2.309 = 2 16 25 89 85 80 30 34 41 21 68 49 93 95 67 82 5 
720-2-3 1?2.184 = 2 16 90 97 40 69 45 84 38 79 26 21 30 80 85 3 
720-1-13 1?2.349 = 1 91 76 40 45 84 38 79 72 56 59 43 24 20 65 54 36 77 13 
720-2-4 1?2.397 = 2 16 90 97 40 45 84 38 79 56 72 99 26 21 30 94 4 
720-1-11 1?2.494 = 1 91 76 40 45 84 38 79 56 43 59 18 57 60 81 48 98 73 37 52 11 
720-1-12 1?2.395 = 1 91 76 40 45 84 38 79 56 43 59 18 57 60 81 48 98 96 31 12 
720-2-6 1?2.744 = 2 16 90 97 40 69 22 84 38 79 56 72 42 44 49 93 95 67 6 
720-1-10 1?2.558 = 1 91 76 40 69 22 24 43 59 60 81 48 98 87 17 35 88 86 10 
720-1-15 1?1.952 = 1 91 76 40 45 84 38 79 56 43 24 22 19 39 15 
720-1-9 1?2.67 = 1 91 76 40 45 84 38 79 56 43 59 60 81 87 35 88 86 32 9 
720-2-14 1?2.268 = 2 16 90 97 40 45 84 38 79 56 43 59 20 65 54 14 
720-3-5 1?2.238 = 3 85 80 89 25 41 34 30 21 68 49 28 93 95 67 82 5 
720-2-13 1?2.485 = 2 16 90 97 76 40 69 45 84 38 79 56 43 59 65 54 36 77 13 
720-3-4 1?2.299 = 3 85 80 89 25 16 90 97 76 40 66 41 34 30 94 4 
720-2-11 1?2.582 = 2 16 90 97 40 45 84 38 79 72 56 43 59 60 81 48 98 73 37 52 11 
720-2-12 1?2.489 = 2 16 90 97 40 45 84 38 79 56 43 59 60 81 48 98 73 71 96 31 12 
720-2-15 1?1.999 = 2 16 25 41 34 21 26 79 38 84 45 69 22 19 39 15 
720-2-10 1?2.685 = 2 16 90 97 40 45 84 38 79 56 43 59 60 81 87 35 88 86 10 
720-2-7 1?2.57 = 2 16 90 97 40 45 84 38 79 56 72 42 51 29 53 74 46 61 70 7 
720-2-8 1?2.641 = 2 16 25 41 34 21 68 49 44 42 51 29 53 74 61 46 92 47 64 55 8 
720-2-9 1?2.76 = 2 16 90 97 40 45 84 38 79 56 43 59 18 57 35 88 86 32 9 
720-3-6 1?2.22 = 3 85 80 89 41 34 21 68 49 28 53 74 92 46 61 33 6 
720-4-5 1?2.406 = 4 94 80 85 89 41 34 30 21 68 49 28 93 95 67 82 5 
720-3-13 1?2.423 = 3 85 80 89 41 34 30 21 26 99 72 56 43 59 20 65 54 36 77 13 
720-3-14 1?2.454 = 3 85 80 89 41 34 21 26 99 72 56 79 38 84 24 20 65 54 14 
720-3-11 1?2.572 = 3 85 80 89 41 34 21 26 99 72 56 18 57 60 81 48 98 73 71 37 52 11 
720-3-12 1?2.488 = 3 85 80 89 41 34 21 26 99 72 56 18 57 60 81 48 98 73 71 96 31 12 
720-3-7 1?2.292 = 3 85 80 89 41 34 21 68 49 28 53 74 92 47 46 61 33 70 7 
720-3-10 1?2.646 = 3 85 80 89 41 34 21 26 72 56 43 59 60 81 87 35 88 86 10 
720-3-15 1?2.212 = 3 85 80 89 41 34 21 26 99 72 56 59 43 24 22 19 39 15 
720-3-8 1?2.43 = 3 85 80 89 41 34 21 68 49 28 53 74 61 46 92 47 75 64 55 8 
720-3-9 1?2.593 = 3 85 80 89 41 34 21 68 49 28 53 74 61 46 92 47 75 64 55 9 
720-4-6 1?2.438 = 4 94 80 89 41 34 21 68 49 28 53 74 92 46 61 33 6 
720-5-6 1?2.344 = 5 82 67 95 93 28 53 74 92 46 47 75 64 61 70 33 6 
720-4-7 1?2.237 = 4 94 80 89 41 34 21 68 49 28 53 74 92 46 61 70 7 
720-4-13 1?2.62 = 4 94 80 85 89 41 34 21 26 99 72 56 43 59 20 65 54 36 77 13 
720-4-11 1?2.694 = 4 94 30 21 26 99 72 56 43 59 18 57 60 81 48 98 73 71 37 52 11 
720-4-10 1?2.654 = 4 94 30 34 41 21 26 99 72 56 43 59 18 57 35 88 86 10 
720-4-14 1?2.759 = 4 94 80 85 89 41 34 21 26 99 72 56 79 38 84 24 20 65 54 14 
720-4-12 1?2.61 = 4 94 30 21 26 99 72 56 43 59 18 57 60 81 48 98 73 71 96 31 12 
720-4-8 1?2.605 = 4 94 80 85 89 41 34 21 68 49 28 53 74 61 46 92 47 64 55 8 
720-4-9 1?2.728 = 4 94 80 85 89 41 34 21 68 49 28 74 61 46 92 47 64 55 9 
720-4-15 1?2.516 = 4 94 80 85 89 41 34 21 26 72 56 79 38 84 24 22 19 39 15 
720-5-7 1?2.392 = 5 82 63 68 49 44 42 51 29 28 53 74 92 46 61 70 7 
720-6-7 1?2.579 = 6 67 95 93 49 44 42 51 18 57 58 75 92 46 61 7 
720-6-8 1?2.53 = 6 33 61 46 92 74 53 29 44 42 51 50 75 47 64 55 8 
720-5-13 1?2.662 = 5 82 67 95 93 49 44 42 72 56 79 38 43 59 20 65 54 36 77 13 
720-5-8 1?2.486 = 5 82 67 95 28 53 75 47 92 74 46 61 33 70 7 64 55 8 
720-5-11 1?2.684 = 5 82 67 95 93 49 44 42 51 18 57 60 81 48 98 31 96 71 73 37 52 11 
720-5-10 1?2.561 = 5 82 67 95 28 53 74 61 46 92 47 75 50 58 35 88 86 10 
720-5-14 1?2.706 = 5 82 67 95 93 49 44 42 72 56 79 38 84 22 24 20 65 54 14 
720-5-12 1?2.595 = 5 82 67 95 93 49 44 42 51 18 57 60 81 48 98 73 71 96 31 83 62 12 
720-5-9 1?2.702 = 5 82 67 95 28 74 61 46 92 47 75 50 58 35 88 86 32 9 
720-5-15 1?2.632 = 5 82 67 95 93 49 44 99 26 72 56 79 38 84 24 22 69 19 39 15 
720-7-10 1?2.019 = 7 70 61 46 74 92 47 75 50 58 35 88 86 78 10 
720-7-8 1?2.329 = 7 70 61 46 92 74 53 29 44 42 51 50 75 47 64 55 8 
720-6-10 1?2.542 = 6 33 70 61 46 74 92 47 75 50 58 35 87 17 88 86 78 10 
720-7-11 1?2.355 = 7 70 61 46 74 92 47 75 50 58 35 17 87 81 48 98 73 71 37 52 11 
720-7-9 1?2.127 = 7 70 33 61 46 74 92 47 75 50 58 35 88 86 32 9 
720-6-9 1?2.276 = 6 33 70 61 46 74 92 47 75 50 58 35 88 86 32 9 
720-6-13 1?2.621 = 6 33 61 46 74 92 47 75 50 58 35 87 17 73 98 81 48 27 36 77 13 
720-6-11 1?2.595 = 6 33 61 46 74 92 47 75 50 58 35 87 81 48 98 96 71 73 37 52 11 
720-6-14 1?2.712 = 6 33 61 46 74 92 47 75 50 51 42 72 56 43 59 20 65 54 14 
720-6-12 1?2.472 = 6 33 61 46 74 92 47 75 50 58 35 17 87 81 48 98 73 71 96 31 12 
720-6-15 1?2.652 = 6 33 61 46 74 92 47 75 50 51 42 72 56 59 43 24 22 19 39 15 
720-8-11 1?2.088 = 8 64 46 74 92 47 75 50 58 35 88 86 78 52 11 
720-8-10 1?2.174 = 8 55 64 46 61 74 92 47 75 50 58 88 86 78 10 
720-8-12 1?2.09 = 8 55 64 47 75 50 58 35 87 81 48 98 73 71 96 31 12 
720-8-13 1?2.414 = 8 55 64 46 74 92 47 75 50 58 35 17 87 81 48 27 36 77 13 
720-8-9 1?2.259 = 8 55 64 46 61 74 92 47 75 50 58 35 88 86 32 9 
720-7-13 1?2.479 = 7 70 61 46 92 47 75 50 51 42 72 56 43 59 20 65 54 36 77 13 
720-7-14 1?2.511 = 7 70 61 46 74 92 47 75 50 51 42 72 56 43 59 20 65 54 14 
720-7-12 1?2.24 = 7 70 61 46 74 92 47 75 50 58 57 60 81 48 98 73 71 96 31 12 
720-8-14 1?2.582 = 8 55 64 47 92 46 74 53 29 51 42 72 56 43 59 20 65 54 14 
720-8-15 1?2.507 = 8 55 64 47 92 74 53 29 51 42 72 56 79 38 84 24 22 19 39 15 
720-7-15 1?2.451 = 7 70 61 46 74 92 47 75 50 51 42 72 56 59 43 24 22 19 39 15 
720-10-11 1?1.865 = 10 86 88 35 17 87 81 48 98 31 96 71 73 37 78 52 11 
720-9-11 1?1.991 = 9 32 86 88 17 87 81 48 98 31 96 71 73 37 78 52 11 
720-9-10 1?2.082 = 9 32 86 88 35 17 87 81 48 98 31 96 71 73 37 78 10 
720-10-12 1?1.791 = 10 78 86 88 35 17 87 81 48 98 73 71 96 31 83 62 12 
720-9-12 1?1.932 = 9 32 86 88 17 87 60 81 48 98 73 71 96 31 83 62 12 
720-10-13 1?2.148 = 10 78 86 88 35 87 17 37 73 71 96 31 98 81 48 27 36 77 13 
720-9-13 1?2.221 = 9 32 86 88 35 17 87 81 48 98 73 71 96 31 62 83 27 36 77 13 
720-10-14 1?2.411 = 10 86 88 35 87 17 73 71 96 31 98 81 48 27 36 54 65 20 14 
720-9-14 1?2.606 = 9 32 86 88 35 17 87 81 48 98 73 71 96 31 27 36 54 65 20 14 
720-10-15 1?2.384 = 10 86 88 17 87 98 48 81 60 57 18 59 43 24 22 19 39 15 
720-9-15 1?2.509 = 9 32 86 88 35 17 87 98 81 48 27 36 54 65 20 23 39 19 15 
720-11-13 1?1.757 = 11 52 78 86 88 35 87 17 73 98 81 48 27 36 77 13 
720-12-13 1?1.993 = 12 31 96 71 37 17 35 87 73 98 48 81 60 27 36 77 13 
720-11-12 1?1.651 = 11 52 78 86 88 35 87 81 48 98 73 71 96 31 62 12 
720-13-14 1?2.075 = 13 77 83 62 31 96 71 73 98 81 48 27 36 54 65 20 14 
720-12-14 1?1.988 = 12 31 96 71 73 17 87 98 81 48 27 36 54 65 20 14 
720-13-15 1?1.885 = 13 77 36 54 65 20 59 43 84 45 69 22 19 39 15 
720-11-14 1?2.161 = 11 52 78 86 88 35 17 87 73 71 98 81 48 27 36 54 14 
720-14-15 1?1.951 = 14 54 65 20 59 43 56 79 38 84 22 19 39 15 
720-12-15 1?1.851 = 12 31 96 71 73 98 48 81 60 59 43 24 22 19 39 15 
720-11-15 1?2.198 = 11 52 37 17 87 98 48 81 60 57 18 59 43 24 22 19 39 15 
stop
