start
959-0-3 1?2.123 = 0 72 84 48 68 83 54 38 32 85 41 97 80 82 36 3 
959-0-1 1?2.052 = 0 98 16 52 79 64 69 93 77 55 51 62 17 84 66 1 
959-0-4 1?2.307 = 0 72 51 62 17 55 81 88 42 70 32 38 54 41 85 97 82 80 4 
959-0-5 1?2.445 = 0 72 51 62 17 55 81 88 42 70 32 38 54 41 85 97 82 80 76 5 
959-0-8 1?2.429 = 0 72 84 48 83 54 38 32 70 88 42 56 19 24 34 71 78 94 8 
959-0-9 1?2.352 = 0 72 84 48 68 83 54 38 32 70 88 56 19 24 34 71 40 86 35 9 
959-0-11 1?2.389 = 0 72 84 48 68 83 54 38 32 70 88 56 19 43 53 58 73 20 11 
959-0-10 1?2.426 = 0 72 51 77 93 65 44 99 33 53 92 34 71 40 86 25 21 45 49 10 
959-0-2 1?2.012 = 0 98 16 52 79 64 69 51 62 17 84 48 46 90 28 2 
959-0-6 1?2.418 = 0 72 84 48 83 68 41 85 54 38 32 70 88 42 74 75 95 89 63 47 6 
959-0-7 1?2.449 = 0 72 84 48 83 68 41 85 54 38 32 70 42 74 75 95 89 23 22 7 
959-1-4 1?1.949 = 1 66 84 48 68 83 54 38 32 85 41 97 36 82 80 4 
959-1-2 1?2.153 = 1 66 84 48 68 83 54 38 85 41 67 59 46 90 28 2 
959-1-3 1?2.035 = 1 66 84 48 68 83 54 38 32 85 41 97 80 82 36 3 
959-0-15 1?1.862 = 0 72 51 62 17 55 65 77 93 69 64 96 79 52 16 15 
959-1-5 1?2.292 = 1 66 84 48 68 83 54 38 70 42 32 85 41 97 82 80 76 5 
959-1-6 1?2.237 = 1 66 84 48 68 83 54 38 32 70 42 74 75 95 89 23 63 47 6 
959-0-14 1?2.352 = 0 98 16 52 79 64 69 51 62 17 55 77 93 65 29 61 26 14 
959-1-7 1?2.237 = 1 66 84 48 68 83 54 38 32 70 88 42 74 75 95 89 23 22 7 
959-1-8 1?2.366 = 1 66 84 48 68 83 54 38 32 70 88 42 56 19 24 34 71 78 94 8 
959-0-12 1?2.452 = 0 72 84 48 83 54 38 32 70 88 42 56 19 43 53 58 73 20 12 
959-0-13 1?2.481 = 0 72 84 48 68 83 54 38 32 70 88 56 19 43 33 44 99 30 37 13 
959-2-4 1?1.928 = 2 28 90 46 68 83 54 38 32 85 41 97 36 82 80 4 
959-2-5 1?1.991 = 2 28 90 46 68 83 54 38 85 41 97 36 82 80 76 5 
959-2-3 1?2.014 = 2 28 90 46 68 83 54 38 32 85 41 97 80 82 36 3 
959-2-6 1?2.156 = 2 28 90 46 68 83 54 38 32 70 88 42 74 75 95 89 63 47 6 
959-1-15 1?1.853 = 1 66 72 51 62 17 55 77 93 69 64 96 79 52 16 15 
959-1-10 1?2.35 = 1 66 84 48 68 54 38 32 42 74 24 34 71 40 86 21 25 45 49 10 
959-1-11 1?2.327 = 1 66 84 48 68 83 54 38 32 70 42 56 19 43 53 58 73 20 11 
959-1-9 1?2.305 = 1 66 84 48 83 54 38 32 70 88 56 19 24 34 71 40 86 21 25 35 9 
959-1-14 1?2.279 = 1 28 90 46 68 83 48 84 17 62 51 16 52 79 69 64 96 14 
959-1-13 1?2.368 = 1 66 84 48 83 54 38 32 70 88 56 19 43 33 44 99 30 37 13 
959-1-12 1?2.389 = 1 66 84 48 68 83 54 38 32 70 88 42 56 19 43 53 58 73 20 12 
959-3-5 1?2.198 = 3 67 41 85 54 38 32 70 42 74 75 95 89 63 18 5 
959-3-4 1?2.23 = 3 67 41 85 54 38 32 70 88 42 74 75 95 89 80 4 
959-2-8 1?2.27 = 2 28 90 46 68 83 54 38 32 42 56 19 24 34 71 78 87 8 
959-2-15 1?1.786 = 2 28 90 46 48 84 17 55 77 93 69 64 79 52 16 15 
959-2-7 1?2.187 = 2 28 90 46 68 83 54 38 32 70 42 74 75 95 89 23 22 7 
959-2-10 1?2.348 = 2 50 59 41 85 38 32 70 88 56 19 24 34 71 40 86 21 25 45 49 10 
959-2-9 1?2.29 = 2 28 90 46 68 83 54 38 32 70 88 56 19 24 27 34 71 40 86 35 9 
959-2-11 1?2.423 = 2 50 59 67 97 85 41 54 38 32 70 88 42 56 19 43 53 58 73 20 11 
959-2-14 1?2.403 = 2 28 90 46 68 83 48 84 17 62 55 77 93 51 52 79 69 64 96 14 
959-2-13 1?2.372 = 2 28 90 46 68 83 54 38 32 70 88 56 19 43 33 44 99 30 37 13 
959-2-12 1?2.444 = 2 28 90 46 68 83 54 38 32 42 88 56 19 43 33 53 58 73 20 12 
959-4-5 1?2.144 = 4 80 82 36 97 85 41 54 38 32 75 95 89 63 18 5 
959-3-6 1?2.007 = 3 67 41 85 54 38 32 70 88 42 75 95 89 63 47 6 
959-3-8 1?2.161 = 3 67 41 85 54 38 32 70 88 56 19 24 34 71 78 94 8 
959-3-7 1?2.14 = 3 36 82 97 85 41 54 38 32 42 74 75 95 89 23 22 7 
959-3-9 1?2.18 = 3 67 41 85 54 38 32 70 88 56 19 24 34 71 40 86 21 25 35 9 
959-3-10 1?2.267 = 3 67 41 85 54 38 32 70 88 56 19 24 34 71 40 86 21 25 45 49 10 
959-3-15 1?2.319 = 3 36 82 80 97 85 41 54 38 32 70 81 55 77 93 69 79 52 16 15 
959-3-13 1?2.351 = 3 36 82 80 97 85 41 54 38 32 70 88 56 43 33 44 99 30 37 13 
959-3-14 1?2.446 = 3 67 41 85 54 38 32 42 88 56 19 43 33 44 99 30 37 61 26 14 
959-3-11 1?2.428 = 3 36 82 80 85 41 54 38 32 70 88 42 56 19 43 33 53 58 73 20 11 
959-3-12 1?2.461 = 3 36 82 80 85 41 54 38 32 70 88 42 56 19 43 33 53 58 73 20 12 
959-4-6 1?1.944 = 4 80 82 36 97 85 41 54 38 32 75 95 89 63 47 6 
959-5-6 1?2.039 = 5 76 80 82 97 85 41 54 38 32 75 95 89 63 47 6 
959-4-8 1?2.122 = 4 80 82 97 85 41 54 38 32 42 74 24 34 71 78 87 8 
959-4-7 1?2.028 = 4 80 82 97 85 41 54 38 32 70 42 75 95 89 63 91 7 
959-4-9 1?2.11 = 4 80 82 97 85 41 54 38 32 70 42 56 19 24 34 71 40 35 9 
959-4-10 1?2.224 = 4 80 82 97 41 54 38 32 42 74 24 34 71 40 86 21 25 45 49 10 
959-4-15 1?2.271 = 4 80 82 97 85 41 54 38 32 70 81 55 77 93 69 64 79 52 16 15 
959-4-13 1?2.251 = 4 80 82 97 85 41 54 38 32 42 56 19 43 33 44 99 30 37 13 
959-4-11 1?2.261 = 4 80 82 36 97 85 41 54 38 32 70 88 42 56 19 43 53 58 73 20 11 
959-4-14 1?2.355 = 4 80 82 97 85 41 54 38 32 42 88 56 19 43 33 44 99 29 96 14 
959-4-12 1?2.294 = 4 80 82 36 97 85 41 54 38 32 70 88 42 56 19 43 53 58 73 20 12 
959-5-8 1?1.989 = 5 18 63 23 31 27 34 71 40 86 21 25 35 87 8 
959-6-8 1?1.772 = 6 47 91 22 94 78 40 71 86 21 25 45 35 87 8 
959-5-7 1?2.059 = 5 76 80 82 97 85 41 54 38 32 95 89 23 22 7 
959-6-7 1?2.022 = 6 47 91 63 23 31 27 34 71 86 40 78 94 22 7 
959-5-9 1?2.038 = 5 18 47 91 22 94 78 27 34 71 40 86 21 25 45 35 9 
959-5-10 1?2.336 = 5 76 80 82 97 85 41 54 38 32 70 88 56 19 92 57 21 25 45 49 10 
959-5-15 1?2.328 = 5 76 80 82 97 85 41 54 38 32 70 81 55 77 93 69 79 52 16 15 
959-5-11 1?2.327 = 5 76 80 82 97 85 41 54 38 32 70 42 56 19 43 53 58 73 20 11 
959-5-13 1?2.36 = 5 76 80 82 97 85 41 54 38 32 70 88 56 43 33 44 99 30 37 13 
959-5-12 1?2.36 = 5 76 80 82 97 85 41 54 38 32 70 42 56 19 43 53 58 73 20 12 
959-5-14 1?2.462 = 5 76 80 82 97 85 41 54 38 32 70 88 56 19 43 33 44 99 29 96 14 
959-7-9 1?1.75 = 7 22 94 78 40 86 71 27 34 57 21 45 35 9 
959-6-9 1?1.661 = 6 47 63 23 31 27 34 71 78 40 86 21 25 35 9 
959-7-8 1?1.752 = 7 22 94 27 34 71 40 86 21 25 45 35 78 87 8 
959-7-10 1?1.802 = 7 22 94 78 40 86 71 27 34 57 21 25 45 49 10 
959-7-11 1?1.958 = 7 22 94 78 71 40 86 21 25 45 57 60 58 73 20 11 
959-6-10 1?2.393 = 6 47 63 89 95 75 42 88 56 19 24 27 34 71 78 40 86 25 45 49 10 
959-6-14 1?2.486 = 6 47 63 89 95 75 74 42 88 70 32 38 54 81 55 77 93 69 64 96 14 
959-6-12 1?2.406 = 6 47 91 22 94 78 27 34 71 40 86 21 45 57 60 58 73 20 12 
959-6-11 1?2.497 = 6 47 91 22 94 78 35 45 25 21 86 40 71 34 57 60 58 73 20 11 
959-6-13 1?2.591 = 6 18 80 82 97 85 41 54 38 32 70 88 56 19 43 33 44 99 30 37 13 
959-6-15 1?2.51 = 6 47 63 89 95 75 42 88 70 32 38 54 85 41 68 83 17 62 51 16 15 
959-8-9 1?1.675 = 8 87 78 27 34 71 40 86 25 21 57 60 45 35 9 
959-8-10 1?1.594 = 8 87 94 78 40 86 71 27 34 57 21 25 45 49 10 
959-8-11 1?1.81 = 8 87 78 27 34 71 40 86 25 21 57 60 58 73 20 11 
959-7-13 1?2.409 = 7 22 94 78 27 34 71 40 86 21 45 57 60 58 73 20 39 13 
959-8-15 1?2.314 = 8 87 78 40 86 21 25 45 57 60 53 33 44 99 29 64 79 52 16 15 
959-8-14 1?2.281 = 8 94 78 71 40 86 25 21 57 60 53 33 44 99 30 37 61 26 14 
959-7-14 1?2.484 = 7 22 94 78 71 40 86 21 25 45 57 60 53 33 44 99 29 96 14 
959-8-12 1?2.294 = 8 87 94 78 27 34 71 40 86 21 25 45 57 60 92 53 58 73 20 12 
959-7-15 1?2.484 = 7 22 23 89 95 75 74 42 88 70 32 38 81 55 77 93 69 79 52 16 15 
959-7-12 1?2.502 = 7 22 94 78 27 34 71 40 86 21 25 45 57 60 92 53 58 73 20 12 
959-8-13 1?2.315 = 8 87 94 78 71 40 86 21 25 45 57 60 53 43 33 44 99 30 37 13 
959-9-10 1?1.645 = 9 35 25 21 86 40 71 78 94 27 34 57 60 49 10 
959-10-11 1?1.699 = 10 49 45 25 21 86 40 71 27 34 57 60 58 73 20 11 
959-9-11 1?1.692 = 9 35 45 25 21 86 40 78 71 34 57 60 58 73 20 11 
959-10-12 1?1.732 = 10 49 45 25 21 86 40 71 27 34 57 60 58 73 20 12 
959-9-12 1?1.683 = 9 35 45 25 21 86 40 71 27 34 57 60 58 73 20 12 
959-10-13 1?1.979 = 10 49 45 25 21 86 40 71 27 34 57 60 58 73 20 39 13 
959-9-13 1?1.93 = 9 35 45 25 21 86 40 71 27 34 57 60 58 73 20 39 13 
959-10-14 1?2.155 = 10 49 45 25 21 86 40 71 27 34 92 53 33 44 99 29 96 14 
959-10-15 1?2.186 = 10 49 45 25 21 86 57 60 53 33 44 99 29 64 79 52 16 15 
959-9-14 1?2.101 = 9 35 25 21 86 40 71 34 92 53 33 44 99 30 37 61 26 14 
959-9-15 1?2.139 = 9 35 45 25 21 57 60 53 33 99 44 65 77 93 69 79 52 16 15 
959-11-14 1?2.281 = 11 20 73 58 53 43 33 44 65 55 77 93 69 64 96 14 
959-12-14 1?2.207 = 12 39 37 29 65 93 77 55 17 62 51 52 79 64 96 14 
959-13-14 1?2.146 = 13 26 61 29 65 55 17 62 51 16 52 79 69 64 96 14 
959-14-15 1?1.831 = 14 96 64 69 93 77 65 55 17 62 51 98 16 52 79 15 
959-11-12 1?2.056 = 11 49 45 25 21 86 40 71 27 34 57 60 58 73 20 12 
959-11-13 1?2.233 = 11 49 45 25 21 86 40 71 34 57 60 58 73 20 39 13 
959-12-13 1?2.422 = 12 20 73 58 53 43 33 99 44 65 93 69 64 96 26 13 
959-12-15 1?2.214 = 12 20 73 58 53 33 44 99 30 37 61 96 64 69 79 52 16 15 
959-13-15 1?2.464 = 13 26 96 64 69 93 77 55 17 83 68 48 84 62 51 16 15 
959-11-15 1?2.279 = 11 20 73 58 53 33 44 99 30 37 61 26 96 64 69 79 52 16 15 
stop
