start
442-0-3 1?2.017 = 0 86 59 64 84 62 99 74 94 27 73 98 17 79 3 
442-0-4 1?2.495 = 0 86 59 64 84 62 99 70 16 74 94 27 73 17 98 48 4 
442-0-1 1?2.321 = 0 86 84 62 99 74 94 27 73 17 41 19 44 77 1 
442-0-5 1?2.636 = 0 86 59 64 84 62 96 99 70 16 18 29 69 54 26 88 5 
442-0-2 1?2.017 = 0 86 84 62 99 74 94 27 73 17 79 41 44 19 2 
442-0-7 1?2.693 = 0 86 84 62 96 25 67 49 95 81 45 33 92 61 71 47 75 31 66 36 76 7 
442-0-8 1?2.742 = 0 86 59 64 84 62 96 25 67 49 95 81 45 33 92 61 75 31 66 36 38 8 
442-0-9 1?2.592 = 0 86 59 64 84 62 96 25 87 67 49 95 81 45 33 92 61 71 55 9 
442-0-11 1?2.356 = 0 86 59 64 84 62 96 65 50 91 30 43 85 52 58 51 56 42 11 
442-0-6 1?2.605 = 0 86 59 64 84 62 99 70 16 18 29 54 69 26 32 93 60 23 6 
442-0-10 1?2.69 = 0 86 59 64 84 62 96 65 50 91 30 43 85 58 51 56 82 20 80 10 
442-0-13 1?1.767 = 0 86 59 64 84 62 99 25 96 65 50 91 30 43 13 
442-0-15 1?2.103 = 0 86 84 62 96 25 87 37 52 85 43 30 91 50 21 15 
442-0-14 1?1.92 = 0 86 59 64 84 62 96 25 87 37 52 85 43 30 14 
442-1-2 1?2.357 = 1 39 0 86 84 62 99 74 94 27 73 17 41 44 19 2 
442-1-4 1?2.333 = 1 39 77 44 19 41 79 17 98 48 90 29 69 26 88 4 
442-1-3 1?2.388 = 1 77 44 19 41 79 17 73 27 68 29 69 90 48 98 3 
442-1-7 1?2.56 = 1 77 44 19 41 17 98 48 90 29 69 54 57 72 75 31 66 36 76 7 
442-1-8 1?2.648 = 1 77 44 19 41 79 17 98 48 90 29 69 54 57 72 75 31 66 36 38 8 
442-1-5 1?2.615 = 1 77 44 19 41 79 17 98 48 73 27 90 29 69 54 26 88 5 
442-0-12 1?2.304 = 0 86 59 64 84 28 99 62 96 21 65 50 91 30 43 85 58 51 12 
442-1-6 1?2.54 = 1 77 44 19 41 79 17 98 48 73 27 68 29 69 26 32 93 60 23 6 
442-1-14 1?2.079 = 1 39 89 28 62 96 25 87 37 52 85 43 30 91 50 14 
442-1-15 1?2.337 = 1 39 89 28 62 96 25 87 37 52 85 30 91 50 21 15 
442-1-12 1?2.578 = 1 39 0 86 59 64 84 62 96 21 65 50 91 30 43 85 52 58 51 12 
442-1-13 1?2.745 = 1 77 44 19 79 17 98 48 73 94 74 99 62 96 65 50 91 30 13 
442-2-4 1?2.064 = 2 19 44 41 79 17 98 48 73 27 68 29 69 26 88 4 
442-2-5 1?2.034 = 2 19 44 41 79 17 98 48 73 27 68 29 69 26 88 5 
442-2-3 1?2.18 = 2 19 44 41 79 17 73 27 68 29 54 69 90 48 98 3 
442-1-9 1?2.716 = 1 77 44 19 41 79 17 73 27 68 18 22 83 45 33 92 61 71 55 9 
442-1-10 1?2.846 = 1 77 44 19 41 79 17 98 48 90 29 69 54 46 83 45 81 95 35 10 
442-1-11 1?2.651 = 1 39 77 89 28 62 96 65 50 91 30 43 85 58 51 82 20 80 56 42 11 
442-2-6 1?2.301 = 2 19 44 41 79 17 98 48 73 27 68 29 69 54 26 32 93 60 23 6 
442-2-15 1?2.035 = 2 19 44 41 79 17 73 27 94 74 99 62 84 64 15 
442-2-14 1?2.198 = 2 19 44 41 79 17 73 27 94 74 99 62 96 65 50 91 14 
442-2-12 1?2.519 = 2 19 44 73 94 74 99 62 96 65 50 91 30 43 85 58 51 12 
442-3-4 1?2.13 = 3 79 41 19 44 17 98 48 73 27 68 29 69 26 88 4 
442-2-13 1?2.323 = 2 19 44 41 79 17 73 27 94 74 99 62 96 65 50 91 30 43 13 
442-3-5 1?2.1 = 3 79 41 19 44 17 98 48 73 27 68 29 69 26 88 5 
442-2-7 1?2.256 = 2 19 44 41 79 17 98 48 90 29 69 54 57 72 75 31 66 36 76 7 
442-2-9 1?2.422 = 2 19 44 41 17 98 48 73 27 68 18 22 83 45 33 92 61 71 55 9 
442-2-8 1?2.391 = 2 19 44 41 79 17 73 48 90 29 69 54 57 72 75 31 66 36 38 8 
442-2-10 1?2.606 = 2 19 44 41 79 17 98 48 73 27 68 18 22 46 83 45 78 81 95 35 10 
442-2-11 1?2.531 = 2 19 44 41 79 17 73 27 94 74 16 97 49 34 82 20 80 56 42 11 
442-3-15 1?1.989 = 3 79 17 98 48 73 27 94 74 99 62 84 59 64 15 
442-3-14 1?2.488 = 3 79 41 19 44 17 73 27 94 74 16 70 99 62 96 65 50 91 14 
442-4-5 1?2.374 = 4 98 17 41 19 44 73 48 90 29 69 54 26 88 5 
442-3-12 1?2.559 = 3 79 17 98 73 27 94 74 99 62 96 65 50 91 30 43 85 58 51 12 
442-3-7 1?2.197 = 3 79 17 98 48 90 29 69 54 57 24 72 75 31 66 36 40 76 7 
442-3-13 1?2.521 = 3 79 41 19 44 17 98 48 73 27 94 74 99 62 96 65 50 91 30 43 13 
442-3-6 1?1.954 = 3 79 41 19 44 17 98 48 90 29 69 26 93 60 23 6 
442-3-8 1?2.427 = 3 79 41 19 44 17 73 27 68 18 22 46 24 72 75 31 66 36 38 8 
442-3-9 1?2.456 = 3 79 17 98 48 73 27 68 18 22 46 83 45 81 78 33 92 61 71 55 9 
442-3-10 1?2.575 = 3 79 17 98 48 73 27 68 18 22 46 83 81 45 33 92 61 71 55 10 
442-3-11 1?2.688 = 3 79 17 98 48 73 27 68 18 22 46 24 33 45 78 81 95 35 20 80 56 42 11 
442-4-15 1?2.586 = 4 48 98 17 41 19 44 73 27 94 74 99 62 84 86 59 64 15 
442-4-7 1?2.111 = 4 88 26 69 29 54 57 24 72 75 31 66 36 40 76 7 
442-4-14 1?2.712 = 4 48 98 17 41 19 44 73 27 94 74 70 99 62 96 65 50 91 14 
442-4-12 1?2.703 = 4 98 48 73 27 94 74 99 62 96 65 50 91 30 43 85 58 51 12 
442-4-13 1?2.729 = 4 48 98 17 41 19 44 73 27 94 74 99 62 96 65 50 91 30 43 13 
442-4-6 1?2.283 = 4 88 26 69 29 54 57 72 75 31 66 36 40 53 23 6 
442-5-6 1?2.253 = 5 88 26 69 29 54 57 72 75 31 66 36 40 53 23 6 
442-4-8 1?2.487 = 4 88 26 69 54 46 83 45 33 92 61 71 47 75 31 66 36 38 8 
442-4-9 1?2.652 = 4 48 98 17 73 27 68 18 22 46 83 45 81 78 33 92 61 71 55 9 
442-4-10 1?2.829 = 4 88 26 54 69 29 18 22 46 24 83 81 45 33 92 61 71 55 10 
442-4-11 1?2.75 = 4 88 26 54 57 72 75 47 61 92 33 45 78 81 95 35 20 80 56 42 11 
442-6-7 1?2.081 = 6 23 32 26 69 29 54 57 24 72 75 31 66 36 76 7 
442-5-7 1?2.253 = 5 32 60 93 26 69 54 57 72 75 63 66 36 40 53 76 7 
442-5-15 1?2.795 = 5 88 90 48 98 17 41 19 44 73 27 94 74 99 62 84 64 15 
442-6-8 1?2.001 = 6 23 32 60 93 53 40 36 66 31 75 72 92 61 47 38 8 
442-5-12 1?2.587 = 5 32 60 93 53 63 75 47 71 61 92 33 45 81 95 35 20 80 56 42 12 
442-5-14 1?2.859 = 5 88 90 48 98 17 73 27 94 74 16 70 99 62 96 65 50 91 14 
442-5-13 1?2.805 = 5 32 60 93 53 40 36 66 31 75 61 92 33 45 81 49 67 87 37 52 85 13 
442-5-8 1?2.457 = 5 88 26 69 54 46 83 45 33 92 61 71 47 75 31 66 36 38 8 
442-5-9 1?2.494 = 5 32 60 93 53 40 36 66 31 75 47 71 61 92 33 45 81 95 78 55 9 
442-5-10 1?2.601 = 5 32 60 93 53 40 36 66 63 31 75 47 71 61 92 33 45 78 81 95 35 10 
442-5-11 1?2.456 = 5 32 60 93 53 63 31 47 61 92 33 45 78 81 95 35 20 80 56 42 11 
442-6-9 1?1.98 = 6 23 32 60 93 53 40 36 66 31 75 72 92 61 71 55 9 
442-7-8 1?1.957 = 7 76 36 66 31 75 72 24 46 83 45 33 92 61 47 8 
442-7-9 1?1.849 = 7 76 36 66 31 75 47 71 61 92 33 45 81 95 78 55 9 
442-6-15 1?2.661 = 6 23 53 40 36 66 31 75 72 24 46 22 16 70 99 62 84 64 15 
442-6-12 1?2.397 = 6 23 53 40 36 66 31 47 71 61 92 33 45 81 95 35 20 80 56 42 12 
442-6-13 1?2.61 = 6 23 53 40 36 66 31 75 61 92 33 45 81 49 67 87 37 52 85 43 13 
442-6-14 1?2.665 = 6 23 53 63 75 61 92 33 45 81 49 67 87 37 52 85 43 30 91 50 14 
442-7-10 1?2.258 = 7 76 36 66 40 53 63 72 75 47 71 61 92 33 45 81 78 95 35 10 
442-7-11 1?2.014 = 7 76 36 66 31 75 47 61 92 33 45 78 81 95 35 20 80 56 42 11 
442-6-10 1?2.42 = 6 23 32 60 93 53 40 36 66 31 75 47 71 61 92 33 45 81 95 35 10 
442-6-11 1?2.239 = 6 23 53 40 36 66 31 75 61 92 33 45 81 95 35 20 80 56 42 11 
442-8-9 1?1.876 = 8 38 36 66 31 75 47 71 61 92 33 45 81 95 78 55 9 
442-8-10 1?1.86 = 8 38 36 66 31 75 47 71 61 92 33 45 78 81 95 35 10 
442-8-12 1?2.114 = 8 38 36 66 31 75 47 71 61 92 33 45 81 95 35 80 56 42 12 
442-8-11 1?1.812 = 8 38 47 71 61 92 33 45 78 81 95 35 20 80 56 42 11 
442-8-14 1?2.31 = 8 38 47 71 61 92 33 45 81 49 67 87 37 52 85 43 30 91 14 
442-7-12 1?2.183 = 7 76 36 66 31 75 47 71 61 92 33 45 78 81 95 35 20 80 56 42 12 
442-7-15 1?2.601 = 7 76 40 36 66 31 75 72 24 46 22 18 16 70 99 62 84 86 59 64 15 
442-8-13 1?2.315 = 8 38 36 66 31 47 71 61 92 33 45 81 95 49 67 87 37 52 85 13 
442-7-13 1?2.366 = 7 76 36 66 31 75 47 71 61 92 33 45 81 95 49 67 87 37 52 85 13 
442-8-15 1?2.651 = 8 38 47 61 92 33 45 81 95 49 67 87 37 52 85 43 30 91 50 65 21 15 
442-7-14 1?2.445 = 7 76 36 66 31 75 61 92 33 45 81 49 67 87 37 52 85 43 30 91 14 
442-9-12 1?1.884 = 9 55 71 61 92 33 45 78 81 95 34 82 20 80 56 42 12 
442-10-12 1?2.061 = 10 55 71 61 92 33 45 78 81 95 34 82 20 80 56 42 12 
442-9-10 1?2.187 = 9 55 71 61 92 33 45 78 81 95 34 82 20 80 56 42 11 10 
442-9-15 1?2.439 = 9 55 71 61 92 33 45 81 95 49 67 87 25 96 62 84 64 15 
442-10-15 1?2.547 = 10 80 20 82 51 58 85 43 30 91 50 65 96 62 84 86 59 64 15 
442-9-13 1?2.254 = 9 55 71 61 92 33 45 78 81 95 34 82 20 80 42 56 51 58 13 
442-9-14 1?2.194 = 9 71 61 92 33 45 81 49 67 87 37 52 85 43 30 91 50 14 
442-10-13 1?2.366 = 10 55 71 61 92 33 45 81 95 49 67 87 37 52 85 43 30 13 
442-9-11 1?1.797 = 9 55 71 61 92 33 45 78 81 95 34 82 20 80 56 42 11 
442-10-14 1?2.441 = 10 55 71 61 92 33 45 81 95 49 67 87 37 52 85 43 30 91 14 
442-10-11 1?1.974 = 10 55 71 61 92 33 45 78 81 95 34 82 20 80 56 42 11 
442-14-15 1?1.846 = 14 50 91 30 43 85 52 37 87 25 96 62 84 64 15 
442-13-15 1?1.759 = 13 43 30 91 50 65 96 25 99 62 84 86 59 64 15 
442-12-13 1?1.957 = 12 51 58 52 37 87 25 99 62 96 65 50 91 30 13 
442-11-13 1?1.901 = 11 42 56 80 20 82 34 87 37 52 51 58 85 30 43 13 
442-13-14 1?1.915 = 13 43 30 85 58 51 52 37 87 25 96 65 50 91 14 
442-11-12 1?2.062 = 11 42 56 20 82 34 49 97 67 87 37 52 85 58 51 12 
442-11-14 1?1.697 = 11 42 56 80 20 82 51 58 85 43 30 91 50 65 21 14 
442-12-14 1?1.784 = 12 42 56 80 20 82 51 58 85 43 30 91 50 65 21 14 
442-12-15 1?2.093 = 12 51 58 52 85 43 30 91 50 65 96 99 62 84 59 64 15 
442-11-15 1?2.347 = 11 42 56 51 58 85 43 30 91 50 65 21 96 62 84 86 59 64 15 
stop
