start
655-0-2 1?1.958 = 0 35 96 85 18 59 49 19 81 41 66 21 43 78 26 2 
655-0-3 1?2.019 = 0 35 96 85 82 19 81 41 66 21 78 43 48 70 71 73 94 3 
655-0-11 1?2.495 = 0 35 96 85 18 59 49 36 92 40 69 45 77 97 30 84 37 11 
655-0-10 1?2.467 = 0 35 96 85 18 59 49 24 36 89 92 40 69 45 77 95 30 84 10 
655-0-4 1?2.295 = 0 35 96 85 18 59 49 19 81 41 66 21 78 43 70 71 86 56 4 
655-0-1 1?1.991 = 0 35 96 85 82 19 81 41 66 21 43 78 50 32 80 1 
655-0-9 1?2.618 = 0 35 96 85 82 18 59 49 24 36 92 40 69 45 77 95 30 84 9 
655-0-8 1?2.7 = 0 35 96 85 82 18 59 49 24 36 92 40 69 45 77 95 72 20 44 8 
655-0-6 1?2.425 = 0 19 81 41 66 50 21 78 43 48 70 71 61 28 68 33 17 98 51 58 6 
655-0-5 1?2.361 = 0 19 81 41 66 50 21 78 43 48 70 71 61 28 68 33 17 98 5 
655-0-7 1?2.689 = 0 19 81 41 66 50 21 78 43 70 48 88 53 68 33 46 34 93 55 22 7 
655-1-3 1?1.49 = 1 80 47 81 41 66 50 21 78 43 48 70 71 73 94 3 
655-0-15 1?2.244 = 0 80 32 78 21 43 48 88 66 41 81 19 82 85 96 15 
655-0-13 1?2.545 = 0 35 96 85 18 59 49 24 36 89 92 40 69 39 67 65 64 13 
655-0-14 1?2.452 = 0 19 81 41 66 42 24 49 59 18 82 35 85 96 90 75 14 
655-0-12 1?2.677 = 0 35 96 85 18 59 49 24 36 89 92 40 69 45 77 97 63 12 
655-1-2 1?1.692 = 1 80 47 81 41 66 50 21 78 43 48 70 71 73 94 2 
655-1-4 1?1.972 = 1 80 47 81 41 66 42 88 48 70 43 21 50 78 26 73 74 56 4 
655-1-5 1?2.107 = 1 80 32 78 50 21 43 70 71 61 28 68 33 17 98 51 58 99 5 
655-1-6 1?2.192 = 1 80 47 81 41 66 50 21 78 43 70 48 88 53 68 33 17 98 51 58 6 
655-1-7 1?2.446 = 1 80 47 32 78 50 21 43 70 48 88 53 68 33 17 46 34 93 55 22 7 
655-1-8 1?2.55 = 1 80 32 78 50 21 43 70 48 88 53 68 33 46 34 93 55 79 38 57 44 8 
655-1-15 1?1.903 = 1 80 32 78 43 21 50 66 41 81 19 82 35 85 96 15 
655-2-3 1?1.601 = 2 26 78 43 21 50 81 41 66 88 48 70 71 73 94 3 
655-1-14 1?2.174 = 1 80 47 81 41 66 42 24 49 59 18 82 85 96 90 75 14 
655-1-13 1?2.499 = 1 80 47 81 19 49 59 18 82 35 85 96 90 75 27 67 65 64 13 
655-2-4 1?1.778 = 2 26 78 43 21 50 66 41 42 88 48 70 71 61 86 74 56 4 
655-1-11 1?2.454 = 1 80 47 81 41 66 42 24 36 92 40 69 45 77 95 30 84 37 11 
655-1-12 1?2.622 = 1 80 47 81 66 41 24 36 89 92 40 69 45 77 95 97 63 12 
655-2-6 1?1.946 = 2 26 78 50 21 43 48 70 71 86 61 28 68 33 17 98 51 99 58 6 
655-2-5 1?1.89 = 2 26 78 50 21 43 70 71 61 28 68 33 17 98 51 58 99 5 
655-1-9 1?2.613 = 1 80 47 81 66 41 24 36 89 92 40 69 45 77 97 95 30 72 16 9 
655-1-10 1?2.508 = 1 80 47 81 41 66 42 24 36 89 92 40 69 45 77 95 30 84 37 62 10 
655-2-15 1?1.824 = 2 26 78 50 21 43 70 48 88 66 41 81 19 82 85 96 15 
655-2-13 1?2.503 = 2 26 78 50 21 43 70 48 88 66 41 81 49 59 18 27 67 65 64 13 
655-3-4 1?1.655 = 3 94 73 26 78 50 21 43 48 88 70 71 86 61 28 56 4 
655-3-5 1?1.717 = 3 94 73 74 86 61 28 68 33 17 98 51 58 99 5 
655-2-11 1?2.419 = 2 26 78 21 50 66 41 24 36 92 40 69 45 77 95 30 84 37 11 
655-2-14 1?2.18 = 2 26 78 50 21 43 48 88 66 41 81 19 82 35 96 85 90 75 14 
655-2-12 1?2.569 = 2 26 78 50 21 43 48 88 66 41 42 24 36 89 92 40 69 45 63 12 
655-2-9 1?2.432 = 2 26 78 21 50 66 41 42 24 36 89 92 40 69 45 77 97 95 72 9 
655-2-7 1?2.238 = 2 26 78 50 21 43 70 71 86 61 28 68 33 17 46 34 93 55 79 22 7 
655-2-8 1?2.347 = 2 26 78 50 21 43 70 71 86 61 28 68 33 46 34 93 55 79 38 57 44 8 
655-2-10 1?2.406 = 2 26 78 43 21 50 66 41 42 24 36 89 92 40 69 45 77 95 30 84 10 
655-3-15 1?2.129 = 3 94 73 71 70 48 43 78 21 50 66 41 81 49 59 18 82 85 96 15 
655-4-5 1?1.928 = 4 56 86 71 70 48 88 53 68 33 17 98 51 58 99 5 
655-3-13 1?2.556 = 3 94 73 26 78 50 21 43 70 48 88 66 41 81 49 87 27 67 65 64 13 
655-3-6 1?1.805 = 3 94 26 78 21 43 70 71 86 61 28 68 33 17 98 51 58 6 
655-3-11 1?2.477 = 3 94 26 78 21 50 66 41 24 36 92 40 69 45 77 95 30 84 37 11 
655-3-7 1?2.111 = 3 94 73 71 86 61 28 68 33 17 98 51 46 34 93 55 79 22 7 
655-3-8 1?2.194 = 3 94 73 71 61 28 68 33 17 46 34 93 55 79 38 25 20 44 8 
655-3-14 1?2.28 = 3 94 73 26 78 50 21 43 70 48 66 41 81 19 82 85 96 90 75 14 
655-3-9 1?2.384 = 3 94 26 78 21 50 66 41 24 36 89 92 40 69 45 77 95 72 9 
655-3-10 1?2.352 = 3 94 26 78 21 50 66 41 24 36 89 92 40 69 45 77 95 30 84 10 
655-3-12 1?2.611 = 3 94 73 70 48 43 78 21 50 66 41 24 36 89 92 40 69 45 63 12 
655-4-6 1?1.815 = 4 56 86 61 71 70 48 88 53 68 33 17 98 51 58 6 
655-5-6 1?2.06 = 5 56 86 61 71 70 48 88 53 68 33 17 98 51 58 6 
655-4-7 1?2.027 = 4 56 86 61 28 68 33 17 98 51 46 34 93 55 79 22 7 
655-4-11 1?2.568 = 4 56 86 61 28 53 91 23 92 40 69 45 77 97 95 30 84 37 11 
655-4-13 1?2.642 = 4 56 86 61 71 70 48 43 78 21 50 66 41 81 49 59 27 67 65 64 13 
655-4-15 1?2.377 = 4 56 86 61 71 70 48 43 78 21 50 66 41 42 24 49 59 18 82 85 96 15 
655-4-14 1?2.347 = 4 56 86 71 70 48 43 78 21 50 66 41 81 19 82 85 96 90 75 14 
655-4-12 1?2.673 = 4 56 86 61 71 70 43 21 50 66 41 24 36 89 92 40 69 45 63 12 
655-4-8 1?2.268 = 4 56 86 61 28 68 33 17 98 51 46 34 93 55 38 25 20 44 8 
655-4-10 1?2.491 = 4 56 86 71 70 48 66 41 24 36 92 40 69 45 77 95 30 84 10 
655-4-9 1?2.473 = 4 56 86 61 28 68 33 17 98 51 46 34 93 55 79 38 25 20 16 9 
655-5-7 1?1.786 = 5 99 58 51 98 17 46 34 93 55 79 38 25 57 22 7 
655-5-8 1?1.663 = 5 99 58 51 98 17 46 34 93 55 79 38 25 20 44 8 
655-6-7 1?1.715 = 6 58 99 51 98 17 46 34 93 55 79 38 25 57 22 7 
655-6-8 1?1.592 = 6 58 99 51 98 17 46 34 93 55 79 38 25 20 44 8 
655-5-15 1?2.465 = 5 98 17 33 68 53 88 48 43 78 21 50 66 41 81 19 82 85 96 15 
655-5-11 1?2.493 = 5 98 17 46 34 55 93 76 31 40 69 45 77 95 30 60 37 11 
655-5-13 1?2.856 = 5 98 51 17 33 68 91 23 24 49 59 18 90 75 27 67 65 64 13 
655-5-10 1?2.426 = 5 99 51 98 17 46 34 55 93 76 31 69 45 77 97 95 30 84 10 
655-5-12 1?2.741 = 5 98 17 46 34 55 93 76 31 69 45 77 97 95 30 60 83 63 12 
655-5-14 1?2.604 = 5 98 51 17 33 68 91 23 52 24 49 59 18 82 85 96 90 75 14 
655-5-9 1?2.535 = 5 99 58 51 98 17 46 34 55 93 76 31 69 45 77 97 95 72 9 
655-7-9 1?2.116 = 7 22 6 58 51 98 17 46 34 93 55 79 38 25 20 16 9 
655-7-8 1?1.952 = 7 22 6 58 51 98 17 46 34 93 55 79 38 25 20 44 8 
655-7-10 1?1.959 = 7 22 79 38 25 20 72 95 77 97 30 84 60 37 62 10 
655-7-11 1?2.442 = 7 22 55 34 93 76 31 40 69 45 77 97 95 30 84 60 37 11 
655-6-13 1?2.63 = 6 58 99 51 98 17 33 68 91 23 40 92 89 87 27 67 65 64 13 
655-6-11 1?2.428 = 6 58 51 98 17 46 34 55 93 76 31 77 97 95 30 84 60 37 11 
655-6-9 1?2.01 = 6 58 99 51 98 17 33 46 93 55 79 38 25 20 44 16 9 
655-6-10 1?2.223 = 6 58 99 51 98 17 46 34 93 55 79 38 25 20 72 30 84 10 
655-6-14 1?2.451 = 6 58 99 51 98 17 33 68 91 23 52 24 49 59 18 90 75 14 
655-6-12 1?2.639 = 6 58 51 98 17 46 34 55 93 76 77 97 95 30 84 60 83 63 12 
655-6-15 1?2.529 = 6 58 51 98 17 33 68 53 88 48 43 78 21 50 66 41 81 19 82 85 96 15 
655-8-11 1?2.122 = 8 44 57 38 25 20 72 95 77 97 30 84 60 37 62 11 
655-8-9 1?2.324 = 8 44 20 25 76 31 40 69 45 77 97 95 72 16 9 
655-8-10 1?2.006 = 8 44 57 38 25 20 72 95 77 97 30 84 60 37 62 10 
655-7-13 1?2.694 = 7 22 79 38 25 20 72 95 97 77 45 69 40 92 89 87 27 65 64 13 
655-8-13 1?2.708 = 8 44 57 38 25 20 72 95 97 77 45 69 40 92 89 87 67 65 64 13 
655-7-15 1?2.676 = 7 22 79 38 25 20 72 95 77 45 69 40 92 89 36 49 59 18 85 96 15 
655-8-15 1?2.678 = 8 44 25 20 72 95 97 77 45 69 40 92 89 36 24 49 59 18 85 96 15 
655-8-12 1?2.737 = 8 44 57 38 25 20 72 95 97 77 45 69 39 67 65 64 54 29 12 
655-7-12 1?2.682 = 7 22 79 38 57 44 25 20 72 95 77 97 30 84 60 37 83 63 12 
655-7-14 1?2.688 = 7 22 79 38 25 20 72 95 77 45 69 40 92 89 87 27 75 90 14 
655-8-14 1?2.737 = 8 44 20 72 95 77 45 69 40 92 89 36 24 49 59 18 75 90 14 
655-10-13 1?2.205 = 10 62 37 60 84 30 95 97 77 45 69 39 29 54 64 13 
655-10-11 1?2.348 = 10 62 37 60 30 95 77 45 69 40 92 89 39 63 83 11 
655-9-11 1?2.29 = 9 16 44 57 38 25 20 72 95 97 30 84 60 37 62 11 
655-9-12 1?2.495 = 9 16 72 30 95 97 77 45 69 39 67 65 64 54 29 12 
655-10-12 1?2.362 = 10 62 37 60 30 95 77 45 69 39 67 65 64 54 29 12 
655-9-10 1?2.174 = 9 16 44 57 38 25 20 72 95 97 30 84 60 37 62 10 
655-9-13 1?2.703 = 9 16 72 30 95 97 77 45 69 40 92 89 39 87 27 67 65 64 13 
655-10-15 1?2.459 = 10 62 37 84 30 95 97 77 45 69 40 92 89 36 49 59 18 85 96 15 
655-9-15 1?2.573 = 9 84 30 95 97 77 45 69 40 92 89 36 24 49 59 18 82 85 96 15 
655-9-14 1?2.585 = 9 72 95 97 77 45 69 40 92 89 36 24 49 59 18 90 75 14 
655-10-14 1?2.472 = 10 62 37 60 30 95 97 77 45 69 40 92 89 87 27 75 90 14 
655-13-15 1?2.031 = 13 54 29 64 65 67 27 75 90 18 59 82 35 85 96 15 
655-14-15 1?2.358 = 14 75 90 18 59 49 24 42 41 66 81 19 82 85 96 15 
655-11-13 1?2.289 = 11 37 60 30 95 97 77 45 69 39 87 27 67 65 64 13 
655-12-13 1?2.517 = 12 63 83 60 84 30 95 97 77 45 69 39 67 65 64 54 13 
655-11-15 1?2.315 = 11 37 60 97 77 45 69 40 92 89 36 49 59 18 85 96 15 
655-12-15 1?2.438 = 12 29 54 13 64 65 67 27 75 90 18 59 49 82 35 85 96 15 
655-13-14 1?2.067 = 13 54 64 65 67 27 87 59 18 82 85 35 96 90 75 14 
655-11-12 1?2.417 = 11 37 84 30 95 97 77 45 69 39 67 65 64 54 29 12 
655-11-14 1?2.408 = 11 37 60 30 95 97 77 45 69 40 92 89 87 27 75 14 
655-12-14 1?2.63 = 12 29 54 64 65 67 87 59 18 82 85 96 35 15 90 75 27 14 
stop
