start
567-0-3 1?2.079 = 0 58 52 27 99 33 98 78 91 84 94 97 32 60 3 
567-0-4 1?2.297 = 0 58 52 27 99 33 98 78 38 53 77 28 91 84 94 97 32 4 
567-0-1 1?2.32 = 0 58 52 27 99 33 98 38 78 94 79 82 17 22 1 
567-0-5 1?2.338 = 0 58 52 27 99 33 98 38 78 53 77 28 91 84 88 43 16 90 5 
567-0-11 1?2.681 = 0 58 52 27 99 33 98 38 53 31 75 24 20 86 62 66 41 81 80 11 
567-0-6 1?2.564 = 0 58 52 27 99 33 98 38 78 91 84 94 32 97 21 88 43 16 90 6 
567-0-7 1?2.95 = 0 58 52 27 99 33 98 38 78 84 91 28 77 31 75 37 70 92 87 7 
567-0-2 1?2.29 = 0 58 52 27 99 33 98 38 78 94 97 32 40 65 59 2 
567-0-8 1?2.877 = 0 58 52 27 99 33 98 38 53 77 31 75 24 20 86 62 48 42 95 64 35 8 
567-0-10 1?2.644 = 0 58 52 27 99 33 98 78 38 53 77 31 75 24 20 86 62 48 45 76 10 
567-0-9 1?2.593 = 0 58 52 27 99 33 98 38 53 77 31 37 70 87 92 64 35 55 93 9 
567-0-15 1?2.268 = 0 58 52 27 99 33 98 54 61 83 85 18 74 29 15 
567-0-14 1?2.247 = 0 73 29 56 71 19 34 44 63 69 50 23 51 67 25 13 14 
567-1-3 1?2.093 = 1 22 52 27 99 33 98 78 91 84 94 97 32 60 3 
567-0-13 1?1.857 = 0 73 29 56 71 19 34 44 63 69 50 23 51 67 25 13 
567-1-2 1?2.304 = 1 22 52 27 99 33 98 38 78 94 97 32 40 65 59 2 
567-0-12 1?2.26 = 0 58 52 27 99 61 83 36 47 34 44 63 69 50 23 51 67 25 12 
567-1-4 1?2.118 = 1 22 52 27 99 33 98 38 78 91 84 88 43 16 21 4 
567-1-7 1?2.699 = 1 22 52 27 99 33 98 38 78 91 28 77 53 75 31 37 70 7 
567-1-6 1?2.555 = 1 22 27 61 54 33 98 38 78 53 77 28 91 84 88 43 16 90 6 
567-1-8 1?2.816 = 1 22 52 27 61 54 33 98 38 78 84 91 28 77 53 31 37 70 92 87 8 
567-1-5 1?2.194 = 1 22 52 27 99 33 98 78 38 53 77 28 91 84 88 43 16 5 
567-1-15 1?2.435 = 1 22 52 27 99 33 98 54 61 83 85 18 74 29 56 15 
567-1-14 1?2.469 = 1 22 52 27 99 33 98 54 61 83 85 18 74 29 56 14 
567-1-13 1?2.154 = 1 22 27 61 83 36 47 34 44 63 69 50 23 51 67 25 13 
567-1-12 1?2.452 = 1 22 27 52 74 29 56 71 30 19 34 44 63 69 50 23 67 25 12 
567-2-4 1?2.043 = 2 39 22 52 27 99 82 79 32 97 88 43 16 21 4 
567-2-3 1?2.049 = 2 39 22 52 27 99 33 98 38 78 94 97 32 60 3 
567-1-11 1?2.657 = 1 58 74 29 56 71 30 19 34 44 63 69 50 23 51 67 25 12 81 80 11 
567-2-5 1?1.917 = 2 39 22 52 27 99 82 79 32 97 21 88 43 16 5 
567-2-6 1?2.417 = 2 39 22 27 99 33 98 38 78 94 32 97 21 88 43 16 90 6 
567-1-10 1?2.652 = 1 22 52 27 99 33 98 38 53 77 31 75 24 20 86 62 66 48 45 76 10 
567-1-9 1?2.595 = 1 22 52 27 99 33 98 78 38 53 77 37 70 87 92 64 35 55 93 9 
567-2-15 1?2.395 = 2 39 22 52 27 99 33 98 78 38 54 61 18 74 29 15 
567-2-14 1?2.605 = 2 39 22 52 27 99 33 98 54 61 83 85 18 74 29 56 71 14 
567-2-13 1?2.456 = 2 39 17 82 33 54 61 83 36 47 34 44 63 69 50 23 51 67 25 13 
567-3-4 1?1.953 = 3 65 40 60 32 97 84 91 28 77 26 88 43 16 21 4 
567-2-12 1?2.555 = 2 39 22 52 27 18 74 29 56 71 30 19 34 44 63 23 67 25 12 
567-3-5 1?1.915 = 3 60 32 97 94 78 38 53 77 28 91 84 88 43 16 5 
567-2-7 1?2.565 = 2 39 22 52 27 99 33 98 38 78 91 28 53 77 37 70 7 
567-2-8 1?2.534 = 2 39 22 52 27 99 33 98 38 78 91 28 77 37 70 92 87 8 
567-2-11 1?2.753 = 2 39 22 99 33 98 78 38 53 77 31 75 24 20 86 62 66 41 81 80 11 
567-2-10 1?2.72 = 2 39 17 82 79 32 97 94 84 91 28 77 31 75 24 20 86 62 66 48 45 76 10 
567-2-9 1?2.517 = 2 39 17 82 79 32 97 94 84 91 28 77 37 70 92 64 35 55 93 9 
567-3-15 1?2.428 = 3 65 40 60 32 97 94 84 91 78 38 98 33 54 61 18 74 29 15 
567-3-6 1?2.155 = 3 60 32 97 21 16 43 88 84 91 28 77 37 96 6 
567-3-14 1?2.552 = 3 60 32 97 94 84 91 78 38 98 33 54 61 18 74 29 56 71 14 
567-4-5 1?2.04 = 4 16 43 88 21 97 32 94 84 91 53 77 28 26 90 5 
567-3-13 1?2.555 = 3 60 32 97 94 78 38 98 33 54 83 36 47 34 44 63 69 50 23 51 13 
567-3-7 1?2.513 = 3 65 40 32 97 21 16 43 88 84 91 28 77 37 70 92 87 7 
567-3-12 1?2.555 = 3 60 32 97 94 98 33 54 61 83 36 47 34 44 63 69 50 23 67 25 12 
567-3-8 1?2.471 = 3 60 32 97 21 16 43 88 84 91 28 77 53 31 37 70 92 87 8 
567-3-11 1?2.572 = 3 65 40 32 97 94 84 91 28 77 31 75 24 20 86 62 48 45 57 41 81 80 11 
567-3-10 1?2.527 = 3 65 40 32 97 84 91 28 77 31 75 24 20 49 68 66 62 48 42 95 46 10 
567-3-9 1?2.353 = 3 65 40 32 97 94 84 91 28 77 53 31 37 70 87 92 64 35 55 93 9 
567-4-7 1?2.126 = 4 21 16 43 88 97 32 94 84 91 28 77 31 37 96 7 
567-4-6 1?2.078 = 4 21 16 43 88 97 32 94 84 91 28 77 31 37 96 6 
567-4-15 1?2.441 = 4 21 16 43 88 84 91 28 77 53 38 98 33 54 61 18 74 29 15 
567-5-6 1?1.952 = 5 16 43 88 21 97 32 94 84 91 28 77 31 37 96 6 
567-4-14 1?2.513 = 4 21 16 43 88 84 91 78 38 98 33 54 61 18 74 29 56 71 14 
567-4-13 1?2.45 = 4 32 97 94 98 33 54 83 36 47 34 44 63 69 50 23 51 67 25 13 
567-4-8 1?2.275 = 4 21 16 43 88 84 91 28 77 37 70 87 92 64 55 93 35 8 
567-4-12 1?2.47 = 4 32 97 94 98 33 54 61 83 36 47 34 44 63 69 50 23 51 67 25 12 
567-4-11 1?2.443 = 4 21 16 43 88 84 91 28 77 53 31 75 24 20 86 62 66 57 81 80 11 
567-4-10 1?2.424 = 4 21 16 43 88 84 91 28 77 31 75 24 20 86 62 66 48 42 95 46 10 
567-4-9 1?2.252 = 4 21 16 43 88 84 91 28 77 53 31 37 70 87 92 64 55 93 9 
567-5-8 1?1.901 = 5 16 43 88 21 97 84 91 28 77 37 70 92 87 8 
567-6-8 1?2.149 = 6 90 16 43 88 21 97 84 91 28 77 37 70 87 8 
567-5-7 1?2 = 5 16 43 88 21 97 32 94 84 91 28 77 31 37 96 7 
567-6-7 1?2.2 = 6 90 16 43 88 21 32 97 84 91 28 77 37 70 7 
567-5-11 1?2.235 = 5 16 43 88 84 91 28 77 53 75 24 20 86 62 66 41 81 80 11 
567-5-15 1?2.525 = 5 16 43 88 84 91 28 77 53 38 78 98 33 99 27 52 18 74 29 15 
567-5-12 1?2.384 = 5 16 43 88 84 91 78 98 33 54 83 36 47 34 44 23 51 67 25 12 
567-5-14 1?2.493 = 5 16 43 88 21 97 32 94 78 38 98 33 54 61 18 74 29 56 71 14 
567-5-13 1?2.449 = 5 16 43 88 84 78 98 33 54 83 36 47 34 44 63 69 50 23 51 67 13 
567-5-10 1?2.251 = 5 16 43 88 84 91 28 77 31 75 24 20 86 62 66 48 42 95 46 10 
567-5-9 1?2.035 = 5 16 43 88 84 91 28 77 31 37 70 87 92 64 35 55 93 9 
567-7-8 1?2.175 = 7 70 20 86 62 66 48 42 95 55 93 35 64 92 87 8 
567-6-15 1?2.542 = 6 90 16 43 88 21 97 32 94 78 38 98 33 54 61 18 74 29 15 
567-7-9 1?2.12 = 7 70 20 24 49 86 62 68 66 48 42 95 64 55 93 9 
567-6-11 1?2.437 = 6 90 16 43 88 26 28 77 31 75 24 20 86 62 66 41 81 80 11 
567-7-11 1?2.296 = 7 87 92 64 35 93 55 95 42 48 62 68 66 57 41 81 80 11 
567-6-14 1?2.64 = 6 90 16 43 88 84 91 78 38 98 33 54 61 18 74 29 56 71 14 
567-6-9 1?2.039 = 6 90 16 43 88 26 37 70 87 92 64 35 55 93 9 
567-7-10 1?2.22 = 7 87 92 64 35 93 55 95 42 62 86 49 68 66 48 45 76 10 
567-6-12 1?2.547 = 6 96 37 31 75 24 20 49 86 62 66 68 72 63 69 50 23 51 67 25 12 
567-6-13 1?2.587 = 6 96 37 31 75 24 20 49 86 62 66 68 72 63 69 50 23 51 67 25 13 
567-6-10 1?2.43 = 6 90 16 43 88 84 91 28 77 31 75 24 49 68 66 62 48 45 76 10 
567-8-10 1?1.824 = 8 87 92 64 35 93 55 95 42 86 62 66 48 45 76 10 
567-7-15 1?2.706 = 7 87 92 64 35 93 55 95 42 48 62 66 68 72 47 30 71 56 29 15 
567-8-9 1?2.036 = 8 87 92 64 35 93 55 95 42 62 66 48 45 76 46 9 
567-8-11 1?2.056 = 8 87 92 64 35 93 55 95 42 86 62 66 48 45 57 81 80 11 
567-8-15 1?2.5 = 8 35 93 55 64 95 42 48 62 66 68 72 44 34 19 71 56 29 15 
567-7-14 1?2.649 = 7 87 92 64 35 93 55 95 42 62 86 49 68 72 44 34 19 14 
567-8-12 1?2.12 = 8 35 64 55 95 42 48 62 66 68 72 63 69 50 23 51 67 25 12 
567-7-12 1?2.314 = 7 87 92 64 35 93 55 95 45 57 41 63 69 50 23 51 67 25 12 
567-8-14 1?2.481 = 8 87 92 64 35 93 55 95 42 48 62 86 49 68 72 44 34 19 14 
567-7-13 1?2.354 = 7 87 92 64 35 93 55 95 45 57 41 63 69 50 23 51 67 25 13 
567-8-13 1?2.231 = 8 87 92 64 35 93 55 95 42 48 57 41 63 69 50 23 51 67 25 13 
567-9-11 1?1.787 = 9 93 55 35 64 95 42 86 62 66 48 45 57 81 80 11 
567-10-11 1?1.922 = 10 46 93 55 35 64 95 42 48 62 66 41 81 80 11 
567-10-13 1?1.905 = 10 46 95 42 48 45 57 41 63 69 50 23 51 67 25 13 
567-10-12 1?1.865 = 10 46 95 42 48 45 57 41 63 69 50 23 51 67 25 12 
567-9-10 1?1.735 = 9 93 55 35 64 95 42 86 62 68 66 48 45 76 89 10 
567-9-12 1?1.912 = 9 93 55 35 64 95 42 48 57 41 63 69 50 23 67 25 12 
567-9-13 1?2.002 = 9 93 55 35 64 95 42 62 66 41 63 69 50 23 51 67 25 13 
567-9-15 1?2.392 = 9 93 55 35 64 95 42 48 62 66 68 72 44 34 19 30 71 56 29 15 
567-10-15 1?2.572 = 10 46 95 42 48 66 62 86 49 68 72 47 34 44 19 30 71 56 29 15 
567-10-14 1?2.508 = 10 46 93 55 35 64 95 42 48 62 86 49 68 72 44 34 19 14 
567-9-14 1?2.436 = 9 93 55 35 64 95 42 48 66 62 86 49 68 72 63 44 34 19 14 
567-12-15 1?1.68 = 12 25 67 51 23 50 69 63 44 34 19 30 71 56 29 15 
567-14-15 1?2.11 = 14 13 25 67 51 23 50 69 63 44 34 19 30 71 56 29 15 
567-13-15 1?1.72 = 13 25 67 51 23 50 69 63 44 34 19 30 71 56 29 15 
567-11-13 1?2.023 = 11 80 81 41 57 66 62 68 72 63 69 50 23 67 25 13 
567-11-12 1?1.999 = 11 76 45 42 48 62 66 68 72 63 69 50 23 51 67 25 12 
567-12-13 1?2.179 = 12 25 67 51 23 50 69 63 44 34 47 85 18 30 19 13 
567-11-14 1?2.034 = 11 80 81 69 50 25 67 51 23 63 44 34 19 30 71 14 
567-12-14 1?1.973 = 12 25 67 51 23 50 69 63 44 34 47 85 18 74 56 14 
567-13-14 1?1.981 = 13 67 51 23 50 69 63 44 34 47 85 18 74 29 56 14 
567-11-15 1?2.339 = 11 80 81 12 25 67 51 23 50 69 63 44 34 19 30 71 56 74 29 15 
stop
