start
285-0-1 1?2.053 = 0 43 76 38 69 40 87 88 61 49 50 48 59 26 93 42 1 
285-0-5 1?2.508 = 0 43 83 76 38 69 40 87 88 61 50 49 16 57 89 34 53 31 94 80 5 
285-0-2 1?2.321 = 0 43 83 76 38 69 40 87 88 61 50 49 16 57 34 48 59 27 2 
285-0-9 1?2.474 = 0 76 38 65 21 58 91 54 32 24 64 90 99 77 45 39 23 29 74 9 
285-0-3 1?2.258 = 0 43 76 38 69 40 87 88 61 50 49 16 57 34 31 53 62 18 3 
285-0-4 1?2.511 = 0 43 83 76 38 69 40 78 87 88 61 50 49 16 57 34 53 31 94 80 4 
285-0-8 1?2.734 = 0 76 38 65 21 58 91 54 95 90 99 77 45 39 23 74 29 72 8 
285-0-6 1?2.738 = 0 43 83 76 38 69 40 78 87 88 61 50 49 16 57 34 53 31 94 80 66 6 
285-0-10 1?2.404 = 0 43 76 38 65 21 58 91 54 32 24 64 90 99 28 46 51 44 63 10 
285-0-11 1?2.462 = 0 43 83 76 38 65 21 58 91 67 54 32 24 64 90 99 28 46 51 11 
285-0-7 1?2.802 = 0 98 47 82 42 93 26 55 37 88 61 50 49 16 57 89 70 30 79 56 7 
285-0-14 1?1.911 = 0 43 76 38 65 21 58 91 54 67 75 86 36 17 14 
285-0-15 1?2.125 = 0 43 83 76 38 65 21 58 91 67 75 86 36 41 20 15 
285-1-4 1?2.037 = 1 42 93 82 47 98 40 87 88 61 50 49 16 57 34 53 4 
285-1-2 1?1.982 = 1 42 93 82 47 98 76 38 69 40 78 87 37 55 26 27 2 
285-1-8 1?2.764 = 1 42 93 82 47 98 76 38 69 40 87 88 61 50 49 16 57 89 70 22 71 8 
285-1-3 1?1.979 = 1 42 93 55 37 87 88 61 50 49 16 57 34 53 62 18 3 
285-0-13 1?2.285 = 0 43 76 38 65 21 58 91 67 54 32 24 64 19 52 68 13 
285-0-12 1?2.46 = 0 43 83 76 38 69 65 21 58 91 67 54 32 24 64 19 68 52 12 
285-1-5 1?2.399 = 1 42 93 82 47 55 26 37 87 88 61 50 49 16 57 34 53 31 94 80 5 
285-1-6 1?2.603 = 1 42 93 82 47 98 76 38 69 40 87 88 61 50 49 57 16 89 30 79 6 
285-1-7 1?2.674 = 1 42 93 82 47 98 38 69 78 87 88 61 50 49 16 57 89 70 30 79 56 7 
285-1-14 1?1.791 = 1 42 93 82 47 98 76 38 65 21 58 41 36 17 14 
285-2-5 1?2.075 = 2 27 26 55 37 87 88 61 50 49 57 34 53 31 94 80 5 
285-2-4 1?2.113 = 2 26 55 37 87 88 61 50 49 16 57 34 53 31 94 80 4 
285-1-13 1?2.191 = 1 42 93 82 47 98 69 38 65 21 58 91 54 32 24 68 52 13 
285-1-10 1?2.44 = 1 82 47 98 38 65 58 91 54 32 24 64 90 99 28 46 51 44 63 10 
285-2-3 1?2.122 = 2 42 93 55 37 87 88 61 50 49 16 57 34 53 62 18 3 
285-1-11 1?2.388 = 1 42 93 82 47 98 38 65 58 91 54 32 24 64 90 99 28 46 51 11 
285-2-6 1?2.566 = 2 42 93 82 47 40 87 88 61 50 49 16 57 34 31 94 80 66 6 
285-1-9 1?2.522 = 1 42 93 55 37 88 61 49 16 57 89 70 96 25 60 81 45 39 23 29 74 9 
285-1-12 1?2.285 = 1 42 93 82 47 98 40 69 38 65 21 58 91 54 32 24 68 52 19 12 
285-1-15 1?2.025 = 1 42 93 82 47 55 26 37 87 78 40 69 38 76 43 83 15 
285-3-5 1?2.065 = 3 27 26 55 37 88 61 50 49 16 57 34 53 31 94 80 5 
285-3-4 1?2.195 = 3 27 26 55 37 88 61 50 49 16 57 34 53 31 94 80 4 
285-2-10 1?2.561 = 2 42 93 82 47 98 38 65 58 91 54 32 24 64 35 46 44 63 10 
285-2-11 1?2.455 = 2 42 93 82 47 98 69 38 65 58 91 54 32 24 64 35 46 51 11 
285-2-13 1?2.391 = 2 42 93 82 47 98 76 38 65 21 58 91 54 32 24 68 52 13 
285-2-14 1?2.213 = 2 42 93 82 47 98 69 38 65 21 58 91 67 75 86 36 17 14 
285-2-8 1?2.813 = 2 26 59 48 50 49 57 16 92 96 25 60 81 45 39 23 74 29 72 8 
285-2-9 1?2.488 = 2 26 55 37 88 61 50 49 57 16 92 96 25 60 81 45 39 23 29 74 9 
285-2-7 1?2.588 = 2 42 93 82 47 98 40 78 87 88 61 50 49 16 57 89 30 79 56 7 
285-2-12 1?2.473 = 2 42 93 82 47 98 76 38 69 65 21 58 91 54 32 24 68 52 19 12 
285-2-15 1?2.3 = 2 27 26 37 55 93 42 82 47 98 40 78 69 38 76 43 83 15 
285-4-5 1?2.455 = 4 3 27 26 55 37 88 61 50 49 16 57 34 53 31 94 80 5 
285-3-6 1?2.359 = 3 27 26 55 37 88 61 50 49 16 57 34 31 94 80 66 6 
285-3-11 1?2.61 = 3 27 26 37 87 78 65 58 91 54 32 24 64 90 99 28 46 51 11 
285-3-10 1?2.654 = 3 18 62 53 31 34 57 16 89 70 96 25 60 81 45 39 29 74 23 10 
285-3-8 1?2.778 = 3 18 62 53 34 57 16 89 70 96 25 60 81 45 39 23 74 29 72 8 
285-3-9 1?2.615 = 3 18 62 53 31 34 57 16 89 70 96 25 60 81 45 39 29 23 74 9 
285-3-12 1?2.498 = 3 27 26 55 37 87 40 69 38 65 21 58 91 54 32 24 68 52 19 12 
285-3-7 1?2.703 = 3 62 18 27 59 26 55 37 87 88 61 50 49 57 16 89 30 79 56 7 
285-3-13 1?2.706 = 3 27 26 37 87 40 69 38 65 21 58 91 54 32 24 64 19 52 68 13 
285-3-14 1?2.503 = 3 27 26 55 37 87 78 40 69 38 65 21 58 91 67 75 86 36 17 14 
285-3-15 1?2.64 = 3 18 62 53 31 34 57 16 49 50 61 88 37 87 78 40 69 38 76 43 83 15 
285-4-8 1?2.531 = 4 31 34 57 16 92 96 25 81 45 39 23 29 72 8 
285-4-7 1?2.599 = 4 31 94 80 66 85 34 57 16 92 70 89 30 79 56 7 
285-4-6 1?2.532 = 4 80 94 31 53 34 50 49 57 16 92 70 89 30 79 6 
285-5-6 1?2.437 = 5 66 80 94 31 53 34 57 16 92 70 89 30 79 56 6 
285-4-9 1?2.703 = 4 80 94 31 53 34 57 16 89 70 96 25 60 81 97 45 39 29 9 
285-4-10 1?2.79 = 4 31 34 57 16 92 33 21 58 91 54 32 24 64 35 46 44 63 10 
285-4-11 1?2.747 = 4 53 34 57 16 92 33 21 58 91 54 32 24 64 90 99 28 46 51 11 
285-4-13 1?2.764 = 4 31 53 34 57 16 49 50 61 88 87 78 40 69 38 65 21 58 91 67 75 13 
285-4-14 1?2.582 = 4 31 53 34 57 16 49 50 61 88 87 78 69 38 65 21 58 41 36 17 14 
285-4-12 1?2.708 = 4 31 34 57 16 49 50 61 88 87 78 65 21 58 91 67 75 68 52 19 12 
285-4-15 1?2.741 = 4 80 94 31 53 34 89 57 16 49 50 61 88 87 78 40 69 38 76 43 83 15 
285-5-8 1?2.411 = 5 80 94 31 34 57 16 89 70 96 25 60 81 97 72 8 
285-6-8 1?2.63 = 6 56 79 30 22 25 96 60 81 77 45 39 29 74 9 8 
285-6-7 1?2.577 = 6 66 80 94 31 53 34 57 16 92 70 89 30 79 56 7 
285-5-7 1?2.415 = 5 66 80 94 31 53 34 57 16 92 70 89 30 79 56 7 
285-5-10 1?2.532 = 5 80 94 31 34 57 16 89 70 96 25 60 81 45 39 29 74 23 10 
285-5-9 1?2.331 = 5 80 94 31 34 57 16 89 70 96 25 60 81 45 39 29 74 9 
285-5-11 1?2.659 = 5 80 94 31 34 57 16 89 70 96 25 60 81 45 77 63 44 46 51 11 
285-5-13 1?2.633 = 5 80 94 31 53 34 57 16 49 50 61 88 87 78 65 21 58 91 67 75 13 
285-5-12 1?2.53 = 5 80 94 31 34 57 16 92 33 21 58 91 54 32 24 68 52 19 12 
285-5-14 1?2.608 = 5 80 94 31 34 57 16 49 50 61 88 87 40 69 38 65 21 58 41 36 17 14 
285-5-15 1?2.611 = 5 80 94 31 53 34 89 57 16 49 50 61 88 87 78 40 69 38 76 43 83 15 
285-7-9 1?2.344 = 7 56 79 30 22 25 96 60 81 77 45 29 23 74 9 
285-7-10 1?2.146 = 7 71 72 29 74 23 39 45 77 99 28 46 44 63 10 
285-7-8 1?2.639 = 7 56 79 30 70 89 57 16 92 96 25 60 81 97 72 8 
285-6-9 1?2.423 = 6 56 79 30 22 25 96 60 81 77 63 39 23 29 74 9 
285-6-10 1?2.597 = 6 56 22 71 72 29 74 23 39 45 77 99 28 46 51 44 63 10 
285-7-11 1?2.453 = 7 56 79 30 22 71 72 29 74 23 39 45 77 63 44 46 51 11 
285-6-11 1?2.604 = 6 56 79 30 22 71 72 29 74 23 39 45 77 63 44 28 46 11 
285-6-13 1?2.806 = 6 79 30 89 57 16 49 50 61 88 87 40 69 38 65 21 58 91 67 75 13 
285-6-12 1?2.745 = 6 79 30 89 57 16 92 33 21 65 58 91 54 32 24 68 52 19 12 
285-6-14 1?2.794 = 6 79 30 70 89 57 16 49 50 61 88 87 40 69 38 65 21 58 41 36 17 14 
285-6-15 1?2.905 = 6 66 80 94 31 34 89 57 16 49 50 61 88 87 78 40 69 38 76 43 83 15 
285-8-9 1?2.272 = 8 71 22 25 60 99 28 46 51 44 63 39 23 74 9 
285-8-10 1?2.18 = 8 72 29 74 23 39 45 77 99 90 64 35 46 44 10 
285-8-11 1?2.298 = 8 72 29 74 23 39 45 77 63 44 51 46 28 99 90 64 35 11 
285-8-12 1?2.209 = 8 72 29 74 23 39 63 44 46 28 99 90 64 24 68 52 19 12 
285-7-12 1?2.567 = 7 71 72 29 74 23 39 45 77 28 99 90 64 24 68 52 19 12 
285-8-13 1?2.391 = 8 72 29 74 23 39 45 63 44 51 46 28 99 90 64 24 68 52 13 
285-7-13 1?2.779 = 7 71 72 29 74 23 39 45 63 44 46 28 99 90 64 24 68 52 13 
285-8-14 1?2.481 = 8 72 29 74 23 39 45 77 99 90 64 24 32 54 67 41 36 17 14 
285-7-14 1?2.797 = 7 56 79 30 89 57 16 49 50 61 88 87 40 69 38 65 21 58 41 36 17 14 
285-7-15 1?2.705 = 7 56 79 30 89 70 92 16 57 49 50 61 88 87 40 69 38 76 43 83 15 
285-8-15 1?2.667 = 8 72 29 74 23 39 45 77 99 90 64 24 32 54 91 67 41 20 15 
285-9-10 1?1.88 = 9 74 29 23 39 45 81 60 25 96 73 90 99 28 44 10 
285-10-11 1?1.83 = 10 23 74 29 39 45 77 63 44 51 46 28 99 35 11 
285-9-11 1?1.701 = 9 23 74 29 39 45 81 60 77 63 44 28 46 51 11 
285-10-12 1?1.78 = 10 23 74 29 39 45 77 99 90 64 24 68 52 19 12 
285-10-13 1?2.12 = 10 23 74 29 39 45 63 44 46 28 99 90 64 24 68 52 13 
285-9-12 1?1.868 = 9 74 29 23 39 63 44 51 46 28 99 90 64 24 68 52 19 12 
285-9-13 1?2.027 = 9 74 29 23 39 45 77 63 44 46 28 99 90 64 24 68 52 13 
285-10-14 1?2.094 = 10 63 44 51 46 28 99 90 64 24 32 54 91 58 41 20 36 17 14 
285-9-14 1?2.197 = 9 74 29 23 39 45 77 99 90 64 24 32 54 91 67 86 36 17 14 
285-10-15 1?2.413 = 10 63 44 51 46 28 99 90 64 24 32 54 91 58 21 65 38 76 83 15 
285-9-15 1?2.434 = 9 74 29 23 39 63 44 46 28 99 90 64 24 32 54 91 58 41 20 15 
285-12-13 1?1.96 = 12 19 52 68 24 32 54 91 58 21 65 20 41 36 86 13 
285-11-13 1?1.912 = 11 46 28 99 90 64 24 32 54 91 67 75 68 52 13 
285-11-12 1?1.839 = 11 51 46 28 99 90 64 24 32 54 67 75 68 52 19 12 
285-13-14 1?1.848 = 13 52 68 24 32 54 67 91 58 21 65 41 36 17 14 
285-11-14 1?1.749 = 11 51 46 28 99 90 64 24 32 54 91 58 41 36 17 14 
285-12-14 1?1.747 = 12 19 52 68 24 32 54 91 58 21 65 20 41 36 17 14 
285-13-15 1?2.074 = 13 52 68 24 32 54 91 58 21 65 69 38 76 43 83 15 
285-14-15 1?1.953 = 14 17 36 86 75 67 91 58 21 65 69 38 76 43 83 15 
285-12-15 1?1.944 = 12 19 52 68 24 32 54 91 58 21 65 38 76 43 83 15 
285-11-15 1?2.278 = 11 51 46 28 99 90 64 24 32 54 91 58 21 65 38 76 43 83 15 
stop
