start
300-0-1 1?1.77 = 0 17 90 45 28 75 30 58 71 79 78 47 29 97 23 52 1 
300-0-2 1?1.675 = 0 45 28 36 79 71 58 47 29 97 30 75 23 98 74 26 2 
300-0-3 1?1.628 = 0 45 28 23 75 30 97 29 47 94 31 67 64 20 73 3 
300-0-4 1?2.113 = 0 45 28 23 75 30 97 29 58 71 79 78 47 94 31 67 64 20 25 96 4 
300-0-5 1?2.35 = 0 45 28 23 75 30 97 29 58 71 79 78 47 94 31 67 64 20 25 80 42 5 
300-0-6 1?2.404 = 0 45 28 23 75 30 97 29 47 58 71 79 78 37 24 72 40 81 86 66 6 
300-0-7 1?2.38 = 0 45 36 28 23 75 30 97 29 47 58 71 79 78 37 24 44 50 35 48 59 7 
300-0-8 1?2.477 = 0 45 28 75 30 97 29 47 58 71 79 78 37 24 44 50 16 61 83 33 85 8 
300-0-9 1?2.375 = 0 45 28 75 30 97 29 58 71 79 78 37 24 50 16 61 83 33 76 38 9 
300-0-10 1?2.364 = 0 45 28 23 75 30 97 29 47 58 71 79 78 77 69 99 63 49 19 10 
300-0-11 1?2.151 = 0 45 28 23 75 30 97 29 47 58 71 79 78 77 69 99 63 19 95 11 
300-0-12 1?2.131 = 0 45 28 23 75 97 29 58 71 79 78 77 69 99 63 49 93 21 91 12 
300-0-13 1?2.019 = 0 45 36 28 23 75 30 97 29 47 58 71 79 78 89 55 56 46 13 
300-0-14 1?1.731 = 0 45 28 23 75 30 97 29 47 58 71 79 89 53 70 32 14 
300-0-15 1?1.632 = 0 45 36 28 23 75 30 97 29 47 58 71 79 90 17 18 15 
300-1-2 1?1.775 = 1 52 23 75 30 97 29 47 94 31 67 20 73 39 26 2 
300-1-3 1?1.702 = 1 45 28 23 75 30 97 29 47 94 31 67 64 20 73 3 
300-1-4 1?1.664 = 1 52 23 75 30 97 29 47 94 31 67 64 20 25 96 4 
300-1-5 1?2.202 = 1 52 23 28 36 75 30 97 29 47 94 31 67 64 20 25 96 80 42 5 
300-1-6 1?2.326 = 1 52 23 75 30 97 29 47 58 71 79 78 37 24 72 40 81 86 66 6 
300-1-7 1?2.277 = 1 52 23 75 30 97 29 47 58 71 78 37 24 44 50 35 48 59 60 7 
300-1-8 1?2.355 = 1 52 23 75 30 97 29 58 71 79 78 37 24 44 50 35 59 48 65 8 
300-1-9 1?2.388 = 1 52 23 75 30 97 29 47 58 71 79 78 37 24 50 16 61 83 33 76 38 9 
300-1-10 1?2.604 = 1 52 23 75 97 29 58 71 79 78 37 24 44 50 16 61 83 33 76 34 10 
300-1-11 1?2.478 = 1 98 52 23 28 36 75 30 97 29 47 58 71 79 78 77 69 99 63 49 19 95 11 
300-1-12 1?2.105 = 1 52 23 75 30 97 29 47 58 71 79 78 77 69 99 63 49 93 21 91 12 
300-1-13 1?2.027 = 1 52 23 97 29 30 75 28 36 45 90 17 62 53 70 55 56 46 13 
300-1-14 1?1.714 = 1 52 23 97 29 30 75 28 36 45 90 17 62 53 70 32 14 
300-1-15 1?1.565 = 1 52 23 75 30 97 29 47 58 71 36 28 45 90 17 18 15 
300-2-3 1?1.712 = 2 26 98 23 75 30 97 29 47 94 31 67 64 20 73 3 
300-2-4 1?1.774 = 2 26 98 52 23 75 30 97 29 47 94 31 67 20 96 4 
300-2-5 1?2.2 = 2 26 98 23 75 30 97 29 47 94 31 67 64 20 25 96 80 42 5 
300-2-6 1?2.414 = 2 26 98 52 23 75 30 97 29 47 58 71 79 78 37 24 44 86 66 6 
300-2-7 1?2.258 = 2 26 39 73 20 25 40 81 86 66 51 57 84 35 48 59 60 7 
300-2-8 1?2.392 = 2 26 39 73 20 64 67 40 81 86 66 51 57 84 59 48 65 85 8 
300-2-9 1?2.524 = 2 26 39 73 20 25 81 66 51 57 84 59 48 65 27 83 33 76 38 9 
300-2-10 1?2.422 = 2 26 74 98 23 75 30 97 29 47 58 71 79 78 77 69 99 63 19 10 
300-2-11 1?2.372 = 2 26 74 98 52 23 75 30 97 29 47 58 71 79 78 77 69 99 63 19 95 11 
300-2-12 1?2.313 = 2 26 98 52 23 75 30 97 29 47 58 71 79 78 77 69 99 63 49 93 21 91 12 
300-2-13 1?2.152 = 2 26 98 52 23 97 30 75 28 36 45 90 17 62 53 70 55 56 46 13 
300-2-14 1?1.952 = 2 26 74 98 52 23 97 29 30 75 28 45 90 17 62 53 70 32 14 
300-2-15 1?1.818 = 2 26 74 98 23 75 30 97 29 47 58 71 36 28 45 90 17 18 15 
300-3-4 1?2.014 = 3 39 74 98 23 75 30 97 29 47 94 31 67 20 96 4 
300-3-5 1?2.225 = 3 73 20 25 67 31 94 37 24 72 40 81 86 66 5 
300-3-6 1?2.074 = 3 73 20 25 81 66 51 57 84 35 48 59 60 6 
300-3-7 1?2.246 = 3 39 73 20 25 40 81 86 66 51 57 84 35 48 59 60 7 
300-3-8 1?2.384 = 3 73 20 25 40 81 86 66 51 57 84 59 48 65 27 83 33 85 8 
300-3-9 1?2.367 = 3 73 20 25 40 81 86 51 57 84 59 48 65 27 83 33 76 34 38 9 
300-3-10 1?2.47 = 3 73 20 25 81 66 51 57 84 59 48 65 27 83 33 76 34 10 
300-3-11 1?2.49 = 3 73 64 67 31 94 47 29 97 30 58 71 79 78 77 69 99 63 19 95 11 
300-3-12 1?2.522 = 3 73 64 67 31 94 47 29 97 30 58 71 79 78 77 69 99 63 49 93 21 91 12 
300-3-13 1?2.347 = 3 73 20 67 31 94 47 29 97 30 75 28 45 90 62 53 70 55 56 46 13 
300-3-14 1?2.056 = 3 73 64 67 31 94 47 29 97 30 75 23 28 45 90 62 53 70 32 14 
300-3-15 1?1.852 = 3 73 20 64 67 31 94 47 29 97 30 75 23 28 45 90 17 18 15 
300-4-5 1?2.129 = 4 96 25 20 73 64 67 31 94 72 40 81 86 66 5 
300-4-6 1?2.126 = 4 96 25 40 81 86 66 51 57 84 35 59 60 6 
300-4-7 1?2.112 = 4 96 25 20 64 67 40 81 86 66 51 57 84 59 48 65 7 
300-4-8 1?2.288 = 4 96 25 20 73 64 67 40 81 86 66 51 57 84 59 48 65 8 
300-4-9 1?2.303 = 4 96 25 40 81 86 66 51 57 84 59 48 65 27 83 33 76 38 9 
300-4-10 1?2.395 = 4 80 42 66 51 57 84 59 48 65 35 16 61 83 33 76 34 10 
300-4-11 1?2.531 = 4 96 25 20 64 67 31 94 47 58 71 79 78 77 69 99 63 19 95 11 
300-4-12 1?2.507 = 4 96 25 20 67 31 94 29 97 30 58 71 79 89 92 22 93 21 91 12 
300-4-13 1?2.455 = 4 96 25 20 67 31 94 47 29 97 75 28 45 90 62 53 70 55 56 68 13 
300-4-14 1?2.199 = 4 96 25 20 67 31 94 47 29 97 30 75 23 28 45 90 62 53 70 32 14 
300-4-15 1?2.027 = 4 96 25 20 64 67 31 94 47 29 97 30 75 23 28 36 45 90 17 18 15 
300-5-6 1?2.214 = 5 66 51 57 84 35 16 61 83 33 27 65 59 60 6 
300-5-7 1?2.001 = 5 66 51 57 84 35 16 61 83 33 27 65 59 60 7 
300-5-8 1?1.914 = 5 66 51 57 84 59 48 35 16 61 83 33 76 85 8 
300-5-9 1?2.242 = 5 42 66 51 57 84 35 48 59 65 16 61 27 83 33 76 34 38 9 
300-5-10 1?2.583 = 5 42 80 81 86 66 51 57 84 59 48 65 35 16 61 83 33 76 34 10 
300-5-11 1?2.441 = 5 66 51 57 84 59 48 35 16 61 83 33 76 41 87 19 95 11 
300-5-12 1?2.594 = 5 66 51 57 84 59 48 35 16 61 83 33 41 87 19 93 21 91 12 
300-5-13 1?2.617 = 5 42 80 25 67 31 94 97 30 75 28 45 90 62 53 70 55 56 46 13 
300-5-14 1?2.373 = 5 42 80 25 20 67 31 94 47 29 97 75 28 45 90 62 53 70 32 14 
300-5-15 1?2.264 = 5 42 80 25 20 64 67 31 94 47 29 97 30 75 23 28 36 45 90 17 18 15 
300-6-7 1?1.909 = 6 51 57 84 35 16 61 27 33 85 65 48 59 60 7 
300-6-8 1?1.86 = 6 51 57 84 35 48 59 65 16 61 83 33 76 85 8 
300-6-9 1?1.585 = 6 51 57 84 59 48 35 16 61 83 33 76 34 38 9 
300-6-10 1?2.565 = 6 51 57 60 84 59 48 65 35 16 61 27 83 33 76 34 41 88 10 
300-6-11 1?2.418 = 6 51 57 84 59 48 65 35 16 61 27 83 33 76 41 88 87 19 95 11 
300-6-12 1?2.392 = 6 51 57 84 59 48 65 35 16 61 83 33 41 88 87 19 21 91 12 
300-6-13 1?2.604 = 6 51 57 84 59 48 35 16 61 83 33 41 87 19 49 22 43 13 
300-6-14 1?2.539 = 6 66 81 40 72 94 47 29 97 30 75 28 45 90 62 53 70 32 14 
300-6-15 1?2.347 = 6 66 86 81 40 72 94 47 29 97 30 75 23 28 45 90 17 18 15 
300-7-8 1?1.735 = 7 60 57 84 35 48 59 65 16 61 83 33 76 85 8 
300-7-9 1?1.46 = 7 60 57 84 59 48 35 16 61 83 33 76 34 38 9 
300-7-10 1?1.659 = 7 60 57 84 59 48 35 16 61 27 83 33 76 34 10 
300-7-11 1?2.185 = 7 60 57 84 59 48 35 16 61 27 83 33 76 41 88 87 19 95 11 
300-7-12 1?2.222 = 7 60 57 84 59 48 35 16 61 27 83 33 41 88 87 19 21 91 12 
300-7-13 1?2.508 = 7 60 57 84 59 48 35 16 61 83 33 41 88 87 63 49 22 43 13 
300-7-14 1?2.581 = 7 59 48 35 50 24 37 47 29 97 75 23 28 45 90 62 53 70 32 14 
300-7-15 1?2.402 = 7 60 59 48 35 50 44 24 37 47 29 97 75 23 28 45 90 17 18 15 
300-8-9 1?1.646 = 8 85 65 48 59 84 35 16 61 83 33 76 34 38 9 
300-8-10 1?1.808 = 8 85 65 48 59 84 57 35 16 61 83 33 76 34 10 
300-8-11 1?1.982 = 8 65 48 59 35 16 61 27 83 33 41 88 87 19 95 11 
300-8-12 1?2.348 = 8 65 48 59 84 57 35 16 61 27 83 33 41 88 87 19 21 91 12 
300-8-13 1?2.609 = 8 65 48 59 35 16 61 27 83 33 76 34 88 87 19 91 21 43 13 
300-8-14 1?2.696 = 8 65 48 59 35 50 24 37 47 29 97 30 75 28 45 90 62 53 70 32 14 
300-8-15 1?2.488 = 8 85 27 61 16 50 44 24 37 47 29 97 30 75 23 28 45 90 17 18 15 
300-9-10 1?2.012 = 9 85 65 48 59 84 57 35 16 61 83 33 76 34 10 
300-9-11 1?2.005 = 9 38 34 76 33 83 27 61 16 54 41 88 87 19 95 11 
300-9-12 1?1.919 = 9 38 34 76 33 83 41 88 87 63 49 22 93 21 91 12 
300-9-13 1?2.538 = 9 38 34 76 33 83 27 61 54 82 99 63 49 22 93 21 91 12 43 13 
300-9-14 1?2.632 = 9 38 34 76 33 83 41 88 87 19 49 22 68 56 55 70 53 62 32 14 
300-9-15 1?2.449 = 9 38 76 33 83 61 16 50 24 37 47 29 97 30 75 28 45 90 17 18 15 
300-10-11 1?2.324 = 10 34 38 76 33 83 27 61 16 54 41 88 87 19 95 11 
300-10-12 1?2.165 = 10 34 76 33 83 41 88 87 19 63 49 22 93 21 91 12 
300-10-13 1?2.674 = 10 34 76 33 83 27 61 54 82 99 63 49 22 93 21 91 12 43 13 
300-10-14 1?2.608 = 10 19 63 99 69 77 78 58 29 97 75 28 45 90 62 53 70 32 14 
300-10-15 1?2.368 = 10 19 63 99 69 77 78 79 71 58 29 97 75 28 45 90 17 18 15 
300-11-12 1?2.417 = 11 95 19 87 88 41 33 83 61 54 82 63 49 93 21 91 12 
300-11-13 1?2.71 = 11 95 19 87 88 34 76 33 83 61 54 82 63 49 22 43 13 
300-11-14 1?2.473 = 11 95 19 63 99 69 77 78 58 29 97 75 28 45 90 62 32 14 
300-11-15 1?2.247 = 11 95 19 63 99 69 77 78 71 58 29 97 75 28 45 90 17 18 15 
300-12-13 1?2.198 = 12 91 21 93 22 68 56 55 70 53 62 17 18 32 46 13 
300-12-14 1?2.005 = 12 91 21 93 22 68 46 56 55 70 53 62 17 18 32 14 
300-12-15 1?2.143 = 12 91 21 93 22 92 89 79 71 58 29 97 75 28 45 90 17 15 
300-13-14 1?2.209 = 13 43 12 91 21 93 22 68 46 56 55 70 53 62 18 32 14 
300-13-15 1?1.963 = 13 46 56 55 89 79 71 58 29 97 75 28 45 90 17 15 
300-14-15 1?1.982 = 14 32 62 53 70 55 89 79 71 58 29 97 30 36 90 17 15 
stop
