start
318-0-1 1?2.357 = 0 61 49 94 18 60 92 24 88 50 85 39 42 62 1 
318-0-2 1?2.199 = 0 61 49 38 94 33 18 60 92 24 88 50 85 39 2 
318-0-3 1?1.995 = 0 61 49 38 69 85 27 60 92 24 88 50 16 40 93 3 
318-0-4 1?2.234 = 0 61 49 38 69 42 39 40 16 85 27 50 88 21 53 66 52 98 4 
318-0-5 1?2.275 = 0 61 49 38 69 39 40 16 85 27 60 92 24 50 88 21 53 52 66 5 
318-0-6 1?2.317 = 0 61 49 62 42 39 40 16 85 27 50 88 21 53 52 66 26 56 6 
318-0-7 1?2.471 = 0 61 49 38 69 39 40 16 50 88 21 53 52 66 26 22 81 67 25 7 
318-0-8 1?2.662 = 0 61 49 38 69 85 27 50 88 21 53 52 66 26 22 81 67 25 46 8 
318-0-9 1?2.544 = 0 91 31 35 96 48 36 29 87 97 90 78 70 34 37 73 80 54 82 43 9 
318-0-10 1?2.606 = 0 91 31 35 96 48 36 29 87 97 90 78 70 34 37 73 80 54 83 10 
318-0-11 1?2.622 = 0 91 31 35 96 48 36 63 29 87 45 32 28 95 79 84 75 55 68 12 11 
318-0-12 1?2.154 = 0 91 31 35 96 48 36 29 87 45 32 28 95 79 84 75 55 68 12 
318-0-13 1?2.212 = 0 17 91 31 35 96 48 36 63 29 87 45 32 59 55 68 13 
318-0-14 1?2.195 = 0 17 91 31 35 96 48 36 63 29 87 45 32 59 76 74 14 
318-0-15 1?2.396 = 0 17 31 35 96 48 36 29 87 45 32 59 76 74 58 15 
318-1-2 1?2.095 = 1 62 42 39 40 85 27 60 92 24 21 88 50 16 93 2 
318-1-3 1?1.868 = 1 89 62 42 39 85 27 60 92 24 53 21 88 50 3 
318-1-4 1?1.796 = 1 62 42 39 40 16 85 27 50 88 21 53 66 52 98 4 
318-1-5 1?2.047 = 1 89 42 39 40 16 85 27 60 92 24 50 88 21 53 98 52 66 5 
318-1-6 1?2.302 = 1 89 62 42 39 40 16 85 27 60 92 24 50 88 21 53 52 66 26 56 6 
318-1-7 1?2.202 = 1 89 62 42 39 40 16 50 88 21 53 52 66 26 22 81 67 25 7 
318-1-8 1?2.401 = 1 89 42 39 40 16 50 88 21 53 52 66 26 22 81 25 46 8 
318-1-9 1?2.548 = 1 62 42 69 38 94 33 51 65 20 86 72 77 70 34 37 73 80 54 43 9 
318-1-10 1?2.613 = 1 62 42 69 38 94 33 18 51 65 20 86 72 77 70 34 37 73 80 83 10 
318-1-11 1?2.574 = 1 49 61 17 31 35 96 48 36 63 29 87 45 32 28 95 79 84 11 
318-1-12 1?2.44 = 1 61 17 91 31 35 96 48 36 29 87 97 28 95 79 84 75 55 68 12 
318-1-13 1?2.482 = 1 61 49 23 36 48 29 87 45 32 28 95 79 84 75 55 68 13 
318-1-14 1?2.513 = 1 61 49 62 42 69 38 94 33 23 36 48 96 35 31 58 74 14 
318-1-15 1?2.251 = 1 89 62 42 69 38 94 33 23 36 48 96 35 31 58 15 
318-2-3 1?1.697 = 2 42 39 85 27 60 92 24 21 88 50 16 40 93 3 
318-2-4 1?1.689 = 2 89 42 39 85 27 60 92 24 50 88 21 53 98 4 
318-2-5 1?1.643 = 2 89 62 42 39 40 16 85 27 50 88 21 53 52 66 5 
318-2-6 1?1.757 = 2 89 42 39 40 16 50 88 21 53 52 66 26 56 6 
318-2-7 1?2.185 = 2 89 62 42 39 40 16 50 88 21 53 98 52 66 26 22 81 67 25 7 
318-2-8 1?2.318 = 2 39 40 16 85 27 50 88 21 53 52 66 26 22 81 67 25 46 8 
318-2-9 1?2.46 = 2 39 85 27 60 92 24 41 20 65 86 72 77 70 34 37 73 80 82 43 9 
318-2-10 1?2.521 = 2 39 40 16 50 88 24 92 41 20 65 72 77 70 34 37 73 80 83 10 
318-2-11 1?2.57 = 2 39 85 27 60 92 24 41 20 65 86 72 77 90 97 28 95 79 84 11 
318-2-12 1?2.471 = 2 89 62 42 69 38 94 23 36 48 29 87 97 28 95 79 84 75 55 68 12 
318-2-13 1?2.543 = 2 89 62 42 69 38 94 23 36 48 29 87 97 28 95 79 32 59 13 
318-2-14 1?2.613 = 2 39 40 16 50 88 21 24 92 60 18 33 23 17 91 31 58 14 
318-2-15 1?2.156 = 2 89 62 42 69 38 94 33 23 36 48 96 35 31 58 15 
318-3-4 1?1.623 = 3 93 40 16 85 27 60 92 24 88 21 53 66 52 98 4 
318-3-5 1?1.523 = 3 93 40 16 85 27 60 92 24 50 88 21 53 52 66 5 
318-3-6 1?1.629 = 3 93 40 16 85 27 50 88 21 53 98 52 66 26 56 6 
318-3-7 1?2.08 = 3 93 40 16 85 27 60 92 24 50 88 21 53 52 66 26 22 81 25 7 
318-3-8 1?2.152 = 3 93 40 16 85 27 50 88 21 53 52 66 26 22 81 67 25 46 8 
318-3-9 1?2.292 = 3 93 40 16 50 88 21 24 92 41 20 86 71 57 64 19 82 54 43 9 
318-3-10 1?2.355 = 3 93 40 16 50 88 24 92 41 20 65 72 77 70 34 37 73 80 83 10 
318-3-11 1?2.423 = 3 50 88 21 24 92 41 20 65 86 72 77 90 97 28 95 79 84 11 
318-3-12 1?2.416 = 3 93 40 16 50 88 24 92 41 20 65 72 77 90 97 28 95 79 55 12 
318-3-13 1?2.459 = 3 93 40 16 50 88 24 92 41 20 65 72 77 90 97 45 32 59 13 
318-3-14 1?2.543 = 3 93 40 16 50 88 21 24 92 60 18 33 23 36 48 35 96 74 14 
318-3-15 1?2.453 = 3 93 40 16 50 88 21 24 92 60 27 85 69 38 94 33 23 17 91 15 
318-4-5 1?1.768 = 4 98 21 88 50 16 40 85 27 60 92 24 53 52 66 5 
318-4-6 1?1.773 = 4 98 21 88 50 27 60 92 24 53 52 66 26 22 56 6 
318-4-7 1?1.918 = 4 98 53 21 88 50 24 92 60 41 44 47 67 25 7 
318-4-8 1?2.403 = 4 88 50 27 60 92 24 21 53 52 66 26 56 22 81 67 25 46 8 
318-4-9 1?2.246 = 4 98 53 21 88 50 24 92 41 20 65 86 71 57 64 19 82 54 43 9 
318-4-10 1?2.332 = 4 98 53 21 88 50 24 92 41 20 65 72 77 70 34 37 73 80 83 10 
318-4-11 1?2.379 = 4 50 88 21 24 92 41 20 65 86 72 77 90 97 28 95 79 84 11 
318-4-12 1?2.374 = 4 50 88 21 24 92 41 20 65 72 77 90 97 28 95 79 84 75 55 12 
318-4-13 1?2.418 = 4 50 88 21 24 92 41 20 65 72 77 90 97 28 95 32 59 13 
318-4-14 1?2.545 = 4 98 53 21 88 50 24 92 60 18 33 23 36 48 96 35 31 58 14 
318-4-15 1?2.462 = 4 98 52 66 53 21 88 50 16 40 39 42 69 38 49 61 17 91 15 
318-5-6 1?1.901 = 5 66 52 98 53 21 88 50 27 60 92 24 44 26 56 6 
318-5-7 1?1.843 = 5 66 52 98 21 88 50 60 92 24 44 47 67 25 7 
318-5-8 1?2.241 = 5 66 52 98 53 21 88 50 60 92 24 44 99 47 67 25 46 8 
318-5-9 1?2.164 = 5 52 53 21 24 92 41 20 65 86 71 57 64 19 82 54 43 9 
318-5-10 1?2.32 = 5 66 52 53 21 24 92 41 20 65 86 72 77 70 34 37 73 80 83 10 
318-5-11 1?2.354 = 5 66 52 53 24 92 41 20 65 86 72 77 90 97 28 95 79 84 11 
318-5-12 1?2.301 = 5 66 52 53 24 92 41 20 65 72 77 90 97 28 95 79 55 68 12 
318-5-13 1?2.539 = 5 52 53 21 88 50 24 92 41 20 65 86 72 77 90 97 45 32 59 13 
318-5-14 1?2.544 = 5 66 52 98 53 21 88 50 24 92 60 18 33 23 36 48 96 58 14 
318-5-15 1?2.436 = 5 66 52 98 53 21 88 50 16 40 39 42 69 38 94 33 23 17 91 15 
318-6-7 1?2.046 = 6 56 26 66 52 98 21 88 50 24 44 47 67 25 7 
318-6-8 1?2.213 = 6 56 22 81 25 67 47 99 41 20 65 86 71 57 64 8 
318-6-9 1?1.915 = 6 56 22 81 25 67 30 71 57 37 73 80 19 82 54 43 9 
318-6-10 1?2.297 = 6 56 22 26 44 99 20 65 86 72 77 90 78 70 34 37 73 80 83 10 
318-6-11 1?2.307 = 6 56 26 44 99 20 65 86 72 77 70 78 90 97 28 95 79 84 11 
318-6-12 1?2.287 = 6 56 26 44 41 20 65 86 72 77 90 97 28 95 79 84 75 55 68 12 
318-6-13 1?2.587 = 6 56 26 44 99 20 65 86 72 77 70 78 90 97 28 95 79 84 75 55 68 13 
318-6-14 1?2.635 = 6 56 26 44 41 20 65 86 72 77 90 97 28 95 79 32 59 76 74 14 
318-6-15 1?2.509 = 6 56 26 66 52 98 53 21 88 50 24 92 60 18 33 23 17 91 15 
318-7-8 1?2.176 = 7 25 67 47 99 20 65 72 77 70 34 80 73 37 64 8 
318-7-9 1?1.935 = 7 25 67 47 99 20 65 72 86 71 57 64 19 82 54 43 9 
318-7-10 1?2.013 = 7 25 67 47 99 20 65 86 72 77 70 34 37 73 80 83 10 
318-7-11 1?2.246 = 7 25 67 47 44 41 20 65 86 72 77 90 97 28 95 79 84 11 
318-7-12 1?2.21 = 7 25 67 47 99 20 65 86 72 77 90 97 28 95 79 84 75 55 68 12 
318-7-13 1?2.449 = 7 25 67 47 99 20 65 86 72 77 70 78 90 97 28 95 79 32 59 13 
318-7-14 1?2.581 = 7 25 67 47 99 20 65 86 72 77 78 90 97 28 95 32 59 76 74 14 
318-7-15 1?2.674 = 7 25 67 47 44 41 20 65 86 72 77 78 90 63 36 48 96 35 31 15 
318-8-9 1?1.985 = 8 64 57 71 86 72 77 70 34 37 73 80 54 82 43 9 
318-8-10 1?2.359 = 8 19 64 57 71 86 20 65 72 51 90 78 34 80 83 10 
318-8-11 1?2.13 = 8 43 82 54 80 73 37 34 70 78 90 97 28 95 79 84 11 
318-8-12 1?2.005 = 8 64 37 73 80 34 70 78 90 97 28 95 79 84 75 55 12 
318-8-13 1?2.287 = 8 64 19 80 73 37 34 70 78 90 97 28 95 79 84 75 55 68 13 
318-8-14 1?2.526 = 8 64 73 37 34 70 78 90 97 28 32 45 87 29 36 48 96 74 14 
318-8-15 1?2.611 = 8 64 73 37 34 78 90 97 28 95 32 45 87 29 36 48 96 35 31 15 
318-9-10 1?1.99 = 9 43 82 19 64 57 71 86 20 65 72 77 70 34 80 83 10 
318-9-11 1?1.748 = 9 43 54 80 73 37 34 70 78 90 97 28 95 79 84 11 
318-9-12 1?1.69 = 9 43 82 80 73 37 34 70 78 90 97 28 95 79 84 75 12 
318-9-13 1?2.007 = 9 43 82 80 73 37 34 70 78 90 97 28 95 79 84 75 55 68 13 
318-9-14 1?2.228 = 9 43 82 54 80 73 37 34 70 78 90 97 28 95 79 32 59 76 74 14 
318-9-15 1?2.379 = 9 43 54 82 19 80 73 37 34 70 78 90 97 87 29 36 48 96 35 31 15 
318-10-11 1?1.839 = 10 83 54 82 80 73 37 34 78 90 97 28 95 79 84 11 
318-10-12 1?1.698 = 10 83 80 73 37 34 70 78 90 97 28 95 79 84 75 12 
318-10-13 1?1.891 = 10 83 54 82 80 73 37 34 70 78 90 97 45 32 59 13 
318-10-14 1?2.013 = 10 83 80 73 37 34 70 78 90 97 45 32 59 76 74 14 
318-10-15 1?2.43 = 10 83 80 73 37 34 70 78 90 97 28 32 45 87 29 36 48 35 31 15 
318-11-12 1?2.034 = 11 84 79 95 28 32 45 87 29 36 48 76 59 55 68 12 
318-11-13 1?2.15 = 11 84 79 95 28 32 45 87 29 36 48 35 31 96 76 13 
318-11-14 1?1.879 = 11 84 79 95 28 32 45 87 29 36 48 96 35 31 58 14 
318-11-15 1?2.336 = 11 84 75 55 68 59 32 95 28 97 87 29 36 48 96 35 31 15 
318-12-13 1?1.809 = 12 68 55 75 84 79 95 28 97 29 87 45 32 59 76 13 
318-12-14 1?1.742 = 12 68 55 75 84 79 95 28 97 87 29 36 48 96 74 14 
318-12-15 1?1.842 = 12 68 55 75 84 79 95 28 97 87 29 36 48 96 35 31 15 
318-13-14 1?1.927 = 13 68 55 75 84 79 95 28 97 87 29 36 48 96 74 14 
318-13-15 1?2.136 = 13 59 32 95 28 97 45 87 29 63 36 48 96 35 31 91 15 
318-14-15 1?2.319 = 14 74 76 59 32 45 87 29 36 48 96 58 31 17 91 15 
stop
