start
448-0-2 1?1.712 = 0 32 91 70 38 83 61 49 25 58 39 66 85 78 63 2 
448-0-1 1?1.734 = 0 32 91 70 38 83 61 49 58 25 39 66 85 78 63 1 
448-0-6 1?2.487 = 0 45 35 82 40 34 19 66 39 25 58 74 26 16 20 97 53 64 90 6 
448-0-8 1?2.589 = 0 45 35 82 40 66 39 25 58 74 47 93 89 30 31 50 98 95 72 76 8 
448-0-9 1?2.455 = 0 45 29 83 73 94 99 59 77 68 75 55 48 65 28 79 54 62 88 69 42 9 
448-0-11 1?2.166 = 0 45 35 82 29 83 61 49 73 94 99 59 77 68 75 55 48 65 28 11 
448-0-10 1?2.217 = 0 45 29 61 49 73 94 99 59 77 68 75 55 48 65 28 79 54 62 88 10 
448-0-4 1?2.322 = 0 45 35 82 29 83 61 49 58 25 39 66 85 78 63 17 33 22 4 
448-0-3 1?1.988 = 0 45 35 82 29 83 61 49 58 25 39 66 85 78 63 2 3 
448-0-5 1?2.632 = 0 45 35 34 40 82 29 83 61 49 58 25 39 66 85 78 17 33 67 5 
448-0-7 1?2.554 = 0 45 35 82 40 34 19 66 39 25 58 26 16 20 97 53 64 90 36 43 18 7 
448-1-2 1?1.703 = 1 34 40 82 29 83 61 49 58 25 39 66 85 78 63 2 
448-0-14 1?1.671 = 0 45 35 34 40 82 29 61 49 73 94 99 44 71 96 14 
448-0-15 1?1.477 = 0 45 35 82 40 66 39 25 58 49 61 83 91 38 70 15 
448-1-4 1?2.124 = 1 34 40 82 29 83 61 49 58 25 39 17 33 67 22 4 
448-0-13 1?1.702 = 0 45 35 82 29 61 49 73 94 99 59 77 68 51 41 46 80 13 
448-1-3 1?2.093 = 1 34 40 82 29 83 61 49 58 25 39 66 85 78 63 2 3 
448-1-5 1?2.533 = 1 34 40 82 29 83 61 49 58 25 39 66 85 78 17 33 67 5 
448-1-6 1?2.573 = 1 19 34 40 82 66 39 25 58 74 26 16 20 97 53 64 90 36 6 
448-1-8 1?2.52 = 1 34 40 66 39 25 58 74 47 93 89 30 31 50 98 95 72 76 8 
448-0-12 1?2.096 = 0 45 35 34 40 82 29 61 49 73 94 99 59 77 51 41 46 75 87 12 
448-1-7 1?2.48 = 1 63 78 85 66 39 25 58 74 26 16 20 97 53 64 90 36 18 7 
448-1-15 1?1.871 = 1 19 34 35 82 40 66 39 25 58 49 61 83 91 70 38 24 15 
448-1-13 1?1.877 = 1 34 40 82 29 83 61 49 73 94 99 59 77 68 51 41 46 80 13 
448-2-4 1?2.267 = 2 63 78 85 66 39 25 58 74 26 16 37 67 22 4 
448-2-6 1?2.256 = 2 63 78 85 66 39 25 58 26 16 20 97 53 64 90 6 
448-2-5 1?2.411 = 2 63 78 85 66 39 25 58 74 26 16 20 97 53 57 5 
448-1-12 1?2.236 = 1 34 40 82 29 83 61 49 73 94 99 59 77 51 41 46 68 75 55 87 12 
448-2-3 1?2.268 = 2 63 78 85 19 34 40 82 29 61 49 58 25 39 17 3 
448-1-11 1?2.273 = 1 34 40 82 29 61 49 73 94 99 59 77 51 68 75 55 48 65 28 11 
448-1-10 1?2.399 = 1 34 40 82 29 83 73 94 99 59 77 68 75 55 48 65 28 79 54 62 88 10 
448-1-14 1?1.942 = 1 34 40 66 39 58 25 61 49 73 94 59 99 44 71 96 14 
448-1-9 1?2.578 = 1 19 66 39 25 58 74 56 92 23 48 65 28 79 86 54 62 88 69 42 9 
448-2-15 1?1.841 = 2 63 78 85 19 34 40 66 39 25 58 49 61 83 91 38 70 15 
448-3-4 1?2.657 = 3 2 63 78 85 66 39 25 58 74 26 16 37 67 22 4 
448-3-5 1?2.801 = 3 2 63 78 85 66 39 25 58 74 26 16 20 97 53 57 5 
448-2-8 1?2.474 = 2 63 78 85 66 39 25 58 74 47 93 89 21 98 95 72 76 8 
448-2-13 1?2.07 = 2 63 78 85 66 39 25 58 49 73 94 99 59 77 68 51 41 46 80 13 
448-2-10 1?2.342 = 2 63 78 85 66 39 25 58 74 56 92 27 60 81 79 86 54 62 88 10 
448-2-12 1?2.346 = 2 63 78 85 66 39 58 25 61 49 73 94 99 59 77 51 41 46 75 87 12 
448-2-9 1?2.487 = 2 63 78 85 66 39 25 58 74 56 92 47 93 89 30 50 98 95 72 9 
448-2-11 1?2.434 = 2 63 78 85 66 61 49 73 94 99 59 51 68 75 55 48 65 28 11 
448-2-7 1?2.414 = 2 63 78 85 66 39 25 58 26 16 20 97 53 64 90 36 43 18 7 
448-2-14 1?2.146 = 2 63 78 85 66 39 25 58 49 61 83 73 94 59 99 44 71 96 14 
448-3-15 1?2.231 = 3 2 63 78 85 19 34 40 66 39 25 58 49 61 83 91 38 70 15 
448-3-6 1?2.646 = 3 2 63 78 85 66 39 25 58 26 16 20 97 53 64 90 6 
448-4-5 1?2.832 = 4 22 67 33 17 39 25 58 74 26 16 20 97 53 57 5 
448-3-13 1?2.378 = 3 2 63 78 85 66 39 25 58 49 73 94 99 59 77 51 41 46 80 13 
448-3-12 1?2.566 = 3 2 63 78 85 66 39 25 58 49 73 94 99 59 77 51 68 75 87 12 
448-3-8 1?2.81 = 3 17 33 26 16 20 84 89 30 31 52 62 88 69 42 72 76 8 
448-3-11 1?2.726 = 3 17 33 26 16 20 84 93 89 30 31 52 88 62 54 86 79 28 11 
448-3-10 1?2.732 = 3 2 63 78 85 66 39 25 58 74 56 92 27 60 81 79 86 54 62 88 10 
448-3-9 1?2.76 = 3 17 33 26 16 20 84 89 30 31 52 54 62 88 69 42 98 95 72 9 
448-3-7 1?2.802 = 3 2 63 78 85 66 39 25 58 74 26 16 20 97 53 90 43 18 7 
448-3-14 1?2.532 = 3 2 63 78 85 19 34 40 66 39 58 25 61 49 73 94 44 71 96 14 
448-4-15 1?2.276 = 4 22 67 33 17 78 85 66 39 25 58 49 61 83 91 70 38 24 15 
448-4-6 1?2.697 = 4 22 33 17 39 25 58 74 26 16 20 97 53 64 90 6 
448-4-13 1?2.409 = 4 22 67 33 17 39 25 58 49 73 94 99 59 77 51 41 46 80 13 
448-5-6 1?2.99 = 5 67 33 17 39 25 58 74 26 16 20 97 53 90 36 6 
448-4-8 1?2.67 = 4 22 67 33 17 26 16 20 84 93 89 30 50 98 95 72 76 8 
448-4-12 1?2.612 = 4 22 33 17 39 58 25 61 49 73 94 99 59 77 51 68 75 87 12 
448-4-7 1?2.496 = 4 22 67 33 17 26 16 20 97 53 57 64 90 36 43 18 7 
448-4-11 1?2.768 = 4 22 67 37 20 84 89 30 31 52 88 62 54 86 79 28 65 48 11 
448-4-9 1?2.688 = 4 22 67 33 17 26 16 20 84 89 30 31 52 54 62 88 69 42 9 
448-4-10 1?2.839 = 4 22 17 33 26 16 20 84 93 89 21 95 98 50 31 52 54 62 88 10 
448-4-14 1?2.555 = 4 22 67 33 17 63 78 85 66 39 58 25 61 49 73 94 44 96 14 
448-5-8 1?2.535 = 5 57 53 84 89 30 31 52 54 62 88 69 42 72 76 8 
448-6-8 1?2.435 = 6 57 53 84 89 30 31 52 54 62 88 69 42 72 76 8 
448-5-15 1?2.674 = 5 67 33 17 63 78 85 66 39 25 58 49 61 83 91 32 70 38 24 15 
448-5-13 1?2.683 = 5 57 53 84 93 47 27 60 81 23 65 48 55 75 68 51 41 46 80 13 
448-5-9 1?2.514 = 5 57 53 97 84 89 30 31 52 54 62 88 69 42 98 95 72 9 
448-5-12 1?2.668 = 5 57 53 97 84 89 30 31 52 88 62 54 86 79 28 65 48 55 87 12 
448-6-7 1?2.609 = 6 90 64 53 84 93 89 30 31 50 98 95 72 76 43 18 7 
448-5-7 1?2.735 = 5 57 53 97 84 93 89 30 31 50 98 95 72 76 43 18 7 
448-5-10 1?2.837 = 5 57 53 84 93 89 30 31 50 98 95 42 69 88 52 79 54 62 10 
448-5-11 1?2.853 = 5 57 53 84 93 89 30 50 31 52 88 62 54 86 79 28 65 48 11 
448-5-14 1?2.74 = 5 67 33 17 63 78 85 66 39 58 25 61 49 73 94 44 71 96 14 
448-7-8 1?2.166 = 7 18 43 21 95 98 50 31 52 54 62 88 69 42 72 76 8 
448-7-9 1?2.09 = 7 18 43 21 50 31 52 54 86 62 88 69 42 95 72 9 
448-6-15 1?2.637 = 6 36 90 64 53 97 20 16 26 39 25 58 49 61 83 29 91 38 70 24 15 
448-7-10 1?2.418 = 7 18 8 76 72 95 98 42 69 50 31 52 88 62 54 79 28 86 10 
448-6-13 1?2.499 = 6 90 64 53 84 93 27 60 81 23 65 48 55 75 68 51 41 46 80 13 
448-6-9 1?2.379 = 6 36 90 64 53 97 84 93 89 30 31 52 54 62 88 69 42 9 
448-6-10 1?2.636 = 6 36 90 64 53 84 93 89 30 31 50 42 69 88 62 52 54 86 10 
448-6-12 1?2.509 = 6 36 43 21 95 98 50 31 52 88 62 54 86 79 28 65 48 55 87 12 
448-7-11 1?2.454 = 7 18 43 76 72 95 98 50 52 88 62 54 86 79 28 65 48 55 87 11 
448-6-11 1?2.629 = 6 90 64 53 84 93 89 30 31 52 88 62 54 86 79 28 65 48 11 
448-6-14 1?2.677 = 6 90 64 53 97 20 16 26 74 58 25 39 61 49 73 94 44 71 96 14 
448-8-9 1?1.893 = 8 76 21 95 98 50 31 52 79 86 54 62 88 69 42 9 
448-8-10 1?2.251 = 8 76 72 95 98 50 31 52 88 62 54 79 81 23 65 28 86 10 
448-7-13 1?2.302 = 7 18 43 21 50 52 62 54 79 28 65 48 55 75 68 51 41 80 13 
448-8-15 1?2.513 = 8 76 72 42 69 88 62 54 79 28 65 48 23 77 59 99 44 71 24 15 
448-8-13 1?1.994 = 8 76 72 42 69 88 62 54 79 28 65 48 55 75 68 51 41 46 80 13 
448-7-15 1?2.633 = 7 36 90 64 53 97 20 16 26 58 25 39 66 40 82 35 45 32 91 38 70 15 
448-7-12 1?2.237 = 7 18 43 21 95 98 50 31 52 88 62 54 86 79 28 65 48 55 87 12 
448-8-12 1?2.15 = 8 76 72 95 98 50 52 88 62 54 86 79 28 65 23 48 55 75 87 12 
448-8-11 1?2.238 = 8 76 72 95 98 21 89 30 31 52 88 62 54 86 79 28 65 48 11 
448-7-14 1?2.6 = 7 18 43 21 50 52 88 62 54 79 28 65 48 55 75 68 51 41 96 14 
448-8-14 1?2.343 = 8 76 72 95 98 50 52 88 62 54 79 28 65 48 55 75 68 51 41 96 14 
448-9-12 1?1.539 = 9 72 95 98 50 52 88 62 54 79 28 65 48 55 87 12 
448-10-12 1?1.584 = 10 62 54 79 28 65 48 55 75 68 51 41 46 80 12 
448-9-10 1?1.803 = 9 42 69 50 98 95 21 89 30 31 52 54 86 62 88 10 
448-10-11 1?1.786 = 10 86 54 62 88 69 42 72 95 98 50 31 52 79 28 11 
448-9-11 1?1.68 = 9 72 95 98 50 31 52 88 62 54 86 79 28 65 48 11 
448-10-13 1?1.584 = 10 88 52 62 54 86 79 28 65 48 55 75 68 51 41 46 80 13 
448-9-15 1?2.198 = 9 69 88 62 54 79 28 65 48 55 75 68 77 59 99 44 71 24 15 
448-9-13 1?1.821 = 9 69 52 88 62 54 86 79 28 65 48 55 75 68 51 41 46 80 13 
448-10-15 1?2.117 = 10 88 62 54 79 28 65 48 55 75 68 46 41 51 59 99 44 71 24 15 
448-10-14 1?1.869 = 10 88 62 54 79 28 65 48 55 75 68 51 77 59 99 44 71 96 14 
448-9-14 1?2.088 = 9 42 69 88 62 54 79 28 65 48 55 75 68 51 77 59 99 44 96 14 
448-11-13 1?1.479 = 11 86 54 79 28 65 48 55 75 68 51 41 46 80 13 
448-12-15 1?1.717 = 12 87 75 68 46 41 51 77 59 99 94 73 38 70 24 15 
448-12-13 1?1.791 = 12 87 55 48 65 23 75 68 51 77 59 99 41 46 80 13 
448-14-15 1?1.811 = 14 96 71 44 99 59 94 73 49 61 83 91 32 70 38 24 15 
448-13-15 1?1.549 = 13 80 46 41 51 77 59 99 94 73 49 61 83 38 70 15 
448-11-12 1?1.721 = 11 86 54 79 28 65 48 55 75 68 51 41 46 80 12 
448-12-14 1?1.642 = 12 87 75 68 46 41 51 77 59 99 94 73 44 71 96 14 
448-13-14 1?1.715 = 13 80 46 41 51 68 75 55 23 77 59 99 44 96 14 
448-11-15 1?2.077 = 11 28 65 48 55 75 68 46 41 51 77 59 99 94 73 38 70 24 15 
448-11-14 1?1.668 = 11 28 65 48 55 75 46 41 51 77 59 99 44 96 14 
stop
