start
290-0-1 1?1.665 = 0 98 62 34 25 84 85 52 63 77 60 80 96 22 50 1 
290-0-2 1?2.127 = 0 98 50 22 62 34 25 80 77 60 85 84 52 63 74 43 16 2 
290-0-3 1?1.906 = 0 98 50 62 34 25 80 77 60 85 84 52 63 43 74 83 68 3 
290-0-4 1?2.518 = 0 98 50 22 62 34 25 84 52 63 85 80 60 77 43 74 46 42 97 4 
290-0-5 1?2.487 = 0 98 62 34 25 80 77 60 63 52 51 65 76 95 30 89 40 42 97 81 5 
290-0-6 1?2.532 = 0 98 34 25 84 85 80 77 60 63 52 51 65 76 95 30 89 57 41 6 
290-0-7 1?2.455 = 0 98 62 34 25 80 77 60 63 52 51 65 76 95 38 54 24 59 47 7 
290-0-8 1?2.428 = 0 98 34 25 80 77 60 63 52 51 82 30 89 57 24 59 18 79 8 
290-0-9 1?2.617 = 0 98 34 25 80 77 60 85 52 63 51 65 76 95 67 36 92 66 72 9 
290-0-10 1?2.599 = 0 98 34 25 80 77 60 63 52 51 65 76 95 38 48 20 66 72 10 
290-0-11 1?2.418 = 0 31 32 21 55 29 23 75 58 87 45 94 53 70 33 88 56 17 11 
290-0-12 1?2.518 = 0 98 34 25 80 77 60 85 84 27 55 29 23 87 45 94 53 12 
290-0-13 1?2.198 = 0 98 34 25 80 77 60 85 84 27 55 29 23 45 94 13 
290-0-14 1?2.06 = 0 98 62 34 25 80 77 60 85 84 27 55 29 23 75 58 14 
290-0-15 1?1.919 = 0 98 62 34 25 80 77 60 85 84 27 55 29 32 15 
290-1-2 1?1.68 = 1 50 62 34 25 80 77 60 85 84 52 63 74 43 16 2 
290-1-3 1?1.506 = 1 50 62 34 25 84 85 80 77 60 63 43 74 83 68 3 
290-1-4 1?1.795 = 1 50 62 34 25 80 77 60 85 84 52 63 43 74 83 68 4 
290-1-5 1?2.213 = 1 50 62 34 25 84 85 80 77 60 63 52 51 82 42 97 81 86 5 
290-1-6 1?2.237 = 1 50 62 34 25 85 80 77 60 63 52 51 65 76 95 30 89 57 41 6 
290-1-7 1?2.259 = 1 50 62 34 25 80 77 60 63 51 65 76 95 38 54 19 24 59 47 7 
290-1-8 1?2.253 = 1 50 62 34 25 80 77 60 63 51 65 76 95 38 54 19 93 18 79 8 
290-1-9 1?2.426 = 1 50 62 34 25 85 80 77 60 63 52 51 65 76 95 38 48 20 66 72 9 
290-1-10 1?2.373 = 1 50 62 34 25 80 77 60 63 51 65 76 95 38 48 20 66 72 10 
290-1-11 1?2.37 = 1 50 62 34 25 80 77 60 63 51 65 95 67 26 91 69 71 17 11 
290-1-12 1?2.263 = 1 50 62 34 25 84 27 55 29 23 75 58 87 45 94 53 70 12 
290-1-13 1?2.006 = 1 50 62 34 25 80 77 60 85 84 27 55 29 23 45 94 13 
290-1-14 1?1.893 = 1 50 62 34 25 80 77 60 63 85 84 27 55 29 75 58 14 
290-1-15 1?1.776 = 1 50 62 34 25 80 77 60 85 84 27 44 55 29 32 15 
290-2-3 1?1.614 = 2 16 96 22 62 34 25 80 77 60 85 52 63 43 74 83 3 
290-2-4 1?1.879 = 2 16 96 22 62 34 25 80 85 52 63 60 77 43 74 46 4 
290-2-5 1?2.014 = 2 16 96 22 50 62 34 25 80 60 77 43 74 46 42 97 81 5 
290-2-6 1?2.229 = 2 16 96 77 60 80 85 63 52 51 65 76 95 30 89 57 41 6 
290-2-7 1?2.232 = 2 16 77 60 80 85 52 63 51 65 76 95 38 54 19 24 59 47 7 
290-2-8 1?2.231 = 2 16 77 60 80 85 52 63 51 65 76 95 38 54 24 59 18 79 8 
290-2-9 1?2.61 = 2 16 77 60 80 85 52 63 51 65 76 95 38 48 36 92 20 61 66 72 9 
290-2-10 1?2.64 = 2 16 96 22 34 25 80 77 60 63 52 51 65 76 95 38 48 20 66 72 10 
290-2-11 1?2.525 = 2 16 77 60 80 85 52 63 51 65 76 95 38 48 36 92 69 71 17 11 
290-2-12 1?2.386 = 2 16 77 60 80 85 84 27 55 29 23 75 58 87 45 94 53 70 12 
290-2-13 1?2.252 = 2 16 77 80 60 63 52 85 84 27 44 55 29 23 75 87 45 94 13 
290-2-14 1?2.109 = 2 16 96 22 62 34 25 80 77 60 85 84 27 55 29 23 75 58 14 
290-2-15 1?2.047 = 2 16 96 22 50 62 34 25 80 77 60 85 84 27 55 29 32 15 
290-3-4 1?2.034 = 3 68 83 74 43 77 60 80 85 84 52 63 51 82 46 4 
290-3-5 1?1.955 = 3 68 83 74 43 77 60 80 85 52 63 51 82 42 97 81 5 
290-3-6 1?2.135 = 3 83 74 43 77 60 80 85 52 63 51 82 30 89 57 41 6 
290-3-7 1?2.26 = 3 83 74 43 77 60 80 85 52 51 65 76 95 38 54 24 59 47 7 
290-3-8 1?2.312 = 3 83 74 43 77 60 80 85 52 51 65 95 38 54 24 59 18 79 8 
290-3-9 1?2.43 = 3 83 74 43 77 60 80 85 52 63 51 65 76 95 38 48 20 66 72 9 
290-3-10 1?2.488 = 3 83 74 43 77 60 80 85 52 63 51 65 76 95 38 48 20 66 72 10 
290-3-11 1?2.496 = 3 83 74 43 77 60 80 85 52 63 51 65 76 95 67 26 91 69 71 17 11 
290-3-12 1?2.409 = 3 83 74 43 77 60 80 85 84 27 55 29 23 75 87 45 94 53 12 
290-3-13 1?2.345 = 3 68 83 74 43 77 60 80 85 84 27 44 55 29 23 75 58 87 45 94 13 
290-3-14 1?2.302 = 3 83 74 43 63 52 85 60 77 80 25 84 27 44 55 29 23 87 75 58 14 
290-3-15 1?2.056 = 3 68 83 74 43 77 80 60 63 52 85 84 27 44 55 29 32 15 
290-4-5 1?2.104 = 4 46 74 43 77 60 80 85 52 63 51 82 42 97 81 5 
290-4-6 1?2.368 = 4 46 74 43 77 60 80 85 52 63 51 82 30 89 57 41 6 
290-4-7 1?2.375 = 4 97 42 40 30 89 57 54 19 20 66 61 93 79 18 47 7 
290-4-8 1?2.414 = 4 97 42 40 30 89 57 38 48 36 92 66 20 61 93 18 79 8 
290-4-9 1?2.613 = 4 46 74 43 77 60 80 85 52 51 65 76 95 38 48 20 66 72 9 
290-4-10 1?2.721 = 4 46 74 43 77 60 80 85 52 63 51 65 76 95 38 48 20 66 72 10 
290-4-11 1?2.685 = 4 46 74 43 77 60 80 85 52 63 51 65 76 67 26 91 69 71 17 11 
290-4-12 1?2.625 = 4 68 83 74 43 77 60 80 85 84 27 55 29 23 87 45 94 53 12 
290-4-13 1?2.411 = 4 46 74 43 77 60 80 85 84 27 55 29 23 75 58 87 45 94 13 
290-4-14 1?2.535 = 4 46 74 43 63 52 85 60 77 80 25 84 27 44 55 29 23 87 75 58 14 
290-4-15 1?2.472 = 4 68 83 74 43 63 52 85 60 77 80 25 84 27 44 55 29 21 32 15 
290-5-6 1?2.359 = 5 81 97 42 40 30 89 57 54 24 59 18 47 78 41 6 
290-5-7 1?2.141 = 5 81 97 42 40 30 89 57 38 54 19 93 79 18 47 7 
290-5-8 1?2.221 = 5 81 97 42 40 30 89 57 54 48 36 92 20 61 93 18 79 8 
290-5-9 1?2.654 = 5 81 97 42 40 30 89 57 54 48 36 92 66 20 61 93 18 79 90 9 
290-5-10 1?2.533 = 5 81 97 42 40 30 89 57 54 19 20 92 36 91 69 71 37 28 10 
290-5-11 1?2.57 = 5 81 97 42 40 30 89 57 54 19 93 61 20 92 36 91 69 71 17 11 
290-5-12 1?2.742 = 5 81 97 42 40 89 30 57 54 19 93 61 20 92 36 91 69 88 56 12 
290-5-13 1?2.559 = 5 81 97 42 46 74 43 77 60 80 85 84 27 55 29 23 45 94 13 
290-5-14 1?2.548 = 5 81 97 42 82 51 52 63 60 77 80 85 84 27 44 55 29 75 58 14 
290-5-15 1?2.507 = 5 81 97 42 46 74 43 77 80 60 63 52 85 84 27 44 55 29 32 15 
290-6-7 1?2.224 = 6 41 57 89 30 95 65 76 67 38 54 19 24 59 47 7 
290-6-8 1?2.265 = 6 86 81 97 42 40 30 89 57 54 19 93 24 59 18 79 8 
290-6-9 1?2.661 = 6 41 40 30 89 57 38 48 36 92 66 20 61 93 18 79 90 9 
290-6-10 1?2.565 = 6 41 78 47 59 24 19 93 61 20 66 92 36 91 69 71 37 10 
290-6-11 1?2.58 = 6 41 78 59 24 19 93 61 20 66 92 36 91 69 33 88 56 17 11 
290-6-12 1?2.823 = 6 41 57 89 30 95 76 65 73 44 55 29 23 75 58 87 45 94 53 12 
290-6-13 1?2.677 = 6 41 57 89 30 95 65 73 27 44 55 29 23 75 58 87 45 94 13 
290-6-14 1?2.699 = 6 86 81 97 42 46 74 43 77 60 80 85 84 27 55 29 23 75 58 14 
290-6-15 1?2.701 = 6 41 57 89 30 95 65 51 63 60 77 80 85 84 27 55 29 32 15 
290-7-8 1?2.046 = 7 47 59 24 19 54 48 36 92 20 61 93 18 79 90 8 
290-7-9 1?2.153 = 7 47 59 24 19 54 48 36 92 20 61 93 18 79 90 9 
290-7-10 1?2.498 = 7 47 59 24 19 93 61 20 66 92 36 91 69 33 88 56 17 28 10 
290-7-11 1?2.44 = 7 47 18 59 24 19 93 61 20 66 92 36 91 69 33 88 56 17 11 
290-7-12 1?2.741 = 7 47 59 24 19 93 61 20 66 92 36 91 69 71 17 56 88 33 70 12 
290-7-13 1?2.703 = 7 47 59 24 19 20 92 36 91 26 35 39 64 44 55 29 23 45 94 13 
290-7-14 1?2.66 = 7 47 18 79 93 61 20 92 36 91 69 33 70 53 94 45 87 23 75 58 14 
290-7-15 1?2.723 = 7 47 18 79 93 61 20 66 92 36 91 26 35 39 64 44 55 29 21 32 15 
290-8-9 1?2.143 = 8 79 18 59 24 19 20 92 36 91 69 71 37 72 9 
290-8-10 1?1.968 = 8 79 18 59 24 19 20 66 92 36 91 69 71 37 10 
290-8-11 1?1.897 = 8 79 18 93 61 20 66 92 36 91 69 71 88 56 11 
290-8-12 1?2.514 = 8 79 18 59 24 19 93 61 20 66 92 36 91 26 69 33 88 56 12 
290-8-13 1?2.534 = 8 79 18 93 20 66 92 36 91 26 35 39 64 23 75 58 87 45 94 13 
290-8-14 1?2.517 = 8 79 18 93 61 20 92 36 91 26 35 39 64 44 55 29 23 87 75 58 14 
290-8-15 1?2.562 = 8 79 18 93 61 20 66 92 36 91 26 35 39 64 44 27 55 29 32 15 
290-9-10 1?2.177 = 9 90 79 18 59 24 19 20 92 36 91 69 71 37 10 
290-9-11 1?2.15 = 9 90 79 18 93 61 20 92 36 91 69 33 88 56 17 11 
290-9-12 1?2.449 = 9 90 79 18 59 24 93 61 20 92 36 91 69 33 88 56 12 
290-9-13 1?2.507 = 9 72 66 92 36 91 26 49 35 39 64 44 55 29 23 45 13 
290-9-14 1?2.738 = 9 72 61 20 92 36 91 26 35 39 64 44 55 29 23 94 45 87 75 58 14 
290-9-15 1?2.72 = 9 90 79 18 93 61 20 66 92 36 91 26 35 39 64 44 55 29 32 15 
290-10-11 1?2.279 = 10 28 37 72 66 61 20 92 36 91 69 33 88 56 17 11 
290-10-12 1?2.487 = 10 37 71 69 91 26 35 39 64 55 29 75 87 45 94 53 12 
290-10-13 1?2.344 = 10 28 37 71 69 91 26 35 39 64 44 55 29 75 87 45 94 13 
290-10-14 1?2.681 = 10 28 17 56 88 33 70 53 94 45 87 58 75 23 29 55 21 32 99 14 
290-10-15 1?2.465 = 10 28 37 71 88 56 70 53 94 45 87 58 75 23 29 55 21 32 15 
290-11-12 1?2.376 = 11 17 88 33 49 35 39 64 44 55 29 75 87 45 94 53 12 
290-11-13 1?2.092 = 11 17 28 37 71 88 33 70 53 94 45 23 75 58 87 13 
290-11-14 1?2.404 = 11 17 56 88 33 70 53 94 45 87 58 75 23 29 55 21 32 99 14 
290-11-15 1?2.426 = 11 17 56 88 33 70 53 94 45 87 58 75 23 29 55 44 27 21 32 15 
290-12-13 1?2.481 = 12 11 17 28 37 71 88 33 70 53 94 45 23 75 58 87 13 
290-12-14 1?2.123 = 12 70 53 94 45 87 58 75 23 29 55 21 31 32 99 14 
290-12-15 1?2.484 = 12 56 17 88 33 70 53 94 45 87 58 75 23 29 55 21 31 32 15 
290-13-14 1?2.082 = 13 53 94 45 87 75 23 29 55 44 27 21 32 99 14 
290-13-15 1?1.962 = 13 53 94 45 87 58 75 23 29 55 44 27 31 21 32 15 
290-14-15 1?1.969 = 14 58 75 23 87 45 94 53 49 35 39 64 55 29 32 15 
stop
