start
562-0-1 1?2.139 = 0 31 45 87 17 25 21 66 19 77 80 94 81 47 1 
562-0-2 1?2.042 = 0 31 45 87 25 21 66 19 94 81 80 77 62 92 2 
562-0-3 1?1.986 = 0 31 45 17 25 21 66 19 94 81 80 77 62 98 3 
562-0-4 1?2.555 = 0 31 45 87 25 21 66 19 94 81 80 77 91 84 64 38 93 4 
562-0-5 1?2.407 = 0 52 57 85 47 81 94 80 77 91 84 64 38 33 32 75 95 5 
562-0-6 1?2.606 = 0 52 57 85 47 81 94 80 77 91 84 64 33 32 75 35 20 74 28 6 
562-0-7 1?2.569 = 0 52 57 85 47 81 94 80 77 91 84 71 18 70 53 20 74 30 59 7 
562-0-8 1?2.564 = 0 31 87 25 66 21 71 18 70 53 41 35 74 20 83 96 51 8 
562-0-9 1?2.47 = 0 31 87 25 21 71 18 53 70 23 16 29 24 88 44 89 99 9 
562-0-10 1?2.681 = 0 31 45 87 25 21 71 18 53 70 23 16 29 24 88 79 36 54 10 
562-0-11 1?2.675 = 0 31 45 56 82 65 78 76 97 49 39 69 37 68 90 67 55 27 42 11 
562-0-12 1?2.609 = 0 31 45 39 69 49 97 65 78 76 63 37 68 22 60 55 90 67 12 
562-0-13 1?2.625 = 0 31 45 39 69 49 97 65 78 76 37 68 22 60 55 90 67 13 
562-0-14 1?2.356 = 0 52 57 85 47 81 94 80 77 19 87 17 39 49 97 65 14 
562-0-15 1?2.367 = 0 52 57 85 47 81 94 80 77 19 87 31 45 82 56 15 
562-1-2 1?2.323 = 1 52 57 85 47 81 94 80 77 91 84 64 38 93 62 92 2 
562-1-3 1?2.19 = 1 47 81 94 80 77 91 84 64 33 32 75 38 93 98 3 
562-1-4 1?2.343 = 1 47 81 94 80 77 91 84 71 18 70 53 41 33 64 38 93 4 
562-1-5 1?2.279 = 1 47 81 94 80 77 91 84 71 18 70 53 41 32 75 95 5 
562-1-6 1?2.297 = 1 47 81 94 80 77 91 84 64 33 32 75 35 20 74 28 34 6 
562-1-7 1?2.385 = 1 47 81 94 80 77 91 84 71 18 70 53 41 35 20 74 30 59 7 
562-1-8 1?2.497 = 1 47 81 94 80 77 91 84 71 18 70 53 41 35 74 20 83 96 51 8 
562-1-9 1?2.444 = 1 47 81 94 80 77 91 84 71 18 70 16 23 29 24 88 44 89 99 9 
562-1-10 1?2.486 = 1 47 81 94 80 77 91 84 71 18 53 70 16 23 29 24 79 36 54 10 
562-1-11 1?2.64 = 1 85 47 81 94 80 77 91 84 71 18 53 70 16 23 29 24 79 36 42 11 
562-1-12 1?2.604 = 1 47 81 94 80 77 91 84 71 18 53 70 16 23 29 60 55 67 12 
562-1-13 1?2.525 = 1 85 47 81 94 80 77 91 84 66 21 25 17 39 49 97 78 76 13 
562-1-14 1?2.302 = 1 85 47 81 94 80 77 91 84 66 21 25 17 39 49 97 65 14 
562-1-15 1?2.156 = 1 47 81 94 80 77 91 84 66 21 25 87 45 56 15 
562-2-3 1?2.104 = 2 47 81 94 80 77 91 84 64 33 32 75 38 93 98 3 
562-2-4 1?2.15 = 2 81 80 77 91 84 71 18 70 53 41 33 64 38 93 4 
562-2-5 1?2.094 = 2 81 94 80 77 91 84 71 18 70 53 41 32 75 95 5 
562-2-6 1?2.16 = 2 81 94 80 77 91 84 71 18 70 53 20 74 28 30 34 6 
562-2-7 1?2.158 = 2 81 94 80 77 91 84 64 33 32 75 35 20 74 28 30 59 7 
562-2-8 1?2.487 = 2 47 81 94 80 77 91 84 71 18 70 53 41 35 74 20 83 96 73 51 8 
562-2-9 1?2.362 = 2 81 94 80 77 91 84 71 18 53 70 16 23 29 24 88 44 99 89 72 9 
562-2-10 1?2.497 = 2 47 81 94 80 77 91 84 71 18 53 70 16 23 29 24 88 79 36 54 10 
562-2-11 1?2.497 = 2 81 94 80 77 91 84 71 18 53 70 16 23 29 24 88 79 36 42 11 
562-2-12 1?2.488 = 2 81 94 80 77 91 84 71 18 53 70 16 23 29 60 22 90 67 12 
562-2-13 1?2.448 = 2 47 81 94 80 77 91 84 66 21 25 17 39 69 49 97 78 76 13 
562-2-14 1?2.193 = 2 81 94 80 77 19 66 21 25 17 39 69 49 97 76 78 65 14 
562-2-15 1?2.07 = 2 47 81 94 80 77 91 84 66 21 25 87 45 56 15 
562-3-4 1?1.958 = 3 92 62 77 80 81 94 19 66 21 84 64 38 93 48 4 
562-3-5 1?2.036 = 3 98 62 77 80 81 94 19 66 21 84 91 64 38 93 5 
562-3-6 1?1.976 = 3 92 81 94 80 77 91 84 64 33 32 75 28 30 34 6 
562-3-7 1?2.101 = 3 98 92 62 81 94 80 77 91 84 64 33 32 75 28 30 59 7 
562-3-8 1?2.267 = 3 92 62 81 94 80 77 91 84 64 33 32 75 35 20 83 96 51 8 
562-3-9 1?2.315 = 3 92 62 80 77 91 84 71 18 53 70 23 16 29 24 88 44 89 99 9 
562-3-10 1?2.458 = 3 92 62 81 94 80 77 91 84 71 18 53 70 23 16 29 24 79 36 54 10 
562-3-11 1?2.557 = 3 92 62 81 94 80 77 91 84 71 18 53 70 23 16 29 24 79 36 42 11 
562-3-12 1?2.576 = 3 92 62 81 94 80 77 91 84 71 18 53 70 23 16 29 60 55 67 12 
562-3-13 1?2.468 = 3 92 62 77 80 81 94 19 66 21 25 17 39 69 49 97 65 78 76 13 
562-3-14 1?2.182 = 3 92 62 77 80 81 94 19 66 21 25 17 39 49 97 76 78 65 14 
562-3-15 1?2.318 = 3 98 92 62 77 80 81 94 19 66 21 25 17 69 49 97 82 56 15 
562-4-5 1?2.229 = 4 98 62 77 80 81 94 19 66 21 84 91 64 38 93 5 
562-4-6 1?2.075 = 4 93 38 64 33 32 75 35 41 53 70 20 74 28 34 6 
562-4-7 1?2.034 = 4 93 38 64 33 32 75 35 41 53 70 20 74 30 59 7 
562-4-8 1?2.07 = 4 93 38 64 33 32 75 35 41 53 70 20 83 96 51 8 
562-4-9 1?2.282 = 4 93 38 64 33 32 75 35 41 53 70 23 16 29 24 88 44 89 99 9 
562-4-10 1?2.486 = 4 48 93 38 64 33 32 75 35 41 53 70 23 16 29 24 88 79 36 54 10 
562-4-11 1?2.585 = 4 48 93 38 64 33 32 75 35 41 53 70 23 16 29 24 88 79 36 42 11 
562-4-12 1?2.699 = 4 48 93 38 64 33 32 75 35 41 53 70 16 29 60 22 55 90 67 12 
562-4-13 1?2.587 = 4 98 62 77 80 81 94 19 66 21 25 17 39 69 49 97 78 76 13 
562-4-14 1?2.482 = 4 98 62 77 80 81 94 19 66 21 25 17 39 69 49 97 76 78 65 14 
562-4-15 1?2.542 = 4 93 38 64 71 18 53 70 23 16 40 50 46 69 39 49 97 82 56 15 
562-5-6 1?2.147 = 5 93 38 64 33 32 75 35 41 53 70 20 74 28 34 6 
562-5-7 1?2.042 = 5 95 75 32 33 71 18 70 53 41 35 20 74 59 7 
562-5-8 1?2.09 = 5 95 75 32 41 53 70 23 16 29 24 88 96 73 8 
562-5-9 1?2.296 = 5 95 75 35 41 71 18 53 70 23 16 29 24 88 44 89 99 9 
562-5-10 1?2.437 = 5 95 75 32 33 41 71 18 53 70 16 23 29 24 88 79 36 54 10 
562-5-11 1?2.533 = 5 95 75 32 33 41 71 18 53 70 23 16 29 24 88 79 36 42 11 
562-5-12 1?2.591 = 5 48 93 38 64 33 32 75 35 41 53 70 23 16 29 60 55 67 12 
562-5-13 1?2.664 = 5 95 75 32 33 41 53 70 23 16 29 61 69 39 49 97 78 76 13 
562-5-14 1?2.528 = 5 95 75 32 33 41 53 70 18 40 50 46 69 39 49 97 76 78 65 14 
562-5-15 1?2.553 = 5 95 75 32 33 41 53 70 23 16 40 50 46 69 39 49 97 82 15 
562-6-7 1?2.08 = 6 95 75 32 33 71 18 70 53 41 35 20 74 59 7 
562-6-8 1?2.084 = 6 34 28 35 41 53 70 23 16 29 24 88 96 73 51 8 
562-6-9 1?1.932 = 6 28 74 20 53 70 23 16 29 24 88 44 89 99 9 
562-6-10 1?2.368 = 6 34 28 75 32 33 71 18 53 70 16 23 29 24 88 79 36 54 10 
562-6-11 1?2.466 = 6 34 28 35 41 53 70 23 16 29 24 88 44 36 79 26 27 42 11 
562-6-12 1?2.458 = 6 34 28 75 32 33 71 18 53 70 16 23 29 60 22 90 67 12 
562-6-13 1?2.711 = 6 34 28 75 32 33 41 53 70 16 23 29 61 69 39 49 97 78 76 13 
562-6-14 1?2.72 = 6 34 30 28 75 32 33 41 53 70 16 23 29 50 46 69 39 49 97 78 65 14 
562-6-15 1?2.698 = 6 34 28 75 32 33 71 18 53 70 16 23 29 61 69 39 49 97 82 56 15 
562-7-8 1?1.993 = 7 59 74 20 53 70 23 16 29 24 88 96 73 51 8 
562-7-9 1?1.854 = 7 59 74 20 53 70 23 16 29 24 88 44 89 99 9 
562-7-10 1?1.97 = 7 59 74 20 53 70 23 16 29 24 88 79 36 54 10 
562-7-11 1?2.397 = 7 59 30 28 75 32 33 41 53 70 16 23 29 24 88 79 36 42 11 
562-7-12 1?2.388 = 7 59 30 28 75 32 33 41 53 70 16 23 29 60 22 90 67 12 
562-7-13 1?2.5 = 7 59 30 28 75 32 33 41 53 70 16 23 29 60 22 90 67 13 
562-7-14 1?2.518 = 7 59 30 74 20 53 70 23 29 16 40 50 61 69 39 49 97 78 65 14 
562-7-15 1?2.539 = 7 59 30 28 75 32 33 41 53 70 40 50 61 69 39 49 97 82 56 15 
562-8-9 1?2.029 = 8 51 73 96 83 20 53 70 16 29 24 88 44 99 9 
562-8-10 1?2.069 = 8 51 73 96 83 20 53 70 23 16 29 24 79 36 54 10 
562-8-11 1?2.168 = 8 51 73 96 83 20 53 70 23 16 29 24 79 36 42 11 
562-8-12 1?2.428 = 8 51 73 96 83 20 35 41 53 70 23 16 29 60 22 90 67 12 
562-8-13 1?2.616 = 8 51 73 96 83 20 74 35 41 53 70 23 16 29 60 22 90 67 13 
562-8-14 1?2.45 = 8 51 73 43 99 89 44 36 79 26 27 55 67 90 68 37 76 78 65 14 
562-8-15 1?2.552 = 8 51 73 96 83 20 53 70 23 16 40 50 61 69 39 49 97 82 56 15 
562-9-10 1?2.046 = 9 99 89 44 36 79 26 27 55 90 67 86 42 54 10 
562-9-11 1?2.072 = 9 99 89 44 36 79 26 27 55 60 22 90 67 86 11 
562-9-12 1?2.072 = 9 99 89 44 36 79 26 27 86 55 60 22 90 67 12 
562-9-13 1?2.47 = 9 99 89 44 36 79 26 27 55 67 90 68 37 49 97 65 78 76 13 
562-9-14 1?2.345 = 9 99 89 44 36 79 26 27 55 67 90 68 37 69 39 49 97 78 65 14 
562-9-15 1?2.588 = 9 99 89 44 36 79 26 55 67 90 68 37 69 39 49 97 76 78 65 82 56 15 
562-10-11 1?2.25 = 10 54 44 72 89 99 43 73 96 88 36 79 26 27 42 11 
562-10-12 1?2.301 = 10 54 36 79 88 24 29 23 16 40 50 61 22 90 67 12 
562-10-13 1?2.165 = 10 54 42 27 55 67 90 68 37 69 39 49 97 78 76 13 
562-10-14 1?2.342 = 10 54 36 79 26 27 55 67 90 68 37 69 39 49 97 65 78 76 14 
562-10-15 1?2.623 = 10 54 36 79 24 29 16 23 70 53 18 40 50 46 69 39 49 97 82 56 15 
562-11-12 1?2.4 = 11 42 36 79 88 24 29 23 16 40 50 61 22 90 67 12 
562-11-13 1?2.085 = 11 42 27 55 67 90 68 37 69 39 49 97 65 78 76 13 
562-11-14 1?2.51 = 11 42 27 26 60 22 55 67 90 68 37 76 78 97 49 82 65 14 
562-11-15 1?2.567 = 11 42 27 26 60 22 55 67 90 68 37 69 39 49 97 76 78 65 82 15 
562-12-13 1?2.311 = 12 67 55 60 22 69 39 49 97 65 78 76 37 68 63 13 
562-12-14 1?2.255 = 12 67 90 55 60 22 68 37 63 76 78 97 49 82 65 14 
562-12-15 1?2.129 = 12 67 55 60 22 68 37 69 39 49 97 76 78 65 82 15 
562-13-14 1?2.079 = 13 63 37 68 90 55 60 22 69 39 49 97 76 78 65 14 
562-13-15 1?2.315 = 13 63 37 68 90 55 60 22 69 39 49 97 78 65 82 56 15 
562-14-15 1?2.075 = 14 65 78 76 37 68 90 55 60 22 69 49 97 82 56 15 
stop
