start
302-0-1 1?2.174 = 0 73 30 71 33 37 96 78 79 16 88 42 22 97 70 1 
302-0-2 1?1.994 = 0 73 30 71 33 37 96 78 79 16 88 42 22 97 70 2 
302-0-3 1?2.08 = 0 33 71 30 73 40 88 42 22 97 54 67 43 89 46 3 
302-0-4 1?2.484 = 0 33 71 30 73 40 88 42 22 97 70 60 54 67 43 46 89 4 
302-0-5 1?2.562 = 0 73 30 71 79 78 66 59 58 90 18 55 86 17 75 35 83 65 5 
302-0-6 1?2.484 = 0 73 30 71 40 16 79 78 66 59 58 90 18 55 86 17 75 35 32 6 
302-0-7 1?2.454 = 0 73 30 71 79 78 66 59 58 90 18 55 86 38 69 44 68 51 92 7 
302-0-8 1?2.632 = 0 73 30 71 79 78 66 59 58 90 18 55 86 38 69 44 68 99 52 25 8 
302-0-9 1?2.686 = 0 30 71 79 78 66 59 58 90 18 55 86 38 84 93 74 57 26 91 9 
302-0-10 1?2.683 = 0 73 30 71 40 88 16 79 78 66 59 58 31 45 94 24 76 29 34 50 10 
302-0-11 1?2.482 = 0 73 30 71 40 88 16 79 78 66 59 58 31 45 94 24 76 29 56 11 
302-0-12 1?2.436 = 0 73 30 71 40 88 16 79 78 66 59 31 45 94 24 76 29 56 95 12 
302-0-13 1?1.99 = 0 73 30 71 40 88 16 79 78 66 31 41 85 53 61 36 13 
302-0-14 1?2.031 = 0 73 30 71 40 88 16 79 78 66 41 85 62 53 61 14 
302-0-15 1?2.228 = 0 73 30 71 40 88 16 79 78 66 59 58 31 41 85 62 15 
302-1-2 1?2.287 = 1 42 88 40 16 79 78 66 59 58 90 20 23 97 70 2 
302-1-3 1?2.148 = 1 73 30 71 40 16 88 42 22 97 23 54 43 67 89 46 3 
302-1-4 1?2.602 = 1 73 30 71 40 16 88 42 22 97 70 60 98 3 46 89 43 67 47 4 
302-1-5 1?2.561 = 1 88 40 16 79 78 66 59 58 90 18 55 86 17 75 83 65 5 
302-1-6 1?2.483 = 1 42 88 40 16 79 78 66 59 58 90 18 55 86 17 75 35 32 6 
302-1-7 1?2.503 = 1 88 16 79 78 66 59 58 90 18 55 86 38 69 44 68 99 92 7 
302-1-8 1?2.656 = 1 88 16 79 78 66 59 58 90 18 55 86 38 84 93 74 57 26 91 8 
302-1-9 1?2.695 = 1 88 16 79 78 66 59 58 90 18 55 38 84 93 74 57 26 91 9 
302-1-10 1?2.793 = 1 22 42 88 40 16 79 78 66 59 58 90 18 21 39 81 28 77 50 10 
302-1-11 1?2.738 = 1 70 97 22 42 88 40 73 30 71 79 78 66 59 31 45 94 24 76 29 11 
302-1-12 1?2.589 = 1 22 42 88 40 73 30 71 79 78 66 59 58 45 94 24 76 29 56 12 
302-1-13 1?2.412 = 1 22 42 88 40 73 30 71 79 78 66 59 58 31 41 85 53 61 36 13 
302-1-14 1?2.101 = 1 22 42 88 40 73 30 71 79 78 66 41 85 53 61 14 
302-1-15 1?2.177 = 1 70 97 22 42 88 40 73 30 71 79 78 66 96 37 15 
302-2-3 1?2.193 = 2 70 97 22 42 88 40 71 16 23 54 43 67 89 46 3 
302-2-4 1?2.229 = 2 70 97 22 42 88 40 73 30 71 16 23 54 67 89 4 
302-2-5 1?2.351 = 2 98 60 43 67 54 48 17 86 38 75 35 32 83 65 5 
302-2-6 1?2.235 = 2 98 60 43 67 54 48 17 86 38 75 35 32 83 65 6 
302-2-7 1?2.453 = 2 70 97 23 20 90 18 55 86 38 84 93 74 44 68 99 92 51 7 
302-2-8 1?2.609 = 2 98 60 43 67 54 48 17 86 38 84 93 74 44 51 92 68 99 52 25 8 
302-2-9 1?2.706 = 2 70 97 54 43 67 48 17 86 38 84 69 44 93 74 57 26 91 9 
302-2-10 1?2.81 = 2 70 60 43 67 54 48 17 86 38 84 93 74 57 72 49 77 50 10 
302-2-11 1?2.629 = 2 70 97 22 42 88 16 40 73 30 71 79 78 66 59 31 45 94 24 76 29 11 
302-2-12 1?2.569 = 2 70 97 22 42 88 40 16 79 78 66 41 31 45 94 24 76 29 56 12 
302-2-13 1?2.455 = 2 70 97 22 42 88 16 40 73 30 71 79 78 66 41 85 62 53 61 36 13 
302-2-14 1?2.351 = 2 70 97 22 42 88 16 40 73 30 71 79 78 66 41 85 53 36 61 14 
302-2-15 1?1.997 = 2 70 97 22 42 88 40 73 30 71 79 78 66 96 37 15 
302-3-4 1?2.322 = 3 98 60 70 97 22 42 88 40 16 23 54 43 67 89 4 
302-3-5 1?2.205 = 3 46 89 67 43 54 48 17 86 38 75 35 32 83 65 5 
302-3-6 1?2.089 = 3 46 89 67 43 54 48 17 86 38 75 35 32 83 65 6 
302-3-7 1?2.084 = 3 46 43 67 54 48 17 86 38 84 93 74 52 99 68 92 51 7 
302-3-8 1?2.617 = 3 46 89 67 43 54 48 17 86 38 75 35 69 44 74 93 82 57 91 26 8 
302-3-9 1?2.449 = 3 46 43 67 54 48 17 86 38 75 35 69 44 93 74 57 26 91 9 
302-3-10 1?2.595 = 3 46 89 67 43 54 48 17 86 38 84 93 74 57 72 49 77 50 10 
302-3-11 1?2.855 = 3 98 60 97 22 42 88 16 40 73 30 71 79 78 66 59 58 45 94 24 76 29 11 
302-3-12 1?2.663 = 3 98 60 97 22 42 88 16 79 78 66 59 58 45 94 24 76 29 56 12 
302-3-13 1?2.636 = 3 98 60 97 22 42 88 40 73 30 71 79 78 66 59 31 41 85 53 61 36 13 
302-3-14 1?2.572 = 3 98 60 97 22 42 88 16 40 73 30 71 79 78 66 41 85 53 61 36 14 
302-3-15 1?2.663 = 3 98 60 70 97 22 42 88 16 40 73 30 71 79 78 66 96 37 33 15 
302-4-5 1?2.152 = 4 89 46 43 67 54 48 17 86 38 75 35 83 65 5 
302-4-6 1?2.037 = 4 89 67 43 54 48 17 86 38 75 35 32 83 65 6 
302-4-7 1?2.049 = 4 89 67 43 54 48 17 86 38 84 69 44 68 99 92 51 7 
302-4-8 1?2.245 = 4 89 67 43 54 48 17 86 38 75 35 69 44 68 99 52 25 8 
302-4-9 1?2.587 = 4 89 67 43 54 48 17 86 38 84 93 74 57 26 91 72 49 64 9 
302-4-10 1?2.623 = 4 89 43 67 48 17 86 38 69 44 93 74 57 72 49 77 50 10 
302-4-11 1?2.865 = 4 89 67 43 54 48 17 86 38 84 93 74 57 72 49 77 19 34 29 11 
302-4-12 1?2.737 = 4 47 17 86 38 84 93 74 57 72 49 77 19 94 24 76 29 56 12 
302-4-13 1?2.716 = 4 89 46 60 97 22 42 88 40 73 30 71 79 78 66 41 85 53 61 36 13 
302-4-14 1?2.752 = 4 89 43 67 54 97 22 42 88 40 73 30 71 79 78 66 41 85 62 14 
302-4-15 1?2.903 = 4 89 46 43 67 54 23 97 22 42 88 40 73 30 71 79 78 66 96 37 15 
302-5-6 1?1.847 = 5 65 83 35 75 17 86 38 84 93 74 44 69 32 6 
302-5-7 1?1.844 = 5 65 83 32 35 75 17 86 38 84 69 44 68 99 92 51 7 
302-5-8 1?2.052 = 5 65 83 32 35 75 17 86 38 84 93 74 44 68 99 52 25 8 
302-5-9 1?2.326 = 5 65 83 32 35 75 17 86 38 84 69 44 93 74 82 57 26 91 9 
302-5-10 1?2.338 = 5 65 83 32 35 75 17 86 38 84 93 74 57 72 49 77 50 10 
302-5-11 1?2.66 = 5 65 83 32 35 75 17 86 38 84 93 74 57 72 49 77 19 34 29 11 
302-5-12 1?2.623 = 5 65 83 32 35 69 44 93 74 57 72 49 77 19 34 29 76 24 56 12 
302-5-13 1?2.778 = 5 65 83 32 35 38 17 86 55 18 90 58 59 31 41 85 53 61 36 13 
302-5-14 1?2.819 = 5 65 83 32 35 75 17 86 55 18 90 58 59 66 41 85 53 61 36 14 
302-5-15 1?2.641 = 5 65 83 32 35 75 17 86 55 18 90 58 59 66 78 96 37 15 
302-6-7 1?1.603 = 6 32 35 69 44 93 74 57 91 26 52 99 68 51 92 7 
302-6-8 1?1.687 = 6 65 83 35 75 17 86 38 84 69 44 68 99 52 25 8 
302-6-9 1?1.796 = 6 32 35 75 17 86 38 69 44 93 74 57 26 91 9 
302-6-10 1?2.289 = 6 32 35 75 17 86 38 69 44 93 74 57 82 72 49 77 50 10 
302-6-11 1?2.425 = 6 65 83 35 75 17 86 38 84 93 74 57 72 49 77 19 34 29 11 
302-6-12 1?2.424 = 6 65 83 35 75 17 86 55 18 21 39 81 19 34 29 76 24 56 12 
302-6-13 1?2.412 = 6 32 35 75 17 86 55 18 90 58 59 66 41 85 53 61 36 13 
302-6-14 1?2.773 = 6 32 51 92 68 44 69 35 75 17 86 55 18 90 58 59 31 41 85 62 14 
302-6-15 1?2.799 = 6 32 35 75 17 86 55 18 90 58 59 66 78 79 16 88 40 73 30 71 33 15 
302-7-8 1?1.642 = 7 92 51 44 69 35 75 17 86 38 84 93 74 52 25 8 
302-7-9 1?1.751 = 7 92 51 68 99 52 26 91 57 74 93 82 72 49 64 9 
302-7-10 1?1.791 = 7 92 99 68 44 93 74 57 26 91 72 49 77 50 10 
302-7-11 1?2.283 = 7 92 51 68 99 52 25 26 91 57 74 93 82 72 49 77 19 34 29 11 
302-7-12 1?2.362 = 7 92 51 68 99 25 52 57 74 93 82 72 49 77 19 34 29 76 24 56 12 
302-7-13 1?2.463 = 7 92 51 68 44 69 38 86 55 18 90 58 59 31 41 85 53 61 36 13 
302-7-14 1?2.581 = 7 92 51 68 74 93 84 38 17 86 55 18 90 58 59 66 41 85 62 14 
302-7-15 1?2.62 = 7 92 51 68 99 25 52 74 93 84 38 86 55 18 90 58 59 66 96 37 15 
302-8-9 1?1.793 = 8 25 52 99 68 92 51 44 74 93 82 72 57 26 91 9 
302-8-10 1?1.868 = 8 25 52 99 68 92 51 44 93 74 57 72 49 77 50 10 
302-8-11 1?2.036 = 8 25 52 99 68 44 93 74 57 72 49 77 19 34 29 11 
302-8-12 1?2.276 = 8 25 52 99 92 51 68 74 93 82 72 49 77 19 34 76 24 95 12 
302-8-13 1?2.471 = 8 25 52 74 93 82 27 21 39 58 59 66 41 85 53 61 36 13 
302-8-14 1?2.55 = 8 25 52 99 68 74 93 84 38 86 55 18 90 58 31 41 85 62 14 
302-8-15 1?2.617 = 8 25 52 99 68 44 69 35 75 17 86 55 18 90 58 59 66 96 37 15 
302-9-10 1?2.118 = 9 91 26 52 99 68 44 74 93 82 72 49 77 50 10 
302-9-11 1?2.26 = 9 91 26 57 74 93 82 72 49 77 19 94 24 76 34 29 11 
302-9-12 1?2.455 = 9 91 26 57 74 93 82 27 21 39 81 28 19 34 29 76 24 56 12 
302-9-13 1?2.574 = 9 91 26 57 74 93 82 27 21 39 58 59 31 41 85 53 61 36 13 
302-9-14 1?2.612 = 9 91 57 74 93 84 38 86 55 18 90 58 59 31 41 85 62 14 
302-9-15 1?2.589 = 9 91 26 57 74 93 84 38 86 55 18 90 58 59 66 96 37 15 
302-10-11 1?2.417 = 10 50 77 49 72 57 74 93 82 27 39 81 19 34 29 11 
302-10-12 1?2.433 = 10 50 63 64 49 27 21 39 81 28 19 34 29 76 24 95 12 
302-10-13 1?2.372 = 10 50 19 34 29 56 76 24 94 45 31 41 85 53 61 36 13 
302-10-14 1?2.529 = 10 50 34 29 76 24 94 45 58 59 66 41 85 53 61 36 14 
302-10-15 1?2.742 = 10 50 34 29 76 24 94 45 31 59 66 78 79 16 88 40 71 30 33 15 
302-11-12 1?2.636 = 11 29 34 19 81 39 21 18 90 58 59 31 45 94 24 95 12 
302-11-13 1?2.341 = 11 29 76 24 94 45 31 58 59 66 41 85 62 53 61 36 13 
302-11-14 1?2.472 = 11 29 76 24 94 45 58 59 66 79 78 96 37 62 53 61 14 
302-11-15 1?2.478 = 11 29 76 24 94 45 58 59 66 78 79 16 88 40 73 30 71 33 15 
302-12-13 1?2.179 = 12 95 56 29 34 76 24 94 45 31 41 85 62 53 61 36 13 
302-12-14 1?2.276 = 12 56 24 76 29 34 19 94 45 31 41 85 62 53 36 61 14 
302-12-15 1?2.349 = 12 56 76 24 94 45 31 66 78 79 16 88 40 73 30 33 15 
302-13-14 1?2.146 = 13 36 61 53 85 41 31 58 59 66 79 78 96 37 62 14 
302-13-15 1?2.037 = 13 36 61 53 85 41 66 78 79 16 88 40 71 30 33 15 
302-14-15 1?2.094 = 14 61 36 53 85 41 66 78 79 16 88 40 71 30 33 15 
stop
