start
851-0-4 1?2.197 = 0 26 97 64 20 48 44 82 99 40 57 30 91 45 16 4 
851-0-2 1?1.799 = 0 26 64 97 82 77 99 40 57 30 45 91 51 2 
851-0-1 1?1.968 = 0 26 97 64 70 20 48 44 82 99 77 25 40 57 1 
851-0-5 1?2.221 = 0 26 64 97 82 99 25 40 57 85 39 73 94 71 47 88 49 5 
851-0-10 1?2.29 = 0 26 97 64 70 20 44 48 83 95 93 54 76 37 75 62 22 10 
851-0-9 1?2.407 = 0 26 64 97 82 99 77 41 74 87 66 92 84 19 23 21 59 9 
851-0-3 1?1.956 = 0 26 64 97 82 99 25 40 57 30 45 91 51 35 52 3 
851-0-8 1?2.552 = 0 26 64 70 20 48 44 83 95 93 54 76 37 24 84 92 23 21 42 8 
851-0-11 1?2.409 = 0 26 97 64 70 20 44 48 67 78 68 83 95 93 54 76 37 75 33 69 11 
851-0-6 1?2.443 = 0 26 64 97 82 99 25 89 39 73 85 94 71 47 88 49 80 65 6 
851-0-7 1?2.602 = 0 26 97 64 70 20 48 44 82 99 77 41 74 86 38 53 17 31 46 7 
851-0-15 1?1.95 = 0 26 97 64 70 20 44 48 67 83 95 61 27 68 78 15 
851-0-14 1?1.704 = 0 26 97 64 70 20 44 48 67 78 68 83 95 61 27 14 
851-1-4 1?2.393 = 1 51 52 35 45 30 85 73 39 18 34 60 80 49 88 55 4 
851-1-2 1?2.121 = 1 29 97 64 20 44 82 99 40 57 30 91 51 2 
851-1-8 1?2.777 = 1 51 91 30 57 40 25 99 77 41 74 87 66 92 84 23 21 42 8 
851-1-5 1?2.312 = 1 51 52 35 45 91 30 85 73 39 18 34 60 80 88 49 5 
851-1-7 1?2.688 = 1 29 82 99 77 25 40 57 85 39 73 18 86 38 53 17 31 46 7 
851-0-13 1?1.97 = 0 26 97 64 70 67 20 48 44 83 95 93 54 96 32 63 79 43 13 
851-1-6 1?2.682 = 1 29 82 99 77 25 40 57 85 73 39 18 34 60 80 88 49 65 6 
851-1-3 1?2.256 = 1 29 97 64 20 48 44 82 99 40 57 91 45 35 3 
851-0-12 1?2.056 = 0 26 97 64 70 78 67 20 48 44 83 95 93 76 54 96 32 63 12 
851-1-15 1?2.095 = 1 51 91 45 30 57 40 25 77 99 82 44 20 70 15 
851-1-14 1?1.977 = 1 29 97 64 70 20 44 48 67 78 68 83 95 61 27 14 
851-2-4 1?1.915 = 2 51 91 45 30 85 73 39 18 34 60 80 88 55 4 
851-1-13 1?2.217 = 1 29 97 64 70 20 48 44 83 95 93 76 54 96 32 63 79 13 
851-1-10 1?2.563 = 1 29 97 64 70 20 44 48 83 95 93 54 76 37 75 62 22 10 
851-2-5 1?2.009 = 2 51 52 35 45 91 30 85 39 73 18 34 60 80 88 49 5 
851-1-12 1?2.295 = 1 29 97 64 70 20 44 48 67 78 68 83 95 93 54 96 32 63 12 
851-2-3 1?2.066 = 2 51 91 45 30 57 40 99 25 89 39 73 85 58 16 3 
851-2-6 1?2.434 = 2 51 91 45 30 57 40 99 77 89 39 73 85 94 71 88 49 65 6 
851-1-11 1?2.515 = 1 29 97 64 70 67 20 48 44 83 95 93 54 76 37 75 33 69 11 
851-1-9 1?2.717 = 1 51 91 30 85 73 39 18 86 74 41 87 66 92 84 23 21 59 9 
851-2-15 1?1.733 = 2 51 91 45 30 57 40 99 82 44 48 20 67 78 15 
851-2-14 1?1.809 = 2 51 91 45 30 57 40 99 82 44 48 20 67 78 14 
851-3-5 1?1.858 = 3 52 35 45 91 30 85 39 73 18 34 60 80 49 5 
851-3-4 1?1.947 = 3 16 58 94 85 73 39 18 34 60 80 49 88 47 55 4 
851-2-13 1?2.34 = 2 51 91 45 30 57 40 25 77 99 82 44 48 20 67 78 68 27 43 13 
851-2-7 1?2.452 = 2 51 91 45 30 57 40 25 99 77 41 74 86 38 53 17 31 46 7 
851-2-12 1?2.419 = 2 51 91 45 30 57 40 99 82 44 48 83 95 93 54 96 32 50 12 
851-2-10 1?2.353 = 2 51 91 45 30 85 73 39 18 86 74 41 87 66 92 84 19 81 22 10 
851-2-8 1?2.507 = 2 51 91 45 30 85 73 39 18 86 74 41 87 66 92 84 23 21 42 8 
851-2-11 1?2.422 = 2 51 91 45 30 85 39 18 86 74 41 87 66 92 84 62 69 11 
851-2-9 1?2.531 = 2 51 91 45 30 85 73 39 18 86 74 41 87 66 92 84 19 23 21 59 9 
851-3-15 1?1.92 = 3 35 52 51 91 45 30 57 40 25 99 82 44 48 20 70 15 
851-4-5 1?1.984 = 4 55 47 71 58 94 85 73 39 18 34 60 80 49 88 5 
851-3-14 1?2.326 = 3 35 45 91 30 57 40 99 82 97 64 70 20 44 48 67 78 68 27 14 
851-3-8 1?2.499 = 3 35 52 51 91 45 30 85 73 39 18 86 38 53 17 31 56 42 8 
851-3-7 1?2.47 = 3 35 52 51 91 45 30 57 85 73 39 18 86 38 53 17 31 46 7 
851-3-6 1?2.271 = 3 35 52 51 91 45 30 85 73 39 18 34 60 80 88 49 65 6 
851-3-13 1?2.468 = 3 35 52 51 91 45 30 57 40 25 99 82 44 48 20 67 78 68 27 43 13 
851-3-10 1?2.446 = 3 35 45 91 30 85 73 39 18 86 74 41 87 66 92 84 19 81 22 10 
851-3-12 1?2.56 = 3 35 45 91 30 57 40 25 99 82 44 48 83 95 93 54 96 32 50 12 
851-3-9 1?2.475 = 3 16 58 94 85 73 39 18 86 74 41 87 66 92 84 19 23 21 59 9 
851-3-11 1?2.568 = 3 52 35 45 91 30 85 73 39 18 86 74 41 87 66 92 84 62 69 11 
851-4-15 1?2.409 = 4 55 88 49 80 60 34 18 39 73 85 57 40 99 82 97 64 15 
851-4-7 1?2.197 = 4 55 88 47 71 94 85 73 39 18 86 38 53 17 31 46 7 
851-4-8 1?2.328 = 4 90 58 85 73 39 18 86 74 87 66 92 84 23 21 42 8 
851-5-6 1?2.06 = 5 49 88 47 71 94 85 73 39 18 98 34 60 80 65 6 
851-4-6 1?2.086 = 4 55 47 71 94 85 73 39 18 34 60 80 88 49 65 6 
851-4-10 1?2.363 = 4 55 88 49 80 60 34 18 86 74 41 87 66 92 84 19 81 22 10 
851-4-14 1?2.547 = 4 55 47 88 49 80 60 34 18 73 39 89 77 99 82 44 48 20 67 78 14 
851-4-13 1?2.575 = 4 90 71 94 85 39 73 18 86 74 41 72 76 93 54 96 32 63 79 43 13 
851-4-9 1?2.453 = 4 90 71 94 85 73 39 18 86 74 41 87 66 92 84 19 23 21 59 9 
851-4-12 1?2.544 = 4 90 71 94 85 73 39 18 86 74 41 87 24 37 76 93 54 96 32 50 12 
851-4-11 1?2.491 = 4 55 47 88 49 80 60 34 18 86 74 41 87 66 92 84 62 69 11 
851-6-7 1?2.271 = 6 65 49 88 47 71 94 85 39 18 38 53 17 31 46 7 
851-5-7 1?2.091 = 5 49 88 47 71 94 85 73 39 18 86 38 53 17 31 46 7 
851-6-8 1?2.318 = 6 65 49 88 47 71 94 85 73 39 18 98 17 56 42 8 
851-5-8 1?2.198 = 5 49 88 47 71 94 85 73 39 18 86 38 53 17 56 42 8 
851-5-15 1?2.37 = 5 49 88 47 71 94 73 39 85 57 40 25 77 99 82 44 48 20 67 78 15 
851-5-14 1?2.465 = 5 49 88 47 71 94 73 39 85 57 40 25 99 82 44 48 20 67 78 68 27 14 
851-5-10 1?2.333 = 5 49 88 47 71 94 85 73 39 18 86 74 87 66 92 84 19 81 22 10 
851-5-9 1?2.25 = 5 49 80 60 34 18 86 74 41 87 66 92 84 23 21 59 9 
851-5-12 1?2.472 = 5 49 88 47 71 94 85 73 39 18 86 74 41 72 76 54 96 32 50 12 
851-5-13 1?2.55 = 5 49 80 60 34 18 86 74 41 87 24 37 76 93 54 96 32 63 79 43 13 
851-5-11 1?2.455 = 5 49 88 47 71 94 85 73 39 18 86 74 41 87 66 92 84 62 69 11 
851-7-8 1?2.212 = 7 46 31 17 53 38 86 74 41 87 66 84 23 21 42 8 
851-7-10 1?2.126 = 7 46 31 17 53 38 86 74 41 87 66 84 92 23 81 22 10 
851-6-10 1?2.365 = 6 36 31 17 53 38 86 74 41 87 66 84 92 23 19 81 22 10 
851-7-9 1?2.136 = 7 46 31 17 53 38 74 41 87 66 92 84 23 21 59 9 
851-6-15 1?2.507 = 6 65 80 49 88 47 71 94 85 73 39 89 25 99 82 44 48 20 67 78 15 
851-6-14 1?2.614 = 6 65 49 88 47 71 94 85 73 39 89 77 99 82 44 48 20 67 78 68 27 14 
851-6-9 1?2.402 = 6 65 80 60 34 18 86 74 41 87 66 92 84 23 21 59 9 
851-6-13 1?2.658 = 6 36 31 17 53 38 86 74 41 87 24 37 76 93 54 96 32 63 79 43 13 
851-6-12 1?2.637 = 6 65 60 34 18 86 74 41 87 66 92 84 24 37 76 54 96 32 50 12 
851-7-11 1?2.414 = 7 46 31 17 53 38 86 74 41 87 66 92 84 19 62 75 33 69 11 
851-6-11 1?2.603 = 6 65 60 34 94 85 73 39 18 86 74 41 87 66 92 84 62 69 11 
851-8-10 1?2.368 = 8 42 56 17 53 38 74 87 66 84 92 23 19 62 81 22 10 
851-8-9 1?2.21 = 8 42 56 53 38 86 74 41 87 66 92 84 23 21 59 9 
851-8-11 1?2.291 = 8 42 21 23 19 84 92 66 87 74 41 72 24 75 33 69 11 
851-8-15 1?2.549 = 8 42 21 23 19 84 92 66 87 24 37 76 54 93 95 83 44 48 20 70 15 
851-8-12 1?2.238 = 8 42 21 23 19 84 92 66 87 24 37 76 93 54 96 63 32 50 12 
851-7-14 1?2.696 = 7 46 31 17 53 38 86 18 39 73 85 57 40 99 82 44 48 20 67 68 14 
851-8-14 1?2.614 = 8 42 21 23 19 84 92 66 87 74 41 77 99 82 44 48 20 67 78 68 14 
851-8-13 1?2.296 = 8 42 21 23 19 84 92 66 87 24 37 76 93 54 96 32 63 79 43 13 
851-7-15 1?2.674 = 7 46 31 17 53 38 86 18 39 73 85 57 40 25 99 82 44 48 20 67 78 15 
851-7-12 1?2.424 = 7 46 31 17 53 38 86 74 41 87 66 24 37 76 93 54 96 32 50 12 
851-7-13 1?2.486 = 7 46 31 17 53 38 86 74 41 87 24 37 76 93 54 96 32 63 79 43 13 
851-9-10 1?2.207 = 9 59 21 23 19 84 92 66 87 24 37 75 62 81 22 10 
851-9-12 1?1.976 = 9 59 21 23 84 92 66 24 37 76 93 54 96 32 50 12 
851-10-12 1?1.877 = 10 22 81 19 84 92 66 87 24 37 76 54 96 32 50 12 
851-10-11 1?2.08 = 10 22 81 19 84 92 66 87 74 41 72 24 75 33 69 11 
851-9-11 1?2.191 = 9 59 21 23 19 84 92 66 74 41 87 24 75 33 69 11 
851-9-15 1?2.438 = 9 59 21 23 19 84 92 66 24 37 76 54 93 95 83 44 48 20 70 15 
851-10-14 1?2.324 = 10 22 62 75 24 37 76 54 93 95 83 44 48 20 67 78 68 27 14 
851-10-13 1?2.043 = 10 22 81 19 23 92 84 24 37 76 93 54 96 32 63 79 43 13 
851-9-14 1?2.524 = 9 59 21 23 84 92 66 87 74 41 77 99 82 44 48 20 67 78 68 14 
851-10-15 1?2.371 = 10 22 81 23 19 84 92 66 24 37 76 54 93 95 83 44 48 20 70 15 
851-9-13 1?2.206 = 9 59 21 23 84 92 66 87 24 37 76 93 54 96 32 63 79 43 13 
851-14-15 1?1.975 = 14 27 61 54 93 95 83 68 78 67 20 48 44 97 64 15 
851-11-12 1?1.987 = 11 69 62 19 84 92 66 24 37 76 93 54 96 32 50 12 
851-13-15 1?1.725 = 13 43 79 63 32 96 54 93 95 83 44 48 20 67 68 78 15 
851-12-15 1?1.708 = 12 50 32 96 54 76 93 95 83 44 48 20 67 78 70 15 
851-13-14 1?1.753 = 13 43 79 63 32 96 54 93 95 83 44 48 20 67 78 68 14 
851-12-14 1?1.74 = 12 63 32 96 54 76 93 95 83 44 48 20 67 78 68 14 
851-12-13 1?1.965 = 12 50 32 96 54 93 95 83 44 48 20 67 78 68 27 43 13 
851-11-14 1?2.154 = 11 69 75 24 37 76 54 93 95 83 44 48 20 67 78 68 27 14 
851-11-15 1?2.362 = 11 50 32 63 96 54 76 93 95 83 44 48 20 67 68 78 70 64 15 
851-11-13 1?2.101 = 11 69 62 19 84 92 66 24 37 76 93 54 96 32 63 79 13 
stop
