start
348-0-3 1?1.859 = 0 56 75 29 35 62 26 52 90 40 88 38 74 21 3 
348-0-1 1?1.821 = 0 56 58 69 92 95 44 76 29 35 54 62 26 52 1 
348-0-4 1?2.391 = 0 83 62 26 52 90 40 88 74 21 38 49 23 98 59 77 94 17 4 
348-0-5 1?2.45 = 0 83 62 26 52 90 40 88 74 38 49 23 98 99 33 31 20 80 5 
348-0-8 1?2.425 = 0 83 62 26 52 90 40 23 98 99 33 31 87 45 28 93 30 78 63 8 
348-0-2 1?1.886 = 0 56 75 29 35 62 26 52 90 40 88 38 74 21 2 
348-0-6 1?2.542 = 0 83 62 26 52 27 90 40 23 98 99 33 31 87 45 50 28 93 82 41 6 
348-0-7 1?2.617 = 0 83 62 26 52 90 40 23 98 99 33 31 87 45 50 28 93 30 78 47 18 7 
348-0-9 1?2.595 = 0 83 62 26 52 90 40 23 98 99 33 31 87 45 50 28 93 30 78 22 9 
348-0-10 1?2.456 = 0 56 75 35 29 76 44 64 89 16 48 55 19 43 81 36 79 85 34 10 
348-0-11 1?2.276 = 0 56 75 35 29 76 44 64 89 16 48 55 19 43 61 51 67 81 36 11 
348-0-15 1?1.999 = 0 1 52 26 62 27 54 35 29 76 44 95 92 69 58 15 
348-1-4 1?1.953 = 1 52 26 62 27 90 40 88 74 38 77 94 17 72 4 
348-0-14 1?1.723 = 0 83 52 26 62 75 29 76 44 69 58 92 95 37 14 
348-1-3 1?1.783 = 1 83 62 26 52 27 90 40 88 49 77 38 74 21 3 
348-1-2 1?1.78 = 1 83 62 26 52 90 40 88 49 77 38 21 74 24 2 
348-0-12 1?2.085 = 0 75 35 29 76 44 69 92 95 37 16 89 48 55 19 43 61 51 12 
348-1-6 1?2.445 = 1 83 62 26 52 27 90 40 23 98 99 33 31 87 45 50 28 93 82 6 
348-0-13 1?1.914 = 0 75 35 29 76 44 69 58 92 95 37 16 89 48 97 46 39 13 
348-1-5 1?2.342 = 1 83 62 26 52 27 90 40 88 49 23 98 99 33 87 31 20 80 5 
348-1-7 1?2.519 = 1 83 62 26 52 90 40 23 98 99 33 31 87 45 50 28 93 30 47 18 7 
348-1-8 1?2.331 = 1 52 26 62 27 90 40 23 98 99 33 31 87 45 50 28 93 47 18 8 
348-1-15 1?1.609 = 1 52 26 62 27 54 35 29 76 44 95 92 69 58 15 
348-1-14 1?1.828 = 1 83 62 26 52 27 54 35 29 76 44 69 58 92 95 37 14 
348-2-4 1?2.166 = 2 24 74 21 38 49 23 98 99 59 77 94 17 86 72 4 
348-2-3 1?2.117 = 2 24 88 52 26 62 27 40 23 98 59 77 38 74 21 3 
348-1-12 1?2.293 = 1 52 26 62 35 29 76 44 69 92 95 37 16 48 55 43 61 51 12 
348-1-9 1?2.506 = 1 52 26 27 90 40 23 98 99 33 31 87 45 50 28 93 30 78 22 9 
348-1-11 1?2.385 = 1 52 26 62 35 29 76 64 89 16 48 55 43 61 51 67 81 36 11 
348-2-6 1?2.342 = 2 24 74 21 38 77 49 23 98 99 33 31 87 45 50 28 93 82 41 6 
348-2-5 1?2.27 = 2 24 74 38 77 59 98 99 33 31 87 45 50 28 93 82 80 5 
348-1-13 1?2.07 = 1 52 26 62 35 29 76 44 69 58 92 95 37 89 16 46 39 13 
348-1-10 1?2.472 = 1 52 26 62 35 29 76 64 89 16 48 55 19 43 57 85 34 10 
348-2-15 1?1.625 = 2 24 88 40 90 52 26 62 35 29 76 44 69 58 15 
348-3-4 1?2.167 = 3 21 74 38 88 52 26 62 27 90 40 49 77 94 17 4 
348-2-14 1?1.979 = 2 24 88 40 90 27 52 26 62 35 29 76 44 69 58 92 95 37 14 
348-3-5 1?2.056 = 3 77 59 98 99 33 31 87 45 50 28 93 82 80 20 5 
348-2-12 1?2.418 = 2 24 88 40 90 27 54 35 29 76 64 89 16 48 55 19 43 61 51 12 
348-2-11 1?2.546 = 2 24 52 26 62 35 29 76 44 64 89 16 48 55 19 43 61 81 36 11 
348-2-9 1?2.525 = 2 21 74 38 77 59 98 99 33 31 87 45 50 28 93 30 78 47 18 63 22 9 
348-2-7 1?2.333 = 2 24 74 38 77 59 98 99 33 31 87 45 50 28 93 30 78 63 18 47 7 
348-2-13 1?2.221 = 2 24 88 40 90 52 26 62 35 29 76 44 69 92 95 37 46 39 13 
348-2-10 1?2.624 = 2 74 38 77 59 98 99 33 31 87 45 50 28 93 30 78 96 85 34 10 
348-2-8 1?2.351 = 2 24 74 21 38 49 23 98 99 33 31 87 45 50 28 93 30 78 63 47 18 8 
348-3-15 1?2.03 = 3 21 74 38 88 40 90 27 52 26 62 35 29 76 44 69 58 15 
348-3-14 1?2.067 = 3 21 74 38 88 40 90 52 26 62 35 29 76 44 69 92 95 37 14 
348-4-5 1?2.165 = 4 94 77 59 98 99 33 31 87 45 50 28 93 82 80 5 
348-3-6 1?2.163 = 3 21 74 38 77 49 23 98 99 33 31 87 45 50 28 93 82 6 
348-3-7 1?2.212 = 3 21 74 38 77 59 98 99 33 31 87 45 50 28 93 30 47 18 7 
348-3-9 1?2.437 = 3 21 74 38 49 23 98 99 33 31 87 45 50 28 93 30 47 18 63 22 9 
348-3-11 1?2.599 = 3 21 74 38 77 59 98 99 33 31 87 71 53 66 65 84 60 57 81 36 11 
348-3-12 1?2.55 = 3 21 74 88 40 90 27 54 35 29 76 64 89 16 48 55 43 61 51 12 
348-3-13 1?2.367 = 3 21 74 38 88 40 90 52 26 62 35 29 76 44 69 92 95 37 13 
348-3-10 1?2.571 = 3 21 74 38 49 23 59 98 99 33 31 87 45 50 28 93 30 78 73 10 
348-3-8 1?2.228 = 3 21 74 38 49 23 98 99 33 31 87 45 50 28 93 30 78 63 47 18 8 
348-4-6 1?2.074 = 4 17 94 77 59 98 99 33 31 87 45 50 28 93 82 41 6 
348-5-6 1?2.101 = 5 72 86 59 98 99 33 31 87 45 50 28 93 82 41 6 
348-4-14 1?2.234 = 4 94 77 38 88 40 90 27 54 35 29 76 44 69 92 95 37 14 
348-4-15 1?2.283 = 4 17 94 77 38 74 88 40 90 52 26 62 35 29 76 44 69 58 15 
348-4-9 1?2.487 = 4 17 94 77 59 98 99 33 31 87 45 50 28 93 30 78 47 63 22 9 
348-4-7 1?2.24 = 4 17 77 59 98 99 33 31 87 45 50 28 93 30 78 63 18 47 7 
348-4-11 1?2.697 = 4 17 86 33 31 87 45 50 28 93 30 78 53 66 65 84 60 57 79 81 36 11 
348-4-12 1?2.699 = 4 17 86 33 31 87 45 28 50 71 53 66 65 84 60 57 79 36 81 67 51 12 
348-4-8 1?2.238 = 4 17 94 77 59 98 99 33 31 87 45 50 28 93 30 78 63 47 18 8 
348-4-13 1?2.527 = 4 17 86 33 31 87 71 53 66 65 84 19 43 55 48 89 16 46 39 13 
348-4-10 1?2.651 = 4 72 86 33 31 87 45 50 28 93 30 53 66 65 84 60 57 79 85 34 10 
348-5-7 1?2.175 = 5 72 86 99 33 31 87 45 50 28 93 30 78 63 47 18 7 
348-6-7 1?2.187 = 6 80 20 86 33 31 87 45 50 28 93 30 78 63 18 47 7 
348-5-14 1?2.477 = 5 72 17 77 49 40 90 52 26 62 35 29 76 44 69 92 95 37 14 
348-5-9 1?2.711 = 5 80 20 31 87 45 50 71 53 66 65 84 60 57 79 85 34 32 73 9 
348-5-15 1?2.479 = 5 72 17 77 38 74 88 40 90 52 26 62 35 29 76 44 69 58 15 
348-6-8 1?2.153 = 6 41 82 80 20 33 31 87 45 50 28 93 30 78 47 18 8 
348-5-11 1?2.697 = 5 72 86 33 31 87 45 50 71 53 66 65 84 60 57 85 34 79 81 36 11 
348-5-12 1?2.755 = 5 80 20 33 31 87 45 50 28 93 30 53 66 65 84 60 57 79 36 81 67 51 12 
348-5-8 1?2.265 = 5 72 86 59 98 99 33 31 87 45 50 28 93 30 78 63 47 18 8 
348-5-10 1?2.609 = 5 80 20 31 87 45 50 28 93 30 53 66 65 84 60 57 79 85 34 32 10 
348-5-13 1?2.584 = 5 80 20 31 87 45 50 71 53 66 65 84 19 43 55 48 89 16 46 39 13 
348-6-9 1?2.182 = 6 80 20 33 31 87 45 50 28 93 30 78 47 18 63 22 9 
348-7-9 1?2.479 = 7 47 18 63 78 30 53 66 65 84 60 57 79 85 34 32 73 9 
348-6-14 1?2.602 = 6 80 20 33 99 98 23 40 90 27 54 35 29 76 44 69 92 95 37 14 
348-7-8 1?2.543 = 7 6 41 82 80 20 33 31 87 45 50 28 93 30 78 47 18 8 
348-7-11 1?2.458 = 7 47 18 63 78 30 93 28 45 50 71 53 66 65 84 60 57 79 36 11 
348-7-10 1?2.389 = 7 18 47 30 93 28 45 50 71 53 66 65 84 60 57 85 34 10 
348-6-15 1?2.595 = 6 80 20 31 33 99 98 23 40 90 52 26 62 35 29 76 44 69 58 15 
348-6-11 1?2.707 = 6 80 20 33 31 87 45 93 28 50 71 53 66 65 84 60 57 79 81 36 11 
348-6-12 1?2.644 = 6 41 82 93 28 45 50 71 53 66 65 84 60 57 85 79 36 81 67 51 12 
348-6-10 1?2.609 = 6 80 20 31 87 45 50 28 93 30 53 66 65 84 60 57 79 85 34 10 
348-6-13 1?2.553 = 6 41 82 93 28 45 50 71 53 66 65 84 19 43 55 48 89 16 46 39 13 
348-8-9 1?2.411 = 8 18 47 63 78 30 53 66 65 84 60 57 79 85 34 32 73 9 
348-8-11 1?2.375 = 8 18 47 78 30 93 28 45 50 71 53 66 65 84 60 57 79 81 36 11 
348-7-14 1?2.657 = 7 47 18 63 78 30 93 28 45 50 71 68 42 25 76 44 69 92 95 37 14 
348-8-10 1?2.292 = 8 18 47 30 93 28 45 50 71 53 66 65 84 60 57 85 34 10 
348-7-12 1?2.506 = 7 47 18 63 78 30 93 28 45 50 71 53 66 65 84 19 43 61 51 12 
348-8-14 1?2.616 = 8 18 47 63 78 30 93 28 45 50 71 68 42 25 76 44 69 58 92 95 14 
348-8-12 1?2.504 = 8 18 47 63 78 30 93 28 45 50 71 53 66 65 84 70 19 43 61 51 12 
348-7-15 1?2.698 = 7 82 87 31 33 99 98 23 40 90 52 26 62 35 29 76 44 69 58 15 
348-8-15 1?2.635 = 8 18 47 63 78 53 66 65 84 19 43 55 48 16 89 64 76 44 69 58 15 
348-8-13 1?2.408 = 8 22 73 96 60 84 65 66 91 70 19 43 55 48 89 16 97 46 39 13 
348-7-13 1?2.535 = 7 47 18 63 78 53 66 65 84 91 70 19 43 55 48 89 16 97 46 39 13 
348-9-11 1?2.159 = 9 73 96 60 84 65 66 91 70 19 43 61 51 67 81 36 11 
348-10-11 1?1.977 = 10 34 85 57 60 84 65 66 91 70 19 43 61 51 67 36 11 
348-9-12 1?2.02 = 9 73 32 85 79 57 60 84 65 66 91 70 19 43 61 51 12 
348-10-12 1?1.911 = 10 34 85 57 60 84 65 66 91 70 19 55 48 43 61 51 12 
348-10-13 1?1.735 = 10 34 85 79 36 81 61 43 19 55 48 89 16 46 39 13 
348-9-14 1?2.356 = 9 73 32 34 85 57 60 84 65 66 91 70 19 43 55 48 89 16 37 14 
348-9-10 1?2.36 = 9 73 96 60 84 65 66 91 70 19 43 57 79 85 34 32 10 
348-10-14 1?2.216 = 10 34 85 79 57 43 19 55 48 16 89 64 76 44 69 92 95 37 14 
348-10-15 1?2.263 = 10 34 85 57 60 84 65 66 91 70 19 55 48 16 89 64 76 44 69 58 15 
348-9-15 1?2.495 = 9 73 96 60 84 65 66 91 70 19 43 55 48 16 89 64 76 44 69 58 15 
348-9-13 1?2.173 = 9 73 32 34 85 57 60 84 65 66 91 70 19 55 48 89 16 46 39 13 
348-12-14 1?1.656 = 12 51 61 43 55 48 16 89 64 76 44 69 95 37 14 
348-13-14 1?1.564 = 13 39 46 16 48 55 89 64 76 44 69 58 92 95 37 14 
348-11-14 1?1.811 = 11 36 81 43 55 48 16 89 64 76 44 69 95 37 14 
348-12-15 1?1.67 = 12 51 61 43 19 55 48 89 64 76 44 95 92 69 58 15 
348-13-15 1?1.778 = 13 39 46 16 48 43 19 55 89 64 44 95 92 69 58 15 
348-11-12 1?1.833 = 11 36 81 79 85 57 60 84 65 66 91 70 19 43 61 51 12 
348-14-15 1?1.843 = 14 37 16 48 55 89 64 25 35 29 76 44 69 58 15 
348-11-13 1?1.593 = 11 36 81 67 51 61 43 19 55 48 89 16 97 46 39 13 
348-12-13 1?1.856 = 12 67 81 36 79 57 60 84 65 66 91 70 19 43 97 39 13 
348-11-15 1?2.057 = 11 36 67 51 61 43 19 55 48 16 89 64 76 44 95 92 69 58 15 
stop
