start
306-0-1 1?2.494 = 0 28 41 40 76 94 57 70 29 25 88 34 18 44 42 1 
306-0-2 1?2.3 = 0 64 67 93 46 59 35 54 71 79 28 41 44 34 88 2 
306-0-3 1?2.176 = 0 42 28 40 76 41 44 34 88 25 29 70 73 55 3 
306-0-4 1?2.596 = 0 28 41 40 76 94 90 20 80 52 16 61 17 98 43 95 92 47 4 
306-0-5 1?2.56 = 0 28 40 76 94 90 20 80 52 16 61 17 98 43 95 92 85 47 5 
306-0-6 1?2.506 = 0 28 40 76 94 90 20 80 87 45 72 31 17 98 43 95 92 86 6 
306-0-7 1?2.535 = 0 28 41 40 76 94 90 20 80 52 16 61 17 98 95 43 69 22 49 27 38 7 
306-0-8 1?2.447 = 0 28 41 40 76 94 90 20 80 52 61 17 98 43 69 48 75 65 24 8 
306-0-9 1?2.633 = 0 28 41 40 76 94 90 20 80 87 45 72 81 68 96 83 66 30 53 26 9 
306-0-10 1?2.503 = 0 28 40 76 94 90 20 80 87 45 81 68 96 83 66 30 53 26 78 10 
306-0-11 1?2.782 = 0 28 41 40 76 94 90 20 80 87 45 72 81 68 96 83 66 53 82 11 
306-0-12 1?2.319 = 0 64 46 59 35 54 71 60 19 97 77 56 51 36 50 32 74 91 12 
306-0-13 1?2.382 = 0 64 46 59 35 54 71 60 19 97 56 51 36 50 32 74 91 58 13 
306-0-14 1?2.506 = 0 42 44 34 88 25 18 41 40 79 71 54 35 59 93 14 
306-0-15 1?2.383 = 0 42 44 34 88 25 18 57 94 76 40 28 79 64 67 15 
306-1-2 1?2.182 = 1 42 28 40 76 41 44 34 88 25 29 70 73 55 2 
306-1-3 1?1.99 = 1 42 28 40 76 41 44 34 88 25 29 70 73 55 3 
306-1-4 1?2.151 = 1 42 44 34 88 25 18 41 76 94 57 29 70 73 84 4 
306-1-5 1?2.319 = 1 88 34 44 41 76 94 90 20 80 52 61 17 98 95 92 47 5 
306-1-6 1?2.177 = 1 88 34 44 41 40 76 94 90 20 52 16 61 17 98 95 92 86 6 
306-1-7 1?2.405 = 1 88 34 44 41 40 76 94 90 20 80 52 16 61 17 98 95 43 69 22 27 7 
306-1-8 1?2.329 = 1 42 28 40 76 94 90 20 80 52 61 17 98 43 69 48 75 65 24 8 
306-1-9 1?2.504 = 1 88 34 44 41 76 94 90 20 80 87 45 81 68 96 83 66 30 53 26 9 
306-1-10 1?2.429 = 1 42 28 41 76 94 90 20 80 87 45 81 68 96 83 66 53 26 78 10 
306-1-11 1?2.69 = 1 88 34 44 41 40 76 94 90 20 80 87 45 63 23 77 97 56 51 36 50 11 
306-1-12 1?2.569 = 1 42 28 40 76 94 90 20 80 87 45 63 23 77 97 56 32 74 12 
306-1-13 1?2.597 = 1 42 28 79 54 71 60 19 97 56 51 36 50 32 74 91 58 13 
306-1-14 1?2.281 = 1 44 34 88 25 18 41 28 79 54 71 35 59 46 93 14 
306-1-15 1?2.239 = 1 42 44 34 88 25 18 41 76 94 40 28 79 64 67 15 
306-2-3 1?1.845 = 2 25 88 34 44 41 40 76 94 57 18 29 70 73 55 3 
306-2-4 1?1.948 = 2 25 88 34 44 41 40 76 94 57 29 70 55 73 84 4 
306-2-5 1?2.148 = 2 25 88 34 18 57 90 20 80 52 61 17 98 95 92 47 5 
306-2-6 1?1.98 = 2 25 88 34 18 57 90 20 80 52 61 17 98 95 92 86 6 
306-2-7 1?1.993 = 2 25 88 34 44 41 76 94 90 52 61 17 98 43 22 27 49 7 
306-2-8 1?2.227 = 2 25 88 34 44 41 76 94 90 20 52 61 17 98 43 69 48 75 65 8 
306-2-9 1?2.341 = 2 25 88 34 44 41 76 94 90 20 80 87 45 81 68 96 83 66 53 26 9 
306-2-10 1?2.368 = 2 25 88 34 44 41 40 76 94 90 20 80 87 45 81 68 96 83 66 53 78 10 
306-2-11 1?2.473 = 2 25 88 34 44 41 76 94 90 20 80 87 45 63 23 77 97 56 51 36 11 
306-2-12 1?2.533 = 2 25 88 34 18 57 90 20 80 87 45 63 23 77 97 56 32 74 91 12 
306-2-13 1?2.64 = 2 25 88 34 18 57 90 20 80 62 63 23 77 97 56 32 74 91 58 13 
306-2-14 1?2.504 = 2 25 88 34 44 18 57 94 76 40 41 28 79 71 54 35 59 46 93 14 
306-2-15 1?2.018 = 2 25 88 34 44 41 28 79 54 71 35 59 46 64 67 15 
306-3-4 1?2.042 = 3 55 25 88 34 44 41 40 76 94 57 29 70 73 84 4 
306-3-5 1?2.091 = 3 55 70 29 57 90 52 61 17 98 43 95 92 47 5 
306-3-6 1?1.923 = 3 55 70 29 57 90 52 61 17 98 43 95 92 86 6 
306-3-7 1?2.028 = 3 55 70 29 57 90 20 80 52 61 17 98 43 22 27 49 7 
306-3-8 1?2.32 = 3 55 70 29 57 90 20 80 52 61 17 98 95 43 69 48 75 65 24 8 
306-3-9 1?2.407 = 3 55 70 29 57 90 20 80 87 45 72 81 68 96 83 66 30 53 26 9 
306-3-10 1?2.489 = 3 55 70 29 57 90 20 80 87 45 72 81 68 96 21 83 66 53 26 78 10 
306-3-11 1?2.556 = 3 55 70 29 57 90 20 80 87 45 72 81 68 96 83 66 53 82 11 
306-3-12 1?2.522 = 3 55 70 29 57 90 20 80 87 45 63 23 77 97 56 32 74 91 12 
306-3-13 1?2.619 = 3 55 29 57 90 20 80 87 45 63 77 97 56 32 74 91 58 13 
306-3-14 1?2.762 = 3 55 70 29 25 88 34 18 57 94 76 41 28 79 54 35 59 46 93 14 
306-3-15 1?2.556 = 3 55 70 29 18 25 88 34 44 41 28 79 54 35 59 46 93 67 15 
306-4-5 1?2.415 = 4 47 85 89 52 20 80 87 45 72 31 17 98 95 86 5 
306-4-6 1?2.136 = 4 47 92 95 61 17 98 43 69 48 75 33 38 27 49 6 
306-4-7 1?2.082 = 4 47 85 89 52 16 61 17 98 43 69 48 75 33 38 27 49 7 
306-4-8 1?2.196 = 4 47 92 95 98 17 61 16 31 72 87 45 81 68 39 65 24 8 
306-4-9 1?2.281 = 4 47 92 95 43 98 17 31 72 87 45 81 68 96 83 66 53 26 9 
306-4-10 1?2.324 = 4 47 92 95 43 98 17 31 72 87 45 81 68 96 83 66 53 26 78 10 
306-4-11 1?2.517 = 4 47 92 95 43 98 17 61 16 31 72 87 45 63 23 77 97 56 51 36 11 
306-4-12 1?2.53 = 4 47 92 95 98 17 61 16 31 72 87 45 63 23 77 56 32 74 91 12 
306-4-13 1?2.568 = 4 47 92 95 98 17 31 72 87 45 63 23 77 97 74 91 58 13 
306-4-14 1?2.804 = 4 47 92 95 43 98 17 31 72 45 87 62 60 71 54 35 59 46 93 14 
306-4-15 1?2.689 = 4 47 92 95 43 98 17 31 72 45 87 62 71 54 35 59 46 67 15 
306-5-6 1?2.039 = 5 47 92 95 61 17 98 43 69 48 75 33 38 27 49 6 
306-5-7 1?1.845 = 5 47 85 89 52 16 61 17 98 95 43 69 22 49 27 38 7 
306-5-8 1?2.08 = 5 47 92 95 43 98 17 31 72 87 45 81 68 39 65 24 8 
306-5-9 1?2.038 = 5 47 92 95 98 17 31 72 87 45 81 96 83 66 53 26 9 
306-5-10 1?2.071 = 5 47 92 95 98 17 31 72 87 45 81 68 96 83 66 53 78 10 
306-5-11 1?2.316 = 5 47 92 95 43 98 17 31 72 87 45 63 23 77 97 56 51 36 11 
306-5-12 1?2.433 = 5 47 92 95 98 17 61 16 31 72 87 45 63 23 77 56 32 74 91 12 
306-5-13 1?2.507 = 5 47 92 95 98 17 31 72 87 45 63 23 77 56 32 74 91 58 13 
306-5-14 1?2.623 = 5 47 92 95 43 98 17 31 72 45 87 62 71 54 35 59 46 93 14 
306-5-15 1?2.572 = 5 47 92 95 43 98 17 61 16 52 80 20 90 94 76 40 79 64 67 15 
306-6-7 1?1.644 = 6 86 92 95 61 17 98 43 69 48 75 33 38 27 49 7 
306-6-8 1?1.912 = 6 86 92 95 43 98 17 31 72 87 45 81 68 39 65 24 8 
306-6-9 1?1.863 = 6 86 43 98 17 31 72 87 45 81 96 83 66 53 26 9 
306-6-10 1?1.974 = 6 86 92 95 98 17 31 72 87 45 81 68 96 83 66 53 26 78 10 
306-6-11 1?2.148 = 6 86 92 95 43 98 17 31 72 87 45 63 23 77 97 56 51 36 11 
306-6-12 1?2.265 = 6 86 92 95 98 17 61 16 31 72 87 45 63 23 77 56 32 74 91 12 
306-6-13 1?2.386 = 6 86 92 95 98 17 31 72 87 45 63 23 77 97 56 32 74 91 58 13 
306-6-14 1?2.451 = 6 86 92 95 43 98 17 61 52 20 80 62 71 54 35 59 46 93 14 
306-6-15 1?2.404 = 6 86 92 95 43 98 17 61 16 52 80 20 90 94 76 40 79 64 67 15 
306-7-8 1?1.756 = 7 27 49 86 92 95 61 17 98 43 69 48 75 65 24 8 
306-7-9 1?1.77 = 7 27 49 22 69 43 98 17 31 72 81 68 39 99 9 
306-7-10 1?1.917 = 7 27 22 69 43 98 17 31 87 45 81 68 96 83 66 53 78 10 
306-7-11 1?2.1 = 7 27 49 22 69 43 98 17 31 72 87 45 63 23 77 56 51 36 11 
306-7-12 1?2.181 = 7 27 49 22 69 43 98 17 31 72 87 45 63 23 77 97 56 32 12 
306-7-13 1?2.387 = 7 27 49 22 69 43 98 17 31 72 87 45 63 23 77 97 74 91 58 13 
306-7-14 1?2.419 = 7 27 22 69 43 98 17 31 72 45 87 62 71 54 35 59 46 93 14 
306-7-15 1?2.507 = 7 27 49 22 69 43 98 17 31 72 45 87 62 60 71 54 35 59 46 67 15 
306-8-9 1?1.804 = 8 24 75 48 72 87 45 81 68 96 83 66 53 26 9 
306-8-10 1?1.804 = 8 24 65 39 68 72 87 45 81 96 83 66 53 26 78 10 
306-8-11 1?2.182 = 8 24 65 39 68 81 72 45 87 62 63 23 77 97 56 51 36 50 11 
306-8-12 1?2.149 = 8 24 65 39 30 53 66 83 21 77 97 56 51 36 50 32 74 91 12 
306-8-13 1?2.327 = 8 24 65 39 30 53 66 83 21 77 97 56 51 36 50 32 74 91 58 13 
306-8-14 1?2.407 = 8 24 65 99 30 66 83 21 77 56 97 19 60 71 54 35 59 46 93 14 
306-8-15 1?2.571 = 8 24 65 75 48 69 43 98 17 61 16 52 80 20 90 94 76 40 79 64 67 15 
306-9-10 1?1.927 = 9 26 30 39 68 72 87 45 81 21 83 66 53 78 10 
306-9-11 1?1.912 = 9 26 53 30 66 83 96 68 81 63 77 97 56 51 36 11 
306-9-12 1?1.945 = 9 99 30 53 66 83 21 77 97 56 51 36 50 32 74 91 12 
306-9-13 1?2.205 = 9 26 53 30 66 83 21 23 63 77 97 56 51 36 50 32 74 91 58 13 
306-9-14 1?2.383 = 9 26 53 30 66 83 21 23 63 77 56 97 19 60 71 54 35 59 46 93 14 
306-9-15 1?2.593 = 9 26 53 30 66 83 96 68 81 72 45 87 62 60 71 54 35 59 46 93 15 
306-10-11 1?1.822 = 10 78 26 53 30 66 83 21 23 63 77 97 56 51 36 50 11 
306-10-12 1?1.749 = 10 78 53 66 83 21 77 97 56 51 36 50 32 74 91 12 
306-10-13 1?1.819 = 10 78 26 53 66 83 21 77 97 56 32 74 91 58 13 
306-10-14 1?2.349 = 10 78 26 53 66 83 21 23 63 77 56 97 19 60 71 54 35 59 46 93 14 
306-10-15 1?2.318 = 10 78 26 53 66 83 21 23 63 77 56 97 19 60 71 54 35 59 46 67 15 
306-11-12 1?2.003 = 11 82 53 66 83 21 77 97 56 51 36 50 32 74 91 12 
306-11-13 1?2.079 = 11 82 53 30 66 83 21 77 97 56 32 74 91 58 13 
306-11-14 1?2.551 = 11 82 53 26 30 66 83 21 77 56 97 19 60 71 35 59 46 93 14 
306-11-15 1?2.516 = 11 36 51 77 97 56 32 74 91 58 19 60 71 54 35 59 46 93 67 15 
306-12-13 1?2.116 = 12 91 74 32 50 36 51 56 97 19 60 71 54 35 59 37 13 
306-12-14 1?1.988 = 12 91 74 32 50 36 51 56 97 19 60 71 54 35 59 93 14 
306-12-15 1?1.98 = 12 91 74 32 50 36 51 56 97 19 60 71 54 35 59 46 67 15 
306-13-14 1?2.01 = 13 58 91 74 32 56 97 19 60 71 54 35 59 46 93 14 
306-13-15 1?2.132 = 13 58 91 74 32 50 51 56 97 19 60 71 59 46 67 15 
306-14-15 1?2.416 = 14 37 58 91 74 56 97 19 60 71 54 35 59 46 64 67 15 
stop
