start
9-0-1 1?2.131 = 0 67 65 42 89 50 93 85 97 39 73 79 45 63 1 
9-0-2 1?2.184 = 0 67 65 42 93 85 97 39 73 79 83 84 86 40 99 2 
9-0-3 1?2.058 = 0 67 65 89 50 93 85 97 39 73 79 83 84 86 40 3 
9-0-4 1?2.358 = 0 42 93 85 97 39 73 79 83 84 72 60 98 54 69 74 29 4 
9-0-5 1?2.274 = 0 42 97 19 62 77 95 24 18 32 94 49 90 71 28 17 58 5 
9-0-6 1?2.403 = 0 63 79 73 83 84 72 98 54 69 16 77 95 24 94 49 90 71 28 6 
9-0-7 1?2.528 = 0 45 63 79 73 83 84 72 60 98 54 69 16 77 95 24 18 32 91 59 53 7 
9-0-8 1?2.602 = 0 45 79 73 83 84 72 98 54 69 16 77 95 24 18 32 47 56 26 31 8 
9-0-9 1?2.754 = 0 67 65 42 97 19 62 77 95 24 18 32 47 76 68 33 43 61 46 9 
9-0-10 1?2.731 = 0 42 97 19 62 80 77 95 24 18 32 47 70 44 68 33 43 61 64 10 
9-0-11 1?2.773 = 0 67 65 89 50 93 85 41 57 25 51 21 35 87 36 52 34 55 11 
9-0-12 1?2.559 = 0 67 65 89 50 93 85 41 57 25 51 21 35 87 36 52 34 12 
9-0-13 1?2.446 = 0 67 65 42 93 50 35 21 51 25 88 82 34 52 36 38 13 
9-0-14 1?2.324 = 0 42 45 63 79 73 39 97 85 93 50 89 78 30 14 
9-0-15 1?2.224 = 0 67 65 42 45 63 79 73 39 97 85 93 50 89 15 
9-1-2 1?2.123 = 1 63 45 39 73 79 83 84 72 98 54 69 60 81 86 40 2 
9-1-3 1?1.962 = 1 63 45 39 73 79 83 84 72 98 54 69 60 81 86 40 3 
9-1-4 1?2.141 = 1 63 79 73 83 84 72 60 98 54 69 16 94 74 29 4 
9-1-5 1?2.102 = 1 63 79 73 83 84 72 60 98 54 69 94 49 90 71 28 17 58 5 
9-1-6 1?2.2 = 1 63 79 73 83 84 72 98 54 69 16 77 95 24 94 49 90 71 28 6 
9-1-7 1?2.355 = 1 63 79 73 83 84 72 60 98 54 69 16 77 95 24 18 32 47 56 20 53 7 
9-1-8 1?2.407 = 1 63 79 73 83 84 72 60 98 54 69 16 95 24 18 32 47 56 26 31 8 
9-1-9 1?2.597 = 1 63 79 73 83 84 72 60 98 54 69 16 24 95 77 80 70 68 33 46 9 
9-1-10 1?2.564 = 1 63 45 39 19 62 77 95 24 18 32 47 70 44 68 33 43 61 64 10 
9-1-11 1?2.709 = 1 63 45 39 19 62 77 95 24 18 32 47 70 68 33 43 61 96 22 11 
9-1-12 1?2.78 = 1 63 45 79 73 39 97 85 93 50 35 87 21 51 25 88 82 34 12 
9-1-13 1?2.705 = 1 63 45 42 65 67 89 50 21 51 25 88 82 34 52 36 38 13 
9-1-14 1?2.305 = 1 63 79 73 39 97 85 93 42 65 67 89 78 30 14 
9-1-15 1?2.211 = 1 63 45 79 73 39 97 85 93 50 89 42 65 67 15 
9-2-3 1?2.102 = 2 79 39 19 62 77 95 18 24 16 98 54 60 81 86 3 
9-2-4 1?2.054 = 2 99 83 84 72 60 54 69 16 77 95 24 94 74 29 4 
9-2-5 1?1.794 = 2 99 83 84 72 98 54 69 94 49 90 71 28 17 58 5 
9-2-6 1?1.759 = 2 79 73 83 84 72 60 98 54 69 94 49 90 71 28 6 
9-2-7 1?2.156 = 2 79 73 83 84 72 60 98 54 69 16 77 95 24 18 32 47 56 20 53 7 
9-2-8 1?2.227 = 2 99 83 84 72 60 98 54 69 16 77 95 24 18 32 47 56 20 92 8 
9-2-9 1?2.445 = 2 79 73 83 84 72 60 98 54 69 16 24 95 77 80 70 44 68 33 46 9 
9-2-10 1?2.435 = 2 99 83 84 72 60 98 54 69 16 24 95 77 80 70 44 68 33 43 61 64 10 
9-2-11 1?2.571 = 2 99 83 84 72 60 98 54 69 16 24 95 77 80 70 68 33 61 96 22 11 
9-2-12 1?2.609 = 2 99 83 84 72 98 54 69 16 24 95 77 80 27 57 51 25 52 34 12 
9-2-13 1?2.577 = 2 79 73 83 84 72 60 98 54 69 16 77 80 27 57 51 36 38 13 
9-2-14 1?2.549 = 2 99 40 86 81 60 72 84 83 79 73 39 97 85 93 50 89 78 30 14 
9-2-15 1?2.258 = 2 99 40 86 81 60 72 84 83 73 39 97 85 93 50 89 15 
9-3-4 1?1.833 = 3 86 81 60 98 54 69 16 77 95 24 18 94 74 29 4 
9-3-5 1?1.624 = 3 86 81 72 60 98 54 69 94 49 90 71 28 17 58 5 
9-3-6 1?1.642 = 3 86 81 72 60 98 54 69 16 94 49 90 71 28 48 6 
9-3-7 1?2.057 = 3 86 81 60 98 54 69 16 77 95 24 18 32 94 49 71 90 59 53 7 
9-3-8 1?2.12 = 3 40 86 81 72 60 98 54 69 16 77 95 24 18 32 47 56 20 92 8 
9-3-9 1?2.338 = 3 86 81 60 98 54 69 16 77 95 24 18 32 47 70 44 68 33 43 61 46 9 
9-3-10 1?2.36 = 3 86 81 72 60 98 54 69 16 77 95 24 18 32 47 70 44 68 33 43 61 64 10 
9-3-11 1?2.327 = 3 86 81 60 98 54 69 16 24 95 77 80 70 68 33 43 61 96 22 11 
9-3-12 1?2.43 = 3 86 81 60 54 98 16 24 18 95 77 80 27 57 51 25 52 34 12 
9-3-13 1?2.46 = 3 86 81 60 98 54 69 16 77 95 24 18 80 27 57 25 51 36 38 13 
9-3-14 1?2.531 = 3 86 81 60 54 98 72 84 83 79 73 39 97 85 93 50 89 78 30 14 
9-3-15 1?2.033 = 3 86 81 60 72 84 83 79 73 39 97 85 93 50 89 15 
9-4-5 1?1.726 = 4 29 74 94 24 95 18 32 91 90 71 28 17 58 5 
9-4-6 1?1.643 = 4 29 69 54 98 16 95 24 18 94 49 90 71 28 6 
9-4-7 1?1.772 = 4 29 69 54 98 16 77 95 24 18 32 47 56 20 53 7 
9-4-8 1?2.183 = 4 81 72 60 98 54 69 16 77 80 95 24 18 32 47 56 20 92 8 
9-4-9 1?2.276 = 4 29 69 54 98 16 77 95 24 18 32 47 70 44 68 33 61 46 9 
9-4-10 1?2.329 = 4 29 74 69 54 98 16 77 95 24 18 32 47 70 44 68 33 43 61 64 10 
9-4-11 1?2.447 = 4 29 69 54 98 16 77 95 24 18 32 47 70 44 68 33 43 61 96 22 11 
9-4-12 1?2.478 = 4 29 69 54 98 16 24 95 77 80 23 44 68 33 43 37 88 82 34 12 
9-4-13 1?2.586 = 4 81 72 60 98 54 69 16 24 95 77 80 27 57 25 51 21 87 36 38 13 
9-4-14 1?2.534 = 4 29 69 54 98 60 72 84 83 79 73 39 97 85 93 50 89 78 30 14 
9-4-15 1?2.515 = 4 29 74 69 54 98 60 72 81 84 83 79 73 39 97 85 93 50 89 15 
9-5-6 1?1.596 = 5 58 17 28 71 49 94 24 95 18 32 91 90 48 6 
9-5-7 1?1.632 = 5 58 17 28 71 90 49 94 18 32 47 56 20 53 7 
9-5-8 1?1.968 = 5 58 17 28 71 90 49 94 32 18 24 95 77 80 70 76 26 31 8 
9-5-9 1?2.01 = 5 58 17 28 71 90 49 94 18 24 95 77 80 70 68 33 46 9 
9-5-10 1?2.116 = 5 58 17 28 71 90 49 94 18 24 95 77 80 70 44 68 33 61 64 10 
9-5-11 1?2.261 = 5 58 17 28 71 90 49 94 18 24 95 77 80 70 68 33 61 96 22 11 
9-5-12 1?2.384 = 5 58 17 28 71 90 49 91 32 18 24 95 77 80 27 57 51 25 52 34 12 
9-5-13 1?2.292 = 5 58 17 28 71 90 49 94 18 24 95 77 80 27 57 25 51 36 38 13 
9-5-14 1?2.397 = 5 58 17 28 71 90 49 94 32 18 24 95 77 80 27 57 21 87 66 14 
9-5-15 1?2.359 = 5 58 17 28 71 90 49 94 24 95 77 62 19 97 85 93 89 15 
9-6-7 1?1.572 = 6 28 71 90 49 94 24 95 18 32 47 56 20 53 7 
9-6-8 1?1.721 = 6 28 71 90 49 94 24 95 18 32 47 56 20 92 8 
9-6-9 1?1.836 = 6 28 71 90 49 94 24 95 77 80 70 68 33 46 9 
9-6-10 1?1.934 = 6 28 71 90 49 94 18 24 95 77 80 70 68 33 43 61 64 10 
9-6-11 1?2.126 = 6 28 71 90 49 94 18 24 95 77 80 70 68 33 43 61 96 22 11 
9-6-12 1?2.29 = 6 28 71 90 49 94 18 24 95 77 80 70 68 33 43 37 88 82 34 12 
9-6-13 1?2.391 = 6 48 28 71 90 49 94 32 18 24 95 77 80 27 41 57 25 51 36 38 13 
9-6-14 1?2.468 = 6 28 71 90 49 94 32 18 24 95 77 80 27 57 25 51 21 35 78 30 14 
9-6-15 1?2.479 = 6 48 28 71 90 49 94 32 18 24 95 77 80 62 19 97 85 93 50 89 15 
9-7-8 1?1.854 = 7 53 59 90 49 94 24 95 18 32 47 56 20 92 8 
9-7-9 1?1.96 = 7 53 20 56 47 32 18 24 95 77 80 70 68 33 46 9 
9-7-10 1?1.936 = 7 53 59 91 32 18 24 95 77 80 70 68 33 61 64 10 
9-7-11 1?2.137 = 7 53 59 91 32 18 24 95 77 80 70 68 33 43 61 96 22 11 
9-7-12 1?2.341 = 7 53 59 91 32 18 24 95 77 80 23 44 68 33 43 37 88 82 34 12 
9-7-13 1?2.468 = 7 53 20 56 47 32 18 24 95 77 80 27 57 25 51 21 35 87 36 38 13 
9-7-14 1?2.514 = 7 53 20 56 47 32 18 24 95 77 80 27 57 25 51 21 35 78 30 14 
9-7-15 1?2.531 = 7 53 59 90 49 94 32 18 24 95 77 80 62 19 97 85 93 50 89 15 
9-8-9 1?2.047 = 8 31 26 56 47 32 18 24 95 77 80 70 68 33 46 9 
9-8-10 1?2.098 = 8 31 26 56 47 32 18 95 77 80 70 68 33 61 64 10 
9-8-11 1?2.293 = 8 31 26 56 47 32 18 24 95 77 80 70 68 33 61 75 11 
9-8-12 1?2.312 = 8 31 26 56 47 32 18 24 95 77 80 27 57 25 52 34 12 
9-8-13 1?2.498 = 8 31 26 56 47 32 18 24 95 77 80 27 57 25 51 21 87 36 38 13 
9-8-14 1?2.56 = 8 31 26 56 47 32 18 24 95 77 80 27 57 25 51 21 35 87 66 14 
9-8-15 1?2.521 = 8 92 20 56 47 32 18 24 95 77 62 19 97 85 93 50 89 15 
9-9-10 1?2.332 = 9 46 31 26 56 47 32 18 95 77 80 70 68 33 61 64 10 
9-9-11 1?2.374 = 9 46 61 43 33 44 23 27 57 51 25 88 82 34 55 11 
9-9-12 1?2.173 = 9 46 61 43 33 68 44 23 27 57 51 25 88 82 34 12 
9-9-13 1?2.535 = 9 46 61 43 33 68 44 23 27 41 57 25 51 21 35 87 66 36 38 13 
9-9-14 1?2.692 = 9 46 61 43 33 68 44 70 23 27 41 57 25 51 21 87 35 78 30 14 
9-9-15 1?2.754 = 9 46 33 68 44 70 47 32 18 24 95 77 62 19 97 85 93 89 15 
9-10-11 1?2.198 = 10 75 22 96 88 82 25 51 21 35 87 36 52 34 55 11 
9-10-12 1?2.076 = 10 64 75 22 96 88 82 25 51 21 35 87 36 52 34 12 
9-10-13 1?2.115 = 10 64 75 22 96 37 88 82 25 51 21 35 87 66 36 38 13 
9-10-14 1?2.57 = 10 64 75 22 96 61 43 33 68 44 23 27 57 25 51 21 35 78 30 14 
9-10-15 1?2.741 = 10 64 61 33 68 76 47 32 18 24 95 77 62 19 97 85 93 89 15 
9-11-12 1?2.254 = 11 22 96 37 88 82 25 51 21 35 87 66 36 52 34 12 
9-11-13 1?2.197 = 11 22 96 37 88 82 34 52 25 51 21 35 87 36 38 13 
9-11-14 1?2.635 = 11 22 96 37 61 43 33 68 44 23 27 57 25 51 21 87 35 78 30 14 
9-11-15 1?2.821 = 11 55 34 82 88 37 61 43 33 68 44 23 27 41 85 93 50 89 15 
9-12-13 1?2.307 = 12 34 82 88 37 43 33 68 44 23 27 57 51 36 38 13 
9-12-14 1?2.272 = 12 34 52 82 88 25 51 21 85 93 50 89 78 30 14 
9-12-15 1?2.455 = 12 34 52 82 88 25 51 21 35 87 66 30 78 89 65 67 15 
9-13-14 1?2.151 = 13 38 36 52 34 82 88 25 51 21 35 87 66 78 30 14 
9-13-15 1?2.24 = 13 38 36 52 34 82 88 25 51 21 35 87 66 30 78 15 
9-14-15 1?2.424 = 14 30 78 50 93 85 97 39 73 79 63 45 42 89 15 
stop
