start
339-0-2 1?1.849 = 0 28 34 36 61 25 40 57 18 93 17 87 82 46 2 
339-0-3 1?1.932 = 0 28 34 61 25 40 57 18 93 17 87 53 23 38 3 
339-0-1 1?1.861 = 0 28 34 36 61 25 40 57 18 93 17 87 82 46 1 
339-0-4 1?2.301 = 0 61 25 40 57 18 59 93 17 87 53 23 90 43 64 62 88 32 4 
339-0-11 1?2.175 = 0 40 61 25 95 80 73 91 16 48 20 47 45 66 63 49 79 56 11 
339-0-9 1?2.534 = 0 40 61 34 28 21 84 27 37 77 48 20 47 45 66 49 63 41 42 76 9 
339-0-5 1?2.332 = 0 61 25 40 57 18 59 93 17 87 53 23 90 43 64 62 88 86 5 
339-0-6 1?2.292 = 0 61 25 40 57 18 93 17 87 53 23 90 43 88 86 29 24 81 99 6 
339-0-7 1?2.521 = 0 40 57 18 93 17 87 53 23 90 43 64 62 86 24 81 99 83 7 
339-0-10 1?2.348 = 0 40 25 61 36 34 28 21 84 27 37 77 48 20 47 45 66 49 63 68 10 
339-0-8 1?2.686 = 0 40 25 61 36 34 28 21 84 27 37 77 48 20 47 45 94 69 70 78 8 
339-1-3 1?2.167 = 1 57 18 93 17 87 53 23 90 43 64 62 88 32 72 3 
339-1-4 1?2.012 = 1 57 18 59 93 17 87 53 23 90 43 64 62 88 32 4 
339-0-15 1?1.972 = 0 61 25 40 57 18 59 93 96 80 95 36 34 28 21 15 
339-1-2 1?2.188 = 1 57 40 25 61 34 28 21 36 95 80 59 18 82 46 2 
339-0-13 1?1.739 = 0 40 25 61 36 34 28 21 30 84 27 37 77 67 44 65 13 
339-0-14 1?2.021 = 0 40 25 61 36 34 28 21 30 84 27 37 77 67 44 65 14 
339-1-5 1?2.249 = 1 57 18 59 93 17 87 53 23 90 43 64 62 88 86 29 24 81 5 
339-1-8 1?2.575 = 1 46 82 17 87 53 23 90 43 64 62 88 86 29 24 81 71 31 50 97 8 
339-1-6 1?2.282 = 1 57 18 59 93 17 87 53 23 90 32 43 64 62 88 86 29 24 81 99 6 
339-0-12 1?2.262 = 0 40 25 61 36 34 28 21 30 84 27 37 77 48 20 47 45 51 85 12 
339-1-7 1?2.388 = 1 46 82 17 87 53 23 90 32 43 64 62 88 86 29 24 81 99 83 7 
339-1-14 1?1.868 = 1 46 82 18 57 40 25 61 36 34 28 21 30 84 27 14 
339-1-13 1?2.207 = 1 57 40 25 61 36 34 28 21 30 84 27 37 75 77 67 44 65 13 
339-1-12 1?2.305 = 1 46 82 87 17 93 96 80 73 91 16 48 20 47 45 51 85 12 
339-2-3 1?2.178 = 2 46 82 87 17 93 53 23 90 43 64 62 88 32 72 3 
339-1-11 1?2.207 = 1 57 18 59 80 73 91 16 48 20 47 45 66 63 49 79 56 11 
339-2-4 1?2.04 = 2 46 82 18 59 93 17 87 53 23 90 43 64 88 32 4 
339-1-10 1?2.406 = 1 57 18 59 80 73 91 16 48 20 47 45 66 49 63 41 19 42 68 10 
339-2-5 1?2.098 = 2 46 82 17 87 53 23 90 32 43 64 62 88 86 24 81 5 
339-2-6 1?2.18 = 2 46 82 18 59 93 17 87 53 23 90 43 64 88 86 24 81 99 6 
339-1-9 1?2.584 = 1 57 18 59 96 80 73 91 16 48 20 47 45 66 49 63 41 42 76 9 
339-1-15 1?1.681 = 1 46 82 87 17 93 18 57 40 25 61 36 34 28 15 
339-2-14 1?2.108 = 2 46 82 87 17 93 18 57 40 25 61 36 34 28 21 84 27 14 
339-2-13 1?2.316 = 2 46 82 87 17 93 96 80 73 91 16 47 20 48 77 67 44 65 13 
339-3-4 1?2.333 = 3 38 87 17 93 53 23 90 43 64 62 29 86 88 32 4 
339-2-12 1?2.502 = 2 46 82 87 17 93 96 80 73 91 16 48 20 47 45 51 39 85 12 
339-3-5 1?2.131 = 3 38 87 17 53 23 90 32 43 64 62 88 86 24 81 5 
339-2-11 1?2.372 = 2 46 82 87 17 93 96 80 73 91 16 48 20 45 66 63 49 79 56 11 
339-2-10 1?2.452 = 2 87 17 93 96 80 73 91 16 48 20 47 45 66 49 63 41 42 68 10 
339-2-8 1?2.47 = 2 46 82 17 87 53 23 90 43 64 62 86 24 81 71 31 50 54 8 
339-2-9 1?2.565 = 2 46 82 18 59 80 73 91 16 48 20 45 66 49 63 41 19 42 76 9 
339-2-7 1?2.283 = 2 46 82 17 87 53 23 90 43 64 62 88 86 29 24 81 99 83 7 
339-2-15 1?1.986 = 2 46 82 87 17 93 59 18 57 40 25 61 36 34 28 21 84 30 15 
339-3-6 1?1.967 = 3 72 90 32 43 64 62 88 86 29 24 81 71 31 83 99 6 
339-3-12 1?2.428 = 3 38 23 53 87 17 93 96 80 73 91 16 48 20 47 45 51 85 12 
339-3-14 1?2.243 = 3 38 23 53 87 17 93 18 57 40 25 61 36 34 28 21 84 27 14 
339-4-5 1?2.271 = 4 32 43 64 62 88 86 24 29 81 89 71 31 83 99 5 
339-3-13 1?2.451 = 3 38 23 53 87 17 93 96 80 73 91 16 47 20 48 77 67 44 65 13 
339-3-11 1?2.397 = 3 38 87 17 93 96 80 73 91 16 48 20 45 66 63 49 79 56 11 
339-3-10 1?2.477 = 3 38 87 17 93 96 80 73 91 16 48 20 47 45 66 49 63 68 10 
339-3-8 1?2.386 = 3 72 90 32 43 64 62 88 86 29 24 81 99 83 71 31 50 54 97 8 
339-3-9 1?2.655 = 3 72 90 32 43 64 62 88 86 29 24 81 99 71 31 50 54 52 78 74 76 9 
339-3-7 1?2.481 = 3 38 90 32 43 64 62 88 86 29 24 81 99 83 71 31 50 54 97 7 
339-3-15 1?2.121 = 3 38 23 53 87 17 93 59 18 57 40 25 61 36 34 28 21 84 30 15 
339-4-6 1?1.983 = 4 32 43 64 62 88 86 24 29 89 81 99 71 31 83 6 
339-4-13 1?2.593 = 4 32 43 90 23 53 87 17 93 96 80 73 91 16 48 20 67 44 65 13 
339-5-6 1?2.145 = 5 32 43 64 62 88 86 24 29 81 89 71 31 83 99 6 
339-4-14 1?2.488 = 4 72 38 23 53 87 17 93 18 57 40 25 61 36 34 28 21 84 27 14 
339-4-12 1?2.673 = 4 72 38 23 53 87 17 93 96 80 73 91 16 48 20 47 45 51 85 12 
339-4-8 1?2.052 = 4 32 43 64 62 88 86 24 81 99 83 71 31 50 54 97 8 
339-4-11 1?2.554 = 4 32 43 64 62 88 86 24 29 89 92 70 33 42 41 63 49 66 79 56 11 
339-4-10 1?2.625 = 4 32 43 64 62 86 24 29 89 58 26 22 94 66 49 63 19 42 41 68 10 
339-4-7 1?2.046 = 4 32 43 64 62 88 86 24 81 99 83 71 31 50 54 97 7 
339-4-9 1?2.527 = 4 32 43 64 62 88 86 24 81 99 83 71 31 50 97 54 52 78 74 76 9 
339-4-15 1?2.263 = 4 72 38 23 53 87 17 93 59 18 57 40 25 61 36 34 28 21 30 15 
339-6-8 1?2.068 = 6 99 81 24 29 86 88 64 62 89 71 31 50 54 97 8 
339-5-14 1?2.56 = 5 32 90 23 53 87 17 18 57 40 25 61 36 34 28 21 84 27 14 
339-5-9 1?2.183 = 5 88 86 29 24 81 99 71 31 50 97 54 52 78 74 76 9 
339-5-13 1?2.722 = 5 32 43 90 23 53 87 17 93 96 80 73 91 16 48 20 67 44 65 13 
339-5-8 1?2.181 = 5 32 43 64 62 88 86 24 81 99 83 71 31 50 54 97 8 
339-5-12 1?2.596 = 5 86 24 29 89 92 35 70 33 42 41 63 66 49 79 56 39 85 12 
339-5-10 1?2.592 = 5 81 24 29 89 92 35 70 33 19 42 41 63 66 49 79 56 68 10 
339-5-11 1?2.528 = 5 81 24 86 29 89 58 92 35 70 33 42 19 41 63 49 66 79 56 11 
339-6-7 1?2.035 = 6 99 81 24 29 86 88 32 43 64 62 89 31 71 83 7 
339-5-7 1?2.175 = 5 32 43 64 62 88 86 24 81 99 83 71 31 50 54 97 7 
339-5-15 1?2.353 = 5 88 62 64 43 90 23 53 87 17 93 18 57 40 25 61 34 28 15 
339-7-9 1?2.183 = 7 50 31 71 81 24 29 89 58 92 35 52 78 74 76 9 
339-6-9 1?2.065 = 6 99 83 71 81 24 29 89 58 92 35 52 78 74 76 9 
339-7-8 1?2.26 = 7 83 99 81 24 29 86 88 64 62 89 31 50 54 97 8 
339-7-10 1?2.109 = 7 50 97 54 52 78 74 42 41 19 63 66 49 79 56 68 10 
339-6-14 1?2.715 = 6 99 81 24 29 86 88 43 90 23 53 87 17 93 59 95 36 21 84 27 14 
339-7-11 1?2.488 = 7 31 71 81 24 29 89 92 35 70 33 19 42 41 63 49 79 56 11 
339-6-13 1?2.668 = 6 99 81 24 29 86 88 64 62 58 26 73 91 16 48 20 67 44 65 13 
339-6-12 1?2.462 = 6 99 71 31 50 54 52 78 74 42 19 41 63 66 49 79 56 39 85 12 
339-6-10 1?2.4 = 6 99 81 24 29 86 88 64 62 58 92 35 70 33 19 42 41 68 10 
339-6-11 1?2.468 = 6 99 81 24 86 29 89 58 92 35 70 33 42 19 41 63 49 66 79 56 11 
339-6-15 1?2.403 = 6 99 81 24 86 88 43 90 23 53 87 17 18 57 40 61 36 34 28 15 
339-8-9 1?2.229 = 8 54 50 31 71 81 24 29 89 92 35 52 78 74 76 9 
339-8-11 1?2.013 = 8 97 54 52 78 74 76 42 19 41 68 63 49 66 79 56 11 
339-8-10 1?2.118 = 8 97 54 52 78 74 76 42 41 63 66 49 79 56 68 10 
339-7-13 1?2.476 = 7 97 54 52 78 74 42 19 41 63 49 66 79 56 39 85 44 65 13 
339-8-13 1?2.442 = 8 54 52 78 74 42 41 63 49 66 79 56 39 85 51 44 65 13 
339-7-14 1?2.826 = 7 50 97 54 52 78 74 42 41 19 63 49 66 45 47 20 48 77 37 27 14 
339-8-14 1?2.765 = 8 97 54 52 78 74 42 41 19 63 49 66 79 56 39 85 44 65 14 
339-7-12 1?2.432 = 7 50 97 54 52 78 74 76 42 41 19 63 49 66 79 56 39 51 85 12 
339-8-12 1?2.342 = 8 97 54 52 78 74 76 42 19 41 63 49 66 79 56 39 51 85 12 
339-7-15 1?2.651 = 7 83 99 81 24 86 88 43 90 23 53 87 17 18 57 25 61 34 28 15 
339-8-15 1?2.734 = 8 74 42 41 63 49 66 45 47 20 48 77 75 37 27 84 21 34 28 15 
339-10-11 1?2.189 = 10 68 41 42 76 74 78 52 70 33 19 63 49 79 56 11 
339-9-11 1?2.146 = 9 76 74 78 52 35 92 60 70 33 19 63 49 79 56 11 
339-10-13 1?1.989 = 10 68 41 42 19 63 66 49 79 56 39 85 51 67 44 65 13 
339-9-10 1?1.964 = 9 76 74 33 70 69 19 42 41 63 66 49 79 56 68 10 
339-10-12 1?2.209 = 10 68 41 42 19 63 66 49 79 56 39 85 51 67 44 65 12 
339-9-12 1?2.012 = 9 76 74 78 33 42 41 19 63 49 66 79 56 39 51 85 12 
339-10-14 1?2.283 = 10 68 41 42 19 63 49 66 45 47 20 48 16 91 75 77 37 27 14 
339-9-13 1?2.441 = 9 76 42 19 41 63 49 66 45 47 20 48 16 91 75 77 67 44 65 13 
339-9-14 1?2.619 = 9 76 42 19 41 63 49 66 45 20 47 73 91 16 48 77 75 37 27 14 
339-10-15 1?2.355 = 10 68 41 42 19 63 49 66 45 47 20 48 77 75 37 27 84 21 34 28 15 
339-9-15 1?2.584 = 9 76 74 42 19 41 63 49 66 45 47 20 48 77 37 27 84 30 21 34 28 15 
339-12-13 1?1.979 = 12 85 39 56 79 49 63 66 45 47 20 67 44 65 13 
339-11-13 1?1.843 = 11 56 79 49 63 66 45 47 20 48 77 37 67 44 65 13 
339-11-12 1?2.063 = 11 56 79 49 63 66 45 47 20 48 77 37 67 44 65 12 
339-13-14 1?2.163 = 13 65 44 67 48 20 47 73 91 16 77 37 27 84 30 14 
339-12-14 1?2.107 = 12 85 39 56 79 49 63 66 45 47 20 48 77 37 27 14 
339-11-14 1?2.289 = 11 56 79 49 63 66 45 20 47 73 91 16 48 77 75 37 27 14 
339-14-15 1?2.097 = 14 37 77 48 20 47 73 91 16 75 27 84 30 21 28 15 
339-13-15 1?1.928 = 13 65 44 67 20 47 48 77 37 27 84 21 36 34 28 15 
339-12-15 1?2.083 = 12 85 51 44 65 67 77 75 37 27 84 30 21 36 34 28 15 
339-11-15 1?2.124 = 11 56 79 49 63 66 45 47 20 48 77 75 27 84 21 34 28 15 
stop
