start
395-0-1 1?1.652 = 0 68 50 21 66 25 31 37 87 95 83 81 70 40 1 
395-0-2 1?1.682 = 0 68 50 21 66 25 76 31 37 81 83 87 95 73 2 
395-0-3 1?2.063 = 0 68 50 21 66 25 76 31 40 70 37 81 83 87 95 73 26 3 
395-0-4 1?2.148 = 0 68 50 21 66 25 76 38 55 99 43 34 86 80 88 65 44 4 
395-0-5 1?2.135 = 0 68 50 21 66 25 31 76 38 99 34 86 43 80 88 65 57 5 
395-0-6 1?2.342 = 0 68 50 21 66 25 76 38 99 43 86 80 88 52 18 92 84 59 6 
395-0-7 1?2.387 = 0 68 50 21 66 25 31 76 38 99 34 86 43 80 88 52 18 33 7 
395-0-8 1?2.43 = 0 68 50 21 66 25 76 38 99 43 86 80 88 52 18 33 35 8 
395-0-9 1?2.64 = 0 68 50 21 66 25 76 38 99 43 86 80 42 30 51 19 85 9 
395-0-10 1?2.549 = 0 68 50 39 22 69 97 89 29 78 64 17 16 93 45 96 58 60 61 24 10 
395-0-11 1?2.465 = 0 68 50 21 39 22 69 97 89 29 78 64 17 16 93 45 54 28 74 41 11 
395-0-12 1?2.355 = 0 77 40 70 37 31 25 66 21 39 22 69 97 89 78 29 63 36 12 
395-0-13 1?2.122 = 0 68 50 39 22 69 97 89 29 78 64 17 16 93 45 63 13 
395-0-14 1?2.063 = 0 68 50 21 39 22 48 67 16 17 64 78 29 89 97 47 14 
395-0-15 1?1.863 = 0 77 40 70 81 83 87 95 37 31 25 66 21 50 49 15 
395-1-2 1?1.909 = 1 40 25 76 38 91 43 86 34 99 55 95 87 83 2 
395-1-3 1?1.819 = 1 40 70 37 83 87 95 55 99 43 86 34 71 94 23 3 
395-1-4 1?2.013 = 1 40 70 37 83 87 95 55 99 43 80 88 86 34 71 94 23 4 
395-1-5 1?2.014 = 1 40 70 37 83 87 95 55 99 43 86 80 88 65 82 57 5 
395-1-6 1?2.243 = 1 40 70 37 83 87 95 55 99 43 86 80 88 52 18 92 84 59 6 
395-1-7 1?2.48 = 1 40 25 31 70 37 83 87 95 55 99 34 86 43 80 88 52 18 33 7 
395-1-8 1?2.659 = 1 40 70 37 83 87 95 55 99 34 86 43 80 88 52 18 92 33 27 35 8 
395-1-9 1?2.532 = 1 81 83 87 95 55 99 34 43 86 80 88 52 18 27 19 20 85 9 
395-1-10 1?2.579 = 1 81 83 87 37 70 31 25 66 21 39 22 48 67 32 96 58 60 61 24 10 
395-1-11 1?2.374 = 1 40 31 25 66 21 39 22 69 97 89 78 29 63 36 54 28 74 11 
395-1-12 1?2.32 = 1 81 83 87 37 31 25 66 21 39 22 69 97 89 78 29 63 36 12 
395-1-13 1?2.064 = 1 81 83 87 95 37 70 31 25 66 21 39 22 69 97 78 29 13 
395-1-14 1?2.041 = 1 81 83 87 37 70 40 31 76 25 66 21 39 22 69 47 14 
395-1-15 1?1.687 = 1 81 83 87 37 70 40 31 76 25 66 21 50 49 15 
395-2-3 1?1.871 = 2 83 87 95 55 99 34 86 43 80 88 65 44 94 23 3 
395-2-4 1?1.86 = 2 83 87 37 31 25 76 38 99 43 86 34 65 44 4 
395-2-5 1?1.812 = 2 83 87 95 55 99 43 34 86 80 88 65 82 57 5 
395-2-6 1?2.154 = 2 83 87 95 73 55 99 34 86 43 80 88 52 18 92 84 59 6 
395-2-7 1?2.219 = 2 83 87 37 31 25 76 38 99 43 86 80 88 52 18 33 7 
395-2-8 1?2.554 = 2 83 87 37 70 31 25 76 38 99 34 43 86 80 88 52 18 27 35 8 
395-2-9 1?2.64 = 2 83 87 95 55 99 34 86 88 80 43 91 90 42 30 51 19 20 85 9 
395-2-10 1?2.481 = 2 83 87 37 70 31 25 66 21 39 22 48 67 32 96 58 60 61 24 10 
395-2-11 1?2.445 = 2 83 87 37 31 25 66 21 39 22 69 97 89 78 29 63 36 28 74 11 
395-2-12 1?2.367 = 2 83 87 95 37 70 31 25 66 21 39 22 69 97 89 78 29 63 36 12 
395-2-13 1?2.257 = 2 83 87 95 37 70 40 31 76 25 66 21 39 22 69 97 89 78 29 13 
395-2-14 1?2.243 = 2 83 87 37 70 40 31 76 25 66 21 39 22 69 97 78 89 14 
395-2-15 1?1.765 = 2 81 83 87 37 70 40 31 76 25 66 21 50 49 15 
395-3-4 1?2.09 = 3 73 95 87 83 37 70 31 25 76 38 99 71 94 23 4 
395-3-5 1?2.056 = 3 23 94 26 55 99 34 86 43 80 88 65 82 57 98 5 
395-3-6 1?2.292 = 3 26 55 99 34 86 43 80 88 65 82 52 18 92 84 59 6 
395-3-7 1?2.441 = 3 26 55 99 34 86 43 80 88 65 82 57 98 59 84 92 33 7 
395-3-8 1?2.625 = 3 73 95 87 37 31 25 76 38 99 43 86 80 88 52 18 33 35 8 
395-3-9 1?2.795 = 3 23 94 71 34 86 88 80 43 99 91 90 42 30 51 19 20 75 85 9 
395-3-10 1?2.69 = 3 73 95 87 83 37 31 25 66 21 39 22 48 67 32 96 58 60 61 24 10 
395-3-11 1?2.577 = 3 73 95 87 83 37 70 31 25 66 21 39 22 17 16 93 45 54 28 74 11 
395-3-12 1?2.541 = 3 73 95 87 83 37 70 31 25 66 21 39 22 69 97 89 78 29 63 36 12 
395-3-13 1?2.277 = 3 26 73 95 87 83 37 70 31 25 66 21 39 22 69 97 89 78 29 13 
395-3-14 1?2.367 = 3 73 95 87 83 37 70 40 31 25 66 21 39 22 69 97 78 89 14 
395-3-15 1?2.364 = 3 23 94 71 34 86 43 99 55 95 87 83 37 70 31 25 66 21 50 49 15 
395-4-5 1?2.064 = 4 23 94 26 55 99 34 86 43 80 88 65 82 57 98 5 
395-4-6 1?2.024 = 4 23 94 71 34 99 43 86 80 88 52 18 92 84 59 6 
395-4-7 1?2.182 = 4 23 94 71 34 99 43 86 80 88 52 18 92 84 59 7 
395-4-8 1?2.458 = 4 44 65 88 80 86 43 34 99 91 90 42 52 18 33 35 8 
395-4-9 1?2.641 = 4 23 94 44 65 88 80 86 43 99 91 90 42 30 51 20 19 85 9 
395-4-10 1?2.623 = 4 44 65 88 80 43 86 34 99 91 90 42 30 72 58 60 61 24 10 
395-4-11 1?2.641 = 4 44 65 88 80 86 43 99 91 56 48 67 93 45 36 54 28 74 11 
395-4-12 1?2.631 = 4 44 65 88 80 43 86 34 99 91 56 32 67 48 16 93 45 63 36 12 
395-4-13 1?2.441 = 4 44 65 88 80 43 86 34 99 91 56 48 67 16 17 64 78 89 29 13 
395-4-14 1?2.434 = 4 44 65 88 80 86 43 91 56 32 67 48 16 17 64 78 29 89 97 14 
395-4-15 1?2.342 = 4 44 65 34 86 43 99 55 95 87 83 37 70 31 25 66 21 50 49 15 
395-5-6 1?2.015 = 5 57 82 65 34 86 43 80 88 52 18 92 84 59 6 
395-5-7 1?2.17 = 5 57 82 65 71 34 86 43 80 88 52 18 92 33 7 
395-5-8 1?2.503 = 5 57 65 88 80 43 86 34 99 91 90 42 52 18 33 35 8 
395-5-9 1?2.627 = 5 57 82 65 88 80 43 86 34 99 91 90 42 30 51 20 85 9 
395-5-10 1?2.604 = 5 57 65 88 80 86 43 99 91 90 42 30 72 58 60 61 24 10 
395-5-11 1?2.607 = 5 57 65 88 80 86 43 91 56 32 67 48 16 93 45 54 28 74 11 
395-5-12 1?2.67 = 5 57 65 88 80 86 43 99 91 56 32 67 48 17 16 93 45 63 36 12 
395-5-13 1?2.558 = 5 57 65 88 80 43 86 34 99 91 56 32 67 48 16 17 64 78 29 89 13 
395-5-14 1?2.52 = 5 57 65 88 80 43 86 34 99 91 56 48 67 16 17 64 78 29 89 14 
395-5-15 1?2.394 = 5 57 65 88 80 86 43 99 55 95 87 83 37 31 25 66 21 50 49 15 
395-6-7 1?2.29 = 6 59 84 82 57 65 34 86 43 80 88 52 18 33 7 
395-6-8 1?2.404 = 6 98 57 82 65 34 99 43 86 88 52 18 33 35 8 
395-6-9 1?2.489 = 6 98 57 65 34 86 43 80 88 52 18 27 19 20 85 9 
395-6-10 1?2.701 = 6 59 84 92 18 33 27 19 20 75 53 60 58 54 28 74 41 61 24 10 
395-6-11 1?2.536 = 6 59 84 92 18 33 27 19 20 75 53 24 61 60 58 54 36 28 74 11 
395-6-12 1?2.603 = 6 59 84 92 18 33 27 19 20 75 53 24 61 60 58 41 74 28 54 36 12 
395-6-13 1?2.648 = 6 59 84 92 18 52 88 80 86 43 91 56 32 67 48 16 17 64 78 29 13 
395-6-14 1?2.573 = 6 59 84 92 18 52 42 30 62 32 67 48 16 17 64 78 29 89 97 47 14 
395-6-15 1?2.533 = 6 59 84 92 18 52 88 80 86 43 99 55 38 76 25 66 21 50 49 15 
395-7-8 1?2.578 = 7 33 18 52 88 86 43 91 90 42 30 51 20 19 8 
395-7-9 1?2.421 = 7 33 92 84 59 98 57 82 52 18 27 51 19 20 85 9 
395-7-10 1?2.381 = 7 59 84 92 52 18 33 27 35 19 20 75 53 61 24 10 
395-7-11 1?2.544 = 7 59 84 92 18 33 27 19 20 75 53 24 61 60 58 54 28 74 11 
395-7-12 1?2.612 = 7 59 84 92 18 33 27 51 19 20 75 53 24 61 60 58 54 28 36 12 
395-7-13 1?2.549 = 7 33 27 19 20 75 53 60 58 96 45 93 16 17 64 78 89 29 13 
395-7-14 1?2.68 = 7 33 27 19 20 75 53 24 61 60 58 96 93 16 17 64 29 78 89 97 14 
395-7-15 1?2.508 = 7 33 18 52 88 80 86 43 99 55 38 76 31 25 66 21 50 49 15 
395-8-9 1?2.608 = 8 35 33 18 92 84 59 98 57 82 52 27 19 20 85 9 
395-8-10 1?2.521 = 8 35 33 92 84 52 18 27 51 20 19 85 75 53 61 24 10 
395-8-11 1?2.49 = 8 35 33 27 51 19 20 75 53 24 61 60 58 54 36 28 74 41 11 
395-8-12 1?2.745 = 8 19 20 75 53 24 61 60 58 96 45 93 16 17 64 78 89 29 63 36 12 
395-8-13 1?2.503 = 8 19 20 75 53 24 61 60 58 96 45 93 16 17 64 29 78 97 89 13 
395-8-14 1?2.553 = 8 19 20 75 53 24 61 60 58 54 45 93 16 17 64 78 29 89 97 14 
395-8-15 1?2.565 = 8 35 33 18 52 88 80 86 43 99 38 76 31 25 66 21 50 49 15 
395-9-10 1?2.48 = 9 85 19 20 51 75 53 24 61 60 58 54 36 28 74 41 11 10 
395-9-11 1?2.09 = 9 85 19 20 51 75 53 24 61 60 58 54 36 28 74 41 11 
395-9-12 1?2.074 = 9 85 19 20 51 75 53 24 61 60 58 41 74 28 54 36 12 
395-9-13 1?2.12 = 9 85 19 20 75 53 60 58 96 93 16 17 64 78 89 13 
395-9-14 1?2.33 = 9 85 19 20 75 53 60 58 96 45 93 16 17 64 78 29 89 97 14 
395-9-15 1?2.546 = 9 75 53 24 61 60 58 96 45 93 16 17 64 29 78 89 97 47 15 
395-10-11 1?2.076 = 10 24 61 60 58 96 93 16 17 64 63 36 54 74 41 11 
395-10-12 1?1.973 = 10 24 61 60 58 96 93 16 17 64 78 89 29 63 36 12 
395-10-13 1?1.818 = 10 24 61 60 58 96 45 93 16 17 64 78 97 89 29 13 
395-10-14 1?2.307 = 10 24 61 41 74 28 54 36 63 45 93 16 17 64 78 29 89 97 47 14 
395-10-15 1?2.474 = 10 24 61 60 58 54 28 36 63 45 93 16 17 64 29 78 89 97 47 15 
395-11-12 1?1.873 = 11 41 74 28 54 45 93 16 17 64 78 89 29 63 36 12 
395-11-13 1?1.716 = 11 41 74 28 54 36 63 45 93 16 17 64 78 89 29 13 
395-11-14 1?2.188 = 11 41 74 28 54 36 63 45 93 16 17 64 78 29 89 97 69 47 14 
395-11-15 1?2.538 = 11 41 74 28 54 45 93 16 17 64 78 29 89 97 69 22 39 21 50 49 15 
395-12-13 1?1.856 = 12 28 74 54 36 63 45 93 16 17 64 78 97 89 29 13 
395-12-14 1?1.817 = 12 28 74 54 36 63 45 93 16 17 64 78 29 89 97 14 
395-12-15 1?1.927 = 12 36 28 54 45 93 16 17 64 78 29 89 97 47 49 15 
395-13-14 1?2.164 = 13 29 63 36 28 74 54 45 93 16 17 64 78 89 97 14 
395-13-15 1?2.096 = 13 29 78 89 97 64 17 16 67 32 48 22 39 21 50 49 15 
395-14-15 1?2.11 = 14 97 89 29 78 64 17 16 67 32 48 22 39 21 50 49 15 
stop
