start
579-0-2 1?1.766 = 0 45 65 97 43 98 23 46 47 25 73 33 28 21 32 2 
579-0-3 1?1.81 = 0 45 65 98 43 46 47 25 73 28 84 56 62 16 67 3 
579-0-1 1?1.653 = 0 45 65 97 98 43 46 47 25 73 33 28 32 21 57 1 
579-0-8 1?2.452 = 0 45 65 98 43 46 47 25 73 33 54 75 61 20 22 50 53 55 69 60 8 
579-0-9 1?2.416 = 0 45 65 98 43 25 73 33 54 75 61 20 66 59 71 37 58 41 17 52 19 9 
579-0-4 1?2.119 = 0 45 65 97 43 98 23 46 47 25 73 33 28 84 56 82 62 16 26 4 
579-0-5 1?2.27 = 0 45 65 98 43 46 47 25 73 33 54 75 63 51 76 94 90 34 5 
579-0-10 1?2.262 = 0 45 65 98 97 25 73 33 54 75 61 20 66 59 37 24 77 86 10 
579-0-11 1?2.143 = 0 45 65 97 43 98 23 46 47 87 89 95 38 99 35 92 91 11 
579-0-6 1?2.4 = 0 45 65 98 43 46 47 25 73 33 54 75 61 20 22 50 53 55 93 6 
579-0-7 1?2.382 = 0 45 65 97 43 98 23 46 47 25 73 33 54 75 61 20 22 53 55 70 7 
579-0-13 1?1.824 = 0 45 65 98 43 97 25 47 46 23 36 81 85 29 83 13 
579-1-3 1?1.933 = 1 57 65 98 43 46 47 25 73 28 84 56 62 16 67 3 
579-1-4 1?2.035 = 1 57 65 98 43 97 25 73 33 28 84 56 82 62 16 26 4 
579-1-2 1?1.889 = 1 57 65 97 43 98 23 46 47 25 73 33 28 21 32 2 
579-0-15 1?1.892 = 0 45 57 21 32 28 33 73 25 47 46 43 98 65 78 15 
579-1-5 1?2.354 = 1 57 65 97 43 98 23 46 47 25 73 33 27 51 76 94 90 34 5 
579-0-14 1?1.835 = 0 45 65 97 43 98 23 46 47 87 80 48 29 85 81 14 
579-1-8 1?2.521 = 1 57 21 28 73 33 54 75 61 20 66 59 71 58 41 17 52 19 64 8 
579-0-12 1?2.187 = 0 45 65 97 43 98 23 46 25 47 87 89 95 38 99 35 31 12 
579-1-6 1?2.52 = 1 57 65 97 98 43 46 47 25 73 33 54 75 61 20 22 50 53 49 6 
579-1-7 1?2.441 = 1 57 65 97 98 43 46 47 25 73 33 54 75 61 20 22 53 55 70 7 
579-1-15 1?1.776 = 1 57 21 32 28 73 33 25 47 46 43 98 97 65 78 15 
579-1-14 1?1.906 = 1 57 21 32 28 33 73 25 47 46 80 48 85 29 81 14 
579-2-3 1?2.136 = 2 32 21 65 98 43 46 47 25 73 33 28 84 30 67 3 
579-2-4 1?2.236 = 2 32 21 65 98 43 97 25 73 33 28 84 56 62 16 26 4 
579-1-13 1?2.209 = 1 57 21 32 28 33 73 25 47 46 43 98 23 36 81 85 29 83 13 
579-1-12 1?2.389 = 1 57 21 32 28 73 33 25 47 46 80 87 89 95 38 99 35 31 12 
579-2-5 1?2.384 = 2 30 56 27 54 75 61 20 63 51 76 68 94 90 34 88 5 
579-2-6 1?2.532 = 2 30 56 27 51 63 54 75 61 20 66 18 50 53 49 55 93 6 
579-1-9 1?2.39 = 1 57 21 32 28 73 33 54 75 61 20 66 59 71 58 41 17 52 19 9 
579-1-10 1?2.393 = 1 57 21 32 28 73 33 54 75 61 20 66 59 71 37 58 24 77 86 10 
579-1-11 1?2.447 = 1 57 21 32 28 33 73 25 47 46 80 87 89 95 38 99 35 92 91 11 
579-2-15 1?1.884 = 2 32 21 28 33 73 25 47 46 23 98 43 97 65 78 15 
579-2-14 1?2.263 = 2 32 21 28 33 73 25 97 65 98 43 23 46 80 48 29 85 81 14 
579-3-4 1?2.166 = 3 67 16 62 82 56 27 54 75 61 63 51 76 94 90 4 
579-3-5 1?2.066 = 3 67 16 62 82 27 54 75 61 63 51 76 68 88 5 
579-2-12 1?2.549 = 2 32 21 28 33 73 25 97 98 43 46 47 87 89 95 38 99 31 12 
579-2-13 1?2.365 = 2 32 21 28 33 73 25 47 46 43 97 65 98 23 36 85 81 29 83 13 
579-2-8 1?2.549 = 2 30 56 27 51 63 54 75 61 20 66 59 37 58 41 17 52 64 8 
579-2-7 1?2.578 = 2 32 21 65 98 43 97 25 73 33 54 75 61 20 22 50 53 55 70 7 
579-2-9 1?2.655 = 2 30 62 82 56 27 51 63 54 75 61 20 66 59 71 37 58 41 17 52 19 9 
579-2-11 1?2.568 = 2 30 56 27 54 75 61 20 66 59 37 58 41 24 86 77 42 39 91 11 
579-2-10 1?2.715 = 2 30 62 82 56 27 51 63 54 75 61 20 66 59 71 37 58 41 24 86 77 10 
579-3-15 1?2.153 = 3 67 16 62 82 56 84 28 33 73 25 47 46 23 98 43 97 65 78 15 
579-3-14 1?2.328 = 3 67 16 62 82 56 84 28 33 73 25 47 46 43 98 23 36 85 81 14 
579-4-5 1?2.177 = 4 26 16 62 82 56 27 54 75 63 51 76 94 90 34 5 
579-3-13 1?2.448 = 3 67 16 62 56 84 28 33 73 25 47 46 43 98 23 36 85 81 29 83 13 
579-3-6 1?2.318 = 3 67 16 62 82 56 27 54 75 61 20 22 50 53 49 55 93 6 
579-3-12 1?2.701 = 3 67 16 62 56 84 28 33 73 25 47 46 80 87 89 74 95 38 99 31 12 
579-3-7 1?2.27 = 3 67 16 62 82 56 27 51 63 54 75 61 20 22 50 53 55 70 7 
579-3-8 1?2.407 = 3 67 16 62 82 27 54 75 61 20 66 59 71 58 41 17 52 19 64 8 
579-3-9 1?2.38 = 3 67 16 62 82 51 63 54 75 61 20 66 59 71 37 58 41 17 52 19 9 
579-3-10 1?2.388 = 3 67 16 62 82 51 63 54 75 61 20 66 59 71 37 58 41 24 77 86 10 
579-3-11 1?2.476 = 3 67 16 62 82 51 63 54 75 61 20 66 59 37 58 24 42 39 91 11 
579-4-7 1?2.138 = 4 26 16 62 82 51 54 75 61 20 22 50 53 55 70 7 
579-5-6 1?2.231 = 5 34 90 94 76 51 63 54 75 61 20 22 50 53 49 6 
579-4-6 1?2.238 = 4 26 16 62 82 27 54 75 61 20 22 50 53 55 93 6 
579-4-14 1?2.496 = 4 26 16 62 56 84 28 33 73 25 47 46 43 97 65 98 23 36 85 81 14 
579-4-15 1?2.412 = 4 26 16 62 82 56 84 28 33 73 25 47 46 23 98 43 97 65 45 78 15 
579-4-9 1?2.374 = 4 26 16 62 82 56 27 54 75 61 20 66 59 71 58 41 17 52 19 9 
579-4-13 1?2.611 = 4 26 16 62 82 56 84 28 33 73 25 47 46 43 98 23 36 81 85 29 83 13 
579-4-8 1?2.454 = 4 26 16 62 82 27 54 75 61 20 66 59 71 58 41 17 52 64 8 
579-4-12 1?2.737 = 4 26 16 62 82 56 27 51 63 20 61 75 54 72 89 95 38 99 35 31 12 
579-4-10 1?2.377 = 4 26 16 62 82 56 27 54 75 61 20 66 59 71 37 58 24 77 86 10 
579-4-11 1?2.49 = 4 26 16 62 82 51 63 54 75 61 20 66 59 37 24 42 39 91 11 
579-6-7 1?2.291 = 6 49 53 50 18 71 58 41 17 52 19 64 60 69 79 70 7 
579-5-7 1?2.114 = 5 34 90 94 76 51 54 75 61 20 22 50 53 55 70 7 
579-5-8 1?2.19 = 5 88 34 90 94 68 76 22 50 53 49 55 70 79 69 60 8 
579-6-8 1?2.08 = 6 93 55 49 53 50 18 71 37 58 41 17 52 19 64 8 
579-5-15 1?2.456 = 5 34 90 94 76 63 75 54 33 73 25 47 46 23 98 43 97 65 78 15 
579-5-14 1?2.615 = 5 34 90 94 76 51 63 61 75 54 33 73 25 47 46 80 48 29 85 81 14 
579-5-13 1?2.602 = 5 34 90 94 68 76 51 63 54 75 61 72 89 87 48 85 81 29 83 13 
579-5-9 1?2.305 = 5 34 90 94 76 63 54 75 61 20 66 59 71 58 41 17 52 19 9 
579-5-12 1?2.683 = 5 34 90 94 68 76 51 63 54 75 61 72 89 74 95 38 99 35 31 12 
579-5-10 1?2.37 = 5 34 90 94 76 51 63 54 75 61 20 66 59 71 37 58 24 77 86 10 
579-5-11 1?2.487 = 5 34 90 94 76 51 54 75 61 20 66 59 71 58 24 77 42 39 91 11 
579-7-8 1?2.079 = 7 70 55 53 50 18 71 58 24 77 86 41 17 52 64 8 
579-6-15 1?2.518 = 6 93 55 53 50 22 20 61 75 54 33 73 25 47 46 43 98 65 78 15 
579-6-13 1?2.605 = 6 93 55 53 50 22 20 61 75 54 72 89 87 48 85 81 29 83 13 
579-7-9 1?2.098 = 7 70 55 49 53 50 18 71 37 58 24 77 86 41 17 52 19 9 
579-6-12 1?2.667 = 6 93 70 79 69 60 64 19 52 17 41 58 24 86 77 42 40 92 31 12 
579-6-14 1?2.66 = 6 93 55 53 50 22 20 61 75 54 33 73 25 47 46 23 36 85 81 14 
579-6-9 1?2.385 = 6 93 55 53 50 18 71 37 58 41 24 42 77 86 17 52 19 9 
579-7-10 1?2.191 = 7 70 55 49 53 50 18 69 60 64 19 52 17 41 58 24 77 86 10 
579-6-10 1?2.447 = 6 93 49 53 55 70 79 69 60 64 19 52 17 41 58 24 86 77 42 10 
579-6-11 1?2.361 = 6 49 55 70 79 69 60 64 19 52 17 41 58 24 86 77 42 39 91 11 
579-7-11 1?2.386 = 7 70 55 53 50 18 69 60 64 52 17 41 58 24 86 77 42 39 91 11 
579-8-9 1?2.021 = 8 64 19 52 17 41 58 37 40 92 91 39 42 77 86 9 
579-8-10 1?2.007 = 8 60 64 52 17 41 58 24 86 77 42 40 92 91 39 10 
579-7-12 1?2.412 = 7 70 79 69 60 64 19 52 17 41 58 24 86 77 42 39 91 92 31 12 
579-8-15 1?2.513 = 8 60 69 55 53 50 22 20 61 75 54 33 73 25 47 46 43 98 78 15 
579-7-13 1?2.562 = 7 70 55 53 50 18 22 20 61 75 72 89 87 80 48 85 81 29 83 13 
579-8-12 1?2.562 = 8 60 64 19 52 17 41 58 24 86 77 42 39 91 92 35 95 99 31 12 
579-8-13 1?2.618 = 8 60 64 19 52 17 41 58 24 86 77 42 39 91 92 35 99 95 38 96 13 
579-7-15 1?2.464 = 7 70 55 53 50 22 20 61 75 54 33 73 25 47 46 43 98 97 65 78 15 
579-8-14 1?2.637 = 8 64 19 52 17 41 58 24 86 77 42 39 91 92 35 99 38 48 29 85 81 14 
579-7-14 1?2.647 = 7 70 55 49 53 50 22 20 61 75 54 33 73 25 47 46 80 48 29 85 81 14 
579-8-11 1?2.692 = 8 64 19 52 17 41 58 37 59 66 20 61 75 72 89 95 35 92 11 
579-10-13 1?2.087 = 10 86 77 42 39 91 92 35 99 95 38 48 85 81 83 13 
579-10-12 1?2.108 = 10 86 77 24 41 17 58 37 40 92 35 95 38 99 31 12 
579-9-12 1?1.963 = 9 19 52 17 41 58 24 86 77 42 40 92 35 99 31 12 
579-10-14 1?2.266 = 10 86 77 24 42 39 91 92 35 99 38 95 89 87 48 85 81 14 
579-9-10 1?2.184 = 9 19 52 64 60 69 79 70 55 53 50 18 71 58 24 77 10 
579-10-11 1?2.026 = 10 42 77 86 24 41 17 19 52 58 37 40 92 39 91 11 
579-9-11 1?2.149 = 9 19 52 17 41 58 24 86 77 42 40 92 35 99 31 11 
579-10-15 1?2.371 = 10 86 77 24 37 59 66 20 61 75 54 33 73 25 97 65 98 78 15 
579-9-13 1?2.355 = 9 19 52 17 41 24 86 77 42 39 91 92 35 99 95 38 96 83 13 
579-9-15 1?2.445 = 9 17 41 58 37 71 59 66 20 61 75 54 33 73 25 47 46 23 36 15 
579-9-14 1?2.416 = 9 19 52 17 41 24 86 77 42 39 91 92 35 99 95 38 48 85 81 14 
579-12-13 1?2.12 = 12 31 35 99 38 95 74 89 87 80 48 85 81 29 83 13 
579-11-13 1?2.034 = 11 91 92 35 99 38 95 89 87 80 48 85 81 29 83 13 
579-12-15 1?2.099 = 12 31 99 38 95 89 87 47 46 23 98 43 97 65 78 15 
579-14-15 1?1.965 = 14 81 85 29 48 80 46 47 25 97 65 98 43 23 36 78 15 
579-12-14 1?2.184 = 12 31 35 99 38 95 74 89 87 80 48 85 81 29 83 14 
579-13-14 1?2.088 = 13 83 29 81 85 48 80 46 47 25 97 65 98 43 23 36 14 
579-13-15 1?2.022 = 13 83 81 85 48 80 46 47 25 97 65 98 23 36 78 15 
579-11-12 1?2.082 = 11 91 39 42 77 86 24 41 58 37 40 92 35 99 31 12 
579-11-14 1?2.302 = 11 91 39 42 40 92 35 99 38 95 74 89 87 80 48 85 81 14 
579-11-15 1?2.242 = 11 91 39 92 35 99 38 95 89 87 47 46 43 98 97 65 78 15 
stop
