start
602-0-1 1?2.01 = 0 53 72 49 55 77 34 16 88 43 73 62 82 21 1 
602-0-2 1?1.85 = 0 22 34 16 32 88 43 73 40 62 82 21 92 30 2 
602-0-3 1?2.225 = 0 53 72 49 55 34 16 88 43 73 40 62 82 92 30 3 
602-0-4 1?2.46 = 0 53 36 17 58 45 72 49 55 77 34 16 88 43 73 79 4 
602-0-5 1?2.472 = 0 53 72 55 49 39 23 33 97 96 31 59 66 46 67 94 84 5 
602-0-6 1?2.565 = 0 22 62 40 73 43 88 32 46 66 59 81 35 87 38 50 64 80 6 
602-0-7 1?2.506 = 0 53 77 55 49 39 23 33 97 96 31 81 59 66 68 35 87 50 64 7 
602-0-8 1?2.589 = 0 53 77 55 49 39 23 33 97 96 31 81 59 66 68 35 87 38 75 42 8 
602-0-9 1?2.673 = 0 53 72 55 49 39 23 33 97 96 31 81 35 87 52 37 19 18 98 9 
602-0-10 1?2.629 = 0 53 77 55 49 39 23 95 91 70 28 96 31 41 90 20 44 57 54 10 
602-0-11 1?2.473 = 0 53 36 17 58 45 72 55 49 39 23 33 28 70 86 48 69 85 76 11 
602-0-12 1?2.394 = 0 53 72 55 49 39 23 33 95 91 70 28 86 48 69 85 76 89 12 
602-0-13 1?2.186 = 0 53 58 72 55 49 39 23 33 28 70 95 25 63 13 
602-0-14 1?2.063 = 0 53 72 77 55 49 39 23 33 95 45 58 17 36 24 14 
602-0-15 1?1.995 = 0 53 72 77 55 49 39 23 33 95 45 58 17 24 36 15 
602-1-2 1?1.947 = 1 21 22 34 16 32 88 43 73 40 62 82 92 30 2 
602-1-3 1?2.271 = 1 21 92 82 62 40 73 43 88 16 32 46 67 74 79 3 
602-1-4 1?2.112 = 1 21 92 82 62 40 73 43 88 16 32 61 74 67 65 27 4 
602-1-5 1?2.237 = 1 21 82 62 40 73 43 88 32 46 66 68 35 87 56 94 84 5 
602-1-6 1?2.28 = 1 21 82 62 40 73 43 88 32 46 66 59 81 35 87 50 64 80 6 
602-1-7 1?2.232 = 1 21 82 62 40 73 43 88 32 46 66 59 81 35 87 50 64 80 7 
602-1-8 1?2.399 = 1 21 82 62 40 73 43 88 32 46 66 59 81 35 52 37 47 19 18 98 8 
602-1-9 1?2.346 = 1 21 82 62 40 73 43 88 32 46 66 59 81 52 37 19 18 98 9 
602-1-10 1?2.473 = 1 21 82 62 40 73 43 88 32 46 66 59 31 41 90 20 44 60 10 
602-1-11 1?2.451 = 1 21 82 62 40 73 43 88 32 16 33 23 95 91 93 71 89 76 11 
602-1-12 1?2.486 = 1 21 82 62 40 73 43 88 32 16 34 39 23 33 95 91 93 99 12 
602-1-13 1?2.263 = 1 21 82 62 40 73 43 88 16 34 55 49 72 58 45 25 63 13 
602-1-14 1?2.024 = 1 21 82 62 73 88 16 34 55 49 72 58 17 24 14 
602-1-15 1?1.889 = 1 21 82 62 40 73 43 88 16 34 49 55 77 53 15 
602-2-3 1?1.98 = 2 30 92 21 82 62 40 73 43 88 16 32 61 74 79 3 
602-2-4 1?1.913 = 2 92 21 82 62 40 73 43 88 16 32 61 74 65 27 4 
602-2-5 1?1.969 = 2 92 21 82 62 40 73 43 88 16 32 61 74 67 94 84 5 
602-2-6 1?2.159 = 2 92 82 62 40 73 43 88 32 46 66 68 35 87 50 64 80 6 
602-2-7 1?2.1 = 2 92 82 62 40 73 43 88 32 46 66 59 81 35 87 50 64 7 
602-2-8 1?2.178 = 2 92 82 62 40 73 43 88 32 46 66 59 35 52 37 19 42 8 
602-2-9 1?2.397 = 2 92 21 82 62 40 73 43 88 32 46 66 59 81 52 37 47 19 18 98 9 
602-2-10 1?2.442 = 2 92 82 62 40 73 43 88 32 46 66 59 81 52 37 26 29 51 60 10 
602-2-11 1?2.391 = 2 92 82 62 40 73 43 88 32 16 33 23 95 91 93 71 89 76 11 
602-2-12 1?2.417 = 2 92 21 82 62 40 73 43 88 32 16 34 39 23 95 91 93 99 12 
602-2-13 1?2.203 = 2 92 82 62 40 73 43 88 16 34 55 49 72 58 45 25 63 13 
602-2-14 1?2.054 = 2 92 82 62 40 73 43 88 32 16 34 55 49 72 58 17 24 14 
602-2-15 1?1.829 = 2 92 82 62 40 73 43 88 16 34 49 55 77 53 15 
602-3-4 1?2.124 = 3 78 40 73 43 88 32 46 66 59 68 67 65 27 4 
602-3-5 1?2.081 = 3 78 40 73 43 88 32 46 66 59 68 67 94 84 5 
602-3-6 1?2.062 = 3 79 40 73 43 88 32 46 66 59 81 35 87 56 6 
602-3-7 1?2.15 = 3 79 40 73 43 88 16 32 46 66 59 81 35 87 50 64 7 
602-3-8 1?2.215 = 3 78 40 73 43 88 32 46 66 59 81 35 52 37 47 19 42 8 
602-3-9 1?2.454 = 3 78 40 73 43 88 16 32 46 66 59 81 35 52 37 47 19 18 98 9 
602-3-10 1?2.537 = 3 79 40 73 43 88 32 46 66 59 81 35 52 37 47 26 29 51 60 10 
602-3-11 1?2.528 = 3 79 40 73 43 88 32 46 66 59 31 41 90 20 44 83 57 69 85 11 
602-3-12 1?2.531 = 3 79 40 73 43 88 32 16 34 55 49 39 23 33 95 91 93 99 12 
602-3-13 1?2.435 = 3 78 40 73 43 88 32 16 33 23 39 49 55 72 58 45 25 63 13 
602-3-14 1?2.155 = 3 79 40 73 43 88 32 16 34 77 55 49 72 45 58 17 24 14 
602-3-15 1?1.989 = 3 79 40 73 43 88 32 16 34 55 49 72 45 58 17 36 15 
602-4-5 1?2.184 = 4 27 65 67 74 61 46 66 59 68 35 87 56 94 84 5 
602-4-6 1?2.088 = 4 27 65 67 46 66 59 81 35 87 38 75 50 64 80 6 
602-4-7 1?2.04 = 4 27 65 67 46 66 59 81 35 87 38 75 50 64 80 7 
602-4-8 1?2.304 = 4 79 40 73 43 88 32 46 66 59 81 35 52 37 19 42 8 
602-4-9 1?2.426 = 4 27 65 67 46 66 59 68 35 81 52 38 75 37 47 19 18 98 9 
602-4-10 1?2.665 = 4 79 40 73 43 88 32 46 66 59 81 35 52 37 47 26 29 51 60 10 
602-4-11 1?2.598 = 4 27 65 67 46 66 68 35 81 31 41 90 20 44 83 57 69 85 76 89 11 
602-4-12 1?2.554 = 4 27 65 67 46 66 59 81 31 41 90 20 44 83 57 69 85 76 89 12 
602-4-13 1?2.567 = 4 79 40 73 43 88 32 16 33 23 39 49 55 72 58 45 25 63 13 
602-4-14 1?2.399 = 4 79 40 73 43 88 32 16 34 77 55 49 72 58 45 17 36 24 14 
602-4-15 1?2.195 = 4 79 40 73 43 88 32 16 34 77 55 49 72 45 58 17 36 15 
602-5-6 1?2.034 = 5 84 94 67 68 66 59 81 35 87 38 75 50 64 80 6 
602-5-7 1?1.986 = 5 84 94 67 68 66 59 81 35 87 38 75 50 64 80 7 
602-5-8 1?1.973 = 5 84 94 67 46 66 59 81 35 52 37 19 18 98 8 
602-5-9 1?2.34 = 5 84 94 67 68 66 59 81 35 87 38 75 37 19 47 26 29 51 9 
602-5-10 1?2.586 = 5 84 94 67 46 66 59 81 35 52 37 19 47 26 29 20 44 57 54 10 
602-5-11 1?2.513 = 5 84 94 67 46 66 68 35 81 31 41 90 20 44 57 69 85 76 89 11 
602-5-12 1?2.469 = 5 84 94 67 46 66 59 81 31 41 90 20 44 57 69 85 76 89 12 
602-5-13 1?2.629 = 5 84 94 67 74 61 43 73 88 32 16 34 55 49 72 58 45 25 63 13 
602-5-14 1?2.39 = 5 84 94 67 74 61 43 88 32 16 34 55 49 72 45 58 17 24 14 
602-5-15 1?2.302 = 5 84 94 67 74 61 43 88 32 16 34 55 49 72 45 58 17 36 15 
602-6-7 1?2.115 = 6 56 87 35 68 66 59 81 52 37 47 19 75 50 64 7 
602-6-8 1?1.998 = 6 80 64 50 87 35 68 66 59 81 52 37 19 18 98 8 
602-6-9 1?2.215 = 6 80 64 50 75 38 87 35 68 66 59 81 52 37 19 18 98 9 
602-6-10 1?2.418 = 6 80 64 50 75 38 87 35 68 66 59 31 41 90 20 44 83 57 54 10 
602-6-11 1?2.383 = 6 80 64 50 75 38 52 37 19 47 26 29 20 44 83 57 69 85 76 89 11 
602-6-12 1?2.451 = 6 80 64 50 38 75 37 47 26 29 20 44 57 69 85 76 89 71 99 12 
602-6-13 1?2.635 = 6 80 64 50 38 87 35 68 66 59 81 31 96 28 70 91 95 25 63 13 
602-6-14 1?2.538 = 6 80 64 50 87 35 81 31 96 97 33 23 39 49 55 72 58 17 24 14 
602-6-15 1?2.45 = 6 80 64 50 87 35 81 31 96 97 33 23 39 49 55 72 58 17 36 15 
602-7-8 1?1.921 = 7 64 50 87 35 68 66 59 81 52 37 47 19 18 98 8 
602-7-9 1?1.99 = 7 64 50 87 35 68 66 59 81 52 37 47 19 18 98 9 
602-7-10 1?2.234 = 7 80 64 50 87 35 68 66 59 81 52 37 47 26 29 51 60 10 
602-7-11 1?2.181 = 7 80 64 50 38 75 37 19 47 26 29 20 44 83 57 85 76 89 11 
602-7-12 1?2.316 = 7 64 50 75 38 52 37 19 47 26 29 20 44 83 57 69 85 76 89 12 
602-7-13 1?2.518 = 7 64 50 75 37 19 47 26 29 20 44 83 57 69 85 76 89 71 99 13 
602-7-14 1?2.484 = 7 64 50 87 35 81 31 96 97 33 23 39 49 55 72 45 58 17 24 14 
602-7-15 1?2.479 = 7 64 50 87 35 68 66 59 31 96 97 33 23 39 49 55 72 58 17 36 15 
602-8-9 1?2.073 = 8 42 75 38 87 35 68 66 59 81 52 37 47 19 18 98 9 
602-8-10 1?2.043 = 8 98 18 47 19 75 38 52 37 26 29 20 44 83 57 54 10 
602-8-11 1?2.055 = 8 98 18 19 47 37 26 29 20 44 83 57 69 85 71 89 76 11 
602-8-12 1?2.075 = 8 98 18 19 37 47 26 29 20 44 57 69 85 76 89 71 12 
602-8-13 1?2.503 = 8 42 19 37 52 35 68 66 59 31 96 28 70 91 95 25 63 13 
602-8-14 1?2.393 = 8 42 19 47 37 52 31 96 97 33 23 39 49 55 72 58 17 24 14 
602-8-15 1?2.455 = 8 42 19 47 37 52 31 96 97 33 23 39 49 55 77 72 58 45 17 36 15 
602-9-10 1?2.112 = 9 98 18 19 75 38 52 37 47 26 29 20 44 83 57 54 10 
602-9-11 1?2.115 = 9 51 29 26 47 19 37 41 90 20 44 83 57 69 85 76 89 11 
602-9-12 1?2.112 = 9 98 18 19 47 26 29 20 44 57 69 85 76 89 71 99 12 
602-9-13 1?2.428 = 9 98 18 19 47 37 26 29 20 44 83 57 69 85 76 89 71 99 13 
602-9-14 1?2.371 = 9 51 29 26 90 41 31 96 97 33 23 39 49 55 72 58 17 24 14 
602-9-15 1?2.328 = 9 51 29 26 90 41 31 96 97 33 39 49 55 72 45 58 17 36 15 
602-10-11 1?2.167 = 10 60 51 29 26 47 37 41 90 20 44 83 57 69 85 76 89 11 
602-10-12 1?2.289 = 10 60 51 29 18 19 47 26 20 44 83 57 85 69 71 89 12 
602-10-13 1?2.457 = 10 54 85 69 48 86 70 28 33 23 39 49 55 72 58 45 25 63 13 
602-10-14 1?2.339 = 10 54 85 69 48 86 70 28 33 23 39 49 55 72 58 45 17 24 14 
602-10-15 1?2.323 = 10 54 85 69 48 86 70 28 33 23 39 49 55 77 72 58 45 17 36 15 
602-11-12 1?2.27 = 11 76 89 71 48 86 70 28 33 23 39 95 91 93 99 12 
602-11-13 1?2.193 = 11 76 89 71 93 91 95 39 49 55 72 45 25 63 13 
602-11-14 1?2.037 = 11 85 69 48 86 28 33 23 39 49 55 72 58 17 24 14 
602-11-15 1?2.133 = 11 89 76 85 69 48 86 70 28 33 23 39 49 55 72 58 17 36 15 
602-12-13 1?2.131 = 12 99 93 91 95 23 39 49 55 77 72 58 45 25 63 13 
602-12-14 1?2.008 = 12 99 93 91 95 23 33 39 49 55 72 45 58 17 24 14 
602-12-15 1?1.965 = 12 99 93 91 95 23 39 49 55 72 45 58 17 24 36 15 
602-13-14 1?2.355 = 13 63 25 45 58 72 49 55 77 34 22 53 17 24 14 
602-13-15 1?2.351 = 13 63 25 45 58 72 49 55 77 34 22 53 17 24 15 
602-14-15 1?2.247 = 14 24 17 45 58 72 55 49 39 23 33 34 77 53 36 15 
stop
