start
792-0-2 1?2.19 = 0 35 65 72 20 88 87 64 50 55 17 77 70 83 23 2 
792-0-3 1?2.469 = 0 35 53 71 20 72 65 87 64 38 50 55 17 77 70 83 23 3 
792-0-1 1?2.401 = 0 15 29 81 53 20 72 65 87 48 77 17 55 64 50 38 1 
792-0-4 1?2.556 = 0 35 87 65 72 20 88 42 86 63 31 24 19 37 96 16 78 60 4 
792-0-11 1?2.63 = 0 35 87 65 72 20 88 42 86 63 66 85 59 34 21 30 46 74 11 
792-0-9 1?2.682 = 0 35 87 65 72 20 88 42 86 63 24 31 28 32 73 97 80 79 82 9 
792-0-5 1?2.322 = 0 35 87 65 72 20 88 42 86 63 31 24 19 37 96 78 16 58 5 
792-0-6 1?2.431 = 0 35 87 65 72 20 88 42 86 63 31 24 19 37 96 78 16 69 75 6 
792-0-10 1?2.732 = 0 35 87 65 72 20 88 42 86 24 31 28 73 36 85 59 34 21 30 10 
792-0-8 1?2.562 = 0 35 87 65 72 20 88 42 86 63 24 31 28 32 73 97 80 79 8 
792-0-7 1?2.439 = 0 35 87 65 72 20 88 42 86 63 24 31 28 32 73 97 27 33 41 7 
792-1-4 1?1.982 = 1 38 50 64 55 17 77 70 83 23 92 62 47 89 95 4 
792-1-3 1?2.233 = 1 38 50 55 17 77 48 49 37 96 78 60 89 62 92 3 
792-1-2 1?2.167 = 1 38 35 53 71 20 72 65 87 64 55 17 77 70 83 2 
792-1-5 1?2.152 = 1 38 50 64 55 17 77 23 92 62 95 89 60 78 96 16 69 58 5 
792-0-14 1?2.341 = 0 35 87 65 72 20 88 39 68 67 54 98 45 94 84 43 90 14 
792-1-8 1?2.456 = 1 38 50 64 55 17 77 48 49 19 24 31 28 32 73 36 80 79 82 8 
792-0-13 1?2.445 = 0 35 87 65 72 20 88 42 39 91 68 67 54 98 84 94 56 13 
792-1-6 1?2.319 = 1 38 50 64 55 17 77 48 49 19 24 31 28 32 73 97 52 61 75 6 
792-0-15 1?2.243 = 0 38 50 64 55 17 77 48 87 65 72 20 53 81 29 15 
792-0-12 1?2.643 = 0 38 50 64 55 17 77 48 87 65 72 20 71 54 98 45 57 51 25 12 
792-1-7 1?2.279 = 1 38 50 64 55 17 77 48 49 19 24 31 28 32 73 97 27 33 41 7 
792-2-3 1?2.023 = 2 83 70 55 17 77 48 49 19 37 47 89 95 62 92 3 
792-2-4 1?1.966 = 2 83 70 50 64 55 17 77 48 49 19 37 47 89 95 4 
792-1-14 1?2.139 = 1 38 50 64 55 17 77 48 87 65 72 20 71 54 43 90 14 
792-2-5 1?1.92 = 2 83 70 50 64 55 17 77 48 49 19 37 96 78 16 69 58 5 
792-1-13 1?2.236 = 1 38 50 64 55 17 77 48 87 65 72 20 71 54 98 84 56 13 
792-1-9 1?2.521 = 1 38 50 64 55 17 77 48 49 19 24 31 28 32 73 36 80 79 82 9 
792-2-6 1?2.188 = 2 83 70 55 17 77 48 49 19 24 31 28 32 73 97 52 61 75 6 
792-1-15 1?2.01 = 1 38 50 64 55 17 77 48 87 65 72 20 53 81 29 15 
792-1-10 1?2.643 = 1 38 50 64 55 17 77 48 49 19 24 31 28 73 36 85 59 34 21 30 10 
792-1-12 1?2.551 = 1 38 50 64 55 17 77 48 87 65 72 20 71 54 98 45 57 40 51 25 12 
792-1-11 1?2.642 = 1 38 50 64 55 17 77 48 42 88 72 20 71 54 98 45 57 40 26 74 11 
792-2-15 1?1.892 = 2 83 70 77 17 55 50 64 87 65 72 20 71 81 29 15 
792-3-5 1?1.831 = 3 23 83 70 17 77 48 49 19 37 96 78 16 69 58 5 
792-3-4 1?2.055 = 3 23 83 70 50 64 55 17 77 48 92 62 47 89 95 4 
792-2-14 1?2.285 = 2 83 70 77 17 55 50 64 87 65 72 20 71 54 98 84 94 56 14 
792-2-8 1?2.45 = 2 83 70 55 17 77 48 49 37 19 24 31 28 32 73 97 80 82 79 8 
792-2-9 1?2.599 = 2 83 70 17 77 48 49 19 24 31 28 32 73 36 85 59 34 21 30 76 9 
792-2-13 1?2.493 = 2 23 83 70 77 17 55 50 64 87 65 72 20 71 54 98 45 94 84 56 13 
792-2-10 1?2.525 = 2 83 70 55 17 77 48 49 19 24 31 28 32 73 36 59 34 21 30 10 
792-2-7 1?2.148 = 2 83 70 55 17 77 48 49 19 24 31 28 32 73 97 27 33 41 7 
792-2-12 1?2.452 = 2 83 70 77 17 55 50 64 87 65 72 20 71 54 98 45 57 40 26 18 12 
792-2-11 1?2.581 = 2 83 70 77 17 55 50 64 87 65 88 72 20 71 54 98 45 57 40 26 74 11 
792-4-5 1?1.891 = 4 60 78 96 37 19 24 31 28 32 52 61 69 58 5 
792-3-15 1?2.327 = 3 23 83 70 55 17 77 48 42 88 20 72 65 87 35 53 81 29 15 
792-3-6 1?2.221 = 3 23 83 70 17 77 48 49 19 37 96 78 16 69 61 52 44 75 6 
792-3-9 1?2.434 = 3 92 62 95 89 60 78 96 16 69 61 52 44 27 41 33 79 82 9 
792-3-8 1?2.406 = 3 92 62 95 89 60 78 96 16 58 69 61 52 44 22 27 41 33 8 
792-3-14 1?2.466 = 3 23 83 70 77 17 55 50 64 87 65 72 20 71 54 98 94 84 43 90 14 
792-3-13 1?2.586 = 3 23 83 70 77 17 55 50 64 87 65 88 72 20 71 54 98 45 94 84 56 13 
792-3-10 1?2.624 = 3 92 62 89 60 78 96 16 69 61 52 44 97 73 36 85 59 34 21 30 10 
792-3-7 1?2.041 = 3 92 62 95 89 60 78 96 16 69 75 61 52 44 22 27 33 41 7 
792-3-12 1?2.453 = 3 23 83 70 77 17 55 50 64 87 65 72 20 71 54 98 45 57 51 25 12 
792-3-11 1?2.566 = 3 92 62 47 37 19 24 31 28 32 73 36 85 59 34 21 30 46 74 11 
792-4-6 1?1.804 = 4 95 89 60 58 78 96 16 69 61 52 44 27 22 6 
792-5-6 1?1.626 = 5 58 16 78 96 37 19 24 31 28 32 52 61 75 6 
792-4-15 1?2.463 = 4 95 62 92 23 83 70 77 17 55 50 64 87 65 72 20 53 81 29 15 
792-4-9 1?2.302 = 4 95 89 60 96 78 16 69 61 52 44 22 27 41 33 79 82 9 
792-4-8 1?2.238 = 4 95 89 60 58 78 96 16 69 75 61 52 44 22 27 33 41 8 
792-4-7 1?1.725 = 4 95 89 60 78 96 16 69 75 61 52 44 22 27 41 7 
792-4-10 1?2.377 = 4 95 89 47 37 19 24 31 28 32 97 73 36 85 59 34 21 30 10 
792-4-14 1?2.693 = 4 95 62 92 23 83 70 77 17 55 50 64 87 65 72 20 71 54 98 43 90 14 
792-4-13 1?2.667 = 4 95 62 92 23 83 70 77 17 55 64 87 65 72 20 71 54 98 94 56 13 
792-4-11 1?2.467 = 4 60 78 96 16 69 61 52 44 97 73 36 85 59 34 21 30 46 74 11 
792-4-12 1?2.574 = 4 60 78 96 16 69 61 52 97 73 36 85 59 34 21 93 99 40 18 12 
792-6-8 1?1.829 = 6 75 58 78 96 16 69 61 52 44 22 27 33 41 8 
792-5-8 1?1.966 = 5 58 78 96 16 69 75 61 52 44 22 27 41 33 79 82 8 
792-6-7 1?1.559 = 6 75 58 78 96 16 69 61 52 44 22 27 33 41 7 
792-5-15 1?2.31 = 5 58 16 78 96 37 19 24 31 63 86 42 88 72 20 71 81 29 15 
792-5-9 1?2.161 = 5 58 69 16 78 96 37 19 24 31 28 32 97 73 36 80 79 82 9 
792-5-7 1?1.632 = 5 58 60 78 96 16 69 75 61 52 44 22 27 33 41 7 
792-5-10 1?2.166 = 5 58 16 78 96 37 19 24 31 28 32 73 36 85 59 34 21 30 10 
792-5-14 1?2.545 = 5 58 78 96 16 69 61 52 32 28 31 24 86 42 88 72 20 71 43 90 14 
792-5-13 1?2.534 = 5 58 16 78 96 37 19 24 31 63 86 42 88 72 20 71 54 98 94 56 13 
792-5-11 1?2.245 = 5 58 78 96 16 69 61 52 97 73 36 85 59 34 21 93 46 74 11 
792-5-12 1?2.432 = 5 58 78 96 16 69 61 52 44 97 73 36 85 59 34 21 93 99 40 18 12 
792-7-8 1?2.042 = 7 41 33 97 73 32 28 31 24 63 66 85 59 80 79 8 
792-7-9 1?2.067 = 7 41 27 44 61 52 97 73 36 59 34 21 30 76 9 
792-6-9 1?2.196 = 6 75 69 16 78 96 37 19 24 31 28 32 97 73 36 80 79 82 9 
792-7-10 1?2.151 = 7 41 27 97 73 32 28 31 24 86 63 66 85 59 34 21 30 10 
792-6-10 1?2.227 = 6 75 69 16 78 96 37 19 24 31 28 73 36 85 59 34 21 30 10 
792-6-15 1?2.452 = 6 75 61 52 44 97 73 32 28 31 24 86 42 88 72 20 71 81 29 15 
792-6-13 1?2.565 = 6 75 61 52 97 73 32 28 31 24 86 63 66 91 68 67 54 98 84 56 13 
792-6-14 1?2.583 = 6 75 61 52 44 97 73 32 28 31 24 63 86 42 88 72 20 71 43 90 14 
792-7-11 1?2.248 = 7 41 27 97 73 28 31 24 63 66 85 59 34 21 30 46 74 11 
792-6-11 1?2.309 = 6 75 69 16 78 96 37 19 24 31 28 36 59 34 21 30 46 74 11 
792-6-12 1?2.45 = 6 75 69 16 78 96 37 19 24 31 28 36 85 59 34 21 93 40 18 12 
792-8-9 1?2.307 = 8 33 97 73 28 31 24 63 66 85 59 34 21 30 76 9 
792-8-10 1?2.236 = 8 79 80 97 73 28 31 24 63 66 85 59 34 21 30 10 
792-8-15 1?2.574 = 8 79 82 80 97 73 32 28 31 24 63 86 42 88 72 20 53 81 29 15 
792-8-13 1?2.595 = 8 79 82 80 36 28 31 24 86 42 88 72 20 71 54 98 84 56 13 
792-7-15 1?2.389 = 7 41 33 97 73 32 28 31 24 63 86 42 88 20 72 65 53 81 29 15 
792-7-13 1?2.425 = 7 41 33 97 73 28 31 24 86 42 88 72 20 71 54 98 94 56 13 
792-8-11 1?2.451 = 8 79 82 80 36 28 31 24 86 63 66 85 59 34 21 30 46 74 11 
792-8-14 1?2.691 = 8 79 80 97 73 32 28 31 24 86 42 88 72 20 71 54 98 43 90 14 
792-7-14 1?2.52 = 7 41 33 27 97 73 28 31 24 86 42 88 72 20 71 54 98 43 90 14 
792-8-12 1?2.557 = 8 79 82 80 36 28 31 24 63 66 85 59 34 21 93 99 40 18 12 
792-7-12 1?2.371 = 7 41 33 97 73 28 31 24 63 66 85 59 34 21 93 99 40 18 12 
792-9-10 1?2.327 = 9 82 79 80 36 28 31 24 86 63 66 85 59 34 21 30 10 
792-10-13 1?2.311 = 10 30 21 59 34 93 99 40 26 18 51 25 94 84 56 13 
792-10-11 1?2.383 = 10 30 21 59 85 34 93 99 40 51 25 18 26 46 74 11 
792-9-11 1?2.342 = 9 82 79 80 59 85 34 21 93 99 40 51 25 18 26 74 11 
792-9-12 1?2.344 = 9 82 79 80 36 85 59 34 21 93 99 40 26 18 51 25 12 
792-10-12 1?2.492 = 10 76 82 79 80 59 85 34 21 93 99 40 26 18 51 25 12 
792-10-15 1?2.685 = 10 30 21 34 59 36 73 28 31 24 86 42 88 72 20 71 81 29 15 
792-9-13 1?2.679 = 9 82 79 80 97 73 28 31 24 63 66 91 68 67 54 98 94 56 13 
792-9-15 1?2.657 = 9 82 79 80 97 73 32 28 31 24 63 86 42 88 20 72 53 81 29 15 
792-10-14 1?2.695 = 10 30 21 34 59 85 36 28 31 24 86 42 88 72 20 71 43 90 14 
792-9-14 1?2.763 = 9 82 79 80 97 73 28 31 24 86 42 88 72 20 71 54 98 43 90 14 
792-12-15 1?2.09 = 12 25 51 57 45 98 54 71 20 72 65 87 35 53 81 29 15 
792-14-15 1?2.101 = 14 56 94 84 98 54 71 20 72 65 87 35 53 81 29 15 
792-13-15 1?1.988 = 13 56 94 84 98 54 71 20 72 65 87 35 53 81 29 15 
792-11-13 1?2.286 = 11 74 46 30 21 59 85 34 93 99 40 26 18 51 25 13 
792-12-13 1?2.395 = 12 18 25 51 40 26 93 99 57 45 98 54 43 84 94 56 13 
792-12-14 1?2.373 = 12 25 51 57 45 98 54 71 20 72 65 87 35 53 81 29 14 
792-13-14 1?2.271 = 13 56 94 84 98 54 71 20 72 65 87 35 53 81 29 14 
792-11-15 1?2.397 = 11 74 26 40 57 45 98 54 71 20 72 88 65 87 35 53 81 29 15 
792-11-14 1?2.504 = 11 74 46 30 21 59 34 93 99 40 18 51 25 94 84 43 90 14 
792-11-12 1?2.199 = 11 74 46 30 21 59 85 34 93 99 40 26 18 51 25 12 
stop
