start
477-0-5 477-0-12? 1?2.2022.333 =  = 0 051  8625  9175 65  47 3653  5592  29 82 1944 26 30  39 93 54 97 9027  9467  18 4459  582  
29 55 2 
477-0-3 1?2.309 = 0 25 91 65 47 81 35 92 19 26 27 67 30 44 82 52 3 
477-0-1 1?2.128 = 0 25 91 47 81 96 78 35 92 26 19 71 75 86 51 1 
477-0-4 1?2.597 = 0 25 91 47 81 96 78 35 92 19 26 27 67 44 82 52 37 21 4 
477-0-8 1?2.704 = 0 51 86 75 19 26 56 85 87 74 34 33 32 42 48 20 45 77 8 
477-0-9 1?2.567 = 0 25 91 47 81 35 73 87 85 16 34 33 32 42 48 20 88 45 80 9 
477-0-6 1?2.432 = 0 51 86 75 36 55 29 82 44 30 39 93 54 97 90 41 38 89 43 6 
477-0-7 1?2.543 = 0 51 86 36 55 29 82 44 30 39 93 54 97 90 38 89 23 72 22 7 
477-0-11 1?2.426 = 0 25 91 65 47 53 35 81 78 96 95 70 24 62 31 61 64 11 
477-0-10 1?2.513 = 0 25 91 65 47 35 81 78 96 70 24 62 31 61 66 79 83 57 10 
477-0-14 1?1.955 = 0 51 86 75 71 25 91 65 47 53 35 81 78 96 95 14 
477-1-2 1?2.345 = 1 51 86 75 71 19 92 26 67 27 39 30 44 82 29 2 
477-1-3 1?2.26 = 1 51 86 75 71 19 92 26 27 67 36 55 29 82 52 3 
477-1-5 1?2.102 = 1 36 55 29 82 44 30 39 93 54 97 90 41 38 89 94 18 5 
477-0-15 1?2.06 = 0 51 86 75 71 25 91 53 35 81 78 96 95 60 65 15 
477-1-4 1?2.487 = 1 36 55 29 82 44 30 39 93 54 97 90 41 38 89 59 18 94 4 
477-0-13 1?2.295 = 0 25 91 65 47 53 35 81 78 96 70 24 62 61 31 28 99 13 
477-1-6 1?2.336 = 1 86 75 36 55 29 82 44 30 39 93 54 97 90 41 38 89 43 6 
477-1-8 1?2.675 = 1 36 55 29 82 44 30 39 93 54 97 90 41 38 89 23 72 22 40 77 8 
477-0-12 1?2.431 = 0 51 86 75 71 19 26 92 35 81 78 96 70 24 62 28 99 63 12 
477-1-7 1?2.575 = 1 51 86 75 36 55 29 82 44 30 39 93 54 97 90 38 89 23 72 22 7 
477-1-14 1?2.298 = 1 51 86 75 71 25 91 65 47 53 35 81 78 96 24 70 95 14 
477-2-5 1?1.676 = 2 29 82 44 30 39 93 54 97 90 41 38 89 94 18 5 
477-2-4 1?1.969 = 2 55 29 82 44 30 39 93 54 97 90 41 38 89 94 4 
477-2-3 1?2.193 = 2 55 29 82 44 30 39 93 54 97 90 94 4 21 37 52 3 
477-1-13 1?2.389 = 1 51 86 75 71 25 91 65 47 53 35 81 78 96 70 24 62 28 99 13 
477-1-11 1?2.608 = 1 51 86 75 71 19 26 92 35 81 78 96 70 24 62 31 61 64 11 
477-1-9 1?2.698 = 1 51 86 75 19 26 56 85 87 74 34 33 32 42 48 20 88 45 80 98 9 
477-1-10 1?2.61 = 1 86 75 19 26 56 85 87 74 34 33 32 42 48 20 45 80 98 76 10 
477-2-6 1?2.097 = 2 55 29 82 44 30 39 93 54 97 90 41 38 89 23 72 22 58 43 6 
477-1-15 1?1.943 = 1 51 86 75 19 26 92 35 81 78 96 95 60 65 15 
477-1-12 1?2.558 = 1 51 86 75 71 25 91 65 47 53 35 81 78 96 70 24 62 28 99 63 12 
477-3-5 1?1.627 = 3 52 82 44 30 39 93 54 97 90 41 38 89 94 18 5 
477-2-14 1?2.397 = 2 55 29 82 44 30 27 67 26 19 92 53 35 81 78 96 95 14 
477-3-4 1?1.967 = 3 37 52 82 44 30 39 93 54 97 90 41 38 89 94 4 
477-2-13 1?2.52 = 2 55 29 82 44 30 67 27 26 19 92 35 81 78 96 24 70 28 99 13 
477-2-10 1?2.577 = 2 29 82 44 30 39 93 54 97 17 32 42 48 20 88 45 80 98 76 10 
477-2-9 1?2.482 = 2 55 29 82 44 30 39 93 54 97 90 41 38 89 23 72 22 40 77 9 
477-2-11 1?2.666 = 2 29 55 36 26 19 92 35 81 78 96 70 24 62 31 61 64 11 
477-2-15 1?2.1 = 2 29 55 36 26 19 92 35 81 78 96 95 60 65 15 
477-2-8 1?2.641 = 2 29 55 36 82 44 30 39 93 54 97 90 41 38 89 43 23 72 22 40 77 8 
477-2-12 1?2.645 = 2 55 29 82 44 67 27 26 19 92 35 81 78 96 70 24 62 28 63 12 
477-2-7 1?2.467 = 2 55 29 82 44 30 39 93 54 97 90 41 38 89 94 18 59 43 23 72 22 7 
477-4-5 1?1.745 = 4 21 37 52 82 44 30 39 93 54 97 90 94 18 59 5 
477-3-6 1?1.677 = 3 37 52 82 44 30 39 93 54 97 90 41 38 89 43 6 
477-3-14 1?2.681 = 3 52 30 39 93 54 97 90 38 41 17 50 69 16 85 87 73 78 96 95 14 
477-3-13 1?2.615 = 3 37 52 82 44 30 67 26 19 92 35 81 78 96 70 24 62 28 99 13 
477-3-10 1?2.526 = 3 52 30 39 93 54 97 90 38 41 17 32 42 48 20 45 80 98 76 10 
477-3-9 1?2.48 = 3 37 52 82 44 30 39 93 54 97 90 41 38 89 23 72 22 40 77 9 
477-3-11 1?2.649 = 3 52 30 39 93 54 97 90 38 41 17 32 42 48 20 45 88 83 68 11 
477-3-8 1?2.448 = 3 37 52 82 44 30 39 93 54 97 90 41 38 89 43 58 23 72 22 40 8 
477-3-15 1?2.219 = 3 52 82 44 67 27 26 19 92 35 81 78 96 95 60 65 15 
477-3-7 1?2.282 = 3 21 37 52 82 44 30 39 93 54 97 90 41 38 89 43 23 72 22 7 
477-3-12 1?2.674 = 3 52 82 44 30 67 27 26 19 92 35 81 78 96 70 24 62 28 99 63 12 
477-5-6 1?2.164 = 5 4 21 37 52 82 44 30 39 93 54 97 90 38 89 43 6 
477-4-6 1?1.775 = 4 21 37 52 82 44 30 39 93 54 97 90 38 89 43 6 
477-4-13 1?2.585 = 4 21 37 52 82 44 67 27 26 19 92 35 81 78 96 24 70 28 99 13 
477-4-14 1?2.663 = 4 21 37 52 44 82 29 55 36 67 27 26 19 92 35 81 78 96 95 14 
477-4-8 1?2.21 = 4 21 37 52 30 39 93 54 97 90 41 38 89 23 72 22 40 8 
477-4-9 1?2.512 = 4 21 37 52 30 39 93 54 97 90 41 38 89 23 72 22 40 77 9 
477-4-10 1?2.584 = 4 21 39 93 54 97 90 38 41 17 42 48 20 88 45 80 98 76 10 
477-4-11 1?2.763 = 4 21 37 39 93 54 97 90 38 41 17 32 42 48 20 45 88 83 68 11 
477-4-7 1?2.021 = 4 21 37 52 82 44 30 39 93 54 97 90 38 89 23 72 22 7 
477-4-15 1?2.556 = 4 21 37 52 44 30 67 27 26 19 92 35 81 78 96 95 60 65 15 
477-4-12 1?2.798 = 4 21 37 52 82 44 30 67 27 26 19 92 35 81 78 96 24 70 28 63 12 
477-6-8 1?2.106 = 6 43 59 18 94 90 38 41 89 23 58 72 22 40 77 8 
477-6-7 1?2.036 = 6 43 59 18 94 54 97 90 38 41 89 23 72 22 40 7 
477-5-7 1?2.051 = 5 18 59 94 54 97 90 41 38 89 23 72 58 22 40 7 
477-5-8 1?2.43 = 5 18 94 90 41 38 89 23 72 22 49 42 48 20 88 45 77 8 
477-5-9 1?2.381 = 5 18 94 90 41 38 89 23 72 22 49 42 48 20 88 45 80 98 9 
477-5-14 1?2.557 = 5 18 94 89 38 41 17 32 33 34 74 16 85 87 73 35 81 78 96 95 14 
477-5-13 1?2.565 = 5 18 94 90 38 41 17 32 33 34 74 87 85 73 46 62 24 70 28 99 13 
477-5-10 1?2.432 = 5 18 94 90 41 38 89 23 72 22 49 42 48 20 88 45 80 98 76 10 
477-5-11 1?2.651 = 5 18 94 90 41 38 89 23 72 22 49 17 42 48 20 45 88 83 68 11 
477-5-15 1?2.509 = 5 18 94 90 38 41 17 50 69 16 85 87 73 78 81 35 53 47 65 15 
477-5-12 1?2.639 = 5 18 94 90 38 41 17 32 33 34 16 85 87 73 46 62 24 70 28 63 12 
477-7-9 1?2.153 = 7 22 72 23 89 38 41 17 32 42 48 20 88 45 80 9 
477-7-10 1?2.124 = 7 22 72 23 49 17 32 42 48 20 88 45 80 98 76 10 
477-7-8 1?2.285 = 7 22 72 23 89 38 41 17 32 42 48 20 88 45 77 8 
477-6-9 1?2.306 = 6 58 22 72 23 89 38 41 17 32 42 48 20 88 45 80 98 9 
477-6-10 1?2.357 = 6 58 22 72 23 89 38 41 17 32 42 48 20 88 45 80 98 76 10 
477-7-11 1?2.581 = 7 22 72 23 89 38 41 17 32 42 48 20 88 45 80 57 83 68 11 
477-6-11 1?2.553 = 6 43 59 18 94 90 89 38 41 17 32 42 48 20 45 88 83 68 11 
477-6-13 1?2.633 = 6 43 89 38 41 17 50 69 33 34 74 16 85 87 73 46 62 24 70 28 99 13 
477-6-14 1?2.647 = 6 43 23 72 22 49 17 50 69 33 34 74 16 85 87 73 35 81 78 96 95 14 
477-6-12 1?2.491 = 6 43 89 38 41 17 50 69 16 85 87 73 46 62 24 70 28 99 63 12 
477-6-15 1?2.688 = 6 43 89 38 41 17 50 69 33 34 74 16 85 87 73 78 96 81 35 47 65 15 
477-8-9 1?2.324 = 8 77 84 48 42 32 33 34 74 66 79 88 45 80 98 9 
477-8-10 1?2.302 = 8 40 22 72 23 49 17 32 42 48 20 45 80 98 76 10 
477-8-11 1?2.319 = 8 77 45 88 20 48 42 32 33 34 74 66 79 83 68 11 
477-7-14 1?2.607 = 7 22 72 23 89 38 41 17 32 33 34 74 87 73 35 81 78 96 95 14 
477-7-13 1?2.641 = 7 22 72 23 89 38 41 17 32 33 34 16 85 87 46 62 24 70 28 99 13 
477-8-14 1?2.554 = 8 77 45 88 20 48 42 32 33 34 74 87 85 73 35 81 78 96 95 14 
477-8-13 1?2.561 = 8 77 45 20 48 42 32 33 34 74 87 85 73 46 62 24 70 28 99 13 
477-7-12 1?2.569 = 7 22 72 23 89 38 41 17 50 69 16 33 34 74 66 61 31 63 12 
477-8-12 1?2.511 = 8 77 84 48 42 32 33 34 74 87 73 46 62 24 70 28 99 63 12 
477-7-15 1?2.693 = 7 22 72 23 89 38 41 17 50 69 33 34 16 85 87 73 35 81 47 65 15 
477-8-15 1?2.627 = 8 77 45 88 20 48 42 32 33 34 74 87 73 78 96 81 35 47 65 15 
477-10-13 1?2.024 = 10 76 98 80 45 88 79 66 61 31 62 24 70 99 13 
477-9-10 1?2.189 = 9 80 45 88 20 48 42 32 33 34 74 66 79 83 57 10 
477-10-11 1?2.183 = 10 76 98 80 45 20 48 42 32 33 34 74 66 83 68 11 
477-9-11 1?2.187 = 9 80 45 88 20 48 42 32 33 34 74 66 79 83 68 11 
477-10-12 1?2.125 = 10 76 98 80 45 88 20 48 42 33 34 74 61 31 12 
477-9-12 1?2.098 = 9 80 45 20 48 42 32 33 34 74 66 61 31 63 12 
477-9-13 1?2.313 = 9 80 45 20 48 42 32 33 34 16 85 87 46 62 24 70 28 99 13 
477-10-14 1?2.362 = 10 76 98 80 45 20 48 42 33 34 74 87 73 35 81 78 96 95 14 
477-9-14 1?2.422 = 9 80 45 88 20 48 42 32 33 34 74 87 85 73 35 81 78 96 95 14 
477-10-15 1?2.438 = 10 76 98 80 45 88 79 66 61 31 62 24 96 78 81 35 47 65 15 
477-9-15 1?2.541 = 9 98 76 80 45 88 20 48 42 32 33 34 74 87 85 73 35 47 65 15 
477-12-13 1?2.079 = 12 31 61 74 34 33 16 85 87 73 46 62 24 70 13 
477-11-13 1?2.145 = 11 68 83 66 74 34 33 16 85 87 46 62 24 70 99 13 
477-11-14 1?2.16 = 11 68 83 79 74 34 33 16 85 87 73 35 78 96 95 14 
477-12-14 1?2.082 = 12 31 61 74 34 33 16 85 87 73 35 78 96 95 14 
477-13-14 1?1.971 = 13 99 28 70 24 62 46 87 85 73 35 81 78 96 95 14 
477-13-15 1?1.965 = 13 99 28 62 24 70 95 96 78 81 35 47 53 91 65 15 
477-11-12 1?2.25 = 11 64 61 74 34 33 16 85 87 46 62 24 70 28 63 12 
477-14-15 1?2.053 = 14 95 96 78 81 35 92 19 71 75 86 51 0 91 65 15 
477-12-15 1?2.243 = 12 63 31 64 61 62 24 70 95 96 78 81 35 53 91 65 15 
477-11-15 1?2.519 = 11 68 83 79 66 61 64 31 62 24 70 95 96 78 81 35 47 65 15 
stop
