start
629-0-2 1?629-0-3 1?2.219 = 0 47 36 97 41 73 94 62 261.994  = 870 47  3686  3097  4153  7357  8994  2 
62 26 87 30 32 21 57 53 3 
629-0-1 1?2.299 = 0 58 31 40 93 84 20 92 82 80 37 73 41 97 36 47 1 
629-0-7 1?2.488 = 0 84 82 35 98 27 55 79 45 71 74 59 38 56 85 16 52 7 
629-0-4 1?2.186 = 0 47 36 97 41 73 94 62 26 21 57 53 32 87 30 4 
629-0-11 1?2.427 = 0 58 40 93 84 82 35 98 27 44 55 79 45 71 19 22 33 67 11 
629-0-6 1?2.725 = 0 84 20 82 35 98 44 55 79 45 71 74 59 38 56 85 60 96 61 17 6 
629-0-8 1?2.518 = 0 58 40 93 84 20 82 35 98 44 55 79 45 71 59 74 68 51 43 8 
629-0-10 1?2.445 = 0 58 40 93 84 20 82 35 98 27 44 55 79 45 71 59 74 68 99 75 81 10 
629-0-5 1?2.738 = 0 84 20 82 35 98 27 44 55 79 45 83 77 46 25 78 87 30 86 5 
629-0-9 1?2.478 = 0 58 40 93 84 20 82 35 98 27 44 55 79 45 71 59 74 68 51 24 9 
629-0-15 1?1.957 = 0 47 36 97 41 73 37 80 82 92 20 84 93 40 58 31 15 
629-1-3 1?2.199 = 1 36 47 97 41 73 94 62 26 87 86 30 32 21 57 53 3 
629-0-13 1?2.032 = 0 47 36 97 84 93 40 58 31 69 48 39 88 50 23 13 
629-1-2 1?2.343 = 1 36 47 97 41 73 94 62 26 87 86 30 53 57 89 2 
629-0-14 1?1.804 = 0 47 36 97 20 84 93 40 58 31 69 48 39 88 66 14 
629-1-4 1?2.309 = 1 47 36 97 41 73 94 62 26 21 57 53 32 87 30 4 
629-1-5 1?2.462 = 1 47 36 97 41 73 94 62 26 21 57 53 32 30 86 5 
629-1-7 1?2.568 = 1 97 92 82 35 98 44 55 79 45 71 74 59 38 85 16 52 7 
629-0-12 1?2.179 = 0 58 40 93 84 20 82 35 98 27 44 55 79 45 19 33 70 49 12 
629-1-8 1?2.629 = 1 36 47 84 82 35 98 27 44 55 79 45 71 59 74 68 51 43 8 
629-1-6 1?2.759 = 1 97 41 73 92 82 35 98 27 44 55 79 45 83 77 46 96 61 17 6 
629-1-15 1?2.244 = 1 36 47 97 41 73 37 80 82 84 93 40 58 31 69 15 
629-1-14 1?2.292 = 1 36 47 84 20 82 35 98 44 79 45 55 27 48 39 88 66 14 
629-1-13 1?2.393 = 1 97 92 82 35 98 27 44 55 79 45 19 22 33 70 49 76 23 13 
629-2-3 1?2.411 = 2 41 73 37 80 90 65 83 77 46 25 26 21 57 53 3 
629-2-5 1?2.733 = 2 41 73 37 80 44 55 79 45 83 77 46 25 78 87 86 5 
629-1-12 1?2.434 = 1 36 47 84 20 82 35 98 27 44 55 79 45 19 22 33 70 49 64 12 
629-2-4 1?2.569 = 2 89 57 32 21 26 90 65 83 77 46 25 78 87 30 4 
629-1-10 1?2.54 = 1 36 47 84 20 82 35 98 27 44 55 79 45 71 59 74 68 99 75 81 10 
629-1-11 1?2.579 = 1 36 47 84 20 82 35 98 27 44 55 79 45 71 59 74 68 99 91 11 
629-2-6 1?2.722 = 2 89 57 21 26 25 46 77 83 42 38 56 85 16 72 63 61 17 6 
629-1-9 1?2.573 = 1 36 47 84 20 82 35 98 27 44 55 79 45 71 59 74 68 51 24 9 
629-2-15 1?2.07 = 2 89 57 53 32 21 62 94 37 92 20 84 93 40 58 31 15 
629-2-14 1?2.535 = 2 89 57 53 32 21 62 94 73 41 92 20 84 93 40 69 48 39 66 14 
629-2-13 1?2.514 = 2 41 73 92 82 35 98 27 44 55 79 45 19 22 33 70 49 64 23 13 
629-3-4 1?2.377 = 3 53 57 32 21 62 90 65 83 77 46 25 78 87 30 4 
629-2-12 1?2.579 = 2 41 73 37 80 82 35 98 27 44 55 79 45 19 22 33 67 70 49 12 
629-2-10 1?2.575 = 2 41 73 37 80 82 35 98 27 44 55 79 45 71 59 74 68 99 75 81 10 
629-3-5 1?2.53 = 3 53 57 32 21 26 90 65 83 77 46 25 78 87 86 5 
629-2-7 1?2.531 = 2 89 57 32 21 26 25 46 77 83 42 56 38 85 16 72 52 7 
629-2-11 1?2.753 = 2 41 73 37 80 82 35 98 27 44 55 79 45 19 71 59 74 68 99 91 11 
629-2-8 1?2.623 = 2 89 57 32 21 26 25 46 77 42 38 56 85 60 16 72 52 28 8 
629-2-9 1?2.639 = 2 41 73 92 82 35 98 27 44 55 79 45 71 59 74 68 51 43 24 9 
629-3-14 1?2.32 = 3 53 57 32 21 26 62 94 73 41 92 20 84 93 40 69 39 88 66 14 
629-3-15 1?2.399 = 3 53 57 21 32 30 86 87 26 62 94 73 41 92 20 84 93 40 58 31 15 
629-3-13 1?2.416 = 3 53 57 32 21 26 25 46 77 83 45 79 55 44 98 27 54 50 13 
629-4-5 1?2.575 = 4 30 87 78 25 46 77 42 38 56 85 60 96 61 34 5 
629-3-10 1?2.472 = 3 53 57 32 21 26 25 46 77 83 42 56 85 38 51 59 74 68 75 81 10 
629-3-12 1?2.52 = 3 53 57 32 21 26 25 46 77 83 45 79 55 44 98 27 54 76 49 12 
629-3-7 1?2.372 = 3 53 57 21 26 25 46 77 83 42 38 56 85 60 16 72 52 7 
629-3-6 1?2.323 = 3 53 57 32 21 26 78 25 46 77 83 42 96 61 17 6 
629-3-11 1?2.616 = 3 53 57 32 21 26 25 46 77 83 42 56 85 38 51 59 74 68 99 91 11 
629-3-8 1?2.436 = 3 53 57 32 21 26 25 46 77 42 38 56 85 60 16 72 52 28 8 
629-3-9 1?2.542 = 3 53 57 32 21 26 25 46 77 83 42 56 85 38 59 74 68 51 24 9 
629-4-7 1?2.208 = 4 30 87 78 25 46 77 83 42 60 16 72 52 28 7 
629-4-14 1?2.389 = 4 30 87 78 25 46 77 83 45 79 55 44 27 98 35 48 39 88 66 14 
629-4-15 1?2.504 = 4 30 87 78 25 46 77 83 45 79 55 44 98 35 82 84 93 40 58 31 15 
629-4-13 1?2.551 = 4 30 86 87 78 25 46 77 83 45 79 55 44 98 27 54 76 23 50 13 
629-4-10 1?2.573 = 4 30 86 87 78 25 46 77 83 65 44 55 79 45 71 59 74 68 75 81 10 
629-4-12 1?2.572 = 4 30 86 87 78 25 46 77 83 65 44 55 79 45 19 22 33 70 49 64 12 
629-5-6 1?2.476 = 5 18 34 61 96 60 85 56 38 51 43 16 52 63 17 6 
629-4-6 1?2.383 = 4 30 87 78 25 46 77 42 38 56 85 16 72 63 61 17 6 
629-4-11 1?2.71 = 4 30 86 87 78 25 46 77 83 45 79 55 44 98 27 54 22 33 67 91 11 
629-4-8 1?2.407 = 4 30 86 87 78 25 46 77 42 38 56 85 60 16 72 52 28 8 
629-4-9 1?2.496 = 4 30 86 87 78 25 46 77 83 42 56 85 38 51 59 74 68 24 9 
629-6-7 1?2.123 = 6 17 61 96 60 85 56 38 59 74 68 51 43 16 52 7 
629-5-7 1?2.247 = 5 18 34 17 61 96 60 85 56 38 43 16 72 52 28 7 
629-5-14 1?2.512 = 5 86 30 87 78 25 46 77 83 45 79 55 44 98 27 48 39 88 66 14 
629-5-12 1?2.524 = 5 86 30 87 78 25 46 77 83 65 44 55 79 45 19 33 70 49 12 
629-5-10 1?2.433 = 5 18 34 17 61 63 72 16 85 56 38 43 51 59 74 68 99 75 81 10 
629-5-13 1?2.577 = 5 86 30 87 78 25 46 77 83 45 79 55 44 98 27 54 76 23 13 
629-6-8 1?2.108 = 6 17 61 63 52 72 16 85 56 38 59 74 68 51 43 8 
629-5-15 1?2.642 = 5 86 30 87 78 25 46 77 83 45 79 55 44 27 98 35 93 40 58 31 15 
629-5-11 1?2.706 = 5 18 34 17 61 63 72 16 60 85 56 38 51 59 74 68 75 81 99 91 11 
629-5-8 1?2.484 = 5 86 30 87 78 25 46 77 83 42 38 56 85 16 52 28 8 
629-5-9 1?2.365 = 5 34 17 61 63 72 16 60 85 56 38 43 51 59 74 68 24 9 
629-7-10 1?1.672 = 7 28 52 16 60 85 56 38 51 59 74 68 75 81 10 
629-6-10 1?2.262 = 6 17 61 63 52 72 16 60 56 85 38 43 51 59 74 68 99 75 81 10 
629-6-14 1?2.503 = 6 17 61 96 60 85 56 38 59 74 71 45 79 55 44 98 27 48 39 66 14 
629-6-12 1?2.358 = 6 17 61 96 60 16 85 56 38 51 68 74 59 71 19 33 70 49 12 
629-7-8 1?2.014 = 7 28 52 72 16 85 56 38 43 51 59 74 68 24 8 
629-7-9 1?1.818 = 7 28 52 72 16 85 56 38 59 74 68 51 43 24 9 
629-6-13 1?2.548 = 6 17 61 63 72 16 85 56 38 51 59 74 71 19 22 33 70 49 64 23 13 
629-6-15 1?2.52 = 6 17 61 96 46 77 83 45 79 55 44 27 98 35 82 84 93 40 58 31 15 
629-6-9 1?1.968 = 6 17 61 63 72 16 85 56 38 43 51 59 74 68 24 9 
629-6-11 1?2.471 = 6 17 61 63 72 16 60 85 56 38 51 68 74 59 71 19 22 33 67 11 
629-7-11 1?2.284 = 7 28 52 72 16 60 56 85 38 43 51 59 74 68 75 81 99 91 11 
629-8-10 1?1.691 = 8 28 52 16 60 85 56 38 51 59 74 68 75 81 10 
629-8-11 1?1.881 = 8 28 52 16 85 56 38 43 51 59 74 68 99 91 11 
629-7-15 1?2.406 = 7 52 16 85 56 38 59 74 71 45 55 44 98 35 93 40 58 31 15 
629-8-14 1?2.355 = 8 43 85 56 38 59 74 71 45 79 55 44 27 98 35 48 39 88 66 14 
629-8-12 1?2.189 = 8 28 52 72 16 85 56 38 51 68 74 59 71 19 33 70 49 12 
629-8-9 1?1.837 = 8 28 52 72 16 85 56 38 59 74 68 51 43 24 9 
629-7-14 1?2.343 = 7 52 16 85 56 38 59 74 71 45 79 55 44 98 27 48 39 88 66 14 
629-8-13 1?2.397 = 8 28 52 72 16 85 56 38 43 51 59 74 71 19 22 33 76 23 13 
629-7-12 1?2.301 = 7 28 52 16 85 56 38 43 51 68 74 59 71 19 22 33 70 49 12 
629-8-15 1?2.407 = 8 43 51 59 74 71 45 79 55 44 27 98 35 82 20 84 93 40 58 31 15 
629-7-13 1?2.457 = 7 52 72 16 85 56 38 51 68 74 59 71 19 22 33 70 49 64 76 23 13 
629-9-10 1?1.89 = 9 24 43 16 60 85 56 38 59 74 68 99 75 81 10 
629-9-11 1?2.005 = 9 24 43 85 56 38 51 68 74 59 71 19 33 67 11 
629-10-12 1?1.926 = 10 81 75 24 43 51 68 74 59 71 19 33 70 49 12 
629-10-11 1?2.001 = 10 81 75 24 43 51 68 74 59 71 19 22 33 67 11 
629-9-12 1?2.042 = 9 24 43 85 56 38 51 68 74 59 71 19 22 33 70 49 12 
629-10-14 1?1.938 = 10 81 75 68 74 59 71 45 79 55 44 98 27 48 39 88 66 14 
629-10-13 1?2.075 = 10 81 99 68 74 59 71 45 79 55 44 98 27 54 76 23 13 
629-9-14 1?2.158 = 9 24 51 68 74 59 71 45 79 55 44 98 27 35 48 39 88 66 14 
629-9-13 1?2.24 = 9 24 43 51 68 74 59 71 45 79 55 44 98 27 54 50 23 13 
629-10-15 1?2.068 = 10 81 75 68 74 59 71 45 79 55 44 27 98 35 93 40 58 31 15 
629-9-15 1?2.276 = 9 24 68 74 59 71 45 79 55 44 27 98 35 82 20 84 93 40 58 31 15 
629-14-15 1?1.749 = 14 66 88 39 48 54 27 98 35 82 84 93 40 58 31 15 
629-13-15 1?1.916 = 13 23 76 22 19 45 79 55 44 27 98 35 93 40 31 15 
629-13-14 1?1.818 = 13 23 76 22 19 45 79 55 44 98 27 48 39 88 66 14 
629-11-12 1?1.951 = 11 67 33 22 19 45 55 79 44 98 27 54 76 49 12 
629-12-14 1?1.777 = 12 49 70 33 19 45 79 55 44 98 27 48 39 88 66 14 
629-12-13 1?1.9 = 12 49 70 33 22 19 45 55 79 44 98 27 54 50 23 13 
629-11-13 1?1.978 = 11 91 67 33 22 19 45 79 55 44 98 27 54 50 23 13 
629-11-14 1?2.076 = 11 67 33 22 19 45 55 79 44 98 35 27 54 48 39 88 66 14 
629-12-15 1?1.962 = 12 49 70 33 19 45 79 55 44 98 35 82 84 93 40 58 31 15 
629-11-15 1?2.05 = 11 91 95 19 45 79 55 44 27 98 35 82 20 84 93 40 58 31 15 
stop
