start
635-0-3 1?1.78 = 0 66 72 35 75 81 25 71 33 67 18 74 39 38 41 3 
635-0-2 1?1.866 = 0 66 72 35 75 81 25 71 33 67 89 18 74 39 38 2 
635-0-1 1?1.836 = 0 66 72 35 75 81 25 71 33 67 89 18 44 46 93 1 
635-0-5 1?2.22 = 0 66 72 35 75 81 25 71 33 67 89 40 34 78 77 21 31 85 5 
635-0-4 1?2.174 = 0 72 35 81 25 71 33 67 89 18 74 39 38 43 19 41 88 64 4 
635-0-6 1?2.307 = 0 72 35 75 81 25 71 33 67 89 40 34 31 85 21 77 50 37 80 6 
635-0-7 1?2.384 = 0 72 35 75 81 25 71 33 36 54 73 47 23 52 82 86 20 90 68 26 7 
635-0-10 1?2.45 = 0 66 72 35 75 81 25 71 33 36 54 73 47 23 59 22 17 69 28 98 48 10 
635-0-8 1?2.409 = 0 72 35 75 81 25 71 33 36 54 73 47 23 52 82 86 20 90 45 56 8 
635-0-9 1?2.538 = 0 72 35 75 81 25 71 33 36 54 73 47 23 82 86 20 90 45 56 87 9 
635-0-11 1?2.733 = 0 24 72 35 75 81 25 71 33 67 18 89 36 62 58 27 76 91 84 32 11 
635-1-3 1?1.943 = 1 93 46 81 25 71 33 67 89 18 74 39 38 43 19 3 
635-0-15 1?1.926 = 0 66 72 35 75 81 25 71 33 36 62 49 65 96 97 15 
635-0-14 1?1.954 = 0 24 72 66 75 35 81 25 71 33 36 62 58 61 94 14 
635-0-13 1?1.996 = 0 24 72 66 75 35 81 25 71 33 36 54 27 76 57 13 
635-1-2 1?2.068 = 1 93 46 72 35 81 25 71 33 67 18 74 39 38 2 
635-0-12 1?2.364 = 0 24 72 66 75 35 81 25 71 33 67 18 89 36 54 27 76 91 12 
635-1-6 1?2.274 = 1 93 16 74 39 38 43 19 41 88 29 31 85 21 77 50 37 80 6 
635-1-8 1?2.538 = 1 93 46 81 25 71 33 36 54 73 47 23 52 82 86 20 90 45 56 8 
635-1-7 1?2.366 = 1 93 16 38 43 19 41 88 29 53 31 85 21 77 50 30 92 79 7 
635-1-4 1?2.275 = 1 93 46 81 25 71 33 67 18 74 39 38 43 19 41 88 64 4 
635-1-5 1?2.205 = 1 93 16 74 39 38 43 19 41 88 29 53 31 85 21 37 83 5 
635-1-15 1?1.906 = 1 93 44 18 89 67 33 71 25 81 35 75 65 96 97 15 
635-2-3 1?2.163 = 2 43 19 41 38 74 95 34 78 77 21 31 29 88 3 
635-1-14 1?2.238 = 1 93 46 24 72 66 75 35 81 25 71 33 36 62 58 61 94 14 
635-2-4 1?2.264 = 2 38 43 19 41 88 29 53 31 85 21 77 50 37 83 5 4 
635-2-5 1?1.875 = 2 38 43 19 41 88 29 53 31 85 21 77 50 37 83 5 
635-1-12 1?2.493 = 1 93 46 24 72 66 75 35 81 25 71 33 67 36 54 27 76 91 12 
635-2-6 1?2.104 = 2 43 19 41 38 74 39 88 29 53 31 85 21 77 50 37 80 51 6 
635-1-9 1?2.565 = 1 93 46 24 72 35 75 81 25 71 33 36 54 73 47 59 22 17 69 9 
635-1-10 1?2.525 = 1 93 46 35 75 81 25 71 33 36 54 73 47 59 22 17 28 48 10 
635-1-13 1?2.28 = 1 93 46 24 72 66 75 35 81 25 71 33 36 54 27 76 57 13 
635-1-11 1?2.576 = 1 93 46 24 72 66 75 35 81 25 71 33 67 89 36 54 63 84 32 11 
635-2-15 1?1.996 = 2 43 19 41 38 39 74 18 67 33 71 81 35 75 97 15 
635-2-14 1?2.321 = 2 43 19 41 38 39 74 16 93 46 24 72 66 97 96 65 94 14 
635-3-4 1?1.967 = 3 19 41 38 39 74 95 34 78 21 85 31 53 29 64 4 
635-3-5 1?1.748 = 3 43 19 41 88 64 29 53 31 85 21 77 50 37 83 5 
635-2-12 1?2.723 = 2 43 19 41 38 39 74 18 89 67 33 71 25 49 62 58 27 76 91 12 
635-2-9 1?2.347 = 2 43 19 41 88 29 53 31 85 21 77 78 82 86 20 90 45 42 87 9 
635-2-7 1?2.193 = 2 43 19 41 88 29 53 31 85 21 77 78 82 86 20 90 68 26 7 
635-2-8 1?2.31 = 2 43 19 41 88 29 53 31 85 21 77 78 82 20 86 52 45 90 56 8 
635-2-10 1?2.513 = 2 43 19 41 88 29 31 85 21 77 78 82 52 45 42 17 28 48 10 
635-2-13 1?2.642 = 2 43 19 41 38 39 74 18 89 67 33 71 25 49 62 58 27 76 57 13 
635-2-11 1?2.799 = 2 43 19 41 88 29 31 85 21 78 82 86 20 90 45 42 59 22 32 11 
635-3-6 1?1.658 = 3 43 19 41 88 29 53 31 85 21 77 50 37 80 51 6 
635-3-15 1?2.211 = 3 43 19 41 38 39 74 95 40 89 18 67 33 71 25 81 35 75 97 15 
635-4-5 1?1.873 = 4 64 88 29 53 31 85 21 77 50 30 60 80 51 83 5 
635-3-14 1?2.282 = 3 43 19 41 38 39 74 18 67 33 71 25 81 35 75 97 96 65 94 14 
635-3-12 1?2.723 = 3 43 19 41 38 39 74 95 40 89 18 67 33 71 25 49 62 58 76 91 12 
635-3-7 1?2.056 = 3 43 19 41 88 29 53 31 85 21 77 78 82 86 20 90 68 26 7 
635-3-9 1?2.21 = 3 43 19 41 88 29 53 31 85 21 77 78 82 86 20 90 45 42 87 9 
635-3-8 1?2.173 = 3 43 19 41 88 29 53 31 85 21 77 78 82 20 86 52 45 90 56 8 
635-3-10 1?2.283 = 3 88 29 31 85 21 77 78 82 86 20 90 45 42 69 17 28 48 10 
635-3-13 1?2.634 = 3 19 43 38 39 74 18 67 33 71 25 81 35 75 97 96 65 61 57 13 
635-3-11 1?2.625 = 3 88 29 53 31 85 21 77 78 82 86 20 90 45 42 17 28 22 32 11 
635-4-6 1?1.803 = 4 64 88 29 53 31 85 21 77 50 60 30 92 79 55 6 
635-5-6 1?1.782 = 5 83 37 60 30 92 20 86 82 52 45 90 68 79 55 6 
635-4-15 1?2.228 = 4 64 88 41 19 43 38 39 74 18 67 33 71 25 81 35 75 97 15 
635-4-7 1?1.774 = 4 64 53 31 85 21 77 78 82 52 86 20 68 26 7 
635-4-14 1?2.471 = 4 64 88 41 19 43 38 39 74 18 89 67 33 71 25 65 96 94 14 
635-4-8 1?2.011 = 4 64 53 31 85 21 77 78 82 52 86 20 90 45 56 68 26 8 
635-4-12 1?2.673 = 4 64 53 31 85 21 77 78 82 86 20 90 45 52 23 47 99 84 12 
635-4-9 1?2.281 = 4 64 29 53 31 85 21 77 50 60 30 92 82 86 20 90 45 56 87 9 
635-4-10 1?2.26 = 4 64 53 31 85 21 77 78 82 52 86 20 90 45 42 69 17 28 98 48 10 
635-4-11 1?2.497 = 4 64 53 31 85 21 77 78 82 86 20 90 45 42 69 17 28 22 32 11 
635-4-13 1?2.592 = 4 64 88 41 19 43 38 39 74 18 89 67 33 71 49 62 58 76 57 13 
635-5-7 1?1.715 = 5 83 37 80 60 30 92 20 86 82 52 45 56 68 26 7 
635-6-8 1?1.571 = 6 55 60 30 92 79 26 68 90 20 86 82 52 45 56 8 
635-6-7 1?1.606 = 6 51 80 60 30 92 20 86 82 52 45 90 68 26 79 7 
635-5-15 1?2.381 = 5 83 37 50 77 21 85 31 34 40 89 67 33 71 25 81 35 75 97 15 
635-5-8 1?1.956 = 5 83 51 80 60 30 92 79 26 68 90 20 86 82 52 45 42 56 8 
635-5-9 1?2.074 = 5 83 51 80 60 30 92 79 26 68 20 86 82 52 45 90 56 42 87 9 
635-5-14 1?2.62 = 5 85 31 21 77 78 34 40 89 67 33 71 25 81 35 75 97 96 94 14 
635-5-12 1?2.576 = 5 83 37 60 30 92 20 86 82 52 45 42 69 17 28 22 59 99 84 12 
635-5-10 1?2.159 = 5 83 37 60 30 92 79 26 68 90 20 86 82 52 45 42 69 17 28 48 10 
635-5-13 1?2.626 = 5 83 51 80 60 30 92 82 86 20 90 45 52 23 47 73 54 27 76 57 13 
635-5-11 1?2.449 = 5 83 37 60 30 92 79 68 90 20 86 82 52 45 42 69 17 28 22 32 11 
635-7-8 1?1.86 = 7 79 26 68 90 20 86 82 52 45 42 17 28 69 87 8 
635-7-9 1?1.713 = 7 79 26 68 90 20 86 82 52 45 42 17 69 28 98 9 
635-6-15 1?2.389 = 6 80 37 50 77 21 85 31 34 40 89 67 33 71 25 81 35 75 97 15 
635-7-10 1?1.681 = 7 26 68 20 82 86 90 45 42 87 69 17 28 98 48 10 
635-6-14 1?2.514 = 6 51 80 37 50 77 21 85 31 34 40 89 18 67 33 71 49 61 94 14 
635-6-9 1?1.879 = 6 51 80 60 30 92 79 26 68 90 20 86 82 52 45 56 42 87 9 
635-6-12 1?2.533 = 6 55 60 30 92 79 26 68 90 20 86 82 52 45 42 17 59 99 84 12 
635-6-10 1?1.977 = 6 55 60 30 92 79 26 68 90 20 86 82 52 45 42 69 17 28 48 10 
635-7-11 1?2.177 = 7 26 68 90 20 86 82 52 45 56 42 69 17 28 22 59 99 32 11 
635-6-11 1?2.277 = 6 55 60 30 92 79 26 68 90 20 86 82 52 45 42 17 28 22 32 11 
635-6-13 1?2.501 = 6 55 60 30 92 79 26 68 90 20 86 82 52 23 47 73 54 27 76 57 13 
635-8-9 1?1.879 = 8 26 68 20 82 86 52 45 90 56 42 17 28 69 87 9 
635-8-10 1?1.752 = 8 26 68 20 82 86 52 45 90 56 42 17 28 98 48 10 
635-7-15 1?2.466 = 7 26 68 90 20 86 82 52 23 47 73 54 36 33 71 25 81 35 75 97 15 
635-8-15 1?2.491 = 8 56 45 90 20 86 82 52 23 47 73 54 36 33 71 25 81 35 75 97 15 
635-7-12 1?2.312 = 7 26 68 90 20 86 82 52 45 56 42 17 69 28 22 59 99 84 12 
635-8-12 1?2.442 = 8 26 68 20 82 52 86 90 45 42 87 69 17 28 22 59 99 84 12 
635-7-14 1?2.623 = 7 26 68 90 20 86 82 52 45 42 69 17 28 22 99 63 27 58 61 94 14 
635-8-11 1?2.006 = 8 26 68 90 20 86 82 52 45 42 69 28 17 59 22 32 11 
635-8-14 1?2.68 = 8 26 68 90 20 86 82 52 45 42 69 17 28 22 99 63 27 58 61 94 14 
635-8-13 1?2.568 = 8 26 68 90 20 86 82 52 45 42 17 28 22 59 99 63 27 76 57 13 
635-7-13 1?2.541 = 7 26 68 90 20 86 82 52 45 42 69 17 28 22 59 99 63 27 76 57 13 
635-10-12 1?2.335 = 10 48 98 28 69 17 22 59 99 47 23 73 54 27 76 91 12 
635-10-14 1?2.41 = 10 48 98 28 17 22 59 99 47 23 73 54 27 76 58 61 94 14 
635-9-12 1?2.299 = 9 87 42 45 90 20 86 82 52 23 47 73 54 27 76 91 12 
635-9-10 1?1.905 = 9 87 56 90 20 86 82 52 45 42 69 17 28 22 48 10 
635-10-15 1?2.453 = 10 48 28 69 17 22 59 23 47 73 54 36 33 71 25 81 35 75 97 15 
635-10-11 1?2.196 = 10 48 28 17 42 45 90 20 86 82 52 23 47 99 32 11 
635-10-13 1?2.226 = 10 48 98 28 69 17 22 59 23 47 73 54 27 76 58 57 13 
635-9-11 1?2.103 = 9 87 56 90 20 86 82 52 45 42 69 28 17 59 22 32 11 
635-9-15 1?2.58 = 9 87 42 45 90 20 86 82 23 47 73 54 36 33 71 25 81 35 75 97 15 
635-9-14 1?2.684 = 9 69 17 28 22 59 47 73 54 36 33 71 25 81 35 75 97 96 94 14 
635-9-13 1?2.218 = 9 87 42 45 90 20 86 82 52 23 47 73 54 27 76 57 13 
635-11-14 1?2.392 = 11 32 84 63 54 36 33 71 25 81 35 75 65 61 94 14 
635-12-14 1?2.242 = 12 91 76 58 62 49 25 81 35 75 97 96 65 61 94 14 
635-13-15 1?2.175 = 13 57 76 58 62 49 25 81 75 35 72 66 97 65 96 15 
635-14-15 1?2.089 = 14 94 61 62 36 89 18 67 33 71 25 81 35 75 97 15 
635-13-14 1?2.168 = 13 57 58 62 49 25 81 75 35 72 66 97 96 65 94 14 
635-11-12 1?2.617 = 11 32 22 28 17 42 45 90 20 86 82 23 47 99 84 12 
635-11-15 1?2.463 = 11 32 84 63 54 36 89 18 67 33 71 25 81 35 75 97 96 15 
635-12-15 1?2.453 = 12 91 76 27 54 36 89 18 67 33 71 25 81 35 75 97 96 15 
635-12-13 1?2.564 = 12 91 76 58 62 49 25 81 35 75 97 96 65 61 57 13 
635-11-13 1?2.544 = 11 32 10 48 98 28 69 17 22 59 23 47 73 54 27 76 57 13 
stop
