start
658-0-3 1?2.304 = 0 16 97 23 92 71 79 41 65 91 62 19 64 66 61 3 
658-0-1 1?2.209 = 0 16 97 23 25 27 59 88 92 71 79 81 30 40 1 
658-0-2 1?2.067 = 0 16 97 23 25 92 71 79 81 88 30 59 27 40 2 
658-0-5 1?2.25 = 0 16 97 23 92 71 79 41 36 65 91 53 34 82 95 62 19 60 20 5 
658-0-4 1?2.296 = 0 16 97 23 92 71 79 41 36 65 91 53 34 82 95 62 19 60 74 4 
658-0-8 1?2.487 = 0 16 97 23 92 71 79 41 65 53 34 32 35 56 22 42 24 44 8 
658-0-6 1?2.538 = 0 16 97 27 25 88 92 71 79 41 36 65 91 53 34 82 62 95 20 73 6 
658-0-11 1?2.458 = 0 16 97 46 29 84 21 39 33 47 68 69 83 86 72 70 52 90 11 
658-0-10 1?2.593 = 0 16 97 29 46 21 68 69 45 98 70 86 72 43 48 51 31 10 
658-0-7 1?2.691 = 0 16 97 27 25 88 92 71 79 41 36 65 91 53 34 82 62 19 95 32 49 7 
658-0-9 1?2.611 = 0 16 97 23 92 71 79 41 36 65 91 53 34 32 35 56 22 42 24 9 
658-1-4 1?1.961 = 1 76 27 25 88 92 71 79 41 36 91 62 19 60 74 4 
658-0-14 1?2.284 = 0 16 97 27 25 59 30 88 92 23 50 21 47 33 14 
658-0-15 1?2.212 = 0 16 97 23 92 71 79 96 58 77 38 85 50 46 29 15 
658-0-13 1?2.123 = 0 16 97 29 46 50 85 68 21 84 39 47 33 94 13 
658-1-2 1?2.187 = 1 76 27 23 92 71 79 81 88 25 59 30 17 28 40 2 
658-1-5 1?2.046 = 1 76 27 25 88 81 71 79 41 36 65 91 53 34 82 62 19 20 5 
658-1-3 1?2.172 = 1 76 27 25 92 71 79 41 36 91 82 62 19 64 66 61 3 
658-0-12 1?2.46 = 0 16 97 46 29 84 21 39 47 33 94 69 83 86 72 70 98 12 
658-1-6 1?2.308 = 1 76 27 25 88 92 71 79 41 36 65 53 34 82 95 62 19 60 20 73 6 
658-1-8 1?2.447 = 1 76 27 25 88 92 71 79 41 36 65 53 34 32 35 56 22 42 24 44 8 
658-1-7 1?2.57 = 1 76 27 25 59 88 92 71 79 41 36 65 91 53 34 82 62 95 32 35 49 7 
658-1-14 1?2.126 = 1 76 27 59 88 25 23 97 16 29 46 84 21 39 47 33 14 
658-1-13 1?2.451 = 1 76 27 59 88 25 23 97 16 29 46 84 21 39 47 33 94 13 
658-1-11 1?2.388 = 1 76 27 25 88 81 79 71 57 38 77 78 83 86 72 43 70 52 90 11 
658-2-4 1?1.952 = 2 40 59 25 88 92 71 79 41 36 91 62 19 60 74 4 
658-1-12 1?2.471 = 1 76 27 25 92 71 79 96 38 77 78 83 86 72 43 70 98 45 12 
658-1-9 1?2.424 = 1 76 27 25 92 71 79 41 65 91 53 34 32 35 56 22 42 24 9 
658-2-3 1?2.077 = 2 40 27 25 92 71 79 41 36 65 91 64 66 61 3 
658-2-5 1?2.02 = 2 40 27 25 92 71 79 41 36 65 91 53 34 82 62 95 20 5 
658-2-6 1?2.117 = 2 40 59 27 25 88 92 71 79 41 36 65 53 34 82 62 95 73 6 
658-1-15 1?2.072 = 1 76 27 59 25 23 97 16 29 46 84 21 47 39 15 
658-1-10 1?2.675 = 1 76 27 59 25 88 81 79 71 57 38 77 78 83 86 72 43 70 52 80 10 
658-2-14 1?2.244 = 2 28 30 59 88 25 27 23 97 16 29 46 84 21 39 47 33 14 
658-3-4 1?1.998 = 3 61 66 64 91 53 34 82 95 62 19 60 20 89 93 74 4 
658-3-5 1?1.965 = 3 17 30 88 92 71 79 41 65 53 34 82 62 19 20 5 
658-2-13 1?2.412 = 2 40 30 59 88 25 27 97 16 29 46 84 21 39 47 33 94 13 
658-2-7 1?2.256 = 2 40 59 25 88 81 71 79 41 36 65 91 53 34 82 95 32 49 7 
658-2-11 1?2.56 = 2 28 30 59 27 25 88 81 79 71 57 38 77 78 83 86 72 43 70 52 90 11 
658-2-9 1?2.448 = 2 40 59 25 88 92 71 79 41 36 65 53 34 32 35 56 22 42 24 9 
658-2-12 1?2.515 = 2 40 30 59 27 25 88 81 79 71 57 38 77 78 43 72 86 70 98 12 
658-2-15 1?1.983 = 2 40 30 59 25 27 97 46 29 84 21 47 33 39 15 
658-2-8 1?2.368 = 2 40 27 25 92 71 79 41 65 53 34 32 35 56 22 42 24 44 8 
658-2-10 1?2.669 = 2 28 30 59 25 88 81 79 71 57 38 77 78 83 86 72 43 70 52 80 10 
658-4-5 1?1.871 = 4 74 66 64 36 41 65 53 34 82 95 62 19 60 20 89 5 
658-3-14 1?2.449 = 3 17 30 59 25 88 81 79 71 57 38 77 85 50 46 29 84 21 47 33 14 
658-3-11 1?2.592 = 3 17 30 88 25 92 71 79 96 58 75 37 43 72 86 70 98 52 90 11 
658-3-13 1?2.645 = 3 17 30 59 25 88 81 79 71 57 38 77 78 43 72 86 70 98 45 13 
658-3-7 1?2.282 = 3 17 30 59 27 25 88 92 71 79 41 36 65 53 34 32 49 7 
658-3-12 1?2.56 = 3 17 30 59 25 88 81 79 71 57 38 77 78 83 86 72 43 70 98 12 
658-3-6 1?2.2 = 3 17 30 59 25 88 92 71 79 41 36 65 53 34 82 62 95 73 6 
658-3-9 1?2.485 = 3 61 66 64 19 62 95 82 91 65 53 34 32 35 56 22 42 24 44 9 
658-3-8 1?2.351 = 3 61 66 64 60 19 62 95 82 53 34 32 49 35 56 22 42 24 44 8 
658-3-10 1?2.722 = 3 17 30 59 88 81 79 71 57 38 77 78 83 86 72 43 48 51 31 10 
658-3-15 1?2.427 = 3 17 30 59 27 25 88 81 79 71 57 38 77 85 50 21 46 29 15 
658-4-7 1?1.911 = 4 74 60 19 62 95 82 91 65 53 34 26 35 32 49 7 
658-4-6 1?2.001 = 4 74 60 19 62 95 82 91 65 53 34 26 35 32 49 6 
658-5-6 1?2.001 = 5 20 19 62 82 91 36 41 65 53 34 26 35 32 49 6 
658-4-13 1?2.569 = 4 74 60 19 62 82 34 53 65 36 41 18 87 75 37 43 72 86 98 45 13 
658-4-14 1?2.433 = 4 74 60 19 62 95 82 34 53 65 18 99 58 77 38 85 68 21 47 33 14 
658-4-11 1?2.476 = 4 74 60 19 62 82 34 53 65 36 41 18 87 75 37 43 72 86 70 52 90 11 
658-4-12 1?2.418 = 4 74 60 19 62 82 34 53 65 36 41 18 87 75 37 43 72 86 98 12 
658-4-8 1?2.17 = 4 74 93 89 60 19 62 95 82 53 34 32 49 35 56 22 42 24 44 8 
658-4-9 1?2.4 = 4 74 60 19 95 62 91 36 41 65 53 34 32 35 56 22 42 24 44 9 
658-4-10 1?2.667 = 4 74 60 19 62 82 91 65 36 41 18 87 75 37 43 72 86 70 52 80 10 
658-4-15 1?2.358 = 4 74 60 19 62 82 34 53 65 36 41 18 99 58 77 38 85 50 46 29 15 
658-6-8 1?1.891 = 6 73 95 62 82 53 34 32 49 35 56 22 42 24 44 8 
658-5-7 1?1.911 = 5 20 19 62 82 91 36 41 65 53 34 26 35 32 49 7 
658-5-8 1?1.793 = 5 20 19 62 95 82 53 34 32 35 56 22 42 24 44 8 
658-6-7 1?2.02 = 6 73 20 60 19 95 62 91 36 41 65 53 34 32 49 7 
658-5-9 1?2.062 = 5 20 60 19 62 95 82 34 53 26 32 35 56 22 42 24 44 9 
658-5-11 1?2.364 = 5 20 19 62 82 34 53 65 36 41 18 87 75 37 43 72 86 70 52 90 11 
658-5-14 1?2.386 = 5 20 19 62 82 34 53 65 18 99 58 77 38 85 50 46 29 84 21 47 33 14 
658-5-13 1?2.516 = 5 20 19 62 82 34 53 65 36 41 18 87 75 37 43 72 86 70 98 45 13 
658-5-10 1?2.555 = 5 20 19 62 82 91 65 36 41 18 87 75 37 43 72 86 70 52 80 10 
658-5-12 1?2.494 = 5 20 19 62 95 82 34 53 91 65 36 41 18 87 75 37 43 72 86 70 98 12 
658-5-15 1?2.36 = 5 20 19 62 95 82 34 53 65 36 41 18 99 58 77 38 85 50 46 29 84 15 
658-6-9 1?2.004 = 6 73 95 62 82 53 34 32 49 35 56 22 42 24 44 9 
658-7-9 1?2.18 = 7 49 32 95 62 82 34 53 65 26 35 56 22 42 24 9 
658-7-8 1?2.109 = 7 49 32 95 19 62 82 34 53 26 35 56 22 42 24 44 8 
658-7-10 1?2.204 = 7 67 44 24 42 55 51 48 43 72 86 70 52 80 10 
658-7-11 1?2.293 = 7 49 32 35 56 22 24 42 55 51 48 43 72 70 52 90 11 
658-6-11 1?2.378 = 6 73 95 62 82 34 53 65 41 18 87 75 37 43 72 86 70 52 90 11 
658-6-14 1?2.475 = 6 73 95 82 34 53 65 41 18 99 58 77 38 85 50 46 29 84 21 47 33 14 
658-6-13 1?2.657 = 6 73 95 62 82 34 53 65 36 41 18 99 58 75 37 43 72 86 70 98 45 13 
658-6-10 1?2.582 = 6 73 95 62 82 34 53 91 65 18 87 75 37 43 72 86 70 52 80 10 
658-6-12 1?2.557 = 6 73 95 62 82 34 53 91 65 36 41 18 99 87 75 37 43 72 86 70 98 12 
658-6-15 1?2.507 = 6 73 95 62 82 34 53 91 65 36 41 18 99 58 77 38 85 50 21 84 29 15 
658-8-11 1?1.749 = 8 44 24 42 22 55 51 48 43 72 86 70 52 90 11 
658-8-9 1?2.292 = 8 44 24 42 55 51 48 43 72 70 52 80 31 54 9 
658-8-10 1?1.955 = 8 44 24 42 22 55 51 48 43 72 86 70 52 80 10 
658-7-12 1?2.321 = 7 49 32 35 56 22 24 42 55 51 48 43 72 86 70 98 12 
658-7-13 1?2.581 = 7 49 32 35 56 22 42 55 54 31 51 48 43 72 86 70 98 45 13 
658-7-14 1?2.501 = 7 49 32 34 53 65 41 18 99 58 77 38 85 50 46 29 84 21 47 33 14 
658-8-12 1?2.413 = 8 44 24 42 55 54 31 51 48 43 72 86 70 98 83 69 45 12 
658-8-13 1?2.661 = 8 44 24 42 55 51 48 43 72 86 70 98 45 69 68 47 33 94 13 
658-8-14 1?2.515 = 8 44 24 42 55 51 48 43 72 86 70 98 45 69 68 21 39 47 33 14 
658-8-15 1?2.381 = 8 44 24 42 22 55 51 48 43 72 86 83 69 68 21 46 29 15 
658-7-15 1?2.526 = 7 49 32 34 53 91 65 36 41 18 99 58 77 38 85 50 21 84 46 29 15 
658-10-11 1?2.167 = 10 54 42 24 22 55 51 48 43 72 86 70 52 90 11 
658-9-11 1?1.862 = 9 44 24 42 22 55 51 48 43 72 86 70 52 90 11 
658-10-13 1?2.228 = 10 31 51 48 37 43 72 86 70 98 45 83 69 94 13 
658-9-12 1?1.87 = 9 44 24 42 55 51 48 43 72 86 70 98 45 12 
658-10-12 1?2.26 = 10 9 44 24 42 55 51 48 43 72 86 70 98 45 12 
658-9-10 1?2.068 = 9 44 24 42 22 55 51 48 43 72 86 70 52 80 10 
658-10-14 1?2.244 = 10 31 51 48 43 72 86 70 98 45 69 68 21 39 47 33 14 
658-9-13 1?2.281 = 9 44 24 42 22 55 51 48 43 72 86 70 98 45 69 94 13 
658-9-14 1?2.446 = 9 24 42 22 55 51 48 43 72 86 70 98 45 69 68 47 33 14 
658-10-15 1?2.438 = 10 31 51 48 43 72 86 70 98 45 69 68 47 39 21 84 29 15 
658-9-15 1?2.512 = 9 24 42 55 51 48 43 72 86 70 98 45 69 68 21 84 46 29 15 
658-12-13 1?2.15 = 12 98 70 43 72 86 83 68 21 84 39 47 33 94 13 
658-11-13 1?2.056 = 11 90 52 70 43 72 86 83 68 21 39 47 33 94 13 
658-12-14 1?1.961 = 12 98 70 43 72 86 83 68 21 46 29 84 39 47 33 14 
658-11-14 1?1.885 = 11 90 52 70 43 72 86 98 45 69 68 21 47 33 14 
658-13-14 1?1.982 = 13 45 98 70 43 72 86 83 69 68 21 39 47 33 14 
658-11-12 1?2.207 = 11 90 52 70 98 86 72 43 48 75 37 78 83 69 45 12 
658-13-15 1?1.969 = 13 45 98 70 43 72 86 83 69 68 21 84 46 29 15 
658-14-15 1?2.221 = 14 94 69 45 98 70 43 72 86 83 85 50 46 29 15 
658-12-15 1?1.925 = 12 45 98 70 43 72 86 83 69 68 21 84 46 29 15 
658-11-15 1?2.231 = 11 90 52 70 43 72 86 98 45 69 68 21 47 39 84 46 29 15 
stop
