start
514-0-1 1?2.04 = 0 81 37 51 83 76 79 98 54 53 32 46 56 89 87 1 
514-0-2 1?2.174 = 0 81 37 51 83 76 79 98 53 32 34 26 42 93 56 2 
514-0-3 1?2.055 = 0 81 37 51 83 76 79 98 53 32 34 26 42 93 35 84 3 
514-0-4 1?2.34 = 0 37 81 51 83 76 79 98 53 32 54 48 74 52 34 26 60 4 
514-0-5 1?2.294 = 0 81 37 51 83 76 79 98 53 32 34 26 52 18 50 85 80 68 5 
514-0-6 1?2.415 = 0 81 37 51 83 76 79 98 53 32 34 26 52 18 50 85 80 68 33 47 6 
514-0-7 1?2.492 = 0 81 37 51 83 79 98 53 32 34 26 52 18 50 85 80 39 70 7 
514-0-8 1?2.49 = 0 81 37 51 83 79 98 53 32 48 74 31 94 23 30 97 67 17 25 8 
514-0-9 1?2.581 = 0 51 83 76 79 98 53 32 48 74 31 94 23 30 97 55 27 41 58 9 
514-0-10 1?2.66 = 0 51 83 79 98 53 32 54 48 74 31 94 23 30 97 55 27 69 19 10 
514-0-11 1?2.57 = 0 81 37 61 63 21 29 64 20 62 75 78 82 77 28 86 43 11 
514-0-12 1?2.525 = 0 81 37 51 83 76 79 98 53 32 54 40 92 75 20 62 24 12 
514-0-13 1?2.207 = 0 81 37 51 83 98 79 76 22 92 75 20 62 45 88 13 
514-0-14 1?2.123 = 0 81 37 51 83 98 79 76 92 75 20 62 29 21 14 
514-0-15 1?2.188 = 0 81 37 51 83 76 92 75 62 20 64 29 21 63 61 15 
514-1-2 1?2.167 = 1 87 89 46 32 53 54 48 74 52 26 34 42 93 56 2 
514-1-3 1?1.941 = 1 87 89 98 79 54 53 32 34 26 42 93 35 84 3 
514-1-4 1?2.062 = 1 87 89 46 53 32 48 74 52 26 34 42 93 35 4 
514-1-5 1?2.321 = 1 87 89 46 32 53 54 48 74 34 26 52 18 50 85 68 95 91 5 
514-1-6 1?2.498 = 1 87 89 46 32 53 54 48 31 74 34 26 52 18 50 85 80 68 33 47 6 
514-1-7 1?2.611 = 1 87 89 98 53 32 34 26 52 74 31 94 23 30 97 16 67 90 44 7 
514-1-8 1?2.579 = 1 87 89 46 53 32 34 26 52 74 48 31 94 23 30 97 16 67 17 25 8 
514-1-9 1?2.568 = 1 87 89 46 53 32 48 74 31 94 23 30 97 16 67 17 25 41 58 9 
514-1-10 1?2.683 = 1 87 89 46 53 32 34 26 52 74 31 94 23 30 97 55 27 69 19 10 
514-1-11 1?2.584 = 1 87 89 46 53 32 48 74 31 94 23 30 97 55 96 82 77 11 
514-1-12 1?2.556 = 1 87 89 46 32 53 54 98 79 76 22 92 75 20 62 45 88 12 
514-1-13 1?2.085 = 1 87 89 46 32 53 98 79 76 92 75 20 62 45 13 
514-1-14 1?2.082 = 1 87 89 46 32 53 98 79 83 51 81 37 61 63 21 14 
514-1-15 1?1.907 = 1 87 89 46 32 53 98 79 76 83 51 81 37 61 63 15 
514-2-3 1?1.915 = 2 56 46 32 53 54 48 74 52 26 34 42 93 35 84 3 
514-2-4 1?2.043 = 2 56 93 42 34 26 52 18 50 85 68 95 91 71 60 4 
514-2-5 1?1.968 = 2 56 46 53 32 34 26 52 18 50 85 80 68 95 91 5 
514-2-6 1?2.128 = 2 56 46 32 53 54 48 74 34 26 52 18 50 85 80 33 47 6 
514-2-7 1?2.549 = 2 56 46 53 32 34 26 52 74 31 94 23 30 97 16 67 17 90 44 7 
514-2-8 1?2.53 = 2 56 46 89 53 32 34 26 52 74 31 94 23 30 97 16 67 17 25 8 
514-2-9 1?2.51 = 2 56 93 42 34 26 52 74 31 94 23 30 97 16 67 17 25 41 58 9 
514-2-10 1?2.711 = 2 56 93 42 34 26 52 74 31 94 23 30 97 55 96 82 77 28 86 10 
514-2-11 1?2.598 = 2 56 46 32 53 54 48 74 31 94 23 30 97 55 96 82 28 86 43 11 
514-2-12 1?2.748 = 2 56 93 42 34 26 52 74 48 31 94 23 30 72 49 73 78 36 24 12 
514-2-13 1?2.657 = 2 56 46 32 53 54 98 79 76 40 59 92 75 62 20 64 29 45 88 13 
514-2-14 1?2.224 = 2 56 46 32 53 54 98 79 76 92 75 62 20 64 29 21 14 
514-2-15 1?2.234 = 2 56 46 32 53 54 98 79 76 92 75 20 64 29 21 63 15 
514-3-4 1?1.831 = 3 84 35 93 42 34 26 52 18 50 85 68 95 91 71 4 
514-3-5 1?1.706 = 3 84 35 93 42 34 26 52 18 50 85 80 68 95 91 5 
514-3-6 1?1.968 = 3 84 35 93 42 34 26 52 74 31 66 50 85 68 33 47 6 
514-3-7 1?2.164 = 3 84 35 93 42 34 26 52 74 48 31 94 23 30 97 16 90 44 7 
514-3-8 1?2.184 = 3 84 35 93 42 34 26 52 74 48 31 94 23 30 97 16 67 17 25 8 
514-3-9 1?2.378 = 3 84 35 93 42 34 26 52 74 48 31 94 23 30 97 16 67 17 41 58 9 
514-3-10 1?2.56 = 3 84 93 42 34 26 52 74 31 94 23 30 97 55 27 69 96 82 77 86 10 
514-3-11 1?2.503 = 3 84 35 93 42 34 26 52 74 31 94 23 30 97 55 96 82 28 86 43 11 
514-3-12 1?2.51 = 3 35 93 42 34 26 52 74 31 94 23 30 72 49 73 78 36 24 12 
514-3-13 1?2.504 = 3 84 35 93 42 26 34 32 53 98 79 76 92 75 20 62 45 88 13 
514-3-14 1?2.378 = 3 84 35 93 42 26 34 32 53 54 98 79 76 22 64 29 21 14 
514-3-15 1?2.169 = 3 84 93 42 26 34 32 53 98 79 76 83 51 81 37 61 63 15 
514-4-5 1?1.881 = 4 35 93 42 34 26 52 18 50 85 80 68 95 71 91 5 
514-4-6 1?1.735 = 4 35 93 42 34 26 52 18 50 85 80 68 33 47 6 
514-4-7 1?2.133 = 4 35 93 42 34 26 52 74 31 94 23 30 97 16 90 44 7 
514-4-8 1?2.249 = 4 35 93 42 34 26 52 74 48 31 94 23 30 97 16 67 17 25 8 
514-4-9 1?2.443 = 4 35 93 42 34 26 52 74 48 31 94 23 30 97 16 67 17 41 58 9 
514-4-10 1?2.579 = 4 35 93 42 34 26 52 74 31 94 23 30 97 55 96 82 77 86 10 
514-4-11 1?2.565 = 4 35 93 42 34 26 52 74 31 94 23 30 72 49 57 96 82 77 11 
514-4-12 1?2.694 = 4 35 93 42 34 26 52 74 48 31 94 23 30 72 49 73 78 36 24 12 
514-4-13 1?2.649 = 4 60 26 34 74 31 94 23 30 72 49 73 59 92 75 20 62 45 88 13 
514-4-14 1?2.557 = 4 60 26 34 74 31 94 23 30 72 49 73 59 92 75 20 64 29 14 
514-4-15 1?2.435 = 4 35 93 42 34 26 52 74 48 54 32 53 98 79 83 51 81 37 15 
514-5-6 1?1.962 = 5 68 50 18 52 26 34 74 31 66 85 80 33 47 6 
514-5-7 1?2.134 = 5 68 85 50 18 52 74 48 31 94 23 30 97 16 90 44 7 
514-5-8 1?2.011 = 5 91 95 68 80 85 50 66 65 23 30 97 16 67 17 25 8 
514-5-9 1?2.289 = 5 91 95 18 52 26 34 74 31 94 23 30 97 16 67 17 41 58 9 
514-5-10 1?2.475 = 5 68 80 85 50 18 52 26 34 74 31 94 23 30 97 55 27 69 19 10 
514-5-11 1?2.473 = 5 68 85 50 66 65 94 23 30 97 55 27 69 96 82 77 86 43 11 
514-5-12 1?2.649 = 5 68 85 50 18 52 26 34 74 31 94 23 30 72 49 73 78 36 24 12 
514-5-13 1?2.601 = 5 68 85 50 66 65 94 23 30 72 49 73 59 92 75 20 62 45 88 13 
514-5-14 1?2.549 = 5 91 95 50 85 66 65 23 30 72 49 73 59 92 75 20 64 29 21 14 
514-5-15 1?2.404 = 5 91 95 68 80 85 50 18 52 26 34 32 53 98 79 83 51 81 37 15 
514-6-7 1?1.899 = 6 47 33 68 50 85 80 39 99 44 90 16 67 17 25 7 
514-6-8 1?1.723 = 6 47 33 68 50 85 80 39 99 44 90 16 67 17 25 8 
514-6-9 1?2.194 = 6 47 33 68 85 50 18 66 94 23 30 97 16 67 17 41 58 9 
514-6-10 1?2.401 = 6 33 80 85 50 18 52 26 34 74 31 94 23 30 97 55 69 19 10 
514-6-11 1?2.468 = 6 47 33 68 85 50 66 94 23 30 97 55 27 69 96 82 28 86 43 11 
514-6-12 1?2.624 = 6 47 33 68 85 50 18 52 74 31 94 23 30 72 49 73 78 36 24 12 
514-6-13 1?2.556 = 6 47 33 80 85 50 66 94 23 30 72 49 73 59 92 75 20 62 45 13 
514-6-14 1?2.516 = 6 33 80 85 50 66 65 23 30 72 49 73 59 92 75 20 64 29 21 14 
514-6-15 1?2.447 = 6 47 33 68 80 85 50 18 52 26 34 32 53 98 79 76 83 51 81 37 15 
514-7-8 1?2.011 = 7 47 33 68 50 85 80 39 99 44 90 16 67 17 25 8 
514-7-9 1?2.089 = 7 47 33 68 50 85 80 39 99 44 90 17 25 41 58 9 
514-7-10 1?2.247 = 7 44 90 17 67 16 97 30 23 72 49 57 96 69 19 10 
514-7-11 1?2.555 = 7 44 90 16 97 30 23 72 49 57 55 27 69 96 82 77 28 86 43 11 
514-7-12 1?2.748 = 7 25 17 67 16 97 30 23 72 49 73 59 92 75 20 62 45 88 12 
514-7-13 1?2.597 = 7 44 90 17 67 16 97 30 23 72 49 73 59 92 75 20 62 45 88 13 
514-7-14 1?2.571 = 7 44 90 17 67 16 97 30 23 72 49 73 59 92 75 20 64 29 21 14 
514-7-15 1?2.585 = 7 47 33 68 85 50 18 52 26 34 32 53 98 79 83 51 81 37 15 
514-8-9 1?2.007 = 8 25 17 67 16 97 30 23 72 49 57 55 27 41 58 9 
514-8-10 1?2.095 = 8 25 17 67 16 97 30 23 72 49 57 55 27 69 19 10 
514-8-11 1?2.075 = 8 25 17 44 90 16 67 55 27 69 96 82 28 86 43 11 
514-8-12 1?2.299 = 8 25 17 67 16 97 30 23 94 72 49 73 78 36 24 12 
514-8-13 1?2.398 = 8 25 17 67 16 97 30 23 72 49 73 59 92 75 20 62 45 88 13 
514-8-14 1?2.369 = 8 25 17 67 16 97 30 23 72 49 73 59 92 75 20 62 29 14 
514-8-15 1?2.504 = 8 25 17 67 16 97 30 23 72 49 73 59 92 75 20 64 29 21 63 15 
514-9-10 1?2.109 = 9 58 41 25 17 67 55 27 69 96 82 77 86 43 10 
514-9-11 1?2.042 = 9 58 41 25 17 67 55 27 69 96 82 77 86 43 11 
514-9-12 1?2.268 = 9 58 41 25 17 67 55 27 69 96 82 77 36 24 12 
514-9-13 1?2.452 = 9 58 41 17 67 16 97 30 72 49 73 59 92 75 20 62 45 13 
514-9-14 1?2.484 = 9 58 41 27 55 97 30 23 72 49 73 59 92 75 20 64 29 21 14 
514-9-15 1?2.616 = 9 58 41 27 55 97 30 23 72 49 73 59 92 75 20 64 29 21 63 15 
514-10-11 1?2.348 = 10 19 9 58 41 25 17 67 27 55 96 82 77 86 43 11 
514-10-12 1?2.487 = 10 86 28 82 96 55 97 30 23 72 49 73 78 36 24 12 
514-10-13 1?2.346 = 10 86 28 77 82 78 73 59 92 75 20 62 45 88 13 
514-10-14 1?2.569 = 10 19 69 27 55 97 30 23 72 49 73 59 92 75 20 62 29 14 
514-10-15 1?2.672 = 10 19 69 55 97 30 23 72 49 73 59 92 75 20 64 29 21 63 15 
514-11-12 1?2.432 = 11 77 82 96 55 97 30 23 72 49 73 78 36 24 12 
514-11-13 1?2.309 = 11 43 86 77 82 78 73 59 92 75 20 62 45 88 13 
514-11-14 1?2.419 = 11 43 86 77 82 78 73 59 92 75 20 62 64 29 21 14 
514-11-15 1?2.537 = 11 43 86 77 82 78 73 59 92 75 62 20 64 29 21 63 15 
514-12-13 1?2.573 = 12 24 36 78 73 59 40 92 75 62 20 64 29 45 88 13 
514-12-14 1?2.545 = 12 88 45 62 20 75 92 22 76 83 51 81 37 61 21 14 
514-12-15 1?2.363 = 12 88 45 62 20 75 92 76 79 83 51 81 37 61 63 15 
514-13-14 1?2.371 = 13 88 45 62 20 75 92 22 76 83 51 81 37 61 21 14 
514-13-15 1?2.189 = 13 88 45 62 20 75 92 76 79 83 51 81 37 61 63 15 
514-14-15 1?2.155 = 14 21 29 62 20 75 92 76 79 98 83 51 81 37 15 
stop
