start
974-0-2 1?2.37 = 0 86 87 49 31 56 29 95 37 27 77 23 59 70 51 2 
974-0-5 1?2.384 = 0 86 87 49 31 56 29 95 37 48 27 77 94 20 57 76 74 83 5 
974-0-4 1?2.365 = 0 86 87 49 31 56 29 95 98 36 37 27 77 23 59 35 44 41 4 
974-0-1 1?2.475 = 0 89 47 58 64 17 60 55 71 50 45 56 31 87 49 1 
974-0-3 1?2.167 = 0 86 87 31 56 29 95 37 27 77 23 59 70 51 69 3 
974-0-8 1?2.413 = 0 86 87 49 31 56 29 95 37 48 43 22 18 26 78 67 65 8 
974-0-9 1?2.498 = 0 86 87 49 31 56 29 95 37 48 43 22 18 72 78 67 65 9 
974-0-6 1?2.495 = 0 86 87 49 31 56 29 95 98 36 22 43 48 37 27 94 20 24 82 6 
974-0-10 1?2.575 = 0 86 87 49 31 56 29 95 37 48 43 22 18 72 84 42 88 10 
974-0-7 1?2.53 = 0 86 87 49 31 56 29 95 27 37 48 43 22 16 52 54 25 75 30 7 
974-0-11 1?2.643 = 0 86 87 49 31 56 29 95 37 48 43 22 34 84 42 97 80 11 
974-0-14 1?2.299 = 0 86 92 60 71 50 32 21 99 61 46 63 19 81 14 
974-1-3 1?2.106 = 1 49 87 31 56 29 95 37 27 77 23 59 70 51 69 3 
974-1-4 1?2.152 = 1 49 87 31 56 29 95 37 48 27 77 23 35 44 41 4 
974-0-15 1?2.37 = 0 89 86 87 49 31 45 50 71 55 60 17 64 58 47 15 
974-1-5 1?2.283 = 1 49 87 31 56 29 95 37 48 27 77 94 20 57 76 74 83 5 
974-1-2 1?2.359 = 1 49 87 31 56 29 95 37 27 77 23 59 35 70 51 2 
974-1-6 1?2.258 = 1 49 87 31 56 29 95 37 27 77 94 20 76 57 24 53 82 6 
974-0-13 1?2.326 = 0 89 47 58 64 17 60 55 71 50 32 21 99 61 46 63 19 13 
974-1-8 1?2.405 = 1 49 87 31 56 29 95 27 37 48 43 22 18 26 78 67 65 8 
974-1-7 1?2.584 = 1 49 87 31 56 29 95 27 37 48 36 43 22 16 52 54 25 75 30 7 
974-0-12 1?2.678 = 0 89 47 58 64 17 60 55 71 50 32 21 99 61 19 63 46 28 12 
974-1-15 1?2.523 = 1 49 87 31 56 29 95 37 36 98 73 50 71 55 17 64 58 15 
974-2-3 1?2.111 = 2 39 66 56 29 95 37 48 27 77 23 59 70 51 69 3 
974-2-4 1?2.102 = 2 39 38 66 56 29 95 37 48 27 77 23 59 35 44 41 4 
974-1-13 1?2.465 = 1 49 87 86 89 47 58 64 17 55 71 50 32 21 99 61 19 13 
974-2-5 1?2.188 = 2 39 38 31 56 29 95 37 27 77 94 20 57 76 74 83 5 
974-1-14 1?2.638 = 1 49 87 31 56 29 95 37 48 36 98 73 50 71 55 17 64 85 14 
974-1-9 1?2.449 = 1 49 87 31 56 29 95 37 48 43 22 18 72 26 78 67 65 9 
974-2-6 1?2.271 = 2 39 38 66 56 29 95 98 36 48 37 27 77 94 20 57 53 82 6 
974-1-12 1?2.677 = 1 49 87 31 56 29 95 37 48 43 22 36 98 73 32 93 79 28 12 
974-1-10 1?2.609 = 1 49 87 31 56 29 27 37 48 43 22 18 72 84 42 97 88 10 
974-1-11 1?2.614 = 1 49 87 31 56 29 27 37 48 43 22 18 72 84 42 97 80 11 
974-3-4 1?1.918 = 3 69 51 70 35 59 23 77 94 20 57 76 74 83 44 41 4 
974-3-5 1?1.915 = 3 69 51 70 35 59 23 77 94 20 24 53 57 76 74 83 5 
974-2-15 1?2.571 = 2 39 38 66 56 29 95 37 48 43 22 36 98 73 50 71 55 17 58 15 
974-2-13 1?2.491 = 2 39 66 56 29 95 37 48 43 22 36 73 32 21 99 61 19 13 
974-2-7 1?2.413 = 2 51 70 59 23 77 27 37 48 43 22 16 52 54 25 75 30 90 7 
974-2-9 1?2.543 = 2 51 70 59 23 77 27 37 48 36 43 22 18 72 26 78 67 65 9 
974-2-14 1?2.652 = 2 39 38 66 56 29 95 37 48 43 22 36 98 73 50 71 55 17 64 85 14 
974-2-12 1?2.692 = 2 39 38 66 56 29 95 37 48 43 22 36 98 73 32 21 99 61 63 12 
974-2-8 1?2.393 = 2 69 51 70 59 23 77 27 37 48 43 22 18 72 26 78 67 65 8 
974-2-10 1?2.612 = 2 69 51 70 59 23 77 27 37 48 43 22 18 72 84 42 97 88 10 
974-2-11 1?2.68 = 2 39 38 66 56 29 95 37 48 43 22 18 72 26 78 68 42 97 80 11 
974-3-6 1?1.883 = 3 69 51 70 59 23 77 27 37 48 94 20 57 53 82 6 
974-4-5 1?1.901 = 4 41 44 35 23 77 27 37 48 94 20 57 76 74 83 5 
974-3-15 1?2.396 = 3 69 51 70 59 23 77 27 48 43 22 36 98 73 50 71 60 47 15 
974-3-13 1?2.298 = 3 69 51 70 59 23 77 27 37 48 36 98 73 32 21 99 61 19 13 
974-3-14 1?2.486 = 3 69 51 70 59 23 77 27 48 43 22 36 98 73 50 71 55 17 64 85 14 
974-3-12 1?2.484 = 3 69 51 70 59 23 77 27 37 48 43 22 36 98 73 32 21 93 28 12 
974-3-7 1?2.25 = 3 69 51 70 59 23 77 27 37 48 43 22 16 52 54 25 75 30 90 7 
974-3-9 1?2.465 = 3 69 51 70 59 23 77 27 37 48 43 22 16 40 18 72 26 78 67 65 9 
974-3-8 1?2.357 = 3 69 51 70 59 23 77 27 48 37 98 36 43 22 72 18 26 78 67 65 8 
974-3-10 1?2.584 = 3 69 51 70 59 23 77 27 37 48 43 22 16 40 26 18 72 84 42 88 10 
974-3-11 1?2.622 = 3 69 51 70 59 23 77 27 37 48 43 22 18 72 26 78 84 42 97 80 11 
974-4-15 1?2.332 = 4 44 35 23 77 27 37 48 43 22 36 98 73 50 71 60 47 15 
974-4-7 1?1.884 = 4 41 44 35 23 77 27 37 48 43 22 16 40 75 30 7 
974-5-6 1?1.917 = 5 83 74 76 57 20 94 77 27 37 48 52 54 25 33 6 
974-4-6 1?1.851 = 4 41 44 35 59 23 77 27 37 48 94 20 57 53 82 6 
974-4-13 1?2.233 = 4 41 44 35 23 77 27 37 48 36 98 73 32 21 99 61 19 13 
974-4-9 1?2.146 = 4 41 44 35 59 23 77 27 37 48 43 22 18 26 78 67 65 9 
974-4-14 1?2.446 = 4 41 44 35 23 77 27 37 48 43 22 36 98 73 50 71 55 17 64 85 14 
974-4-10 1?2.322 = 4 41 44 35 59 23 77 27 37 48 43 22 18 72 84 42 97 88 10 
974-4-8 1?2.194 = 4 41 44 35 59 23 77 27 37 48 43 22 16 18 72 26 78 67 65 8 
974-4-11 1?2.494 = 4 41 44 35 59 23 77 27 37 48 43 22 18 26 72 84 42 97 80 11 
974-4-12 1?2.486 = 4 41 44 35 23 77 27 37 48 43 22 36 98 73 32 21 99 61 63 12 
974-6-7 1?1.873 = 6 82 53 57 76 20 94 77 27 37 48 52 54 75 30 7 
974-6-8 1?1.846 = 6 82 53 24 25 30 75 40 18 72 26 78 67 65 8 
974-5-7 1?1.96 = 5 53 57 20 94 77 27 37 48 43 22 16 40 75 30 7 
974-5-8 1?1.957 = 5 83 74 76 57 53 24 54 52 16 18 72 26 78 67 65 8 
974-5-15 1?2.393 = 5 83 74 76 20 94 27 37 48 43 22 36 98 73 50 71 55 17 58 15 
974-5-9 1?2.118 = 5 83 74 76 57 24 25 30 75 40 18 72 26 78 67 65 9 
974-5-10 1?2.313 = 5 83 74 76 57 20 94 77 27 37 48 43 22 18 72 26 78 68 10 
974-5-11 1?2.371 = 5 83 74 76 20 94 77 27 37 48 43 22 18 72 84 42 97 80 11 
974-5-13 1?2.396 = 5 83 74 76 57 20 94 77 27 37 48 43 22 34 32 21 99 61 19 13 
974-5-12 1?2.514 = 5 83 74 76 20 94 27 37 48 43 22 36 98 73 32 21 99 61 63 12 
974-5-14 1?2.523 = 5 83 74 76 20 94 77 27 37 48 43 22 36 98 73 50 71 55 17 64 85 14 
974-7-8 1?1.926 = 7 30 75 25 54 52 40 26 18 72 84 78 67 65 8 
974-6-9 1?2.035 = 6 82 53 57 24 25 30 75 40 18 72 26 78 67 65 9 
974-7-11 1?2.257 = 7 30 75 25 54 52 16 40 26 18 72 84 42 88 97 80 11 
974-7-9 1?2.154 = 7 90 30 75 25 54 52 40 26 18 72 84 78 67 65 9 
974-7-10 1?2.191 = 7 30 75 25 54 52 40 26 18 72 84 42 97 80 88 10 
974-6-15 1?2.404 = 6 82 53 57 20 94 77 27 37 48 43 22 36 98 73 50 71 60 47 15 
974-6-10 1?2.292 = 6 82 53 57 76 20 94 77 27 37 48 43 22 18 72 26 78 68 10 
974-6-11 1?2.342 = 6 82 53 57 20 94 77 27 37 48 43 22 18 72 84 42 97 80 11 
974-6-13 1?2.356 = 6 82 53 57 20 94 77 27 37 48 43 22 36 73 32 21 99 61 19 13 
974-6-12 1?2.485 = 6 82 53 57 20 94 27 37 48 43 22 36 98 73 32 21 99 61 63 12 
974-6-14 1?2.494 = 6 82 53 57 20 94 77 27 37 48 43 22 36 98 73 50 71 55 17 64 85 14 
974-8-11 1?2.196 = 8 65 67 78 26 40 52 16 18 72 84 42 97 80 11 
974-8-9 1?2.064 = 8 90 30 75 25 54 52 40 18 72 26 78 67 65 9 
974-8-10 1?2.191 = 8 90 30 75 40 18 72 26 78 68 42 97 80 88 10 
974-8-15 1?2.511 = 8 65 67 78 26 72 18 22 43 48 37 36 98 73 50 71 55 17 58 15 
974-8-12 1?2.44 = 8 65 67 78 26 72 18 22 43 36 98 73 32 21 99 61 63 12 
974-8-13 1?2.284 = 8 65 67 78 26 72 18 22 43 36 98 73 32 21 99 61 19 13 
974-7-15 1?2.611 = 7 30 75 54 52 16 22 43 48 37 27 95 98 36 73 50 71 55 17 64 58 15 
974-8-14 1?2.515 = 8 65 67 78 26 72 18 22 43 36 98 73 50 71 55 60 17 64 85 14 
974-7-13 1?2.374 = 7 30 75 40 16 22 43 48 37 36 98 73 32 21 99 61 63 19 13 
974-7-12 1?2.502 = 7 30 75 40 16 22 43 48 37 36 98 73 32 21 99 61 46 28 12 
974-7-14 1?2.603 = 7 30 75 40 16 22 43 48 37 95 98 36 73 50 71 55 60 17 64 85 14 
974-9-11 1?2.286 = 9 65 67 78 26 40 52 16 18 72 84 42 97 80 11 
974-10-11 1?2.421 = 10 88 42 84 72 18 22 43 36 98 73 34 91 62 80 11 
974-9-10 1?2.321 = 9 65 67 78 26 72 18 22 43 36 34 84 42 88 10 
974-9-12 1?2.295 = 9 65 67 78 26 18 72 84 42 88 97 80 62 79 28 12 
974-10-12 1?2.438 = 10 88 97 80 62 79 93 21 32 50 71 55 99 61 63 12 
974-9-13 1?2.327 = 9 65 67 78 26 18 22 43 36 98 73 32 21 99 61 19 13 
974-10-13 1?2.399 = 10 88 42 84 72 18 22 43 36 98 73 32 21 99 61 19 13 
974-9-15 1?2.565 = 9 65 67 78 26 72 18 22 43 36 98 73 50 71 55 60 17 64 58 15 
974-10-15 1?2.667 = 10 88 42 84 72 18 22 43 48 37 36 98 73 50 71 55 17 64 58 15 
974-9-14 1?2.578 = 9 65 67 78 26 72 18 16 43 22 36 98 73 50 71 55 17 64 85 14 
974-10-14 1?2.695 = 10 88 42 68 78 26 72 18 22 43 36 98 73 50 71 55 17 64 85 14 
974-12-13 1?2.381 = 12 28 79 93 21 32 50 71 55 99 61 46 63 19 81 13 
974-11-13 1?2.332 = 11 80 62 91 34 22 43 36 98 73 32 21 99 61 19 13 
974-14-15 1?2.203 = 14 81 19 63 61 99 21 32 50 71 55 60 17 64 58 15 
974-13-15 1?2.012 = 13 19 63 46 61 99 21 32 50 71 55 60 17 64 58 15 
974-11-12 1?2.466 = 11 80 62 91 34 22 43 36 73 32 21 99 61 63 12 
974-12-14 1?2.19 = 12 28 46 61 99 21 32 50 71 55 60 17 64 58 85 14 
974-13-14 1?2.026 = 13 19 63 46 61 99 21 32 50 71 55 17 64 58 85 14 
974-12-15 1?2.491 = 12 28 46 63 19 61 99 21 32 50 71 55 60 17 64 58 47 15 
974-11-15 1?2.584 = 11 80 97 42 84 72 18 22 43 36 98 73 50 71 55 17 64 58 15 
974-11-14 1?2.624 = 11 80 97 42 84 72 18 22 43 36 98 73 50 71 55 17 64 85 14 
stop
