start
731-0-2 1?1.846 = 0 26 20 90 91 83 63 93 27 55 30 51 32 44 66 2 
731-0-3 1?2.017 = 0 26 47 20 90 91 83 29 63 93 27 55 64 31 48 3 
731-0-1 1?1.818 = 0 26 47 25 94 98 90 91 83 29 63 93 27 55 30 51 1 
731-0-4 1?2.002 = 0 26 47 25 51 30 55 27 46 57 96 40 71 18 72 4 
731-0-7 1?2.52 = 0 26 47 20 90 91 83 29 23 60 22 36 78 17 74 56 54 16 58 7 
731-0-11 1?2.318 = 0 26 47 20 90 91 83 29 23 42 60 22 36 78 17 35 38 82 50 11 
731-0-5 1?2.441 = 0 26 47 20 90 91 83 29 23 60 22 36 79 28 33 69 39 97 5 
731-0-10 1?2.395 = 0 26 47 20 90 91 83 29 23 42 60 22 36 78 17 74 21 99 85 24 10 
731-0-9 1?2.412 = 0 26 47 20 90 91 83 29 23 42 60 22 36 78 17 74 56 45 70 49 9 
731-0-8 1?2.454 = 0 26 47 20 90 91 83 29 23 42 60 22 36 78 17 74 56 54 58 16 8 
731-0-6 1?2.505 = 0 26 47 20 90 91 83 29 23 42 60 22 79 28 33 69 39 97 68 52 6 
731-0-14 1?1.744 = 0 26 47 25 51 30 55 27 93 63 83 29 91 61 92 14 
731-0-15 1?1.723 = 0 26 47 25 51 30 55 27 93 63 83 29 91 90 43 15 
731-1-2 1?2.071 = 1 51 30 25 94 98 90 83 29 63 93 27 55 32 44 66 2 
731-1-3 1?2.249 = 1 51 30 25 94 98 90 91 83 29 63 93 46 64 31 48 3 
731-1-4 1?2.187 = 1 66 44 32 51 30 55 27 46 57 96 40 71 18 72 4 
731-0-12 1?2.307 = 0 26 47 25 94 27 93 63 29 83 91 90 43 61 92 73 87 80 12 
731-0-13 1?1.813 = 0 26 47 25 51 30 55 27 93 63 83 91 61 92 73 13 
731-1-7 1?2.65 = 1 51 30 25 94 98 90 91 83 29 23 60 22 36 78 59 86 41 81 7 
731-1-8 1?2.585 = 1 25 94 98 90 91 83 29 23 60 22 36 78 17 74 56 54 58 16 8 
731-1-5 1?2.52 = 1 66 44 32 51 30 55 27 46 57 96 40 77 69 39 97 68 5 
731-1-6 1?2.536 = 1 66 44 32 51 30 55 27 46 64 84 71 40 77 69 39 97 68 52 6 
731-1-15 1?1.936 = 1 51 30 25 47 26 20 90 83 29 91 92 61 43 15 
731-1-14 1?2.164 = 1 66 44 32 51 30 55 27 93 63 29 91 83 90 43 61 76 14 
731-2-3 1?2.173 = 2 66 44 32 30 51 25 94 98 93 27 55 46 64 31 48 3 
731-2-4 1?2.113 = 2 66 44 32 51 30 55 27 46 57 96 40 71 18 72 4 
731-1-11 1?2.48 = 1 51 30 25 94 98 90 91 83 29 23 42 36 78 17 35 38 82 50 11 
731-2-5 1?2.087 = 2 66 44 32 64 84 40 71 18 77 69 39 97 68 5 
731-2-6 1?2.33 = 2 66 44 32 64 84 57 96 40 71 18 77 69 39 97 68 52 6 
731-1-10 1?2.641 = 1 51 30 55 27 98 90 91 83 29 23 60 22 36 78 17 74 21 99 85 24 10 
731-1-9 1?2.588 = 1 51 30 25 94 98 90 91 83 29 23 42 60 22 36 78 17 74 56 45 70 9 
731-1-12 1?2.422 = 1 66 44 32 30 51 25 47 20 90 83 29 91 61 92 73 87 80 12 
731-1-13 1?2.306 = 1 66 44 32 51 30 55 27 93 63 29 83 91 90 43 61 92 73 13 
731-2-15 1?2.161 = 2 66 44 32 30 51 25 47 26 20 98 90 83 29 91 61 43 15 
731-3-4 1?2.396 = 3 48 31 32 51 30 55 27 46 64 84 40 71 18 72 4 
731-3-5 1?2.184 = 3 72 18 71 40 96 57 33 77 69 39 97 68 52 5 
731-2-11 1?2.538 = 2 66 44 32 51 30 55 27 93 63 29 83 91 92 73 19 89 34 50 11 
731-2-14 1?2.283 = 2 66 44 32 51 30 55 27 93 63 29 83 91 90 43 61 92 73 14 
731-2-7 1?2.631 = 2 66 44 32 30 55 27 93 60 22 36 78 17 74 56 54 16 58 7 
731-2-9 1?2.486 = 2 66 44 32 51 30 55 27 93 60 22 42 36 78 17 74 56 45 70 9 
731-2-10 1?2.457 = 2 66 44 32 51 30 55 27 93 60 22 36 78 17 74 21 99 85 24 10 
731-2-8 1?2.524 = 2 66 44 32 51 30 55 27 93 60 22 36 78 17 74 56 54 16 58 8 
731-2-12 1?2.351 = 2 66 44 32 30 51 25 47 26 20 90 83 91 61 92 73 87 80 12 
731-2-13 1?2.469 = 2 66 44 32 30 51 25 47 26 20 90 83 29 91 92 73 19 80 87 13 
731-3-15 1?2.459 = 3 48 31 32 30 51 25 47 26 20 90 83 29 91 92 61 43 15 
731-4-5 1?2.021 = 4 72 18 71 40 96 57 33 77 69 39 97 68 52 5 
731-3-11 1?2.725 = 3 18 71 40 96 57 79 22 60 42 36 78 17 74 35 38 82 50 11 
731-3-14 1?2.572 = 3 18 71 40 96 57 28 79 36 22 60 42 23 65 29 83 91 61 76 14 
731-3-6 1?2.491 = 3 48 31 64 84 57 96 40 71 18 72 77 69 39 97 68 52 6 
731-3-7 1?2.663 = 3 72 18 71 40 96 57 33 77 69 39 97 68 52 67 81 7 
731-3-8 1?2.651 = 3 72 18 71 40 77 69 39 97 68 52 67 81 41 58 54 16 8 
731-3-9 1?2.609 = 3 72 18 77 69 39 97 68 52 67 81 41 58 54 37 75 45 70 9 
731-3-10 1?2.589 = 3 18 77 69 39 97 68 67 81 58 16 54 37 45 70 99 85 24 10 
731-3-12 1?2.551 = 3 48 31 64 46 55 27 93 98 90 83 29 91 61 92 73 87 80 12 
731-3-13 1?2.678 = 3 18 71 40 96 57 28 79 36 22 60 42 23 65 29 83 91 92 73 13 
731-4-6 1?1.855 = 4 72 18 71 40 96 57 33 69 77 39 97 68 52 6 
731-5-6 1?2.179 = 5 4 72 18 71 40 96 57 33 77 69 39 97 68 52 6 
731-4-7 1?2.233 = 4 72 18 71 40 33 77 69 39 97 68 52 67 81 7 
731-4-15 1?2.339 = 4 72 18 71 40 96 57 79 22 60 42 23 29 83 91 90 43 15 
731-4-11 1?2.557 = 4 77 69 39 97 67 81 58 16 54 37 75 45 70 99 85 24 62 11 
731-4-14 1?2.448 = 4 72 18 71 40 96 57 28 79 36 22 60 42 23 29 83 91 61 92 14 
731-4-9 1?2.353 = 4 72 18 77 69 39 97 68 67 81 41 58 16 54 37 75 45 70 9 
731-4-8 1?2.356 = 4 72 18 77 69 39 97 68 52 67 81 41 58 16 54 37 75 8 
731-4-10 1?2.373 = 4 77 69 39 97 67 81 41 58 16 54 37 75 45 70 99 85 24 10 
731-4-12 1?2.582 = 4 72 18 71 40 96 57 22 60 23 29 83 91 61 92 73 87 80 12 
731-4-13 1?2.54 = 4 72 18 71 40 96 57 28 79 36 22 60 42 23 29 83 91 92 73 13 
731-5-8 1?2.044 = 5 77 69 39 97 68 52 67 81 41 58 54 37 75 8 
731-6-8 1?1.966 = 6 52 68 97 77 69 39 67 81 41 58 54 37 75 8 
731-5-15 1?2.379 = 5 97 39 69 33 28 79 36 22 60 42 23 65 29 83 91 43 15 
731-5-7 1?2.322 = 5 77 69 39 97 68 52 67 81 41 86 88 54 58 7 
731-6-7 1?2.163 = 6 52 68 97 39 67 81 41 86 88 56 54 16 58 7 
731-5-14 1?2.467 = 5 97 39 69 33 28 79 36 22 60 42 23 65 29 83 91 61 92 14 
731-5-11 1?2.504 = 5 68 97 39 67 81 41 58 16 54 37 75 45 70 99 85 24 62 11 
731-5-9 1?2.272 = 5 77 69 39 97 68 52 67 81 41 58 16 54 37 75 45 70 49 9 
731-5-10 1?2.28 = 5 77 69 39 97 67 81 41 58 16 54 37 75 45 70 99 85 24 10 
731-5-12 1?2.604 = 5 97 39 69 33 96 57 28 79 36 22 60 42 23 65 95 19 80 12 
731-5-13 1?2.559 = 5 97 39 69 33 28 79 36 22 60 42 23 65 29 83 91 92 73 13 
731-6-9 1?1.779 = 6 52 68 97 39 67 81 58 16 54 37 75 45 70 9 
731-7-9 1?2.169 = 7 6 52 68 97 39 67 81 58 16 54 37 75 45 70 9 
731-7-10 1?1.949 = 7 67 81 41 58 16 54 37 75 45 70 49 99 85 24 10 
731-7-8 1?2.356 = 7 6 52 68 97 77 69 39 67 81 41 58 54 37 75 8 
731-6-14 1?2.409 = 6 52 68 97 39 69 33 28 79 22 60 23 29 83 91 90 43 76 14 
731-6-11 1?2.385 = 6 52 68 97 67 81 41 58 16 54 37 75 45 70 99 85 24 62 11 
731-7-11 1?2.612 = 7 67 81 41 58 16 54 37 75 45 70 99 85 24 62 50 82 34 89 11 
731-6-10 1?2.109 = 6 52 68 97 67 81 41 58 16 54 37 75 45 70 99 85 24 10 
731-6-15 1?2.439 = 6 52 68 97 39 69 33 28 79 36 22 60 42 23 29 83 91 90 43 15 
731-6-12 1?2.501 = 6 52 68 97 39 69 33 28 79 36 22 60 42 23 65 95 19 80 12 
731-6-13 1?2.418 = 6 52 68 97 39 69 33 28 79 22 60 23 29 83 91 92 73 13 
731-8-9 1?2.139 = 8 16 54 58 81 41 86 88 56 21 99 70 45 37 75 9 
731-8-10 1?2.132 = 8 58 54 37 45 70 99 85 24 38 82 89 34 50 62 10 
731-8-14 1?2.328 = 8 16 58 54 56 74 17 78 36 22 60 42 23 29 83 91 61 76 14 
731-7-14 1?2.491 = 7 58 16 54 56 74 17 78 36 22 60 23 29 83 91 90 43 76 14 
731-7-15 1?2.534 = 7 58 16 54 56 74 17 78 36 22 60 42 23 65 29 91 83 90 43 15 
731-8-11 1?2.422 = 8 16 58 54 37 75 45 70 49 99 85 24 62 50 38 35 82 34 89 11 
731-8-15 1?2.492 = 8 75 37 45 70 99 21 74 17 78 36 22 60 42 23 29 83 91 90 43 15 
731-8-12 1?2.315 = 8 16 58 54 37 75 45 70 99 85 24 62 50 38 35 82 34 89 12 
731-7-12 1?2.555 = 7 67 81 41 58 16 54 37 75 45 70 99 85 24 62 50 34 89 12 
731-8-13 1?2.406 = 8 16 58 54 37 75 45 70 99 85 24 62 50 82 34 89 19 80 87 13 
731-7-13 1?2.545 = 7 58 16 54 56 74 17 78 36 22 60 23 29 83 91 61 92 73 13 
731-10-11 1?1.977 = 10 24 85 99 70 45 56 74 17 35 38 82 89 34 50 11 
731-9-10 1?2.005 = 9 70 45 37 54 16 58 81 41 88 56 21 99 85 24 10 
731-9-14 1?2.182 = 9 70 45 56 74 17 78 36 22 60 42 23 29 83 91 61 76 14 
731-9-11 1?2.293 = 9 70 45 37 54 16 58 81 41 86 88 56 74 35 38 82 50 11 
731-10-14 1?2.269 = 10 24 85 99 21 74 17 78 36 22 60 42 23 29 83 91 61 76 14 
731-10-15 1?2.262 = 10 24 85 99 21 74 17 78 36 22 60 42 23 29 83 91 90 43 15 
731-10-12 1?2.098 = 10 24 85 99 70 45 37 54 56 74 35 38 82 34 89 12 
731-9-15 1?2.468 = 9 45 70 49 99 21 74 17 78 36 22 60 42 23 65 29 83 91 90 43 15 
731-10-13 1?2.132 = 10 24 62 50 34 89 95 65 29 83 91 61 92 73 13 
731-9-12 1?2.287 = 9 75 16 58 54 37 45 70 99 85 24 62 50 38 82 34 89 12 
731-9-13 1?2.215 = 9 70 45 56 74 17 78 36 42 23 29 83 91 61 92 73 13 
731-11-14 1?2.078 = 11 50 34 89 19 73 92 61 91 29 83 90 43 76 14 
731-12-14 1?2.053 = 12 80 87 19 73 92 61 91 83 29 63 90 43 76 14 
731-13-14 1?2.125 = 13 73 92 61 91 83 29 63 93 27 94 98 90 43 76 14 
731-14-15 1?1.943 = 14 92 61 91 83 29 63 93 27 55 30 51 25 47 26 15 
731-13-15 1?2.057 = 13 73 92 61 91 83 29 63 93 27 55 30 51 25 20 15 
731-12-15 1?2.328 = 12 80 87 73 92 61 91 83 29 63 93 27 55 30 51 25 20 15 
731-11-15 1?2.148 = 11 50 38 35 17 78 36 22 60 42 23 29 83 91 90 43 15 
731-12-13 1?2.103 = 12 80 87 19 95 65 29 83 91 90 43 61 92 73 13 
731-11-12 1?2.182 = 11 50 34 89 95 65 29 83 91 61 92 73 87 80 12 
731-11-13 1?2.174 = 11 50 82 38 35 17 78 36 22 60 42 95 19 80 87 13 
stop
