start
743-0-2 1?2.093 = 0 33 51 69 36 30 73 54 92 27 76 17 31 35 57 71 2 
743-0-4 1?2.38 = 0 33 51 69 36 16 28 30 73 54 84 57 27 76 35 31 17 37 4 
743-0-1 1?2.271 = 0 33 51 69 36 30 73 54 92 27 76 17 31 35 71 88 1 
743-0-6 1?2.488 = 0 33 51 69 36 30 73 54 92 59 64 95 61 53 18 70 74 83 25 86 6 
743-0-5 1?2.383 = 0 33 51 69 36 73 54 92 27 76 35 31 17 37 53 61 18 74 70 5 
743-0-11 1?2.572 = 0 33 51 69 36 16 28 78 85 21 99 87 26 42 47 41 34 20 44 11 
743-0-7 1?2.557 = 0 33 51 69 36 28 16 87 99 78 85 21 39 75 46 38 90 68 91 29 7 
743-0-10 1?2.611 = 0 51 69 36 16 28 78 85 21 99 87 26 42 47 41 40 19 50 67 10 
743-0-9 1?2.565 = 0 33 51 69 36 16 28 78 85 21 99 87 26 42 47 41 40 19 50 52 9 
743-0-8 1?2.587 = 0 33 51 69 36 28 16 87 26 42 47 41 40 19 50 55 32 62 82 8 
743-0-3 1?2.134 = 0 33 51 69 36 16 28 30 73 54 84 57 27 76 35 17 31 3 
743-0-15 1?2.455 = 0 33 51 69 36 73 84 54 92 30 28 16 63 22 66 49 15 
743-1-2 1?2.315 = 1 51 69 36 30 73 54 92 27 76 17 31 35 57 71 88 2 
743-0-13 1?2.514 = 0 33 51 69 36 73 54 92 30 28 16 63 43 94 80 23 58 13 
743-0-14 1?2.605 = 0 33 51 69 36 16 28 78 85 21 99 87 26 43 94 80 14 
743-1-3 1?2.348 = 1 51 33 69 36 16 28 30 92 54 84 57 27 76 35 17 31 3 
743-1-6 1?2.313 = 1 88 71 57 27 76 35 31 17 37 53 61 77 74 18 70 83 25 6 
743-0-12 1?2.658 = 0 33 51 69 36 16 28 78 85 21 99 87 26 42 47 41 34 60 12 
743-1-8 1?2.603 = 1 73 54 92 93 85 78 99 87 26 42 47 41 40 19 50 52 79 8 
743-1-7 1?2.463 = 1 88 71 35 31 17 37 53 61 18 70 74 83 25 86 38 46 68 90 7 
743-1-4 1?2.299 = 1 88 71 57 76 35 31 17 37 95 64 61 53 18 74 70 98 4 
743-1-5 1?2.265 = 1 88 71 57 27 76 35 31 17 37 95 64 61 53 18 77 74 70 5 
743-1-14 1?2.634 = 1 88 84 54 92 93 85 21 99 87 26 43 94 80 14 
743-2-3 1?2.331 = 2 71 57 27 59 64 95 61 53 18 74 70 98 37 17 31 3 
743-2-4 1?1.986 = 2 88 71 57 27 76 35 31 17 37 95 64 61 53 98 4 
743-2-5 1?1.831 = 2 71 57 27 76 35 31 17 37 95 64 61 53 18 74 70 5 
743-1-12 1?2.7 = 1 73 54 92 93 85 21 99 87 26 42 47 41 34 20 44 60 12 
743-1-11 1?2.697 = 1 88 84 73 54 92 93 85 21 99 87 26 42 47 41 34 20 44 11 
743-1-10 1?2.62 = 1 73 54 92 93 78 85 21 99 87 26 42 47 41 40 19 50 67 10 
743-2-6 1?2.206 = 2 88 71 57 27 76 35 31 17 37 95 64 61 53 18 70 74 83 25 6 
743-1-15 1?2.22 = 1 88 71 57 84 54 73 30 28 16 36 69 51 33 49 66 15 
743-1-13 1?2.778 = 1 73 54 92 93 78 85 21 99 87 26 42 47 41 48 72 89 24 13 
743-1-9 1?2.505 = 1 73 54 92 93 85 21 99 87 26 42 47 41 40 19 50 52 65 9 
743-2-14 1?2.439 = 2 71 35 31 17 76 27 92 54 73 30 36 69 51 33 49 66 14 
743-3-4 1?1.988 = 3 31 17 37 95 64 61 53 18 74 77 25 83 70 98 4 
743-3-5 1?1.853 = 3 31 17 35 57 27 76 37 95 64 61 53 18 74 70 5 
743-2-8 1?2.372 = 2 71 35 31 17 37 53 61 18 74 83 25 86 38 46 90 91 62 82 8 
743-2-11 1?2.689 = 2 88 84 73 54 92 93 85 21 99 87 26 42 47 41 34 20 60 44 11 
743-2-12 1?2.692 = 2 88 84 73 54 92 93 85 21 99 87 26 42 47 41 34 20 44 12 
743-2-7 1?2.304 = 2 71 35 31 17 37 95 64 61 53 18 70 74 83 25 86 38 46 68 90 7 
743-2-15 1?2.071 = 2 88 71 57 84 54 73 30 28 16 36 69 51 33 49 66 15 
743-2-10 1?2.623 = 2 88 84 54 92 93 78 85 21 99 87 26 42 47 41 40 19 50 67 10 
743-2-13 1?2.771 = 2 71 88 84 54 92 93 85 78 99 87 26 42 47 41 48 72 89 24 13 
743-2-9 1?2.508 = 2 88 84 54 92 93 85 21 99 87 26 42 47 41 40 19 50 52 65 9 
743-3-14 1?2.514 = 3 31 35 17 37 95 64 56 96 85 78 99 87 26 43 94 80 14 
743-4-5 1?1.98 = 4 17 31 35 57 27 76 37 95 64 61 53 18 74 70 5 
743-3-6 1?2.005 = 3 31 17 35 76 27 59 64 95 61 53 18 70 74 77 83 25 86 6 
743-3-7 1?2.022 = 3 31 17 37 95 64 61 53 18 70 74 83 25 86 38 46 90 81 7 
743-3-8 1?2.15 = 3 31 17 37 53 61 18 70 74 83 25 86 38 46 90 91 62 82 8 
743-3-11 1?2.481 = 3 31 35 17 37 95 64 56 96 85 78 99 87 26 42 47 41 34 20 44 11 
743-3-12 1?2.578 = 3 31 35 17 37 95 64 56 96 85 21 99 87 26 42 47 41 34 60 12 
743-3-10 1?2.458 = 3 31 17 37 53 61 64 56 96 85 21 99 87 26 42 47 41 34 67 10 
743-3-15 1?2.258 = 3 31 17 35 76 27 57 84 54 92 30 28 16 36 69 51 33 49 66 15 
743-3-9 1?2.349 = 3 31 17 37 95 64 56 96 85 21 99 87 26 42 47 40 19 50 52 9 
743-3-13 1?2.652 = 3 31 17 37 95 64 56 96 85 78 99 87 26 42 47 41 48 72 89 24 13 
743-5-6 1?1.655 = 5 70 18 74 83 25 86 38 46 68 32 62 91 90 81 6 
743-4-14 1?2.607 = 4 98 70 18 53 61 64 56 96 85 21 99 87 26 43 94 80 14 
743-4-6 1?1.979 = 4 98 70 18 74 77 83 25 86 38 46 68 91 62 29 90 81 6 
743-4-7 1?1.834 = 4 98 70 18 74 77 83 25 86 75 46 38 90 68 32 62 91 29 7 
743-4-10 1?2.332 = 4 98 53 61 95 64 56 96 85 78 99 87 26 42 47 41 34 67 10 
743-4-11 1?2.432 = 4 98 53 61 95 64 56 96 85 21 99 87 26 42 47 41 34 20 44 11 
743-4-8 1?1.919 = 4 98 70 18 74 77 83 25 86 81 90 38 46 68 91 62 32 82 8 
743-4-12 1?2.558 = 4 98 53 61 95 64 56 96 85 21 99 87 26 42 47 41 48 72 89 12 
743-4-9 1?2.122 = 4 98 70 18 74 83 25 86 75 46 38 90 29 91 62 82 45 79 9 
743-4-15 1?2.528 = 4 37 17 31 35 76 27 57 84 54 73 30 28 16 36 69 51 33 49 66 15 
743-4-13 1?2.609 = 4 98 70 74 18 53 61 95 64 56 96 85 78 99 87 26 43 58 13 
743-5-7 1?1.403 = 5 70 18 74 83 25 86 75 46 38 81 90 68 91 29 7 
743-6-7 1?1.578 = 6 25 83 70 18 74 77 75 46 38 81 90 68 91 29 7 
743-6-8 1?1.607 = 6 86 75 46 38 81 90 68 91 29 62 32 55 45 82 8 
743-5-14 1?2.475 = 5 70 18 74 77 61 53 95 64 56 96 85 78 99 87 26 43 94 80 14 
743-5-10 1?2.203 = 5 70 18 53 61 64 56 96 85 78 99 87 26 42 47 41 34 67 10 
743-5-8 1?1.741 = 5 70 18 74 77 83 25 86 81 90 38 46 68 91 29 62 32 82 8 
743-5-11 1?2.306 = 5 70 74 18 53 61 64 56 96 85 21 99 87 26 42 47 41 34 20 11 
743-5-12 1?2.451 = 5 70 74 18 53 61 64 56 96 85 21 99 87 26 42 47 41 34 60 12 
743-5-9 1?1.965 = 5 70 18 74 83 25 86 75 46 38 90 29 91 62 32 82 45 79 9 
743-5-15 1?2.461 = 5 70 18 74 77 61 53 95 64 56 96 85 78 28 16 36 69 51 33 49 66 15 
743-5-13 1?2.554 = 5 70 18 74 77 61 53 95 64 56 96 85 21 78 99 87 26 43 94 58 13 
743-7-8 1?1.546 = 7 81 38 75 46 90 29 91 62 82 32 55 45 79 8 
743-7-10 1?1.822 = 7 81 90 38 46 68 91 29 62 32 55 50 19 40 67 10 
743-6-11 1?2.302 = 6 86 75 46 38 90 29 91 62 32 55 50 19 40 67 20 44 11 
743-6-10 1?2.217 = 6 86 75 46 38 81 90 68 91 29 62 32 55 19 50 40 67 10 
743-7-9 1?1.678 = 7 29 91 68 90 81 38 46 75 55 32 82 45 79 9 
743-7-11 1?2.152 = 7 81 90 38 46 68 91 29 62 32 55 50 19 40 41 34 20 44 11 
743-6-9 1?1.747 = 6 86 75 46 38 81 90 68 91 29 62 32 55 45 79 9 
743-6-14 1?2.617 = 6 25 83 74 18 53 61 95 64 56 96 85 21 99 87 26 43 94 80 14 
743-6-12 1?2.514 = 6 81 90 38 46 68 91 62 32 55 50 19 40 41 47 42 48 72 89 12 
743-6-13 1?2.59 = 6 25 83 74 70 18 53 61 95 64 56 96 85 78 99 87 26 43 58 13 
743-6-15 1?2.557 = 6 25 83 74 70 18 53 61 64 95 59 92 54 73 30 36 69 51 33 49 66 15 
743-8-10 1?1.922 = 8 82 62 91 29 90 38 46 68 32 55 50 19 40 67 10 
743-8-11 1?2.128 = 8 82 62 91 29 90 38 46 68 32 55 50 19 40 34 20 44 11 
743-8-9 1?1.73 = 8 82 32 62 91 29 90 81 38 46 75 55 45 79 9 
743-8-12 1?2.374 = 8 82 62 91 29 90 38 46 68 32 55 50 19 40 67 20 44 12 
743-8-14 1?2.634 = 8 82 62 91 29 90 38 46 68 32 55 50 19 40 41 48 43 94 80 14 
743-7-12 1?2.406 = 7 81 38 46 68 90 29 91 62 32 55 50 19 40 41 34 20 44 60 12 
743-7-14 1?2.63 = 7 81 90 38 46 68 91 62 32 55 50 19 40 41 47 42 26 43 94 80 14 
743-8-13 1?2.505 = 8 82 62 91 29 90 38 46 68 32 55 50 19 40 41 48 72 89 24 13 
743-7-15 1?2.582 = 7 81 90 38 46 75 39 21 85 78 99 87 16 28 36 69 51 33 49 66 15 
743-8-15 1?2.649 = 8 82 62 91 90 38 46 75 39 21 85 78 28 16 36 69 51 33 49 66 15 
743-7-13 1?2.561 = 7 81 90 38 46 68 91 62 32 55 50 19 40 41 34 20 44 60 89 24 13 
743-9-11 1?2.129 = 9 65 52 50 19 40 41 47 42 99 87 26 48 60 44 11 
743-10-11 1?2.263 = 10 65 52 50 19 40 41 47 42 99 87 26 48 60 44 11 
743-9-10 1?2.104 = 9 65 52 50 19 40 41 47 42 99 87 26 48 34 67 10 
743-10-12 1?2.334 = 10 67 50 19 40 34 41 47 42 87 26 48 72 89 24 12 
743-10-14 1?2.781 = 10 67 50 19 40 47 42 48 41 34 20 44 60 72 89 24 43 94 80 14 
743-9-12 1?2.429 = 9 65 52 50 19 40 47 42 99 87 26 48 41 34 20 44 60 12 
743-10-13 1?2.311 = 10 67 50 19 40 34 41 47 42 26 87 63 94 58 13 
743-9-14 1?2.708 = 9 65 52 50 19 40 41 47 42 99 87 26 48 72 89 24 43 94 80 14 
743-9-13 1?2.533 = 9 65 52 50 19 40 41 47 42 99 21 85 78 87 26 43 58 13 
743-10-15 1?2.58 = 10 67 34 41 47 42 26 87 99 21 85 78 28 16 36 69 51 33 49 15 
743-9-15 1?2.495 = 9 65 52 50 19 40 34 41 47 42 26 87 16 28 36 69 51 33 49 66 15 
743-11-14 1?2.469 = 11 20 34 41 47 21 85 78 99 87 26 43 94 80 14 
743-12-14 1?2.522 = 12 24 89 72 60 44 20 34 41 47 42 26 43 94 80 14 
743-13-14 1?2.542 = 13 24 89 72 60 44 20 34 41 47 42 26 43 94 80 14 
743-11-12 1?2.397 = 11 44 20 67 50 19 40 41 47 42 26 48 72 89 24 12 
743-14-15 1?2.307 = 14 80 94 63 16 28 30 92 54 73 36 69 51 33 49 66 15 
743-13-15 1?2.266 = 13 58 23 80 94 43 63 16 28 30 36 69 51 33 49 66 15 
743-11-13 1?2.382 = 11 44 20 67 50 19 40 41 47 42 26 43 94 58 13 
743-12-13 1?2.512 = 12 24 89 72 60 44 20 34 41 47 42 26 43 94 58 13 
743-12-15 1?2.337 = 12 89 24 43 94 63 16 28 30 36 69 51 33 97 49 66 15 
743-11-15 1?2.61 = 11 20 34 41 47 42 26 87 99 21 85 78 28 16 36 69 51 33 49 15 
stop
