start
393-0-3 1?393-0-2 1?1.945 = 0 55 93 802.056 =  0 55 32 9337 82 99  4947 33 81 38  4064 48  77 6931 22  913 
 61 80 78 92 45 2 
393-0-1 1?1.986 = 0 55 93 47 64 77 31 22 91 61 80 78 92 45 1 
393-0-5 1?2.14 = 0 55 93 80 78 56 68 37 82 99 49 33 81 38 40 75 72 59 74 5 
393-0-6 1?2.423 = 0 55 93 80 32 37 82 99 49 33 38 81 40 48 36 27 75 72 59 79 6 
393-0-7 1?2.384 = 0 55 93 80 32 37 82 99 49 33 81 40 75 72 59 79 66 28 85 7 
393-0-8 1?2.64 = 0 55 93 80 32 37 82 99 40 81 38 33 49 20 89 57 60 21 50 8 
393-0-11 1?2.666 = 0 55 93 47 62 64 77 31 22 19 53 73 63 17 94 70 87 90 23 11 
393-0-4 1?1.81 = 0 55 80 32 37 82 99 49 33 81 40 75 27 35 4 
393-0-10 1?2.531 = 0 55 93 47 64 77 31 44 22 19 53 73 88 63 17 94 23 90 98 10 
393-0-9 1?2.579 = 0 55 93 47 64 77 31 22 19 53 73 63 17 94 23 90 98 58 76 52 9 
393-1-2 1?2.041 = 1 92 68 37 82 99 49 33 81 38 40 48 36 69 43 2 
393-1-3 1?1.782 = 1 92 68 37 82 99 49 33 38 81 40 75 27 36 69 3 
393-1-5 1?2.031 = 1 45 46 37 82 99 49 33 38 81 40 48 36 27 75 72 74 5 
393-0-15 1?1.917 = 0 55 93 47 61 91 19 22 31 44 96 77 64 62 15 
393-0-14 1?1.945 = 0 55 93 47 61 91 19 22 31 77 64 62 96 44 14 
393-0-12 1?2.387 = 0 55 93 47 62 64 77 96 44 22 19 53 73 88 17 63 71 12 
393-1-4 1?1.619 = 1 92 68 37 82 99 49 33 81 40 75 27 36 35 4 
393-1-6 1?2.298 = 1 45 46 68 37 82 99 49 33 38 81 40 75 48 36 27 72 59 79 6 
393-0-13 1?1.952 = 0 55 93 47 64 77 96 44 31 22 19 53 73 24 13 
393-1-8 1?2.477 = 1 92 68 37 82 99 40 81 38 33 49 20 89 57 41 60 21 50 67 8 
393-1-7 1?2.336 = 1 92 68 37 82 99 49 33 38 81 40 75 72 59 74 79 30 66 28 85 7 
393-2-3 1?1.799 = 2 43 37 82 99 49 33 81 38 75 40 48 27 36 69 3 
393-2-5 1?1.854 = 2 43 82 99 49 33 38 81 40 48 36 27 75 72 59 74 5 
393-1-13 1?2.367 = 1 45 92 56 78 80 55 93 47 64 77 96 44 31 22 19 24 13 
393-1-12 1?2.482 = 1 45 92 56 78 80 55 93 47 64 77 31 22 19 53 73 63 71 12 
393-2-6 1?2.205 = 2 46 37 82 99 49 33 38 81 40 48 36 27 75 72 59 74 79 6 
393-2-4 1?1.553 = 2 46 37 82 99 49 33 38 81 40 48 36 27 35 4 
393-1-11 1?2.527 = 1 45 92 78 55 93 47 64 77 31 22 19 53 73 88 17 94 23 11 
393-1-15 1?1.81 = 1 45 92 78 80 55 93 47 64 77 31 22 44 96 15 
393-1-14 1?2.152 = 1 92 45 46 68 32 56 78 80 55 93 47 64 77 31 22 44 14 
393-1-10 1?2.541 = 1 55 93 47 64 77 31 22 19 53 73 88 63 17 94 23 90 98 10 
393-1-9 1?2.551 = 1 92 68 37 82 99 40 75 38 81 33 49 20 89 57 41 60 21 50 9 
393-3-5 1?1.754 = 3 69 36 27 48 40 81 33 49 38 75 72 59 30 79 74 5 
393-3-4 1?1.841 = 3 69 48 40 81 33 99 65 29 16 49 38 75 27 35 4 
393-2-13 1?2.617 = 2 46 45 92 56 78 80 55 93 47 64 77 31 44 22 19 53 24 13 
393-2-12 1?2.666 = 2 45 92 56 78 80 55 93 47 64 77 31 22 19 53 73 88 63 71 12 
393-2-11 1?2.588 = 2 46 68 56 78 55 93 47 64 77 31 22 19 53 73 63 17 94 23 11 
393-2-8 1?2.428 = 2 46 37 82 99 40 75 38 81 33 49 20 89 57 60 21 50 67 8 
393-2-7 1?2.221 = 2 46 68 37 82 99 49 33 81 38 40 75 72 59 79 30 66 28 85 7 
393-2-15 1?2.283 = 2 46 45 92 56 78 80 55 93 47 64 77 31 22 44 96 62 15 
393-2-10 1?2.505 = 2 43 82 99 48 40 81 38 33 49 20 89 57 41 95 97 34 52 76 10 
393-2-9 1?2.471 = 2 46 37 82 99 40 75 38 81 33 49 20 89 57 41 60 21 50 9 
393-2-14 1?2.633 = 2 43 46 45 92 56 78 80 55 93 47 64 77 31 61 91 19 22 44 14 
393-4-5 1?1.428 = 4 35 27 36 48 40 81 33 49 38 75 72 59 79 74 5 
393-3-6 1?1.806 = 3 69 36 27 48 40 81 33 49 38 75 72 59 79 30 66 6 
393-3-12 1?2.572 = 3 69 36 27 48 40 75 38 81 33 49 26 16 25 83 86 88 63 71 12 
393-3-13 1?2.506 = 3 69 36 27 75 40 81 38 33 49 26 16 29 51 61 91 19 24 13 
393-3-7 1?2.078 = 3 69 36 27 48 40 81 33 49 38 75 72 59 74 79 30 66 28 85 7 
393-3-8 1?2.227 = 3 69 36 27 75 40 81 38 33 49 26 20 89 57 41 60 21 50 67 8 
393-3-11 1?2.475 = 3 69 36 48 40 81 38 33 49 20 89 57 41 95 97 42 70 87 90 23 11 
393-3-15 1?2.277 = 3 69 36 27 75 40 81 38 33 49 99 82 37 32 80 93 55 62 15 
393-3-9 1?2.274 = 3 69 36 27 75 40 81 38 33 49 20 89 57 41 95 97 34 18 9 
393-3-14 1?2.497 = 3 69 36 48 40 81 38 33 49 99 82 37 32 80 47 64 77 96 44 14 
393-3-10 1?2.413 = 3 69 36 27 75 40 81 38 33 49 20 89 57 41 95 97 34 52 76 58 98 10 
393-4-8 1?1.783 = 4 35 27 75 40 81 38 33 49 20 89 57 60 67 8 
393-4-7 1?1.622 = 4 35 27 36 48 40 81 38 75 72 59 79 66 28 85 7 
393-5-6 1?1.771 = 5 27 36 48 40 81 33 49 38 75 72 59 79 30 66 6 
393-4-6 1?1.504 = 4 35 27 36 48 40 81 33 49 38 75 72 74 79 6 
393-4-12 1?2.518 = 4 35 36 27 75 40 81 38 33 49 20 89 57 41 95 54 86 88 63 12 
393-4-11 1?2.288 = 4 35 27 36 48 40 81 38 33 49 20 89 57 41 95 97 70 87 23 11 
393-4-13 1?2.495 = 4 35 27 36 48 40 75 38 81 33 49 16 29 51 39 61 91 19 24 13 
393-4-15 1?2.161 = 4 35 27 75 40 81 38 33 49 99 82 37 32 80 47 64 77 96 15 
393-4-9 1?2.125 = 4 35 27 36 48 40 81 38 33 49 20 89 57 41 95 97 34 18 9 
393-4-14 1?2.368 = 4 35 27 75 40 81 38 33 49 99 82 37 32 80 47 64 77 96 44 14 
393-4-10 1?2.247 = 4 35 36 27 75 40 81 38 33 49 20 89 57 41 95 97 34 18 52 76 10 
393-5-8 1?1.952 = 5 74 72 75 40 81 38 33 49 20 89 57 60 21 67 8 
393-6-8 1?2.058 = 6 79 59 72 75 40 81 38 33 49 20 89 57 60 67 8 
393-5-7 1?1.773 = 5 74 72 75 40 81 33 49 38 59 79 30 66 28 85 7 
393-6-7 1?1.928 = 6 74 72 75 40 81 33 49 38 59 79 30 66 28 85 7 
393-5-12 1?2.602 = 5 72 75 40 81 38 33 49 20 89 57 41 95 97 42 70 87 94 12 
393-5-13 1?2.622 = 5 74 59 72 75 40 81 38 33 49 26 16 65 29 51 39 61 91 19 24 13 
393-5-11 1?2.404 = 5 72 75 40 81 38 33 49 20 89 57 41 95 97 42 70 87 90 23 11 
393-5-9 1?2.179 = 5 74 72 75 40 81 38 33 49 16 26 20 89 57 60 21 50 9 
393-5-15 1?2.313 = 5 72 75 40 81 33 49 99 82 37 32 80 55 93 47 64 77 96 15 
393-5-10 1?2.333 = 5 74 72 75 40 81 38 33 49 20 89 57 41 95 97 34 52 76 58 98 10 
393-5-14 1?2.483 = 5 74 72 75 40 81 38 33 49 99 82 37 32 80 47 64 77 96 44 14 
393-7-8 1?2.24 = 7 85 28 66 30 79 74 59 20 89 57 41 60 21 50 8 
393-7-9 1?2.199 = 7 85 28 66 30 20 89 57 41 95 97 34 18 52 76 9 
393-6-13 1?2.56 = 6 79 59 72 75 40 81 38 33 49 65 29 51 39 61 91 19 24 13 
393-6-9 1?2.127 = 6 79 59 72 75 38 81 33 49 20 89 57 60 21 50 9 
393-6-12 1?2.657 = 6 79 30 20 89 57 41 95 97 34 18 52 76 58 98 90 23 94 12 
393-6-11 1?2.451 = 6 28 85 67 50 21 60 57 41 95 97 34 52 76 58 98 90 23 11 
393-7-11 1?2.356 = 7 85 28 66 30 20 89 57 41 95 97 34 42 70 87 90 23 11 
393-7-10 1?2.24 = 7 85 28 66 30 20 89 57 41 95 97 34 42 70 87 58 98 10 
393-6-10 1?2.338 = 6 79 59 72 75 40 81 38 33 49 20 89 57 41 97 34 52 76 10 
393-6-15 1?2.396 = 6 79 59 72 75 40 81 38 33 49 99 82 37 32 80 47 64 62 15 
393-6-14 1?2.486 = 6 79 59 72 75 40 81 38 33 49 65 29 51 39 61 91 22 44 14 
393-8-11 1?1.918 = 8 50 21 60 57 41 95 97 34 52 76 58 98 90 23 11 
393-8-10 1?1.871 = 8 67 50 21 60 57 41 95 97 34 42 70 87 90 98 10 
393-8-9 1?2.099 = 8 67 50 21 60 57 41 95 97 34 42 70 87 58 76 52 9 
393-8-12 1?2.384 = 8 67 50 21 60 57 41 95 97 34 18 52 76 58 98 90 23 94 12 
393-8-13 1?2.517 = 8 67 21 50 97 34 18 52 76 58 98 90 23 94 17 63 71 24 13 
393-7-12 1?2.57 = 7 67 50 21 60 57 41 95 97 34 18 52 76 58 98 90 23 94 12 
393-7-13 1?2.709 = 7 28 66 79 59 72 75 40 81 33 49 65 29 51 61 91 19 24 13 
393-7-15 1?2.562 = 7 85 28 66 79 59 72 75 40 81 38 33 49 65 29 51 61 31 96 15 
393-7-14 1?2.617 = 7 28 66 79 59 72 75 40 81 38 33 49 65 29 51 61 31 44 14 
393-8-15 1?2.654 = 8 67 50 21 60 57 41 95 25 83 86 84 53 19 22 31 77 64 62 15 
393-8-14 1?2.61 = 8 67 21 50 18 52 76 58 98 90 23 94 17 63 73 53 19 22 44 14 
393-10-13 1?2.09 = 10 76 52 18 34 42 70 87 90 23 94 17 63 71 24 13 
393-10-12 1?1.961 = 10 98 58 76 52 18 34 42 70 87 90 23 94 17 63 71 12 
393-9-11 1?1.989 = 9 50 21 60 57 41 95 97 34 42 87 58 98 90 23 11 
393-10-11 1?2.044 = 10 98 90 58 76 52 18 34 97 95 54 70 87 94 23 11 
393-9-10 1?2.077 = 9 18 34 50 21 60 57 41 95 97 42 70 87 90 98 10 
393-9-12 1?2.419 = 9 50 21 60 57 41 95 97 34 52 76 58 98 90 23 94 17 12 
393-9-13 1?2.554 = 9 76 52 34 97 42 70 87 58 98 90 23 94 17 63 88 73 24 13 
393-10-14 1?2.18 = 10 98 58 42 70 87 90 23 94 17 63 73 53 19 22 44 14 
393-9-14 1?2.561 = 9 52 76 58 90 23 94 17 63 73 53 19 22 31 77 64 96 44 14 
393-9-15 1?2.5 = 9 52 76 58 98 90 23 94 17 63 88 73 53 19 22 31 77 64 62 15 
393-10-15 1?2.495 = 10 98 58 90 23 94 17 63 73 53 19 22 31 77 64 47 93 55 62 15 
393-12-13 1?2.285 = 12 71 63 17 94 23 90 98 58 87 42 70 88 73 24 13 
393-11-13 1?2.164 = 11 23 90 98 58 76 52 34 42 70 94 17 63 71 24 13 
393-11-12 1?2.044 = 11 23 90 98 58 76 52 18 34 42 70 87 94 17 63 71 12 
393-13-15 1?2.003 = 13 24 73 53 19 22 31 77 64 47 93 55 62 96 15 
393-14-15 1?1.997 = 14 44 22 19 91 61 31 77 64 47 93 55 62 96 15 
393-13-14 1?2.09 = 13 24 53 19 22 31 77 64 47 93 55 62 96 44 14 
393-12-15 1?2.236 = 12 71 63 17 88 73 53 19 22 31 77 64 47 93 55 62 15 
393-12-14 1?2.348 = 12 94 17 63 88 73 53 19 22 31 77 64 62 96 44 14 
393-11-14 1?2.066 = 11 23 94 17 63 88 73 53 19 22 31 77 64 96 44 14 
393-11-15 1?2.446 = 11 23 94 17 63 88 73 53 19 22 31 77 64 47 93 55 62 96 15 
stop
