start
741-0-2 1?2.042 = 0 43 88 66 75 71 78 87 58 17 47 27 93 33 90 2 
741-0-1 1?2.168 = 0 43 88 66 75 71 78 87 58 17 47 27 93 33 90 1 
741-0-4 1?2.19 = 0 22 78 87 58 17 96 21 76 84 61 85 89 67 39 18 4 
741-0-5 1?2.433 = 0 22 78 87 58 17 96 21 76 84 61 82 42 99 85 25 20 5 
741-0-7 1?2.491 = 0 22 78 87 58 17 21 26 82 99 42 83 57 94 19 91 79 92 7 
741-0-6 1?2.503 = 0 22 78 87 58 17 96 21 76 84 61 82 42 99 85 25 20 6 
741-0-3 1?1.993 = 0 43 88 66 75 71 78 87 58 17 47 27 93 44 77 3 
741-0-8 1?2.771 = 0 22 78 87 58 17 96 21 26 82 99 42 83 57 94 28 48 31 8 
741-0-11 1?2.636 = 0 43 88 66 75 72 45 38 55 59 29 30 41 51 73 40 36 52 98 35 11 
741-0-9 1?2.755 = 0 22 78 87 58 17 96 21 26 82 99 42 83 57 94 28 48 37 9 
741-0-10 1?2.75 = 0 43 88 66 75 71 72 45 55 74 51 41 30 29 70 81 23 50 32 10 
741-1-2 1?2.085 = 1 22 78 87 58 17 21 76 61 84 86 47 27 33 90 2 
741-1-3 1?2.017 = 1 22 78 87 58 17 96 21 26 76 61 84 86 77 44 3 
741-0-13 1?2.119 = 0 43 88 66 75 71 72 45 38 59 29 30 41 73 62 13 
741-0-14 1?2.148 = 0 43 88 66 55 74 29 30 41 51 73 97 95 65 14 
741-1-4 1?1.929 = 1 22 78 87 58 17 96 21 76 84 61 89 85 69 39 18 4 
741-1-6 1?2.251 = 1 22 78 87 58 17 96 21 26 82 99 42 83 57 94 19 91 6 
741-1-5 1?2.181 = 1 22 78 87 58 17 96 21 76 84 61 89 85 99 42 25 20 5 
741-0-15 1?2.257 = 0 43 88 66 55 59 29 30 41 51 73 97 95 65 46 15 
741-0-12 1?2.317 = 0 43 88 66 75 71 72 45 38 55 59 29 30 41 51 73 40 36 12 
741-1-7 1?2.287 = 1 22 78 87 58 17 96 21 26 82 99 42 57 83 91 19 79 92 7 
741-1-8 1?2.552 = 1 22 78 87 58 17 96 21 26 82 99 42 83 57 94 28 48 31 8 
741-1-15 1?2.092 = 1 22 33 27 47 17 58 87 78 71 75 66 88 43 46 15 
741-1-13 1?2.195 = 1 22 78 87 58 17 21 96 72 45 38 55 74 51 73 62 13 
741-2-4 1?1.769 = 2 90 33 87 58 17 96 21 76 84 61 89 69 39 18 4 
741-2-3 1?1.807 = 2 90 33 78 87 58 17 96 21 47 27 93 44 77 3 
741-1-14 1?2.232 = 1 22 78 87 58 17 21 96 72 45 38 55 74 51 97 95 14 
741-2-6 1?2.167 = 2 90 33 87 58 17 47 27 86 84 76 61 67 89 85 25 20 6 
741-2-5 1?2.094 = 2 90 33 87 58 17 96 21 76 84 61 82 99 42 25 20 5 
741-1-12 1?2.345 = 1 22 78 87 58 17 21 96 53 63 72 45 38 59 29 30 40 36 12 
741-1-9 1?2.589 = 1 22 78 87 58 17 96 21 26 82 99 42 83 57 94 28 64 37 9 
741-1-10 1?2.725 = 1 22 78 87 58 17 21 96 53 63 38 55 59 29 30 81 23 50 32 10 
741-1-11 1?2.523 = 1 22 78 87 58 17 21 96 53 63 38 55 59 29 41 30 24 52 98 35 11 
741-2-15 1?1.943 = 2 90 33 27 47 17 58 87 78 71 75 66 88 43 46 15 
741-3-4 1?1.798 = 3 44 77 86 84 61 76 82 99 42 85 89 69 39 18 4 
741-3-5 1?1.849 = 3 77 86 84 76 82 42 99 85 89 67 18 39 80 5 
741-2-13 1?2.308 = 2 90 33 87 58 17 21 96 53 63 72 45 38 55 74 51 73 62 13 
741-2-14 1?2.257 = 2 90 33 87 58 17 21 96 72 45 55 74 51 73 97 95 14 
741-2-7 1?2.201 = 2 90 33 87 58 17 96 21 26 82 99 42 83 57 94 19 79 7 
741-2-8 1?2.441 = 2 90 33 87 58 17 96 21 26 82 99 42 83 57 94 28 48 8 
741-2-9 1?2.547 = 2 90 33 87 58 17 96 21 76 82 99 42 83 57 94 28 48 37 9 
741-2-12 1?2.47 = 2 90 33 87 58 17 21 96 53 63 72 45 38 59 29 41 51 73 40 36 12 
741-2-10 1?2.777 = 2 90 33 87 58 17 21 96 72 45 38 55 74 51 41 29 30 23 50 32 10 
741-2-11 1?2.516 = 2 90 33 87 58 17 21 96 53 63 72 45 38 55 59 29 30 24 52 98 35 11 
741-4-5 1?1.682 = 4 18 39 67 61 84 76 82 42 99 85 89 69 80 5 
741-3-6 1?1.909 = 3 77 86 84 76 61 89 85 99 42 83 57 94 19 91 6 
741-3-15 1?2.361 = 3 44 93 27 47 58 17 21 96 53 63 45 72 75 66 88 43 46 15 
741-3-7 1?2.083 = 3 77 86 84 76 61 67 89 85 99 42 83 57 94 19 91 79 92 7 
741-3-13 1?2.454 = 3 44 93 27 47 58 17 21 96 53 63 38 59 29 30 41 51 73 62 13 
741-3-9 1?2.492 = 3 44 77 86 84 76 61 67 89 85 99 42 83 57 94 28 64 48 37 9 
741-3-8 1?2.488 = 3 77 86 84 61 89 85 82 99 42 83 57 94 28 64 48 37 31 8 
741-3-14 1?2.479 = 3 44 93 27 47 58 17 21 96 72 45 38 59 29 30 41 51 97 95 14 
741-3-10 1?2.641 = 3 77 86 84 76 61 67 89 85 99 42 83 57 94 28 64 48 37 10 
741-3-12 1?2.525 = 3 44 93 27 47 58 17 21 96 53 63 38 59 29 30 41 51 73 40 36 12 
741-3-11 1?2.414 = 3 44 93 27 47 58 17 21 96 53 63 38 59 29 30 24 52 98 35 11 
741-5-6 1?1.796 = 5 80 39 18 67 89 85 99 42 83 57 94 19 91 6 
741-4-6 1?1.717 = 4 18 39 69 89 85 82 99 42 83 57 94 19 91 6 
741-4-15 1?2.338 = 4 18 39 67 61 84 76 21 96 17 58 87 78 71 75 66 88 43 15 
741-4-7 1?1.877 = 4 18 39 67 61 84 76 82 99 42 83 57 94 19 91 79 92 7 
741-4-8 1?2.096 = 4 18 39 67 89 85 99 42 83 57 94 28 64 48 37 31 8 
741-4-13 1?2.488 = 4 18 39 67 89 61 84 76 21 96 53 63 38 59 29 30 41 51 73 62 13 
741-4-9 1?2.362 = 4 18 39 69 85 89 67 61 84 76 82 99 42 83 57 94 28 48 37 9 
741-4-14 1?2.449 = 4 18 39 67 61 84 76 21 96 72 45 38 59 29 30 41 73 97 95 14 
741-4-12 1?2.523 = 4 18 39 67 61 84 76 21 96 53 63 38 55 59 29 30 41 51 73 40 36 12 
741-4-10 1?2.617 = 4 18 39 69 85 89 67 61 84 76 82 99 42 83 57 94 28 48 37 10 
741-4-11 1?2.412 = 4 18 39 67 61 84 76 21 96 53 63 38 55 59 29 30 24 52 98 35 11 
741-6-7 1?1.828 = 6 20 25 69 89 85 99 42 57 83 91 19 79 92 7 
741-5-7 1?1.727 = 5 80 39 18 67 89 85 99 42 83 91 19 79 92 7 
741-6-8 1?2.093 = 6 20 25 69 89 85 99 42 83 57 94 28 48 31 8 
741-5-8 1?2.17 = 5 80 39 18 67 89 85 99 42 83 57 94 19 91 79 68 8 
741-5-9 1?2.305 = 5 80 39 18 67 89 85 99 42 83 57 94 54 28 64 48 37 9 
741-5-13 1?2.48 = 5 80 39 18 67 61 84 76 21 96 72 45 38 59 29 41 51 73 62 13 
741-5-15 1?2.557 = 5 20 25 85 89 61 84 76 21 96 17 58 87 78 71 75 66 88 43 15 
741-5-12 1?2.472 = 5 80 39 18 67 61 84 76 21 96 53 63 38 55 74 51 73 40 36 12 
741-5-10 1?2.547 = 5 20 25 85 89 61 84 76 82 99 42 83 57 94 28 48 37 10 
741-5-14 1?2.551 = 5 20 25 85 89 61 84 76 21 96 53 63 38 59 29 41 51 97 95 14 
741-5-11 1?2.463 = 5 80 69 89 61 84 76 21 96 72 45 38 59 29 30 24 52 98 35 11 
741-6-9 1?2.077 = 6 20 25 69 89 85 99 42 83 57 94 28 48 37 9 
741-7-9 1?1.961 = 7 92 68 79 19 91 83 57 94 54 28 64 48 37 31 9 
741-7-8 1?1.925 = 7 92 68 79 19 91 83 57 94 54 28 64 48 37 31 8 
741-6-15 1?2.482 = 6 20 25 85 89 67 61 84 76 21 96 17 58 87 78 88 43 46 15 
741-7-10 1?2.241 = 7 92 68 79 19 91 83 57 94 54 56 49 81 23 50 32 10 
741-6-10 1?2.516 = 6 91 19 94 57 83 42 99 82 16 56 54 28 64 48 37 10 
741-7-11 1?2.183 = 7 92 79 19 91 83 57 94 28 64 60 81 23 24 52 98 35 11 
741-6-14 1?2.571 = 6 91 19 83 57 94 54 56 49 70 29 30 41 51 73 97 95 65 14 
741-6-12 1?2.552 = 6 20 25 85 89 61 84 76 21 96 72 45 38 55 74 51 73 40 36 12 
741-6-13 1?2.65 = 6 20 25 85 89 61 84 76 21 96 72 45 38 59 29 30 41 51 73 62 13 
741-6-11 1?2.47 = 6 79 19 91 83 57 94 28 64 60 49 70 81 23 24 52 98 35 11 
741-8-9 1?2.254 = 8 68 79 19 91 83 57 94 54 56 60 64 28 48 37 9 
741-8-10 1?2.509 = 8 68 79 19 91 83 57 94 54 56 60 64 28 48 37 10 
741-7-15 1?2.497 = 7 92 79 19 83 42 99 82 26 21 96 17 58 87 78 88 43 15 
741-8-13 1?2.577 = 8 31 37 48 28 64 60 49 70 29 30 41 51 65 95 97 62 13 
741-8-15 1?2.79 = 8 68 94 57 83 42 99 82 76 21 96 17 58 87 78 88 43 46 15 
741-7-13 1?2.495 = 7 92 79 19 91 83 57 54 56 49 70 29 30 41 51 97 73 62 13 
741-8-12 1?2.432 = 8 31 37 48 28 64 60 49 70 29 30 41 51 73 62 36 12 
741-8-11 1?2.372 = 8 31 37 48 28 64 60 81 70 29 41 30 24 52 98 35 11 
741-7-12 1?2.409 = 7 92 79 19 91 83 57 54 56 49 70 29 30 41 51 73 40 36 12 
741-8-14 1?2.635 = 8 31 37 48 28 64 60 49 70 29 30 41 74 51 73 97 95 65 14 
741-7-14 1?2.527 = 7 92 79 19 91 83 57 94 54 56 49 70 29 30 41 51 73 97 95 14 
741-9-12 1?2.183 = 9 37 48 28 64 60 81 30 29 41 51 73 40 36 12 
741-10-12 1?2.128 = 10 32 50 23 81 70 29 30 41 51 97 73 62 36 12 
741-9-13 1?2.432 = 9 31 37 48 28 64 60 49 70 29 30 41 74 51 73 62 13 
741-10-13 1?2.451 = 10 32 50 23 81 70 29 30 41 74 51 97 73 40 36 62 13 
741-9-10 1?2.524 = 9 37 48 64 28 94 83 57 54 56 49 81 23 50 32 10 
741-10-14 1?2.435 = 10 32 35 98 52 24 30 41 29 59 55 74 51 73 97 95 65 14 
741-10-11 1?2.164 = 10 32 50 23 81 30 29 41 51 73 40 36 52 98 35 11 
741-9-11 1?2.231 = 9 37 48 28 64 60 49 70 29 41 30 24 52 98 35 11 
741-10-15 1?2.708 = 10 32 50 23 81 30 29 41 51 74 55 38 63 45 72 66 88 43 46 15 
741-9-15 1?2.795 = 9 37 48 28 94 57 83 42 99 82 26 21 96 71 75 66 88 43 15 
741-9-14 1?2.645 = 9 37 48 64 60 49 34 63 72 45 38 55 59 29 30 41 51 97 95 14 
741-11-13 1?1.888 = 11 35 98 52 24 30 29 41 51 74 65 95 97 73 62 13 
741-12-15 1?2.05 = 12 36 40 73 51 41 30 29 59 55 66 75 88 43 46 15 
741-13-15 1?2.06 = 13 62 73 51 41 30 29 59 38 45 72 66 88 43 46 15 
741-14-15 1?2.058 = 14 95 97 73 51 41 30 29 74 55 66 88 43 46 15 
741-12-13 1?2.059 = 12 36 40 62 73 51 41 30 29 59 55 74 65 95 97 13 
741-11-14 1?1.932 = 11 35 98 52 24 30 41 29 59 55 74 51 73 97 95 14 
741-12-14 1?2.061 = 12 36 40 62 73 41 30 29 59 55 74 51 97 95 65 14 
741-13-14 1?2.179 = 13 62 36 40 73 41 30 29 59 55 74 51 97 95 65 14 
741-11-12 1?1.864 = 11 35 98 52 24 30 29 41 51 65 95 97 73 40 36 12 
741-11-15 1?2.397 = 11 35 98 52 24 30 29 41 74 51 73 97 95 65 66 88 43 46 15 
stop
