start
671-0-2 1?1.905 = 0 54 27 95 44 93 46 62 55 61 39 38 70 90 49 2 
671-0-1 1?2.033 = 0 54 95 27 67 83 98 37 94 33 45 24 44 57 1 
671-0-4 1?2.047 = 0 54 95 44 58 78 90 49 70 38 39 61 68 75 51 87 81 52 4 
671-0-5 1?2.35 = 0 34 67 27 54 95 44 93 46 62 55 75 87 81 51 41 74 63 5 
671-0-10 1?2.433 = 0 54 95 44 24 27 67 83 98 37 80 42 32 99 97 30 31 69 10 
671-0-11 1?2.234 = 0 54 95 44 24 45 27 67 83 98 37 80 42 32 99 97 30 31 11 
671-0-8 1?2.71 = 0 54 95 44 24 45 27 67 83 98 37 66 19 94 84 89 29 85 23 8 
671-0-3 1?2.049 = 0 54 95 44 93 46 62 55 75 51 81 87 68 61 39 38 3 
671-0-6 1?2.437 = 0 54 95 27 45 24 93 46 62 55 75 87 81 51 41 74 63 73 6 
671-0-9 1?2.577 = 0 54 95 44 24 27 67 83 98 37 80 42 32 99 72 79 21 92 56 9 
671-0-7 1?2.68 = 0 54 95 44 93 46 62 55 75 87 81 51 41 74 63 73 25 48 17 7 
671-0-15 1?1.987 = 0 54 95 44 24 45 64 33 94 19 66 37 83 50 15 
671-1-2 1?1.789 = 1 57 58 96 46 62 55 75 68 61 39 38 70 90 49 2 
671-0-14 1?1.844 = 0 54 27 24 45 83 98 37 80 42 91 18 82 14 
671-1-3 1?1.848 = 1 57 44 95 54 27 45 24 93 58 96 90 49 70 3 
671-1-4 1?1.967 = 1 57 44 95 54 27 45 24 93 46 62 55 75 51 87 81 52 4 
671-0-13 1?1.699 = 0 54 27 24 45 83 98 37 80 42 91 18 16 13 
671-1-5 1?2.094 = 1 57 78 90 49 70 38 39 61 68 75 87 81 51 41 74 63 73 5 
671-1-6 1?2.245 = 1 78 90 49 70 38 39 61 68 75 87 81 51 41 74 63 73 25 48 6 
671-1-7 1?2.454 = 1 78 90 49 70 38 39 61 68 75 87 81 51 41 74 63 73 25 48 7 
671-0-12 1?2.082 = 0 54 95 24 45 27 67 83 98 37 80 42 82 18 91 40 12 
671-1-8 1?2.665 = 1 78 90 49 70 38 39 68 87 81 51 41 74 76 53 59 29 85 23 8 
671-1-14 1?1.835 = 1 57 44 95 54 27 67 83 98 80 42 91 18 82 14 
671-2-4 1?1.433 = 2 49 90 70 38 39 61 68 75 87 81 51 74 41 52 4 
671-2-3 1?1.738 = 2 49 90 70 38 39 68 75 87 81 51 74 41 52 28 3 
671-1-11 1?2.27 = 1 57 44 95 54 27 24 45 83 98 37 80 42 32 99 60 97 30 31 11 
671-1-12 1?2.207 = 1 57 44 95 54 27 24 45 67 83 98 37 80 42 82 18 91 40 12 
671-2-5 1?1.894 = 2 49 90 70 38 39 61 68 75 87 81 51 41 74 76 63 73 5 
671-1-10 1?2.436 = 1 57 44 95 54 27 67 83 98 37 80 42 32 99 60 97 30 31 69 10 
671-1-13 1?1.69 = 1 57 44 95 54 27 67 83 98 80 42 91 18 16 13 
671-1-15 1?1.81 = 1 57 44 95 54 27 24 45 64 33 37 98 83 50 15 
671-2-6 1?2.142 = 2 78 90 49 70 38 61 39 28 68 75 87 81 51 41 74 63 73 25 48 6 
671-1-9 1?2.566 = 1 57 44 95 54 27 67 83 98 37 80 42 66 19 72 79 21 92 56 9 
671-2-14 1?1.952 = 2 49 90 78 58 44 95 54 27 24 45 83 98 71 14 
671-3-4 1?1.714 = 3 38 70 49 90 78 58 96 46 62 55 75 87 81 52 4 
671-3-5 1?1.641 = 3 49 90 70 38 39 61 68 87 81 51 41 74 63 73 5 
671-2-12 1?2.334 = 2 49 90 78 58 44 95 54 27 67 83 98 37 80 42 91 18 40 12 
671-2-11 1?2.465 = 2 49 90 78 58 44 95 27 67 83 98 37 80 42 32 99 97 30 31 11 
671-2-10 1?2.564 = 2 49 90 70 38 39 68 75 51 41 74 76 53 59 29 22 21 79 10 
671-2-8 1?2.276 = 2 49 90 70 38 39 68 75 87 81 51 41 74 76 53 47 36 86 8 
671-2-15 1?1.81 = 2 49 90 78 96 58 44 95 54 27 24 45 67 34 50 15 
671-2-7 1?2.361 = 2 49 90 70 38 39 61 68 75 87 81 51 41 74 76 53 47 59 36 17 7 
671-2-13 1?2.16 = 2 49 90 78 58 44 95 54 27 67 83 98 37 80 42 91 18 16 13 
671-2-9 1?2.489 = 2 49 90 70 38 39 68 87 81 51 41 74 76 53 59 29 85 35 9 
671-3-14 1?2.338 = 3 70 49 90 96 58 44 95 54 27 67 83 98 37 80 42 82 14 
671-4-5 1?1.803 = 4 52 81 87 28 39 61 68 75 51 41 74 76 63 73 5 
671-3-11 1?2.534 = 3 70 96 58 44 95 54 27 67 83 98 37 80 42 32 99 30 31 11 
671-3-6 1?1.99 = 3 49 90 70 38 39 61 68 75 87 81 51 41 74 63 73 25 48 6 
671-3-10 1?2.539 = 3 39 61 68 75 87 81 51 41 74 76 53 59 29 22 21 92 56 10 
671-3-12 1?2.438 = 3 49 90 78 58 44 95 54 27 67 83 98 37 80 42 91 18 40 12 
671-3-7 1?2.199 = 3 49 90 70 38 39 61 68 75 87 81 51 41 74 63 73 25 48 7 
671-3-8 1?2.304 = 3 38 39 61 68 75 87 81 51 41 74 76 53 47 59 29 85 23 8 
671-3-13 1?2.289 = 3 49 90 78 58 44 95 54 27 67 83 98 37 80 42 82 18 16 13 
671-3-15 1?2.239 = 3 39 61 38 70 49 90 78 58 93 44 95 54 27 24 45 67 34 50 15 
671-3-9 1?2.517 = 3 70 38 39 61 68 87 81 51 41 74 76 53 47 59 29 85 23 35 9 
671-4-6 1?1.714 = 4 52 81 87 28 39 61 68 75 51 41 74 63 73 25 6 
671-5-6 1?2.022 = 5 73 63 74 41 51 81 87 75 55 26 77 76 25 6 
671-4-7 1?1.839 = 4 52 81 87 75 51 41 74 76 53 47 59 36 17 7 
671-4-14 1?2.481 = 4 52 81 87 51 75 55 62 46 93 44 95 54 27 67 83 98 37 80 71 14 
671-4-11 1?2.53 = 4 52 81 87 51 75 55 62 46 64 33 94 19 66 32 99 60 97 30 31 11 
671-4-12 1?2.463 = 4 52 81 87 75 55 62 46 93 24 45 83 98 37 80 42 91 40 12 
671-4-10 1?2.596 = 4 52 81 87 75 51 41 74 76 53 47 59 29 89 43 22 21 79 92 56 10 
671-4-8 1?2.408 = 4 52 81 87 28 39 61 68 75 51 41 74 76 53 47 59 29 85 23 8 
671-4-13 1?2.334 = 4 52 81 87 75 55 62 46 93 24 27 67 83 98 80 42 91 18 16 13 
671-4-9 1?2.454 = 4 52 81 87 75 51 41 74 76 53 47 59 89 29 22 21 79 92 56 9 
671-4-15 1?2.328 = 4 52 81 87 51 75 68 61 39 38 70 49 90 78 58 44 95 54 27 67 34 50 15 
671-5-7 1?2.107 = 5 74 41 51 81 87 75 77 76 53 47 59 36 17 7 
671-6-7 1?2.254 = 6 25 63 74 41 51 81 87 75 77 53 47 36 17 7 
671-5-14 1?2.474 = 5 74 41 51 81 87 75 55 62 46 93 44 95 54 27 67 83 71 14 
671-5-8 1?2.182 = 5 74 41 51 81 87 75 77 76 53 59 29 85 23 8 
671-6-8 1?2.335 = 6 73 63 74 41 51 75 77 76 53 59 29 85 23 8 
671-5-10 1?2.617 = 5 74 41 51 81 87 75 77 76 53 47 59 29 22 21 92 56 10 
671-5-11 1?2.683 = 5 74 41 51 75 55 62 46 64 33 94 19 66 32 99 60 97 30 31 11 
671-5-12 1?2.63 = 5 74 41 51 81 87 75 55 62 46 64 33 94 19 66 32 99 97 12 
671-5-9 1?2.514 = 5 52 81 87 51 41 74 76 53 47 59 29 22 21 79 92 56 9 
671-5-13 1?2.503 = 5 74 41 51 81 87 75 55 62 46 64 33 37 80 42 91 18 16 13 
671-5-15 1?2.404 = 5 73 63 74 41 51 81 87 75 55 62 46 93 44 95 54 27 67 34 50 15 
671-7-10 1?2.398 = 7 17 36 47 53 59 29 89 43 22 20 72 79 21 92 56 10 
671-6-14 1?2.627 = 6 73 63 74 41 51 75 55 62 46 93 44 95 54 27 67 83 71 14 
671-7-8 1?2.447 = 7 17 36 47 53 59 29 89 43 22 20 72 79 21 92 35 8 
671-7-11 1?2.653 = 7 17 36 29 89 43 84 88 94 19 66 32 99 60 97 30 65 31 11 
671-6-11 1?2.705 = 6 25 47 59 89 84 19 66 42 80 82 18 91 60 97 30 31 11 
671-7-9 1?2.318 = 7 17 36 47 53 59 29 89 43 22 20 72 79 21 92 56 9 
671-6-10 1?2.74 = 6 25 73 63 76 53 47 59 29 89 43 22 20 72 79 21 92 56 10 
671-6-12 1?2.816 = 6 25 47 59 29 89 84 94 19 66 32 99 60 91 18 82 16 40 12 
671-6-9 1?2.595 = 6 48 25 73 63 74 76 53 47 59 29 22 20 21 79 92 56 9 
671-6-13 1?2.57 = 6 48 25 47 59 89 84 94 19 66 80 42 32 99 60 91 18 16 13 
671-6-15 1?2.373 = 6 73 63 74 41 51 75 55 62 46 93 44 95 54 27 67 34 50 15 
671-8-10 1?2.566 = 8 23 85 36 47 53 59 29 89 84 43 22 21 79 92 56 10 
671-8-11 1?2.436 = 8 23 85 29 89 84 94 19 66 32 99 97 30 31 69 11 
671-8-14 1?2.792 = 8 23 85 29 89 43 84 88 94 19 66 37 98 80 42 91 18 82 14 
671-7-14 1?2.793 = 7 17 36 29 89 43 84 94 19 66 80 42 32 99 60 91 18 82 71 14 
671-8-9 1?2.455 = 8 35 23 85 36 47 59 29 89 43 22 20 72 79 21 92 56 9 
671-7-12 1?2.654 = 7 17 36 29 89 84 94 19 66 32 99 60 91 18 82 16 40 12 
671-8-12 1?2.646 = 8 23 85 29 89 84 94 19 66 32 99 60 91 18 82 16 40 12 
671-8-13 1?2.526 = 8 23 85 29 89 43 84 94 19 66 80 42 32 99 60 91 18 16 13 
671-7-13 1?2.529 = 7 17 36 29 89 84 19 66 80 42 32 99 60 91 18 82 16 13 
671-7-15 1?2.677 = 7 17 36 47 59 89 43 84 88 33 64 45 24 44 95 54 27 67 34 50 15 
671-8-15 1?2.688 = 8 35 23 85 29 89 43 84 88 33 64 45 24 44 95 54 27 67 34 50 15 
671-9-11 1?2.372 = 9 56 92 21 79 72 19 66 32 99 60 97 30 65 31 69 11 
671-9-10 1?2.553 = 9 56 92 21 79 72 19 66 32 99 60 97 30 65 31 69 10 
671-10-11 1?2.452 = 10 56 92 21 79 72 19 66 32 99 60 97 30 65 31 69 11 
671-10-12 1?2.177 = 10 69 31 65 30 97 60 99 32 42 80 82 18 91 40 12 
671-9-12 1?2.345 = 9 56 92 21 79 72 99 32 19 66 42 80 82 18 40 12 
671-10-14 1?2.589 = 10 69 31 30 97 60 91 18 82 80 42 66 19 94 37 98 71 14 
671-9-14 1?2.64 = 9 56 92 79 72 99 32 19 66 37 98 80 42 91 18 82 71 14 
671-10-13 1?2.05 = 10 69 31 65 30 97 60 99 32 42 80 82 91 18 16 13 
671-9-13 1?2.177 = 9 56 92 79 72 99 32 66 42 80 82 91 18 16 13 
671-10-15 1?2.496 = 10 69 31 65 30 99 32 42 80 37 98 83 45 24 27 67 34 50 15 
671-9-15 1?2.59 = 9 56 92 21 79 72 99 32 42 80 37 98 83 45 24 27 67 34 50 15 
671-11-14 1?2.08 = 11 31 30 97 60 91 18 82 42 80 37 98 83 71 14 
671-12-14 1?2.003 = 12 40 18 91 60 99 32 19 66 42 80 37 98 71 14 
671-13-14 1?1.829 = 13 16 18 91 60 99 32 19 66 42 80 37 98 71 14 
671-11-12 1?1.996 = 11 69 31 65 30 97 60 99 32 42 80 82 18 91 40 12 
671-12-13 1?2.027 = 12 40 18 91 60 99 32 19 66 37 98 80 82 16 13 
671-14-15 1?1.863 = 14 82 18 91 60 99 32 42 80 37 98 83 34 50 15 
671-13-15 1?1.718 = 13 16 18 91 60 99 32 42 80 37 98 83 34 50 15 
671-11-13 1?1.841 = 11 31 65 30 97 60 99 32 42 80 82 18 91 40 16 13 
671-12-15 1?2.07 = 12 40 91 18 82 42 80 37 98 83 45 24 27 67 34 50 15 
671-11-15 1?2.158 = 11 31 30 97 99 32 42 80 37 98 83 45 24 27 67 34 50 15 
stop
