start
779-0-4 1?2.269 = 0 26 82 85 28 46 79 34 71 96 40 45 31 36 47 60 4 
779-0-6 1?2.527 = 0 26 82 89 70 33 59 66 80 45 36 47 60 19 78 42 99 44 6 
779-0-7 1?2.434 = 0 26 82 85 28 46 20 25 64 69 27 88 52 74 35 75 83 22 7 
779-0-3 1?2.268 = 0 26 82 85 28 46 20 64 25 79 34 71 96 40 45 31 3 
779-0-1 1?2.278 = 0 26 82 85 28 46 79 34 71 96 40 80 66 59 33 72 1 
779-0-2 1?2.292 = 0 26 82 85 28 46 20 25 79 34 71 96 40 80 66 37 2 
779-0-10 1?2.349 = 0 26 82 85 92 16 84 62 28 46 20 25 64 29 97 98 51 43 67 86 10 
779-0-11 1?2.421 = 0 26 82 85 92 16 28 46 20 25 64 29 97 98 69 27 51 43 24 11 
779-0-9 1?2.384 = 0 26 82 85 28 46 20 25 64 29 97 98 69 27 51 43 58 21 87 9 
779-0-8 1?2.417 = 0 26 82 85 28 46 20 25 64 29 97 98 69 88 52 74 75 35 94 8 
779-0-5 1?2.595 = 0 26 82 85 92 16 84 62 28 46 79 34 71 96 40 91 78 42 53 5 
779-1-4 1?2.118 = 1 72 70 33 59 66 80 45 31 36 47 60 91 78 42 19 4 
779-0-15 1?1.992 = 0 26 82 85 28 46 20 25 64 62 77 84 16 92 81 15 
779-1-3 1?2.263 = 1 72 33 70 95 71 96 40 59 66 80 45 31 36 47 60 3 
779-0-12 1?2.129 = 0 26 82 85 92 16 84 62 28 46 20 25 64 29 97 65 56 12 
779-1-2 1?2.328 = 1 72 33 70 95 71 96 40 59 66 80 45 36 47 31 37 2 
779-0-14 1?1.789 = 0 26 82 85 92 16 84 62 77 50 68 48 55 41 54 61 14 
779-1-7 1?2.588 = 1 72 33 59 66 80 40 71 96 76 73 63 52 74 17 35 75 83 22 7 
779-0-13 1?1.929 = 0 26 82 85 28 46 20 25 64 98 97 29 50 68 48 41 54 13 
779-1-6 1?2.603 = 1 23 72 33 59 66 80 45 31 36 47 60 91 78 19 42 53 99 44 6 
779-1-8 1?2.58 = 1 72 33 59 66 80 40 76 73 63 52 74 17 39 58 21 18 30 38 94 8 
779-1-5 1?2.338 = 1 72 33 59 66 80 45 31 36 47 60 91 78 19 42 99 44 53 5 
779-1-14 1?1.938 = 1 23 89 85 92 16 84 62 77 50 68 55 48 54 61 14 
779-2-4 1?2.035 = 2 37 33 59 66 80 45 31 36 47 60 91 78 42 19 4 
779-2-3 1?2.425 = 2 37 33 59 66 80 45 31 36 47 60 91 78 42 19 4 3 
779-1-11 1?2.528 = 1 72 33 59 66 80 40 96 71 34 79 46 28 20 25 64 29 97 65 24 11 
779-1-12 1?2.405 = 1 72 33 59 66 80 40 71 34 79 46 28 20 25 64 29 97 65 56 12 
779-1-13 1?2.2 = 1 23 89 85 28 46 20 25 64 98 97 29 50 68 48 55 41 54 13 
779-2-6 1?2.475 = 2 37 33 59 66 80 45 31 36 47 60 91 78 19 42 53 99 44 6 
779-1-15 1?2.133 = 1 23 89 85 28 46 20 25 64 77 84 16 92 81 15 
779-1-9 1?2.546 = 1 72 33 59 66 80 40 71 96 76 73 63 52 74 17 39 58 21 18 87 9 
779-2-5 1?2.33 = 2 37 33 70 59 66 80 45 31 36 47 60 91 78 42 99 44 53 5 
779-1-10 1?2.551 = 1 23 89 85 92 16 28 46 20 25 64 29 97 98 69 27 51 43 67 86 10 
779-3-4 1?2.319 = 3 31 36 45 80 66 59 33 70 95 71 96 40 91 78 19 4 
779-3-5 1?2.217 = 3 31 36 45 80 66 59 40 71 96 76 91 78 42 53 5 
779-2-14 1?2.323 = 2 37 66 80 40 96 71 34 79 46 28 20 25 64 77 62 84 49 14 
779-2-12 1?2.362 = 2 37 66 80 40 96 71 34 79 46 28 20 25 64 98 29 97 65 56 12 
779-2-13 1?2.211 = 2 37 66 80 40 71 34 79 46 28 20 25 64 29 97 50 68 48 41 13 
779-2-11 1?2.513 = 2 37 31 45 40 96 71 34 79 46 28 20 25 64 29 97 98 65 56 11 
779-2-7 1?2.528 = 2 37 66 80 40 71 96 76 73 63 52 74 17 57 35 75 83 22 7 
779-2-8 1?2.548 = 2 37 31 45 80 40 71 96 76 73 63 52 74 17 57 35 75 94 8 
779-2-15 1?2.246 = 2 37 66 80 40 96 71 34 79 20 46 28 62 84 16 92 81 15 
779-2-9 1?2.634 = 2 37 66 80 45 40 71 96 76 73 63 52 74 17 39 58 21 18 38 30 9 
779-2-10 1?2.561 = 2 37 66 80 40 71 34 79 46 20 25 64 29 97 98 69 27 51 43 67 86 10 
779-3-14 1?2.305 = 3 31 45 80 40 96 71 34 79 46 28 20 25 64 77 62 84 49 14 
779-3-7 1?2.353 = 3 31 45 40 71 96 76 73 63 52 74 17 35 75 83 22 7 
779-3-6 1?2.516 = 3 31 36 45 80 66 59 40 71 96 76 91 78 42 99 44 6 
779-4-5 1?2.034 = 4 60 47 36 31 45 80 66 59 40 91 78 19 42 53 5 
779-3-12 1?2.581 = 3 31 36 45 40 96 71 34 79 46 28 20 25 64 29 97 50 68 48 41 55 12 
779-3-8 1?2.464 = 3 31 45 40 71 96 76 73 63 52 74 17 39 58 21 18 30 38 8 
779-3-11 1?2.612 = 3 31 45 40 96 71 34 79 46 28 20 25 64 29 97 98 69 27 51 43 24 11 
779-3-13 1?2.365 = 3 31 45 80 40 96 71 34 79 46 28 20 25 64 98 97 29 50 68 48 55 41 13 
779-3-15 1?2.211 = 3 31 45 40 71 34 79 46 28 20 25 64 62 84 16 92 81 15 
779-3-9 1?2.597 = 3 31 45 40 71 34 79 46 28 20 25 64 29 97 98 51 43 58 21 87 9 
779-3-10 1?2.507 = 3 31 45 40 71 34 79 46 28 20 25 64 29 97 98 69 27 51 43 67 86 10 
779-4-7 1?2.024 = 4 19 42 99 44 90 73 63 52 74 35 75 83 22 7 
779-5-6 1?2.266 = 5 42 99 44 90 73 63 52 74 17 57 35 75 83 6 
779-4-6 1?2.171 = 4 60 47 36 31 45 80 66 59 40 91 78 42 99 44 6 
779-4-12 1?2.271 = 4 60 47 36 45 40 71 34 79 46 20 25 64 29 97 98 65 56 12 
779-4-14 1?2.434 = 4 60 47 36 45 40 96 71 34 79 46 28 20 25 64 77 62 84 16 49 14 
779-4-11 1?2.412 = 4 60 47 36 45 40 71 34 79 46 28 20 25 64 29 97 98 65 56 11 
779-4-8 1?2.276 = 4 19 42 99 44 90 73 63 52 74 17 39 58 21 18 30 38 94 8 
779-4-13 1?2.411 = 4 60 47 36 45 80 40 96 71 34 79 46 28 20 25 64 98 97 29 50 68 48 41 13 
779-4-9 1?2.377 = 4 19 78 42 53 99 44 90 73 63 52 74 17 39 58 21 18 38 30 9 
779-4-10 1?2.47 = 4 60 47 36 45 40 96 71 34 79 46 28 20 25 69 27 51 43 67 86 10 
779-4-15 1?2.383 = 4 60 47 36 45 40 96 71 34 79 46 28 20 25 64 62 84 16 92 81 15 
779-6-8 1?2.004 = 6 44 90 73 63 52 74 17 39 58 21 18 30 38 94 8 
779-6-7 1?2.037 = 6 44 99 90 73 63 52 74 17 57 35 75 83 22 7 
779-5-7 1?1.964 = 5 42 99 44 90 73 63 52 74 17 35 75 83 22 7 
779-5-8 1?1.929 = 5 53 42 99 44 90 73 63 52 74 17 57 35 75 94 8 
779-5-14 1?2.494 = 5 53 42 78 91 40 96 71 34 79 46 28 20 25 64 77 62 84 49 14 
779-5-11 1?2.496 = 5 42 78 91 40 71 34 79 46 28 20 25 64 29 97 98 65 24 11 
779-5-12 1?2.418 = 5 42 78 91 40 71 34 79 46 28 20 25 64 29 97 98 65 56 12 
779-5-13 1?2.448 = 5 42 78 91 40 96 71 34 79 46 28 20 25 64 29 97 50 68 48 54 13 
779-5-9 1?2.295 = 5 53 42 19 78 99 44 90 73 63 52 74 17 39 58 21 18 87 9 
779-5-10 1?2.401 = 5 53 42 78 99 44 90 73 63 52 74 17 39 58 21 18 87 67 86 10 
779-5-15 1?2.447 = 5 42 78 91 40 71 34 79 46 28 20 25 64 62 84 16 92 81 15 
779-7-8 1?1.777 = 7 22 83 75 35 74 52 17 39 58 21 18 30 38 94 8 
779-6-11 1?2.584 = 6 44 99 76 96 71 34 79 46 20 25 64 29 97 98 65 24 11 
779-6-12 1?2.506 = 6 44 99 76 96 71 34 79 46 20 25 64 29 97 98 65 56 12 
779-6-14 1?2.595 = 6 44 99 76 96 71 34 79 46 28 20 25 64 29 97 50 68 61 14 
779-6-9 1?2.283 = 6 53 42 99 44 90 73 63 52 74 17 39 58 21 18 38 30 9 
779-7-9 1?2.138 = 7 22 83 75 35 57 17 74 52 63 88 39 58 21 18 38 30 9 
779-7-11 1?2.502 = 7 22 83 75 35 57 17 74 52 63 88 27 69 98 29 97 65 24 11 
779-6-13 1?2.472 = 6 44 99 76 79 46 28 20 25 64 98 97 29 50 68 48 41 54 13 
779-7-10 1?2.226 = 7 22 83 75 35 57 17 74 52 88 39 58 21 18 87 67 86 10 
779-6-10 1?2.511 = 6 44 99 90 73 63 52 74 17 39 58 21 18 38 30 9 87 67 86 10 
779-6-15 1?2.522 = 6 90 73 63 88 27 69 98 97 29 64 25 20 46 28 16 92 81 15 
779-8-11 1?2.193 = 8 94 57 17 74 52 63 88 27 69 98 29 97 65 24 11 
779-8-9 1?1.765 = 8 94 57 35 75 74 52 17 39 58 21 87 18 38 30 9 
779-8-10 1?1.913 = 8 94 38 57 35 75 74 52 17 39 58 21 87 67 86 10 
779-8-12 1?2.325 = 8 94 57 17 74 52 88 27 69 25 20 64 98 29 97 65 56 12 
779-8-13 1?2.184 = 8 94 75 35 57 17 74 52 88 27 69 98 97 29 50 68 48 54 13 
779-8-14 1?2.364 = 8 94 35 75 74 52 88 27 69 98 97 29 64 25 20 46 28 16 49 14 
779-7-14 1?2.468 = 7 22 83 75 35 17 74 52 88 27 69 98 97 29 50 68 48 41 54 61 14 
779-7-12 1?2.454 = 7 22 75 35 74 52 88 27 69 25 20 46 28 64 29 97 65 56 12 
779-7-13 1?2.362 = 7 22 83 75 35 57 17 74 52 88 27 69 98 97 29 50 68 48 55 41 13 
779-7-15 1?2.361 = 7 22 83 75 35 74 52 88 69 98 97 29 77 62 84 16 92 81 15 
779-8-15 1?2.398 = 8 94 57 17 74 52 88 27 69 98 97 29 64 25 20 46 28 16 92 81 15 
779-10-13 1?1.896 = 10 86 67 43 51 27 69 25 64 98 29 97 50 68 48 41 13 
779-9-11 1?2.123 = 9 30 18 21 58 39 17 74 52 88 69 27 51 43 24 11 
779-10-11 1?2.185 = 10 86 67 43 51 27 69 25 20 28 64 29 97 98 65 24 11 
779-9-12 1?2.086 = 9 87 21 58 39 17 74 52 63 88 69 27 51 65 56 12 
779-10-12 1?2.095 = 10 86 67 43 51 27 69 25 20 28 64 29 97 65 56 12 
779-9-10 1?1.832 = 9 30 38 57 35 75 74 52 17 39 58 21 87 67 86 10 
779-9-13 1?2.075 = 9 87 21 58 39 17 74 52 88 27 69 98 97 29 50 68 48 41 13 
779-10-14 1?2.157 = 10 86 67 43 51 27 69 98 97 29 64 25 20 46 28 62 77 49 14 
779-9-14 1?2.3 = 9 87 21 58 17 74 52 88 27 69 98 97 29 50 68 48 41 54 61 14 
779-10-15 1?2.104 = 10 86 67 43 51 98 97 29 64 25 20 46 28 62 84 16 92 81 15 
779-9-15 1?2.356 = 9 87 21 58 39 17 74 52 88 27 69 98 97 29 77 62 84 16 92 81 15 
779-11-13 1?1.894 = 11 24 65 98 97 29 64 20 46 28 62 77 68 48 41 13 
779-12-13 1?1.816 = 12 56 65 98 97 29 64 20 46 28 62 77 68 48 41 13 
779-11-12 1?2.113 = 11 24 65 98 97 29 64 25 20 46 28 62 77 68 55 12 
779-13-14 1?1.788 = 13 54 48 68 50 29 97 98 64 25 20 46 28 84 49 14 
779-12-14 1?1.882 = 12 56 65 98 97 29 64 25 20 46 28 62 84 16 49 14 
779-13-15 1?1.728 = 13 41 48 68 50 97 29 64 25 20 46 28 16 92 81 15 
779-14-15 1?1.766 = 14 61 54 48 41 55 68 50 77 62 84 16 85 92 81 15 
779-11-14 1?2.134 = 11 24 65 98 97 29 64 25 20 46 28 62 77 68 48 54 61 14 
779-12-15 1?1.896 = 12 56 65 98 97 29 64 25 20 46 28 62 84 16 92 81 15 
779-11-15 1?2.085 = 11 24 65 98 97 29 64 25 20 46 28 62 77 84 16 92 81 15 
stop
