start
418-0-1 1?1.967 = 0 48 29 55 74 80 86 54 19 92 38 53 56 41 81 1 
418-0-7 1?2.39 = 0 48 29 55 80 74 92 38 75 69 63 73 43 91 57 27 96 46 97 36 7 
418-0-9 1?2.369 = 0 29 55 80 74 92 38 75 69 16 76 33 60 47 65 84 88 79 94 20 99 9 
418-0-2 1?1.906 = 0 48 29 55 74 80 83 86 54 19 56 41 81 85 59 2 
418-0-8 1?2.53 = 0 29 55 74 80 86 54 19 92 38 75 69 63 73 43 91 57 96 46 97 64 8 
418-0-10 1?2.3 = 0 48 29 55 80 74 92 38 75 16 76 33 60 47 65 84 88 79 50 98 10 
418-0-11 1?2.323 = 0 48 29 55 80 74 92 38 75 69 16 76 33 60 47 65 84 88 66 58 11 
418-0-3 1?1.926 = 0 48 29 55 74 80 19 86 54 41 81 85 59 71 3 
418-0-6 1?2.523 = 0 48 55 80 74 92 38 75 69 63 73 43 91 57 27 82 32 18 6 
418-0-4 1?2.294 = 0 29 55 74 80 86 54 19 92 38 75 69 51 40 26 70 21 30 93 4 
418-0-5 1?2.38 = 0 83 54 86 80 55 74 92 38 75 69 51 40 26 70 24 90 37 5 
418-1-3 1?2.177 = 1 54 83 29 55 74 80 86 19 56 41 81 85 59 71 3 
418-1-2 1?2.123 = 1 54 86 83 29 48 55 80 74 19 56 41 81 85 59 2 
418-0-14 1?1.907 = 0 83 54 86 19 80 74 55 48 95 49 39 28 77 14 
418-0-13 1?1.887 = 0 29 55 80 74 92 38 75 16 76 33 87 44 62 42 61 13 
418-1-4 1?2.382 = 1 54 86 80 29 55 74 92 38 75 69 51 40 26 70 21 30 93 4 
418-0-15 1?1.853 = 0 48 29 55 74 80 83 86 54 19 92 38 95 49 23 15 
418-1-5 1?2.567 = 1 54 86 19 92 38 75 69 63 73 43 32 35 89 17 24 90 37 5 
418-1-6 1?2.619 = 1 54 86 19 92 38 75 69 63 73 43 91 57 27 82 32 35 18 6 
418-1-8 1?2.448 = 1 81 41 85 59 26 70 17 89 35 18 32 82 27 57 96 46 97 64 8 
418-1-7 1?2.499 = 1 81 41 85 59 26 40 70 17 89 35 18 32 82 27 57 96 46 36 7 
418-0-12 1?2.206 = 0 83 54 86 80 55 74 92 38 75 16 76 33 87 44 62 42 61 72 12 
418-1-14 1?2.195 = 1 54 86 80 55 74 92 38 75 69 16 76 33 44 62 28 77 14 
418-2-4 1?2.312 = 2 81 41 54 86 19 92 38 53 40 26 70 21 30 93 4 
418-2-3 1?2.327 = 2 81 41 54 83 29 55 74 80 86 19 56 85 59 71 3 
418-2-5 1?2.205 = 2 85 59 26 70 17 89 35 32 82 18 24 90 37 5 
418-1-13 1?2.332 = 1 54 86 80 55 74 92 38 75 69 16 76 33 47 60 87 44 62 42 61 13 
418-1-12 1?2.382 = 1 54 86 80 55 74 92 38 75 69 16 76 33 44 62 39 28 42 61 72 12 
418-2-6 1?2.557 = 2 85 59 26 40 70 17 89 35 18 32 82 27 57 96 97 46 52 6 
418-1-11 1?2.561 = 1 54 86 80 74 55 95 49 39 44 62 87 60 47 65 88 79 50 66 58 11 
418-1-10 1?2.505 = 1 54 86 80 74 55 95 49 39 28 62 44 87 60 47 65 88 79 50 98 10 
418-1-15 1?1.904 = 1 81 41 56 19 54 86 80 74 55 29 48 95 49 23 15 
418-1-9 1?2.509 = 1 54 86 80 55 74 92 38 75 16 76 33 60 47 65 88 79 94 20 99 9 
418-3-4 1?2.172 = 3 71 30 93 21 70 26 40 17 89 35 18 24 90 37 4 
418-2-14 1?2.247 = 2 85 81 41 56 19 54 86 83 80 74 55 29 48 95 49 23 14 
418-3-5 1?2.042 = 3 71 30 93 21 70 26 40 17 89 35 18 24 90 37 5 
418-2-13 1?2.412 = 2 85 81 41 54 86 80 74 55 95 49 28 39 44 62 42 61 72 13 
418-2-11 1?2.573 = 2 81 41 54 86 80 74 55 95 49 39 28 62 44 87 34 68 25 67 11 
418-2-10 1?2.599 = 2 81 41 54 86 19 92 38 75 16 76 33 60 47 65 84 88 79 50 98 10 
418-2-12 1?2.462 = 2 81 41 54 86 80 74 55 29 48 95 49 28 39 44 62 42 61 72 12 
418-2-7 1?2.382 = 2 85 59 26 40 70 17 89 35 32 82 27 57 96 46 97 64 36 7 
418-2-15 1?1.922 = 2 85 81 41 56 19 54 86 83 80 74 55 29 48 23 15 
418-2-8 1?2.572 = 2 85 59 71 93 30 21 90 24 17 89 35 32 82 27 57 96 97 64 8 
418-2-9 1?2.607 = 2 85 59 26 70 17 89 35 32 82 27 57 96 46 97 64 78 22 99 9 
418-3-14 1?2.491 = 3 71 59 85 81 41 54 86 19 80 74 55 29 48 95 49 23 14 
418-4-5 1?2.02 = 4 93 30 21 70 26 40 17 89 35 32 18 24 90 37 5 
418-3-13 1?2.571 = 3 59 85 81 41 54 86 80 55 74 95 49 28 39 44 62 42 61 13 
418-3-6 1?2.204 = 3 71 93 30 21 90 24 17 89 35 32 82 27 96 97 46 52 6 
418-3-11 1?2.59 = 3 71 30 21 24 17 89 35 32 82 27 57 91 31 94 50 66 58 11 
418-3-10 1?2.537 = 3 71 30 21 90 24 17 89 35 32 82 27 57 91 31 94 50 98 10 
418-3-12 1?2.623 = 3 71 59 85 81 41 54 86 80 55 74 95 49 39 28 42 61 72 12 
418-3-7 1?2.064 = 3 71 93 30 21 90 24 17 89 35 32 82 27 57 96 46 97 36 7 
418-3-8 1?2.336 = 3 71 30 21 90 24 17 89 35 18 32 82 27 57 96 46 97 36 64 8 
418-3-15 1?2.4 = 3 71 30 93 21 70 26 40 53 38 92 19 54 86 80 74 55 29 48 15 
418-3-9 1?2.398 = 3 71 93 30 21 90 24 17 89 35 32 82 27 57 96 46 97 64 78 22 9 
418-4-6 1?2.059 = 4 93 30 21 90 24 17 89 35 32 82 27 96 97 46 52 6 
418-5-6 1?1.931 = 5 37 90 24 17 89 35 18 32 82 27 57 96 46 52 6 
418-4-14 1?2.589 = 4 93 30 21 70 26 40 51 69 75 38 92 74 80 55 29 48 95 49 14 
418-4-7 1?1.752 = 4 37 90 24 17 89 35 32 82 27 57 96 46 97 36 7 
418-4-11 1?2.45 = 4 37 90 24 17 89 35 32 82 27 96 57 91 31 94 50 66 58 11 
418-4-10 1?2.43 = 4 37 90 24 17 89 35 32 82 27 57 91 31 94 50 66 58 98 10 
418-4-12 1?2.588 = 4 90 24 17 89 35 32 82 27 57 91 31 79 88 84 65 68 25 12 
418-4-13 1?2.662 = 4 90 24 17 89 35 32 82 27 57 91 43 73 63 16 76 33 44 62 42 13 
418-4-8 1?2.203 = 4 93 30 21 90 24 17 89 35 18 32 82 27 57 96 46 97 36 64 8 
418-4-9 1?2.289 = 4 37 90 24 17 89 35 18 32 82 27 57 96 46 97 64 78 22 99 9 
418-4-15 1?2.327 = 4 93 30 21 70 26 40 51 69 75 38 92 19 54 86 80 74 55 48 15 
418-5-8 1?1.627 = 5 37 90 24 17 89 35 32 82 27 57 96 46 97 64 8 
418-6-8 1?2.017 = 6 5 37 90 24 17 89 35 32 82 27 57 96 46 97 64 8 
418-5-10 1?2.197 = 5 37 90 24 17 89 35 32 82 27 96 57 91 31 94 50 98 10 
418-6-7 1?2.012 = 6 5 37 90 24 17 89 35 32 82 27 57 96 46 97 36 7 
418-5-7 1?1.622 = 5 37 90 24 17 89 35 32 82 27 57 96 46 97 36 7 
418-5-14 1?2.511 = 5 37 90 24 17 89 35 32 43 73 63 16 76 33 44 39 28 77 14 
418-5-13 1?2.542 = 5 37 90 24 17 89 35 32 91 43 73 63 16 76 33 87 44 62 42 13 
418-5-12 1?2.466 = 5 37 90 24 17 89 35 32 82 27 96 57 91 31 84 65 68 25 12 
418-5-11 1?2.423 = 5 37 90 24 17 89 35 18 32 82 27 96 57 91 31 94 50 66 58 11 
418-5-9 1?1.976 = 5 37 90 24 17 89 35 32 82 27 96 46 97 64 78 22 99 9 
418-5-15 1?2.347 = 5 37 90 21 30 93 71 59 85 81 41 54 86 80 74 55 29 48 15 
418-7-8 1?2.202 = 7 36 97 46 96 27 82 18 89 35 32 57 91 31 64 8 
418-7-10 1?2.256 = 7 36 97 46 96 27 57 91 31 84 65 88 79 50 66 58 98 10 
418-7-11 1?2.381 = 7 36 97 46 96 27 57 91 43 73 63 16 76 33 87 34 25 67 11 
418-6-10 1?2.42 = 6 18 89 35 32 82 27 96 57 91 31 94 79 50 66 58 98 10 
418-6-14 1?2.556 = 6 18 32 82 27 57 91 43 73 63 16 76 33 87 62 44 39 28 77 14 
418-7-9 1?2.065 = 7 36 97 46 96 27 57 91 31 79 50 94 20 99 22 78 9 
418-6-13 1?2.531 = 6 18 82 27 57 91 43 73 63 16 76 33 87 62 44 39 28 42 61 13 
418-6-11 1?2.673 = 6 18 89 35 32 82 27 57 96 46 97 64 78 22 99 20 94 50 66 58 11 
418-6-12 1?2.595 = 6 18 89 35 32 82 27 57 91 43 73 63 16 76 33 87 34 25 12 
418-6-9 1?2.366 = 6 5 37 90 24 17 89 35 32 82 27 96 46 97 64 78 22 99 9 
418-6-15 1?2.584 = 6 18 35 32 82 27 57 91 43 73 63 69 75 38 92 74 80 55 29 48 15 
418-8-10 1?2.261 = 8 64 97 46 96 27 57 91 31 84 65 88 79 50 66 58 98 10 
418-8-11 1?2.386 = 8 64 97 46 96 27 57 91 43 73 63 16 76 33 87 34 25 67 11 
418-8-9 1?1.982 = 8 64 97 46 96 27 57 91 43 31 94 20 99 22 78 9 
418-8-12 1?2.365 = 8 78 22 99 20 94 79 88 65 47 60 87 62 44 39 28 42 61 72 12 
418-7-12 1?2.405 = 7 36 97 46 96 27 57 91 43 73 63 16 76 33 87 44 62 61 72 12 
418-7-14 1?2.482 = 7 36 97 46 96 27 57 91 43 73 63 16 76 33 60 87 62 44 39 28 77 14 
418-7-13 1?2.403 = 7 36 97 46 96 27 57 91 43 73 63 16 76 33 87 62 44 39 28 42 13 
418-8-14 1?2.49 = 8 64 97 46 96 27 57 91 43 73 63 16 76 33 60 87 44 62 39 28 77 14 
418-8-13 1?2.408 = 8 64 97 46 96 27 57 91 43 73 63 16 76 33 87 62 44 39 28 42 13 
418-8-15 1?2.327 = 8 64 97 46 27 57 91 43 73 63 69 75 38 92 74 80 55 29 48 15 
418-7-15 1?2.49 = 7 36 64 97 46 96 27 57 91 43 73 63 69 75 38 92 74 80 55 29 48 15 
418-9-10 1?1.968 = 9 78 22 99 20 94 79 88 84 65 68 25 66 58 98 10 
418-9-11 1?2.001 = 9 78 22 99 20 94 50 79 88 84 65 68 25 66 58 11 
418-10-11 1?2.041 = 10 98 58 66 50 79 88 84 65 47 60 87 68 25 67 11 
418-10-13 1?1.845 = 10 98 50 79 88 84 65 47 60 87 62 44 39 28 77 13 
418-9-12 1?1.969 = 9 78 22 99 20 94 50 79 88 84 65 68 25 34 72 12 
418-10-12 1?1.927 = 10 98 50 79 88 84 65 68 34 87 44 62 42 61 72 12 
418-10-14 1?2.18 = 10 98 58 66 50 79 88 84 65 68 25 34 87 44 62 39 28 77 14 
418-9-13 1?2.228 = 9 78 22 99 20 94 50 79 88 84 65 47 60 87 62 44 39 28 42 61 13 
418-9-14 1?2.343 = 9 78 22 99 20 94 50 79 88 84 65 68 25 34 87 62 44 39 28 77 14 
418-10-15 1?2.252 = 10 98 50 79 88 84 65 47 60 33 76 16 75 38 92 74 80 55 29 48 15 
418-9-15 1?2.355 = 9 99 20 94 79 88 65 47 60 87 62 44 39 49 95 74 80 55 29 48 15 
418-13-14 1?2.031 = 13 42 28 39 44 62 87 60 47 16 76 33 45 95 49 23 14 
418-11-14 1?1.909 = 11 58 66 50 79 88 65 47 60 87 62 44 39 28 77 14 
418-12-14 1?2.013 = 12 72 61 42 28 39 44 62 87 60 33 76 45 95 49 23 14 
418-12-13 1?2.015 = 12 25 68 34 87 60 33 16 76 45 44 62 39 28 42 61 13 
418-11-13 1?1.922 = 11 58 66 50 79 88 65 47 60 87 62 44 39 28 77 13 
418-11-12 1?1.952 = 11 58 66 88 84 65 47 60 87 62 44 39 28 42 61 72 12 
418-14-15 1?1.959 = 14 77 28 39 44 62 87 33 76 75 38 92 74 55 48 15 
418-13-15 1?1.911 = 13 42 61 34 87 44 62 28 39 49 95 74 80 55 48 15 
418-12-15 1?1.971 = 12 25 68 34 87 44 62 28 39 49 95 74 80 55 48 15 
418-11-15 1?2.337 = 11 58 66 88 84 65 47 60 87 44 62 28 39 49 95 55 80 29 48 15 
stop
