start
420-0-1 1?2.471 = 0 98 97 55 43 50 42 18 52 89 79 88 62 44 46 1 
420-0-5 1?2.486 = 0 98 55 43 44 62 88 96 80 64 58 63 74 84 60 25 82 51 5 
420-0-4 1?2.418 = 0 98 55 43 50 52 89 79 62 22 77 66 75 17 70 29 85 4 
420-0-9 1?2.417 = 0 98 55 43 50 52 89 79 56 39 31 16 34 72 54 67 76 9 
420-0-2 1?2.296 = 0 98 55 43 50 52 89 79 62 22 77 75 17 70 41 2 
420-0-10 1?2.39 = 0 98 55 43 50 42 18 89 52 79 56 39 31 16 34 72 54 94 10 
420-0-3 1?2.34 = 0 98 55 43 50 42 18 89 52 79 62 22 77 75 17 70 99 3 
420-0-11 1?2.376 = 0 98 55 43 50 42 18 89 52 79 56 19 27 69 39 31 38 21 11 
420-0-7 1?2.512 = 0 98 55 43 44 77 22 49 96 80 64 58 63 74 40 20 26 81 83 7 
420-0-6 1?2.646 = 0 98 55 43 50 42 18 89 52 79 88 96 80 64 58 63 74 84 24 6 
420-0-8 1?2.512 = 0 98 55 43 44 77 22 49 96 80 64 58 73 59 23 30 61 93 90 33 8 
420-0-15 1?2.267 = 0 98 55 43 50 42 18 89 52 79 56 19 68 57 15 
420-0-13 1?2.11 = 0 98 55 43 50 42 18 89 52 79 56 19 27 69 71 13 
420-1-5 1?2.473 = 1 46 97 55 43 44 62 88 96 80 64 63 74 84 60 82 51 5 
420-0-14 1?2.215 = 0 98 97 55 43 50 42 18 89 52 79 56 19 68 14 
420-1-3 1?2.181 = 1 46 97 98 55 43 44 22 77 66 75 17 70 91 99 3 
420-1-2 1?2.324 = 1 46 97 55 43 50 52 89 79 62 22 77 75 17 41 2 
420-1-4 1?2.435 = 1 46 97 55 43 50 52 89 79 62 22 77 75 17 70 29 85 4 
420-0-12 1?2.388 = 0 98 97 55 43 50 52 89 79 56 19 27 69 39 31 38 48 12 
420-1-8 1?2.526 = 1 46 97 55 43 44 77 22 49 96 80 64 58 73 59 30 61 93 90 33 8 
420-1-7 1?2.494 = 1 46 97 55 43 44 22 49 96 80 64 63 74 40 20 26 81 83 7 
420-1-6 1?2.555 = 1 46 97 55 43 50 52 89 79 88 96 80 64 63 74 84 24 6 
420-1-15 1?2.337 = 1 46 97 55 43 50 18 89 52 79 56 19 68 57 15 
420-2-5 1?2.265 = 2 41 17 75 66 49 96 80 64 58 63 74 84 60 82 51 5 
420-1-10 1?2.357 = 1 46 97 55 43 50 52 89 79 56 39 31 16 34 72 54 94 10 
420-1-12 1?2.499 = 1 46 97 55 43 50 42 18 89 52 79 56 19 27 69 39 31 38 48 12 
420-2-4 1?2.542 = 2 41 17 75 66 49 96 80 64 58 63 78 47 86 95 29 85 4 
420-1-9 1?2.406 = 1 46 97 55 43 50 52 89 79 56 39 31 16 34 72 54 76 9 
420-1-13 1?2.4 = 1 46 97 55 43 44 50 42 18 89 52 79 56 19 27 69 71 13 
420-2-3 1?2.505 = 2 41 17 75 66 77 22 49 96 80 78 47 86 65 70 91 99 3 
420-1-11 1?2.579 = 1 46 97 55 43 50 18 89 52 79 56 19 27 69 39 31 38 48 28 21 11 
420-2-6 1?2.364 = 2 91 70 17 75 77 22 49 96 80 64 58 63 74 84 24 6 
420-1-14 1?2.555 = 1 46 97 55 43 44 77 22 62 88 79 89 52 50 18 42 68 14 
420-2-15 1?2.251 = 2 41 70 17 75 66 77 22 62 88 79 52 89 18 42 57 15 
420-3-5 1?2.107 = 3 99 70 17 75 66 65 86 78 47 74 84 60 25 82 51 5 
420-3-4 1?2.3 = 3 99 91 70 17 75 77 22 49 96 80 78 86 65 29 85 4 
420-2-12 1?2.771 = 2 41 17 75 66 77 22 44 50 42 18 52 89 79 56 19 27 69 71 12 
420-2-10 1?2.53 = 2 41 17 75 66 49 96 80 64 58 73 59 61 93 30 23 92 34 72 94 10 
420-2-13 1?2.633 = 2 41 91 70 17 75 66 77 22 62 88 79 52 89 56 19 69 27 13 
420-2-11 1?2.707 = 2 41 91 70 17 75 66 49 96 80 64 58 73 35 92 34 72 54 94 53 11 
420-2-8 1?2.497 = 2 41 17 66 75 77 22 49 96 80 64 58 73 59 23 30 61 93 90 33 8 
420-2-9 1?2.612 = 2 41 17 75 77 22 49 96 80 64 58 73 59 61 93 30 23 67 54 76 9 
420-2-7 1?2.425 = 2 41 17 75 66 49 96 80 64 58 63 74 40 20 26 81 83 37 36 7 
420-2-14 1?2.616 = 2 41 17 75 66 77 22 49 80 96 88 79 52 89 18 42 57 68 14 
420-4-5 1?2.142 = 4 85 29 70 17 75 66 65 86 78 47 84 60 25 82 51 5 
420-3-15 1?2.358 = 3 99 91 70 17 75 66 77 22 62 88 79 52 89 18 42 45 57 15 
420-3-10 1?2.474 = 3 99 91 70 17 75 66 77 22 49 96 80 64 58 73 35 92 72 54 94 10 
420-3-6 1?2.176 = 3 99 70 17 75 77 22 49 96 80 64 63 74 84 24 6 
420-3-12 1?2.728 = 3 99 91 70 17 75 66 77 22 49 80 96 88 79 52 89 56 19 27 69 71 12 
420-3-9 1?2.391 = 3 99 91 70 17 75 66 49 96 80 64 58 73 59 23 30 61 93 67 76 9 
420-3-11 1?2.61 = 3 99 91 70 17 75 66 49 96 80 64 58 73 35 16 34 72 54 94 53 11 
420-3-8 1?2.317 = 3 99 91 70 17 75 66 49 96 80 64 58 73 59 23 30 61 93 90 33 8 
420-3-13 1?2.741 = 3 99 91 70 17 75 77 22 44 50 42 18 89 52 79 56 19 69 27 13 
420-3-7 1?2.316 = 3 99 91 70 17 75 66 49 96 80 64 58 73 59 30 93 61 32 37 7 
420-3-14 1?2.591 = 3 99 91 41 70 17 75 66 77 22 62 88 79 89 52 50 18 42 68 14 
420-4-15 1?2.638 = 4 85 29 70 17 75 66 77 22 62 79 52 89 18 42 50 43 45 57 15 
420-4-6 1?2.037 = 4 87 51 82 25 60 84 24 20 40 32 37 83 81 26 6 
420-5-6 1?1.718 = 5 51 82 25 60 84 24 20 40 32 36 37 83 81 26 6 
420-4-12 1?2.658 = 4 85 29 70 17 75 66 49 80 96 88 62 79 52 89 56 19 27 69 71 12 
420-4-9 1?2.401 = 4 85 29 70 17 75 66 49 96 80 64 58 73 59 23 30 61 93 67 9 
420-4-10 1?2.488 = 4 85 29 70 17 75 66 49 96 80 64 58 73 35 92 16 34 72 54 94 10 
420-4-8 1?2.272 = 4 85 29 70 17 75 66 49 96 80 64 58 73 59 30 61 93 90 33 8 
420-4-13 1?2.601 = 4 85 29 70 17 75 66 77 22 62 79 52 89 56 19 27 69 71 13 
420-4-11 1?2.631 = 4 85 29 70 17 75 66 49 96 80 64 58 73 35 92 34 72 54 94 53 11 
420-4-7 1?2.294 = 4 85 29 70 17 75 66 49 96 80 64 58 63 74 20 81 83 7 
420-4-14 1?2.653 = 4 85 29 70 17 75 77 22 49 80 96 88 79 89 52 50 18 42 68 14 
420-5-8 1?1.653 = 5 51 82 25 60 84 24 26 81 83 37 32 90 33 8 
420-6-8 1?1.859 = 6 25 82 51 87 60 24 26 81 83 37 32 90 33 8 
420-5-15 1?2.477 = 5 51 82 25 60 84 74 63 58 64 80 96 88 79 52 89 18 42 57 15 
420-5-7 1?1.763 = 5 51 82 25 60 84 24 26 81 83 20 40 32 37 36 7 
420-6-7 1?1.786 = 6 25 82 51 87 60 84 24 20 40 32 37 83 81 26 7 
420-5-9 1?2.185 = 5 51 82 25 60 84 20 40 61 93 30 23 92 34 72 54 76 9 
420-5-10 1?2.272 = 5 51 82 25 60 84 24 20 40 61 93 30 23 92 16 34 72 54 94 10 
420-5-13 1?2.545 = 5 51 82 25 60 84 24 20 40 61 93 30 23 92 16 31 39 69 27 13 
420-5-11 1?2.503 = 5 51 82 25 60 84 24 20 40 61 93 30 23 92 16 34 72 54 94 53 11 
420-5-12 1?2.595 = 5 51 82 25 60 84 24 20 40 61 93 30 23 92 16 31 39 69 27 71 12 
420-5-14 1?2.468 = 5 51 82 60 84 74 63 58 64 80 96 88 79 52 89 18 42 68 14 
420-7-10 1?1.806 = 7 83 81 26 20 40 61 93 30 23 92 34 72 54 94 10 
420-7-8 1?1.957 = 7 83 81 26 24 84 74 63 58 73 59 61 93 90 33 8 
420-7-9 1?1.855 = 7 83 81 26 20 40 61 93 30 23 92 34 72 54 76 9 
420-6-9 1?1.995 = 6 26 81 83 37 36 33 90 93 61 30 23 67 54 76 9 
420-6-15 1?2.624 = 6 25 60 24 84 74 63 58 64 80 96 88 62 79 52 89 18 42 57 15 
420-7-11 1?2.349 = 7 26 81 83 37 36 33 90 93 61 30 23 92 16 34 72 54 94 53 11 
420-6-10 1?2.362 = 6 26 81 83 37 32 61 93 30 23 59 73 35 92 16 34 72 54 94 10 
420-6-12 1?2.597 = 6 26 81 83 37 32 90 93 61 30 23 92 34 16 31 39 69 27 71 12 
420-6-11 1?2.575 = 6 26 81 83 37 36 33 90 93 61 30 23 59 73 35 92 72 54 94 53 11 
420-6-13 1?2.652 = 6 26 81 83 37 32 90 93 61 30 23 92 34 16 31 39 69 27 19 13 
420-6-14 1?2.675 = 6 25 60 24 84 74 63 58 64 80 96 88 62 79 52 89 18 42 68 14 
420-8-10 1?1.849 = 8 33 90 93 61 30 23 59 73 35 92 34 72 54 94 10 
420-8-11 1?1.984 = 8 33 90 93 61 30 23 59 73 35 92 72 54 94 53 11 
420-8-9 1?1.898 = 8 33 90 93 61 30 23 59 73 35 92 34 72 54 76 9 
420-8-12 1?2.294 = 8 33 90 93 61 30 23 59 73 35 92 34 16 31 39 38 48 12 
420-8-15 1?2.404 = 8 33 90 93 61 30 23 59 73 58 64 80 96 88 79 52 89 18 42 57 15 
420-7-15 1?2.502 = 7 37 83 81 26 20 40 74 63 58 64 80 96 88 79 52 89 18 42 57 15 
420-7-12 1?2.489 = 7 37 83 81 26 20 40 61 93 30 23 67 54 72 34 16 31 38 48 12 
420-8-13 1?2.576 = 8 33 90 93 61 30 23 59 73 58 64 80 96 88 79 52 89 56 19 13 
420-8-14 1?2.402 = 8 33 90 93 61 30 23 59 58 64 80 96 88 79 52 89 18 42 68 14 
420-7-13 1?2.65 = 7 37 83 81 26 20 40 61 93 30 23 67 54 72 34 16 31 39 69 27 13 
420-7-14 1?2.545 = 7 37 32 61 93 30 23 59 73 58 64 80 96 88 79 52 89 18 42 68 14 
420-9-10 1?1.921 = 9 76 67 23 30 93 61 59 73 35 92 34 72 54 94 10 
420-10-13 1?2.1 = 10 94 54 72 34 16 31 39 56 79 52 89 19 13 
420-10-12 1?1.976 = 10 53 94 54 72 34 16 31 39 56 19 27 69 71 12 
420-10-11 1?1.948 = 10 94 54 72 34 16 31 39 19 27 69 48 38 28 21 11 
420-9-11 1?1.997 = 9 76 54 72 34 16 31 39 19 27 69 48 38 28 21 11 
420-9-12 1?2.242 = 9 76 54 72 34 16 31 39 56 79 52 89 19 27 69 71 12 
420-10-14 1?1.986 = 10 94 72 34 16 31 39 56 79 52 89 18 42 68 14 
420-10-15 1?2.255 = 10 94 54 72 34 16 31 39 69 27 19 56 79 52 89 18 42 57 15 
420-9-15 1?2.485 = 9 76 54 72 34 16 31 39 69 27 19 56 79 89 52 50 18 42 57 15 
420-9-13 1?2.638 = 9 76 54 72 34 16 92 23 30 93 61 59 73 35 31 39 69 27 19 13 
420-9-14 1?2.471 = 9 76 67 54 72 34 16 31 39 69 27 19 56 79 52 89 18 42 68 14 
420-12-13 1?2.236 = 12 48 38 28 21 53 94 54 72 34 16 31 39 69 27 13 
420-11-13 1?2.179 = 11 53 94 54 72 34 16 31 39 56 19 27 69 71 13 
420-11-12 1?2.028 = 11 53 94 54 72 34 16 31 39 56 19 27 69 71 12 
420-14-15 1?2.242 = 14 68 42 18 89 52 79 50 44 43 55 97 98 57 15 
420-12-15 1?2.126 = 12 71 69 27 19 56 79 52 89 18 42 50 43 55 98 15 
420-13-15 1?2.277 = 13 71 69 27 19 56 79 52 89 18 42 50 43 55 98 15 
420-12-14 1?2.074 = 12 48 38 31 39 69 27 19 56 79 52 89 18 42 68 14 
420-13-14 1?2.25 = 13 19 27 69 39 56 79 89 52 50 18 42 57 68 14 
420-11-15 1?2.257 = 11 21 28 48 38 31 39 69 27 19 56 79 52 89 18 42 45 57 15 
420-11-14 1?2.055 = 11 21 28 48 69 27 19 56 79 89 52 50 18 42 68 14 
stop
