start
641-0-2 1?1.991 = 0 76 23 80 32 51 53 43 61 47 94 86 55 68 2 
641-0-3 1?1.853 = 0 76 21 23 80 32 51 52 53 43 61 47 94 86 55 3 
641-0-1 1?2.038 = 0 76 21 16 38 82 41 61 43 53 52 51 32 80 26 1 
641-0-5 1?2.215 = 0 76 21 23 80 32 51 52 53 43 61 65 49 95 54 30 29 97 39 5 
641-0-4 1?2.261 = 0 76 23 80 32 51 52 53 43 61 65 49 95 47 94 54 30 29 18 4 
641-0-7 1?2.396 = 0 76 23 80 32 51 52 53 43 61 65 49 88 27 66 28 40 57 72 93 7 
641-0-8 1?2.545 = 0 76 23 80 32 51 52 53 38 82 92 75 17 35 40 57 19 78 8 
641-0-6 1?2.37 = 0 76 23 80 32 51 52 53 43 61 65 49 95 54 30 29 97 39 90 6 
641-0-10 1?2.651 = 0 76 23 80 32 51 52 38 82 92 75 17 35 50 78 81 62 84 10 
641-0-9 1?2.54 = 0 76 23 80 32 51 52 38 82 92 75 17 35 50 78 81 62 24 9 
641-0-11 1?2.728 = 0 76 21 23 80 32 51 52 38 82 92 70 56 36 48 22 87 96 71 69 25 11 
641-1-3 1?1.762 = 1 26 80 32 51 52 53 43 61 47 54 94 86 55 3 
641-0-14 1?2.046 = 0 83 73 79 89 36 48 87 22 74 64 60 44 85 34 14 
641-0-13 1?1.907 = 0 76 83 63 44 85 60 36 48 22 87 96 71 42 31 13 
641-1-4 1?1.697 = 1 26 80 32 51 52 53 43 61 47 95 54 30 29 18 4 
641-1-2 1?1.786 = 1 26 80 32 51 52 53 43 61 47 94 86 55 68 2 
641-0-15 1?2.111 = 0 76 83 73 79 89 36 48 87 22 74 64 60 85 44 63 15 
641-1-5 1?2.106 = 1 26 80 32 51 52 38 82 41 43 61 47 95 54 30 29 97 39 5 
641-1-6 1?2.369 = 1 26 80 32 51 52 53 38 82 41 43 47 94 54 30 29 97 39 90 6 
641-0-12 1?2.284 = 0 76 23 21 73 79 44 85 60 36 48 22 87 96 37 71 69 33 12 
641-1-8 1?2.586 = 1 26 80 32 51 52 53 38 82 92 75 17 35 27 66 28 40 57 19 50 78 8 
641-1-7 1?2.454 = 1 26 80 32 51 52 53 38 82 92 70 91 17 75 27 66 28 40 57 72 93 7 
641-1-15 1?2.046 = 1 26 80 32 51 52 53 41 82 38 16 79 60 85 44 63 15 
641-2-3 1?1.942 = 2 80 32 51 52 38 82 41 43 61 47 94 86 55 3 
641-2-4 1?1.947 = 2 26 80 32 51 52 53 43 61 47 95 54 30 29 18 4 
641-2-5 1?2.223 = 2 68 51 80 32 52 53 43 61 47 94 18 30 54 29 97 39 5 
641-1-14 1?2.114 = 1 26 80 32 51 52 38 82 92 70 91 56 89 60 85 34 14 
641-1-10 1?2.538 = 1 26 80 32 51 43 61 65 49 88 27 66 40 19 78 81 62 84 10 
641-2-6 1?2.493 = 2 80 32 51 52 38 82 41 43 61 47 94 54 30 29 97 39 90 6 
641-1-13 1?2.164 = 1 26 80 32 23 21 73 44 85 60 48 22 87 96 71 42 31 13 
641-1-9 1?2.523 = 1 26 80 32 51 52 53 38 82 92 75 17 35 40 57 19 78 81 62 24 9 
641-1-12 1?2.239 = 1 26 80 32 23 21 73 44 85 60 36 48 22 87 96 71 69 33 12 
641-1-11 1?2.441 = 1 26 80 32 51 52 53 38 82 92 70 56 36 48 22 87 96 71 69 25 11 
641-2-15 1?2.31 = 2 68 43 53 52 51 32 80 23 21 73 79 44 60 85 63 15 
641-3-5 1?1.85 = 3 55 86 94 47 43 61 65 49 95 54 30 29 97 39 5 
641-3-4 1?2.048 = 3 55 86 94 18 29 30 54 95 99 77 58 90 39 97 4 
641-2-10 1?2.476 = 2 68 43 61 65 49 88 27 66 28 40 57 19 50 78 81 62 84 10 
641-2-7 1?2.445 = 2 68 55 86 94 18 29 30 54 95 65 49 88 27 66 28 40 57 72 93 7 
641-2-11 1?2.51 = 2 68 51 32 80 23 21 73 79 89 36 48 22 87 96 71 69 25 11 
641-2-9 1?2.581 = 2 68 43 61 65 49 88 27 66 28 40 57 19 50 78 81 62 84 67 24 9 
641-2-12 1?2.492 = 2 68 51 32 80 23 21 73 44 85 60 48 22 87 96 71 69 33 12 
641-2-14 1?2.498 = 2 68 43 41 82 38 53 52 51 32 80 23 21 73 79 44 85 34 14 
641-2-13 1?2.481 = 2 68 51 32 80 23 21 73 44 85 60 48 22 87 96 71 42 31 13 
641-2-8 1?2.681 = 2 68 55 86 94 18 29 30 54 95 65 49 88 27 66 28 40 57 19 50 78 8 
641-3-15 1?2.38 = 3 55 86 94 47 61 43 53 52 51 32 80 23 21 73 44 85 63 15 
641-4-5 1?1.919 = 4 18 30 54 94 47 95 65 49 99 77 58 90 39 97 5 
641-3-6 1?2.278 = 3 55 86 94 18 29 30 54 95 65 49 88 27 66 28 40 57 72 93 6 
641-3-7 1?2.299 = 3 55 86 47 94 18 29 30 54 95 65 49 88 27 66 28 40 57 72 93 7 
641-3-9 1?2.412 = 3 55 86 94 47 95 65 49 88 27 66 28 40 57 19 78 81 62 67 24 9 
641-3-8 1?2.465 = 3 55 86 94 47 54 30 29 97 39 90 58 72 57 40 19 50 78 8 
641-3-14 1?2.435 = 3 55 86 94 47 61 43 53 52 51 32 80 23 21 73 44 85 60 34 14 
641-3-10 1?2.455 = 3 55 86 94 47 95 65 49 88 27 66 28 40 57 19 50 78 81 62 84 10 
641-3-13 1?2.533 = 3 55 86 94 47 61 43 41 82 92 70 91 56 36 48 22 87 42 31 13 
641-3-12 1?2.755 = 3 55 68 51 32 80 23 21 73 44 85 60 36 48 22 87 96 71 69 33 12 
641-3-11 1?2.758 = 3 55 86 43 41 38 82 92 70 91 56 36 48 22 87 96 37 71 69 25 11 
641-4-7 1?1.926 = 4 18 30 54 95 65 49 88 27 35 66 28 40 57 72 93 7 
641-5-6 1?1.938 = 5 39 97 29 30 54 94 47 95 65 49 99 77 58 90 6 
641-4-6 1?2.028 = 4 18 30 54 95 65 49 88 27 35 66 28 40 57 72 93 6 
641-4-15 1?2.505 = 4 18 30 54 94 47 61 43 53 52 51 80 32 23 21 73 44 85 63 15 
641-4-8 1?2.323 = 4 18 29 30 54 94 47 95 65 49 88 27 66 28 40 57 19 50 78 8 
641-4-9 1?2.351 = 4 18 29 30 54 95 65 49 88 27 66 40 57 19 50 78 81 62 67 24 9 
641-4-12 1?2.581 = 4 18 94 47 61 41 38 82 92 70 91 56 36 48 22 87 96 71 69 33 12 
641-4-13 1?2.57 = 4 18 94 47 61 41 38 82 92 70 91 56 36 48 22 87 96 71 42 31 13 
641-4-10 1?2.495 = 4 18 29 30 54 95 65 49 88 27 66 28 40 57 19 50 78 81 62 67 84 10 
641-4-11 1?2.637 = 4 18 30 54 95 65 49 75 17 91 70 56 36 48 22 87 96 71 69 25 11 
641-4-14 1?2.54 = 4 29 30 54 94 47 61 43 53 52 51 32 80 23 21 73 79 44 85 34 14 
641-6-7 1?2.113 = 6 90 39 97 29 30 54 95 49 88 27 66 40 57 72 93 7 
641-5-7 1?1.861 = 5 97 29 30 54 95 65 49 88 27 66 28 40 57 72 93 7 
641-5-8 1?2.008 = 5 39 97 29 30 54 95 65 49 88 27 66 28 40 57 45 8 
641-6-8 1?2.22 = 6 58 77 28 40 57 19 50 78 81 62 84 67 24 8 
641-5-15 1?2.489 = 5 39 97 29 30 54 95 47 61 43 53 52 51 80 32 23 21 73 63 15 
641-5-9 1?2.227 = 5 39 97 29 30 54 95 65 49 88 27 66 28 40 57 19 50 78 24 9 
641-5-10 1?2.38 = 5 39 97 29 30 54 95 49 88 27 66 28 40 57 19 78 81 62 84 10 
641-5-12 1?2.507 = 5 39 97 29 30 54 95 49 75 17 91 56 36 48 22 87 96 71 33 12 
641-5-13 1?2.5 = 5 39 97 29 30 54 95 49 75 17 92 70 56 36 48 22 87 42 31 13 
641-5-11 1?2.605 = 5 39 97 29 30 54 95 65 92 70 56 36 48 22 87 96 71 69 25 11 
641-5-14 1?2.508 = 5 39 97 29 30 54 95 61 43 53 52 51 32 80 23 21 73 44 85 34 14 
641-6-9 1?1.945 = 6 58 77 28 40 57 19 50 78 81 62 84 67 24 9 
641-7-9 1?1.811 = 7 45 93 72 57 40 19 50 78 81 62 84 67 24 9 
641-7-8 1?2.086 = 7 45 93 72 57 40 19 50 78 81 62 84 67 24 8 
641-6-15 1?2.607 = 6 90 39 97 29 30 54 94 47 61 43 53 52 51 80 32 23 21 83 15 
641-7-10 1?2.457 = 7 93 72 58 77 99 88 27 66 28 40 57 19 50 78 81 62 84 10 
641-6-10 1?2.412 = 6 90 58 77 99 88 27 66 28 40 57 19 50 78 81 62 67 84 10 
641-7-11 1?2.561 = 7 93 72 57 40 28 66 35 17 75 92 70 56 91 59 20 46 25 11 
641-6-11 1?2.681 = 6 58 77 27 17 75 92 70 91 56 36 48 22 87 96 71 69 25 11 
641-6-12 1?2.575 = 6 93 72 57 40 66 27 17 75 92 70 56 36 48 22 87 96 71 33 12 
641-6-13 1?2.555 = 6 93 72 57 40 28 66 27 75 17 91 70 56 36 48 22 87 42 31 13 
641-6-14 1?2.696 = 6 90 39 97 29 30 54 94 47 61 43 41 82 38 16 79 44 85 34 14 
641-8-9 1?1.885 = 8 45 93 72 57 40 19 50 78 81 62 84 67 24 9 
641-8-10 1?2.522 = 8 45 19 40 57 72 28 66 27 35 50 78 81 62 67 84 10 
641-8-12 1?2.518 = 8 45 57 40 28 66 27 17 75 92 70 91 59 37 96 71 33 12 
641-8-15 1?2.654 = 8 78 50 19 57 40 28 66 35 17 75 92 70 56 89 60 85 44 63 15 
641-8-11 1?2.601 = 8 78 50 19 57 40 35 17 75 92 70 56 91 59 20 46 11 
641-7-15 1?2.756 = 7 93 72 57 40 28 66 27 35 17 75 92 70 91 56 89 79 60 85 44 63 15 
641-8-13 1?2.541 = 8 78 50 19 57 40 35 17 75 92 70 56 36 48 22 87 42 13 
641-7-13 1?2.44 = 7 93 72 57 40 28 66 27 17 75 92 70 56 36 48 22 87 42 31 13 
641-7-12 1?2.433 = 7 93 72 57 40 35 17 75 92 70 56 36 48 22 87 96 71 33 12 
641-8-14 1?2.577 = 8 78 19 57 40 28 66 27 17 75 92 70 56 89 60 44 85 34 14 
641-7-14 1?2.487 = 7 93 72 57 40 28 66 27 17 75 92 70 91 56 89 60 44 85 34 14 
641-9-10 1?2.298 = 9 24 78 50 19 57 40 28 66 35 98 81 62 67 84 10 
641-10-13 1?2.155 = 10 46 69 71 96 87 22 48 36 60 85 34 64 74 31 13 
641-9-12 1?2.221 = 9 24 62 81 98 20 37 36 48 22 87 96 71 42 33 12 
641-9-11 1?2.33 = 9 24 62 81 98 20 37 36 48 22 87 96 71 33 25 11 
641-10-12 1?2.38 = 10 46 69 71 96 87 22 48 36 60 64 74 31 42 33 12 
641-10-11 1?2.521 = 10 46 20 37 71 96 87 22 48 64 74 31 42 33 25 11 
641-10-15 1?2.497 = 10 84 67 24 62 81 98 20 37 96 87 22 48 36 60 85 44 63 15 
641-10-14 1?2.375 = 10 84 67 62 81 98 20 37 96 87 22 48 36 60 44 85 34 14 
641-9-15 1?2.593 = 9 24 67 62 81 98 20 37 71 96 87 22 48 36 60 44 85 34 63 15 
641-9-14 1?2.354 = 9 24 67 62 81 98 20 37 71 96 87 22 48 36 60 44 85 34 14 
641-9-13 1?2.432 = 9 24 62 81 98 20 37 96 87 22 48 36 60 85 34 64 74 31 13 
641-13-14 1?1.773 = 13 31 74 64 48 22 87 96 71 37 36 60 44 85 34 14 
641-11-13 1?1.839 = 11 25 69 71 96 87 22 48 36 60 85 34 64 74 31 13 
641-12-13 1?1.718 = 12 33 71 96 87 22 48 36 60 44 85 34 64 74 31 13 
641-12-14 1?1.856 = 12 33 69 71 96 87 22 48 36 60 44 85 34 64 74 14 
641-14-15 1?1.955 = 14 34 64 74 31 42 22 87 96 37 48 60 85 44 63 15 
641-13-15 1?1.819 = 13 31 42 33 71 96 87 22 48 36 60 34 85 44 63 15 
641-11-12 1?2.13 = 11 25 69 71 96 87 22 48 60 85 34 64 74 31 42 12 
641-12-15 1?2.186 = 12 33 69 71 96 37 36 48 22 87 42 31 74 64 60 85 44 63 15 
641-11-14 1?2.248 = 11 25 69 71 96 87 48 22 42 31 74 64 60 85 44 63 34 14 
641-11-15 1?2.799 = 11 25 69 71 96 87 22 48 74 64 34 60 85 44 79 73 21 76 83 15 
stop
