start
200-0-1 1?2.18 = 0 47 18 20 43 55 84 46 59 82 68 94 21 99 1 
200-0-2 1?1.845 = 0 47 18 21 94 68 84 55 43 56 46 59 82 33 2 
200-0-3 1?1.977 = 0 47 18 21 94 68 84 55 43 56 46 59 82 33 3 
200-0-4 1?2.338 = 0 47 18 21 94 68 82 33 59 46 84 55 43 56 76 91 16 4 
200-0-5 1?2.403 = 0 47 99 21 94 68 82 33 59 46 84 55 43 56 76 91 34 93 19 5 
200-0-6 1?2.56 = 0 47 18 21 94 68 82 59 46 84 55 43 56 76 91 34 93 97 38 6 
200-0-7 1?2.577 = 0 61 48 78 49 50 17 65 45 83 77 22 96 41 58 36 79 60 23 37 7 
200-0-8 1?2.566 = 0 61 48 78 49 50 17 65 26 83 22 77 85 79 60 23 37 28 62 72 8 
200-0-9 1?2.601 = 0 47 18 61 48 49 78 26 65 50 17 45 83 22 77 85 67 70 53 35 9 
200-0-10 1?2.433 = 0 47 18 48 49 78 26 50 17 65 45 83 22 77 85 67 70 53 75 42 10 
200-0-11 1?2.418 = 0 47 18 61 48 49 78 26 65 50 17 29 80 57 31 86 73 92 11 
200-0-12 1?1.854 = 0 47 18 48 49 78 26 65 50 17 29 88 86 73 92 12 
200-0-13 1?1.896 = 0 47 18 48 49 78 26 65 50 17 29 88 31 80 57 13 
200-0-14 1?2.026 = 0 61 48 49 78 26 65 50 17 29 88 31 57 80 95 14 
200-0-15 1?2.138 = 0 47 18 21 94 68 84 55 43 25 20 48 24 27 63 15 
200-1-2 1?1.923 = 1 99 18 21 94 68 84 55 43 56 46 59 82 33 2 
200-1-3 1?2.06 = 1 99 21 94 43 55 84 68 82 33 59 46 81 54 64 3 
200-1-4 1?2.13 = 1 99 21 94 68 82 33 59 46 54 81 91 34 19 16 4 
200-1-5 1?2.282 = 1 99 21 94 68 82 33 59 46 84 55 43 56 76 91 34 93 19 5 
200-1-6 1?2.478 = 1 99 21 94 68 82 59 46 84 55 43 56 76 91 34 93 19 97 38 6 
200-1-7 1?2.523 = 1 99 21 94 68 84 55 43 56 74 69 89 66 36 79 60 23 37 7 
200-1-8 1?2.481 = 1 99 21 94 84 55 43 56 74 69 89 66 60 23 37 28 62 72 8 
200-1-9 1?2.624 = 1 99 21 94 68 84 55 43 56 74 69 89 66 36 79 67 70 53 35 9 
200-1-10 1?2.449 = 1 99 21 20 78 49 50 17 65 45 83 22 77 85 67 70 53 75 42 10 
200-1-11 1?2.442 = 1 99 21 18 61 48 20 78 49 26 65 50 17 29 88 86 73 92 11 
200-1-12 1?2.358 = 1 99 18 61 48 49 78 26 65 50 17 29 80 57 31 88 86 73 92 12 
200-1-13 1?2.279 = 1 99 94 21 18 61 48 49 78 26 65 50 17 29 88 31 80 57 13 
200-1-14 1?2.121 = 1 99 21 20 78 26 65 50 17 29 88 31 57 80 95 14 
200-1-15 1?2.114 = 1 99 21 94 68 84 55 43 56 25 20 48 24 27 63 15 
200-2-3 1?1.903 = 2 33 82 68 84 55 43 56 74 44 76 91 81 54 64 3 
200-2-4 1?1.847 = 2 33 82 59 46 84 55 43 56 76 91 34 93 19 16 4 
200-2-5 1?1.955 = 2 33 82 59 46 55 43 56 74 44 76 91 34 93 19 5 
200-2-6 1?1.935 = 2 33 82 68 84 55 43 56 76 91 34 93 19 97 38 6 
200-2-7 1?2.378 = 2 33 82 59 46 84 55 43 56 74 69 89 66 36 79 60 23 37 7 
200-2-8 1?2.377 = 2 33 82 59 46 84 55 43 56 74 44 69 89 66 23 28 62 72 8 
200-2-9 1?2.479 = 2 33 82 59 46 84 55 43 56 74 69 89 66 36 79 67 70 53 35 9 
200-2-10 1?2.417 = 2 33 82 59 46 84 55 43 56 74 69 89 66 36 79 67 70 53 75 42 10 
200-2-11 1?2.443 = 2 33 82 59 46 84 55 43 25 52 78 26 65 50 17 29 88 86 73 92 11 
200-2-12 1?2.315 = 2 33 82 59 46 84 55 43 25 52 78 49 26 65 50 17 29 88 86 73 92 12 
200-2-13 1?2.098 = 2 33 82 68 84 55 43 25 52 78 49 26 65 50 17 29 80 57 13 
200-2-14 1?2.002 = 2 33 82 59 46 84 55 43 25 52 26 65 50 17 95 14 
200-2-15 1?1.934 = 2 33 82 59 46 84 55 43 25 52 78 49 24 27 63 15 
200-3-4 1?1.979 = 3 33 82 59 46 84 55 43 56 76 91 34 93 19 16 4 
200-3-5 1?2.04 = 3 64 54 46 84 55 43 56 74 44 76 91 34 93 19 5 
200-3-6 1?2.036 = 3 59 46 84 55 43 56 76 91 34 93 19 97 30 38 6 
200-3-7 1?2.51 = 3 33 82 59 46 84 55 43 56 74 69 89 66 36 79 60 23 37 7 
200-3-8 1?2.46 = 3 64 54 81 91 76 44 74 69 89 66 36 79 67 70 53 35 90 62 72 8 
200-3-9 1?2.589 = 3 64 54 81 91 76 44 74 69 89 66 36 79 60 23 37 28 72 62 9 
200-3-10 1?2.645 = 3 64 54 46 84 55 43 56 76 44 74 69 89 66 36 79 67 70 53 75 42 10 
200-3-11 1?2.538 = 3 64 54 81 91 76 44 74 69 89 66 36 79 67 70 53 75 42 39 51 11 
200-3-12 1?2.46 = 3 33 82 68 84 55 43 25 52 78 49 26 65 50 17 29 31 88 86 73 92 12 
200-3-13 1?2.46 = 3 64 54 81 46 84 55 43 25 52 78 49 50 65 17 29 88 31 80 57 13 
200-3-14 1?2.494 = 3 59 46 84 55 43 25 52 78 49 50 65 17 29 88 31 57 80 95 14 
200-3-15 1?2.44 = 3 33 82 59 46 84 55 43 25 52 78 26 65 17 50 49 48 27 63 15 
200-4-5 1?2.223 = 4 16 81 54 46 84 55 43 56 74 44 76 34 93 19 5 
200-4-6 1?2.158 = 4 81 54 46 84 55 43 56 74 69 89 30 97 38 6 
200-4-7 1?2.207 = 4 54 81 91 76 44 74 69 89 66 36 79 60 23 37 7 
200-4-8 1?2.379 = 4 16 34 91 76 44 74 69 89 66 36 79 60 23 37 28 62 72 8 
200-4-9 1?2.59 = 4 16 19 93 34 91 76 44 74 69 89 66 36 79 67 70 71 53 35 90 9 
200-4-10 1?2.69 = 4 81 54 46 84 55 43 56 74 44 69 89 66 36 79 67 70 53 75 42 10 
200-4-11 1?2.584 = 4 16 19 93 34 91 76 44 74 69 89 66 36 79 67 70 53 75 42 39 11 
200-4-12 1?2.435 = 4 81 54 46 84 55 43 25 52 78 49 50 65 17 29 88 86 73 92 12 
200-4-13 1?2.648 = 4 16 19 93 34 44 74 69 89 66 58 41 96 22 77 83 26 65 50 17 29 80 57 13 
200-4-14 1?2.61 = 4 54 46 84 55 43 25 52 78 26 65 50 17 29 88 31 57 80 95 14 
200-4-15 1?2.582 = 4 16 91 76 56 43 55 84 46 59 82 68 94 21 18 61 27 63 15 
200-5-6 1?2.306 = 5 19 93 34 91 76 44 74 69 89 66 60 23 32 30 38 6 
200-5-7 1?2.17 = 5 19 93 34 91 76 44 74 69 89 66 36 79 60 23 37 7 
200-5-8 1?2.011 = 5 19 93 34 44 74 69 89 66 60 23 37 28 62 72 8 
200-5-9 1?2.504 = 5 19 93 34 91 76 44 74 69 89 66 36 79 67 70 53 75 35 90 9 
200-5-10 1?2.317 = 5 19 93 34 91 76 44 74 69 89 66 36 79 67 70 71 53 75 42 10 
200-5-11 1?2.486 = 5 19 93 34 91 76 44 69 89 66 36 79 67 70 53 75 42 39 51 11 
200-5-12 1?2.512 = 5 19 93 44 74 58 41 96 22 77 83 26 65 50 17 29 31 88 86 73 92 12 
200-5-13 1?2.557 = 5 19 93 34 44 69 89 66 36 58 41 96 22 77 83 26 65 50 17 29 80 57 13 
200-5-14 1?2.555 = 5 19 93 34 44 74 69 89 66 36 58 41 96 22 77 83 26 65 50 17 95 14 
200-5-15 1?2.59 = 5 19 93 34 91 76 56 43 55 84 46 59 82 68 94 21 18 61 63 15 
200-6-7 1?2.206 = 6 38 97 19 93 34 44 74 69 89 66 36 60 23 37 7 
200-6-8 1?2.022 = 6 38 97 30 89 69 66 36 60 23 37 28 62 72 8 
200-6-9 1?2.223 = 6 38 30 97 44 74 69 89 66 36 79 67 70 53 35 9 
200-6-10 1?2.044 = 6 38 97 30 89 69 66 36 79 67 70 71 53 75 42 10 
200-6-11 1?2.485 = 6 38 30 97 44 74 69 89 66 36 79 67 70 71 53 75 39 51 11 
200-6-12 1?2.404 = 6 38 97 89 69 58 41 96 22 77 83 26 65 50 17 29 88 86 73 92 12 
200-6-13 1?2.446 = 6 38 97 89 69 58 41 96 22 77 83 26 65 50 17 29 88 31 80 57 13 
200-6-14 1?2.622 = 6 38 30 89 69 58 41 96 22 77 83 26 65 50 17 29 88 31 57 80 95 14 
200-6-15 1?2.585 = 6 38 97 89 69 58 41 96 22 77 83 45 65 17 50 26 78 49 48 27 63 15 
200-7-8 1?2.122 = 7 37 23 60 66 36 79 67 70 71 53 35 90 62 72 8 
200-7-9 1?2.354 = 7 37 23 60 66 89 69 58 36 79 67 70 53 35 90 9 
200-7-10 1?2.182 = 7 37 23 60 66 89 69 58 36 79 67 70 53 75 42 10 
200-7-11 1?2.453 = 7 37 23 60 79 85 77 22 83 26 65 50 17 29 88 86 73 92 11 
200-7-12 1?2.315 = 7 37 23 60 36 41 96 22 77 83 26 65 50 17 29 88 86 73 92 12 
200-7-13 1?2.412 = 7 37 23 60 36 58 41 96 22 77 83 26 65 50 17 29 88 31 80 57 13 
200-7-14 1?2.626 = 7 37 23 60 79 36 58 41 96 22 77 83 26 65 50 17 29 88 31 80 57 14 
200-7-15 1?2.546 = 7 37 23 60 79 36 58 41 96 22 77 83 45 65 17 50 26 78 49 24 27 63 15 
200-8-9 1?2.046 = 8 72 62 28 37 23 60 36 79 67 70 53 75 42 9 
200-8-10 1?1.84 = 8 72 62 28 37 23 60 36 79 67 70 53 75 42 10 
200-8-11 1?1.992 = 8 72 62 28 37 23 60 36 79 67 70 53 75 39 11 
200-8-12 1?2.344 = 8 72 62 28 37 23 60 79 36 41 96 22 77 83 45 88 86 73 92 12 
200-8-13 1?2.339 = 8 72 62 90 35 53 71 75 42 39 51 92 73 86 88 31 80 57 13 
200-8-14 1?2.502 = 8 72 62 90 98 67 85 77 22 83 26 65 50 17 29 88 31 57 80 95 14 
200-8-15 1?2.505 = 8 72 62 28 98 70 67 85 77 22 83 45 65 17 50 26 78 49 24 27 63 15 
200-9-10 1?2.081 = 9 62 72 28 37 23 60 36 79 67 70 53 75 42 10 
200-9-11 1?2.233 = 9 62 72 28 37 23 60 36 79 67 70 53 75 39 11 
200-9-12 1?2.226 = 9 35 70 67 85 77 22 83 26 65 50 17 29 31 88 86 73 92 12 
200-9-13 1?2.277 = 9 35 53 70 67 85 77 22 83 26 65 50 17 29 88 31 80 57 13 
200-9-14 1?2.491 = 9 35 53 70 67 85 77 22 83 26 65 50 17 29 88 31 57 80 95 14 
200-9-15 1?2.515 = 9 90 98 67 79 36 41 96 22 77 83 45 65 17 50 26 78 49 24 27 63 15 
200-10-11 1?2.138 = 10 42 75 53 70 67 85 77 22 83 45 88 86 73 92 11 
200-10-12 1?1.953 = 10 42 75 53 70 67 85 77 22 83 45 88 86 73 92 12 
200-10-13 1?1.885 = 10 42 75 53 71 39 51 92 73 86 88 31 80 57 13 
200-10-14 1?2.344 = 10 42 75 53 70 67 85 77 22 83 26 50 17 29 88 31 80 57 14 
200-10-15 1?2.371 = 10 42 75 53 70 67 85 77 22 83 26 65 17 50 49 78 48 24 27 63 15 
200-11-12 1?1.958 = 11 51 87 40 77 22 83 26 65 50 17 29 88 86 73 92 12 
200-11-13 1?2 = 11 51 87 40 77 22 83 26 65 50 17 29 88 31 80 57 13 
200-11-14 1?2.372 = 11 51 87 40 45 83 77 22 26 65 50 17 29 88 31 57 80 95 14 
200-11-15 1?2.361 = 11 92 73 86 88 31 29 17 50 65 26 49 78 20 48 61 27 63 15 
200-12-13 1?1.934 = 12 92 73 86 31 88 87 40 77 22 83 45 29 80 57 13 
200-12-14 1?1.981 = 12 92 73 86 88 31 29 17 50 65 26 78 48 24 95 14 
200-12-15 1?1.799 = 12 92 73 86 88 31 29 17 50 65 26 78 49 24 27 63 15 
200-13-14 1?2.041 = 13 57 80 31 88 29 17 50 65 26 78 20 48 24 95 14 
200-13-15 1?1.89 = 13 57 80 31 88 29 17 50 65 26 78 20 48 27 63 15 
200-14-15 1?1.964 = 14 95 80 57 31 88 29 17 50 65 26 78 49 24 27 63 15 
stop
