start
814-0-3 1?1.974 = 0 21 77 73 16 72 50 82 98 53 54 32 61 48 99 3 
814-0-2 1?2.024 = 0 21 77 73 16 72 50 82 98 53 54 32 61 69 26 42 2 
814-0-1 1?2.078 = 0 21 77 73 16 72 50 82 98 43 53 32 61 69 26 81 1 
814-0-5 1?2.391 = 0 21 77 73 16 72 24 51 26 69 61 32 53 54 56 33 66 18 40 5 
814-0-6 1?2.546 = 0 21 77 73 16 72 50 82 98 55 22 60 25 76 52 62 92 74 35 68 6 
814-0-7 1?2.552 = 0 21 77 73 16 72 50 82 98 43 55 22 76 45 90 46 17 64 89 44 34 7 
814-0-11 1?2.474 = 0 21 77 73 16 72 94 27 93 28 63 37 80 65 59 20 39 19 97 11 
814-0-8 1?2.486 = 0 21 77 73 16 72 50 82 98 43 55 60 25 76 52 45 90 46 17 64 91 38 8 
814-0-10 1?2.545 = 0 21 77 73 16 72 50 82 98 55 22 76 45 46 95 78 36 83 86 71 10 
814-0-9 1?2.542 = 0 21 77 73 16 72 50 82 98 55 22 52 45 90 46 17 64 91 38 96 9 
814-0-4 1?1.874 = 0 21 77 73 16 72 50 58 32 53 54 56 33 18 66 4 
814-1-3 1?1.995 = 1 81 26 69 51 24 77 73 16 72 50 58 61 48 29 99 3 
814-0-14 1?1.908 = 0 21 77 73 16 72 50 94 27 93 28 63 37 80 70 87 14 
814-1-2 1?2.113 = 1 81 26 69 51 24 77 73 16 72 50 58 61 48 29 99 2 
814-0-15 1?1.882 = 0 21 77 73 16 72 50 94 27 93 28 63 37 67 85 41 15 
814-0-13 1?2.333 = 0 21 75 77 73 16 72 94 27 93 28 63 37 80 57 70 87 13 
814-1-4 1?1.904 = 1 81 24 51 26 69 61 32 53 54 56 33 18 40 66 4 
814-1-5 1?2.376 = 1 81 77 73 16 72 50 82 98 43 53 32 54 56 33 18 66 40 5 
814-1-7 1?2.559 = 1 81 26 69 51 58 98 55 60 25 76 45 90 46 17 64 89 44 34 7 
814-1-6 1?2.443 = 1 81 26 69 61 32 53 54 56 33 66 18 40 79 31 74 35 68 6 
814-0-12 1?2.542 = 0 21 77 73 16 72 50 27 94 67 63 28 37 80 65 59 39 20 47 12 
814-1-8 1?2.477 = 1 81 26 69 51 58 98 55 22 60 25 76 52 45 90 46 17 64 91 38 8 
814-1-14 1?2.141 = 1 81 26 69 51 24 77 73 16 94 27 93 28 63 37 80 57 14 
814-1-15 1?2.094 = 1 81 26 69 51 24 77 73 16 94 27 93 28 63 67 85 41 15 
814-1-13 1?2.242 = 1 81 26 69 51 24 77 73 16 94 27 93 28 63 37 80 70 87 13 
814-2-3 1?1.929 = 2 42 26 69 51 58 82 98 43 53 54 32 48 29 99 3 
814-2-4 1?1.901 = 2 42 26 69 51 58 98 43 53 32 54 56 33 18 66 4 
814-2-5 1?2.399 = 2 42 26 51 58 82 98 43 30 53 32 54 56 33 66 18 40 5 
814-2-6 1?2.367 = 2 42 26 69 61 32 53 54 56 33 66 18 40 79 31 74 35 68 6 
814-1-10 1?2.572 = 1 81 51 58 98 43 55 60 25 76 45 90 46 95 78 36 83 86 71 10 
814-1-9 1?2.562 = 1 81 26 69 61 32 54 53 30 52 45 90 46 17 64 91 38 96 9 
814-1-11 1?2.646 = 1 81 51 58 98 55 22 76 45 90 46 95 78 36 83 71 86 19 97 11 
814-1-12 1?2.5 = 1 81 26 69 51 24 77 73 16 72 94 27 93 28 63 37 80 65 59 47 12 
814-2-15 1?2.128 = 2 42 26 69 51 24 77 73 16 94 27 93 28 63 37 67 85 41 15 
814-3-5 1?1.92 = 3 99 29 48 61 32 53 54 56 33 66 18 40 79 5 
814-2-13 1?2.464 = 2 42 26 69 51 24 77 73 16 72 94 27 93 28 63 37 80 57 70 87 13 
814-2-14 1?2.345 = 2 42 26 69 51 24 73 77 16 72 50 94 27 93 28 63 37 80 70 87 14 
814-3-4 1?1.977 = 3 99 29 42 26 51 69 61 32 53 54 56 33 18 66 4 
814-2-8 1?2.269 = 2 42 26 69 58 98 55 22 60 25 76 45 90 46 17 64 91 38 8 
814-2-7 1?2.483 = 2 42 26 69 51 58 98 55 60 25 76 45 90 46 17 64 89 44 34 7 
814-2-10 1?2.477 = 2 42 26 69 51 58 98 55 22 76 45 90 46 95 78 36 83 86 71 10 
814-2-9 1?2.559 = 2 42 26 69 51 58 98 43 55 60 25 76 45 90 46 17 64 91 38 96 9 
814-2-11 1?2.576 = 2 42 26 69 51 58 82 98 43 55 60 25 49 36 83 71 86 19 97 11 
814-2-12 1?2.529 = 2 42 26 69 51 24 77 73 16 72 50 94 27 93 28 63 37 80 65 59 47 12 
814-4-5 1?2.191 = 4 66 18 33 56 54 32 53 43 98 55 30 31 79 5 
814-3-15 1?2.347 = 3 99 29 48 61 69 26 51 24 77 73 16 72 50 94 27 67 85 41 15 
814-3-13 1?2.468 = 3 99 29 48 32 54 53 98 55 23 88 28 63 37 80 70 87 13 
814-3-14 1?2.395 = 3 99 29 48 32 54 53 43 98 55 23 88 28 63 37 80 57 14 
814-3-7 1?2.361 = 3 99 29 48 32 54 53 43 55 22 60 25 76 52 62 44 34 7 
814-3-6 1?2.184 = 3 99 29 48 32 53 54 56 33 18 40 79 31 74 35 68 6 
814-3-8 1?2.26 = 3 99 29 48 61 32 54 53 30 22 76 45 90 46 17 64 91 38 8 
814-3-10 1?2.415 = 3 99 29 48 32 54 53 98 55 22 60 25 49 36 83 86 71 10 
814-3-9 1?2.459 = 3 99 29 48 61 32 54 53 30 52 45 90 46 17 64 91 38 96 9 
814-3-11 1?2.575 = 3 99 29 48 32 54 53 43 98 55 22 60 25 49 36 83 86 71 11 
814-3-12 1?2.621 = 3 99 29 48 32 54 53 43 98 55 23 88 28 63 37 80 65 47 12 
814-4-7 1?2.141 = 4 66 18 40 79 31 74 92 62 45 90 46 17 64 89 7 
814-5-6 1?2.19 = 5 79 31 74 92 62 45 90 46 17 64 89 44 34 35 68 6 
814-4-6 1?2.106 = 4 66 18 33 56 54 32 53 98 43 30 74 35 68 6 
814-4-13 1?2.486 = 4 66 33 56 54 32 53 43 98 55 23 88 28 63 37 80 70 87 13 
814-4-15 1?2.344 = 4 66 18 33 56 54 32 53 43 98 82 50 72 16 73 77 21 75 41 15 
814-4-14 1?2.432 = 4 66 18 33 56 54 32 53 43 98 55 23 88 28 63 37 80 57 14 
814-4-8 1?2.224 = 4 66 18 33 56 54 32 53 30 22 76 45 90 46 17 64 91 38 8 
814-4-10 1?2.359 = 4 66 18 33 56 54 32 53 30 22 60 25 49 36 83 86 71 10 
814-4-9 1?2.478 = 4 66 18 33 56 54 32 53 30 22 76 45 90 46 17 64 91 38 96 9 
814-4-11 1?2.537 = 4 66 18 40 79 31 74 92 62 45 90 46 17 95 78 36 83 86 19 97 11 
814-4-12 1?2.585 = 4 66 18 33 56 54 32 53 43 55 23 88 28 63 37 80 65 47 12 
814-5-8 1?1.982 = 5 79 31 74 92 62 52 45 90 46 17 64 91 38 96 8 
814-6-8 1?2.075 = 6 68 35 34 44 62 52 45 90 46 17 64 89 38 91 96 8 
814-5-7 1?2.112 = 5 79 31 74 92 62 52 45 90 46 17 64 89 44 34 7 
814-6-7 1?1.946 = 6 68 35 74 92 62 45 90 46 17 91 38 89 44 34 7 
814-5-13 1?2.616 = 5 40 18 33 56 54 32 53 43 55 23 88 28 63 37 80 70 87 13 
814-5-15 1?2.5 = 5 40 18 33 56 54 32 53 43 98 82 50 72 16 73 77 21 75 41 15 
814-5-10 1?2.373 = 5 79 31 74 92 44 89 38 91 64 17 46 95 78 36 83 86 71 10 
814-5-14 1?2.588 = 5 40 18 33 56 54 32 53 43 98 55 23 88 28 63 37 80 57 14 
814-5-9 1?2.579 = 5 40 18 33 56 54 32 53 30 52 45 90 46 17 64 91 38 96 9 
814-5-11 1?2.55 = 5 79 31 74 92 34 44 89 38 91 64 17 46 95 78 36 83 71 86 11 
814-5-12 1?2.683 = 5 79 31 74 92 62 45 90 46 17 95 78 36 83 86 19 39 20 47 12 
814-7-8 1?2.235 = 7 34 44 62 45 52 76 22 60 25 90 46 17 64 38 8 
814-7-9 1?2.162 = 7 34 35 74 92 62 52 45 90 46 17 64 91 38 96 9 
814-7-10 1?1.815 = 7 34 44 89 38 91 64 17 46 95 78 36 83 86 71 10 
814-6-13 1?2.591 = 6 68 35 92 62 17 46 90 45 52 76 25 60 23 88 28 63 37 80 13 
814-6-15 1?2.492 = 6 68 35 74 92 62 52 76 25 60 23 88 28 63 27 94 67 85 41 15 
814-6-14 1?2.591 = 6 68 35 74 92 62 52 76 25 60 23 88 93 28 63 37 80 70 87 14 
814-6-9 1?2.519 = 6 68 35 34 44 89 38 91 64 17 46 90 45 76 25 60 49 78 95 9 
814-6-10 1?2.187 = 6 68 35 34 44 89 38 91 64 17 45 90 46 95 78 36 83 86 71 10 
814-7-11 1?2.393 = 7 34 44 89 38 91 64 17 45 90 46 95 78 36 84 19 83 71 86 97 11 
814-6-11 1?2.362 = 6 68 35 34 44 89 38 91 64 17 45 90 46 95 78 36 83 71 86 97 11 
814-6-12 1?2.562 = 6 68 35 74 92 62 45 17 46 95 78 36 83 71 86 19 39 20 47 12 
814-8-9 1?2.007 = 8 38 91 64 17 46 90 45 52 76 25 60 49 78 95 9 
814-8-10 1?1.691 = 8 96 38 91 64 17 45 90 46 95 78 36 83 86 71 10 
814-8-11 1?1.757 = 8 38 91 64 17 45 90 46 95 78 36 83 71 86 97 11 
814-7-13 1?2.47 = 7 89 38 91 64 17 46 90 45 76 25 60 23 88 28 63 37 80 13 
814-8-13 1?2.282 = 8 38 91 64 17 46 90 45 52 76 25 60 23 88 28 63 37 80 13 
814-7-14 1?2.55 = 7 34 44 89 64 17 46 90 45 52 76 25 60 23 88 28 63 37 80 57 14 
814-7-15 1?2.517 = 7 34 44 89 64 17 46 90 45 52 76 25 60 23 88 28 93 27 94 85 41 15 
814-8-14 1?2.401 = 8 38 91 64 17 46 90 45 52 76 25 60 23 88 28 63 37 80 70 57 14 
814-8-15 1?2.41 = 8 96 38 91 64 17 46 90 45 52 76 25 60 23 88 28 63 27 94 85 41 15 
814-7-12 1?2.408 = 7 44 89 38 91 64 17 46 95 78 36 83 71 86 19 39 20 47 12 
814-8-12 1?2.294 = 8 38 91 64 17 45 90 46 95 78 36 83 71 86 19 97 39 20 47 12 
814-9-10 1?1.836 = 9 96 38 91 64 17 45 90 46 95 78 36 83 86 71 10 
814-9-11 1?1.953 = 9 96 38 91 64 17 45 90 46 95 78 36 83 71 86 11 
814-9-13 1?2.394 = 9 96 91 64 17 46 90 45 76 25 60 23 88 28 63 37 80 13 
814-10-11 1?2.214 = 10 71 86 83 36 78 95 46 90 45 76 25 49 84 19 97 11 
814-10-13 1?2.434 = 10 71 86 83 36 49 90 45 76 25 60 23 88 28 63 37 80 13 
814-9-14 1?2.401 = 9 96 38 91 64 17 46 90 45 76 25 60 23 88 28 63 67 57 14 
814-10-12 1?2.131 = 10 71 86 83 36 78 95 46 17 45 90 49 39 20 47 12 
814-9-15 1?2.425 = 9 96 38 91 64 17 46 90 45 76 25 60 23 88 28 63 67 85 41 15 
814-9-12 1?2.171 = 9 96 38 91 95 78 36 83 71 86 19 97 39 20 47 12 
814-10-14 1?2.44 = 10 71 86 83 36 78 95 46 45 76 25 60 23 88 28 63 67 57 14 
814-10-15 1?2.422 = 10 71 86 83 36 78 95 46 45 76 25 60 23 88 93 27 94 85 41 15 
814-11-14 1?2.084 = 11 97 19 86 71 83 84 39 20 47 59 65 80 70 87 14 
814-13-14 1?2.367 = 13 80 37 63 28 93 27 94 16 73 77 21 75 85 57 14 
814-12-14 1?2.261 = 12 47 20 39 59 37 63 28 93 27 94 67 80 70 87 14 
814-14-15 1?2.001 = 14 57 67 63 28 93 27 94 16 72 73 77 21 75 41 15 
814-11-13 1?2.096 = 11 97 19 86 71 83 84 39 20 47 59 65 80 70 87 13 
814-12-13 1?2.273 = 12 47 20 39 59 37 63 28 93 27 94 67 80 70 87 13 
814-12-15 1?2.235 = 12 47 65 80 37 63 28 93 27 94 16 73 77 21 75 41 15 
814-13-15 1?2.102 = 13 87 70 80 37 63 28 93 27 94 72 16 73 77 75 41 15 
814-11-15 1?2.354 = 11 86 71 83 36 49 25 60 23 88 28 63 93 27 94 85 41 15 
814-11-12 1?2.248 = 11 86 71 83 36 78 95 46 17 45 90 49 39 20 47 12 
stop
