start
756-0-3 1?1.866 = 0 92 16 95 89 74 34 19 77 17 60 59 84 37 63 79 3 
756-0-2 1?2.062 = 0 92 16 95 89 74 34 19 77 17 60 37 63 79 27 53 2 
756-0-4 1?2.282 = 0 92 16 95 89 74 34 19 77 17 60 43 57 44 59 84 37 63 41 4 
756-0-6 1?2.356 = 0 92 16 95 89 74 34 19 77 17 60 43 57 44 91 48 78 67 69 76 6 
756-0-1 1?2.258 = 0 92 16 95 89 74 34 19 17 43 57 44 60 77 26 23 66 1 
756-0-5 1?2.544 = 0 92 16 95 89 52 35 26 77 17 60 43 57 44 59 84 37 41 20 5 
756-0-8 1?2.66 = 0 92 95 89 74 34 19 77 17 60 43 57 44 91 98 64 97 90 83 55 8 
756-0-7 1?2.439 = 0 92 95 89 74 34 19 77 17 60 43 57 44 91 48 70 45 62 78 67 33 7 
756-0-10 1?2.552 = 0 92 16 95 89 40 80 49 86 85 99 61 21 58 31 38 73 29 87 22 51 10 
756-0-9 1?2.574 = 0 92 95 89 74 34 19 77 17 60 43 57 98 64 97 38 31 73 29 87 22 39 9 
756-0-11 1?2.726 = 0 92 16 95 89 74 34 19 77 17 60 43 57 98 64 47 21 32 36 18 11 
756-1-3 1?1.796 = 1 66 23 26 77 17 60 43 57 44 59 84 37 63 79 3 
756-0-13 1?2.193 = 0 92 95 89 16 93 24 25 68 88 46 30 81 94 75 50 13 
756-1-2 1?1.999 = 1 66 23 26 19 77 17 60 59 84 37 63 79 27 53 2 
756-0-14 1?2.355 = 0 92 52 35 26 77 60 17 19 34 74 89 16 93 24 25 14 
756-1-4 1?1.95 = 1 66 23 26 19 77 17 60 43 57 44 59 84 37 41 4 
756-1-5 1?2.355 = 1 66 23 26 77 17 60 43 57 44 91 48 70 45 62 78 71 5 
756-0-15 1?2.283 = 0 92 52 35 26 77 60 17 19 34 74 89 95 16 93 24 15 
756-1-6 1?2.306 = 1 66 23 26 19 17 77 60 43 57 44 91 48 70 45 62 78 67 69 76 6 
756-1-8 1?2.574 = 1 66 23 26 77 17 60 43 57 98 64 47 58 31 73 38 90 83 55 8 
756-0-12 1?2.629 = 0 92 16 95 89 74 80 40 93 24 25 68 88 46 81 30 94 50 75 65 12 
756-1-7 1?2.503 = 1 66 23 35 26 19 77 17 60 43 57 44 91 82 48 70 45 62 78 67 33 7 
756-2-3 1?1.782 = 2 53 23 26 77 17 60 43 44 59 84 37 63 79 3 
756-2-6 1?2.093 = 2 53 23 26 77 17 60 43 57 44 91 48 78 67 76 69 6 
756-1-14 1?2.421 = 1 66 23 26 77 60 17 19 34 74 89 95 16 93 24 25 68 88 14 
756-1-13 1?2.57 = 1 66 23 26 77 60 17 19 34 74 89 95 16 93 24 25 68 88 46 81 13 
756-2-4 1?1.896 = 2 53 23 26 77 17 60 43 57 44 59 84 37 41 4 
756-2-5 1?2.242 = 2 53 27 79 63 37 84 59 60 17 43 57 44 91 82 71 5 
756-1-10 1?2.481 = 1 66 23 26 19 77 17 60 43 57 98 64 97 38 31 73 29 87 22 51 10 
756-1-9 1?2.464 = 1 66 23 26 77 17 60 43 44 57 98 64 47 58 38 73 29 87 22 39 9 
756-1-15 1?2.126 = 1 66 23 26 77 60 17 19 34 74 89 95 16 93 24 25 15 
756-1-12 1?2.614 = 1 66 23 26 35 52 89 95 16 93 24 25 68 88 30 46 81 94 75 50 12 
756-1-11 1?2.64 = 1 66 23 26 77 17 60 43 57 44 91 98 64 47 28 21 32 36 18 11 
756-3-5 1?1.928 = 3 79 63 37 84 59 60 77 17 43 57 44 91 82 71 5 
756-2-14 1?2.381 = 2 53 27 79 63 37 60 17 77 19 34 74 89 95 16 93 24 25 14 
756-3-4 1?1.95 = 3 79 63 37 84 59 60 77 17 43 57 44 91 82 20 4 
756-2-13 1?2.574 = 2 53 23 26 77 60 17 19 34 74 89 95 16 93 24 25 68 88 46 81 13 
756-2-7 1?2.34 = 2 27 53 23 26 77 17 60 43 57 44 91 48 70 45 62 78 67 33 7 
756-2-8 1?2.578 = 2 53 23 26 77 17 60 43 57 98 64 47 58 31 73 38 90 83 55 8 
756-2-10 1?2.555 = 2 53 23 26 77 17 60 43 44 57 98 64 47 58 38 73 29 87 22 51 10 
756-2-9 1?2.471 = 2 53 23 26 19 77 17 60 43 57 98 64 47 58 31 38 73 29 87 22 39 9 
756-2-15 1?2.13 = 2 53 23 26 77 60 17 19 34 74 89 95 16 93 24 25 15 
756-2-12 1?2.535 = 2 53 23 26 19 77 17 60 44 57 43 72 85 99 42 65 75 50 12 
756-2-11 1?2.613 = 2 53 27 79 63 37 84 59 44 57 43 72 56 28 21 32 36 18 11 
756-3-6 1?1.799 = 3 79 63 37 84 59 44 57 91 48 78 67 69 76 6 
756-4-5 1?2.024 = 4 41 37 84 59 60 77 17 43 57 44 91 82 71 5 
756-3-8 1?2.27 = 3 79 63 37 84 59 44 57 98 64 47 58 31 73 38 90 83 8 
756-3-7 1?2.117 = 3 79 63 37 84 59 60 17 43 57 44 91 48 45 62 78 67 33 7 
756-3-13 1?2.396 = 3 79 63 37 60 17 77 19 34 74 89 95 16 93 24 25 68 88 46 81 13 
756-3-14 1?2.288 = 3 79 63 37 84 60 17 77 19 26 35 52 74 89 95 16 93 24 25 14 
756-3-10 1?2.352 = 3 79 63 37 84 59 44 43 57 98 64 47 58 31 38 73 29 87 22 51 10 
756-3-9 1?2.265 = 3 79 63 37 84 59 44 43 57 98 64 47 58 31 38 73 29 87 22 39 9 
756-3-15 1?2.153 = 3 79 63 37 84 59 44 57 43 60 17 77 19 34 74 89 95 16 93 15 
756-3-12 1?2.566 = 3 79 63 37 84 59 44 57 43 56 98 64 47 21 61 42 65 75 50 12 
756-3-11 1?2.587 = 3 79 63 37 84 60 77 17 43 57 44 91 98 64 47 28 21 32 36 18 11 
756-4-6 1?1.94 = 4 41 37 84 59 82 48 70 45 62 78 67 69 76 6 
756-5-6 1?2.054 = 5 20 84 59 44 91 48 70 45 62 78 67 33 69 76 6 
756-4-8 1?2.242 = 4 20 82 48 64 98 47 58 31 73 38 90 83 55 8 
756-4-7 1?2.023 = 4 41 37 84 59 44 57 91 48 70 45 62 78 67 33 7 
756-4-9 1?2.24 = 4 41 37 84 59 44 57 98 64 47 58 38 73 29 87 22 39 9 
756-4-13 1?2.579 = 4 41 37 84 60 17 77 19 34 74 89 95 16 93 24 25 68 88 46 81 13 
756-4-10 1?2.448 = 4 41 37 84 59 44 43 57 98 64 47 58 31 38 73 29 87 22 51 10 
756-4-14 1?2.457 = 4 41 37 84 59 44 57 43 17 77 19 34 74 89 95 16 93 24 25 14 
756-4-15 1?2.368 = 4 41 37 84 59 44 57 43 60 17 77 19 26 35 52 89 95 16 93 15 
756-4-12 1?2.719 = 4 41 37 60 77 17 43 57 44 91 98 64 47 21 61 42 65 75 50 12 
756-4-11 1?2.681 = 4 41 84 59 60 77 17 43 57 44 91 98 64 47 28 21 32 36 18 11 
756-5-8 1?2.151 = 5 71 67 78 62 45 70 97 38 31 73 54 90 83 55 8 
756-6-7 1?2.149 = 6 69 76 67 78 62 45 70 97 38 31 73 54 90 83 7 
756-5-7 1?2.14 = 5 20 84 59 44 43 57 91 48 70 45 62 78 67 33 7 
756-6-8 1?1.898 = 6 76 67 78 62 45 70 97 38 31 73 54 90 83 55 8 
756-5-9 1?2.14 = 5 71 67 78 45 70 64 98 47 58 38 31 73 29 87 22 39 9 
756-5-10 1?2.329 = 5 71 67 33 78 62 45 70 64 98 47 58 31 38 73 29 87 22 51 10 
756-5-13 1?2.732 = 5 20 84 59 60 17 77 26 35 52 89 95 16 93 24 25 68 88 46 81 13 
756-5-14 1?2.624 = 5 20 59 44 57 43 60 17 77 19 26 35 52 74 89 95 16 93 24 25 14 
756-5-12 1?2.61 = 5 71 67 78 62 45 70 48 64 98 47 28 21 61 42 65 75 50 12 
756-5-15 1?2.559 = 5 20 84 59 44 57 43 60 17 77 19 26 35 52 89 95 16 93 24 25 15 
756-5-11 1?2.634 = 5 71 67 78 62 45 70 64 98 47 58 31 38 73 29 87 22 96 18 11 
756-6-9 1?1.704 = 6 69 76 67 78 62 83 90 38 31 73 29 87 22 39 9 
756-7-9 1?1.771 = 7 33 67 78 62 45 70 97 58 31 38 73 29 87 22 39 9 
756-7-8 1?2.029 = 7 33 67 78 62 45 70 97 38 31 73 29 54 90 83 55 8 
756-7-10 1?2.04 = 7 33 67 78 62 45 70 64 98 47 58 38 31 73 29 87 22 51 10 
756-6-10 1?1.988 = 6 76 69 67 78 45 70 64 98 47 58 31 73 29 87 22 51 10 
756-6-14 1?2.557 = 6 69 76 71 82 91 44 57 43 60 17 77 19 34 74 89 16 93 24 25 14 
756-6-13 1?2.551 = 6 76 69 67 33 78 62 45 70 48 64 98 47 21 61 42 65 75 50 94 13 
756-7-11 1?2.416 = 7 33 67 78 62 45 70 64 98 47 58 31 38 73 29 87 22 96 18 11 
756-6-12 1?2.315 = 6 76 69 33 67 78 62 45 70 64 98 47 28 21 61 42 65 75 50 12 
756-6-15 1?2.486 = 6 76 69 33 67 78 48 91 44 57 43 60 17 77 19 34 74 89 95 16 93 15 
756-6-11 1?2.438 = 6 76 69 67 78 62 45 70 64 98 47 58 31 38 73 29 87 22 96 18 11 
756-8-9 1?2.029 = 8 55 83 90 54 73 38 31 58 32 96 22 87 29 39 9 
756-8-10 1?1.91 = 8 55 83 90 54 39 22 87 29 73 38 31 32 96 51 10 
756-8-11 1?1.901 = 8 55 83 90 54 38 31 73 29 87 39 22 51 96 18 11 
756-7-13 1?2.518 = 7 33 67 78 62 45 70 48 64 98 47 28 21 61 42 65 75 50 94 13 
756-8-13 1?2.376 = 8 55 83 90 54 73 38 31 58 21 61 42 65 75 50 94 30 46 81 13 
756-8-14 1?2.438 = 8 55 83 90 38 73 31 58 21 61 42 65 75 50 94 30 46 81 14 
756-7-14 1?2.653 = 7 33 67 78 48 91 44 57 43 60 17 77 19 34 74 89 95 16 93 24 25 14 
756-8-12 1?2.254 = 8 55 83 90 54 29 73 38 31 58 47 28 21 61 42 65 75 50 12 
756-7-12 1?2.458 = 7 69 76 67 78 62 45 70 64 98 47 28 21 61 42 65 75 50 12 
756-8-15 1?2.56 = 8 55 83 90 54 73 38 31 58 47 28 99 85 86 49 40 93 24 25 15 
756-7-15 1?2.496 = 7 33 67 78 62 45 48 91 44 57 43 60 17 77 19 34 74 89 95 16 93 15 
756-9-10 1?1.828 = 9 39 22 87 29 73 38 31 58 21 61 32 36 96 51 10 
756-10-13 1?1.923 = 10 51 22 87 29 73 31 38 58 21 61 42 65 75 50 94 13 
756-10-11 1?1.841 = 10 51 22 87 29 54 83 90 38 73 31 58 32 36 18 11 
756-10-12 1?1.929 = 10 51 22 87 29 73 38 31 58 47 28 61 42 65 75 50 12 
756-9-13 1?2.035 = 9 39 22 87 29 73 38 31 58 47 28 21 61 42 65 75 50 94 13 
756-9-11 1?1.719 = 9 39 22 87 29 73 38 31 58 47 28 21 32 36 18 11 
756-10-14 1?2.332 = 10 22 87 29 73 38 31 58 21 61 42 65 75 50 94 30 46 81 14 
756-9-12 1?1.909 = 9 39 22 87 29 73 38 31 58 47 28 21 61 42 65 75 50 12 
756-9-14 1?2.248 = 9 39 22 87 29 73 38 31 58 21 61 42 65 75 50 94 81 46 88 14 
756-10-15 1?2.488 = 10 51 22 87 29 73 38 31 58 47 28 99 85 86 49 80 40 93 24 25 15 
756-9-15 1?2.519 = 9 39 87 29 73 38 31 58 21 61 42 65 75 50 94 30 88 68 24 25 15 
756-12-13 1?2.264 = 12 50 75 65 42 99 85 86 49 80 40 24 68 88 46 81 13 
756-11-13 1?2.097 = 11 18 36 32 21 61 42 65 75 50 94 30 88 46 81 13 
756-13-14 1?2.192 = 13 81 46 30 94 50 75 65 42 61 99 85 86 49 68 14 
756-11-12 1?2.151 = 11 18 96 73 38 31 58 47 28 21 61 42 65 75 50 12 
756-13-15 1?2.196 = 13 81 46 30 94 75 65 42 99 85 86 49 68 24 25 15 
756-12-14 1?2.501 = 12 50 75 65 42 61 21 28 99 85 86 49 30 81 46 88 68 14 
756-11-14 1?2.358 = 11 18 36 32 21 61 42 65 75 50 94 30 88 68 24 25 14 
756-14-15 1?2.289 = 14 46 81 94 50 75 65 42 99 85 86 49 68 24 25 15 
756-11-15 1?2.397 = 11 18 36 32 21 61 42 65 75 50 94 81 46 30 88 68 24 25 15 
756-12-15 1?2.695 = 12 18 36 32 21 61 42 65 75 50 94 81 46 30 88 68 24 25 15 
stop
