start
94-0-1 1?1.614 = 0 47 99 81 16 69 36 90 85 52 94 49 42 51 55 1 
94-0-4 1?2.154 = 0 47 99 81 97 16 69 36 90 85 95 51 42 49 94 45 32 31 66 4 
94-0-9 1?2.274 = 0 47 99 81 16 69 36 78 57 98 53 34 73 28 93 33 96 62 76 9 
94-0-2 1?1.62 = 0 47 99 81 97 16 69 36 90 85 52 45 94 42 49 65 2 
94-0-6 1?2.221 = 0 47 99 81 97 16 69 36 90 78 53 34 73 28 63 54 25 37 72 6 
94-0-8 1?2.382 = 0 47 99 81 97 16 69 36 90 78 57 98 53 34 73 28 93 26 33 96 68 67 8 
94-0-7 1?2.323 = 0 47 99 81 97 16 69 36 78 57 98 53 34 73 28 63 54 25 48 46 56 30 7 
94-0-3 1?1.894 = 0 47 99 81 97 16 69 36 90 85 95 51 42 49 94 45 32 31 3 
94-0-5 1?2.453 = 0 47 99 81 16 69 36 90 78 57 98 53 34 73 28 63 54 25 37 29 5 
94-0-11 1?2.355 = 0 47 99 81 16 69 36 90 78 57 98 53 34 73 28 86 88 24 70 11 
94-0-10 1?2.335 = 0 47 99 81 97 16 69 36 90 78 57 98 53 34 73 28 86 88 87 75 10 
94-0-15 1?1.889 = 0 47 74 55 51 42 94 52 85 90 36 69 16 97 81 15 
94-0-14 1?1.88 = 0 47 74 95 90 36 69 16 81 97 50 82 61 17 84 14 
94-0-13 1?1.989 = 0 47 74 95 85 90 36 69 16 81 97 50 84 17 61 92 13 
94-1-4 1?2.037 = 1 55 74 16 69 36 90 95 51 42 49 32 31 66 4 
94-1-3 1?1.806 = 1 55 74 16 69 36 90 95 51 42 94 45 32 31 3 
94-1-2 1?1.767 = 1 55 74 16 69 36 90 85 95 51 42 94 45 49 2 
94-0-12 1?2.264 = 0 47 74 95 90 36 69 16 81 97 82 84 17 61 92 77 43 12 
94-1-8 1?2.32 = 1 51 42 94 52 80 35 57 98 53 34 73 28 93 33 96 68 67 8 
94-1-5 1?2.423 = 1 55 51 42 52 80 35 57 98 53 34 73 28 63 54 27 5 
94-1-6 1?2.232 = 1 55 95 90 36 78 57 98 53 34 73 28 63 54 25 37 72 6 
94-1-7 1?2.26 = 1 51 52 80 35 57 98 53 34 73 28 63 54 25 48 46 56 30 7 
94-2-3 1?2.095 = 2 49 42 94 45 52 80 35 57 98 64 59 38 79 31 3 
94-2-4 1?2.129 = 2 49 42 94 45 52 80 35 57 98 64 59 38 79 66 4 
94-1-10 1?2.448 = 1 55 51 42 94 45 52 80 35 57 98 53 34 73 28 86 88 87 75 10 
94-2-5 1?2.264 = 2 49 94 52 80 35 57 98 53 34 73 28 63 54 27 5 
94-1-11 1?2.477 = 1 55 51 42 49 94 52 80 35 57 98 53 34 73 28 86 88 24 70 11 
94-1-12 1?2.378 = 1 55 95 90 36 69 16 97 82 17 61 92 77 91 19 22 21 12 
94-1-15 1?1.669 = 1 55 51 42 94 45 52 85 90 36 69 16 97 81 15 
94-1-9 1?2.395 = 1 51 42 49 94 52 80 35 57 98 53 34 73 28 93 33 96 83 62 76 9 
94-2-6 1?2.199 = 2 49 42 52 80 35 57 98 53 34 73 28 63 54 25 37 72 6 
94-1-13 1?2.19 = 1 55 51 42 94 45 52 85 90 36 69 16 97 82 17 61 92 13 
94-1-14 1?2.046 = 1 55 51 42 94 45 52 85 90 36 69 16 97 82 17 84 14 
94-3-4 1?2.273 = 3 32 45 52 80 35 57 98 53 34 73 28 64 59 38 4 
94-2-10 1?2.375 = 2 49 42 94 52 80 35 57 98 53 34 73 28 93 33 96 83 62 76 39 10 
94-3-5 1?2.381 = 3 31 79 59 80 35 57 98 53 34 73 28 63 54 27 5 
94-2-11 1?2.444 = 2 49 42 94 45 52 80 35 57 98 53 34 73 28 86 88 87 75 23 11 
94-2-12 1?2.373 = 2 49 42 94 45 52 80 35 57 98 53 34 73 28 86 44 22 21 12 
94-2-15 1?1.809 = 2 49 42 94 52 80 35 57 98 78 36 90 69 16 97 15 
94-2-8 1?2.304 = 2 49 42 94 52 80 35 57 98 53 34 73 28 93 26 33 96 68 67 8 
94-2-9 1?2.339 = 2 49 42 94 52 80 35 57 98 53 34 73 28 93 26 33 96 83 62 76 9 
94-2-7 1?2.197 = 2 49 94 52 80 35 57 98 53 34 73 28 63 54 48 46 56 30 7 
94-2-13 1?2.326 = 2 65 49 42 94 45 52 85 90 36 69 16 81 97 82 17 84 61 92 13 
94-2-14 1?2.186 = 2 65 49 42 94 45 52 85 90 36 69 16 81 97 82 17 61 84 14 
94-3-10 1?2.471 = 3 32 45 52 80 35 57 98 53 34 73 28 93 33 96 83 62 76 39 10 
94-3-11 1?2.583 = 3 31 79 38 59 80 35 57 98 53 34 73 28 93 86 88 87 75 23 11 
94-4-5 1?2.449 = 4 66 79 38 59 80 35 57 98 53 34 73 28 63 27 5 
94-3-6 1?2.237 = 3 31 79 38 59 80 35 57 98 64 63 54 25 37 72 6 
94-3-9 1?2.408 = 3 31 79 38 59 80 35 57 98 53 34 73 28 93 33 96 83 62 76 9 
94-3-12 1?2.542 = 3 31 32 45 52 80 35 57 98 53 34 73 28 93 86 44 22 21 12 
94-3-8 1?2.403 = 3 31 32 45 52 80 35 57 98 53 34 73 28 93 33 96 68 67 8 
94-3-15 1?2.188 = 3 31 32 45 49 42 94 52 80 35 57 98 78 90 36 69 16 97 81 15 
94-3-7 1?2.332 = 3 31 79 59 80 35 57 98 53 34 73 28 63 54 25 48 46 56 30 7 
94-3-13 1?2.302 = 3 31 32 45 94 42 51 95 90 36 69 16 81 97 82 17 61 92 13 
94-3-14 1?2.329 = 3 31 32 45 94 49 42 51 95 85 90 36 69 16 81 97 82 17 84 14 
94-4-9 1?2.354 = 4 38 59 80 35 57 98 53 34 73 28 93 26 33 96 62 76 9 
94-4-6 1?2.237 = 4 38 59 80 35 57 98 53 73 28 63 54 25 37 72 6 
94-5-6 1?2.267 = 5 29 37 25 54 63 26 33 96 68 89 60 46 56 58 72 6 
94-4-11 1?2.596 = 4 66 79 38 59 80 35 57 98 53 34 73 28 86 44 24 70 23 11 
94-4-7 1?2.257 = 4 66 79 59 80 35 57 98 64 63 54 25 48 46 56 30 7 
94-4-8 1?2.347 = 4 38 59 80 35 57 98 53 34 73 28 93 26 33 96 68 67 8 
94-4-12 1?2.63 = 4 66 79 38 59 80 35 57 98 53 34 73 28 86 88 24 44 22 21 12 
94-4-10 1?2.481 = 4 38 59 80 35 57 98 53 34 73 28 93 26 33 96 83 62 76 39 10 
94-4-15 1?2.412 = 4 66 31 32 45 49 42 94 52 80 35 57 98 78 90 36 69 16 97 15 
94-4-13 1?2.5 = 4 66 31 32 45 94 42 51 95 90 36 69 16 97 82 17 61 92 13 
94-4-14 1?2.443 = 4 66 79 38 59 80 35 57 98 78 90 36 69 16 81 97 82 17 84 14 
94-6-8 1?2.044 = 6 72 58 56 46 48 25 54 63 26 33 96 83 62 76 67 8 
94-5-7 1?2.242 = 5 29 72 37 25 54 63 26 33 96 68 89 60 46 56 30 7 
94-6-7 1?1.974 = 6 72 37 25 54 63 26 33 96 68 89 40 48 46 56 30 7 
94-5-9 1?2.413 = 5 29 37 46 56 60 48 25 54 63 26 33 96 83 62 76 18 71 9 
94-5-8 1?2.471 = 5 38 59 80 35 57 98 53 34 73 28 93 26 33 96 68 67 8 
94-5-10 1?2.631 = 5 29 37 56 46 48 25 54 63 26 33 96 83 62 76 18 71 39 87 75 10 
94-5-11 1?2.636 = 5 29 72 37 25 54 63 26 33 96 83 62 76 18 71 39 75 87 23 11 
94-5-12 1?2.747 = 5 29 37 56 46 48 25 54 63 26 33 93 86 88 24 44 22 21 91 12 
94-5-15 1?2.582 = 5 29 37 25 54 63 28 73 34 53 98 57 78 85 90 36 69 16 97 81 15 
94-5-13 1?2.69 = 5 29 37 25 54 63 26 33 93 86 88 24 44 19 22 21 91 77 43 13 
94-5-14 1?2.78 = 5 38 59 80 35 57 98 78 85 95 90 36 69 16 81 97 82 17 84 14 
94-7-10 1?1.899 = 7 30 56 46 48 25 54 63 26 33 96 83 62 76 18 71 10 
94-7-9 1?1.936 = 7 30 56 46 48 25 54 63 26 33 96 83 62 76 18 71 9 
94-6-9 1?1.964 = 6 72 58 56 46 48 25 54 63 26 33 96 83 62 76 18 9 
94-7-8 1?2.07 = 7 30 20 60 56 46 48 25 54 63 26 33 96 83 62 76 67 8 
94-6-10 1?2.288 = 6 72 37 46 48 25 54 63 26 33 96 83 62 76 18 71 39 75 10 
94-7-11 1?2.237 = 7 30 58 56 46 48 25 54 63 26 33 96 83 62 76 39 75 87 23 11 
94-6-11 1?2.332 = 6 72 37 56 46 48 25 54 63 26 33 96 83 62 76 39 75 87 23 11 
94-6-15 1?2.387 = 6 72 37 25 54 63 28 73 34 53 98 57 78 85 90 36 69 16 97 81 15 
94-6-14 1?2.586 = 6 72 37 25 54 63 26 33 93 86 88 24 44 19 91 77 92 61 17 84 14 
94-6-12 1?2.66 = 6 72 37 46 48 25 54 63 26 33 93 86 88 24 44 22 21 91 77 43 12 
94-6-13 1?2.607 = 6 72 58 56 46 48 25 54 63 26 33 93 86 88 24 44 22 21 91 77 43 13 
94-8-11 1?2.131 = 8 67 89 40 26 33 96 83 62 76 18 71 39 75 23 11 
94-8-10 1?2.073 = 8 20 56 46 48 25 54 63 26 33 96 83 62 76 18 71 10 
94-8-9 1?2.11 = 8 20 56 46 48 25 54 63 26 33 96 83 62 76 18 71 9 
94-8-12 1?2.454 = 8 67 68 96 33 26 93 86 88 24 44 19 22 21 91 77 43 12 
94-8-15 1?2.315 = 8 67 68 96 33 93 28 73 34 53 98 57 78 90 36 69 16 97 81 15 
94-8-13 1?2.518 = 8 67 68 62 76 83 96 33 26 93 86 88 24 44 22 21 91 77 43 13 
94-8-14 1?2.497 = 8 67 68 96 33 26 93 86 88 24 44 22 21 91 77 92 61 17 84 14 
94-7-12 1?2.466 = 7 30 56 46 48 25 54 63 26 33 93 86 88 24 44 22 21 19 91 12 
94-7-13 1?2.497 = 7 30 56 46 48 25 54 63 26 93 86 88 24 44 19 22 21 91 77 43 13 
94-7-15 1?2.502 = 7 30 56 46 48 25 54 63 26 33 93 28 73 34 53 78 90 36 69 16 97 81 15 
94-7-14 1?2.588 = 7 30 56 46 48 25 54 63 26 93 86 88 24 44 19 91 77 92 61 17 84 14 
94-9-10 1?2.203 = 9 18 71 39 76 62 83 96 33 26 93 86 88 87 75 10 
94-9-11 1?2.257 = 9 18 71 39 76 62 83 96 33 26 93 86 88 24 70 11 
94-10-11 1?2.128 = 10 39 71 18 76 62 83 88 24 44 19 22 70 23 11 
94-10-12 1?2.057 = 10 71 18 39 75 87 23 70 21 22 19 91 77 43 12 
94-10-13 1?1.895 = 10 39 75 87 70 22 21 19 91 77 92 61 17 84 13 
94-9-15 1?2.304 = 9 18 71 39 75 87 70 22 21 19 91 77 92 61 17 84 50 15 
94-10-15 1?2.385 = 10 39 76 62 96 33 93 28 73 34 53 98 57 78 90 36 69 16 97 15 
94-9-12 1?2.402 = 9 18 71 39 75 87 23 70 24 44 22 21 91 19 77 43 12 
94-9-13 1?2.129 = 9 18 71 39 75 87 70 22 21 19 91 77 92 61 17 84 13 
94-10-14 1?2.27 = 10 71 18 39 75 87 23 70 22 21 19 91 77 43 92 61 17 84 14 
94-9-14 1?2.371 = 9 18 71 39 75 87 23 70 22 21 19 91 77 92 61 17 82 84 14 
94-14-15 1?2.012 = 14 84 17 82 97 81 16 69 36 90 85 95 74 99 15 
94-11-13 1?1.943 = 11 23 75 87 70 22 21 19 91 77 92 61 17 84 13 
94-13-15 1?2.201 = 13 92 61 17 84 82 97 81 16 69 36 90 95 74 47 99 15 
94-13-14 1?2.26 = 13 43 77 91 19 41 36 90 69 16 97 82 17 84 14 
94-11-12 1?2.185 = 11 23 87 75 39 71 18 76 62 83 88 24 44 22 21 12 
94-12-14 1?2.113 = 12 70 24 88 44 19 22 21 91 77 92 61 17 84 14 
94-12-13 1?2.332 = 12 11 23 75 87 70 22 21 19 91 77 92 61 17 84 13 
94-11-14 1?1.762 = 11 23 75 87 70 22 21 19 91 77 92 61 17 84 14 
94-11-15 1?2.382 = 11 23 75 87 24 44 22 21 19 91 77 43 92 61 17 84 50 15 
94-12-15 1?2.346 = 12 21 22 44 86 28 73 34 53 98 57 78 90 36 69 16 97 15 
stop
