start
871-0-2 1?1.978 = 0 35 82 39 98 95 58 43 47 76 42 71 65 86 26 2 
871-0-3 1?2.068 = 0 35 43 47 76 42 46 70 88 91 18 90 99 33 3 
871-0-4 1?2.277 = 0 35 23 43 47 76 42 46 70 45 16 49 59 91 18 90 94 4 
871-0-6 1?2.479 = 0 35 23 43 47 76 42 46 70 45 16 49 80 30 59 91 61 87 97 6 
871-0-1 1?2.077 = 0 35 58 82 39 98 95 76 42 46 71 47 43 23 1 
871-0-5 1?2.399 = 0 35 23 43 47 76 42 46 45 16 49 80 30 59 91 18 19 57 5 
871-0-10 1?2.453 = 0 35 43 47 76 42 46 45 16 49 80 28 85 93 78 68 64 41 32 10 
871-0-7 1?2.535 = 0 35 23 43 47 76 42 46 70 45 16 49 80 30 54 67 72 55 29 69 7 
871-0-11 1?2.57 = 0 35 58 82 39 98 66 53 81 75 51 73 44 92 22 24 79 36 34 11 
871-0-8 1?2.591 = 0 35 23 43 47 76 42 46 45 16 49 80 28 85 93 78 68 64 31 56 60 8 
871-0-9 1?2.5 = 0 35 23 43 47 76 42 46 45 16 49 27 28 85 93 78 68 64 31 56 9 
871-0-15 1?1.834 = 0 35 23 43 47 58 82 39 98 66 52 20 89 63 50 15 
871-0-14 1?2.125 = 0 35 58 82 39 98 66 53 81 75 51 73 44 77 48 14 
871-0-13 1?2.062 = 0 23 35 58 82 39 98 66 53 21 81 51 73 44 77 13 
871-1-6 1?2.312 = 1 43 47 76 42 46 45 16 49 80 30 59 91 61 87 97 62 6 
871-1-7 1?2.446 = 1 43 47 76 42 46 70 45 16 49 80 30 54 67 72 55 29 69 7 
871-1-2 1?2.141 = 1 23 35 58 82 39 98 95 76 42 46 71 65 86 26 2 
871-1-3 1?2.165 = 1 43 47 76 42 46 70 88 59 91 18 90 99 83 33 3 
871-1-4 1?2.282 = 1 43 47 76 42 46 45 16 49 80 30 59 91 18 90 94 4 
871-0-12 1?2.417 = 0 35 58 39 82 50 63 89 20 52 66 53 81 75 51 73 44 92 22 12 
871-1-8 1?2.592 = 1 43 47 76 42 46 70 45 16 49 27 28 85 93 78 68 64 31 56 60 8 
871-1-5 1?2.363 = 1 43 47 76 42 46 70 45 16 49 80 30 59 91 19 57 5 
871-1-13 1?2.141 = 1 23 35 58 82 39 98 66 53 21 81 51 73 44 77 13 
871-1-15 1?1.99 = 1 23 35 43 47 58 82 39 98 66 52 20 89 63 50 15 
871-2-6 1?2.291 = 2 26 86 65 71 76 42 46 70 88 49 80 30 61 87 97 62 6 
871-2-4 1?2.185 = 2 26 86 65 71 76 42 46 70 88 59 91 18 19 57 4 
871-2-3 1?2.197 = 2 26 86 65 71 76 42 46 70 88 91 18 90 99 33 3 
871-1-9 1?2.61 = 1 43 47 76 42 46 70 45 16 49 27 28 85 93 78 68 64 41 32 9 
871-1-12 1?2.342 = 1 23 35 58 82 39 98 66 53 21 81 75 51 73 44 92 22 12 
871-1-11 1?2.544 = 1 23 35 58 82 39 98 66 53 21 81 51 73 44 92 24 79 11 
871-2-5 1?2.355 = 2 26 86 65 71 42 46 45 16 49 80 30 59 91 18 19 57 5 
871-1-14 1?2.237 = 1 23 35 43 47 71 42 76 95 58 39 82 50 63 89 48 14 
871-1-10 1?2.516 = 1 43 47 76 42 46 70 45 16 49 80 28 93 78 37 25 41 32 10 
871-2-15 1?1.878 = 2 26 86 65 71 42 76 47 58 95 98 39 82 50 63 15 
871-3-4 1?2.17 = 3 33 99 96 70 45 16 49 88 59 91 18 90 94 4 
871-2-13 1?2.418 = 2 26 86 65 71 42 76 47 58 82 39 98 66 53 51 73 44 77 13 
871-3-5 1?2.198 = 3 33 99 96 70 45 16 49 88 59 91 18 19 57 5 
871-2-7 1?2.467 = 2 26 86 65 71 76 42 46 70 45 16 49 80 30 54 55 29 69 7 
871-2-12 1?2.456 = 2 26 86 65 47 43 58 82 39 98 66 53 81 51 73 44 92 24 22 12 
871-2-11 1?2.611 = 2 26 86 65 71 42 46 70 45 16 49 80 28 85 93 78 37 36 34 11 
871-2-8 1?2.627 = 2 26 86 65 71 76 42 46 70 45 16 49 80 28 85 68 64 31 56 60 8 
871-2-9 1?2.618 = 2 26 86 65 71 76 42 46 70 45 16 49 80 28 93 78 68 64 31 56 9 
871-2-14 1?2.309 = 2 26 86 65 71 46 42 76 47 43 58 95 98 39 82 50 63 89 48 14 
871-2-10 1?2.581 = 2 26 86 65 71 42 46 70 45 16 49 80 28 85 93 78 68 64 41 32 10 
871-3-15 1?2.043 = 3 33 83 96 70 46 42 76 47 43 58 82 39 63 50 15 
871-3-6 1?2.115 = 3 33 83 99 90 18 91 59 49 80 30 61 87 97 62 6 
871-4-5 1?2.204 = 4 94 99 96 70 45 16 49 88 59 91 18 19 57 5 
871-3-7 1?2.481 = 3 33 99 90 18 91 59 88 16 49 80 30 54 67 72 55 29 69 7 
871-3-13 1?2.688 = 3 33 99 96 70 46 42 76 95 98 66 53 81 75 51 73 44 77 13 
871-3-9 1?2.539 = 3 33 99 90 18 91 59 30 80 49 16 27 28 85 93 78 68 64 31 9 
871-3-12 1?2.664 = 3 33 83 96 70 46 42 76 95 98 66 53 81 51 73 44 92 22 12 
871-3-14 1?2.454 = 3 33 99 96 70 46 42 76 95 58 82 39 98 66 52 20 48 14 
871-3-11 1?2.535 = 3 33 99 90 18 91 59 30 80 27 28 85 93 78 68 37 25 36 34 11 
871-3-8 1?2.628 = 3 33 83 99 90 18 91 59 30 80 27 28 85 93 78 68 64 17 31 56 60 8 
871-3-10 1?2.471 = 3 33 83 99 90 18 91 59 30 80 28 85 93 78 68 37 25 41 32 10 
871-5-6 1?2.109 = 5 57 19 18 90 99 96 70 88 91 59 61 87 97 62 6 
871-4-6 1?2.109 = 4 94 90 18 19 91 59 30 54 67 72 55 29 69 97 62 6 
871-4-7 1?2.339 = 4 94 90 18 91 59 30 80 28 85 93 78 68 38 67 72 55 29 7 
871-4-8 1?2.288 = 4 94 90 18 91 59 30 80 27 28 85 93 78 68 64 31 56 60 8 
871-4-15 1?2.292 = 4 94 90 18 91 59 88 70 46 42 76 47 43 58 82 39 63 50 15 
871-4-13 1?2.742 = 4 94 90 18 91 59 88 70 46 42 76 95 98 66 53 81 51 73 77 13 
871-4-9 1?2.454 = 4 94 90 18 91 59 30 80 49 16 27 28 85 93 78 68 64 31 56 9 
871-4-12 1?2.662 = 4 94 90 18 91 59 30 80 49 16 21 81 75 51 73 44 92 22 12 
871-4-14 1?2.558 = 4 94 90 18 91 59 88 70 46 42 76 95 98 39 82 50 63 89 48 14 
871-4-10 1?2.52 = 4 94 99 90 18 91 59 30 80 28 85 93 78 68 37 25 41 32 40 10 
871-4-11 1?2.729 = 4 94 90 18 91 59 30 80 49 16 27 28 85 93 78 68 64 41 25 36 34 11 
871-5-7 1?2.166 = 5 57 19 18 91 59 49 80 30 54 67 72 55 29 69 7 
871-6-7 1?2.118 = 6 97 87 61 30 80 28 85 93 78 68 38 67 72 55 29 7 
871-5-8 1?2.167 = 5 57 19 18 91 59 30 80 28 93 78 68 64 31 56 60 8 
871-6-8 1?1.997 = 6 62 97 87 61 30 80 28 85 93 78 68 64 17 56 60 8 
871-5-9 1?2.086 = 5 57 19 18 91 59 30 80 28 93 78 68 64 31 56 9 
871-5-15 1?2.464 = 5 57 19 18 91 59 88 70 45 46 42 76 47 43 58 82 39 63 50 15 
871-5-13 1?2.76 = 5 57 19 18 90 96 70 46 42 76 95 98 66 53 81 51 73 44 77 13 
871-5-12 1?2.584 = 5 57 19 18 91 59 30 80 49 16 21 81 51 73 44 92 22 12 
871-5-11 1?2.461 = 5 57 19 18 91 59 30 80 27 28 93 78 68 64 41 25 36 34 11 
871-5-10 1?2.388 = 5 57 19 18 91 59 30 80 28 85 93 78 68 37 25 41 32 40 10 
871-5-14 1?2.636 = 5 57 19 18 91 59 88 70 46 42 76 47 43 58 39 82 50 63 89 48 14 
871-7-8 1?2.076 = 7 69 29 55 72 67 38 85 28 93 78 68 37 64 17 56 60 8 
871-6-9 1?2.007 = 6 62 97 87 61 30 80 28 85 93 78 68 64 41 32 9 
871-7-9 1?2.01 = 7 69 29 55 72 67 38 85 28 93 78 68 37 25 41 32 9 
871-7-10 1?1.926 = 7 69 29 55 72 67 38 85 28 93 78 68 37 25 41 32 10 
871-6-13 1?2.679 = 6 62 97 87 61 91 59 30 80 28 85 93 78 74 84 75 51 73 44 77 13 
871-7-11 1?2.35 = 7 69 29 55 72 67 38 85 28 93 78 68 37 25 41 32 40 36 34 11 
871-6-15 1?2.419 = 6 62 97 87 61 30 80 49 16 45 46 42 76 95 98 39 82 50 63 15 
871-6-12 1?2.545 = 6 62 97 87 61 30 80 28 85 93 78 74 84 75 51 73 44 92 22 12 
871-6-10 1?2.27 = 6 62 97 87 61 30 80 49 16 27 28 85 93 78 68 64 41 32 10 
871-6-11 1?2.447 = 6 62 97 87 61 30 80 27 28 85 93 78 68 64 41 32 40 36 34 11 
871-6-14 1?2.49 = 6 62 97 87 61 59 91 88 70 46 42 76 95 98 39 82 50 63 89 14 
871-8-9 1?2.127 = 8 60 56 31 17 38 85 28 93 78 68 64 41 25 40 32 9 
871-8-10 1?1.948 = 8 60 56 31 64 68 38 85 28 93 78 37 25 41 32 40 10 
871-8-13 1?2.613 = 8 60 56 31 64 68 85 28 93 78 37 25 36 34 79 24 22 92 44 77 13 
871-7-13 1?2.675 = 7 69 29 55 72 67 38 85 28 93 78 68 37 25 36 34 79 24 92 22 77 13 
871-8-11 1?2.251 = 8 60 56 17 64 68 38 85 28 93 78 37 25 41 32 40 36 34 11 
871-7-12 1?2.439 = 7 69 29 55 72 67 38 85 28 93 78 74 84 75 51 73 44 92 22 12 
871-7-15 1?2.469 = 7 69 29 55 72 54 80 49 16 45 46 42 76 47 43 58 82 39 50 15 
871-8-15 1?2.523 = 8 60 56 31 64 68 85 28 93 78 74 84 21 81 53 66 98 39 82 50 15 
871-8-12 1?2.505 = 8 60 56 31 64 68 85 28 93 78 37 74 84 75 51 73 44 92 22 12 
871-8-14 1?2.6 = 8 60 56 31 17 64 68 85 28 93 78 74 84 21 81 53 66 52 20 48 14 
871-7-14 1?2.615 = 7 69 29 55 72 54 80 49 16 45 46 42 76 95 98 66 52 20 48 14 
871-9-11 1?2.015 = 9 56 31 64 68 85 93 78 37 25 41 32 40 36 34 11 
871-10-11 1?2.014 = 10 32 41 31 64 68 85 28 93 78 37 25 40 36 34 11 
871-10-12 1?2.065 = 10 40 32 41 25 37 74 84 75 51 73 44 92 22 12 
871-9-10 1?1.967 = 9 56 31 17 64 68 38 85 28 93 78 37 25 41 32 40 10 
871-10-13 1?2.412 = 10 32 31 17 64 68 38 85 28 93 78 74 84 75 51 73 44 77 13 
871-9-13 1?2.491 = 9 56 17 64 68 85 93 78 37 25 36 34 79 24 92 44 73 77 13 
871-9-12 1?2.326 = 9 56 17 38 85 28 93 78 68 64 41 25 36 34 79 24 92 22 12 
871-10-15 1?2.39 = 10 40 34 36 79 24 22 92 44 73 51 81 53 66 98 39 82 50 63 15 
871-9-14 1?2.54 = 9 32 41 25 36 34 79 24 92 44 73 51 81 53 66 52 20 48 14 
871-9-15 1?2.53 = 9 56 17 64 68 85 28 93 78 74 84 21 81 53 66 98 39 82 50 63 15 
871-10-14 1?2.431 = 10 40 34 36 79 24 22 92 44 73 51 81 53 66 98 52 20 48 14 
871-14-15 1?1.932 = 14 48 51 73 44 75 81 53 66 52 98 39 82 50 63 15 
871-12-13 1?2.151 = 12 22 92 44 73 51 53 66 98 39 82 50 63 89 48 13 
871-11-13 1?2.11 = 11 34 40 32 41 25 36 79 24 22 92 44 73 77 13 
871-13-15 1?1.831 = 13 77 44 73 51 81 53 66 98 95 58 82 39 63 50 15 
871-12-15 1?1.857 = 12 22 92 44 73 51 81 53 66 98 58 39 82 50 63 15 
871-11-12 1?2.132 = 11 34 36 25 41 37 74 84 75 51 73 44 92 22 12 
871-13-14 1?1.777 = 13 77 44 73 51 81 53 66 98 39 82 50 63 89 14 
871-12-14 1?1.872 = 12 22 92 44 73 51 81 53 66 98 39 82 50 63 89 14 
871-11-14 1?2.049 = 11 79 24 22 92 44 73 51 75 81 53 66 52 20 48 14 
871-11-15 1?2.392 = 11 79 24 22 92 44 73 51 75 81 53 66 98 95 58 82 39 63 15 
stop
