start
804-0-3 1?2.34 = 0 57 44 36 59 17 71 50 91 73 65 53 74 21 22 54 3 
804-0-1 1?1.842 = 0 57 50 71 59 17 20 21 74 53 73 65 91 1 
804-0-4 1?2.525 = 0 57 44 36 59 17 71 50 91 73 65 53 74 21 22 54 99 4 
804-0-10 1?2.713 = 0 57 88 19 93 94 70 72 97 41 64 51 66 32 27 37 82 89 85 10 
804-0-6 1?2.36 = 0 57 50 71 59 36 96 23 56 16 62 55 39 77 84 87 25 35 6 
804-0-2 1?1.929 = 0 57 50 91 73 53 65 17 71 59 20 21 74 2 
804-0-8 1?2.791 = 0 19 93 94 70 72 29 41 64 51 66 32 27 37 82 43 24 90 68 8 
804-0-7 1?2.613 = 0 57 50 71 17 59 36 96 23 56 16 62 55 39 77 87 25 52 83 7 
804-0-5 1?2.337 = 0 57 50 71 17 59 96 23 56 16 62 55 39 77 87 80 84 95 30 5 
804-0-11 1?2.46 = 0 57 88 19 93 94 70 72 29 97 41 18 64 51 66 76 40 42 28 11 
804-0-9 1?2.837 = 0 19 93 94 70 72 97 41 64 51 66 32 27 82 43 24 90 68 78 9 
804-1-3 1?1.893 = 1 91 73 53 65 50 71 59 17 20 74 21 22 54 3 
804-0-13 1?1.807 = 0 57 44 98 31 33 18 64 51 41 97 72 29 58 13 
804-0-14 1?1.794 = 0 57 44 98 31 33 18 64 51 41 97 29 72 70 14 
804-1-4 1?1.865 = 1 91 73 53 65 50 71 59 17 20 21 22 54 99 4 
804-0-15 1?1.884 = 0 57 44 98 31 33 18 64 51 41 97 72 70 94 86 15 
804-1-2 1?1.845 = 1 91 73 53 65 50 71 59 17 20 21 54 22 74 2 
804-0-12 1?2.355 = 0 57 88 19 93 94 31 98 33 18 64 51 41 97 72 29 48 79 81 12 
804-1-5 1?2.098 = 1 91 65 53 74 21 22 54 56 16 62 55 39 77 87 84 95 30 5 
804-1-7 1?2.398 = 1 91 73 65 53 74 21 56 16 62 55 39 77 84 87 25 52 83 7 
804-1-6 1?2.256 = 1 91 65 53 74 21 22 54 56 16 62 55 39 77 84 80 87 25 35 6 
804-1-8 1?2.705 = 1 91 65 53 74 22 54 56 16 62 55 39 77 87 25 26 45 46 92 8 
804-1-15 1?1.924 = 1 91 73 53 65 17 71 59 36 44 88 19 93 86 15 
804-1-14 1?2.052 = 1 50 71 59 36 60 63 98 31 33 18 64 51 66 41 97 72 14 
804-2-3 1?1.771 = 2 74 53 65 73 91 50 71 59 17 20 21 22 54 3 
804-2-4 1?1.817 = 2 53 65 73 91 50 71 59 17 20 21 22 54 99 4 
804-2-5 1?1.812 = 2 74 21 22 54 56 16 62 55 39 77 87 80 84 95 30 5 
804-1-13 1?2.23 = 1 50 71 59 36 60 63 98 31 33 18 64 51 66 41 97 29 58 13 
804-1-12 1?2.358 = 1 91 65 53 20 17 59 36 60 63 98 31 33 18 64 51 66 48 79 81 12 
804-1-10 1?2.687 = 1 91 73 65 53 20 17 71 59 36 60 75 32 27 37 38 61 67 85 10 
804-1-9 1?2.81 = 1 91 73 65 53 20 17 71 59 36 96 23 34 69 45 46 92 68 78 9 
804-2-6 1?2.19 = 2 73 91 65 53 74 21 22 54 56 16 62 55 39 77 87 25 35 6 
804-1-11 1?2.484 = 1 91 65 53 20 17 71 59 36 60 75 32 27 37 38 61 40 42 28 11 
804-2-15 1?1.908 = 2 53 73 91 65 17 71 59 36 44 88 19 93 86 15 
804-3-5 1?1.861 = 3 22 54 56 16 49 62 55 39 77 87 25 80 84 95 30 5 
804-3-4 1?1.992 = 3 74 53 65 73 91 50 71 17 20 21 22 54 99 4 
804-2-14 1?2.118 = 2 73 53 65 17 59 36 60 63 98 31 33 18 64 51 41 97 72 14 
804-2-13 1?2.291 = 2 53 20 17 59 36 60 63 98 31 33 18 64 51 41 97 72 29 58 13 
804-2-10 1?2.704 = 2 53 65 91 50 71 17 59 36 60 75 32 27 37 38 61 67 89 85 10 
804-2-9 1?2.656 = 2 74 21 22 54 56 16 62 55 39 77 87 25 26 45 46 92 68 78 9 
804-2-7 1?2.354 = 2 73 53 74 21 22 54 56 16 62 55 39 77 84 80 87 25 52 83 7 
804-2-12 1?2.451 = 2 53 73 91 65 17 71 59 36 60 63 98 31 33 18 64 51 66 48 79 81 12 
804-2-8 1?2.57 = 2 74 21 22 54 56 16 62 55 39 77 84 87 25 52 26 45 46 92 8 
804-2-11 1?2.483 = 2 73 91 65 53 20 17 71 59 36 60 75 32 27 37 38 61 42 28 11 
804-4-5 1?2.207 = 4 99 54 21 20 17 59 36 96 23 34 49 39 77 95 5 
804-3-15 1?2.35 = 3 22 21 20 17 59 36 60 63 98 31 33 18 41 29 72 70 86 15 
804-3-14 1?2.297 = 3 54 22 21 20 17 59 36 60 63 98 31 33 18 64 51 66 41 97 72 14 
804-3-7 1?2.267 = 3 54 22 21 56 16 62 55 39 77 95 30 84 80 87 25 52 83 7 
804-3-6 1?2.215 = 3 54 22 21 56 16 62 55 39 77 84 80 87 25 26 52 35 6 
804-3-13 1?2.418 = 3 54 22 21 20 17 59 36 60 63 98 31 33 18 64 51 41 97 29 58 13 
804-3-9 1?2.566 = 3 99 55 62 39 77 95 30 84 87 25 52 26 45 46 92 68 78 9 
804-3-10 1?2.671 = 3 54 22 21 20 17 71 59 36 60 75 32 27 37 38 61 67 89 85 10 
804-3-8 1?2.484 = 3 99 55 62 39 77 95 30 84 80 87 25 52 26 45 46 92 68 8 
804-3-12 1?2.656 = 3 54 22 21 20 17 59 36 60 63 98 31 33 18 64 51 66 41 29 48 79 81 12 
804-3-11 1?2.551 = 3 22 21 20 17 71 59 36 60 75 32 27 37 82 38 61 40 42 28 11 
804-5-6 1?1.696 = 5 30 95 55 62 39 77 84 80 87 25 26 45 52 35 6 
804-4-6 1?1.916 = 4 99 55 62 39 77 95 30 84 87 25 26 52 83 35 6 
804-4-15 1?2.505 = 4 99 54 22 21 20 17 59 36 60 63 98 31 33 18 97 72 70 86 15 
804-4-14 1?2.409 = 4 99 54 22 21 20 17 59 36 60 63 98 31 33 18 64 41 97 72 14 
804-4-7 1?2.284 = 4 99 55 62 39 77 95 30 84 80 87 25 26 45 52 35 83 7 
804-4-13 1?2.399 = 4 99 54 22 21 20 17 59 36 60 63 98 31 33 18 64 51 66 48 79 13 
804-4-8 1?2.153 = 4 99 55 62 39 77 95 30 84 87 25 26 45 46 92 68 8 
804-4-12 1?2.539 = 4 99 54 22 21 20 17 59 36 60 63 98 31 33 64 51 66 48 79 81 12 
804-4-9 1?2.405 = 4 99 55 62 39 77 95 30 84 87 25 52 26 45 46 92 68 78 9 
804-4-10 1?2.629 = 4 99 55 62 39 77 95 30 84 80 87 25 26 45 47 24 43 89 85 10 
804-4-11 1?2.608 = 4 99 55 39 77 84 87 25 26 45 47 24 43 82 38 40 42 28 11 
804-5-8 1?1.795 = 5 30 95 55 62 39 77 84 80 87 25 26 45 46 92 8 
804-6-7 1?1.894 = 6 80 84 30 95 77 55 62 39 87 25 26 45 52 83 7 
804-5-7 1?1.709 = 5 30 95 55 62 39 77 84 80 87 25 26 45 52 83 7 
804-6-8 1?1.991 = 6 80 84 77 55 39 87 25 52 26 45 46 92 68 8 
804-5-15 1?2.465 = 5 30 95 77 39 55 62 16 56 23 96 36 59 17 71 44 88 19 93 86 15 
804-5-13 1?2.374 = 5 30 95 77 39 55 16 56 23 96 60 63 98 31 33 18 64 51 66 48 79 13 
804-5-9 1?2.148 = 5 30 95 55 62 39 77 84 80 87 25 52 26 45 46 90 68 78 9 
804-5-12 1?2.485 = 5 30 95 77 39 55 62 49 34 60 63 98 31 33 18 64 51 66 48 79 81 12 
804-5-14 1?2.426 = 5 30 95 77 39 55 62 16 56 23 96 60 63 98 31 33 18 64 51 41 97 72 14 
804-5-10 1?2.432 = 5 30 95 55 62 39 77 84 80 87 25 52 26 45 47 24 43 89 85 10 
804-5-11 1?2.397 = 5 30 95 77 55 62 39 87 25 26 45 47 43 82 38 61 40 42 28 11 
804-7-8 1?2.182 = 7 83 52 25 87 84 77 39 55 62 49 26 45 46 92 8 
804-7-9 1?2.279 = 7 83 52 25 80 84 77 39 87 26 45 46 90 68 78 9 
804-7-10 1?2.281 = 7 83 52 26 45 47 24 43 82 37 38 61 67 89 85 10 
804-6-13 1?2.494 = 6 80 84 77 39 55 62 49 34 60 63 98 31 33 18 64 51 66 48 79 13 
804-6-15 1?2.544 = 6 35 25 87 84 77 39 55 62 16 56 23 96 36 59 71 44 88 19 15 
804-6-9 1?2.29 = 6 80 84 30 95 77 55 39 87 25 52 26 45 46 92 68 78 9 
804-6-14 1?2.537 = 6 80 84 77 39 62 16 56 23 96 60 63 98 31 33 18 64 51 41 97 72 14 
804-6-10 1?2.547 = 6 35 25 87 80 84 77 39 55 62 49 26 45 47 24 43 89 85 10 
804-6-12 1?2.643 = 6 80 84 77 39 55 62 49 34 60 63 98 31 33 18 64 51 66 48 79 81 12 
804-7-11 1?2.389 = 7 83 52 26 45 47 24 43 27 32 37 82 38 61 40 42 28 11 
804-6-11 1?2.358 = 6 80 84 87 25 52 26 45 47 24 43 82 38 61 40 42 28 11 
804-8-9 1?2.33 = 8 92 68 90 24 43 82 27 32 37 38 61 67 89 85 9 
804-8-10 1?2.227 = 8 92 68 90 24 43 82 27 32 37 38 61 67 89 85 10 
804-8-12 1?2.509 = 8 68 90 24 43 82 27 32 33 98 31 18 64 51 66 48 79 81 12 
804-7-15 1?2.656 = 7 83 52 26 45 69 75 63 98 31 33 18 64 51 41 97 72 70 86 15 
804-7-12 1?2.716 = 7 83 52 25 80 84 87 26 45 47 24 43 82 38 61 42 40 12 
804-8-13 1?2.422 = 8 68 90 24 43 82 37 27 32 66 51 64 41 97 72 29 58 13 
804-8-11 1?2.035 = 8 68 92 46 24 43 82 27 32 37 38 61 42 28 11 
804-7-13 1?2.69 = 7 92 68 90 24 43 82 37 27 32 66 51 64 41 97 72 29 58 13 
804-8-15 1?2.613 = 8 68 90 24 43 82 27 32 33 98 31 18 64 51 41 97 72 70 86 15 
804-7-14 1?2.694 = 7 83 52 26 45 69 34 23 96 60 63 98 31 33 18 64 51 41 97 72 14 
804-8-14 1?2.562 = 8 68 90 24 43 82 37 27 32 75 63 98 31 33 18 64 51 41 97 72 14 
804-10-13 1?2.138 = 10 85 89 82 37 27 32 64 51 41 97 72 29 58 13 
804-10-12 1?2.32 = 10 28 42 40 76 66 51 64 18 41 97 72 29 48 79 81 12 
804-9-12 1?2.308 = 9 78 68 90 24 43 82 27 32 37 38 61 42 40 76 12 
804-9-10 1?2.245 = 9 78 68 90 24 43 82 27 32 37 38 61 67 89 85 10 
804-10-11 1?2.487 = 10 9 78 68 92 46 24 43 82 27 37 38 61 40 42 28 11 
804-10-14 1?2.294 = 10 85 67 61 38 37 27 32 33 98 31 18 64 51 41 97 72 14 
804-9-11 1?2.097 = 9 78 68 92 46 24 43 82 27 37 38 61 40 42 28 11 
804-9-13 1?2.477 = 9 78 68 90 24 43 82 37 27 32 66 51 64 41 97 29 58 13 
804-9-14 1?2.49 = 9 85 89 82 37 27 32 33 98 31 18 64 51 66 41 97 72 70 14 
804-9-15 1?2.652 = 9 85 89 82 27 32 75 63 98 31 33 18 64 51 66 41 97 72 70 86 15 
804-10-15 1?2.493 = 10 85 89 82 37 27 32 33 98 31 18 64 51 66 41 97 72 70 86 15 
804-12-14 1?1.768 = 12 81 79 48 66 51 64 18 33 31 97 41 29 72 70 14 
804-11-14 1?1.882 = 11 28 42 40 61 38 37 27 32 66 51 64 41 97 72 14 
804-13-14 1?1.76 = 13 58 29 41 66 51 64 18 33 63 98 31 97 72 70 14 
804-11-12 1?2.076 = 11 28 42 40 76 66 51 64 18 41 97 72 29 48 79 81 12 
804-11-13 1?1.962 = 11 28 42 40 76 48 66 51 64 18 41 97 72 29 58 13 
804-12-13 1?1.866 = 12 81 79 48 41 51 64 18 33 98 31 97 72 29 58 13 
804-13-15 1?1.688 = 13 58 29 72 97 41 51 66 64 18 33 31 98 94 86 15 
804-14-15 1?1.633 = 14 72 29 97 41 51 66 64 18 33 31 98 94 93 86 15 
804-11-15 1?2.304 = 11 28 42 40 61 38 37 27 32 66 51 64 18 41 97 72 70 94 86 15 
804-12-15 1?2.102 = 12 81 79 48 66 51 64 18 33 98 31 97 41 29 72 70 94 93 86 15 
stop
