start
488-0-1 1?2.474 = 0 72 68 65 44 70 32 95 73 64 58 82 30 75 49 1 
488-0-2 1?2.206 = 0 68 65 32 70 44 42 75 91 52 20 54 36 50 89 2 
488-0-3 1?2.26 = 0 68 65 32 70 44 42 75 91 52 54 20 36 31 97 3 
488-0-4 1?2.42 = 0 93 49 75 30 82 58 38 43 83 92 39 67 90 40 60 87 4 
488-0-5 1?2.785 = 0 72 68 65 32 70 44 42 30 82 58 43 83 92 39 67 90 53 96 24 5 
488-0-6 1?2.827 = 0 93 42 44 70 30 82 58 43 83 92 38 33 25 28 85 22 16 37 66 56 79 6 
488-0-7 1?2.666 = 0 93 49 75 30 82 58 43 83 92 38 33 25 28 94 81 18 46 61 7 
488-0-8 1?2.684 = 0 72 68 65 32 70 44 42 30 82 58 38 33 25 28 94 18 81 46 8 
488-0-9 1?2.544 = 0 72 68 65 44 70 30 82 58 38 33 25 76 51 23 19 27 88 9 
488-0-10 1?2.481 = 0 72 68 42 44 70 30 82 58 38 33 25 76 51 23 19 27 88 29 10 
488-0-11 1?2.491 = 0 72 68 65 32 70 44 42 30 82 58 38 33 25 76 51 23 35 11 
488-0-12 1?2.406 = 0 93 49 75 42 44 70 30 82 58 64 95 73 41 26 62 78 86 55 12 
488-0-13 1?2.053 = 0 93 49 75 42 44 70 30 82 58 64 95 73 41 55 78 86 13 
488-0-14 1?2.275 = 0 72 68 65 32 70 44 42 30 82 58 64 95 73 41 62 26 14 
488-0-15 1?2.035 = 0 93 49 91 75 30 42 44 70 64 73 95 32 65 68 72 15 
488-1-2 1?2.459 = 1 49 75 30 82 58 43 83 92 39 45 20 54 36 89 2 
488-1-3 1?2.455 = 1 2 89 50 36 54 20 21 40 90 53 96 60 87 97 3 
488-1-4 1?2.569 = 1 52 20 54 36 31 21 40 90 53 80 37 98 96 60 87 4 
488-1-5 1?2.577 = 1 52 20 54 36 31 21 40 96 90 53 80 16 37 98 24 5 
488-1-6 1?2.815 = 1 52 45 39 92 83 43 38 33 25 28 94 18 81 59 16 66 56 79 6 
488-1-7 1?2.596 = 1 89 50 36 31 21 40 96 53 80 37 16 59 81 18 46 61 7 
488-1-8 1?2.707 = 1 52 20 54 36 31 21 40 96 90 53 80 37 16 59 81 18 46 8 
488-1-9 1?2.63 = 1 89 54 20 67 39 92 83 43 38 33 25 76 51 23 19 27 88 9 
488-1-10 1?2.636 = 1 52 54 20 45 39 92 83 43 38 33 25 76 51 23 19 27 88 29 10 
488-1-11 1?2.652 = 1 89 50 36 54 20 45 39 92 83 43 38 33 25 76 51 23 35 11 
488-1-12 1?2.644 = 1 52 45 39 92 83 38 33 25 76 51 23 77 74 34 55 78 86 12 
488-1-13 1?2.49 = 1 52 45 39 92 83 38 33 25 76 51 23 77 74 34 55 78 13 
488-1-14 1?2.456 = 1 49 91 75 30 42 44 70 32 95 73 41 55 86 78 62 26 14 
488-1-15 1?2.272 = 1 49 75 42 44 70 30 82 58 64 73 95 32 65 68 72 15 
488-2-3 1?2.066 = 2 89 50 36 54 20 21 40 90 53 96 60 87 97 3 
488-2-4 1?2.031 = 2 89 54 20 36 31 21 40 90 80 53 96 60 87 4 
488-2-5 1?2.042 = 2 89 54 20 36 31 21 40 96 53 80 37 98 24 5 
488-2-6 1?2.534 = 2 89 50 31 36 54 20 21 40 96 90 53 80 16 37 98 66 56 79 6 
488-2-7 1?2.331 = 2 89 50 36 31 21 40 96 53 80 37 16 59 81 18 46 99 61 7 
488-2-8 1?2.537 = 2 89 50 31 36 54 20 67 39 92 83 38 33 25 28 94 81 18 46 8 
488-2-9 1?2.382 = 2 89 54 20 45 39 92 83 43 38 33 25 76 51 23 19 27 88 9 
488-2-10 1?2.33 = 2 89 54 20 67 39 92 83 43 38 33 25 76 51 23 19 27 88 29 10 
488-2-11 1?2.422 = 2 89 36 54 20 45 39 92 83 43 38 33 25 76 51 23 77 63 35 11 
488-2-12 1?2.474 = 2 89 54 20 45 39 92 83 43 38 33 25 76 51 23 77 74 34 57 12 
488-2-13 1?2.4 = 2 89 54 20 67 39 92 83 38 33 25 76 51 77 74 34 55 78 86 13 
488-2-14 1?2.268 = 2 89 50 31 36 54 20 52 91 75 42 44 70 64 73 95 26 14 
488-2-15 1?2.022 = 2 89 50 31 36 54 52 91 75 30 70 44 65 68 72 15 
488-3-4 1?1.952 = 3 97 50 31 36 54 20 21 40 90 53 96 60 87 4 
488-3-5 1?2.119 = 3 97 31 36 54 20 21 40 96 53 80 37 98 24 5 
488-3-6 1?2.085 = 3 97 31 36 54 20 21 40 96 53 80 37 66 56 79 6 
488-3-7 1?2.179 = 3 97 60 40 21 90 53 80 37 16 59 81 18 46 99 61 7 
488-3-8 1?2.543 = 3 50 31 36 20 45 39 92 83 43 38 33 25 28 94 18 81 46 8 
488-3-9 1?2.467 = 3 50 36 54 20 67 39 92 83 43 38 33 25 76 51 23 19 27 88 9 
488-3-10 1?2.385 = 3 50 36 20 67 39 92 83 38 33 25 76 51 23 19 27 88 29 10 
488-3-11 1?2.457 = 3 50 31 36 54 20 45 39 92 83 43 38 33 25 76 51 77 63 35 11 
488-3-12 1?2.535 = 3 97 31 36 54 20 67 39 92 83 43 38 33 25 76 51 77 74 34 57 12 
488-3-13 1?2.538 = 3 50 36 54 20 67 39 92 83 38 33 25 76 51 77 74 34 55 78 86 13 
488-3-14 1?2.573 = 3 97 31 36 54 20 45 39 92 83 43 38 58 82 64 95 73 41 26 14 
488-3-15 1?2.419 = 3 97 31 36 54 20 45 39 92 83 43 58 82 30 70 44 42 68 72 15 
488-4-5 1?2.154 = 4 87 60 97 31 36 54 20 21 40 90 53 96 24 5 
488-4-6 1?2.015 = 4 87 60 40 21 90 96 53 80 16 37 98 66 56 79 6 
488-4-7 1?2 = 4 87 60 40 21 90 53 80 16 59 81 18 46 99 61 7 
488-4-8 1?2.36 = 4 87 60 40 21 90 53 80 37 16 59 81 18 46 71 99 61 8 
488-4-9 1?2.382 = 4 87 60 40 90 67 39 92 83 43 38 33 25 76 51 23 19 27 88 9 
488-4-10 1?2.356 = 4 87 60 40 90 67 39 92 83 38 33 25 76 51 23 19 27 88 29 10 
488-4-11 1?2.404 = 4 87 60 40 96 53 90 67 39 92 83 43 38 33 25 76 51 23 35 11 
488-4-12 1?2.474 = 4 87 60 40 90 67 39 92 83 43 38 33 25 76 51 23 77 74 34 57 12 
488-4-13 1?2.48 = 4 87 60 40 90 67 39 92 83 43 38 33 25 76 51 77 74 34 55 78 86 13 
488-4-14 1?2.546 = 4 87 60 21 40 96 53 90 67 39 92 83 43 58 82 30 42 44 70 32 14 
488-4-15 1?2.42 = 4 87 60 40 21 67 39 92 83 43 58 82 30 42 44 70 32 65 68 72 15 
488-5-6 1?2.165 = 5 24 98 37 16 59 81 18 46 61 99 71 66 56 79 6 
488-5-7 1?2.033 = 5 24 96 90 53 80 37 16 59 81 18 46 61 99 7 
488-5-8 1?2.118 = 5 24 96 40 21 90 53 80 37 16 59 81 18 46 8 
488-5-9 1?2.371 = 5 24 98 80 69 92 83 38 33 25 76 51 23 19 27 88 9 
488-5-10 1?2.457 = 5 24 96 53 80 69 92 83 38 33 25 76 51 23 19 27 88 29 10 
488-5-11 1?2.636 = 5 24 96 53 90 40 21 67 39 92 83 43 38 33 25 76 51 23 35 11 
488-5-12 1?2.564 = 5 24 98 37 80 69 92 83 43 38 33 25 76 51 23 77 74 34 57 12 
488-5-13 1?2.626 = 5 24 96 53 90 67 39 92 83 43 38 33 25 76 51 77 74 34 55 78 86 13 
488-5-14 1?2.699 = 5 24 96 53 90 67 39 92 83 43 58 82 30 44 70 64 95 73 41 26 14 
488-5-15 1?2.561 = 5 24 96 53 90 67 39 92 83 43 58 82 30 42 44 70 32 65 68 72 15 
488-6-7 1?2.072 = 6 79 56 66 98 37 16 59 81 18 84 47 46 99 61 7 
488-6-8 1?2.128 = 6 79 56 66 98 37 16 22 85 59 81 18 46 99 61 8 
488-6-9 1?2.143 = 6 79 56 66 98 37 16 59 81 18 46 47 84 27 88 9 
488-6-10 1?2.383 = 6 79 56 98 80 69 92 83 38 33 25 76 51 23 19 27 88 29 10 
488-6-11 1?2.506 = 6 79 56 66 16 59 81 18 46 47 84 88 27 19 76 51 23 35 11 
488-6-12 1?2.575 = 6 79 56 98 37 80 69 92 83 43 38 33 25 76 51 23 77 74 34 57 12 
488-6-13 1?2.507 = 6 79 56 98 80 69 92 83 43 38 33 25 76 51 77 74 34 55 78 86 13 
488-6-14 1?2.721 = 6 79 56 66 37 16 22 85 28 25 33 38 92 83 43 58 82 64 95 73 41 26 14 
488-6-15 1?2.61 = 6 79 56 66 37 80 69 92 83 43 38 58 82 30 42 44 70 32 65 68 72 15 
488-7-8 1?2.181 = 7 61 99 46 18 81 59 85 94 19 27 88 84 47 8 
488-7-9 1?2.049 = 7 61 99 46 18 81 94 28 76 51 23 19 27 88 9 
488-7-10 1?2.014 = 7 61 46 18 81 94 28 76 51 23 19 27 88 29 10 
488-7-11 1?2.018 = 7 61 99 46 18 81 94 28 25 76 51 23 35 63 11 
488-7-12 1?2.472 = 7 61 99 71 81 18 46 47 84 88 27 19 23 76 51 77 74 34 57 12 
488-7-13 1?2.317 = 7 61 99 46 18 81 94 28 25 76 51 23 77 74 34 55 78 86 13 
488-7-14 1?2.496 = 7 61 99 46 18 81 59 22 85 28 25 33 38 58 82 30 44 70 32 14 
488-7-15 1?2.411 = 7 61 99 46 18 81 94 28 25 33 38 58 82 30 70 44 42 68 72 15 
488-8-9 1?2.112 = 8 46 18 81 59 85 28 25 76 51 23 19 27 88 9 
488-8-10 1?1.983 = 8 46 18 81 94 28 25 76 51 23 19 27 88 29 10 
488-8-11 1?2.003 = 8 46 81 18 47 84 88 27 19 23 51 77 63 35 11 
488-8-12 1?2.241 = 8 46 81 18 47 84 88 27 19 23 76 51 77 74 34 57 12 
488-8-13 1?2.469 = 8 46 81 18 47 84 88 27 19 23 51 76 17 48 74 34 55 78 86 13 
488-8-14 1?2.52 = 8 47 84 88 27 19 23 51 76 25 33 38 58 82 30 42 44 70 32 14 
488-8-15 1?2.597 = 8 47 84 27 19 23 51 76 25 33 38 58 82 30 44 70 32 65 68 72 15 
488-9-10 1?2.104 = 9 47 18 81 94 28 25 76 51 23 19 27 88 29 10 
488-9-11 1?2.129 = 9 47 46 81 18 84 88 27 19 23 51 77 63 35 11 
488-9-12 1?2.347 = 9 88 27 19 23 51 76 25 33 38 58 82 64 73 41 55 12 
488-9-13 1?2.355 = 9 88 27 19 23 51 76 25 33 38 58 82 64 95 73 41 55 78 86 13 
488-9-14 1?2.423 = 9 88 27 19 23 51 76 25 33 38 92 83 43 58 82 30 44 70 32 14 
488-9-15 1?2.382 = 9 88 27 19 23 51 76 25 33 38 58 82 30 70 44 42 65 68 72 15 
488-10-11 1?2.047 = 10 29 88 27 19 23 51 76 17 48 74 34 57 63 35 11 
488-10-12 1?2.164 = 10 29 88 27 19 23 51 17 48 64 95 73 41 55 78 86 12 
488-10-13 1?2.039 = 10 29 88 27 19 23 51 17 48 64 95 73 41 55 78 86 13 
488-10-14 1?2.234 = 10 29 88 27 19 23 51 76 25 33 38 58 82 64 73 95 26 14 
488-10-15 1?2.257 = 10 29 88 27 19 23 51 76 25 33 38 58 82 30 70 44 42 68 72 15 
488-11-12 1?2.13 = 11 35 63 77 23 51 76 25 17 48 74 34 55 78 86 12 
488-11-13 1?1.994 = 11 35 23 51 76 25 33 38 58 82 64 95 73 41 62 13 
488-11-14 1?2.046 = 11 35 23 51 76 25 33 38 58 82 64 73 95 26 14 
488-11-15 1?2.208 = 11 35 63 77 23 51 76 25 33 38 58 82 30 70 44 42 68 72 15 
488-12-13 1?2.088 = 12 57 34 74 77 23 51 76 17 48 73 41 55 86 78 13 
488-12-14 1?2.018 = 12 86 78 55 41 73 95 64 58 82 30 70 44 32 65 14 
488-12-15 1?1.85 = 12 86 78 55 41 73 95 64 30 44 70 32 65 68 72 15 
488-13-14 1?1.888 = 13 62 78 86 55 41 73 95 64 58 82 30 42 44 70 32 14 
488-13-15 1?1.725 = 13 86 78 55 41 73 95 64 30 44 70 32 65 68 72 15 
488-14-15 1?1.808 = 14 26 41 73 95 64 58 82 30 44 70 32 65 68 72 15 
stop
