start
864-0-2 1?2.135 = 0 71 73 58 69 75 25 93 23 65 50 24 31 86 47 2 
864-0-3 1?2.159 = 0 71 58 89 70 31 37 24 50 65 78 32 30 29 46 3 
864-0-4 1?2.396 = 0 71 73 58 89 70 31 86 47 37 24 50 65 78 32 28 43 4 
864-0-1 1?2.331 = 0 71 73 58 69 75 25 93 23 78 65 24 31 86 56 1 
864-0-5 1?2.518 = 0 71 73 58 89 70 31 86 47 37 24 50 65 78 32 28 43 44 66 5 
864-0-6 1?2.722 = 0 71 73 58 69 75 90 25 93 23 65 78 32 28 43 44 66 53 94 6 
864-0-9 1?2.581 = 0 71 73 72 95 64 34 27 77 92 49 21 59 74 40 87 39 18 16 9 
864-0-7 1?2.776 = 0 71 73 58 96 20 48 79 80 51 82 63 76 85 83 38 17 54 7 
864-0-11 1?2.124 = 0 71 73 58 72 95 64 34 97 27 77 92 49 21 59 74 40 67 87 81 11 
864-0-10 1?2.35 = 0 71 73 72 95 64 34 97 27 77 92 49 21 59 74 40 87 39 18 10 
864-0-8 1?2.842 = 0 71 73 72 95 64 34 97 27 77 92 19 57 36 82 51 80 85 83 38 8 
864-1-2 1?2.203 = 1 56 86 31 37 24 50 65 78 32 28 30 29 46 3 47 2 
864-0-15 1?2.418 = 0 71 73 58 96 20 48 52 41 97 27 34 64 95 72 15 
864-1-3 1?1.927 = 1 56 31 86 47 37 24 50 65 23 78 32 30 29 46 3 
864-0-13 1?2.208 = 0 71 73 58 72 95 64 34 97 27 77 92 49 59 74 21 98 13 
864-0-14 1?2.297 = 0 71 73 58 72 95 64 34 97 27 77 92 49 21 98 13 14 
864-1-6 1?2.381 = 1 56 31 86 47 37 24 50 65 78 32 30 28 43 44 66 53 94 6 
864-1-8 1?2.627 = 1 56 86 31 37 24 50 65 78 23 26 35 45 62 84 88 54 17 38 8 
864-1-4 1?2.339 = 1 56 31 86 47 37 24 50 65 93 23 78 32 28 30 29 46 4 
864-1-5 1?2.483 = 1 56 31 86 47 37 24 50 65 23 26 78 32 28 43 44 66 53 5 
864-0-12 1?2.172 = 0 71 73 72 95 64 34 97 27 77 92 49 21 59 74 40 87 81 67 12 
864-1-7 1?2.706 = 1 56 86 31 37 24 50 65 78 32 28 68 35 55 45 62 84 88 54 17 7 
864-1-15 1?2.381 = 1 56 86 31 24 65 78 23 93 25 75 69 58 73 72 15 
864-1-14 1?2.725 = 1 56 86 31 24 50 65 78 23 93 25 75 69 58 73 72 95 64 14 
864-2-5 1?1.621 = 2 47 86 31 37 24 50 65 78 32 30 28 43 44 66 5 
864-2-4 1?1.841 = 2 47 86 31 37 24 50 65 78 32 30 28 43 44 66 4 
864-2-3 1?1.76 = 2 47 86 56 31 37 24 50 65 78 32 28 30 29 46 3 
864-1-12 1?2.449 = 1 71 73 72 95 64 34 97 27 77 92 49 21 59 74 40 87 81 67 12 
864-2-6 1?2.164 = 2 47 86 31 37 24 50 65 23 78 32 28 43 44 66 53 94 6 
864-1-9 1?2.733 = 1 56 86 31 37 24 50 65 78 23 26 35 45 62 84 54 17 38 9 
864-1-13 1?2.614 = 1 71 73 58 72 95 64 34 97 27 77 92 49 19 57 59 21 98 13 
864-1-11 1?2.203 = 1 71 73 72 95 64 34 97 27 77 92 49 21 59 74 40 87 81 11 
864-1-10 1?2.627 = 1 71 73 72 95 64 34 97 27 77 92 49 21 59 74 40 87 39 18 10 
864-2-15 1?2.167 = 2 47 86 31 24 50 65 78 23 93 25 75 69 58 72 15 
864-3-5 1?1.877 = 3 46 29 30 32 78 65 23 93 26 68 28 43 44 66 5 
864-3-4 1?2.052 = 3 46 29 30 32 78 65 93 23 26 68 28 43 44 66 4 
864-2-14 1?2.533 = 2 47 86 31 37 24 50 65 78 23 93 25 75 20 52 97 27 34 14 
864-2-12 1?2.582 = 2 47 86 31 70 89 71 73 72 64 34 97 27 77 92 49 21 59 74 12 
864-2-11 1?2.344 = 2 47 86 31 70 69 96 97 27 77 92 49 21 59 74 40 87 81 11 
864-2-13 1?2.438 = 2 47 86 31 70 89 58 73 72 95 64 34 97 27 77 92 49 98 13 
864-2-9 1?2.659 = 2 47 86 31 37 24 50 65 78 23 26 22 99 91 33 88 54 17 38 9 
864-2-8 1?2.575 = 2 47 86 31 37 24 50 65 78 23 26 35 45 62 84 88 54 17 83 38 8 
864-2-7 1?2.455 = 2 47 86 31 24 50 65 78 32 28 68 35 55 45 62 84 88 54 17 7 
864-2-10 1?2.659 = 2 47 86 31 37 24 50 65 78 23 26 22 99 80 51 82 63 16 10 
864-4-5 1?1.976 = 4 46 29 30 32 78 65 23 93 26 68 28 43 44 66 5 
864-3-15 1?2.435 = 3 46 29 30 32 78 65 50 24 37 47 86 31 70 89 58 73 72 15 
864-3-6 1?2.097 = 3 46 29 30 50 65 93 23 78 32 28 43 44 66 53 94 6 
864-3-14 1?2.609 = 3 46 29 30 32 78 65 23 93 25 90 75 69 58 73 72 95 64 34 14 
864-3-12 1?2.553 = 3 46 29 30 32 65 78 23 26 22 99 80 51 82 36 74 59 21 12 
864-3-8 1?2.499 = 3 46 29 30 32 78 65 93 23 26 22 99 91 33 88 54 17 83 38 8 
864-3-9 1?2.569 = 3 46 29 30 32 78 65 23 26 35 55 45 62 84 88 54 17 83 38 9 
864-3-11 1?2.351 = 3 46 29 30 32 78 23 93 22 99 80 51 82 42 39 40 87 81 11 
864-3-13 1?2.588 = 3 46 29 30 32 78 23 26 22 99 80 51 82 36 57 19 92 49 13 
864-3-7 1?2.531 = 3 46 29 30 32 78 65 23 26 35 55 45 62 84 88 83 38 17 54 7 
864-3-10 1?2.75 = 3 46 29 30 32 78 65 23 93 25 75 90 20 48 79 80 51 82 63 16 10 
864-5-6 1?1.901 = 5 66 44 43 28 32 78 65 93 23 26 35 45 55 94 6 
864-4-6 1?2.196 = 4 46 29 30 50 65 93 23 78 32 28 43 44 66 53 94 6 
864-4-15 1?2.534 = 4 46 29 30 32 78 65 50 24 37 47 86 31 70 89 58 73 72 15 
864-4-8 1?2.446 = 4 46 29 30 32 78 65 23 26 35 55 45 62 84 54 17 83 38 8 
864-4-14 1?2.76 = 4 43 28 32 78 65 50 24 37 47 86 31 70 89 71 73 72 95 64 14 
864-4-7 1?2.31 = 4 46 29 30 32 78 65 23 26 35 55 45 62 84 54 17 7 
864-4-12 1?2.67 = 4 46 29 30 32 78 65 23 93 22 99 80 51 82 36 57 74 59 21 12 
864-4-9 1?2.61 = 4 46 29 30 32 78 65 23 26 35 55 45 62 84 54 17 83 38 9 
864-4-11 1?2.515 = 4 43 28 32 78 65 23 26 22 99 80 51 82 42 39 87 40 67 81 11 
864-4-13 1?2.741 = 4 43 28 32 78 23 26 22 99 80 51 82 36 57 74 59 21 49 92 13 
864-4-10 1?2.676 = 4 43 44 66 53 35 55 45 62 84 88 54 17 38 83 85 76 16 10 
864-6-8 1?2.155 = 6 53 66 44 68 35 55 45 62 84 88 54 17 83 38 8 
864-5-8 1?2.007 = 5 66 44 43 28 68 35 55 45 62 84 88 54 17 83 38 8 
864-5-7 1?2.089 = 5 66 44 43 28 30 32 78 65 23 26 35 55 45 60 7 
864-6-7 1?2.245 = 6 94 53 66 44 43 28 68 35 55 45 62 84 54 17 7 
864-5-14 1?2.742 = 5 66 44 43 28 32 78 65 23 93 25 90 75 69 58 73 72 95 64 34 14 
864-5-12 1?2.566 = 5 66 44 43 28 32 78 23 26 22 99 80 51 82 36 74 59 21 12 
864-5-15 1?2.659 = 5 66 44 43 28 32 78 65 50 24 37 47 86 31 70 89 69 58 73 72 15 
864-5-9 1?2.576 = 5 66 44 43 28 32 78 65 23 26 35 55 45 62 84 88 54 17 38 9 
864-5-11 1?2.452 = 5 53 35 55 45 62 91 99 80 51 82 36 57 59 74 40 67 87 81 11 
864-5-13 1?2.717 = 5 53 55 45 62 91 99 80 51 82 42 36 57 59 74 21 49 92 77 13 
864-5-10 1?2.716 = 5 66 44 43 28 68 35 55 45 62 84 33 88 54 17 38 83 85 76 16 10 
864-7-8 1?2.408 = 7 17 54 88 33 91 99 80 51 82 42 63 76 83 38 8 
864-6-9 1?2.182 = 6 94 55 45 62 84 33 88 54 17 38 83 85 76 16 9 
864-7-9 1?2.38 = 7 60 45 55 35 62 84 33 88 54 17 38 83 76 16 9 
864-7-10 1?2.3 = 7 60 55 45 62 84 33 88 54 17 38 83 85 76 16 10 
864-7-11 1?2.194 = 7 54 17 83 85 80 51 82 36 57 59 74 39 40 67 87 81 11 
864-6-11 1?2.236 = 6 94 55 45 62 91 99 80 51 82 36 57 59 74 40 67 87 81 11 
864-6-12 1?2.545 = 6 94 55 45 62 91 99 80 51 82 42 39 87 67 40 74 59 21 98 12 
864-6-15 1?2.829 = 6 94 53 66 44 43 28 32 78 65 50 24 37 31 70 89 71 73 72 15 
864-6-14 1?2.72 = 6 94 55 45 62 91 99 80 51 36 74 59 21 49 92 77 27 97 34 14 
864-6-13 1?2.545 = 6 94 55 45 62 84 91 99 80 51 82 36 57 74 59 21 49 92 13 
864-6-10 1?2.599 = 6 94 55 45 62 91 99 80 51 82 36 57 59 74 40 87 39 18 10 
864-8-9 1?2.339 = 8 38 17 54 88 33 91 99 80 51 82 42 63 76 16 9 
864-8-11 1?1.852 = 8 38 83 85 80 51 82 36 57 59 74 40 67 87 81 11 
864-8-10 1?2.201 = 8 38 83 76 63 42 36 57 59 74 40 67 87 39 18 10 
864-8-12 1?2.238 = 8 38 83 76 63 42 39 87 67 40 74 59 57 19 92 49 21 12 
864-7-12 1?2.423 = 7 54 17 38 83 85 80 51 82 42 39 87 81 67 40 74 59 21 12 
864-7-15 1?2.724 = 7 54 17 83 76 63 42 36 74 59 21 49 92 77 27 97 34 64 95 15 
864-7-14 1?2.622 = 7 54 17 83 85 80 51 82 36 57 74 59 21 49 92 77 27 97 34 14 
864-8-14 1?2.51 = 8 38 83 76 63 18 39 87 67 40 74 59 21 49 92 77 27 97 34 14 
864-8-15 1?2.644 = 8 38 83 85 80 51 82 36 57 74 59 21 49 92 77 27 97 34 64 95 15 
864-8-13 1?2.391 = 8 38 83 85 80 51 82 42 39 87 81 67 40 74 59 21 49 92 13 
864-7-13 1?2.502 = 7 54 17 38 83 85 76 63 18 39 87 67 40 74 59 21 49 92 13 
864-10-12 1?1.844 = 10 16 18 39 87 81 67 40 74 59 57 19 92 49 21 12 
864-10-14 1?1.813 = 10 18 39 87 67 40 74 59 21 49 92 77 27 97 34 14 
864-10-13 1?1.95 = 10 18 39 87 81 67 40 74 57 59 21 98 49 92 77 13 
864-10-11 1?1.992 = 10 16 63 42 82 51 80 61 41 19 59 74 40 87 81 11 
864-9-11 1?2.04 = 9 16 63 42 82 51 80 61 41 19 59 74 40 87 81 11 
864-9-10 1?2.483 = 9 16 63 82 51 80 61 19 77 92 49 59 74 39 18 10 
864-9-12 1?2.322 = 9 16 63 80 51 82 42 39 87 67 40 74 59 19 92 49 21 12 
864-10-15 1?2.296 = 10 18 39 40 87 81 67 74 59 21 98 49 92 77 27 97 34 64 95 15 
864-9-15 1?2.506 = 9 16 18 39 87 40 67 74 59 21 49 92 77 27 97 34 64 95 72 15 
864-9-14 1?2.417 = 9 16 18 39 87 81 67 40 74 59 21 49 92 77 27 97 34 64 95 14 
864-9-13 1?2.383 = 9 16 76 63 80 51 82 42 39 87 67 40 74 59 21 49 92 13 
864-11-12 1?1.622 = 11 81 67 40 87 39 74 59 57 19 41 77 92 49 21 12 
864-13-15 1?2.01 = 13 92 49 21 59 74 57 19 77 27 97 34 64 95 72 15 
864-12-15 1?1.709 = 12 67 87 40 74 59 21 49 92 77 27 97 34 64 95 15 
864-14-15 1?2.305 = 14 34 97 27 77 92 49 21 59 74 57 19 41 52 96 72 15 
864-11-14 1?1.518 = 11 81 67 40 87 39 74 59 21 49 92 77 27 97 34 14 
864-12-14 1?1.712 = 12 67 81 87 40 39 74 59 21 49 92 77 27 97 34 14 
864-13-14 1?2.093 = 13 98 12 67 40 74 59 21 49 92 77 27 97 34 64 95 14 
864-11-13 1?1.703 = 11 81 67 40 87 39 74 59 21 49 92 77 27 97 34 13 
864-12-13 1?1.898 = 12 67 81 87 40 74 59 21 98 49 92 77 27 97 34 13 
864-11-15 1?2.349 = 11 81 67 40 39 74 59 21 49 92 77 27 97 34 64 95 72 58 71 73 15 
stop
