start
493-0-2 1?2.014 = 0 25 52 40 82 39 62 23 35 16 29 73 51 96 64 2 
493-0-4 1?2.154 = 0 25 92 94 73 29 50 77 48 56 46 98 17 60 21 70 91 68 4 
493-0-1 1?2.132 = 0 25 52 40 82 39 62 23 35 16 29 50 73 94 92 1 
493-0-8 1?2.36 = 0 25 52 40 39 62 23 35 76 45 27 86 66 95 75 89 90 26 36 72 8 
493-0-7 1?2.533 = 0 52 40 39 62 23 35 76 45 27 86 66 95 75 89 36 26 90 55 58 7 
493-0-5 1?2.447 = 0 92 25 52 40 94 73 29 50 77 48 56 46 98 17 60 21 34 18 5 
493-0-9 1?2.52 = 0 92 25 52 40 82 16 39 62 23 35 76 45 27 86 66 81 37 19 28 9 
493-0-6 1?2.514 = 0 25 92 94 73 29 50 77 48 56 46 98 17 70 60 21 91 34 18 69 6 
493-0-3 1?2.089 = 0 25 92 73 29 50 77 48 46 98 17 60 21 70 41 32 3 
493-0-11 1?2.172 = 0 25 52 40 82 16 39 62 23 35 76 45 27 86 66 81 71 80 22 38 11 
493-0-10 1?2.383 = 0 92 25 52 40 82 39 62 23 35 76 45 27 86 66 81 71 54 19 28 10 
493-1-2 1?2.224 = 1 51 46 98 17 70 60 21 34 91 41 32 67 96 64 2 
493-0-14 1?1.884 = 0 92 25 52 40 33 61 24 39 82 16 62 23 35 88 14 
493-0-15 1?2.039 = 0 25 52 40 82 94 73 29 50 48 77 16 39 33 15 
493-0-13 1?1.954 = 0 25 52 40 39 62 23 35 76 45 86 27 87 44 84 13 
493-1-4 1?2.171 = 1 73 29 50 77 48 46 98 17 70 60 21 34 91 68 4 
493-1-3 1?2.272 = 1 73 29 50 77 48 56 46 98 17 70 60 21 91 41 32 3 
493-1-8 1?2.527 = 1 92 25 52 40 39 62 23 35 76 45 86 66 95 75 36 26 72 8 
493-1-5 1?2.396 = 1 92 25 94 73 29 50 77 48 56 46 98 17 70 60 21 34 18 5 
493-1-6 1?2.456 = 1 96 64 67 46 98 17 60 21 70 91 34 83 57 42 49 79 69 6 
493-1-7 1?2.533 = 1 96 64 67 46 98 17 60 21 70 91 34 18 79 49 42 20 7 
493-0-12 1?2.079 = 0 25 52 40 82 16 39 62 23 35 76 45 86 66 27 87 43 65 12 
493-1-15 1?1.997 = 1 73 29 94 92 25 52 40 82 16 62 39 33 24 61 15 
493-1-14 1?2.445 = 1 92 25 52 40 39 62 23 35 76 45 86 66 27 87 44 84 88 14 
493-1-13 1?2.385 = 1 92 25 52 40 33 39 62 23 35 76 45 86 27 87 44 84 13 
493-2-3 1?2.191 = 2 64 96 67 98 17 70 60 21 34 18 68 91 41 32 3 
493-2-4 1?1.748 = 2 64 96 51 67 46 98 17 60 21 70 91 34 68 4 
493-2-5 1?1.728 = 2 64 96 51 67 46 98 17 60 21 70 91 34 18 5 
493-1-12 1?2.185 = 1 92 25 52 40 82 39 62 23 35 76 45 66 86 27 87 43 65 12 
493-1-10 1?2.41 = 1 92 25 52 40 39 62 23 35 76 45 27 86 66 81 37 19 28 10 
493-1-9 1?2.502 = 1 92 25 52 40 39 62 23 35 76 45 27 86 66 81 37 19 28 9 
493-2-6 1?2.331 = 2 64 96 51 67 46 98 17 60 21 70 91 34 83 57 42 49 79 69 6 
493-1-11 1?2.279 = 1 92 25 52 40 82 39 62 23 35 76 45 27 86 66 81 71 80 22 38 11 
493-2-15 1?1.886 = 2 64 96 51 73 94 92 25 52 40 82 39 33 24 61 15 
493-3-5 1?2.118 = 3 2 64 96 51 67 46 98 17 60 21 70 91 34 18 5 
493-2-14 1?2.243 = 2 64 96 51 73 29 94 92 25 52 40 82 16 39 33 61 24 53 14 
493-2-13 1?2.412 = 2 64 96 51 73 94 92 25 52 40 82 39 62 23 35 76 44 84 13 
493-3-4 1?2.138 = 3 2 64 96 51 67 46 98 17 60 21 70 91 34 68 4 
493-2-12 1?2.427 = 2 64 96 51 73 29 82 39 62 23 35 76 45 86 27 87 43 65 12 
493-2-8 1?2.376 = 2 64 67 98 17 70 60 21 34 18 79 49 42 47 90 26 36 72 8 
493-2-10 1?2.698 = 2 64 67 46 98 17 70 60 21 31 30 85 59 99 95 37 19 28 10 
493-2-9 1?2.595 = 2 64 96 51 67 46 98 17 60 70 21 31 30 85 74 99 89 75 9 
493-2-7 1?2.346 = 2 64 96 67 46 98 17 60 21 70 91 34 83 57 42 49 79 20 7 
493-2-11 1?2.588 = 2 64 96 51 73 29 82 39 62 23 35 76 45 27 86 66 81 71 80 22 38 11 
493-3-6 1?1.911 = 3 32 98 17 70 60 21 91 34 83 57 42 49 79 69 6 
493-4-5 1?2.181 = 4 68 91 70 17 60 21 31 30 83 57 42 49 79 69 5 
493-3-13 1?2.583 = 3 32 41 70 21 60 17 98 46 56 48 77 50 16 62 23 35 84 13 
493-3-15 1?2.284 = 3 32 41 70 21 60 17 98 46 48 77 50 29 73 94 40 33 15 
493-3-14 1?2.498 = 3 32 41 70 21 60 17 98 46 50 29 73 94 52 40 33 61 24 53 14 
493-3-8 1?2.24 = 3 32 41 70 17 60 21 31 30 85 74 99 89 75 36 26 90 72 8 
493-3-12 1?2.606 = 3 32 41 70 17 60 21 31 30 85 59 97 66 86 27 45 87 43 65 12 
493-3-10 1?2.827 = 3 32 41 70 21 60 17 98 46 56 78 30 85 74 99 95 37 19 28 10 
493-3-9 1?2.828 = 3 32 41 17 60 21 70 91 34 83 57 79 49 42 47 90 26 36 89 75 9 
493-3-7 1?2.338 = 3 32 41 70 17 60 21 31 30 85 74 89 75 36 26 90 55 58 7 
493-3-11 1?2.707 = 3 32 41 70 17 60 21 31 30 85 74 99 89 75 95 37 54 63 22 38 11 
493-4-6 1?1.891 = 4 68 91 70 17 60 21 31 30 83 57 42 49 79 69 6 
493-5-6 1?1.95 = 5 18 34 21 70 17 60 31 30 83 57 42 49 79 69 6 
493-4-14 1?2.33 = 4 68 91 70 21 60 17 98 46 48 77 16 39 33 61 24 53 14 
493-4-15 1?2.268 = 4 68 91 70 21 60 17 98 46 48 77 50 29 73 94 40 33 15 
493-4-13 1?2.56 = 4 68 91 70 17 60 21 31 30 85 59 97 66 86 27 45 44 84 13 
493-4-8 1?2.164 = 4 68 91 70 17 60 21 34 18 79 49 42 47 90 26 36 72 8 
493-4-10 1?2.584 = 4 68 91 70 17 60 21 31 30 85 74 99 89 75 95 37 19 28 10 
493-4-9 1?2.549 = 4 68 91 70 17 60 21 31 30 85 59 99 75 89 90 26 36 72 9 
493-4-12 1?2.558 = 4 68 91 70 21 60 17 98 46 78 97 66 86 27 45 87 43 65 12 
493-4-7 1?2.238 = 4 68 91 70 17 60 21 31 30 85 47 90 26 36 72 55 58 7 
493-4-11 1?2.613 = 4 68 34 91 70 17 60 21 31 30 85 74 99 95 37 54 63 80 22 38 11 
493-6-8 1?1.958 = 6 69 79 49 42 57 83 30 85 74 99 75 89 90 26 36 72 8 
493-5-8 1?2.256 = 5 18 34 21 70 60 31 30 85 74 99 89 75 36 26 90 72 8 
493-5-13 1?2.621 = 5 18 34 91 70 21 60 17 98 46 48 77 16 39 62 23 35 84 13 
493-5-14 1?2.49 = 5 18 34 21 60 70 17 98 46 50 29 73 94 52 40 33 24 53 14 
493-6-7 1?2.099 = 6 69 79 49 42 57 83 30 85 74 99 75 89 90 55 58 7 
493-5-9 1?2.538 = 5 18 34 21 60 70 17 98 46 78 30 85 47 90 26 36 9 
493-5-15 1?2.429 = 5 18 34 21 60 70 17 98 46 48 77 50 29 73 94 92 25 52 33 15 
493-5-7 1?2.119 = 5 18 34 91 70 17 60 21 31 30 83 57 79 49 42 58 7 
493-5-10 1?2.625 = 5 18 34 21 60 70 17 98 46 78 30 85 74 89 75 19 28 10 
493-5-12 1?2.58 = 5 18 34 21 60 70 17 98 46 78 97 66 86 27 45 87 43 65 12 
493-5-11 1?2.536 = 5 18 34 91 70 17 60 21 31 30 85 59 95 37 54 63 80 22 38 11 
493-7-8 1?2.009 = 7 20 42 49 57 30 85 74 99 89 75 36 26 90 72 8 
493-7-10 1?2.209 = 7 58 55 72 90 26 36 75 89 74 99 95 37 54 19 28 10 
493-7-9 1?2.301 = 7 58 55 72 90 26 36 75 89 74 99 95 37 54 19 28 9 
493-6-14 1?2.525 = 6 69 79 49 42 57 83 30 85 59 97 66 86 27 45 76 35 23 62 88 14 
493-6-9 1?2.36 = 6 69 79 49 42 57 83 30 85 59 99 75 89 36 26 90 72 9 
493-6-13 1?2.71 = 6 69 79 49 42 47 90 26 36 89 75 95 66 86 27 45 87 44 84 13 
493-6-15 1?2.516 = 6 69 79 49 57 83 30 85 59 97 66 86 27 45 76 35 23 62 39 24 61 15 
493-6-10 1?2.63 = 6 69 79 49 42 20 58 55 90 26 36 75 89 74 99 95 37 19 28 10 
493-7-11 1?2.344 = 7 58 55 72 36 26 90 89 75 99 95 37 81 71 54 63 80 22 38 11 
493-6-12 1?2.678 = 6 69 79 49 42 47 90 26 36 89 75 37 81 66 86 27 45 87 43 65 12 
493-6-11 1?2.556 = 6 69 79 49 42 20 58 55 72 36 26 90 89 75 37 54 63 80 22 38 11 
493-8-12 1?1.902 = 8 72 36 26 90 89 75 95 66 86 27 45 87 43 12 
493-8-10 1?2.059 = 8 72 90 26 36 75 89 74 99 95 37 81 71 54 63 10 
493-8-9 1?2.159 = 8 72 36 26 90 89 75 99 95 37 81 71 54 19 28 9 
493-7-14 1?2.431 = 7 58 55 72 26 36 90 89 75 95 66 86 27 45 76 35 23 62 88 14 
493-8-13 1?2.513 = 8 72 90 26 36 75 89 74 99 95 37 81 66 86 27 45 87 44 84 13 
493-7-13 1?2.59 = 7 58 55 72 26 36 90 89 75 95 37 81 66 86 27 45 87 44 84 13 
493-8-14 1?2.301 = 8 72 26 36 89 75 95 66 86 27 45 76 35 23 62 39 24 61 53 14 
493-8-11 1?1.88 = 8 72 36 26 90 89 75 95 37 54 71 63 80 22 38 11 
493-7-15 1?2.509 = 7 58 55 90 26 36 89 75 37 81 66 86 27 45 76 35 23 62 39 24 61 15 
493-8-15 1?2.307 = 8 72 36 26 90 89 75 95 66 86 27 45 76 35 23 62 39 33 24 61 15 
493-7-12 1?2.467 = 7 58 55 72 36 26 90 89 75 95 37 81 66 86 27 45 87 43 65 12 
493-9-12 1?2.188 = 9 72 36 26 90 89 75 95 66 86 27 45 87 43 12 
493-10-12 1?2.259 = 10 28 19 54 71 81 66 86 27 45 76 44 87 43 65 12 
493-9-10 1?2.345 = 9 72 90 26 36 75 89 74 99 95 37 81 71 54 63 10 
493-10-13 1?2.522 = 10 28 19 54 63 80 22 38 65 43 87 27 86 66 45 44 84 13 
493-9-14 1?2.307 = 9 28 19 37 81 66 86 27 45 76 35 23 62 39 33 61 24 53 14 
493-9-13 1?2.641 = 9 19 37 81 66 86 27 45 76 35 23 62 39 24 61 53 88 84 13 
493-10-14 1?2.206 = 10 63 54 71 81 66 86 27 45 76 35 23 62 39 33 24 61 53 14 
493-10-15 1?2.205 = 10 28 19 54 71 81 66 86 27 45 76 35 23 62 39 33 24 61 15 
493-10-11 1?2.097 = 10 63 54 71 81 66 86 27 45 87 43 65 93 80 22 38 11 
493-9-11 1?2.186 = 9 72 90 26 36 75 89 74 99 95 37 54 63 80 22 38 11 
493-9-15 1?2.464 = 9 28 19 37 95 66 86 27 45 76 35 23 62 39 82 40 33 24 61 15 
493-14-15 1?2.035 = 14 53 24 61 33 39 62 23 35 16 82 40 94 25 52 15 
493-12-15 1?1.764 = 12 65 43 87 27 86 66 45 76 35 23 62 39 24 61 15 
493-13-15 1?1.876 = 13 84 44 87 27 86 66 45 76 35 23 62 39 24 61 15 
493-12-14 1?1.833 = 12 43 87 27 86 66 45 76 35 23 62 39 24 61 53 14 
493-11-12 1?2.177 = 11 38 22 80 63 54 81 66 86 27 45 76 44 87 43 65 12 
493-13-14 1?1.969 = 13 84 44 87 27 86 66 45 76 35 23 62 39 24 53 14 
493-11-13 1?2.104 = 11 38 22 80 63 54 37 95 66 86 27 45 87 44 84 13 
493-12-13 1?2.216 = 12 43 87 27 86 45 76 35 23 62 39 24 53 88 84 13 
493-11-14 1?2.017 = 11 22 80 71 81 66 86 27 45 76 35 23 62 39 33 61 24 53 14 
493-11-15 1?2.067 = 11 38 22 80 93 87 27 86 66 45 76 35 23 62 39 82 40 33 15 
stop
