start
633-0-2 1?1.685 = 0 42 80 47 31 92 60 50 75 81 77 72 58 54 52 2 
633-0-3 1?2.137 = 0 42 80 47 35 31 92 60 50 75 81 77 72 36 58 54 62 3 
633-0-4 1?2.073 = 0 42 35 31 92 60 50 75 70 25 28 79 19 64 73 21 87 4 
633-0-5 1?2.13 = 0 42 35 31 92 60 50 75 70 25 28 79 19 64 73 40 99 5 
633-0-8 1?2.39 = 0 42 80 47 60 50 75 70 25 48 95 59 94 83 49 85 23 91 30 8 
633-0-1 1?1.604 = 0 42 80 47 31 92 60 50 75 81 77 72 36 58 26 1 
633-0-10 1?2.411 = 0 42 80 47 31 92 60 50 75 70 25 95 59 94 83 49 85 98 34 10 
633-0-11 1?2.35 = 0 42 80 47 31 77 81 92 60 50 75 16 89 61 18 76 27 63 96 11 
633-0-7 1?2.357 = 0 42 80 47 31 92 60 50 75 70 25 95 48 71 88 20 51 84 33 7 
633-0-9 1?2.697 = 0 42 80 47 35 31 77 81 92 60 50 75 70 25 48 95 59 94 83 49 85 23 9 
633-0-6 1?2.306 = 0 42 80 47 31 92 60 50 75 70 25 95 48 71 88 20 57 37 56 6 
633-1-4 1?1.973 = 1 44 45 35 31 92 50 75 70 25 28 79 19 21 87 4 
633-0-14 1?1.67 = 0 42 80 47 35 31 92 60 50 75 16 82 38 41 39 14 
633-0-15 1?1.666 = 0 44 45 35 31 92 77 81 75 50 60 47 80 65 67 15 
633-1-3 1?1.879 = 1 44 45 35 31 92 60 50 75 81 77 72 36 86 62 3 
633-0-13 1?1.893 = 0 42 80 47 31 77 81 92 60 50 75 89 69 74 55 13 
633-1-5 1?2.089 = 1 44 45 35 31 92 60 50 75 70 25 28 79 22 97 17 5 
633-1-2 1?1.626 = 1 44 45 35 31 92 60 50 75 81 77 72 36 54 52 2 
633-1-6 1?2.233 = 1 44 45 35 31 92 60 50 75 70 25 95 48 71 20 57 37 56 6 
633-1-7 1?2.329 = 1 26 44 45 35 31 92 60 50 75 70 25 95 48 71 88 20 51 84 7 
633-1-8 1?2.329 = 1 44 45 35 31 92 60 50 75 70 59 94 83 49 85 23 91 30 8 
633-0-12 1?2.128 = 0 42 35 31 77 81 92 60 50 75 16 89 61 18 76 27 68 24 12 
633-2-4 1?2.094 = 2 52 54 36 72 77 81 25 28 79 22 19 64 73 21 87 4 
633-2-3 1?2.116 = 2 52 54 36 72 77 81 92 50 75 70 25 28 86 62 3 
633-2-5 1?2.234 = 2 52 54 36 72 77 81 75 70 25 28 79 19 64 73 40 99 5 
633-1-13 1?2.092 = 1 26 44 45 35 31 60 50 75 16 89 61 18 76 27 68 32 13 
633-1-10 1?2.427 = 1 44 45 35 31 92 60 50 75 70 25 48 95 59 94 83 49 85 98 34 10 
633-1-14 1?1.582 = 1 26 44 45 35 31 60 50 75 16 82 38 41 39 14 
633-2-6 1?2.348 = 2 52 54 36 72 77 81 70 25 95 48 71 88 20 57 37 56 43 6 
633-1-15 1?1.579 = 1 26 44 45 35 31 77 81 92 50 60 47 80 65 67 15 
633-1-11 1?2.366 = 1 26 44 45 35 31 92 60 50 75 16 89 61 18 76 27 68 24 96 11 
633-1-12 1?2.183 = 1 26 44 45 35 31 77 81 92 60 50 75 16 89 61 18 27 68 24 12 
633-1-9 1?2.443 = 1 26 44 45 35 31 60 50 75 70 25 48 95 59 94 83 49 85 23 9 
633-3-5 1?2.258 = 3 62 86 28 79 22 19 97 73 64 21 87 40 99 17 5 
633-3-4 1?2.365 = 3 62 54 36 72 77 81 25 28 79 22 19 64 73 21 87 4 
633-2-13 1?2.267 = 2 52 54 36 72 77 81 92 60 50 75 16 89 61 18 76 27 68 32 13 
633-2-10 1?2.548 = 2 52 54 58 72 77 81 92 60 50 75 70 59 94 83 49 85 98 34 10 
633-2-15 1?1.698 = 2 52 54 36 72 77 81 75 50 60 92 31 47 80 65 67 15 
633-2-12 1?2.184 = 2 52 54 36 72 77 81 92 60 50 75 16 89 61 18 76 27 68 24 12 
633-2-11 1?2.425 = 2 52 54 36 72 77 92 60 50 75 16 89 61 18 76 68 27 63 96 11 
633-2-7 1?2.408 = 2 52 54 36 72 77 92 60 50 75 70 25 95 48 71 20 51 84 7 
633-2-8 1?2.485 = 2 52 54 36 72 77 81 50 75 70 59 94 83 49 85 23 91 30 8 
633-2-9 1?2.509 = 2 52 54 58 72 77 81 92 60 50 75 70 59 94 83 49 85 23 9 
633-2-14 1?2.079 = 2 52 54 58 44 45 35 31 77 81 92 60 50 75 16 82 38 41 39 14 
633-4-5 1?2.181 = 4 87 21 64 73 97 37 57 20 51 33 78 56 43 17 5 
633-3-13 1?2.52 = 3 62 86 36 72 77 81 92 60 50 75 16 89 61 18 76 27 68 32 13 
633-3-10 1?2.757 = 3 87 21 73 64 19 22 79 28 25 48 95 59 94 83 49 85 98 90 34 10 
633-3-7 1?2.556 = 3 87 21 73 64 19 22 79 71 88 20 57 37 56 78 33 84 93 7 
633-3-6 1?2.44 = 3 87 21 73 64 19 22 79 71 88 20 51 57 37 78 56 43 6 
633-3-11 1?2.629 = 3 62 86 36 72 77 81 92 60 50 75 89 61 18 76 68 27 63 96 11 
633-3-8 1?2.641 = 3 87 21 73 64 19 22 79 28 48 95 59 94 83 49 85 23 91 30 8 
633-3-9 1?2.78 = 3 62 54 58 72 77 81 92 60 50 75 70 59 94 83 49 85 23 9 
633-3-12 1?2.455 = 3 62 54 36 72 77 81 92 60 50 75 16 89 61 18 76 27 68 24 12 
633-3-15 1?2.192 = 3 62 54 58 36 72 77 81 75 50 60 92 31 35 47 80 65 67 15 
633-3-14 1?2.35 = 3 62 54 58 44 45 35 31 77 81 92 60 50 75 16 82 38 41 39 14 
633-5-6 1?2.044 = 5 99 40 73 64 19 22 79 71 88 20 57 37 56 43 6 
633-4-6 1?2.221 = 4 87 21 73 64 19 22 79 71 88 20 51 57 37 78 56 6 
633-4-7 1?2.408 = 4 87 21 73 64 19 22 79 71 88 20 51 57 37 56 78 33 84 7 
633-4-10 1?2.647 = 4 87 21 73 64 19 22 79 28 25 48 95 59 94 83 49 85 23 90 34 10 
633-4-13 1?2.558 = 4 87 21 73 64 19 22 79 28 25 70 75 50 92 60 16 89 69 74 55 13 
633-4-8 1?2.447 = 4 87 21 73 64 19 22 79 28 48 95 59 94 83 49 85 23 91 30 8 
633-4-12 1?2.516 = 4 87 21 73 64 19 79 28 25 70 75 50 60 16 89 61 76 68 24 12 
633-4-11 1?2.719 = 4 87 21 73 64 19 22 79 28 25 70 75 50 60 16 89 18 63 96 11 
633-4-9 1?2.637 = 4 87 21 73 64 19 22 79 28 25 48 95 59 94 83 49 85 98 34 90 9 
633-4-15 1?2.137 = 4 87 21 73 64 19 22 79 28 25 70 75 50 60 92 31 47 65 67 15 
633-4-14 1?2.195 = 4 87 21 73 64 19 22 79 28 25 70 75 50 60 16 82 38 41 39 14 
633-5-8 1?2.021 = 5 17 99 40 73 64 97 57 37 56 78 33 84 93 30 8 
633-6-7 1?2.226 = 6 43 17 99 40 73 21 64 97 57 37 56 78 33 84 93 7 
633-5-7 1?2.027 = 5 17 99 40 21 73 64 97 57 37 43 56 78 33 84 93 7 
633-6-8 1?2.171 = 6 43 56 37 57 20 71 88 83 49 85 23 91 30 8 
633-5-10 1?2.529 = 5 99 40 73 64 19 22 79 28 25 48 95 59 94 83 49 85 98 34 10 
633-5-9 1?2.49 = 5 99 40 73 64 19 22 79 28 25 48 95 59 94 83 49 85 23 9 
633-5-11 1?2.633 = 5 99 40 73 64 19 22 79 28 48 95 59 94 18 76 68 27 63 96 11 
633-5-12 1?2.564 = 5 99 40 21 73 64 19 22 79 28 25 48 95 59 94 18 76 27 68 24 12 
633-5-13 1?2.691 = 5 17 97 22 79 28 25 70 75 50 60 16 89 61 18 76 27 68 32 13 
633-5-15 1?2.194 = 5 99 40 73 64 19 22 79 28 25 70 75 50 60 92 31 47 65 67 15 
633-5-14 1?2.535 = 5 40 73 64 19 22 79 28 25 70 81 77 92 60 50 75 16 82 38 41 39 14 
633-6-9 1?2.273 = 6 43 56 37 57 20 71 48 95 59 94 83 49 85 23 9 
633-7-9 1?2.303 = 7 93 84 33 78 56 37 57 51 53 91 23 85 98 90 9 
633-7-10 1?2.212 = 7 93 84 33 78 56 43 37 57 51 53 91 23 90 34 10 
633-7-8 1?2.312 = 7 33 78 37 57 20 71 88 83 49 85 23 91 30 8 
633-6-10 1?2.459 = 6 43 56 37 57 20 88 71 48 95 59 94 83 49 85 98 90 34 10 
633-7-11 1?2.574 = 7 84 33 78 56 37 57 20 88 71 48 95 59 94 83 49 66 96 11 
633-6-11 1?2.577 = 6 43 56 78 37 57 51 20 71 88 48 95 59 94 83 49 66 96 11 
633-6-13 1?2.652 = 6 43 56 37 57 20 88 71 48 95 25 70 75 50 60 16 82 38 41 39 13 
633-6-12 1?2.489 = 6 43 56 78 33 84 51 20 88 71 48 95 59 94 18 27 76 68 24 12 
633-6-14 1?2.406 = 6 43 56 37 57 20 88 71 48 95 25 70 75 50 60 16 82 38 41 39 14 
633-6-15 1?2.496 = 6 43 56 37 57 20 71 48 95 25 70 75 50 60 92 81 77 31 47 80 65 67 15 
633-8-9 1?2.382 = 8 30 93 84 33 78 56 43 37 57 51 53 91 23 90 9 
633-8-10 1?2.323 = 8 30 93 84 33 78 56 37 57 51 53 91 23 90 34 10 
633-8-11 1?2.425 = 8 30 91 23 85 49 83 94 18 27 76 68 24 96 11 
633-8-13 1?2.667 = 8 30 91 23 85 49 83 94 59 70 75 50 60 16 82 38 41 39 13 
633-8-12 1?2.506 = 8 30 91 23 85 98 66 63 27 68 76 18 61 69 74 55 32 12 
633-7-13 1?2.678 = 7 33 84 51 20 88 71 48 95 25 70 75 50 60 16 82 38 41 39 13 
633-7-12 1?2.427 = 7 33 78 37 57 20 88 71 48 95 59 94 18 76 27 68 24 12 
633-8-14 1?2.499 = 8 91 23 85 49 83 94 59 95 48 25 70 75 50 16 82 38 41 39 14 
633-7-14 1?2.525 = 7 78 37 57 20 88 71 48 95 25 70 75 50 60 16 82 38 41 39 14 
633-8-15 1?2.514 = 8 30 91 23 85 49 83 94 59 95 48 25 70 75 50 60 92 31 47 65 67 15 
633-7-15 1?2.575 = 7 78 56 37 57 20 88 71 48 95 25 70 75 50 60 92 31 47 80 65 67 15 
633-9-10 1?2.633 = 9 23 53 20 88 71 48 95 59 94 83 49 85 98 34 10 
633-10-11 1?2.62 = 10 34 90 23 85 98 66 63 18 76 27 68 32 24 96 11 
633-9-11 1?2.681 = 9 23 53 51 20 71 88 48 95 59 94 83 49 66 96 11 
633-10-13 1?2.553 = 10 34 98 49 83 94 59 70 75 50 60 16 82 38 41 39 13 
633-9-13 1?2.641 = 9 23 85 49 83 94 59 95 25 70 75 50 60 16 69 74 55 13 
633-10-12 1?2.483 = 10 34 98 66 63 27 68 76 18 61 89 69 74 55 32 24 12 
633-9-12 1?2.642 = 9 91 23 85 98 66 63 27 68 76 18 61 69 74 55 32 24 12 
633-10-14 1?2.307 = 10 34 98 49 83 94 59 70 75 50 60 16 82 38 41 39 14 
633-10-15 1?2.348 = 10 34 98 85 49 83 94 59 70 75 50 60 92 31 47 80 65 67 15 
633-9-15 1?2.422 = 9 23 85 49 83 94 59 95 48 25 70 75 50 60 92 31 47 65 67 15 
633-9-14 1?2.474 = 9 23 85 49 83 94 59 48 25 70 75 50 60 16 82 38 41 39 14 
633-12-13 1?2.159 = 12 24 68 27 18 61 89 75 50 60 16 69 74 55 13 
633-11-13 1?2.342 = 11 96 24 32 68 27 76 18 61 89 69 74 55 41 39 13 
633-12-14 1?1.933 = 12 24 68 27 76 61 89 75 50 60 16 82 38 41 39 14 
633-14-15 1?1.675 = 14 39 41 38 82 16 75 50 60 92 31 35 80 65 67 15 
633-11-14 1?2.096 = 11 96 24 32 68 27 76 18 61 89 69 74 55 41 39 14 
633-13-14 1?2.026 = 13 32 68 27 76 18 89 75 50 60 16 82 38 41 14 
633-13-15 1?1.854 = 13 55 74 69 89 16 75 50 60 92 31 47 80 65 67 15 
633-11-12 1?2.396 = 11 96 24 68 27 76 18 61 89 69 74 38 41 55 32 12 
633-12-15 1?1.985 = 12 24 68 27 76 61 89 16 75 50 60 92 31 47 80 65 67 15 
633-11-15 1?2.18 = 11 96 63 27 68 76 18 61 89 75 50 60 92 31 47 65 67 15 
stop
