start
180-0-3 1?1.86 = 0 59 25 79 70 67 69 88 18 43 91 38 41 66 83 3 
180-0-2 1?1.879 = 0 59 25 79 70 67 69 88 43 91 24 38 41 66 83 2 
180-0-4 1?2.26 = 0 59 72 25 79 81 77 44 32 91 43 24 38 41 66 83 93 26 4 
180-0-5 1?2.53 = 0 59 25 79 70 67 69 88 18 43 24 38 41 66 83 93 84 19 5 
180-0-1 1?2.033 = 0 59 72 25 79 70 67 69 88 18 43 91 32 44 77 1 
180-0-7 1?2.575 = 0 59 25 79 70 80 54 76 29 99 31 92 34 27 85 71 89 63 7 
180-0-11 1?2.508 = 0 59 81 25 79 70 46 68 22 37 97 57 96 61 73 23 28 98 17 50 11 
180-0-9 1?2.528 = 0 59 81 25 79 70 67 69 80 54 76 42 55 56 65 30 40 45 95 49 9 
180-0-6 1?2.558 = 0 59 25 79 67 69 80 54 76 29 99 31 92 34 27 85 71 89 6 
180-0-10 1?2.484 = 0 59 25 79 70 67 69 80 54 76 42 55 56 65 30 40 45 47 20 53 10 
180-0-8 1?2.592 = 0 59 81 25 79 70 67 69 80 54 76 29 86 99 31 92 27 34 52 8 
180-1-4 1?2.167 = 1 32 44 81 25 79 70 67 43 91 38 41 66 83 93 4 
180-0-15 1?1.996 = 0 59 72 25 79 70 67 69 80 54 76 46 68 36 15 
180-1-3 1?1.994 = 1 32 44 77 81 25 79 70 67 43 24 38 41 66 83 3 
180-1-2 1?2.068 = 1 77 32 44 81 25 79 70 67 43 91 24 38 66 41 2 
180-0-13 1?2.083 = 0 59 72 25 79 70 67 69 80 54 46 68 22 37 97 57 96 13 
180-0-14 1?1.892 = 0 59 81 25 79 70 67 69 80 54 46 68 22 37 97 14 
180-0-12 1?2.216 = 0 59 72 25 79 70 67 69 80 54 76 75 23 73 28 98 17 12 
180-1-8 1?2.69 = 1 77 32 44 81 25 79 70 67 69 80 54 76 29 99 31 92 34 52 8 
180-1-7 1?2.657 = 1 32 44 77 81 79 70 80 54 76 29 99 31 92 34 27 85 7 
180-1-6 1?2.633 = 1 32 44 67 69 80 54 76 29 99 31 92 34 27 85 71 74 6 
180-1-5 1?2.636 = 1 77 32 44 81 79 70 67 43 91 38 41 66 83 21 84 19 5 
180-1-14 1?1.918 = 1 77 32 44 67 81 25 79 70 46 68 22 37 57 97 14 
180-2-4 1?2.305 = 2 83 66 41 38 24 91 43 18 78 21 87 90 84 58 4 
180-2-3 1?2.386 = 2 41 91 43 88 69 80 54 29 86 78 24 38 66 83 3 
180-2-6 1?2.297 = 2 83 66 41 38 24 91 43 18 78 64 87 90 51 74 6 
180-1-12 1?2.57 = 1 77 32 44 81 25 79 70 46 16 37 97 57 96 61 73 28 98 17 12 
180-1-13 1?2.316 = 1 77 32 44 81 25 79 70 67 69 80 54 76 16 37 97 57 96 13 
180-2-5 1?2.254 = 2 83 66 41 38 24 43 18 78 64 87 90 19 84 58 5 
180-1-9 1?2.585 = 1 32 44 81 79 70 67 69 80 54 76 42 55 56 65 30 40 45 49 9 
180-1-15 1?2.122 = 1 77 44 32 91 43 88 69 54 80 70 79 25 59 72 15 
180-1-10 1?2.663 = 1 77 32 44 81 79 70 67 69 80 54 76 42 55 35 94 60 48 47 20 53 10 
180-1-11 1?2.718 = 1 77 32 44 81 79 70 46 68 22 37 97 57 96 61 73 23 28 98 17 50 11 
180-2-14 1?2.076 = 2 41 66 38 91 43 88 69 80 46 68 22 37 97 57 14 
180-3-4 1?2.224 = 3 83 66 41 38 24 43 18 78 64 87 90 19 84 58 4 
180-2-8 1?2.474 = 2 83 66 41 38 24 91 43 18 78 86 99 31 92 27 34 52 8 
180-3-5 1?2.213 = 3 83 66 41 38 24 43 18 78 64 87 90 19 84 58 5 
180-2-12 1?2.668 = 2 41 66 38 24 91 43 18 78 88 69 80 54 76 75 23 73 28 98 17 12 
180-2-13 1?2.327 = 2 83 66 41 38 91 43 18 88 69 80 54 46 22 37 97 57 96 13 
180-2-9 1?2.505 = 2 83 66 41 38 24 18 78 86 29 42 55 56 65 40 30 45 49 9 
180-2-7 1?2.524 = 2 83 66 41 38 24 43 18 78 64 82 99 31 92 34 27 85 7 
180-2-15 1?1.92 = 2 83 66 41 38 24 43 67 70 79 25 81 59 72 15 
180-2-10 1?2.637 = 2 83 66 41 38 24 18 78 86 29 42 55 56 65 30 40 45 47 20 53 10 
180-2-11 1?2.722 = 2 83 66 41 38 24 18 78 86 29 42 55 56 65 30 45 20 53 33 11 
180-3-6 1?2.256 = 3 83 66 41 38 24 91 43 18 78 64 87 90 51 74 6 
180-3-8 1?2.367 = 3 83 66 41 38 24 43 18 78 64 82 99 31 92 27 34 52 8 
180-4-5 1?2.337 = 4 26 93 83 66 41 38 24 91 43 18 78 21 84 19 5 
180-3-12 1?2.672 = 3 83 66 41 38 24 91 43 18 78 88 69 80 54 76 75 23 73 28 98 17 12 
180-3-9 1?2.425 = 3 83 66 41 38 24 18 78 64 82 99 31 92 40 30 65 45 49 9 
180-3-14 1?2.369 = 3 83 66 41 38 24 43 18 78 88 69 80 54 46 68 22 37 97 57 14 
180-3-7 1?2.55 = 3 83 66 41 38 24 18 78 86 99 31 92 34 27 85 71 63 7 
180-3-13 1?2.441 = 3 83 66 41 38 24 91 43 18 88 69 80 54 46 68 22 37 97 57 96 13 
180-3-10 1?2.468 = 3 83 66 41 38 24 18 78 86 29 42 55 35 94 60 48 47 20 53 10 
180-3-15 1?2.272 = 3 83 66 41 38 24 18 78 86 29 76 54 80 69 67 79 25 72 15 
180-3-11 1?2.704 = 3 83 66 41 38 24 18 78 64 82 99 31 92 40 30 65 45 20 53 33 11 
180-4-6 1?2.364 = 4 58 19 84 90 87 82 99 31 92 34 27 85 71 89 6 
180-5-6 1?2.318 = 5 19 84 90 87 82 99 31 92 34 27 85 71 89 63 6 
180-4-8 1?2.527 = 4 26 93 83 66 41 38 24 18 78 86 99 31 92 27 34 52 8 
180-4-12 1?2.659 = 4 26 93 83 66 41 38 91 43 88 69 80 54 76 75 23 73 28 98 17 12 
180-4-9 1?2.496 = 4 58 84 19 51 39 99 31 92 27 34 40 30 65 45 95 49 9 
180-4-7 1?2.634 = 4 58 84 19 90 87 51 39 99 31 92 34 27 85 71 89 63 7 
180-4-13 1?2.62 = 4 26 93 83 66 41 38 24 91 43 88 69 80 54 46 68 22 37 97 57 96 13 
180-4-14 1?2.533 = 4 26 93 83 66 41 38 24 91 43 88 69 80 54 46 68 22 37 97 57 14 
180-4-10 1?2.553 = 4 58 84 90 87 82 39 99 31 92 27 34 40 65 30 45 47 20 53 10 
180-4-15 1?2.446 = 4 26 93 83 66 41 38 24 43 18 88 69 67 70 79 25 81 59 72 15 
180-4-11 1?2.694 = 4 58 84 90 87 82 39 99 31 92 27 34 40 30 65 45 20 53 33 11 
180-6-8 1?2.141 = 6 63 89 71 85 27 34 92 31 56 65 30 45 40 52 8 
180-5-8 1?2.763 = 5 19 90 87 82 99 31 92 27 34 40 30 65 45 95 49 9 52 8 
180-5-7 1?2.301 = 5 19 84 90 87 82 99 31 92 34 27 85 71 89 63 7 
180-6-7 1?2.611 = 6 89 71 85 27 34 92 31 56 40 30 65 45 49 9 52 7 
180-5-9 1?2.356 = 5 19 90 87 82 39 99 31 92 27 34 40 30 65 45 95 49 9 
180-5-12 1?2.673 = 5 74 71 85 27 34 92 40 30 65 45 47 48 60 94 62 28 98 17 12 
180-5-10 1?2.411 = 5 19 84 90 87 82 99 31 92 27 34 40 30 65 45 47 20 53 10 
180-5-14 1?2.739 = 5 19 84 93 83 66 41 38 91 43 88 69 80 46 68 22 37 97 57 14 
180-5-13 1?2.705 = 5 74 71 85 27 34 92 40 30 65 45 47 48 35 94 62 28 73 61 96 13 
180-5-11 1?2.555 = 5 19 90 87 82 99 31 92 27 34 40 30 65 45 47 20 53 33 11 
180-5-15 1?2.776 = 5 19 84 21 83 66 41 38 24 43 88 69 67 70 79 25 81 59 72 15 
180-7-8 1?2.216 = 7 63 71 85 27 34 92 31 99 56 65 30 40 52 8 
180-6-9 1?2.065 = 6 89 71 85 27 34 92 40 30 65 45 47 20 53 95 49 9 
180-7-9 1?2.086 = 7 63 89 71 85 27 34 92 40 30 65 45 20 53 95 49 9 
180-7-10 1?1.975 = 7 85 27 34 92 31 56 65 40 30 45 47 20 53 33 10 
180-6-10 1?1.904 = 6 74 71 85 27 34 92 31 56 65 40 30 45 20 53 10 
180-6-12 1?2.474 = 6 74 71 85 27 34 92 40 30 65 45 47 48 60 94 62 28 98 17 12 
180-6-13 1?2.466 = 6 89 71 85 27 34 92 40 30 65 45 47 48 60 94 62 28 73 61 96 13 
180-7-11 1?2.262 = 7 63 71 85 27 34 92 31 56 65 40 30 45 47 20 53 33 11 
180-6-14 1?2.586 = 6 89 71 85 27 34 92 31 56 55 35 94 62 28 73 23 57 97 37 14 
180-6-15 1?2.619 = 6 89 71 85 27 34 92 31 99 29 76 54 80 69 67 79 25 72 15 
180-6-11 1?2.414 = 6 74 71 85 27 34 92 31 56 65 40 30 45 47 48 20 53 33 11 
180-8-9 1?1.895 = 8 52 34 27 92 31 56 65 30 40 45 47 20 95 49 9 
180-8-10 1?1.715 = 8 52 34 27 92 31 56 65 30 40 45 47 20 53 10 
180-8-12 1?2.199 = 8 52 34 27 92 40 30 65 45 47 48 60 94 62 28 98 17 12 
180-7-12 1?2.448 = 7 63 89 71 85 27 34 92 40 30 65 47 48 94 62 28 98 17 12 
180-8-11 1?2.126 = 8 52 34 27 92 31 56 65 30 40 45 47 20 53 33 50 11 
180-7-14 1?2.501 = 7 52 40 30 65 45 47 48 60 94 62 28 73 61 96 57 97 37 14 
180-7-15 1?2.56 = 7 85 27 34 92 31 99 29 76 54 80 69 67 70 79 25 72 15 
180-7-13 1?2.509 = 7 63 89 71 85 27 34 92 40 30 65 45 47 48 94 62 28 73 61 96 13 
180-8-13 1?2.418 = 8 52 34 27 92 40 30 65 45 47 48 55 35 94 62 28 23 73 61 96 13 
180-8-15 1?2.556 = 8 52 34 27 92 31 99 86 29 76 54 80 69 67 70 79 25 72 15 
180-8-14 1?2.482 = 8 52 34 27 92 40 30 65 47 48 94 62 28 73 61 96 57 97 37 14 
180-10-13 1?1.714 = 10 53 20 45 30 40 65 47 48 94 62 28 73 61 96 13 
180-10-12 1?1.803 = 10 53 20 45 30 40 65 47 48 55 35 94 62 28 98 12 
180-9-10 1?1.739 = 9 49 95 45 30 40 65 56 55 35 94 60 48 47 20 53 10 
180-10-11 1?1.885 = 10 53 33 20 45 30 40 65 47 48 94 62 28 98 50 11 
180-9-12 1?2.186 = 9 49 95 53 20 45 30 40 65 47 48 55 35 94 62 28 98 17 12 
180-9-11 1?2.15 = 9 49 95 45 30 40 65 56 55 35 94 60 48 47 20 53 33 50 11 
180-10-14 1?2.067 = 10 53 20 45 30 40 65 47 48 60 94 62 28 73 23 57 97 37 14 
180-9-13 1?2.285 = 9 49 95 53 20 45 30 40 65 47 48 55 35 94 62 28 23 73 61 96 13 
180-10-15 1?2.357 = 10 53 20 47 48 94 35 55 42 76 54 80 69 67 70 79 25 72 15 
180-9-14 1?2.234 = 9 49 95 45 30 40 65 47 48 60 94 62 28 23 73 61 96 57 97 37 14 
180-9-15 1?2.473 = 9 49 40 30 65 45 47 48 60 94 62 28 73 61 96 57 97 37 22 68 15 
180-11-12 1?1.921 = 11 33 53 20 45 30 65 47 48 60 94 62 28 98 17 12 
180-11-13 1?1.903 = 11 33 20 45 30 40 65 47 48 94 62 28 73 61 96 13 
180-12-13 1?2.072 = 12 17 50 33 53 20 47 48 60 94 62 28 23 73 61 96 13 
180-13-14 1?2.039 = 13 96 57 97 37 22 68 46 70 79 25 59 72 15 36 14 
180-12-14 1?2.083 = 12 17 50 60 48 35 94 62 28 23 73 61 96 57 97 37 14 
180-14-15 1?1.861 = 14 97 57 37 22 46 54 80 69 67 70 79 25 72 15 
180-13-15 1?1.87 = 13 96 57 97 37 22 36 68 46 70 79 25 59 72 15 
180-12-15 1?2.07 = 12 17 98 28 75 76 54 80 69 67 79 25 59 72 15 
180-11-14 1?2.179 = 11 33 53 20 47 48 55 35 94 62 28 23 61 96 57 97 37 14 
180-11-15 1?2.391 = 11 50 17 98 28 73 23 75 76 54 80 69 67 70 79 81 25 72 15 
stop
