start
986-0-2 1?1.89 = 0 19 81 31 36 63 50 68 35 95 99 70 20 75 2 
986-0-3 1?2.048 = 0 19 81 31 36 68 35 95 99 70 20 75 45 33 51 3 
986-0-4 1?2.382 = 0 19 81 31 36 63 50 39 23 54 58 16 49 92 97 80 76 4 
986-0-1 1?1.825 = 0 19 81 31 36 68 35 98 59 47 70 99 20 75 1 
986-0-9 1?2.334 = 0 19 81 31 36 63 50 39 23 54 58 42 60 90 38 43 57 55 93 9 
986-0-5 1?2.465 = 0 19 81 31 36 63 50 39 23 54 58 16 41 49 92 32 24 77 5 
986-0-7 1?2.587 = 0 19 81 31 36 63 40 50 39 23 54 58 16 66 89 28 82 52 91 22 7 
986-0-10 1?2.276 = 0 19 81 31 36 63 50 54 58 42 60 90 38 43 57 55 62 10 
986-0-6 1?2.486 = 0 19 81 31 36 63 50 39 23 54 58 16 66 89 28 82 52 96 6 
986-0-11 1?2.554 = 0 19 81 31 36 63 50 40 87 69 73 78 84 85 72 64 56 11 
986-0-8 1?2.508 = 0 19 81 31 36 63 50 39 23 54 58 16 44 60 90 38 43 53 94 8 
986-0-14 1?1.886 = 0 25 99 70 47 98 59 23 39 50 63 40 87 69 14 
986-0-15 1?1.899 = 0 25 99 20 70 95 35 68 50 63 36 31 81 30 15 
986-1-3 1?2.025 = 1 75 20 70 99 95 35 68 98 59 47 37 45 33 51 3 
986-0-13 1?2.24 = 0 25 99 70 47 59 98 50 63 40 87 69 73 78 85 84 13 
986-1-2 1?2.094 = 1 20 99 95 35 68 36 63 50 98 59 47 37 75 2 
986-1-8 1?2.438 = 1 20 70 47 98 59 23 54 58 16 44 42 60 90 38 61 53 94 8 
986-1-4 1?2.322 = 1 20 70 47 98 59 23 39 54 58 16 49 92 97 80 76 4 
986-0-12 1?2.428 = 0 25 99 20 70 95 35 68 36 63 40 87 69 73 78 84 85 72 12 
986-1-6 1?2.448 = 1 20 70 47 98 59 23 54 58 16 44 89 28 82 91 22 96 6 
986-1-7 1?2.372 = 1 20 70 47 98 59 86 23 54 58 16 44 89 28 82 52 91 22 7 
986-1-5 1?2.367 = 1 20 70 47 98 59 86 23 39 54 58 16 49 92 32 24 77 5 
986-2-3 1?2.081 = 2 75 20 70 99 95 35 68 98 59 47 37 45 33 51 3 
986-1-13 1?2.27 = 1 20 99 70 47 98 59 23 39 50 63 40 87 69 78 84 85 13 
986-2-4 1?2.305 = 2 75 20 99 70 47 98 59 86 97 92 32 80 79 76 4 
986-1-14 1?1.819 = 1 20 99 70 47 59 98 50 63 40 87 69 73 14 
986-2-6 1?2.542 = 2 75 20 99 70 47 98 59 86 49 41 34 17 52 91 22 96 6 
986-1-15 1?1.819 = 1 20 99 70 47 59 98 50 63 36 31 81 30 15 
986-2-5 1?2.463 = 2 75 20 70 47 98 59 23 54 58 16 49 92 32 24 77 5 
986-1-10 1?2.357 = 1 20 70 47 98 59 23 54 58 16 44 42 60 90 38 43 57 55 62 10 
986-1-9 1?2.458 = 1 20 70 47 98 59 86 23 39 54 58 16 44 42 60 90 38 61 94 53 93 9 
986-1-12 1?2.464 = 1 20 99 70 47 35 68 36 63 50 40 87 69 73 78 84 85 72 12 
986-1-11 1?2.65 = 1 20 70 99 95 35 68 36 63 40 87 69 78 84 85 72 64 56 11 
986-3-4 1?2.427 = 3 51 33 45 37 47 98 59 86 49 41 92 97 80 79 76 4 
986-2-13 1?2.436 = 2 75 20 99 70 47 59 98 50 63 40 87 69 73 78 84 85 13 
986-2-8 1?2.532 = 2 75 20 70 47 98 59 23 54 58 42 60 90 38 43 53 94 8 
986-3-5 1?2.455 = 3 51 33 45 37 47 35 68 98 59 86 49 92 32 24 77 5 
986-2-9 1?2.401 = 2 75 20 70 47 98 59 23 54 58 16 44 60 90 38 43 93 9 
986-2-7 1?2.504 = 2 75 20 70 99 95 35 68 98 59 86 49 41 34 17 52 91 22 7 
986-2-14 1?2.302 = 2 75 20 70 99 95 35 68 98 59 86 23 39 50 63 40 87 69 14 
986-2-10 1?2.519 = 2 75 20 70 47 98 59 23 54 58 16 44 60 90 38 43 57 55 62 10 
986-2-15 1?2.204 = 2 75 20 99 70 47 98 59 86 23 39 50 63 36 31 81 19 15 
986-2-11 1?2.757 = 2 75 20 70 99 95 35 68 98 59 86 23 39 54 58 21 74 88 48 11 
986-2-12 1?2.612 = 2 75 20 70 99 95 35 68 36 63 50 40 87 69 73 78 84 85 72 12 
986-3-13 1?2.593 = 3 51 33 45 37 47 70 99 95 35 68 50 63 40 87 69 78 84 85 13 
986-4-5 1?2.459 = 4 76 79 80 97 92 49 41 66 89 28 82 52 83 24 77 5 
986-3-6 1?2.523 = 3 51 33 18 97 92 49 41 34 66 44 89 28 82 52 91 22 96 6 
986-3-7 1?2.488 = 3 51 33 18 97 92 49 41 34 66 44 89 28 82 52 91 22 65 7 
986-3-8 1?2.61 = 3 51 33 18 97 92 49 16 44 60 90 38 43 57 55 93 53 94 8 
986-3-9 1?2.402 = 3 51 33 45 18 97 92 49 41 34 66 89 60 90 38 61 53 94 93 9 
986-3-14 1?2.541 = 3 51 33 45 37 47 70 20 99 95 35 68 36 63 50 40 87 69 73 14 
986-3-15 1?2.374 = 3 51 33 45 37 47 70 20 99 95 35 68 50 63 36 31 81 19 15 
986-3-10 1?2.621 = 3 51 33 18 97 92 49 16 44 42 60 90 38 61 94 53 43 57 55 62 10 
986-3-12 1?2.622 = 3 51 33 45 37 47 98 59 23 39 50 63 40 87 69 78 84 85 72 12 
986-3-11 1?2.88 = 3 51 33 18 97 92 49 41 34 66 44 42 60 90 38 61 43 57 55 62 10 11 
986-5-6 1?2.304 = 5 77 24 32 92 49 41 34 66 89 28 82 52 91 22 96 6 
986-4-7 1?2.291 = 4 76 79 80 97 92 49 16 44 66 89 28 82 52 91 22 7 
986-4-6 1?2.391 = 4 76 79 80 97 92 49 41 34 66 89 28 82 52 91 22 96 6 
986-4-13 1?2.672 = 4 76 80 97 92 49 16 58 54 23 39 50 63 40 87 69 73 78 13 
986-4-8 1?2.534 = 4 76 79 80 97 92 49 41 66 89 60 90 61 38 57 43 53 94 8 
986-4-9 1?2.402 = 4 76 29 24 83 17 52 91 22 65 46 26 61 38 43 53 94 93 9 
986-4-14 1?2.61 = 4 76 79 80 97 92 49 41 16 58 54 23 39 50 63 40 87 69 73 14 
986-4-15 1?2.457 = 4 76 79 80 97 92 49 16 58 54 23 39 50 63 36 31 81 19 15 
986-4-10 1?2.531 = 4 76 80 97 92 49 41 66 44 42 60 90 38 61 94 53 43 57 55 62 10 
986-4-12 1?2.809 = 4 76 80 97 92 49 16 58 54 23 39 50 63 40 87 78 84 85 72 12 
986-4-11 1?2.813 = 4 76 79 80 97 92 49 41 34 66 89 60 90 38 61 43 57 55 62 10 11 
986-5-8 1?2.163 = 5 77 24 83 17 52 91 67 26 61 38 57 43 53 94 8 
986-6-8 1?2.081 = 6 96 22 65 46 26 61 38 57 62 55 43 53 94 8 
986-5-7 1?2.204 = 5 77 24 32 92 49 16 44 66 89 28 82 52 91 22 7 
986-6-7 1?2.246 = 6 96 22 91 52 82 28 90 38 57 43 61 26 46 65 7 
986-5-13 1?2.714 = 5 77 24 32 92 49 16 58 54 23 39 50 63 40 87 69 78 85 84 13 
986-5-9 1?2.242 = 5 77 24 83 17 52 91 82 67 26 94 53 61 38 43 57 55 93 9 
986-5-10 1?2.379 = 5 77 24 83 17 52 91 82 67 26 94 53 61 90 38 43 57 55 62 10 
986-5-15 1?2.477 = 5 77 24 32 92 97 49 16 58 54 23 39 50 63 36 31 81 19 15 
986-5-11 1?2.641 = 5 77 24 83 17 52 91 82 67 26 94 53 61 38 43 57 55 62 10 11 
986-5-12 1?2.784 = 5 77 24 32 92 49 16 54 39 50 63 40 87 69 78 84 85 72 12 
986-5-14 1?2.765 = 5 77 24 32 92 49 41 16 58 54 23 39 50 63 36 31 27 87 69 73 14 
986-7-10 1?1.843 = 7 22 65 46 26 61 38 57 43 53 94 93 55 62 10 
986-7-9 1?1.757 = 7 22 65 46 26 94 53 61 38 43 57 62 55 93 9 
986-6-9 1?1.923 = 6 96 22 65 46 26 94 53 61 38 43 57 55 62 9 
986-7-8 1?1.875 = 7 22 65 46 26 61 90 38 43 57 55 93 53 94 8 
986-6-13 1?2.788 = 6 96 22 65 46 26 94 53 61 38 43 57 55 62 48 56 64 85 84 13 
986-6-10 1?2.502 = 6 96 22 91 52 82 28 89 60 90 61 38 57 43 53 94 93 55 62 10 
986-6-11 1?2.527 = 6 96 22 91 52 17 82 67 26 94 53 61 38 43 57 55 62 10 11 
986-6-14 1?2.608 = 6 96 22 91 52 17 34 41 49 16 58 54 23 39 50 63 40 87 69 14 
986-7-11 1?2.457 = 7 22 91 52 82 67 26 94 53 61 90 38 43 57 55 62 48 11 
986-6-15 1?2.542 = 6 96 91 52 82 28 89 66 16 58 54 23 39 50 63 36 31 81 19 15 
986-6-12 1?2.777 = 6 96 22 65 46 26 94 53 61 38 43 57 55 62 48 88 71 64 12 
986-8-10 1?2.125 = 8 65 22 91 52 82 28 89 44 42 60 90 38 57 62 10 
986-8-9 1?2.055 = 8 26 28 89 44 60 90 38 61 94 53 43 57 55 93 9 
986-8-11 1?2.248 = 8 94 53 93 55 57 43 38 61 90 42 74 88 48 11 
986-8-13 1?2.54 = 8 94 53 93 55 57 43 38 61 90 60 42 74 21 71 64 72 85 84 13 
986-7-13 1?2.612 = 7 22 91 52 82 28 89 66 16 58 54 23 39 50 63 40 87 69 73 13 
986-8-15 1?2.431 = 8 94 53 61 38 90 60 42 58 54 23 39 50 63 36 31 81 19 15 
986-8-12 1?2.559 = 8 94 53 61 90 38 43 57 55 62 48 88 71 56 64 85 72 12 
986-8-14 1?2.501 = 8 94 53 61 38 90 60 42 44 16 58 54 23 39 50 63 40 87 69 14 
986-7-12 1?2.591 = 7 22 65 46 26 94 53 61 38 43 57 55 62 48 88 56 64 12 
986-7-14 1?2.571 = 7 22 91 52 82 28 89 66 44 16 58 54 23 39 50 63 40 87 69 73 14 
986-7-15 1?2.675 = 7 22 91 52 82 28 89 66 41 49 16 58 54 23 39 50 63 36 31 81 19 15 
986-10-13 1?1.936 = 10 62 55 57 43 38 90 42 74 21 71 64 85 84 13 
986-9-10 1?1.942 = 9 93 53 94 61 26 67 82 28 89 60 90 38 57 62 10 
986-9-13 1?2.145 = 9 93 53 94 61 38 43 57 55 62 48 88 71 64 72 85 84 13 
986-9-11 1?2.053 = 9 93 53 94 61 38 43 57 55 62 48 88 71 56 11 
986-10-12 1?2.058 = 10 62 55 57 43 53 94 61 38 90 42 74 88 56 12 
986-9-12 1?1.936 = 9 93 53 94 61 38 43 57 55 62 48 88 71 56 12 
986-10-11 1?2.041 = 10 62 55 57 43 53 94 61 38 90 60 42 74 48 11 
986-10-14 1?2.219 = 10 62 55 57 43 38 90 60 42 58 54 50 63 40 87 69 14 
986-9-14 1?2.234 = 9 93 94 53 43 38 90 60 42 58 54 39 50 63 40 87 69 14 
986-10-15 1?2.228 = 10 62 55 57 43 38 90 60 42 58 54 39 50 63 36 31 81 15 
986-9-15 1?2.327 = 9 93 53 94 61 38 90 60 44 16 58 54 23 39 50 63 36 31 81 15 
986-11-13 1?2.326 = 11 10 62 55 57 43 38 90 42 74 21 71 64 85 84 13 
986-12-13 1?2.25 = 12 72 85 84 78 87 40 50 63 36 31 27 69 73 13 
986-12-14 1?2.12 = 12 72 85 84 78 87 40 50 63 36 31 27 69 73 14 
986-13-14 1?2.155 = 13 72 85 84 78 87 40 50 63 36 31 27 69 73 14 
986-14-15 1?1.95 = 14 69 87 40 63 50 39 23 59 98 35 68 36 31 81 15 
986-13-15 1?1.905 = 13 85 78 73 69 87 40 50 63 36 31 81 19 15 
986-11-12 1?2.448 = 11 10 62 55 57 43 38 61 90 42 74 21 71 64 72 12 
986-11-14 1?2.471 = 11 48 88 74 21 58 54 23 39 50 63 36 31 27 87 69 14 
986-12-15 1?2.355 = 12 64 72 85 84 78 73 69 87 40 50 63 36 31 81 30 15 
986-11-15 1?2.472 = 11 56 64 85 84 78 73 69 87 40 50 63 36 31 81 19 15 
stop
