start
352-0-2 1?2.05 = 0 36 72 71 21 89 54 82 79 67 17 74 65 69 41 2 
352-0-1 1?2.165 = 0 36 72 71 59 42 65 74 17 37 45 69 41 2 58 1 
352-0-4 1?2.466 = 0 36 72 71 21 89 54 82 79 55 67 17 74 65 69 37 45 52 81 4 
352-0-10 1?2.224 = 0 16 77 39 44 93 43 87 47 33 62 38 23 31 50 27 20 85 91 10 
352-0-7 1?2.7 = 0 36 72 71 59 42 17 74 65 69 37 45 52 81 40 57 90 73 25 7 
352-0-6 1?2.687 = 0 16 77 39 44 80 63 46 26 54 82 79 55 67 35 52 81 40 57 90 73 6 
352-0-5 1?2.571 = 0 36 72 71 21 89 54 82 79 55 67 17 74 69 37 45 52 81 40 70 5 
352-0-11 1?2.297 = 0 36 72 71 21 63 80 39 44 93 43 87 47 33 62 38 23 31 50 66 11 
352-0-8 1?2.756 = 0 16 77 39 44 80 63 46 19 88 53 29 48 99 34 61 49 18 95 84 8 
352-0-3 1?1.96 = 0 36 72 71 21 89 54 82 79 67 17 74 65 69 41 3 
352-0-9 1?2.555 = 0 16 77 39 44 93 43 87 47 33 62 38 23 31 50 66 27 20 76 78 9 
352-0-14 1?1.962 = 0 36 16 77 39 80 44 93 43 47 87 56 32 68 14 
352-0-13 1?2.033 = 0 36 72 71 21 89 46 63 80 39 44 93 43 47 87 56 13 
352-1-2 1?2.133 = 1 59 72 71 21 89 54 82 79 67 35 45 37 69 41 2 
352-1-3 1?2.046 = 1 59 72 71 21 89 54 82 79 67 35 37 45 69 41 3 
352-1-4 1?2.154 = 1 59 42 65 69 45 37 74 17 35 52 81 40 57 70 4 
352-0-12 1?2.083 = 0 16 77 39 44 80 93 43 87 47 33 62 38 23 31 50 66 12 
352-0-15 1?2.061 = 0 36 72 71 21 55 79 82 54 26 46 63 39 77 16 15 
352-1-7 1?2.875 = 1 58 42 65 74 17 37 45 52 81 40 57 90 73 61 83 49 18 75 95 84 7 
352-1-5 1?2.547 = 1 59 71 21 89 54 82 79 67 17 74 65 69 37 45 52 81 40 70 5 
352-1-6 1?2.739 = 1 59 72 71 21 89 54 82 79 55 67 17 37 45 52 81 40 57 90 73 6 
352-1-8 1?2.695 = 1 58 42 65 74 17 37 45 52 81 40 57 90 73 61 83 49 18 95 84 8 
352-1-14 1?2.108 = 1 58 42 59 72 71 21 89 46 63 80 39 44 24 51 92 14 
352-1-15 1?2.086 = 1 58 42 59 72 71 21 89 46 63 80 44 39 77 16 15 
352-1-13 1?2.181 = 1 59 72 71 21 89 46 63 80 39 44 51 24 92 68 32 56 13 
352-2-5 1?2.009 = 2 41 69 65 74 17 37 45 52 81 40 70 57 73 90 5 
352-2-3 1?2.407 = 2 1 59 72 71 21 89 54 82 79 55 67 17 74 69 41 3 
352-1-12 1?2.274 = 1 59 72 71 21 89 46 63 80 39 44 93 43 87 47 33 62 38 12 
352-1-10 1?2.439 = 1 59 71 21 63 80 93 43 33 62 38 23 31 50 66 27 20 85 91 10 
352-2-4 1?2.181 = 2 58 42 65 41 69 45 37 74 17 35 52 81 40 70 4 
352-1-9 1?2.692 = 1 59 72 71 21 55 79 82 54 26 34 99 29 48 30 60 97 28 78 9 
352-1-11 1?2.279 = 1 59 71 21 63 80 39 44 93 43 87 47 33 62 38 23 31 50 66 11 
352-2-6 1?2.571 = 2 41 45 37 69 74 17 55 54 82 79 67 35 52 81 40 57 73 90 6 
352-2-15 1?1.995 = 2 65 74 17 67 79 82 54 26 46 80 44 39 77 16 15 
352-2-14 1?2.125 = 2 41 69 74 17 55 79 82 54 26 46 63 80 39 44 24 92 14 
352-3-5 1?1.919 = 3 41 69 65 74 17 37 45 52 81 40 70 57 73 90 5 
352-2-13 1?2.299 = 2 65 74 17 55 79 82 54 26 46 63 80 39 44 93 43 87 56 13 
352-2-12 1?2.39 = 2 65 74 17 55 79 82 54 26 46 63 80 39 44 93 43 33 62 38 12 
352-3-4 1?2.109 = 3 41 69 45 37 74 17 55 54 82 79 67 35 52 40 4 
352-2-7 1?2.601 = 2 41 69 37 45 52 81 40 57 90 73 61 83 49 18 75 95 84 25 7 
352-2-11 1?2.367 = 2 42 59 71 21 63 80 93 43 87 47 33 62 38 23 31 50 66 11 
352-2-10 1?2.559 = 2 41 69 45 37 74 17 67 79 82 54 26 29 48 30 60 22 20 85 91 10 
352-2-9 1?2.599 = 2 41 69 45 37 74 17 67 55 79 82 54 26 29 48 30 60 97 28 78 9 
352-2-8 1?2.562 = 2 41 69 45 37 74 17 67 55 79 54 82 86 61 83 49 18 75 95 84 8 
352-3-14 1?2.076 = 3 41 69 74 17 55 79 82 54 26 46 63 80 39 44 24 51 92 14 
352-4-5 1?2.166 = 4 45 37 69 65 74 17 35 52 81 40 70 57 73 90 5 
352-3-6 1?1.847 = 3 41 69 65 74 17 37 45 52 81 40 70 57 90 73 6 
352-3-7 1?2.195 = 3 41 69 65 74 17 37 45 35 52 81 40 70 57 90 73 25 7 
352-3-15 1?2.122 = 3 41 69 45 37 17 55 79 82 54 26 46 63 80 44 39 77 16 15 
352-3-12 1?2.384 = 3 41 69 74 17 55 79 82 54 89 63 80 93 43 87 47 33 62 38 12 
352-3-9 1?2.382 = 3 41 69 45 37 74 17 67 79 82 54 26 29 48 30 60 97 28 9 
352-3-13 1?2.304 = 3 41 69 37 45 35 67 79 82 54 26 46 63 80 39 44 93 94 56 13 
352-3-11 1?2.438 = 3 41 69 45 37 74 17 55 79 82 54 26 19 33 62 38 23 50 66 11 
352-3-10 1?2.528 = 3 41 69 45 37 74 17 67 55 79 82 54 26 29 48 30 60 22 20 85 91 10 
352-3-8 1?2.395 = 3 41 69 45 37 74 17 67 55 79 54 82 86 61 83 49 18 95 84 8 
352-4-14 1?2.262 = 4 45 37 74 17 67 79 82 54 26 46 63 80 39 44 24 51 92 14 
352-4-6 1?2.094 = 4 45 37 69 65 74 17 35 52 81 40 70 57 90 73 6 
352-5-6 1?2.483 = 5 4 45 37 69 65 74 17 35 52 81 40 70 57 90 73 6 
352-4-15 1?2.299 = 4 45 37 74 17 67 55 79 82 54 26 46 63 80 44 39 77 16 15 
352-4-7 1?2.489 = 4 45 37 69 41 65 74 17 35 52 81 40 70 57 90 73 25 7 
352-4-12 1?2.492 = 4 81 52 35 67 55 79 82 54 26 46 63 80 93 43 87 47 33 62 38 12 
352-4-9 1?2.579 = 4 81 52 35 67 55 79 82 54 26 19 88 53 29 48 30 60 97 28 9 
352-4-13 1?2.468 = 4 81 52 35 67 79 82 54 26 46 63 80 39 44 24 51 92 68 32 56 13 
352-4-10 1?2.607 = 4 81 52 35 67 79 82 54 26 19 88 53 29 48 30 60 22 20 85 91 10 
352-4-11 1?2.517 = 4 81 52 35 67 79 82 54 26 46 80 93 43 33 62 38 23 31 50 66 11 
352-4-8 1?2.517 = 4 45 37 69 65 74 17 67 55 79 82 86 61 83 49 18 95 84 8 
352-6-7 1?2.428 = 6 73 90 57 70 40 81 52 86 61 83 49 18 75 95 84 7 
352-5-7 1?2.456 = 5 70 40 81 52 35 67 79 82 86 61 49 83 18 95 84 7 
352-6-8 1?2.325 = 6 73 90 57 70 40 81 52 86 61 83 49 18 75 95 84 8 
352-5-8 1?2.317 = 5 70 40 81 52 35 67 79 82 86 61 83 49 18 95 84 8 
352-5-15 1?2.447 = 5 70 40 81 52 35 67 79 82 54 89 46 63 80 39 44 24 92 51 15 
352-5-9 1?2.57 = 5 70 40 81 52 35 67 55 79 82 54 26 29 48 30 60 97 28 78 9 
352-5-11 1?2.524 = 5 70 40 81 52 35 67 79 82 54 26 19 33 62 38 23 31 50 66 11 
352-5-12 1?2.516 = 5 70 40 81 52 35 67 79 82 54 89 63 80 44 93 43 33 62 38 12 
352-5-10 1?2.53 = 5 70 40 81 52 35 67 79 82 54 26 29 48 30 60 22 20 85 91 10 
352-5-14 1?2.542 = 5 70 40 52 81 45 37 74 17 55 79 82 54 26 46 63 80 44 24 92 51 14 
352-5-13 1?2.547 = 5 70 40 81 52 35 67 55 79 82 54 89 63 80 39 44 93 43 87 56 13 
352-7-9 1?2.021 = 7 84 95 18 49 83 61 34 99 29 48 30 60 97 28 9 
352-7-10 1?2.018 = 7 84 95 75 18 49 83 61 34 99 29 48 30 60 76 10 
352-6-9 1?2.289 = 6 90 73 83 49 61 34 99 29 53 48 30 60 97 28 9 
352-6-10 1?2.36 = 6 90 73 83 49 61 34 99 48 29 53 30 60 22 20 85 91 10 
352-7-8 1?2.23 = 7 84 95 18 49 83 61 34 99 48 30 60 97 28 64 8 
352-6-14 1?2.451 = 6 73 90 57 40 81 52 35 67 79 82 54 26 46 63 80 44 24 92 51 14 
352-6-12 1?2.422 = 6 90 73 61 34 99 48 30 60 22 20 27 66 50 31 23 62 38 12 
352-6-15 1?2.489 = 6 73 90 57 40 81 52 35 67 79 82 54 26 46 63 80 44 39 77 16 15 
352-7-11 1?2.267 = 7 84 95 18 49 83 61 34 99 48 29 53 30 60 22 20 27 66 11 
352-6-11 1?2.423 = 6 90 73 61 34 99 29 48 53 88 19 33 62 38 23 31 50 66 11 
352-6-13 1?2.531 = 6 90 73 86 34 99 29 53 98 27 66 50 23 38 62 33 47 87 56 13 
352-8-9 1?1.918 = 8 84 95 18 49 83 61 34 99 29 48 30 60 97 28 9 
352-8-10 1?1.89 = 8 95 18 49 83 61 34 99 48 30 60 22 20 85 91 10 
352-8-14 1?2.246 = 8 64 28 78 76 20 27 66 50 31 23 38 62 33 47 87 56 32 68 14 
352-8-11 1?2.074 = 8 84 95 18 49 83 61 34 99 29 48 30 60 22 20 27 66 11 
352-8-12 1?2.223 = 8 84 95 18 49 83 61 34 99 29 53 98 27 66 50 23 62 38 12 
352-8-15 1?2.463 = 8 64 28 97 76 20 27 50 31 23 38 62 33 47 87 94 24 92 51 15 
352-7-15 1?2.606 = 7 84 95 18 49 83 61 86 79 82 54 89 46 63 80 44 39 77 16 15 
352-8-13 1?2.147 = 8 64 28 97 76 85 20 27 66 50 31 23 38 62 33 47 87 56 13 
352-7-14 1?2.519 = 7 84 95 18 49 83 61 34 99 48 29 53 88 19 43 47 87 56 32 68 14 
352-7-12 1?2.33 = 7 25 83 49 61 34 99 48 30 60 22 20 27 66 50 31 23 62 38 12 
352-7-13 1?2.402 = 7 84 95 75 97 28 78 76 20 27 66 50 31 23 38 62 33 47 87 56 13 
352-10-13 1?1.384 = 10 91 85 20 27 66 50 23 38 62 33 47 87 56 13 
352-9-11 1?1.921 = 9 28 97 60 30 48 29 53 88 19 33 62 23 50 66 11 
352-9-10 1?1.942 = 9 78 28 97 60 30 48 99 29 53 98 27 20 85 91 10 
352-10-12 1?1.66 = 10 76 91 85 20 27 66 50 31 23 38 62 33 47 87 12 
352-10-11 1?1.858 = 10 91 85 20 27 31 62 33 43 87 47 38 23 50 66 11 
352-9-12 1?1.989 = 9 28 78 76 91 85 20 27 66 50 31 23 38 62 33 47 87 12 
352-9-14 1?2.141 = 9 28 97 76 91 85 20 27 66 50 31 23 38 62 33 47 87 56 32 68 14 
352-9-13 1?1.952 = 9 28 97 78 76 91 85 20 27 66 50 23 38 62 33 47 87 56 13 
352-10-14 1?1.874 = 10 91 85 20 27 66 50 31 23 38 62 33 47 87 56 32 68 92 24 51 14 
352-9-15 1?2.316 = 9 28 78 76 20 27 50 31 23 38 62 33 47 87 56 32 68 92 24 51 15 
352-10-15 1?2.025 = 10 91 85 20 27 66 50 31 23 38 62 33 47 87 56 32 68 92 24 51 15 
352-12-14 1?1.554 = 12 38 23 31 62 33 47 87 94 56 32 68 92 24 51 14 
352-11-14 1?1.468 = 11 66 50 23 38 62 33 47 87 56 32 68 92 24 51 14 
352-13-14 1?1.784 = 13 56 87 47 43 93 44 80 63 39 77 16 51 24 92 14 
352-11-13 1?1.488 = 11 91 85 20 27 66 50 23 38 62 33 47 87 56 13 
352-12-13 1?1.668 = 12 23 31 62 38 33 47 87 94 24 51 92 68 32 56 13 
352-11-12 1?1.834 = 11 20 22 98 27 66 50 31 23 38 62 33 43 47 87 12 
352-14-15 1?1.821 = 14 51 24 92 68 32 56 87 47 43 93 44 39 77 16 15 
352-13-15 1?1.858 = 13 56 87 47 38 23 62 33 43 93 80 39 77 16 15 
352-12-15 1?1.876 = 12 66 50 31 23 38 62 33 47 87 94 56 32 68 92 24 51 15 
352-11-15 1?2.019 = 11 85 20 27 66 50 31 23 38 62 33 47 87 56 32 68 92 24 51 15 
stop
