start
539-0-3 1?2.556 = 0 60 52 68 50 47 65 84 73 44 83 45 32 81 98 16 92 66 3 
539-0-1 1?2.103 = 0 60 57 17 87 69 44 73 84 65 62 47 50 68 52 1 
539-0-4 1?2.395 = 0 60 52 68 50 47 65 62 84 73 44 83 45 32 81 91 16 21 4 
539-0-7 1?2.575 = 0 60 57 17 69 44 83 81 91 29 97 82 78 70 33 75 7 
539-0-11 1?2.785 = 0 60 57 17 69 83 45 58 28 40 42 38 72 56 23 89 36 11 
539-0-6 1?2.596 = 0 60 52 68 50 47 65 84 73 44 69 83 81 91 29 97 82 41 94 6 
539-0-10 1?2.774 = 0 60 57 17 69 83 45 58 28 40 42 38 55 61 85 88 53 80 10 
539-0-8 1?2.729 = 0 60 57 17 69 44 83 81 91 29 97 78 70 33 75 63 8 
539-0-9 1?2.788 = 0 60 57 17 69 83 45 32 58 27 28 40 42 38 55 61 88 85 93 37 9 
539-0-2 1?2.285 = 0 60 57 17 69 31 27 58 32 45 83 44 73 84 65 47 2 
539-0-5 1?2.446 = 0 60 52 68 50 47 65 62 84 73 44 83 45 32 81 91 97 29 5 
539-1-2 1?2.059 = 1 68 52 87 17 57 77 67 59 31 69 73 84 65 47 2 
539-0-13 1?2.541 = 0 60 1 68 52 87 57 17 77 95 71 46 18 90 43 54 13 
539-0-14 1?2.318 = 0 60 52 68 50 47 65 84 87 17 57 77 95 71 90 14 
539-1-3 1?2.206 = 1 68 50 47 65 84 73 44 83 45 32 81 91 16 92 66 3 
539-0-15 1?2.114 = 0 60 52 50 47 65 84 87 17 57 77 95 71 46 18 15 
539-1-6 1?2.235 = 1 68 50 47 65 84 73 44 83 45 32 81 91 29 97 82 41 94 6 
539-0-12 1?2.795 = 0 60 57 17 69 83 45 58 27 28 40 42 38 72 56 23 89 12 
539-1-7 1?2.511 = 1 68 50 47 65 84 73 44 83 81 91 29 97 82 78 70 33 75 7 
539-1-4 1?2.107 = 1 68 52 50 47 65 84 73 44 83 45 58 32 81 91 16 21 4 
539-1-5 1?2.134 = 1 68 52 50 47 65 62 84 73 44 83 45 32 81 91 97 29 5 
539-1-8 1?2.647 = 1 68 52 87 69 83 45 32 58 27 28 40 42 38 55 61 22 26 51 63 8 
539-2-3 1?1.882 = 2 47 65 84 73 44 83 45 32 81 91 16 21 66 3 
539-1-13 1?2.211 = 1 68 52 87 17 57 77 95 71 46 18 90 19 43 54 13 
539-2-4 1?1.721 = 2 47 65 84 73 44 83 45 27 58 32 81 98 16 21 4 
539-1-14 1?2.13 = 1 68 52 50 47 65 84 87 17 57 77 95 71 46 90 14 
539-1-10 1?2.634 = 1 68 52 87 69 44 83 45 58 27 28 40 42 38 55 61 85 88 53 35 10 
539-1-11 1?2.666 = 1 68 50 47 65 84 73 44 83 45 58 27 28 40 42 56 23 89 36 11 
539-2-5 1?1.865 = 2 47 65 62 84 73 44 69 83 45 32 81 91 97 29 5 
539-2-6 1?2.093 = 2 47 65 84 73 44 83 45 58 32 81 91 29 97 82 78 41 94 6 
539-1-15 1?1.928 = 1 68 52 50 47 65 62 84 87 17 57 77 95 71 46 18 15 
539-1-12 1?2.72 = 1 68 50 65 84 73 44 83 45 58 27 28 40 42 38 72 56 23 89 12 
539-1-9 1?2.611 = 1 68 52 87 69 44 83 45 32 58 28 40 42 38 55 61 88 85 93 37 9 
539-3-4 1?1.87 = 3 49 62 65 84 73 44 83 45 58 32 81 91 16 21 4 
539-3-5 1?1.938 = 3 49 62 47 65 84 73 44 83 45 32 81 91 97 29 5 
539-2-7 1?2.297 = 2 47 65 84 73 44 83 45 32 81 91 29 97 82 78 70 33 75 7 
539-2-14 1?2.492 = 2 47 65 62 84 73 44 69 87 17 57 77 67 95 71 46 18 90 14 
539-2-13 1?2.432 = 2 47 65 84 73 44 83 45 32 58 27 28 40 42 99 96 25 43 54 13 
539-2-15 1?1.889 = 2 47 65 62 84 73 44 69 87 17 57 77 95 71 46 18 15 
539-2-11 1?2.584 = 2 47 65 84 73 44 83 45 32 58 27 28 40 42 38 55 72 56 23 89 36 11 
539-2-12 1?2.506 = 2 47 65 84 73 44 83 45 32 58 27 28 40 42 38 72 56 23 89 12 
539-2-10 1?2.586 = 2 47 65 62 84 73 44 83 45 32 58 27 28 40 42 38 55 61 85 88 53 35 10 
539-2-8 1?2.521 = 2 47 65 84 73 44 83 45 32 81 91 29 97 82 78 70 33 75 63 8 
539-2-9 1?2.519 = 2 47 65 84 73 44 83 45 32 58 27 28 40 42 38 55 61 88 85 93 34 37 9 
539-3-6 1?1.886 = 3 66 92 16 91 29 97 82 78 70 33 75 24 41 94 6 
539-4-5 1?1.95 = 4 21 16 91 29 97 78 70 33 75 24 41 94 82 5 
539-3-7 1?2.326 = 3 49 62 65 84 73 44 83 81 91 29 97 82 78 70 33 75 7 
539-3-10 1?2.579 = 3 66 92 16 91 81 32 45 58 27 28 40 42 38 55 61 85 88 53 35 10 
539-3-11 1?2.646 = 3 49 62 65 84 73 44 83 45 32 58 27 28 40 42 38 72 56 23 36 11 
539-3-15 1?2.12 = 3 49 62 47 65 84 73 44 69 87 17 57 77 95 71 46 18 15 
539-3-14 1?2.723 = 3 49 62 47 65 84 73 44 69 87 17 57 77 67 95 71 46 18 90 14 
539-3-8 1?2.55 = 3 49 62 65 84 73 44 83 81 91 29 97 82 78 70 33 75 63 8 
539-3-13 1?2.71 = 3 49 47 65 84 73 44 83 45 32 58 27 28 40 42 99 96 25 43 54 13 
539-3-9 1?2.488 = 3 66 92 16 91 81 32 45 58 27 28 40 42 38 55 61 88 85 93 37 9 
539-3-12 1?2.696 = 3 49 62 65 84 73 44 83 45 32 58 27 28 40 42 38 72 56 23 89 12 
539-4-6 1?1.623 = 4 21 16 91 29 97 82 78 70 33 75 24 41 94 6 
539-5-6 1?1.78 = 5 16 98 81 91 29 97 78 70 33 75 24 41 94 6 
539-4-7 1?1.846 = 4 21 66 92 16 98 81 91 29 97 78 70 33 75 7 
539-4-14 1?2.655 = 4 21 16 98 81 32 58 27 45 83 44 69 17 57 77 95 71 46 18 14 
539-4-10 1?2.546 = 4 21 16 98 91 81 32 45 58 27 28 40 42 38 55 61 85 88 53 80 48 10 
539-4-8 1?2.321 = 4 21 16 98 81 91 29 97 82 78 41 24 75 33 20 26 51 63 8 
539-4-13 1?2.578 = 4 21 16 91 81 32 45 58 27 28 40 42 38 55 72 56 96 25 43 54 13 
539-4-11 1?2.637 = 4 21 16 91 81 32 45 58 27 28 40 42 38 55 61 85 88 53 35 80 48 11 
539-4-9 1?2.337 = 4 21 16 91 81 32 45 58 27 28 40 42 38 55 61 88 85 93 34 37 9 
539-4-15 1?2.478 = 4 21 16 91 81 32 58 27 45 83 69 87 17 57 77 95 71 46 18 15 
539-4-12 1?2.691 = 4 21 16 91 81 32 45 58 27 28 40 42 38 55 61 85 88 72 56 23 89 12 
539-5-7 1?2.074 = 5 16 98 81 91 29 97 82 78 70 33 20 75 24 7 
539-6-7 1?2.014 = 6 94 41 78 82 29 97 91 16 98 81 70 33 75 7 
539-6-8 1?1.825 = 6 94 41 82 29 97 78 70 33 20 75 26 51 63 8 
539-5-8 1?1.935 = 5 29 97 78 41 94 24 75 33 20 22 26 51 63 8 
539-5-10 1?2.367 = 5 29 97 91 81 32 45 58 27 28 40 42 38 55 61 85 88 53 35 10 
539-5-11 1?2.453 = 5 29 97 91 81 32 45 58 27 28 40 42 38 55 72 56 23 89 36 11 
539-5-9 1?2.23 = 5 29 97 91 81 32 58 27 28 40 42 38 55 61 88 85 93 37 9 
539-5-12 1?2.611 = 5 29 97 91 81 32 45 58 27 28 40 42 38 55 72 56 23 36 89 12 
539-5-14 1?2.72 = 5 29 97 91 81 32 58 27 45 83 44 69 17 57 77 95 71 46 18 14 
539-5-15 1?2.529 = 5 29 97 91 81 32 58 27 45 83 69 87 17 57 77 95 71 46 18 15 
539-5-13 1?2.749 = 5 82 97 29 91 81 32 45 58 27 28 40 42 38 55 72 56 96 25 43 54 13 
539-7-8 1?2.06 = 7 75 24 41 82 29 97 78 70 33 20 26 51 63 8 
539-7-10 1?2.492 = 7 75 33 20 30 28 40 42 38 55 61 88 85 93 35 53 80 10 
539-6-9 1?2.031 = 6 94 41 82 29 97 78 70 33 75 63 26 51 34 37 9 
539-7-9 1?2.271 = 7 75 33 20 30 28 40 42 38 55 61 88 85 93 34 37 9 
539-7-11 1?2.632 = 7 75 33 20 32 45 58 27 28 40 42 38 55 72 56 23 89 36 11 
539-6-10 1?2.412 = 6 94 41 82 29 97 78 70 33 75 26 51 34 37 93 35 53 80 10 
539-6-11 1?2.493 = 6 94 41 82 97 29 91 81 32 45 58 27 28 40 42 56 23 89 36 11 
539-6-13 1?2.542 = 6 94 41 82 97 29 91 81 32 45 58 27 28 40 42 99 96 25 43 54 13 
539-6-12 1?2.57 = 6 94 41 82 97 29 91 81 32 58 27 28 40 42 38 72 56 23 89 12 
539-6-14 1?2.661 = 6 94 41 82 97 29 91 81 32 45 83 69 17 57 77 95 71 90 14 
539-6-15 1?2.495 = 6 94 41 82 97 29 91 81 32 45 83 69 17 57 77 95 71 46 18 15 
539-8-10 1?2.105 = 8 63 51 26 22 61 88 85 34 37 93 35 53 80 48 10 
539-8-9 1?2.137 = 8 63 26 22 30 38 55 61 85 88 53 35 93 34 37 9 
539-8-11 1?2.401 = 8 63 26 51 76 34 93 35 53 85 88 61 55 72 56 23 89 36 11 
539-8-12 1?2.525 = 8 63 26 51 76 34 93 35 53 88 85 61 55 38 72 56 23 89 12 
539-7-13 1?2.769 = 7 75 33 70 78 91 81 32 45 58 28 40 42 99 96 25 43 54 13 
539-7-12 1?2.731 = 7 75 33 20 30 28 40 42 38 55 61 85 88 74 72 56 23 89 12 
539-7-14 1?2.816 = 7 75 33 70 78 97 29 91 81 32 45 58 27 59 86 67 19 90 14 
539-8-13 1?2.659 = 8 63 26 51 76 34 93 35 53 88 85 61 55 38 42 99 96 25 43 54 13 
539-7-15 1?2.701 = 7 75 33 70 78 97 29 91 81 83 69 17 57 77 95 71 46 18 15 
539-8-14 1?2.865 = 8 63 51 26 22 85 88 61 55 38 42 40 28 59 86 67 95 71 46 18 14 
539-8-15 1?2.734 = 8 63 26 51 34 93 85 88 61 55 38 42 40 28 59 86 67 95 71 46 18 15 
539-10-11 1?2.169 = 10 48 80 53 35 93 85 88 61 55 72 56 23 89 36 11 
539-9-11 1?2.054 = 9 37 34 93 35 53 85 88 61 55 72 56 23 89 36 11 
539-9-10 1?2.164 = 9 37 34 93 35 53 85 88 61 55 38 72 74 80 48 10 
539-10-12 1?2.293 = 10 48 80 53 35 93 85 88 61 55 38 72 56 23 89 12 
539-10-13 1?2.486 = 10 48 80 35 53 85 88 61 55 38 42 99 96 25 64 79 54 13 
539-9-12 1?2.429 = 9 37 34 93 35 53 85 88 61 55 38 42 99 96 25 64 79 12 
539-9-13 1?2.509 = 9 37 34 93 35 53 85 88 61 55 38 72 56 23 96 25 43 54 13 
539-10-14 1?2.759 = 10 80 35 53 85 88 61 55 38 42 40 28 59 86 67 95 71 90 14 
539-9-14 1?2.71 = 9 37 34 93 85 88 61 55 38 42 40 28 59 86 67 95 71 46 18 14 
539-10-15 1?2.64 = 10 80 53 35 93 85 88 61 55 38 30 28 40 86 67 95 71 46 18 15 
539-9-15 1?2.656 = 9 37 34 93 35 53 85 88 61 55 38 30 28 40 86 67 95 71 46 18 15 
539-12-13 1?2.366 = 12 89 23 74 88 85 61 55 38 42 99 96 25 43 54 13 
539-11-13 1?2.241 = 11 48 80 53 85 88 61 55 38 42 99 96 25 43 54 13 
539-13-14 1?2.526 = 13 54 43 64 25 96 99 86 67 19 95 71 46 18 90 14 
539-12-14 1?2.563 = 12 89 23 56 72 88 85 61 55 38 42 99 96 25 43 14 
539-11-14 1?2.509 = 11 48 80 35 53 85 88 61 55 38 42 99 96 25 43 14 
539-11-12 1?2.366 = 11 48 80 35 53 85 88 61 30 38 72 56 23 89 12 
539-14-15 1?2.687 = 14 90 19 67 86 59 31 69 44 73 87 17 77 95 71 46 15 
539-13-15 1?2.303 = 13 54 43 64 25 96 99 86 67 95 71 19 90 46 18 15 
539-12-15 1?2.558 = 12 89 23 56 72 88 85 61 55 38 42 86 67 95 71 46 18 15 
539-11-15 1?2.572 = 11 36 89 23 56 72 88 85 61 55 38 42 86 67 95 71 46 18 15 
stop
