start
885-0-2 1?1.982 = 0 64 90 36 56 27 16 82 22 52 26 71 70 34 24 2 
885-0-3 1?2.219 = 0 64 90 36 48 56 27 16 82 22 52 26 71 70 86 47 57 93 3 
885-0-1 1?1.926 = 0 64 90 36 48 56 30 74 80 92 27 52 26 91 1 
885-0-4 1?2.411 = 0 64 90 36 26 52 71 70 86 47 57 93 32 46 28 38 43 95 85 4 
885-0-9 1?2.609 = 0 64 90 36 48 56 30 80 74 33 42 31 41 94 17 23 44 73 97 9 
885-0-10 1?2.468 = 0 64 90 36 48 56 30 92 80 74 33 42 31 41 94 17 23 98 44 73 10 
885-0-5 1?2.51 = 0 64 90 36 26 52 71 70 86 79 47 57 93 32 46 28 38 43 95 96 29 5 
885-0-8 1?2.767 = 0 64 90 36 48 56 27 16 82 22 87 21 25 39 67 45 53 35 54 8 
885-0-6 1?2.735 = 0 64 90 36 48 56 27 16 82 22 87 21 25 39 67 45 53 35 84 59 6 
885-0-7 1?2.781 = 0 64 90 36 48 56 30 92 16 82 22 87 21 25 39 67 45 53 35 62 7 
885-0-11 1?2.211 = 0 64 90 36 48 56 27 92 30 80 74 33 76 42 31 41 94 17 23 98 11 
885-0-15 1?1.672 = 0 64 90 36 48 56 27 16 82 92 30 80 33 74 72 15 
885-1-4 1?1.909 = 1 51 40 34 79 47 57 93 32 46 28 38 43 95 96 85 4 
885-0-14 1?1.583 = 0 64 90 36 48 56 27 16 82 92 30 80 74 33 76 14 
885-1-2 1?2.203 = 1 91 90 64 36 26 52 81 19 86 70 71 40 34 24 2 
885-1-3 1?2.124 = 1 51 40 34 79 47 57 93 32 46 28 38 43 95 85 89 49 3 
885-0-13 1?1.92 = 0 64 90 36 48 56 30 92 80 74 33 76 31 42 65 37 41 83 13 
885-1-7 1?2.675 = 1 51 40 34 79 47 57 93 32 46 28 38 43 95 68 67 45 53 35 62 7 
885-1-6 1?2.631 = 1 91 51 40 24 34 79 47 57 93 32 46 28 38 43 95 96 69 84 59 6 
885-1-8 1?2.841 = 1 51 40 34 79 47 57 93 32 46 28 38 43 95 68 67 45 53 35 54 8 
885-0-12 1?2.201 = 0 64 90 36 56 30 92 80 74 33 76 31 42 65 37 55 77 23 17 12 
885-1-5 1?2.51 = 1 91 51 40 24 34 79 47 57 93 32 49 89 46 28 38 43 68 95 96 29 5 
885-1-15 1?1.968 = 1 91 26 52 27 92 80 74 30 56 48 36 90 64 15 
885-2-4 1?1.934 = 2 79 47 57 93 32 46 28 38 43 68 95 96 85 89 49 4 
885-2-6 1?2.361 = 2 24 34 79 47 57 93 32 46 28 38 43 68 95 96 69 84 6 
885-1-14 1?2.141 = 1 51 40 70 71 52 26 90 64 36 48 56 27 92 30 80 74 33 14 
885-2-3 1?1.997 = 2 79 47 57 93 32 46 28 38 43 68 95 96 85 89 49 3 
885-2-5 1?1.964 = 2 24 40 34 79 47 57 93 32 46 28 38 43 68 95 96 29 5 
885-1-12 1?2.486 = 1 91 90 36 56 30 92 80 74 33 76 31 42 65 37 55 77 23 17 12 
885-1-9 1?2.81 = 1 91 51 40 34 70 86 19 81 87 21 25 39 67 45 53 35 54 88 9 
885-1-13 1?2.27 = 1 91 90 64 36 48 56 30 92 80 74 33 76 31 42 65 37 41 83 13 
885-1-10 1?2.644 = 1 91 90 36 48 56 30 92 80 42 31 41 94 17 23 98 44 73 10 
885-1-11 1?2.379 = 1 91 90 64 36 48 56 30 92 80 74 33 42 31 41 94 17 23 98 11 
885-2-15 1?1.982 = 2 24 34 40 51 91 90 64 36 48 56 30 80 74 72 15 
885-3-4 1?2.045 = 3 93 32 46 28 38 43 95 68 69 96 29 85 89 49 4 
885-3-5 1?2.13 = 3 32 93 57 47 79 34 40 70 86 18 28 38 43 95 96 29 5 
885-2-12 1?2.436 = 2 24 34 70 71 26 52 27 92 30 80 74 33 76 42 31 41 94 12 
885-2-14 1?2.268 = 2 24 34 70 71 52 26 90 64 36 48 56 27 92 30 80 33 76 14 
885-2-9 1?2.69 = 2 79 47 57 93 32 46 28 38 43 95 68 69 67 45 53 35 54 88 9 
885-2-7 1?2.435 = 2 79 47 57 93 32 46 28 38 43 95 68 69 67 45 53 35 62 7 
885-2-13 1?2.374 = 2 24 34 40 51 91 90 36 48 56 30 92 80 74 33 42 31 41 83 13 
885-2-10 1?2.837 = 2 24 34 70 71 26 52 27 92 30 80 42 31 41 94 17 23 44 10 
885-2-8 1?2.687 = 2 79 47 57 93 32 46 28 38 43 95 96 69 67 45 53 35 62 8 
885-2-11 1?2.575 = 2 24 51 91 90 36 48 56 30 80 74 33 42 31 41 94 17 23 98 11 
885-4-5 1?1.866 = 4 89 49 32 93 57 47 18 78 28 38 43 95 96 29 5 
885-3-6 1?2.284 = 3 93 57 32 46 28 38 43 95 96 69 67 45 53 84 59 6 
885-3-15 1?2.279 = 3 93 57 47 86 70 71 26 52 22 82 16 27 56 36 90 64 48 15 
885-3-14 1?2.265 = 3 32 93 57 47 86 70 71 26 52 22 82 16 27 92 30 80 74 33 14 
885-3-12 1?2.568 = 3 93 57 47 86 70 71 26 52 22 82 16 92 30 80 42 31 41 94 12 
885-3-7 1?2.342 = 3 93 57 32 46 28 38 43 68 95 96 69 67 45 53 35 62 7 
885-3-9 1?2.721 = 3 93 57 32 46 28 38 43 95 68 69 67 39 25 45 53 35 54 88 9 
885-3-10 1?2.768 = 3 93 57 32 46 28 38 43 95 68 67 39 25 21 87 50 75 66 99 73 10 
885-3-13 1?2.479 = 3 32 93 57 47 86 70 71 26 52 22 82 16 27 92 30 80 74 33 76 13 
885-3-8 1?2.632 = 3 93 57 32 46 28 38 43 95 68 69 67 39 25 45 53 35 54 8 
885-3-11 1?2.681 = 3 93 57 47 86 70 71 26 52 27 30 80 42 31 41 94 17 23 98 11 
885-4-7 1?2.077 = 4 85 96 95 68 43 38 28 39 67 45 53 35 62 7 
885-4-6 1?2.198 = 4 49 32 93 57 46 28 38 43 68 95 96 29 69 59 6 
885-5-6 1?1.968 = 5 29 96 95 43 38 28 39 67 45 53 35 84 59 6 
885-4-14 1?2.35 = 4 89 49 32 93 57 47 86 70 71 26 52 22 82 16 92 30 80 74 33 14 
885-4-9 1?2.706 = 4 49 32 93 57 46 28 38 43 95 96 69 67 45 53 35 54 88 9 
885-4-12 1?2.688 = 4 89 49 32 93 57 47 86 70 71 26 52 16 92 30 80 42 31 41 94 12 
885-4-10 1?2.725 = 4 85 96 95 43 68 69 67 39 25 21 87 50 75 20 58 99 73 10 
885-4-8 1?2.565 = 4 89 49 32 46 28 38 43 68 95 96 69 67 45 53 35 54 8 
885-4-15 1?2.476 = 4 89 49 32 93 57 47 86 70 71 26 52 22 82 16 92 30 80 74 72 15 
885-4-13 1?2.564 = 4 89 49 32 93 57 47 86 70 71 26 52 22 82 16 92 30 80 74 33 76 13 
885-4-11 1?2.714 = 4 85 95 96 68 69 67 39 25 21 87 50 75 55 77 17 23 98 11 
885-6-7 1?2.237 = 6 59 69 68 95 43 38 28 39 67 45 53 35 62 7 
885-5-7 1?1.943 = 5 29 96 95 68 43 38 28 39 67 45 53 35 62 7 
885-6-8 1?2.435 = 6 59 69 68 95 43 38 28 39 67 45 53 35 62 8 
885-5-9 1?2.535 = 5 29 96 95 43 38 28 18 78 25 39 67 45 53 35 54 88 9 
885-5-8 1?2.446 = 5 29 96 95 43 38 28 18 78 25 39 67 45 53 35 54 8 
885-5-10 1?2.55 = 5 29 96 95 68 69 67 39 25 21 87 50 75 66 58 99 73 10 
885-5-12 1?2.528 = 5 29 96 95 68 67 39 25 21 87 50 75 60 37 65 42 31 41 94 12 
885-5-15 1?2.627 = 5 29 96 95 43 38 28 18 78 19 52 26 90 36 48 56 30 80 74 72 15 
885-5-13 1?2.587 = 5 29 96 95 43 68 69 67 39 25 21 87 50 75 60 37 65 42 31 41 83 13 
885-5-11 1?2.462 = 5 29 96 95 43 68 67 39 25 21 87 50 75 55 77 17 23 98 11 
885-5-14 1?2.54 = 5 29 96 95 43 38 28 78 81 52 26 90 36 48 56 30 92 80 74 33 14 
885-6-9 1?2.413 = 6 59 69 68 43 38 28 39 67 45 53 35 54 88 9 
885-7-9 1?2.361 = 7 62 35 53 45 67 39 25 21 87 50 20 58 61 9 
885-7-10 1?2.335 = 7 62 35 53 67 39 25 21 87 50 75 66 99 73 10 
885-7-8 1?2.534 = 7 62 35 53 45 67 39 25 21 87 50 20 58 61 54 8 
885-6-10 1?2.5 = 6 59 84 35 53 45 67 39 25 21 87 50 75 66 99 73 10 
885-6-12 1?2.657 = 6 59 84 53 45 67 39 25 21 87 50 75 60 65 42 31 41 94 12 
885-6-14 1?2.557 = 6 59 84 35 53 45 67 39 25 21 87 22 82 92 30 80 74 33 14 
885-6-11 1?2.565 = 6 59 84 53 45 67 39 25 21 87 75 55 77 17 23 98 11 
885-6-15 1?2.696 = 6 59 84 35 53 45 67 39 25 21 87 81 52 26 90 64 36 48 15 
885-7-11 1?2.504 = 7 62 35 53 45 67 39 25 21 87 50 75 55 77 17 98 11 
885-6-13 1?2.59 = 6 59 84 53 45 67 39 25 21 87 50 75 60 37 65 42 31 41 83 13 
885-8-9 1?2.559 = 8 62 35 53 45 67 39 25 21 87 50 20 58 61 9 
885-8-10 1?2.511 = 8 54 35 53 45 67 39 25 21 87 75 66 99 73 10 
885-8-12 1?2.734 = 8 54 35 53 45 67 39 25 21 87 50 75 60 37 65 41 94 12 
885-7-12 1?2.582 = 7 62 35 53 45 67 39 25 21 87 50 75 60 55 77 23 17 12 
885-8-11 1?2.392 = 8 54 61 58 66 55 37 65 42 31 41 94 17 23 98 11 
885-8-13 1?2.585 = 8 54 35 53 45 67 39 25 21 87 50 75 60 37 65 42 31 83 13 
885-7-14 1?2.536 = 7 62 35 53 45 67 39 25 21 87 22 82 92 30 80 74 33 76 14 
885-8-14 1?2.702 = 8 54 35 53 45 67 39 25 21 87 22 82 92 30 80 74 33 76 14 
885-7-13 1?2.503 = 7 62 35 53 45 67 39 25 21 87 50 75 60 65 42 31 41 83 13 
885-8-15 1?2.832 = 8 54 35 53 45 67 39 25 21 87 22 82 16 92 30 80 33 74 72 15 
885-7-15 1?2.754 = 7 62 35 53 45 67 39 25 21 87 22 82 16 27 92 30 80 33 74 72 15 
885-9-10 1?2.569 = 9 88 54 35 53 67 39 25 21 87 75 66 99 73 10 
885-10-12 1?2.399 = 10 44 98 23 17 94 41 31 42 80 30 74 33 76 83 63 12 
885-9-12 1?2.649 = 9 97 73 99 77 55 37 65 42 31 83 41 63 94 17 23 98 12 
885-9-11 1?2.275 = 9 97 73 99 77 55 37 65 42 31 41 94 17 23 98 11 
885-10-11 1?2.072 = 10 73 99 77 55 37 65 42 31 83 41 94 17 23 98 11 
885-10-13 1?2.48 = 10 73 44 98 23 17 94 41 31 42 80 92 30 72 74 33 76 83 13 
885-10-14 1?2.488 = 10 73 44 98 23 17 94 41 83 31 42 33 74 80 30 92 27 56 72 14 
885-9-14 1?2.687 = 9 97 73 99 77 55 37 65 42 31 76 33 74 80 30 92 27 56 72 14 
885-9-13 1?2.674 = 9 88 54 35 53 45 67 39 25 21 87 50 75 60 37 65 42 31 83 13 
885-9-15 1?2.651 = 9 97 73 44 23 17 94 41 31 42 33 74 80 30 56 48 36 90 64 15 
885-10-15 1?2.427 = 10 44 98 23 17 94 41 31 42 33 74 80 92 30 56 48 36 90 64 15 
885-11-12 1?2.043 = 11 98 23 17 94 41 31 42 80 30 74 33 76 83 63 12 
885-12-14 1?1.808 = 12 17 23 77 55 37 65 42 31 76 33 74 80 30 72 14 
885-13-14 1?1.922 = 13 83 31 42 33 74 80 30 92 27 56 36 90 64 48 72 14 
885-13-15 1?1.664 = 13 83 41 31 42 33 74 80 92 30 56 48 36 90 64 15 
885-14-15 1?1.643 = 14 76 33 74 80 30 92 82 16 27 56 36 90 64 48 15 
885-12-15 1?1.767 = 12 94 41 31 42 33 74 80 92 30 56 48 36 90 64 15 
885-12-13 1?1.942 = 12 17 23 77 55 37 65 92 30 80 74 33 42 31 83 13 
885-11-13 1?1.851 = 11 98 23 17 94 41 83 31 42 80 92 30 74 33 76 13 
885-11-14 1?2.142 = 11 98 17 23 77 55 37 65 42 31 41 83 76 33 74 80 30 72 14 
885-11-15 1?2.158 = 11 98 23 17 94 41 31 42 33 74 80 30 92 27 56 48 36 90 64 15 
stop
