start
891-0-2 1?2.336 = 0 33 43 22 28 89 68 61 58 20 96 95 81 31 39 2 
891-0-3 1?2.394 = 0 33 43 22 28 68 61 19 73 53 52 25 59 90 16 20 96 95 3 
891-0-5 1?2.751 = 0 76 60 35 26 57 62 46 41 86 75 54 67 73 53 52 25 98 5 
891-0-6 1?2.614 = 0 33 43 22 28 89 68 61 19 73 53 52 25 59 32 98 40 44 6 
891-0-4 1?2.702 = 0 33 43 22 28 68 61 58 19 73 53 52 25 59 90 16 20 96 56 24 4 
891-0-1 1?2.471 = 0 76 83 33 43 22 89 68 61 58 20 96 81 31 39 1 
891-0-7 1?2.658 = 0 33 43 39 31 81 96 20 16 90 59 25 52 53 74 63 29 80 7 
891-0-10 1?2.746 = 0 76 83 78 18 65 26 57 94 62 46 41 86 91 49 38 36 71 10 
891-0-11 1?2.728 = 0 76 78 60 35 26 57 94 62 46 41 86 91 49 38 36 71 34 48 11 
891-0-9 1?2.909 = 0 33 43 22 28 89 20 16 90 59 25 52 53 73 17 77 55 51 27 9 
891-0-8 1?2.903 = 0 33 43 39 31 81 96 20 16 90 59 25 52 53 73 17 77 79 30 84 8 
891-0-13 1?2.242 = 0 76 83 78 18 65 35 47 26 57 62 94 50 93 88 13 
891-0-15 1?2.324 = 0 76 78 60 35 26 57 94 50 93 88 37 97 82 42 15 
891-1-2 1?2.248 = 1 33 43 22 28 89 68 61 58 20 96 95 81 31 39 2 
891-1-3 1?2.064 = 1 39 31 89 68 61 58 25 59 90 16 20 96 95 3 
891-1-6 1?2.517 = 1 39 31 81 96 20 16 90 32 59 25 52 53 74 63 29 44 6 
891-0-14 1?2.333 = 0 76 78 60 47 35 65 26 57 94 50 93 88 37 97 14 
891-1-7 1?2.554 = 1 39 31 81 96 20 16 90 32 59 25 52 53 74 63 29 80 66 7 
891-1-5 1?2.7 = 1 39 31 81 96 20 16 90 32 59 25 52 53 74 63 23 40 5 
891-0-12 1?2.641 = 0 76 78 18 65 26 57 94 62 46 99 38 36 71 34 48 92 45 12 
891-1-8 1?2.619 = 1 39 31 81 96 20 16 90 59 25 52 53 73 67 17 77 79 30 84 8 
891-1-4 1?2.469 = 1 39 31 89 68 61 58 19 67 73 53 52 25 59 32 90 16 24 4 
891-1-15 1?2.355 = 1 33 43 39 31 89 68 61 18 65 35 60 47 42 15 
891-1-14 1?2.286 = 1 43 33 83 78 18 65 26 57 94 50 93 88 37 97 14 
891-2-5 1?1.899 = 2 31 39 89 68 61 19 73 53 52 25 59 32 98 5 
891-1-13 1?2.684 = 1 33 43 83 78 18 65 35 60 47 26 57 62 94 50 93 88 37 13 
891-2-3 1?1.9 = 2 31 39 89 68 61 58 25 59 90 16 20 96 95 3 
891-1-12 1?2.738 = 1 43 33 83 78 60 35 47 26 57 62 46 99 38 36 71 34 48 92 45 12 
891-2-4 1?1.977 = 2 31 89 68 61 58 19 73 53 52 25 59 90 16 24 4 
891-2-6 1?2.438 = 2 81 96 20 16 90 59 25 52 53 73 19 67 17 64 69 63 29 44 6 
891-1-10 1?2.787 = 1 39 31 89 68 61 58 19 67 54 75 86 41 91 49 38 36 71 10 
891-1-11 1?2.651 = 1 43 33 83 78 60 35 47 26 57 94 62 46 99 38 36 71 34 48 11 
891-1-9 1?2.696 = 1 39 31 81 96 20 16 90 59 25 52 53 73 67 17 77 55 51 27 9 
891-2-15 1?2.229 = 2 31 39 89 28 68 58 61 18 65 35 47 60 42 15 
891-2-14 1?2.265 = 2 31 39 89 68 58 61 18 65 26 57 94 50 97 14 
891-3-5 1?2.012 = 3 95 96 20 89 68 61 58 16 90 32 59 25 98 5 
891-2-13 1?2.59 = 2 31 39 89 68 61 58 19 67 54 75 70 87 57 26 94 50 93 88 13 
891-2-12 1?2.661 = 2 81 96 20 16 90 59 25 52 53 73 67 54 75 86 41 99 72 92 45 12 
891-3-4 1?2.082 = 3 95 96 81 31 39 22 28 89 68 61 58 20 56 24 4 
891-2-7 1?2.403 = 2 81 96 20 16 90 59 25 52 53 73 67 17 64 69 63 29 80 66 7 
891-2-8 1?2.53 = 2 39 31 81 96 20 16 90 59 25 52 53 73 19 67 17 77 79 30 84 8 
891-2-11 1?2.527 = 2 31 39 89 68 61 58 19 67 54 75 86 41 49 38 36 71 34 11 
891-2-10 1?2.672 = 2 81 96 20 16 90 59 25 52 53 73 67 54 75 91 49 38 36 71 10 
891-2-9 1?2.527 = 2 31 81 96 20 16 90 59 25 52 53 73 19 67 17 77 55 51 27 9 
891-3-6 1?1.971 = 3 95 96 20 16 90 25 59 32 98 40 23 29 44 6 
891-4-5 1?2.115 = 4 24 56 95 96 81 31 39 89 20 16 90 32 98 5 
891-3-15 1?2.512 = 3 95 96 81 31 39 22 28 89 68 58 61 18 65 35 47 42 15 
891-3-13 1?2.455 = 3 95 96 20 16 90 59 25 52 53 73 67 54 75 86 46 62 93 88 13 
891-3-7 1?2.117 = 3 95 96 20 16 90 59 25 52 53 73 67 17 64 69 63 29 80 7 
891-3-14 1?2.474 = 3 95 96 20 16 90 59 25 52 53 73 67 54 75 70 87 57 26 97 14 
891-3-12 1?2.473 = 3 95 96 20 16 90 59 25 52 53 73 67 54 75 86 41 99 72 92 45 12 
891-3-8 1?2.219 = 3 95 96 20 16 90 59 25 52 53 73 67 54 17 77 55 30 84 8 
891-3-10 1?2.55 = 3 95 96 20 16 90 59 25 52 53 73 67 54 75 86 41 49 38 36 71 10 
891-3-11 1?2.413 = 3 95 96 20 16 90 59 25 52 53 73 67 54 75 91 49 38 36 71 11 
891-3-9 1?2.485 = 3 95 96 20 16 90 32 59 25 52 53 73 19 67 54 17 77 55 51 27 9 
891-4-7 1?1.921 = 4 32 59 25 52 53 73 19 67 17 64 69 63 29 80 7 
891-4-6 1?1.982 = 4 32 59 25 52 53 73 19 67 17 64 69 63 29 44 6 
891-5-6 1?1.907 = 5 98 32 59 25 52 53 73 17 64 69 63 29 44 6 
891-4-8 1?2.131 = 4 24 16 90 59 25 52 53 73 19 67 17 77 55 79 30 84 8 
891-4-15 1?2.506 = 4 32 59 25 52 53 73 19 67 54 75 70 18 65 35 47 82 42 15 
891-4-13 1?2.425 = 4 32 59 25 52 53 73 67 54 75 86 41 46 62 57 26 94 93 88 13 
891-4-14 1?2.488 = 4 32 59 25 52 53 73 67 54 75 86 41 46 62 57 26 94 50 97 14 
891-4-12 1?2.619 = 4 24 16 90 32 59 25 52 53 73 19 67 54 75 86 41 46 62 72 92 45 12 
891-4-10 1?2.565 = 4 24 16 90 59 25 52 53 73 19 67 54 75 86 41 91 49 38 36 71 10 
891-4-11 1?2.539 = 4 24 16 90 59 25 52 53 73 19 67 54 75 86 41 91 49 38 36 71 34 11 
891-4-9 1?2.597 = 4 24 56 95 96 20 16 90 59 25 52 53 73 67 54 17 77 55 51 27 9 
891-6-7 1?2.039 = 6 40 98 32 59 25 52 53 17 64 69 63 29 80 7 
891-5-7 1?1.893 = 5 98 32 59 25 52 53 73 67 17 64 69 63 29 80 7 
891-6-8 1?2.116 = 6 44 40 98 32 59 25 52 53 73 17 77 55 30 84 8 
891-5-8 1?2.067 = 5 98 32 59 25 52 53 73 19 67 54 17 77 55 30 84 8 
891-5-15 1?2.464 = 5 98 32 59 25 52 53 73 19 67 54 75 70 87 65 35 47 42 15 
891-5-12 1?2.467 = 5 98 32 59 25 52 53 73 19 67 54 75 70 86 41 46 62 72 92 45 12 
891-5-13 1?2.435 = 5 98 32 59 25 52 53 73 19 67 54 75 70 87 57 26 94 50 93 88 13 
891-5-14 1?2.433 = 5 98 32 59 25 52 53 73 19 67 54 75 70 87 57 26 94 50 97 14 
891-5-10 1?2.326 = 5 98 32 59 25 52 53 73 67 54 75 86 41 49 38 36 71 10 
891-5-9 1?2.269 = 5 98 32 59 25 52 53 73 19 67 54 17 64 77 55 51 27 9 
891-5-11 1?2.367 = 5 98 32 59 25 52 53 73 19 67 54 75 86 41 91 49 38 36 34 11 
891-7-8 1?1.949 = 7 66 80 29 63 23 74 69 64 17 77 55 79 30 84 8 
891-6-15 1?2.616 = 6 40 98 32 59 25 52 53 73 67 54 75 70 87 65 35 47 42 15 
891-7-9 1?2.001 = 7 66 80 29 63 74 69 64 77 55 79 30 21 51 27 9 
891-7-10 1?2.293 = 7 66 80 29 63 74 69 64 17 77 55 85 49 38 36 71 10 
891-6-12 1?2.61 = 6 44 40 98 32 59 25 52 53 73 67 54 75 86 41 46 62 72 92 45 12 
891-6-10 1?2.408 = 6 44 29 63 69 64 77 17 54 75 86 41 49 38 36 71 10 
891-6-13 1?2.553 = 6 44 29 63 69 64 17 54 75 70 86 41 46 62 57 26 94 50 93 88 13 
891-7-11 1?2.165 = 7 66 80 29 63 69 64 77 55 85 49 38 36 71 34 48 11 
891-6-14 1?2.686 = 6 44 40 98 32 59 25 52 53 73 67 54 75 86 41 46 62 94 50 97 14 
891-6-9 1?2.3 = 6 44 40 98 32 59 25 52 53 73 19 67 17 77 55 51 27 9 
891-6-11 1?2.487 = 6 44 29 63 74 69 64 17 54 75 70 86 41 91 49 38 36 71 34 11 
891-8-10 1?2.142 = 8 84 30 79 69 64 17 77 55 85 49 38 36 71 10 
891-8-12 1?2.348 = 8 84 30 55 85 91 86 41 46 62 57 26 94 50 93 72 92 45 12 
891-8-11 1?2.071 = 8 84 30 79 69 64 17 77 55 85 49 38 36 71 11 
891-7-12 1?2.449 = 7 66 80 29 63 74 69 64 77 55 85 49 38 36 71 34 48 92 45 12 
891-7-13 1?2.418 = 7 80 29 63 69 64 17 54 75 86 41 46 62 57 26 94 50 93 88 13 
891-8-13 1?2.396 = 8 84 30 79 77 17 54 75 70 86 41 46 62 57 26 94 93 88 13 
891-8-9 1?2.12 = 8 84 66 80 29 63 69 64 17 77 55 85 51 27 9 
891-8-15 1?2.676 = 8 84 30 55 77 17 54 75 86 41 46 62 57 26 94 50 97 82 42 15 
891-7-15 1?2.769 = 7 80 29 63 69 64 17 54 75 70 86 41 46 62 57 26 94 50 97 82 42 15 
891-7-14 1?2.588 = 7 66 80 29 63 69 64 17 54 75 70 86 41 46 62 57 26 94 50 97 14 
891-8-14 1?2.755 = 8 84 30 55 77 64 17 54 75 70 86 41 46 62 57 26 94 50 37 97 14 
891-9-10 1?2.256 = 9 27 51 55 77 17 54 75 86 41 49 38 36 71 10 
891-10-12 1?2.286 = 10 71 36 38 49 41 46 62 57 26 94 50 93 88 72 92 45 12 
891-9-12 1?2.364 = 9 27 51 85 49 91 86 41 46 62 57 26 94 50 93 72 92 45 12 
891-10-11 1?2.159 = 10 71 36 38 99 46 62 57 26 94 93 72 45 92 48 11 
891-10-13 1?2.296 = 10 71 34 36 38 49 91 86 41 99 46 62 57 26 94 93 88 13 
891-9-11 1?2.155 = 9 27 51 55 77 17 54 75 86 41 49 38 36 34 11 
891-9-13 1?2.464 = 9 27 51 55 77 17 54 75 86 41 46 62 57 26 94 50 93 88 13 
891-9-15 1?2.741 = 9 27 51 55 77 17 54 75 86 41 46 62 57 26 94 50 97 82 42 15 
891-10-15 1?2.643 = 10 71 34 36 38 49 91 86 41 46 62 57 26 94 50 37 97 82 42 15 
891-10-14 1?2.467 = 10 71 36 38 49 91 86 41 46 62 57 26 94 50 93 88 37 97 14 
891-9-14 1?2.683 = 9 27 51 55 77 17 54 75 70 86 41 46 62 57 26 94 50 37 97 14 
891-11-12 1?1.869 = 11 34 71 36 38 99 46 62 57 26 94 93 72 92 45 12 
891-11-13 1?1.922 = 11 34 71 36 38 99 46 62 57 26 94 50 93 88 37 13 
891-12-13 1?1.981 = 12 45 48 34 71 36 38 99 46 62 57 26 94 93 88 13 
891-13-15 1?2.1 = 13 88 93 50 94 57 26 65 18 78 60 35 47 82 42 15 
891-12-14 1?2.044 = 12 45 48 34 71 36 38 99 46 62 57 26 94 50 97 14 
891-13-14 1?2.218 = 13 88 93 50 94 57 26 65 18 78 60 35 47 42 82 14 
891-14-15 1?2.327 = 14 97 37 88 93 50 94 26 57 62 87 65 35 47 42 15 
891-12-15 1?2.296 = 12 45 92 48 34 71 36 38 99 62 57 26 94 50 97 82 42 15 
891-11-14 1?2.199 = 11 34 71 36 38 49 91 86 41 46 62 57 26 94 50 37 97 14 
891-11-15 1?2.331 = 11 34 71 36 38 49 91 86 41 46 62 57 26 94 50 97 82 42 15 
stop
