start
241-0-2 1?1.755 = 0 19 46 22 63 88 16 57 73 31 48 43 18 56 75 2 
241-0-1 1?1.667 = 0 19 46 25 44 65 22 63 88 16 57 73 31 48 43 1 
241-0-5 1?2.299 = 0 19 46 22 16 88 78 26 76 35 39 51 64 47 98 92 23 17 5 
241-0-4 1?2.436 = 0 79 48 31 73 57 26 76 35 94 39 51 64 47 98 92 23 17 36 4 
241-0-3 1?2.22 = 0 19 46 65 22 63 88 16 57 73 31 18 56 75 59 29 24 3 
241-0-6 1?2.455 = 0 19 46 22 63 88 16 57 26 76 35 39 51 47 64 98 92 52 90 81 6 
241-0-9 1?2.533 = 0 19 46 65 44 25 89 86 80 69 38 34 50 21 77 71 72 87 58 40 9 
241-0-11 1?2.399 = 0 19 46 65 44 25 89 80 86 42 62 33 97 34 38 50 49 60 27 11 
241-0-10 1?2.592 = 0 19 46 65 44 25 89 42 86 80 69 38 34 50 21 71 72 87 93 10 
241-0-8 1?2.676 = 0 79 48 31 73 57 26 76 35 39 64 92 98 47 51 74 82 95 45 28 8 
241-0-7 1?2.612 = 0 79 48 31 73 57 16 88 78 76 35 39 51 64 47 98 92 90 81 7 
241-0-15 1?1.699 = 0 79 48 31 73 57 88 16 22 65 44 80 86 89 25 15 
241-1-2 1?1.937 = 1 43 48 22 63 88 16 57 73 31 18 56 75 59 2 
241-1-4 1?2.182 = 1 18 75 56 91 66 30 94 39 51 64 47 98 92 23 17 36 4 
241-1-3 1?1.972 = 1 43 48 22 63 88 16 57 73 31 18 56 75 59 3 
241-0-14 1?1.692 = 0 19 46 22 16 88 63 65 44 25 89 80 86 62 33 14 
241-1-5 1?2.149 = 1 18 56 59 29 24 70 84 85 37 99 64 47 98 92 23 17 5 
241-0-13 1?2.102 = 0 79 48 31 57 16 88 63 22 65 44 25 89 80 86 62 33 13 
241-0-12 1?2.343 = 0 19 46 65 44 25 89 80 86 42 62 33 97 34 38 50 49 61 60 12 
241-1-7 1?2.464 = 1 18 56 75 59 29 24 70 84 85 37 99 64 47 98 92 52 90 81 7 
241-1-8 1?2.601 = 1 43 48 31 73 57 16 88 78 68 55 21 77 71 72 87 58 40 96 8 
241-1-6 1?2.299 = 1 43 18 56 75 59 29 24 70 84 85 37 99 64 47 98 92 52 90 81 6 
241-1-15 1?1.621 = 1 43 48 31 73 57 16 88 63 22 65 44 80 86 89 15 
241-1-14 1?1.739 = 1 43 48 31 73 57 16 88 63 22 65 44 25 89 42 62 33 14 
241-2-5 1?1.871 = 2 59 29 24 70 84 85 37 99 64 51 47 98 92 23 17 36 5 
241-1-12 1?2.237 = 1 43 48 31 73 57 16 22 63 88 78 68 38 34 50 49 60 12 
241-2-3 1?2.082 = 2 75 56 91 66 30 94 39 51 47 64 99 37 84 29 3 
241-2-4 1?1.985 = 2 59 29 24 70 84 85 37 99 64 51 47 98 92 23 17 36 4 
241-1-13 1?2.051 = 1 43 48 31 73 57 16 88 63 22 65 44 25 89 80 86 62 33 13 
241-1-9 1?2.441 = 1 43 48 31 73 57 16 88 78 68 55 21 77 71 72 87 58 96 40 9 
241-1-10 1?2.563 = 1 43 48 31 73 57 16 22 63 88 78 68 55 21 77 71 72 87 93 10 
241-2-6 1?2.026 = 2 59 29 24 70 84 85 37 32 23 92 98 47 64 51 74 52 90 81 6 
241-1-11 1?2.515 = 1 43 48 31 73 57 16 22 63 88 78 68 38 34 50 49 61 60 27 11 
241-2-15 1?1.572 = 2 75 56 18 31 73 57 16 88 63 22 65 44 25 15 
241-2-14 1?1.906 = 2 75 56 31 57 16 88 63 22 65 44 25 89 80 86 62 33 14 
241-3-5 1?1.484 = 3 29 24 70 84 85 37 99 64 51 47 98 92 23 17 5 
241-3-4 1?1.608 = 3 29 24 70 84 85 37 99 64 47 98 92 23 17 36 4 
241-2-13 1?2.245 = 2 75 56 18 31 73 57 16 88 63 22 65 44 25 89 80 86 62 33 13 
241-2-9 1?2.438 = 2 59 29 24 70 84 85 37 99 64 98 47 51 74 82 95 45 83 96 40 9 
241-2-10 1?2.628 = 2 75 56 18 43 48 31 73 57 16 88 63 68 78 55 21 77 71 72 10 
241-2-7 1?2.252 = 2 59 29 24 70 84 85 37 32 23 92 98 47 64 51 74 52 90 81 7 
241-2-12 1?2.517 = 2 75 56 18 43 48 31 73 57 88 16 22 63 68 38 34 50 49 61 12 
241-2-8 1?2.383 = 2 59 29 24 70 84 85 37 32 23 92 98 47 64 51 74 82 95 45 28 8 
241-2-11 1?2.532 = 2 75 56 18 43 48 31 73 57 16 88 78 68 38 34 50 49 60 27 11 
241-3-6 1?1.466 = 3 29 24 70 84 85 37 99 64 47 98 92 52 90 81 6 
241-4-5 1?1.67 = 4 24 70 84 85 37 99 64 51 47 98 92 23 17 36 5 
241-3-15 1?2.054 = 3 59 75 56 18 43 48 31 73 57 16 88 63 22 65 44 25 15 
241-3-14 1?2.173 = 3 59 75 56 31 73 57 16 88 63 22 65 44 25 89 42 62 33 14 
241-3-9 1?2.132 = 3 29 24 70 84 85 37 99 64 92 98 47 51 74 82 45 83 96 40 9 
241-3-13 1?2.485 = 3 59 75 56 31 73 57 16 88 63 22 65 44 25 89 80 86 62 33 13 
241-3-11 1?2.528 = 3 29 24 70 84 85 37 99 64 92 98 47 51 74 82 53 71 72 77 11 
241-3-12 1?2.647 = 3 59 75 56 18 31 73 57 88 16 22 63 68 38 34 50 49 60 12 
241-3-10 1?2.437 = 3 29 24 70 84 85 37 99 64 98 47 51 74 82 95 45 83 96 40 93 10 
241-3-7 1?2.077 = 3 29 24 70 84 85 37 32 23 92 98 47 64 39 51 74 52 90 81 7 
241-3-8 1?2.071 = 3 29 24 70 84 85 37 32 23 92 98 47 64 51 74 82 95 45 28 8 
241-5-6 1?1.639 = 5 17 23 32 85 37 99 64 51 47 98 92 90 52 81 6 
241-4-6 1?1.673 = 4 24 70 84 85 37 99 64 51 47 98 92 90 52 81 6 
241-4-7 1?1.899 = 4 24 70 84 85 37 99 64 51 47 98 92 90 52 81 7 
241-4-8 1?2.081 = 4 24 70 84 85 37 99 64 92 98 47 51 74 82 95 45 28 8 
241-4-9 1?2.244 = 4 70 84 85 32 23 92 98 47 64 51 74 82 95 45 83 96 40 9 
241-4-14 1?2.415 = 4 70 84 91 73 31 57 16 88 63 22 65 44 25 89 80 86 62 33 14 
241-4-10 1?2.441 = 4 36 17 23 92 98 47 64 51 74 82 95 45 83 96 40 58 87 93 10 
241-4-15 1?2.298 = 4 70 24 29 59 75 56 18 31 73 57 16 88 63 22 65 44 25 15 
241-4-13 1?2.62 = 4 36 17 23 92 98 47 64 51 39 35 76 78 68 38 34 54 41 13 
241-4-11 1?2.675 = 4 36 17 23 92 98 47 64 51 74 82 95 45 83 58 87 71 72 77 11 
241-4-12 1?2.744 = 4 36 17 23 92 98 47 64 51 39 35 76 26 78 68 38 34 54 61 12 
241-6-8 1?1.999 = 6 81 52 90 92 64 98 47 51 39 74 82 45 95 20 28 8 
241-6-7 1?2.127 = 6 81 52 90 23 92 64 47 51 39 74 82 95 45 20 7 
241-5-7 1?1.865 = 5 17 23 32 85 37 99 64 51 47 98 92 90 52 81 7 
241-5-9 1?2.168 = 5 17 32 85 37 99 64 92 98 47 51 74 82 95 45 83 96 40 9 
241-5-8 1?2.128 = 5 36 17 23 32 85 37 99 92 98 47 64 51 74 82 95 45 28 8 
241-5-10 1?2.327 = 5 36 17 23 92 98 47 64 51 74 82 95 45 83 96 40 58 87 93 10 
241-5-15 1?2.225 = 5 17 23 92 98 47 64 51 39 35 76 78 88 16 22 65 44 25 15 
241-5-14 1?2.419 = 5 23 92 98 47 64 39 35 76 78 88 16 22 65 44 25 89 42 14 
241-5-12 1?2.555 = 5 17 23 92 98 47 64 51 39 35 76 26 78 68 38 34 54 61 12 
241-5-11 1?2.486 = 5 17 23 92 98 47 64 51 74 82 95 45 83 58 87 71 72 77 11 
241-5-13 1?2.563 = 5 17 23 92 98 47 64 51 39 94 35 76 26 78 68 38 34 54 41 13 
241-6-9 1?1.819 = 6 81 90 52 92 98 47 64 51 74 82 95 45 83 96 40 9 
241-7-9 1?2.045 = 7 81 90 52 92 98 47 64 51 74 82 95 45 83 96 40 9 
241-7-8 1?2.16 = 7 81 52 90 92 98 47 64 39 51 74 82 45 95 20 28 8 
241-6-10 1?2.205 = 6 81 90 92 98 47 64 51 74 82 95 45 83 96 40 58 93 10 
241-7-10 1?2.431 = 7 81 90 92 98 47 64 51 74 82 95 45 83 96 40 58 93 10 
241-7-11 1?2.627 = 7 20 95 45 83 96 40 58 87 72 71 77 67 49 54 61 60 27 11 
241-6-14 1?2.478 = 6 81 90 52 92 98 47 51 39 35 76 78 88 16 22 65 44 25 89 42 14 
241-6-12 1?2.541 = 6 81 90 52 92 98 47 51 39 35 76 26 78 68 38 34 54 61 12 
241-6-11 1?2.496 = 6 81 90 52 92 98 47 64 51 74 82 95 45 83 58 87 71 72 11 
241-6-13 1?2.539 = 6 81 90 52 92 98 47 64 51 39 35 76 26 78 68 38 34 54 41 13 
241-6-15 1?2.348 = 6 81 90 52 92 98 47 64 51 39 35 76 26 57 88 16 22 65 44 25 15 
241-8-9 1?2.271 = 8 28 20 52 90 92 98 47 51 74 82 95 45 83 96 40 9 
241-8-10 1?2.643 = 8 28 20 52 90 92 98 47 64 51 74 82 95 45 83 96 40 93 10 
241-8-14 1?2.561 = 8 96 40 58 87 71 72 77 67 49 50 34 38 69 80 86 42 62 33 14 
241-7-14 1?2.652 = 7 81 90 52 98 47 51 39 35 76 78 88 16 22 65 44 25 89 42 14 
241-8-11 1?2.579 = 8 28 83 96 40 58 87 72 71 77 21 50 49 54 61 60 27 11 
241-7-12 1?2.767 = 7 81 90 52 92 98 47 51 39 35 76 26 78 68 38 34 54 61 12 
241-8-12 1?2.737 = 8 28 83 96 40 58 93 87 72 71 77 67 49 50 38 34 54 61 12 
241-8-15 1?2.53 = 8 96 40 58 87 71 72 77 21 55 68 78 88 16 22 65 44 25 15 
241-7-15 1?2.476 = 7 81 90 92 98 47 64 51 39 35 76 78 88 16 22 65 44 25 15 
241-7-13 1?2.704 = 7 81 90 52 92 98 47 64 51 39 35 76 78 68 38 34 54 41 13 
241-8-13 1?2.786 = 8 28 20 95 45 83 96 40 58 87 72 71 77 21 50 49 61 54 41 13 
241-10-14 1?2.108 = 10 72 71 77 21 50 34 38 69 80 86 89 42 62 33 14 
241-9-10 1?2.591 = 9 40 96 83 58 87 72 71 77 21 50 49 61 60 27 11 10 
241-9-12 1?2.161 = 9 40 96 58 87 72 71 77 21 50 38 34 54 61 12 
241-10-12 1?2.267 = 10 93 40 96 83 58 87 72 71 77 67 49 61 54 41 12 
241-9-11 1?2.201 = 9 40 96 83 58 87 72 71 77 21 50 49 61 60 27 11 
241-10-13 1?2.082 = 10 93 40 96 83 58 87 71 72 77 67 49 61 54 41 13 
241-10-11 1?2.344 = 10 93 40 96 83 58 87 72 71 77 67 49 54 61 60 27 11 
241-9-14 1?2.448 = 9 40 96 58 87 71 72 77 67 49 50 34 38 69 80 86 89 42 62 33 14 
241-10-15 1?2.423 = 10 72 71 77 21 50 34 38 68 78 88 16 63 22 65 44 25 15 
241-9-15 1?2.438 = 9 40 96 83 58 87 71 72 77 67 49 50 34 38 69 80 86 89 44 25 15 
241-9-13 1?2.654 = 9 40 96 58 87 72 71 77 67 49 50 34 38 69 80 86 42 62 33 13 
241-12-14 1?2.096 = 12 61 49 50 34 38 69 86 80 44 65 25 89 42 62 33 14 
241-11-14 1?2.114 = 11 27 60 61 54 49 50 34 38 69 80 86 89 42 62 33 14 
241-14-15 1?1.723 = 14 33 62 42 86 80 69 63 88 16 22 46 65 44 25 15 
241-13-14 1?2.043 = 13 41 54 34 38 68 78 88 16 22 65 44 25 89 42 14 
241-11-12 1?2.555 = 11 27 60 49 50 34 38 69 80 86 89 42 62 97 54 61 12 
241-12-13 1?2.352 = 12 61 49 50 34 38 69 86 80 44 65 25 89 42 62 33 13 
241-11-13 1?2.37 = 11 27 60 61 54 49 50 34 38 69 80 86 89 42 62 33 13 
241-13-15 1?2.09 = 13 41 54 34 38 68 78 88 16 22 65 44 80 86 89 25 15 
241-12-15 1?2.17 = 12 61 54 34 38 68 78 88 16 63 22 65 44 80 86 89 15 
241-11-15 1?2.325 = 11 27 60 49 50 34 38 55 68 78 88 16 63 22 65 44 25 15 
stop
