start
850-0-2 1?2.023 = 0 67 23 92 61 82 63 32 89 64 31 42 86 94 57 45 2 
850-0-1 1?2.084 = 0 67 23 92 61 82 63 32 89 64 98 43 94 57 86 48 1 
850-0-4 1?2.507 = 0 67 23 92 61 82 63 32 42 31 43 98 64 89 36 77 30 28 4 
850-0-11 1?2.305 = 0 67 23 92 61 82 63 22 60 19 75 55 95 38 93 87 24 83 53 11 
850-0-5 1?2.647 = 0 67 23 92 61 82 63 32 42 31 43 98 64 89 36 77 30 28 58 69 46 5 
850-0-3 1?2.111 = 0 67 48 86 94 57 98 43 64 89 36 77 30 28 50 40 3 
850-0-7 1?2.643 = 0 67 23 92 61 82 63 22 19 75 55 95 74 52 21 76 71 27 7 
850-0-8 1?2.511 = 0 67 23 92 61 82 63 22 60 75 55 95 74 52 21 71 76 17 54 8 
850-0-9 1?2.473 = 0 23 92 61 82 63 22 60 75 55 95 74 52 21 71 76 17 39 85 9 
850-0-6 1?2.704 = 0 23 67 48 86 42 31 64 89 36 77 30 28 58 69 46 25 41 99 37 97 6 
850-0-10 1?2.492 = 0 23 92 61 82 63 22 60 19 75 55 95 38 93 87 24 96 34 65 26 10 
850-1-5 1?2.015 = 1 48 67 23 92 42 31 64 89 36 77 30 28 58 69 46 5 
850-1-3 1?2.078 = 1 48 67 23 92 61 42 31 64 89 36 77 30 28 50 40 3 
850-0-15 1?2.119 = 0 23 92 61 82 63 22 60 19 33 20 68 44 51 16 15 
850-1-4 1?2.091 = 1 48 67 23 92 42 31 43 98 64 89 36 77 30 28 4 
850-0-13 1?2.214 = 0 67 23 92 61 82 63 22 60 19 33 68 51 44 88 81 13 
850-1-8 1?2.414 = 1 48 67 23 92 61 82 63 22 19 75 55 66 35 71 76 17 54 8 
850-0-12 1?2.209 = 0 23 92 61 82 63 22 60 75 55 95 38 93 87 72 29 70 12 
850-1-2 1?1.839 = 1 48 67 23 92 61 82 63 32 89 64 43 98 94 57 45 2 
850-0-14 1?2.105 = 0 67 23 92 61 82 63 22 60 19 33 68 44 51 73 14 
850-1-6 1?2.448 = 1 48 86 94 57 98 43 64 89 36 77 30 28 58 69 46 25 41 99 37 6 
850-1-7 1?2.611 = 1 48 67 23 92 61 82 63 22 60 75 55 66 52 21 76 71 27 7 
850-1-15 1?2.084 = 1 48 67 23 92 61 82 63 22 19 33 68 44 51 16 15 
850-2-5 1?2.022 = 2 45 57 94 42 31 43 98 64 89 36 77 30 28 58 69 46 5 
850-1-13 1?2.229 = 1 48 67 23 92 61 82 63 22 60 19 33 68 51 44 88 81 13 
850-1-12 1?2.262 = 1 48 67 23 92 61 82 63 22 60 19 75 55 95 38 93 87 70 12 
850-1-14 1?2.21 = 1 48 67 23 92 61 82 63 22 60 19 33 20 68 44 51 73 14 
850-2-3 1?2.127 = 2 45 57 94 86 42 31 43 98 89 36 77 30 28 50 40 3 
850-2-4 1?2.216 = 2 45 57 86 94 42 31 43 98 64 89 36 77 30 28 50 4 
850-1-9 1?2.457 = 1 48 67 23 92 61 82 63 22 60 19 80 55 95 74 52 59 85 9 
850-1-11 1?2.444 = 1 48 67 23 92 61 82 63 22 60 19 75 55 95 38 93 87 24 96 53 11 
850-2-6 1?2.281 = 2 45 57 94 98 43 64 89 36 77 30 28 58 69 46 25 41 99 37 97 6 
850-1-10 1?2.522 = 1 48 67 23 92 61 82 63 22 60 19 75 55 95 38 93 87 24 83 96 26 10 
850-2-15 1?2.131 = 2 45 57 94 43 98 89 64 31 42 32 63 82 61 92 91 15 
850-3-5 1?2.256 = 3 45 57 94 42 31 43 98 64 89 36 77 30 28 58 69 46 5 
850-2-13 1?2.396 = 2 45 57 94 98 43 64 89 36 77 62 90 60 19 33 68 44 88 81 13 
850-3-4 1?2.419 = 3 40 98 43 94 86 42 31 64 89 36 77 62 30 28 50 4 
850-2-12 1?2.402 = 2 45 98 43 64 89 36 77 62 90 60 75 55 95 38 93 87 29 70 12 
850-2-14 1?2.298 = 2 45 57 98 43 64 89 36 77 62 90 60 19 33 68 44 51 73 14 
850-2-9 1?2.52 = 2 45 57 94 98 43 64 89 36 77 90 60 19 75 55 95 74 52 59 85 9 
850-2-8 1?2.538 = 2 45 57 98 43 64 89 32 22 60 75 55 95 74 52 21 71 76 17 8 
850-2-11 1?2.448 = 2 45 57 98 43 64 89 36 77 62 90 60 19 75 55 95 38 93 24 83 53 11 
850-2-7 1?2.406 = 2 45 57 94 98 43 64 89 36 77 30 28 58 69 46 25 41 99 37 97 7 
850-2-10 1?2.442 = 2 45 57 94 98 43 64 89 36 77 62 90 60 19 75 55 95 74 34 65 26 10 
850-4-5 1?2.425 = 4 50 98 43 31 64 89 36 90 62 77 30 28 58 46 69 5 
850-3-6 1?2.209 = 3 40 98 43 64 89 36 77 30 28 58 69 46 25 37 97 6 
850-3-15 1?2.444 = 3 40 98 43 64 89 36 77 62 90 60 22 33 68 44 51 16 15 
850-3-8 1?2.61 = 3 40 50 28 30 77 90 60 75 55 95 74 52 21 71 76 17 8 
850-3-12 1?2.574 = 3 40 98 43 64 89 36 77 62 90 60 75 55 95 38 93 87 72 29 70 12 
850-3-9 1?2.66 = 3 40 98 43 64 89 36 77 62 90 22 60 75 55 95 74 52 59 85 9 
850-3-13 1?2.683 = 3 40 98 43 31 64 89 36 77 62 90 60 19 33 68 51 44 20 88 81 13 
850-3-14 1?2.49 = 3 40 98 43 64 89 36 77 62 90 22 60 19 33 68 44 51 73 14 
850-3-7 1?2.662 = 3 40 50 98 43 64 89 36 77 30 28 58 69 46 25 41 99 37 97 7 
850-3-11 1?2.572 = 3 40 98 43 64 89 36 77 62 90 60 19 75 55 95 38 93 87 24 83 53 11 
850-3-10 1?2.594 = 3 40 98 43 31 64 89 36 77 62 90 60 19 75 55 95 74 34 65 26 10 
850-5-6 1?2.399 = 5 46 69 58 28 30 77 36 90 62 78 25 41 99 37 97 6 
850-4-6 1?2.556 = 4 28 30 77 36 89 64 32 90 62 78 25 41 99 37 97 6 
850-4-8 1?2.537 = 4 28 30 62 90 60 19 75 55 95 74 52 21 71 76 17 54 8 
850-4-9 1?2.597 = 4 28 30 62 90 60 19 75 55 95 74 52 21 71 76 17 39 85 9 
850-4-15 1?2.744 = 4 50 98 43 64 89 36 77 62 90 22 60 19 33 20 44 51 16 15 
850-4-7 1?2.628 = 4 50 98 43 64 89 36 77 30 28 58 69 46 25 41 99 37 97 7 
850-4-14 1?2.673 = 4 50 98 43 64 89 36 77 62 90 22 60 19 33 68 44 51 73 14 
850-4-13 1?2.783 = 4 28 30 77 62 90 60 19 75 55 95 38 93 87 72 29 70 56 81 13 
850-4-12 1?2.615 = 4 28 30 77 62 90 22 60 19 75 55 95 38 24 83 53 72 29 70 12 
850-4-11 1?2.696 = 4 58 69 46 25 41 99 47 27 71 76 21 59 84 18 34 65 96 83 53 11 
850-4-10 1?2.519 = 4 58 69 46 25 41 99 47 27 71 76 17 39 85 84 18 34 65 26 10 
850-5-8 1?2.013 = 5 69 46 25 41 99 47 27 71 76 21 52 59 39 17 8 
850-6-8 1?2.089 = 6 97 37 99 41 47 27 71 76 21 52 59 85 39 17 54 8 
850-5-7 1?2.147 = 5 46 69 58 25 41 99 47 35 21 71 76 39 17 54 7 
850-6-7 1?2.318 = 6 46 69 58 25 41 99 47 35 21 71 76 39 17 54 7 
850-5-15 1?2.509 = 5 46 69 58 28 30 77 62 90 22 60 19 33 20 68 44 51 16 15 
850-5-9 1?2.567 = 5 46 69 58 28 30 77 62 90 22 60 75 55 95 74 52 59 85 9 
850-5-11 1?2.353 = 5 69 46 25 41 99 47 27 71 76 21 59 84 18 65 34 96 83 53 11 
850-5-13 1?2.707 = 5 46 69 58 28 30 77 62 90 60 19 75 55 95 38 93 87 49 88 81 13 
850-5-12 1?2.461 = 5 69 46 25 41 99 47 27 71 76 59 34 65 96 83 53 72 29 70 12 
850-5-14 1?2.69 = 5 46 69 58 28 30 77 62 90 60 19 75 55 80 33 68 44 51 73 14 
850-5-10 1?2.335 = 5 69 46 25 41 99 47 35 21 71 76 17 39 85 84 18 34 65 26 10 
850-6-9 1?1.978 = 6 97 37 99 41 47 35 21 52 59 76 71 17 39 85 9 
850-7-9 1?2.122 = 7 27 17 39 76 71 21 52 59 34 65 26 18 84 85 9 
850-7-8 1?2.054 = 7 27 71 76 21 52 59 34 65 18 84 85 39 17 54 8 
850-6-11 1?2.249 = 6 37 99 41 47 27 71 76 21 52 59 84 18 65 34 96 83 53 11 
850-6-15 1?2.669 = 6 97 37 99 41 25 46 69 58 28 30 77 36 89 64 31 42 61 92 91 15 
850-6-12 1?2.375 = 6 37 99 47 27 71 76 59 84 18 65 34 96 83 53 72 29 70 12 
850-7-11 1?2.206 = 7 54 17 39 76 71 21 52 59 84 18 34 65 26 96 24 83 53 11 
850-7-10 1?1.867 = 7 27 54 17 39 76 71 21 52 59 84 18 34 65 26 10 
850-6-13 1?2.672 = 6 97 37 99 41 47 35 21 52 34 65 96 83 53 72 29 70 56 81 13 
850-6-14 1?2.813 = 6 37 99 41 25 46 69 58 28 30 77 62 90 60 19 33 68 44 51 16 14 
850-6-10 1?2.305 = 6 97 37 99 41 47 27 17 39 76 71 21 52 59 84 18 34 65 26 10 
850-8-9 1?1.797 = 8 54 17 39 76 71 21 52 59 34 65 26 18 84 85 9 
850-8-11 1?1.805 = 8 54 17 39 76 71 21 52 59 84 18 65 34 96 24 83 53 11 
850-7-15 1?2.643 = 7 27 71 76 21 52 74 95 55 75 60 22 33 68 44 51 16 15 
850-8-10 1?1.63 = 8 54 27 17 39 76 71 21 52 59 84 18 34 65 26 10 
850-8-12 1?1.907 = 8 54 17 76 71 21 52 59 84 18 65 34 96 83 53 72 29 70 12 
850-8-13 1?2.157 = 8 54 17 39 85 84 18 65 34 96 24 83 53 72 29 70 56 81 13 
850-7-13 1?2.412 = 7 27 71 76 21 52 59 84 18 65 34 96 53 72 29 70 56 81 13 
850-8-14 1?2.439 = 8 54 17 39 85 84 18 34 65 96 83 53 72 29 70 56 81 73 14 
850-7-14 1?2.645 = 7 27 71 76 59 84 18 65 34 96 83 53 72 29 70 56 88 73 14 
850-7-12 1?2.243 = 7 54 17 39 76 71 21 52 59 84 18 65 34 96 83 53 72 29 70 12 
850-8-15 1?2.567 = 8 54 17 76 71 21 52 74 95 55 75 19 60 22 33 68 44 51 16 15 
850-9-11 1?1.567 = 9 85 39 17 71 76 59 84 18 65 34 96 83 53 11 
850-10-11 1?1.816 = 10 26 65 34 18 84 59 52 74 95 38 93 24 83 53 11 
850-10-13 1?1.606 = 10 26 65 34 96 83 53 72 29 70 56 49 88 81 13 
850-10-12 1?1.778 = 10 26 18 65 34 96 53 83 24 93 87 72 29 70 56 12 
850-9-10 1?1.601 = 9 85 39 17 27 71 76 21 52 59 84 18 34 65 26 10 
850-9-13 1?2.05 = 9 85 84 18 65 34 96 24 83 53 72 29 70 56 49 88 81 13 
850-9-12 1?1.853 = 9 85 39 17 71 76 59 84 18 65 34 96 83 53 72 29 70 12 
850-10-15 1?2.482 = 10 26 65 34 96 24 87 93 38 95 55 75 60 19 33 68 44 51 16 15 
850-9-14 1?2.393 = 9 85 39 17 76 71 21 52 74 95 55 75 19 33 68 44 51 73 14 
850-10-14 1?2.381 = 10 26 65 34 96 53 83 24 93 87 72 29 70 56 49 88 81 73 14 
850-9-15 1?2.57 = 9 85 39 17 76 71 21 52 74 95 55 75 60 22 33 68 44 51 16 15 
850-12-15 1?2.097 = 12 70 29 87 93 38 95 55 75 19 33 68 44 51 16 15 
850-12-13 1?1.829 = 12 70 29 72 53 83 96 65 34 24 93 87 56 81 13 
850-11-13 1?1.854 = 11 26 65 34 96 83 53 72 29 70 56 49 88 81 13 
850-14-15 1?2.248 = 14 73 51 44 68 20 33 19 60 22 63 82 61 92 91 15 
850-11-12 1?1.968 = 11 53 83 96 34 65 18 84 59 52 74 24 72 29 12 
850-13-15 1?2.267 = 13 81 88 44 51 68 33 19 60 22 63 82 61 92 91 15 
850-11-14 1?2.065 = 11 53 83 24 38 95 55 75 60 19 33 68 44 51 16 14 
850-12-14 1?2.09 = 12 70 29 72 53 83 96 24 93 87 56 49 88 81 73 14 
850-13-14 1?2.097 = 13 81 56 70 29 72 53 96 24 93 87 49 88 73 14 
850-11-15 1?2.304 = 11 53 83 24 87 93 38 95 55 75 19 60 22 33 68 44 51 16 15 
stop
