start
688-0-2 1?2.19 = 0 81 88 59 32 70 77 47 16 53 46 33 39 92 63 2 
688-0-3 1?1.861 = 0 87 29 88 59 32 70 77 47 92 39 33 91 79 85 3 
688-0-4 1?2.269 = 0 87 29 88 59 32 70 77 47 16 30 98 53 46 33 39 91 79 4 
688-0-11 1?2.375 = 0 73 95 25 76 58 26 50 68 19 31 99 40 57 23 18 67 54 64 11 
688-0-10 1?2.625 = 0 73 25 76 58 26 50 68 19 31 99 40 57 23 18 67 28 84 10 
688-0-1 1?2.177 = 0 73 76 25 95 24 90 70 77 60 32 59 83 88 29 87 1 
688-0-7 1?2.536 = 0 87 29 88 59 32 70 77 47 16 53 98 80 78 41 65 56 62 7 
688-0-9 1?2.785 = 0 73 95 25 76 74 94 42 57 40 99 31 19 68 50 69 71 49 22 9 
688-0-8 1?2.566 = 0 81 88 59 32 70 77 47 16 53 98 80 78 41 65 56 62 97 8 
688-0-5 1?2.538 = 0 87 29 88 59 32 70 77 47 92 39 33 91 85 79 46 16 53 98 96 5 
688-0-6 1?2.464 = 0 87 29 88 59 32 70 77 47 39 33 16 53 98 38 45 21 75 6 
688-0-13 1?2.071 = 0 87 29 88 59 32 70 90 24 95 25 76 74 94 42 13 
688-0-14 1?1.981 = 0 87 29 88 83 59 32 70 90 24 95 25 76 74 94 14 
688-1-4 1?1.71 = 1 87 29 88 59 32 70 77 47 92 39 33 91 85 79 4 
688-0-15 1?2.006 = 0 87 29 88 59 32 60 77 70 90 24 95 25 76 44 15 
688-1-2 1?2.045 = 1 83 59 32 70 77 47 16 53 46 33 39 92 63 2 
688-0-12 1?2.028 = 0 73 95 25 76 74 94 42 57 40 99 23 18 67 54 12 
688-1-3 1?1.797 = 1 87 29 88 59 32 70 77 47 92 39 33 91 79 85 3 
688-1-5 1?2.367 = 1 87 29 88 59 32 70 77 47 92 39 91 33 16 53 98 96 38 5 
688-1-8 1?2.537 = 1 87 29 88 59 32 70 77 47 16 53 98 80 78 41 65 56 97 8 
688-1-6 1?2.419 = 1 29 88 59 32 70 77 47 92 39 33 16 53 98 38 45 21 48 75 6 
688-1-7 1?2.592 = 1 29 88 59 32 70 77 47 16 53 98 30 89 80 78 41 65 56 62 7 
688-1-14 1?2.204 = 1 87 29 88 83 59 32 60 77 70 90 24 95 25 76 74 94 14 
688-2-4 1?1.969 = 2 60 32 59 90 70 77 47 16 53 46 33 91 79 4 
688-2-3 1?2.056 = 2 60 70 77 47 92 39 33 16 53 46 91 79 85 3 
688-1-10 1?2.758 = 1 83 59 32 90 24 95 25 76 74 94 42 57 40 99 23 67 28 84 10 
688-2-5 1?2.331 = 2 60 70 77 47 92 39 33 91 85 79 46 16 53 98 38 5 
688-2-6 1?2.321 = 2 63 92 47 39 33 91 85 79 46 16 53 98 38 45 21 48 75 6 
688-1-15 1?1.942 = 1 87 29 88 59 32 60 77 70 90 24 95 25 76 44 15 
688-1-9 1?2.819 = 1 83 59 32 70 77 47 16 53 98 89 61 66 93 37 36 43 72 9 
688-1-12 1?2.319 = 1 83 59 32 90 24 95 25 76 74 94 42 57 40 99 23 18 67 12 
688-1-11 1?2.472 = 1 83 59 90 24 95 25 76 74 94 42 57 40 99 23 18 67 54 64 11 
688-1-13 1?2.426 = 1 87 29 88 83 59 32 60 77 70 90 24 95 25 76 74 94 42 13 
688-2-14 1?2.393 = 2 63 92 47 77 60 70 32 59 90 24 95 25 76 74 94 42 14 
688-3-4 1?2.258 = 3 85 79 91 33 39 92 47 77 70 20 82 30 53 46 4 
688-3-5 1?1.963 = 3 85 79 91 33 46 16 53 30 98 96 38 48 21 45 5 
688-2-10 1?2.692 = 2 63 92 39 33 16 53 98 30 89 61 66 93 37 36 43 35 49 22 10 
688-2-15 1?2.089 = 2 63 92 47 77 60 70 32 59 90 24 95 25 76 44 15 
688-2-9 1?2.688 = 2 63 92 39 91 33 16 53 98 30 89 61 66 93 37 36 43 35 72 9 
688-2-11 1?2.624 = 2 60 70 90 24 95 25 76 74 94 42 57 40 99 23 18 67 54 64 11 
688-2-12 1?2.495 = 2 60 32 59 90 27 58 26 50 68 19 31 99 40 57 23 18 67 12 
688-2-8 1?2.532 = 2 63 92 39 33 16 53 98 38 45 21 75 48 34 41 65 56 62 97 8 
688-2-7 1?2.598 = 2 63 92 39 91 33 46 16 53 98 38 45 21 75 48 34 41 65 56 62 7 
688-2-13 1?2.679 = 2 60 70 90 24 95 25 76 58 26 31 50 68 19 18 23 99 40 57 13 
688-4-5 1?1.903 = 4 79 85 91 33 39 92 47 16 53 98 38 21 45 5 
688-3-14 1?2.385 = 3 85 79 91 33 39 92 47 77 70 32 59 90 24 95 25 76 74 94 14 
688-3-6 1?2.126 = 3 85 79 91 33 39 92 47 16 53 98 96 38 45 21 48 75 6 
688-3-10 1?2.553 = 3 85 79 91 33 46 16 53 98 30 89 61 66 93 37 36 43 35 49 22 10 
688-3-8 1?2.281 = 3 85 79 91 33 16 53 98 38 45 21 75 48 34 41 65 56 97 8 
688-3-9 1?2.474 = 3 85 79 91 33 46 16 53 98 30 89 61 66 93 37 36 43 35 72 9 
688-3-7 1?2.3 = 3 85 79 91 33 46 16 53 98 38 45 21 75 48 34 41 65 56 62 7 
688-3-11 1?2.495 = 3 39 91 33 16 53 98 30 89 61 66 93 86 69 50 68 19 28 64 11 
688-3-15 1?2.255 = 3 85 79 91 33 39 92 47 77 70 32 59 90 24 95 25 76 44 15 
688-3-12 1?2.373 = 3 39 33 16 53 98 30 89 61 66 93 86 69 50 68 19 18 67 12 
688-3-13 1?2.515 = 3 39 33 16 53 98 30 89 61 66 93 86 50 68 19 31 99 40 57 13 
688-5-6 1?1.932 = 5 96 46 79 85 91 33 16 53 98 38 45 21 48 75 6 
688-4-6 1?1.684 = 4 79 85 91 33 46 16 53 98 96 38 45 21 48 75 6 
688-4-7 1?1.871 = 4 79 85 91 33 16 53 98 38 45 21 75 34 41 7 
688-4-10 1?2.33 = 4 79 91 33 16 53 98 30 89 61 66 93 37 36 43 35 49 22 10 
688-4-9 1?2.282 = 4 79 85 91 33 16 53 98 30 89 61 66 37 36 43 35 72 9 
688-4-14 1?2.467 = 4 79 85 91 33 46 53 16 47 77 70 32 59 90 24 95 25 76 74 94 14 
688-4-8 1?2.176 = 4 79 85 91 33 16 53 98 38 45 21 75 34 41 65 56 62 97 8 
688-4-11 1?2.419 = 4 79 85 91 33 16 53 98 30 89 61 66 93 86 69 68 19 28 64 11 
688-4-12 1?2.334 = 4 79 91 33 16 53 98 30 89 61 66 93 86 69 50 68 19 18 67 12 
688-4-15 1?2.337 = 4 79 85 91 33 46 53 16 47 77 70 32 59 90 24 95 25 76 44 15 
688-4-13 1?2.476 = 4 79 91 33 16 53 98 30 89 61 66 93 86 50 68 19 31 99 40 57 13 
688-6-8 1?2.179 = 6 75 21 45 38 48 34 80 78 41 17 56 62 97 51 8 
688-5-7 1?2.16 = 5 96 46 33 16 53 98 38 45 21 75 41 65 56 7 
688-6-7 1?2.169 = 6 75 21 45 38 98 53 16 30 61 89 80 78 41 7 
688-5-14 1?2.533 = 5 96 98 53 16 47 92 77 70 32 59 90 24 95 25 76 74 94 14 
688-5-10 1?2.737 = 5 96 53 98 30 89 61 66 93 86 69 50 68 19 18 67 28 84 10 
688-5-9 1?2.666 = 5 38 45 21 75 48 34 80 78 41 65 56 62 97 51 72 35 49 22 9 
688-5-8 1?2.402 = 5 96 46 33 16 53 98 38 45 21 75 48 34 41 65 56 62 97 8 
688-5-12 1?2.474 = 5 96 53 98 30 89 61 66 93 86 69 68 19 31 99 23 18 67 12 
688-5-11 1?2.568 = 5 96 53 98 30 89 61 66 93 37 86 69 50 68 19 18 67 54 64 11 
688-5-15 1?2.576 = 5 96 98 53 16 33 39 92 47 77 70 32 59 90 24 95 25 76 44 15 
688-5-13 1?2.651 = 5 38 98 53 16 30 89 61 66 93 86 69 50 68 19 31 99 40 57 13 
688-7-8 1?2.338 = 7 41 34 75 21 45 38 80 78 17 65 56 62 97 51 8 
688-6-10 1?2.502 = 6 75 21 48 34 80 78 41 65 56 62 97 51 72 43 35 49 22 10 
688-7-10 1?2.518 = 7 56 62 97 51 72 35 43 69 50 68 19 18 67 28 84 10 
688-6-14 1?2.491 = 6 75 21 38 98 53 16 47 77 70 90 24 95 25 76 74 94 14 
688-6-9 1?2.408 = 6 45 21 75 48 34 80 78 41 65 56 62 97 51 72 49 22 9 
688-7-9 1?2.64 = 7 62 56 65 41 34 80 89 61 66 93 37 36 43 35 49 22 9 
688-7-11 1?2.357 = 7 56 62 97 51 72 35 43 69 50 68 19 31 18 67 54 64 11 
688-6-11 1?2.477 = 6 75 21 48 34 80 37 66 93 86 69 50 68 19 18 67 54 64 11 
688-6-12 1?2.417 = 6 75 48 34 80 37 66 93 86 69 50 68 19 31 99 23 18 67 12 
688-6-15 1?2.482 = 6 75 48 21 45 38 98 53 16 47 77 70 90 24 95 25 76 44 15 
688-6-13 1?2.593 = 6 75 21 48 34 80 89 61 66 93 86 69 50 68 19 31 99 40 57 13 
688-8-10 1?2.275 = 8 51 72 35 43 69 50 68 19 31 99 23 18 28 84 10 
688-7-14 1?2.526 = 7 56 62 97 51 72 35 43 69 50 68 19 31 99 40 57 42 94 14 
688-8-11 1?2.018 = 8 51 72 35 43 69 50 68 19 31 23 18 67 54 64 11 
688-8-9 1?2.44 = 8 51 72 35 43 69 68 19 18 67 28 84 49 22 9 
688-8-14 1?2.583 = 8 51 72 35 43 69 50 68 19 31 18 67 23 99 40 57 42 94 74 14 
688-8-12 1?2.199 = 8 97 72 35 43 69 50 68 19 31 99 40 57 23 18 67 54 12 
688-7-12 1?2.269 = 7 56 62 97 51 72 35 43 69 50 68 19 31 99 23 18 67 12 
688-7-15 1?2.673 = 7 62 56 65 17 43 69 50 68 19 31 99 40 57 42 94 74 44 15 
688-8-13 1?2.551 = 8 51 72 35 43 36 69 50 68 19 28 54 67 18 23 31 99 40 57 13 
688-7-13 1?2.521 = 7 65 56 62 97 51 72 35 43 69 50 68 19 18 67 23 99 40 57 13 
688-8-15 1?2.607 = 8 97 51 72 35 43 69 50 68 19 31 99 40 57 42 94 74 44 15 
688-9-10 1?2.146 = 9 22 49 71 68 50 19 31 99 40 57 23 18 28 84 10 
688-9-11 1?1.894 = 9 22 49 71 68 50 31 99 40 57 23 18 67 54 64 11 
688-10-11 1?1.852 = 10 22 49 71 68 50 31 99 40 57 23 18 67 54 64 11 
688-10-14 1?2.262 = 10 84 28 54 67 18 19 68 50 31 23 99 40 57 42 94 74 14 
688-10-12 1?1.804 = 10 22 49 71 68 50 19 31 99 40 57 23 18 67 54 12 
688-9-12 1?1.846 = 9 22 49 71 68 50 19 31 99 40 57 23 18 67 54 12 
688-10-13 1?2.032 = 10 22 49 84 28 67 18 19 68 50 31 23 99 40 57 13 
688-9-14 1?2.49 = 9 22 49 84 28 54 67 18 19 68 50 31 99 40 57 42 94 74 14 
688-9-13 1?2.502 = 9 22 49 84 28 67 18 23 99 31 19 68 50 26 58 40 57 13 
688-10-15 1?2.437 = 10 84 64 54 28 67 18 19 68 50 31 99 57 40 42 94 74 44 15 
688-9-15 1?2.612 = 9 22 49 71 68 50 31 19 28 67 18 23 99 40 57 42 94 74 44 15 
688-12-14 1?1.69 = 12 54 28 67 18 19 68 50 31 99 57 40 74 94 14 
688-11-14 1?1.751 = 11 54 28 67 18 19 68 50 31 99 57 40 74 94 14 
688-13-14 1?1.983 = 13 57 40 99 23 67 18 19 68 50 31 26 58 74 14 
688-14-15 1?2.193 = 14 94 74 76 25 95 24 90 59 88 29 87 81 73 44 15 
688-13-15 1?2.025 = 13 23 67 18 19 68 50 31 99 40 57 42 74 44 15 
688-11-12 1?1.949 = 11 54 28 67 18 19 68 50 31 26 58 40 57 99 23 12 
688-12-15 1?1.764 = 12 67 18 19 68 50 31 99 40 57 42 94 74 44 15 
688-11-13 1?1.874 = 11 54 67 18 19 68 50 31 99 57 40 74 94 42 13 
688-12-13 1?1.813 = 12 54 67 18 19 68 50 31 99 57 40 74 94 42 13 
688-11-15 1?2.165 = 11 64 54 28 67 18 19 68 50 31 23 99 40 57 42 94 74 44 15 
stop
