start
337-0-2 1?1.933 = 0 82 59 72 26 28 21 69 63 75 68 17 34 92 2 
337-0-1 1?1.817 = 0 82 59 72 26 28 21 69 63 75 68 17 34 73 1 
337-0-4 1?2.17 = 0 82 59 72 26 28 21 63 75 68 17 42 48 37 51 76 45 4 
337-0-8 1?2.365 = 0 82 26 28 21 69 33 88 31 50 47 62 54 36 85 22 96 78 8 
337-0-7 1?2.531 = 0 82 26 28 21 69 33 88 31 49 39 47 62 54 36 85 22 32 93 7 
337-0-5 1?2.381 = 0 80 59 72 26 28 21 63 75 68 17 34 92 76 51 79 35 57 5 
337-0-11 1?2.067 = 0 82 26 28 21 69 33 88 31 49 18 30 60 77 25 86 95 66 11 
337-0-10 1?2.26 = 0 82 59 72 26 28 21 69 33 88 31 49 18 30 77 60 27 94 43 81 10 
337-0-3 1?1.879 = 0 82 59 72 26 28 21 63 75 68 17 92 76 45 3 
337-0-6 1?2.429 = 0 82 59 72 26 28 21 63 75 34 17 42 48 24 89 74 56 20 6 
337-0-9 1?2.401 = 0 82 26 28 21 69 33 88 31 49 39 47 62 54 36 85 22 96 78 9 
337-0-14 1?1.75 = 0 82 26 28 21 69 33 88 31 49 40 65 23 61 14 
337-0-15 1?1.879 = 0 80 82 26 28 63 75 68 41 69 21 55 19 97 15 
337-1-2 1?2.064 = 1 73 82 59 72 26 28 21 63 75 68 17 34 92 2 
337-0-13 1?1.707 = 0 82 26 28 21 69 33 88 31 49 40 23 65 29 70 13 
337-1-3 1?2.037 = 1 73 82 59 72 26 28 21 63 75 34 92 76 45 3 
337-1-4 1?2.176 = 1 73 82 26 28 21 63 75 68 17 42 48 37 51 99 4 
337-1-7 1?2.622 = 1 73 84 75 68 41 38 64 50 39 47 62 54 36 85 22 32 93 7 
337-1-8 1?2.356 = 1 73 84 75 68 41 38 64 50 47 62 54 36 85 22 96 78 8 
337-0-12 1?1.81 = 0 82 26 28 21 69 33 88 31 49 18 30 60 77 25 86 95 12 
337-1-5 1?2.486 = 1 73 82 59 72 26 28 21 63 75 34 17 42 48 37 51 79 35 5 
337-1-6 1?2.573 = 1 73 84 63 75 68 17 34 92 76 51 79 35 57 89 74 56 20 6 
337-1-15 1?1.827 = 1 73 84 75 63 69 21 28 26 82 59 72 19 97 15 
337-1-13 1?1.877 = 1 73 82 26 28 21 69 33 88 31 49 44 65 29 70 13 
337-2-3 1?2.238 = 2 87 73 82 26 28 21 63 75 68 17 92 76 45 3 
337-2-4 1?2.361 = 2 87 73 82 26 28 21 63 75 34 92 76 51 99 4 
337-1-11 1?2.315 = 1 73 82 26 28 21 69 33 88 31 49 18 30 60 77 25 86 95 66 11 
337-1-12 1?2.19 = 1 73 82 59 72 26 28 21 69 33 88 31 49 18 30 60 77 25 86 95 12 
337-1-10 1?2.41 = 1 73 82 26 28 21 69 33 88 31 49 18 30 77 60 67 83 94 43 81 10 
337-2-5 1?2.556 = 2 87 73 82 26 28 21 63 75 68 17 42 48 51 79 35 5 
337-1-14 1?1.765 = 1 73 84 75 63 69 21 28 26 59 72 55 19 97 61 14 
337-2-6 1?2.674 = 2 87 73 84 75 68 17 34 92 76 51 79 35 57 89 74 56 20 6 
337-1-9 1?2.582 = 1 73 82 26 28 21 69 33 88 31 49 39 50 47 62 54 36 85 71 9 
337-2-15 1?1.927 = 2 87 34 17 68 75 63 21 28 26 59 72 55 19 97 15 
337-2-13 1?2.248 = 2 87 34 75 63 26 28 21 69 33 88 31 49 40 23 65 29 70 13 
337-3-4 1?2.437 = 3 45 76 92 34 75 63 68 17 42 48 37 51 79 35 99 4 
337-2-11 1?2.419 = 2 87 34 75 63 26 28 21 69 33 88 31 49 18 30 60 77 52 66 11 
337-3-5 1?2.448 = 3 45 76 92 42 48 37 51 79 99 35 57 89 74 56 20 5 
337-2-10 1?2.49 = 2 87 34 75 63 69 33 88 31 49 18 30 77 60 27 83 94 43 81 10 
337-2-12 1?2.348 = 2 87 34 75 63 26 28 21 69 33 88 49 18 30 60 77 25 86 95 12 
337-2-8 1?2.483 = 2 87 34 75 68 41 38 64 50 47 62 54 36 85 22 96 78 8 
337-2-7 1?2.749 = 2 87 34 75 68 41 38 64 50 39 47 62 54 36 85 22 32 93 7 
337-2-9 1?2.563 = 2 87 34 75 68 41 38 64 50 47 62 54 36 85 22 96 71 9 
337-2-14 1?2.185 = 2 87 34 17 68 75 63 69 21 28 26 82 59 72 55 19 97 61 14 
337-3-15 1?1.894 = 3 45 76 92 17 34 75 63 21 28 26 72 59 80 15 
337-3-13 1?2.329 = 3 45 76 92 17 68 75 63 69 33 88 31 49 40 23 65 29 70 13 
337-4-5 1?2.608 = 4 45 76 92 34 75 68 17 42 48 37 51 79 35 57 89 5 
337-3-10 1?2.611 = 3 45 76 37 48 42 64 38 50 47 39 18 30 77 60 67 83 94 43 81 10 
337-3-11 1?2.5 = 3 45 76 92 17 68 75 63 69 33 88 31 49 18 30 60 77 52 66 11 
337-3-12 1?2.432 = 3 45 76 92 17 68 75 63 69 33 88 31 49 18 30 60 77 25 86 95 12 
337-3-6 1?2.22 = 3 45 76 92 42 48 37 51 79 99 35 57 89 74 56 20 6 
337-3-7 1?2.695 = 3 45 76 51 37 48 42 64 38 50 47 62 54 36 85 22 32 93 7 
337-3-8 1?2.622 = 3 45 76 51 48 42 64 38 50 39 47 62 54 36 85 22 96 78 8 
337-3-9 1?2.669 = 3 45 76 51 37 48 42 17 68 41 38 64 62 54 36 85 22 96 78 9 
337-3-14 1?2.318 = 3 45 76 51 37 48 42 17 68 75 63 69 21 28 26 72 55 19 97 61 14 
337-4-15 1?2.305 = 4 45 76 51 37 48 42 17 68 75 63 26 28 21 72 59 82 80 15 
337-4-11 1?2.583 = 4 45 76 92 17 68 75 63 69 33 88 31 49 18 30 77 60 27 11 
337-4-13 1?2.472 = 4 45 76 92 17 68 75 63 69 33 88 31 49 40 23 65 29 70 13 
337-4-7 1?2.726 = 4 45 76 37 48 42 64 38 50 47 54 36 85 22 32 93 7 
337-4-10 1?2.653 = 4 99 79 48 42 64 38 50 47 39 18 30 77 60 67 83 94 43 81 10 
337-5-6 1?2.847 = 5 35 79 51 76 92 34 75 63 68 17 42 24 74 20 6 
337-4-6 1?2.363 = 4 45 76 92 42 48 37 51 79 99 35 57 89 74 56 20 6 
337-4-12 1?2.555 = 4 99 51 76 92 34 75 63 69 33 88 31 49 18 30 60 77 25 86 95 12 
337-4-8 1?2.68 = 4 99 51 37 48 42 64 38 50 39 47 62 54 36 85 22 96 78 8 
337-4-9 1?2.643 = 4 45 76 37 48 42 64 38 50 47 62 54 36 85 22 96 78 9 
337-4-14 1?2.438 = 4 99 35 79 51 37 48 42 17 68 75 63 21 28 26 59 72 55 19 97 61 14 
337-6-7 1?2.687 = 6 20 56 74 89 57 35 79 24 46 53 36 85 22 32 93 7 
337-5-15 1?2.485 = 5 57 35 79 51 37 48 42 17 68 75 63 26 28 21 55 72 59 82 80 15 
337-5-7 1?2.773 = 5 35 79 48 42 64 38 50 47 62 54 36 85 22 32 93 7 
337-6-8 1?2.457 = 6 20 74 56 90 91 85 36 98 83 94 43 71 96 78 8 
337-5-10 1?2.767 = 5 57 24 46 53 54 62 47 50 39 18 30 77 60 27 83 94 43 81 10 
337-5-8 1?2.616 = 5 35 79 48 42 64 38 50 47 62 54 36 85 22 96 78 8 
337-5-13 1?2.642 = 5 57 35 79 51 37 48 42 17 68 75 63 69 33 88 31 49 44 16 29 70 13 
337-5-11 1?2.726 = 5 35 79 48 42 17 68 75 63 69 33 88 31 49 18 30 60 77 52 66 11 
337-5-9 1?2.64 = 5 35 79 51 37 48 42 64 38 50 47 62 54 36 85 71 9 
337-5-12 1?2.658 = 5 35 79 48 42 17 68 75 63 69 33 88 31 49 18 30 60 77 25 86 95 12 
337-5-14 1?2.556 = 5 35 79 51 76 37 48 42 17 68 75 63 21 28 26 59 72 55 19 97 61 14 
337-6-10 1?2.445 = 6 20 74 56 90 32 78 96 22 85 36 98 83 43 94 10 
337-7-10 1?2.355 = 7 93 32 22 85 36 98 67 60 77 52 27 83 94 43 81 10 
337-7-8 1?2.564 = 7 93 32 91 53 64 38 50 47 54 36 85 22 96 78 8 
337-6-15 1?2.507 = 6 20 56 74 89 57 35 79 48 42 17 68 75 63 21 28 26 82 80 15 
337-7-11 1?2.554 = 7 93 32 22 85 36 54 62 47 50 39 60 77 25 16 86 95 66 11 
337-7-9 1?2.585 = 7 93 32 22 85 36 54 62 47 50 39 60 67 98 71 9 
337-6-9 1?2.484 = 6 20 74 56 90 91 85 36 98 83 94 43 71 96 78 9 
337-6-12 1?2.503 = 6 20 74 56 90 91 53 54 62 47 50 39 18 30 60 77 25 86 95 12 
337-6-11 1?2.708 = 6 20 74 56 90 91 53 54 62 47 50 39 18 30 16 25 86 95 66 11 
337-6-13 1?2.597 = 6 20 74 56 90 91 53 54 62 47 50 39 18 30 60 77 25 16 29 70 13 
337-6-14 1?2.58 = 6 20 56 74 89 57 35 79 48 42 17 68 75 63 26 28 21 55 19 97 61 14 
337-8-10 1?2.138 = 8 78 96 22 85 36 54 62 50 47 67 83 94 43 81 10 
337-8-12 1?2.018 = 8 78 96 22 85 36 54 62 47 50 39 60 77 25 86 95 12 
337-8-11 1?2.225 = 8 78 96 22 85 36 54 62 47 50 39 18 30 25 86 95 66 11 
337-7-15 1?2.567 = 7 93 32 91 53 62 47 39 49 31 88 33 69 21 28 26 72 59 80 15 
337-8-9 1?2.404 = 8 78 96 22 85 36 54 62 50 47 67 83 94 43 81 9 
337-8-13 1?2.259 = 8 78 96 22 85 36 54 62 47 50 39 49 31 88 40 23 65 29 70 13 
337-7-12 1?2.394 = 7 93 32 22 85 36 54 62 47 50 39 18 30 60 77 25 16 86 95 12 
337-7-13 1?2.506 = 7 93 32 22 85 36 54 62 47 50 39 18 30 60 77 25 86 16 29 70 13 
337-8-15 1?2.478 = 8 78 96 22 85 36 54 47 50 31 49 88 33 69 21 28 26 72 59 80 15 
337-8-14 1?2.408 = 8 78 96 22 85 36 54 62 47 50 39 60 77 30 18 44 65 23 61 14 
337-7-14 1?2.679 = 7 93 32 22 85 36 54 62 50 39 60 77 30 18 49 31 88 40 23 61 14 
337-10-12 1?1.744 = 10 81 43 94 83 67 60 77 30 18 44 16 25 86 95 12 
337-9-12 1?1.875 = 9 71 85 36 54 62 47 50 39 18 30 25 86 95 12 
337-9-10 1?2.206 = 9 71 85 36 54 62 47 39 18 30 77 60 27 94 10 
337-10-13 1?1.839 = 10 81 43 94 27 52 77 60 18 30 25 86 16 29 70 13 
337-10-11 1?1.957 = 10 81 43 94 27 52 77 60 18 30 16 25 86 95 66 11 
337-9-11 1?2.097 = 9 78 96 22 85 36 54 62 47 39 18 30 77 60 27 11 
337-9-13 1?2.166 = 9 71 85 36 54 62 47 50 39 49 31 88 40 23 65 29 70 13 
337-9-15 1?2.358 = 9 71 98 67 60 77 30 18 49 31 88 33 69 21 28 26 72 59 80 15 
337-10-15 1?2.178 = 10 94 27 60 77 30 18 49 31 88 33 69 21 28 26 72 59 80 15 
337-10-14 1?2.237 = 10 81 43 94 27 77 60 18 49 31 88 33 69 21 55 19 97 61 14 
337-9-14 1?2.382 = 9 71 96 22 85 36 54 62 47 50 39 49 31 88 40 65 23 61 14 
337-11-12 1?1.814 = 11 27 60 77 30 18 49 31 88 40 44 16 25 86 95 12 
337-11-13 1?1.71 = 11 66 52 77 60 30 18 49 31 88 40 23 65 29 70 13 
337-12-13 1?1.536 = 12 95 86 25 77 60 30 18 44 40 23 65 29 70 13 
337-14-15 1?1.774 = 14 61 23 40 49 31 88 33 69 21 28 26 82 80 15 
337-13-15 1?1.755 = 13 70 29 65 23 40 88 33 69 21 28 26 72 59 80 15 
337-12-15 1?1.755 = 12 95 86 25 30 18 49 31 88 33 69 21 28 72 59 80 15 
337-13-14 1?1.673 = 13 70 29 16 25 77 60 30 18 49 31 88 40 23 61 14 
337-12-14 1?1.685 = 12 95 86 25 77 60 30 18 49 31 88 40 65 23 61 14 
337-11-15 1?2.08 = 11 27 60 77 30 18 44 49 31 88 33 69 21 28 26 72 59 80 15 
337-11-14 1?2.042 = 11 27 60 77 30 18 49 31 88 33 69 21 28 72 19 97 61 14 
stop
