start
222-0-2 1?1.63 = 0 72 28 60 78 65 25 90 41 95 71 87 43 70 24 2 
222-0-3 1?1.737 = 0 72 28 60 78 65 25 90 41 56 75 59 37 94 3 
222-0-4 1?2.046 = 0 72 28 60 78 65 25 41 56 75 59 37 64 45 46 63 89 4 
222-0-5 1?2.05 = 0 72 28 60 78 65 25 90 41 56 59 37 64 45 46 63 22 42 5 
222-0-1 1?1.679 = 0 72 28 60 78 65 25 90 41 34 95 71 87 43 70 1 
222-0-7 1?2.419 = 0 72 28 60 78 65 25 90 41 56 75 59 37 64 45 46 39 36 33 19 7 
222-0-8 1?2.396 = 0 72 28 78 65 25 41 56 75 51 86 74 53 76 16 73 29 23 99 55 8 
222-0-10 1?2.245 = 0 72 28 60 78 65 25 41 56 75 51 86 74 53 76 26 62 80 66 10 
222-0-9 1?2.381 = 0 72 28 60 78 65 25 90 41 56 75 51 86 74 53 76 16 38 82 93 9 
222-0-6 1?2.291 = 0 72 28 60 78 65 25 90 41 56 75 59 37 64 45 46 63 22 42 31 6 
222-0-11 1?2.157 = 0 72 28 60 78 65 25 41 56 75 51 86 74 53 76 26 62 67 54 11 
222-0-14 1?1.723 = 0 72 28 60 78 65 18 91 88 84 58 32 44 69 14 
222-1-3 1?1.829 = 1 60 78 65 25 90 41 56 75 59 37 64 57 94 3 
222-1-5 1?1.989 = 1 60 78 65 25 90 41 56 59 37 64 45 46 63 22 42 5 
222-1-4 1?2.032 = 1 60 78 65 25 90 41 56 75 59 37 64 45 46 63 89 4 
222-0-15 1?1.569 = 0 72 28 60 78 65 25 41 90 18 91 88 84 58 50 15 
222-1-2 1?1.72 = 1 60 78 65 25 90 41 56 75 59 95 71 87 24 2 
222-0-13 1?2.1 = 0 72 28 60 78 65 25 41 90 18 91 92 83 68 97 48 17 13 
222-0-12 1?2.193 = 0 72 28 60 78 65 25 90 41 56 75 51 86 74 53 76 47 97 61 12 
222-1-8 1?2.339 = 1 60 78 65 25 90 41 56 75 51 86 74 53 16 73 29 23 99 55 8 
222-1-7 1?2.489 = 1 60 78 65 25 90 41 56 75 59 37 64 45 46 63 36 39 77 33 19 7 
222-1-6 1?2.328 = 1 60 78 65 25 90 41 56 75 59 37 64 45 46 63 22 42 31 27 6 
222-1-15 1?1.689 = 1 43 87 34 65 78 60 28 72 21 84 58 32 50 15 
222-1-13 1?2.176 = 1 60 78 65 25 90 41 56 75 51 86 74 53 76 47 97 48 17 13 
222-2-5 1?1.9 = 2 24 70 43 87 71 95 59 37 64 45 46 63 22 42 5 
222-2-3 1?1.921 = 2 24 70 43 60 78 65 25 90 41 56 59 37 94 3 
222-2-4 1?2.057 = 2 24 70 43 87 34 41 90 56 75 59 37 64 45 57 4 
222-1-12 1?2.462 = 1 72 28 60 78 65 34 41 90 56 75 51 86 74 53 76 47 97 61 12 
222-2-6 1?2.047 = 2 24 71 95 59 37 64 45 46 63 36 22 42 31 27 6 
222-1-11 1?2.408 = 1 60 78 65 25 90 41 56 75 51 86 74 53 76 26 62 80 66 20 67 54 11 
222-1-10 1?2.52 = 1 60 78 28 65 25 90 41 56 75 51 86 74 53 76 26 62 67 20 66 80 10 
222-1-14 1?1.861 = 1 70 43 60 78 65 28 72 21 84 58 32 44 69 14 
222-1-9 1?2.433 = 1 60 78 65 25 90 41 56 75 51 86 74 53 16 73 29 23 99 40 79 9 
222-3-5 1?2.058 = 3 94 71 95 59 37 64 45 46 63 39 36 22 31 42 5 
222-3-4 1?2.217 = 3 94 71 95 34 41 90 56 75 59 37 64 45 57 4 
222-2-13 1?2.359 = 2 24 70 43 87 34 41 90 56 75 51 86 74 53 76 47 97 48 17 13 
222-2-15 1?1.876 = 2 24 70 43 87 34 25 65 78 60 28 72 21 84 32 58 50 15 
222-2-7 1?2.384 = 2 24 71 95 59 37 64 45 46 63 36 22 42 31 27 85 19 7 
222-2-8 1?2.389 = 2 24 87 34 41 90 56 75 51 86 74 53 16 73 29 23 99 55 8 
222-2-12 1?2.433 = 2 24 70 43 60 78 65 25 90 41 56 75 51 86 74 53 76 47 97 61 12 
222-2-11 1?2.444 = 2 24 70 43 60 78 65 25 90 41 56 75 51 86 74 53 76 26 62 67 54 11 
222-2-10 1?2.485 = 2 24 70 43 60 78 65 25 41 56 75 51 86 74 53 76 26 62 80 66 10 
222-2-9 1?2.538 = 2 24 70 43 60 78 65 25 90 41 56 75 51 86 74 53 16 38 82 93 9 
222-2-14 1?2.158 = 2 24 87 34 41 90 25 65 78 60 28 72 21 84 58 32 44 69 14 
222-4-5 1?2.314 = 4 57 45 64 37 59 56 75 51 35 39 36 22 31 42 5 
222-3-13 1?2.569 = 3 94 57 46 45 64 37 59 56 75 51 86 74 53 76 47 97 61 48 17 13 
222-3-15 1?2.089 = 3 94 37 59 75 56 41 90 25 65 78 60 28 21 84 58 50 15 
222-3-6 1?2.191 = 3 94 71 95 59 37 64 45 46 63 39 36 22 42 31 6 
222-3-10 1?2.553 = 3 94 57 45 64 37 59 56 75 51 86 74 53 76 26 62 67 20 66 10 
222-3-7 1?2.567 = 3 94 71 95 59 37 64 45 46 63 36 22 42 31 27 85 19 7 
222-3-11 1?2.633 = 3 94 57 64 37 59 56 75 51 86 74 53 76 26 62 67 20 80 66 54 11 
222-3-8 1?2.516 = 3 94 57 64 37 59 56 75 51 86 74 53 16 73 29 23 99 55 8 
222-3-12 1?2.692 = 3 94 57 46 45 64 37 59 56 75 51 86 74 53 76 47 49 97 61 48 12 
222-3-9 1?2.61 = 3 94 57 64 37 59 56 75 51 86 74 53 16 73 29 23 99 40 79 9 
222-3-14 1?2.366 = 3 94 37 59 75 56 41 90 25 65 78 60 28 84 58 32 44 69 14 
222-4-13 1?2.556 = 4 89 63 46 45 64 37 59 56 75 51 86 74 53 76 47 97 48 17 13 
222-4-11 1?2.593 = 4 89 63 46 45 64 37 59 56 75 51 86 74 53 76 26 62 67 20 54 11 
222-4-6 1?2.404 = 4 57 37 64 45 46 39 36 63 89 96 22 42 31 33 27 6 
222-4-12 1?2.633 = 4 89 63 46 45 64 37 59 56 75 51 86 74 53 76 47 97 61 48 12 
222-5-6 1?2.394 = 5 42 22 36 39 63 46 45 64 37 59 35 77 33 27 6 
222-4-8 1?2.507 = 4 57 64 37 59 56 75 51 86 74 53 16 73 29 23 99 55 8 
222-4-7 1?2.638 = 4 57 64 37 59 56 75 51 86 74 53 16 73 29 23 81 19 7 
222-4-15 1?2.241 = 4 57 64 37 59 56 75 90 41 25 65 78 60 28 84 32 58 50 15 
222-4-9 1?2.601 = 4 57 64 37 59 56 75 51 86 74 53 16 73 29 23 99 40 79 9 
222-4-10 1?2.68 = 4 57 46 45 64 37 59 56 75 51 86 74 53 76 26 62 67 20 66 80 10 
222-4-14 1?2.463 = 4 57 64 37 59 75 56 41 25 65 78 60 28 84 58 32 44 69 14 
222-6-7 1?2.211 = 6 27 85 19 81 23 29 73 38 93 82 52 99 30 98 7 
222-5-7 1?2.166 = 5 42 31 22 63 36 39 77 33 27 85 19 81 30 98 7 
222-6-8 1?2.089 = 6 27 85 19 81 23 29 73 16 38 93 82 52 99 55 8 
222-5-13 1?2.536 = 5 42 22 63 46 45 64 37 59 56 75 51 86 53 76 47 97 48 17 13 
222-5-8 1?2.442 = 5 42 22 31 27 85 19 81 23 29 73 52 82 93 79 40 55 8 
222-5-12 1?2.525 = 5 42 22 63 46 45 64 37 59 56 75 51 86 74 53 76 47 97 61 12 
222-5-15 1?2.276 = 5 42 22 63 46 45 64 37 59 75 56 41 90 18 91 88 84 58 50 15 
222-5-11 1?2.536 = 5 42 22 63 46 45 64 37 59 56 75 51 86 74 53 76 26 62 67 54 11 
222-5-10 1?2.591 = 5 42 22 63 46 45 64 37 59 56 75 51 86 53 76 26 62 80 66 10 
222-5-9 1?2.512 = 5 42 31 27 85 19 81 30 99 23 29 73 16 38 93 82 40 79 9 
222-5-14 1?2.387 = 5 42 31 22 36 39 46 45 64 37 59 75 56 41 90 18 91 92 69 14 
222-7-10 1?2.277 = 7 19 81 30 55 99 23 29 73 16 38 82 93 80 66 10 
222-7-9 1?2.079 = 7 19 81 30 99 23 29 73 16 38 93 82 52 40 79 9 
222-6-9 1?2.02 = 6 27 85 19 81 30 99 23 29 73 16 38 82 93 9 
222-7-8 1?2.101 = 7 19 81 30 99 23 29 73 16 38 93 82 40 79 55 8 
222-6-13 1?2.678 = 6 27 85 19 81 30 99 52 82 93 80 66 20 67 49 97 61 48 17 13 
222-6-12 1?2.666 = 6 31 22 63 46 45 64 37 59 56 75 51 86 74 53 76 47 97 61 12 
222-6-15 1?2.358 = 6 31 42 22 63 46 45 64 37 59 75 56 41 90 18 88 32 58 50 15 
222-7-11 1?2.639 = 7 85 19 81 30 55 99 23 29 73 16 38 82 93 80 66 20 67 54 11 
222-6-11 1?2.667 = 6 27 85 19 81 30 55 99 23 29 73 16 38 82 93 80 66 20 67 54 11 
222-6-10 1?2.7 = 6 27 85 19 81 30 55 40 79 93 82 52 23 29 73 16 38 80 66 10 
222-6-14 1?2.52 = 6 31 42 22 36 39 46 45 64 37 59 75 56 41 90 18 91 92 69 14 
222-8-11 1?1.937 = 8 55 99 23 29 73 16 38 82 93 80 66 20 67 54 11 
222-8-10 1?2.202 = 8 55 99 23 29 73 16 38 82 93 80 66 20 67 54 10 
222-8-9 1?2.469 = 8 7 19 81 30 99 23 29 73 16 38 93 82 52 40 79 9 
222-8-13 1?2.623 = 8 55 40 79 93 82 52 23 29 73 16 38 26 62 49 97 61 48 17 13 
222-7-13 1?2.802 = 7 19 81 23 29 73 16 38 82 93 80 66 20 67 49 97 61 48 17 13 
222-8-12 1?2.743 = 8 55 40 79 93 82 52 99 23 29 73 16 38 26 62 49 97 61 48 12 
222-7-15 1?2.513 = 7 19 33 36 63 46 45 64 37 59 75 56 41 90 18 88 32 58 50 15 
222-7-12 1?2.832 = 7 19 33 36 63 46 45 64 37 59 56 75 51 86 53 76 47 97 61 12 
222-8-15 1?2.467 = 8 55 99 23 29 73 16 53 74 86 51 75 56 41 90 18 88 32 58 50 15 
222-8-14 1?2.556 = 8 55 99 23 29 73 16 53 74 51 75 56 41 90 18 91 92 69 14 
222-7-14 1?2.673 = 7 19 33 36 39 63 46 45 64 37 59 75 56 41 90 18 91 92 69 14 
222-10-11 1?2.303 = 10 66 80 93 82 52 23 29 73 16 38 26 62 20 67 54 11 
222-9-11 1?1.979 = 9 79 40 99 23 29 73 16 38 82 93 80 66 20 54 11 
222-9-10 1?2.244 = 9 79 40 99 23 29 73 16 38 82 93 80 66 20 54 10 
222-9-13 1?2.21 = 9 79 40 99 52 82 93 80 66 20 67 49 97 61 48 17 13 
222-10-13 1?2.4 = 10 66 80 93 82 52 23 29 73 16 26 62 49 61 48 17 13 
222-10-12 1?2.489 = 10 66 80 93 82 52 23 29 73 16 38 26 62 49 97 61 12 
222-9-12 1?2.34 = 9 79 40 99 23 29 73 16 38 82 93 80 66 20 67 54 12 
222-10-15 1?2.341 = 10 66 80 62 26 76 53 74 86 51 75 56 41 25 65 84 58 50 15 
222-9-15 1?2.447 = 9 93 82 38 16 53 74 86 51 75 56 41 90 18 91 88 32 58 50 15 
222-10-14 1?2.357 = 10 66 20 67 49 97 68 83 91 88 84 58 32 44 69 14 
222-9-14 1?2.536 = 9 93 82 38 16 53 74 86 51 75 56 41 90 25 18 91 92 69 14 
222-14-15 1?2.024 = 14 69 92 91 18 90 75 56 41 34 65 84 58 50 15 
222-13-15 1?2.042 = 13 17 48 61 49 97 68 83 91 18 88 84 32 58 50 15 
222-12-13 1?2.499 = 12 17 48 61 97 68 83 91 88 84 58 32 44 69 13 
222-11-12 1?2.294 = 11 54 20 66 80 93 82 52 23 29 73 16 26 49 61 12 
222-11-13 1?2.207 = 11 54 67 20 66 80 62 26 47 83 68 97 49 61 48 17 13 
222-12-15 1?2.166 = 12 61 97 68 83 91 18 25 65 78 60 28 84 32 58 50 15 
222-11-15 1?2.162 = 11 54 20 67 49 61 97 68 83 92 91 88 84 32 58 50 15 
222-12-14 1?2.212 = 12 17 48 61 97 68 83 91 88 84 58 32 44 69 14 
222-13-14 1?2.022 = 13 17 48 61 97 68 83 91 88 84 58 32 44 69 14 
222-11-14 1?2.217 = 11 54 20 67 49 97 68 83 92 88 84 58 32 44 69 14 
stop
