start
727-0-2 1?1.951 = 0 62 48 16 55 90 28 24 77 97 52 59 42 98 53 2 
727-0-1 1?2.129 = 0 62 16 90 28 24 77 27 71 59 42 98 53 84 69 1 
727-0-4 1?1.994 = 0 62 48 16 90 28 24 77 27 71 53 98 42 59 52 17 57 20 56 4 
727-0-5 1?2.177 = 0 62 16 90 28 24 77 27 71 53 98 42 59 52 17 57 95 92 43 96 5 
727-0-9 1?2.651 = 0 62 48 16 89 40 91 78 72 46 32 74 19 83 21 76 60 81 9 
727-0-8 1?2.817 = 0 62 48 16 89 40 91 78 88 80 33 26 82 99 47 64 79 70 44 68 8 
727-0-3 1?1.727 = 0 62 48 75 69 84 71 27 77 97 52 59 42 98 3 
727-0-11 1?2.508 = 0 62 48 16 55 90 89 63 40 91 78 88 80 46 32 74 51 85 54 11 
727-0-6 1?2.306 = 0 62 48 75 69 84 71 27 77 97 52 17 57 95 92 96 43 6 
727-0-10 1?2.532 = 0 62 48 16 89 63 40 91 78 72 46 32 74 19 83 21 76 60 10 
727-0-7 1?2.644 = 0 62 48 75 69 84 71 27 77 24 97 52 17 57 95 61 25 39 7 
727-1-3 1?1.664 = 1 75 69 84 71 27 77 24 97 52 17 59 42 98 3 
727-1-2 1?1.861 = 1 75 69 84 71 27 77 24 97 52 17 42 98 53 2 
727-0-15 1?2.263 = 0 62 48 16 89 90 55 28 38 63 40 91 31 23 35 15 
727-1-4 1?1.804 = 1 69 84 71 27 77 24 97 52 59 98 42 17 57 20 45 56 4 
727-1-8 1?2.696 = 1 69 84 71 27 24 77 59 52 17 57 95 92 96 43 25 39 41 8 
727-0-14 1?2.248 = 0 62 48 16 55 90 89 63 40 91 78 72 18 29 67 14 
727-0-12 1?2.159 = 0 35 23 31 91 40 78 72 46 32 74 51 85 54 12 
727-0-13 1?2.209 = 0 62 48 16 55 90 89 63 40 91 78 72 18 67 29 13 
727-1-5 1?1.947 = 1 69 84 71 27 77 24 97 52 59 98 42 17 57 95 92 43 96 5 
727-1-6 1?2.315 = 1 75 69 84 71 27 77 97 52 59 98 42 17 57 95 92 96 43 6 
727-1-7 1?2.567 = 1 69 84 71 27 77 97 52 59 98 42 17 57 95 61 25 65 39 7 
727-1-15 1?2.206 = 1 69 84 27 77 24 58 38 63 40 91 31 23 35 15 
727-1-14 1?2.447 = 1 69 84 71 27 77 24 58 38 63 40 91 78 72 18 67 14 
727-2-4 1?1.389 = 2 69 84 71 27 77 24 97 52 59 98 42 20 56 4 
727-2-3 1?1.587 = 2 69 84 71 27 77 59 52 17 57 20 45 42 98 3 
727-1-12 1?2.505 = 1 75 55 90 89 63 40 91 78 72 88 80 46 32 74 51 85 54 12 
727-1-13 1?2.511 = 1 69 84 71 27 77 24 58 38 63 40 91 78 72 18 67 29 13 
727-1-10 1?2.532 = 1 75 55 90 89 40 91 78 72 46 32 74 87 19 83 21 76 60 10 
727-1-11 1?2.637 = 1 75 55 90 89 63 40 91 78 72 88 80 46 32 74 19 51 85 54 11 
727-2-5 1?1.726 = 2 69 84 27 71 53 98 42 59 52 17 57 95 92 43 96 86 5 
727-1-9 1?2.702 = 1 75 55 90 89 40 91 78 88 46 32 74 19 21 83 34 37 30 81 9 
727-2-6 1?2.06 = 2 69 84 71 27 77 24 97 52 59 98 42 17 57 95 92 96 43 6 
727-3-4 1?1.388 = 3 53 98 42 59 71 27 77 24 97 52 17 57 20 56 4 
727-2-15 1?2.036 = 2 69 84 27 77 24 58 38 63 40 91 31 23 35 15 
727-3-5 1?1.557 = 3 53 98 42 59 71 27 77 97 52 17 57 95 92 43 96 5 
727-2-14 1?2.383 = 2 69 84 71 27 77 24 97 58 38 63 40 91 78 72 18 67 14 
727-2-10 1?2.553 = 2 69 75 55 90 89 40 91 78 88 80 46 32 74 19 83 21 76 60 10 
727-2-8 1?2.562 = 2 69 84 71 27 77 97 52 17 57 95 92 96 43 25 65 39 41 8 
727-2-12 1?2.6 = 2 69 84 71 27 77 97 58 38 63 40 91 72 46 32 74 51 85 54 12 
727-2-13 1?2.556 = 2 69 84 71 27 77 24 97 58 38 63 40 91 78 88 80 46 32 22 13 
727-2-11 1?2.592 = 2 69 84 71 27 77 24 58 38 63 40 91 78 88 46 32 74 51 85 54 11 
727-2-9 1?2.665 = 2 69 84 71 27 77 97 52 59 17 57 95 61 25 79 70 44 68 94 81 9 
727-2-7 1?2.332 = 2 69 84 71 27 77 24 97 52 59 98 42 17 57 95 61 25 65 7 
727-4-5 1?1.278 = 4 56 20 45 42 98 59 52 17 57 95 92 43 96 5 
727-3-14 1?2.32 = 3 53 98 42 59 52 97 77 24 58 38 63 40 91 72 18 67 14 
727-3-15 1?2.175 = 3 53 98 42 59 52 97 77 27 71 84 69 75 55 48 62 35 15 
727-3-8 1?2.406 = 3 53 98 42 59 52 17 57 95 92 96 43 61 25 79 70 44 68 94 8 
727-3-12 1?2.503 = 3 53 98 42 59 52 97 58 38 63 40 91 72 46 32 74 51 85 54 12 
727-3-10 1?2.534 = 3 53 98 42 59 52 17 57 95 61 25 79 70 64 47 99 30 37 34 60 10 
727-3-6 1?1.814 = 3 98 42 59 71 27 77 97 52 17 57 95 92 96 43 6 
727-3-11 1?2.487 = 3 53 98 42 59 52 97 58 38 63 40 91 72 46 32 74 51 85 54 11 
727-3-13 1?2.415 = 3 53 98 42 59 71 27 77 24 58 38 63 40 91 78 72 18 67 29 13 
727-3-9 1?2.448 = 3 53 98 42 59 52 17 57 95 92 96 43 61 25 79 70 44 68 94 81 9 
727-3-7 1?2.224 = 3 53 98 42 59 52 17 57 20 56 86 96 43 92 61 25 39 65 7 
727-4-6 1?1.561 = 4 56 20 45 42 98 59 52 17 57 95 92 96 43 6 
727-4-10 1?2.432 = 4 56 20 57 95 92 96 43 25 79 70 64 47 99 30 37 34 60 10 
727-4-12 1?2.458 = 4 56 45 20 57 17 52 97 58 38 63 40 91 78 72 46 32 50 12 
727-4-14 1?2.441 = 4 56 45 20 57 17 52 59 71 27 77 24 97 58 38 63 40 91 67 14 
727-5-6 1?1.857 = 5 86 56 20 45 42 98 59 52 17 57 95 92 96 43 6 
727-4-15 1?2.25 = 4 56 20 45 42 98 59 52 97 77 27 71 84 69 75 48 62 35 15 
727-4-8 1?2.288 = 4 56 20 45 42 98 59 52 17 57 95 92 96 43 25 39 41 8 
727-4-11 1?2.469 = 4 56 20 57 17 52 97 58 38 63 78 72 46 32 74 51 85 54 11 
727-4-7 1?1.864 = 4 56 20 45 42 98 59 52 17 57 95 61 25 39 7 
727-4-9 1?2.372 = 4 56 20 45 42 98 59 52 17 57 95 61 25 79 70 44 68 94 81 9 
727-4-13 1?2.538 = 4 56 20 57 17 52 59 42 98 53 71 27 77 24 58 38 63 78 72 18 29 13 
727-5-8 1?2.117 = 5 86 96 43 92 61 25 65 39 41 70 79 64 44 68 94 8 
727-6-8 1?2.352 = 6 65 39 41 70 79 64 47 99 82 26 93 34 37 30 94 8 
727-5-7 1?2.021 = 5 96 43 92 95 57 17 52 97 66 49 61 25 39 65 7 
727-6-7 1?2.261 = 6 43 96 92 95 57 17 59 52 66 49 61 25 39 65 7 
727-5-14 1?2.549 = 5 96 43 92 95 57 17 52 59 71 27 77 97 58 38 63 40 91 67 14 
727-5-13 1?2.392 = 5 96 43 92 95 57 17 52 97 58 38 63 40 91 72 18 29 13 
727-5-10 1?2.44 = 5 96 43 92 61 25 79 64 47 99 82 26 93 87 19 83 21 76 60 10 
727-5-9 1?2.44 = 5 96 43 92 95 57 17 59 52 66 49 61 25 79 70 44 68 94 81 9 
727-5-12 1?2.586 = 5 96 43 92 95 57 17 52 97 77 24 58 38 63 78 72 46 32 50 12 
727-5-11 1?2.516 = 5 96 43 92 61 25 79 70 64 47 99 82 26 93 87 19 74 51 85 54 11 
727-5-15 1?2.43 = 5 96 43 92 95 57 17 59 52 97 77 27 71 84 69 75 48 62 35 15 
727-7-10 1?1.897 = 7 65 39 41 70 64 47 99 30 37 34 83 21 76 60 10 
727-7-8 1?2.25 = 7 65 39 41 70 79 64 47 99 82 26 93 34 37 30 94 8 
727-6-9 1?2.156 = 6 65 39 41 70 79 64 47 99 82 26 93 34 37 30 81 9 
727-7-9 1?2.054 = 7 65 39 41 70 79 64 47 99 82 26 93 34 37 30 81 9 
727-7-11 1?2.166 = 7 65 39 41 70 79 64 47 99 82 26 93 87 19 74 51 85 54 11 
727-6-10 1?2.255 = 6 65 39 41 70 79 64 47 99 82 26 93 87 19 83 21 76 60 10 
727-6-15 1?2.571 = 6 43 92 95 57 17 52 97 77 27 71 84 69 75 48 62 35 15 
727-6-14 1?2.652 = 6 65 39 41 70 79 64 47 99 82 26 93 87 19 74 32 46 72 18 67 14 
727-6-11 1?2.441 = 6 65 39 41 70 79 64 47 99 30 37 34 76 21 83 19 51 85 54 11 
727-6-13 1?2.554 = 6 65 39 41 70 64 47 99 82 26 93 87 19 74 32 46 72 18 29 13 
727-6-12 1?2.539 = 6 65 39 41 70 79 64 47 99 30 37 34 60 76 21 83 19 51 85 54 12 
727-8-11 1?2.022 = 8 68 44 70 79 64 47 99 82 26 93 87 19 83 21 11 
727-8-10 1?1.977 = 8 68 44 70 79 64 47 99 30 37 34 83 21 76 60 10 
727-8-9 1?2.12 = 8 68 44 47 99 82 26 93 87 19 83 34 37 30 81 9 
727-7-14 1?2.48 = 7 65 39 41 70 79 64 47 99 82 26 93 87 74 32 46 72 18 67 14 
727-7-15 1?2.506 = 7 65 39 41 70 79 64 47 99 82 26 33 80 88 78 91 31 23 35 15 
727-8-12 1?2.414 = 8 68 44 47 99 30 37 34 60 76 21 83 19 87 74 51 85 54 12 
727-8-15 1?2.623 = 8 68 44 70 79 64 47 99 82 26 33 80 88 78 40 91 31 23 35 15 
727-8-14 1?2.663 = 8 94 68 44 70 79 64 47 99 82 26 93 87 19 74 32 46 72 18 67 14 
727-7-13 1?2.392 = 7 65 39 41 70 79 64 47 99 82 26 33 80 88 46 72 18 67 29 13 
727-8-13 1?2.487 = 8 94 30 37 34 76 21 83 19 74 32 46 80 88 72 18 67 29 13 
727-7-12 1?2.437 = 7 65 39 41 70 79 64 47 99 30 37 34 60 76 21 83 19 51 85 54 12 
727-10-11 1?1.919 = 10 60 37 34 76 21 83 19 87 74 32 50 51 85 54 11 
727-9-12 1?1.845 = 9 81 30 37 34 60 76 21 83 19 87 74 51 85 54 12 
727-9-11 1?1.829 = 9 81 30 37 34 60 76 21 83 19 87 74 51 85 54 11 
727-9-10 1?2.218 = 9 81 94 68 44 70 79 64 47 99 30 60 37 34 83 76 10 
727-10-12 1?1.935 = 10 60 37 34 76 21 83 19 87 74 32 50 51 85 54 12 
727-10-13 1?1.935 = 10 60 76 21 83 19 74 32 46 80 88 72 18 67 29 13 
727-10-14 1?2.381 = 10 60 37 34 76 21 83 19 87 74 32 46 88 80 78 72 18 67 14 
727-9-15 1?2.448 = 9 81 30 37 34 83 21 19 74 32 46 80 88 78 91 31 23 35 15 
727-9-14 1?2.462 = 9 81 30 37 34 60 76 21 83 19 87 74 32 46 72 18 22 29 67 14 
727-10-15 1?2.41 = 10 60 34 76 21 83 19 74 32 46 72 78 40 91 31 23 35 15 
727-9-13 1?2.277 = 9 81 30 37 34 60 76 21 83 19 87 74 32 46 72 18 67 29 13 
727-11-12 1?1.967 = 11 21 83 19 87 93 33 80 88 46 32 74 51 85 54 12 
727-13-14 1?2.281 = 13 22 46 32 74 19 87 93 82 26 33 80 88 72 18 67 14 
727-12-14 1?2.077 = 12 54 85 51 19 87 74 32 46 80 88 78 72 18 67 14 
727-11-13 1?2.035 = 11 54 85 51 19 74 32 46 80 88 78 72 18 67 29 13 
727-12-13 1?2.051 = 12 54 85 51 19 74 32 46 80 88 78 72 18 67 29 13 
727-12-15 1?2.007 = 12 54 85 51 74 32 46 72 78 40 91 31 23 35 15 
727-13-15 1?2.155 = 13 29 67 18 72 46 32 80 88 78 40 91 31 23 35 15 
727-14-15 1?2.255 = 14 29 67 18 72 46 32 80 88 78 40 91 31 23 35 15 
727-11-15 1?2.268 = 11 54 85 51 19 87 74 32 46 80 88 78 40 91 31 23 35 15 
727-11-14 1?2.325 = 11 54 85 51 74 19 87 93 82 26 33 80 88 46 32 22 29 67 14 
stop
