start
74-0-2 1?1.699 = 0 61 46 48 42 81 55 95 18 86 98 96 91 76 2 
74-0-3 1?1.717 = 0 92 42 81 55 95 18 86 98 96 91 76 72 93 3 
74-0-1 1?1.797 = 0 61 92 95 18 55 81 42 46 48 74 96 98 86 1 
74-0-5 1?2.255 = 0 92 42 81 55 18 86 98 96 91 76 93 57 45 56 19 60 20 79 5 
74-0-4 1?2.068 = 0 92 42 81 55 18 86 98 96 91 76 93 57 45 56 19 60 4 
74-0-6 1?2.466 = 0 95 18 86 98 96 91 76 72 93 57 45 56 60 19 50 64 70 43 6 
74-0-11 1?2.231 = 0 92 81 42 48 74 37 82 69 99 54 66 17 84 75 62 87 28 68 65 11 
74-0-10 1?2.468 = 0 92 81 42 48 74 37 82 69 21 54 66 17 84 75 62 87 28 68 65 77 10 
74-0-8 1?2.436 = 0 61 92 81 42 48 74 37 82 23 51 31 59 89 85 38 78 39 49 24 8 
74-0-9 1?2.497 = 0 92 81 42 48 74 37 82 69 23 51 31 59 89 34 97 47 16 58 25 53 9 
74-0-7 1?2.516 = 0 61 92 81 42 48 74 37 82 69 23 51 31 59 89 85 38 78 39 49 24 7 
74-0-14 1?1.729 = 0 95 18 86 98 96 55 81 42 48 46 52 40 63 14 
74-0-15 1?1.74 = 0 95 18 86 98 96 55 81 42 48 74 37 46 52 90 15 
74-1-3 1?1.747 = 1 86 18 95 92 42 81 55 98 96 91 76 72 93 3 
74-1-2 1?1.775 = 1 86 18 95 92 42 48 74 81 55 96 98 91 76 2 
74-0-13 1?1.985 = 0 95 18 98 96 55 81 42 48 46 52 40 63 44 13 
74-1-4 1?1.655 = 1 86 95 18 98 96 91 76 93 57 45 56 19 60 4 
74-0-12 1?2.108 = 0 61 92 42 48 74 37 82 69 21 66 17 84 75 62 87 26 36 12 
74-1-5 1?2.23 = 1 86 18 98 96 91 76 93 57 45 56 60 19 50 64 70 43 80 5 
74-1-6 1?2.246 = 1 86 95 18 98 96 91 76 93 57 45 56 19 50 64 70 43 6 
74-1-8 1?2.398 = 1 86 18 55 81 42 48 74 37 82 23 51 31 59 89 85 38 78 39 49 24 8 
74-1-7 1?2.299 = 1 86 18 55 81 42 48 74 37 82 23 51 31 59 89 85 38 78 39 49 7 
74-1-15 1?1.616 = 1 86 95 18 98 96 55 81 42 48 74 37 46 52 90 15 
74-2-5 1?1.941 = 2 86 18 98 96 91 76 93 57 45 60 19 20 79 5 
74-2-3 1?2.062 = 2 86 18 95 55 81 42 48 74 96 98 91 76 93 3 
74-2-4 1?1.895 = 2 86 95 18 98 96 91 76 93 57 45 56 19 60 4 
74-2-6 1?2.351 = 2 86 98 96 91 76 93 57 45 56 60 19 50 64 70 43 6 
74-1-13 1?2.193 = 1 86 95 18 98 96 55 81 42 48 46 52 61 90 40 63 44 13 
74-1-9 1?2.371 = 1 86 18 55 81 42 48 74 37 82 23 51 31 59 89 97 47 58 25 53 9 
74-1-10 1?2.365 = 1 86 18 98 96 55 81 42 48 37 82 69 21 66 17 84 75 41 33 77 10 
74-1-14 1?1.583 = 1 86 18 98 96 55 81 42 48 46 52 40 44 63 14 
74-1-12 1?2.117 = 1 86 18 95 55 81 42 48 74 37 82 69 21 66 17 84 75 62 87 36 12 
74-1-11 1?2.225 = 1 86 18 95 55 81 42 48 74 37 82 69 21 66 17 84 75 62 87 28 68 65 11 
74-2-15 1?1.966 = 2 76 91 96 98 86 18 95 55 81 42 48 74 37 46 52 90 15 
74-3-5 1?2.331 = 3 2 86 18 98 96 91 76 93 57 45 60 19 20 79 5 
74-3-4 1?2.285 = 3 2 86 95 18 98 96 91 76 93 57 45 56 19 60 4 
74-2-13 1?2.344 = 2 76 91 96 98 86 18 95 55 81 42 48 46 52 90 40 63 44 13 
74-2-8 1?2.558 = 2 98 96 55 81 42 48 74 37 82 23 51 31 59 89 85 38 67 88 24 8 
74-2-9 1?2.488 = 2 98 96 55 81 42 48 37 82 23 51 31 59 34 97 47 58 25 53 9 
74-2-10 1?2.542 = 2 98 96 55 81 42 48 74 37 82 69 21 66 17 84 75 94 41 33 77 10 
74-2-12 1?2.302 = 2 98 96 55 81 42 48 37 82 69 21 66 17 84 75 62 87 26 36 12 
74-2-14 1?2.138 = 2 76 91 96 98 86 18 95 55 81 42 92 61 90 40 63 44 14 
74-2-7 1?2.467 = 2 98 96 55 81 42 48 37 82 23 51 31 59 89 85 38 78 39 49 7 
74-2-11 1?2.39 = 2 98 96 55 81 42 48 74 37 82 69 21 66 17 84 75 62 87 28 68 65 11 
74-3-15 1?2.007 = 3 93 72 76 91 96 98 86 18 95 55 81 42 48 46 52 90 15 
74-4-5 1?2.28 = 4 20 19 60 45 56 50 64 85 38 78 35 70 43 80 5 
74-3-6 1?2.381 = 3 57 45 60 19 56 32 71 31 59 89 85 38 78 35 27 6 
74-3-13 1?2.388 = 3 93 76 91 96 98 86 18 55 81 42 48 46 52 40 63 44 13 
74-3-8 1?2.621 = 3 93 57 45 60 19 56 32 71 30 31 59 89 85 38 78 39 49 24 8 
74-3-9 1?2.673 = 3 57 45 60 19 56 71 32 30 51 31 59 89 34 97 47 16 58 25 53 9 
74-3-10 1?2.689 = 3 57 45 60 19 56 32 71 31 59 89 34 97 47 16 58 25 22 77 10 
74-3-12 1?2.458 = 3 93 76 91 96 55 81 42 48 37 82 69 21 66 17 84 75 62 29 12 
74-3-7 1?2.47 = 3 93 57 45 56 71 32 30 51 31 59 89 85 38 78 39 49 24 7 
74-3-11 1?2.553 = 3 93 76 91 96 55 81 42 48 37 82 69 21 66 84 75 62 28 68 65 11 
74-3-14 1?2.203 = 3 93 72 76 91 96 98 86 18 95 55 81 42 48 46 52 40 63 14 
74-5-6 1?2.306 = 5 79 20 19 60 45 56 32 71 50 64 35 27 70 43 6 
74-4-6 1?2.372 = 4 60 19 56 45 32 71 59 89 85 38 78 35 70 43 6 
74-4-8 1?2.316 = 4 20 19 60 45 56 32 71 31 59 89 85 38 78 39 49 24 8 
74-4-15 1?2.282 = 4 60 19 56 45 57 93 76 91 96 98 86 18 55 81 42 92 61 15 
74-4-13 1?2.59 = 4 57 93 76 91 96 98 18 55 81 42 48 46 52 40 63 44 13 
74-4-7 1?2.217 = 4 20 19 60 45 56 32 71 31 59 89 85 38 78 39 49 7 
74-4-9 1?2.546 = 4 20 19 60 45 56 32 71 31 59 89 34 97 47 58 25 16 73 53 9 
74-4-10 1?2.595 = 4 20 19 60 45 56 50 64 78 85 38 67 73 16 58 25 22 77 10 
74-4-14 1?2.329 = 4 60 45 57 93 76 91 96 98 55 81 42 48 46 52 40 63 14 
74-4-12 1?2.599 = 4 20 19 60 45 56 32 71 31 59 34 17 66 84 75 62 28 68 26 36 12 
74-4-11 1?2.618 = 4 20 19 60 45 56 32 71 31 59 89 34 97 47 16 58 25 22 33 65 11 
74-5-8 1?2.116 = 5 80 43 70 35 78 85 38 16 73 67 39 49 24 8 
74-6-8 1?2.172 = 6 43 70 35 78 38 85 47 16 73 67 39 49 24 8 
74-6-7 1?2.159 = 6 43 70 35 78 38 85 47 58 16 73 67 39 49 7 
74-5-15 1?2.321 = 5 79 20 19 60 56 45 57 93 76 91 96 98 86 18 95 92 61 15 
74-5-7 1?2.119 = 5 80 43 70 35 78 85 38 16 73 67 39 49 24 7 
74-5-13 1?2.718 = 5 79 20 19 60 57 93 76 91 96 55 81 42 48 46 52 40 44 13 
74-5-9 1?2.48 = 5 80 43 70 35 78 38 85 89 59 31 34 97 47 16 58 25 53 9 
74-5-10 1?2.544 = 5 80 43 70 35 78 38 85 89 59 31 34 97 47 16 58 25 22 10 
74-5-14 1?2.485 = 5 79 20 19 60 45 57 93 76 91 96 55 81 42 48 46 52 40 63 14 
74-5-12 1?2.486 = 5 80 43 70 35 78 85 38 73 16 58 25 22 41 68 28 87 26 36 12 
74-5-11 1?2.626 = 5 80 43 70 35 78 38 67 73 16 58 94 17 66 84 75 62 87 28 68 65 11 
74-7-8 1?2.055 = 7 49 39 78 38 85 47 58 25 16 73 67 88 24 8 
74-6-9 1?2.124 = 6 43 70 35 39 78 85 38 67 73 16 58 25 53 9 
74-7-9 1?2.079 = 7 24 49 39 78 38 85 89 34 97 47 16 25 53 9 
74-6-15 1?2.502 = 6 43 70 35 78 38 85 89 59 31 51 23 82 37 74 48 46 52 90 15 
74-7-10 1?2.267 = 7 24 49 39 78 38 85 89 97 47 16 58 25 22 77 10 
74-6-10 1?2.421 = 6 43 70 35 78 38 85 89 34 97 47 16 58 25 22 77 10 
74-6-13 1?2.754 = 6 43 70 35 78 85 38 67 73 16 58 25 22 33 41 68 28 87 29 13 
74-7-11 1?2.228 = 7 49 39 67 73 16 58 25 94 17 66 84 75 62 87 28 68 65 11 
74-6-11 1?2.461 = 6 43 70 35 78 38 85 47 97 34 17 66 84 75 62 87 28 68 65 11 
74-6-14 1?2.626 = 6 27 35 78 38 85 89 59 31 51 23 82 37 74 48 46 52 40 44 63 14 
74-6-12 1?2.487 = 6 43 70 35 78 85 38 73 16 58 25 22 33 41 68 28 87 26 36 12 
74-8-9 1?2.076 = 8 24 49 39 78 38 85 89 34 97 47 16 25 53 9 
74-8-10 1?2.03 = 8 24 49 39 78 85 38 67 73 16 58 25 22 77 10 
74-8-11 1?1.993 = 8 24 49 39 78 85 38 73 16 58 25 22 33 65 11 
74-8-15 1?2.534 = 8 24 49 39 78 38 85 89 59 31 51 23 82 37 74 48 42 81 92 61 15 
74-8-13 1?2.522 = 8 24 49 39 67 73 16 25 58 47 97 34 17 66 84 75 62 29 13 
74-7-15 1?2.579 = 7 49 39 78 38 85 89 59 31 51 23 69 82 37 74 48 42 81 92 61 90 15 
74-8-12 1?2.287 = 8 24 49 39 78 38 73 16 58 25 22 33 41 68 28 87 26 36 12 
74-7-13 1?2.735 = 7 49 39 78 38 85 89 59 31 51 23 82 37 48 46 52 40 63 44 13 
74-8-14 1?2.516 = 8 24 88 67 38 85 89 59 31 51 23 82 37 74 48 46 52 40 63 14 
74-7-14 1?2.527 = 7 24 49 39 78 38 85 89 59 31 51 23 82 37 48 46 52 40 63 14 
74-7-12 1?2.303 = 7 24 49 39 78 85 38 16 58 25 22 33 41 68 28 87 26 36 12 
74-9-10 1?2.231 = 9 53 25 58 47 97 34 17 66 84 75 62 28 68 65 77 10 
74-9-11 1?2.016 = 9 53 25 58 47 97 34 17 66 84 75 62 87 28 68 65 11 
74-10-11 1?1.898 = 10 77 33 41 94 17 66 84 75 62 87 36 26 28 68 65 11 
74-9-15 1?2.469 = 9 53 25 58 47 97 34 89 59 31 51 23 69 82 37 74 48 46 52 90 15 
74-10-13 1?2.372 = 10 77 65 68 28 87 62 75 84 66 17 21 54 99 40 63 44 13 
74-10-15 1?2.519 = 10 77 65 68 28 62 75 84 17 66 21 69 82 37 74 48 42 81 92 61 15 
74-9-13 1?2.586 = 9 53 25 58 16 47 97 34 17 66 84 75 62 28 68 26 36 29 13 
74-10-12 1?2.223 = 10 22 25 58 16 47 97 34 17 66 84 75 62 28 68 26 36 12 
74-9-12 1?2.159 = 9 53 25 58 16 47 97 34 17 66 84 75 62 28 68 26 36 12 
74-10-14 1?2.116 = 10 77 65 68 28 87 29 62 75 84 17 66 54 99 40 44 63 14 
74-9-14 1?2.5 = 9 53 25 58 47 97 34 59 31 51 23 82 37 74 48 46 52 40 63 14 
74-12-15 1?2.044 = 12 36 87 62 75 84 17 66 21 69 82 37 74 48 46 52 90 15 
74-13-15 1?2.23 = 13 44 63 40 52 46 48 42 81 55 18 95 92 61 90 15 
74-14-15 1?1.968 = 14 63 40 52 46 48 42 81 55 18 86 95 92 61 15 
74-12-13 1?1.996 = 12 36 26 68 28 62 75 84 17 66 54 99 40 63 44 13 
74-11-13 1?1.943 = 11 65 68 28 87 62 75 84 17 66 54 99 40 63 44 13 
74-13-14 1?2.099 = 13 29 36 26 87 62 75 84 17 66 54 99 40 44 63 14 
74-12-14 1?1.751 = 12 36 26 68 28 87 62 75 84 17 66 54 99 40 63 14 
74-11-12 1?1.847 = 11 65 33 41 94 17 66 84 75 62 87 28 68 26 36 29 12 
74-11-14 1?1.746 = 11 65 68 28 87 62 75 84 17 66 54 99 40 63 44 14 
74-11-15 1?2.304 = 11 65 68 28 87 62 75 84 17 66 21 69 82 37 74 48 42 81 92 61 15 
stop
