start
737-0-3 1?1.829 = 0 59 46 16 56 60 66 39 32 31 69 57 71 85 91 86 3 
737-0-2 1?1.704 = 0 59 46 16 56 60 66 39 32 31 69 45 71 91 85 2 
737-0-1 1?1.797 = 0 59 46 16 56 60 39 32 31 69 57 91 85 71 45 1 
737-0-6 1?2.299 = 0 59 56 60 39 32 38 36 22 75 42 21 84 98 74 68 51 90 6 
737-0-5 1?2.197 = 0 59 56 60 66 32 39 38 18 99 61 26 33 67 65 95 72 47 5 
737-0-9 1?2.487 = 0 59 56 60 39 32 38 36 22 75 42 58 50 19 76 25 83 97 9 
737-0-4 1?2.18 = 0 59 56 60 66 32 39 38 36 22 75 29 18 99 61 26 33 67 65 4 
737-0-8 1?2.439 = 0 59 56 60 39 32 38 36 22 75 42 58 50 19 76 25 55 44 78 8 
737-0-7 1?2.394 = 0 59 56 60 66 32 39 38 36 22 75 42 21 84 98 74 68 51 48 7 
737-0-11 1?2.453 = 0 59 56 60 39 32 38 36 22 75 42 58 50 35 88 43 93 77 11 
737-0-10 1?2.466 = 0 59 66 32 39 38 36 22 75 42 58 50 35 88 43 49 24 40 10 
737-1-2 1?2.128 = 1 0 46 16 59 56 60 66 39 32 31 69 45 71 91 85 2 
737-1-3 1?2.123 = 1 31 32 39 38 36 22 75 29 18 99 61 26 33 86 3 
737-0-13 1?2.167 = 0 59 56 60 39 32 38 36 75 22 94 20 37 80 13 
737-0-14 1?2.122 = 0 59 46 16 56 60 39 32 38 36 75 22 94 20 14 
737-1-4 1?1.994 = 1 32 39 38 36 22 75 29 18 99 61 33 67 65 4 
737-0-15 1?2.036 = 0 59 66 60 39 32 38 36 75 22 94 56 16 46 15 
737-1-8 1?2.556 = 1 66 32 39 38 36 22 75 21 42 58 50 19 76 25 55 44 78 8 
737-0-12 1?2.523 = 0 59 56 60 66 32 39 38 36 75 22 94 20 79 87 53 89 92 52 12 
737-1-5 1?2.125 = 1 45 71 85 91 57 18 29 99 61 33 26 81 27 95 72 47 5 
737-1-6 1?2.469 = 1 66 60 39 32 38 36 22 75 42 21 84 98 74 68 51 96 90 6 
737-1-7 1?2.569 = 1 66 60 39 32 38 36 22 75 21 42 58 17 84 98 74 68 51 48 7 
737-1-13 1?2.584 = 1 45 71 85 91 57 69 31 32 39 60 56 94 20 79 87 28 80 13 
737-2-3 1?2.074 = 2 71 85 91 57 69 31 32 39 38 18 99 61 26 33 86 3 
737-2-4 1?1.893 = 2 71 85 91 57 18 29 99 61 33 26 81 27 95 65 67 4 
737-1-11 1?2.687 = 1 32 39 38 36 22 75 42 21 17 58 50 35 88 43 93 77 63 11 
737-1-12 1?2.668 = 1 32 39 38 36 22 75 21 42 58 50 35 88 30 53 89 92 52 12 
737-2-6 1?2.327 = 2 71 85 91 57 18 29 21 42 58 17 84 98 74 68 51 96 90 6 
737-1-9 1?2.714 = 1 66 32 39 38 36 22 75 21 42 58 50 35 88 43 49 73 82 9 
737-2-5 1?2.046 = 2 71 85 91 57 18 99 61 26 33 67 65 95 27 23 72 47 5 
737-1-10 1?2.707 = 1 66 60 39 32 38 36 22 75 21 42 58 50 35 88 43 49 24 40 10 
737-1-14 1?2.183 = 1 45 71 85 91 57 69 31 32 39 60 56 59 46 16 15 14 
737-1-15 1?1.794 = 1 45 71 85 91 57 69 31 32 39 60 56 59 46 16 15 
737-3-4 1?1.91 = 3 86 85 91 71 57 18 99 61 33 26 81 27 95 65 67 4 
737-2-13 1?2.534 = 2 85 91 57 69 31 32 39 60 66 59 46 16 20 79 87 28 80 13 
737-2-12 1?2.629 = 2 85 91 57 69 31 32 39 60 56 59 46 16 20 79 87 53 89 92 52 12 
737-2-11 1?2.731 = 2 85 91 57 69 31 32 39 38 36 22 75 42 58 50 35 88 43 93 77 11 
737-3-5 1?2.041 = 3 86 85 91 71 57 18 29 99 61 26 33 67 65 95 72 47 5 
737-2-8 1?2.605 = 2 71 85 91 57 69 31 38 36 22 75 42 58 50 19 76 25 55 44 78 8 
737-2-9 1?2.721 = 2 71 85 91 57 69 31 32 39 38 36 22 75 42 58 50 19 76 25 83 9 
737-2-15 1?1.762 = 2 85 91 57 71 45 69 31 32 39 60 66 59 46 16 15 
737-2-14 1?2.484 = 2 71 85 91 57 69 31 38 39 32 66 60 56 59 46 16 20 37 14 
737-2-10 1?2.786 = 2 85 91 71 45 31 32 39 38 36 22 75 42 58 50 35 88 43 49 24 10 
737-2-7 1?2.474 = 2 71 85 91 57 69 31 38 36 22 75 42 21 84 98 74 68 51 48 7 
737-4-5 1?1.864 = 4 65 67 33 26 61 62 84 98 74 68 51 96 72 47 5 
737-3-13 1?2.728 = 3 86 85 91 71 57 69 31 32 39 60 56 59 46 16 20 79 87 28 80 13 
737-3-6 1?2.363 = 3 86 85 91 71 57 18 29 21 42 58 17 84 98 74 68 51 90 6 
737-3-11 1?2.811 = 3 86 85 91 57 69 31 32 39 38 36 22 75 42 58 50 35 88 93 77 11 
737-3-12 1?2.696 = 3 86 85 91 71 57 69 31 32 39 66 60 56 94 20 79 87 53 89 92 52 12 
737-3-8 1?2.662 = 3 33 26 61 99 18 29 21 42 58 17 84 98 74 68 51 70 44 55 78 8 
737-3-9 1?2.708 = 3 33 26 61 99 18 29 21 42 58 50 35 88 43 49 73 82 97 83 9 
737-3-7 1?2.372 = 3 86 85 91 71 57 18 29 21 42 58 17 84 98 74 68 51 48 7 
737-3-10 1?2.796 = 3 86 85 91 57 69 31 38 36 22 75 21 42 58 50 35 88 43 49 24 10 
737-3-14 1?2.614 = 3 86 85 91 57 71 45 69 31 32 39 66 60 56 59 46 16 20 37 14 
737-3-15 1?2.435 = 3 86 85 91 71 57 18 29 75 22 36 38 39 32 66 60 56 59 46 16 15 
737-5-6 1?2.082 = 5 47 72 23 27 81 26 61 62 84 98 74 68 51 90 6 
737-4-6 1?2.095 = 4 65 67 33 26 61 62 84 98 74 68 51 70 48 90 6 
737-4-13 1?2.68 = 4 67 65 95 27 81 26 33 61 99 18 29 75 22 36 94 20 79 80 13 
737-4-7 1?2.068 = 4 65 67 33 26 61 99 62 84 98 74 68 51 70 48 7 
737-4-12 1?2.576 = 4 65 67 33 26 61 99 29 21 42 58 50 35 88 30 53 89 92 52 12 
737-4-11 1?2.629 = 4 65 67 33 26 61 99 18 29 21 42 58 50 35 88 43 49 24 40 11 
737-4-8 1?2.382 = 4 65 67 33 26 61 62 84 98 74 68 51 70 64 76 25 55 44 78 8 
737-4-9 1?2.518 = 4 67 65 95 27 81 62 84 98 74 68 51 70 64 44 55 25 83 97 9 
737-4-10 1?2.593 = 4 65 67 33 26 61 99 18 29 21 42 58 50 35 88 43 49 73 82 10 
737-4-15 1?2.297 = 4 65 67 33 26 61 99 29 75 22 36 38 32 39 60 56 59 46 16 15 
737-4-14 1?2.677 = 4 65 67 33 26 61 99 18 29 75 22 36 38 32 39 60 56 94 20 14 
737-5-8 1?2.044 = 5 47 72 95 27 23 84 98 74 68 51 70 64 44 78 8 
737-6-8 1?2.148 = 6 90 51 68 74 98 84 17 58 50 19 76 25 55 44 78 8 
737-6-7 1?2.292 = 6 90 96 51 68 74 98 84 21 42 58 17 64 70 48 7 
737-5-13 1?2.677 = 5 47 72 96 90 51 68 74 98 84 21 42 58 50 35 34 87 28 80 13 
737-5-7 1?2.076 = 5 47 72 27 95 65 67 81 62 84 74 68 51 48 7 
737-5-11 1?2.523 = 5 47 72 96 90 51 68 74 98 84 21 42 58 50 35 88 43 93 77 11 
737-5-12 1?2.57 = 5 47 72 96 90 51 68 74 98 84 17 58 50 35 88 30 53 89 92 52 12 
737-5-9 1?2.409 = 5 47 72 95 27 81 62 84 98 74 68 51 70 64 44 55 25 83 9 
737-5-10 1?2.452 = 5 47 72 96 90 51 68 74 98 84 17 58 50 35 88 43 49 24 40 10 
737-5-15 1?2.373 = 5 47 72 95 27 81 26 33 61 99 18 38 32 39 60 56 59 46 16 15 
737-5-14 1?2.585 = 5 47 72 96 90 51 68 74 98 84 21 42 75 22 36 94 20 37 14 
737-7-8 1?2.113 = 7 48 51 68 74 98 84 17 58 50 19 76 55 44 78 8 
737-7-9 1?2.205 = 7 48 51 68 74 98 84 17 58 50 19 76 25 83 97 9 
737-6-9 1?2.196 = 6 90 51 68 74 98 84 17 58 50 19 76 25 83 97 9 
737-6-13 1?2.711 = 6 90 51 68 74 98 84 17 58 42 21 75 22 36 94 20 79 80 13 
737-7-10 1?2.298 = 7 48 51 68 74 98 84 21 42 58 50 35 88 43 49 24 10 
737-7-11 1?2.485 = 7 48 51 68 74 98 84 21 42 58 50 35 88 43 49 24 40 11 
737-6-11 1?2.486 = 6 90 96 51 68 74 98 84 21 42 58 50 35 88 43 93 77 63 11 
737-6-12 1?2.59 = 6 90 96 51 68 74 98 84 21 42 58 50 35 88 30 53 89 92 52 12 
737-6-10 1?2.367 = 6 90 51 68 74 98 84 21 42 58 50 35 88 43 49 24 40 10 
737-6-14 1?2.638 = 6 90 51 68 74 98 84 17 58 42 21 75 22 36 94 20 79 37 14 
737-6-15 1?2.47 = 6 90 51 68 74 98 84 21 42 75 22 36 38 32 39 60 56 16 46 15 
737-8-10 1?1.982 = 8 78 44 55 25 83 97 82 73 49 43 88 93 77 40 10 
737-8-9 1?2.068 = 8 78 44 55 25 76 19 54 88 43 49 73 82 97 83 9 
737-7-13 1?2.685 = 7 48 51 68 74 98 84 21 42 58 50 35 88 30 53 89 52 92 13 
737-8-11 1?2.354 = 8 78 44 55 25 83 97 73 49 43 88 30 53 89 92 52 41 63 11 
737-8-12 1?2.275 = 8 78 44 55 25 76 19 54 97 73 49 43 88 30 53 89 92 52 12 
737-8-13 1?2.513 = 8 78 44 55 25 76 19 54 97 82 73 49 43 88 30 53 89 28 80 13 
737-7-12 1?2.494 = 7 48 51 68 74 98 84 21 42 58 50 35 88 30 53 89 92 52 12 
737-8-15 1?2.496 = 8 78 44 55 76 19 50 58 42 75 22 36 38 32 39 60 56 16 15 
737-7-14 1?2.647 = 7 48 51 68 74 98 84 17 58 42 21 75 22 36 94 20 79 37 14 
737-8-14 1?2.58 = 8 78 44 55 25 76 19 54 97 73 49 43 88 30 53 89 28 80 37 14 
737-7-15 1?2.479 = 7 48 51 68 74 98 84 21 42 75 22 36 38 32 39 60 56 16 46 15 
737-10-13 1?2.257 = 10 40 24 82 73 49 43 88 30 53 89 52 92 28 80 13 
737-9-11 1?2.123 = 9 83 97 82 73 49 43 88 30 53 89 92 52 41 63 11 
737-9-12 1?2.126 = 9 97 83 25 76 19 54 73 49 43 88 30 53 89 52 12 
737-10-11 1?2.137 = 10 40 24 82 73 49 43 88 30 53 89 92 52 41 63 11 
737-9-10 1?2.172 = 9 82 73 97 83 25 55 44 76 19 54 43 49 24 40 10 
737-10-12 1?2.205 = 10 82 97 83 25 76 19 54 49 43 88 30 53 89 52 12 
737-9-13 1?2.742 = 9 82 97 83 25 55 44 76 19 54 73 49 43 88 30 53 89 28 80 13 
737-9-15 1?2.534 = 9 83 25 76 19 50 58 42 75 22 36 38 39 60 59 46 16 15 
737-10-15 1?2.493 = 10 24 49 43 88 34 22 75 36 38 39 32 66 60 56 16 46 15 
737-10-14 1?2.705 = 10 40 24 49 43 88 35 50 58 42 21 75 22 36 94 20 37 14 
737-9-14 1?2.846 = 9 83 25 55 44 76 19 54 97 82 73 49 43 88 30 53 89 28 80 37 14 
737-12-13 1?2.476 = 12 52 92 89 53 41 63 77 93 49 43 88 30 87 28 80 13 
737-11-13 1?2.378 = 11 40 24 49 43 93 77 63 41 52 92 89 53 87 28 80 13 
737-11-12 1?2.135 = 11 63 93 77 40 24 82 73 49 43 88 30 53 89 52 12 
737-13-15 1?2.23 = 13 80 28 87 79 20 94 39 32 66 60 56 59 46 16 15 
737-13-14 1?2.471 = 13 92 52 41 63 77 93 49 43 88 30 53 89 28 80 37 14 
737-12-14 1?2.357 = 12 92 52 41 63 77 93 49 43 88 30 53 89 28 80 37 14 
737-14-15 1?2.161 = 14 37 20 94 22 75 36 38 39 32 66 59 46 16 15 
737-12-15 1?2.145 = 12 52 89 53 87 79 20 56 60 39 32 66 59 46 16 15 
737-11-15 1?2.499 = 11 63 77 93 43 88 34 22 75 36 38 32 39 60 56 16 46 15 
737-11-14 1?2.7 = 11 63 93 77 40 24 82 97 73 49 43 88 30 53 89 28 80 37 14 
stop
