start
3-0-1 1?2.378 = 0 15 68 29 54 23 21 44 65 20 78 71 66 93 89 1 
3-0-2 1?2.197 = 0 71 78 20 65 87 35 16 81 45 53 58 69 70 46 2 
3-0-3 1?2.262 = 0 66 71 78 20 65 87 35 16 81 45 53 58 70 69 3 
3-0-4 1?2.447 = 0 66 71 78 20 65 87 35 16 73 27 67 33 81 45 53 39 94 4 
3-0-5 1?2.427 = 0 71 78 20 65 87 35 16 73 27 67 92 86 26 60 96 38 49 5 
3-0-6 1?2.372 = 0 66 71 78 20 65 87 35 16 73 27 67 92 86 26 60 96 49 38 6 
3-0-7 1?2.58 = 0 66 71 78 20 65 87 50 75 24 73 27 67 92 86 26 55 90 97 7 
3-0-8 1?2.593 = 0 66 71 78 20 65 87 35 75 50 95 77 22 85 61 63 99 28 88 48 8 
3-0-9 1?2.456 = 0 66 71 78 20 65 87 75 50 32 83 82 52 77 22 85 61 74 84 64 9 
3-0-10 1?2.439 = 0 66 71 78 20 65 87 35 75 50 95 32 83 82 52 41 79 98 72 30 10 
3-0-11 1?2.124 = 0 66 71 78 20 65 87 35 75 50 32 95 52 41 79 72 98 47 18 11 
3-0-12 1?2.076 = 0 66 71 78 20 65 44 21 76 82 52 41 79 72 98 47 18 12 
3-0-13 1?1.639 = 0 66 71 78 20 65 44 21 76 17 80 25 34 19 13 
3-0-14 1?1.804 = 0 66 71 78 20 65 44 21 76 36 34 25 80 40 14 
3-0-15 1?1.765 = 0 66 71 78 20 65 87 44 21 76 17 23 54 68 15 
3-1-2 1?2.383 = 1 93 78 20 65 87 35 16 81 45 53 58 69 70 46 2 
3-1-3 1?2.45 = 1 89 43 42 37 16 73 27 67 92 33 81 45 53 58 70 69 3 
3-1-4 1?2.432 = 1 66 71 78 20 65 87 35 16 33 81 45 53 39 94 4 
3-1-5 1?2.493 = 1 89 46 70 69 58 53 45 81 33 92 86 26 60 55 51 38 49 5 
3-1-6 1?2.495 = 1 93 78 20 65 87 35 16 73 27 67 92 86 26 60 96 49 38 6 
3-1-7 1?2.691 = 1 89 46 70 69 58 53 45 81 33 92 86 26 60 96 49 38 55 90 97 7 
3-1-8 1?2.752 = 1 93 78 20 65 87 35 75 50 32 95 77 22 85 61 74 63 28 88 48 8 
3-1-9 1?2.516 = 1 66 71 78 20 65 87 35 75 50 32 95 77 22 85 61 74 84 64 9 
3-1-10 1?2.499 = 1 93 78 20 65 87 75 50 95 32 83 82 52 41 79 98 72 30 10 
3-1-11 1?2.255 = 1 93 78 20 65 87 35 75 50 32 95 52 41 79 98 72 47 18 11 
3-1-12 1?2.268 = 1 93 78 20 65 44 21 76 83 82 52 41 79 72 98 47 18 12 
3-1-13 1?2.204 = 1 66 71 78 20 65 87 35 75 50 95 32 83 82 36 34 19 13 
3-1-14 1?2.176 = 1 66 71 78 20 65 44 21 76 36 34 19 25 80 17 40 14 
3-1-15 1?1.944 = 1 93 78 20 65 87 44 21 76 17 23 54 29 68 15 
3-2-3 1?2.473 = 2 46 70 69 58 37 16 73 27 67 92 33 81 45 53 39 94 3 
3-2-4 1?2.354 = 2 46 70 69 58 53 45 81 33 92 86 26 60 96 38 49 5 4 
3-2-5 1?2.197 = 2 46 70 69 58 53 45 81 33 92 86 26 90 55 51 38 49 5 
3-2-6 1?2.218 = 2 46 70 69 58 53 45 81 33 92 86 26 60 55 90 51 38 49 6 
3-2-7 1?2.45 = 2 46 70 69 58 53 45 81 33 92 86 26 60 96 49 38 51 55 90 97 7 
3-2-8 1?2.737 = 2 46 70 69 58 53 45 81 33 92 86 26 60 96 49 38 51 55 90 97 57 8 
3-2-9 1?2.598 = 2 46 70 69 58 53 45 81 33 92 67 27 73 24 91 77 22 85 61 74 84 64 9 
3-2-10 1?2.589 = 2 46 70 69 58 53 45 81 33 92 67 27 73 24 91 77 22 85 61 31 30 10 
3-2-11 1?2.45 = 2 46 70 69 58 53 45 81 33 67 27 73 24 95 52 41 79 98 72 11 
3-2-12 1?2.47 = 2 46 70 69 58 53 45 81 33 92 67 27 73 24 95 32 83 82 59 12 
3-2-13 1?2.429 = 2 46 70 69 58 53 45 81 33 73 24 75 50 83 82 36 34 19 13 
3-2-14 1?2.433 = 2 46 70 69 58 53 45 81 16 35 87 65 20 78 44 21 23 40 14 
3-2-15 1?2.307 = 2 89 93 66 71 78 20 65 87 44 21 23 40 54 29 68 15 
3-3-4 1?2.509 = 3 46 70 69 58 53 45 81 33 92 86 26 60 96 38 49 5 4 
3-3-5 1?2.12 = 3 46 70 69 58 53 45 81 33 92 86 26 60 96 38 49 5 
3-3-6 1?2.168 = 3 69 70 58 53 45 81 33 92 86 26 60 96 49 38 55 51 6 
3-3-7 1?2.231 = 3 69 70 58 53 45 81 33 92 86 26 60 96 49 38 51 97 7 
3-3-8 1?2.49 = 3 69 70 58 53 45 81 33 92 86 26 60 55 90 62 28 88 99 48 8 
3-3-9 1?2.569 = 3 69 70 58 53 45 81 33 92 67 27 73 24 91 77 22 85 61 74 84 9 
3-3-10 1?2.591 = 3 69 70 58 53 45 81 33 92 67 27 73 24 91 77 22 85 61 31 30 10 
3-3-11 1?2.525 = 3 39 53 45 81 33 92 67 27 73 24 95 32 52 41 79 98 72 47 18 11 
3-3-12 1?2.567 = 3 39 53 45 81 33 92 67 27 73 24 95 32 52 41 79 98 72 47 18 12 
3-3-13 1?2.433 = 3 39 53 45 81 33 92 67 27 73 24 75 50 32 83 82 36 34 19 13 
3-3-14 1?2.558 = 3 39 53 45 81 33 92 67 27 73 24 75 50 32 83 76 17 23 40 14 
3-3-15 1?2.46 = 3 39 53 45 81 33 92 67 27 73 16 35 87 65 20 78 29 68 15 
3-4-5 1?2.134 = 4 94 39 53 45 81 33 92 86 26 60 96 55 51 38 49 5 
3-4-6 1?2.036 = 4 94 39 53 45 81 33 92 86 26 60 96 49 38 55 51 6 
3-4-7 1?2.099 = 4 94 39 53 45 81 33 92 86 26 60 96 49 38 51 97 7 
3-4-8 1?2.486 = 4 94 39 53 45 81 33 92 86 26 60 96 55 90 62 28 88 99 48 8 
3-4-9 1?2.553 = 4 94 39 53 45 81 33 92 67 27 73 24 91 77 22 85 31 74 84 64 9 
3-4-10 1?2.586 = 4 94 39 53 45 81 33 67 27 73 24 75 50 95 77 22 85 31 30 10 
3-4-11 1?2.493 = 4 94 39 53 45 81 33 92 67 27 73 24 75 50 95 52 41 79 98 72 11 
3-4-12 1?2.487 = 4 94 39 53 45 81 33 92 67 27 73 24 95 52 41 79 98 72 47 18 12 
3-4-13 1?2.432 = 4 94 39 53 45 81 33 92 67 27 73 24 75 50 32 83 82 36 34 19 13 
3-4-14 1?2.547 = 4 94 39 53 45 81 33 92 67 73 24 75 50 95 32 83 76 17 40 14 
3-4-15 1?2.459 = 4 94 39 53 45 81 33 92 67 27 73 16 35 87 65 20 78 29 68 15 
3-5-6 1?2.196 = 5 49 38 96 60 26 86 92 67 27 56 62 90 55 51 6 
3-5-7 1?2.216 = 5 49 38 96 60 26 86 92 67 73 27 56 62 90 97 7 
3-5-8 1?2.516 = 5 49 38 55 60 26 86 45 81 33 92 67 73 27 56 28 88 48 8 
3-5-9 1?2.469 = 5 49 38 96 60 26 86 92 67 27 73 24 91 77 22 85 61 74 84 64 9 
3-5-10 1?2.457 = 5 49 38 96 60 26 86 92 33 67 27 73 24 91 77 22 85 31 30 10 
3-5-11 1?2.376 = 5 96 60 26 86 92 67 27 73 24 75 50 95 52 41 79 98 47 18 11 
3-5-12 1?2.461 = 5 96 60 26 86 92 67 27 73 24 75 50 95 52 41 79 72 98 47 18 12 
3-5-13 1?2.5 = 5 49 38 96 60 26 86 92 67 73 24 75 50 95 32 83 82 36 34 19 13 
3-5-14 1?2.481 = 5 49 38 96 60 26 86 92 67 27 73 24 75 50 32 83 76 17 40 14 
3-5-15 1?2.386 = 5 96 60 26 86 92 67 27 73 16 35 87 65 20 78 29 54 68 15 
3-6-7 1?2.034 = 6 38 49 96 60 55 51 90 62 28 88 99 48 57 97 7 
3-6-8 1?1.989 = 6 38 49 96 60 26 86 92 67 73 27 56 28 88 48 8 
3-6-9 1?2.054 = 6 38 49 96 60 26 90 62 28 88 48 99 63 84 64 9 
3-6-10 1?2.093 = 6 38 49 96 60 26 86 92 67 27 91 77 22 31 30 10 
3-6-11 1?2.245 = 6 38 49 96 60 26 86 92 67 27 73 24 95 52 41 79 98 72 11 
3-6-12 1?2.362 = 6 38 49 96 60 26 86 92 67 27 73 24 95 52 41 79 72 98 47 18 12 
3-6-13 1?2.394 = 6 38 49 96 60 26 86 92 67 27 73 24 75 50 95 32 83 82 36 34 19 13 
3-6-14 1?2.519 = 6 38 49 96 60 26 86 92 67 27 73 24 75 50 95 32 83 76 17 23 40 14 
3-6-15 1?2.418 = 6 38 49 96 60 26 86 92 67 27 73 16 35 87 65 20 78 29 54 68 15 
3-7-8 1?2.04 = 7 97 90 55 51 38 49 96 60 26 62 28 88 99 48 8 
3-7-9 1?2.129 = 7 97 51 38 49 96 60 55 90 62 28 88 48 99 64 9 
3-7-10 1?2.114 = 7 97 57 48 88 28 99 63 74 61 85 77 22 31 30 10 
3-7-11 1?2.228 = 7 57 48 88 28 99 63 61 85 77 22 52 41 79 98 72 47 18 11 
3-7-12 1?2.408 = 7 57 48 88 28 99 63 74 61 31 85 77 22 52 41 79 72 98 47 12 
3-7-13 1?2.472 = 7 97 90 55 60 26 86 92 67 27 73 24 75 50 32 83 82 36 34 19 13 
3-7-14 1?2.599 = 7 97 90 55 60 26 86 92 67 27 73 24 75 50 95 32 83 76 17 40 14 
3-7-15 1?2.575 = 7 97 90 55 60 26 86 92 67 27 73 16 35 87 65 20 78 29 54 68 15 
3-8-9 1?2.206 = 8 48 88 28 56 27 73 24 91 77 22 85 61 74 84 64 9 
3-8-10 1?2.068 = 8 48 88 28 63 61 85 77 22 52 41 79 98 72 30 10 
3-8-11 1?1.946 = 8 48 88 28 63 74 61 85 77 22 52 41 79 72 98 47 18 11 
3-8-12 1?2.194 = 8 48 88 28 99 63 74 61 31 85 77 22 52 41 79 72 98 47 18 12 
3-8-13 1?2.393 = 8 48 88 28 63 74 61 85 77 22 52 41 79 98 72 47 59 36 34 19 13 
3-8-14 1?2.429 = 8 48 88 28 99 63 74 61 85 31 72 98 79 59 36 34 19 25 80 40 14 
3-8-15 1?2.51 = 8 48 88 99 63 61 85 22 77 95 50 75 87 65 20 78 29 54 68 15 
3-9-10 1?2.07 = 9 64 84 74 31 85 22 77 52 41 59 79 98 72 30 10 
3-9-11 1?1.766 = 9 64 84 74 61 31 85 77 22 52 41 79 72 98 47 18 11 
3-9-12 1?1.878 = 9 64 63 74 31 85 77 22 52 41 79 98 72 47 18 12 
3-9-13 1?2.243 = 9 64 84 74 31 85 22 77 95 32 83 82 52 41 79 59 36 34 19 13 
3-9-14 1?2.332 = 9 64 84 74 61 85 22 77 95 32 83 82 36 34 19 25 80 17 23 40 14 
3-9-15 1?2.362 = 9 64 84 74 61 85 22 77 95 32 50 75 35 87 65 20 78 29 54 68 15 
3-10-11 1?1.771 = 10 30 31 85 22 77 95 32 52 41 79 72 98 47 18 11 
3-10-12 1?1.821 = 10 30 31 85 22 77 95 32 52 41 79 98 72 47 18 12 
3-10-13 1?1.766 = 10 30 31 85 77 22 41 79 72 98 59 36 34 19 13 
3-10-14 1?2.179 = 10 30 31 85 77 22 52 41 79 72 98 59 36 34 19 25 80 40 14 
3-10-15 1?2.364 = 10 30 31 85 22 77 52 41 79 59 36 34 19 25 80 17 23 54 68 15 
3-11-12 1?1.781 = 11 18 47 98 72 79 41 52 95 32 83 82 36 34 19 12 
3-11-13 1?1.575 = 11 18 47 98 72 79 41 52 95 32 83 82 36 34 19 13 
3-11-14 1?1.86 = 11 18 47 98 72 79 41 52 82 36 34 19 25 80 17 23 40 14 
3-11-15 1?2.019 = 11 18 47 72 98 79 41 52 82 36 34 19 25 80 40 54 29 68 15 
3-12-13 1?1.617 = 12 18 47 98 72 79 41 52 95 32 83 82 36 34 19 13 
3-12-14 1?1.677 = 12 18 47 98 72 79 59 36 34 19 25 80 17 23 40 14 
3-12-15 1?1.961 = 12 18 47 98 72 79 59 36 34 19 25 80 17 40 54 29 68 15 
3-13-14 1?1.701 = 13 19 34 25 80 17 23 21 44 20 65 78 29 54 14 
3-13-15 1?1.565 = 13 19 34 25 80 17 21 44 65 20 78 29 54 68 15 
3-14-15 1?1.701 = 14 40 80 25 17 76 21 44 20 65 78 29 54 68 15 
stop
