start
905-0-1 1?1.961 = 0 95 62 90 92 98 61 97 88 87 85 41 78 99 30 1 
905-0-2 1?1.921 = 0 95 62 92 98 61 97 88 87 41 54 34 19 75 53 38 2 
905-0-8 1?2.552 = 0 95 61 97 88 87 85 26 45 52 46 29 25 39 50 22 33 56 83 72 31 8 
905-0-5 1?2.463 = 0 95 61 97 88 87 85 26 45 52 46 29 25 39 50 22 93 77 37 44 5 
905-0-6 1?2.513 = 0 95 61 97 88 87 85 26 45 52 46 29 25 39 50 22 33 79 56 83 59 6 
905-0-7 1?2.371 = 0 95 61 97 88 87 85 26 45 52 46 29 25 39 50 79 33 56 83 72 31 7 
905-0-9 1?2.589 = 0 95 61 97 88 87 85 26 45 52 46 29 25 39 48 23 71 60 18 28 24 9 
905-0-3 1?1.839 = 0 95 61 96 97 88 87 41 54 34 43 19 75 53 38 73 3 
905-0-11 1?2.411 = 0 95 61 97 88 87 85 26 45 52 86 23 60 18 65 27 36 20 11 
905-0-4 1?2.274 = 0 95 62 92 98 61 97 88 87 41 54 34 43 19 75 53 38 16 17 4 
905-0-10 1?2.389 = 0 95 61 97 88 87 85 26 45 52 86 71 23 60 18 21 65 27 70 10 
905-0-14 1?2.012 = 0 95 61 96 97 88 87 41 54 85 92 98 62 90 58 55 14 
905-0-15 1?2.103 = 0 95 61 97 88 87 41 54 46 52 45 26 92 62 74 15 
905-1-2 1?1.875 = 1 30 96 61 97 88 87 85 54 41 34 43 19 75 53 38 2 
905-1-3 1?1.761 = 1 30 96 97 88 87 41 54 34 49 43 19 75 53 38 73 3 
905-0-12 1?2.385 = 0 95 61 97 88 87 85 26 45 52 86 23 71 64 32 81 82 12 
905-0-13 1?2.354 = 0 95 61 96 97 88 87 85 26 45 46 29 52 67 40 35 42 13 
905-1-8 1?2.428 = 1 30 96 97 88 87 85 26 45 46 29 25 39 50 22 33 79 56 83 72 31 8 
905-1-5 1?2.298 = 1 30 96 97 61 98 92 26 45 52 46 29 25 39 84 77 37 44 5 
905-1-6 1?2.32 = 1 30 96 97 88 87 85 26 45 52 46 29 25 39 50 22 93 91 89 6 
905-1-4 1?1.918 = 1 30 96 61 97 88 87 85 54 34 19 75 53 38 16 17 4 
905-1-7 1?2.243 = 1 30 96 97 88 87 85 26 45 52 46 29 25 39 50 79 33 56 83 72 7 
905-1-15 1?1.999 = 1 30 99 96 97 88 87 41 54 85 26 92 62 90 74 15 
905-2-5 1?2.012 = 2 78 99 96 97 88 87 85 54 34 19 43 66 37 44 5 
905-2-3 1?1.834 = 2 78 99 96 61 97 88 87 41 54 34 19 75 53 38 73 3 
905-2-6 1?2.334 = 2 78 99 96 97 88 87 85 54 41 34 19 43 49 84 77 91 89 6 
905-2-4 1?1.971 = 2 78 99 96 97 88 87 85 54 41 34 43 19 16 17 4 
905-1-14 1?2.229 = 1 30 99 78 41 54 85 87 88 97 96 61 98 92 62 90 58 55 14 
905-1-13 1?2.368 = 1 30 96 97 61 98 92 85 26 45 46 29 52 67 40 35 42 13 
905-1-12 1?2.429 = 1 30 96 97 88 87 41 54 85 26 45 46 29 52 67 40 51 81 82 12 
905-1-11 1?2.366 = 1 30 96 97 88 87 85 26 45 52 86 71 23 60 18 65 27 36 20 11 
905-1-9 1?2.579 = 1 30 96 97 87 85 26 45 52 46 29 25 39 50 48 23 71 60 18 28 24 9 
905-1-10 1?2.361 = 1 30 96 97 88 87 85 26 45 46 29 52 86 71 23 60 18 65 27 70 10 
905-2-15 1?1.987 = 2 38 53 75 19 34 41 87 88 97 61 98 92 62 90 74 15 
905-3-5 1?2.19 = 3 38 53 75 19 34 54 46 29 25 39 84 77 37 44 5 
905-2-8 1?2.505 = 2 78 99 96 97 88 87 41 54 46 29 25 39 50 79 33 56 83 72 31 8 
905-3-4 1?2.216 = 3 38 53 41 87 88 97 98 92 85 54 34 43 16 17 4 
905-2-9 1?2.59 = 2 78 99 96 97 88 87 85 26 45 46 29 25 39 48 23 60 18 28 24 9 
905-2-12 1?2.547 = 2 78 99 96 97 88 87 85 26 45 46 29 52 67 40 35 51 81 82 12 
905-2-14 1?2.388 = 2 38 53 75 19 43 34 54 41 87 88 97 96 61 98 92 62 90 58 55 14 
905-2-13 1?2.559 = 2 78 99 96 97 88 87 41 54 85 26 45 46 29 52 67 40 35 42 13 
905-2-7 1?2.31 = 2 78 99 96 97 88 87 41 54 46 29 25 39 50 79 33 56 83 72 7 
905-2-10 1?2.463 = 2 78 99 96 97 88 87 85 26 45 52 86 64 71 23 60 18 65 27 70 10 
905-2-11 1?2.497 = 2 78 99 96 97 88 87 85 26 45 52 86 71 23 60 18 65 27 36 11 
905-4-5 1?2.244 = 4 17 16 38 53 75 19 43 49 84 77 93 89 91 44 5 
905-3-8 1?2.436 = 3 73 38 53 75 19 43 49 39 48 23 71 60 18 63 76 69 47 8 
905-3-6 1?2.303 = 3 73 38 53 75 19 43 49 84 93 22 33 79 56 83 59 89 6 
905-3-15 1?2.247 = 3 73 38 53 75 19 43 49 34 54 41 87 88 97 96 61 98 92 62 74 15 
905-3-9 1?2.421 = 3 73 38 53 75 19 43 49 25 29 46 52 86 71 23 60 18 28 24 9 
905-3-7 1?2.235 = 3 73 38 53 75 19 43 49 84 77 93 33 79 83 56 59 72 31 7 
905-3-11 1?2.456 = 3 38 53 75 19 43 49 39 50 48 23 71 60 18 65 27 36 20 11 
905-3-12 1?2.635 = 3 73 38 53 75 19 43 49 39 25 29 46 52 86 23 71 64 32 81 82 12 
905-3-13 1?2.509 = 3 73 38 53 75 19 43 34 54 41 87 88 97 61 98 92 62 90 58 80 13 
905-3-14 1?2.309 = 3 73 38 53 75 19 43 34 54 85 87 88 97 61 98 92 62 90 58 55 14 
905-3-10 1?2.512 = 3 73 38 75 19 43 49 39 25 29 46 52 86 71 23 60 18 65 27 70 10 
905-4-6 1?2.232 = 4 17 16 19 43 49 84 77 93 22 33 79 56 83 59 6 
905-5-6 1?2.199 = 5 44 37 66 16 38 53 75 19 43 49 84 93 91 89 6 
905-4-8 1?2.519 = 4 17 16 38 53 75 19 43 49 84 93 33 79 56 83 76 69 47 8 
905-4-7 1?2.102 = 4 17 16 38 53 75 19 43 49 84 22 33 79 56 83 72 7 
905-4-15 1?2.502 = 4 17 16 38 53 75 19 43 34 41 54 85 87 88 97 96 61 98 92 62 74 15 
905-4-9 1?2.499 = 4 17 16 43 49 39 25 29 46 52 86 64 71 23 60 18 28 24 9 
905-4-10 1?2.516 = 4 17 16 43 49 39 25 29 52 86 71 23 60 18 21 65 27 70 10 
905-4-11 1?2.564 = 4 17 16 43 49 39 25 29 46 52 86 71 23 60 18 65 27 36 11 
905-4-13 1?2.679 = 4 17 16 38 53 75 19 43 34 41 87 88 97 61 98 92 62 90 58 80 13 
905-4-14 1?2.555 = 4 17 16 38 53 75 19 43 34 54 85 87 88 97 61 98 92 62 90 58 55 14 
905-4-12 1?2.855 = 4 17 16 38 53 75 19 43 49 39 50 48 23 60 71 64 32 51 81 82 12 
905-6-8 1?2.121 = 6 59 83 56 33 79 57 23 71 60 18 63 76 69 47 8 
905-5-8 1?2.38 = 5 44 37 77 93 22 50 48 57 23 71 60 18 63 76 69 47 8 
905-6-7 1?2.405 = 6 89 91 77 66 16 19 43 49 84 93 33 56 83 72 7 
905-5-9 1?2.406 = 5 44 37 77 91 93 22 50 48 57 23 71 60 18 65 28 24 9 
905-5-7 1?2.125 = 5 44 37 66 84 77 91 93 22 33 79 56 83 59 72 31 7 
905-5-10 1?2.321 = 5 44 37 77 93 22 50 48 57 23 71 60 18 65 21 27 70 10 
905-5-15 1?2.557 = 5 44 37 77 84 39 25 29 46 52 45 26 85 87 88 97 98 92 62 74 15 
905-5-11 1?2.497 = 5 44 37 77 93 22 50 48 57 23 71 60 18 65 21 27 36 20 11 
905-5-13 1?2.761 = 5 44 37 66 43 19 34 41 54 85 87 88 97 61 98 92 62 90 58 80 13 
905-5-12 1?2.901 = 5 44 37 77 93 22 50 39 25 29 46 52 86 23 60 71 64 32 51 81 82 12 
905-5-14 1?2.692 = 5 44 37 77 84 49 43 19 34 41 54 85 87 88 97 98 92 62 90 58 55 14 
905-7-8 1?2.008 = 7 72 83 56 33 79 57 48 23 71 60 94 76 69 47 8 
905-7-9 1?1.981 = 7 31 72 83 56 33 79 57 48 23 60 18 65 28 24 9 
905-6-9 1?2.23 = 6 59 83 56 33 79 57 48 23 71 60 18 65 27 28 24 9 
905-7-10 1?1.928 = 7 31 72 83 56 33 79 57 48 23 71 60 18 65 27 70 10 
905-6-10 1?2.138 = 6 59 83 56 33 79 57 48 23 71 60 18 21 65 27 70 10 
905-7-11 1?2.104 = 7 31 72 83 56 33 79 57 48 23 71 60 18 65 27 36 20 11 
905-6-15 1?2.617 = 6 89 93 22 50 39 25 29 46 52 45 26 85 87 88 97 61 98 92 62 74 15 
905-6-11 1?2.406 = 6 59 83 56 33 79 50 48 23 71 60 18 65 21 27 36 20 11 
905-6-13 1?2.795 = 6 59 83 56 79 33 22 50 39 25 29 46 52 45 26 68 67 40 35 42 13 
905-6-12 1?2.769 = 6 59 83 56 33 79 94 63 18 65 21 60 23 71 64 32 51 81 82 12 
905-6-14 1?2.655 = 6 89 91 77 84 49 43 19 34 54 41 87 88 97 61 98 92 62 90 58 55 14 
905-8-9 1?1.814 = 8 47 69 76 63 18 60 23 71 64 21 65 28 24 9 
905-8-10 1?1.713 = 8 47 69 76 63 18 60 23 71 64 21 65 27 70 10 
905-8-11 1?1.83 = 8 47 69 76 63 18 60 23 71 64 21 65 27 36 11 
905-8-15 1?2.544 = 8 31 72 83 56 79 33 22 50 39 25 29 46 52 45 26 92 98 62 74 15 
905-8-12 1?2.263 = 8 47 69 76 24 28 27 65 18 60 23 71 64 32 51 81 82 12 
905-7-15 1?2.51 = 7 31 72 83 56 79 33 22 50 39 25 29 46 52 45 26 85 92 98 62 74 15 
905-7-12 1?2.413 = 7 31 72 83 56 79 33 22 50 48 57 60 23 71 64 32 51 81 82 12 
905-8-13 1?2.456 = 8 47 69 76 24 28 27 65 18 60 23 71 64 32 51 81 82 42 13 
905-7-13 1?2.585 = 7 31 72 83 56 33 79 50 39 25 29 46 52 45 26 68 40 35 42 13 
905-8-14 1?2.59 = 8 47 69 76 24 28 65 21 18 60 23 71 64 67 40 35 80 55 14 
905-7-14 1?2.538 = 7 31 72 83 56 33 79 50 39 25 29 46 52 45 26 92 62 90 58 55 14 
905-9-12 1?1.91 = 9 24 28 27 65 21 18 60 23 71 64 32 81 82 12 
905-10-12 1?1.773 = 10 70 27 65 21 18 60 23 71 64 32 51 81 82 12 
905-9-10 1?1.752 = 9 24 28 63 18 60 23 71 64 32 21 65 27 70 10 
905-10-13 1?1.893 = 10 70 27 65 21 18 60 23 71 64 32 81 82 42 13 
905-9-11 1?1.797 = 9 24 28 18 60 23 71 64 32 21 65 27 36 20 11 
905-10-11 1?1.839 = 10 70 24 28 18 60 23 71 64 21 65 27 36 20 11 
905-10-15 1?2.364 = 10 70 27 65 21 18 60 23 71 86 52 45 26 92 98 62 74 15 
905-9-15 1?2.564 = 9 24 28 18 60 71 23 48 39 25 29 46 52 45 26 92 98 62 74 15 
905-10-14 1?2.232 = 10 70 27 65 21 18 60 23 71 64 32 67 40 35 80 55 14 
905-9-13 1?2.574 = 9 24 28 65 21 18 60 23 71 64 32 67 40 35 51 81 82 42 13 
905-9-14 1?2.627 = 9 24 28 18 60 23 71 86 52 29 46 45 26 92 98 62 90 58 55 14 
905-11-12 1?1.876 = 11 20 36 21 65 18 60 23 71 64 32 51 81 82 12 
905-12-15 1?2.351 = 12 82 81 51 40 67 52 45 26 85 87 88 97 98 62 74 15 
905-13-15 1?2.314 = 13 42 35 40 67 52 45 26 85 87 88 97 92 62 74 15 
905-14-15 1?2.202 = 14 55 58 90 62 92 85 54 41 87 88 97 96 61 95 74 15 
905-12-13 1?2.273 = 12 20 36 21 65 18 60 23 71 64 32 81 82 42 13 
905-11-13 1?1.996 = 11 20 36 21 65 18 60 23 71 64 32 81 82 42 13 
905-12-14 1?2.336 = 12 82 81 51 32 64 71 60 23 86 67 40 35 80 55 14 
905-11-15 1?2.418 = 11 20 36 21 65 18 60 23 71 86 52 45 26 92 62 74 15 
905-13-14 1?2.382 = 13 42 35 68 26 85 87 88 97 61 98 92 62 90 58 55 14 
905-11-14 1?2.267 = 11 20 36 27 65 21 18 60 23 71 64 67 40 35 80 55 14 
stop
