start
634-0-4 1?2.52 = 0 45 73 55 54 36 57 18 92 44 23 81 96 68 20 80 46 38 4 
634-0-1 1?2.312 = 0 86 69 32 17 16 58 34 30 21 87 27 24 62 73 1 
634-0-6 1?2.426 = 0 69 17 32 67 27 87 91 88 70 49 41 26 53 63 43 60 6 
634-0-5 1?2.534 = 0 69 17 67 27 87 91 85 82 88 70 64 50 19 22 20 80 46 5 
634-0-7 1?2.525 = 0 69 32 24 27 87 91 88 70 49 41 25 31 51 28 77 43 99 78 7 
634-0-8 1?2.452 = 0 69 32 24 27 87 91 85 82 88 70 49 41 25 31 51 59 83 74 8 
634-0-3 1?2.48 = 0 69 32 24 27 87 91 88 70 64 50 19 22 20 68 96 3 
634-0-10 1?2.616 = 0 69 86 17 32 24 27 87 91 85 82 88 70 64 49 89 75 42 90 10 
634-0-2 1?2.363 = 0 69 17 32 67 27 87 91 88 70 64 97 72 54 57 18 2 
634-0-11 1?2.314 = 0 69 17 32 67 27 87 91 85 82 35 52 37 61 65 84 47 48 71 11 
634-0-9 1?2.542 = 0 69 32 24 27 87 91 85 82 88 70 49 41 25 31 51 59 83 39 66 9 
634-1-2 1?2.185 = 1 45 73 56 57 18 92 36 54 55 72 23 44 81 96 3 2 
634-1-3 1?1.795 = 1 45 73 56 57 18 92 36 54 55 72 23 44 81 96 3 
634-0-15 1?2.019 = 0 69 86 17 32 67 27 87 91 85 82 21 30 34 58 15 
634-0-14 1?1.993 = 0 69 86 17 32 24 67 27 87 91 82 85 21 30 34 14 
634-0-13 1?1.927 = 0 69 17 32 24 27 87 91 85 82 35 52 37 61 65 84 47 13 
634-0-12 1?1.973 = 0 69 17 67 27 87 91 85 82 35 52 37 61 65 84 47 48 71 12 
634-1-5 1?2.273 = 1 45 73 55 54 36 57 18 92 44 23 81 96 68 20 80 46 38 5 
634-1-8 1?2.444 = 1 56 57 18 92 36 23 22 19 50 26 41 25 31 51 59 83 74 8 
634-1-6 1?2.619 = 1 56 57 18 92 36 54 55 72 97 19 50 26 53 63 43 60 98 6 
634-1-7 1?2.523 = 1 56 57 18 92 36 54 55 72 22 19 50 26 53 63 43 99 78 7 
634-1-4 1?2.344 = 1 45 73 55 54 36 57 18 92 44 23 81 96 68 20 80 46 38 4 
634-1-15 1?1.959 = 1 56 57 18 92 36 54 55 72 24 32 17 16 58 15 
634-2-5 1?1.891 = 2 18 92 57 36 23 44 81 96 68 20 93 80 46 38 5 
634-2-4 1?1.948 = 2 56 57 18 92 36 23 44 81 96 68 20 80 46 38 4 
634-1-12 1?2.118 = 1 45 73 62 24 27 87 91 85 82 35 52 37 61 65 84 47 48 71 12 
634-2-3 1?2.184 = 2 1 45 73 56 57 18 92 36 54 55 72 23 44 81 96 3 
634-1-11 1?2.4 = 1 45 73 62 24 27 87 91 85 82 35 52 37 61 65 84 47 48 71 11 
634-1-10 1?2.671 = 1 56 57 18 92 36 54 55 72 22 19 50 64 70 88 49 89 75 10 
634-1-13 1?2.106 = 1 45 73 62 32 17 67 27 87 91 85 82 35 52 37 61 65 84 47 13 
634-1-14 1?1.938 = 1 56 57 18 92 36 54 55 72 24 32 17 16 58 14 
634-2-6 1?2.309 = 2 18 92 57 36 54 55 72 97 19 50 26 53 77 43 60 6 
634-1-9 1?2.632 = 1 45 73 62 24 27 87 91 85 82 88 70 49 41 25 31 51 59 83 39 66 9 
634-2-15 1?1.858 = 2 18 92 57 36 54 55 72 24 27 87 67 32 17 69 86 15 
634-3-5 1?2.123 = 3 44 36 92 18 57 55 54 23 81 68 20 80 46 38 5 
634-3-4 1?2.179 = 3 96 44 92 18 57 36 23 81 68 20 93 80 46 38 4 
634-2-10 1?2.467 = 2 18 92 57 36 54 55 72 97 19 50 64 70 88 49 89 75 42 90 10 
634-2-11 1?2.45 = 2 18 92 57 36 54 55 72 24 27 87 85 82 35 37 52 84 65 71 11 
634-2-9 1?2.323 = 2 18 92 57 36 44 23 22 19 50 26 41 25 31 51 59 83 39 66 9 
634-2-13 1?2.109 = 2 18 92 57 36 54 55 72 24 27 87 85 82 35 37 52 84 47 13 
634-2-7 1?2.242 = 2 18 92 57 36 54 55 72 97 19 50 26 53 63 43 99 78 7 
634-2-8 1?2.233 = 2 18 92 57 36 44 23 22 19 50 26 41 25 31 51 59 83 74 8 
634-2-14 1?2.132 = 2 18 92 57 36 54 55 72 24 27 87 91 85 82 21 30 34 14 
634-2-12 1?2.241 = 2 18 92 57 36 54 55 72 24 27 87 85 82 35 61 37 52 84 65 71 12 
634-4-5 1?2.282 = 4 68 81 44 36 92 18 57 55 54 23 20 80 46 38 5 
634-3-6 1?2.272 = 3 44 92 18 57 36 23 81 96 68 20 80 38 46 98 6 
634-3-11 1?2.668 = 3 44 23 36 92 18 57 54 55 72 97 64 70 88 76 79 95 29 11 
634-3-15 1?2.253 = 3 96 81 44 92 18 57 36 54 55 72 24 27 87 67 17 32 69 86 15 
634-3-10 1?2.636 = 3 44 92 18 57 36 23 22 19 50 64 70 88 49 89 75 42 90 10 
634-3-8 1?2.463 = 3 44 92 18 57 36 23 22 19 50 26 41 25 31 51 59 83 74 8 
634-3-7 1?2.468 = 3 96 68 20 22 19 50 26 41 25 31 51 28 53 63 43 99 78 7 
634-3-13 1?2.387 = 3 44 92 57 36 54 55 72 24 27 87 85 82 35 37 52 84 47 13 
634-3-12 1?2.466 = 3 44 92 18 57 36 54 55 72 24 27 87 85 82 35 37 52 84 65 71 12 
634-3-9 1?2.629 = 3 44 92 18 57 36 54 55 72 97 19 50 26 25 31 51 59 83 39 66 9 
634-3-14 1?2.307 = 3 96 81 44 92 18 57 36 54 55 72 24 67 27 87 21 30 34 14 
634-5-6 1?2.103 = 5 38 46 80 93 53 28 25 31 51 77 63 43 60 98 6 
634-4-15 1?2.459 = 4 68 81 44 92 18 57 36 54 55 72 24 27 87 67 17 32 69 86 15 
634-4-6 1?2.174 = 4 38 46 80 93 53 28 25 31 51 77 63 43 60 98 6 
634-4-7 1?2.076 = 4 38 46 80 93 53 28 25 31 51 77 63 43 99 78 7 
634-4-11 1?2.636 = 4 38 46 80 93 53 28 25 31 51 59 83 39 33 42 75 95 29 11 
634-4-12 1?2.449 = 4 20 22 19 50 64 70 88 79 76 61 37 52 84 65 47 48 71 12 
634-4-8 1?2.375 = 4 38 46 80 93 60 43 63 77 53 28 31 51 59 83 39 74 8 
634-4-10 1?2.524 = 4 38 80 46 98 60 43 63 53 28 31 51 59 83 39 33 90 42 75 10 
634-4-13 1?2.453 = 4 20 22 19 50 64 70 88 91 85 82 35 61 37 52 84 65 48 47 13 
634-4-9 1?2.598 = 4 38 46 80 20 22 19 50 64 70 88 49 41 25 31 51 59 83 39 66 9 
634-4-14 1?2.5 = 4 68 81 23 44 92 18 57 36 54 55 72 24 27 87 21 30 34 14 
634-5-8 1?1.96 = 5 38 80 46 98 60 43 63 53 28 31 51 59 83 74 8 
634-6-7 1?2.01 = 6 60 99 78 43 63 77 53 28 25 31 51 59 83 40 7 
634-5-7 1?2.005 = 5 38 46 80 93 53 28 25 31 51 77 63 43 99 78 7 
634-6-8 1?1.824 = 6 98 60 43 63 77 53 28 51 31 25 59 83 39 74 8 
634-5-11 1?2.565 = 5 38 46 80 93 53 28 25 31 51 59 83 39 33 42 75 95 29 11 
634-5-15 1?2.576 = 5 38 46 80 20 22 19 50 64 70 88 91 85 82 21 30 34 58 15 
634-5-9 1?2.449 = 5 38 46 80 93 60 99 78 43 63 53 28 51 31 59 83 39 94 66 9 
634-5-12 1?2.407 = 5 46 80 20 22 19 50 64 70 88 91 85 82 35 52 37 61 65 71 12 
634-5-10 1?2.453 = 5 38 80 46 98 60 43 63 53 28 31 51 59 83 39 33 90 42 75 10 
634-5-13 1?2.432 = 5 46 80 20 22 19 50 64 70 88 91 85 82 35 52 37 61 65 84 47 13 
634-5-14 1?2.692 = 5 38 46 80 20 22 19 50 64 70 88 91 85 82 21 30 34 16 58 14 
634-7-9 1?1.647 = 7 78 99 60 43 63 77 53 28 31 51 59 83 39 66 9 
634-6-15 1?2.485 = 6 60 43 77 28 51 31 25 41 49 70 88 91 87 27 67 17 86 15 
634-7-8 1?1.672 = 7 78 99 43 63 53 28 25 31 51 59 83 39 94 74 8 
634-7-10 1?1.883 = 7 78 99 43 63 53 28 25 31 51 59 83 39 33 90 42 75 10 
634-7-11 1?2.129 = 7 78 99 43 63 53 28 31 51 59 83 39 33 90 42 75 95 29 11 
634-6-9 1?2.147 = 6 60 43 63 53 28 25 31 51 59 83 39 33 75 42 90 66 94 9 
634-6-10 1?2.168 = 6 60 99 78 43 63 53 28 25 31 51 59 83 39 33 75 42 90 10 
634-6-11 1?2.456 = 6 60 43 63 53 28 25 31 51 59 83 39 33 90 42 75 89 95 29 11 
634-6-12 1?2.445 = 6 60 43 63 53 26 41 49 70 88 79 76 61 37 52 84 65 48 71 12 
634-6-13 1?2.425 = 6 60 43 77 51 31 25 41 49 70 88 91 85 82 35 37 52 84 65 47 13 
634-6-14 1?2.473 = 6 60 43 63 53 28 51 31 25 41 49 70 88 91 85 82 21 30 34 14 
634-8-11 1?2.125 = 8 74 83 59 51 31 25 41 49 70 88 76 79 95 29 11 
634-8-9 1?1.985 = 8 40 7 78 99 43 63 77 53 28 31 51 59 83 39 66 9 
634-8-10 1?1.869 = 8 74 40 77 53 28 31 51 59 83 39 33 90 42 75 10 
634-7-12 1?2.264 = 7 78 99 43 63 53 26 41 49 70 88 82 35 37 52 84 65 71 12 
634-8-12 1?2.189 = 8 74 83 59 51 31 25 41 49 70 88 76 61 37 52 84 65 71 12 
634-7-15 1?2.533 = 7 78 99 43 77 28 51 31 25 41 49 70 88 91 87 27 67 32 17 86 15 
634-8-15 1?2.46 = 8 74 83 59 51 31 25 41 49 70 88 82 85 91 87 27 67 32 17 86 15 
634-8-13 1?2.227 = 8 74 83 59 51 31 25 41 49 70 88 91 85 82 35 37 52 84 65 47 13 
634-7-13 1?2.349 = 7 78 99 43 63 53 26 41 49 70 88 91 85 82 35 37 52 84 65 47 13 
634-7-14 1?2.405 = 7 78 99 43 63 53 28 51 31 25 41 49 70 88 91 85 21 30 34 14 
634-8-14 1?2.485 = 8 74 83 59 51 31 25 41 49 70 88 91 85 82 21 30 34 16 58 14 
634-10-12 1?2 = 10 75 42 90 33 89 79 76 35 52 61 65 84 47 48 12 
634-9-12 1?1.873 = 9 66 90 42 75 89 79 76 61 37 52 84 47 48 71 12 
634-9-11 1?2.147 = 9 66 39 83 59 51 31 25 41 49 70 88 79 95 29 11 
634-10-11 1?2.112 = 10 90 42 75 89 79 76 61 37 52 84 65 47 48 71 11 
634-10-13 1?2.162 = 10 90 42 75 89 49 70 88 91 85 82 35 52 37 61 65 47 13 
634-9-10 1?2.129 = 9 66 39 83 59 31 51 28 53 26 41 25 33 90 42 75 10 
634-10-15 1?2.46 = 10 90 42 75 89 79 76 82 85 91 87 27 24 32 17 16 58 15 
634-9-13 1?2.202 = 9 66 39 83 59 51 31 25 41 49 70 88 82 35 52 84 65 47 13 
634-10-14 1?2.327 = 10 75 42 90 33 89 79 76 35 52 37 61 65 84 21 30 34 14 
634-9-15 1?2.402 = 9 66 39 83 59 51 31 25 41 49 70 88 91 85 21 30 34 58 15 
634-9-14 1?2.351 = 9 66 39 83 59 51 31 28 25 41 49 70 88 91 85 82 21 30 34 14 
634-11-12 1?2.202 = 11 29 10 90 42 75 89 79 76 61 37 52 84 47 48 71 12 
634-12-13 1?1.856 = 12 71 48 47 84 65 61 52 37 35 82 85 21 30 34 13 
634-14-15 1?2.066 = 14 58 16 34 30 21 82 85 91 87 27 67 32 17 86 15 
634-11-13 1?2.397 = 11 71 48 65 84 52 37 35 82 85 91 87 27 67 16 34 13 
634-13-15 1?1.799 = 13 47 48 65 84 52 37 61 35 82 85 21 30 34 58 15 
634-12-15 1?1.801 = 12 71 48 47 65 84 52 37 35 82 85 21 30 34 58 15 
634-12-14 1?1.651 = 12 71 48 47 84 65 61 37 52 21 30 34 16 58 14 
634-13-14 1?1.757 = 13 47 48 65 84 52 37 61 35 82 91 85 21 30 34 14 
634-11-14 1?2.091 = 11 71 48 47 84 65 61 37 52 35 21 30 34 16 58 14 
634-11-15 1?2.263 = 11 71 48 47 84 65 61 52 37 35 82 85 91 87 27 67 17 86 15 
stop
