start
785-0-2 1?1.715 = 0 98 28 43 66 69 42 37 64 21 61 83 71 53 33 2 
785-0-3 1?2.049 = 0 98 28 43 66 69 42 37 64 61 32 36 62 54 34 77 3 
785-0-1 1?1.902 = 0 98 28 43 66 50 79 63 72 21 61 64 37 42 1 
785-0-4 1?2.168 = 0 98 28 43 66 37 64 83 71 53 33 73 32 36 62 54 34 4 
785-0-5 1?2.176 = 0 98 28 43 66 64 61 88 60 58 97 82 87 16 23 80 48 86 5 
785-0-11 1?2.381 = 0 98 28 43 66 64 61 88 60 58 97 82 51 56 93 70 46 59 11 
785-0-10 1?2.459 = 0 98 28 43 66 64 61 88 60 58 97 82 51 29 30 89 47 91 10 
785-0-7 1?2.417 = 0 98 28 43 66 37 64 61 88 60 58 97 82 87 16 23 80 17 18 76 7 
785-0-9 1?2.412 = 0 98 28 43 66 37 64 61 88 60 58 97 82 51 29 30 89 99 44 9 
785-0-6 1?2.297 = 0 98 28 43 66 37 64 61 88 60 58 87 16 23 80 17 18 24 6 
785-0-8 1?2.508 = 0 98 28 43 66 37 64 61 88 60 58 97 87 16 23 80 17 76 35 55 8 
785-1-2 1?1.603 = 1 42 66 43 28 50 21 61 64 37 83 71 53 33 2 
785-1-3 1?1.759 = 1 69 66 43 28 50 21 61 64 83 71 53 33 73 3 
785-0-14 1?1.892 = 0 98 28 43 66 69 42 37 64 50 79 94 90 96 22 19 14 
785-0-15 1?1.849 = 0 98 28 43 66 37 64 61 21 50 79 94 90 74 85 15 
785-1-4 1?2.109 = 1 42 37 64 61 88 60 58 97 82 87 81 32 36 62 54 34 4 
785-0-13 1?2.211 = 0 98 28 43 66 69 42 37 64 50 79 94 90 22 96 41 13 
785-1-5 1?2.089 = 1 69 66 37 64 61 88 60 58 97 82 87 16 23 80 48 86 5 
785-1-6 1?2.289 = 1 42 69 66 43 28 50 21 88 60 58 97 82 87 16 23 80 18 24 6 
785-0-12 1?2.341 = 0 98 28 43 66 69 42 37 64 21 63 72 65 39 31 26 57 12 
785-1-8 1?2.491 = 1 42 69 66 37 64 61 88 60 58 97 82 87 16 23 80 18 76 35 55 8 
785-1-7 1?2.409 = 1 69 66 43 28 50 21 61 88 60 58 97 82 87 16 23 80 17 18 76 7 
785-1-14 1?1.935 = 1 42 37 64 61 21 50 66 43 28 79 94 90 22 19 14 
785-2-3 1?1.91 = 2 33 53 71 42 37 64 83 32 36 62 54 34 77 3 
785-1-15 1?1.845 = 1 42 69 66 43 28 50 21 72 63 79 94 90 74 25 15 
785-2-4 1?1.929 = 2 33 53 71 42 69 66 64 83 32 36 62 54 34 4 
785-2-5 1?1.938 = 2 33 53 71 73 54 62 36 81 87 23 80 48 86 5 
785-1-13 1?2.408 = 1 42 37 64 61 88 60 58 97 82 51 56 27 65 39 31 20 26 13 
785-1-11 1?2.477 = 1 42 69 66 43 28 50 21 61 88 60 58 97 82 51 56 93 70 46 59 11 
785-1-10 1?2.454 = 1 42 37 64 61 88 60 58 97 82 51 56 27 93 70 40 52 95 91 10 
785-1-12 1?2.373 = 1 42 37 64 61 88 60 58 97 82 51 56 27 65 39 31 20 26 57 12 
785-2-6 1?2.203 = 2 33 53 71 83 61 88 60 58 97 82 87 16 23 80 17 18 24 6 
785-1-9 1?2.435 = 1 42 69 66 43 28 50 21 88 60 58 97 82 51 29 67 30 89 99 44 9 
785-3-4 1?1.989 = 3 73 33 53 71 83 37 64 61 32 36 62 54 34 4 
785-3-5 1?1.934 = 3 77 54 62 36 81 58 97 82 87 16 23 80 48 86 5 
785-2-15 1?1.563 = 2 33 53 71 83 64 37 66 43 28 50 79 94 74 85 15 
785-2-14 1?1.99 = 2 33 53 71 83 64 37 42 69 66 43 28 50 79 94 90 96 22 19 14 
785-2-13 1?2.309 = 2 33 53 71 83 64 37 42 69 66 43 28 50 79 94 90 22 96 41 13 
785-2-11 1?2.458 = 2 33 53 71 83 37 64 61 88 60 58 97 82 51 56 93 70 46 68 59 11 
785-2-10 1?2.436 = 2 33 53 71 83 64 61 88 60 58 97 82 51 29 67 30 89 47 91 10 
785-2-9 1?2.271 = 2 33 53 71 83 61 88 60 58 82 51 29 67 30 89 99 44 9 
785-2-12 1?2.366 = 2 33 53 71 83 61 88 60 58 97 82 51 56 27 65 39 31 26 57 12 
785-2-8 1?2.356 = 2 33 53 71 83 61 88 60 58 97 87 16 23 80 17 18 76 35 8 
785-2-7 1?2.313 = 2 33 53 71 83 64 61 88 60 58 97 82 87 23 80 18 17 76 7 
785-4-5 1?1.977 = 4 34 54 62 36 32 81 58 97 82 87 23 80 48 86 5 
785-3-13 1?2.465 = 3 77 54 62 36 32 81 58 97 82 51 56 27 65 39 31 20 26 13 
785-3-14 1?2.178 = 3 73 33 53 71 83 64 37 42 69 66 43 28 79 94 90 96 22 19 14 
785-3-15 1?1.988 = 3 73 33 53 71 83 64 37 42 69 66 43 28 50 79 94 74 85 15 
785-3-10 1?2.54 = 3 77 54 62 36 32 81 16 87 58 97 82 51 56 93 70 40 52 95 91 10 
785-3-6 1?2.284 = 3 77 34 54 62 36 32 81 58 82 87 16 23 80 17 18 24 6 
785-3-12 1?2.384 = 3 77 54 62 36 81 16 87 58 97 82 51 56 27 65 39 31 26 57 12 
785-3-9 1?2.343 = 3 77 54 62 36 32 81 87 58 97 82 51 29 67 30 89 99 44 9 
785-3-11 1?2.576 = 3 77 54 62 36 81 16 87 58 97 82 51 56 93 70 46 40 95 52 68 59 11 
785-3-7 1?2.33 = 3 77 34 54 62 36 32 81 58 97 82 87 16 23 80 17 18 76 7 
785-3-8 1?2.487 = 3 77 54 62 36 32 81 58 97 82 87 16 23 80 18 17 49 35 55 8 
785-4-6 1?2.065 = 4 34 54 62 36 81 58 97 82 87 16 23 80 17 18 24 6 
785-5-6 1?2.069 = 5 86 48 80 23 16 87 58 97 82 51 45 17 18 24 6 
785-4-14 1?2.416 = 4 34 54 62 36 32 61 64 37 66 43 28 50 79 94 90 96 22 19 14 
785-4-10 1?2.408 = 4 77 54 62 36 81 16 87 58 97 82 51 29 67 30 89 47 91 10 
785-4-13 1?2.676 = 4 34 54 62 36 32 81 16 23 87 58 97 82 51 56 27 65 39 31 20 26 13 
785-4-9 1?2.261 = 4 34 54 62 36 81 16 87 58 97 82 51 29 67 30 89 99 44 9 
785-4-7 1?2.197 = 4 34 54 62 36 32 81 58 97 82 87 16 23 80 17 18 76 7 
785-4-11 1?2.571 = 4 34 54 62 36 32 81 16 87 58 97 82 51 56 93 70 40 95 52 68 59 11 
785-4-15 1?2.381 = 4 34 77 73 33 53 71 83 64 37 66 43 28 50 79 94 90 74 85 15 
785-4-8 1?2.377 = 4 34 54 62 36 32 81 58 97 82 87 16 23 80 17 18 76 35 8 
785-4-12 1?2.518 = 4 34 54 62 36 32 81 16 87 58 97 82 51 56 27 65 39 31 20 26 57 12 
785-5-9 1?2.169 = 5 86 48 80 23 16 87 58 97 82 51 29 67 30 89 99 44 9 
785-6-7 1?2.342 = 6 24 18 80 23 16 87 58 97 82 51 29 67 49 35 7 
785-6-8 1?2.322 = 6 24 76 18 17 45 29 67 30 89 47 99 44 92 38 8 
785-5-8 1?2.201 = 5 86 48 80 23 16 87 58 97 82 51 29 67 92 38 8 
785-5-7 1?2.193 = 5 86 48 80 23 16 87 58 97 82 51 45 17 76 35 7 
785-5-11 1?2.387 = 5 86 48 80 23 16 87 58 97 82 51 56 93 70 40 95 52 68 59 11 
785-5-14 1?2.457 = 5 86 48 80 23 16 87 58 97 82 51 56 27 93 65 39 41 96 22 19 14 
785-5-13 1?2.641 = 5 86 48 80 23 16 87 58 97 82 51 56 27 93 65 39 31 20 57 26 13 
785-5-10 1?2.415 = 5 86 48 80 23 16 87 58 97 82 51 56 27 93 70 40 52 95 91 10 
785-5-15 1?2.408 = 5 86 48 80 23 16 87 97 58 60 88 61 64 37 66 43 28 79 94 74 15 
785-5-12 1?2.457 = 5 86 48 80 23 16 87 58 97 82 51 56 27 93 65 39 31 20 26 57 12 
785-7-11 1?2.112 = 7 35 55 38 92 44 99 89 30 47 95 40 52 68 59 11 
785-6-9 1?2.192 = 6 24 18 80 23 16 87 97 82 51 29 30 89 99 44 9 
785-7-10 1?2.333 = 7 35 55 38 92 44 99 47 95 52 40 46 84 59 68 10 
785-7-9 1?2.263 = 7 76 18 80 23 16 87 58 97 82 51 29 30 89 99 44 9 
785-6-10 1?2.411 = 6 24 18 17 80 23 16 87 58 82 51 29 67 30 89 47 91 10 
785-6-13 1?2.564 = 6 24 18 17 80 23 16 87 58 97 82 51 56 93 65 39 31 20 26 13 
785-7-8 1?2.32 = 7 35 76 18 17 45 29 67 30 89 47 99 44 92 38 8 
785-6-11 1?2.462 = 6 24 18 17 80 23 16 87 58 97 82 51 56 27 93 70 46 68 59 11 
785-6-14 1?2.61 = 6 24 18 17 45 80 23 16 87 58 97 82 51 56 27 65 39 41 96 22 19 14 
785-6-12 1?2.423 = 6 24 18 17 80 23 16 87 58 97 82 51 56 27 65 39 31 26 57 12 
785-6-15 1?2.497 = 6 24 18 17 80 23 16 87 82 97 58 60 88 72 63 79 94 90 74 85 15 
785-8-11 1?2.165 = 8 35 55 38 92 44 99 89 30 47 95 40 52 68 59 11 
785-8-10 1?2.284 = 8 38 92 44 99 47 89 30 95 52 40 46 84 59 68 10 
785-8-9 1?2.138 = 8 38 55 35 76 18 17 45 29 67 30 89 47 99 44 9 
785-8-13 1?2.627 = 8 55 35 76 18 80 23 16 87 58 97 82 51 56 27 65 39 31 26 13 
785-7-13 1?2.574 = 7 76 18 17 80 23 16 87 58 97 82 51 56 27 65 39 31 20 26 13 
785-8-14 1?2.605 = 8 38 92 44 99 89 30 95 52 40 68 59 84 20 31 41 96 22 19 14 
785-7-14 1?2.623 = 7 35 76 17 80 23 16 87 58 97 82 51 56 27 65 39 41 96 22 19 14 
785-8-15 1?2.548 = 8 55 35 76 18 17 80 23 16 87 97 58 60 88 72 63 79 94 74 85 15 
785-7-12 1?2.539 = 7 76 18 17 80 23 16 87 58 97 82 51 56 27 65 39 31 20 26 57 12 
785-7-15 1?2.6 = 7 76 18 80 23 16 87 97 58 60 88 61 64 37 66 43 28 79 94 74 85 15 
785-8-12 1?2.621 = 8 55 35 76 17 80 23 16 87 58 97 82 51 56 27 65 39 31 26 57 12 
785-9-11 1?2.024 = 9 44 99 47 95 40 52 68 59 84 20 31 26 57 75 11 
785-10-11 1?2.191 = 10 91 99 47 95 40 52 68 59 84 20 31 26 57 75 11 
785-9-10 1?2.248 = 9 44 99 47 95 52 40 46 20 31 26 57 75 59 68 10 
785-9-12 1?1.875 = 9 44 99 47 95 40 52 68 59 84 20 31 26 57 75 12 
785-10-12 1?2.012 = 10 91 47 89 30 95 40 52 68 59 84 20 31 26 57 12 
785-10-13 1?2.714 = 10 91 47 89 30 67 29 93 70 40 95 52 68 59 75 57 26 13 
785-10-14 1?2.522 = 10 91 47 95 52 40 46 68 59 84 75 57 26 20 31 41 96 22 19 14 
785-9-13 1?2.785 = 9 44 92 49 17 80 23 16 87 58 97 82 51 56 27 65 39 31 26 13 
785-9-14 1?2.547 = 9 44 99 89 30 47 95 52 68 59 84 75 57 26 31 41 96 22 19 14 
785-9-15 1?2.448 = 9 44 99 89 30 67 29 51 82 97 58 60 88 72 63 79 94 74 85 15 
785-10-15 1?2.59 = 10 95 52 40 46 70 93 56 51 82 97 58 60 88 72 63 79 94 74 85 15 
785-11-12 1?2.196 = 11 59 68 52 95 40 46 70 93 27 65 39 31 20 57 12 
785-11-13 1?2.308 = 11 59 68 52 95 40 46 70 93 27 65 39 31 20 26 13 
785-12-13 1?2.321 = 12 57 75 84 59 68 52 95 40 46 70 65 39 31 20 26 13 
785-14-15 1?2.07 = 14 19 22 96 90 94 79 50 28 43 66 69 98 85 74 25 15 
785-11-14 1?2.181 = 11 59 68 52 95 40 46 84 75 57 20 31 41 96 22 19 14 
785-13-15 1?2.372 = 13 26 20 31 39 65 93 56 27 72 63 79 94 74 85 15 
785-12-14 1?2.138 = 12 57 75 59 68 52 95 40 46 84 20 31 41 96 22 19 14 
785-13-14 1?2.328 = 13 26 57 75 59 68 52 95 40 46 20 31 41 96 22 19 14 
785-12-15 1?2.448 = 12 57 20 31 39 65 27 51 82 97 58 60 88 72 63 79 94 74 15 
785-11-15 1?2.483 = 11 59 68 46 70 93 56 51 82 97 58 60 88 72 63 79 94 74 85 15 
stop
