start
755-0-2 1?2.156 = 0 27 44 58 24 91 73 83 84 16 95 23 47 29 45 2 
755-0-3 1?1.968 = 0 75 91 73 83 77 84 16 95 23 47 29 82 42 3 
755-0-4 1?2.209 = 0 27 44 58 24 73 91 51 84 77 43 38 95 23 47 29 82 90 4 
755-0-1 1?2.239 = 0 75 91 73 83 77 43 38 16 95 23 47 29 37 39 1 
755-0-8 1?2.493 = 0 75 91 51 84 16 95 94 80 69 56 25 46 57 33 67 55 89 8 
755-0-11 1?2.56 = 0 27 44 58 24 73 91 51 84 77 83 26 52 93 96 74 71 59 64 11 
755-0-9 1?2.694 = 0 75 24 73 91 51 84 16 95 23 94 80 69 18 35 32 87 68 9 
755-0-7 1?2.41 = 0 75 91 73 83 84 16 95 94 80 69 57 46 25 56 62 22 49 34 7 
755-0-6 1?2.302 = 0 75 24 73 91 51 84 16 95 94 80 69 57 46 25 56 62 31 86 6 
755-0-10 1?2.779 = 0 27 44 58 24 73 91 51 84 77 83 26 52 93 41 96 74 71 59 85 10 
755-0-5 1?2.288 = 0 75 24 73 91 51 84 77 43 38 16 95 23 94 80 70 54 60 5 
755-1-3 1?2.102 = 1 39 37 29 47 23 95 16 38 43 69 80 94 82 42 3 
755-1-4 1?2.168 = 1 39 37 47 23 95 16 84 77 43 69 80 94 61 19 4 
755-1-2 1?2.284 = 1 39 37 29 47 23 95 16 38 69 80 94 82 42 45 2 
755-0-13 1?2.279 = 0 75 58 44 27 21 81 97 50 63 79 65 28 92 99 98 13 
755-0-14 1?2.446 = 0 27 44 58 24 91 73 83 26 66 63 50 97 81 21 14 
755-1-5 1?2.372 = 1 39 37 29 47 23 16 95 94 80 69 57 46 25 62 36 54 60 5 
755-0-15 1?2.261 = 0 27 44 58 24 91 73 83 26 66 63 50 97 81 21 15 
755-1-6 1?2.252 = 1 39 37 47 23 16 95 94 80 69 57 46 25 56 62 31 22 49 86 6 
755-1-8 1?2.474 = 1 39 37 47 23 16 95 94 80 69 56 25 46 57 33 67 55 72 20 89 8 
755-1-7 1?2.37 = 1 39 37 47 23 16 95 94 80 69 57 46 25 56 62 22 33 67 55 72 34 7 
755-0-12 1?2.69 = 0 44 27 81 97 50 63 24 73 91 51 84 83 26 66 53 92 98 99 12 
755-1-13 1?2.631 = 1 39 37 29 47 23 95 16 84 77 83 26 66 53 28 65 13 
755-1-14 1?2.453 = 1 39 37 47 23 95 16 84 77 83 73 24 63 50 97 81 21 14 
755-2-3 1?2.02 = 2 45 29 47 23 16 95 38 43 69 80 94 82 90 42 3 
755-2-4 1?1.997 = 2 45 42 82 29 47 23 95 16 38 69 80 94 61 19 4 
755-1-11 1?2.545 = 1 39 37 47 23 95 94 80 69 18 88 17 93 96 74 71 59 64 11 
755-1-10 1?2.663 = 1 39 37 47 23 95 94 80 69 18 88 35 32 17 93 96 74 71 10 
755-2-5 1?2.17 = 2 45 42 90 82 29 47 23 16 95 38 43 69 80 94 70 60 5 
755-2-6 1?2.138 = 2 45 29 47 23 16 95 94 80 69 57 46 25 56 62 22 49 86 6 
755-1-12 1?2.709 = 1 39 37 29 47 23 95 16 38 43 77 83 26 66 53 28 92 98 99 12 
755-1-9 1?2.687 = 1 39 37 29 47 23 16 95 94 80 69 56 25 46 33 55 67 48 87 68 9 
755-1-15 1?2.1 = 1 39 37 51 84 77 83 73 91 24 63 50 97 81 21 15 
755-3-4 1?1.815 = 3 42 82 29 47 23 95 16 38 43 69 80 94 61 19 4 
755-3-5 1?1.815 = 3 42 90 82 29 47 23 16 95 94 80 69 70 54 60 5 
755-2-13 1?2.613 = 2 45 29 47 23 95 16 84 77 83 73 91 24 50 63 79 65 13 
755-2-14 1?2.391 = 2 45 29 47 23 95 16 84 83 73 91 24 63 50 97 81 21 14 
755-2-10 1?2.608 = 2 45 29 47 23 95 94 80 69 18 88 35 32 17 93 96 74 71 10 
755-2-11 1?2.52 = 2 45 29 47 23 16 95 38 43 18 35 32 17 93 96 74 71 59 64 11 
755-2-7 1?2.122 = 2 45 29 47 23 16 95 94 80 69 25 46 57 33 67 55 72 34 7 
755-2-8 1?2.377 = 2 45 29 47 23 95 94 80 69 56 25 46 57 33 67 55 72 20 89 8 
755-2-12 1?2.661 = 2 45 29 47 23 95 16 38 43 77 84 83 26 66 53 28 92 98 99 12 
755-2-9 1?2.556 = 2 45 29 47 23 16 95 94 80 69 25 46 57 33 55 67 48 87 68 9 
755-2-15 1?2.153 = 2 45 29 47 23 95 16 84 51 91 73 24 63 50 97 81 21 15 
755-3-6 1?1.782 = 3 42 82 94 80 69 57 46 25 56 62 22 49 86 6 
755-4-5 1?1.793 = 4 90 82 29 47 23 95 16 38 69 80 94 70 54 60 5 
755-3-14 1?2.232 = 3 42 82 29 47 23 95 16 84 51 73 24 63 50 97 81 21 14 
755-3-13 1?2.522 = 3 42 90 82 29 47 23 95 16 84 77 83 26 66 53 28 92 98 13 
755-3-7 1?1.966 = 3 42 82 29 47 23 16 95 94 80 69 25 56 62 22 49 34 7 
755-3-10 1?2.541 = 3 42 82 29 47 23 95 16 38 43 18 88 35 32 17 76 93 96 74 71 10 
755-3-11 1?2.423 = 3 42 82 29 47 23 95 16 38 43 18 88 17 76 93 96 74 71 59 64 11 
755-3-12 1?2.535 = 3 42 82 29 47 23 95 16 38 43 77 84 83 26 66 53 92 98 99 12 
755-3-8 1?2.303 = 3 42 82 29 47 23 16 95 94 80 69 56 25 46 33 67 55 72 20 89 8 
755-3-9 1?2.475 = 3 42 82 29 47 23 16 95 94 80 69 56 25 46 33 55 67 48 87 68 9 
755-3-15 1?2.072 = 3 42 82 29 23 95 16 84 51 91 73 24 63 50 97 81 21 15 
755-5-6 1?1.538 = 5 54 36 56 25 46 57 33 67 55 49 22 62 31 86 6 
755-4-6 1?1.689 = 4 60 54 36 56 25 46 57 33 67 55 49 22 31 86 6 
755-4-7 1?1.895 = 4 19 60 54 36 62 56 25 57 46 22 49 33 67 55 72 34 7 
755-4-14 1?2.354 = 4 90 42 82 29 47 23 95 16 84 51 91 73 24 63 50 97 81 21 14 
755-4-8 1?2.245 = 4 60 54 36 31 62 56 25 57 46 22 49 33 67 55 72 20 89 48 8 
755-4-13 1?2.614 = 4 90 42 82 29 47 23 95 16 38 43 77 83 26 66 53 28 92 98 13 
755-4-10 1?2.547 = 4 19 82 29 47 23 16 95 94 80 69 18 35 32 17 76 93 96 74 71 10 
755-4-11 1?2.47 = 4 19 61 70 56 25 46 57 35 32 17 76 93 41 96 74 71 59 85 64 11 
755-4-12 1?2.583 = 4 90 42 82 29 47 23 95 38 43 77 84 83 26 66 53 92 98 99 12 
755-4-9 1?2.499 = 4 60 54 36 31 62 56 25 57 46 22 49 33 67 55 72 20 89 48 87 68 9 
755-4-15 1?2.169 = 4 90 42 82 29 47 23 95 16 84 51 91 73 24 63 50 97 81 21 15 
755-5-7 1?1.511 = 5 60 54 36 62 56 25 46 57 33 67 55 49 72 34 7 
755-6-7 1?1.292 = 6 86 49 22 31 62 56 25 46 57 33 67 55 72 34 7 
755-6-8 1?1.499 = 6 86 31 49 22 62 56 25 46 57 33 67 55 20 89 8 
755-5-8 1?1.915 = 5 60 54 36 31 62 56 25 57 46 22 49 33 67 55 72 20 89 8 
755-5-13 1?2.585 = 5 54 36 56 25 46 57 18 88 35 32 17 76 93 41 53 28 65 13 
755-5-10 1?2.373 = 5 60 54 36 62 56 25 46 57 35 32 17 76 93 41 96 74 71 59 85 10 
755-5-14 1?2.463 = 5 54 70 94 80 95 38 43 77 84 51 91 73 24 63 50 97 81 21 14 
755-5-9 1?2.285 = 5 60 54 36 56 25 57 46 22 49 34 72 20 89 48 87 68 40 30 9 
755-5-11 1?2.331 = 5 60 54 36 62 56 25 46 57 35 32 17 76 93 41 96 74 71 59 85 64 11 
755-5-12 1?2.591 = 5 54 36 62 56 25 46 57 18 88 35 32 17 93 96 74 71 59 64 99 12 
755-5-15 1?2.313 = 5 60 70 94 80 95 16 38 43 77 84 51 91 73 24 63 50 97 81 21 15 
755-7-8 1?1.467 = 7 34 72 49 22 62 56 25 46 57 33 67 55 20 89 8 
755-6-9 1?1.667 = 6 86 49 22 62 56 25 46 57 33 55 67 48 87 68 9 
755-7-9 1?1.695 = 7 34 72 49 22 62 25 46 57 33 55 67 48 87 68 9 
755-7-10 1?2.082 = 7 34 49 22 62 56 25 46 57 33 67 55 20 89 48 87 68 30 10 
755-6-13 1?2.465 = 6 86 31 62 56 25 46 57 18 88 35 32 17 76 93 41 53 28 65 13 
755-7-11 1?2.035 = 7 34 49 22 62 56 25 46 57 35 32 17 76 93 96 74 71 59 64 11 
755-6-10 1?2.162 = 6 86 49 22 62 56 25 46 57 33 67 55 72 20 89 48 87 68 30 10 
755-6-14 1?2.486 = 6 86 31 62 25 46 57 69 80 94 95 16 84 51 91 73 24 63 50 14 
755-6-11 1?2.131 = 6 86 49 22 62 56 25 46 57 35 32 17 76 93 96 74 71 59 85 64 11 
755-6-12 1?2.4 = 6 86 49 22 62 56 25 46 57 35 32 17 76 93 96 74 71 59 64 99 12 
755-6-15 1?2.335 = 6 86 31 62 56 25 69 80 94 95 16 84 51 91 73 24 50 97 81 21 15 
755-8-11 1?1.936 = 8 89 20 72 55 67 35 32 17 93 96 74 71 59 64 11 
755-8-10 1?2.037 = 8 89 20 72 34 49 22 33 55 67 48 87 68 30 40 10 
755-8-12 1?2.218 = 8 89 55 67 35 32 17 76 93 96 74 71 59 64 99 12 
755-8-9 1?1.895 = 8 89 20 72 49 22 25 46 57 33 55 67 48 87 68 9 
755-8-13 1?2.531 = 8 89 20 72 55 33 67 35 32 88 17 76 93 41 53 28 65 13 
755-8-14 1?2.624 = 8 89 55 67 33 57 69 80 94 95 16 84 51 91 24 63 50 14 
755-7-13 1?2.475 = 7 34 72 55 67 33 22 62 56 25 46 57 35 32 17 93 41 53 28 13 
755-7-14 1?2.512 = 7 34 72 55 67 33 46 57 69 80 94 95 16 84 51 91 24 63 50 14 
755-7-12 1?2.35 = 7 34 72 55 67 33 49 22 62 56 25 46 57 35 32 17 93 41 78 99 12 
755-8-15 1?2.513 = 8 48 35 32 88 18 43 77 84 51 91 73 24 63 50 97 81 21 15 
755-7-15 1?2.412 = 7 34 49 22 46 57 69 80 94 95 16 84 51 91 73 24 50 97 81 21 15 
755-9-11 1?2.078 = 9 30 40 17 32 35 88 76 93 96 74 71 59 85 64 11 
755-10-11 1?2.186 = 10 30 40 17 32 35 88 76 93 96 74 71 59 85 64 11 
755-9-10 1?2.162 = 9 68 87 35 32 88 17 76 93 96 74 71 59 64 85 10 
755-10-12 1?2.233 = 10 30 40 96 74 71 59 85 64 78 53 65 28 92 98 12 
755-9-12 1?2.125 = 9 30 40 96 74 71 59 85 64 78 53 65 28 92 98 12 
755-10-13 1?2.676 = 10 85 59 71 74 96 41 93 76 17 32 35 88 52 53 92 98 13 
755-9-13 1?2.813 = 9 30 40 17 32 35 88 76 93 41 96 74 71 59 78 92 28 65 13 
755-10-14 1?2.689 = 10 85 59 71 74 96 93 52 26 83 73 91 24 63 50 97 81 21 14 
755-9-14 1?2.712 = 9 30 40 96 74 71 59 64 99 98 92 28 65 79 63 50 97 81 21 14 
755-10-15 1?2.58 = 10 71 74 96 93 52 26 83 77 84 51 91 73 24 63 50 97 81 21 15 
755-9-15 1?2.597 = 9 30 40 96 74 71 59 85 64 99 92 28 65 79 63 50 97 81 21 15 
755-11-13 1?2.302 = 11 64 85 59 71 74 96 41 93 52 66 53 28 92 98 13 
755-12-13 1?2.575 = 12 98 92 99 64 85 59 71 74 96 93 41 53 65 28 13 
755-11-12 1?2.152 = 11 64 59 71 74 96 41 53 66 79 65 28 92 98 99 12 
755-11-14 1?2.257 = 11 64 85 59 71 74 96 41 53 66 63 50 97 81 21 14 
755-12-14 1?2.277 = 12 99 98 92 28 65 79 63 50 97 81 58 75 44 27 21 14 
755-13-14 1?2.567 = 13 65 28 53 66 26 83 84 51 91 73 24 63 50 14 
755-14-15 1?2.424 = 14 21 81 97 50 63 24 73 83 84 51 91 75 44 27 15 
755-13-15 1?2.398 = 13 98 92 28 53 66 26 83 73 91 24 63 50 97 21 15 
755-12-15 1?2.162 = 12 99 98 92 28 65 79 63 50 21 81 97 58 75 44 27 15 
755-11-15 1?2.072 = 11 64 85 59 71 74 96 41 53 66 63 50 97 81 21 15 
stop
