start
387-0-3 1?2.237 = 0 32 28 68 58 46 60 79 41 49 37 57 98 16 76 93 52 56 3 
387-0-1 1?1.636 = 0 32 28 58 68 75 21 84 16 98 55 57 37 49 41 79 1 
387-0-11 1?2.354 = 0 32 28 63 67 91 25 90 78 19 65 73 40 94 99 45 88 62 11 
387-0-10 1?2.342 = 0 32 28 63 67 91 92 25 90 78 19 65 73 23 40 99 45 88 10 
387-0-7 1?2.635 = 0 32 28 58 68 75 84 21 95 96 24 61 89 74 20 69 31 80 77 71 7 
387-0-2 1?2.166 = 0 32 28 58 68 75 21 84 16 76 98 55 37 57 79 60 1 41 49 2 
387-0-4 1?2.194 = 0 32 28 58 68 75 84 21 95 96 61 89 74 85 35 86 22 4 
387-0-8 1?2.455 = 0 32 28 63 67 91 25 90 78 19 65 73 40 99 94 47 34 33 38 8 
387-0-9 1?2.394 = 0 32 28 63 67 91 25 90 78 19 65 73 40 99 94 47 82 34 97 9 
387-0-5 1?2.435 = 0 70 46 60 79 41 49 37 57 55 98 16 76 93 52 89 74 85 35 86 87 5 
387-0-6 1?2.492 = 0 32 28 58 68 75 84 21 95 96 24 89 74 85 35 86 87 69 31 80 77 6 
387-0-13 1?2.06 = 0 32 28 63 67 91 25 90 78 19 30 48 18 51 13 
387-0-14 1?2.011 = 0 70 46 58 68 75 84 21 53 25 67 91 92 50 27 14 
387-1-2 1?2.062 = 1 60 46 58 68 75 21 84 16 76 98 55 49 37 57 79 41 2 
387-0-15 1?2.075 = 0 70 60 79 41 37 57 98 16 84 21 75 68 58 32 28 15 
387-1-3 1?1.985 = 1 79 60 46 58 68 75 21 84 16 98 55 76 93 52 56 3 
387-1-6 1?2.252 = 1 41 37 57 55 98 16 76 93 52 89 74 85 35 86 87 69 31 80 77 6 
387-1-4 1?1.933 = 1 41 37 57 55 98 16 76 93 52 89 74 85 35 22 4 
387-1-7 1?2.505 = 1 79 41 37 57 55 98 16 76 93 52 89 74 85 20 69 31 80 77 71 7 
387-0-12 1?2.273 = 0 32 28 63 67 91 25 90 78 19 65 73 30 48 18 51 17 12 
387-1-8 1?2.531 = 1 41 37 57 55 98 16 84 75 21 95 96 90 78 19 65 43 54 39 33 38 8 
387-1-5 1?2.197 = 1 41 37 57 55 98 16 84 75 21 95 96 24 61 89 74 85 35 86 87 5 
387-1-15 1?1.982 = 1 79 41 49 37 57 55 98 16 76 84 21 75 68 58 32 28 15 
387-1-11 1?2.283 = 1 41 37 57 55 98 16 84 75 21 95 96 90 78 19 65 73 23 72 11 
387-2-3 1?2.036 = 2 49 37 57 55 98 16 84 75 21 95 96 24 61 52 56 3 
387-2-6 1?2.056 = 2 49 37 57 98 16 76 93 52 89 74 85 20 69 31 80 77 6 
387-1-10 1?2.365 = 1 79 60 46 58 68 75 84 21 95 96 90 78 19 65 73 40 94 99 45 88 10 
387-2-5 1?1.865 = 2 49 37 57 55 98 16 76 93 52 89 74 85 35 86 87 5 
387-2-4 1?1.888 = 2 49 37 57 55 98 16 76 93 52 89 74 85 35 22 4 
387-1-13 1?2.291 = 1 79 60 46 58 68 75 84 21 95 96 90 78 19 30 48 18 51 13 
387-1-14 1?1.939 = 1 41 49 37 57 55 98 16 84 75 21 53 25 92 50 27 14 
387-1-12 1?2.324 = 1 60 46 58 68 75 84 21 95 96 90 78 19 65 30 48 18 51 17 12 
387-1-9 1?2.499 = 1 79 60 46 58 68 75 84 21 95 96 90 78 19 65 73 40 99 94 47 34 9 
387-2-15 1?2.172 = 2 49 37 57 55 98 16 76 84 75 21 95 96 53 25 91 67 63 15 
387-2-7 1?2.358 = 2 49 37 57 98 16 76 93 52 89 74 85 20 69 31 80 77 71 7 
387-3-5 1?2.166 = 3 55 98 16 84 75 21 95 96 61 89 74 85 35 86 87 5 
387-3-4 1?2.257 = 3 55 98 16 84 75 21 95 96 61 89 74 85 35 86 22 4 
387-2-10 1?2.425 = 2 49 37 57 98 16 84 75 21 95 96 90 78 19 65 73 23 40 99 45 88 10 
387-2-8 1?2.412 = 2 49 37 57 98 16 84 75 21 53 90 78 19 65 43 54 39 33 38 8 
387-2-11 1?2.58 = 2 49 37 57 55 98 16 84 75 21 95 96 90 78 19 65 73 40 99 45 88 62 11 
387-2-9 1?2.383 = 2 49 37 57 55 98 16 84 75 21 95 96 90 78 19 65 43 54 82 34 9 
387-2-13 1?2.309 = 2 49 37 57 98 16 84 75 21 53 90 78 19 65 30 48 18 51 13 
387-2-14 1?2.104 = 2 49 37 57 55 98 16 76 84 75 21 53 25 67 91 92 50 27 14 
387-2-12 1?2.345 = 2 49 37 57 98 16 84 75 21 95 96 90 78 19 65 30 48 18 51 17 12 
387-3-15 1?2.455 = 3 2 49 37 57 55 98 16 76 84 21 75 68 58 46 60 70 32 28 15 
387-3-10 1?2.533 = 3 55 98 16 84 75 21 53 90 78 19 65 73 23 40 99 45 88 10 
387-3-6 1?2.396 = 3 55 98 16 84 75 21 95 96 24 61 89 74 20 69 31 80 77 6 
387-4-5 1?2.277 = 4 22 86 35 85 89 74 20 83 59 77 80 31 69 87 5 
387-3-7 1?2.607 = 3 55 98 16 76 93 52 89 74 85 35 86 87 69 31 80 77 71 7 
387-3-11 1?2.757 = 3 55 37 57 98 16 84 75 21 95 96 24 81 36 78 19 65 73 23 72 11 
387-3-8 1?2.6 = 3 56 52 61 24 81 36 78 19 65 73 40 99 94 47 34 97 8 
387-3-9 1?2.592 = 3 56 52 61 24 81 36 78 19 65 73 40 94 99 45 47 34 97 9 
387-3-13 1?2.573 = 3 55 98 16 76 84 75 21 95 96 90 78 19 65 30 48 18 51 13 
387-3-14 1?2.494 = 3 2 49 37 57 55 98 16 76 84 75 21 53 25 67 91 92 50 27 14 
387-3-12 1?2.577 = 3 55 98 16 76 84 75 21 95 96 90 78 19 65 30 48 18 51 17 12 
387-5-6 1?2.113 = 5 31 69 87 86 22 35 85 89 74 20 83 59 80 77 6 
387-4-6 1?2.17 = 4 22 87 86 35 85 74 89 44 83 20 69 31 80 77 6 
387-4-15 1?2.609 = 4 22 86 35 85 74 89 61 24 81 36 19 78 90 25 91 67 63 15 
387-4-7 1?2.564 = 4 26 56 52 61 24 89 74 85 35 86 87 69 31 80 77 71 7 
387-4-10 1?2.477 = 4 22 86 35 85 74 89 61 24 81 36 78 19 65 73 40 99 45 88 10 
387-4-8 1?2.477 = 4 22 35 85 74 89 61 24 81 36 19 65 43 54 82 33 38 8 
387-4-11 1?2.625 = 4 22 35 85 74 89 24 81 36 78 19 65 73 40 94 99 45 88 62 11 
387-4-9 1?2.483 = 4 22 35 85 74 89 61 24 81 36 78 19 65 43 54 82 34 97 9 
387-4-12 1?2.429 = 4 22 35 85 74 89 61 24 81 36 65 19 78 30 48 18 51 17 12 
387-4-13 1?2.528 = 4 22 87 86 35 85 74 89 24 81 36 65 19 78 30 48 18 51 13 
387-4-14 1?2.597 = 4 22 35 85 74 89 61 24 81 36 19 78 30 48 18 51 50 27 14 
387-5-8 1?2.326 = 5 22 86 35 85 74 89 44 29 39 82 34 97 33 38 8 
387-6-8 1?2.146 = 6 77 80 31 69 20 83 44 29 39 82 34 97 33 38 8 
387-5-7 1?2.259 = 5 87 86 35 85 89 74 83 20 69 31 80 77 59 71 7 
387-6-7 1?2.185 = 6 77 80 31 69 87 86 22 35 85 89 74 83 59 71 7 
387-5-10 1?2.382 = 5 87 86 35 85 74 89 24 81 36 78 19 65 73 40 94 99 45 88 10 
387-5-15 1?2.503 = 5 87 86 35 85 74 89 61 96 95 21 84 75 68 58 46 70 32 28 15 
387-5-11 1?2.534 = 5 69 87 86 35 85 74 89 61 24 81 36 90 78 19 65 73 23 72 11 
387-5-9 1?2.274 = 5 87 86 35 85 74 89 24 81 36 65 43 54 82 34 9 
387-5-13 1?2.511 = 5 87 86 35 85 74 89 61 24 81 36 65 19 78 90 30 48 18 51 13 
387-5-12 1?2.406 = 5 87 86 35 85 74 89 61 24 81 36 65 19 78 30 48 18 51 17 12 
387-5-14 1?2.574 = 5 87 86 35 85 74 89 61 24 81 36 19 78 30 48 18 51 50 27 14 
387-6-10 1?1.989 = 6 80 77 71 7 66 38 33 97 34 47 94 99 45 88 10 
387-7-10 1?1.949 = 7 66 38 33 97 34 82 47 45 99 94 40 23 88 10 
387-7-8 1?2.317 = 7 64 44 29 54 94 99 45 47 34 97 33 38 66 8 
387-7-9 1?2.186 = 7 66 38 33 97 34 82 47 99 94 40 23 88 45 9 
387-6-11 1?2.427 = 6 77 80 31 69 20 85 74 89 61 24 81 36 19 65 73 23 72 11 
387-6-9 1?2.098 = 6 77 80 59 83 44 29 54 94 99 45 47 34 97 9 
387-7-11 1?2.598 = 7 66 38 33 97 34 47 94 99 40 73 65 19 78 30 48 23 72 11 
387-6-15 1?2.57 = 6 77 80 31 69 20 85 74 89 61 24 96 95 21 84 75 68 58 28 15 
387-6-12 1?2.386 = 6 77 80 59 83 44 81 36 78 19 65 73 30 48 18 51 17 12 
387-6-13 1?2.511 = 6 77 80 31 69 20 74 89 24 81 36 65 19 78 30 48 18 51 13 
387-6-14 1?2.636 = 6 77 80 59 83 44 81 36 78 19 65 73 30 48 18 51 50 27 14 
387-8-10 1?1.9 = 8 38 33 97 34 82 47 45 99 94 40 23 72 62 88 10 
387-8-11 1?1.902 = 8 38 33 97 34 82 47 94 99 45 88 62 23 72 11 
387-8-9 1?2.184 = 8 38 33 97 34 82 39 29 54 43 65 73 40 94 47 9 
387-7-15 1?2.569 = 7 66 38 33 97 34 82 54 43 65 19 78 90 25 91 67 63 15 
387-8-15 1?2.438 = 8 38 33 97 34 47 94 99 40 73 65 19 78 90 25 91 67 63 15 
387-8-12 1?2.1 = 8 38 33 97 34 82 54 43 65 19 78 30 48 18 51 17 12 
387-7-12 1?2.375 = 7 66 38 33 97 34 82 54 43 65 19 78 30 48 18 51 17 12 
387-8-13 1?2.24 = 8 38 33 97 34 47 94 99 40 73 65 19 78 30 48 18 51 13 
387-7-13 1?2.453 = 7 66 38 33 34 47 94 99 40 73 65 19 78 30 48 18 51 13 
387-7-14 1?2.563 = 7 66 38 33 34 82 54 43 65 19 78 30 48 18 51 50 27 14 
387-8-14 1?2.408 = 8 97 34 47 94 99 40 73 65 19 78 30 48 18 51 50 27 14 
387-9-10 1?2.017 = 9 97 34 82 54 43 81 36 78 19 65 73 40 88 10 
387-9-11 1?2.014 = 9 97 34 82 47 45 99 94 54 43 65 73 23 72 11 
387-10-11 1?1.937 = 10 88 45 99 94 40 43 65 19 78 30 73 23 72 11 
387-10-12 1?1.804 = 10 88 99 40 73 65 19 78 30 48 18 51 17 12 
387-9-12 1?1.902 = 9 97 34 82 54 43 65 19 78 30 48 18 51 17 12 
387-10-15 1?2.296 = 10 88 45 99 94 40 23 73 65 19 78 90 25 92 91 67 63 15 
387-9-15 1?2.418 = 9 97 34 47 45 99 40 23 73 65 19 78 90 25 91 67 63 15 
387-10-13 1?1.964 = 10 88 45 99 94 40 23 73 65 19 78 30 48 18 51 13 
387-9-13 1?2.146 = 9 97 34 47 45 99 94 40 73 65 19 78 30 48 18 51 13 
387-10-14 1?2.181 = 10 88 45 99 94 40 23 73 65 19 78 30 48 18 51 50 14 
387-9-14 1?2.296 = 9 97 34 47 94 99 40 73 65 19 78 30 48 18 51 50 27 14 
387-12-15 1?2.049 = 12 17 51 18 48 30 65 19 78 90 25 91 67 63 15 
387-14-15 1?2.235 = 14 27 50 51 18 48 30 19 78 90 25 91 67 63 15 
387-13-15 1?2.179 = 13 51 18 48 30 65 19 78 90 25 92 91 67 63 15 
387-12-13 1?2.182 = 12 17 51 18 48 30 65 19 78 90 25 92 50 13 
387-11-13 1?1.944 = 11 72 23 73 65 19 78 30 48 18 51 42 17 13 
387-11-15 1?2.349 = 11 62 88 45 99 40 23 73 65 19 78 90 25 91 67 63 15 
387-11-12 1?1.808 = 11 72 23 73 65 19 78 30 48 18 51 42 17 12 
387-13-14 1?2.106 = 13 51 18 48 73 65 19 78 90 25 92 50 27 14 
387-12-14 1?2.015 = 12 17 51 18 48 30 65 19 78 90 25 92 50 14 
387-11-14 1?2.066 = 11 72 23 73 65 19 36 78 30 48 18 51 50 27 14 
stop
