start
709-0-2 1?2.181 = 0 16 43 25 44 20 19 37 71 42 33 31 53 95 54 2 
709-0-3 1?2.385 = 0 16 43 25 44 20 19 37 58 64 52 75 76 88 91 40 99 3 
709-0-1 1?2.131 = 0 43 25 44 20 19 37 58 71 42 33 31 95 53 63 1 
709-0-11 1?2.342 = 0 16 43 25 44 20 19 37 58 64 75 52 48 85 55 17 34 94 11 
709-0-8 1?2.503 = 0 16 43 42 33 50 64 52 75 76 30 22 28 66 56 96 86 27 51 41 78 8 
709-0-10 1?2.241 = 0 16 43 25 44 20 19 37 71 58 38 85 55 17 34 94 57 36 10 
709-0-7 1?2.461 = 0 16 43 25 44 20 19 42 33 50 64 75 52 30 22 28 66 56 96 23 73 7 
709-0-4 1?2.393 = 0 16 43 42 33 50 64 52 75 76 30 22 28 66 61 26 81 77 4 
709-0-6 1?2.547 = 0 16 43 25 44 20 19 42 33 50 64 75 52 30 22 28 66 56 86 96 70 6 
709-0-5 1?2.551 = 0 16 43 25 44 20 19 37 58 64 52 75 76 88 61 26 81 77 24 5 
709-0-9 1?2.474 = 0 16 43 25 44 20 19 37 58 38 85 55 34 94 17 84 80 29 90 46 9 
709-0-13 1?1.837 = 0 16 43 49 25 44 20 19 92 37 72 83 18 67 98 13 
709-1-3 1?2.316 = 1 63 53 95 31 33 42 50 64 52 75 76 88 91 40 99 3 
709-1-2 1?2.36 = 1 63 53 95 31 50 64 52 75 76 88 91 40 99 54 2 
709-0-15 1?2.11 = 0 16 43 42 33 50 76 75 52 64 58 37 19 44 49 15 
709-1-4 1?2.273 = 1 63 53 95 31 50 64 52 75 76 88 61 26 81 77 4 
709-0-14 1?2.152 = 0 16 43 25 44 20 19 42 33 50 64 58 71 37 72 83 14 
709-1-5 1?2.489 = 1 63 53 95 31 50 64 76 75 52 22 28 66 61 26 82 47 5 
709-1-8 1?2.516 = 1 63 53 95 31 50 76 75 52 30 22 28 66 56 96 86 27 51 41 78 8 
709-1-7 1?2.439 = 1 63 53 95 31 50 64 52 75 76 30 22 28 66 56 96 86 27 23 73 7 
709-1-6 1?2.497 = 1 63 53 95 31 33 42 50 64 52 75 76 30 22 28 66 56 96 70 6 
709-0-12 1?2.306 = 0 16 43 25 44 20 19 37 71 58 38 85 55 17 34 94 89 12 
709-1-14 1?2.255 = 1 63 53 95 31 33 42 50 76 75 52 64 71 58 37 72 83 14 
709-2-5 1?2.386 = 2 54 95 53 31 50 64 52 75 76 88 61 26 81 24 5 
709-2-3 1?2.363 = 2 54 95 53 31 33 50 64 52 75 76 88 91 40 99 3 
709-2-4 1?2.358 = 2 54 95 53 31 50 64 52 75 76 88 61 26 81 77 4 
709-2-6 1?2.3 = 2 54 99 40 81 26 82 70 96 86 51 41 27 23 73 6 
709-1-15 1?2 = 1 63 53 95 31 33 42 71 58 37 19 20 44 25 49 15 
709-1-12 1?2.371 = 1 63 53 31 50 64 52 75 76 30 22 48 85 55 17 34 94 59 12 
709-1-13 1?2.334 = 1 63 53 95 31 50 76 75 30 52 64 71 58 37 72 83 18 67 13 
709-1-10 1?2.374 = 1 63 53 95 31 33 42 50 76 75 52 48 85 55 17 34 94 57 36 10 
709-1-11 1?2.421 = 1 63 53 95 31 33 42 50 64 52 75 76 30 22 48 85 55 34 94 11 
709-1-9 1?2.559 = 1 63 53 95 31 50 64 52 75 76 30 22 48 85 55 93 84 80 29 90 46 9 
709-3-5 1?2.406 = 3 40 91 88 76 75 52 30 22 28 66 61 26 82 47 5 
709-3-4 1?2.363 = 3 40 91 88 76 75 52 30 22 28 66 61 26 81 77 4 
709-2-14 1?2.34 = 2 54 95 53 31 33 42 50 76 75 52 64 71 58 37 72 83 14 
709-2-8 1?2.556 = 2 54 95 53 31 50 76 75 52 30 22 28 66 56 86 27 51 41 78 8 
709-2-9 1?2.518 = 2 54 95 53 31 50 64 52 75 76 30 22 28 66 60 74 62 65 35 9 
709-2-12 1?2.488 = 2 54 95 53 31 50 64 52 75 76 30 22 48 85 55 34 94 59 12 
709-2-7 1?2.465 = 2 54 95 53 31 50 64 52 75 76 30 22 28 66 56 86 96 23 73 7 
709-2-13 1?2.399 = 2 54 95 53 31 33 42 50 76 75 52 64 58 37 72 83 18 67 13 
709-2-15 1?2.27 = 2 54 95 53 31 50 76 75 52 64 58 37 19 44 49 15 
709-2-11 1?2.616 = 2 54 95 53 31 33 42 71 58 64 76 75 52 22 48 85 55 34 94 11 
709-2-10 1?2.513 = 2 54 95 53 31 50 64 52 75 76 30 22 48 85 55 17 34 94 57 36 10 
709-4-5 1?2.351 = 4 77 81 26 82 56 86 27 51 41 39 73 23 96 70 47 5 
709-3-6 1?2.341 = 3 99 40 81 26 82 70 96 56 86 27 51 41 39 23 73 6 
709-3-14 1?2.524 = 3 99 40 91 88 76 75 64 52 30 22 48 38 58 71 37 72 83 14 
709-3-7 1?2.48 = 3 99 40 91 88 76 75 52 30 22 28 66 56 96 86 27 39 23 73 7 
709-3-8 1?2.528 = 3 99 40 91 88 76 75 52 30 22 28 66 56 96 86 27 51 41 78 8 
709-3-9 1?2.55 = 3 99 91 88 76 75 52 30 22 48 85 55 34 17 84 80 29 90 46 9 
709-3-10 1?2.378 = 3 99 40 91 88 76 75 52 30 22 48 85 55 17 34 94 57 36 10 
709-3-11 1?2.511 = 3 99 40 91 88 76 75 64 52 30 22 48 38 85 55 34 17 94 11 
709-3-13 1?2.478 = 3 99 40 91 88 76 75 64 52 30 22 48 38 58 37 72 18 67 13 
709-3-15 1?2.411 = 3 99 40 91 88 76 75 30 52 64 58 37 92 19 20 44 25 49 15 
709-3-12 1?2.583 = 3 99 40 91 88 76 75 64 52 30 22 48 85 55 34 17 94 89 59 12 
709-4-8 1?2.144 = 4 77 81 26 82 70 96 56 86 51 41 27 23 73 39 78 8 
709-4-7 1?2.314 = 4 77 81 61 88 76 75 52 30 22 28 66 56 96 23 73 7 
709-4-6 1?2.366 = 4 77 81 26 61 88 76 75 52 30 22 28 66 56 70 6 
709-5-6 1?2.128 = 5 47 24 77 81 26 82 70 96 86 27 51 41 39 23 73 6 
709-4-9 1?2.475 = 4 77 81 26 61 66 28 22 48 85 55 34 17 84 80 29 90 46 9 
709-4-10 1?2.354 = 4 77 81 26 61 66 28 22 48 85 55 17 34 94 69 57 36 10 
709-4-15 1?2.314 = 4 77 81 26 61 88 76 75 52 64 58 37 19 20 44 25 49 15 
709-4-11 1?2.427 = 4 77 81 26 61 66 28 22 30 76 75 52 48 85 55 17 34 94 11 
709-4-14 1?2.566 = 4 77 81 26 61 66 28 22 30 76 75 52 64 50 33 42 19 20 44 87 14 
709-4-12 1?2.53 = 4 77 81 26 61 66 28 22 30 76 75 52 48 85 55 17 34 94 59 12 
709-4-13 1?2.478 = 4 77 81 26 61 66 28 22 30 76 75 52 64 58 37 72 83 18 67 13 
709-6-7 1?2.364 = 6 5 47 24 77 81 26 82 70 96 86 27 51 41 39 23 73 7 
709-5-7 1?1.974 = 5 47 24 77 81 26 82 70 96 86 27 51 41 39 23 73 7 
709-5-8 1?2.091 = 5 24 77 81 26 82 70 96 86 51 41 27 23 73 39 78 8 
709-6-8 1?2.338 = 6 70 96 86 27 51 60 45 93 84 80 29 90 46 35 65 8 
709-5-9 1?2.472 = 5 47 70 96 86 27 51 60 45 93 84 17 34 94 80 29 90 46 9 
709-5-15 1?2.342 = 5 24 81 26 61 88 76 75 52 64 58 37 19 20 44 25 49 15 
709-5-14 1?2.511 = 5 24 77 81 26 61 66 28 22 30 52 75 76 64 71 58 37 72 83 14 
709-5-12 1?2.542 = 5 24 77 81 26 61 88 76 75 52 30 22 48 85 55 34 17 94 59 12 
709-5-10 1?2.472 = 5 24 77 81 26 61 66 28 22 48 85 55 34 17 84 80 57 36 10 
709-5-13 1?2.475 = 5 47 82 26 61 66 28 22 30 76 75 52 64 71 58 37 72 18 67 13 
709-5-11 1?2.515 = 5 24 77 81 26 61 66 28 22 30 76 75 52 48 85 55 17 34 94 11 
709-7-9 1?1.991 = 7 73 23 96 86 27 51 60 45 93 84 21 80 29 90 46 9 
709-7-8 1?2.2 = 7 73 23 96 86 27 51 41 74 62 21 80 29 90 46 35 65 8 
709-7-10 1?2.032 = 7 73 23 96 86 27 51 60 45 93 84 17 34 94 57 36 10 
709-6-9 1?2.381 = 6 70 96 86 27 51 41 60 45 93 84 17 34 94 80 29 90 46 9 
709-7-11 1?2.232 = 7 73 23 27 51 86 96 56 66 28 22 48 85 55 17 34 94 11 
709-6-10 1?2.282 = 6 73 23 70 96 86 27 51 60 45 93 84 17 34 94 57 36 10 
709-6-11 1?2.38 = 6 70 96 86 56 66 28 22 30 76 75 52 48 85 55 17 34 94 11 
709-6-12 1?2.438 = 6 70 96 56 66 28 22 30 76 75 52 48 85 55 17 34 94 59 12 
709-6-15 1?2.405 = 6 70 96 56 66 28 22 30 76 75 52 64 50 33 42 19 20 44 25 49 15 
709-6-14 1?2.579 = 6 70 96 86 56 66 28 22 30 76 75 52 64 71 58 37 19 20 44 87 14 
709-6-13 1?2.515 = 6 70 96 86 56 66 28 22 30 76 75 52 64 71 58 37 72 18 67 98 13 
709-8-9 1?2.119 = 8 78 74 45 93 84 17 34 94 57 36 90 46 35 9 
709-8-10 1?2.032 = 8 65 35 46 90 29 80 21 93 84 17 34 94 57 69 36 10 
709-8-11 1?2.273 = 8 78 41 51 27 86 96 56 66 28 22 48 85 55 17 34 94 11 
709-8-12 1?2.398 = 8 65 35 46 90 36 69 57 29 80 21 93 84 17 34 94 89 12 
709-7-14 1?2.286 = 7 73 23 96 56 66 28 22 30 76 75 52 64 71 58 37 72 83 14 
709-7-12 1?2.282 = 7 73 23 70 96 86 27 51 41 60 45 93 84 17 34 94 89 59 12 
709-8-14 1?2.412 = 8 78 41 51 56 66 28 22 30 76 75 52 64 71 58 37 72 83 14 
709-7-13 1?2.244 = 7 73 23 96 86 56 66 28 22 30 52 75 64 58 37 72 18 67 13 
709-8-13 1?2.329 = 8 65 35 46 90 29 80 21 93 84 17 34 94 59 89 98 18 67 13 
709-7-15 1?2.372 = 7 73 23 96 56 66 28 22 30 52 75 64 71 58 37 19 20 44 25 49 15 
709-8-15 1?2.498 = 8 78 41 51 27 86 96 56 66 28 22 30 52 64 58 37 19 20 44 49 15 
709-10-11 1?1.978 = 10 69 57 36 90 29 80 21 93 84 17 34 94 89 59 11 
709-9-11 1?1.864 = 9 35 46 90 29 80 21 93 84 17 34 94 57 36 69 11 
709-10-13 1?1.773 = 10 36 57 29 80 84 17 34 94 59 89 98 18 67 13 
709-10-12 1?1.794 = 10 69 57 36 90 29 80 21 93 84 17 34 94 89 59 12 
709-9-12 1?1.933 = 9 35 46 90 36 57 29 80 21 93 84 17 34 94 59 12 
709-9-10 1?1.73 = 9 35 46 90 29 80 21 93 84 17 34 94 57 69 36 10 
709-10-14 1?2.197 = 10 36 57 29 80 21 93 84 17 34 55 85 38 58 37 72 83 14 
709-9-13 1?2.154 = 9 35 65 46 90 29 80 21 93 84 17 34 94 59 89 98 18 67 13 
709-10-15 1?2.222 = 10 36 57 69 94 34 17 55 85 38 58 71 37 92 19 20 44 49 15 
709-9-14 1?2.379 = 9 46 90 29 80 21 93 84 17 94 34 55 85 38 58 71 37 72 83 14 
709-9-15 1?2.426 = 9 46 90 29 80 21 93 84 17 94 34 55 85 38 58 37 19 20 44 49 15 
709-12-13 1?1.9 = 12 59 94 34 17 55 85 38 58 37 72 18 67 13 
709-11-13 1?1.856 = 11 94 34 17 55 85 38 58 71 37 72 18 67 13 
709-11-12 1?2.029 = 11 69 57 36 29 80 21 93 84 55 17 34 94 89 59 12 
709-13-14 1?2.111 = 13 67 18 72 37 71 64 75 76 50 33 42 19 20 87 14 
709-12-14 1?2.018 = 12 59 89 98 18 67 83 72 92 19 20 44 25 49 87 14 
709-13-15 1?1.957 = 13 67 18 72 37 58 64 50 33 42 19 20 44 25 49 15 
709-14-15 1?2.038 = 14 83 72 37 58 64 75 76 50 33 42 19 20 44 49 15 
709-11-14 1?2.142 = 11 94 34 17 55 85 48 22 52 75 64 58 37 72 83 14 
709-12-15 1?2.084 = 12 59 94 34 17 55 85 38 58 71 37 19 20 44 25 49 15 
709-11-15 1?2.161 = 11 94 34 17 55 85 48 52 75 64 58 37 19 20 44 49 15 
stop
