start
345-0-3 345-0-2 1?1?2.054 = 0 80 94 75 56 1.74679 =  081 80  7589 94 56 89 79 81 82 48 63 52 74 3  
48 63 20 52 82 2 
345-0-5 1?2.108 = 0 80 75 56 89 79 81 82 48 63 47 36 92 39 65 35 5 
345-0-1 1?2.324 = 0 80 75 56 89 48 63 47 36 20 52 82 81 79 1 
345-0-4 1?2.025 = 0 80 94 75 56 89 79 81 82 48 63 47 92 36 84 95 4 
345-0-6 1?2.388 = 0 80 75 56 79 81 82 48 63 47 36 95 84 39 65 35 87 6 
345-0-9 1?2.66 = 0 80 94 75 56 88 23 41 93 44 57 50 85 60 24 62 34 78 17 25 9 
345-0-10 1?2.707 = 0 80 94 75 56 88 23 41 93 44 57 50 85 60 98 83 99 86 72 10 
345-0-11 1?2.66 = 0 80 94 75 56 88 23 93 44 57 50 85 33 60 98 29 42 11 
345-0-7 1?2.502 = 0 80 75 56 88 23 41 93 44 50 85 60 24 62 49 71 51 40 31 77 69 7 
345-0-8 1?2.576 = 0 80 75 94 28 57 23 93 44 50 85 60 24 62 34 78 17 25 64 8 
345-1-2 1?2.071 = 1 79 81 89 82 48 52 63 47 92 36 20 74 3 2 
345-1-3 1?1.662 = 1 79 81 89 82 52 48 63 47 92 36 20 74 3 
345-0-14 1?2.183 = 0 27 75 94 80 76 91 66 37 21 54 90 19 68 43 14 
345-0-15 1?2.299 = 0 80 75 56 88 23 41 93 44 50 57 28 26 76 91 66 15 
345-1-4 1?2.207 = 1 79 81 89 82 48 52 74 20 47 92 36 84 95 39 65 4 
345-1-5 1?2.194 = 1 79 81 89 82 48 63 52 74 20 47 36 92 84 95 39 65 35 5 
345-1-6 1?2.453 = 1 79 81 89 82 52 48 63 67 47 92 36 84 95 39 65 35 87 70 6 
345-1-7 1?2.562 = 1 79 81 82 48 63 47 36 95 84 39 65 35 87 22 51 71 40 31 77 69 7 
345-0-12 1?2.651 = 0 80 75 56 88 23 41 93 44 57 50 85 60 98 29 55 96 38 12 
345-1-8 1?2.476 = 1 79 81 82 48 63 47 36 92 30 22 51 71 40 31 77 69 8 
345-0-13 1?2.686 = 0 80 94 75 56 88 23 41 93 44 50 57 28 26 21 54 68 19 13 
345-2-4 1?1.455 = 2 79 81 89 82 48 63 52 74 20 36 84 95 4 
345-2-3 1?1.447 = 2 79 81 89 82 52 48 63 47 92 36 20 74 3 
345-1-11 1?2.525 = 1 79 81 82 48 67 97 16 23 93 44 50 85 98 29 42 11 
345-2-5 1?1.809 = 2 79 81 89 82 52 48 63 20 47 92 36 95 84 39 65 35 5 
345-1-9 1?2.567 = 1 79 81 89 58 16 41 23 93 44 50 85 60 24 62 34 78 17 25 9 
345-1-14 1?2.474 = 1 79 81 89 58 16 41 23 93 44 50 85 53 59 90 19 68 14 
345-1-15 1?2.102 = 1 79 81 82 52 63 48 89 56 75 94 76 91 15 
345-1-10 1?2.568 = 1 79 81 82 48 63 67 97 16 23 93 44 50 85 98 83 99 32 10 
345-2-6 1?2.089 = 2 79 81 82 52 48 63 67 47 92 36 95 84 39 65 35 87 70 6 
345-1-13 1?2.642 = 1 79 81 82 48 63 67 97 16 41 23 93 44 50 85 53 55 96 38 13 
345-1-12 1?2.565 = 1 79 81 82 48 63 67 97 16 41 23 93 44 50 85 98 29 46 12 
345-3-4 1?1.356 = 3 74 52 82 81 79 89 48 63 47 36 84 95 4 
345-3-5 1?1.453 = 3 74 20 52 48 63 47 92 36 95 84 39 65 35 5 
345-2-14 1?2.259 = 2 79 81 89 58 16 41 23 93 44 50 85 53 59 90 19 68 14 
345-2-15 1?1.887 = 2 79 81 82 52 63 48 89 56 75 94 76 91 15 
345-2-9 1?2.38 = 2 79 81 89 58 88 23 93 44 57 50 85 60 24 62 34 78 17 25 9 
345-2-7 1?2.236 = 2 79 81 82 52 48 63 47 36 95 84 39 65 35 87 70 45 31 77 69 7 
345-2-13 1?2.503 = 2 79 81 82 48 63 67 97 16 23 93 44 57 50 85 53 55 96 38 13 
345-2-8 1?2.261 = 2 79 81 82 48 63 47 36 92 30 22 51 71 40 31 77 69 8 
345-2-10 1?2.436 = 2 79 81 82 48 63 67 97 16 41 23 93 44 50 85 60 98 83 99 32 10 
345-2-12 1?2.35 = 2 79 81 82 48 63 67 97 16 41 23 93 44 50 85 98 29 46 12 
345-2-11 1?2.447 = 2 79 81 82 52 48 63 67 97 16 41 23 93 44 50 85 98 29 42 11 
345-4-5 1?1.583 = 4 95 36 20 52 82 48 63 47 92 84 39 65 35 5 
345-3-6 1?1.751 = 3 74 52 82 48 63 20 36 95 84 39 65 35 87 6 
345-3-14 1?2.267 = 3 74 52 48 63 67 97 16 41 23 93 44 50 85 53 59 90 19 68 14 
345-3-7 1?2.215 = 3 74 52 48 63 47 92 36 95 84 39 65 35 87 70 45 40 31 77 69 7 
345-3-9 1?2.344 = 3 74 52 48 63 67 97 16 23 93 44 50 85 60 24 62 34 78 17 25 9 
345-3-15 1?2.104 = 3 74 20 47 63 48 52 82 81 79 89 56 75 94 76 91 15 
345-3-13 1?2.457 = 3 74 52 63 48 82 81 79 89 56 75 94 26 21 54 68 19 43 13 
345-3-10 1?2.407 = 3 74 52 48 63 67 97 16 41 23 93 44 50 85 60 98 83 99 86 72 10 
345-3-11 1?2.391 = 3 74 52 48 63 67 97 16 41 23 93 44 57 50 85 60 98 29 42 11 
345-3-12 1?2.354 = 3 74 52 48 63 67 97 16 41 23 93 44 57 50 85 53 55 96 38 12 
345-3-8 1?2.36 = 3 74 52 48 67 97 16 41 23 93 44 50 85 60 24 62 34 78 17 25 64 8 
345-4-7 1?1.702 = 4 95 84 36 92 30 22 51 71 40 45 31 77 69 7 
345-5-6 1?1.836 = 5 35 65 39 30 22 51 71 40 31 77 69 45 70 87 6 
345-4-6 1?1.797 = 4 95 84 36 92 30 22 51 71 40 31 77 69 45 6 
345-4-9 1?2.31 = 4 95 84 36 92 97 16 41 23 93 44 50 85 33 62 34 78 17 25 9 
345-4-11 1?2.346 = 4 95 84 36 92 97 16 41 23 93 44 57 50 85 60 98 29 42 11 
345-4-10 1?2.358 = 4 95 84 36 92 97 16 41 23 93 44 57 50 85 60 98 83 99 32 10 
345-4-14 1?2.354 = 4 95 84 36 47 63 48 52 82 81 79 56 75 94 26 21 54 68 14 
345-4-8 1?2.233 = 4 95 84 92 97 16 41 23 93 44 50 85 60 24 62 49 73 18 64 8 
345-4-15 1?2.173 = 4 95 84 36 92 47 63 48 52 82 81 79 56 75 94 76 91 66 15 
345-4-13 1?2.539 = 4 95 84 36 47 63 48 82 81 79 56 75 94 26 21 54 68 19 43 13 
345-4-12 1?2.676 = 4 95 84 36 47 20 52 48 63 67 97 16 41 23 93 44 50 85 53 55 96 38 12 
345-5-7 1?1.745 = 5 35 65 39 84 36 92 30 22 51 71 40 31 77 69 7 
345-6-7 1?2.119 = 6 87 35 65 39 84 95 36 92 30 22 51 40 31 69 7 
345-6-8 1?1.825 = 6 70 45 51 71 40 31 77 69 18 17 78 34 25 64 8 
345-5-9 1?2.298 = 5 35 65 39 30 22 51 40 31 77 69 18 17 78 34 86 72 61 9 
345-5-8 1?2.11 = 5 35 87 70 45 51 71 40 31 77 69 18 17 78 34 25 64 8 
345-5-14 1?2.47 = 5 35 65 39 84 36 92 97 16 41 23 93 44 50 57 28 59 90 19 68 14 
345-5-11 1?2.448 = 5 35 65 39 84 92 97 16 41 23 93 44 57 50 85 98 29 42 11 
345-5-10 1?2.345 = 5 35 65 39 30 22 51 71 40 31 77 69 18 17 78 34 86 72 10 
345-5-15 1?2.23 = 5 35 65 39 84 36 47 63 48 82 81 79 56 75 94 76 91 66 15 
345-5-13 1?2.597 = 5 35 65 39 84 95 36 92 97 16 41 23 93 44 50 57 53 55 96 38 13 
345-5-12 1?2.536 = 5 35 65 39 84 95 36 92 97 16 41 23 93 44 50 85 53 55 96 38 12 
345-6-9 1?1.912 = 6 45 51 71 40 31 77 69 18 17 78 34 86 72 61 9 
345-7-9 1?1.935 = 7 69 77 31 40 45 51 71 73 17 78 25 86 72 61 9 
345-7-8 1?1.814 = 7 69 77 31 40 51 71 49 73 18 17 78 34 25 64 8 
345-7-10 1?1.901 = 7 69 77 31 45 51 71 40 73 17 78 34 86 72 32 10 
345-7-11 1?2.513 = 7 69 77 31 40 51 71 49 62 33 93 44 50 85 98 29 42 11 
345-6-10 1?2.426 = 6 70 45 51 71 40 31 77 69 18 64 25 17 78 34 86 72 32 10 
345-6-11 1?2.599 = 6 87 70 45 51 71 40 31 77 69 18 17 78 34 86 72 32 42 11 
345-6-15 1?2.529 = 6 87 35 65 39 84 36 47 63 48 82 81 79 56 75 94 76 66 15 
345-6-14 1?2.758 = 6 70 45 69 77 31 40 51 71 49 62 24 98 29 55 96 90 19 68 43 14 
345-6-13 1?2.798 = 6 70 45 77 31 40 51 71 49 62 24 60 98 53 55 96 90 19 68 43 13 
345-6-12 1?2.822 = 6 70 45 40 51 71 49 62 24 60 85 50 44 93 23 57 53 55 96 38 12 
345-8-9 1?2.024 = 8 64 18 69 77 31 40 71 73 17 78 34 86 72 61 9 
345-8-11 1?2.402 = 8 69 77 31 40 51 71 49 73 17 78 34 86 99 42 11 
345-8-10 1?2.061 = 8 64 18 69 77 31 40 51 71 73 17 78 34 86 72 10 
345-8-12 1?2.434 = 8 64 25 17 78 34 62 33 60 85 98 29 55 96 38 12 
345-8-14 1?2.68 = 8 64 25 17 78 34 62 33 85 50 44 93 23 57 28 26 21 54 68 14 
345-8-13 1?2.734 = 8 64 25 17 78 34 62 24 60 85 50 44 93 23 57 53 55 96 38 13 
345-7-14 1?2.613 = 7 69 77 31 40 51 71 49 62 24 60 33 85 98 29 55 96 90 19 68 14 
345-7-13 1?2.628 = 7 69 77 31 40 51 71 49 62 33 60 98 29 55 96 90 19 68 43 13 
345-7-15 1?2.554 = 7 69 77 31 40 51 71 49 33 85 50 44 93 23 57 28 26 76 91 66 15 
345-8-15 1?2.615 = 8 64 25 17 78 34 62 24 60 85 50 44 93 23 57 28 26 76 91 66 15 
345-7-12 1?2.633 = 7 69 77 31 40 51 71 49 33 85 50 44 93 23 57 53 55 96 38 12 
345-10-13 1?2.495 = 10 72 86 25 17 78 34 83 29 55 96 90 19 68 43 13 
345-10-11 1?2.558 = 10 72 86 34 78 17 73 49 62 24 33 60 98 29 42 11 
345-9-11 1?2.504 = 9 61 72 86 34 78 17 73 49 62 33 60 98 29 42 11 
345-9-10 1?2.381 = 9 25 18 69 77 31 40 51 71 73 17 78 34 86 72 32 10 
345-9-12 1?2.51 = 9 61 72 86 34 78 17 73 49 62 24 60 98 55 96 38 12 
345-10-12 1?2.57 = 10 72 86 25 17 78 34 62 33 60 98 29 55 96 38 12 
345-9-13 1?2.741 = 9 61 72 86 25 17 78 34 62 24 60 98 55 96 90 19 68 43 13 
345-10-14 1?2.73 = 10 72 86 99 83 24 60 85 50 44 93 41 23 57 28 59 90 19 68 14 
345-9-14 1?2.72 = 9 25 17 78 34 62 24 60 85 50 44 93 41 23 57 28 26 21 54 68 14 
345-10-15 1?2.71 = 10 72 86 99 83 24 60 85 50 57 44 93 23 88 56 75 94 76 66 15 
345-9-15 1?2.672 = 9 25 17 78 34 62 24 60 85 50 44 93 23 88 56 75 94 76 91 66 15 
345-11-14 1?2.526 = 11 42 29 98 85 50 44 93 23 57 28 26 21 54 68 14 
345-12-14 1?2.519 = 12 46 29 98 85 50 44 93 23 57 28 26 21 54 68 14 
345-13-14 1?2.416 = 13 43 19 68 54 21 26 94 75 27 80 76 91 66 37 14 
345-11-13 1?2.641 = 11 42 29 98 85 50 44 93 41 23 57 53 55 96 38 13 
345-12-13 1?2.67 = 12 46 29 98 85 50 44 93 23 57 28 59 90 19 43 13 
345-13-15 1?2.292 = 13 43 19 68 54 21 26 94 75 27 80 76 91 66 37 15 
345-14-15 1?2.189 = 14 43 19 68 54 21 26 94 75 56 27 80 76 91 66 15 
345-12-15 1?2.429 = 12 38 90 19 68 54 21 26 94 75 80 76 37 66 91 15 
345-11-12 1?2.601 = 11 42 29 98 85 50 44 93 41 23 57 53 55 96 38 12 
345-11-15 1?2.636 = 11 42 29 98 85 50 57 44 93 23 88 56 75 94 76 91 66 15 
stop
