start
643-0-2 1?2.335 = 0 56 47 53 61 19 84 60 73 72 44 78 46 39 2 
643-0-3 1?2.007 = 0 56 47 93 53 61 19 84 73 60 63 39 46 52 77 3 
643-0-1 1?2.392 = 0 56 47 80 92 86 42 31 59 83 93 53 61 19 1 
643-0-4 1?2.379 = 0 56 47 53 61 19 84 73 63 39 46 44 78 99 82 27 62 21 4 
643-0-6 1?2.419 = 0 56 47 83 80 92 86 40 20 58 38 96 55 36 91 97 70 28 6 
643-0-5 1?2.492 = 0 56 47 61 53 93 83 80 92 86 40 20 42 31 59 67 99 82 27 5 
643-0-7 1?2.499 = 0 56 47 80 92 86 40 20 58 38 96 55 36 91 97 70 74 7 
643-0-9 1?2.467 = 0 56 47 80 92 86 40 20 58 38 33 65 37 79 35 41 95 98 54 9 
643-0-8 1?2.524 = 0 56 47 61 53 93 83 80 92 86 40 20 58 33 65 37 79 35 95 41 8 
643-0-11 1?2.547 = 0 56 47 61 53 93 83 80 92 88 87 16 81 48 25 57 69 34 11 
643-0-10 1?2.559 = 0 56 47 61 53 93 83 80 92 86 40 20 58 17 64 23 30 10 
643-1-2 1?2.053 = 1 60 73 84 19 61 53 47 80 83 93 72 46 39 63 2 
643-0-14 1?2.205 = 0 76 29 90 89 26 71 32 48 25 57 43 51 49 85 14 
643-0-15 1?2.265 = 0 56 47 61 19 84 73 53 93 83 80 24 29 90 45 15 
643-0-12 1?2.377 = 0 56 47 61 53 93 83 80 92 88 87 16 81 48 25 57 69 12 
643-1-3 1?2.096 = 1 19 84 61 53 73 60 63 39 46 44 78 52 77 3 
643-0-13 1?2.299 = 0 56 19 84 73 61 53 93 83 80 24 71 26 51 49 85 13 
643-1-6 1?2.277 = 1 19 84 61 53 93 83 86 40 20 58 38 96 55 36 91 97 70 28 6 
643-1-4 1?2.224 = 1 19 84 61 53 93 83 80 86 40 20 42 31 59 44 78 21 4 
643-1-7 1?2.487 = 1 19 84 61 53 93 83 80 92 86 42 38 96 55 36 91 97 70 74 7 
643-1-5 1?2.232 = 1 19 84 61 53 93 83 86 40 20 42 31 59 67 99 82 27 18 5 
643-1-8 1?2.47 = 1 19 84 61 53 93 83 80 92 86 40 20 58 38 33 65 37 79 35 41 95 98 8 
643-1-15 1?2.01 = 1 60 73 84 19 61 53 72 93 83 80 24 29 90 45 15 
643-1-14 1?2.185 = 1 19 84 73 61 53 93 83 80 24 71 94 43 51 49 85 14 
643-1-13 1?2.119 = 1 19 84 73 61 53 93 83 80 24 71 26 94 43 51 49 85 13 
643-1-12 1?2.157 = 1 19 84 73 61 53 93 83 80 92 88 87 81 25 57 69 12 
643-1-11 1?2.277 = 1 19 84 61 53 93 83 80 92 88 87 16 81 25 57 69 34 11 
643-2-4 1?1.923 = 2 60 73 84 19 61 53 72 44 78 99 82 27 62 21 4 
643-2-3 1?2.007 = 2 60 73 84 19 61 53 72 39 46 44 78 52 77 3 
643-2-6 1?2.227 = 2 60 73 84 19 61 53 93 83 86 42 55 36 91 97 70 28 6 
643-2-5 1?2.036 = 2 60 73 84 19 61 53 93 72 44 78 67 99 82 27 18 5 
643-1-9 1?2.408 = 1 19 84 61 53 93 83 80 92 86 40 20 58 33 65 37 79 41 95 98 54 9 
643-1-10 1?2.377 = 1 19 84 61 53 93 83 80 92 86 42 20 58 17 64 23 30 10 
643-2-15 1?2.289 = 2 60 73 84 19 61 53 72 93 83 80 86 92 24 29 90 45 15 
643-2-14 1?2.254 = 2 60 73 84 19 61 53 93 83 80 24 71 26 94 43 51 49 14 
643-2-12 1?2.236 = 2 60 73 84 19 61 53 93 83 80 92 88 87 16 81 25 57 69 12 
643-3-4 1?2.149 = 3 46 39 63 60 73 84 19 61 53 72 44 78 62 21 4 
643-2-13 1?2.267 = 2 60 73 84 19 61 53 72 93 83 80 24 71 26 94 43 51 49 85 13 
643-2-11 1?2.354 = 2 60 73 84 19 61 53 93 83 80 92 88 87 81 25 57 69 34 11 
643-2-9 1?2.348 = 2 60 73 84 19 61 53 93 83 86 42 38 33 65 37 79 41 95 98 9 
643-2-8 1?2.277 = 2 60 73 84 19 61 53 93 83 86 42 20 58 33 65 37 79 41 8 
643-3-5 1?2.135 = 3 46 39 63 73 84 19 61 53 72 44 78 99 82 27 18 5 
643-2-7 1?2.404 = 2 60 73 84 19 61 53 93 83 80 92 86 40 20 58 33 65 50 7 
643-2-10 1?2.498 = 2 60 73 84 19 61 53 93 83 80 92 86 40 20 58 17 64 23 30 10 
643-3-15 1?2.425 = 3 46 39 63 60 73 84 19 61 53 72 93 47 56 76 29 90 45 15 
643-3-14 1?2.432 = 3 46 39 63 73 84 19 61 53 93 83 80 24 71 26 51 49 85 14 
643-3-6 1?2.26 = 3 77 52 78 44 59 31 55 96 38 33 65 36 91 97 70 28 6 
643-3-12 1?2.437 = 3 77 52 78 44 59 31 55 96 38 58 20 40 88 87 81 25 57 12 
643-4-5 1?1.822 = 4 77 52 21 62 27 82 99 67 22 75 97 70 28 18 5 
643-3-13 1?2.393 = 3 46 39 63 73 84 19 61 53 93 83 80 24 71 26 94 51 49 85 13 
643-3-11 1?2.611 = 3 77 52 78 44 59 31 55 96 38 58 88 87 16 81 25 57 69 34 11 
643-3-9 1?2.399 = 3 77 52 78 44 59 31 55 96 38 58 33 65 37 79 35 41 95 98 54 9 
643-3-7 1?2.622 = 3 77 52 78 44 59 31 55 96 38 58 33 65 36 91 97 70 28 74 7 
643-3-8 1?2.402 = 3 77 52 78 44 59 31 55 96 38 58 33 65 37 79 35 41 95 98 54 8 
643-3-10 1?2.707 = 3 77 52 78 44 59 31 55 96 38 58 33 65 37 79 41 95 35 68 23 30 10 
643-5-6 1?1.93 = 5 18 27 82 99 67 59 31 55 96 36 91 97 70 28 6 
643-4-6 1?2.05 = 4 21 62 27 82 99 67 59 31 55 96 36 91 97 70 28 6 
643-4-8 1?2.008 = 4 21 62 27 82 99 67 22 75 97 91 50 37 79 35 95 41 8 
643-4-15 1?2.481 = 4 21 62 27 82 99 67 59 31 55 96 38 58 20 40 86 92 24 29 15 
643-4-7 1?2.163 = 4 21 62 27 82 99 67 22 75 97 91 50 37 79 35 95 41 7 
643-4-14 1?2.481 = 4 21 78 44 59 31 55 96 38 58 20 40 88 87 32 94 51 49 85 14 
643-4-9 1?2.253 = 4 21 78 44 59 31 55 96 38 58 33 65 37 79 35 41 95 98 54 9 
643-4-12 1?2.502 = 4 21 78 44 59 31 55 96 38 58 20 42 40 88 87 16 81 25 57 69 12 
643-4-13 1?2.493 = 4 21 78 44 59 31 55 96 38 58 20 40 88 87 32 48 43 51 49 85 13 
643-4-11 1?2.574 = 4 21 78 44 59 31 55 96 38 58 20 40 88 87 16 81 25 57 69 34 11 
643-4-10 1?2.455 = 4 21 62 27 82 99 67 22 75 97 91 50 37 79 41 95 35 68 23 30 10 
643-6-8 1?1.969 = 6 28 70 97 91 36 55 96 38 33 65 37 79 35 95 41 8 
643-5-8 1?1.963 = 5 18 27 82 99 67 22 75 97 50 37 79 35 41 95 98 54 8 
643-5-7 1?2.14 = 5 18 27 82 99 67 59 31 55 96 38 58 33 65 50 7 
643-6-7 1?2.124 = 6 28 70 97 91 36 55 96 38 33 65 37 79 35 95 41 7 
643-5-15 1?2.487 = 5 18 27 82 99 78 44 59 31 55 96 38 58 20 40 86 92 24 29 15 
643-5-14 1?2.533 = 5 18 27 82 99 67 59 31 55 96 38 58 20 40 88 87 32 94 26 89 14 
643-5-9 1?2.201 = 5 18 27 82 99 67 59 31 55 96 38 33 65 37 79 35 41 95 98 9 
643-5-11 1?2.475 = 5 18 27 82 99 67 59 31 42 20 40 88 87 16 81 25 57 69 34 11 
643-5-12 1?2.38 = 5 18 27 82 99 67 59 31 55 96 38 58 88 87 16 81 25 57 69 12 
643-5-13 1?2.415 = 5 18 27 82 99 67 59 31 55 96 38 58 88 87 32 94 43 51 49 85 13 
643-5-10 1?2.387 = 5 18 27 82 99 67 59 31 55 96 38 58 33 66 17 64 23 30 10 
643-6-9 1?1.997 = 6 28 70 97 91 36 55 96 38 33 65 37 79 41 95 98 9 
643-7-9 1?2.161 = 7 74 70 97 91 36 55 96 38 33 65 37 79 41 95 98 9 
643-7-8 1?2.133 = 7 74 70 97 91 36 55 96 38 33 65 37 79 35 95 41 8 
643-7-11 1?2.514 = 7 74 70 97 91 36 55 96 38 58 88 87 16 81 25 57 69 11 
643-6-11 1?2.407 = 6 28 70 97 91 36 55 96 38 58 20 40 88 87 81 25 57 69 11 
643-6-15 1?2.646 = 6 28 70 97 75 22 91 36 55 96 38 58 20 40 42 86 92 24 29 90 45 15 
643-6-12 1?2.43 = 6 28 70 97 91 36 55 96 38 58 20 40 88 87 16 81 48 25 57 69 12 
643-7-10 1?2.321 = 7 74 70 97 91 36 55 96 38 33 66 17 64 23 30 10 
643-6-10 1?2.157 = 6 28 70 97 91 36 55 96 38 33 66 17 64 23 30 10 
643-6-14 1?2.596 = 6 28 70 97 75 22 91 36 55 96 38 58 20 40 88 87 32 94 51 49 85 14 
643-6-13 1?2.474 = 6 28 70 97 91 36 55 96 38 58 20 40 88 87 81 25 43 51 49 85 13 
643-8-11 1?2.177 = 8 54 98 95 41 35 79 37 65 33 66 17 64 23 30 34 11 
643-8-9 1?2.362 = 8 41 95 35 79 37 65 33 38 96 55 42 20 58 66 68 9 
643-7-12 1?2.401 = 7 74 70 97 91 36 55 96 38 58 20 40 88 87 81 25 57 12 
643-7-15 1?2.637 = 7 74 28 70 97 91 36 55 96 38 58 20 42 86 92 80 24 29 15 
643-8-12 1?2.221 = 8 41 95 35 79 37 65 33 58 20 40 88 87 16 81 25 57 12 
643-8-14 1?2.396 = 8 41 95 35 79 37 65 33 38 58 88 87 32 94 43 51 49 85 14 
643-8-13 1?2.269 = 8 41 95 35 79 37 65 33 38 58 88 87 32 94 43 51 49 85 13 
643-7-13 1?2.44 = 7 74 70 97 91 36 55 96 38 58 88 87 32 94 43 51 49 85 13 
643-7-14 1?2.591 = 7 74 70 97 91 36 55 96 38 58 20 40 88 87 32 94 51 49 85 14 
643-8-10 1?2.228 = 8 98 95 41 35 79 37 66 33 38 58 17 64 23 30 10 
643-8-15 1?2.586 = 8 41 95 35 79 37 65 33 58 38 96 55 31 42 20 40 86 92 24 29 15 
643-10-11 1?2.088 = 10 30 23 64 17 88 87 16 81 48 25 57 69 34 11 
643-9-11 1?2.174 = 9 54 98 95 41 35 79 37 65 33 66 17 64 23 30 34 11 
643-10-13 1?2.06 = 10 30 23 64 16 81 57 25 48 32 94 43 51 49 85 13 
643-9-12 1?2.122 = 9 98 95 41 35 79 37 65 33 66 17 16 81 25 57 69 12 
643-10-12 1?2.217 = 10 30 23 64 16 87 88 71 26 94 32 48 25 57 69 12 
643-9-15 1?2.446 = 9 54 98 95 41 35 79 37 65 33 38 58 20 40 42 86 92 24 29 15 
643-9-13 1?2.306 = 9 54 98 95 41 79 37 65 33 58 20 40 88 87 32 94 51 49 85 13 
643-9-10 1?2.227 = 9 54 98 95 41 35 79 37 65 33 38 58 17 64 23 30 10 
643-9-14 1?2.494 = 9 54 98 95 41 79 37 65 33 38 58 20 40 88 87 32 94 51 49 85 14 
643-10-14 1?2.608 = 10 30 23 64 17 66 33 38 58 20 40 88 87 32 94 51 49 85 14 
643-10-15 1?2.754 = 10 30 23 68 35 95 41 79 37 65 33 38 58 20 40 42 86 92 24 29 15 
643-12-15 1?1.989 = 12 69 57 25 48 81 16 87 88 71 26 89 90 45 29 15 
643-14-15 1?2.085 = 14 85 49 51 43 48 81 16 87 88 32 94 26 89 90 45 15 
643-11-13 1?1.829 = 11 34 69 57 25 81 48 32 71 26 94 43 51 49 85 13 
643-13-15 1?1.958 = 13 85 49 51 43 48 81 16 87 88 32 94 26 89 90 45 15 
643-12-13 1?1.764 = 12 69 57 25 48 81 16 87 88 32 94 43 51 49 85 13 
643-11-12 1?2.025 = 11 34 30 23 64 17 88 87 16 81 48 25 57 69 12 
643-12-14 1?1.891 = 12 69 57 25 48 81 16 87 88 32 94 43 51 49 85 14 
643-13-14 1?1.987 = 13 85 49 51 43 25 57 81 16 87 88 32 94 26 89 14 
643-11-14 1?2.301 = 11 34 69 57 25 48 81 16 87 88 32 71 26 94 43 51 49 85 14 
643-11-15 1?2.6 = 11 34 69 57 25 48 81 16 87 88 40 20 42 86 92 80 24 29 15 
stop
