start
394-0-3 1?2.023 = 0 48 92 73 25 96 30 52 89 17 26 84 22 20 63 82 3 
394-0-2 1?2.237 = 0 38 42 79 92 73 25 96 30 52 89 17 26 84 22 20 2 
394-0-8 1?2.505 = 0 38 79 42 36 67 78 19 97 94 98 31 88 32 44 23 70 86 8 
394-0-6 1?2.53 = 0 48 92 73 25 77 60 37 58 53 45 39 27 57 74 83 28 43 90 6 
394-0-1 1?2.307 = 0 48 92 73 25 96 30 89 17 26 84 22 76 56 35 87 1 
394-0-7 1?2.766 = 0 38 79 42 36 67 78 19 80 33 62 29 53 45 39 27 74 83 28 7 
394-0-4 1?2.491 = 0 48 92 73 25 96 30 89 17 26 84 22 20 63 82 16 64 72 51 4 
394-0-11 1?2.675 = 0 48 92 73 25 96 30 52 18 45 58 53 29 62 33 31 98 49 59 11 
394-0-5 1?2.713 = 0 48 92 73 25 96 30 52 89 17 26 84 22 20 63 82 16 64 72 51 5 
394-0-10 1?2.538 = 0 48 92 73 96 30 52 18 45 58 53 29 62 33 31 98 24 34 10 
394-0-9 1?2.746 = 0 38 79 42 36 67 78 19 97 94 98 31 88 32 44 23 70 86 9 
394-0-15 1?2.146 = 0 48 73 92 79 42 36 67 78 19 85 47 91 75 54 15 
394-1-2 1?2.085 = 1 35 56 48 92 73 25 96 30 52 89 17 26 84 22 20 2 
394-0-14 1?2.32 = 0 38 79 42 36 67 78 19 41 46 69 99 40 85 47 14 
394-1-3 1?2.014 = 1 87 35 76 56 96 30 52 89 17 26 84 22 20 63 82 3 
394-0-13 1?2.205 = 0 48 73 92 38 75 42 79 36 67 78 19 40 85 47 13 
394-1-7 1?2.691 = 1 87 35 56 96 25 77 60 37 58 53 45 39 27 95 57 74 83 28 43 7 
394-1-4 1?2.083 = 1 87 35 76 56 96 30 50 84 22 20 63 82 16 72 64 4 
394-1-6 1?2.452 = 1 87 35 56 96 25 77 60 37 58 53 45 39 27 74 83 28 43 90 6 
394-1-8 1?2.561 = 1 87 35 56 96 30 89 52 18 39 27 45 53 95 66 81 44 23 70 86 8 
394-0-12 1?2.644 = 0 38 79 42 36 67 78 19 97 94 31 98 24 49 59 46 69 12 
394-1-5 1?2.704 = 1 87 35 76 56 96 30 52 89 17 26 84 22 20 63 82 16 64 72 51 5 
394-1-14 1?2.046 = 1 87 35 56 73 92 38 79 42 36 67 78 19 85 47 14 
394-2-3 1?2.105 = 2 68 76 35 56 48 92 73 96 30 52 89 17 26 63 82 3 
394-1-15 1?2.049 = 1 87 35 56 50 30 96 25 73 48 92 79 42 38 75 54 15 
394-1-11 1?2.638 = 1 87 35 56 96 30 52 18 39 27 45 53 29 62 33 31 98 49 59 11 
394-1-10 1?2.684 = 1 87 35 56 96 30 89 52 18 39 27 45 53 29 62 33 31 98 24 34 10 
394-1-9 1?2.73 = 1 87 35 56 96 30 52 18 39 27 45 58 53 29 62 33 31 98 21 55 9 
394-2-6 1?2.292 = 2 20 22 84 26 17 89 52 18 45 39 27 57 74 83 28 43 90 6 
394-2-4 1?2.079 = 2 20 22 84 50 30 52 89 17 26 63 82 16 64 72 51 4 
394-2-5 1?2.57 = 2 20 22 84 26 17 89 52 18 45 39 27 57 74 83 28 43 90 5 
394-1-13 1?2.372 = 1 87 35 76 56 48 73 92 38 79 42 36 67 78 19 40 85 47 13 
394-1-12 1?2.524 = 1 87 35 56 73 92 79 42 38 75 91 47 85 67 78 19 41 46 69 12 
394-2-15 1?1.972 = 2 20 22 84 50 30 96 77 25 73 92 79 42 38 75 54 15 
394-3-5 1?2.126 = 3 82 63 20 22 84 50 30 52 89 17 26 16 64 72 51 5 
394-2-14 1?2.338 = 2 68 76 35 56 48 73 92 38 79 42 36 67 78 19 40 85 47 14 
394-2-11 1?2.552 = 2 20 22 84 50 30 52 18 39 45 58 53 29 62 33 31 98 24 49 59 11 
394-2-9 1?2.607 = 2 20 22 84 50 30 52 18 39 27 45 58 53 29 62 33 31 98 21 55 9 
394-2-7 1?2.507 = 2 20 22 84 26 17 89 52 18 39 27 45 58 53 95 57 74 83 28 7 
394-3-4 1?1.994 = 3 82 63 20 22 84 50 30 52 89 17 26 16 64 72 51 4 
394-2-10 1?2.595 = 2 20 22 84 26 17 89 52 18 39 27 45 58 53 29 62 33 31 98 24 34 10 
394-2-8 1?2.409 = 2 20 22 84 26 17 89 52 18 39 27 45 53 95 66 81 44 23 70 86 8 
394-2-12 1?2.475 = 2 20 22 84 76 35 56 48 73 92 38 79 42 36 67 78 19 41 46 69 12 
394-2-13 1?2.596 = 2 20 22 84 50 30 96 25 73 92 48 38 79 42 36 67 78 19 40 85 13 
394-3-6 1?2.003 = 3 82 63 26 17 89 52 18 39 27 74 83 28 43 90 6 
394-4-5 1?2.248 = 4 64 72 71 61 27 39 45 53 95 57 83 28 43 90 5 
394-3-9 1?2.429 = 3 82 63 20 22 84 50 30 52 18 45 39 27 95 66 81 44 32 9 
394-3-7 1?2.326 = 3 82 63 20 22 84 26 17 89 52 18 45 39 27 74 83 28 43 7 
394-3-8 1?2.213 = 3 82 63 26 17 89 52 18 45 39 27 95 66 81 44 23 70 86 8 
394-3-14 1?2.439 = 3 82 63 20 22 76 35 56 73 92 79 42 36 67 78 19 40 85 47 14 
394-3-15 1?2.243 = 3 82 63 20 22 84 26 17 89 30 96 25 73 92 79 42 38 75 54 15 
394-3-11 1?2.563 = 3 82 63 26 17 89 52 18 39 27 45 53 29 62 33 31 98 24 49 59 11 
394-3-10 1?2.501 = 3 82 63 26 17 89 52 18 39 27 45 58 53 29 62 33 31 98 24 34 10 
394-3-13 1?2.438 = 3 82 63 20 22 84 76 35 56 73 92 38 79 42 36 67 78 19 40 13 
394-3-12 1?2.436 = 3 82 63 20 22 84 76 35 56 73 92 79 42 36 67 78 19 41 46 69 12 
394-4-8 1?1.877 = 4 64 72 71 61 27 39 45 95 66 81 44 23 70 86 8 
394-4-7 1?2.044 = 4 64 72 71 61 27 39 45 58 53 95 57 74 83 28 7 
394-4-6 1?1.97 = 4 64 72 71 61 27 39 45 53 95 57 83 28 43 90 6 
394-5-6 1?1.996 = 5 71 61 27 39 45 58 53 95 57 74 83 28 43 90 6 
394-4-9 1?2.391 = 4 64 72 71 61 27 39 45 53 29 62 33 31 98 24 34 21 55 9 
394-4-14 1?2.542 = 4 64 72 71 61 27 39 45 53 29 33 80 78 19 40 85 47 14 
394-4-10 1?2.452 = 4 64 72 51 71 61 27 39 45 53 29 62 33 31 98 49 24 21 34 10 
394-4-15 1?2.463 = 4 51 72 64 16 82 63 20 22 84 76 35 56 48 73 92 79 42 38 75 54 15 
394-4-11 1?2.697 = 4 64 72 51 71 61 27 39 45 53 95 66 81 44 32 88 31 98 24 49 59 11 
394-4-13 1?2.511 = 4 64 72 71 61 27 39 45 58 53 29 62 33 80 67 78 19 40 13 
394-4-12 1?2.389 = 4 64 72 71 61 27 45 53 29 62 33 31 98 94 97 41 46 69 12 
394-5-8 1?1.885 = 5 71 61 27 39 45 58 53 95 66 81 44 23 70 86 8 
394-6-8 1?1.686 = 6 90 43 28 83 74 57 66 81 44 32 23 70 86 8 
394-6-7 1?2.021 = 6 90 43 28 83 74 27 39 45 95 66 81 44 23 70 7 
394-5-7 1?2.156 = 5 71 61 27 39 45 58 53 95 66 57 74 83 28 43 7 
394-5-9 1?2.33 = 5 71 61 27 39 45 58 53 29 62 33 31 98 24 34 21 55 9 
394-5-10 1?2.338 = 5 71 61 27 39 45 53 95 66 81 44 32 88 31 98 24 34 10 
394-5-14 1?2.513 = 5 71 61 27 39 45 53 29 62 33 80 19 78 67 85 47 91 14 
394-5-15 1?2.513 = 5 51 72 64 16 82 63 20 22 84 76 35 56 73 92 79 42 38 75 54 15 
394-5-11 1?2.624 = 5 90 43 28 83 74 57 27 39 45 58 53 29 62 33 31 98 24 49 59 11 
394-5-13 1?2.483 = 5 71 61 27 39 45 53 29 62 33 80 94 97 41 46 69 99 13 
394-5-12 1?2.488 = 5 71 61 27 39 45 53 29 62 33 31 98 24 49 94 97 41 46 69 12 
394-7-10 1?1.943 = 7 28 83 74 27 45 53 29 62 33 31 98 24 34 10 
394-7-8 1?1.845 = 7 28 83 74 27 39 45 53 95 66 81 44 23 70 86 8 
394-7-9 1?2.017 = 7 28 83 74 57 27 39 45 53 95 66 81 44 32 9 
394-6-9 1?1.927 = 6 90 43 28 83 74 57 66 81 44 32 23 70 86 9 
394-7-11 1?2.207 = 7 28 83 74 57 27 39 45 53 29 62 33 31 98 24 49 59 11 
394-6-10 1?2.044 = 6 90 43 28 83 74 27 39 45 53 29 62 33 31 98 24 34 10 
394-6-11 1?2.169 = 6 90 43 28 83 74 27 39 45 53 29 62 33 31 98 24 49 59 11 
394-6-14 1?2.457 = 6 90 43 28 83 74 27 39 45 53 29 62 33 80 78 19 85 47 14 
394-6-12 1?2.355 = 6 90 43 28 83 74 27 39 45 53 29 62 33 31 94 97 41 46 69 12 
394-6-15 1?2.608 = 6 90 74 27 45 53 29 62 33 80 19 78 67 36 79 42 38 75 54 15 
394-6-13 1?2.451 = 6 90 43 28 83 74 27 39 45 53 29 62 33 80 78 19 40 85 13 
394-8-10 1?1.688 = 8 86 70 23 44 81 32 88 31 98 24 34 21 55 10 
394-8-11 1?1.741 = 8 86 70 23 44 81 32 88 31 98 21 24 49 59 11 
394-8-9 1?1.767 = 8 86 70 23 44 81 32 88 31 98 24 34 21 55 9 
394-8-12 1?1.689 = 8 86 70 23 44 32 88 31 98 94 97 41 46 69 12 
394-7-14 1?2.524 = 7 43 28 83 74 27 39 45 53 29 62 33 80 78 19 40 85 47 14 
394-8-14 1?2.376 = 8 86 70 23 44 81 32 88 31 98 94 97 19 78 67 85 47 91 14 
394-7-13 1?2.42 = 7 70 23 44 81 32 88 31 98 24 49 94 97 41 46 69 99 13 
394-7-15 1?2.614 = 7 70 23 44 32 88 31 98 94 97 19 78 67 36 79 38 75 54 15 
394-7-12 1?2.376 = 7 28 83 74 27 39 45 58 53 29 62 33 31 98 94 97 41 46 69 12 
394-8-15 1?2.399 = 8 86 70 23 44 81 32 88 31 98 94 97 19 78 67 36 75 54 15 
394-8-13 1?2.251 = 8 86 70 23 44 81 32 88 31 98 24 49 94 97 41 46 69 99 13 
394-9-10 1?1.929 = 9 86 70 23 44 81 32 88 31 98 24 34 21 55 10 
394-9-11 1?1.982 = 9 86 70 23 44 81 32 88 31 98 21 24 49 59 11 
394-10-11 1?2.192 = 10 34 21 32 44 81 66 95 29 33 31 98 49 59 11 
394-9-12 1?1.903 = 9 32 44 81 88 31 98 49 94 97 41 46 69 12 
394-10-12 1?1.937 = 10 34 24 49 94 97 19 78 67 85 40 41 46 69 12 
394-10-14 1?2.402 = 10 34 21 24 49 98 31 94 97 41 19 78 67 85 47 91 14 
394-10-13 1?2.296 = 10 34 21 24 49 94 97 19 78 67 36 91 47 85 40 99 13 
394-9-14 1?2.452 = 9 32 44 81 88 31 98 24 49 94 97 19 78 67 85 47 14 
394-10-15 1?2.256 = 10 34 24 49 98 31 94 97 19 78 67 36 79 42 38 75 54 15 
394-9-13 1?2.391 = 9 86 70 23 44 32 88 31 98 24 49 94 97 41 46 69 99 13 
394-9-15 1?2.617 = 9 23 44 81 32 88 31 98 94 97 19 78 67 36 42 79 38 75 54 15 
394-11-14 1?2.072 = 11 59 49 24 98 31 94 97 19 78 67 85 47 91 14 
394-13-14 1?2.141 = 13 99 69 46 41 97 94 80 78 19 40 85 47 91 14 
394-12-14 1?1.999 = 12 69 46 41 40 85 19 78 67 36 79 42 38 75 14 
394-12-15 1?1.829 = 12 69 46 41 40 85 19 78 67 36 79 38 75 54 15 
394-13-15 1?1.963 = 13 99 69 46 41 97 19 78 67 36 79 42 38 75 54 15 
394-14-15 1?2.047 = 14 47 85 19 78 67 36 42 79 92 73 48 38 75 54 15 
394-11-12 1?2.02 = 11 59 24 49 94 97 19 78 67 85 40 41 46 69 12 
394-12-13 1?2.091 = 12 69 46 41 97 94 80 19 78 67 36 91 47 85 13 
394-11-13 1?2.119 = 11 59 49 24 98 31 94 97 19 78 67 85 40 99 13 
394-11-15 1?2.421 = 11 59 49 24 21 98 31 94 97 19 78 67 36 79 42 38 75 54 15 
stop
