start
211-0-3 1?1.895 = 0 30 69 36 61 64 38 34 54 52 46 22 19 44 56 3 
211-0-2 1?1.841 = 0 30 26 59 94 75 17 53 36 61 64 54 34 38 28 2 
211-0-5 1?2.184 = 0 30 69 36 61 64 52 46 22 19 31 65 68 80 93 23 63 49 5 
211-0-4 1?2.372 = 0 30 26 95 59 94 51 75 17 53 36 61 64 54 57 27 44 41 4 
211-0-1 1?1.707 = 0 30 26 59 94 51 75 17 53 36 61 64 54 34 38 1 
211-0-7 1?2.663 = 0 30 69 36 61 64 54 46 22 19 68 80 93 23 63 55 67 87 62 7 
211-0-6 1?2.512 = 0 30 69 36 61 38 34 54 46 22 19 44 41 80 93 23 63 49 6 
211-0-10 1?2.473 = 0 30 69 36 53 17 75 94 26 59 47 70 96 50 29 83 98 60 10 
211-0-11 1?2.279 = 0 30 69 36 53 17 75 51 26 94 59 47 70 96 50 82 77 39 11 
211-0-9 1?2.66 = 0 30 69 51 75 94 26 59 47 70 45 90 72 33 84 40 78 48 81 9 
211-0-8 1?2.686 = 0 30 51 75 94 26 95 59 47 70 45 90 72 33 84 40 78 85 48 89 8 
211-0-14 1?1.48 = 0 30 69 61 36 53 75 51 26 94 59 92 91 42 14 
211-0-15 1?1.375 = 0 30 69 61 36 53 17 75 51 26 94 59 92 91 15 
211-1-2 1?2.039 = 1 38 34 54 64 61 36 53 52 46 22 19 44 27 57 2 
211-1-3 1?2.094 = 1 38 34 54 64 61 36 53 17 88 52 46 22 19 44 56 3 
211-0-12 1?2.122 = 0 30 69 36 53 17 75 51 26 94 59 47 70 96 20 71 99 12 
211-1-5 1?2.135 = 1 28 38 34 54 64 52 46 22 19 44 41 68 80 93 23 63 49 5 
211-1-4 1?2.467 = 1 28 38 34 54 64 52 46 22 19 44 41 68 65 23 63 93 80 4 
211-1-7 1?2.641 = 1 38 34 54 64 52 46 22 19 68 80 93 23 63 49 55 67 87 62 7 
211-1-6 1?2.599 = 1 38 34 54 52 46 22 19 68 80 93 23 63 49 55 67 87 66 6 
211-0-13 1?1.852 = 0 30 69 36 53 17 75 51 26 94 59 95 92 91 42 86 35 13 
211-1-8 1?2.702 = 1 38 34 54 64 61 36 53 17 97 47 70 45 90 72 33 84 78 48 89 8 
211-1-15 1?1.466 = 1 38 61 36 53 17 75 51 26 94 59 95 92 91 15 
211-2-4 1?2.391 = 2 28 38 34 54 64 52 46 22 19 68 80 93 23 63 49 5 4 
211-1-11 1?2.351 = 1 38 61 36 53 75 51 26 94 59 47 70 96 50 82 77 39 11 
211-2-5 1?2.125 = 2 28 38 34 54 46 22 19 27 44 41 68 80 93 23 63 49 5 
211-1-14 1?1.778 = 1 38 34 54 64 61 36 53 17 75 51 26 94 59 95 92 91 42 14 
211-2-3 1?2.156 = 2 28 38 34 54 64 61 36 53 52 46 22 19 44 58 56 3 
211-1-12 1?2.269 = 1 38 34 64 61 36 53 17 75 51 26 94 59 47 70 96 20 99 12 
211-2-6 1?2.549 = 2 57 27 22 19 44 41 68 80 93 23 63 49 55 67 87 66 6 
211-1-9 1?2.816 = 1 38 34 64 61 36 51 26 94 59 47 70 45 90 72 33 84 78 48 81 9 
211-1-10 1?2.545 = 1 38 61 36 53 75 94 26 59 47 70 96 50 29 83 98 60 10 
211-1-13 1?2.02 = 1 38 34 64 61 36 53 75 51 26 94 59 95 92 91 42 86 35 13 
211-3-5 1?1.722 = 3 56 27 44 19 22 31 65 68 80 93 23 63 49 5 
211-3-4 1?2.196 = 3 56 58 44 27 22 19 31 76 32 73 55 23 93 80 4 
211-2-11 1?2.544 = 2 28 38 61 36 53 75 51 26 94 59 47 70 96 50 82 77 39 11 
211-2-15 1?1.748 = 2 28 38 34 54 64 61 36 53 17 75 51 94 26 95 92 91 15 
211-2-7 1?2.579 = 2 57 27 44 19 31 65 68 80 93 23 63 49 55 67 87 62 7 
211-2-14 1?2.084 = 2 28 38 34 54 64 61 36 53 17 75 51 26 94 59 92 91 42 86 14 
211-2-12 1?2.462 = 2 28 38 34 64 61 36 53 17 75 51 26 94 59 47 70 96 20 99 12 
211-2-9 1?2.961 = 2 28 38 34 54 64 61 36 53 17 97 47 70 45 90 72 33 84 78 85 48 81 9 
211-2-8 1?2.684 = 2 57 27 44 58 41 68 93 23 63 49 55 67 66 87 62 37 8 
211-2-10 1?2.709 = 2 28 38 61 36 53 51 26 94 59 47 70 96 50 29 83 98 60 10 
211-2-13 1?2.266 = 2 28 38 34 64 61 36 53 17 75 51 26 94 59 95 92 91 42 86 35 13 
211-4-5 1?1.955 = 4 41 58 44 27 22 19 31 65 68 93 23 63 49 5 
211-3-12 1?2.541 = 3 56 27 57 54 64 61 36 53 17 75 94 59 47 70 96 20 99 12 
211-3-11 1?2.695 = 3 56 27 57 54 64 61 36 53 17 97 47 70 96 50 29 82 24 77 39 11 
211-3-6 1?2.48 = 3 56 27 22 19 44 41 68 80 93 23 63 49 55 67 87 66 6 
211-3-7 1?2.52 = 3 56 27 44 19 22 31 65 68 93 23 63 49 55 67 87 62 7 
211-3-9 1?2.783 = 3 56 58 44 27 57 22 19 31 76 16 25 21 85 78 40 48 89 81 9 
211-3-15 1?2.031 = 3 56 44 19 22 52 64 61 36 53 75 51 26 94 59 95 92 91 15 
211-3-14 1?2.208 = 3 56 27 57 46 52 64 61 36 53 17 75 51 26 94 59 95 92 91 42 14 
211-3-13 1?2.356 = 3 56 57 54 64 61 36 53 17 75 51 26 94 59 92 91 42 86 35 13 
211-3-10 1?2.832 = 3 58 41 68 80 93 23 63 49 55 73 79 21 85 78 40 83 98 60 10 
211-3-8 1?2.743 = 3 58 44 19 22 31 65 68 80 93 23 63 49 55 67 87 62 37 8 
211-5-6 1?1.924 = 5 49 63 23 93 80 68 65 73 79 74 62 87 66 6 
211-4-7 1?2.174 = 4 5 49 63 23 93 80 68 65 55 66 67 87 62 37 7 
211-4-6 1?2.165 = 4 41 58 44 19 22 31 65 68 80 93 23 63 49 6 
211-4-12 1?2.736 = 4 41 44 19 22 52 64 61 36 53 17 97 47 70 96 20 71 18 12 
211-4-14 1?2.306 = 4 41 44 19 22 52 61 36 53 75 51 26 94 59 95 92 91 42 14 
211-4-15 1?2.155 = 4 41 44 19 22 52 61 36 53 17 75 51 26 94 59 92 91 15 
211-4-9 1?2.754 = 4 41 68 80 93 23 63 49 55 73 79 21 85 78 40 48 89 81 9 
211-4-11 1?2.828 = 4 80 93 23 63 49 55 65 73 79 21 85 78 40 83 82 24 77 39 11 
211-4-13 1?2.547 = 4 41 44 27 57 54 64 61 36 51 26 94 59 95 92 91 42 86 35 13 
211-4-10 1?2.857 = 4 80 68 93 23 63 49 55 65 32 73 79 21 85 78 40 83 98 60 10 
211-4-8 1?2.801 = 4 80 68 93 23 63 49 55 65 32 73 79 21 85 78 40 48 89 8 
211-5-9 1?1.948 = 5 49 63 23 93 68 65 55 67 87 62 37 89 81 9 
211-5-7 1?1.785 = 5 49 63 23 93 80 68 65 55 66 67 87 62 37 7 
211-6-7 1?2.072 = 6 49 63 23 93 80 68 65 55 66 67 87 62 37 7 
211-6-8 1?2.04 = 6 49 63 23 93 80 68 65 55 66 67 87 62 37 8 
211-5-8 1?1.753 = 5 49 63 23 93 80 68 65 55 66 67 87 62 37 8 
211-5-12 1?2.536 = 5 49 63 23 93 80 68 65 55 73 79 21 85 78 40 83 82 24 12 
211-5-15 1?2.179 = 5 49 63 23 93 68 19 22 52 61 36 51 26 94 59 92 91 15 
211-5-11 1?2.453 = 5 49 63 23 93 80 68 65 73 79 21 85 78 40 83 82 24 77 39 11 
211-5-14 1?2.371 = 5 49 63 23 93 80 68 19 22 52 61 36 51 26 94 59 92 91 42 14 
211-5-10 1?2.502 = 5 49 63 23 93 68 65 73 79 21 85 78 40 83 77 39 98 60 10 
211-5-13 1?2.527 = 5 49 63 23 93 80 68 65 73 79 85 78 84 33 29 50 20 71 18 13 
211-6-9 1?2.235 = 6 49 63 23 93 68 65 55 67 87 62 37 89 81 9 
211-7-9 1?2.442 = 7 62 87 66 67 74 79 21 85 78 40 48 43 89 81 9 
211-7-8 1?2.305 = 7 66 6 49 63 23 93 80 68 65 55 67 87 62 37 8 
211-7-10 1?2.323 = 7 62 87 67 74 79 21 85 78 40 83 77 39 98 60 10 
211-7-11 1?2.613 = 7 62 87 67 73 79 21 85 78 40 84 33 29 82 24 77 39 11 
211-6-10 1?2.304 = 6 49 63 23 93 80 68 65 73 79 85 78 40 60 10 
211-6-11 1?2.646 = 6 49 63 23 93 80 68 65 55 73 79 21 85 78 40 83 77 39 11 
211-6-15 1?2.443 = 6 49 63 23 93 80 68 19 22 52 61 36 51 94 59 92 91 15 
211-6-12 1?2.866 = 6 49 63 23 93 80 68 65 32 73 79 21 85 78 40 83 82 24 99 12 
211-6-14 1?2.624 = 6 49 63 23 93 68 19 22 52 61 36 51 26 94 59 92 91 42 14 
211-6-13 1?2.851 = 6 49 63 23 93 80 68 65 73 79 21 85 78 84 33 29 50 20 71 18 13 
211-8-9 1?2.518 = 8 37 62 87 66 67 74 79 21 78 85 43 48 89 81 9 
211-8-11 1?2.564 = 8 89 48 85 78 40 84 33 29 50 20 71 18 99 24 77 39 11 
211-8-10 1?2.29 = 8 89 48 85 78 40 84 33 29 82 24 77 39 98 60 10 
211-8-12 1?2.59 = 8 89 48 43 85 78 40 84 33 72 90 45 70 47 96 20 71 99 12 
211-7-12 1?2.796 = 7 62 87 67 74 85 78 40 84 33 72 90 45 70 47 96 20 71 99 12 
211-7-15 1?2.482 = 7 62 87 67 74 79 25 16 88 17 75 51 26 94 59 95 92 91 15 
211-7-14 1?2.729 = 7 62 87 67 74 79 25 16 72 90 45 70 47 59 94 26 95 92 91 42 14 
211-8-14 1?2.605 = 8 89 48 78 84 33 72 90 45 70 47 97 75 51 94 26 59 92 91 42 14 
211-8-15 1?2.546 = 8 89 48 78 40 84 33 72 90 45 70 47 97 75 51 26 94 59 95 92 91 15 
211-7-13 1?2.805 = 7 62 87 67 74 79 21 85 78 84 33 72 90 45 70 47 96 20 71 18 13 
211-8-13 1?2.776 = 8 89 48 78 84 33 72 90 45 70 47 59 94 26 95 92 91 42 86 35 13 
211-10-11 1?2.459 = 10 60 40 78 85 21 84 33 29 50 20 71 99 24 77 39 11 
211-9-11 1?2.348 = 9 81 89 48 43 85 78 40 84 33 29 50 82 24 77 39 11 
211-10-12 1?2.375 = 10 60 98 39 77 24 82 29 50 90 45 70 47 96 20 99 12 
211-9-10 1?2.388 = 9 81 48 43 85 78 40 84 33 29 82 24 77 39 98 60 10 
211-9-12 1?2.558 = 9 81 48 85 78 40 84 33 72 90 45 70 47 96 20 71 18 12 
211-10-14 1?2.29 = 10 60 98 83 29 50 96 70 47 97 75 51 94 59 95 92 91 14 
211-9-14 1?2.495 = 9 81 48 78 40 84 33 72 90 45 70 47 59 94 26 95 92 91 42 14 
211-10-15 1?2.287 = 10 60 98 39 77 24 82 50 96 70 47 97 75 51 94 26 95 92 91 15 
211-10-13 1?2.467 = 10 60 98 39 77 24 82 50 96 70 47 59 92 91 42 86 35 13 
211-9-15 1?2.49 = 9 81 48 78 40 84 33 72 90 45 70 47 97 75 51 94 59 95 92 91 15 
211-9-13 1?2.455 = 9 81 48 43 85 78 40 84 33 72 90 45 70 47 96 20 71 18 13 
211-12-14 1?1.837 = 12 18 71 20 96 70 47 59 94 26 95 92 91 42 14 
211-13-14 1?1.637 = 13 18 71 20 96 70 47 59 94 26 95 92 91 42 14 
211-14-15 1?1.777 = 14 35 86 42 91 92 21159-13 -15 1?1.565 = 13 18 71 20 96 70 47 97 75 94 26 95 92 91 15 
94 75 17 53 36 51 26 95 15 
211-11-12 1?2.206 = 11 39 77 24 82 29 50 90 45 70 47 96 20 71 18 12 
211-11-14 1?2.023 = 11 39 77 82 29 50 96 70 47 59 94 26 95 92 91 42 14 
211-12-13 1?2.052 = 12 99 20 96 70 47 59 94 26 95 92 91 42 86 35 13 
211-12-15 1?2.055 = 12 99 71 20 96 70 47 97 75 51 26 94 59 95 92 42 91 15 
211-11-13 1?2.006 = 11 39 77 24 82 29 50 90 45 70 47 96 20 71 18 13 
211-11-15 1?2.063 = 11 39 77 24 82 50 96 70 47 97 75 51 94 26 59 95 92 91 15 
stop
