start
355-0-2 1?1.92 = 0 35 84 41 49 34 52 78 37 61 44 40 43 48 16 2 
355-0-4 1?2.36 = 0 74 55 72 59 65 64 38 71 77 94 62 24 68 95 36 99 85 87 4 
355-0-1 1?1.949 = 0 74 55 72 59 65 64 38 71 94 62 27 34 49 41 84 1 
355-0-3 1?2.226 = 0 74 55 72 59 65 64 38 71 77 94 62 27 78 37 61 44 40 82 3 
355-0-9 1?2.399 = 0 74 55 72 59 65 64 38 71 77 94 96 23 54 88 93 17 58 90 25 9 
355-0-11 1?2.267 = 0 74 72 59 65 64 38 71 77 96 23 88 93 17 58 90 25 26 42 11 
355-0-10 1?2.166 = 0 74 72 59 65 64 38 71 77 96 23 88 93 17 58 90 25 26 18 10 
355-0-8 1?2.569 = 0 74 55 72 59 92 65 64 38 71 77 94 96 23 54 88 93 32 67 50 97 8 
355-0-5 1?2.307 = 0 74 55 72 59 65 64 38 71 94 62 68 95 36 99 85 21 83 91 5 
355-0-6 1?2.447 = 0 74 55 72 59 65 64 38 71 77 94 96 57 19 76 98 86 29 39 73 6 
355-0-7 1?2.439 = 0 74 72 59 65 64 38 71 77 96 23 54 88 93 32 67 66 30 33 31 7 
355-0-15 1?1.996 = 0 35 1 84 41 45 20 47 38 64 65 92 59 72 74 55 80 15 
355-1-3 1?1.908 = 1 35 84 41 16 48 52 78 37 61 44 40 43 79 82 3 
355-0-13 1?2.255 = 0 35 41 45 20 47 38 64 65 59 72 74 55 92 70 46 13 
355-0-12 1?2.151 = 0 74 55 72 59 65 64 38 71 77 60 51 22 53 69 63 75 12 
355-0-14 1?2.195 = 0 35 84 41 45 20 47 64 38 65 92 59 72 74 55 80 14 
355-1-4 1?2.078 = 1 84 41 16 48 43 79 40 44 78 37 99 36 95 85 87 4 
355-1-2 1?1.959 = 1 84 41 49 52 78 37 99 36 95 85 61 44 40 43 2 
355-1-5 1?2.179 = 1 84 41 16 48 43 40 44 78 37 61 99 36 95 85 21 83 89 91 5 
355-1-6 1?2.345 = 1 84 41 16 48 43 79 40 44 78 37 61 99 36 95 81 29 73 39 6 
355-1-8 1?2.591 = 1 84 41 45 20 47 64 65 38 71 77 94 96 23 54 88 93 32 67 50 97 8 
355-1-7 1?2.444 = 1 84 41 49 34 52 78 37 61 85 99 36 95 68 24 19 76 98 33 31 7 
355-1-15 1?1.802 = 1 84 41 35 45 20 47 38 64 65 59 72 74 55 92 80 15 
355-1-14 1?2.089 = 1 84 41 35 45 20 47 64 65 59 72 74 55 92 46 70 14 
355-2-3 1?1.927 = 2 79 43 48 52 40 44 78 37 61 99 36 95 85 87 82 3 
355-2-5 1?1.86 = 2 79 43 40 44 78 37 61 85 99 36 95 81 83 89 91 5 
355-2-4 1?2.093 = 2 79 43 40 44 78 37 61 85 99 36 95 81 89 91 83 4 
355-1-9 1?2.424 = 1 84 41 45 20 47 64 65 38 71 77 96 23 54 88 93 17 58 90 25 9 
355-2-6 1?2.237 = 2 79 43 48 52 40 44 78 37 61 87 85 99 36 95 81 29 39 73 6 
355-1-12 1?2.345 = 1 84 41 45 20 47 72 59 65 64 38 71 77 60 51 22 53 69 63 12 
355-1-11 1?2.327 = 1 84 41 45 20 47 38 71 77 96 23 88 93 17 58 90 25 26 42 11 
355-1-10 1?2.273 = 1 84 41 45 20 47 38 71 77 96 23 54 88 93 17 58 90 25 26 18 10 
355-1-13 1?2.42 = 1 41 49 34 27 62 94 77 71 38 64 65 59 72 74 55 92 70 13 
355-2-15 1?1.844 = 2 79 43 40 44 37 78 27 47 64 65 59 72 55 80 15 
355-2-14 1?2.142 = 2 79 43 40 44 37 78 27 47 64 65 59 72 74 55 92 14 
355-3-5 1?1.833 = 3 82 40 44 78 37 61 99 36 95 81 29 73 89 91 5 
355-3-4 1?2.108 = 3 82 44 78 37 61 85 99 36 95 81 29 73 89 83 4 
355-2-8 1?2.427 = 2 79 43 40 44 37 61 85 99 36 95 68 24 19 76 98 30 66 50 97 8 
355-2-9 1?2.565 = 2 79 43 40 44 37 99 36 95 68 24 57 23 54 88 93 17 58 90 25 9 
355-2-11 1?2.491 = 2 43 40 44 61 99 36 95 68 24 57 23 88 93 17 58 90 25 26 42 11 
355-2-12 1?2.528 = 2 79 43 40 44 61 99 36 95 68 24 57 23 54 60 51 22 53 69 63 12 
355-2-13 1?2.491 = 2 79 43 48 52 34 27 62 94 71 38 64 65 59 72 74 55 92 70 13 
355-2-10 1?2.477 = 2 79 43 40 44 61 99 36 95 68 24 57 23 54 88 93 17 58 90 25 26 18 10 
355-2-7 1?2.385 = 2 79 43 40 44 37 61 85 99 36 95 68 24 19 76 98 30 66 33 31 7 
355-4-5 1?1.977 = 4 87 85 99 36 95 68 76 19 98 86 29 81 89 91 5 
355-3-6 1?1.949 = 3 82 40 44 78 37 61 99 36 95 68 86 29 39 73 6 
355-3-15 1?2.125 = 3 82 40 44 61 37 78 27 62 94 71 38 64 65 59 72 55 74 80 15 
355-3-8 1?2.315 = 3 82 40 44 78 37 61 99 36 95 68 76 19 98 30 66 50 97 8 
355-3-14 1?2.38 = 3 82 40 44 37 78 27 62 94 77 71 38 64 65 59 72 74 55 92 14 
355-3-9 1?2.488 = 3 82 40 44 78 37 61 85 99 36 95 68 24 19 76 98 30 66 67 50 9 
355-3-11 1?2.418 = 3 82 87 85 99 36 95 68 24 57 23 54 88 93 17 58 90 25 26 42 11 
355-3-12 1?2.524 = 3 82 40 44 61 85 99 36 95 68 24 57 23 54 60 51 22 53 69 63 12 
355-3-7 1?2.255 = 3 82 40 44 37 61 99 36 95 68 24 19 76 98 30 66 33 31 7 
355-3-10 1?2.41 = 3 82 40 44 61 99 36 95 68 24 57 23 54 88 93 17 58 90 25 26 18 10 
355-3-13 1?2.54 = 3 82 40 44 37 78 27 62 94 71 38 64 65 59 72 55 92 70 46 13 
355-4-6 1?2.008 = 4 87 85 99 36 95 68 24 19 76 98 86 29 39 73 6 
355-5-6 1?1.986 = 5 91 89 83 21 85 99 36 95 68 86 29 81 73 39 6 
355-4-15 1?2.166 = 4 87 85 99 36 95 68 62 94 71 38 64 65 59 72 74 55 80 15 
355-4-8 1?2.511 = 4 87 85 99 36 95 68 24 57 23 54 88 93 32 67 66 50 97 8 
355-4-9 1?2.479 = 4 87 85 99 36 95 68 24 19 76 98 30 66 67 17 58 90 25 9 
355-4-14 1?2.55 = 4 87 85 99 36 95 68 24 62 94 71 38 64 65 59 72 74 55 80 14 
355-4-7 1?2.034 = 4 87 85 99 36 95 68 24 19 76 98 30 66 33 31 7 
355-4-12 1?2.498 = 4 87 85 99 36 95 68 24 57 23 54 88 93 28 53 22 69 63 75 12 
355-4-11 1?2.501 = 4 21 85 99 36 95 68 76 98 19 32 88 93 17 58 90 25 26 42 11 
355-4-10 1?2.364 = 4 87 85 99 36 95 68 24 57 23 54 88 93 17 58 90 25 26 42 10 
355-4-13 1?2.575 = 4 87 85 99 36 95 68 62 71 38 64 65 59 72 74 55 92 70 13 
355-6-8 1?2.249 = 6 73 29 81 95 36 99 68 76 19 98 30 66 50 97 8 
355-5-8 1?2.107 = 5 91 83 89 73 29 86 76 19 98 30 66 67 50 97 8 
355-5-15 1?2.212 = 5 83 21 85 99 36 95 68 62 94 71 38 64 65 59 72 74 55 80 15 
355-5-9 1?2.222 = 5 91 89 73 39 29 86 98 76 19 32 88 93 17 58 90 25 9 
355-6-7 1?2.084 = 6 91 89 83 21 85 99 36 95 81 29 73 39 33 31 7 
355-5-7 1?1.89 = 5 91 89 83 21 85 99 36 95 81 29 73 39 33 31 7 
355-5-14 1?2.469 = 5 83 21 85 99 36 95 68 62 94 71 38 64 65 59 72 74 55 92 14 
355-5-11 1?2.283 = 5 91 89 73 39 29 86 98 76 19 32 88 93 17 58 90 25 26 42 11 
355-5-10 1?2.183 = 5 91 89 81 29 86 98 30 66 67 32 88 93 17 58 90 25 26 18 10 
355-5-12 1?2.422 = 5 91 89 81 29 86 76 19 98 30 66 67 32 88 93 28 53 22 69 63 12 
355-5-13 1?2.543 = 5 91 89 81 29 86 98 76 19 32 88 93 17 90 58 28 53 22 56 13 
355-7-9 1?2.038 = 7 31 33 98 30 66 67 32 88 93 17 58 90 25 9 
355-7-8 1?2.118 = 7 31 33 39 73 29 86 98 76 19 30 66 67 50 97 8 
355-6-9 1?2.142 = 6 73 39 29 86 76 19 98 30 66 67 17 58 90 25 9 
355-6-15 1?2.349 = 6 73 29 86 98 76 19 57 96 94 77 71 38 64 65 59 72 74 55 80 15 
355-7-10 1?1.846 = 7 31 33 30 66 67 32 88 93 17 58 90 25 26 18 10 
355-6-14 1?2.509 = 6 73 29 86 98 76 19 57 96 77 71 38 64 65 59 72 74 55 92 14 
355-6-11 1?2.162 = 6 73 39 29 86 98 76 19 32 88 93 17 58 90 25 26 42 11 
355-6-10 1?2.044 = 6 73 29 86 76 19 98 30 66 67 17 58 90 25 26 18 10 
355-7-11 1?2.174 = 7 31 33 98 76 19 30 66 67 32 88 93 17 90 25 26 42 11 
355-6-12 1?2.32 = 6 73 29 86 76 19 98 30 66 67 32 88 93 28 53 69 63 12 
355-6-13 1?2.535 = 6 73 39 29 86 98 76 19 32 88 93 17 90 58 28 53 22 56 13 
355-8-9 1?2.169 = 8 97 50 66 30 98 76 19 32 88 93 17 58 90 25 9 
355-8-11 1?2.035 = 8 97 50 66 30 67 32 88 93 17 58 90 25 26 42 11 
355-8-10 1?1.934 = 8 97 50 66 30 67 32 88 93 17 58 90 25 26 18 10 
355-8-12 1?2.25 = 8 97 50 67 32 88 93 17 25 90 58 28 53 22 69 75 12 
355-8-14 1?2.565 = 8 97 50 67 32 93 88 54 23 96 94 71 38 64 65 59 72 55 92 14 
355-7-15 1?2.393 = 7 31 33 30 66 67 32 88 54 23 96 77 71 38 64 65 59 72 55 80 15 
355-7-14 1?2.58 = 7 31 33 30 66 67 32 93 88 54 23 96 94 77 71 38 64 65 92 14 
355-8-15 1?2.449 = 8 97 50 67 32 93 88 54 23 96 94 71 38 64 65 92 59 72 74 55 80 15 
355-7-12 1?2.301 = 7 31 33 30 66 67 32 88 93 17 25 90 58 28 53 22 69 63 12 
355-8-13 1?2.603 = 8 97 50 66 30 98 76 19 32 88 93 17 90 58 28 53 22 56 13 
355-7-13 1?2.533 = 7 31 33 30 66 67 32 88 93 17 25 90 58 28 53 22 56 46 13 
355-10-12 1?1.821 = 10 18 42 26 90 25 17 58 28 53 51 22 69 63 75 12 
355-9-11 1?1.985 = 9 18 42 26 25 90 58 17 28 53 51 22 69 63 75 11 
355-10-11 1?1.7 = 10 18 42 26 25 90 58 17 28 53 51 22 69 63 75 11 
355-10-15 1?2.052 = 10 18 25 90 17 93 88 54 96 77 71 38 64 65 59 72 55 80 15 
355-9-10 1?2.032 = 9 50 66 30 98 76 19 32 88 93 17 58 90 25 18 10 
355-9-15 1?2.221 = 9 25 90 58 17 93 88 54 23 96 77 71 38 64 65 59 72 55 80 15 
355-10-13 1?1.836 = 10 18 42 26 25 90 58 17 28 53 22 56 46 70 13 
355-9-12 1?2.229 = 9 25 90 58 17 93 88 32 23 54 60 51 22 53 69 63 12 
355-10-14 1?2.257 = 10 18 26 25 90 58 17 93 88 54 23 96 77 71 38 64 65 92 14 
355-9-14 1?2.519 = 9 25 90 58 17 93 88 54 23 96 77 71 38 64 65 59 72 74 55 92 14 
355-9-13 1?2.578 = 9 25 90 58 17 93 88 54 23 96 77 71 38 64 65 92 70 46 13 
355-12-15 1?1.98 = 12 63 69 53 22 51 60 77 71 38 64 65 59 72 55 80 15 
355-13-15 1?2.142 = 13 46 60 77 94 62 71 38 64 65 59 72 74 55 80 15 
355-14-15 1?2.155 = 14 70 46 60 77 71 38 64 65 92 59 72 74 55 80 15 
355-11-12 1?1.896 = 11 42 26 18 25 90 58 17 28 53 51 22 69 63 75 12 
355-12-14 1?2.152 = 12 63 69 42 26 25 90 58 28 53 22 56 46 70 14 
355-13-14 1?2.428 = 13 46 60 54 23 96 94 71 38 64 65 59 72 55 92 14 
355-11-15 1?2.101 = 11 75 63 69 53 22 51 60 77 94 71 38 64 65 59 72 55 80 15 
355-12-13 1?2.126 = 12 75 42 26 25 90 58 17 28 53 22 56 46 70 13 
355-11-13 1?1.965 = 11 42 26 18 25 90 58 17 28 53 22 56 46 70 13 
355-11-14 1?2.311 = 11 42 26 25 90 58 17 93 88 23 96 77 71 38 64 65 92 14 
stop
