start
714-0-2 1?2.072 = 0 66 90 42 87 54 92 75 73 83 31 78 57 30 2 
714-0-3 1?1.86 = 0 66 90 42 87 54 92 75 73 83 31 78 57 30 3 
714-0-4 1?2.321 = 0 66 90 42 87 54 61 92 75 73 83 31 38 78 30 57 43 4 
714-0-1 1?2.213 = 0 66 90 42 87 54 61 92 75 73 55 28 62 84 53 1 
714-0-5 1?2.577 = 0 66 27 87 54 61 92 75 73 83 31 24 25 88 59 82 39 5 
714-0-6 1?2.868 = 0 66 90 21 64 35 63 69 86 98 16 67 29 41 58 70 22 52 80 85 6 
714-0-11 1?2.441 = 0 66 90 42 44 41 29 36 19 33 17 26 95 96 51 99 97 11 
714-0-10 1?2.234 = 0 66 90 42 44 41 29 67 36 19 33 17 26 95 96 51 99 97 10 
714-0-9 1?2.469 = 0 66 90 21 64 63 69 98 32 56 71 45 48 19 33 17 26 95 74 9 
714-0-7 1?2.762 = 0 66 90 21 64 35 63 69 86 98 16 67 29 58 70 37 77 79 91 7 
714-0-8 1?2.696 = 0 66 90 21 64 35 50 20 46 86 98 16 48 19 33 17 26 95 74 18 8 
714-1-3 1?1.818 = 1 53 84 28 62 61 54 92 75 73 83 31 38 57 30 3 
714-0-13 1?1.841 = 0 66 90 21 64 35 50 20 46 69 86 98 32 47 68 13 
714-1-2 1?2.03 = 1 53 84 28 62 61 54 92 75 73 83 31 38 57 30 2 
714-1-5 1?2.521 = 1 53 84 28 62 61 54 92 75 73 49 24 25 88 59 82 39 5 
714-0-15 1?2.052 = 0 66 90 21 64 63 69 98 32 86 46 20 35 94 93 15 
714-0-14 1?2.154 = 0 66 27 42 21 64 35 63 69 86 98 32 76 46 20 50 14 
714-1-6 1?2.727 = 1 53 84 55 28 62 61 54 92 75 73 83 31 24 25 88 85 34 6 
714-1-4 1?2.253 = 1 53 84 55 28 62 61 54 92 75 73 83 31 78 30 57 43 4 
714-1-7 1?2.769 = 1 53 84 62 61 92 54 87 44 41 29 58 70 22 52 37 77 79 91 7 
714-0-12 1?2.425 = 0 66 90 27 42 21 64 35 63 20 50 46 69 86 98 32 76 68 47 12 
714-1-8 1?2.669 = 1 84 62 61 92 54 87 44 41 29 67 36 19 33 17 26 95 74 18 8 
714-2-5 1?2.233 = 2 53 84 62 61 54 92 75 73 24 25 88 59 82 39 5 
714-1-13 1?2.391 = 1 53 84 28 62 61 92 54 87 44 41 29 67 16 98 86 76 68 13 
714-1-12 1?2.496 = 1 53 84 62 61 54 87 42 21 64 35 20 50 46 69 98 86 76 47 12 
714-2-3 1?1.806 = 2 53 84 28 62 61 54 92 75 73 83 31 38 57 30 3 
714-2-4 1?2.022 = 2 53 84 62 61 54 92 75 73 83 31 78 30 57 43 4 
714-1-10 1?2.365 = 1 53 84 62 61 54 44 41 29 67 36 19 33 17 26 95 96 51 99 10 
714-2-6 1?2.53 = 2 53 84 55 28 62 61 54 92 75 73 83 31 24 25 88 59 6 
714-1-11 1?2.44 = 1 53 84 62 61 92 54 87 44 41 29 67 36 19 48 45 71 56 11 
714-1-14 1?2.172 = 1 53 84 28 62 61 92 54 87 42 21 64 35 63 20 50 14 
714-1-9 1?2.415 = 1 53 84 62 61 54 87 44 41 29 67 36 19 33 17 26 95 74 9 
714-1-15 1?2.181 = 1 53 55 28 62 61 92 54 87 42 21 64 35 94 93 15 
714-3-5 1?2.111 = 3 30 57 78 31 83 73 75 49 24 25 88 59 82 5 
714-2-13 1?2.461 = 2 53 84 62 61 92 54 87 42 21 64 35 50 20 46 69 98 86 76 68 13 
714-3-4 1?1.874 = 3 30 57 78 55 28 61 54 92 75 73 83 31 38 43 4 
714-2-9 1?2.403 = 2 53 84 62 61 54 87 44 41 29 67 36 19 33 17 26 95 74 9 
714-2-12 1?2.631 = 2 78 31 83 73 75 92 61 54 87 44 41 29 67 16 32 98 86 76 47 12 
714-2-7 1?2.603 = 2 30 57 38 31 83 73 75 49 52 22 37 77 23 89 40 91 7 
714-2-10 1?2.469 = 2 53 84 62 61 54 87 44 41 29 67 36 19 33 17 26 95 96 51 99 97 10 
714-2-15 1?2.143 = 2 78 31 83 73 75 92 61 54 87 42 21 64 94 93 15 
714-2-14 1?2.341 = 2 30 57 38 31 83 73 75 92 61 54 87 42 21 64 35 20 50 14 
714-2-11 1?2.617 = 2 30 78 31 83 73 75 92 54 87 44 41 29 67 36 48 45 71 56 11 
714-2-8 1?2.642 = 2 53 84 62 61 54 92 75 73 24 49 52 22 37 77 89 23 40 8 
714-4-5 1?2.317 = 4 43 57 30 78 31 83 73 49 24 25 88 59 82 5 
714-3-10 1?2.332 = 3 57 38 31 83 73 75 92 54 87 44 41 29 36 48 45 60 97 10 
714-3-7 1?2.307 = 3 30 57 38 31 83 73 75 49 52 22 37 77 23 89 40 7 
714-3-6 1?2.374 = 3 30 57 78 31 83 55 28 61 92 75 73 24 25 88 59 6 
714-3-9 1?2.382 = 3 57 38 31 83 73 75 44 41 29 67 36 19 33 17 26 95 9 
714-3-13 1?2.359 = 3 30 57 38 31 83 73 75 92 54 87 44 41 29 67 16 98 86 76 68 13 
714-3-12 1?2.515 = 3 30 57 38 31 83 73 75 92 61 54 87 44 41 29 67 16 98 86 76 47 12 
714-3-15 1?2.319 = 3 30 57 38 31 83 73 75 92 61 54 87 42 21 64 63 35 94 93 15 
714-3-14 1?2.408 = 3 30 57 78 31 83 73 75 92 61 54 87 42 21 64 35 63 20 46 50 14 
714-3-11 1?2.475 = 3 30 57 78 31 83 73 75 92 54 87 44 41 29 67 36 48 45 71 56 11 
714-3-8 1?2.437 = 3 30 57 38 31 83 73 75 49 52 37 77 79 91 89 23 40 8 
714-4-7 1?2.341 = 4 39 82 59 88 85 80 52 22 37 77 79 89 23 40 7 
714-5-6 1?2.267 = 5 39 82 59 88 85 80 52 22 37 77 23 89 91 34 6 
714-4-6 1?2.387 = 4 43 57 30 78 31 83 73 75 49 24 25 88 85 6 
714-4-10 1?2.408 = 4 43 38 31 83 73 75 92 54 44 41 29 67 36 48 45 60 97 10 
714-4-11 1?2.388 = 4 43 38 31 83 73 75 92 54 44 41 29 36 48 45 71 56 11 
714-4-13 1?2.58 = 4 43 38 31 83 73 75 92 61 54 87 42 21 64 35 63 69 98 86 76 68 13 
714-4-9 1?2.499 = 4 43 38 31 83 73 75 92 54 44 41 29 36 19 33 17 26 95 9 
714-4-12 1?2.684 = 4 43 38 31 83 73 75 92 54 87 42 21 64 35 50 20 46 69 86 98 32 47 12 
714-4-15 1?2.535 = 4 43 57 30 78 31 83 73 75 92 61 54 87 42 21 64 35 94 93 15 
714-4-8 1?2.635 = 4 43 38 31 83 73 75 92 54 87 44 41 58 70 37 77 89 23 8 
714-4-14 1?2.682 = 4 43 38 31 83 73 75 92 61 54 87 44 41 29 67 16 98 86 69 46 20 50 14 
714-6-7 1?2.253 = 6 34 85 88 25 24 49 52 22 37 77 23 89 40 91 7 
714-5-7 1?2.185 = 5 39 82 59 88 25 24 49 22 37 77 23 89 40 91 7 
714-5-10 1?2.306 = 5 39 82 59 88 85 79 91 40 89 23 74 26 95 96 51 99 97 10 
714-6-8 1?2.233 = 6 59 82 88 25 24 49 52 22 37 77 79 91 89 23 8 
714-5-13 1?2.74 = 5 39 82 59 88 25 24 49 52 22 70 58 41 29 67 16 32 98 86 76 68 13 
714-5-8 1?2.091 = 5 39 82 59 88 25 24 49 52 22 37 77 89 23 40 8 
714-5-12 1?2.739 = 5 39 82 59 88 85 80 52 22 70 58 41 29 67 36 48 45 71 56 47 12 
714-5-11 1?2.481 = 5 82 59 88 85 79 91 40 89 23 74 95 26 96 51 99 97 11 
714-5-9 1?2.558 = 5 39 82 59 88 85 80 52 22 70 65 19 48 71 45 33 17 26 74 9 
714-5-15 1?2.699 = 5 82 59 88 25 24 49 58 41 29 67 16 98 69 63 35 94 93 15 
714-5-14 1?2.695 = 5 39 82 59 88 25 24 49 58 41 29 67 16 32 98 86 69 46 20 50 14 
714-7-9 1?2.141 = 7 40 23 89 77 37 52 22 70 65 19 33 17 26 95 74 9 
714-7-10 1?2.16 = 7 40 23 89 77 37 65 19 48 45 33 17 26 95 96 51 99 10 
714-6-10 1?2.418 = 6 59 88 85 80 52 22 70 65 19 48 71 45 33 17 26 96 51 99 10 
714-6-11 1?2.4 = 6 59 88 85 79 91 40 89 23 74 95 26 96 51 99 97 11 
714-7-8 1?2.262 = 7 40 23 89 77 37 65 19 33 17 26 96 95 74 18 8 
714-6-9 1?2.523 = 6 34 79 77 37 52 22 70 65 19 48 71 45 33 17 26 95 74 9 
714-6-13 1?2.681 = 6 34 91 89 23 74 95 26 17 33 19 48 45 71 16 98 86 76 68 13 
714-6-12 1?2.706 = 6 34 91 40 89 23 74 95 96 99 51 26 17 33 19 48 45 71 56 12 
714-7-11 1?2.397 = 7 40 89 23 74 26 95 96 51 99 97 60 33 19 48 45 71 56 11 
714-6-15 1?2.754 = 6 59 88 85 80 52 22 70 58 41 29 67 16 98 86 69 63 35 94 93 15 
714-6-14 1?2.741 = 6 59 88 85 80 52 22 70 58 41 29 67 16 32 98 86 69 46 20 50 35 14 
714-8-10 1?1.809 = 8 23 89 40 91 79 77 74 95 26 96 51 99 97 10 
714-8-9 1?2.049 = 8 18 74 26 17 33 19 48 45 71 60 51 99 96 95 9 
714-8-12 1?2.274 = 8 18 74 95 96 26 17 33 19 48 45 71 56 32 98 86 76 47 12 
714-8-11 1?2.294 = 8 40 23 89 77 37 22 70 65 19 33 17 26 95 96 51 99 97 11 
714-7-13 1?2.442 = 7 91 89 23 74 95 26 17 33 19 48 45 71 56 32 98 86 76 68 13 
714-7-12 1?2.526 = 7 91 89 23 74 95 26 17 33 19 48 45 71 56 32 98 86 76 47 12 
714-8-13 1?2.395 = 8 40 89 23 74 95 96 26 17 33 19 48 45 71 56 32 86 76 68 13 
714-8-15 1?2.529 = 8 18 74 95 26 17 33 19 48 45 71 56 32 98 86 69 63 35 94 93 15 
714-8-14 1?2.441 = 8 18 74 95 96 26 17 33 19 48 45 71 56 32 98 86 69 63 20 50 14 
714-7-15 1?2.669 = 7 91 79 77 37 22 70 58 41 29 67 16 98 86 69 46 20 50 35 94 93 15 
714-7-14 1?2.593 = 7 40 89 23 74 95 26 17 33 19 48 45 71 56 32 98 86 46 20 50 14 
714-9-10 1?1.646 = 9 74 95 96 26 17 33 19 48 45 71 60 51 99 97 10 
714-9-12 1?1.84 = 9 74 26 95 96 51 99 97 60 33 19 48 45 71 56 12 
714-10-12 1?1.597 = 10 97 51 96 95 26 17 33 19 48 45 71 56 47 12 
714-10-13 1?1.636 = 10 97 99 51 96 95 26 17 33 45 71 56 47 68 13 
714-9-11 1?1.794 = 9 74 26 95 96 51 99 97 60 33 19 48 45 71 56 11 
714-10-11 1?1.718 = 10 97 99 51 96 95 26 17 33 19 48 45 71 56 60 11 
714-9-13 1?2.083 = 9 74 26 95 96 51 99 97 60 71 45 48 16 32 98 86 76 68 13 
714-10-14 1?1.941 = 10 99 51 96 95 26 17 33 19 48 45 71 56 32 86 46 20 50 14 
714-9-14 1?2.124 = 9 74 95 96 26 17 33 19 48 45 71 56 32 98 86 69 46 20 50 14 
714-9-15 1?2.257 = 9 74 95 26 17 33 19 48 45 71 56 32 98 86 69 63 35 94 93 15 
714-10-15 1?2.165 = 10 99 51 96 95 26 17 33 19 48 45 71 16 98 69 63 35 94 93 15 
714-11-12 1?1.831 = 11 97 51 96 95 26 17 33 19 48 45 71 56 47 12 
714-11-13 1?1.87 = 11 97 99 51 96 95 26 17 33 45 71 56 47 68 13 
714-12-13 1?2.051 = 12 47 56 71 45 48 19 36 29 67 16 32 98 86 76 68 13 
714-11-14 1?1.98 = 11 56 71 45 48 36 29 67 16 32 98 86 69 46 20 50 14 
714-12-14 1?2.001 = 12 47 32 76 86 98 69 46 50 20 63 35 64 21 93 94 14 
714-12-15 1?1.935 = 12 47 68 76 32 98 86 69 63 46 20 50 35 64 94 93 15 
714-14-15 1?2.123 = 14 50 20 46 86 98 16 67 29 41 81 72 63 35 94 93 15 
714-13-14 1?1.825 = 13 68 76 32 98 86 69 46 50 20 63 35 64 21 93 94 14 
714-13-15 1?1.906 = 13 68 47 32 86 98 69 46 20 50 35 63 21 64 94 93 15 
714-11-15 1?2.37 = 11 56 71 45 48 36 29 67 16 32 98 86 69 46 50 20 63 35 94 93 15 
stop
