start
379-0-3 1?2.036 = 0 27 60 97 29 37 61 51 69 35 68 88 56 28 3 
379-0-1 1?2.038 = 0 27 60 97 29 37 61 51 69 35 68 20 48 59 1 
379-0-4 1?2.552 = 0 27 60 97 29 37 61 51 69 35 68 20 88 96 36 50 52 4 
379-0-5 1?2.518 = 0 27 60 97 37 29 35 68 20 88 36 96 64 23 32 93 81 80 5 
379-0-6 1?2.437 = 0 60 27 48 20 88 36 96 64 23 32 80 81 93 95 92 53 86 87 54 6 
379-0-2 1?2.11 = 0 27 60 97 29 37 61 51 69 35 68 88 20 38 2 
379-0-11 1?2.484 = 0 27 60 97 37 67 73 17 19 21 18 91 83 65 16 89 33 63 11 
379-0-7 1?2.675 = 0 60 27 48 20 88 36 96 64 23 32 80 81 93 95 39 92 53 86 54 87 7 
379-0-10 1?2.437 = 0 97 37 67 73 17 62 19 21 18 91 83 65 16 89 33 47 26 82 10 
379-0-9 1?2.575 = 0 27 60 97 37 67 73 17 62 19 21 18 91 83 65 16 89 55 47 76 9 
379-0-8 1?2.652 = 0 97 37 61 17 62 19 21 18 91 83 65 16 33 89 55 98 75 71 49 8 
379-0-15 1?2.204 = 0 27 60 97 29 51 69 99 41 66 18 19 17 73 67 15 
379-0-14 1?2.038 = 0 27 60 97 37 61 51 99 41 66 18 19 17 46 14 
379-1-2 1?2.195 = 1 59 27 60 97 29 37 61 51 69 35 68 20 38 2 
379-0-13 1?2.223 = 0 27 60 97 29 37 61 51 69 99 41 66 91 18 19 62 43 13 
379-1-3 1?2.13 = 1 59 27 60 97 37 61 51 69 35 68 88 56 28 3 
379-1-5 1?2.394 = 1 59 48 20 68 30 31 78 42 40 34 39 92 95 93 81 80 5 
379-1-4 1?2.167 = 1 59 48 20 68 88 36 96 64 23 32 93 81 80 52 4 
379-1-6 1?2.387 = 1 59 48 20 68 88 36 96 64 23 32 80 81 93 95 53 86 87 54 6 
379-0-12 1?2.338 = 0 27 60 97 29 37 61 51 69 99 41 66 18 21 19 62 94 25 12 
379-1-7 1?2.64 = 1 59 48 20 88 68 30 31 96 64 23 32 80 81 93 95 39 92 53 85 22 7 
379-1-8 1?2.615 = 1 59 48 20 88 36 96 64 23 32 80 81 93 95 39 92 53 85 22 44 49 8 
379-1-14 1?2.248 = 1 59 27 60 97 37 61 51 99 41 66 18 21 19 17 46 14 
379-1-15 1?2.323 = 1 59 48 35 70 99 41 66 18 21 19 62 17 73 46 67 15 
379-2-5 1?2.123 = 2 38 20 88 68 30 31 96 36 64 23 32 93 81 80 5 
379-1-11 1?2.64 = 1 59 27 60 97 37 61 51 69 99 41 66 91 83 65 16 89 33 63 11 
379-2-3 1?2.374 = 2 38 59 27 60 97 37 29 35 68 20 88 56 28 3 
379-1-10 1?2.614 = 1 59 27 60 97 29 51 69 99 41 66 91 83 65 16 89 33 47 26 82 10 
379-2-6 1?2.296 = 2 38 20 88 36 64 23 32 80 81 93 95 39 92 53 86 87 54 6 
379-2-4 1?2.193 = 2 45 56 36 96 31 90 39 95 93 81 80 32 23 64 50 4 
379-1-13 1?2.345 = 1 59 27 60 97 29 37 67 46 73 17 62 19 18 21 94 43 13 
379-1-9 1?2.725 = 1 59 27 60 97 37 67 73 17 19 21 18 91 83 65 16 89 33 47 76 9 
379-1-12 1?2.404 = 1 59 27 60 97 29 51 61 73 46 17 62 19 21 18 24 25 12 
379-2-14 1?2.451 = 2 38 20 88 68 70 99 41 66 91 18 21 19 62 17 73 46 14 
379-2-15 1?2.588 = 2 38 20 68 70 99 41 66 91 18 21 19 62 17 73 46 67 15 
379-3-5 1?2.219 = 3 28 56 36 96 30 31 78 42 40 34 92 95 93 81 80 5 
379-2-11 1?2.806 = 2 38 20 88 36 96 31 78 40 42 84 65 83 16 89 33 63 72 74 11 
379-2-10 1?2.691 = 2 38 20 88 36 96 31 78 40 42 84 65 83 16 89 33 63 72 82 10 
379-3-4 1?2.235 = 3 28 56 88 68 30 31 96 36 64 23 32 93 81 80 52 4 
379-2-9 1?2.742 = 2 38 20 88 68 30 31 78 40 42 84 65 83 16 89 33 47 76 58 9 
379-2-13 1?2.627 = 2 38 59 27 60 97 29 37 61 51 69 99 41 66 18 19 62 43 13 
379-2-7 1?2.495 = 2 38 20 68 88 36 96 64 23 32 80 81 93 95 39 92 53 85 22 7 
379-2-8 1?2.572 = 2 38 20 88 36 96 64 23 32 80 81 93 95 39 92 53 85 22 44 49 8 
379-2-12 1?2.798 = 2 38 59 27 60 97 29 51 61 67 46 73 17 62 19 18 21 94 25 12 
379-3-6 1?1.919 = 3 28 56 36 96 64 23 32 80 81 93 95 53 86 87 54 6 
379-3-14 1?2.474 = 3 28 56 36 96 88 68 70 99 41 66 18 21 19 62 17 73 46 14 
379-3-15 1?2.514 = 3 28 56 88 68 70 99 41 66 18 21 19 62 17 73 46 67 15 
379-4-5 1?2.083 = 4 50 64 23 32 80 81 93 95 39 92 53 86 87 54 57 5 
379-3-11 1?2.725 = 3 28 56 36 64 23 32 80 81 93 95 39 34 42 84 16 89 33 63 11 
379-3-9 1?2.604 = 3 28 56 36 96 30 31 78 40 42 84 65 83 16 33 89 55 47 26 58 9 
379-3-7 1?2.228 = 3 28 56 36 96 64 23 32 80 81 93 95 39 92 53 86 54 87 7 
379-3-10 1?2.699 = 3 50 64 23 32 80 81 93 95 39 34 40 42 84 16 33 89 55 47 26 82 10 
379-3-13 1?2.531 = 3 28 56 36 96 31 78 40 42 84 16 65 83 91 18 21 19 62 43 13 
379-3-8 1?2.404 = 3 28 56 36 96 64 23 32 80 81 93 95 39 92 53 85 22 44 71 49 8 
379-3-12 1?2.792 = 3 28 56 36 96 31 78 40 42 84 89 33 16 65 83 91 18 21 19 94 25 12 
379-4-6 1?1.812 = 4 52 50 64 23 32 80 81 93 95 39 92 53 86 87 54 6 
379-5-6 1?1.945 = 5 80 81 93 32 23 64 90 39 95 53 85 87 86 54 6 
379-4-15 1?2.653 = 4 50 64 23 32 90 40 42 84 65 83 91 18 21 19 62 17 73 67 15 
379-4-14 1?2.558 = 4 50 64 23 32 90 34 40 42 84 65 83 91 18 21 19 17 73 46 14 
379-4-11 1?2.485 = 4 50 64 23 32 80 81 93 95 39 34 42 84 65 83 16 33 63 11 
379-4-7 1?1.999 = 4 52 50 64 23 32 80 81 93 95 39 92 53 86 87 54 7 
379-4-10 1?2.434 = 4 50 64 23 32 81 93 95 39 34 40 42 84 16 89 33 47 26 82 10 
379-4-9 1?2.512 = 4 50 64 23 32 80 81 93 95 39 34 40 42 84 65 16 33 47 76 9 
379-4-13 1?2.464 = 4 52 80 81 93 95 39 34 40 42 84 65 83 91 18 21 19 62 43 13 
379-4-8 1?2.461 = 4 50 64 23 32 80 81 93 95 92 39 34 40 42 84 98 77 75 71 49 8 
379-4-12 1?2.563 = 4 52 80 81 93 95 39 34 40 42 84 65 83 91 18 21 19 94 25 12 
379-5-14 1?2.414 = 5 80 81 93 95 39 34 40 42 84 65 83 91 18 21 19 17 73 46 14 
379-5-15 1?2.552 = 5 80 81 93 95 39 34 40 42 84 65 83 91 18 21 19 17 73 67 15 
379-6-7 1?1.974 = 6 54 87 86 57 80 81 32 23 64 90 39 92 53 85 22 7 
379-5-7 1?2.114 = 5 52 50 64 23 32 80 81 93 95 39 92 53 86 54 87 7 
379-6-8 1?1.872 = 6 54 87 86 57 80 81 93 95 39 92 53 85 22 44 49 8 
379-5-8 1?2.052 = 5 80 81 93 32 23 64 90 39 95 53 85 44 71 49 8 
379-5-11 1?2.542 = 5 80 81 93 95 39 34 40 42 84 65 83 16 33 89 55 47 72 63 11 
379-5-9 1?2.311 = 5 80 81 93 95 39 34 40 42 84 65 83 16 33 89 55 47 76 9 
379-5-10 1?2.407 = 5 80 81 93 95 92 39 34 40 42 84 65 83 16 33 89 55 47 26 82 10 
379-5-13 1?2.431 = 5 80 81 93 95 39 34 40 42 84 16 65 83 91 18 21 19 62 43 13 
379-5-12 1?2.498 = 5 80 81 93 95 39 34 40 42 84 65 83 91 18 21 19 62 94 25 12 
379-7-9 1?2.205 = 7 22 85 53 92 39 34 40 42 84 65 16 33 47 76 9 
379-7-10 1?2.249 = 7 22 85 53 92 39 34 40 42 84 65 83 16 33 47 26 82 10 
379-6-14 1?2.421 = 6 54 87 86 95 39 34 40 42 84 65 83 91 18 21 19 17 73 46 14 
379-7-11 1?2.435 = 7 87 86 53 95 39 34 40 42 84 65 83 16 89 33 72 63 11 
379-7-8 1?2.021 = 7 87 86 57 80 81 93 95 39 92 53 85 22 44 71 49 8 
379-6-15 1?2.6 = 6 54 87 86 53 92 39 34 40 42 84 65 83 91 18 21 19 17 73 67 15 
379-6-10 1?2.243 = 6 54 87 86 95 39 34 40 42 84 65 83 16 89 55 47 26 82 10 
379-6-9 1?2.254 = 6 54 87 86 95 39 34 40 42 84 65 83 16 89 33 47 76 9 
379-6-11 1?2.451 = 6 54 87 86 57 80 81 93 95 39 34 40 42 84 65 83 16 33 63 11 
379-6-13 1?2.422 = 6 54 57 80 81 93 95 39 34 40 42 84 65 83 91 18 21 19 62 43 13 
379-6-12 1?2.425 = 6 54 87 86 53 92 39 34 40 42 84 65 83 91 18 21 19 94 25 12 
379-8-10 1?2.069 = 8 49 71 75 77 98 55 89 33 16 65 83 79 63 72 82 10 
379-8-9 1?2.138 = 8 49 71 75 77 98 55 89 16 33 63 72 74 82 26 58 9 
379-8-11 1?2.335 = 8 49 71 75 77 98 55 89 33 16 65 83 91 18 21 94 25 11 
379-7-14 1?2.487 = 7 22 85 53 92 39 34 40 42 65 83 91 18 21 19 62 17 73 46 14 
379-7-15 1?2.697 = 7 22 85 53 95 39 34 40 42 84 65 83 91 18 21 19 62 17 73 67 15 
379-7-13 1?2.357 = 7 22 85 53 95 39 34 40 42 84 65 83 91 18 21 19 62 43 13 
379-8-14 1?2.647 = 8 49 71 75 77 98 55 89 33 16 65 83 91 66 18 21 19 62 17 73 46 67 14 
379-8-13 1?2.311 = 8 49 71 75 77 98 55 89 33 16 65 83 91 18 21 19 94 62 43 13 
379-8-12 1?2.094 = 8 49 71 75 77 98 55 89 33 16 65 83 91 18 21 94 25 12 
379-8-15 1?2.675 = 8 49 71 75 77 98 55 89 33 16 65 83 91 66 18 21 19 62 17 73 46 67 15 
379-7-12 1?2.456 = 7 22 85 53 95 39 34 40 42 84 65 83 91 18 21 19 94 25 12 
379-9-10 1?2.163 = 9 76 47 33 16 65 83 91 18 24 79 63 72 82 10 
379-10-13 1?1.781 = 10 82 26 47 33 89 16 65 83 91 18 21 19 62 43 13 
379-10-11 1?2.092 = 10 82 26 47 55 89 33 16 65 83 91 18 21 94 25 11 
379-9-11 1?2.319 = 9 76 47 33 89 16 65 83 91 18 21 19 94 24 79 63 11 
379-10-14 1?2.139 = 10 82 74 72 63 33 89 16 65 83 91 18 21 19 62 17 73 46 14 
379-10-12 1?1.851 = 10 82 26 47 55 89 33 16 65 83 91 18 21 94 25 12 
379-9-14 1?2.367 = 9 58 26 82 72 63 33 89 16 65 83 91 18 21 19 62 17 73 46 14 
379-9-13 1?2.21 = 9 76 26 82 72 63 33 89 16 65 83 91 18 21 19 62 43 13 
379-10-15 1?2.299 = 10 82 26 47 55 89 33 16 65 83 91 18 21 19 62 17 73 46 67 15 
379-9-12 1?2.08 = 9 76 47 33 89 16 65 83 91 18 21 19 62 43 94 25 12 
379-9-15 1?2.717 = 9 58 26 82 72 47 55 89 33 16 65 83 91 18 21 19 62 17 46 67 15 
379-13-14 1?1.997 = 13 43 62 19 21 18 66 41 99 69 51 61 17 73 46 14 
379-12-14 1?2.095 = 12 25 24 94 43 62 19 21 18 91 66 41 17 73 46 14 
379-11-14 1?1.995 = 11 63 72 33 16 65 83 91 18 21 19 62 17 73 46 14 
379-14-15 1?2.03 = 14 46 73 17 62 19 21 18 66 41 99 69 51 61 37 15 
379-12-15 1?2.103 = 12 25 94 21 18 19 62 17 46 73 61 51 29 37 15 
379-13-15 1?2.064 = 13 43 62 19 21 18 91 66 41 99 69 51 61 29 37 15 
379-12-13 1?1.966 = 12 25 24 79 33 89 16 65 83 91 18 21 19 62 43 13 
379-11-13 1?1.959 = 11 74 72 63 33 89 16 65 83 91 18 21 19 62 43 13 
379-11-15 1?2.247 = 11 63 72 33 16 65 83 91 18 21 19 62 17 73 46 67 15 
379-11-12 1?2.023 = 11 63 72 33 16 65 83 91 18 21 19 94 24 25 12 
stop
