start
810-0-2 1?2.009 = 0 75 69 79 34 94 29 39 35 32 27 17 87 71 2 
810-0-3 1?1.946 = 0 75 69 34 94 29 39 35 32 27 17 71 87 25 3 
810-0-4 1?2.375 = 0 75 69 34 94 35 54 67 84 38 51 22 26 37 44 85 4 
810-0-1 1?2.119 = 0 75 69 79 34 94 39 35 54 67 84 23 32 30 63 1 
810-0-9 1?2.331 = 0 75 69 79 34 94 35 54 67 61 64 40 16 97 49 93 92 80 59 9 
810-0-11 1?2.385 = 0 75 69 79 34 94 29 39 35 54 67 61 64 40 41 78 48 42 11 
810-0-8 1?2.531 = 0 75 69 79 34 94 35 54 67 61 64 40 16 97 49 93 92 80 90 8 
810-0-6 1?2.282 = 0 75 69 79 34 94 35 54 84 38 51 22 26 66 72 76 70 65 6 
810-0-5 1?2.273 = 0 75 69 79 34 94 35 54 84 38 51 22 26 66 72 76 20 5 
810-0-7 1?2.41 = 0 75 69 34 94 39 35 54 67 84 38 51 22 26 66 68 33 74 24 95 7 
810-0-10 1?2.384 = 0 69 79 34 94 35 54 67 61 64 40 16 97 49 93 92 80 53 99 10 
810-1-5 1?2.172 = 1 63 30 32 23 38 51 22 26 66 72 76 70 65 77 5 
810-1-3 1?2.192 = 1 62 75 69 79 34 94 39 35 32 27 17 71 87 25 3 
810-1-4 1?2.358 = 1 63 30 32 23 38 51 22 26 66 72 76 44 37 85 4 
810-0-14 1?1.855 = 0 75 69 34 94 29 39 35 36 82 52 18 58 55 14 
810-1-2 1?2.261 = 1 62 75 69 34 94 29 39 35 32 27 17 87 71 2 
810-0-15 1?2.003 = 0 75 69 79 34 94 39 35 36 82 52 18 58 19 83 15 
810-1-6 1?2.447 = 1 63 30 27 32 23 38 51 22 66 26 37 44 72 76 20 70 65 6 
810-0-13 1?2.168 = 0 75 69 79 34 94 29 39 35 36 82 86 50 73 91 96 13 
810-1-8 1?2.695 = 1 62 75 69 34 94 35 54 67 61 64 40 16 97 49 93 92 90 8 
810-1-7 1?2.524 = 1 63 30 32 23 38 51 22 66 26 37 44 76 72 68 33 60 43 24 95 7 
810-0-12 1?2.332 = 0 75 69 79 34 94 29 39 35 54 67 61 64 40 41 48 42 47 12 
810-2-5 1?2.211 = 2 17 27 32 23 38 51 22 26 66 72 76 70 65 77 5 
810-2-3 1?2.458 = 2 63 62 75 69 79 34 94 30 32 27 17 71 87 25 3 
810-2-4 1?2.397 = 2 17 27 32 23 38 51 22 26 66 72 76 44 37 85 4 
810-1-14 1?2.28 = 1 62 75 69 79 34 94 29 39 35 36 82 52 18 19 58 55 14 
810-2-6 1?2.339 = 2 71 87 17 27 32 23 38 51 22 26 66 72 76 20 70 65 6 
810-1-10 1?2.591 = 1 62 75 69 79 34 94 39 35 54 67 61 64 40 41 88 56 53 99 10 
810-1-15 1?2.393 = 1 62 75 69 79 34 94 29 39 35 36 82 52 18 58 19 83 15 
810-1-13 1?2.541 = 1 62 75 69 79 34 94 29 39 35 54 84 67 36 82 52 18 96 13 
810-1-9 1?2.583 = 1 62 75 69 34 94 35 54 67 61 64 40 16 97 49 93 92 80 59 9 
810-1-11 1?2.566 = 1 62 75 69 79 34 94 35 54 84 67 61 64 40 41 78 48 42 11 
810-1-12 1?2.501 = 1 62 75 69 79 34 94 29 39 35 54 36 82 52 18 91 73 28 12 
810-3-5 1?2.146 = 3 25 71 87 85 44 37 22 26 66 72 76 70 65 77 5 
810-2-15 1?2.575 = 2 71 87 17 27 32 23 84 67 61 64 86 82 52 18 19 83 15 
810-3-4 1?2.272 = 3 25 87 71 17 27 32 23 38 51 22 26 37 44 85 4 
810-2-14 1?2.333 = 2 71 87 17 27 32 30 63 62 75 69 79 34 94 29 83 55 14 
810-2-13 1?2.508 = 2 71 87 17 27 32 23 84 67 61 64 40 86 82 52 18 96 13 
810-2-9 1?2.46 = 2 71 17 27 32 23 84 67 61 64 40 16 97 49 93 92 80 59 9 
810-2-10 1?2.571 = 2 71 17 27 32 23 84 67 61 64 40 16 97 49 93 92 80 53 99 10 
810-2-7 1?2.417 = 2 71 87 89 46 37 44 72 76 20 70 65 68 33 60 43 24 74 95 7 
810-2-8 1?2.624 = 2 71 87 17 27 32 23 84 67 61 64 40 16 97 49 93 92 90 8 
810-2-11 1?2.711 = 2 71 87 17 27 32 23 84 67 61 64 40 16 97 41 78 48 42 47 11 
810-2-12 1?2.596 = 2 71 87 17 27 32 23 84 67 61 64 40 16 97 41 78 48 42 47 12 
810-3-6 1?2.046 = 3 25 87 71 17 27 89 46 37 44 72 76 20 70 65 6 
810-3-7 1?1.982 = 3 25 71 87 89 46 37 44 72 68 33 60 43 24 95 7 
810-4-5 1?2.085 = 4 85 44 37 46 51 22 26 66 72 76 20 70 65 77 5 
810-3-15 1?2.451 = 3 25 87 71 17 27 32 30 63 62 75 69 79 34 94 29 19 83 15 
810-3-10 1?2.518 = 3 25 71 87 89 23 84 67 61 64 40 16 97 49 93 92 80 53 99 10 
810-3-14 1?2.314 = 3 25 87 71 17 27 32 30 63 62 75 69 79 34 94 29 83 55 14 
810-3-9 1?2.407 = 3 25 71 87 89 23 84 67 61 64 40 16 97 49 93 92 80 59 9 
810-3-13 1?2.579 = 3 25 87 71 17 27 32 23 84 67 61 64 40 41 78 50 73 91 96 13 
810-3-8 1?2.533 = 3 25 87 71 17 27 32 23 38 51 22 26 66 72 68 33 43 57 8 
810-3-11 1?2.575 = 3 25 87 71 17 27 32 23 84 67 61 64 40 16 97 41 78 48 42 11 
810-3-12 1?2.522 = 3 25 87 71 17 27 32 23 84 67 61 64 40 16 97 41 48 42 47 12 
810-5-6 1?1.922 = 5 20 76 72 44 37 26 22 66 68 33 60 43 24 74 6 
810-4-6 1?2.087 = 4 85 44 37 22 26 66 60 33 68 72 76 20 70 65 6 
810-4-7 1?1.901 = 4 85 44 37 22 26 66 72 76 68 33 60 43 24 95 7 
810-4-15 1?2.494 = 4 85 44 37 26 66 22 51 38 84 67 54 35 39 94 34 29 15 
810-4-10 1?2.429 = 4 85 44 37 22 26 66 21 81 49 16 61 64 40 41 88 56 10 
810-4-14 1?2.457 = 4 85 44 37 26 66 21 81 49 16 61 64 86 52 18 58 55 14 
810-4-8 1?2.421 = 4 85 44 37 46 51 22 26 66 72 76 70 65 68 33 60 43 57 8 
810-4-9 1?2.447 = 4 85 44 37 46 51 22 26 66 21 81 49 16 97 93 92 80 59 9 
810-4-13 1?2.53 = 4 85 44 37 22 26 66 21 81 49 97 16 61 64 86 52 18 96 13 
810-4-11 1?2.499 = 4 85 44 37 22 26 66 21 81 49 97 16 61 64 40 41 48 42 11 
810-4-12 1?2.501 = 4 85 44 37 22 26 66 21 81 49 97 16 61 64 40 41 48 42 47 12 
810-6-7 1?1.747 = 6 65 70 20 76 72 26 66 68 33 60 43 24 74 95 7 
810-5-7 1?1.78 = 5 20 76 44 37 22 26 66 68 33 60 43 24 74 95 7 
810-5-8 1?2.018 = 5 20 76 44 37 46 51 22 26 66 68 33 43 57 8 
810-6-8 1?1.965 = 6 65 70 20 76 44 37 22 26 66 68 33 60 43 57 8 
810-5-15 1?2.347 = 5 20 76 72 66 26 22 51 38 84 67 54 35 39 94 34 29 15 
810-5-9 1?2.205 = 5 20 76 44 37 46 51 22 26 66 21 81 31 98 92 80 59 9 
810-5-10 1?2.369 = 5 20 76 72 26 66 21 81 49 16 61 64 40 41 88 56 53 99 10 
810-5-13 1?2.446 = 5 20 76 72 26 66 21 81 49 97 16 61 64 86 82 52 18 96 13 
810-5-14 1?2.384 = 5 20 76 72 26 66 21 81 49 97 16 61 64 86 52 18 58 55 14 
810-5-11 1?2.458 = 5 20 76 44 37 22 26 66 21 81 49 97 16 61 64 40 41 48 11 
810-5-12 1?2.498 = 5 20 76 72 26 22 66 21 81 49 97 16 61 64 40 41 78 48 42 47 12 
810-7-10 1?1.964 = 7 95 24 33 68 66 26 22 21 81 93 92 80 53 99 10 
810-7-9 1?1.938 = 7 95 43 60 33 68 66 26 22 21 81 93 92 80 59 9 
810-7-8 1?1.969 = 7 95 24 74 33 68 72 76 44 37 26 66 60 43 57 8 
810-6-9 1?2.085 = 6 65 70 20 76 72 44 37 22 26 66 21 81 93 92 80 59 9 
810-6-10 1?2.239 = 6 65 70 20 76 72 44 37 26 66 21 81 31 98 92 80 53 99 10 
810-7-11 1?2.199 = 7 95 24 43 60 21 81 49 97 16 61 64 40 41 48 42 11 
810-6-13 1?2.455 = 6 65 70 76 72 26 66 21 81 49 97 16 61 64 86 82 52 18 96 13 
810-6-11 1?2.358 = 6 65 70 76 72 26 66 21 81 49 97 16 61 64 40 41 48 42 11 
810-6-15 1?2.525 = 6 65 70 76 72 26 66 21 81 49 16 40 64 61 67 54 35 39 29 15 
810-6-14 1?2.459 = 6 65 70 76 72 26 66 21 81 49 97 16 61 64 86 82 52 18 58 55 14 
810-6-12 1?2.36 = 6 65 70 76 72 26 66 21 81 49 97 16 61 64 40 41 48 42 47 12 
810-8-10 1?2.134 = 8 90 92 93 49 16 61 64 40 41 88 56 53 99 10 
810-8-9 1?2.149 = 8 57 43 33 68 66 26 22 21 81 31 98 92 80 59 9 
810-8-13 1?2.367 = 8 90 80 92 93 49 97 16 61 64 40 86 82 52 18 96 13 
810-8-11 1?2.322 = 8 90 59 80 92 93 49 97 16 61 64 40 41 78 48 42 11 
810-7-13 1?2.317 = 7 95 43 60 21 81 49 97 16 61 64 40 86 82 52 18 96 13 
810-8-14 1?2.436 = 8 90 59 80 92 93 49 97 16 61 64 40 86 82 52 18 58 55 14 
810-7-14 1?2.321 = 7 95 43 60 21 81 49 97 16 61 64 40 86 82 52 18 58 55 14 
810-8-15 1?2.512 = 8 90 92 93 49 16 97 41 40 64 61 67 84 54 35 94 34 29 15 
810-8-12 1?2.396 = 8 90 59 80 92 93 49 97 16 61 64 40 41 78 50 45 47 12 
810-7-12 1?2.256 = 7 95 24 43 60 21 81 49 97 16 61 64 40 41 78 48 42 47 12 
810-7-15 1?2.535 = 7 95 24 43 60 21 81 49 97 16 40 64 61 67 54 35 39 94 34 29 15 
810-9-10 1?1.971 = 9 59 80 92 93 49 97 16 61 64 40 41 88 56 10 
810-9-11 1?2.057 = 9 59 80 92 93 49 97 16 61 64 40 41 78 48 42 11 
810-10-11 1?2.113 = 10 99 53 80 92 93 49 97 16 61 64 40 41 48 42 11 
810-10-13 1?2.144 = 10 99 53 80 92 93 49 97 16 61 64 86 52 18 96 13 
810-10-12 1?2.063 = 10 99 53 80 92 93 49 97 16 40 41 78 48 42 47 12 
810-9-13 1?2.167 = 9 59 80 92 93 49 97 16 61 64 40 86 82 52 18 96 13 
810-9-12 1?1.98 = 9 59 80 92 93 49 97 16 61 64 86 50 45 28 12 
810-10-14 1?2.214 = 10 99 53 80 92 93 49 97 16 61 64 86 82 52 18 58 55 14 
810-10-15 1?2.336 = 10 99 53 80 92 93 49 16 40 64 61 67 54 35 94 34 29 15 
810-9-14 1?2.256 = 9 59 80 92 93 49 97 16 61 64 40 86 82 52 18 19 58 55 14 
810-9-15 1?2.338 = 9 59 80 92 93 49 97 16 40 64 61 67 54 35 39 94 34 29 15 
810-14-15 1?2.088 = 14 55 58 18 52 82 36 67 84 54 35 39 94 34 29 15 
810-12-15 1?2.113 = 12 28 73 91 50 86 82 36 35 39 94 34 29 83 15 
810-13-15 1?2.151 = 13 96 18 52 82 36 35 39 29 94 34 75 69 79 15 
810-12-13 1?2.1 = 12 47 42 48 41 40 64 61 67 36 82 52 18 96 13 
810-12-14 1?2.069 = 12 47 42 48 78 41 40 61 64 86 82 52 18 58 55 14 
810-13-14 1?2.143 = 13 91 73 50 86 64 61 67 36 82 52 18 58 55 14 
810-11-13 1?2.249 = 11 42 48 78 41 97 16 61 64 40 86 82 52 18 96 13 
810-11-12 1?2.191 = 11 42 48 41 40 64 61 67 36 82 52 91 73 28 12 
810-11-15 1?2.418 = 11 42 48 41 97 16 40 64 61 67 84 54 35 39 94 34 29 15 
810-11-14 1?2.353 = 11 42 48 78 41 97 16 40 64 61 67 36 82 52 18 58 55 14 
stop
