start
587-0-1 1?2.018 = 0 48 73 97 27 92 33 74 19 28 90 84 37 45 17 25 1 
587-0-2 1?1.929 = 0 48 73 97 27 92 33 74 53 19 28 90 84 37 45 2 
587-0-3 1?2.037 = 0 48 73 97 27 92 33 74 19 28 90 65 81 58 99 3 
587-0-4 1?2.489 = 0 48 73 97 27 92 33 89 55 66 53 28 65 81 58 82 4 
587-0-5 1?2.46 = 0 38 48 73 97 27 74 33 92 89 55 66 26 39 75 24 42 5 
587-0-6 1?2.603 = 0 48 73 97 27 92 33 74 53 66 55 26 39 75 24 42 72 6 
587-0-7 1?2.535 = 0 48 73 97 27 74 33 92 89 55 66 26 39 34 23 70 31 98 7 
587-0-8 1?2.482 = 0 48 73 74 33 92 20 85 63 93 41 54 62 32 36 47 44 86 8 
587-0-9 1?2.323 = 0 48 73 74 33 92 20 85 63 83 93 41 62 32 36 57 88 96 43 9 
587-0-10 1?2.188 = 0 48 73 74 33 92 20 85 63 93 41 62 32 36 57 88 61 46 94 10 
587-0-11 1?2.242 = 0 48 73 97 27 74 33 92 20 85 63 83 49 93 41 54 40 29 11 
587-0-12 1?2.148 = 0 48 73 74 33 53 66 55 89 69 63 85 71 60 76 56 12 
587-0-13 1?1.771 = 0 48 73 97 27 74 33 92 20 63 85 71 60 76 13 
587-0-14 1?1.78 = 0 30 38 48 73 97 27 74 33 92 20 67 78 80 14 
587-0-15 1?1.914 = 0 30 38 48 73 97 27 74 33 92 20 67 78 64 15 
587-1-2 1?2.042 = 1 30 38 48 73 27 92 33 74 19 28 90 84 37 45 17 2 
587-1-3 1?2.134 = 1 30 38 48 73 27 92 33 74 19 28 65 81 58 99 3 
587-1-4 1?2.388 = 1 30 38 48 73 27 92 33 74 19 28 65 81 58 82 4 
587-1-5 1?2.593 = 1 30 38 48 73 27 92 33 74 53 66 55 26 39 75 24 42 5 
587-1-6 1?2.804 = 1 30 38 48 73 97 27 74 33 92 89 55 66 26 39 75 24 42 72 6 
587-1-7 1?2.63 = 1 30 38 48 73 74 33 92 89 55 66 26 39 34 23 70 31 98 7 
587-1-8 1?2.648 = 1 95 73 74 33 92 20 63 83 49 41 62 32 36 47 44 86 8 
587-1-9 1?2.485 = 1 95 73 74 33 92 20 85 63 83 93 41 54 62 32 36 57 88 96 9 
587-1-10 1?2.36 = 1 95 73 74 33 92 20 85 63 93 41 62 32 36 57 88 61 46 94 10 
587-1-11 1?2.413 = 1 30 38 48 73 97 27 74 33 92 20 63 85 71 83 49 40 29 11 
587-1-12 1?2.254 = 1 30 38 48 73 97 27 74 33 92 20 63 85 71 60 76 56 12 
587-1-13 1?2.058 = 1 30 38 48 73 97 27 74 33 92 20 63 85 71 60 56 76 13 
587-1-14 1?1.865 = 1 30 38 48 73 97 27 74 33 92 20 67 78 80 14 
587-1-15 1?1.999 = 1 30 38 48 73 97 27 74 33 92 20 67 78 64 15 
587-2-3 1?2.26 = 2 17 45 37 84 90 28 19 53 66 26 35 65 81 58 99 3 
587-2-4 1?2.504 = 2 45 37 84 90 28 19 53 66 26 35 65 81 58 82 52 4 
587-2-5 1?2.365 = 2 45 37 84 90 28 19 53 66 55 26 39 75 24 42 72 5 
587-2-6 1?2.496 = 2 45 37 84 90 28 19 53 66 55 26 39 75 24 42 72 6 
587-2-7 1?2.543 = 2 45 37 84 90 28 19 53 66 55 26 39 34 23 16 70 31 98 7 
587-2-8 1?2.538 = 2 45 37 84 90 28 53 66 55 89 69 59 18 87 47 44 86 8 
587-2-9 1?2.366 = 2 45 37 84 90 28 19 53 66 55 59 18 87 36 57 88 96 43 9 
587-2-10 1?2.335 = 2 17 37 84 90 28 19 53 66 55 59 18 87 36 57 88 21 61 46 94 10 
587-2-11 1?2.388 = 2 45 37 84 90 28 19 53 66 55 89 69 63 85 71 83 49 40 29 11 
587-2-12 1?2.438 = 2 17 45 37 84 90 28 19 53 66 55 89 69 63 85 71 83 60 76 12 
587-2-13 1?2.033 = 2 45 37 84 90 28 19 53 66 55 89 69 63 85 71 60 56 76 13 
587-2-14 1?2.118 = 2 45 37 84 90 28 53 66 55 89 33 92 74 27 97 77 78 80 14 
587-2-15 1?2.012 = 2 45 37 84 90 28 19 53 66 55 89 33 92 27 97 64 15 
587-3-4 1?2.612 = 3 99 58 81 65 28 19 53 66 55 26 39 75 82 50 52 4 
587-3-5 1?2.458 = 3 99 58 81 65 28 19 53 66 55 26 39 75 24 42 5 
587-3-6 1?2.614 = 3 99 58 81 65 28 53 66 55 26 39 75 24 42 72 6 
587-3-7 1?2.516 = 3 58 81 65 28 19 53 66 26 39 34 23 70 31 98 7 
587-3-8 1?2.658 = 3 99 58 81 65 28 19 53 66 55 59 18 87 47 44 86 22 8 
587-3-9 1?2.45 = 3 58 81 65 28 19 53 66 55 59 18 87 36 57 88 96 9 
587-3-10 1?2.393 = 3 99 58 81 65 28 53 66 55 59 18 87 36 57 88 61 46 94 10 
587-3-11 1?2.37 = 3 99 58 81 65 28 19 74 33 92 20 85 63 83 49 40 29 11 
587-3-12 1?2.48 = 3 99 58 81 65 90 28 19 53 66 55 89 69 63 85 71 60 56 76 12 
587-3-13 1?2.42 = 3 58 81 65 28 19 74 33 53 66 55 89 69 63 85 71 60 56 76 13 
587-3-14 1?2.256 = 3 99 58 81 65 28 53 66 55 89 33 92 27 97 64 77 78 80 14 
587-3-15 1?2.213 = 3 99 58 81 65 28 53 66 55 89 33 92 74 27 97 64 15 
587-4-5 1?2.712 = 4 82 58 81 65 28 19 53 66 55 26 39 75 24 42 5 
587-4-6 1?2.866 = 4 52 82 58 81 65 28 19 53 66 26 39 75 24 42 72 6 
587-4-7 1?2.73 = 4 52 50 24 79 51 16 23 18 87 47 44 86 22 70 31 98 7 
587-4-8 1?2.655 = 4 52 50 24 79 51 16 23 18 87 36 57 88 96 43 47 44 86 8 
587-4-9 1?2.443 = 4 52 50 24 79 51 16 70 22 86 44 47 36 57 88 61 21 96 43 9 
587-4-10 1?2.366 = 4 52 50 24 79 51 16 23 22 86 44 47 36 57 88 96 21 61 46 94 10 
587-4-11 1?2.437 = 4 52 50 24 79 51 16 70 22 86 44 47 43 96 21 61 46 94 11 
587-4-12 1?2.57 = 4 82 81 65 28 19 53 66 55 89 69 63 85 71 60 56 76 12 
587-4-13 1?2.447 = 4 82 58 81 65 28 19 53 66 55 89 69 63 85 71 60 56 76 13 
587-4-14 1?2.61 = 4 52 82 58 81 65 28 19 53 66 55 89 33 92 27 97 64 77 78 80 14 
587-4-15 1?2.433 = 4 82 58 81 65 28 19 53 66 55 89 33 92 74 27 97 15 
587-5-6 1?2.766 = 5 42 24 79 51 16 23 18 87 47 44 22 70 31 98 68 6 
587-5-7 1?2.567 = 5 42 24 79 51 16 23 18 87 47 44 86 22 70 31 98 7 
587-5-8 1?2.331 = 5 42 24 79 51 16 70 22 44 47 57 88 96 43 86 8 
587-5-9 1?2.28 = 5 42 24 79 51 16 70 22 86 44 47 36 57 88 61 21 96 43 9 
587-5-10 1?2.203 = 5 42 24 79 51 16 23 22 86 44 47 36 57 88 96 21 61 46 94 10 
587-5-11 1?2.341 = 5 42 24 79 51 16 70 22 86 44 47 36 57 88 21 61 46 94 11 
587-5-12 1?2.54 = 5 42 24 75 39 26 53 66 55 89 69 63 85 71 60 76 56 12 
587-5-13 1?2.612 = 5 50 82 58 81 65 28 19 53 66 55 89 69 63 85 71 60 56 76 13 
587-5-14 1?2.588 = 5 72 42 24 75 39 26 66 55 89 20 92 33 74 27 97 64 77 78 80 14 
587-5-15 1?2.63 = 5 42 24 75 39 26 66 55 89 69 63 85 20 92 33 74 27 97 15 
587-6-7 1?2.52 = 6 68 51 23 18 87 36 57 47 44 86 22 70 31 98 7 
587-6-8 1?2.17 = 6 68 98 31 70 22 44 47 36 32 57 88 96 43 86 8 
587-6-9 1?1.903 = 6 68 98 31 16 70 22 86 44 47 36 57 88 96 43 9 
587-6-10 1?2.013 = 6 68 98 31 16 70 22 86 44 47 36 32 57 88 96 21 61 46 94 10 
587-6-11 1?2.08 = 6 68 98 31 70 22 86 44 47 36 57 88 96 21 61 46 94 11 
587-6-12 1?2.321 = 6 68 98 31 70 22 86 43 96 88 57 36 32 62 91 40 29 12 
587-6-13 1?2.529 = 6 68 98 31 70 22 86 43 96 88 57 36 32 62 41 49 56 76 13 
587-6-14 1?2.562 = 6 72 42 24 75 39 26 66 55 89 92 33 74 27 97 64 77 78 80 14 
587-6-15 1?2.635 = 6 72 42 24 75 39 26 66 55 89 92 33 74 27 97 77 78 64 15 
587-7-8 1?1.973 = 7 98 31 70 22 44 47 57 88 61 21 96 43 86 8 
587-7-9 1?1.676 = 7 98 31 70 22 86 44 47 57 88 61 21 96 43 9 
587-7-10 1?1.45 = 7 98 31 70 22 86 44 47 43 96 21 61 46 94 10 
587-7-11 1?1.943 = 7 98 31 70 22 86 44 47 36 32 57 88 96 21 61 46 94 11 
587-7-12 1?2.158 = 7 98 31 70 22 86 44 47 43 96 88 57 36 32 91 40 29 12 
587-7-13 1?2.361 = 7 98 31 70 22 86 44 47 88 57 36 32 62 54 41 93 49 56 76 13 
587-7-14 1?2.53 = 7 98 31 16 51 34 39 26 66 55 89 92 33 74 27 97 64 77 78 80 14 
587-7-15 1?2.603 = 7 98 31 16 51 34 39 26 66 55 89 92 33 74 27 97 77 78 64 15 
587-8-9 1?1.527 = 8 22 44 47 36 57 46 94 61 21 88 96 43 9 
587-8-10 1?1.35 = 8 22 44 47 36 57 88 43 96 21 61 46 94 10 
587-8-11 1?1.76 = 8 22 86 44 47 36 32 57 88 96 21 61 46 94 91 11 
587-8-12 1?2.007 = 8 22 86 44 47 43 96 21 61 88 57 36 32 62 91 40 29 12 
587-8-13 1?2.152 = 8 22 86 44 47 43 96 88 57 36 32 62 54 41 49 83 56 76 13 
587-8-14 1?2.297 = 8 86 43 96 88 57 36 32 62 41 49 83 63 85 67 77 78 80 14 
587-8-15 1?2.4 = 8 22 86 44 47 36 32 62 54 41 93 49 83 63 85 67 78 77 64 15 
587-9-10 1?1.378 = 9 43 96 21 61 88 57 36 32 62 91 46 94 10 
587-9-11 1?1.619 = 9 43 96 88 21 61 94 46 57 36 32 62 91 40 29 11 
587-9-12 1?1.711 = 9 43 96 88 21 61 94 46 57 36 32 62 91 40 29 12 
587-9-13 1?1.946 = 9 43 96 88 57 36 32 62 54 41 93 49 83 63 85 71 60 56 76 13 
587-9-14 1?2.04 = 9 43 96 88 57 36 32 62 54 41 93 49 83 63 85 67 77 78 80 14 
587-9-15 1?2.265 = 9 43 96 88 57 36 32 62 54 41 93 49 83 63 85 71 67 78 77 64 15 
587-10-11 1?1.26 = 10 94 46 61 21 96 88 57 36 32 62 91 40 29 11 
587-10-12 1?1.352 = 10 94 46 61 21 96 88 57 36 32 62 91 40 29 12 
587-10-13 1?1.487 = 10 94 46 61 88 57 36 32 62 41 93 49 56 76 13 
587-10-14 1?1.74 = 10 94 46 91 54 41 93 49 83 63 85 67 77 78 80 14 
587-10-15 1?2.011 = 10 94 46 61 88 57 36 32 62 41 49 83 63 85 67 78 77 64 15 
587-11-12 1?1.633 = 11 94 46 61 21 96 88 57 36 32 62 91 40 29 12 
587-11-13 1?1.695 = 11 29 40 91 54 41 93 49 83 63 85 71 60 56 76 13 
587-11-14 1?1.789 = 11 29 40 91 54 41 93 49 83 63 85 67 77 78 80 14 
587-11-15 1?2.054 = 11 91 54 41 93 49 83 63 85 20 92 33 74 27 97 64 15 
587-12-13 1?1.787 = 12 29 40 91 54 41 93 49 83 63 85 71 60 56 76 13 
587-12-14 1?1.83 = 12 76 60 71 85 20 92 33 74 27 97 77 78 80 14 
587-12-15 1?2.067 = 12 56 76 60 71 85 63 69 89 55 66 53 74 27 97 15 
587-13-14 1?1.634 = 13 76 60 71 85 20 92 33 74 27 97 77 78 80 14 
587-13-15 1?1.787 = 13 76 56 60 71 85 63 69 89 33 74 27 97 64 15 
587-14-15 1?1.796 = 14 80 78 77 67 20 89 55 66 53 33 92 27 97 15 
stop
