start
166-0-1 1?1.894 = 0 45 88 17 73 24 59 47 28 83 46 58 18 91 93 1 
166-0-2 1?1.872 = 0 45 88 17 24 73 28 83 46 58 18 91 35 99 60 2 
166-0-3 1?2.247 = 0 45 41 91 18 58 83 46 73 24 28 37 66 68 79 98 3 
166-0-4 1?2.433 = 0 45 41 91 18 58 83 46 73 17 24 28 37 66 68 79 98 4 
166-0-5 1?2.479 = 0 45 41 91 18 58 83 46 73 24 28 37 66 68 79 38 23 81 5 
166-0-6 1?2.511 = 0 45 41 91 18 58 83 46 73 24 28 37 66 64 87 78 25 92 80 6 
166-0-7 1?2.556 = 0 45 88 17 24 73 46 83 28 37 66 64 87 78 32 21 57 90 96 43 75 7 
166-0-8 1?2.463 = 0 45 88 17 24 73 46 83 28 37 66 64 87 78 32 21 57 90 96 8 
166-0-9 1?2.52 = 0 45 88 84 77 62 48 29 53 69 49 27 26 22 82 74 67 54 9 
166-0-10 1?2.459 = 0 45 88 84 77 62 48 29 53 69 49 27 26 31 22 82 74 67 10 
166-0-11 1?2.516 = 0 45 88 84 77 62 53 48 29 36 69 49 27 26 31 22 82 40 30 19 11 
166-0-12 1?2.401 = 0 41 91 18 58 83 46 73 24 59 31 26 27 49 69 53 48 29 44 12 
166-0-13 1?1.951 = 0 45 88 17 59 31 26 27 49 69 53 48 29 44 16 13 
166-0-14 1?2.06 = 0 45 88 17 73 24 47 59 31 26 27 49 69 53 62 14 
166-0-15 1?2.104 = 0 45 88 17 73 24 47 59 27 49 69 53 62 77 84 15 
166-1-2 1?1.926 = 1 93 91 18 46 73 24 59 47 37 28 83 58 35 60 2 
166-1-3 1?2.151 = 1 93 41 91 18 58 83 46 73 24 59 47 28 37 66 68 95 3 
166-1-4 1?2.196 = 1 93 41 91 18 58 83 46 73 24 28 37 66 68 95 79 98 4 
166-1-5 1?2.281 = 1 93 41 91 18 58 83 46 73 24 28 37 66 64 87 70 38 81 5 
166-1-6 1?2.335 = 1 93 41 91 18 58 83 46 73 24 28 37 66 64 87 78 25 92 80 6 
166-1-7 1?2.48 = 1 91 18 58 83 46 73 24 28 37 66 64 87 78 32 21 57 90 96 43 75 7 
166-1-8 1?2.487 = 1 93 91 18 58 83 46 73 24 28 37 66 64 87 78 32 76 57 21 90 96 8 
166-1-9 1?2.439 = 1 93 91 18 58 46 83 28 37 66 64 87 78 32 76 57 21 65 50 34 9 
166-1-10 1?2.508 = 1 93 91 18 58 83 46 73 24 47 59 31 26 27 49 82 22 74 67 10 
166-1-11 1?2.285 = 1 93 91 18 46 73 24 47 59 69 49 27 26 31 22 82 40 30 19 11 
166-1-12 1?2.186 = 1 93 91 18 46 73 24 47 59 31 26 27 49 69 53 48 29 44 12 
166-1-13 1?1.95 = 1 91 18 46 73 24 47 59 31 26 27 49 69 53 48 29 44 13 
166-1-14 1?1.965 = 1 91 18 46 73 24 47 59 31 26 27 49 69 53 62 14 
166-1-15 1?1.949 = 1 93 41 91 18 58 46 83 28 24 73 17 62 77 84 15 
166-2-3 1?2.024 = 2 60 35 91 18 58 83 46 73 24 28 37 66 68 95 3 
166-2-4 1?2.067 = 2 60 99 35 91 18 58 46 83 28 37 66 68 79 98 4 
166-2-5 1?2.116 = 2 60 35 58 46 83 28 37 66 64 87 70 38 23 81 5 
166-2-6 1?2.348 = 2 60 99 35 18 58 83 46 73 24 28 37 66 64 87 78 92 80 6 
166-2-7 1?2.358 = 2 60 99 35 58 46 83 28 37 66 64 87 78 76 57 21 90 96 43 75 7 
166-2-8 1?2.426 = 2 60 99 35 58 83 46 73 24 28 37 66 64 87 78 32 57 90 96 8 
166-2-9 1?2.547 = 2 60 99 35 58 83 46 73 24 28 37 66 64 87 78 76 57 21 65 50 34 9 
166-2-10 1?2.579 = 2 60 99 35 58 46 83 28 37 66 64 87 78 32 86 39 52 20 54 67 10 
166-2-11 1?2.479 = 2 60 99 35 18 58 83 46 73 24 59 69 49 27 26 31 22 82 40 30 19 11 
166-2-12 1?2.269 = 2 60 35 58 83 46 73 24 47 59 31 26 27 49 69 53 48 29 44 12 
166-2-13 1?2.052 = 2 60 35 58 46 73 24 47 59 31 26 27 49 69 53 48 29 44 13 
166-2-14 1?2.115 = 2 60 35 58 83 28 47 59 31 26 27 49 69 53 48 29 97 14 
166-2-15 1?2.142 = 2 60 35 58 83 46 73 24 59 31 26 27 49 69 62 77 84 15 
166-3-4 1?2.313 = 3 56 60 99 35 58 83 46 73 24 28 37 68 79 98 4 
166-3-5 1?2.395 = 3 95 68 58 46 83 28 37 66 64 87 70 38 23 81 5 
166-3-6 1?2.509 = 3 95 68 37 66 64 87 78 32 76 57 21 90 63 71 94 85 6 
166-3-7 1?2.426 = 3 98 23 81 33 80 92 25 71 63 90 57 21 65 50 96 43 75 7 
166-3-8 1?2.619 = 3 95 68 83 46 73 24 28 37 66 64 87 78 32 76 57 21 90 96 8 
166-3-9 1?2.736 = 3 95 68 83 46 73 24 28 37 66 64 87 78 32 76 57 21 65 50 34 9 
166-3-10 1?2.683 = 3 98 23 81 33 80 92 25 71 63 90 57 21 50 65 52 20 54 67 10 
166-3-11 1?2.58 = 3 95 68 37 28 83 46 73 24 47 59 69 49 27 26 22 82 40 30 19 11 
166-3-12 1?2.503 = 3 95 68 83 46 73 24 47 59 31 26 27 49 69 53 48 29 36 55 12 
166-3-13 1?2.239 = 3 95 68 28 73 24 47 59 31 26 27 49 69 53 48 29 44 16 13 
166-3-14 1?2.286 = 3 95 68 37 47 59 31 26 27 49 69 53 48 29 44 16 97 14 
166-3-15 1?2.344 = 3 95 68 37 47 59 31 26 27 49 69 53 29 48 62 77 84 15 
166-4-5 1?2.329 = 4 23 38 70 78 32 21 57 63 71 25 92 80 33 81 5 
166-4-6 1?2.124 = 4 23 81 33 80 92 25 71 63 57 21 96 90 94 85 6 
166-4-7 1?2.35 = 4 23 81 33 80 92 25 71 90 57 21 32 86 65 50 96 43 75 7 
166-4-8 1?2.441 = 4 23 81 33 80 92 25 71 90 21 57 76 32 86 65 50 96 43 75 8 
166-4-9 1?2.621 = 4 23 81 33 80 92 25 71 90 57 21 50 65 52 39 61 89 20 54 67 9 
166-4-10 1?2.566 = 4 23 81 33 80 92 25 71 63 57 21 50 65 52 39 51 61 89 20 54 67 10 
166-4-11 1?2.505 = 4 23 81 33 80 92 25 71 63 57 21 50 65 52 20 54 67 74 19 11 
166-4-12 1?2.633 = 4 98 79 68 83 46 73 24 59 31 26 27 49 69 53 48 29 36 55 12 
166-4-13 1?2.423 = 4 98 79 68 83 46 73 24 47 59 31 26 27 49 69 53 48 29 44 16 13 
166-4-14 1?2.455 = 4 98 79 68 37 47 59 31 26 27 49 69 53 48 29 44 16 97 14 
166-4-15 1?2.487 = 4 98 79 66 37 47 59 31 26 27 49 69 53 29 48 62 77 84 15 
166-5-6 1?2.09 = 5 81 33 80 92 25 71 63 57 21 90 96 43 75 94 85 6 
166-5-7 1?1.884 = 5 81 33 80 92 25 71 63 90 57 21 65 50 96 43 75 7 
166-5-8 1?1.968 = 5 23 81 33 80 92 25 71 63 90 57 21 65 50 96 8 
166-5-9 1?2.456 = 5 81 33 80 92 25 71 63 57 21 50 65 52 39 51 61 89 20 54 67 9 
166-5-10 1?2.503 = 5 23 81 33 80 92 25 71 63 57 21 50 65 52 39 61 89 20 54 67 10 
166-5-11 1?2.536 = 5 81 33 80 92 25 71 63 57 21 50 65 52 20 54 67 74 40 30 19 11 
166-5-12 1?2.681 = 5 33 80 92 25 71 63 57 21 50 65 52 20 54 67 74 22 82 40 55 12 
166-5-13 1?2.474 = 5 33 80 92 25 76 32 86 51 42 31 26 27 49 69 53 48 29 44 16 13 
166-5-14 1?2.549 = 5 33 80 92 25 76 32 86 51 42 31 26 27 49 69 53 48 29 97 14 
166-5-15 1?2.506 = 5 81 23 38 70 87 72 31 26 27 49 69 53 29 48 62 77 84 15 
166-6-7 1?2 = 6 33 80 92 25 71 63 76 32 57 21 65 50 96 43 75 7 
166-6-8 1?1.976 = 6 85 94 71 63 76 32 86 39 52 50 65 21 57 90 96 8 
166-6-9 1?1.988 = 6 85 94 71 63 57 21 50 65 52 39 61 89 20 54 67 9 
166-6-10 1?2.464 = 6 33 80 92 25 71 63 90 57 21 50 65 52 39 51 61 89 20 54 67 10 
166-6-11 1?2.43 = 6 85 94 71 63 90 57 21 50 65 52 20 54 67 74 22 82 40 30 19 11 
166-6-12 1?2.538 = 6 85 71 63 57 21 50 65 39 51 42 31 26 27 49 69 53 48 29 44 12 
166-6-13 1?2.37 = 6 85 94 71 63 76 32 86 39 51 42 31 26 27 49 69 53 48 29 44 16 13 
166-6-14 1?2.445 = 6 85 94 71 63 76 32 86 39 51 42 31 26 27 49 69 53 48 29 97 14 
166-6-15 1?2.537 = 6 85 94 71 63 57 21 50 65 39 51 42 31 26 27 49 69 53 62 77 84 15 
166-7-8 1?1.999 = 7 75 43 90 21 57 76 32 86 39 51 61 52 65 50 96 8 
166-7-9 1?1.857 = 7 75 43 96 90 57 21 50 65 39 51 61 89 20 54 67 9 
166-7-10 1?1.792 = 7 75 43 96 90 57 21 50 65 39 51 61 89 20 54 67 10 
166-7-11 1?2.22 = 7 75 43 96 90 57 21 50 65 52 20 54 67 74 22 82 40 30 19 11 
166-7-12 1?2.402 = 7 75 43 96 50 65 39 51 42 31 26 27 49 69 53 48 29 36 55 12 
166-7-13 1?2.296 = 7 75 43 90 57 21 50 65 39 51 42 31 26 27 49 69 53 48 29 44 16 13 
166-7-14 1?2.435 = 7 75 43 96 50 65 52 39 51 42 31 26 27 49 69 53 48 29 44 16 97 14 
166-7-15 1?2.389 = 7 75 43 96 50 65 39 51 42 31 26 27 49 69 53 29 48 62 77 84 15 
166-8-9 1?1.895 = 8 75 43 96 90 57 21 50 65 39 51 61 89 20 54 67 9 
166-8-10 1?1.83 = 8 75 43 96 90 57 21 50 65 39 51 61 89 20 54 67 10 
166-8-11 1?1.873 = 8 75 43 96 90 57 21 50 65 52 20 54 67 74 19 11 
166-8-12 1?2.288 = 8 75 43 96 90 57 21 50 65 52 54 67 74 22 82 40 55 12 
166-8-13 1?2.217 = 8 96 90 57 21 50 65 39 51 42 31 26 27 49 69 53 48 29 44 13 
166-8-14 1?2.342 = 8 96 50 65 52 39 51 42 31 26 27 49 69 53 48 29 44 16 97 14 
166-8-15 1?2.481 = 8 96 90 57 21 50 65 39 51 42 31 26 27 49 69 53 29 48 62 77 84 15 
166-9-10 1?1.917 = 9 34 50 65 21 57 76 32 86 39 51 61 89 20 54 67 10 
166-9-11 1?2.035 = 9 34 96 90 57 21 50 65 52 54 67 74 30 19 11 
166-9-12 1?2.136 = 9 34 50 65 21 57 76 32 86 39 51 22 82 40 55 12 
166-9-13 1?2.136 = 9 67 54 20 74 82 22 31 26 27 49 69 53 48 29 44 16 13 
166-9-14 1?2.289 = 9 54 67 74 82 22 26 27 49 69 53 48 29 36 44 16 97 14 
166-9-15 1?2.402 = 9 34 54 67 74 82 22 31 26 27 49 69 53 29 48 62 77 84 15 
166-10-11 1?2.105 = 10 67 54 20 52 50 65 39 51 61 89 22 82 40 30 19 11 
166-10-12 1?2.089 = 10 67 74 82 22 31 26 27 49 69 53 48 29 44 12 
166-10-13 1?1.862 = 10 67 74 82 22 26 27 49 69 53 48 29 44 16 13 
166-10-14 1?2.183 = 10 67 54 20 74 82 22 26 27 49 69 53 48 29 44 16 97 14 
166-10-15 1?2.356 = 10 67 54 20 52 39 51 42 31 26 27 49 69 53 29 48 62 77 84 15 
166-11-12 1?1.927 = 11 19 30 40 82 22 31 26 27 49 69 53 48 29 44 12 
166-11-13 1?1.738 = 11 19 30 40 82 22 31 26 27 49 69 53 48 29 44 13 
166-11-14 1?1.846 = 11 19 30 40 82 26 27 49 69 53 48 29 44 16 97 14 
166-11-15 1?2.436 = 11 19 30 40 82 26 27 49 69 53 48 29 36 44 16 97 62 77 84 15 
166-12-13 1?1.945 = 12 30 40 82 22 26 27 49 69 53 48 29 36 44 16 13 
166-12-14 1?2.001 = 12 30 40 82 22 26 27 49 69 53 48 29 44 16 97 14 
166-12-15 1?2.059 = 12 30 40 82 22 26 27 49 69 53 29 48 62 77 84 15 
166-13-14 1?2.081 = 13 44 29 48 53 69 49 27 26 31 59 24 17 77 14 
166-13-15 1?2.016 = 13 16 44 29 48 53 69 49 27 59 47 24 73 17 88 15 
166-14-15 1?2.128 = 14 97 29 48 53 69 49 27 26 31 59 24 73 17 88 15 
stop
