start
837-0-2 1?2.242 = 0 64 39 95 94 70 46 63 92 77 88 38 98 21 59 35 2 
837-0-4 1?2.125 = 0 64 39 95 94 20 70 99 66 46 63 92 68 77 88 38 98 93 4 
837-0-1 1?2.35 = 0 64 41 25 42 73 23 48 96 49 39 95 94 20 16 1 
837-0-8 1?2.813 = 0 64 41 49 96 33 22 27 90 97 78 36 76 83 65 19 57 28 81 8 
837-0-5 1?2.302 = 0 64 39 95 94 20 70 46 63 92 77 88 38 98 21 93 79 80 62 31 5 
837-0-7 1?2.686 = 0 64 39 95 94 20 70 46 63 92 21 98 38 88 77 47 91 30 17 71 7 
837-0-3 1?2.109 = 0 64 39 95 94 20 70 46 63 92 68 77 88 38 98 21 93 3 
837-0-9 1?2.584 = 0 64 41 25 23 48 96 33 22 27 90 97 78 36 76 83 65 19 57 28 9 
837-0-11 1?2.455 = 0 64 41 49 96 33 22 27 90 97 36 78 69 53 26 34 29 75 11 
837-0-10 1?2.618 = 0 64 41 25 42 73 23 48 96 33 22 27 90 97 36 78 69 54 44 10 
837-0-6 1?2.483 = 0 64 39 95 94 20 70 46 89 92 21 98 38 88 77 47 91 30 17 71 6 
837-1-4 1?1.902 = 1 66 46 63 92 77 88 38 98 21 93 79 80 62 31 4 
837-0-13 1?2.106 = 0 64 41 25 42 73 23 48 96 49 22 33 84 55 13 
837-1-3 1?2.023 = 1 16 95 94 20 70 89 46 63 92 68 77 88 38 98 21 3 
837-0-15 1?2.403 = 0 45 16 95 94 39 49 22 33 96 48 23 73 42 25 15 
837-0-12 1?2.556 = 0 64 41 25 42 73 23 48 96 33 22 27 90 97 85 86 87 12 
837-0-14 1?2.036 = 0 64 41 25 23 96 49 22 33 84 48 73 42 67 14 
837-1-5 1?2.396 = 1 16 20 70 18 50 89 46 63 92 21 98 38 88 77 79 31 62 80 5 
837-1-2 1?2.224 = 1 16 20 70 46 63 92 68 77 88 38 93 98 21 59 35 2 
837-1-7 1?2.626 = 1 16 99 46 63 92 21 98 38 88 77 68 72 40 32 61 30 17 71 7 
837-1-8 1?2.891 = 1 66 46 63 92 77 88 38 98 21 93 31 62 80 47 91 30 61 74 8 
837-1-6 1?2.36 = 1 16 99 46 63 92 21 98 38 88 77 68 72 40 32 61 30 17 71 6 
837-2-4 1?1.768 = 2 66 46 89 63 92 21 98 38 88 77 79 80 62 31 4 
837-2-3 1?2.021 = 2 66 99 20 95 94 70 89 46 63 92 77 88 38 98 21 3 
837-1-12 1?2.766 = 1 16 20 70 94 95 39 49 22 33 96 23 25 42 73 48 84 87 60 12 
837-2-5 1?1.976 = 2 35 59 46 89 63 92 98 21 93 38 88 77 79 80 62 31 5 
837-1-13 1?2.507 = 1 16 20 95 94 18 50 52 90 27 22 33 49 96 48 23 73 42 55 13 
837-1-15 1?2.471 = 1 16 20 70 94 95 39 49 22 33 96 48 23 73 42 25 41 15 
837-1-14 1?2.121 = 1 16 99 70 20 94 95 39 49 22 33 96 48 23 73 42 67 14 
837-1-9 1?2.762 = 1 16 95 94 18 50 52 37 43 36 78 69 53 26 29 34 44 54 19 57 28 9 
837-2-6 1?2.14 = 2 66 46 63 92 21 98 38 88 77 68 72 40 32 61 30 17 71 6 
837-1-11 1?2.668 = 1 66 99 70 20 95 94 18 50 52 37 43 76 36 78 69 53 26 29 34 11 
837-1-10 1?2.774 = 1 16 66 99 70 20 95 94 18 50 52 37 43 76 36 78 69 53 26 29 34 10 
837-3-4 1?1.799 = 3 59 46 89 63 92 77 88 38 98 21 93 79 62 31 4 
837-3-5 1?1.949 = 3 93 21 98 38 88 77 40 32 61 30 91 47 80 62 31 5 
837-2-15 1?2.291 = 2 66 99 70 20 94 95 39 49 22 33 96 48 23 73 42 25 15 
837-2-12 1?2.669 = 2 66 99 70 20 95 94 18 50 52 37 43 76 36 78 69 53 26 82 86 60 12 
837-2-13 1?2.506 = 2 66 99 70 20 95 94 18 50 52 90 27 22 33 49 96 48 73 42 55 13 
837-2-7 1?2.406 = 2 66 46 63 92 21 98 38 88 77 68 72 40 32 61 30 17 71 7 
837-2-8 1?2.736 = 2 35 59 63 92 21 98 38 88 77 68 72 40 32 47 91 30 61 74 8 
837-2-14 1?2.235 = 2 66 99 70 20 94 95 39 49 22 33 96 41 25 23 48 73 42 67 14 
837-2-9 1?2.631 = 2 66 99 70 20 95 94 18 50 52 37 43 76 36 78 69 54 65 19 57 28 9 
837-2-10 1?2.688 = 2 66 99 70 20 95 94 18 50 52 37 58 24 76 36 78 69 53 26 29 34 10 
837-2-11 1?2.836 = 2 35 59 63 92 21 98 38 88 77 68 72 56 58 24 76 36 78 69 53 26 29 34 11 
837-4-5 1?1.656 = 4 93 21 98 38 88 77 68 72 40 32 47 80 62 31 5 
837-3-15 1?2.428 = 3 93 21 98 38 88 77 68 92 63 46 89 70 20 94 95 39 64 15 
837-3-12 1?2.639 = 3 93 21 98 38 88 77 68 72 51 56 58 24 76 36 78 69 53 26 82 86 60 12 
837-3-6 1?1.812 = 3 93 21 98 38 88 77 68 72 40 32 47 91 30 17 71 6 
837-3-13 1?2.494 = 3 21 98 38 88 77 68 72 51 37 90 27 22 33 96 48 23 73 42 55 13 
837-3-7 1?2.531 = 3 59 46 89 63 92 77 88 38 98 21 93 31 62 80 91 30 17 71 7 
837-3-8 1?2.765 = 3 21 98 38 88 77 68 72 51 56 58 24 76 36 78 69 54 19 57 28 81 8 
837-3-14 1?2.291 = 3 21 98 38 88 77 68 72 51 37 90 27 22 33 96 48 73 42 67 14 
837-3-9 1?2.534 = 3 93 21 98 38 88 77 68 72 56 58 24 76 36 78 69 54 65 19 57 28 9 
837-3-10 1?2.649 = 3 93 21 98 38 88 77 68 72 51 56 58 24 76 36 78 69 53 26 29 34 44 10 
837-3-11 1?2.723 = 3 93 21 98 38 88 77 68 72 51 56 58 24 83 76 36 78 69 53 26 34 29 75 11 
837-4-7 1?1.832 = 4 93 21 98 38 88 77 40 32 47 91 61 30 17 71 7 
837-4-6 1?1.492 = 4 93 21 98 38 88 77 68 72 40 32 61 30 17 71 6 
837-5-6 1?1.558 = 5 80 62 31 93 21 98 38 88 77 47 91 30 17 71 6 
837-4-12 1?2.486 = 4 93 21 98 38 88 77 68 72 51 56 58 24 76 36 78 69 53 82 86 87 60 12 
837-4-8 1?2.486 = 4 93 21 98 38 88 77 68 72 56 58 24 76 36 78 69 54 65 81 8 
837-4-9 1?2.246 = 4 93 21 98 38 88 77 68 72 56 58 24 76 36 78 69 54 19 57 28 9 
837-4-15 1?2.447 = 4 93 21 98 38 88 77 92 63 89 50 52 90 27 22 33 96 41 15 
837-4-13 1?2.376 = 4 93 21 98 38 88 77 68 72 51 37 90 27 22 33 96 48 23 73 42 55 13 
837-4-14 1?2.173 = 4 93 21 98 38 88 77 68 72 51 37 90 27 22 33 96 48 73 42 67 14 
837-4-10 1?2.424 = 4 93 21 98 38 88 77 68 72 56 58 24 83 76 36 78 69 53 26 29 34 10 
837-4-11 1?2.575 = 4 93 21 98 38 88 77 92 63 89 50 52 37 43 36 78 69 53 26 29 34 11 
837-6-8 1?2.252 = 6 71 17 30 61 32 58 24 76 83 65 19 57 28 81 8 
837-5-8 1?2.193 = 5 80 62 31 93 98 38 88 77 68 72 40 32 61 74 8 
837-6-7 1?2.272 = 6 5 62 31 93 21 98 38 88 77 47 91 61 30 17 71 7 
837-5-7 1?1.895 = 5 62 31 93 21 98 38 88 77 40 32 61 30 17 71 7 
837-5-9 1?2.264 = 5 31 62 80 79 38 88 77 68 72 51 56 58 24 83 65 19 57 28 9 
837-5-12 1?2.496 = 5 31 62 80 79 38 88 77 68 72 56 58 24 76 36 78 69 53 82 86 60 12 
837-5-13 1?2.435 = 5 62 31 79 38 88 77 72 51 37 90 27 22 33 96 48 73 42 55 13 
837-5-10 1?2.358 = 5 31 62 80 79 38 88 77 68 72 56 58 24 76 36 78 69 54 44 10 
837-5-15 1?2.491 = 5 80 62 31 93 21 98 38 88 77 68 92 63 46 70 20 95 94 39 64 15 
837-5-14 1?2.381 = 5 31 62 80 79 38 88 77 68 72 51 37 90 27 22 33 96 48 73 42 67 14 
837-5-11 1?2.449 = 5 62 31 93 21 98 38 88 77 68 72 56 58 24 76 36 78 69 53 26 75 11 
837-6-9 1?1.973 = 6 71 17 30 61 32 40 56 58 24 83 65 19 57 28 9 
837-7-9 1?2.15 = 7 74 83 76 36 78 69 53 26 29 34 44 54 19 57 9 
837-7-8 1?2.424 = 7 74 83 76 36 78 69 53 26 29 34 44 54 65 81 8 
837-7-10 1?2.249 = 7 74 81 57 19 65 83 76 36 78 69 53 26 29 34 10 
837-6-12 1?2.362 = 6 71 17 30 61 32 40 56 58 24 76 36 78 69 53 26 82 86 60 12 
837-6-10 1?2.006 = 6 71 17 30 61 58 24 76 36 78 69 53 26 29 34 10 
837-6-13 1?2.363 = 6 71 17 30 61 32 56 51 37 90 27 22 33 96 48 73 42 55 13 
837-7-11 1?2.484 = 7 17 30 61 32 40 56 58 24 76 36 78 69 53 26 34 29 75 11 
837-6-15 1?2.556 = 6 71 17 30 61 32 40 56 51 37 90 27 22 33 96 48 23 25 41 15 
837-6-14 1?2.268 = 6 71 17 30 61 32 40 56 51 37 90 27 22 33 96 48 73 42 67 14 
837-6-11 1?2.38 = 6 71 17 30 61 91 47 40 32 58 24 76 36 78 69 53 26 29 34 11 
837-8-9 1?2.081 = 8 74 83 76 36 78 69 53 26 29 34 44 54 19 57 9 
837-8-10 1?2.041 = 8 81 28 57 19 54 65 83 76 36 78 69 53 26 29 34 10 
837-7-12 1?2.663 = 7 17 30 61 32 40 56 58 24 76 36 78 69 53 26 82 86 87 12 
837-7-13 1?2.581 = 7 74 83 76 36 78 97 90 27 22 33 96 25 23 48 73 42 55 13 
837-8-12 1?2.484 = 8 81 28 57 19 54 65 83 76 36 78 69 53 26 34 29 75 86 60 12 
837-8-11 1?2.223 = 8 81 28 57 19 44 54 65 83 76 36 78 69 53 26 34 29 75 11 
837-8-13 1?2.553 = 8 81 65 83 76 36 78 97 90 27 22 33 49 96 48 23 73 42 55 13 
837-7-15 1?2.822 = 7 71 17 30 61 32 40 56 51 37 90 27 22 33 96 48 23 25 41 15 
837-8-15 1?2.71 = 8 81 28 57 19 65 83 76 36 78 97 90 27 22 33 96 48 23 25 41 15 
837-7-14 1?2.534 = 7 71 17 30 61 32 40 56 51 37 90 27 22 33 96 48 73 42 67 14 
837-8-14 1?2.399 = 8 81 57 19 65 83 76 36 78 97 90 27 22 33 96 48 73 42 67 14 
837-10-12 1?2.037 = 10 19 57 28 81 65 54 44 34 29 26 53 82 86 87 60 12 
837-9-12 1?1.844 = 9 19 57 28 81 65 54 44 34 29 26 53 82 86 87 60 12 
837-10-13 1?2.037 = 10 34 29 26 53 82 86 60 87 84 48 23 73 42 55 13 
837-9-10 1?1.847 = 9 28 57 19 54 65 83 76 36 78 69 53 82 26 29 34 10 
837-10-11 1?1.911 = 10 44 54 19 57 65 83 76 36 78 69 53 26 29 34 11 
837-9-11 1?1.745 = 9 28 57 19 54 65 83 76 36 78 69 53 26 34 29 75 11 
837-9-13 1?2.197 = 9 57 19 65 83 76 36 78 97 90 27 22 33 96 48 73 42 55 13 
837-9-15 1?2.421 = 9 57 19 65 83 76 36 78 97 90 27 22 33 96 48 23 73 42 25 15 
837-10-15 1?2.443 = 10 34 29 26 53 69 78 36 97 90 27 22 33 96 48 73 42 25 41 15 
837-10-14 1?2.086 = 10 34 29 26 53 69 78 36 97 90 27 22 33 96 48 23 73 42 67 14 
837-9-14 1?2.148 = 9 28 57 19 65 83 76 36 78 97 90 27 22 33 96 48 23 73 42 67 14 
837-11-12 1?2.063 = 11 75 29 34 26 53 69 78 76 36 97 85 86 87 60 12 
837-11-13 1?1.971 = 11 75 29 34 26 53 82 85 84 48 23 73 42 67 55 13 
837-12-15 1?2.156 = 12 60 86 85 97 90 27 22 33 96 48 23 73 42 25 15 
837-13-15 1?2.437 = 13 55 42 73 48 96 33 27 90 37 52 22 49 41 15 
837-12-13 1?1.992 = 12 60 86 85 97 90 27 22 33 96 48 23 73 42 55 13 
837-14-15 1?2.294 = 14 67 42 73 48 96 33 27 90 37 52 22 49 41 15 
837-13-14 1?2.239 = 13 12 60 86 85 97 90 27 22 33 96 48 23 73 42 67 14 
837-12-14 1?1.849 = 12 60 86 85 97 90 27 22 33 96 48 23 73 42 67 14 
837-11-14 1?1.986 = 11 75 26 53 69 78 36 97 90 27 22 33 96 48 23 73 42 67 14 
837-11-15 1?2.343 = 11 75 29 34 26 53 69 78 97 90 27 22 33 96 48 23 25 41 15 
stop
