start
5-0-3 1?1.999 = 0 96 61 34 46 33 31 29 53 72 51 71 23 69 98 65 3 
5-0-4 1?2.094 = 0 96 61 43 34 46 33 31 17 29 72 70 71 23 49 50 52 81 68 4 
5-0-1 1?1.713 = 0 96 61 43 34 46 33 31 17 53 29 72 58 22 44 77 1 
5-0-10 1?2.594 = 0 96 34 61 43 15 48 45 85 59 21 74 94 97 55 56 95 20 62 10 
5-0-6 1?2.482 = 0 96 79 16 44 77 42 26 98 35 52 81 68 88 39 41 87 80 36 75 47 6 
5-0-11 1?2.321 = 0 96 61 43 34 46 33 31 17 29 53 83 85 59 21 74 89 18 11 
5-0-2 1?2.041 = 0 96 61 43 34 46 33 31 17 29 72 51 70 26 42 2 
5-0-8 1?2.561 = 0 96 61 34 46 33 31 17 53 29 72 51 30 84 64 76 78 57 63 8 
5-0-9 1?2.657 = 0 96 61 43 34 46 33 31 17 29 53 67 97 55 56 95 20 62 99 37 9 
5-0-7 1?2.61 = 0 96 61 43 34 46 33 31 17 53 29 72 70 51 30 93 66 92 32 91 7 
5-0-5 1?2.288 = 0 96 61 43 34 46 33 31 17 53 29 72 51 71 23 49 50 19 36 80 87 5 
5-0-14 1?1.563 = 0 96 61 34 46 33 31 17 29 53 83 45 48 28 90 14 
5-0-15 1?1.774 = 0 96 16 44 77 22 58 31 29 53 17 46 33 34 61 43 15 
5-0-13 1?1.82 = 0 96 61 43 34 46 33 58 31 17 29 53 83 85 59 13 
5-1-3 1?2.125 = 1 77 22 58 31 17 53 29 72 51 70 71 23 69 98 35 65 3 
5-1-4 1?2.145 = 1 77 22 58 31 17 53 29 72 51 70 71 23 49 50 52 81 68 4 
5-1-2 1?2.168 = 1 77 22 58 31 17 53 29 72 51 71 23 69 98 26 42 2 
5-1-5 1?2.348 = 1 79 16 44 77 42 26 98 69 49 50 52 81 68 88 39 41 36 80 87 5 
5-1-6 1?2.424 = 1 42 26 98 50 52 81 68 88 39 41 87 80 36 75 47 54 25 32 91 6 
5-0-12 1?2.198 = 0 96 61 43 34 46 33 31 17 29 53 67 97 55 94 74 21 38 12 
5-1-7 1?2.615 = 1 42 26 98 69 50 52 81 68 88 39 41 87 80 36 75 47 54 25 32 91 7 
5-1-8 1?2.695 = 1 16 44 22 58 31 17 53 29 72 70 51 30 84 64 76 78 57 63 8 
5-1-15 1?2.144 = 1 79 16 44 22 58 31 17 29 53 83 85 59 90 28 45 48 15 
5-1-14 1?1.968 = 1 16 79 96 61 43 34 46 33 31 17 29 53 83 85 90 28 14 
5-1-13 1?2.414 = 1 16 79 96 61 43 34 46 33 31 17 29 53 83 45 48 28 90 59 13 
5-1-10 1?2.687 = 1 16 79 96 61 43 34 46 33 31 17 29 53 67 97 55 56 20 62 10 
5-2-4 1?1.865 = 2 42 26 98 69 49 50 19 36 80 87 41 39 88 68 4 
5-2-3 1?2.135 = 2 42 26 98 50 19 36 80 87 41 39 88 68 81 82 3 
5-2-5 1?2.267 = 2 42 26 98 69 49 50 52 81 68 88 39 41 87 80 36 75 47 5 
5-1-12 1?2.468 = 1 77 44 16 79 96 61 43 34 46 33 31 17 29 53 83 60 74 21 38 12 
5-1-11 1?2.597 = 1 77 44 16 79 96 61 43 34 46 33 31 17 29 53 67 97 55 89 18 11 
5-1-9 1?2.682 = 1 79 96 61 43 34 46 33 31 17 29 53 67 97 55 56 95 99 37 9 
5-2-6 1?2.199 = 2 42 26 98 69 49 50 52 81 68 88 39 41 87 80 36 75 47 54 6 
5-2-15 1?2.148 = 2 42 26 98 69 23 71 51 72 29 53 17 31 33 46 34 61 43 15 
5-3-5 1?1.827 = 3 65 26 98 69 49 50 52 81 68 88 39 41 36 80 87 5 
5-2-13 1?2.599 = 2 42 26 98 69 23 71 70 51 72 29 53 17 31 33 46 48 45 85 59 13 
5-2-14 1?2.282 = 2 42 26 98 69 23 71 70 51 72 29 53 17 31 33 46 48 45 28 90 14 
5-2-10 1?2.921 = 2 42 22 58 31 17 29 53 83 60 21 74 94 97 55 56 20 62 10 
5-3-4 1?1.972 = 3 65 26 98 35 50 52 19 75 36 80 87 41 39 88 4 
5-2-11 1?2.728 = 2 42 26 98 69 23 71 51 70 72 29 53 17 83 60 21 74 89 18 11 
5-2-12 1?2.851 = 2 42 77 44 16 79 96 61 43 34 46 33 31 17 29 53 83 60 21 38 12 
5-2-9 1?2.735 = 2 65 82 68 88 39 41 87 80 36 75 47 25 32 91 27 57 78 63 37 9 
5-2-7 1?2.433 = 2 42 26 98 35 52 81 68 88 39 41 87 80 36 75 47 54 25 32 91 7 
5-2-8 1?2.531 = 2 65 35 50 52 81 88 39 41 87 80 36 75 25 32 91 27 57 78 63 8 
5-4-5 1?2.005 = 4 68 88 81 52 50 49 69 23 30 93 19 36 80 87 5 
5-3-6 1?1.796 = 3 82 35 50 52 81 68 88 39 41 87 80 36 75 47 54 6 
5-3-13 1?2.544 = 3 65 26 98 69 23 71 70 51 72 29 53 17 31 33 46 48 45 85 59 13 
5-3-15 1?2.248 = 3 82 81 52 50 49 23 71 70 51 72 29 53 17 31 33 46 34 61 43 15 
5-3-14 1?2.308 = 3 82 81 52 50 49 23 71 70 51 72 29 17 31 33 46 48 45 28 90 14 
5-3-10 1?2.686 = 3 82 68 88 39 41 87 80 36 75 25 32 91 92 24 64 73 95 20 62 10 
5-3-11 1?2.72 = 3 65 26 98 69 23 71 70 51 72 29 31 17 83 60 21 74 89 18 11 
5-3-12 1?2.724 = 3 82 81 52 50 49 23 71 70 51 72 53 29 31 17 83 60 74 21 38 12 
5-3-7 1?2.342 = 3 65 35 50 19 52 81 88 39 41 87 80 36 75 47 54 25 32 91 7 
5-3-9 1?2.524 = 3 82 68 88 39 41 87 80 36 75 47 25 32 91 92 24 64 73 99 37 9 
5-3-8 1?2.252 = 3 82 81 68 88 39 41 87 80 36 75 47 54 25 32 91 92 27 57 78 63 8 
5-5-6 1?1.805 = 5 87 41 39 88 68 81 52 19 36 80 75 47 25 32 91 6 
5-4-6 1?1.804 = 4 68 81 52 19 88 39 41 87 80 36 75 47 25 32 91 6 
5-4-10 1?2.349 = 4 68 88 39 41 87 80 36 75 47 54 25 32 91 92 24 64 73 95 20 10 
5-4-15 1?2.245 = 4 68 81 52 50 49 69 23 71 70 51 72 29 53 17 31 46 33 34 61 43 15 
5-4-13 1?2.607 = 4 68 88 81 52 50 49 23 71 70 51 72 29 17 31 33 46 48 45 85 59 13 
5-4-14 1?2.326 = 4 68 88 81 52 50 49 23 71 70 51 72 29 53 17 31 33 46 48 45 28 90 14 
5-4-7 1?2.014 = 4 68 88 39 41 87 80 36 75 47 25 32 91 92 24 76 78 57 7 
5-4-11 1?2.578 = 4 68 88 39 41 87 80 36 75 47 54 25 32 91 92 24 64 73 95 56 11 
5-4-9 1?2.197 = 4 68 88 39 41 87 80 36 75 47 54 25 32 91 27 57 78 63 99 37 9 
5-4-12 1?2.689 = 4 68 81 52 50 49 23 71 51 70 72 58 31 29 53 83 60 74 21 38 12 
5-4-8 1?1.948 = 4 68 88 39 41 87 80 36 75 25 32 91 92 24 76 27 57 78 63 8 
5-5-7 1?1.794 = 5 41 87 80 36 75 47 54 25 32 91 92 24 76 78 57 7 
5-6-7 1?2.07 = 6 54 47 87 41 80 36 75 25 32 91 92 24 76 78 57 7 
5-5-13 1?2.466 = 5 87 80 36 19 50 49 23 71 51 70 72 53 29 31 17 83 85 59 13 
5-5-10 1?2.368 = 5 41 87 80 36 75 47 54 25 91 32 92 27 57 78 63 99 20 62 10 
5-6-8 1?1.926 = 6 54 47 87 80 36 75 25 32 91 92 24 76 78 57 63 8 
5-5-12 1?2.569 = 5 87 80 36 19 50 49 23 71 70 51 86 97 55 94 74 21 38 12 
5-5-8 1?1.876 = 5 41 87 80 36 75 47 54 25 32 91 92 24 64 76 78 57 63 8 
5-5-15 1?2.324 = 5 41 87 80 36 19 50 69 23 71 70 51 72 29 53 17 31 33 46 34 61 43 15 
5-5-11 1?2.588 = 5 87 80 36 19 50 49 23 71 70 51 40 86 97 55 94 89 18 11 
5-5-14 1?2.361 = 5 87 80 36 19 50 49 23 71 70 51 72 29 53 17 31 33 46 48 45 28 90 14 
5-5-9 1?2.206 = 5 87 80 36 75 47 54 25 32 91 92 24 64 76 27 57 78 63 37 9 
5-6-10 1?2.402 = 6 54 25 32 91 92 24 64 76 27 57 78 63 37 99 20 62 10 
5-7-10 1?2.698 = 7 91 25 32 92 24 64 73 76 27 57 78 63 37 99 20 62 10 
5-7-8 1?2.282 = 7 91 32 25 54 47 87 80 36 75 92 24 76 63 78 57 8 
5-6-14 1?2.479 = 6 54 47 75 19 50 49 23 71 51 72 29 17 31 33 46 48 28 90 14 
5-6-13 1?2.722 = 6 54 47 75 87 80 36 19 50 49 23 71 70 51 72 29 53 83 85 59 13 
5-7-9 1?2.599 = 7 91 32 92 24 64 73 76 27 57 78 63 99 20 62 9 
5-6-9 1?2.337 = 6 54 47 87 80 36 75 25 32 91 92 24 64 76 78 63 37 9 
5-6-15 1?2.443 = 6 54 47 75 19 50 49 23 71 51 72 29 53 17 31 33 46 34 61 43 15 
5-7-11 1?2.8 = 7 27 57 78 63 37 99 95 56 55 97 94 74 21 38 89 18 11 
5-6-11 1?2.761 = 6 54 47 25 32 91 92 24 64 73 55 97 94 74 21 38 89 18 11 
5-6-12 1?2.774 = 6 54 47 75 80 36 19 50 49 23 71 70 51 40 67 60 74 21 38 12 
5-8-10 1?2.239 = 8 63 78 57 27 76 24 64 73 56 95 99 62 20 10 
5-8-11 1?2.39 = 8 57 78 63 99 62 20 95 56 55 97 94 89 18 11 
5-8-12 1?2.285 = 8 63 78 57 27 24 64 73 55 97 94 74 21 38 12 
5-8-9 1?2.079 = 8 63 78 57 27 76 24 64 73 95 20 62 99 37 9 
5-7-13 1?2.834 = 7 91 32 92 66 93 49 23 71 51 70 72 53 29 31 17 83 85 59 13 
5-8-13 1?2.769 = 8 63 78 57 27 76 24 64 84 30 51 72 53 29 17 83 85 59 13 
5-7-14 1?2.632 = 7 91 32 92 66 93 30 51 70 72 29 53 17 31 33 46 48 45 28 14 
5-8-14 1?2.438 = 8 63 57 78 76 73 55 97 94 74 21 59 85 45 48 28 90 14 
5-7-12 1?2.747 = 7 27 57 78 63 76 24 64 73 95 56 55 97 94 74 21 38 12 
5-8-15 1?2.513 = 8 63 57 78 76 24 64 84 86 40 53 29 17 31 33 46 34 61 43 15 
5-7-15 1?2.595 = 7 91 32 92 66 93 49 23 71 51 72 29 53 17 31 33 46 34 61 43 15 
5-9-13 1?2.291 = 9 37 99 20 95 56 55 97 94 74 21 60 85 59 13 
5-9-10 1?2.253 = 9 37 99 63 78 57 27 76 24 64 73 95 20 62 10 
5-10-13 1?2.322 = 10 62 20 95 56 55 97 94 74 21 59 85 90 28 14 13 
5-9-11 1?2.316 = 9 37 99 62 20 56 55 97 94 74 21 38 89 18 11 
5-10-11 1?2.361 = 10 62 20 99 95 56 55 97 94 74 21 38 89 18 11 
5-9-12 1?2.364 = 9 37 99 62 20 95 56 55 97 94 74 21 38 89 12 
5-10-12 1?2.373 = 10 62 20 95 56 55 97 94 74 21 60 85 59 38 12 
5-10-14 1?2.087 = 10 62 20 95 56 55 97 94 74 21 59 85 45 48 28 90 14 
5-9-14 1?2.361 = 9 37 99 62 20 56 55 97 94 74 21 59 85 45 48 28 90 14 
5-10-15 1?2.609 = 10 62 20 95 56 55 97 94 74 21 60 83 17 31 33 46 34 61 43 15 
5-9-15 1?2.628 = 9 37 99 62 20 95 56 55 97 94 74 21 59 85 90 28 45 48 15 
5-11-13 1?2.323 = 11 18 89 55 97 94 74 21 60 59 85 45 48 28 14 13 
5-12-14 1?1.908 = 12 18 89 55 97 94 74 21 59 85 45 48 28 90 14 
5-13-14 1?1.807 = 13 38 21 74 94 55 97 60 59 85 45 48 28 90 14 
5-12-13 1?2.258 = 12 38 21 60 83 53 29 17 31 33 46 48 45 85 59 13 
5-13-15 1?1.856 = 13 59 85 45 48 83 53 29 17 31 33 46 34 61 43 15 
5-14-15 1?1.586 = 14 28 90 59 85 83 53 29 17 31 33 46 34 61 43 15 
5-11-12 1?2.484 = 11 18 89 55 97 67 53 29 31 17 83 60 74 21 38 12 
5-11-14 1?2.332 = 11 18 89 38 21 74 60 83 53 29 17 31 33 46 48 45 28 90 14 
5-12-15 1?2.357 = 12 38 21 74 60 59 85 83 53 29 17 31 58 33 46 34 61 43 15 
5-11-15 1?2.488 = 11 18 89 94 74 21 60 83 17 53 29 72 58 31 33 46 34 61 43 15 
stop
