start
243-0-1 1?2.31 = 0 93 35 34 47 26 78 96 68 24 69 43 51 31 20 1 
243-0-2 1?2.432 = 0 31 51 93 35 34 47 26 78 96 68 24 64 75 54 2 
243-0-3 1?2.342 = 0 31 51 43 69 24 68 81 82 66 76 29 84 98 60 3 
243-0-4 1?2.649 = 0 31 51 43 69 24 68 81 66 29 76 61 89 48 63 95 41 45 42 4 
243-0-5 1?2.5 = 0 31 43 24 68 83 73 58 18 50 36 52 59 55 89 95 56 5 
243-0-6 1?2.557 = 0 31 43 24 68 83 73 58 18 25 50 36 52 59 55 89 95 63 6 
243-0-7 1?2.555 = 0 31 51 43 69 24 68 83 73 58 18 25 50 62 88 94 57 49 7 
243-0-8 1?2.566 = 0 31 51 43 69 24 68 81 83 73 58 18 25 50 36 62 88 57 94 8 
243-0-9 1?2.58 = 0 93 35 34 47 26 90 80 77 46 38 53 16 99 85 72 19 39 87 9 
243-0-10 1?2.454 = 0 31 51 43 69 24 68 83 73 58 18 25 50 22 87 39 33 10 
243-0-11 1?2.443 = 0 31 51 93 35 34 78 47 26 90 21 80 77 46 71 79 74 32 23 11 
243-0-12 1?2.221 = 0 31 51 93 35 34 78 47 26 90 21 80 77 46 71 79 74 32 12 
243-0-13 1?2.409 = 0 31 51 93 35 34 78 47 26 90 21 80 77 46 71 74 79 13 
243-0-14 1?2.247 = 0 93 35 34 47 26 90 80 77 46 71 74 79 21 17 14 
243-0-15 1?2.435 = 0 93 78 47 26 90 80 77 46 71 79 21 17 91 34 15 
243-1-2 1?2.419 = 1 20 43 51 93 35 34 47 26 78 68 24 64 75 54 2 
243-1-3 1?2.36 = 1 20 31 51 43 69 24 68 81 82 66 29 84 98 60 3 
243-1-4 1?2.374 = 1 20 31 51 43 69 24 68 81 66 29 76 61 41 45 42 4 
243-1-5 1?2.384 = 1 20 43 69 24 68 81 82 97 52 59 55 89 95 48 63 40 56 5 
243-1-6 1?2.456 = 1 20 69 24 68 83 73 58 18 25 50 36 52 59 55 89 48 63 6 
243-1-7 1?2.434 = 1 20 43 24 68 81 83 73 58 18 25 50 62 88 94 57 86 49 7 
243-1-8 1?2.531 = 1 20 43 69 24 68 81 66 82 83 73 58 18 25 50 62 88 94 57 86 8 
243-1-9 1?2.878 = 1 20 31 43 69 24 68 81 83 73 58 18 25 85 99 16 72 19 87 39 9 
243-1-10 1?2.725 = 1 20 43 69 24 68 81 83 73 58 18 85 99 16 72 19 22 87 39 33 10 
243-1-11 1?2.495 = 1 20 69 24 68 83 73 58 85 99 16 53 38 46 77 71 79 74 32 23 11 
243-1-12 1?2.274 = 1 20 69 43 51 93 35 34 47 26 90 21 80 77 46 71 79 74 32 12 
243-1-13 1?2.4 = 1 20 43 69 24 68 83 73 58 85 99 16 53 38 46 77 71 79 13 
243-1-14 1?2.524 = 1 20 43 51 93 35 34 47 26 90 80 77 46 71 79 21 17 14 
243-1-15 1?2.402 = 1 20 69 43 51 93 35 78 47 26 90 21 17 91 34 15 
243-2-3 1?2.445 = 2 54 28 84 29 76 97 52 59 55 89 41 45 42 98 60 3 
243-2-4 1?2.427 = 2 54 28 84 29 76 97 55 52 59 65 89 95 41 45 42 4 
243-2-5 1?2.193 = 2 54 28 84 29 76 97 52 59 55 89 41 95 63 40 56 5 
243-2-6 1?2.44 = 2 54 75 64 24 68 83 73 58 18 25 50 36 52 59 65 27 6 
243-2-7 1?2.43 = 2 54 75 64 24 68 83 73 58 18 50 62 88 94 57 86 49 7 
243-2-8 1?2.324 = 2 54 75 64 24 68 81 83 73 58 18 25 50 62 88 94 57 86 8 
243-2-9 1?2.644 = 2 54 75 64 24 68 83 73 58 18 85 99 16 72 19 22 87 39 9 
243-2-10 1?2.697 = 2 54 75 64 24 68 83 73 58 18 85 99 16 72 19 22 87 39 33 10 
243-2-11 1?2.582 = 2 54 75 64 24 68 83 73 58 85 99 16 53 38 46 71 79 74 32 23 11 
243-2-12 1?2.386 = 2 54 75 64 24 68 83 73 58 85 99 16 53 38 46 77 71 79 74 12 
243-2-13 1?2.533 = 2 54 75 64 24 68 83 73 58 18 85 99 16 53 38 46 77 71 79 13 
243-2-14 1?2.649 = 2 54 75 64 24 68 83 73 58 99 16 53 38 46 77 80 21 17 14 
243-2-15 1?2.725 = 2 54 75 64 24 68 83 73 58 18 85 99 30 90 26 47 34 15 
243-3-4 1?2.234 = 3 60 98 84 29 76 61 55 59 52 65 48 95 41 45 42 4 
243-3-5 1?1.995 = 3 60 98 84 76 97 55 59 52 65 48 95 63 40 56 5 
243-3-6 1?2.347 = 3 60 98 84 29 76 97 52 59 55 89 48 63 95 41 45 56 40 6 
243-3-7 1?2.272 = 3 60 98 84 29 76 97 55 59 52 36 62 88 57 94 86 49 7 
243-3-8 1?2.311 = 3 60 98 84 29 66 82 83 73 58 18 25 50 62 88 94 57 86 8 
243-3-9 1?2.67 = 3 60 98 84 29 76 66 82 83 73 58 18 85 99 16 72 19 87 9 
243-3-10 1?2.694 = 3 60 98 84 29 66 82 83 73 58 18 85 99 16 72 19 87 39 33 10 
243-3-11 1?2.645 = 3 60 98 84 29 66 82 73 58 85 99 16 53 38 46 77 71 79 74 32 23 11 
243-3-12 1?2.386 = 3 60 28 66 82 83 73 58 85 99 16 53 38 46 77 71 79 74 32 12 
243-3-13 1?2.535 = 3 60 98 84 29 66 82 83 73 58 85 99 16 53 38 46 77 71 79 13 
243-3-14 1?2.68 = 3 60 98 84 29 66 82 73 58 85 99 16 53 38 46 77 80 21 17 14 
243-3-15 1?2.75 = 3 60 98 84 29 76 66 82 83 81 68 24 69 43 51 93 35 34 15 
243-4-5 1?2.058 = 4 42 45 41 61 76 97 52 59 55 89 48 95 63 40 56 5 
243-4-6 1?2.194 = 4 42 45 41 61 97 52 55 59 65 89 48 95 63 56 40 6 
243-4-7 1?2.25 = 4 42 45 41 95 63 48 89 55 59 52 36 62 88 94 57 49 7 
243-4-8 1?2.142 = 4 42 45 41 95 56 40 63 48 89 55 59 52 62 88 94 57 86 8 
243-4-9 1?2.417 = 4 42 45 41 95 56 40 63 48 89 55 59 52 36 50 22 87 39 9 
243-4-10 1?2.659 = 4 42 45 41 89 55 59 52 36 50 25 18 85 99 16 72 19 70 33 10 
243-4-11 1?2.546 = 4 42 45 41 89 55 59 52 36 50 25 19 72 85 99 16 53 38 67 23 11 
243-4-12 1?2.358 = 4 42 84 66 82 83 73 58 85 99 16 53 38 46 77 71 79 74 32 12 
243-4-13 1?2.474 = 4 42 45 41 89 55 59 52 36 50 25 85 99 16 53 38 46 71 79 13 
243-4-14 1?2.621 = 4 42 45 41 89 55 59 52 36 50 25 18 58 73 96 26 47 91 14 
243-4-15 1?2.645 = 4 42 45 41 89 55 59 52 36 50 25 18 58 73 96 26 47 34 15 
243-5-6 1?2.142 = 5 56 63 48 89 55 59 52 62 88 94 57 86 49 27 6 
243-5-7 1?1.81 = 5 56 40 63 48 89 55 59 52 62 88 94 57 86 49 7 
243-5-8 1?1.738 = 5 40 56 63 95 48 89 55 52 59 65 49 86 57 94 8 
243-5-9 1?2.34 = 5 56 40 63 48 89 55 59 52 36 50 25 85 99 72 19 39 87 9 
243-5-10 1?2.34 = 5 56 95 48 89 55 59 52 36 50 25 85 99 72 16 53 70 33 10 
243-5-11 1?2.277 = 5 56 40 63 95 48 89 55 59 52 36 50 25 85 99 16 53 67 23 11 
243-5-12 1?2.206 = 5 56 95 89 55 59 52 36 50 25 85 99 16 53 38 46 77 71 74 12 
243-5-13 1?2.27 = 5 56 95 89 55 59 52 36 50 25 85 99 16 53 38 46 71 79 13 
243-5-14 1?2.466 = 5 56 63 48 89 55 59 52 36 50 25 18 58 73 96 26 47 91 14 
243-5-15 1?2.441 = 5 56 95 89 55 59 52 36 50 25 18 58 73 96 26 47 34 15 
243-6-7 1?1.875 = 6 40 56 63 48 89 55 59 52 62 88 94 57 86 49 7 
243-6-8 1?1.748 = 6 40 56 63 95 48 89 55 52 59 65 49 57 94 86 8 
243-6-9 1?2.259 = 6 40 56 63 95 48 89 55 59 52 36 50 62 88 57 94 92 9 
243-6-10 1?2.303 = 6 40 56 63 95 48 89 55 59 52 36 50 62 88 22 87 39 33 10 
243-6-11 1?2.272 = 6 40 56 95 89 55 59 52 36 50 25 85 99 16 53 38 67 23 11 
243-6-12 1?2.291 = 6 63 95 89 55 59 52 36 50 25 85 99 16 53 38 46 77 71 79 74 32 12 
243-6-13 1?2.542 = 6 63 95 89 55 59 52 36 50 25 19 72 85 99 16 53 38 46 77 71 79 13 
243-6-14 1?2.519 = 6 63 95 89 55 59 52 36 50 25 18 58 73 83 96 26 47 91 14 
243-6-15 1?2.534 = 6 63 95 48 89 55 59 52 36 50 25 18 58 73 96 26 47 34 15 
243-7-8 1?2.002 = 7 27 48 63 95 89 55 59 52 36 62 88 57 94 86 8 
243-7-9 1?2.226 = 7 49 86 57 94 88 62 50 25 85 99 72 19 22 87 39 9 
243-7-10 1?2.127 = 7 49 86 57 94 88 22 87 39 19 72 85 99 16 53 70 10 
243-7-11 1?2.107 = 7 49 86 57 94 88 22 87 39 19 72 85 99 16 53 67 23 11 
243-7-12 1?2.068 = 7 49 86 57 94 92 87 39 19 72 16 53 38 46 71 79 74 32 12 
243-7-13 1?2.267 = 7 49 86 57 94 88 22 87 39 19 72 85 99 16 53 38 46 71 79 13 
243-7-14 1?2.4 = 7 49 86 57 94 88 22 87 39 19 72 16 53 38 46 77 80 21 17 14 
243-7-15 1?2.611 = 7 49 86 57 94 88 62 36 50 25 18 58 73 83 96 78 26 47 34 15 
243-8-9 1?1.918 = 8 86 57 94 88 62 50 25 85 99 72 19 39 87 9 
243-8-10 1?1.877 = 8 86 57 94 88 22 87 39 19 72 16 53 70 33 10 
243-8-11 1?1.829 = 8 86 57 94 88 22 87 39 19 72 16 53 38 67 23 11 
243-8-12 1?1.859 = 8 86 57 94 88 22 87 39 19 72 16 53 38 46 71 74 32 12 
243-8-13 1?2.069 = 8 86 57 94 88 22 87 19 72 85 99 16 53 38 46 77 71 79 13 
243-8-14 1?2.256 = 8 86 57 94 88 87 19 72 85 99 16 53 38 46 77 80 21 17 14 
243-8-15 1?2.482 = 8 86 57 94 88 22 87 39 19 72 16 53 38 46 77 80 90 26 47 34 15 
243-9-10 1?2.162 = 9 87 19 72 16 53 38 46 77 71 79 74 67 70 10 
243-9-11 1?1.884 = 9 87 39 19 72 16 53 38 46 77 71 79 74 32 23 11 
243-9-12 1?1.703 = 9 39 19 72 85 99 16 53 38 46 77 71 79 74 32 12 
243-9-13 1?2.236 = 9 39 87 22 50 25 19 72 85 99 16 53 38 46 77 71 79 13 
243-9-14 1?2.345 = 9 39 87 22 19 72 85 99 16 53 38 46 77 71 79 80 21 17 14 
243-9-15 1?2.506 = 9 39 87 22 19 72 85 99 16 53 38 46 77 80 21 90 26 47 34 15 
243-10-11 1?1.906 = 10 33 39 19 72 85 99 16 53 38 46 71 74 32 23 11 
243-10-12 1?1.715 = 10 33 39 19 72 85 99 16 53 38 46 71 79 74 32 12 
243-10-13 1?2.105 = 10 33 39 87 22 19 72 85 99 16 53 38 46 77 71 74 79 13 
243-10-14 1?2.301 = 10 33 39 87 19 72 85 99 16 53 38 46 71 79 77 80 21 17 14 
243-10-15 1?2.39 = 10 33 39 87 19 72 85 99 16 53 38 46 77 80 90 26 47 34 15 
243-11-12 1?2.04 = 11 23 32 74 46 38 53 16 72 85 99 30 80 77 71 79 12 
243-11-13 1?1.939 = 11 23 32 74 79 71 46 77 80 21 90 26 47 91 17 13 
243-11-14 1?1.848 = 11 23 32 74 79 71 46 77 80 21 90 26 47 91 17 14 
243-11-15 1?2.424 = 11 23 67 74 79 71 77 46 38 53 16 72 85 99 30 90 26 47 34 15 
243-12-13 1?1.916 = 12 32 74 79 71 77 46 38 53 16 72 85 99 30 90 21 13 
243-12-14 1?1.918 = 12 32 74 79 71 46 77 80 21 90 26 96 78 47 91 14 
243-12-15 1?1.81 = 12 32 74 79 71 46 77 80 21 17 91 47 26 78 34 15 
243-13-14 1?2.137 = 13 79 71 77 46 38 53 16 72 85 99 30 90 26 91 14 
243-13-15 1?2.125 = 13 79 74 71 46 77 80 21 90 26 47 78 34 35 93 15 
243-14-15 1?2.242 = 14 17 21 79 74 71 46 77 80 90 26 47 78 34 35 15 
stop
