start
392-0-2 1?2.559 = 0 65 57 36 48 94 85 50 60 82 66 90 68 81 84 2 
392-0-6 1?2.684 = 0 65 57 66 82 60 69 17 98 67 21 75 73 27 25 64 86 20 35 6 
392-0-1 1?2.64 = 0 53 37 42 48 94 36 57 66 85 50 60 82 90 88 1 
392-0-5 1?2.559 = 0 65 57 66 90 68 81 84 45 43 54 22 97 46 63 55 28 79 5 
392-0-10 1?2.456 = 0 53 37 42 29 34 56 39 61 62 19 91 18 33 78 95 40 59 10 
392-0-9 1?2.41 = 0 65 57 66 82 60 69 17 98 67 80 73 27 32 52 24 30 83 47 9 
392-0-11 1?2.331 = 0 53 37 42 29 34 56 39 61 62 19 91 18 33 95 78 51 11 
392-0-4 1?2.715 = 0 65 57 90 68 81 84 45 43 54 22 97 46 63 55 28 79 4 
392-0-3 1?2.475 = 0 65 57 66 85 60 82 68 81 84 45 43 97 22 54 3 
392-0-7 1?2.477 = 0 65 57 66 82 60 69 17 98 67 80 73 27 32 52 26 44 23 31 7 
392-0-8 1?2.431 = 0 65 57 66 82 60 69 17 98 67 80 73 27 25 32 52 24 30 26 44 8 
392-1-2 1?2.585 = 1 88 90 66 82 60 69 17 99 97 22 54 45 81 84 2 
392-0-15 1?2.527 = 0 65 57 66 82 60 50 85 94 48 42 29 34 14 37 53 15 
392-0-13 1?2.616 = 0 65 57 66 82 60 69 50 85 36 48 42 29 34 56 39 61 13 
392-1-4 1?2.336 = 1 90 68 81 84 45 54 22 97 46 63 55 28 79 4 
392-1-7 1?2.437 = 1 90 82 60 69 17 98 67 80 73 27 25 32 52 26 44 23 31 7 
392-1-3 1?2.521 = 1 88 90 66 85 60 82 68 81 84 45 43 97 22 54 3 
392-1-5 1?2.573 = 1 90 66 85 50 60 82 68 81 84 45 54 22 97 46 28 79 5 
392-1-6 1?2.698 = 1 88 90 82 60 69 17 98 67 80 73 27 32 25 64 86 20 35 6 
392-0-14 1?2.494 = 0 65 57 90 66 82 60 50 85 36 94 48 42 29 34 56 14 
392-0-12 1?2.586 = 0 65 36 94 48 37 42 29 34 56 39 61 62 19 91 18 58 89 12 
392-1-8 1?2.404 = 1 88 90 82 60 69 17 98 67 80 73 27 32 52 24 30 26 44 23 8 
392-1-12 1?2.448 = 1 88 90 57 36 94 48 42 29 34 56 39 61 62 19 91 18 12 
392-2-5 1?2.115 = 2 88 90 68 81 84 45 43 54 22 97 46 63 28 79 5 
392-2-4 1?2.411 = 2 88 90 66 85 60 82 68 81 84 45 43 54 22 97 4 
392-2-3 1?2.466 = 2 88 90 66 82 60 85 50 69 17 99 97 22 54 45 3 
392-2-6 1?2.635 = 2 88 90 68 81 84 45 43 54 22 97 46 28 79 55 71 35 6 
392-1-9 1?2.38 = 1 88 90 82 60 69 17 98 67 80 73 27 32 52 24 30 83 47 9 
392-1-11 1?2.445 = 1 65 57 36 94 48 42 29 34 56 39 61 62 19 91 18 58 89 11 
392-1-13 1?2.445 = 1 88 90 82 60 85 57 65 36 94 48 42 29 34 56 39 61 13 
392-1-15 1?2.38 = 1 88 90 66 82 60 50 85 57 65 36 94 48 42 37 15 
392-1-10 1?2.523 = 1 90 82 60 69 17 98 67 80 73 27 25 32 52 24 30 83 47 76 10 
392-1-14 1?2.296 = 1 88 90 66 82 60 50 85 57 65 36 94 48 42 29 34 14 
392-3-5 1?2.316 = 3 84 81 68 82 60 69 17 98 67 70 74 63 28 79 5 
392-3-4 1?2.384 = 3 84 81 68 90 66 82 60 50 69 17 99 97 22 4 
392-2-12 1?2.574 = 2 88 90 66 57 36 94 48 42 29 34 56 39 61 62 19 91 18 58 12 
392-2-9 1?2.425 = 2 88 90 82 60 69 17 98 67 80 73 27 25 32 52 24 30 83 47 9 
392-2-8 1?2.324 = 2 88 90 82 60 69 17 98 67 80 73 27 32 52 24 30 26 44 8 
392-2-7 1?2.492 = 2 88 90 82 60 69 17 98 67 80 73 27 25 32 52 26 44 23 31 7 
392-2-15 1?2.335 = 2 84 81 68 82 60 50 85 66 57 65 36 94 48 37 15 
392-2-10 1?2.517 = 2 88 90 82 60 69 17 98 67 80 73 27 32 52 24 30 83 47 76 10 
392-2-13 1?2.61 = 2 84 81 68 82 60 85 66 57 65 36 94 48 42 29 34 56 39 61 13 
392-2-11 1?2.649 = 2 88 90 66 82 60 69 17 98 67 21 93 72 77 49 33 95 40 78 51 11 
392-2-14 1?2.624 = 2 84 81 68 88 90 82 60 50 85 57 65 36 94 48 42 29 34 14 
392-4-5 1?2.433 = 4 22 54 43 99 69 17 98 67 80 70 74 63 28 79 5 
392-3-6 1?2.628 = 3 54 22 97 46 74 70 80 73 27 32 52 26 44 23 31 20 35 6 
392-3-12 1?2.693 = 3 84 81 68 82 60 85 94 48 42 29 34 56 39 61 62 19 91 18 12 
392-3-9 1?2.423 = 3 84 81 68 82 60 69 17 98 67 80 73 27 25 32 52 24 30 87 16 9 
392-3-8 1?2.317 = 3 45 54 22 97 46 63 74 70 80 73 27 25 32 52 24 30 26 44 8 
392-3-7 1?2.475 = 3 45 54 22 97 46 63 74 70 80 64 25 27 32 52 26 44 23 31 7 
392-3-10 1?2.449 = 3 45 54 22 97 46 63 74 70 80 73 27 32 52 24 30 83 47 76 10 
392-3-11 1?2.592 = 3 84 81 68 90 66 82 60 50 41 72 77 49 33 95 40 78 51 92 11 
392-3-13 1?2.693 = 3 45 84 81 68 90 66 82 60 50 85 94 48 42 29 34 56 39 61 13 
392-3-15 1?2.706 = 3 84 81 68 90 82 60 50 85 66 57 65 36 94 48 42 37 53 15 
392-3-14 1?2.786 = 3 45 84 81 68 90 82 60 50 85 66 57 65 36 94 48 42 29 34 56 14 
392-4-7 1?2.104 = 4 22 97 46 74 70 80 73 27 32 52 26 44 23 31 7 
392-5-6 1?2.114 = 5 79 28 63 74 70 80 75 73 27 25 64 86 20 35 6 
392-4-6 1?2.331 = 4 22 97 46 63 74 70 80 75 73 27 25 64 86 35 6 
392-4-12 1?2.669 = 4 22 97 46 63 74 98 67 21 93 49 33 95 78 51 89 58 12 
392-4-9 1?2.24 = 4 22 97 46 63 74 70 80 75 73 27 25 32 52 24 30 83 47 9 
392-4-10 1?2.244 = 4 22 97 46 63 74 70 80 73 27 32 52 24 30 83 47 76 10 
392-4-8 1?2.264 = 4 22 97 46 63 74 70 80 75 73 27 25 32 52 24 30 26 44 23 8 
392-4-13 1?2.638 = 4 22 54 45 81 68 90 57 65 36 94 48 42 29 34 56 39 61 13 
392-4-11 1?2.485 = 4 22 97 46 63 74 64 32 52 24 30 83 47 76 40 95 78 51 11 
392-4-15 1?2.724 = 4 97 22 54 43 45 84 81 68 90 66 57 65 36 94 48 42 37 15 
392-4-14 1?2.692 = 4 97 22 54 43 45 84 81 68 88 90 57 65 36 94 48 42 29 34 14 
392-5-7 1?1.886 = 5 79 28 63 74 70 80 73 27 32 52 26 44 23 31 7 
392-6-7 1?1.791 = 6 35 20 86 64 25 27 32 52 24 30 26 44 23 31 7 
392-5-9 1?1.968 = 5 79 28 55 63 74 70 80 64 25 27 32 52 24 30 87 16 9 
392-6-8 1?2.018 = 6 71 35 20 86 64 25 27 32 52 24 30 83 87 26 44 23 8 
392-5-8 1?1.931 = 5 79 28 63 74 70 80 75 73 27 32 52 24 30 26 44 23 8 
392-5-12 1?2.525 = 5 79 28 63 74 64 32 52 24 30 83 47 76 40 95 78 51 89 12 
392-5-10 1?2.084 = 5 79 28 55 63 74 70 80 73 27 32 52 24 30 83 47 76 10 
392-5-11 1?2.277 = 5 79 28 63 74 64 32 52 24 30 83 47 76 59 40 95 78 51 11 
392-5-13 1?2.581 = 5 79 28 63 74 70 80 67 21 93 72 77 49 33 18 91 19 62 13 
392-5-15 1?2.583 = 5 79 28 46 97 22 54 45 84 81 68 90 57 65 36 94 48 37 15 
392-5-14 1?2.573 = 5 79 28 46 97 22 54 45 84 81 68 90 57 65 36 48 42 29 34 14 
392-7-9 1?1.654 = 7 31 23 44 26 30 24 52 32 25 27 47 83 87 16 9 
392-7-8 1?1.733 = 7 20 86 64 25 27 32 52 24 30 83 87 26 44 23 8 
392-7-10 1?1.68 = 7 31 23 44 26 52 32 25 27 24 30 83 47 76 59 10 
392-6-9 1?2.026 = 6 35 20 31 23 44 26 30 24 52 32 25 27 47 83 87 16 9 
392-6-12 1?2.358 = 6 35 20 86 64 25 32 52 24 30 83 47 76 40 95 78 51 89 12 
392-6-10 1?2.199 = 6 35 20 31 23 44 26 52 32 64 25 27 24 30 83 47 76 59 10 
392-6-13 1?2.461 = 6 35 86 64 32 24 30 83 47 76 40 95 33 18 91 19 62 13 
392-7-11 1?2.076 = 7 31 23 44 26 52 32 24 30 83 47 76 59 40 95 33 78 51 92 11 
392-6-11 1?2.181 = 6 35 20 86 64 25 27 32 52 24 30 83 47 76 59 40 95 78 51 11 
392-6-15 1?2.76 = 6 35 20 31 23 44 26 52 24 32 27 73 75 21 38 41 94 48 37 15 
392-6-14 1?2.717 = 6 35 20 31 23 44 26 52 32 27 73 75 21 38 41 94 48 42 29 34 14 
392-8-9 1?1.633 = 8 23 44 26 52 32 25 73 27 24 30 87 83 47 76 9 
392-8-10 1?1.611 = 8 23 44 26 52 32 25 73 27 24 30 83 47 76 59 10 
392-8-12 1?2.083 = 8 44 26 52 32 24 30 83 47 76 59 40 95 78 33 18 91 19 12 
392-8-11 1?1.848 = 8 44 26 52 32 24 30 83 47 76 59 40 95 33 78 51 92 11 
392-7-12 1?2.283 = 7 31 23 44 26 52 32 24 30 83 47 76 59 40 95 78 33 49 18 58 12 
392-8-13 1?2.221 = 8 44 26 52 32 24 30 83 47 76 40 95 78 33 49 18 91 19 62 13 
392-7-13 1?2.319 = 7 31 44 26 52 32 24 30 83 47 76 40 95 78 33 18 91 19 62 13 
392-8-14 1?2.388 = 8 26 52 24 83 47 76 40 95 78 33 18 91 19 62 61 39 56 34 14 
392-7-14 1?2.523 = 7 31 23 44 26 30 24 52 32 27 73 75 21 93 41 94 48 42 29 34 14 
392-7-15 1?2.607 = 7 31 23 44 26 52 32 27 73 80 67 98 17 69 60 82 66 57 65 53 15 
392-8-15 1?2.539 = 8 23 44 26 30 24 52 32 27 73 80 67 98 17 69 60 85 94 48 37 15 
392-9-12 1?1.8 = 9 83 47 76 59 40 95 78 33 89 58 18 91 19 12 
392-10-12 1?1.899 = 10 59 92 51 78 95 49 33 89 58 18 91 19 62 12 
392-9-10 1?1.687 = 9 16 87 26 52 32 25 73 27 24 30 83 47 76 59 10 
392-10-11 1?1.921 = 10 76 47 83 30 24 32 27 73 75 93 40 95 78 51 11 
392-9-11 1?1.64 = 9 16 87 30 52 32 24 83 47 76 59 40 95 78 51 11 
392-10-13 1?1.824 = 10 92 51 78 95 33 89 58 18 91 19 62 61 39 13 
392-9-13 1?2.17 = 9 16 87 83 47 76 59 40 95 78 92 51 89 58 18 91 19 62 13 
392-10-14 1?2.132 = 10 92 51 78 95 33 89 58 18 91 19 62 61 39 56 34 29 14 
392-10-15 1?2.209 = 10 92 51 78 95 33 18 91 19 62 61 39 56 34 29 42 37 15 
392-9-15 1?2.358 = 9 16 87 30 24 52 32 27 73 80 67 98 17 69 50 94 48 37 15 
392-9-14 1?2.271 = 9 16 87 83 47 76 59 40 95 78 33 18 91 19 62 61 39 56 34 14 
392-11-12 1?1.946 = 11 92 51 78 40 95 33 49 72 77 96 91 18 58 89 12 
392-12-13 1?1.877 = 12 58 89 51 78 95 33 49 18 91 19 62 61 39 13 
392-13-14 1?2.231 = 13 62 19 91 18 33 78 95 49 77 96 61 39 56 34 14 
392-11-13 1?1.73 = 11 92 51 78 95 33 89 58 18 91 19 62 61 39 13 
392-14-15 1?2.187 = 14 34 29 42 48 94 85 50 60 82 66 57 65 53 37 15 
392-13-15 1?2.076 = 13 62 19 91 61 39 56 34 29 42 48 94 36 53 37 15 
392-12-14 1?2.044 = 12 58 89 51 78 95 33 49 18 91 19 62 61 39 56 34 14 
392-12-15 1?2.275 = 12 89 58 18 91 19 62 61 39 56 34 29 42 48 94 36 53 37 15 
392-11-14 1?2.038 = 11 92 51 78 95 33 89 58 18 91 19 62 61 39 56 34 29 14 
392-11-15 1?2.143 = 11 51 78 40 95 33 49 18 91 19 62 61 39 56 34 29 42 37 15 
stop
