start
875-0-2 1?2.303 = 0 90 80 36 51 79 46 44 18 82 42 33 94 32 87 2 
875-0-3 1?2.095 = 0 90 80 36 51 79 46 44 18 96 82 42 33 94 32 3 
875-0-4 1?2.348 = 0 90 41 74 36 51 79 46 44 18 96 82 48 42 33 20 22 4 
875-0-5 1?2.5 = 0 90 80 36 51 79 46 44 18 96 82 42 20 48 67 78 57 70 5 
875-0-6 1?2.583 = 0 90 80 36 51 79 46 44 18 96 82 42 33 20 48 67 78 57 70 77 6 
875-0-1 1?2.481 = 0 45 41 74 69 26 96 82 18 44 46 79 51 36 80 1 
875-0-9 1?2.629 = 0 90 80 36 51 79 46 44 18 96 48 72 49 88 29 53 71 99 61 9 
875-0-10 1?2.698 = 0 90 45 41 74 69 84 24 55 16 60 73 53 29 71 39 65 93 95 10 
875-0-11 1?2.735 = 0 90 45 75 62 38 34 50 56 19 58 21 98 54 37 63 47 68 91 11 
875-0-8 1?2.644 = 0 90 80 36 51 79 46 44 18 96 82 48 67 78 77 52 27 30 8 
875-0-7 1?2.4 = 0 90 80 36 51 79 46 44 18 96 82 42 48 72 67 78 77 52 7 
875-1-3 1?1.994 = 1 80 36 51 79 46 44 18 96 82 48 42 33 94 32 3 
875-1-4 1?1.847 = 1 80 36 51 79 46 44 18 96 82 48 42 20 22 4 
875-0-15 1?2.579 = 0 45 41 74 86 62 38 34 56 50 58 98 21 19 14 76 35 15 
875-1-5 1?2.321 = 1 80 36 51 79 46 44 18 96 82 42 33 20 48 67 78 57 70 5 
875-0-14 1?2.259 = 0 90 45 41 74 86 75 62 38 34 56 50 58 98 21 19 14 
875-1-2 1?2.109 = 1 80 36 51 79 46 44 18 96 82 42 33 94 32 87 2 
875-1-8 1?2.524 = 1 80 36 51 79 46 44 18 96 82 42 33 20 57 70 77 52 64 8 
875-1-6 1?2.432 = 1 80 36 51 79 46 44 18 96 82 42 33 20 48 72 67 78 57 70 77 6 
875-0-13 1?2.659 = 0 90 45 41 74 86 62 38 34 56 19 58 21 98 50 81 37 54 13 
875-0-12 1?2.598 = 0 90 45 75 62 38 34 56 50 58 19 21 98 54 37 63 47 68 12 
875-1-7 1?2.589 = 1 80 36 51 79 46 44 18 96 82 42 33 20 57 67 78 77 52 27 30 64 7 
875-1-15 1?2.487 = 1 80 36 51 79 46 44 83 69 84 86 62 38 76 35 15 
875-2-5 1?1.993 = 2 87 97 79 46 44 18 96 82 48 42 33 20 57 70 5 
875-1-14 1?2.242 = 1 80 36 41 74 69 84 62 38 34 56 50 98 21 58 19 14 
875-2-3 1?2.07 = 2 80 36 51 79 46 44 18 96 82 48 42 33 94 32 3 
875-2-4 1?1.923 = 2 80 36 51 79 46 44 18 96 82 48 42 20 22 4 
875-1-13 1?2.731 = 1 80 36 41 74 83 69 84 86 75 62 38 81 34 56 50 58 21 98 13 
875-1-12 1?2.833 = 1 80 36 51 79 46 44 18 82 96 40 24 16 60 92 25 43 47 68 12 
875-2-6 1?2.288 = 2 80 36 51 79 46 44 18 96 82 33 42 48 20 57 67 78 77 6 
875-1-11 1?2.755 = 1 80 36 51 79 46 44 18 96 72 49 88 29 53 71 39 65 93 66 28 11 
875-1-10 1?2.592 = 1 80 36 51 79 46 44 18 96 82 48 72 49 88 29 53 71 39 65 93 10 
875-1-9 1?2.51 = 1 80 36 51 79 46 44 18 96 82 42 48 72 49 88 29 53 71 99 61 9 
875-2-15 1?2.455 = 2 87 97 46 44 79 51 36 80 41 74 86 75 76 35 15 
875-3-5 1?1.884 = 3 32 97 79 46 44 18 96 82 48 42 33 20 57 70 5 
875-3-4 1?2.002 = 3 32 87 97 79 46 44 18 96 82 48 42 33 20 22 4 
875-2-14 1?2.703 = 2 87 32 97 79 51 36 80 41 74 86 62 38 34 56 58 98 21 14 
875-2-13 1?2.752 = 2 87 32 97 79 51 36 80 41 74 86 62 38 34 56 50 58 21 98 54 13 
875-2-12 1?2.804 = 2 87 97 46 44 18 96 48 72 49 88 29 53 39 65 25 43 47 68 12 
875-2-11 1?2.63 = 2 87 97 46 44 18 96 82 48 72 49 88 29 53 39 65 93 66 28 11 
875-2-8 1?2.452 = 2 87 97 79 46 44 18 96 82 42 33 20 57 70 77 52 64 8 
875-2-10 1?2.509 = 2 87 97 46 44 18 96 82 42 48 72 49 88 29 53 71 39 65 93 10 
875-2-9 1?2.438 = 2 87 97 79 46 44 18 96 82 42 48 72 49 88 29 53 71 99 61 9 
875-2-7 1?2.585 = 2 87 97 79 46 44 18 96 82 48 42 33 20 57 70 77 52 27 30 64 7 
875-3-7 1?1.863 = 3 32 94 46 44 18 96 82 42 48 72 67 78 77 52 7 
875-3-6 1?1.722 = 3 32 94 46 44 18 96 82 42 33 20 57 67 78 77 6 
875-4-5 1?1.973 = 4 94 46 44 18 96 82 42 33 20 57 67 78 77 70 5 
875-3-15 1?2.304 = 3 32 94 44 46 79 51 36 80 41 74 86 75 76 35 15 
875-3-14 1?2.554 = 3 32 97 79 51 36 80 41 74 86 62 38 34 56 50 98 21 58 19 14 
875-3-12 1?2.648 = 3 32 94 46 44 18 96 72 49 88 29 53 71 39 65 25 43 47 68 12 
875-3-13 1?2.698 = 3 32 94 44 46 79 51 36 80 41 74 86 62 38 34 56 50 58 21 98 13 
875-3-11 1?2.527 = 3 32 94 46 44 18 96 82 48 72 49 88 29 53 71 39 65 93 66 28 11 
875-3-9 1?2.399 = 3 32 94 46 44 18 96 82 42 48 72 49 88 29 53 73 39 71 99 61 9 
875-3-10 1?2.429 = 3 32 94 46 44 18 96 82 42 48 72 49 88 29 53 71 39 65 93 95 10 
875-3-8 1?2.403 = 3 32 94 46 44 18 96 82 33 42 48 72 49 88 29 53 71 99 17 8 
875-5-6 1?2.158 = 5 4 22 94 46 44 18 96 82 42 33 20 57 67 78 77 6 
875-4-7 1?1.965 = 4 22 20 33 42 82 96 48 72 67 78 77 52 27 64 7 
875-4-6 1?1.769 = 4 22 94 46 44 18 96 82 42 33 20 57 67 78 77 6 
875-4-14 1?2.489 = 4 22 20 42 82 96 18 44 46 79 83 69 84 62 38 34 56 19 14 
875-4-8 1?2.287 = 4 94 46 44 18 96 82 42 33 20 57 67 78 77 52 27 64 8 
875-4-12 1?2.551 = 4 22 33 42 48 72 49 88 29 53 39 65 93 66 59 43 47 68 12 
875-4-15 1?2.458 = 4 22 20 33 42 82 96 18 44 46 79 83 69 84 86 75 76 35 15 
875-4-13 1?2.555 = 4 22 33 42 82 96 18 44 46 79 83 69 84 62 38 34 56 50 58 21 13 
875-4-11 1?2.537 = 4 22 20 33 42 82 96 48 72 49 88 29 53 71 39 65 93 66 28 91 11 
875-4-9 1?2.427 = 4 94 46 44 18 96 82 33 42 48 72 49 88 29 53 71 39 65 99 61 9 
875-4-10 1?2.577 = 4 94 46 44 18 96 82 42 33 20 48 72 49 88 29 53 71 39 65 93 95 10 
875-6-7 1?1.953 = 6 70 57 20 33 42 82 96 48 67 78 77 52 27 64 7 
875-5-7 1?2.044 = 5 20 33 42 82 96 48 67 78 57 70 77 52 27 64 7 
875-6-8 1?2.18 = 6 77 52 27 64 30 85 71 29 53 73 39 65 99 61 17 8 
875-5-9 1?2.139 = 5 20 33 42 82 96 48 72 49 88 29 53 73 39 71 99 61 9 
875-5-13 1?2.477 = 5 20 42 82 96 18 44 46 79 83 69 86 62 38 34 56 58 98 13 
875-5-8 1?2.3 = 5 20 33 42 82 96 48 72 49 88 29 53 73 39 65 99 17 8 
875-5-12 1?2.573 = 5 20 42 48 72 49 88 29 53 73 39 65 93 66 59 43 47 68 12 
875-5-11 1?2.479 = 5 20 42 82 96 48 72 49 88 29 53 71 39 65 93 59 66 28 91 11 
875-5-15 1?2.621 = 5 20 42 48 82 96 18 44 46 79 51 36 80 41 74 86 75 35 76 15 
875-5-14 1?2.556 = 5 20 33 42 82 96 18 44 46 79 83 69 84 62 38 34 56 50 58 19 14 
875-5-10 1?2.478 = 5 20 33 42 82 18 96 48 72 49 88 29 53 71 39 65 93 59 66 10 
875-7-10 1?1.83 = 7 64 30 85 99 71 29 53 73 39 65 93 59 66 10 
875-7-9 1?1.92 = 7 52 27 64 30 85 71 29 53 73 39 65 99 17 61 9 
875-7-8 1?1.968 = 7 52 27 64 30 85 71 29 53 73 39 65 99 61 17 8 
875-6-9 1?2.123 = 6 70 57 20 33 42 82 96 48 72 49 88 29 53 71 99 61 9 
875-6-10 1?2.351 = 6 70 57 20 33 42 82 96 48 72 49 88 29 53 71 39 65 93 95 10 
875-6-13 1?2.603 = 6 70 57 20 42 82 18 44 46 79 83 69 84 62 38 34 56 58 21 13 
875-7-11 1?2.257 = 7 64 30 85 99 71 29 53 73 39 65 93 66 59 25 43 28 91 11 
875-6-15 1?2.623 = 6 70 57 20 33 42 82 96 18 44 46 79 51 36 41 74 86 75 76 35 15 
875-6-11 1?2.454 = 6 77 52 27 64 30 85 99 71 29 53 73 39 65 93 66 59 28 91 11 
875-6-14 1?2.567 = 6 70 57 20 42 82 96 18 44 46 79 83 69 86 62 38 34 56 19 14 
875-6-12 1?2.544 = 6 77 52 27 64 30 85 29 53 71 39 65 93 66 59 25 43 47 68 12 
875-8-9 1?1.908 = 8 17 61 99 71 29 53 73 39 65 59 66 93 95 9 
875-8-10 1?1.824 = 8 17 61 99 71 29 53 73 39 65 59 66 93 95 10 
875-8-11 1?2.087 = 8 17 61 99 71 29 53 73 39 65 93 66 59 43 47 91 11 
875-8-12 1?2.355 = 8 17 61 99 71 29 53 39 65 73 92 25 59 66 28 91 47 68 12 
875-7-13 1?2.532 = 7 64 30 85 29 53 73 39 65 93 66 59 25 43 47 63 37 54 13 
875-8-13 1?2.48 = 8 17 99 71 29 53 39 73 60 16 55 31 89 81 50 56 19 58 98 13 
875-7-15 1?2.699 = 7 52 77 78 67 48 42 82 96 18 44 46 79 83 69 86 75 76 35 15 
875-7-12 1?2.436 = 7 52 27 64 30 85 71 29 53 73 39 65 93 66 59 25 43 47 68 12 
875-8-15 1?2.694 = 8 17 99 71 29 53 39 65 73 60 16 24 55 31 89 81 34 76 35 15 
875-7-14 1?2.694 = 7 64 30 85 29 53 71 39 65 73 60 16 55 31 23 37 98 21 58 19 14 
875-8-14 1?2.615 = 8 85 29 53 71 39 65 93 66 59 43 47 63 37 98 58 50 56 19 14 
875-9-10 1?1.731 = 9 61 99 71 29 53 39 65 73 92 25 43 59 66 10 
875-9-12 1?1.786 = 9 61 99 71 29 53 39 65 93 66 59 43 47 68 12 
875-10-11 1?1.786 = 10 95 93 65 39 53 29 73 92 25 59 66 28 91 11 
875-10-12 1?1.947 = 10 95 93 65 39 53 29 73 92 25 59 43 47 68 12 
875-9-11 1?1.658 = 9 61 99 71 29 53 73 39 65 93 66 59 28 91 11 
875-10-13 1?1.993 = 10 95 93 66 59 25 43 47 68 63 37 98 58 21 13 
875-9-13 1?2.329 = 9 61 99 71 29 53 73 39 65 93 66 59 25 43 23 37 54 13 
875-9-15 1?2.523 = 9 61 99 71 29 53 39 73 60 16 55 31 89 81 50 56 34 76 35 15 
875-10-14 1?2.427 = 10 95 93 65 39 71 29 53 73 60 16 24 55 31 89 81 50 56 19 14 
875-9-14 1?2.445 = 9 61 99 71 29 53 39 73 60 16 55 31 23 37 98 58 50 56 19 14 
875-10-15 1?2.514 = 10 95 93 66 59 25 43 47 68 63 37 98 21 58 56 34 76 35 15 
875-11-12 1?1.981 = 11 91 28 66 59 93 65 39 73 92 25 43 47 68 12 
875-11-13 1?2.046 = 11 28 66 59 43 23 31 89 81 50 56 19 58 21 98 13 
875-12-13 1?2.274 = 12 68 47 23 89 81 50 56 19 58 21 98 37 63 54 13 
875-13-14 1?2.303 = 13 54 37 81 50 98 21 58 19 56 34 38 62 75 76 14 
875-12-14 1?2.245 = 12 68 47 63 37 54 98 21 58 56 50 81 38 34 19 14 
875-14-15 1?2.308 = 14 19 21 98 54 37 81 50 56 34 38 62 75 35 76 15 
875-12-15 1?2.142 = 12 68 47 63 37 54 98 21 58 19 56 34 38 76 35 15 
875-13-15 1?2.221 = 13 54 37 81 50 98 21 58 19 56 34 38 62 75 76 15 
875-11-14 1?2.401 = 11 91 28 66 59 25 43 47 68 63 37 98 21 58 50 56 34 19 14 
875-11-15 1?2.507 = 11 91 28 66 59 25 43 47 68 63 37 98 21 19 56 34 76 35 15 
stop
