start
972-0-4 1?2.292 = 0 79 28 58 33 24 45 42 95 70 19 62 36 69 30 51 52 4 
972-0-3 1?1.933 = 0 79 28 58 33 24 45 70 19 95 42 55 90 18 89 3 
972-0-1 1?2.444 = 0 79 28 72 33 24 42 45 67 70 19 95 90 55 58 1 
972-0-6 1?2.477 = 0 79 28 58 33 24 45 42 95 70 19 62 36 69 73 16 86 92 93 6 
972-0-2 1?2.228 = 0 79 28 58 33 24 45 42 70 19 62 95 55 90 2 
972-0-5 1?2.442 = 0 79 28 72 33 24 45 42 95 55 90 18 89 17 52 23 44 87 88 5 
972-0-10 1?2.672 = 0 79 28 72 38 56 46 84 97 81 48 94 78 27 40 43 29 91 10 
972-0-9 1?2.665 = 0 79 58 33 24 45 42 95 70 19 62 69 36 99 59 61 25 32 31 9 
972-0-8 1?2.601 = 0 79 28 58 33 24 45 42 95 70 19 62 36 69 57 26 35 37 41 96 8 
972-0-11 1?2.499 = 0 79 28 72 81 48 94 50 49 54 60 64 83 27 40 43 20 11 
972-0-7 1?2.712 = 0 79 28 58 33 24 45 42 95 70 19 62 69 36 99 59 61 26 35 82 80 7 
972-0-15 1?2.259 = 0 79 28 72 97 81 48 94 34 39 84 46 56 38 15 
972-0-14 1?2.281 = 0 28 58 33 24 45 67 74 85 94 48 81 97 84 46 56 14 
972-1-3 1?2.001 = 1 58 33 24 45 67 70 19 95 42 55 90 18 17 89 3 
972-1-2 1?2.288 = 1 58 24 45 42 95 70 19 62 30 51 52 17 90 2 
972-0-13 1?2.177 = 0 79 28 72 38 56 46 84 97 81 48 94 34 47 53 71 13 
972-1-4 1?1.92 = 1 58 33 24 45 42 95 55 90 18 89 17 52 23 44 4 
972-1-5 1?2.394 = 1 58 33 24 45 42 95 70 19 62 36 69 73 16 86 93 92 88 5 
972-0-12 1?2.523 = 0 79 28 72 38 56 46 84 97 81 48 94 34 39 71 47 53 75 12 
972-1-6 1?2.425 = 1 58 33 24 45 42 95 70 19 62 36 69 30 51 87 88 92 86 93 6 
972-1-8 1?2.599 = 1 58 33 24 45 42 95 70 19 62 36 69 73 16 66 82 35 37 41 96 8 
972-1-7 1?2.779 = 1 58 33 24 45 42 95 55 90 18 89 17 52 51 30 73 57 26 35 82 80 7 
972-1-15 1?2.173 = 1 58 24 45 67 74 85 94 48 81 97 84 46 56 15 
972-2-5 1?1.986 = 2 55 95 42 24 45 70 19 62 69 30 51 87 88 5 
972-2-3 1?2.058 = 2 55 42 95 70 19 62 36 69 30 51 52 17 18 89 3 
972-2-4 1?2.008 = 2 55 95 42 45 70 19 62 36 69 30 51 52 23 4 
972-1-11 1?2.512 = 1 58 33 24 45 42 95 70 19 68 99 60 64 83 27 40 43 20 11 
972-2-6 1?2.308 = 2 55 95 42 24 33 45 70 19 62 36 69 73 16 86 92 93 6 
972-1-9 1?2.579 = 1 58 33 24 45 42 95 70 19 62 36 69 73 57 26 25 32 31 21 9 
972-1-14 1?2.14 = 1 58 33 24 45 42 95 19 70 67 74 85 81 97 84 46 14 
972-1-12 1?2.489 = 1 58 24 45 42 95 19 70 68 63 74 85 94 48 34 47 53 75 12 
972-1-13 1?2.336 = 1 58 33 24 45 42 95 19 70 67 74 85 94 48 34 47 53 71 13 
972-1-10 1?2.618 = 1 58 33 24 45 42 95 19 70 68 63 54 64 83 27 40 43 29 91 10 
972-2-15 1?2.25 = 2 55 95 42 45 67 74 85 94 48 81 97 84 46 56 15 
972-3-5 1?1.938 = 3 89 18 90 95 42 70 19 62 36 69 30 51 87 88 5 
972-3-4 1?1.973 = 3 89 18 90 55 42 95 70 19 62 30 51 52 23 4 
972-2-7 1?2.513 = 2 55 95 42 45 24 33 67 70 19 62 36 69 73 57 26 35 82 80 7 
972-2-11 1?2.59 = 2 55 95 42 45 70 19 62 69 99 60 64 54 83 27 40 43 20 11 
972-2-9 1?2.615 = 2 55 95 42 45 24 33 67 70 19 62 69 36 99 59 61 25 32 31 9 
972-2-14 1?2.182 = 2 55 95 42 45 24 33 67 74 85 94 48 81 97 84 46 14 
972-2-13 1?2.343 = 2 55 95 42 45 24 33 67 74 85 94 48 34 39 47 53 71 13 
972-2-12 1?2.539 = 2 55 42 24 33 45 70 19 68 63 74 85 94 48 34 47 53 75 12 
972-2-8 1?2.573 = 2 55 95 42 45 24 33 67 70 19 62 36 69 73 57 26 35 37 41 8 
972-2-10 1?2.616 = 2 55 95 42 45 70 19 68 63 54 60 64 83 27 40 43 29 91 10 
972-3-15 1?2.358 = 3 89 18 90 55 42 45 67 74 85 94 48 81 97 84 46 56 15 
972-3-6 1?1.992 = 3 89 18 90 95 42 45 70 19 62 69 73 16 86 6 
972-4-5 1?2.091 = 4 89 18 90 55 95 42 45 70 19 62 30 51 87 88 5 
972-3-7 1?2.242 = 3 89 18 90 55 95 42 45 70 19 62 36 69 73 16 66 80 7 
972-3-14 1?2.245 = 3 89 18 90 55 95 42 45 24 33 67 74 85 81 97 84 46 56 14 
972-3-12 1?2.42 = 3 89 18 90 55 95 42 45 24 33 67 74 85 94 48 34 47 53 75 12 
972-3-10 1?2.531 = 3 89 18 90 55 42 95 19 70 68 63 54 83 27 40 43 29 91 10 
972-3-11 1?2.626 = 3 89 18 90 55 42 95 19 70 68 63 54 60 64 83 27 40 43 20 11 
972-3-13 1?2.465 = 3 89 18 90 55 42 95 19 70 68 63 74 85 94 48 34 47 53 71 13 
972-3-9 1?2.58 = 3 89 18 90 55 95 42 45 70 19 62 69 36 99 59 61 25 32 31 21 9 
972-3-8 1?2.527 = 3 89 18 90 95 42 24 33 45 70 19 62 36 69 57 26 35 37 41 96 8 
972-4-6 1?2.139 = 4 89 18 90 95 42 45 70 19 62 69 73 16 86 6 
972-4-15 1?2.526 = 4 89 18 90 55 95 42 45 24 33 67 74 85 81 97 84 46 56 15 
972-5-6 1?2.156 = 5 88 87 44 23 52 51 30 62 36 69 73 16 86 93 6 
972-4-7 1?2.389 = 4 89 18 90 55 95 42 45 70 19 62 36 69 73 16 66 80 7 
972-4-8 1?2.407 = 4 23 44 87 88 92 93 86 16 66 82 37 35 26 25 32 41 96 8 
972-4-12 1?2.567 = 4 89 18 90 55 95 42 45 24 33 67 74 85 94 48 34 47 53 75 12 
972-4-14 1?2.432 = 4 89 18 90 55 95 42 45 67 74 85 94 48 81 97 84 46 56 14 
972-4-13 1?2.518 = 4 89 18 90 55 95 42 45 24 33 67 74 85 94 48 34 47 53 71 13 
972-4-11 1?2.708 = 4 23 87 88 92 86 16 66 35 26 61 59 60 64 54 83 27 40 43 20 11 
972-4-10 1?2.592 = 4 23 44 87 51 30 62 69 36 99 60 64 54 83 27 40 43 29 91 10 
972-4-9 1?2.727 = 4 89 18 90 55 95 42 45 70 19 62 69 36 99 59 61 25 32 31 21 9 
972-5-7 1?2.276 = 5 88 87 51 30 62 19 70 68 36 69 73 16 66 80 7 
972-6-7 1?2.261 = 6 93 86 92 88 87 44 23 52 51 30 73 16 66 82 80 7 
972-5-15 1?2.599 = 5 88 87 51 30 69 36 68 63 74 85 94 34 48 81 97 84 46 56 15 
972-5-8 1?2.185 = 5 88 87 92 93 86 16 66 82 35 26 61 25 32 41 96 8 
972-6-8 1?2.243 = 6 93 86 92 88 87 51 30 73 16 66 82 35 37 41 96 8 
972-5-9 1?2.599 = 5 88 87 51 30 69 36 99 60 64 54 83 27 40 65 98 31 21 9 
972-5-11 1?2.663 = 5 88 92 93 86 16 66 82 35 26 61 59 60 64 54 83 27 40 43 20 11 
972-5-10 1?2.538 = 5 92 93 86 16 66 35 26 61 59 60 64 54 83 27 40 43 29 91 10 
972-5-14 1?2.503 = 5 88 87 51 30 69 36 62 19 70 68 63 74 85 81 97 84 46 56 14 
972-5-12 1?2.613 = 5 88 87 51 30 69 36 62 19 70 68 74 85 94 48 34 47 53 75 12 
972-5-13 1?2.629 = 5 88 87 51 30 69 36 62 19 70 68 63 74 85 94 48 34 47 53 71 13 
972-7-9 1?2.251 = 7 82 35 26 61 59 60 64 54 83 27 40 65 98 21 9 
972-6-9 1?2.288 = 6 93 92 86 16 66 82 37 35 26 61 25 32 98 21 9 
972-7-8 1?2.321 = 7 80 82 35 26 61 59 60 64 54 83 65 98 21 31 96 8 
972-6-15 1?2.593 = 6 93 86 66 35 26 61 59 60 64 54 49 50 94 48 81 97 84 46 56 15 
972-7-10 1?2.025 = 7 82 35 26 61 59 60 64 54 83 27 40 43 29 91 10 
972-6-10 1?2.125 = 6 93 86 66 35 26 61 59 60 64 83 27 40 29 91 10 
972-7-11 1?2.455 = 7 80 82 37 35 26 61 59 60 64 54 83 27 40 43 29 91 76 11 
972-6-11 1?2.478 = 6 93 86 16 66 82 35 26 61 59 99 60 64 54 83 27 40 43 20 11 
972-6-12 1?2.534 = 6 93 86 16 66 35 26 61 59 60 64 54 49 50 94 48 34 47 53 75 12 
972-6-14 1?2.535 = 6 93 86 16 66 35 26 61 59 60 64 54 49 50 94 48 81 97 84 46 56 14 
972-6-13 1?2.596 = 6 93 86 16 66 35 26 61 59 60 64 54 49 50 94 48 34 47 53 75 71 13 
972-8-9 1?2.222 = 8 96 32 25 61 59 60 64 83 27 40 65 98 21 31 9 
972-8-10 1?2.004 = 8 96 32 25 61 59 60 64 54 83 27 40 43 29 91 10 
972-7-15 1?2.638 = 7 80 82 35 26 61 59 60 64 54 63 74 85 94 48 81 97 84 46 56 15 
972-8-15 1?2.644 = 8 41 32 25 61 59 60 64 54 49 50 78 94 34 48 81 97 84 46 56 15 
972-8-11 1?2.387 = 8 96 41 37 35 26 61 59 60 64 54 83 27 40 43 29 91 76 11 
972-8-12 1?2.254 = 8 96 41 32 25 61 59 60 64 54 49 50 94 48 34 47 53 75 12 
972-7-12 1?2.503 = 7 80 82 35 26 61 59 60 64 54 63 74 85 94 48 34 47 53 75 12 
972-8-14 1?2.343 = 8 96 41 32 25 61 59 60 64 54 49 50 94 34 48 81 97 84 46 56 14 
972-8-13 1?2.547 = 8 96 32 25 61 59 60 64 54 49 50 94 48 81 97 84 39 47 53 71 13 
972-7-13 1?2.595 = 7 80 82 35 26 61 59 60 64 54 63 74 85 94 48 34 39 47 53 71 13 
972-7-14 1?2.592 = 7 80 82 35 26 61 59 60 64 54 63 74 85 94 34 48 81 97 84 46 56 14 
972-10-12 1?2.026 = 10 91 29 40 27 83 54 49 50 94 48 34 47 53 75 12 
972-10-11 1?2.232 = 10 91 29 43 40 27 83 64 60 54 49 50 78 22 20 11 
972-9-11 1?2.036 = 9 21 31 32 25 61 59 60 64 54 83 27 40 43 20 11 
972-9-12 1?2.175 = 9 31 32 25 61 59 60 64 83 27 22 77 47 53 75 12 
972-9-10 1?2.043 = 9 21 31 32 25 61 59 60 64 54 83 27 40 29 91 10 
972-10-15 1?2.321 = 10 91 29 43 40 27 83 64 54 49 50 94 48 81 97 84 46 56 15 
972-9-15 1?2.528 = 9 21 31 32 25 61 59 60 64 54 49 50 94 34 48 81 97 84 46 56 15 
972-10-13 1?1.997 = 10 91 29 43 40 27 78 50 94 48 34 39 47 53 71 13 
972-10-14 1?2.094 = 10 91 29 43 40 27 83 54 49 50 94 48 81 97 84 46 56 14 
972-9-14 1?2.263 = 9 31 32 25 61 59 60 64 54 49 50 94 48 81 97 84 46 56 14 
972-9-13 1?2.367 = 9 21 31 32 25 61 59 60 64 54 49 50 94 48 34 47 53 75 71 13 
972-14-15 1?2.13 = 14 39 34 48 94 50 63 74 85 81 97 84 46 56 15 
972-13-15 1?1.978 = 13 71 47 53 75 77 34 48 94 81 97 84 46 56 38 15 
972-12-14 1?2.021 = 12 75 53 47 34 48 94 50 63 74 85 81 97 84 46 14 
972-11-15 1?2.323 = 11 20 43 40 27 83 64 60 54 49 50 94 48 81 97 84 46 56 15 
972-13-14 1?1.86 = 13 71 47 53 75 77 78 49 50 94 48 81 97 84 46 14 
972-12-15 1?2.416 = 12 75 53 47 34 48 94 78 49 63 74 85 81 97 84 46 56 15 
972-11-12 1?2.048 = 11 20 43 40 27 83 49 50 94 48 34 39 47 53 75 12 
972-12-13 1?2.11 = 12 22 27 83 64 60 54 49 50 94 48 34 47 53 71 13 
972-11-13 1?2.027 = 11 20 43 40 27 78 49 50 94 48 34 39 47 53 71 13 
972-11-14 1?1.908 = 11 20 43 40 27 83 49 50 94 48 81 97 84 46 56 14 
stop
