start
275-0-1 1?1.946 = 0 19 67 88 94 71 60 30 87 46 78 62 73 26 22 1 
275-0-2 1?1.899 = 0 19 67 28 58 30 61 87 46 78 62 73 26 22 57 25 2 
275-0-3 1?1.977 = 0 19 67 28 58 30 61 87 46 78 62 73 26 22 57 25 3 
275-0-4 1?2.347 = 0 19 67 28 58 71 60 30 87 46 78 62 73 22 26 77 85 36 59 69 4 
275-0-5 1?2.42 = 0 19 67 28 58 30 61 46 78 65 31 52 80 63 76 54 64 74 72 5 
275-0-6 1?2.532 = 0 19 67 28 58 30 61 87 46 78 65 31 52 63 80 53 96 37 56 6 
275-0-7 1?2.491 = 0 19 67 28 71 60 30 87 46 78 65 31 63 80 53 96 37 40 66 7 
275-0-8 1?2.432 = 0 19 67 28 58 87 46 78 65 31 52 84 70 47 43 33 45 50 68 38 8 
275-0-9 1?2.451 = 0 19 67 28 58 30 61 46 65 31 52 84 70 51 16 81 29 34 83 98 9 
275-0-10 1?2.444 = 0 19 67 28 58 30 61 46 78 65 31 52 84 70 51 16 81 41 99 10 
275-0-11 1?2.552 = 0 19 67 28 58 30 61 46 78 65 31 52 84 70 51 16 91 17 97 11 
275-0-12 1?2.529 = 0 19 67 28 58 30 61 46 78 65 31 52 23 48 92 55 42 90 12 
275-0-13 1?2.551 = 0 19 67 28 58 39 22 26 73 62 78 46 87 30 60 21 79 89 75 13 
275-0-14 1?1.841 = 0 19 67 88 94 28 58 30 60 21 79 18 89 75 27 14 
275-0-15 1?1.999 = 0 19 67 28 58 30 60 71 21 79 18 89 75 27 86 49 15 
275-1-2 1?2.019 = 1 22 26 73 62 78 65 31 52 63 76 85 25 57 2 
275-1-3 1?2.122 = 1 22 26 62 78 46 65 31 52 63 76 85 36 59 3 
275-1-4 1?2.051 = 1 22 26 73 62 65 31 52 63 76 85 36 59 69 4 
275-1-5 1?2.225 = 1 22 26 73 62 78 46 65 31 52 80 63 76 54 64 74 72 5 
275-1-6 1?2.343 = 1 22 26 73 62 78 46 65 76 31 52 63 80 53 96 37 56 6 
275-1-7 1?2.435 = 1 22 26 73 62 78 46 65 31 52 84 51 70 47 43 93 33 45 66 7 
275-1-8 1?2.359 = 1 22 26 73 62 78 46 65 31 52 84 70 51 16 81 29 34 20 50 68 38 8 
275-1-9 1?2.334 = 1 22 26 73 62 65 31 52 63 80 84 70 51 16 81 29 34 83 98 9 
275-1-10 1?2.344 = 1 22 26 73 62 78 65 31 52 63 80 84 70 51 16 81 41 99 10 
275-1-11 1?2.429 = 1 22 26 73 62 78 46 65 31 52 63 80 84 70 51 16 91 17 11 
275-1-12 1?2.469 = 1 22 26 73 62 78 65 31 52 84 70 51 23 48 92 55 42 90 12 
275-1-13 1?2.497 = 1 22 26 73 62 78 46 65 31 52 84 70 51 23 48 92 55 42 13 
275-1-14 1?2.295 = 1 22 26 73 62 78 46 65 31 52 61 30 60 79 21 86 27 14 
275-1-15 1?2.024 = 1 22 26 73 62 65 78 46 61 30 60 79 21 94 88 15 
275-2-3 1?2.048 = 2 25 57 22 26 73 62 78 46 65 31 76 85 36 59 3 
275-2-4 1?1.982 = 2 25 57 22 26 73 62 78 46 65 76 85 36 59 69 4 
275-2-5 1?2.062 = 2 25 57 22 26 73 62 78 46 65 31 76 54 64 74 72 5 
275-2-6 1?2.221 = 2 57 22 26 73 62 78 46 65 31 52 63 80 53 96 56 6 
275-2-7 1?2.241 = 2 25 57 22 26 73 62 78 65 31 52 63 80 53 96 37 40 66 7 
275-2-8 1?2.184 = 2 57 22 26 73 62 65 31 52 84 70 47 43 33 45 68 38 8 
275-2-9 1?2.282 = 2 57 22 26 73 62 78 65 31 52 84 70 51 16 81 29 34 83 98 9 
275-2-10 1?2.449 = 2 25 57 22 26 73 62 78 65 31 52 63 80 84 70 51 16 81 41 99 10 
275-2-11 1?2.534 = 2 25 57 22 26 73 62 78 46 65 31 52 63 80 84 70 51 16 91 17 11 
275-2-12 1?2.439 = 2 25 57 22 26 73 62 78 46 65 31 52 23 48 92 55 42 90 12 
275-2-13 1?2.488 = 2 25 57 22 26 73 62 65 78 46 87 61 30 60 21 79 18 89 75 13 
275-2-14 1?2.208 = 2 25 57 22 26 73 62 78 46 61 30 60 21 79 18 89 75 27 14 
275-2-15 1?1.943 = 2 25 57 22 26 73 62 78 46 61 30 60 71 28 88 94 15 
275-3-4 1?2.06 = 3 25 57 22 26 73 62 78 46 65 76 85 36 59 69 4 
275-3-5 1?2.14 = 3 25 57 22 26 73 62 78 46 65 31 76 54 64 74 72 5 
275-3-6 1?2.28 = 3 25 57 22 26 73 62 78 65 31 63 80 53 96 37 56 6 
275-3-7 1?2.262 = 3 25 57 22 26 73 62 78 65 76 63 80 53 96 37 40 66 7 
275-3-8 1?2.22 = 3 36 85 76 63 80 84 70 47 43 93 33 45 50 68 38 8 
275-3-9 1?2.359 = 3 25 57 22 26 62 65 31 52 84 70 51 16 81 29 34 83 98 9 
275-3-10 1?2.374 = 3 25 57 22 26 73 62 78 65 31 52 84 70 51 16 81 41 99 10 
275-3-11 1?2.528 = 3 25 57 22 26 73 62 65 31 52 84 70 51 16 23 48 91 17 11 
275-3-12 1?2.592 = 3 25 57 22 26 73 62 78 46 65 31 52 84 23 48 92 55 42 90 12 
275-3-13 1?2.566 = 3 25 57 22 26 73 62 65 78 46 87 61 30 60 21 79 18 89 75 13 
275-3-14 1?2.396 = 3 25 57 22 26 73 62 78 46 87 30 60 71 21 79 18 89 75 27 14 
275-3-15 1?2.231 = 3 25 57 22 26 73 62 65 78 46 87 30 60 79 21 94 88 15 
275-4-5 1?2.184 = 4 69 59 36 85 62 78 46 65 31 76 54 64 74 72 5 
275-4-6 1?2.308 = 4 69 59 36 85 77 62 65 76 63 80 53 96 37 56 6 
275-4-7 1?2.213 = 4 69 59 36 85 65 31 52 63 80 53 96 37 40 66 7 
275-4-8 1?2.197 = 4 69 59 36 85 76 63 80 53 96 37 93 33 45 68 38 8 
275-4-9 1?2.37 = 4 69 59 36 85 65 31 63 80 84 51 16 81 29 34 83 98 9 
275-4-10 1?2.509 = 4 69 59 36 85 77 62 78 46 65 31 52 84 70 51 16 81 41 99 10 
275-4-11 1?2.631 = 4 69 59 36 85 77 26 22 73 62 78 46 65 31 52 23 48 91 17 11 
275-4-12 1?2.699 = 4 69 59 36 85 65 31 52 63 80 84 70 51 23 48 92 55 42 90 12 
275-4-13 1?2.686 = 4 69 59 36 85 77 26 22 73 62 78 46 87 61 30 60 21 79 18 89 75 13 
275-4-14 1?2.5 = 4 69 59 36 85 77 26 22 73 62 65 78 46 87 30 60 79 21 86 27 14 
275-4-15 1?2.403 = 4 69 59 36 85 77 26 22 73 62 65 78 46 61 30 60 21 94 88 15 
275-5-6 1?2.362 = 5 72 74 64 54 76 65 31 52 63 80 53 96 37 56 6 
275-5-7 1?2.271 = 5 24 56 40 45 33 43 29 34 20 50 68 38 66 7 
275-5-8 1?2.151 = 5 72 74 64 82 63 80 84 70 47 93 33 45 50 68 38 8 
275-5-9 1?2.358 = 5 72 74 64 54 76 63 80 84 70 51 16 81 29 34 20 83 98 9 
275-5-10 1?2.491 = 5 72 74 64 54 76 63 80 84 70 51 16 81 29 34 83 41 99 10 
275-5-11 1?2.62 = 5 72 74 64 54 76 31 52 63 80 84 70 51 16 23 48 91 17 11 
275-5-12 1?2.61 = 5 72 74 64 54 76 31 52 84 70 51 16 23 48 92 55 42 90 12 
275-5-13 1?2.654 = 5 72 74 64 54 76 63 52 31 65 78 46 61 30 60 79 89 75 13 
275-5-14 1?2.626 = 5 72 74 64 82 53 80 63 52 31 65 78 46 61 30 60 79 21 86 27 14 
275-5-15 1?2.558 = 5 72 74 64 54 76 63 52 31 65 78 46 61 30 60 79 21 94 88 15 
275-6-7 1?2.216 = 6 56 40 45 33 43 29 34 83 20 50 68 38 66 7 
275-6-8 1?2.041 = 6 56 66 40 45 33 93 43 29 34 20 83 50 68 38 8 
275-6-9 1?2.078 = 6 56 40 66 38 68 50 45 33 93 43 20 34 83 98 9 
275-6-10 1?2.538 = 6 56 40 45 33 93 43 47 70 51 16 81 29 34 20 83 99 41 10 
275-6-11 1?2.598 = 6 56 40 66 38 68 50 45 33 93 43 20 34 83 99 41 17 97 11 
275-6-12 1?2.669 = 6 56 40 45 33 43 47 70 51 16 23 48 92 32 55 42 90 12 
275-6-13 1?2.638 = 6 56 40 45 33 93 43 47 70 51 16 23 48 92 32 18 89 75 13 
275-6-14 1?2.6 = 6 56 37 96 53 80 63 52 31 65 78 46 87 30 60 21 86 27 14 
275-6-15 1?2.49 = 6 56 37 96 53 80 63 52 31 65 78 46 61 30 60 71 94 88 15 
275-7-8 1?1.857 = 7 66 40 45 33 93 43 20 34 29 83 98 50 68 38 8 
275-7-9 1?1.766 = 7 66 38 68 50 45 33 93 43 29 34 20 83 98 9 
275-7-10 1?1.861 = 7 66 38 68 50 45 33 93 43 20 34 83 99 41 10 
275-7-11 1?2.286 = 7 66 38 68 50 45 33 93 43 29 34 20 83 99 41 17 97 11 
275-7-12 1?2.539 = 7 66 38 68 50 45 33 43 47 70 51 16 23 48 92 42 90 12 
275-7-13 1?2.413 = 7 66 40 45 33 93 43 47 70 51 16 48 23 92 32 18 89 75 13 
275-7-14 1?2.398 = 7 66 40 45 33 93 43 47 70 51 16 23 48 92 32 18 89 75 27 14 
275-7-15 1?2.455 = 7 66 40 37 96 53 80 63 52 31 65 78 46 87 30 58 28 88 94 15 
275-8-9 1?1.693 = 8 38 68 50 45 33 43 29 34 20 83 41 99 44 9 
275-8-10 1?1.622 = 8 38 68 50 45 33 93 43 20 34 29 83 99 41 10 
275-8-11 1?1.997 = 8 38 68 50 45 33 93 43 20 34 83 98 44 99 41 17 97 11 
275-8-12 1?2.142 = 8 38 68 50 45 33 43 47 70 51 16 23 48 92 42 90 12 
275-8-13 1?2.214 = 8 38 68 50 45 33 43 47 70 51 23 48 92 55 18 89 75 13 
275-8-14 1?2.2 = 8 38 68 50 45 33 43 47 70 51 23 48 92 55 18 89 75 27 14 
275-8-15 1?2.413 = 8 38 68 50 45 33 43 47 70 51 16 23 48 92 32 79 21 94 88 15 
275-9-10 1?2.011 = 9 8 38 68 50 45 33 93 43 20 34 29 83 99 41 10 
275-9-11 1?1.961 = 9 68 50 45 33 93 43 20 34 83 99 41 17 97 11 
275-9-12 1?2.105 = 9 44 98 83 34 29 81 16 51 23 48 92 55 42 90 12 
275-9-13 1?2.277 = 9 98 83 34 29 81 16 51 70 84 23 48 92 32 18 89 75 13 
275-9-14 1?2.226 = 9 98 83 34 20 43 47 70 51 23 48 92 32 18 89 75 27 14 
275-9-15 1?2.424 = 9 98 83 34 29 81 16 51 70 84 52 31 65 78 46 61 30 71 94 15 
275-10-11 1?2.194 = 10 44 98 50 45 33 93 43 34 20 83 99 41 17 97 11 
275-10-12 1?2.224 = 10 41 99 83 20 34 29 81 16 23 48 92 55 42 90 12 
275-10-13 1?2.326 = 10 41 99 83 34 29 81 16 51 23 48 92 32 18 89 75 13 
275-10-14 1?2.312 = 10 41 99 83 34 29 81 16 51 23 48 92 32 18 89 75 27 14 
275-10-15 1?2.448 = 10 99 41 81 16 51 70 84 52 31 65 78 46 87 30 58 28 88 15 
275-11-12 1?2.327 = 11 97 41 99 83 34 29 81 16 23 48 92 55 42 90 12 
275-11-13 1?2.347 = 11 97 17 91 16 51 70 84 23 48 92 55 18 89 75 13 
275-11-14 1?2.164 = 11 97 17 91 16 51 23 48 92 32 18 89 75 27 14 
275-11-15 1?2.513 = 11 17 91 16 51 70 84 52 31 65 78 46 61 30 58 28 88 94 15 
275-12-13 1?2.444 = 12 90 42 55 92 48 16 51 70 84 23 32 18 89 75 13 
275-12-14 1?2.213 = 12 90 42 55 18 89 79 21 60 30 58 28 88 94 49 86 14 
275-12-15 1?2.316 = 12 90 42 55 18 75 89 79 21 71 60 30 58 28 88 94 49 15 
275-13-14 1?2.058 = 13 75 89 18 79 21 71 60 30 58 28 88 94 49 86 27 14 
275-13-15 1?2.315 = 13 75 89 18 55 92 32 79 21 60 30 58 28 88 94 49 15 
275-14-15 1?1.882 = 14 27 75 89 18 79 21 60 30 58 28 19 67 88 94 15 
stop
