start
454-0-2 1?1.867 = 0 48 26 70 39 40 87 56 27 61 58 30 21 84 24 2 
454-0-1 1?2.042 = 0 48 70 39 40 87 56 27 61 58 30 21 84 24 93 1 
454-0-5 1?2.522 = 0 48 26 70 39 40 87 38 84 21 30 58 61 27 20 23 43 37 55 5 
454-0-4 1?2.391 = 0 46 31 48 26 70 39 40 53 87 56 50 30 58 61 27 20 34 43 4 
454-0-6 1?2.702 = 0 48 26 70 39 40 87 38 84 21 30 58 61 20 34 43 37 55 85 52 6 
454-0-10 1?2.578 = 0 31 46 62 59 35 45 17 49 16 96 99 51 41 32 80 74 29 19 10 
454-0-11 1?2.457 = 0 31 46 62 59 35 65 45 17 96 99 51 83 41 32 80 74 29 11 
454-0-9 1?2.738 = 0 48 26 70 39 98 31 46 47 88 72 42 97 68 64 89 73 33 18 9 
454-0-3 1?1.931 = 0 46 98 31 48 26 70 39 40 87 56 50 27 61 58 30 21 3 
454-0-8 1?2.641 = 0 48 26 70 39 98 31 46 47 88 72 42 97 68 64 89 73 33 76 79 8 
454-0-7 1?2.685 = 0 48 70 39 98 31 46 47 88 72 42 97 68 64 89 73 33 76 82 7 
454-0-12 1?1.904 = 0 31 46 62 59 35 45 17 96 16 99 51 83 71 12 
454-0-13 1?2.034 = 0 48 26 70 39 98 31 46 62 59 35 45 17 96 16 13 
454-1-2 1?1.659 = 1 26 70 39 40 87 56 50 27 61 58 30 21 84 24 2 
454-0-14 1?1.958 = 0 31 46 47 88 72 92 36 45 17 49 63 54 90 14 
454-0-15 1?2.217 = 0 48 26 70 39 98 31 46 47 88 66 42 72 62 59 15 
454-1-3 1?1.825 = 1 26 48 31 46 98 70 39 40 87 56 50 27 61 58 30 21 3 
454-1-5 1?2.207 = 1 26 70 39 40 87 56 50 38 84 21 30 58 61 27 20 34 43 37 5 
454-1-4 1?2.099 = 1 26 70 39 40 53 87 56 50 38 84 21 30 58 61 20 34 23 4 
454-1-7 1?2.474 = 1 26 70 39 98 31 46 47 88 72 42 97 68 64 89 73 33 76 82 7 
454-1-8 1?2.473 = 1 26 70 39 98 31 46 47 88 72 42 97 68 64 89 73 33 18 76 79 8 
454-1-6 1?2.48 = 1 26 70 39 93 24 38 84 21 30 58 61 27 20 34 43 37 55 85 52 6 
454-1-14 1?1.756 = 1 26 70 39 98 31 46 62 59 35 45 17 63 54 90 14 
454-1-15 1?2.062 = 1 26 48 70 39 98 31 46 47 88 66 42 72 62 59 15 
454-2-3 1?1.895 = 2 24 40 39 70 48 31 98 53 87 56 27 61 58 30 3 
454-1-12 1?2.18 = 1 26 70 39 98 31 46 62 59 35 65 45 17 96 99 51 83 41 32 71 12 
454-1-9 1?2.56 = 1 26 70 39 98 31 46 47 88 72 42 97 68 64 89 73 33 76 79 9 
454-1-13 1?2.141 = 1 26 70 39 98 31 46 62 59 35 65 45 36 91 17 49 96 16 13 
454-2-5 1?2.405 = 2 24 87 53 67 60 56 50 38 84 21 30 58 61 27 20 34 37 5 
454-2-4 1?2.152 = 2 93 39 70 26 48 31 98 53 87 38 84 21 30 58 61 23 4 
454-2-6 1?2.535 = 2 24 38 84 21 30 58 61 50 56 27 20 34 23 43 37 55 85 52 6 
454-1-11 1?2.41 = 1 26 70 39 98 31 46 62 59 35 45 17 49 16 96 99 51 83 41 32 11 
454-1-10 1?2.502 = 1 26 48 31 46 62 59 35 45 17 96 99 51 83 41 32 80 74 29 10 
454-2-14 1?1.959 = 2 24 40 39 70 48 31 46 62 59 35 65 63 54 90 14 
454-2-15 1?2.119 = 2 84 21 30 58 61 27 56 87 40 39 70 48 31 46 15 
454-3-5 1?2.274 = 3 21 30 58 61 27 56 87 53 67 60 94 20 34 43 37 5 
454-3-4 1?1.98 = 3 21 84 38 50 56 27 61 58 30 23 20 34 55 37 43 4 
454-2-12 1?2.391 = 2 93 39 70 48 31 46 62 59 35 65 45 17 49 16 96 99 51 83 71 12 
454-2-13 1?2.357 = 2 24 40 39 70 26 48 31 46 62 59 35 45 17 63 49 96 16 13 
454-2-9 1?2.771 = 2 93 39 70 48 31 46 47 88 72 42 97 68 64 89 73 33 76 79 9 
454-2-11 1?2.534 = 2 93 39 70 26 48 31 46 47 88 72 42 97 75 44 25 29 74 11 
454-2-8 1?2.635 = 2 84 21 30 58 61 27 56 60 67 28 68 64 89 73 33 18 76 79 78 8 
454-2-7 1?2.69 = 2 24 87 53 47 88 72 42 97 68 64 89 73 69 18 33 76 82 7 
454-2-10 1?2.702 = 2 24 87 53 47 62 59 35 45 17 96 99 51 41 32 80 74 29 19 10 
454-4-5 1?1.929 = 4 23 61 58 30 21 84 38 50 56 27 20 34 43 37 55 5 
454-3-15 1?2.26 = 3 84 21 30 58 61 27 50 56 87 40 39 70 26 48 31 98 46 15 
454-3-9 1?2.611 = 3 21 30 58 61 27 50 56 60 67 28 68 64 89 73 33 18 76 79 9 
454-3-12 1?2.384 = 3 30 58 61 27 56 67 86 66 42 72 92 45 17 49 16 96 99 51 83 12 
454-3-14 1?2.257 = 3 21 30 58 61 27 56 67 86 66 42 72 92 45 17 49 63 54 90 14 
454-3-13 1?2.349 = 3 21 30 58 61 27 56 60 67 28 86 66 42 72 92 45 17 96 16 13 
454-3-6 1?2.354 = 3 21 84 38 50 56 27 61 58 30 23 20 34 43 37 55 85 52 6 
454-3-7 1?2.455 = 3 21 30 58 61 27 56 60 67 28 68 64 89 73 33 18 76 82 7 
454-3-8 1?2.387 = 3 21 30 58 61 27 50 56 60 67 86 28 68 64 89 73 33 76 79 8 
454-3-11 1?2.501 = 3 21 30 58 61 27 56 60 67 28 86 66 42 97 75 22 25 29 74 11 
454-3-10 1?2.684 = 3 21 30 58 61 27 50 56 60 67 28 86 66 42 97 75 22 25 44 19 10 
454-4-15 1?2.486 = 4 23 61 58 30 21 84 38 50 56 87 40 39 70 26 48 31 98 46 15 
454-4-9 1?2.7 = 4 23 58 61 27 50 56 60 67 28 68 64 89 73 33 18 76 79 9 
454-4-12 1?2.484 = 4 23 58 61 27 56 60 67 86 66 42 72 92 45 17 96 99 51 83 12 
454-4-6 1?2.167 = 4 23 61 58 30 21 50 56 27 20 34 43 37 55 85 52 6 
454-5-6 1?2.395 = 5 43 23 61 58 30 21 50 56 27 20 34 37 55 85 52 6 
454-4-7 1?2.544 = 4 23 58 61 27 56 60 67 28 68 64 89 73 33 18 76 82 7 
454-4-8 1?2.465 = 4 23 30 58 61 27 50 56 60 67 28 68 64 89 73 33 76 79 8 
454-4-14 1?2.452 = 4 23 61 27 56 60 67 28 86 66 42 72 92 45 17 49 63 54 90 14 
454-4-13 1?2.58 = 4 23 30 58 61 27 50 56 60 67 28 86 66 42 72 92 45 17 96 16 13 
454-4-11 1?2.679 = 4 23 30 58 61 27 56 60 67 28 86 66 42 97 75 44 25 29 74 11 
454-4-10 1?2.758 = 4 23 30 58 61 27 50 56 60 67 86 66 42 97 75 22 25 44 19 10 
454-5-9 1?2.807 = 5 37 34 20 27 56 60 67 28 68 64 89 73 33 18 76 79 9 
454-5-7 1?2.611 = 5 37 34 20 27 56 60 67 28 68 64 89 73 33 76 82 7 
454-6-8 1?2.701 = 6 52 85 28 86 66 72 42 97 68 64 73 33 76 79 8 
454-6-7 1?2.902 = 6 52 33 73 89 64 68 97 75 77 69 18 79 76 82 7 
454-5-12 1?2.607 = 5 37 34 94 60 67 86 66 42 72 92 36 45 17 96 99 51 83 12 
454-5-15 1?2.674 = 5 37 43 34 20 61 58 30 21 84 38 87 40 39 70 26 48 31 46 15 
454-5-8 1?2.563 = 5 37 43 34 94 60 67 28 68 64 89 73 33 18 76 79 8 
454-5-14 1?2.59 = 5 37 34 20 27 56 60 67 86 66 42 72 92 45 17 49 63 54 90 14 
454-5-13 1?2.757 = 5 37 34 94 60 67 28 86 66 42 72 92 36 45 17 63 49 96 16 13 
454-5-11 1?2.804 = 5 37 34 20 27 56 60 67 28 68 64 89 73 69 77 44 25 29 74 11 
454-5-10 1?2.861 = 5 37 43 34 94 60 67 86 66 72 42 97 75 22 25 44 19 10 
454-7-9 1?2.43 = 7 82 78 79 76 18 33 73 89 64 68 69 77 44 81 9 
454-6-9 1?2.74 = 6 52 82 78 79 76 33 18 69 77 44 25 29 19 81 9 
454-7-8 1?2.597 = 7 82 76 33 69 73 89 64 68 75 22 44 77 18 79 8 
454-6-12 1?2.765 = 6 7 78 79 76 33 18 69 77 44 25 29 74 80 32 41 51 83 71 12 
454-6-15 1?2.885 = 6 52 85 55 37 34 20 61 58 30 21 84 24 40 39 70 48 31 46 15 
454-7-10 1?2.239 = 7 82 76 18 33 73 89 64 68 69 77 44 25 29 19 10 
454-6-14 1?2.708 = 6 52 33 69 77 44 25 29 74 80 32 41 51 99 96 49 63 54 90 14 
454-6-13 1?2.614 = 6 52 33 18 69 77 44 25 29 74 80 32 41 83 51 99 96 16 13 
454-7-11 1?2.586 = 7 82 78 79 76 33 18 69 77 44 25 29 74 80 57 32 41 71 11 
454-6-10 1?2.803 = 6 7 78 79 76 33 18 69 77 44 25 22 95 57 80 74 29 19 10 
454-6-11 1?2.849 = 6 52 82 78 79 76 33 18 69 77 44 25 29 74 80 32 41 71 11 
454-8-9 1?2.364 = 8 79 76 18 33 73 89 64 68 69 77 44 25 19 81 9 
454-8-11 1?1.943 = 8 78 79 76 33 18 69 77 44 22 25 29 74 80 11 
454-8-13 1?2.194 = 8 79 76 33 18 69 77 44 25 29 74 80 32 41 51 99 96 16 13 
454-8-10 1?2.104 = 8 78 79 76 18 33 73 89 64 68 69 77 44 25 19 10 
454-7-12 1?2.375 = 7 78 79 76 33 18 69 77 44 25 29 74 80 32 41 51 83 71 12 
454-8-12 1?2.214 = 8 78 79 76 33 18 69 77 44 25 29 74 80 32 41 51 99 83 12 
454-8-14 1?2.331 = 8 79 18 69 77 44 25 29 74 80 32 41 51 99 96 49 63 54 90 14 
454-7-13 1?2.305 = 7 82 76 33 18 69 77 44 25 29 74 80 32 41 51 99 96 16 13 
454-7-15 1?2.772 = 7 78 79 76 33 18 69 73 89 64 68 97 42 72 88 47 62 59 15 
454-8-15 1?2.698 = 8 79 76 33 18 69 77 44 25 29 74 80 57 95 91 36 45 65 15 
454-7-14 1?2.493 = 7 82 76 33 69 77 44 25 29 74 80 32 41 51 99 96 49 63 54 90 14 
454-9-12 1?1.97 = 9 79 76 33 69 77 44 25 29 74 80 32 41 71 12 
454-10-12 1?1.995 = 10 19 29 74 80 57 95 91 36 45 63 49 96 99 83 12 
454-9-11 1?2.168 = 9 79 76 18 33 73 64 68 69 77 44 25 29 74 11 
454-10-11 1?2.112 = 10 19 25 44 22 95 57 51 83 71 41 32 80 74 29 11 
454-9-13 1?2.214 = 9 81 44 22 25 29 74 80 57 32 41 71 83 51 99 96 16 13 
454-10-13 1?2.1 = 10 29 74 80 32 41 71 83 51 99 96 16 49 17 63 54 90 13 
454-9-10 1?2.323 = 9 79 76 33 18 69 77 44 25 22 95 57 80 74 29 10 
454-9-14 1?2.244 = 9 81 44 25 29 74 80 32 41 71 83 51 99 96 16 49 63 54 90 14 
454-10-14 1?2.2 = 10 29 74 80 32 41 71 83 51 99 96 16 49 17 45 65 63 54 90 14 
454-10-15 1?2.434 = 10 29 74 80 32 41 83 51 99 96 16 49 63 17 91 36 45 65 15 
454-9-15 1?2.633 = 9 81 44 25 29 74 80 32 41 71 83 51 99 96 16 49 63 54 90 14 15 
454-12-14 1?1.44 = 12 71 32 41 83 51 99 96 16 49 17 45 63 54 90 14 
454-11-12 1?1.951 = 11 29 74 80 57 95 91 36 45 65 63 49 96 99 83 12 
454-13-14 1?1.699 = 13 83 71 32 41 51 99 96 16 49 17 45 63 54 90 14 
454-12-13 1?1.565 = 12 71 32 41 83 51 99 96 17 91 36 45 63 49 13 
454-13-15 1?1.991 = 13 83 51 99 96 16 49 54 63 17 91 36 45 65 15 
454-12-15 1?1.728 = 12 71 32 41 83 51 99 96 16 49 17 36 45 65 15 
454-11-13 1?1.769 = 11 74 29 25 44 22 95 57 32 41 71 83 51 99 96 16 13 
454-14-15 1?2.046 = 14 90 54 63 49 17 45 36 92 72 88 47 62 59 15 
454-11-14 1?1.974 = 11 29 74 80 32 41 71 83 51 99 96 16 49 17 45 63 54 90 14 
454-11-15 1?2.283 = 11 29 74 80 32 71 83 51 99 96 16 49 17 91 36 45 65 15 
stop
