start
784-0-1 1?2.165 = 0 78 29 34 96 26 39 72 89 25 71 17 36 77 28 1 
784-0-4 1?2.292 = 0 23 28 76 29 34 96 50 43 77 36 17 71 25 30 63 45 32 81 4 
784-0-6 1?2.508 = 0 23 28 77 36 43 50 17 71 30 63 45 32 81 57 54 74 19 46 67 90 6 
784-0-5 1?2.446 = 0 78 29 34 76 28 77 43 36 17 71 30 63 45 32 81 57 54 74 19 46 5 
784-0-11 1?2.596 = 0 23 76 29 34 96 80 62 85 73 65 99 44 38 55 83 33 11 
784-0-9 1?2.547 = 0 78 80 26 39 89 72 70 68 98 87 41 91 22 79 56 60 51 9 
784-0-2 1?2.079 = 0 23 76 29 34 50 43 77 36 17 71 25 30 63 24 2 
784-0-10 1?2.675 = 0 78 29 34 96 80 26 39 89 72 70 94 48 84 20 40 37 47 10 
784-0-3 1?1.746 = 0 23 76 29 34 96 50 43 77 36 17 71 30 63 24 3 
784-0-8 1?2.475 = 0 78 29 34 96 80 26 39 89 72 70 68 98 87 41 91 79 22 66 16 8 
784-0-7 1?2.442 = 0 78 29 34 96 26 39 89 72 70 68 98 87 41 91 79 22 66 16 7 
784-0-12 1?2.272 = 0 23 76 29 34 96 80 62 85 92 73 65 99 61 12 
784-0-15 1?2.227 = 0 23 28 77 36 43 76 29 34 96 80 62 85 75 15 
784-0-14 1?2.176 = 0 23 76 29 34 96 80 62 85 92 73 65 27 58 14 
784-1-2 1?2.043 = 1 23 76 29 34 50 43 77 36 17 71 25 30 63 24 2 
784-0-13 1?2.297 = 0 78 29 34 96 80 62 85 92 73 65 93 58 27 13 
784-1-4 1?1.805 = 1 28 76 29 34 50 43 77 36 17 71 30 63 45 32 81 4 
784-1-3 1?1.71 = 1 23 76 29 34 96 50 43 77 36 17 71 30 63 24 3 
784-1-5 1?2.281 = 1 23 76 29 34 50 43 77 36 17 71 30 63 45 32 81 54 74 19 46 5 
784-1-6 1?2.375 = 1 28 77 36 43 50 76 29 34 96 80 26 89 72 70 68 98 42 95 6 
784-1-8 1?2.439 = 1 28 77 36 17 71 25 26 39 89 72 70 68 98 87 41 91 79 22 66 16 8 
784-1-7 1?2.408 = 1 28 77 36 17 71 25 26 39 89 72 70 68 98 41 91 79 22 66 16 7 
784-1-14 1?2.035 = 1 28 77 36 43 50 76 29 34 96 80 62 85 93 58 14 
784-1-15 1?2.121 = 1 28 77 36 43 50 76 29 34 96 80 62 85 75 69 15 
784-1-13 1?2.333 = 1 28 77 36 43 50 76 29 34 96 80 62 85 92 73 65 27 13 
784-2-4 1?1.789 = 2 28 76 29 34 50 43 77 36 17 71 30 63 45 32 81 4 
784-2-5 1?2.003 = 2 28 77 36 43 50 17 71 25 30 63 45 32 81 54 74 19 46 5 
784-1-12 1?2.396 = 1 28 77 36 43 50 76 29 34 96 80 62 85 92 73 65 99 61 12 
784-2-6 1?2.118 = 2 77 36 43 50 17 71 30 63 45 32 81 57 54 74 19 46 67 90 6 
784-2-3 1?1.728 = 2 28 76 29 34 96 50 43 77 36 17 71 25 30 63 24 3 
784-1-11 1?2.526 = 1 28 77 36 43 50 34 96 80 62 85 73 65 99 38 55 83 33 11 
784-1-10 1?2.562 = 1 28 77 43 36 17 71 25 26 39 89 72 94 48 84 20 40 37 47 10 
784-1-9 1?2.556 = 1 28 77 36 17 71 25 89 72 70 68 98 87 41 91 22 79 56 60 51 9 
784-2-15 1?2.094 = 2 77 36 43 50 34 96 80 62 85 73 65 93 69 15 
784-2-13 1?2.317 = 2 28 77 36 43 50 76 29 34 96 80 62 85 92 73 65 27 13 
784-3-5 1?1.872 = 3 24 17 36 77 43 50 71 30 63 45 32 81 57 54 74 5 
784-3-4 1?1.95 = 3 24 63 30 17 36 77 43 76 29 34 50 71 25 32 45 4 
784-2-14 1?2.172 = 2 77 36 43 50 76 29 34 96 80 62 85 92 73 65 27 58 14 
784-2-12 1?2.573 = 2 28 77 43 36 17 71 50 76 29 34 96 80 62 85 92 73 65 99 61 12 
784-2-8 1?2.292 = 2 77 36 17 71 25 26 39 89 72 70 68 42 98 41 91 22 79 66 16 8 
784-2-7 1?2.242 = 2 77 36 43 76 29 34 96 80 26 39 89 72 70 68 98 42 59 7 
784-2-11 1?2.48 = 2 77 36 43 50 34 96 80 62 85 73 65 99 44 38 55 83 33 11 
784-2-10 1?2.547 = 2 77 36 43 50 76 29 34 96 26 39 89 72 94 48 84 20 40 37 47 10 
784-2-9 1?2.442 = 2 77 43 36 17 71 25 89 72 70 68 98 42 41 91 22 79 56 60 51 9 
784-3-15 1?2.181 = 3 24 63 30 71 17 36 77 43 50 76 34 96 80 62 85 75 15 
784-4-5 1?2.052 = 4 81 32 45 63 30 17 36 77 43 50 71 25 57 54 74 5 
784-3-14 1?2.199 = 3 24 63 30 71 17 36 77 43 50 76 29 34 96 80 62 85 93 14 
784-3-6 1?2.225 = 3 24 17 36 77 43 50 71 30 63 45 32 81 54 74 19 46 67 90 6 
784-3-12 1?2.444 = 3 24 63 30 71 17 36 77 43 50 96 80 62 85 92 73 65 99 61 12 
784-3-13 1?2.416 = 3 24 63 30 71 17 36 77 43 50 76 34 96 80 62 85 73 65 27 13 
784-3-7 1?2.107 = 3 24 63 45 32 81 54 74 19 46 67 90 95 59 91 79 22 66 16 7 
784-3-11 1?2.492 = 3 24 63 30 71 17 36 77 43 50 96 80 62 85 73 44 38 97 11 
784-3-8 1?2.235 = 3 24 63 30 25 26 39 89 72 70 68 42 98 87 41 91 22 66 16 8 
784-3-9 1?2.398 = 3 24 63 30 25 26 39 89 72 70 68 98 42 41 91 22 79 56 60 51 9 
784-3-10 1?2.581 = 3 24 63 45 32 81 54 74 46 67 90 95 59 91 22 79 56 20 40 88 47 10 
784-5-6 1?2.037 = 5 46 67 90 42 98 87 41 91 79 56 66 22 59 95 53 6 
784-4-15 1?2.336 = 4 81 32 45 63 30 25 71 17 36 50 43 77 28 76 34 29 78 15 
784-4-6 1?2.2 = 4 45 63 30 25 26 39 89 72 70 68 98 42 95 53 6 
784-4-7 1?2.005 = 4 45 32 81 54 74 19 46 67 90 95 59 91 79 22 66 16 7 
784-4-12 1?2.583 = 4 45 63 30 71 17 36 77 43 50 34 96 80 62 85 73 65 99 61 12 
784-4-14 1?2.427 = 4 45 63 30 71 17 36 77 43 50 76 29 34 96 80 62 85 93 58 14 
784-4-13 1?2.574 = 4 81 32 45 63 30 71 17 36 77 43 50 96 80 62 85 73 65 27 13 
784-4-8 1?2.348 = 4 45 32 25 26 39 89 72 70 68 42 98 87 41 91 79 22 66 16 8 
784-4-11 1?2.566 = 4 54 74 19 46 67 90 95 59 91 22 79 56 20 40 49 35 55 83 33 97 11 
784-4-9 1?2.518 = 4 81 57 70 72 89 26 39 94 48 84 87 41 91 22 79 56 60 51 9 
784-4-10 1?2.603 = 4 81 57 54 74 19 46 67 90 95 59 91 79 22 66 56 60 20 40 88 47 10 
784-6-8 1?2.053 = 6 53 95 42 98 87 41 91 22 79 56 20 40 51 86 8 
784-5-15 1?2.42 = 5 74 54 81 32 45 63 30 25 71 17 36 77 43 50 34 76 29 78 15 
784-6-7 1?2.105 = 6 53 95 42 98 87 84 41 91 79 22 66 56 60 16 7 
784-5-7 1?1.916 = 5 46 67 90 95 59 42 98 87 41 91 22 79 56 66 16 7 
784-5-8 1?2.274 = 5 74 54 19 46 67 90 95 59 91 79 22 66 56 60 20 40 51 86 8 
784-5-13 1?2.696 = 5 74 54 57 70 72 89 26 39 64 31 92 62 85 73 65 93 58 27 13 
784-5-12 1?2.595 = 5 46 67 90 95 59 91 22 79 56 20 40 49 35 55 83 33 97 82 61 12 
784-5-14 1?2.521 = 5 74 54 81 32 45 63 30 71 17 36 77 43 50 96 80 62 85 93 14 
784-5-11 1?2.481 = 5 46 67 90 95 59 91 22 79 56 20 40 49 21 35 52 55 83 33 97 11 
784-5-9 1?2.442 = 5 74 54 19 46 67 90 95 59 91 79 22 66 56 60 20 40 88 47 37 9 
784-5-10 1?2.57 = 5 46 67 90 95 59 91 22 79 56 41 42 98 87 48 84 20 40 88 47 10 
784-7-8 1?2.027 = 7 16 66 22 79 91 41 42 98 87 48 84 20 40 51 86 8 
784-6-9 1?1.969 = 6 53 95 59 91 79 22 66 56 60 20 40 88 47 37 9 
784-7-9 1?1.979 = 7 16 66 22 79 91 41 42 98 87 48 84 20 40 37 9 
784-6-15 1?2.593 = 6 53 95 42 98 68 70 72 89 26 39 64 31 92 85 62 75 69 15 
784-7-10 1?2.14 = 7 16 66 56 79 22 91 41 42 98 87 48 84 20 40 88 47 10 
784-6-13 1?2.688 = 6 95 42 98 68 70 72 89 26 39 64 31 92 62 85 73 65 99 13 
784-7-11 1?2.218 = 7 16 66 22 91 79 56 20 40 49 21 35 52 38 55 83 33 97 11 
784-6-12 1?2.484 = 6 53 95 59 91 79 22 66 56 20 40 49 35 55 83 33 97 82 61 12 
784-6-14 1?2.579 = 6 53 95 59 42 98 68 70 72 89 26 39 64 31 92 73 65 27 58 14 
784-6-11 1?2.283 = 6 53 95 59 91 22 79 56 20 40 49 21 35 52 55 83 33 97 11 
784-6-10 1?2.4 = 6 53 95 59 91 22 79 56 41 42 98 87 48 84 20 40 37 47 10 
784-8-9 1?1.94 = 8 16 66 22 79 91 41 42 98 87 48 84 20 40 37 9 
784-8-10 1?1.935 = 8 16 66 56 79 22 91 41 87 48 84 20 40 88 47 10 
784-8-15 1?2.534 = 8 16 66 22 91 41 98 68 70 72 89 26 39 64 31 92 62 75 15 
784-7-15 1?2.579 = 7 16 66 22 79 91 41 98 68 70 72 89 26 39 64 31 92 85 75 15 
784-8-11 1?2.119 = 8 16 66 22 91 79 56 20 40 49 21 35 52 38 55 83 33 11 
784-7-13 1?2.624 = 7 16 66 22 79 91 41 87 48 84 18 31 92 62 85 93 58 27 13 
784-7-12 1?2.416 = 7 16 66 22 91 79 56 20 40 49 21 35 52 55 83 33 97 82 12 
784-8-13 1?2.611 = 8 16 66 22 79 91 41 87 48 84 18 31 92 62 85 73 65 27 13 
784-8-12 1?2.413 = 8 16 66 22 79 56 20 40 49 21 35 52 38 55 83 33 97 82 12 
784-7-14 1?2.555 = 7 16 66 22 79 91 41 98 68 70 72 89 26 39 64 31 92 85 93 14 
784-8-14 1?2.516 = 8 16 66 22 79 91 41 98 68 70 72 89 26 39 64 31 92 85 93 14 
784-10-11 1?2.006 = 10 47 37 40 20 49 21 35 52 38 55 33 97 82 11 
784-9-11 1?1.941 = 9 37 47 88 40 20 49 21 35 52 38 55 83 33 11 
784-9-10 1?2.064 = 9 51 60 56 79 22 91 41 87 48 84 20 40 88 47 10 
784-10-12 1?2.363 = 10 37 47 88 40 20 49 21 35 52 38 55 83 33 97 82 12 
784-10-13 1?2.51 = 10 83 33 55 38 44 99 65 73 85 62 75 69 93 58 27 13 
784-9-12 1?2.545 = 9 51 60 56 66 22 79 91 41 20 40 49 21 35 83 33 97 82 12 
784-10-15 1?2.664 = 10 83 55 33 97 82 38 52 44 99 65 73 92 62 85 93 69 15 
784-10-14 1?2.443 = 10 47 88 35 52 44 99 65 73 92 85 62 75 69 93 58 14 
784-9-13 1?2.67 = 9 37 47 88 49 35 52 44 99 65 73 92 62 85 93 58 27 13 
784-9-15 1?2.751 = 9 51 60 56 79 22 91 41 98 68 70 72 89 39 26 31 92 85 75 15 
784-9-14 1?2.614 = 9 37 47 88 49 21 35 52 44 99 65 73 92 62 85 93 58 14 
784-11-12 1?2.135 = 11 97 33 83 55 35 88 40 20 21 52 38 82 61 12 
784-13-14 1?2.61 = 13 12 61 38 44 99 65 73 92 85 62 75 69 93 58 14 
784-12-14 1?2.22 = 12 61 38 44 99 65 73 92 85 62 75 69 93 58 14 
784-14-15 1?2.407 = 14 58 27 93 65 73 92 85 62 80 96 34 29 78 15 
784-12-15 1?2.277 = 12 82 97 33 83 55 38 44 99 65 73 85 62 75 15 
784-12-13 1?2.352 = 12 61 82 97 33 83 55 38 52 44 99 65 93 58 27 13 
784-13-15 1?2.469 = 13 27 58 93 65 73 92 85 62 80 96 34 29 78 15 
784-11-13 1?2.203 = 11 97 33 83 55 38 99 65 73 92 62 85 93 58 27 13 
784-11-14 1?2.148 = 11 33 83 55 38 44 99 65 73 85 62 75 69 93 58 14 
784-11-15 1?2.466 = 11 82 97 33 83 55 38 52 44 99 65 73 92 85 62 75 69 15 
stop
