start
226-0-1 1?2.084 = 0 66 62 98 89 31 40 84 34 87 27 86 96 76 18 1 
226-0-2 1?2.209 = 0 47 85 21 58 70 35 39 33 32 31 40 50 86 96 2 
226-0-3 1?2.303 = 0 66 62 98 89 31 40 84 34 87 44 27 86 96 72 41 3 
226-0-4 1?2.431 = 0 66 62 98 89 31 40 84 34 87 44 27 41 20 23 51 30 60 4 
226-0-5 1?2.538 = 0 66 74 18 76 96 86 72 27 87 44 41 20 23 51 30 82 5 
226-0-6 1?2.674 = 0 47 85 21 58 35 39 33 32 88 64 19 99 46 83 53 69 6 
226-0-7 1?2.736 = 0 47 85 21 58 35 33 39 45 91 81 67 29 77 99 46 83 53 69 7 
226-0-8 1?2.542 = 0 47 85 21 35 33 39 45 91 81 67 55 52 54 17 26 94 90 95 48 43 8 
226-0-9 1?2.495 = 0 47 85 21 58 70 35 33 39 45 91 81 67 55 52 54 17 26 94 90 9 
226-0-10 1?2.465 = 0 47 85 21 58 92 70 35 33 39 45 91 81 63 37 93 80 97 11 79 10 
226-0-11 1?2.245 = 0 47 85 21 58 28 92 70 35 33 39 45 91 81 63 37 93 80 97 11 
226-0-12 1?2.051 = 0 47 85 21 58 92 70 35 33 39 45 91 81 63 37 42 61 65 12 
226-0-13 1?1.777 = 0 47 85 21 58 70 35 33 39 45 91 81 63 37 42 61 13 
226-0-14 1?1.577 = 0 47 85 21 58 35 39 45 91 70 92 28 75 24 14 
226-0-15 1?1.828 = 0 47 85 21 58 35 39 45 91 70 92 28 75 73 15 
226-1-2 1?2.045 = 1 74 18 76 96 86 27 44 23 51 30 60 20 41 72 2 
226-1-3 1?1.783 = 1 74 18 76 96 86 27 87 44 23 51 30 60 20 41 3 
226-1-4 1?2.334 = 1 74 18 76 96 86 27 44 87 34 84 49 57 71 51 23 30 60 4 
226-1-5 1?2.669 = 1 74 18 76 86 96 72 27 44 87 34 84 49 57 71 51 23 30 82 5 
226-1-6 1?2.487 = 1 74 18 76 96 86 27 44 87 34 84 49 57 99 46 83 53 69 6 
226-1-7 1?2.505 = 1 74 18 76 96 86 72 27 44 87 34 84 49 57 99 46 83 53 69 7 
226-1-8 1?2.521 = 1 18 76 96 86 27 87 34 84 49 57 19 77 25 26 94 90 95 48 8 
226-1-9 1?2.595 = 1 74 18 76 96 86 27 44 87 34 84 49 57 19 77 25 26 94 90 9 
226-1-10 1?2.588 = 1 74 66 62 85 21 58 35 33 39 45 91 81 63 37 93 80 56 79 10 
226-1-11 1?2.348 = 1 18 76 74 50 40 31 32 33 39 45 91 81 63 37 93 80 97 11 
226-1-12 1?2.448 = 1 18 76 74 50 40 31 32 33 39 35 45 91 81 63 37 93 80 97 12 
226-1-13 1?1.997 = 1 74 50 40 31 32 33 39 35 45 91 81 63 37 42 61 13 
226-1-14 1?1.696 = 1 74 50 31 32 33 39 35 70 92 28 75 24 14 
226-1-15 1?1.929 = 1 74 50 40 31 32 33 39 45 35 58 21 85 47 15 
226-2-3 1?1.851 = 2 18 76 96 86 72 27 87 44 23 51 30 60 20 41 3 
226-2-4 1?1.829 = 2 18 76 96 86 72 27 87 44 41 20 23 51 30 60 4 
226-2-5 1?2.033 = 2 18 76 96 86 72 27 87 44 41 20 23 51 30 82 5 
226-2-6 1?2.495 = 2 72 96 86 27 44 87 34 84 49 57 19 77 99 46 53 83 6 
226-2-7 1?2.445 = 2 72 96 86 27 44 87 34 84 49 57 19 77 99 46 83 53 69 7 
226-2-8 1?2.508 = 2 72 96 86 27 44 87 34 84 49 57 19 77 25 26 94 90 95 48 43 8 
226-2-9 1?2.75 = 2 72 86 50 40 31 32 33 39 45 91 81 67 55 52 54 17 26 94 90 95 9 
226-2-10 1?2.74 = 2 96 86 27 87 34 50 40 31 32 33 39 45 91 81 63 37 93 80 56 79 10 
226-2-11 1?2.35 = 2 72 86 50 40 31 32 33 39 35 45 91 81 63 37 93 80 97 11 
226-2-12 1?2.418 = 2 96 86 27 87 34 84 40 31 32 33 39 35 45 91 81 63 37 42 65 12 
226-2-13 1?2.218 = 2 96 86 27 87 34 50 40 31 32 33 39 45 91 81 63 37 42 61 13 
226-2-14 1?1.879 = 2 72 96 86 50 40 31 32 33 39 35 70 92 28 75 24 14 
226-2-15 1?2.025 = 2 96 86 50 40 31 32 33 39 35 70 58 21 85 47 15 
226-3-4 1?2.14 = 3 41 27 44 87 34 84 49 57 71 30 51 23 20 60 4 
226-3-5 1?2.246 = 3 41 20 23 30 51 44 27 87 34 84 49 57 71 59 5 
226-3-6 1?2.24 = 3 41 20 23 51 44 87 34 84 49 57 99 46 53 83 6 
226-3-7 1?2.479 = 3 41 20 23 30 51 44 27 87 34 84 49 57 99 46 83 53 69 7 
226-3-8 1?2.415 = 3 41 27 44 87 34 84 49 57 19 77 25 26 94 90 95 48 43 8 
226-3-9 1?2.413 = 3 41 20 23 51 44 87 34 84 49 57 19 77 25 26 94 90 95 9 
226-3-10 1?2.628 = 3 41 44 87 34 84 40 31 32 33 39 45 91 81 63 93 56 79 10 
226-3-11 1?2.382 = 3 41 44 87 50 40 31 32 33 39 45 91 81 63 37 93 80 97 11 
226-3-12 1?2.395 = 3 41 44 87 34 50 40 31 32 33 39 35 45 91 81 63 37 42 65 12 
226-3-13 1?2.308 = 3 41 44 87 34 50 40 31 32 33 39 35 45 91 81 63 37 42 61 13 
226-3-14 1?2.028 = 3 41 44 87 34 50 40 31 32 33 39 35 70 92 28 75 24 14 
226-3-15 1?2.184 = 3 41 44 87 34 50 40 31 32 33 39 35 58 21 85 47 15 
226-4-5 1?2.281 = 4 60 30 51 23 20 41 44 27 87 34 84 49 71 59 5 
226-4-6 1?2.175 = 4 60 23 51 44 87 34 84 49 57 99 46 83 53 69 6 
226-4-7 1?2.381 = 4 60 30 51 23 20 41 44 87 34 84 49 57 99 46 83 69 7 
226-4-8 1?2.372 = 4 60 30 51 23 44 87 34 84 49 57 19 77 25 38 48 43 8 
226-4-9 1?2.306 = 4 60 23 51 44 87 34 84 49 57 19 77 25 26 94 90 95 9 
226-4-10 1?2.636 = 4 60 30 51 23 20 41 44 87 34 84 49 57 19 77 25 17 10 
226-4-11 1?2.458 = 4 60 23 44 87 50 40 31 32 33 39 45 91 81 63 93 80 97 11 
226-4-12 1?2.392 = 4 60 23 51 44 87 50 40 31 32 33 39 45 91 81 63 37 42 65 12 
226-4-13 1?2.324 = 4 60 23 51 44 87 34 84 40 31 32 33 39 45 91 81 37 42 61 13 
226-4-14 1?2.137 = 4 60 23 51 44 87 50 40 31 32 33 39 35 70 92 28 75 24 14 
226-4-15 1?2.371 = 4 60 23 51 44 87 50 40 31 32 33 39 35 70 58 21 85 47 15 
226-5-6 1?2.415 = 5 82 30 51 23 44 87 34 84 49 57 99 46 83 69 6 
226-5-7 1?2.323 = 5 82 30 51 23 44 87 34 84 49 57 99 46 83 69 7 
226-5-8 1?2.554 = 5 82 30 51 23 44 34 84 49 57 19 77 25 38 48 43 8 
226-5-9 1?2.533 = 5 82 30 51 23 44 87 34 84 49 57 19 77 25 26 94 90 9 
226-5-10 1?2.739 = 5 82 30 51 23 44 27 87 34 84 49 57 19 77 25 17 10 
226-5-11 1?2.529 = 5 59 71 57 49 88 32 33 39 45 91 81 63 37 93 80 97 11 
226-5-12 1?2.558 = 5 59 71 57 49 84 40 31 32 33 39 45 91 81 63 37 42 65 12 
226-5-13 1?2.53 = 5 82 30 51 23 44 87 50 40 31 32 33 39 45 91 81 37 42 61 13 
226-5-14 1?2.43 = 5 82 30 51 23 44 87 34 50 40 31 32 33 39 35 70 92 28 75 24 14 
226-5-15 1?2.519 = 5 59 71 57 49 88 32 33 39 45 91 35 70 92 28 75 73 15 
226-6-7 1?2.67 = 6 59 82 30 51 23 44 87 34 84 49 57 99 46 53 69 7 
226-6-8 1?2.705 = 6 69 53 83 46 99 57 49 88 64 19 77 25 38 43 48 8 
226-6-9 1?2.842 = 6 69 53 83 46 99 57 49 88 64 19 77 25 17 26 94 90 9 
226-6-10 1?2.853 = 6 83 53 69 16 36 43 48 95 90 94 26 25 77 29 52 54 17 10 
226-6-11 1?2.642 = 6 83 53 46 99 19 64 88 32 33 39 45 91 81 63 93 80 97 11 
226-6-12 1?2.564 = 6 69 53 83 46 99 19 64 88 32 33 39 45 91 81 37 42 65 12 
226-6-13 1?2.562 = 6 69 53 83 46 99 77 19 64 88 32 33 39 45 91 81 37 42 61 13 
226-6-14 1?2.47 = 6 69 53 83 46 99 19 64 88 32 33 39 45 91 35 70 92 28 75 24 14 
226-6-15 1?2.568 = 6 69 53 83 46 99 19 64 88 32 33 39 35 70 58 21 85 47 15 
226-7-8 1?2.477 = 7 16 69 53 83 46 99 19 77 29 52 54 17 26 94 48 8 
226-7-9 1?2.53 = 7 69 53 83 46 99 19 77 29 67 55 52 54 17 26 94 90 9 
226-7-10 1?2.657 = 7 16 36 43 48 95 90 94 26 17 54 52 67 55 93 80 56 79 10 
226-7-11 1?2.503 = 7 16 36 43 48 95 90 94 26 17 54 52 55 67 63 37 93 80 97 11 
226-7-12 1?2.472 = 7 69 53 83 46 99 19 64 88 32 33 39 45 91 81 37 42 65 12 
226-7-13 1?2.47 = 7 69 53 83 46 99 77 19 64 88 32 33 39 45 91 81 37 42 61 13 
226-7-14 1?2.298 = 7 69 53 83 46 99 19 64 88 32 33 39 45 35 70 92 28 75 24 14 
226-7-15 1?2.574 = 7 69 53 83 46 99 19 64 88 32 33 39 35 70 92 28 75 24 73 15 
226-8-9 1?2.4 = 8 43 48 38 36 16 69 53 83 46 99 77 25 26 94 90 9 
226-8-10 1?2.31 = 8 43 48 95 90 94 26 17 54 52 67 55 93 80 56 79 10 
226-8-11 1?2.109 = 8 43 48 95 90 94 26 17 54 52 55 67 63 93 80 97 11 
226-8-12 1?2.351 = 8 43 48 94 26 17 54 52 55 67 33 39 45 91 81 63 37 42 65 12 
226-8-13 1?2.287 = 8 43 48 95 90 94 26 17 54 52 55 67 33 39 45 91 81 37 42 61 13 
226-8-14 1?2.144 = 8 43 48 95 90 94 26 17 54 52 55 67 33 39 35 70 92 28 75 24 14 
226-8-15 1?2.383 = 8 43 48 95 90 94 26 17 54 52 55 67 81 91 45 39 33 35 58 21 85 47 15 
226-9-10 1?2.316 = 9 90 95 94 26 17 54 52 55 67 63 37 93 80 56 79 10 
226-9-11 1?2.136 = 9 90 95 94 26 17 54 52 55 67 81 63 37 93 80 97 11 
226-9-12 1?2.121 = 9 90 95 94 26 17 54 52 55 67 81 45 91 78 42 65 12 
226-9-13 1?2.034 = 9 90 95 94 26 17 54 52 55 67 81 45 91 78 42 61 13 
226-9-14 1?2.031 = 9 90 95 94 26 17 54 52 55 67 81 91 45 35 70 92 28 75 24 14 
226-9-15 1?2.309 = 9 90 95 94 26 17 54 52 67 81 91 45 39 33 35 70 58 21 85 47 15 
226-10-11 1?2.212 = 10 17 54 52 55 67 33 39 45 91 81 63 93 80 97 11 
226-10-12 1?2.1 = 10 79 56 80 93 37 81 45 39 33 35 91 78 42 65 12 
226-10-13 1?1.946 = 10 79 56 80 93 37 63 81 91 45 39 33 35 70 22 13 
226-10-14 1?1.834 = 10 79 56 80 93 63 81 91 45 39 33 35 70 92 28 75 24 14 
226-10-15 1?2.115 = 10 79 56 80 93 37 63 81 91 45 39 33 35 70 58 21 85 47 15 
226-11-12 1?1.832 = 11 97 80 93 37 63 81 45 39 33 35 91 78 42 65 12 
226-11-13 1?1.681 = 11 97 80 93 37 81 91 45 39 33 35 70 92 22 13 
226-11-14 1?1.478 = 11 97 80 93 63 81 91 45 35 70 92 28 75 24 14 
226-11-15 1?1.879 = 11 97 80 93 37 63 81 91 45 39 33 35 70 92 58 21 85 47 15 
226-12-13 1?1.577 = 12 65 42 78 91 45 39 33 35 70 92 28 75 24 13 
226-12-14 1?1.346 = 12 65 42 78 91 45 39 33 35 70 92 28 75 24 14 
226-12-15 1?1.672 = 12 65 42 37 81 91 45 39 33 35 70 92 28 75 73 15 
226-13-14 1?1.259 = 13 61 42 78 91 45 39 33 35 70 92 28 75 24 14 
226-13-15 1?1.55 = 13 61 42 78 91 45 39 33 35 70 92 58 21 85 47 15 
226-14-15 1?1.496 = 14 24 75 28 22 70 91 45 33 39 35 21 85 47 15 
stop
