start
230-0-3 1?2.203 = 0 95 42 61 68 56 41 40 52 20 76 31 69 19 37 3 
230-0-4 1?2.157 = 0 95 42 16 56 41 40 52 20 76 28 31 69 19 37 4 
230-0-1 1?2.059 = 0 91 17 49 95 42 61 68 56 16 79 36 97 33 66 96 1 
230-0-5 1?2.454 = 0 95 42 61 68 56 41 40 52 82 88 47 32 46 28 31 69 19 5 
230-0-10 1?2.491 = 0 95 42 16 68 56 41 40 52 88 82 86 65 57 71 89 34 62 55 10 
230-0-6 1?2.557 = 0 95 42 61 68 56 41 40 52 82 88 47 29 25 78 26 54 87 80 27 6 
230-0-9 1?2.515 = 0 95 42 61 68 56 41 40 52 82 88 47 25 78 26 70 54 59 38 9 
230-0-11 1?2.34 = 0 95 42 16 56 41 40 52 82 86 65 57 71 89 63 72 50 11 
230-0-7 1?2.433 = 0 95 42 61 68 56 41 40 52 82 88 47 29 25 78 26 70 54 87 80 44 7 
230-0-8 1?2.472 = 0 95 42 61 68 16 56 41 40 52 82 88 47 29 25 78 26 70 54 59 98 8 
230-0-2 1?2.189 = 0 95 42 61 68 56 41 52 40 64 36 79 97 33 66 2 
230-1-5 1?2.096 = 1 66 33 97 16 56 41 40 52 20 76 31 28 94 5 
230-0-14 1?2.163 = 0 95 42 61 16 56 68 51 53 99 49 17 91 75 22 58 14 
230-0-15 1?1.933 = 0 95 42 16 56 68 61 51 53 99 49 17 91 75 22 58 15 
230-0-12 1?2.281 = 0 95 42 16 56 41 40 52 82 86 65 57 71 63 72 83 12 
230-1-2 1?2.108 = 1 66 33 42 95 61 68 16 56 41 40 64 36 79 97 30 2 
230-1-3 1?2.07 = 1 66 33 97 79 56 41 40 52 20 76 69 19 37 3 
230-1-4 1?1.948 = 1 66 33 97 79 56 41 40 52 20 76 69 19 37 4 
230-1-7 1?2.335 = 1 66 33 97 79 16 56 41 40 52 82 88 47 29 45 70 26 87 80 44 7 
230-1-6 1?2.441 = 1 66 33 42 95 61 68 56 41 40 52 20 76 69 31 28 94 81 6 
230-0-13 1?2.383 = 0 95 42 61 68 16 56 41 40 52 88 82 86 65 43 24 18 13 
230-1-8 1?2.448 = 1 66 33 42 95 61 68 56 41 40 52 82 88 47 32 78 26 70 54 59 98 8 
230-1-14 1?1.967 = 1 66 33 97 79 16 56 68 61 42 95 49 17 91 75 22 14 
230-2-6 1?2.227 = 2 30 97 16 56 41 40 52 20 76 31 28 94 81 6 
230-2-5 1?2.2 = 2 30 21 36 79 16 68 56 41 40 52 20 76 69 19 5 
230-1-12 1?2.284 = 1 66 33 42 95 61 68 56 41 86 65 57 71 89 63 72 83 12 
230-1-11 1?2.325 = 1 66 33 97 79 36 64 40 52 88 82 86 65 57 71 89 63 72 50 11 
230-2-4 1?2.078 = 2 30 21 36 79 16 56 41 40 52 20 76 69 19 37 4 
230-2-3 1?2.2 = 2 30 21 36 79 16 56 41 40 52 20 76 69 19 37 3 
230-1-9 1?2.58 = 1 66 33 97 79 16 56 41 40 52 82 88 47 25 78 26 70 54 59 93 38 9 
230-1-15 1?1.743 = 1 66 33 97 79 16 68 61 42 95 49 17 91 75 22 58 15 
230-1-10 1?2.407 = 1 66 33 97 79 56 41 40 52 88 82 86 65 57 71 89 34 62 55 10 
230-1-13 1?2.321 = 1 66 33 97 36 79 16 68 61 42 95 49 17 91 22 75 84 18 13 
230-3-5 1?2.249 = 3 37 19 69 31 28 46 32 47 29 25 78 94 81 5 
230-2-12 1?2.383 = 2 30 97 79 56 41 40 52 88 82 86 65 57 71 89 63 72 83 12 
230-2-14 1?2.457 = 2 30 21 36 79 97 33 42 95 61 16 68 51 53 99 49 17 91 75 22 14 
230-3-4 1?2.225 = 3 30 21 36 79 16 56 41 40 52 20 76 69 19 37 4 
230-2-7 1?2.366 = 2 30 97 79 16 56 41 40 52 82 88 47 32 78 26 54 87 80 44 7 
230-2-11 1?2.488 = 2 30 21 36 79 16 56 41 40 52 88 82 86 65 57 71 89 63 72 50 11 
230-2-9 1?2.638 = 2 30 21 36 79 16 56 41 40 52 82 88 47 29 25 78 26 70 54 59 38 9 
230-2-8 1?2.429 = 2 30 21 36 79 16 56 41 40 52 82 88 47 25 78 26 70 54 59 98 8 
230-2-15 1?1.875 = 2 30 21 36 79 16 56 68 61 42 95 49 17 75 22 58 15 
230-2-10 1?2.61 = 2 30 97 79 56 41 40 52 88 82 86 65 57 71 89 63 72 50 48 77 10 
230-2-13 1?2.62 = 2 66 33 42 95 61 68 16 56 41 40 52 88 82 86 65 43 24 18 13 
230-3-6 1?2.1 = 3 37 19 69 31 28 46 32 25 78 26 87 80 27 6 
230-4-5 1?2.127 = 4 37 19 69 31 28 46 32 47 29 25 78 94 81 5 
230-3-12 1?2.442 = 3 37 19 69 31 76 20 52 82 86 65 57 71 89 63 72 83 12 
230-3-7 1?2.157 = 3 37 19 69 31 28 46 32 25 78 26 70 54 59 87 80 44 7 
230-3-14 1?2.551 = 3 37 19 69 76 20 52 40 41 56 68 61 42 95 49 17 91 75 14 
230-3-11 1?2.563 = 3 37 19 69 31 76 20 40 52 88 82 86 65 57 71 89 63 72 50 11 
230-3-8 1?2.35 = 3 37 19 69 31 28 46 32 25 29 45 70 26 80 87 59 93 38 98 8 
230-3-9 1?2.537 = 3 37 19 69 31 28 46 32 25 78 26 70 54 59 87 80 73 98 38 9 
230-3-15 1?2.12 = 3 30 21 36 97 79 16 56 68 61 42 95 49 17 75 22 58 15 
230-3-13 1?2.645 = 3 37 19 69 76 20 52 82 86 65 57 71 89 63 72 24 18 13 
230-3-10 1?2.693 = 3 37 19 69 31 76 20 40 52 88 82 86 65 57 71 63 89 34 62 55 10 
230-4-8 1?1.793 = 4 37 19 69 31 28 46 32 25 45 70 54 59 98 8 
230-4-7 1?1.774 = 4 19 69 31 28 46 32 78 26 70 54 87 80 44 7 
230-4-6 1?1.978 = 4 37 19 69 31 28 46 32 25 78 26 87 80 27 6 
230-5-6 1?2.137 = 5 19 69 31 28 46 32 25 78 26 70 54 87 80 27 6 
230-4-12 1?2.435 = 4 37 19 69 31 76 20 40 52 88 82 86 65 57 71 89 63 72 83 12 
230-4-14 1?2.443 = 4 37 19 69 76 20 52 40 41 56 68 61 42 95 49 17 75 22 14 
230-4-9 1?2.373 = 4 37 19 69 31 28 46 32 25 29 45 70 26 54 87 80 73 98 38 9 
230-4-11 1?2.598 = 4 37 19 69 31 76 20 40 52 82 86 65 57 71 89 63 72 50 48 77 11 
230-4-15 1?2.247 = 4 19 69 76 20 52 40 41 56 68 61 42 95 49 17 75 22 58 15 
230-4-13 1?2.551 = 4 37 19 69 76 20 52 88 82 86 65 57 71 89 63 72 24 18 13 
230-4-10 1?2.571 = 4 37 19 69 31 76 20 40 52 88 82 86 65 57 71 63 89 34 62 55 10 
230-5-8 1?1.92 = 5 19 69 31 28 46 32 25 78 26 70 54 59 98 8 
230-6-8 1?2.021 = 6 27 80 87 54 70 26 78 25 45 35 59 93 38 98 8 
230-5-7 1?1.882 = 5 19 69 31 28 46 32 78 26 70 54 87 80 44 7 
230-6-7 1?1.933 = 6 81 94 28 46 32 78 26 70 54 59 87 80 44 7 
230-5-9 1?2.406 = 5 19 69 31 28 46 32 25 45 70 26 80 87 59 93 38 92 9 
230-5-12 1?2.608 = 5 81 94 28 31 76 20 40 52 88 82 86 65 57 71 89 63 72 83 12 
230-5-14 1?2.539 = 5 19 69 76 20 52 40 41 56 68 61 42 95 49 17 91 75 22 14 
230-5-11 1?2.562 = 5 19 69 31 28 46 32 25 29 67 74 57 71 89 63 72 50 48 11 
230-5-10 1?2.57 = 5 19 69 31 28 46 32 25 78 26 70 45 35 67 74 34 62 55 10 
230-5-15 1?2.395 = 5 94 28 31 76 20 52 40 41 56 16 42 95 49 17 75 22 58 15 
230-5-13 1?2.68 = 5 94 28 31 76 20 52 88 82 86 65 57 71 89 63 72 24 18 13 
230-7-8 1?1.81 = 7 44 80 87 54 70 26 78 25 29 45 35 59 38 98 8 
230-7-9 1?1.957 = 7 44 73 80 87 26 78 25 29 45 70 54 59 93 38 9 
230-6-9 1?2.333 = 6 81 94 28 46 32 25 45 70 26 80 87 59 93 38 92 9 
230-7-11 1?2.222 = 7 44 80 87 26 70 45 67 74 57 71 89 63 72 50 48 77 11 
230-6-12 1?2.555 = 6 27 44 80 87 59 54 26 70 45 35 67 74 71 89 63 72 83 12 
230-6-11 1?2.457 = 6 27 80 87 54 26 70 45 67 74 57 71 89 63 72 50 48 77 11 
230-6-14 1?2.59 = 6 81 94 28 31 76 20 52 40 41 56 68 61 49 17 91 75 22 14 
230-7-10 1?2.145 = 7 44 80 87 54 70 45 67 74 71 89 63 72 50 48 77 10 
230-6-10 1?2.436 = 6 27 80 87 26 70 45 67 74 57 71 89 63 72 50 48 77 10 
230-6-15 1?2.44 = 6 81 94 28 76 20 52 40 41 56 16 42 95 49 17 75 22 58 15 
230-6-13 1?2.616 = 6 27 80 87 54 26 70 45 35 67 74 57 71 89 63 72 24 18 13 
230-8-11 1?1.939 = 8 98 59 54 70 45 67 74 57 71 89 63 72 50 11 
230-8-9 1?1.977 = 8 98 73 80 87 54 70 26 78 25 45 35 59 93 38 9 
230-8-10 1?1.955 = 8 98 38 59 87 80 26 70 45 67 74 34 62 55 10 
230-8-12 1?2.124 = 8 98 73 80 87 54 70 45 35 67 74 57 71 89 63 72 83 12 
230-7-12 1?2.252 = 7 44 73 80 87 54 70 45 35 67 74 57 71 89 63 72 83 60 12 
230-8-14 1?2.468 = 8 98 59 87 80 26 78 32 47 88 82 52 40 41 51 53 99 84 14 
230-7-14 1?2.514 = 7 44 80 87 54 70 26 78 25 29 47 88 82 52 40 41 51 53 99 84 14 
230-8-15 1?2.379 = 8 98 59 54 70 45 25 47 88 82 52 40 41 51 53 49 17 75 22 58 15 
230-8-13 1?2.399 = 8 98 59 54 26 70 45 35 67 74 57 71 89 63 72 24 18 13 
230-7-15 1?2.418 = 7 44 80 87 54 70 45 25 47 88 82 52 40 41 51 53 49 17 75 22 58 15 
230-7-13 1?2.497 = 7 44 80 87 59 54 26 70 45 67 74 57 71 89 63 72 24 18 13 
230-10-11 1?2.065 = 10 55 85 62 34 89 71 57 63 72 83 60 50 48 77 11 
230-10-12 1?2.034 = 10 55 85 77 48 50 72 63 89 71 57 43 24 83 12 
230-9-11 1?1.947 = 9 92 55 62 34 89 71 57 63 72 50 85 77 48 11 
230-10-14 1?2.174 = 10 77 48 50 72 63 89 71 57 43 24 90 84 75 22 14 
230-9-12 1?2.303 = 9 38 59 87 80 26 70 45 35 67 74 71 89 63 72 83 12 
230-9-10 1?2.021 = 9 92 55 62 34 89 71 57 63 72 50 85 48 77 10 
230-10-13 1?1.857 = 10 55 85 77 48 50 72 63 89 71 57 43 24 18 13 
230-9-14 1?2.681 = 9 92 55 85 77 48 50 72 63 89 71 57 43 99 49 17 91 75 22 14 
230-9-13 1?2.382 = 9 92 55 62 34 85 77 48 50 72 63 89 71 57 43 24 18 13 
230-10-15 1?2.43 = 10 55 85 77 48 50 72 63 89 71 57 43 90 84 75 17 49 91 22 58 15 
230-9-15 1?2.593 = 9 38 59 54 70 45 29 47 88 82 52 40 41 56 68 61 49 17 75 22 58 15 
230-11-12 1?2.028 = 11 48 77 85 62 34 89 71 57 43 24 63 72 83 12 
230-13-14 1?2.293 = 13 18 90 99 53 51 68 16 61 42 95 49 17 91 75 22 14 
230-11-14 1?2.138 = 11 77 48 50 72 63 89 71 57 43 24 90 84 75 22 14 
230-12-14 1?2.193 = 12 60 83 72 63 89 71 57 43 51 53 49 17 91 75 22 14 
230-14-15 1?2.041 = 14 84 99 53 51 68 56 16 42 95 49 17 91 75 22 58 15 
230-13-15 1?2.109 = 13 18 90 99 53 51 68 16 61 42 95 49 17 75 22 58 15 
230-12-13 1?2.127 = 12 83 50 48 77 85 34 89 63 71 57 43 24 18 13 
230-12-15 1?1.945 = 12 60 83 72 63 89 71 57 43 99 49 17 91 75 22 58 15 
230-11-13 1?1.893 = 11 48 77 85 50 83 72 63 89 71 57 43 24 18 13 
230-11-15 1?2.293 = 11 77 48 50 72 63 89 71 57 43 24 90 84 75 17 49 91 22 58 15 
stop
