start
530-0-5 1?2.41 = 0 76 57 90 83 43 44 41 24 59 68 21 94 82 98 86 28 89 5 
530-0-1 1?2.432 = 0 76 33 16 42 56 80 57 90 83 43 44 41 59 24 93 79 1 
530-0-7 1?2.757 = 0 76 33 56 67 39 61 74 47 81 34 36 51 55 32 84 17 77 73 7 
530-0-11 1?2.271 = 0 76 33 56 67 39 61 74 47 81 34 70 63 20 37 40 99 11 
530-0-3 1?2.092 = 0 76 57 90 83 43 44 41 93 24 59 58 29 95 35 87 3 
530-0-4 1?2.269 = 0 90 83 43 44 41 24 59 68 21 94 82 98 86 28 89 96 71 4 
530-0-10 1?2.789 = 0 90 83 57 80 33 16 42 69 56 67 39 61 47 81 34 70 63 20 52 10 
530-0-2 1?2.185 = 0 76 33 16 42 56 80 57 90 83 43 44 41 24 59 58 2 
530-0-6 1?2.566 = 0 76 57 90 83 43 44 41 24 59 68 21 94 82 98 86 28 64 88 50 6 
530-0-8 1?2.716 = 0 76 33 16 42 56 67 39 61 74 47 81 34 36 18 91 31 23 62 8 
530-0-9 1?2.884 = 0 90 83 57 80 33 16 42 69 56 67 39 61 74 47 81 34 51 36 18 9 
530-1-2 1?2.188 = 1 79 83 90 57 80 53 43 44 41 93 24 59 68 95 29 58 2 
530-1-3 1?1.999 = 1 79 83 90 57 53 43 44 41 93 24 59 58 29 95 87 3 
530-0-14 1?2.169 = 0 76 33 16 42 56 67 39 61 81 47 74 22 75 26 14 
530-0-15 1?2.279 = 0 76 33 56 67 39 61 47 81 34 74 22 69 42 16 15 
530-1-4 1?2.229 = 1 79 83 90 57 53 43 44 41 93 24 59 58 29 95 35 27 96 71 4 
530-1-8 1?2.629 = 1 79 83 90 57 80 56 67 39 61 47 81 34 36 91 31 23 62 8 
530-0-13 1?1.994 = 0 76 33 56 67 39 61 47 81 34 70 63 20 37 60 13 
530-1-6 1?2.453 = 1 79 44 41 24 59 29 95 35 27 96 89 28 86 98 82 64 88 50 6 
530-1-7 1?2.63 = 1 93 24 59 29 95 35 27 89 28 86 98 82 65 17 77 54 73 7 
530-1-5 1?2.434 = 1 79 44 41 24 59 29 87 35 27 89 28 86 98 82 64 88 50 5 
530-0-12 1?1.975 = 0 76 33 56 67 39 61 47 81 34 70 63 20 37 40 99 97 12 
530-2-4 1?1.839 = 2 58 24 59 68 21 94 82 98 86 28 89 27 96 71 4 
530-1-11 1?2.386 = 1 79 83 90 57 80 33 56 67 39 61 47 81 34 70 63 20 99 11 
530-2-6 1?2.191 = 2 58 24 59 29 87 35 27 96 89 28 86 98 82 64 88 50 6 
530-1-10 1?2.516 = 1 79 83 90 57 80 33 56 67 39 61 74 47 81 34 51 36 19 10 
530-2-3 1?1.831 = 2 58 59 68 21 94 82 98 86 28 89 27 35 87 3 
530-1-9 1?2.643 = 1 79 83 90 57 80 33 56 67 39 61 74 47 81 34 51 36 18 9 
530-2-5 1?2.203 = 2 58 24 59 29 87 35 27 96 89 28 86 98 82 64 88 50 5 
530-1-14 1?2.114 = 1 79 41 44 43 83 90 57 80 33 16 42 56 69 75 26 14 
530-1-13 1?2.226 = 1 83 90 57 80 56 67 39 61 47 81 34 70 63 20 37 60 13 
530-1-15 1?2.185 = 1 79 93 24 58 59 41 44 43 53 83 90 57 80 33 42 16 15 
530-1-12 1?2.094 = 1 79 83 90 57 80 56 67 39 61 47 81 34 70 63 20 99 97 12 
530-3-5 1?1.873 = 3 29 87 35 27 96 89 28 86 98 82 64 88 50 5 
530-3-4 1?2.034 = 3 29 58 24 59 68 21 94 82 98 86 28 89 96 71 4 
530-2-11 1?2.498 = 2 58 59 24 41 44 43 53 80 33 56 67 39 61 47 81 34 70 63 20 11 
530-2-8 1?2.411 = 2 58 29 95 35 27 89 28 86 98 82 65 17 84 32 25 23 62 8 
530-2-10 1?2.581 = 2 58 29 95 35 27 96 89 28 86 98 82 65 17 84 32 31 91 18 10 
530-2-7 1?2.464 = 2 58 24 59 29 95 35 27 96 89 28 86 98 82 65 17 77 73 7 
530-2-9 1?2.596 = 2 58 59 29 95 35 27 89 28 86 98 82 65 17 84 32 31 91 18 9 
530-2-13 1?2.418 = 2 58 24 41 44 43 53 80 56 67 39 61 47 81 34 70 63 37 60 13 
530-2-14 1?2.529 = 2 58 24 41 44 43 53 80 56 67 39 61 47 81 34 74 22 75 26 14 
530-2-12 1?2.257 = 2 58 24 41 44 43 53 80 56 67 39 61 47 81 34 70 63 20 99 97 12 
530-2-15 1?2.361 = 2 58 59 24 41 44 43 83 90 57 80 33 16 42 56 69 75 26 15 
530-3-6 1?1.754 = 3 87 35 27 96 89 28 86 98 82 64 88 50 66 6 
530-4-5 1?1.93 = 4 71 96 89 28 86 98 82 65 17 77 54 78 88 5 
530-3-11 1?2.398 = 3 87 35 27 89 28 86 98 82 65 17 84 32 31 91 18 19 52 11 
530-3-7 1?2.278 = 3 87 35 27 89 28 86 98 82 65 46 38 85 32 84 77 73 7 
530-3-8 1?2.219 = 3 87 35 27 89 28 86 98 82 46 65 17 84 32 25 23 62 8 
530-3-13 1?2.477 = 3 87 35 27 89 28 86 98 82 65 85 45 92 81 47 74 37 60 13 
530-3-14 1?2.477 = 3 87 35 27 89 28 86 98 82 46 72 48 61 39 67 22 75 26 14 
530-3-9 1?2.626 = 3 87 35 27 96 89 28 86 98 82 65 46 38 85 17 84 32 31 91 18 9 
530-3-10 1?2.678 = 3 87 35 27 89 28 86 98 82 65 46 38 45 92 81 47 34 51 36 19 10 
530-3-12 1?2.337 = 3 87 35 27 89 28 86 98 82 65 85 45 92 81 34 70 63 20 99 12 
530-3-15 1?2.472 = 3 87 35 27 89 28 86 98 82 46 72 48 39 67 56 42 16 15 
530-5-6 1?1.845 = 5 50 88 64 28 86 98 82 65 17 77 54 78 66 6 
530-4-6 1?1.705 = 4 71 96 89 28 86 98 82 65 17 77 54 78 66 6 
530-4-7 1?1.993 = 4 71 96 89 28 86 98 82 46 65 17 84 32 25 73 7 
530-4-11 1?2.232 = 4 71 96 89 28 86 98 82 65 85 45 92 81 47 34 70 63 20 11 
530-4-8 1?2.197 = 4 71 96 89 28 86 98 82 46 65 17 77 84 32 25 23 62 8 
530-4-13 1?2.249 = 4 71 96 89 28 86 98 82 65 85 45 92 81 47 74 37 60 13 
530-4-14 1?2.269 = 4 71 96 89 28 86 98 82 65 85 45 92 61 39 67 22 75 26 14 
530-4-9 1?2.483 = 4 71 96 89 28 86 98 82 65 46 38 85 32 84 17 77 25 23 62 9 
530-4-10 1?2.507 = 4 71 96 89 28 86 98 82 65 46 38 85 45 92 81 47 34 51 36 19 10 
530-4-12 1?2.124 = 4 71 96 89 28 86 98 82 65 85 45 92 81 34 70 63 20 99 97 12 
530-4-15 1?2.281 = 4 71 96 89 28 86 98 82 46 72 48 61 39 67 56 42 16 15 
530-6-8 1?1.94 = 6 50 88 64 28 86 98 82 65 17 77 25 23 62 8 
530-6-7 1?1.989 = 6 50 88 64 28 86 98 82 65 17 84 32 25 73 7 
530-5-7 1?2.122 = 5 50 88 64 89 28 86 98 82 65 17 84 32 25 73 7 
530-5-8 1?2.12 = 5 50 88 64 89 28 86 98 82 65 17 84 32 25 23 62 8 
530-5-10 1?2.338 = 5 50 88 64 89 28 86 98 82 46 65 17 84 32 31 91 18 10 
530-5-9 1?2.296 = 5 50 88 64 89 28 86 98 82 65 17 84 32 25 23 62 9 
530-5-11 1?2.306 = 5 89 28 86 98 82 65 46 38 85 45 92 81 47 34 70 63 20 11 
530-5-13 1?2.276 = 5 89 28 86 98 82 65 85 45 92 81 47 34 70 63 37 60 13 
530-5-14 1?2.286 = 5 89 28 86 98 82 65 46 38 45 92 61 39 67 22 75 26 14 
530-5-15 1?2.318 = 5 89 28 86 98 82 65 46 38 45 92 61 39 67 56 42 16 15 
530-5-12 1?2.217 = 5 89 28 86 98 82 65 46 38 85 45 92 81 47 34 70 63 20 99 97 12 
530-7-8 1?2.192 = 7 66 88 64 28 86 98 82 65 17 77 25 23 62 8 
530-6-10 1?2.194 = 6 50 88 64 89 28 86 98 82 65 17 84 32 31 91 18 10 
530-7-10 1?2.419 = 7 66 50 88 64 28 86 98 82 65 17 84 32 31 91 18 10 
530-6-9 1?2.163 = 6 50 88 64 28 86 98 82 65 17 84 32 25 23 62 9 
530-7-9 1?2.393 = 7 66 50 88 64 28 86 98 82 65 17 84 32 31 91 18 9 
530-7-11 1?2.41 = 7 73 77 17 84 32 55 51 81 47 34 70 63 20 37 40 99 11 
530-6-11 1?2.366 = 6 50 88 64 86 98 82 65 46 38 45 92 81 47 34 70 63 20 11 
530-6-13 1?2.374 = 6 66 78 54 77 84 32 85 45 92 81 47 34 70 63 20 99 40 37 60 13 
530-6-14 1?2.442 = 6 50 88 64 28 86 98 82 65 46 38 45 92 61 39 67 22 75 26 14 
530-6-12 1?2.262 = 6 66 78 54 77 17 84 32 55 51 81 47 34 70 63 20 37 40 99 97 12 
530-6-15 1?2.474 = 6 50 88 64 28 86 98 82 65 46 38 45 92 61 39 67 56 42 16 15 
530-8-11 1?2.125 = 8 62 23 31 91 36 51 81 47 34 70 63 20 40 99 11 
530-8-10 1?2.338 = 8 62 23 25 32 84 17 65 46 38 45 55 51 36 19 10 
530-8-9 1?2.32 = 8 62 23 25 77 17 65 46 38 85 84 32 31 91 18 9 
530-8-12 1?1.801 = 8 62 23 31 91 36 51 81 47 34 70 63 20 99 97 12 
530-7-13 1?2.392 = 7 73 77 17 84 32 85 45 92 81 47 34 70 63 20 99 40 37 60 13 
530-8-13 1?2.237 = 8 62 23 31 91 36 51 81 47 34 70 63 20 99 97 40 37 60 13 
530-7-12 1?2.237 = 7 73 77 17 84 32 85 45 92 81 47 34 70 63 20 37 40 99 97 12 
530-7-14 1?2.53 = 7 73 77 84 32 85 45 55 51 36 34 81 47 61 39 67 22 75 26 14 
530-8-14 1?2.461 = 8 62 23 31 91 55 51 36 34 81 47 74 61 39 67 56 69 75 26 14 
530-7-15 1?2.575 = 7 73 77 17 84 32 55 36 34 81 47 74 61 39 67 56 42 16 15 
530-8-15 1?2.666 = 8 62 23 25 32 85 45 55 51 36 34 81 47 74 61 39 67 56 42 16 15 
530-9-10 1?2.455 = 9 18 91 31 32 84 17 65 46 38 85 45 55 51 36 19 10 
530-10-11 1?2.09 = 10 19 36 34 81 47 74 70 63 20 37 40 97 99 11 
530-9-11 1?2.196 = 9 18 31 91 36 51 81 47 34 70 63 20 37 40 99 11 
530-10-12 1?1.765 = 10 19 36 34 81 47 74 70 63 20 37 40 99 97 12 
530-9-12 1?1.892 = 9 18 36 34 81 47 74 70 63 20 37 40 99 97 12 
530-10-13 1?2.083 = 10 19 36 51 34 81 47 74 70 63 20 99 97 40 37 60 13 
530-9-13 1?2.248 = 9 18 31 91 36 51 81 47 34 70 63 20 99 97 40 37 60 13 
530-10-14 1?2.278 = 10 19 36 51 81 47 34 70 63 20 99 40 37 60 49 75 26 14 
530-9-14 1?2.448 = 9 18 91 31 55 51 36 34 81 47 74 61 39 67 56 69 75 26 14 
530-10-15 1?2.461 = 10 52 20 99 40 37 63 70 34 47 74 61 39 67 56 42 16 15 
530-9-15 1?2.726 = 9 18 91 31 32 85 45 55 51 36 34 81 47 74 61 39 67 56 42 16 15 
530-11-13 1?1.856 = 11 52 19 36 51 34 70 63 20 99 97 40 37 60 13 
530-12-13 1?1.614 = 12 97 99 20 63 70 34 81 47 61 39 67 22 49 13 
530-12-14 1?1.579 = 12 97 99 20 63 70 34 47 61 39 67 22 75 26 14 
530-13-14 1?1.76 = 13 60 37 40 99 20 63 70 34 81 47 74 22 75 14 
530-11-12 1?1.654 = 11 52 19 36 51 81 47 34 70 63 20 37 40 99 97 12 
530-13-15 1?1.8 = 13 60 37 20 63 70 34 47 61 39 67 56 42 16 15 
530-14-15 1?1.992 = 14 26 75 22 74 34 81 47 61 39 67 56 69 42 16 15 
530-12-15 1?1.611 = 12 97 99 20 63 70 34 47 61 39 67 56 42 16 15 
530-11-14 1?2.018 = 11 99 40 37 20 63 70 34 81 47 61 39 67 56 69 26 14 
530-11-15 1?2.104 = 11 99 40 37 20 63 70 34 81 47 61 39 67 56 69 42 16 15 
stop
