start
338-0-4 1?2.06 = 0 85 52 94 86 95 59 69 77 18 93 27 72 84 99 32 25 79 62 4 
338-0-1 1?2.204 = 0 52 85 67 94 86 95 59 77 18 69 70 74 60 97 1 
338-0-2 1?2.288 = 0 85 52 94 86 95 59 77 18 93 27 72 84 99 63 35 53 2 
338-0-6 1?2.382 = 0 85 52 94 86 95 59 69 77 18 93 27 84 99 72 20 78 29 39 41 6 
338-0-7 1?2.432 = 0 85 52 94 86 95 59 69 77 18 93 27 84 99 72 78 20 29 39 41 81 42 7 
338-0-11 1?2.403 = 0 52 85 67 92 36 37 31 83 30 51 23 34 22 56 57 66 71 68 11 
338-0-8 1?2.463 = 0 85 52 94 86 95 59 77 18 93 27 72 20 78 29 39 81 42 47 8 
338-0-10 1?2.501 = 0 52 85 67 92 36 37 31 83 30 51 98 23 34 22 56 66 57 48 40 10 
338-0-3 1?2.097 = 0 85 52 94 86 95 59 77 18 93 27 72 84 99 63 53 35 3 
338-0-5 1?2.193 = 0 85 52 94 86 95 59 69 18 93 27 84 99 72 78 20 96 49 76 17 5 
338-0-9 1?2.599 = 0 85 52 94 86 95 59 77 18 93 27 72 20 78 28 21 45 55 46 9 
338-0-14 1?2.294 = 0 67 85 52 94 86 95 59 77 65 89 44 64 36 90 14 
338-0-15 1?2.272 = 0 67 85 52 94 86 95 59 77 65 89 44 64 36 90 15 
338-1-3 1?1.957 = 1 60 74 95 59 77 18 93 27 72 84 99 63 53 35 3 
338-0-13 1?2.129 = 0 85 67 92 36 64 37 31 83 30 51 98 23 34 87 82 13 
338-1-2 1?2.073 = 1 97 60 74 95 59 77 18 93 27 72 84 99 63 70 2 
338-0-12 1?2.14 = 0 52 85 67 92 36 64 37 31 83 30 51 98 23 34 22 16 73 12 
338-1-4 1?1.925 = 1 60 74 95 59 77 18 93 27 72 84 99 32 25 43 79 62 4 
338-1-6 1?2.242 = 1 60 74 95 59 69 77 18 93 27 84 99 72 20 78 29 39 41 6 
338-1-5 1?2.06 = 1 97 60 74 95 59 77 18 93 27 72 84 99 32 49 96 76 17 75 5 
338-1-7 1?2.271 = 1 60 74 95 59 69 77 18 93 27 84 72 78 20 29 39 41 81 42 7 
338-1-8 1?2.488 = 1 60 74 95 59 77 18 93 27 84 99 72 20 78 29 39 41 81 42 47 8 
338-1-14 1?2.262 = 1 97 60 74 95 59 69 77 65 89 44 33 64 36 90 14 
338-2-4 1?1.681 = 2 70 69 59 77 18 93 27 72 84 99 32 25 79 43 4 
338-2-3 1?1.948 = 2 70 69 59 77 18 93 27 72 84 99 32 25 79 62 3 
338-1-11 1?2.38 = 1 52 85 67 92 36 37 31 83 30 51 98 23 34 22 56 66 71 68 11 
338-2-6 1?2.133 = 2 70 69 59 77 18 93 27 72 84 99 32 96 49 76 17 75 61 6 
338-1-10 1?2.524 = 1 60 74 95 89 44 33 83 30 51 98 23 34 22 56 66 48 40 10 
338-2-5 1?1.976 = 2 70 69 59 77 18 93 27 84 99 72 78 20 96 49 76 17 75 5 
338-1-9 1?2.459 = 1 60 74 95 59 77 18 93 27 72 20 78 28 21 45 55 46 9 
338-1-15 1?2.24 = 1 97 60 74 95 59 69 77 65 89 44 33 64 36 90 15 
338-1-13 1?2.38 = 1 60 74 70 69 59 77 65 89 44 33 83 30 98 51 87 82 13 
338-1-12 1?2.25 = 1 60 97 52 85 67 92 36 37 31 83 30 51 98 23 34 16 73 12 
338-3-4 1?1.696 = 3 35 53 70 69 59 77 18 93 27 84 99 32 25 79 4 
338-2-14 1?2.632 = 2 70 69 59 77 18 93 50 91 80 65 89 44 33 64 36 90 14 
338-2-11 1?2.476 = 2 70 69 59 77 89 44 33 83 30 51 98 23 34 22 56 66 71 68 11 
338-3-5 1?1.803 = 3 35 63 69 59 77 18 93 27 72 84 99 32 96 49 76 17 5 
338-2-10 1?2.625 = 2 70 69 59 77 89 44 33 83 30 51 23 34 22 56 66 68 71 10 
338-2-7 1?2.243 = 2 70 69 59 77 18 93 27 84 99 72 20 78 29 39 41 81 42 47 7 
338-2-8 1?2.373 = 2 70 69 59 77 18 93 27 84 99 72 20 78 29 39 41 81 42 47 8 
338-2-9 1?2.473 = 2 70 69 59 77 18 93 27 72 84 99 20 78 28 21 45 55 46 9 
338-2-13 1?2.582 = 2 74 60 97 94 52 85 67 92 36 64 37 31 83 30 98 51 87 82 13 
338-2-15 1?2.53 = 2 70 69 59 77 18 93 27 72 50 91 80 65 89 44 92 15 
338-2-12 1?2.339 = 2 70 69 59 77 18 65 89 44 33 83 30 51 98 23 34 16 73 12 
338-3-6 1?1.94 = 3 35 53 70 59 77 18 93 27 84 99 32 49 96 61 6 
338-4-5 1?1.497 = 4 62 79 25 32 99 84 27 72 78 20 96 49 76 17 5 
338-3-11 1?2.453 = 3 35 53 70 69 59 77 89 44 33 83 30 51 98 23 34 22 68 71 11 
338-3-10 1?2.618 = 3 35 53 70 69 59 77 89 44 33 83 30 51 98 23 34 22 68 71 10 
338-3-8 1?2.362 = 3 35 53 70 69 59 77 18 93 27 72 78 20 29 39 41 81 42 47 8 
338-3-14 1?2.657 = 3 35 53 63 99 84 27 72 20 78 50 91 80 65 89 44 92 90 14 
338-3-7 1?2.15 = 3 35 53 70 69 59 77 18 93 27 84 99 72 20 78 29 39 81 42 7 
338-3-9 1?2.519 = 3 35 53 70 69 59 77 18 93 27 84 99 72 20 78 28 45 55 46 9 
338-3-13 1?2.564 = 3 35 53 70 69 59 77 65 89 44 33 64 37 31 83 30 98 51 87 82 13 
338-3-15 1?2.475 = 3 35 63 99 84 72 27 93 18 77 69 59 95 86 94 52 85 67 15 
338-3-12 1?2.307 = 3 35 53 70 69 59 77 65 89 44 33 83 30 51 98 23 34 16 73 12 
338-4-7 1?1.613 = 4 79 25 32 99 84 27 72 20 78 29 39 41 81 42 7 
338-5-6 1?1.746 = 5 17 76 49 96 32 99 84 72 78 20 29 39 81 41 6 
338-4-6 1?1.709 = 4 43 79 25 76 49 96 32 99 84 72 20 78 29 61 6 
338-4-8 1?2.087 = 4 43 79 25 49 96 32 99 84 72 78 20 29 39 41 81 42 47 8 
338-4-10 1?2.449 = 4 43 79 25 32 99 84 27 72 20 78 50 91 21 45 55 46 26 10 
338-4-11 1?2.448 = 4 43 79 25 32 99 84 27 72 20 78 50 91 19 58 57 48 66 71 68 11 
338-4-14 1?2.385 = 4 43 79 25 76 49 96 32 99 84 72 27 93 18 65 89 44 92 90 14 
338-4-9 1?2.29 = 4 43 79 25 76 49 96 32 99 84 27 72 20 78 28 21 45 55 46 9 
338-4-13 1?2.407 = 4 62 79 25 32 99 84 72 27 93 65 89 44 33 83 30 51 87 82 13 
338-4-15 1?2.327 = 4 62 79 25 32 99 84 72 27 93 18 77 59 95 86 94 52 85 67 15 
338-4-12 1?2.38 = 4 79 25 32 99 84 72 27 93 65 89 44 33 83 30 51 23 34 16 73 12 
338-5-7 1?1.626 = 5 17 76 49 96 32 99 84 72 20 78 29 39 81 42 7 
338-6-7 1?1.834 = 6 61 96 49 32 99 84 27 72 78 20 29 39 81 42 7 
338-6-8 1?2.123 = 6 61 96 49 32 99 84 27 72 20 78 29 39 81 42 47 8 
338-5-8 1?1.959 = 5 17 76 49 96 32 99 84 72 20 78 29 39 41 81 42 47 8 
338-5-10 1?2.409 = 5 17 76 49 32 99 84 27 72 20 78 28 21 45 55 88 46 26 10 
338-5-11 1?2.368 = 5 17 76 49 96 32 99 84 72 27 50 91 19 58 57 48 66 71 68 11 
338-5-14 1?2.418 = 5 17 76 49 96 20 78 72 99 84 27 93 18 65 89 44 64 36 90 14 
338-5-9 1?2.188 = 5 17 76 49 96 32 99 84 27 72 20 78 28 21 45 55 88 46 9 
338-5-13 1?2.421 = 5 17 76 49 96 32 99 84 72 27 93 18 65 89 44 33 83 30 87 82 13 
338-5-15 1?2.358 = 5 17 76 49 96 32 99 84 72 27 93 18 77 59 95 86 94 52 85 67 15 
338-5-12 1?2.429 = 5 17 76 49 32 99 84 27 93 65 89 44 33 83 30 51 23 34 16 73 12 
338-7-8 1?2.111 = 7 42 81 39 29 20 78 50 91 21 45 55 24 47 8 
338-7-9 1?2.164 = 7 42 81 39 29 20 78 50 91 21 45 55 88 46 9 
338-7-10 1?2.439 = 7 42 81 41 39 24 55 45 88 38 57 66 56 68 71 48 40 10 
338-7-11 1?2.456 = 7 42 81 39 29 20 78 72 27 50 91 19 58 57 66 71 68 11 
338-6-9 1?2.256 = 6 61 96 49 32 99 84 72 27 50 91 21 45 55 46 9 
338-6-10 1?2.5 = 6 61 96 49 32 99 84 27 72 20 78 28 21 45 88 38 40 10 
338-6-11 1?2.562 = 6 61 96 49 32 99 84 27 72 20 78 28 21 19 58 57 66 71 68 11 
338-6-14 1?2.638 = 6 61 96 49 32 99 84 72 20 78 50 91 80 65 89 44 92 90 14 
338-6-13 1?2.631 = 6 61 96 49 32 99 84 72 27 93 18 65 89 44 33 83 30 51 87 82 13 
338-6-12 1?2.585 = 6 61 29 20 78 72 27 93 65 89 44 33 83 30 51 23 34 16 73 12 
338-6-15 1?2.649 = 6 41 39 29 20 78 72 99 84 27 93 18 77 59 95 86 94 52 85 67 15 
338-8-11 1?2.229 = 8 47 42 81 24 55 45 88 38 48 57 56 66 71 68 11 
338-8-10 1?2.394 = 8 47 42 81 41 39 24 55 88 38 57 66 56 68 71 10 
338-8-9 1?2.38 = 8 47 42 81 39 29 20 78 50 91 21 45 55 46 9 
338-8-14 1?2.698 = 8 46 88 38 57 66 56 22 34 23 51 30 83 31 37 64 36 90 14 
338-7-14 1?2.551 = 7 42 81 41 39 29 20 78 72 99 84 27 93 18 65 89 44 92 90 14 
338-8-13 1?2.76 = 8 46 88 38 48 57 66 56 22 34 23 98 51 30 83 31 37 87 82 13 
338-7-13 1?2.592 = 7 42 81 41 39 29 20 78 72 27 93 65 89 44 33 83 30 87 82 13 
338-8-12 1?2.603 = 8 47 42 81 41 39 24 55 88 38 48 57 56 66 71 68 16 73 12 
338-8-15 1?2.665 = 8 47 42 81 41 39 29 20 78 72 99 84 27 93 65 89 44 92 15 
338-7-12 1?2.472 = 7 42 81 41 39 24 55 45 88 38 48 57 56 66 71 68 22 16 73 12 
338-7-15 1?2.578 = 7 42 81 41 39 29 20 78 72 27 93 18 77 59 95 86 94 52 85 67 15 
338-10-11 1?2.204 = 10 40 48 57 66 56 22 34 23 98 51 87 54 73 16 68 11 
338-9-11 1?2.339 = 9 26 40 48 57 66 56 22 34 23 98 51 87 54 73 16 11 
338-9-10 1?2.473 = 9 26 38 19 58 83 30 51 23 34 22 56 66 48 40 10 
338-10-12 1?1.97 = 10 40 48 57 56 66 71 68 22 34 23 98 51 87 54 73 12 
338-10-13 1?2.287 = 10 40 48 57 56 66 71 68 22 34 23 98 51 30 83 31 87 82 13 
338-10-14 1?2.213 = 10 40 48 57 66 56 22 34 23 98 51 30 83 31 37 64 36 90 14 
338-9-13 1?2.428 = 9 26 40 48 57 66 56 22 34 23 98 51 30 83 31 37 87 82 13 
338-9-14 1?2.469 = 9 26 40 48 57 66 56 22 34 23 98 51 30 83 31 37 64 36 90 14 
338-9-12 1?2.079 = 9 26 40 48 57 66 56 22 34 23 98 51 87 82 54 73 12 
338-9-15 1?2.483 = 9 26 40 48 57 66 56 22 34 23 98 51 30 83 31 37 64 36 92 15 
338-10-15 1?2.331 = 10 40 48 57 66 56 22 34 23 98 51 30 83 31 37 64 36 92 90 15 
338-12-14 1?1.926 = 12 73 16 22 34 23 98 51 30 83 31 37 64 36 92 90 14 
338-13-14 1?2.103 = 13 54 73 16 22 34 23 98 51 30 83 31 37 64 36 90 14 
338-12-13 1?1.928 = 12 73 16 68 71 66 48 57 56 22 34 23 98 51 87 82 13 
338-11-14 1?1.997 = 11 68 71 66 56 22 34 23 98 51 30 83 31 37 64 36 90 14 
338-13-15 1?2.081 = 13 54 73 16 22 34 23 98 51 30 83 31 37 64 36 90 15 
338-14-15 1?2.313 = 14 82 54 73 16 34 23 98 51 30 83 31 37 64 36 90 15 
338-12-15 1?1.904 = 12 73 16 22 34 23 98 51 30 83 31 37 64 36 92 90 15 
338-11-13 1?1.946 = 11 68 71 48 57 66 56 22 34 23 51 98 83 30 87 82 13 
338-11-12 1?1.821 = 11 68 71 66 56 22 34 23 98 83 30 51 87 54 73 12 
338-11-15 1?1.975 = 11 68 71 66 56 22 34 23 98 51 30 83 31 37 64 36 90 15 
stop
