start
918-0-3 1?1.848 = 0 37 40 53 66 64 48 72 87 29 65 89 57 46 3 
918-0-4 1?2.006 = 0 37 40 53 66 64 48 31 35 69 43 58 50 77 26 4 
918-0-5 1?2.267 = 0 37 40 53 66 64 17 94 56 97 42 99 35 69 43 50 55 86 81 5 
918-0-1 1?1.943 = 0 37 40 53 66 64 48 72 30 89 46 65 29 87 20 1 
918-0-7 1?2.39 = 0 37 40 53 66 64 17 94 56 97 39 96 24 41 73 67 83 79 7 
918-0-11 1?2.259 = 0 37 40 53 66 64 17 94 56 97 39 49 96 85 33 51 16 59 18 11 
918-0-6 1?2.543 = 0 37 40 53 66 64 17 94 56 97 70 54 74 69 43 58 50 63 32 6 
918-0-8 1?2.421 = 0 37 40 53 66 64 17 94 56 97 39 96 24 21 41 73 60 34 71 75 8 
918-0-2 1?1.692 = 0 37 40 53 66 64 48 87 29 72 89 57 46 65 2 
918-0-10 1?2.373 = 0 37 40 53 66 64 17 94 56 97 70 39 49 96 85 33 16 27 62 68 44 10 
918-0-9 1?2.415 = 0 37 40 53 66 64 17 94 56 97 70 39 49 96 24 21 41 73 60 34 9 
918-0-12 1?2.082 = 0 37 40 53 66 64 17 94 56 88 28 82 52 92 18 12 
918-1-2 1?1.833 = 1 37 40 53 66 64 48 87 29 72 89 57 46 65 2 
918-0-13 1?1.97 = 0 37 40 53 66 64 17 94 56 97 88 82 28 95 90 13 
918-0-15 1?1.918 = 0 37 40 53 66 64 45 23 88 28 82 90 95 61 15 
918-1-3 1?1.913 = 1 20 37 40 53 66 64 48 87 29 72 30 89 57 46 3 
918-1-8 1?2.472 = 1 37 40 53 66 64 17 94 56 97 39 96 24 41 21 60 34 71 75 8 
918-1-4 1?2.063 = 1 20 87 29 72 30 89 57 47 19 43 58 50 77 26 4 
918-1-7 1?2.531 = 1 37 40 53 66 64 17 94 56 97 39 96 24 41 73 67 83 79 7 
918-0-14 1?1.715 = 0 37 40 53 66 64 17 94 56 88 28 82 90 95 22 14 
918-1-5 1?2.414 = 1 37 40 53 66 64 17 94 56 97 70 54 74 69 58 50 55 86 81 5 
918-1-6 1?2.623 = 1 20 37 40 53 66 64 17 94 56 97 70 54 91 98 84 78 79 38 6 
918-1-15 1?2.059 = 1 37 40 53 66 64 45 23 88 28 82 90 95 61 15 
918-1-14 1?2.188 = 1 37 40 53 66 64 48 17 94 56 97 88 82 28 90 95 22 14 
918-1-13 1?2.451 = 1 37 40 53 66 64 17 94 56 97 70 39 96 36 88 28 82 90 13 
918-1-12 1?2.415 = 1 20 37 40 53 66 64 17 94 56 97 39 49 96 85 33 16 59 92 12 
918-2-3 1?2.078 = 2 65 29 87 20 37 40 53 66 64 48 72 30 89 57 3 
918-2-4 1?2.012 = 2 65 29 87 72 89 57 47 19 43 58 50 77 26 4 
918-1-9 1?2.404 = 1 37 40 53 66 64 17 94 56 97 39 49 96 24 41 73 60 34 9 
918-2-5 1?1.92 = 2 65 29 87 72 30 89 57 47 77 26 55 32 86 81 5 
918-1-11 1?2.358 = 1 37 40 53 66 64 17 94 56 97 70 39 49 96 85 33 16 59 18 11 
918-1-10 1?2.468 = 1 20 37 40 53 66 64 17 94 56 97 70 39 49 96 85 33 27 62 68 44 10 
918-2-6 1?2.588 = 2 65 46 57 89 30 19 43 50 58 69 74 91 98 84 78 83 79 38 6 
918-2-15 1?2.002 = 2 65 46 57 89 30 72 29 87 20 37 40 53 66 45 15 
918-2-13 1?2.401 = 2 65 29 87 20 37 40 53 66 64 17 94 56 88 82 28 95 90 13 
918-2-14 1?2.245 = 2 65 46 57 89 30 72 29 87 20 37 40 53 66 64 45 23 61 14 
918-3-4 1?2.249 = 3 46 65 29 87 72 89 57 30 19 43 58 50 77 26 4 
918-2-12 1?2.556 = 2 65 29 87 20 37 40 53 66 64 48 17 94 56 88 82 52 92 12 
918-3-5 1?2.025 = 3 46 65 29 87 72 30 89 57 47 77 26 55 86 81 5 
918-2-7 1?2.547 = 2 65 46 57 89 30 19 43 50 58 69 74 91 98 84 78 79 83 80 93 7 
918-2-8 1?2.518 = 2 65 46 57 89 30 19 43 58 50 76 98 67 73 41 21 60 34 71 75 8 
918-2-9 1?2.595 = 2 65 89 30 19 43 69 35 99 42 70 39 49 96 24 73 41 21 60 34 9 
918-2-11 1?2.495 = 2 65 89 30 19 43 50 58 69 74 54 70 39 49 96 85 33 16 59 18 11 
918-2-10 1?2.634 = 2 65 89 30 19 43 50 58 69 35 74 54 70 39 49 96 85 33 27 62 68 44 10 
918-3-7 1?2.192 = 3 46 57 89 30 19 43 58 50 76 98 84 78 83 79 7 
918-3-15 1?2.333 = 3 46 57 89 30 72 29 87 20 37 40 53 66 64 45 23 61 15 
918-3-13 1?2.537 = 3 46 65 29 87 20 37 40 53 66 64 17 94 56 88 28 82 90 13 
918-3-14 1?2.376 = 3 57 89 30 72 29 87 20 37 40 53 66 64 45 23 95 90 22 14 
918-3-8 1?2.482 = 3 46 57 89 30 19 43 58 50 76 98 67 73 41 21 60 34 71 75 8 
918-4-5 1?2.313 = 4 26 77 47 19 43 50 58 69 35 74 76 63 32 86 81 5 
918-3-9 1?2.586 = 3 46 57 89 30 19 43 50 58 69 35 74 91 98 67 73 41 21 60 34 9 
918-3-12 1?2.648 = 3 57 89 30 19 43 50 58 69 35 99 42 70 39 96 85 33 16 59 92 12 
918-3-6 1?2.321 = 3 46 57 89 30 47 77 26 55 63 84 78 83 79 38 6 
918-3-10 1?2.616 = 3 46 89 30 19 43 50 58 69 74 54 70 39 49 96 85 33 27 62 68 44 10 
918-3-11 1?2.63 = 3 46 57 89 30 19 43 50 58 69 74 54 70 39 49 96 85 33 16 59 18 11 
918-4-7 1?2.206 = 4 26 77 50 58 69 74 91 98 84 78 79 83 80 93 7 
918-4-15 1?2.444 = 4 26 77 47 57 89 30 72 29 87 20 37 40 53 66 64 45 15 
918-4-14 1?2.342 = 4 26 77 50 58 43 69 35 99 42 97 56 88 28 82 90 95 22 14 
918-4-13 1?2.616 = 4 26 77 50 58 43 69 35 99 42 70 97 56 88 28 82 90 95 22 13 
918-4-8 1?2.411 = 4 26 77 50 58 43 69 74 91 98 67 73 41 21 60 34 71 75 8 
918-4-9 1?2.433 = 4 26 77 50 58 69 74 54 70 39 49 96 24 41 21 60 34 9 
918-5-6 1?2.257 = 5 81 86 26 77 50 43 69 74 91 98 84 78 79 38 6 
918-4-6 1?2.326 = 4 26 77 50 58 43 69 74 91 98 84 78 83 79 38 6 
918-4-10 1?2.499 = 4 26 77 50 58 43 69 35 99 42 70 39 49 96 85 33 27 62 68 44 10 
918-4-11 1?2.453 = 4 26 77 50 58 43 69 35 99 42 70 39 49 96 85 33 16 59 18 11 
918-4-12 1?2.755 = 4 26 77 50 58 43 69 35 99 42 70 39 49 96 85 33 27 16 59 18 92 12 
918-6-8 1?2.119 = 6 38 7 93 79 78 84 83 67 73 41 21 60 34 71 75 8 
918-5-7 1?2.128 = 5 81 86 26 77 50 76 98 84 78 79 83 80 93 7 
918-5-8 1?2.002 = 5 81 86 32 84 78 83 67 73 41 21 60 34 71 75 8 
918-6-7 1?2.154 = 6 38 79 78 84 67 73 41 21 60 34 71 75 80 93 7 
918-5-9 1?2.332 = 5 81 86 26 77 50 58 43 69 74 91 98 67 73 41 21 34 9 
918-5-12 1?2.525 = 5 81 86 26 77 50 58 69 74 54 70 39 49 96 85 33 16 59 92 12 
918-5-15 1?2.504 = 5 81 86 26 77 47 57 89 72 29 87 20 37 40 53 66 64 45 15 
918-5-14 1?2.393 = 5 81 86 55 50 58 43 69 74 54 70 97 56 88 28 82 90 95 22 14 
918-5-13 1?2.617 = 5 81 86 26 55 50 43 69 35 99 42 70 97 56 88 82 28 95 90 13 
918-5-10 1?2.434 = 5 81 86 26 77 50 58 69 74 54 70 39 49 96 85 27 62 68 44 10 
918-5-11 1?2.437 = 5 81 86 26 77 50 58 69 74 54 70 39 49 96 85 33 16 59 18 11 
918-6-9 1?2.243 = 6 38 79 83 67 73 60 21 41 24 62 68 25 34 9 
918-7-10 1?1.908 = 7 93 80 83 79 78 84 67 73 60 41 21 62 68 44 10 
918-7-8 1?1.998 = 7 93 79 83 78 84 98 67 73 41 21 60 34 71 8 
918-7-9 1?1.946 = 7 93 80 83 79 78 84 98 67 73 41 21 60 34 9 
918-6-13 1?2.615 = 6 38 79 83 67 73 60 21 41 24 85 96 39 36 88 82 90 13 
918-6-12 1?2.585 = 6 38 79 83 67 73 60 21 41 24 85 33 27 16 51 59 18 92 12 
918-6-15 1?2.719 = 6 38 79 83 67 73 60 41 21 24 96 49 39 97 56 94 17 45 15 
918-7-11 1?2.268 = 7 93 79 83 67 73 60 21 41 24 85 33 27 16 51 59 18 11 
918-6-10 1?2.503 = 6 38 79 83 67 73 60 21 41 24 96 85 33 16 27 62 68 44 10 
918-6-14 1?2.612 = 6 38 79 83 67 73 41 21 24 49 96 39 36 88 28 82 90 95 22 14 
918-6-11 1?2.543 = 6 38 79 83 67 73 60 21 41 24 49 96 85 33 51 16 59 18 11 
918-8-9 1?2.091 = 8 75 71 34 60 73 41 24 85 33 16 27 62 68 25 9 
918-8-10 1?1.911 = 8 75 80 79 78 84 83 67 73 60 41 21 62 68 44 10 
918-8-11 1?2.126 = 8 75 80 79 83 67 73 60 21 41 24 85 33 16 59 18 11 
918-8-12 1?2.423 = 8 75 71 34 60 73 41 21 24 49 96 85 33 27 16 59 18 92 12 
918-7-13 1?2.483 = 7 79 83 67 73 60 21 41 24 96 39 36 88 82 28 95 90 13 
918-8-13 1?2.468 = 8 75 71 34 60 73 41 21 24 96 49 39 97 56 88 82 28 90 13 
918-7-12 1?2.503 = 7 79 83 67 73 60 21 41 24 49 96 85 33 27 16 59 18 92 12 
918-7-14 1?2.426 = 7 79 83 67 73 60 21 41 24 96 39 36 88 82 28 90 95 22 14 
918-8-14 1?2.365 = 8 75 71 34 60 73 41 21 24 96 49 39 36 88 28 82 90 95 22 14 
918-7-15 1?2.609 = 7 79 83 67 73 60 41 21 24 96 49 39 70 97 56 94 17 45 15 
918-8-15 1?2.67 = 8 75 71 34 60 73 41 21 24 96 49 39 36 88 28 82 90 95 22 61 15 
918-9-10 1?1.978 = 9 34 60 21 41 73 67 24 85 33 16 27 62 68 44 10 
918-10-13 1?2.118 = 10 44 68 62 27 16 33 85 96 49 39 36 88 28 82 90 13 
918-10-12 1?2.113 = 10 44 68 62 21 41 60 73 24 85 33 27 16 59 92 12 
918-9-11 1?1.977 = 9 34 60 73 41 21 24 49 96 85 33 16 59 18 11 
918-10-11 1?2.008 = 10 44 68 62 21 60 73 41 24 85 33 27 16 59 18 11 
918-9-12 1?2.304 = 9 34 60 73 41 21 24 85 96 49 39 36 51 16 59 92 12 
918-9-13 1?2.352 = 9 34 60 73 41 21 24 96 39 70 97 56 88 28 82 90 13 
918-10-14 1?2.245 = 10 44 68 62 27 33 85 96 49 70 97 56 88 28 82 90 95 22 14 
918-10-15 1?2.508 = 10 44 68 62 27 85 96 49 39 70 97 56 88 82 28 90 95 61 15 
918-9-14 1?2.295 = 9 34 60 73 41 21 24 85 96 49 39 36 88 28 82 90 95 22 14 
918-9-15 1?2.574 = 9 34 60 21 41 24 85 96 49 39 97 56 88 28 82 90 95 61 15 
918-11-12 1?2.13 = 11 18 59 16 33 85 96 49 39 36 88 28 82 52 92 12 
918-12-14 1?2.064 = 12 92 59 16 33 85 96 49 39 36 88 28 82 90 22 14 
918-13-14 1?2.217 = 13 52 51 16 33 96 49 39 36 88 28 82 90 95 22 14 
918-11-13 1?2.102 = 11 18 59 16 33 85 96 49 39 97 56 88 28 82 90 13 
918-14-15 1?2.106 = 14 22 95 90 82 28 88 56 94 17 64 66 53 40 37 0 15 
918-12-13 1?2.185 = 12 92 59 16 33 85 96 49 39 97 56 88 82 90 13 
918-12-15 1?2.342 = 12 92 59 16 27 85 96 39 36 88 28 82 90 95 61 15 
918-13-15 1?2.418 = 13 90 82 28 88 36 96 39 70 97 56 94 17 64 66 15 
918-11-14 1?2.213 = 11 18 59 16 33 96 49 39 70 97 56 88 28 82 90 95 22 14 
918-11-15 1?2.492 = 11 18 59 16 33 85 96 49 39 97 56 88 82 28 90 95 22 61 15 
stop
