start
242-0-2 1?2.099 = 0 63 80 94 29 76 92 20 28 98 38 93 43 61 2 
242-0-1 1?1.997 = 0 91 96 54 25 63 76 92 20 28 98 38 93 84 49 1 
242-0-4 1?2.113 = 0 91 96 54 25 49 84 38 93 64 75 26 56 88 18 79 73 57 4 
242-0-5 1?2.392 = 0 91 96 54 25 49 84 38 93 64 75 26 34 56 88 18 79 73 72 17 5 
242-0-10 1?2.499 = 0 91 96 54 25 49 84 93 64 75 26 34 50 67 69 55 70 47 40 39 10 
242-0-11 1?2.473 = 0 91 96 54 25 49 84 38 93 64 75 26 34 50 83 46 81 53 68 66 11 
242-0-3 1?1.941 = 0 96 91 25 49 84 38 93 64 75 88 18 35 16 22 3 
242-0-9 1?2.37 = 0 96 91 25 49 84 93 64 75 26 34 50 67 69 70 47 40 39 45 9 
242-0-8 1?2.472 = 0 91 96 54 25 49 84 38 93 64 75 26 34 50 67 69 55 62 59 32 8 
242-0-6 1?2.543 = 0 96 91 25 49 84 38 93 64 75 26 34 56 88 18 35 73 72 17 58 6 
242-0-7 1?2.605 = 0 96 91 25 49 84 38 93 64 75 26 34 50 83 67 87 30 41 48 52 7 
242-1-2 1?2.021 = 1 54 96 91 63 76 92 20 28 98 38 93 61 43 2 
242-1-3 1?2.085 = 1 54 25 49 84 38 93 64 75 26 56 88 18 35 16 22 3 
242-0-15 1?1.557 = 0 96 91 63 20 76 92 78 95 19 29 94 80 23 15 
242-0-14 1?1.563 = 0 91 96 54 25 63 76 92 78 95 29 19 21 33 14 
242-1-4 1?2.31 = 1 54 96 91 25 49 84 38 93 64 75 26 56 88 18 79 73 57 4 
242-0-13 1?1.51 = 0 96 91 63 20 76 92 78 95 19 21 74 77 13 
242-1-6 1?2.505 = 1 49 84 38 93 64 75 26 34 50 67 69 87 30 41 86 97 58 6 
242-0-12 1?2.193 = 0 96 91 63 20 92 76 94 29 78 95 19 21 33 74 77 42 12 
242-1-7 1?2.62 = 1 49 84 38 93 64 75 26 34 50 67 69 55 62 59 85 30 41 48 52 7 
242-1-5 1?2.391 = 1 54 96 91 25 49 84 38 93 64 75 26 56 88 18 35 73 72 17 5 
242-1-8 1?2.641 = 1 49 84 38 93 64 75 26 34 50 83 67 69 87 55 62 59 85 65 31 8 
242-1-14 1?1.662 = 1 54 25 96 91 63 76 92 78 95 29 19 21 33 14 
242-1-15 1?1.707 = 1 54 25 96 91 63 76 92 78 95 19 29 94 80 23 15 
242-2-3 1?1.985 = 2 43 61 84 38 93 64 75 26 56 88 18 35 16 22 3 
242-2-4 1?2.002 = 2 43 61 84 38 93 64 75 26 56 88 18 79 73 57 4 
242-1-12 1?2.167 = 1 54 25 96 91 63 20 76 92 78 95 19 21 74 77 42 12 
242-2-6 1?2.323 = 2 43 61 84 38 93 64 75 26 56 88 18 35 73 72 17 58 6 
242-1-13 1?2.088 = 1 49 84 93 38 98 28 20 76 92 78 95 29 19 21 33 74 77 13 
242-1-11 1?2.565 = 1 54 25 96 91 63 76 92 78 95 29 19 21 74 77 42 99 66 11 
242-2-5 1?2.238 = 2 43 61 84 38 93 64 75 26 34 56 88 18 35 73 72 17 5 
242-1-10 1?2.534 = 1 49 84 38 93 64 75 26 34 50 67 69 55 59 62 70 47 40 39 36 10 
242-1-9 1?2.444 = 1 49 84 38 93 64 75 26 34 50 67 69 55 59 62 70 47 40 39 45 9 
242-2-15 1?1.74 = 2 43 61 93 38 98 28 20 76 92 29 94 80 23 15 
242-3-4 1?2.211 = 3 44 43 61 84 38 93 64 75 26 56 88 18 35 57 4 
242-2-14 1?2.017 = 2 43 61 49 84 93 38 98 28 20 76 92 78 29 19 21 33 14 
242-3-5 1?2.289 = 3 44 43 61 84 38 93 64 75 26 56 88 18 79 17 5 
242-2-12 1?2.182 = 2 43 61 93 38 98 28 20 76 92 78 95 19 21 74 42 12 
242-2-13 1?1.979 = 2 43 61 84 93 38 98 28 20 76 92 78 29 19 21 74 77 13 
242-2-7 1?2.435 = 2 43 61 84 38 93 64 75 26 34 50 67 69 87 30 41 48 7 
242-2-11 1?2.689 = 2 43 61 84 93 38 98 28 20 76 92 78 29 19 21 74 89 99 66 11 
242-2-8 1?2.434 = 2 43 61 93 38 64 75 26 34 50 67 69 55 62 59 85 65 31 8 
242-2-9 1?2.436 = 2 43 61 93 64 75 26 34 50 67 69 55 59 62 70 27 47 40 39 45 9 
242-2-10 1?2.596 = 2 43 61 93 38 64 75 26 34 50 67 69 55 59 62 70 27 47 40 39 36 10 
242-3-15 1?1.941 = 3 44 75 64 93 38 98 28 20 92 76 63 80 23 15 
242-3-6 1?2.368 = 3 22 16 57 73 72 17 58 97 86 41 65 48 52 6 
242-4-5 1?2.47 = 4 57 35 18 88 56 34 50 67 87 30 41 86 97 17 5 
242-3-14 1?2.316 = 3 44 75 64 93 38 98 28 20 63 76 92 78 95 29 19 21 33 14 
242-3-13 1?2.252 = 3 44 75 64 93 38 98 28 20 76 92 78 29 19 21 33 74 77 13 
242-3-7 1?2.489 = 3 22 16 35 18 88 56 34 50 67 69 87 85 30 41 48 52 7 
242-3-12 1?2.513 = 3 44 75 64 93 38 98 28 20 76 92 78 29 19 21 74 77 42 12 
242-3-11 1?2.81 = 3 22 16 57 51 72 73 35 18 88 56 34 50 83 67 46 81 53 68 66 11 
242-3-10 1?2.555 = 3 22 16 35 18 88 56 34 50 67 69 55 59 62 70 27 47 40 39 36 10 
242-3-9 1?2.403 = 3 22 16 35 18 88 56 34 50 67 69 55 59 62 70 47 40 39 45 9 
242-3-8 1?2.539 = 3 22 16 35 18 88 56 34 50 83 67 87 55 62 59 85 65 31 8 
242-5-6 1?2.439 = 5 72 73 35 18 88 56 34 50 67 69 87 30 97 58 6 
242-4-6 1?2.285 = 4 57 35 18 88 56 34 50 67 87 30 41 86 97 58 6 
242-4-7 1?2.281 = 4 57 73 51 72 17 58 97 86 41 30 85 65 48 52 7 
242-4-15 1?2.325 = 4 57 73 35 18 88 56 26 75 64 93 38 98 28 20 92 76 80 23 15 
242-4-14 1?2.386 = 4 57 35 18 88 56 34 50 83 37 90 71 24 95 78 29 19 21 33 14 
242-4-11 1?2.75 = 4 57 35 18 88 56 34 50 67 69 55 59 62 70 27 47 40 39 36 82 11 
242-4-13 1?2.423 = 4 57 73 35 75 64 93 38 98 28 20 76 92 78 29 19 21 74 77 13 
242-4-12 1?2.649 = 4 57 35 18 88 56 34 50 83 37 90 71 24 95 19 21 74 77 42 12 
242-4-10 1?2.523 = 4 57 35 18 88 56 34 50 83 67 69 55 59 62 70 27 47 40 39 36 10 
242-4-9 1?2.371 = 4 57 35 18 88 56 34 50 83 67 69 55 59 62 70 47 40 39 45 9 
242-4-8 1?2.534 = 4 57 73 35 18 88 56 34 50 83 67 69 87 55 62 59 65 31 8 
242-5-7 1?2.329 = 5 72 73 35 18 88 56 34 50 67 69 87 30 41 48 7 
242-6-7 1?2.232 = 6 58 97 86 41 30 85 59 62 70 47 40 39 45 27 32 31 7 
242-6-8 1?1.963 = 6 58 97 86 41 30 85 59 62 55 70 47 40 39 45 27 32 8 
242-5-15 1?2.405 = 5 17 79 18 88 56 26 75 64 93 38 98 28 20 92 76 94 80 23 15 
242-5-14 1?2.469 = 5 17 72 73 35 75 64 93 38 98 28 20 76 92 78 29 19 21 33 14 
242-5-11 1?2.654 = 5 17 58 97 86 48 41 30 85 59 62 55 70 47 40 39 36 82 68 66 11 
242-5-13 1?2.504 = 5 72 73 35 18 88 56 34 50 83 37 90 71 24 95 29 19 21 74 77 13 
242-5-12 1?2.727 = 5 17 79 18 88 56 34 50 83 37 90 71 24 95 19 21 74 77 42 12 
242-5-8 1?2.474 = 5 17 58 97 86 41 30 85 59 62 55 70 47 40 39 45 27 32 31 8 
242-5-10 1?2.539 = 5 17 79 18 88 56 34 50 83 67 69 55 59 62 70 47 40 39 36 10 
242-5-9 1?2.386 = 5 17 58 97 86 48 41 65 85 30 87 59 62 55 70 47 40 39 45 9 
242-6-10 1?1.869 = 6 58 52 48 41 30 85 59 62 55 70 27 47 40 39 36 10 
242-7-10 1?1.964 = 7 52 48 86 41 30 85 65 59 62 55 70 47 40 39 36 10 
242-7-11 1?2.313 = 7 52 48 41 30 85 59 62 55 70 27 47 40 45 39 36 82 68 66 11 
242-7-9 1?1.874 = 7 52 48 86 41 30 85 65 59 62 55 70 47 40 39 45 9 
242-6-13 1?2.484 = 6 58 97 86 41 30 87 69 67 83 37 90 71 95 19 21 74 77 13 
242-6-9 1?1.761 = 6 58 97 86 41 65 85 59 62 55 70 27 47 40 39 45 9 
242-6-14 1?2.544 = 6 58 97 86 41 30 87 69 67 50 83 37 90 71 24 95 19 21 33 14 
242-7-8 1?2.104 = 7 52 48 86 41 65 85 59 62 55 70 47 40 39 45 27 32 8 
242-6-11 1?2.532 = 6 58 97 86 48 41 30 85 65 59 62 55 70 47 40 39 36 82 68 66 11 
242-6-15 1?2.556 = 6 58 97 86 41 30 87 67 50 83 37 90 71 95 78 92 76 80 23 15 
242-6-12 1?2.796 = 6 58 52 48 41 30 85 59 62 55 70 27 47 40 45 39 36 82 68 66 99 12 
242-8-11 1?2.047 = 8 31 65 85 59 62 55 70 27 47 40 39 36 82 68 66 11 
242-8-10 1?2.226 = 8 31 65 41 30 85 87 59 62 55 70 47 40 39 36 82 10 
242-8-12 1?2.572 = 8 31 65 85 59 62 55 70 27 47 40 39 36 82 68 53 81 89 99 12 
242-8-9 1?2.228 = 8 31 7 52 48 41 30 85 65 59 62 55 70 47 40 39 45 9 
242-7-12 1?2.492 = 7 52 48 41 30 85 59 62 55 70 27 47 40 45 39 36 82 68 66 12 
242-8-14 1?2.459 = 8 31 65 85 59 62 55 69 67 83 37 90 71 24 95 29 19 21 33 14 
242-7-13 1?2.467 = 7 52 48 41 30 87 69 67 83 37 90 71 24 95 19 21 74 77 13 
242-7-14 1?2.553 = 7 52 48 41 30 87 69 67 83 37 90 71 24 95 78 29 19 21 33 14 
242-8-13 1?2.407 = 8 32 59 62 55 69 67 50 83 37 90 71 24 95 19 21 74 77 13 
242-8-15 1?2.496 = 8 31 65 85 59 62 55 69 67 83 37 90 71 24 95 78 92 76 80 23 15 
242-7-15 1?2.592 = 7 52 48 41 30 85 87 69 67 83 37 90 71 24 95 78 92 76 80 23 15 
242-10-11 1?2.118 = 10 36 39 40 47 70 55 62 59 87 69 46 81 53 68 66 11 
242-10-13 1?2.103 = 10 82 68 53 81 71 24 95 78 29 19 21 33 74 77 13 
242-9-11 1?2.062 = 9 45 39 40 47 70 62 59 55 69 46 81 53 68 82 66 11 
242-10-12 1?2.327 = 10 36 39 40 45 27 47 70 55 62 59 87 69 53 81 89 99 12 
242-9-10 1?2.08 = 9 45 39 40 47 70 55 62 59 87 69 46 81 53 68 82 10 
242-10-14 1?2.307 = 10 82 68 53 81 90 60 20 76 92 78 95 29 19 21 33 14 
242-9-12 1?2.545 = 9 45 39 40 47 70 69 67 83 37 90 71 95 19 21 74 42 12 
242-9-13 1?2.342 = 9 45 39 40 47 70 62 59 55 69 67 83 37 90 71 24 21 74 77 13 
242-9-14 1?2.345 = 9 45 39 40 47 70 62 59 55 69 67 83 37 90 71 95 19 21 33 14 
242-9-15 1?2.368 = 9 45 39 40 47 70 62 55 69 67 83 37 90 71 24 95 29 94 80 23 15 
242-10-15 1?2.47 = 10 36 39 40 47 70 62 59 55 69 67 83 37 90 71 95 29 94 80 23 15 
242-14-15 1?1.551 = 14 33 21 19 29 95 78 92 76 20 63 80 94 23 15 
242-13-15 1?1.471 = 13 77 74 21 19 29 95 78 92 76 63 80 94 23 15 
242-11-13 1?2.051 = 11 66 68 53 81 71 24 95 78 29 19 21 33 74 77 13 
242-13-14 1?1.564 = 13 77 74 33 21 19 95 29 78 92 76 63 80 94 14 
242-11-12 1?2.312 = 11 66 68 53 81 71 24 95 78 29 19 21 74 77 42 12 
242-12-13 1?2.066 = 12 42 74 21 19 29 95 78 92 76 80 94 14 33 77 13 
242-11-14 1?2.163 = 11 66 68 53 81 90 60 20 76 92 78 29 19 21 33 14 
242-12-14 1?1.893 = 12 42 77 74 33 21 19 29 95 78 92 76 63 80 94 14 
242-11-15 1?2.312 = 11 66 99 42 77 74 21 19 29 95 78 92 76 20 63 80 23 15 
242-12-15 1?2.066 = 12 42 77 74 33 21 19 29 95 78 92 76 20 63 80 94 23 15 
stop
