start
644-0-2 1?2.412 = 0 44 17 28 16 49 77 21 27 30 97 76 51 84 59 19 79 2 
644-0-5 1?2.19 = 0 67 84 51 30 27 96 29 37 98 66 52 86 58 38 42 90 22 23 5 
644-0-1 1?2.155 = 0 67 84 51 76 97 30 27 21 49 77 96 65 50 19 1 
644-0-8 1?2.4 = 0 84 51 30 27 96 29 37 98 66 52 41 34 89 81 95 39 85 20 8 
644-0-6 1?2.292 = 0 84 51 30 27 96 29 37 98 66 52 86 58 42 90 22 23 80 75 36 6 
644-0-10 1?2.771 = 0 84 51 30 27 96 29 37 98 66 52 41 34 89 95 73 25 43 45 10 
644-0-7 1?2.466 = 0 67 84 59 50 51 30 27 96 29 37 98 66 52 41 34 40 61 71 64 7 
644-0-9 1?2.524 = 0 84 51 30 27 96 29 37 98 66 52 41 34 89 81 95 73 25 24 9 
644-0-4 1?2.207 = 0 84 51 30 27 96 29 37 98 66 52 86 58 42 90 54 56 4 
644-0-11 1?2.894 = 0 67 84 59 51 76 97 30 27 21 77 96 29 37 55 32 83 31 11 
644-0-3 1?2.429 = 0 67 84 59 50 51 76 97 30 27 21 49 77 96 65 69 68 3 
644-1-4 1?2.014 = 1 19 79 50 69 63 93 94 58 42 90 22 23 54 56 4 
644-0-14 1?2.122 = 0 67 84 59 51 50 65 27 30 76 97 17 92 74 99 14 
644-0-13 1?2.266 = 0 67 84 59 19 79 50 51 76 97 17 28 92 74 99 13 
644-1-2 1?2.157 = 1 67 84 59 51 76 97 30 27 21 77 96 65 69 68 2 
644-1-3 1?2.171 = 1 67 84 59 51 76 97 30 27 21 77 96 65 69 68 3 
644-0-12 1?2.64 = 0 67 84 59 51 50 65 27 30 76 97 17 92 28 16 70 60 12 
644-0-15 1?2.104 = 0 67 84 59 51 50 65 27 30 76 97 17 28 92 62 15 
644-1-5 1?1.984 = 1 19 79 50 65 96 29 37 98 66 52 86 58 42 90 22 23 5 
644-1-7 1?2.383 = 1 19 50 65 29 37 98 66 52 86 58 42 90 22 23 33 80 75 36 64 7 
644-1-6 1?2.148 = 1 19 50 65 29 37 98 66 52 86 58 42 90 22 23 33 80 75 36 6 
644-1-8 1?2.333 = 1 19 79 50 65 96 29 37 98 66 52 41 34 89 81 95 39 85 20 8 
644-1-14 1?2.075 = 1 67 84 59 19 79 50 51 76 97 17 28 92 74 99 14 
644-1-15 1?2.034 = 1 19 59 67 84 51 50 65 27 30 76 97 17 92 62 15 
644-2-4 1?1.92 = 2 68 63 93 98 66 52 86 58 42 90 22 23 54 56 4 
644-1-13 1?2.462 = 1 19 79 50 51 76 97 30 27 21 77 49 16 28 17 92 74 99 13 
644-2-5 1?1.793 = 2 68 63 93 98 66 34 41 52 86 58 42 90 22 23 5 
644-2-3 1?2.206 = 2 68 63 93 94 52 98 66 34 41 86 58 38 72 18 3 
644-1-9 1?2.457 = 1 19 79 50 65 96 29 37 98 66 52 41 34 89 81 95 73 25 24 9 
644-2-6 1?2.08 = 2 68 63 93 98 66 34 41 52 86 58 42 90 22 23 33 80 75 36 6 
644-1-11 1?2.835 = 1 67 84 51 30 27 96 29 37 98 66 52 41 34 47 26 57 31 11 
644-1-10 1?2.698 = 1 19 50 65 96 29 37 98 66 52 41 34 89 95 73 48 46 91 45 10 
644-1-12 1?2.653 = 1 79 19 59 84 51 50 65 27 30 76 97 17 92 28 16 70 60 12 
644-3-4 1?1.832 = 3 18 72 94 98 66 52 86 58 42 90 22 23 54 56 4 
644-2-15 1?2.272 = 2 79 19 59 84 51 76 97 30 27 21 77 49 16 28 92 62 15 
644-3-5 1?1.706 = 3 18 72 94 52 98 66 34 41 86 58 42 90 22 23 5 
644-2-14 1?2.501 = 2 79 19 50 51 76 97 30 27 21 77 49 16 28 17 92 74 99 14 
644-2-13 1?2.687 = 2 79 19 59 50 51 76 97 30 27 21 77 49 16 28 17 92 74 99 13 
644-2-7 1?2.273 = 2 68 63 93 98 66 41 52 86 58 42 90 22 23 33 80 75 36 64 7 
644-2-9 1?2.388 = 2 68 63 93 94 86 52 98 66 41 34 89 81 95 48 73 25 43 24 9 
644-2-8 1?2.327 = 2 68 18 72 38 90 42 58 86 52 98 66 41 34 89 81 95 39 85 20 8 
644-2-11 1?2.771 = 2 68 63 93 94 86 52 98 66 41 34 89 95 73 48 46 91 31 11 
644-2-10 1?2.611 = 2 68 18 72 38 58 86 52 98 66 41 34 89 95 73 25 24 43 45 10 
644-2-12 1?2.833 = 2 68 18 72 38 58 94 86 52 98 66 41 34 47 55 32 83 53 12 
644-4-5 1?1.558 = 4 35 72 94 52 98 66 34 41 86 58 42 90 22 23 5 
644-3-6 1?1.746 = 3 18 93 98 66 52 86 58 42 90 22 23 80 75 36 6 
644-3-14 1?2.664 = 3 18 72 38 58 94 86 52 66 98 37 29 96 77 49 16 87 99 14 
644-3-15 1?2.524 = 3 18 72 38 58 86 52 41 66 98 37 29 96 27 30 76 97 44 15 
644-3-13 1?2.812 = 3 18 72 94 86 52 66 98 37 29 96 27 30 76 97 17 92 74 99 13 
644-3-7 1?2.087 = 3 18 72 94 98 66 52 86 58 42 90 22 23 33 80 75 36 64 7 
644-3-9 1?2.264 = 3 18 72 38 58 86 52 98 66 41 34 89 81 95 48 73 25 43 24 9 
644-3-8 1?2.209 = 3 18 72 38 90 42 58 86 52 98 66 41 34 89 81 95 39 85 78 20 8 
644-3-11 1?2.631 = 3 18 72 38 58 86 52 98 66 41 34 89 81 95 48 46 91 31 11 
644-3-10 1?2.443 = 3 18 72 38 58 86 52 98 66 41 34 89 81 95 73 48 46 91 45 10 
644-3-12 1?2.758 = 3 18 72 38 58 94 86 52 98 66 41 34 47 55 32 83 53 60 12 
644-4-6 1?1.523 = 4 56 54 90 42 58 86 52 98 66 41 33 80 75 36 6 
644-5-6 1?1.367 = 5 23 22 90 42 58 86 52 98 66 41 33 80 75 36 6 
644-4-15 1?2.316 = 4 56 54 90 38 58 86 52 98 66 37 29 96 27 30 76 97 44 15 
644-4-14 1?2.436 = 4 56 54 23 22 90 42 58 86 52 98 66 37 29 96 77 49 28 74 14 
644-4-7 1?1.72 = 4 56 54 23 22 90 42 58 86 52 98 66 41 34 40 61 71 64 7 
644-4-13 1?2.525 = 4 56 54 23 22 90 42 58 86 52 98 66 37 29 96 77 49 16 87 13 
644-4-9 1?1.996 = 4 56 54 90 42 38 58 86 52 98 66 41 34 89 81 95 73 25 24 9 
644-4-8 1?1.857 = 4 56 54 23 22 90 42 58 86 52 98 66 41 34 40 61 39 85 20 8 
644-4-10 1?2.199 = 4 56 54 90 42 58 86 52 98 66 41 34 89 81 95 73 25 43 45 10 
644-4-12 1?2.479 = 4 56 54 23 22 90 42 58 86 52 98 66 41 34 47 55 32 83 53 12 
644-4-11 1?2.433 = 4 56 54 23 22 90 42 38 58 86 52 98 66 41 34 47 26 57 31 11 
644-5-7 1?1.443 = 5 23 22 90 42 58 86 52 98 66 41 34 40 71 64 7 
644-6-7 1?1.491 = 6 36 75 80 33 86 52 98 66 41 34 40 61 71 64 7 
644-6-8 1?1.604 = 6 36 75 80 33 86 52 98 66 41 34 89 39 85 20 8 
644-5-13 1?2.406 = 5 23 22 90 42 38 58 86 52 66 98 37 29 96 77 49 16 87 99 13 
644-5-14 1?2.299 = 5 23 22 90 42 38 58 86 52 66 98 37 29 96 77 49 16 87 99 14 
644-5-8 1?1.55 = 5 23 22 90 42 58 86 52 41 34 89 81 95 85 20 8 
644-5-15 1?2.228 = 5 23 22 90 42 58 86 52 41 34 66 98 37 29 96 27 30 76 97 44 15 
644-5-9 1?1.84 = 5 23 22 90 42 38 58 86 52 98 66 41 34 89 81 95 73 25 24 9 
644-5-10 1?2.043 = 5 23 22 90 42 58 86 52 98 66 41 34 89 81 95 73 25 43 45 10 
644-5-11 1?2.293 = 5 23 22 90 42 58 86 52 98 66 41 34 89 81 95 48 46 91 31 11 
644-5-12 1?2.416 = 5 56 54 23 22 90 42 58 86 52 98 66 41 34 47 55 32 83 53 12 
644-7-9 1?1.829 = 7 64 71 61 40 89 81 95 73 25 48 46 91 43 24 9 
644-7-8 1?1.753 = 7 64 71 40 41 52 98 66 34 89 81 95 39 85 20 8 
644-6-9 1?1.782 = 6 36 75 80 33 86 52 98 66 41 34 89 95 73 25 24 9 
644-6-13 1?2.499 = 6 36 75 80 23 22 90 42 58 86 52 98 66 37 29 96 77 49 16 87 13 
644-6-14 1?2.456 = 6 36 75 80 33 23 22 90 42 58 86 52 98 66 37 29 96 77 49 28 74 14 
644-7-10 1?2.16 = 7 64 71 61 40 41 52 98 66 34 89 81 95 73 25 43 45 10 
644-6-10 1?2.043 = 6 75 80 33 86 52 98 66 41 34 89 81 95 73 25 43 45 10 
644-7-11 1?2.433 = 7 64 71 61 89 81 95 73 48 46 91 25 24 43 45 88 82 31 11 
644-6-15 1?2.375 = 6 36 75 80 33 23 22 90 42 58 86 52 66 98 37 29 96 27 30 76 97 44 15 
644-6-11 1?2.299 = 6 75 80 23 22 90 42 58 86 52 98 66 41 34 47 26 57 31 11 
644-6-12 1?2.415 = 6 75 80 23 22 90 42 58 86 52 98 66 41 34 47 55 32 83 53 12 
644-8-9 1?1.818 = 8 20 78 85 39 71 61 40 89 81 95 48 73 25 43 24 9 
644-8-13 1?2.524 = 8 20 85 39 89 34 41 52 66 98 37 29 96 77 49 16 87 13 
644-7-13 1?2.587 = 7 64 71 40 34 41 52 66 98 37 29 96 77 49 16 28 74 99 13 
644-8-14 1?2.522 = 8 20 85 39 61 40 34 41 52 66 98 37 29 96 77 49 16 87 99 14 
644-7-14 1?2.497 = 7 64 71 61 40 34 41 52 98 66 37 29 96 27 30 76 97 17 92 74 14 
644-8-10 1?1.939 = 8 20 78 85 39 71 61 89 81 95 48 73 25 24 43 45 10 
644-8-11 1?2.242 = 8 20 85 39 71 61 89 81 95 48 73 25 24 43 45 82 88 11 
644-8-15 1?2.505 = 8 20 85 95 81 89 34 41 52 66 98 37 29 96 27 30 76 97 17 44 15 
644-8-12 1?2.424 = 8 20 85 39 61 40 34 41 52 98 66 47 55 32 83 53 12 
644-7-15 1?2.501 = 7 64 36 75 80 33 86 52 41 34 66 98 37 29 96 27 30 76 97 44 15 
644-7-12 1?2.485 = 7 64 36 75 80 33 86 52 98 66 41 34 47 55 32 83 53 12 
644-9-14 1?2.495 = 9 24 43 25 73 48 46 26 47 55 32 83 70 16 87 99 14 
644-9-13 1?2.602 = 9 24 43 25 73 48 46 26 47 55 32 83 70 16 87 99 13 
644-10-14 1?2.673 = 10 45 43 24 25 73 48 26 47 55 32 83 70 16 87 99 14 
644-10-13 1?2.78 = 10 45 43 24 25 73 48 26 47 55 32 83 70 16 87 99 13 
644-9-10 1?2.194 = 9 24 25 85 39 71 61 89 81 95 73 48 46 91 43 45 10 
644-10-12 1?2.506 = 10 45 43 24 25 73 48 46 26 47 55 32 83 53 12 
644-10-15 1?2.735 = 10 45 43 24 25 73 48 26 47 55 32 83 70 16 28 92 62 15 
644-10-11 1?2.495 = 10 45 43 24 25 73 95 89 81 48 46 91 31 82 88 11 
644-9-11 1?2.433 = 9 24 43 25 73 95 39 71 61 89 81 48 46 91 45 88 82 11 
644-9-12 1?2.457 = 9 24 43 25 73 48 95 89 81 26 47 55 32 83 53 12 
644-9-15 1?2.561 = 9 24 25 73 95 81 89 34 41 52 66 98 37 29 96 27 30 76 97 44 15 
644-13-14 1?2.519 = 13 99 87 74 92 28 16 49 77 21 27 30 76 97 44 62 14 
644-11-14 1?2.657 = 11 31 83 32 77 21 27 30 76 97 17 28 92 74 99 14 
644-12-14 1?2.389 = 12 60 70 16 49 77 21 27 30 76 97 17 92 74 99 14 
644-11-13 1?2.764 = 11 31 83 32 77 21 27 30 76 97 17 28 92 74 99 13 
644-12-13 1?2.496 = 12 60 70 16 49 77 21 27 30 76 97 17 92 74 99 13 
644-12-15 1?2.371 = 12 60 70 16 49 77 21 27 30 76 97 17 28 92 62 15 
644-14-15 1?2.281 = 14 99 74 92 28 16 49 77 21 27 30 76 97 17 44 62 15 
644-13-15 1?2.412 = 13 99 74 92 17 28 16 49 77 21 27 30 76 97 44 62 15 
644-11-15 1?2.831 = 11 31 83 32 55 37 29 96 77 21 27 30 76 97 17 92 62 15 
644-11-12 1?2.769 = 11 82 45 43 24 25 73 48 26 47 55 32 83 53 12 
stop
