start
791-0-3 1?2.002 = 0 33 59 99 74 37 80 89 28 32 86 75 82 62 43 3 
791-0-6 1?2.47 = 0 56 28 32 24 81 49 22 34 50 26 93 52 42 94 76 55 6 
791-0-7 1?2.53 = 0 33 59 74 99 44 46 60 67 95 57 73 98 69 16 72 58 54 7 
791-0-1 1?2.008 = 0 33 59 63 45 67 60 46 44 99 74 37 80 89 56 1 
791-0-11 1?2.28 = 0 33 59 74 99 44 46 45 60 67 83 95 57 73 17 90 68 11 
791-0-8 1?2.576 = 0 33 59 74 99 44 46 45 67 60 95 57 73 98 69 92 16 79 70 8 
791-0-2 1?1.882 = 0 33 59 99 74 37 89 28 32 24 81 62 43 82 2 
791-0-10 1?2.522 = 0 33 59 74 99 44 46 45 67 60 95 57 73 98 69 92 16 79 70 18 10 
791-0-5 1?2.192 = 0 33 59 99 74 37 24 49 22 34 50 26 52 93 42 94 76 5 
791-0-4 1?2.059 = 0 33 59 99 74 37 80 89 28 32 81 49 22 34 50 26 93 52 4 
791-0-9 1?2.518 = 0 33 59 74 99 44 46 45 60 67 83 95 57 73 98 69 92 16 79 70 9 
791-1-2 1?1.931 = 1 56 32 28 89 80 74 99 37 24 49 81 62 43 82 2 
791-0-15 1?1.873 = 0 33 59 74 99 44 46 60 67 83 77 87 31 19 97 15 
791-1-3 1?2.032 = 1 86 32 28 89 80 74 99 37 24 49 81 62 43 82 3 
791-0-13 1?1.821 = 0 33 59 74 99 44 46 60 67 83 77 51 35 84 13 
791-0-14 1?1.919 = 0 33 59 74 99 44 46 45 67 60 95 83 77 51 14 
791-0-12 1?2.15 = 0 33 59 74 99 44 46 45 60 67 83 77 51 35 84 23 30 12 
791-1-4 1?1.824 = 1 86 32 28 89 24 81 49 22 34 66 26 50 93 52 4 
791-1-5 1?2.043 = 1 56 89 28 32 81 49 22 34 66 50 26 52 93 42 94 76 5 
791-1-6 1?2.339 = 1 86 75 82 43 62 34 66 50 26 93 52 42 94 76 55 25 47 6 
791-1-8 1?2.486 = 1 56 89 37 80 74 99 44 46 45 67 60 95 57 73 98 79 70 8 
791-1-7 1?2.465 = 1 86 32 28 89 37 80 74 99 44 41 88 21 61 39 36 58 54 7 
791-2-3 1?1.985 = 2 82 43 62 32 28 89 24 81 49 22 34 50 26 66 3 
791-2-4 1?1.792 = 2 82 43 62 32 28 24 49 22 34 66 26 50 93 52 4 
791-1-14 1?1.892 = 1 56 89 37 80 74 99 44 46 60 67 83 77 51 14 
791-2-5 1?1.873 = 2 82 43 62 81 49 22 34 50 26 52 93 42 94 76 55 5 
791-2-6 1?2.127 = 2 82 43 62 34 66 50 26 52 93 42 94 76 55 25 47 65 20 6 
791-1-12 1?2.198 = 1 86 32 28 89 80 74 99 44 46 60 67 83 77 51 35 23 30 12 
791-1-13 1?1.998 = 1 86 32 28 89 80 74 99 44 46 60 67 83 77 51 35 84 13 
791-1-10 1?2.44 = 1 86 32 28 89 37 74 99 44 46 45 60 67 83 95 57 73 98 91 71 10 
791-1-15 1?1.867 = 1 86 32 28 89 37 80 74 99 63 77 87 31 19 97 15 
791-1-11 1?2.289 = 1 86 32 28 89 37 74 99 44 46 45 67 60 95 57 73 17 68 11 
791-1-9 1?2.379 = 1 86 32 28 89 80 74 99 44 46 45 67 60 95 57 73 98 79 70 9 
791-3-4 1?1.887 = 3 43 62 32 28 24 81 49 22 34 66 26 50 93 52 4 
791-3-5 1?2.084 = 3 82 43 62 81 24 49 22 34 50 26 52 93 42 94 76 5 
791-2-10 1?2.334 = 2 75 32 28 89 37 74 99 44 46 45 60 95 57 73 98 91 71 10 
791-2-14 1?2.011 = 2 75 32 28 89 37 74 99 44 46 45 60 67 83 77 51 14 
791-2-15 1?1.777 = 2 82 43 62 32 28 89 37 80 74 99 59 53 19 97 15 
791-2-11 1?2.295 = 2 75 32 28 89 80 74 99 44 46 45 67 60 95 57 73 17 68 11 
791-2-8 1?2.458 = 2 82 43 62 34 50 26 52 93 42 94 76 55 25 47 36 58 72 8 
791-2-7 1?2.235 = 2 82 43 62 34 66 50 26 52 93 42 94 76 55 25 47 20 65 54 7 
791-2-13 1?2.115 = 2 75 32 28 89 37 80 74 99 44 46 45 60 67 83 77 51 35 84 13 
791-2-9 1?2.374 = 2 75 32 28 89 37 74 99 44 46 45 60 95 57 73 98 79 70 9 
791-2-12 1?2.267 = 2 75 32 28 89 37 74 99 44 46 45 60 67 83 77 51 35 23 30 12 
791-4-5 1?2.149 = 4 52 93 26 50 66 34 22 49 81 24 38 29 94 76 5 
791-3-10 1?2.452 = 3 43 62 32 28 89 80 74 99 44 46 60 95 57 73 98 91 71 10 
791-3-8 1?2.24 = 3 66 50 26 52 93 42 94 76 55 25 47 20 65 54 58 72 8 
791-3-12 1?2.336 = 3 43 62 32 28 89 37 80 74 99 44 46 60 67 83 35 23 30 12 
791-3-11 1?2.4 = 3 43 62 32 28 89 37 74 99 44 46 45 67 60 95 57 17 68 11 
791-3-14 1?2.19 = 3 43 62 32 28 89 37 74 99 44 46 45 60 67 83 77 51 14 
791-3-6 1?2.29 = 3 82 43 62 34 66 50 26 52 93 42 94 76 55 25 47 65 20 6 
791-3-7 1?2.398 = 3 82 43 62 34 66 50 26 52 93 42 94 76 55 25 47 20 65 54 7 
791-3-9 1?2.488 = 3 43 62 32 28 89 37 99 44 46 60 95 57 73 98 79 70 9 
791-3-15 1?2.195 = 3 43 62 32 28 89 37 44 46 60 67 83 77 87 31 19 97 15 
791-3-13 1?2.235 = 3 43 62 32 28 89 37 80 74 99 44 46 60 67 83 77 51 35 84 13 
791-5-6 1?2.068 = 5 55 76 94 42 93 52 26 50 66 34 29 25 47 20 6 
791-4-10 1?2.573 = 4 52 93 26 50 34 22 38 88 41 44 46 60 95 57 73 98 91 71 10 
791-4-6 1?2.222 = 4 52 26 93 42 94 76 55 25 47 36 72 58 54 65 20 6 
791-4-7 1?2.241 = 4 52 26 66 50 93 42 94 76 55 25 47 20 65 54 58 72 7 
791-4-8 1?2.359 = 4 52 26 50 66 34 93 42 94 76 55 25 47 20 65 54 58 72 8 
791-4-12 1?2.434 = 4 52 93 29 38 88 41 44 46 45 60 67 83 77 51 35 23 30 12 
791-4-14 1?2.371 = 4 52 93 26 50 34 22 49 24 37 74 99 44 46 60 67 83 77 51 14 
791-4-9 1?2.545 = 4 52 93 26 50 66 34 22 49 81 24 38 21 61 85 92 16 79 70 9 
791-4-11 1?2.547 = 4 52 93 26 50 34 22 38 88 41 46 45 67 60 95 57 73 17 68 11 
791-4-15 1?2.207 = 4 52 93 26 50 34 22 49 81 32 28 89 37 80 74 99 59 33 97 15 
791-4-13 1?2.387 = 4 52 93 26 50 34 22 49 24 37 74 99 44 46 45 60 67 83 35 84 13 
791-5-8 1?2.157 = 5 76 94 42 93 52 26 50 66 34 29 78 36 58 72 8 
791-5-7 1?2.097 = 5 76 94 42 93 52 26 50 34 29 25 47 20 65 54 7 
791-6-8 1?2.452 = 6 55 76 94 42 93 52 26 50 34 29 78 36 58 72 8 
791-6-7 1?2.356 = 6 55 76 94 42 93 52 26 50 34 29 78 36 54 7 
791-5-10 1?2.581 = 5 76 94 42 93 52 26 50 66 34 22 38 21 61 92 16 79 70 18 10 
791-5-9 1?2.332 = 5 76 94 42 93 26 50 34 29 78 39 16 79 70 9 
791-5-12 1?2.441 = 5 76 94 29 38 88 41 44 46 60 67 83 77 51 35 23 30 12 
791-5-14 1?2.388 = 5 76 94 42 93 52 26 50 34 22 49 24 37 80 74 99 59 53 19 14 
791-5-11 1?2.629 = 5 76 94 29 38 88 41 44 46 45 60 67 83 95 57 73 17 68 11 
791-5-15 1?2.336 = 5 76 94 42 93 52 26 50 66 34 22 49 24 37 80 74 99 59 33 15 
791-5-13 1?2.523 = 5 76 94 42 52 93 29 38 88 41 44 46 60 67 83 77 51 35 84 13 
791-7-10 1?2.206 = 7 54 58 72 36 39 92 16 79 70 18 91 71 48 64 10 
791-7-8 1?2.613 = 7 54 58 72 16 92 69 98 73 17 48 71 91 79 70 8 
791-7-9 1?2.507 = 7 54 36 58 72 39 92 69 98 73 17 48 71 91 18 9 
791-6-10 1?2.692 = 6 47 78 21 88 41 44 46 45 60 67 83 95 57 73 98 91 71 10 
791-6-9 1?2.467 = 6 20 65 54 58 36 39 92 16 70 79 91 48 71 18 9 
791-7-11 1?2.512 = 7 54 58 72 36 39 92 69 16 79 70 18 91 71 48 64 90 68 11 
791-6-12 1?2.551 = 6 47 78 38 88 41 44 46 45 60 67 83 77 51 35 23 30 12 
791-6-14 1?2.579 = 6 20 65 36 39 61 21 88 41 44 46 45 60 67 83 77 87 31 19 14 
791-6-13 1?2.528 = 6 20 47 78 21 88 41 44 46 45 60 67 83 77 51 35 30 23 84 13 
791-6-15 1?2.5 = 6 20 47 78 61 21 88 41 44 46 45 60 67 83 77 87 31 19 97 15 
791-6-11 1?2.769 = 6 47 78 61 21 88 41 44 46 45 60 67 83 95 57 73 17 90 68 11 
791-8-10 1?2.346 = 8 72 58 36 39 92 16 79 70 18 71 48 17 90 64 10 
791-8-11 1?2.188 = 8 72 58 36 39 92 69 16 79 70 18 71 48 90 68 11 
791-8-9 1?2.551 = 8 72 58 36 39 61 21 85 57 73 98 69 92 16 79 70 9 
791-8-12 1?2.464 = 8 70 79 98 73 57 95 60 46 45 67 83 77 51 35 23 30 12 
791-7-12 1?2.506 = 7 54 36 39 61 21 88 41 44 46 60 67 83 77 51 35 30 12 
791-8-13 1?2.402 = 8 70 79 98 73 57 95 60 46 45 67 83 77 51 35 30 23 84 13 
791-7-13 1?2.371 = 7 54 36 39 61 21 88 41 44 46 45 60 67 83 77 51 35 84 13 
791-7-14 1?2.5 = 7 54 58 72 36 39 61 21 88 41 44 46 45 60 67 83 77 51 14 
791-8-14 1?2.516 = 8 72 58 36 39 61 21 88 41 44 46 45 60 67 83 77 87 31 19 14 
791-7-15 1?2.513 = 7 54 36 39 92 69 98 73 57 95 60 46 45 67 83 77 87 31 19 97 15 
791-8-15 1?2.609 = 8 72 58 36 39 92 69 98 73 57 95 60 46 45 67 83 77 87 31 19 97 15 
791-9-10 1?2.38 = 9 18 70 79 16 92 69 73 98 91 71 48 17 68 90 64 10 
791-10-11 1?2.191 = 10 64 71 48 91 18 70 79 16 92 69 98 73 17 90 68 11 
791-9-12 1?2.179 = 9 70 79 98 73 57 95 60 67 83 77 51 35 23 30 12 
791-10-12 1?2.139 = 10 71 91 98 73 57 95 60 67 83 77 51 35 23 30 12 
791-9-11 1?2.25 = 9 18 70 79 16 92 69 98 73 17 48 91 71 64 90 68 11 
791-10-13 1?2.002 = 10 71 91 98 73 57 95 60 45 67 83 77 51 35 84 13 
791-10-14 1?2.279 = 10 64 71 48 17 73 57 95 60 46 45 67 83 77 87 31 19 14 
791-9-14 1?2.308 = 9 70 79 16 92 69 98 73 57 95 60 45 67 83 77 87 31 19 14 
791-9-13 1?2.191 = 9 70 79 69 98 73 57 95 60 46 45 67 83 77 51 35 84 13 
791-10-15 1?2.262 = 10 18 70 79 98 73 57 95 60 46 45 67 83 77 87 31 19 97 15 
791-9-15 1?2.495 = 9 70 79 16 92 69 98 73 57 27 46 45 67 60 95 83 77 87 31 19 97 15 
791-11-13 1?1.95 = 11 68 17 73 57 95 60 45 67 83 77 51 35 84 13 
791-12-13 1?1.968 = 12 40 96 95 60 46 45 67 83 77 51 35 30 23 84 13 
791-13-14 1?1.878 = 13 84 23 30 35 51 77 83 67 60 45 63 87 31 19 14 
791-11-12 1?2.132 = 11 68 17 57 95 60 45 67 83 77 51 35 23 30 40 12 
791-13-15 1?1.808 = 13 84 35 51 77 83 67 60 46 45 63 87 31 19 97 15 
791-12-14 1?2.131 = 12 30 23 35 51 77 83 67 60 45 46 44 63 87 31 19 14 
791-14-15 1?1.878 = 14 51 77 83 67 60 45 46 44 63 87 31 19 97 15 
791-11-14 1?2.135 = 11 68 90 17 73 57 95 60 46 45 67 83 77 87 31 19 14 
791-12-15 1?2.008 = 12 30 23 35 51 77 83 67 60 46 45 63 87 31 19 97 15 
791-11-15 1?2.062 = 11 68 90 17 57 95 60 46 45 67 83 77 87 31 19 97 15 
stop
