start
294-0-1 1?2.441 = 0 16 80 46 70 66 81 72 17 47 90 67 23 56 35 1 
294-0-2 1?2.445 = 0 16 80 46 70 66 72 17 47 90 67 23 56 35 82 2 
294-0-3 1?2.442 = 0 31 23 53 55 50 30 75 42 78 96 93 95 27 98 3 
294-0-4 1?2.683 = 0 31 23 53 21 54 27 29 95 93 96 30 75 42 78 39 83 68 4 
294-0-5 1?2.605 = 0 31 23 53 54 21 98 27 29 95 93 96 30 75 42 78 83 39 5 
294-0-6 1?2.682 = 0 31 23 53 55 50 93 96 83 39 78 42 89 61 48 43 79 18 6 
294-0-7 1?2.661 = 0 31 23 53 55 50 95 93 96 30 75 48 61 43 32 71 79 18 85 7 
294-0-8 1?2.623 = 0 31 23 53 55 50 93 96 30 75 48 61 43 79 71 20 25 8 
294-0-9 1?2.791 = 0 16 47 17 72 40 69 97 74 63 44 77 84 76 37 51 62 73 64 19 49 9 
294-0-10 1?2.8 = 0 16 15 80 46 70 66 17 72 40 69 97 74 63 77 84 60 58 26 76 37 10 
294-0-11 1?2.459 = 0 16 15 80 46 70 66 17 72 40 69 97 74 63 44 77 84 24 76 37 26 11 
294-0-12 1?2.454 = 0 16 80 46 70 66 81 40 69 97 74 63 77 44 84 76 37 26 58 60 12 
294-0-13 1?2.489 = 0 16 47 17 22 87 86 91 88 24 84 77 44 63 74 97 69 40 13 
294-0-14 1?2.38 = 0 16 80 46 70 66 17 22 87 86 91 88 97 69 40 81 14 
294-0-15 1?2.548 = 0 16 31 67 47 17 22 97 69 40 72 66 70 46 80 15 
294-1-2 1?2.37 = 1 35 56 23 53 55 50 96 93 95 29 27 98 54 21 2 
294-1-3 1?2.256 = 1 35 56 53 55 50 30 42 78 39 83 93 95 27 98 3 
294-1-4 1?2.307 = 1 35 56 23 53 55 50 93 96 30 75 42 78 89 39 83 68 4 
294-1-5 1?2.527 = 1 35 56 53 55 50 95 93 96 30 75 48 43 61 42 78 83 39 5 
294-1-6 1?2.522 = 1 35 56 53 55 50 93 96 83 39 78 42 89 61 48 43 32 79 18 6 
294-1-7 1?2.486 = 1 35 56 53 55 50 93 96 30 75 48 61 43 32 71 79 18 85 20 7 
294-1-8 1?2.399 = 1 35 56 53 55 50 93 96 30 75 48 61 43 79 71 20 25 8 
294-1-9 1?2.567 = 1 35 56 53 55 50 93 96 30 75 48 61 43 32 34 62 73 64 49 9 
294-1-10 1?2.661 = 1 35 56 53 55 50 96 30 75 48 61 43 32 34 62 73 64 19 10 
294-1-11 1?2.771 = 1 31 16 15 80 46 70 66 17 72 40 69 97 74 24 44 77 84 76 37 26 11 
294-1-12 1?2.689 = 1 31 16 47 17 72 40 69 97 74 24 44 77 84 76 37 26 58 60 12 
294-1-13 1?2.727 = 1 35 82 56 23 67 90 47 80 46 70 66 17 72 40 69 97 74 13 
294-1-14 1?2.693 = 1 35 56 82 21 54 55 53 23 67 90 47 80 46 70 66 81 14 
294-1-15 1?2.27 = 1 35 82 56 23 67 90 47 17 72 66 81 70 46 80 15 
294-2-3 1?2.187 = 2 21 54 95 93 96 30 75 42 78 83 68 29 27 98 3 
294-2-4 1?2.024 = 2 21 54 27 29 95 93 96 30 75 42 78 39 83 68 4 
294-2-5 1?1.981 = 2 21 54 27 29 95 93 96 30 75 42 89 78 83 39 5 
294-2-6 1?2.379 = 2 21 54 27 29 95 50 93 96 30 75 48 61 43 32 79 18 85 6 
294-2-7 1?2.376 = 2 21 54 27 29 95 50 93 96 30 75 48 61 43 32 71 25 20 7 
294-2-8 1?2.65 = 2 21 54 53 55 50 93 96 83 39 78 42 89 61 48 43 32 71 20 25 8 
294-2-9 1?2.561 = 2 21 54 55 50 93 96 30 75 48 61 43 32 34 62 73 64 19 49 9 
294-2-10 1?2.591 = 2 21 54 95 93 96 30 75 48 61 43 32 34 62 73 64 49 19 10 
294-2-11 1?2.585 = 2 82 56 23 67 90 47 17 72 40 69 97 74 24 84 44 77 60 58 26 11 
294-2-12 1?2.852 = 2 21 54 27 29 95 93 96 30 75 28 92 45 52 91 88 24 84 77 44 63 12 
294-2-13 1?2.937 = 2 82 35 56 23 67 90 47 16 80 46 70 66 17 72 40 69 97 74 13 
294-2-14 1?2.871 = 2 82 35 56 23 67 90 47 16 80 46 70 66 17 72 69 40 81 14 
294-2-15 1?2.747 = 2 21 54 53 23 67 90 47 17 72 69 97 40 81 66 70 46 80 15 
294-3-4 1?1.837 = 3 98 27 29 95 50 93 96 30 75 42 78 39 83 68 4 
294-3-5 1?1.794 = 3 98 27 29 95 50 93 96 30 75 42 89 78 83 39 5 
294-3-6 1?1.802 = 3 98 27 95 93 96 30 75 48 61 43 32 79 18 85 6 
294-3-7 1?2.188 = 3 98 27 95 93 96 30 75 42 78 83 39 89 61 48 43 32 71 20 7 
294-3-8 1?2.447 = 3 98 27 29 95 93 96 30 75 42 78 83 39 89 61 48 43 32 71 20 25 8 
294-3-9 1?2.479 = 3 98 27 29 95 93 96 83 39 78 42 89 61 48 43 32 34 62 73 64 49 9 
294-3-10 1?2.441 = 3 98 27 29 95 93 96 30 75 48 61 43 32 36 34 62 73 64 19 10 
294-3-11 1?2.514 = 3 98 27 29 95 93 96 30 75 28 92 45 52 91 24 84 44 77 60 58 26 11 
294-3-12 1?2.715 = 3 98 27 95 93 96 30 75 48 61 43 32 36 94 65 57 59 24 84 77 12 
294-3-13 1?2.815 = 3 98 27 29 95 93 96 30 75 28 92 45 52 91 88 24 84 77 44 63 74 13 
294-3-14 1?2.728 = 3 98 27 29 95 93 96 30 75 28 92 45 87 86 22 72 17 66 81 14 
294-3-15 1?2.59 = 3 98 29 27 54 21 53 23 67 90 47 17 72 66 70 46 80 15 
294-4-5 1?1.98 = 4 29 27 95 50 93 96 30 75 42 78 83 39 89 41 5 
294-4-6 1?1.855 = 4 29 27 95 50 93 96 30 75 42 78 83 39 89 41 6 
294-4-7 1?2.039 = 4 68 83 39 78 42 89 61 48 43 32 71 79 18 85 20 25 7 
294-4-8 1?2.213 = 4 68 83 39 89 42 78 96 30 75 48 61 43 79 71 20 25 8 
294-4-9 1?2.333 = 4 68 83 39 89 42 78 30 75 48 61 43 32 34 62 73 64 19 49 9 
294-4-10 1?2.519 = 4 68 83 39 89 42 78 30 75 48 61 43 32 34 62 73 64 49 19 10 
294-4-11 1?2.489 = 4 68 83 39 78 42 89 61 48 43 36 94 65 57 37 76 60 58 26 11 
294-4-12 1?2.702 = 4 29 95 93 96 30 75 48 61 43 32 36 94 65 57 59 24 84 44 77 12 
294-4-13 1?2.766 = 4 68 83 39 78 42 48 61 43 36 94 65 57 37 76 84 77 44 63 13 
294-4-14 1?2.889 = 4 68 83 39 78 42 75 30 96 93 50 55 53 23 67 90 17 66 81 14 
294-4-15 1?2.68 = 4 68 83 39 78 42 75 30 96 50 55 53 23 67 90 47 46 80 15 
294-5-6 1?1.767 = 5 39 83 78 42 30 75 48 61 43 32 71 79 18 85 6 
294-5-7 1?1.728 = 5 39 83 78 42 89 61 48 43 32 71 79 18 85 20 7 
294-5-8 1?2.057 = 5 39 83 78 42 30 75 48 61 43 32 71 79 18 85 20 25 8 
294-5-9 1?2.004 = 5 39 83 78 42 89 61 48 43 32 36 34 62 73 64 19 49 9 
294-5-10 1?2.346 = 5 39 83 78 42 89 18 79 32 43 61 48 36 34 62 73 64 19 10 
294-5-11 1?2.382 = 5 39 83 78 42 48 61 43 36 94 65 57 59 24 84 44 77 60 58 26 11 
294-5-12 1?2.626 = 5 39 83 78 42 89 61 48 43 32 36 94 65 57 59 91 88 24 84 44 77 12 
294-5-13 1?2.793 = 5 39 83 78 42 89 61 48 43 32 36 94 65 57 59 24 84 77 44 63 74 13 
294-5-14 1?2.748 = 5 39 83 78 42 89 61 48 43 36 94 65 57 59 91 88 97 69 40 81 14 
294-5-15 1?2.554 = 5 39 83 78 42 75 30 96 93 50 55 53 23 67 90 47 46 80 15 
294-6-7 1?1.784 = 6 41 89 39 83 78 42 30 75 48 61 43 32 71 20 7 
294-6-8 1?1.877 = 6 41 39 83 78 42 30 75 48 61 43 32 71 20 25 8 
294-6-9 1?1.795 = 6 85 18 79 71 32 43 61 48 36 34 62 73 64 49 9 
294-6-10 1?2.294 = 6 85 18 79 61 48 43 32 71 20 25 34 62 73 64 49 19 10 
294-6-11 1?2.332 = 6 85 18 79 32 43 61 48 36 94 65 57 59 24 84 44 77 60 58 26 11 
294-6-12 1?2.664 = 6 85 18 79 61 48 43 32 34 62 73 64 49 19 51 37 76 84 77 44 63 12 
294-6-13 1?2.797 = 6 18 79 32 43 61 48 36 94 65 57 59 24 84 77 44 63 74 97 69 40 13 
294-6-14 1?2.821 = 6 85 18 79 71 32 43 61 48 33 38 45 52 91 88 86 87 22 17 66 81 14 
294-6-15 1?2.685 = 6 41 89 39 83 78 42 75 30 96 93 50 55 53 23 67 47 46 80 15 
294-7-8 1?2.017 = 7 20 25 71 32 43 61 48 36 34 62 73 64 49 8 
294-7-9 1?1.709 = 7 20 25 71 32 43 61 48 36 34 62 73 64 49 9 
294-7-10 1?1.886 = 7 20 25 71 79 61 48 43 32 34 62 73 64 19 10 
294-7-11 1?2.136 = 7 20 25 34 62 73 64 19 51 37 76 24 84 44 77 60 58 26 11 
294-7-12 1?2.491 = 7 20 25 71 32 43 61 48 36 94 65 57 37 76 84 44 77 60 58 12 
294-7-13 1?2.651 = 7 20 25 34 62 73 64 19 51 37 76 24 84 77 44 63 74 97 69 40 13 
294-7-14 1?2.667 = 7 20 25 34 62 73 64 19 51 37 76 84 77 44 24 74 97 69 40 81 14 
294-7-15 1?2.718 = 7 85 18 79 71 32 43 61 48 33 92 45 87 86 22 17 66 70 46 80 15 
294-8-9 1?1.768 = 8 25 20 71 32 43 61 48 36 34 62 73 64 49 9 
294-8-10 1?1.945 = 8 25 20 71 79 61 48 43 32 34 62 73 64 19 10 
294-8-11 1?1.934 = 8 34 62 73 64 19 51 37 76 24 84 44 77 60 58 26 11 
294-8-12 1?2.397 = 8 25 20 71 32 43 61 48 36 94 65 57 37 76 84 77 44 63 12 
294-8-13 1?2.643 = 8 34 62 73 64 19 51 37 76 26 58 60 84 77 44 63 74 97 69 40 13 
294-8-14 1?2.672 = 8 34 62 73 64 19 51 37 76 58 60 77 44 84 24 74 97 69 40 81 14 
294-8-15 1?2.727 = 8 25 20 71 32 43 61 48 33 92 45 87 86 22 17 66 70 46 80 15 
294-9-10 1?2.079 = 9 49 19 64 73 62 94 65 57 59 24 44 84 76 37 10 
294-9-11 1?1.806 = 9 49 19 64 73 62 65 57 37 76 84 77 60 58 26 11 
294-9-12 1?1.889 = 9 49 19 64 73 62 94 65 57 59 37 76 84 44 77 12 
294-9-13 1?2.347 = 9 49 19 64 73 62 94 65 57 59 24 84 77 44 63 74 97 69 40 13 
294-9-14 1?2.398 = 9 49 64 19 51 37 76 24 84 77 44 63 74 97 69 40 72 17 66 81 14 
294-9-15 1?2.525 = 9 49 19 64 73 62 94 65 57 59 91 88 86 87 22 17 66 70 46 80 15 
294-10-11 1?1.977 = 10 19 49 64 73 62 94 65 57 59 37 76 60 58 26 11 
294-10-12 1?2.058 = 10 19 64 73 62 94 65 57 59 37 76 24 84 44 77 12 
294-10-13 1?2.39 = 10 37 76 26 58 60 77 44 84 24 88 91 86 87 22 69 40 97 74 13 
294-10-14 1?2.42 = 10 37 76 26 58 60 77 44 84 24 88 91 86 87 22 17 66 70 81 14 
294-10-15 1?2.421 = 10 37 76 26 58 60 77 44 84 24 74 97 69 40 72 17 66 70 46 80 15 
294-11-12 1?1.907 = 11 26 58 60 77 44 84 24 88 91 86 87 22 69 97 74 63 12 
294-11-13 1?1.875 = 11 26 37 76 84 77 44 24 88 91 86 87 22 97 69 40 13 
294-11-14 1?1.719 = 11 26 58 60 77 44 84 24 74 97 69 40 72 17 66 81 14 
294-11-15 1?1.806 = 11 26 37 76 84 77 44 63 74 97 69 40 81 66 70 46 80 15 
294-12-13 1?2.015 = 12 60 58 26 37 76 84 77 44 24 88 86 87 22 69 40 13 
294-12-14 1?1.976 = 12 60 58 76 84 77 44 24 74 97 69 40 72 17 66 81 14 
294-12-15 1?2.036 = 12 60 58 26 76 84 77 44 63 74 97 69 40 72 66 70 46 80 15 
294-13-14 1?2.138 = 13 74 63 44 77 84 24 88 91 86 87 22 17 66 70 81 14 
294-13-15 1?2.178 = 13 74 63 44 77 84 24 88 91 86 87 22 17 66 70 46 80 15 
294-14-15 1?2.111 = 14 81 40 69 97 74 88 91 86 87 22 72 66 70 46 80 15 
stop
