start
781-0-2 1?2.214 = 0 29 18 37 95 68 17 58 47 70 57 35 20 63 56 2 
781-0-1 1?2.238 = 0 23 46 94 38 84 28 22 68 17 37 95 18 25 86 1 
781-0-11 1?2.274 = 0 50 95 37 68 92 61 83 81 82 36 78 97 77 66 40 32 27 11 
781-0-9 1?2.767 = 0 29 18 95 37 68 92 61 83 81 82 36 78 97 77 66 40 62 42 9 
781-0-8 1?2.696 = 0 29 18 50 95 37 68 92 61 83 81 76 67 54 88 16 19 53 73 8 
781-0-5 1?2.391 = 0 50 95 37 68 17 58 35 57 43 31 51 48 85 33 45 41 30 5 
781-0-10 1?2.451 = 0 23 46 94 38 26 75 91 59 36 78 97 77 66 32 27 72 65 10 
781-0-7 1?2.554 = 0 29 18 50 95 37 68 92 61 83 81 76 67 54 88 16 19 53 73 7 
781-0-4 1?2.498 = 0 29 18 37 68 92 98 81 83 61 71 55 47 58 35 57 43 31 4 
781-0-3 1?2.359 = 0 29 18 50 95 37 68 17 58 35 57 85 48 51 43 31 3 
781-0-6 1?2.582 = 0 29 18 95 37 17 58 35 57 43 31 51 48 85 33 45 30 41 74 39 6 
781-1-2 1?2.091 = 1 86 25 18 50 95 37 68 17 47 58 35 20 63 56 2 
781-0-13 1?2.061 = 0 29 18 50 95 37 68 22 28 84 38 26 75 91 52 24 13 
781-0-14 1?2.19 = 0 29 18 50 95 37 68 22 28 84 38 94 26 75 91 52 14 
781-1-4 1?2.285 = 1 86 25 18 50 95 37 68 17 58 35 57 43 31 51 85 48 4 
781-1-3 1?2.025 = 1 86 25 18 50 95 37 68 17 47 58 35 57 43 31 3 
781-0-15 1?2.163 = 0 50 95 37 68 92 61 83 81 98 21 84 38 94 46 15 
781-0-12 1?2.356 = 0 29 18 95 37 68 92 61 83 81 76 82 36 78 97 77 66 49 69 12 
781-1-5 1?2.287 = 1 86 25 18 95 37 68 17 58 35 57 85 51 48 33 45 41 30 5 
781-1-7 1?2.406 = 1 86 25 18 95 37 68 92 61 83 81 76 67 54 88 96 16 19 53 7 
781-1-8 1?2.578 = 1 86 25 18 95 37 68 92 61 83 81 76 67 54 88 16 19 53 73 8 
781-1-6 1?2.496 = 1 29 18 50 95 37 68 17 58 35 57 85 51 48 33 45 41 74 39 6 
781-2-4 1?2.046 = 2 56 86 25 18 95 37 68 17 47 58 35 57 43 31 4 
781-1-13 1?2.09 = 1 86 25 18 95 37 68 22 28 84 38 94 93 26 75 91 52 24 13 
781-1-12 1?2.295 = 1 86 25 18 50 22 28 84 38 94 93 26 75 91 87 89 79 49 69 12 
781-1-15 1?2.008 = 1 86 25 18 95 37 68 92 98 21 28 84 38 94 46 15 
781-2-3 1?2.044 = 2 56 86 25 18 95 37 68 17 47 58 35 57 43 31 3 
781-1-14 1?2.061 = 1 29 18 95 37 68 22 28 38 94 93 26 75 91 52 14 
781-2-5 1?2.252 = 2 56 63 17 47 58 35 57 43 31 51 48 85 33 45 41 30 5 
781-2-6 1?2.435 = 2 56 63 58 47 70 35 57 43 31 51 48 85 33 45 30 41 74 39 6 
781-1-10 1?2.399 = 1 25 18 37 68 92 83 81 82 36 78 97 77 66 32 27 72 65 10 
781-1-11 1?2.347 = 1 86 25 18 50 95 37 68 92 61 83 81 82 36 78 97 77 66 32 27 11 
781-1-9 1?2.636 = 1 86 25 18 50 95 37 68 17 99 92 61 83 81 76 80 44 62 42 9 
781-3-4 1?2.315 = 3 20 63 86 25 18 95 37 17 47 58 35 57 43 31 4 
781-3-5 1?2.215 = 3 31 43 57 35 58 47 70 85 51 48 33 45 74 41 30 5 
781-2-12 1?2.425 = 2 56 86 25 18 50 22 28 84 38 94 93 26 75 91 87 89 79 49 69 12 
781-2-13 1?2.22 = 2 56 86 25 18 95 37 68 22 28 84 38 94 93 26 75 91 52 24 13 
781-2-15 1?1.973 = 2 56 86 25 18 50 95 37 68 22 28 84 38 94 46 15 
781-2-14 1?2.096 = 2 56 63 86 25 18 95 37 68 22 28 84 38 94 26 93 14 
781-2-7 1?2.481 = 2 56 86 25 18 95 37 68 92 61 83 81 76 67 54 88 16 19 53 7 
781-2-8 1?2.624 = 2 56 63 17 68 92 61 83 81 76 67 54 88 96 16 19 53 73 8 
781-2-10 1?2.478 = 2 56 63 17 99 92 61 83 81 82 36 78 97 77 66 32 27 72 65 10 
781-2-9 1?2.703 = 2 56 86 25 18 50 95 37 68 92 98 81 83 61 76 67 80 44 62 42 9 
781-2-11 1?2.483 = 2 56 86 25 18 95 37 68 92 61 83 81 82 36 78 97 77 66 40 32 27 11 
781-4-5 1?2.217 = 4 31 43 57 35 58 47 70 85 51 48 33 45 74 41 30 5 
781-3-13 1?2.375 = 3 31 43 57 35 58 17 68 22 28 38 94 93 26 75 91 52 24 13 
781-3-12 1?2.5 = 3 31 43 57 35 58 47 55 71 61 83 81 76 82 36 78 97 77 66 49 69 12 
781-3-15 1?2.282 = 3 31 43 57 35 58 17 68 37 95 50 22 28 38 94 46 15 
781-3-7 1?2.452 = 3 31 43 57 70 55 71 61 83 81 76 67 54 88 16 19 53 73 7 
781-3-6 1?2.511 = 3 31 43 57 70 55 71 61 83 81 76 67 54 88 96 16 34 64 39 6 
781-3-14 1?2.43 = 3 31 43 57 35 58 47 55 71 61 83 81 98 21 28 84 38 94 93 14 
781-3-8 1?2.649 = 3 31 43 57 70 55 71 61 83 81 76 67 54 88 96 16 19 53 73 8 
781-3-10 1?2.521 = 3 43 57 70 55 71 61 83 81 82 36 78 97 77 66 32 27 72 65 10 
781-3-9 1?2.624 = 3 31 43 57 35 58 47 55 71 61 83 81 82 76 67 80 44 62 42 9 
781-3-11 1?2.458 = 3 31 43 57 35 58 47 55 71 61 83 81 76 82 36 78 97 77 66 32 27 11 
781-4-6 1?2.149 = 4 31 43 57 35 58 47 70 85 51 48 33 45 41 74 39 6 
781-5-6 1?2.417 = 5 30 41 45 33 85 70 55 71 54 88 96 16 34 64 39 6 
781-4-7 1?2.224 = 4 31 43 35 57 85 51 48 33 45 41 74 39 53 73 7 
781-4-12 1?2.5 = 4 51 48 85 57 35 58 47 55 71 61 83 81 76 82 36 78 97 77 49 69 12 
781-4-13 1?2.456 = 4 51 48 85 57 35 58 17 68 22 28 38 94 93 26 75 91 52 24 13 
781-4-8 1?2.591 = 4 51 48 85 70 55 71 61 83 81 76 67 54 88 16 19 53 73 8 
781-4-10 1?2.478 = 4 51 48 85 70 55 71 61 83 81 82 36 78 97 77 66 40 65 10 
781-4-9 1?2.558 = 4 51 85 57 35 58 47 55 71 61 83 81 76 67 80 44 62 42 9 
781-4-14 1?2.511 = 4 51 48 85 57 35 58 47 55 71 61 83 81 98 21 28 84 38 94 93 14 
781-4-15 1?2.524 = 4 51 48 85 57 35 58 47 55 71 61 83 81 98 21 28 84 38 94 46 15 
781-4-11 1?2.389 = 4 31 43 57 35 58 47 55 71 61 83 81 82 36 78 97 77 66 32 27 11 
781-6-8 1?2.516 = 6 39 74 41 30 45 48 51 85 33 64 34 16 19 53 73 8 
781-5-7 1?2.379 = 5 48 51 85 57 35 58 47 55 71 54 88 16 19 53 7 
781-6-7 1?2.353 = 6 39 64 34 96 71 61 83 81 76 67 54 88 16 19 53 7 
781-5-12 1?2.616 = 5 30 41 45 64 34 16 88 54 67 76 61 83 81 82 36 78 97 77 66 49 69 12 
781-5-8 1?2.642 = 5 30 41 45 33 48 51 85 70 55 71 54 88 16 19 53 73 8 
781-5-13 1?2.619 = 5 30 45 33 85 57 35 58 17 68 22 28 84 38 94 26 75 91 52 24 13 
781-5-9 1?2.579 = 5 30 41 74 64 34 16 88 54 71 61 83 81 76 80 44 62 42 9 
781-5-10 1?2.487 = 5 30 41 74 64 34 96 88 54 67 80 78 97 77 66 32 27 72 65 10 
781-5-11 1?2.398 = 5 30 45 41 74 64 34 16 96 88 54 67 80 36 78 97 77 66 32 27 11 
781-5-14 1?2.581 = 5 30 41 74 64 34 96 88 54 67 76 81 83 61 92 98 21 84 38 94 93 14 
781-5-15 1?2.594 = 5 30 41 74 64 34 96 88 54 67 76 81 83 61 92 98 21 84 38 94 46 15 
781-7-8 1?2.55 = 7 53 19 16 88 54 67 76 61 83 81 82 80 44 60 90 8 
781-7-9 1?2.351 = 7 53 19 16 96 88 54 67 61 83 81 76 80 44 62 42 9 
781-7-10 1?2.252 = 7 53 19 16 88 54 67 80 78 97 77 66 32 27 72 65 10 
781-6-12 1?2.645 = 6 39 64 34 16 96 88 54 67 61 83 81 76 82 36 78 97 77 66 32 49 69 12 
781-6-10 1?2.341 = 6 39 64 34 16 88 54 67 80 78 97 77 66 32 27 72 65 10 
781-6-9 1?2.496 = 6 39 64 34 16 88 54 71 61 83 81 76 67 80 44 62 42 9 
781-7-11 1?2.22 = 7 53 19 16 88 54 67 76 83 81 82 36 78 97 77 66 32 27 11 
781-6-13 1?2.579 = 6 39 64 34 16 88 54 67 76 81 83 98 21 84 38 94 26 75 91 52 24 13 
781-6-11 1?2.364 = 6 39 64 34 16 96 88 54 67 76 83 81 82 36 78 97 77 66 32 27 11 
781-6-15 1?2.596 = 6 39 64 34 19 16 88 54 67 76 81 83 61 92 98 21 28 84 38 94 46 15 
781-6-14 1?2.632 = 6 39 74 64 34 16 96 88 54 67 76 81 83 61 92 98 21 28 84 38 94 93 14 
781-7-12 1?2.349 = 7 53 19 16 54 88 71 61 83 81 82 36 78 97 77 66 49 69 12 
781-8-12 1?2.45 = 8 73 53 19 16 88 54 67 76 81 82 36 78 97 77 66 49 69 12 
781-8-9 1?2.523 = 8 73 53 19 16 88 54 67 61 83 81 76 80 44 62 42 9 
781-7-13 1?2.43 = 7 53 19 16 88 54 67 76 81 83 98 21 28 38 26 75 91 52 24 13 
781-8-11 1?2.238 = 8 73 53 19 16 88 54 67 80 36 78 97 77 66 32 27 11 
781-8-10 1?2.37 = 8 90 60 62 44 78 36 97 77 66 40 32 27 72 65 10 
781-8-13 1?2.633 = 8 73 53 19 16 88 54 67 76 81 83 92 98 21 84 75 91 52 24 13 
781-8-14 1?2.573 = 8 73 53 19 16 88 54 67 76 81 83 61 92 98 21 84 38 94 93 14 
781-8-15 1?2.586 = 8 73 53 19 16 88 54 67 76 81 83 61 92 98 21 84 38 94 46 15 
781-7-14 1?2.536 = 7 73 53 19 16 96 88 54 67 76 81 83 61 92 98 21 28 84 38 94 93 14 
781-7-15 1?2.549 = 7 73 53 19 16 96 88 54 67 76 81 83 61 92 98 21 28 84 38 94 46 15 
781-9-12 1?2.135 = 9 42 10 65 72 27 32 40 66 97 77 49 69 79 89 12 
781-10-12 1?1.815 = 10 65 72 27 32 40 66 78 36 97 77 79 49 69 12 
781-9-11 1?2.099 = 9 42 62 44 80 76 83 81 82 36 97 77 66 32 27 11 
781-10-11 1?1.968 = 10 65 72 27 32 40 66 78 97 77 49 79 89 69 11 
781-9-13 1?2.399 = 9 42 10 65 72 27 32 40 66 77 97 78 36 59 75 91 52 24 13 
781-10-13 1?2.082 = 10 65 72 27 32 40 66 49 69 79 89 87 91 75 52 24 13 
781-9-10 1?2.131 = 9 42 62 44 78 36 97 77 66 40 32 27 72 65 10 
781-10-14 1?2.108 = 10 65 72 27 32 49 69 79 89 87 91 75 26 84 38 94 93 14 
781-9-14 1?2.475 = 9 42 10 65 72 27 32 69 49 79 89 87 91 75 26 38 94 93 14 
781-9-15 1?2.552 = 9 42 10 65 72 27 32 69 49 79 89 87 91 75 26 84 38 94 46 15 
781-10-15 1?2.266 = 10 65 72 27 32 40 66 77 97 78 36 59 91 75 26 38 94 46 15 
781-11-12 1?1.828 = 11 27 32 40 66 77 97 78 36 59 87 89 79 49 69 12 
781-12-13 1?1.613 = 12 69 49 79 89 87 91 75 26 38 94 93 52 24 13 
781-11-13 1?1.66 = 11 27 32 40 66 77 97 78 36 59 91 75 52 24 13 
781-12-15 1?1.642 = 12 69 49 79 89 87 91 75 26 93 94 38 28 46 15 
781-12-14 1?1.719 = 12 69 49 32 66 77 97 78 36 59 91 75 26 93 14 
781-13-15 1?2.005 = 13 24 52 91 75 26 93 94 38 84 21 22 28 46 15 
781-14-15 1?2.132 = 14 93 26 94 38 84 28 22 68 37 95 18 50 23 46 15 
781-13-14 1?1.999 = 13 24 89 79 69 49 66 77 97 78 36 59 75 26 93 14 
781-11-14 1?1.932 = 11 27 72 65 32 40 66 77 97 78 36 59 91 75 26 93 14 
781-11-15 1?2.152 = 11 27 72 65 40 66 77 97 78 36 59 91 75 26 84 38 94 46 15 
stop
