start
821-0-2 1?1.882 = 0 69 89 94 25 36 30 83 67 19 62 41 34 92 2 
821-0-1 1?1.973 = 0 69 89 94 25 36 30 67 19 62 41 34 21 54 1 
821-0-4 1?2.219 = 0 69 89 94 25 36 30 83 93 46 67 19 62 26 53 31 73 4 
821-0-3 1?2.211 = 0 69 89 94 25 36 30 83 93 46 67 19 62 41 34 92 3 
821-0-11 1?2.07 = 0 69 89 94 25 30 83 63 32 96 79 27 42 35 39 56 47 76 48 11 
821-0-8 1?2.568 = 0 69 89 94 25 36 30 83 93 46 61 50 52 98 85 57 23 38 18 8 
821-0-7 1?2.665 = 0 69 89 94 25 36 30 83 93 46 61 50 52 98 85 57 23 77 66 70 7 
821-0-5 1?2.472 = 0 69 89 94 25 36 30 83 93 46 67 19 62 26 53 31 80 73 5 
821-0-10 1?2.344 = 0 69 89 94 63 32 96 79 27 42 35 39 56 47 76 37 48 72 43 55 10 
821-0-9 1?2.468 = 0 69 89 94 63 32 96 79 27 42 35 39 56 47 90 82 28 16 74 86 9 
821-0-6 1?2.628 = 0 69 89 94 25 36 30 83 93 46 29 22 77 66 70 65 20 51 6 
821-0-13 1?1.599 = 0 69 89 94 63 32 96 79 27 42 35 78 49 71 81 13 
821-0-14 1?1.771 = 0 69 89 94 63 32 96 79 27 42 35 78 87 97 84 14 
821-1-3 1?2.153 = 1 24 89 94 25 36 30 83 67 19 62 26 95 34 92 3 
821-0-15 1?1.973 = 0 69 17 32 96 79 27 42 35 78 87 97 84 60 58 15 
821-1-4 1?2.288 = 1 54 68 24 89 94 25 36 30 67 19 62 26 53 31 80 73 4 
821-1-5 1?2.555 = 1 24 89 94 25 30 83 93 46 67 19 62 26 53 31 80 73 5 
821-1-2 1?2.044 = 1 24 89 94 25 36 30 83 67 19 62 26 95 34 92 2 
821-1-7 1?2.748 = 1 24 89 94 25 30 83 93 46 61 50 52 98 85 57 23 77 66 70 7 
821-1-6 1?2.756 = 1 24 89 94 25 36 30 83 93 46 29 22 77 66 65 20 51 6 
821-1-8 1?2.651 = 1 24 89 94 25 30 83 93 46 61 50 52 98 85 57 23 38 18 8 
821-0-12 1?1.887 = 0 69 89 94 25 30 83 63 32 96 79 27 42 35 39 56 47 76 37 12 
821-1-14 1?1.957 = 1 68 25 36 30 83 63 32 96 79 27 42 35 78 87 84 14 
821-1-15 1?2.183 = 1 54 36 30 83 63 32 96 79 27 42 35 78 87 84 58 15 
821-2-4 1?2.153 = 2 92 34 41 36 30 67 19 62 40 53 31 80 73 4 
821-2-3 1?2.243 = 2 21 54 68 89 94 25 30 67 19 62 26 95 34 92 3 
821-2-5 1?2.395 = 2 92 34 41 36 30 67 19 62 40 53 31 80 73 5 
821-1-10 1?2.476 = 1 68 25 30 83 63 32 96 79 27 42 35 39 56 47 76 48 72 43 55 10 
821-1-11 1?2.341 = 1 24 89 94 25 36 30 83 63 32 96 79 27 42 35 39 56 76 37 48 11 
821-1-13 1?1.937 = 1 24 89 94 25 30 83 63 32 96 79 27 42 35 78 49 71 81 13 
821-2-6 1?2.752 = 2 92 34 41 36 30 83 93 46 29 22 77 66 65 20 51 6 
821-1-9 1?2.587 = 1 24 89 94 63 32 96 79 27 42 35 39 56 47 90 82 28 16 86 9 
821-1-12 1?2.12 = 1 24 89 94 25 36 30 83 63 32 96 79 27 42 35 39 56 47 76 37 12 
821-2-15 1?2.359 = 2 92 34 41 36 30 83 63 32 96 79 27 42 78 87 84 58 15 
821-3-4 1?2.262 = 3 92 34 41 36 30 67 19 62 40 53 31 80 73 4 
821-2-14 1?2.18 = 2 92 34 41 36 30 83 63 32 96 79 27 42 35 78 87 97 84 14 
821-3-5 1?2.504 = 3 92 34 41 36 30 67 19 62 40 53 31 80 73 5 
821-2-11 1?2.299 = 2 92 34 41 36 30 83 63 32 96 79 27 42 35 39 56 47 76 48 11 
821-2-7 1?2.671 = 2 21 54 68 89 94 25 36 30 83 93 46 29 22 77 66 70 7 
821-2-10 1?2.604 = 2 21 54 36 30 83 63 32 96 79 27 42 35 39 56 47 76 48 72 55 10 
821-2-13 1?2.208 = 2 92 34 41 36 30 83 63 32 60 87 79 27 42 35 78 49 71 81 13 
821-2-8 1?2.722 = 2 92 34 41 36 30 83 93 46 61 50 52 98 85 57 23 38 18 8 
821-2-9 1?2.689 = 2 92 34 41 36 30 83 93 46 61 50 82 28 52 85 98 16 86 9 
821-2-12 1?2.311 = 2 92 34 41 36 30 83 63 32 96 27 79 87 78 42 35 39 56 47 76 37 12 
821-3-15 1?2.492 = 3 92 34 41 36 30 83 63 32 96 79 27 42 35 78 87 84 58 15 
821-4-5 1?2.584 = 4 73 80 31 53 26 62 41 36 30 67 19 40 33 75 5 
821-3-14 1?2.384 = 3 92 34 41 36 30 83 63 32 96 79 27 42 35 49 78 87 84 97 14 
821-3-11 1?2.408 = 3 92 34 41 36 30 83 63 32 96 79 27 42 35 39 56 47 76 48 11 
821-3-7 1?2.769 = 3 92 34 95 26 62 41 36 30 83 93 46 29 22 77 66 70 7 
821-3-10 1?2.742 = 3 92 34 41 36 30 83 63 32 96 79 27 42 35 39 56 47 90 91 45 10 
821-3-6 1?2.861 = 3 92 34 41 36 30 83 93 46 29 22 77 66 65 20 51 6 
821-3-9 1?2.7 = 3 92 34 41 36 30 83 93 46 61 50 82 28 64 91 16 86 9 
821-3-8 1?2.764 = 3 92 34 41 36 30 83 93 46 61 50 52 98 85 57 23 38 8 
821-3-13 1?2.366 = 3 92 34 41 36 30 83 63 32 60 87 79 96 27 42 35 78 49 71 81 13 
821-3-12 1?2.42 = 3 92 34 41 36 30 83 63 32 96 27 79 87 78 42 35 39 56 47 76 37 12 
821-4-15 1?2.481 = 4 73 80 31 53 26 62 19 67 46 93 83 30 36 25 94 89 69 15 
821-4-7 1?2.48 = 4 73 80 31 53 33 22 88 57 85 52 98 23 77 66 70 7 
821-4-14 1?2.38 = 4 73 80 31 53 40 29 46 93 59 96 79 27 42 35 78 87 84 14 
821-5-6 1?2.835 = 5 73 80 31 53 26 62 19 40 22 77 66 65 20 51 6 
821-4-6 1?2.532 = 4 73 80 31 53 75 33 22 88 23 77 66 70 65 20 51 6 
821-4-11 1?2.543 = 4 73 80 31 53 40 29 61 59 96 79 27 42 35 39 56 76 37 48 11 
821-4-10 1?2.584 = 4 73 80 31 53 40 22 88 23 57 85 98 52 28 82 64 91 43 72 55 10 
821-4-13 1?2.334 = 4 73 80 31 53 40 29 46 93 63 32 96 79 27 42 35 78 49 71 81 13 
821-4-9 1?2.531 = 4 73 80 31 53 33 22 88 23 57 85 98 28 82 64 91 16 74 86 9 
821-4-8 1?2.734 = 4 73 80 31 53 33 22 88 23 57 85 98 28 82 64 91 16 74 18 8 
821-4-12 1?2.322 = 4 73 80 31 53 40 29 61 59 96 79 27 42 35 39 56 47 76 37 12 
821-5-7 1?2.692 = 5 51 20 65 66 77 23 57 85 98 16 74 18 38 44 70 7 
821-6-7 1?2.432 = 6 51 20 65 66 77 23 57 85 98 16 74 18 38 44 70 7 
821-5-8 1?2.407 = 5 51 20 65 70 66 77 23 57 85 98 16 74 86 18 8 
821-6-8 1?2.147 = 6 51 20 65 70 66 77 23 57 85 98 16 74 86 18 8 
821-5-15 1?2.863 = 5 80 31 53 40 29 46 93 63 32 96 79 27 42 35 78 87 84 58 15 
821-5-14 1?2.608 = 5 80 31 53 26 62 19 67 46 93 59 96 79 27 42 35 78 87 84 14 
821-5-11 1?2.578 = 5 51 20 65 70 66 44 77 88 23 57 85 98 52 28 82 64 91 43 72 11 
821-5-10 1?2.499 = 5 51 20 65 70 66 77 23 57 85 98 28 82 64 91 45 43 72 55 10 
821-5-13 1?2.488 = 5 80 31 53 40 29 46 93 63 32 96 79 27 42 35 78 49 71 81 13 
821-5-9 1?2.625 = 5 51 20 65 70 66 44 38 23 57 85 98 52 28 82 64 91 16 74 86 9 
821-5-12 1?2.476 = 5 80 31 53 40 29 61 59 96 79 27 42 35 39 56 47 76 37 12 
821-7-9 1?1.874 = 7 70 66 77 23 57 85 98 52 28 82 64 91 16 74 86 9 
821-7-10 1?1.963 = 7 65 70 66 44 38 23 57 85 98 52 28 82 64 91 43 72 55 10 
821-6-9 1?1.988 = 6 51 20 65 70 66 44 38 23 57 85 52 98 16 74 86 9 
821-7-8 1?2.077 = 7 70 66 77 23 57 85 98 52 28 82 64 91 16 74 18 8 
821-7-11 1?2.195 = 7 65 70 66 77 23 57 85 52 98 74 16 28 82 64 91 43 72 55 11 
821-6-15 1?2.736 = 6 20 77 23 57 85 98 28 82 90 47 56 39 35 42 27 79 96 60 58 15 
821-6-14 1?2.501 = 6 20 77 23 57 85 98 28 82 90 47 56 39 35 42 27 79 87 84 14 
821-6-10 1?2.171 = 6 51 20 65 70 66 77 23 57 85 98 52 28 82 64 91 43 72 55 10 
821-6-11 1?2.321 = 6 51 20 65 70 66 44 38 23 57 85 98 52 28 82 64 91 43 72 55 11 
821-6-13 1?2.37 = 6 20 77 23 57 85 98 28 82 90 47 56 39 35 42 78 49 71 81 13 
821-6-12 1?2.309 = 6 51 20 65 70 66 77 23 57 85 98 28 82 90 47 56 76 37 12 
821-8-9 1?1.914 = 8 18 38 23 57 85 98 52 50 82 28 64 91 16 74 86 9 
821-8-10 1?1.926 = 8 18 38 23 57 85 52 98 74 16 28 82 64 91 43 72 55 10 
821-8-11 1?2.278 = 8 18 38 44 66 70 65 77 23 57 85 98 28 82 64 91 43 72 55 11 
821-8-15 1?2.444 = 8 18 74 16 28 82 90 47 56 39 35 42 27 96 79 87 84 60 58 15 
821-7-15 1?2.569 = 7 70 66 77 23 57 85 98 28 82 90 47 56 39 35 42 27 79 96 60 58 15 
821-7-14 1?2.334 = 7 70 66 77 23 57 85 98 28 82 90 47 56 39 35 42 27 79 87 84 14 
821-7-13 1?2.203 = 7 70 66 77 23 57 85 98 28 82 90 47 56 39 35 42 78 49 71 81 13 
821-8-14 1?2.286 = 8 18 38 23 57 85 98 28 82 90 47 56 39 35 42 27 96 79 87 84 14 
821-8-13 1?2.169 = 8 18 38 23 57 85 98 52 28 82 90 47 56 39 35 42 78 49 71 81 13 
821-7-12 1?2.316 = 7 65 70 66 77 23 57 85 98 16 91 64 28 82 90 47 56 76 37 12 
821-8-12 1?2.245 = 8 18 74 16 28 82 90 47 56 39 35 42 27 96 79 78 49 71 12 
821-10-13 1?1.549 = 10 55 43 72 48 76 47 56 39 35 42 78 49 71 81 13 
821-10-11 1?2.03 = 10 45 91 64 82 90 47 56 39 35 42 78 49 71 37 48 11 
821-9-11 1?1.845 = 9 86 16 74 98 85 57 52 28 82 64 91 72 43 45 55 11 
821-9-10 1?1.738 = 9 86 74 16 98 85 57 52 28 82 64 91 72 43 55 45 10 
821-10-14 1?1.85 = 10 55 43 72 48 37 76 47 56 39 35 42 27 96 79 87 97 84 14 
821-10-12 1?1.75 = 10 55 43 72 48 37 76 47 56 39 35 42 78 49 71 12 
821-9-15 1?2.271 = 9 86 74 16 28 82 90 47 76 56 39 35 42 27 96 79 87 84 58 15 
821-10-15 1?2.188 = 10 55 43 72 48 37 76 47 56 39 35 42 27 96 79 87 97 84 60 58 15 
821-9-13 1?1.937 = 9 86 16 28 82 90 47 56 39 35 42 27 96 79 87 78 49 71 81 13 
821-9-14 1?2.086 = 9 86 74 16 28 82 90 47 76 56 39 35 42 27 96 79 78 87 84 14 
821-9-12 1?2.028 = 9 86 74 16 28 82 90 47 56 39 35 42 78 49 71 76 37 12 
821-11-13 1?1.313 = 11 48 76 47 56 39 35 42 27 96 79 78 49 71 81 13 
821-12-13 1?1.13 = 12 37 76 47 56 39 35 42 27 96 79 78 49 71 81 13 
821-13-14 1?1.353 = 13 81 71 49 78 35 42 79 27 96 87 97 84 60 58 14 
821-11-14 1?1.446 = 11 48 37 76 47 56 39 35 42 27 96 79 87 97 84 14 
821-12-14 1?1.302 = 12 37 76 47 56 39 35 42 27 96 79 78 87 97 84 14 
821-13-15 1?1.443 = 13 81 71 49 78 35 42 27 96 79 87 97 84 60 58 15 
821-14-15 1?1.717 = 14 84 97 81 71 49 78 42 27 96 79 87 60 58 17 15 
821-11-12 1?1.549 = 11 48 76 47 56 39 35 42 27 96 79 87 78 49 71 12 
821-12-15 1?1.716 = 12 37 76 47 56 39 35 42 27 96 79 78 49 71 81 97 84 58 15 
821-11-15 1?1.964 = 11 48 37 76 47 56 39 35 42 27 79 78 49 71 81 97 84 60 58 15 
stop
