start
476-0-1 1?2.429 = 0 59 87 98 27 76 31 88 33 61 82 40 32 75 85 1 
476-0-2 1?2.079 = 0 59 87 98 76 31 88 43 83 33 61 82 40 75 32 2 
476-0-3 1?2.033 = 0 59 87 98 76 31 65 64 39 68 43 83 33 61 82 3 
476-0-4 1?2.148 = 0 59 87 98 27 76 31 65 64 39 68 43 83 33 61 82 34 84 4 
476-0-5 1?2.452 = 0 59 87 98 27 76 31 65 64 39 68 43 83 33 61 42 74 5 
476-0-6 1?2.8 = 0 59 63 30 53 57 81 18 73 91 77 99 67 96 54 89 70 80 49 6 
476-0-7 1?2.562 = 0 59 63 30 53 57 25 81 18 94 73 91 77 99 67 96 54 89 70 7 
476-0-8 1?2.501 = 0 59 63 30 53 57 25 81 18 73 91 20 36 46 47 44 17 26 78 8 
476-0-9 1?2.512 = 0 59 63 30 53 57 81 18 94 73 91 20 36 46 47 16 55 19 9 
476-0-10 1?2.507 = 0 59 63 30 53 57 81 18 94 73 91 20 36 46 48 50 52 21 10 
476-0-11 1?2.458 = 0 59 63 30 53 18 81 25 72 66 41 90 23 86 92 71 28 60 11 
476-0-12 1?2.212 = 0 59 63 30 53 18 81 25 72 66 41 90 23 86 92 71 28 12 
476-0-13 1?2.224 = 0 59 63 24 69 57 53 18 81 72 66 41 90 23 86 92 13 
476-0-14 1?2.269 = 0 59 63 30 53 94 73 18 81 25 57 69 37 93 14 
476-0-15 1?2.468 = 0 59 63 30 53 18 73 91 72 81 57 69 37 93 15 
476-1-2 1?1.983 = 1 87 98 27 76 31 88 43 83 33 61 82 40 75 32 2 
476-1-3 1?1.96 = 1 87 98 27 76 31 88 43 83 33 61 82 40 75 32 3 
476-1-4 1?1.894 = 1 87 98 27 76 31 65 64 68 43 83 33 61 82 34 84 4 
476-1-5 1?2.431 = 1 87 98 27 76 31 65 64 68 43 83 33 61 82 84 34 42 74 5 
476-1-6 1?2.629 = 1 85 75 32 40 82 61 33 83 43 68 65 64 39 51 42 74 58 49 6 
476-1-7 1?2.583 = 1 87 98 27 76 31 65 64 39 38 95 99 67 96 17 26 78 54 89 70 7 
476-1-8 1?2.601 = 1 85 75 32 40 82 61 33 83 43 68 39 38 95 99 67 96 17 26 78 8 
476-1-9 1?2.498 = 1 87 98 27 30 53 57 25 81 18 73 91 20 36 46 47 16 55 19 9 
476-1-10 1?2.589 = 1 87 98 27 30 53 57 25 81 18 94 73 91 20 36 46 48 50 52 21 10 
476-1-11 1?2.506 = 1 87 98 27 30 53 18 81 25 72 66 41 90 23 86 92 71 28 60 11 
476-1-12 1?2.314 = 1 87 98 76 27 30 53 18 81 25 72 66 41 90 23 86 92 71 12 
476-1-13 1?2.196 = 1 87 98 27 30 53 18 57 25 81 72 66 41 90 23 86 92 13 
476-1-14 1?2.23 = 1 87 98 76 27 30 53 18 81 25 57 69 24 37 93 14 
476-1-15 1?2.411 = 1 87 98 27 76 31 35 30 53 18 81 57 69 37 93 15 
476-2-3 1?1.894 = 2 32 75 40 29 88 43 65 64 39 68 83 33 61 82 3 
476-2-4 1?1.831 = 2 32 75 40 29 88 43 65 64 68 83 33 61 82 34 4 
476-2-5 1?1.905 = 2 32 75 40 82 61 33 83 43 65 64 39 51 42 74 5 
476-2-6 1?2.257 = 2 32 75 40 82 61 33 83 43 68 65 64 39 51 42 74 58 49 6 
476-2-7 1?2.166 = 2 32 75 40 82 61 33 83 43 68 39 38 95 67 96 54 89 70 7 
476-2-8 1?2.229 = 2 32 75 40 82 61 33 83 43 68 39 38 95 99 67 96 17 26 78 8 
476-2-9 1?2.378 = 2 32 75 40 82 61 33 83 43 68 39 38 79 95 99 67 44 55 19 9 
476-2-10 1?2.402 = 2 32 75 40 82 61 33 83 68 39 38 77 36 46 48 50 52 21 10 
476-2-11 1?2.515 = 2 32 75 40 29 88 65 64 35 30 53 18 81 72 66 41 90 60 11 
476-2-12 1?2.354 = 2 32 75 40 29 88 65 64 35 30 53 18 81 25 62 23 86 71 12 
476-2-13 1?2.337 = 2 32 75 40 29 88 65 64 35 30 53 18 81 25 62 23 86 92 13 
476-2-14 1?2.262 = 2 32 75 40 82 61 33 83 43 65 35 30 24 37 93 14 
476-2-15 1?2.323 = 2 32 75 40 82 61 33 83 43 88 31 76 98 87 59 15 
476-3-4 1?1.808 = 3 32 75 40 29 88 43 65 64 68 83 33 61 82 34 4 
476-3-5 1?1.882 = 3 32 75 40 82 61 33 83 43 65 64 39 51 42 74 5 
476-3-6 1?2.148 = 3 32 75 40 82 61 33 83 43 65 64 39 51 42 74 58 49 6 
476-3-7 1?2.135 = 3 82 61 33 83 43 68 39 38 95 99 67 96 17 26 54 89 70 7 
476-3-8 1?2.204 = 3 32 75 40 82 61 33 83 43 68 39 79 95 99 67 96 17 26 78 8 
476-3-9 1?2.355 = 3 32 75 40 82 61 33 83 43 68 39 38 79 95 99 67 44 55 19 9 
476-3-10 1?2.406 = 3 82 61 33 83 43 65 64 35 30 53 18 81 72 66 41 90 56 45 21 10 
476-3-11 1?2.472 = 3 82 61 33 83 43 65 64 35 30 53 18 57 25 81 72 66 41 90 60 11 
476-3-12 1?2.314 = 3 82 61 33 83 43 65 64 35 30 53 18 81 25 62 23 86 92 71 28 12 
476-3-13 1?2.315 = 3 82 61 33 83 43 65 64 35 94 53 18 81 57 25 62 23 86 92 13 
476-3-14 1?2.303 = 3 82 61 33 83 43 65 64 35 94 53 18 81 25 57 69 37 93 14 
476-3-15 1?2.369 = 3 82 61 33 83 43 65 64 35 30 53 18 81 57 69 37 93 15 
476-4-5 1?1.898 = 4 84 34 82 61 33 83 43 65 64 38 39 51 42 74 5 
476-4-6 1?1.884 = 4 84 34 82 61 33 83 43 65 64 39 51 42 74 49 6 
476-4-7 1?1.939 = 4 84 34 82 61 33 83 43 68 39 38 95 67 96 54 89 70 7 
476-4-8 1?2 = 4 84 34 82 61 33 83 43 68 39 38 79 95 67 96 17 26 78 8 
476-4-9 1?2.216 = 4 84 34 82 61 33 83 43 65 64 39 38 95 99 67 44 55 19 9 
476-4-10 1?2.354 = 4 84 34 82 61 33 83 43 68 39 38 79 95 99 36 46 48 50 52 21 10 
476-4-11 1?2.409 = 4 84 34 82 61 33 83 43 65 64 35 30 53 18 81 72 66 41 90 60 11 
476-4-12 1?2.416 = 4 84 34 82 61 33 83 43 65 64 35 30 53 18 81 72 66 41 90 23 86 71 12 
476-4-13 1?2.327 = 4 84 34 82 61 33 83 43 65 64 35 94 73 72 66 41 90 23 86 92 13 
476-4-14 1?2.287 = 4 84 34 82 61 33 83 43 65 64 35 30 53 18 81 25 57 69 37 93 14 
476-4-15 1?2.356 = 4 84 34 82 61 33 83 43 65 64 35 30 53 18 81 57 69 37 15 
476-5-6 1?2.133 = 5 74 58 97 95 99 67 96 17 26 54 89 70 80 49 6 
476-5-7 1?2.078 = 5 42 51 39 38 79 95 99 67 96 17 26 54 89 70 7 
476-5-8 1?2.334 = 5 74 58 97 80 70 89 54 96 67 99 36 46 47 44 17 26 78 8 
476-5-9 1?2.389 = 5 74 58 97 80 22 70 89 54 78 26 17 96 67 99 47 44 55 19 9 
476-5-10 1?2.473 = 5 74 49 80 22 70 89 54 26 17 96 67 99 36 46 48 50 52 21 10 
476-5-11 1?2.572 = 5 74 42 51 39 64 65 35 30 53 18 57 25 81 72 66 41 90 60 11 
476-5-12 1?2.52 = 5 74 42 51 39 64 65 35 30 53 18 81 25 72 66 41 90 23 86 71 12 
476-5-13 1?2.459 = 5 74 42 51 39 64 65 35 30 53 18 81 72 66 41 90 23 86 92 13 
476-5-14 1?2.52 = 5 74 42 51 39 64 65 35 94 73 18 53 57 81 25 69 37 93 14 
476-5-15 1?2.503 = 5 74 42 51 39 64 65 35 30 53 18 81 25 57 69 37 93 15 
476-6-7 1?2.098 = 6 49 58 51 39 38 95 99 67 96 17 26 54 89 70 7 
476-6-8 1?1.963 = 6 49 80 22 70 89 54 96 67 99 36 46 47 16 55 8 
476-6-9 1?1.876 = 6 49 80 22 70 89 54 78 26 17 96 67 44 55 16 19 9 
476-6-10 1?2.123 = 6 49 80 22 70 89 54 26 17 96 67 99 36 46 48 50 52 21 10 
476-6-11 1?2.351 = 6 49 80 70 89 54 26 17 96 67 99 47 36 46 48 50 52 21 11 
476-6-12 1?2.455 = 6 49 97 79 38 77 91 73 94 53 18 81 25 62 23 86 92 71 28 12 
476-6-13 1?2.5 = 6 49 97 79 38 77 91 73 18 53 57 25 81 72 66 41 90 23 86 92 13 
476-6-14 1?2.535 = 6 49 80 70 89 54 96 67 99 77 91 73 18 81 57 69 37 93 14 
476-6-15 1?2.637 = 6 49 97 79 38 77 91 73 94 30 53 18 81 25 57 69 37 93 15 
476-7-8 1?1.688 = 7 54 89 70 22 96 67 99 36 46 47 44 17 26 78 8 
476-7-9 1?1.716 = 7 70 89 54 26 17 96 67 99 36 46 47 16 55 19 9 
476-7-10 1?1.711 = 7 70 89 54 26 17 96 67 99 36 46 48 50 52 21 10 
476-7-11 1?2.399 = 7 70 89 54 96 67 99 47 46 36 20 91 73 72 66 41 90 60 11 
476-7-12 1?2.179 = 7 70 89 54 96 67 99 36 46 20 66 41 90 23 86 92 71 28 12 
476-7-13 1?2.361 = 7 70 89 54 96 67 99 77 91 73 94 18 53 57 81 25 62 23 86 92 13 
476-7-14 1?2.346 = 7 70 89 54 96 67 99 36 46 20 91 73 18 81 25 57 69 37 93 14 
476-7-15 1?2.467 = 7 89 54 96 67 99 36 46 20 91 73 18 81 25 57 69 37 93 15 
476-8-9 1?1.79 = 8 78 26 17 96 67 99 36 46 48 47 44 55 16 19 9 
476-8-10 1?1.814 = 8 78 26 17 96 67 99 47 46 36 20 48 50 52 21 10 
476-8-11 1?2.26 = 8 78 26 17 44 47 46 36 20 66 41 90 23 86 71 28 60 11 
476-8-12 1?2.064 = 8 78 26 17 44 47 46 36 20 56 41 90 23 86 92 71 28 12 
476-8-13 1?2.258 = 8 78 26 17 96 67 99 77 91 73 18 53 57 81 25 62 23 86 92 13 
476-8-14 1?2.298 = 8 78 26 17 44 47 46 36 20 91 73 94 18 81 57 69 37 93 14 
476-8-15 1?2.392 = 8 78 26 17 44 47 46 36 20 91 73 18 81 25 57 69 37 93 15 
476-9-10 1?1.873 = 9 19 16 55 44 17 26 96 67 99 36 46 48 50 52 10 
476-9-11 1?2.054 = 9 19 16 55 44 17 96 67 99 36 46 48 50 52 21 11 
476-9-12 1?1.962 = 9 19 55 16 47 46 36 20 56 41 90 23 86 92 71 12 
476-9-13 1?2.212 = 9 19 16 47 46 36 20 91 73 18 53 57 81 25 62 23 86 92 13 
476-9-14 1?2.28 = 9 19 55 16 47 46 36 20 91 73 18 53 57 81 25 69 37 93 14 
476-9-15 1?2.403 = 9 19 55 16 47 46 36 20 91 73 94 18 81 57 69 37 93 15 
476-10-11 1?2.064 = 10 21 52 45 56 90 41 66 62 23 86 92 71 28 60 11 
476-10-12 1?1.899 = 10 21 45 56 90 41 66 72 81 25 62 23 86 71 28 12 
476-10-13 1?1.915 = 10 21 45 56 90 41 66 72 18 81 25 62 23 86 92 13 
476-10-14 1?1.904 = 10 21 45 56 41 66 72 81 18 53 57 69 37 93 14 
476-10-15 1?2.391 = 10 21 45 56 90 41 66 72 73 94 53 18 81 57 69 37 93 15 
476-11-12 1?1.995 = 11 60 90 41 66 72 81 18 53 57 25 62 23 86 71 12 
476-11-13 1?1.978 = 11 60 90 41 66 72 81 18 53 57 25 62 23 86 92 13 
476-11-14 1?2.051 = 11 45 56 90 41 66 72 25 81 18 53 57 69 37 93 14 
476-11-15 1?2.365 = 11 60 28 71 92 86 23 90 41 66 72 81 25 57 69 37 93 15 
476-12-13 1?1.83 = 12 28 90 41 66 72 81 18 53 57 25 62 23 86 92 13 
476-12-14 1?1.874 = 12 28 71 86 23 90 41 66 72 81 57 69 37 93 14 
476-12-15 1?2.119 = 12 28 71 92 86 23 90 41 66 72 81 25 57 69 37 93 15 
476-13-14 1?1.893 = 13 92 86 23 90 41 66 72 81 18 53 69 37 93 14 
476-13-15 1?2.025 = 13 92 86 23 90 41 66 72 81 18 53 57 69 37 15 
476-14-15 1?2.415 = 14 13 92 86 23 90 41 66 72 81 18 53 57 69 37 15 
stop
