start
711-0-4 1?2.236 = 0 63 24 81 90 28 76 70 71 30 73 87 75 98 95 42 89 4 
711-0-1 1?1.984 = 0 91 63 24 90 28 70 71 30 73 75 38 51 57 1 
711-0-10 1?2.392 = 0 91 63 24 90 28 70 71 30 26 93 94 36 49 27 22 99 10 
711-0-11 1?2.367 = 0 91 63 24 81 90 28 70 71 30 26 93 94 36 49 27 11 
711-0-7 1?2.566 = 0 91 63 24 81 90 28 70 71 30 26 66 69 96 55 45 86 46 34 7 
711-0-2 1?1.879 = 0 63 24 81 90 28 70 71 30 73 87 75 38 83 2 
711-0-6 1?2.462 = 0 91 63 52 57 24 81 90 28 70 71 30 73 87 79 45 61 72 16 6 
711-0-3 1?1.752 = 0 91 63 24 81 90 28 70 71 30 73 75 98 37 3 
711-0-9 1?2.478 = 0 91 63 24 81 90 28 70 71 30 26 93 94 36 49 31 82 65 23 9 
711-0-5 1?2.298 = 0 91 63 24 81 90 28 70 71 30 73 87 75 98 95 42 89 35 5 
711-0-8 1?2.574 = 0 91 63 24 81 90 28 70 71 30 80 79 45 72 34 46 67 56 32 8 
711-1-4 1?1.83 = 1 52 57 24 81 90 28 51 38 75 98 95 42 89 4 
711-1-3 1?1.692 = 1 52 57 24 81 90 28 70 71 30 73 75 98 37 3 
711-0-15 1?2.235 = 0 91 63 52 57 24 51 28 90 81 92 88 48 58 17 15 
711-1-2 1?1.777 = 1 52 57 24 81 90 28 70 71 30 73 75 38 83 2 
711-0-14 1?2.149 = 0 63 24 81 90 28 71 30 70 76 84 92 88 48 62 14 
711-0-12 1?2.357 = 0 63 24 90 28 70 26 93 94 36 97 43 60 18 47 64 85 12 
711-1-6 1?2.232 = 1 52 57 24 81 90 28 70 71 30 73 87 79 45 61 72 16 6 
711-0-13 1?2.477 = 0 91 63 81 90 28 70 71 30 26 93 94 36 97 43 20 74 13 
711-1-7 1?2.452 = 1 52 57 24 81 90 28 70 71 30 80 69 96 55 79 45 86 46 34 7 
711-1-5 1?2.159 = 1 57 24 90 28 70 71 30 73 87 75 98 95 42 89 35 5 
711-1-8 1?2.514 = 1 52 57 24 81 90 28 70 71 30 80 79 45 72 34 46 67 56 32 8 
711-1-15 1?2.139 = 1 52 57 24 81 90 28 70 76 84 92 88 48 68 17 15 
711-2-3 1?1.948 = 2 83 51 28 70 71 30 73 87 75 95 98 40 37 3 
711-2-4 1?2 = 2 83 51 28 70 71 30 73 87 75 98 95 42 89 4 
711-1-12 1?2.321 = 1 52 57 24 90 28 70 26 93 94 36 97 43 60 18 47 64 85 12 
711-1-10 1?2.377 = 1 52 57 24 81 90 28 70 71 30 26 93 94 36 49 27 22 99 10 
711-2-6 1?2.302 = 2 83 38 75 87 73 30 71 70 26 69 96 55 79 45 72 16 6 
711-1-13 1?2.424 = 1 52 57 24 90 28 70 71 30 26 93 94 36 97 43 20 74 13 
711-1-9 1?2.477 = 1 52 57 24 81 90 28 70 71 30 26 66 94 36 49 31 82 65 23 9 
711-2-5 1?2.264 = 2 83 38 75 87 73 71 70 30 80 79 45 72 61 33 35 5 
711-1-11 1?2.376 = 1 52 57 24 81 90 28 70 71 30 26 93 94 36 97 49 27 11 
711-1-14 1?2.19 = 1 52 57 24 81 90 28 71 30 70 76 84 92 88 48 58 62 14 
711-3-4 1?2.001 = 3 37 98 75 73 71 30 80 79 45 61 33 42 89 4 
711-2-15 1?2.208 = 2 83 38 75 87 73 30 71 70 28 90 81 24 63 91 78 54 15 
711-2-12 1?2.357 = 2 83 38 75 73 30 71 70 26 93 94 36 97 43 60 18 47 64 85 12 
711-3-5 1?1.965 = 3 37 98 75 87 73 71 30 80 79 45 61 33 35 5 
711-2-9 1?2.5 = 2 83 38 75 87 73 30 71 70 26 93 94 36 49 31 82 53 65 23 9 
711-2-13 1?2.448 = 2 83 38 73 30 71 70 26 93 94 36 97 43 60 18 47 64 85 13 
711-2-7 1?2.463 = 2 83 38 75 87 73 30 71 70 26 93 66 69 96 55 86 46 34 7 
711-2-10 1?2.521 = 2 83 38 75 87 73 30 71 70 76 93 26 66 94 36 49 27 22 99 10 
711-2-11 1?2.501 = 2 83 38 75 87 73 30 71 70 76 26 93 94 36 43 97 49 27 11 
711-2-14 1?2.388 = 2 83 51 28 38 75 87 73 30 71 70 76 84 92 88 48 62 14 
711-2-8 1?2.523 = 2 83 38 75 87 73 30 71 70 76 26 66 69 96 25 67 56 32 8 
711-3-15 1?2.117 = 3 37 98 75 87 73 30 71 70 28 90 24 81 91 78 54 15 
711-3-6 1?1.963 = 3 37 98 75 87 73 71 30 80 79 45 61 72 16 6 
711-4-5 1?2.198 = 4 95 98 75 87 73 71 70 30 80 79 61 33 35 5 
711-3-12 1?2.338 = 3 37 98 75 87 73 30 71 70 26 93 94 36 97 43 60 18 47 64 85 12 
711-3-10 1?2.329 = 3 37 98 75 87 73 30 71 70 26 93 94 36 49 31 82 22 99 10 
711-3-9 1?2.371 = 3 37 98 75 87 73 30 71 70 26 66 94 36 49 31 82 65 23 9 
711-3-13 1?2.394 = 3 37 98 75 73 30 71 70 26 93 94 36 43 60 18 64 85 13 
711-3-7 1?2.32 = 3 37 98 75 87 73 30 71 70 26 69 96 55 45 86 46 34 7 
711-3-14 1?2.313 = 3 37 98 75 38 51 28 90 24 81 78 54 17 68 48 58 62 14 
711-3-8 1?2.469 = 3 37 98 75 87 73 30 71 70 76 93 26 66 69 96 25 67 56 32 8 
711-3-11 1?2.612 = 3 37 98 75 87 73 30 71 70 26 66 94 36 43 97 49 31 82 99 22 11 
711-4-6 1?2.064 = 4 89 42 35 33 61 72 45 79 55 86 46 34 16 6 
711-5-6 1?2.051 = 5 35 89 42 33 61 72 45 79 55 86 46 34 16 6 
711-4-15 1?2.425 = 4 95 98 75 87 73 30 71 70 28 90 24 57 52 63 91 78 54 15 
711-4-12 1?2.325 = 4 89 42 33 61 45 55 96 69 66 94 36 97 43 60 18 47 64 85 12 
711-4-7 1?2.271 = 4 42 89 35 33 61 45 79 55 86 25 59 56 67 46 34 7 
711-4-9 1?2.472 = 4 89 42 33 61 45 79 55 96 69 66 94 36 49 31 82 53 65 23 9 
711-4-10 1?2.526 = 4 89 42 33 61 45 79 55 96 69 66 94 36 43 97 49 31 82 22 99 10 
711-4-13 1?2.485 = 4 89 42 33 61 45 55 96 69 66 94 36 97 43 60 18 47 64 85 13 
711-4-11 1?2.531 = 4 89 42 33 61 72 45 55 96 69 66 94 36 49 31 82 99 22 11 
711-4-14 1?2.587 = 4 95 98 75 87 73 30 71 70 28 90 24 81 92 88 48 58 62 14 
711-4-8 1?2.542 = 4 89 42 33 61 45 55 96 69 66 94 36 97 49 31 82 53 29 8 
711-5-7 1?2.008 = 5 35 89 42 33 61 72 45 79 55 86 46 67 56 7 
711-6-7 1?2.188 = 6 16 72 61 45 79 80 69 96 55 86 46 67 56 7 
711-5-15 1?2.485 = 5 35 89 42 95 98 75 87 73 30 71 70 28 90 24 81 78 54 15 
711-5-9 1?2.336 = 5 35 33 61 45 79 55 96 69 66 94 36 97 49 31 82 65 23 9 
711-6-8 1?2.104 = 6 16 33 61 45 79 55 86 72 34 46 67 56 32 8 
711-5-10 1?2.354 = 5 35 33 61 45 55 96 69 66 94 36 43 97 49 31 82 22 99 10 
711-5-12 1?2.388 = 5 35 33 61 45 55 96 69 66 26 93 94 36 97 43 60 18 47 64 85 12 
711-5-13 1?2.548 = 5 35 33 61 45 55 96 69 66 26 93 94 36 97 43 60 18 47 64 85 13 
711-5-11 1?2.461 = 5 35 33 61 45 79 55 96 69 66 26 93 94 36 43 97 49 27 11 
711-5-14 1?2.565 = 5 35 33 61 72 45 79 55 96 69 66 26 93 84 92 88 48 58 62 14 
711-5-8 1?2.335 = 5 35 89 42 33 61 45 79 55 86 72 16 34 46 67 56 32 8 
711-6-9 1?2.09 = 6 16 72 61 45 79 55 96 69 66 44 41 53 65 23 9 
711-7-9 1?2.165 = 7 46 34 72 61 45 79 55 86 25 59 50 53 65 23 9 
711-7-10 1?2.31 = 7 34 46 86 55 96 69 66 94 36 97 49 31 82 22 99 10 
711-6-12 1?2.22 = 6 16 72 45 79 55 96 69 66 94 36 97 43 60 18 47 64 85 12 
711-7-8 1?2.259 = 7 56 67 46 34 72 61 45 79 55 86 25 59 50 29 8 
711-6-10 1?2.319 = 6 16 72 61 45 55 96 69 66 26 93 94 36 49 27 22 99 10 
711-6-15 1?2.67 = 6 16 72 61 45 79 55 96 69 80 30 71 70 28 90 24 63 91 78 54 15 
711-7-11 1?2.421 = 7 34 46 86 45 79 55 96 69 66 26 93 94 36 49 27 11 
711-6-13 1?2.391 = 6 16 72 45 55 96 69 66 94 36 49 97 43 60 18 47 64 85 13 
711-6-11 1?2.365 = 6 16 72 45 55 96 69 66 94 36 43 97 49 31 82 99 22 11 
711-6-14 1?2.651 = 6 16 72 61 45 79 55 96 69 66 94 36 97 43 19 92 88 48 58 62 14 
711-8-9 1?2.227 = 8 32 56 67 46 34 72 45 86 25 59 50 53 65 23 9 
711-8-10 1?2.256 = 8 29 50 59 41 44 77 36 43 97 49 31 82 27 22 99 10 
711-8-12 1?2.227 = 8 32 56 59 50 53 82 31 49 36 97 43 60 18 47 64 85 12 
711-7-15 1?2.682 = 7 46 34 72 61 45 79 80 30 71 70 28 90 81 24 63 91 78 54 15 
711-7-12 1?2.323 = 7 34 46 86 45 55 96 69 66 94 36 97 43 60 18 47 64 85 12 
711-8-11 1?2.475 = 8 32 56 67 46 86 55 96 69 66 94 36 43 97 49 27 11 
711-8-15 1?2.745 = 8 32 56 67 46 34 72 61 45 79 80 30 71 70 28 90 81 78 54 15 
711-7-13 1?2.483 = 7 34 46 86 45 55 96 69 66 94 36 97 43 60 18 47 64 85 13 
711-8-13 1?2.57 = 8 29 50 59 25 96 69 66 94 36 49 97 43 60 18 47 64 85 13 
711-7-14 1?2.687 = 7 34 46 86 45 55 96 69 66 94 36 49 97 43 19 92 88 48 62 14 
711-8-14 1?2.719 = 8 29 53 82 31 49 36 97 43 60 18 47 64 85 74 21 48 58 62 14 
711-9-10 1?2.275 = 9 23 65 53 41 44 66 26 93 94 36 49 31 82 22 99 10 
711-10-12 1?1.912 = 10 99 22 27 82 31 49 36 97 43 60 18 64 47 85 12 
711-9-12 1?1.974 = 9 23 65 53 82 31 49 36 97 43 20 60 18 47 64 85 12 
711-9-13 1?2.107 = 9 23 65 53 82 31 49 97 43 60 18 47 64 85 39 74 13 
711-10-13 1?2.072 = 10 99 22 27 82 31 49 36 97 43 60 18 64 47 85 13 
711-10-11 1?2.301 = 10 99 22 27 82 31 49 36 97 43 60 18 64 47 85 12 11 
711-9-11 1?2.279 = 9 23 65 53 41 44 77 31 49 36 97 43 60 18 47 64 11 
711-10-15 1?2.552 = 10 99 22 27 49 36 97 43 60 18 47 64 85 74 21 48 68 17 15 
711-9-15 1?2.673 = 9 23 65 53 82 31 49 97 43 60 18 47 64 85 74 21 88 48 68 17 15 
711-10-14 1?2.504 = 10 99 22 27 49 36 97 43 60 18 47 64 85 74 21 48 58 62 14 
711-9-14 1?2.607 = 9 23 65 53 82 31 49 97 43 60 18 64 47 39 74 21 88 48 58 62 14 
711-14-15 1?2.234 = 14 62 21 74 85 47 64 18 60 20 92 88 48 58 17 15 
711-11-12 1?2.199 = 11 22 99 82 31 49 36 97 43 20 39 18 60 64 47 85 12 
711-11-13 1?2.226 = 11 22 99 82 31 49 36 97 43 60 18 47 64 85 39 74 13 
711-12-13 1?2.206 = 12 64 85 47 18 60 39 74 21 88 48 68 17 58 62 13 
711-13-15 1?2.442 = 13 74 39 47 64 18 60 43 97 36 94 19 92 88 48 68 17 15 
711-12-15 1?2.291 = 12 85 64 47 18 60 39 74 21 62 58 48 88 68 17 54 78 15 
711-13-14 1?2.115 = 13 85 47 18 64 60 39 74 21 88 48 68 17 58 62 14 
711-12-14 1?2.022 = 12 85 64 47 18 60 39 74 21 62 58 48 88 68 17 14 
711-11-14 1?2.102 = 11 60 18 47 64 85 39 74 21 88 48 68 17 58 62 14 
711-11-15 1?2.694 = 11 22 99 82 31 49 36 97 43 60 18 47 64 85 74 21 48 68 17 15 
stop
