start
315-0-1 1?2.423 = 0 73 61 55 50 28 54 44 43 37 93 18 58 81 38 45 1 
315-0-2 1?2.222 = 0 73 61 55 50 28 44 43 37 93 18 58 81 38 45 90 2 
315-0-3 1?2.275 = 0 73 61 55 50 28 44 43 18 58 81 38 45 21 41 42 3 
315-0-4 1?2.366 = 0 73 61 68 38 81 58 18 93 37 99 47 91 89 56 80 67 57 4 
315-0-5 1?2.529 = 0 73 61 68 38 81 58 18 91 47 79 89 56 80 67 66 84 19 5 
315-0-6 1?2.682 = 0 73 75 76 95 16 28 44 43 93 37 99 47 65 30 35 62 72 6 
315-0-7 1?2.652 = 0 73 61 55 50 28 44 43 93 37 99 47 65 30 20 25 26 39 69 7 
315-0-8 1?2.58 = 0 73 61 55 50 28 44 54 46 86 24 88 32 48 52 82 23 17 64 51 8 
315-0-9 1?2.498 = 0 73 61 55 50 28 43 44 54 46 86 24 88 32 52 48 82 23 59 85 9 
315-0-10 1?2.464 = 0 73 61 55 50 16 28 44 54 70 78 34 46 86 24 52 82 48 40 10 
315-0-11 1?2.222 = 0 73 61 55 50 28 44 54 46 86 24 52 82 48 32 88 77 36 22 11 
315-0-12 1?2.43 = 0 73 61 55 50 43 44 54 46 86 24 52 82 48 32 88 63 27 60 12 
315-0-13 1?2.48 = 0 73 61 68 38 81 58 91 47 93 37 43 44 28 16 53 33 98 13 
315-0-14 1?2.133 = 0 73 61 68 38 81 58 18 93 43 28 16 95 76 49 14 
315-0-15 1?2.212 = 0 73 61 68 38 81 58 18 93 37 43 28 16 95 76 15 
315-1-2 1?2.442 = 1 61 55 50 28 54 44 43 37 93 18 58 81 38 45 90 2 
315-1-3 1?2.419 = 1 61 55 50 28 44 43 93 18 58 81 38 45 21 41 42 3 
315-1-4 1?2.367 = 1 45 38 81 58 18 93 37 99 47 91 79 89 56 80 67 4 
315-1-5 1?2.592 = 1 45 38 81 58 18 93 37 99 47 91 89 56 80 66 84 19 5 
315-1-6 1?2.756 = 1 45 38 81 58 18 93 37 99 20 30 65 47 91 79 35 62 72 6 
315-1-7 1?2.785 = 1 61 55 50 16 28 44 43 93 37 99 47 65 30 20 83 39 69 7 
315-1-8 1?2.73 = 1 45 38 81 58 18 93 37 70 78 34 86 24 52 48 82 23 17 64 51 8 
315-1-9 1?2.559 = 1 45 38 81 58 18 93 37 70 78 34 46 86 24 52 48 82 23 59 85 9 
315-1-10 1?2.618 = 1 45 38 81 58 91 47 65 30 20 70 78 34 46 86 24 52 82 48 40 10 
315-1-11 1?2.446 = 1 45 38 81 58 18 93 37 70 78 34 46 86 24 52 48 32 88 77 36 11 
315-1-12 1?2.541 = 1 61 55 50 28 44 54 46 86 24 52 82 48 32 88 63 27 60 12 
315-1-13 1?2.536 = 1 45 38 81 58 18 93 43 44 28 16 95 76 49 96 98 13 
315-1-14 1?2.31 = 1 45 38 81 58 18 93 37 43 44 54 28 16 95 76 49 14 
315-1-15 1?2.328 = 1 45 38 81 58 18 93 37 43 44 28 16 95 76 75 31 15 
315-2-3 1?2.32 = 2 90 42 41 21 45 38 81 58 91 79 89 56 80 67 57 3 
315-2-4 1?2.192 = 2 90 45 38 81 58 18 93 37 99 47 79 89 56 80 67 4 
315-2-5 1?2.434 = 2 90 45 38 81 58 18 91 47 79 89 56 80 67 66 84 19 5 
315-2-6 1?2.522 = 2 90 42 41 21 45 38 81 58 18 91 47 65 30 20 83 62 6 
315-2-7 1?2.549 = 2 90 42 41 21 45 38 81 58 18 91 47 65 30 20 83 39 69 7 
315-2-8 1?2.582 = 2 90 45 38 81 58 18 93 37 70 78 34 24 52 48 82 23 17 64 51 8 
315-2-9 1?2.58 = 2 90 45 38 81 58 18 93 37 70 78 34 46 86 24 88 32 48 52 82 59 85 9 
315-2-10 1?2.531 = 2 90 45 38 81 58 91 47 65 30 20 70 78 34 46 86 24 52 82 48 40 10 
315-2-11 1?2.359 = 2 90 45 38 81 58 18 93 37 70 78 34 46 86 24 52 48 32 88 77 36 11 
315-2-12 1?2.471 = 2 90 42 41 21 45 38 81 58 18 93 43 44 28 16 53 29 74 60 12 
315-2-13 1?2.328 = 2 90 42 41 21 45 38 81 58 18 93 43 44 28 16 53 33 98 13 
315-2-14 1?2.109 = 2 90 45 38 81 58 18 93 37 43 44 28 16 95 76 49 14 
315-2-15 1?2.174 = 2 90 45 38 81 58 18 93 37 43 44 28 16 95 75 31 15 
315-3-4 1?2.136 = 3 42 41 21 45 38 81 58 91 47 79 89 56 80 67 4 
315-3-5 1?2.237 = 3 42 41 21 45 38 81 58 56 89 80 67 66 84 19 5 
315-3-6 1?2.416 = 3 42 41 21 45 38 81 58 18 91 47 65 30 20 83 62 6 
315-3-7 1?2.469 = 3 42 41 21 45 38 81 58 18 93 37 99 47 65 30 83 39 69 7 
315-3-8 1?2.515 = 3 42 41 21 45 38 81 58 91 47 65 30 20 83 39 69 97 51 8 
315-3-9 1?2.532 = 3 42 41 21 58 18 93 37 70 78 34 46 86 24 52 48 82 23 17 64 9 
315-3-10 1?2.468 = 3 57 67 80 56 89 79 47 65 30 20 70 78 34 46 86 24 52 48 40 10 
315-3-11 1?2.367 = 3 42 41 21 58 18 93 37 70 78 34 46 86 24 52 48 32 88 77 36 11 
315-3-12 1?2.426 = 3 42 41 21 45 38 81 58 18 93 37 43 44 28 16 53 29 74 60 12 
315-3-13 1?2.397 = 3 42 41 21 45 38 81 58 18 93 37 43 44 54 28 16 53 33 98 13 
315-3-14 1?2.261 = 3 42 41 21 45 38 81 58 18 93 37 43 44 28 16 95 76 49 14 
315-3-15 1?2.218 = 3 42 41 21 45 38 81 58 18 93 43 44 28 16 95 76 15 
315-4-5 1?2.184 = 4 57 67 80 56 89 79 91 47 65 30 35 62 72 19 5 
315-4-6 1?2.232 = 4 57 67 80 56 89 79 91 47 65 30 20 83 62 72 6 
315-4-7 1?2.127 = 4 67 80 56 89 79 91 47 65 30 20 83 39 69 7 
315-4-8 1?2.422 = 4 57 67 80 56 89 79 47 65 30 20 70 78 94 23 17 64 51 8 
315-4-9 1?2.34 = 4 67 80 56 89 79 47 65 30 20 70 78 34 24 52 48 82 59 85 9 
315-4-10 1?2.332 = 4 67 80 56 89 79 65 30 20 25 78 70 34 46 86 24 52 82 48 40 10 
315-4-11 1?2.293 = 4 67 80 56 89 79 47 65 30 20 25 78 70 34 46 86 88 32 77 36 22 11 
315-4-12 1?2.429 = 4 67 80 56 89 79 65 30 20 70 78 94 23 82 48 32 88 63 27 12 
315-4-13 1?2.473 = 4 67 80 56 89 79 47 65 30 20 25 78 70 34 86 46 87 53 33 98 13 
315-4-14 1?2.338 = 4 67 80 56 89 79 47 65 30 99 37 43 44 28 16 95 76 49 14 
315-4-15 1?2.275 = 4 67 80 56 89 79 47 99 37 93 43 44 28 16 95 75 31 15 
315-5-6 1?2.293 = 5 19 84 66 80 56 89 79 47 65 30 20 83 92 6 
315-5-7 1?2.233 = 5 19 84 66 80 56 89 79 47 65 30 83 39 69 7 
315-5-8 1?2.177 = 5 19 84 66 80 56 89 72 62 92 39 26 71 51 8 
315-5-9 1?2.382 = 5 19 72 35 30 20 25 78 70 34 46 86 24 52 48 82 23 59 85 9 
315-5-10 1?2.418 = 5 19 84 89 79 47 65 30 20 25 78 70 34 46 86 24 52 48 40 10 
315-5-11 1?2.274 = 5 19 72 62 92 39 26 71 64 17 23 82 52 48 40 77 36 22 11 
315-5-12 1?2.494 = 5 19 72 35 65 30 20 70 78 34 46 86 24 52 82 48 32 88 63 27 12 
315-5-13 1?2.526 = 5 19 84 66 80 56 89 79 47 99 37 93 43 44 28 16 53 33 98 13 
315-5-14 1?2.432 = 5 19 72 62 35 30 65 47 99 37 93 43 44 28 16 95 76 49 14 
315-5-15 1?2.427 = 5 19 84 89 79 47 99 37 93 43 44 28 16 95 76 75 31 15 
315-6-7 1?2.375 = 6 92 62 35 79 91 47 65 30 20 25 26 39 69 7 
315-6-8 1?2.282 = 6 62 83 25 78 70 34 24 52 48 82 23 17 64 51 8 
315-6-9 1?2.162 = 6 62 35 65 30 20 70 78 34 24 52 48 82 59 85 9 
315-6-10 1?2.296 = 6 72 62 35 65 30 20 25 78 70 34 46 86 24 52 82 48 40 10 
315-6-11 1?2.288 = 6 62 35 65 30 20 70 78 34 46 86 24 52 82 48 32 88 77 36 22 11 
315-6-12 1?2.416 = 6 62 35 65 30 20 70 78 34 46 86 24 52 82 48 32 88 63 27 12 
315-6-13 1?2.613 = 6 62 83 20 30 65 47 99 37 43 44 28 16 95 76 49 96 13 
315-6-14 1?2.683 = 6 72 62 35 79 91 47 65 30 99 37 93 43 44 54 28 16 95 76 49 14 
315-6-15 1?2.527 = 6 92 83 20 30 65 47 99 37 93 43 44 28 16 95 76 75 31 15 
315-7-8 1?2.184 = 7 69 39 25 78 70 34 46 86 24 52 23 17 64 51 8 
315-7-9 1?2.079 = 7 69 39 25 78 70 34 46 86 88 32 48 82 59 85 9 
315-7-10 1?2.135 = 7 69 39 26 71 64 17 23 82 48 52 32 88 63 77 40 10 
315-7-11 1?2.127 = 7 69 39 26 71 64 17 23 82 48 52 32 88 77 63 27 22 36 11 
315-7-12 1?2.329 = 7 69 39 26 71 64 17 23 82 48 40 32 88 77 63 27 60 12 
315-7-13 1?2.561 = 7 69 39 26 25 20 30 65 47 99 37 93 43 44 28 16 53 33 98 13 
315-7-14 1?2.522 = 7 69 39 26 25 20 30 65 47 93 37 43 44 28 16 95 76 49 14 
315-7-15 1?2.467 = 7 69 39 83 30 65 47 99 37 93 43 44 28 16 95 76 75 31 15 
315-8-9 1?1.813 = 8 51 64 17 23 82 52 48 32 88 77 40 59 85 9 
315-8-10 1?1.899 = 8 51 64 17 23 82 52 48 40 32 88 77 36 22 11 10 
315-8-11 1?1.46 = 8 51 64 17 23 82 48 52 88 32 40 77 36 22 11 
315-8-12 1?2.272 = 8 51 64 17 23 82 48 52 88 32 40 77 36 22 63 27 60 74 12 
315-8-13 1?2.46 = 8 51 64 17 23 82 48 32 88 24 86 46 54 44 28 16 53 33 98 13 
315-8-14 1?2.311 = 8 51 64 17 23 82 48 52 24 86 46 54 44 28 16 95 76 49 14 
315-8-15 1?2.376 = 8 51 64 17 23 82 48 52 24 86 46 54 44 28 16 95 75 31 15 
315-9-10 1?1.904 = 9 85 59 17 23 82 52 48 40 32 88 63 77 36 22 11 10 
315-9-11 1?1.514 = 9 85 59 17 23 82 52 48 40 32 88 63 77 36 22 11 
315-9-12 1?2.05 = 9 85 59 64 17 23 82 48 52 88 32 40 77 22 63 27 60 12 
315-9-13 1?2.294 = 9 85 59 23 82 52 48 32 88 24 86 46 54 44 28 16 53 33 98 13 
315-9-14 1?2.272 = 9 85 59 23 82 52 48 32 88 24 86 46 54 44 28 16 95 76 49 14 
315-9-15 1?2.248 = 9 85 59 23 82 48 52 24 86 46 54 44 28 16 95 76 75 31 15 
315-10-11 1?1.604 = 10 59 85 64 17 23 52 82 48 32 88 63 77 36 22 11 
315-10-12 1?1.873 = 10 59 85 64 17 23 82 52 88 32 40 77 63 27 60 12 
315-10-13 1?1.952 = 10 40 48 82 23 94 78 70 34 86 46 87 53 33 98 13 
315-10-14 1?2.141 = 10 40 48 82 52 32 88 86 46 54 44 28 16 95 76 49 14 
315-10-15 1?2.283 = 10 40 48 52 24 86 46 34 78 70 54 44 28 16 95 76 75 31 15 
315-11-12 1?1.712 = 11 22 36 77 40 48 82 52 32 88 63 27 29 74 60 12 
315-11-13 1?1.751 = 11 22 36 77 40 48 82 23 52 32 88 63 27 60 74 13 
315-11-14 1?1.846 = 11 22 36 77 40 32 88 63 27 60 74 29 98 96 49 14 
315-11-15 1?2.09 = 11 36 77 88 32 48 82 52 24 86 46 54 44 28 16 95 76 15 
315-12-13 1?1.955 = 12 60 27 63 88 32 48 82 52 24 86 46 87 29 74 13 
315-12-14 1?2.049 = 12 27 63 88 24 86 46 54 44 28 16 95 76 49 14 
315-12-15 1?2.233 = 12 27 63 88 32 48 52 24 86 46 54 44 28 16 95 75 31 15 
315-13-14 1?2.223 = 13 98 33 53 87 46 86 34 78 70 54 16 95 76 49 14 
315-13-15 1?2.161 = 13 98 33 53 54 44 28 16 95 96 49 76 75 31 15 
315-14-15 1?2.2 = 14 49 76 95 16 28 44 43 93 18 50 55 75 31 15 
stop
