start
826-0-1 1?1.39 = 0 98 58 57 74 86 96 55 38 81 20 60 68 26 88 29 1 
826-0-2 1?1.55 = 0 98 58 57 74 86 96 55 38 81 20 60 68 26 88 54 2 
826-0-4 1?2.016 = 0 38 55 58 57 74 86 16 48 51 37 36 67 70 66 59 41 4 
826-0-3 1?1.961 = 0 98 58 57 74 86 96 55 38 81 20 60 68 26 29 88 54 27 3 
826-0-5 1?2.197 = 0 98 38 55 96 58 57 74 86 16 48 51 37 36 73 70 67 66 18 5 
826-0-6 1?2.308 = 0 98 38 55 96 58 57 74 86 16 48 51 37 36 67 70 35 66 97 6 
826-0-11 1?2.171 = 0 98 38 55 96 86 74 58 57 44 40 72 19 39 92 42 76 99 49 11 
826-0-7 1?2.437 = 0 98 38 55 96 74 86 16 48 51 37 36 67 70 35 63 94 90 89 82 7 
826-0-10 1?2.439 = 0 38 55 58 57 74 86 40 72 19 39 92 84 77 95 50 69 31 10 
826-0-9 1?2.405 = 0 98 38 55 96 74 86 40 72 19 85 39 92 84 33 69 28 17 43 9 
826-0-8 1?2.515 = 0 38 55 96 74 86 16 48 51 37 36 67 70 35 63 94 90 89 82 46 8 
826-0-15 1?1.622 = 0 98 38 55 96 86 74 58 57 44 72 40 85 19 45 15 
826-0-14 1?1.505 = 0 38 55 96 74 86 40 72 19 85 39 92 32 87 14 
826-1-2 1?1.84 = 1 20 81 38 55 98 58 57 74 86 96 60 68 26 88 54 2 
826-1-3 1?1.897 = 1 81 38 55 96 58 57 74 86 60 68 26 88 54 27 3 
826-1-4 1?2.14 = 1 29 88 26 68 65 48 51 78 37 36 67 70 35 66 59 41 4 
826-0-13 1?1.718 = 0 98 38 55 96 86 74 58 57 40 72 19 85 39 92 80 53 71 13 
826-1-6 1?2.446 = 1 20 81 38 55 58 57 74 86 16 48 51 37 36 67 70 66 97 6 
826-0-12 1?1.974 = 0 98 38 55 96 58 57 74 86 40 72 19 85 39 92 80 53 76 12 
826-1-5 1?2.33 = 1 81 38 55 96 58 57 74 86 16 48 51 37 36 67 70 66 18 5 
826-1-7 1?2.523 = 1 29 88 26 68 65 48 51 37 36 67 70 73 62 35 63 94 90 89 82 7 
826-1-8 1?2.64 = 1 29 88 26 68 65 48 51 37 36 67 70 35 66 63 94 90 89 82 46 8 
826-1-15 1?1.498 = 1 20 60 96 55 38 98 58 57 74 86 40 72 45 44 15 
826-1-14 1?1.882 = 1 81 38 55 96 86 74 58 57 40 72 19 85 39 92 32 87 14 
826-2-4 1?2.026 = 2 54 25 37 36 67 70 73 62 35 66 59 41 34 75 4 
826-1-13 1?2.044 = 1 81 38 55 96 86 74 58 57 40 72 19 85 39 92 32 80 53 71 13 
826-2-3 1?2.039 = 2 54 25 37 36 67 70 73 62 35 66 59 41 34 75 3 
826-2-5 1?2.185 = 2 88 26 68 65 48 51 37 36 67 70 66 59 41 79 5 
826-1-12 1?2.253 = 1 20 81 38 55 96 86 74 58 57 44 40 72 19 85 39 92 42 76 12 
826-2-6 1?2.565 = 2 29 88 26 68 65 48 51 78 37 36 73 62 35 70 67 66 97 6 
826-1-9 1?2.668 = 1 81 38 55 96 86 74 58 57 40 72 19 39 85 84 33 69 28 17 43 9 
826-1-11 1?2.378 = 1 20 81 38 55 96 86 74 58 57 40 72 19 85 39 92 42 76 99 49 11 
826-1-10 1?2.658 = 1 81 38 55 96 86 74 58 57 40 72 19 85 39 92 84 33 69 31 10 
826-2-15 1?2.055 = 2 54 88 26 68 60 86 74 96 55 38 98 58 57 44 40 72 45 15 
826-3-4 1?2.088 = 3 52 25 37 36 67 70 73 62 35 66 59 41 34 75 4 
826-2-14 1?2.125 = 2 54 88 26 68 60 20 81 38 55 96 86 74 58 57 44 40 72 45 14 
826-3-5 1?2.239 = 3 27 52 25 37 36 67 70 73 62 35 66 59 41 79 5 
826-2-13 1?2.259 = 2 88 26 68 60 20 81 38 55 96 86 74 58 57 40 72 45 87 22 71 13 
826-2-12 1?2.499 = 2 88 26 60 20 81 38 55 96 86 74 58 57 40 72 19 39 92 80 53 12 
826-2-8 1?2.659 = 2 88 26 68 65 48 51 37 36 73 70 67 66 63 94 90 89 82 46 8 
826-2-7 1?2.55 = 2 88 26 68 65 48 51 37 36 67 70 73 62 35 63 94 90 89 82 7 
826-2-9 1?2.766 = 2 88 26 68 65 37 36 67 70 73 62 78 47 95 50 69 28 17 43 9 
826-2-11 1?2.627 = 2 88 26 60 96 38 55 58 57 74 86 40 72 19 39 92 42 76 99 49 11 
826-2-10 1?2.882 = 2 88 26 20 81 38 55 96 86 74 58 57 40 72 19 85 39 92 21 93 10 
826-3-15 1?2.247 = 3 27 52 54 88 26 60 20 96 55 38 98 58 57 74 86 40 72 44 15 
826-4-5 1?2.237 = 4 34 41 59 67 70 73 36 37 51 78 62 35 66 18 5 
826-3-13 1?2.394 = 3 27 54 88 26 60 96 38 55 58 57 74 86 40 72 45 87 22 71 13 
826-3-14 1?2.247 = 3 27 54 88 26 60 20 81 38 55 96 86 74 58 57 44 40 72 45 14 
826-3-7 1?2.373 = 3 75 34 41 59 66 70 67 36 73 62 35 63 94 90 89 82 7 
826-3-12 1?2.676 = 3 27 54 26 60 96 38 55 58 57 74 86 40 72 19 39 92 80 53 12 
826-3-6 1?2.515 = 3 75 34 41 59 66 70 67 36 37 51 78 62 73 35 63 97 6 
826-3-8 1?2.645 = 3 75 34 41 59 66 70 67 37 36 73 62 35 63 94 90 89 82 46 8 
826-3-9 1?2.655 = 3 75 34 41 59 66 70 67 36 37 51 78 47 50 69 28 17 43 9 
826-3-10 1?2.726 = 3 75 34 41 59 66 67 70 73 36 37 51 78 47 95 50 69 31 10 
826-3-11 1?2.656 = 3 75 34 41 59 66 70 67 36 37 51 78 47 95 50 69 31 93 49 11 
826-4-8 1?2.215 = 4 41 59 66 67 70 73 62 35 63 94 90 89 82 46 8 
826-4-6 1?2.313 = 4 41 59 66 70 67 36 37 51 78 62 73 35 63 97 6 
826-4-7 1?2.159 = 4 41 59 66 67 70 73 62 35 63 94 90 89 82 46 7 
826-5-6 1?2.448 = 5 79 41 59 67 70 73 36 37 51 78 62 35 66 97 6 
826-4-15 1?2.257 = 4 41 59 66 67 70 73 36 37 51 48 16 86 74 96 55 58 57 44 15 
826-4-14 1?2.404 = 4 41 59 67 70 73 62 78 47 95 77 84 92 39 85 19 32 87 14 
826-4-12 1?2.694 = 4 41 59 66 70 67 36 37 51 78 47 95 77 84 85 39 92 80 53 12 
826-4-13 1?2.541 = 4 41 59 66 67 70 73 62 78 47 95 77 84 85 19 39 92 80 53 71 13 
826-4-9 1?2.597 = 4 41 59 66 67 70 73 36 37 51 78 47 95 50 69 28 17 43 9 
826-4-11 1?2.677 = 4 41 59 66 35 62 73 70 67 36 37 51 78 47 95 50 69 31 93 49 11 
826-4-10 1?2.776 = 4 75 34 41 59 67 70 35 62 73 36 37 51 78 47 95 50 69 31 10 
826-5-8 1?2.368 = 5 79 59 66 67 70 73 62 35 63 94 90 89 82 46 8 
826-6-8 1?2.513 = 6 97 66 70 67 37 36 73 35 63 94 90 89 82 46 8 
826-6-7 1?2.426 = 6 97 66 70 67 37 36 73 62 35 63 94 90 89 82 7 
826-5-7 1?2.308 = 5 79 41 59 66 67 70 73 62 35 63 94 90 89 82 7 
826-5-15 1?2.298 = 5 18 66 70 67 36 37 51 48 16 86 74 96 55 38 98 58 57 44 15 
826-5-12 1?2.788 = 5 18 66 35 70 67 36 37 51 78 47 95 77 84 85 39 92 80 53 12 
826-5-14 1?2.582 = 5 79 41 59 66 70 67 36 37 51 78 47 95 77 84 92 32 87 14 
826-5-9 1?2.671 = 5 79 66 35 70 67 36 37 51 78 47 95 50 69 28 17 43 9 
826-5-13 1?2.666 = 5 18 66 35 70 67 36 37 51 78 47 77 84 85 19 39 92 80 53 71 13 
826-5-10 1?2.809 = 5 79 41 59 67 70 35 62 73 36 37 51 78 47 95 50 69 31 10 
826-5-11 1?2.761 = 5 79 41 59 66 35 70 67 36 37 51 78 47 95 50 69 31 93 49 11 
826-7-8 1?2.502 = 7 82 89 90 94 63 35 70 67 73 62 23 30 61 64 8 
826-6-9 1?2.54 = 6 97 66 67 70 73 62 78 47 95 50 69 28 17 43 9 
826-7-9 1?2.514 = 7 82 89 90 94 63 35 70 67 73 62 23 24 91 17 43 9 
826-6-15 1?2.401 = 6 97 66 70 67 36 37 51 48 16 86 74 96 55 38 98 58 57 44 15 
826-7-10 1?2.621 = 7 82 89 90 94 63 35 70 67 73 62 23 50 69 31 10 
826-6-13 1?2.642 = 6 97 66 70 67 36 37 51 78 47 95 77 84 85 39 92 32 71 13 
826-6-14 1?2.615 = 6 97 66 70 67 36 37 51 78 47 95 77 84 85 39 92 32 87 14 
826-7-11 1?2.552 = 7 82 89 94 63 35 70 67 73 62 23 50 69 31 93 49 11 
826-6-12 1?2.835 = 6 97 66 70 67 36 37 78 47 95 77 84 85 19 39 92 80 53 12 
826-6-10 1?2.782 = 6 97 66 35 62 73 70 67 36 37 51 78 47 95 50 69 31 10 
826-6-11 1?2.789 = 6 97 66 35 62 73 70 67 36 37 51 78 47 95 50 69 31 93 49 11 
826-8-12 1?2.709 = 8 64 61 30 24 50 95 77 84 85 19 39 92 80 53 76 12 
826-8-9 1?2.591 = 8 46 82 89 90 94 63 35 70 73 62 23 24 91 17 43 9 
826-8-13 1?2.559 = 8 46 82 89 90 30 24 50 95 77 84 85 19 39 92 80 53 71 13 
826-7-13 1?2.613 = 7 46 82 89 90 30 24 23 50 95 77 84 85 19 39 92 80 53 71 13 
826-8-10 1?2.698 = 8 46 82 89 90 94 63 35 70 73 62 23 50 69 31 10 
826-8-11 1?2.624 = 8 46 82 89 94 90 30 24 23 47 95 50 69 31 93 49 11 
826-8-14 1?2.656 = 8 46 82 89 90 30 23 50 95 77 84 92 39 85 19 40 72 45 14 
826-7-12 1?2.793 = 7 82 89 90 94 63 35 70 67 36 37 78 47 95 33 21 42 76 12 
826-8-15 1?2.538 = 8 64 61 91 69 33 84 92 39 85 19 72 40 86 74 58 57 44 15 
826-7-14 1?2.693 = 7 82 89 90 94 63 35 70 67 36 37 78 47 77 84 92 32 87 14 
826-7-15 1?2.509 = 7 82 89 90 94 63 35 70 67 36 37 65 48 16 86 74 58 57 44 15 
826-9-13 1?2.389 = 9 43 17 28 69 50 95 77 84 85 19 39 92 80 53 71 13 
826-10-13 1?2.496 = 10 31 69 50 95 77 84 92 39 85 19 32 87 22 71 13 
826-9-12 1?2.638 = 9 43 17 28 69 50 95 77 84 85 19 39 92 80 53 76 12 
826-10-12 1?2.826 = 10 31 69 50 47 95 77 84 92 39 85 19 32 80 53 76 12 
826-10-15 1?2.352 = 10 93 21 92 39 85 19 72 40 86 74 96 38 55 58 57 44 15 
826-10-14 1?2.668 = 10 31 69 50 47 95 77 84 92 39 85 19 40 72 45 87 14 
826-9-10 1?2.811 = 9 43 17 91 24 23 62 73 36 37 51 78 47 50 69 31 10 
826-9-11 1?2.647 = 9 43 17 28 69 33 84 85 19 39 92 42 76 99 49 11 
826-9-14 1?2.586 = 9 43 17 28 69 50 47 95 77 84 92 39 85 19 40 72 45 14 
826-10-11 1?2.697 = 10 83 43 17 64 46 82 89 94 90 61 91 28 31 93 49 11 
826-9-15 1?2.505 = 9 43 17 28 69 33 84 85 19 72 40 86 74 96 38 55 58 57 44 15 
826-14-15 1?1.595 = 14 22 87 45 72 40 86 74 96 55 38 98 57 44 15 
826-13-15 1?1.557 = 13 71 22 87 45 72 40 86 74 96 55 58 57 44 15 
826-11-13 1?2.281 = 11 49 93 31 69 50 95 77 84 92 39 32 80 53 71 13 
826-12-14 1?2.129 = 12 76 42 92 39 19 72 40 86 74 58 57 44 45 14 
826-13-14 1?1.946 = 13 71 22 87 45 72 40 86 74 96 55 58 57 44 15 14 
826-12-13 1?2.243 = 12 53 80 32 92 84 85 39 19 72 45 87 22 71 13 
826-11-12 1?2.516 = 11 49 99 76 42 92 84 85 19 39 32 87 22 71 53 12 
826-12-15 1?1.972 = 12 53 80 92 39 85 19 72 40 86 74 96 38 55 58 57 44 15 
826-11-14 1?2.426 = 11 49 99 76 42 92 39 85 19 72 40 86 74 58 57 44 45 14 
826-11-15 1?2.164 = 11 49 99 76 42 92 39 19 72 40 86 74 96 38 55 58 57 44 15 
stop
