start
668-0-3 1?2.31 = 0 77 50 74 53 32 73 16 84 66 48 35 33 80 57 85 3 
668-0-1 1?1.977 = 0 77 50 31 28 52 71 65 94 74 79 54 90 69 96 1 
668-0-11 1?2.426 = 0 77 50 79 74 53 32 73 23 16 84 39 36 45 56 29 72 60 11 
668-0-9 1?2.653 = 0 77 50 79 74 53 32 73 16 84 23 66 48 27 21 70 51 67 63 83 9 
668-0-4 1?2.233 = 0 77 50 74 53 32 73 16 84 23 66 48 33 80 57 85 55 95 4 
668-0-2 1?2.253 = 0 77 50 31 28 52 71 65 94 42 74 79 69 90 96 58 2 
668-0-5 1?2.349 = 0 77 50 79 74 53 32 73 16 84 23 66 48 35 87 22 81 20 88 5 
668-0-10 1?2.527 = 0 77 50 79 74 53 32 73 23 16 84 39 45 56 36 41 40 59 37 34 10 
668-0-6 1?2.455 = 0 77 50 79 74 53 32 73 16 84 23 66 48 27 35 87 22 81 26 30 6 
668-0-7 1?2.565 = 0 77 50 79 74 53 32 73 16 84 23 66 48 27 21 70 67 51 68 64 17 7 
668-0-8 1?2.693 = 0 77 50 31 28 94 42 53 32 73 16 84 23 66 48 27 21 70 51 67 63 8 
668-1-4 1?2.085 = 1 96 69 77 79 74 54 46 78 44 85 55 57 80 95 4 
668-0-13 1?1.766 = 0 69 90 54 74 79 77 50 31 28 52 71 61 92 75 13 
668-1-3 1?2.219 = 1 96 69 77 79 74 54 46 78 44 85 55 57 80 95 3 
668-1-2 1?2.296 = 1 96 69 79 77 50 31 28 52 65 94 74 54 90 58 2 
668-0-14 1?1.672 = 0 69 90 54 74 79 77 50 31 28 52 65 71 61 92 14 
668-1-5 1?2.402 = 1 96 69 90 54 53 32 73 16 84 23 66 48 35 87 22 98 88 5 
668-0-15 1?2.009 = 0 69 90 54 74 79 77 50 31 28 65 71 61 92 14 52 15 
668-1-8 1?2.538 = 1 96 69 90 54 53 32 73 16 84 23 66 48 27 21 70 51 67 63 8 
668-0-12 1?2.223 = 0 77 50 79 74 53 32 73 23 16 84 39 36 45 56 29 72 60 12 
668-1-6 1?2.536 = 1 96 69 90 54 53 32 73 16 84 23 66 48 27 35 87 22 81 26 30 6 
668-1-7 1?2.615 = 1 96 69 90 54 53 32 73 16 84 23 66 48 27 21 70 51 68 64 17 7 
668-2-4 1?1.941 = 2 62 78 44 33 35 87 22 98 80 57 85 55 95 4 
668-2-5 1?2.043 = 2 78 44 85 55 95 57 80 33 35 87 22 81 88 5 
668-2-3 1?2.308 = 2 62 78 44 85 55 57 80 33 35 87 22 98 95 3 
668-2-6 1?2.22 = 2 62 78 44 85 55 95 57 80 33 35 87 22 81 26 30 6 
668-1-13 1?2.443 = 1 96 69 90 54 53 32 73 16 84 39 36 56 45 82 29 72 91 86 75 13 
668-1-9 1?2.712 = 1 96 69 90 54 53 32 73 16 84 23 66 48 27 70 21 99 25 19 89 9 
668-1-14 1?2.237 = 1 96 69 90 54 74 79 77 50 31 28 52 71 65 76 91 86 92 14 
668-1-15 1?1.793 = 1 96 69 90 54 74 79 50 77 31 28 94 65 71 52 15 
668-1-11 1?2.61 = 1 96 69 90 54 53 32 73 23 66 84 16 39 36 45 56 29 72 60 11 
668-1-12 1?2.346 = 1 96 69 90 54 53 32 73 23 16 84 39 36 45 56 29 72 60 47 12 
668-1-10 1?2.664 = 1 96 69 90 54 53 32 73 16 84 23 66 48 27 70 21 99 18 59 37 34 10 
668-3-4 1?2.094 = 3 85 55 95 57 80 33 35 87 22 81 20 88 38 4 
668-3-5 1?1.969 = 3 85 55 57 80 95 98 33 35 87 22 81 20 88 5 
668-2-13 1?2.424 = 2 58 96 69 90 54 74 79 77 50 31 28 52 71 61 92 86 91 75 13 
668-2-8 1?2.568 = 2 78 44 85 55 57 80 98 22 87 35 27 21 70 51 67 63 8 
668-2-9 1?2.734 = 2 62 78 44 85 55 95 57 80 98 22 87 35 27 70 21 99 25 9 
668-2-14 1?2.318 = 2 58 96 69 90 54 74 79 50 77 31 28 94 65 52 71 61 92 14 
668-2-15 1?2.468 = 2 58 96 69 90 54 74 79 77 50 31 28 52 65 71 61 92 14 15 
668-2-7 1?2.536 = 2 62 78 44 85 55 57 80 98 22 33 35 87 68 64 17 24 7 
668-2-12 1?2.474 = 2 78 46 93 32 73 23 16 84 39 36 56 45 43 82 29 72 60 47 12 
668-2-11 1?2.761 = 2 78 44 33 35 48 66 23 32 73 16 84 39 36 56 45 82 29 72 60 11 
668-2-10 1?2.75 = 2 78 44 85 55 95 57 80 98 22 87 35 27 70 21 99 18 59 37 34 10 
668-4-5 1?1.843 = 4 38 95 55 85 57 80 33 35 87 22 81 20 88 5 
668-3-6 1?2.229 = 3 85 55 57 80 33 35 27 21 70 67 51 68 64 26 30 6 
668-3-13 1?2.334 = 3 85 55 57 80 33 35 48 66 23 16 84 39 45 56 29 91 86 75 13 
668-3-8 1?2.488 = 3 85 55 57 80 33 35 48 66 23 32 73 16 84 21 70 51 67 63 8 
668-3-9 1?2.603 = 3 85 55 57 80 33 35 48 66 23 32 73 16 84 39 97 18 25 19 89 9 
668-3-14 1?2.357 = 3 85 55 57 80 33 35 48 66 23 16 84 39 45 56 29 91 86 92 14 
668-3-15 1?2.313 = 3 95 55 85 57 80 33 35 48 66 23 73 32 53 42 94 28 31 15 
668-3-7 1?2.333 = 3 85 55 57 80 98 22 87 35 27 21 70 67 51 68 64 17 7 
668-3-12 1?2.313 = 3 85 55 57 80 33 35 48 66 23 16 84 39 45 56 29 72 60 47 12 
668-3-11 1?2.522 = 3 85 55 57 80 33 35 48 66 23 32 73 16 84 39 36 41 40 49 11 
668-3-10 1?2.48 = 3 95 55 85 57 80 33 35 27 48 66 23 16 84 39 97 18 59 37 34 10 
668-5-6 1?1.802 = 5 20 88 38 95 55 85 57 80 98 22 81 26 30 6 
668-4-6 1?2.105 = 4 95 55 85 57 80 98 33 35 87 22 81 68 64 26 30 6 
668-4-8 1?2.242 = 4 95 55 85 57 80 98 22 87 33 35 27 21 70 51 67 63 8 
668-4-13 1?2.303 = 4 95 55 85 57 80 33 35 48 66 23 16 84 39 36 45 56 29 91 86 75 13 
668-4-9 1?2.372 = 4 95 55 85 57 80 33 35 48 66 23 32 73 16 84 39 97 18 25 9 
668-4-7 1?2.165 = 4 95 55 85 57 80 98 22 87 35 27 21 70 67 51 64 17 7 
668-4-14 1?2.254 = 4 95 55 85 57 80 33 35 48 66 84 16 39 45 56 29 91 86 92 14 
668-4-15 1?2.241 = 4 95 55 85 57 80 33 48 66 84 16 73 32 53 42 94 28 52 15 
668-4-12 1?2.225 = 4 95 55 85 57 80 33 35 48 66 23 16 84 39 45 56 29 72 60 47 12 
668-4-11 1?2.43 = 4 95 55 85 57 80 33 35 27 48 66 23 16 84 39 97 18 59 40 49 11 
668-4-10 1?2.402 = 4 95 55 85 57 80 33 35 48 66 23 32 73 16 84 39 97 18 59 37 34 10 
668-6-8 1?2.171 = 6 30 26 81 22 87 33 35 27 21 70 51 67 63 8 
668-5-8 1?2.283 = 5 20 88 38 95 55 85 57 80 98 22 87 68 64 17 24 8 
668-6-7 1?2.079 = 6 20 88 38 95 55 85 57 80 98 22 68 64 17 7 
668-5-7 1?2.06 = 5 20 88 38 95 55 85 57 80 98 22 68 64 17 24 7 
668-5-9 1?2.44 = 5 20 88 38 95 55 85 57 80 98 22 87 68 64 63 83 9 
668-5-13 1?2.412 = 5 88 20 81 22 87 35 48 66 23 16 84 39 36 45 56 29 72 91 75 13 
668-5-15 1?2.329 = 5 88 20 81 22 87 35 48 66 23 84 16 73 32 53 42 94 28 31 15 
668-5-14 1?2.383 = 5 88 20 81 22 87 35 48 66 23 16 84 39 36 45 56 29 91 86 92 14 
668-5-10 1?2.397 = 5 88 38 95 55 85 57 80 33 35 27 70 21 99 18 59 37 34 10 
668-5-11 1?2.481 = 5 88 38 95 55 85 57 80 33 35 27 70 21 99 18 59 40 49 11 
668-5-12 1?2.297 = 5 88 20 81 22 87 35 48 66 23 16 84 39 36 45 56 29 72 60 12 
668-7-8 1?2.313 = 7 17 64 68 22 87 33 35 27 21 70 51 67 63 8 
668-7-9 1?2.336 = 7 17 64 68 51 70 21 99 18 59 40 49 34 37 89 9 
668-7-10 1?2.165 = 7 24 17 64 68 51 67 70 21 99 18 59 40 49 34 10 
668-6-9 1?2.428 = 6 30 26 64 68 51 67 70 21 99 18 59 40 49 34 37 89 9 
668-6-13 1?2.512 = 6 30 26 81 22 87 35 48 66 23 32 73 16 84 39 36 45 56 29 91 75 13 
668-7-11 1?2.536 = 7 17 64 68 51 70 21 84 16 23 32 73 43 45 56 29 72 60 11 
668-6-10 1?2.425 = 6 30 26 81 22 87 35 27 48 66 84 16 39 97 18 59 37 34 10 
668-6-11 1?2.495 = 6 30 26 81 22 87 35 48 66 23 16 84 39 36 56 29 72 60 11 
668-6-14 1?2.465 = 6 30 26 81 22 87 35 27 66 23 16 84 39 36 45 56 29 91 86 92 14 
668-6-15 1?2.435 = 6 30 26 81 22 87 35 27 48 66 23 84 16 73 32 53 42 94 28 31 15 
668-6-12 1?2.376 = 6 30 26 81 22 87 35 48 66 23 16 84 39 36 45 56 29 72 60 47 12 
668-8-9 1?2.347 = 8 63 67 51 70 21 99 18 59 40 49 34 37 19 25 9 
668-8-13 1?2.298 = 8 63 67 51 70 21 84 16 39 36 45 56 29 72 91 86 75 13 
668-8-10 1?2.247 = 8 24 17 64 68 51 67 70 21 99 18 59 40 49 34 10 
668-7-13 1?2.462 = 7 17 64 68 51 67 70 21 84 16 39 36 56 45 82 29 72 91 86 75 13 
668-8-11 1?2.459 = 8 63 67 51 70 21 84 16 23 32 73 43 45 56 29 72 60 11 
668-8-12 1?2.256 = 8 63 67 51 70 21 84 16 23 32 73 43 45 56 29 72 60 12 
668-7-12 1?2.323 = 7 17 64 68 51 67 70 21 84 16 39 36 45 56 29 72 60 47 12 
668-7-14 1?2.432 = 7 17 64 51 67 70 21 84 16 23 32 73 43 45 56 29 72 91 86 92 14 
668-7-15 1?2.545 = 7 17 64 68 51 67 70 21 27 48 66 23 84 16 73 32 53 42 94 28 31 15 
668-8-15 1?2.539 = 8 63 67 51 70 21 27 48 66 23 84 16 73 32 53 42 94 31 28 52 15 
668-8-14 1?2.467 = 8 63 67 51 70 21 84 16 23 32 73 43 82 45 56 29 72 91 86 92 14 
668-10-13 1?2.151 = 10 34 37 59 18 97 39 36 56 45 43 82 29 72 91 86 75 13 
668-9-10 1?2.344 = 9 83 63 64 68 51 67 70 21 99 18 59 40 37 34 10 
668-9-13 1?2.416 = 9 25 18 97 39 84 16 23 32 73 43 82 45 56 29 72 91 86 75 13 
668-9-11 1?2.431 = 9 25 18 97 39 84 16 23 32 73 43 45 56 29 72 60 11 
668-10-11 1?2.229 = 10 34 37 59 18 97 39 36 56 45 43 82 29 72 60 11 
668-10-12 1?1.982 = 10 34 37 40 59 18 97 36 56 45 82 29 72 60 47 12 
668-9-12 1?2.138 = 9 89 34 37 59 18 97 36 56 45 82 29 72 60 47 12 
668-10-14 1?2.284 = 10 34 49 40 59 18 97 36 56 45 43 82 29 72 91 86 92 61 14 
668-9-14 1?2.504 = 9 25 18 97 39 84 16 23 32 73 43 82 45 56 29 72 91 86 92 61 14 
668-10-15 1?2.381 = 10 34 37 59 40 41 36 56 45 82 29 91 86 92 61 71 52 28 31 15 
668-9-15 1?2.594 = 9 25 19 59 40 41 36 56 45 82 29 72 91 86 92 61 71 52 28 31 15 
668-11-13 1?2.141 = 11 49 34 37 59 40 41 36 45 56 29 72 91 86 75 13 
668-12-13 1?2.087 = 12 47 60 72 29 56 36 45 82 76 65 71 61 92 75 13 
668-11-14 1?2.062 = 11 49 40 59 18 97 36 45 56 29 72 91 86 92 61 14 
668-12-14 1?1.951 = 12 47 60 72 29 56 45 82 76 94 31 28 52 71 61 14 
668-13-14 1?1.992 = 13 75 86 91 72 29 56 45 43 76 94 28 52 71 61 14 
668-13-15 1?2.027 = 13 75 86 91 72 29 56 45 43 82 76 65 94 28 31 52 15 
668-14-15 1?1.979 = 14 92 61 71 65 52 28 31 50 79 74 54 90 69 77 15 
668-12-15 1?2.017 = 12 47 60 72 29 56 36 45 82 76 65 71 52 28 31 15 
668-11-12 1?2.081 = 11 49 40 59 18 97 39 36 56 45 82 29 72 60 47 12 
668-11-15 1?2.357 = 11 49 40 41 36 56 45 82 29 72 91 86 92 61 71 52 28 31 15 
stop
