start
993-0-3 1?1.815 = 0 89 96 40 86 83 73 81 24 48 28 67 98 45 71 3 
993-0-4 1?1.838 = 0 89 96 40 86 83 73 81 24 48 28 67 98 45 44 4 
993-0-1 1?2.28 = 0 89 40 86 74 48 28 67 98 23 99 45 39 81 73 1 
993-0-9 1?2.52 = 0 89 96 40 86 74 84 61 79 27 59 41 72 33 47 87 65 90 9 
993-0-11 1?2.433 = 0 89 96 70 40 86 74 84 61 79 49 57 52 75 55 88 91 11 
993-0-8 1?2.473 = 0 89 40 86 83 73 81 24 48 28 36 64 46 72 33 47 43 34 8 
993-0-2 1?1.909 = 0 89 96 40 86 83 73 81 24 48 28 67 98 39 20 2 
993-0-10 1?2.626 = 0 89 96 40 86 74 61 79 27 41 72 33 47 87 92 90 93 32 10 
993-0-5 1?2.057 = 0 89 96 40 86 83 73 81 24 39 67 98 23 99 30 29 17 37 5 
993-0-6 1?2.38 = 0 89 96 40 86 83 73 81 24 39 67 98 23 99 60 64 46 25 53 6 
993-0-7 1?2.476 = 0 89 96 40 86 83 73 81 39 67 98 23 99 60 64 46 72 33 54 22 7 
993-1-3 1?1.959 = 1 70 96 40 86 83 73 81 24 48 28 67 98 45 71 3 
993-1-4 1?1.885 = 1 83 73 81 24 48 28 67 98 23 99 30 29 17 37 4 
993-1-2 1?2.12 = 1 70 96 89 40 86 83 73 81 24 48 28 67 39 20 2 
993-0-15 1?1.986 = 0 89 96 70 40 86 83 73 81 24 74 94 78 77 16 58 15 
993-1-5 1?2.104 = 1 83 73 81 24 39 98 67 28 36 23 99 30 80 29 17 37 5 
993-0-12 1?2.321 = 0 89 96 40 86 74 84 49 57 52 95 97 55 51 63 82 35 12 
993-0-14 1?2.215 = 0 89 96 70 40 86 83 73 81 24 74 94 78 77 16 58 14 
993-0-13 1?2.237 = 0 89 96 40 86 74 84 49 57 52 95 97 51 63 82 69 13 
993-1-8 1?2.415 = 1 83 73 81 24 48 28 67 98 23 99 60 64 46 72 33 47 43 34 8 
993-1-7 1?2.319 = 1 83 73 81 24 48 28 67 98 23 99 60 64 46 72 33 54 22 7 
993-1-6 1?2.354 = 1 70 96 40 86 83 73 81 24 39 67 98 23 99 30 18 53 6 
993-1-15 1?2.452 = 1 70 96 89 40 86 83 73 81 24 48 61 84 78 94 77 16 58 15 
993-2-3 1?2.042 = 2 20 39 45 98 67 28 36 23 99 30 80 44 71 3 
993-2-4 1?1.873 = 2 20 39 98 67 28 36 23 99 30 80 29 17 37 4 
993-2-5 1?1.815 = 2 20 39 98 67 28 36 23 99 30 80 29 17 37 5 
993-1-12 1?2.544 = 1 70 96 89 40 86 74 84 49 57 52 95 97 55 51 63 82 35 12 
993-1-11 1?2.641 = 1 73 81 24 48 28 67 98 23 36 59 27 38 68 75 55 88 91 11 
993-1-9 1?2.465 = 1 73 81 24 39 67 98 23 99 60 64 46 72 33 47 87 92 65 9 
993-1-14 1?2.461 = 1 70 96 89 40 86 83 73 81 24 74 94 78 77 16 31 76 56 14 
993-2-6 1?2.329 = 2 20 39 67 98 45 99 23 36 59 27 41 47 33 72 46 25 53 6 
993-1-10 1?2.559 = 1 73 81 39 67 98 23 99 60 64 46 72 33 47 87 92 93 32 10 
993-1-13 1?2.659 = 1 70 96 89 40 86 74 61 84 49 57 52 95 97 51 63 82 35 69 13 
993-2-15 1?2.283 = 2 20 39 98 67 28 48 24 81 73 83 86 40 94 78 77 58 15 
993-3-4 1?1.779 = 3 71 45 98 67 28 36 23 99 30 80 29 17 37 4 
993-3-5 1?1.721 = 3 71 45 98 67 28 36 23 99 30 80 29 17 37 5 
993-2-12 1?2.519 = 2 20 39 67 98 23 36 59 27 38 68 57 49 52 95 97 51 63 12 
993-2-11 1?2.628 = 2 20 39 67 98 23 99 60 64 46 72 33 47 21 50 75 55 88 91 11 
993-2-9 1?2.428 = 2 20 39 67 98 23 99 60 64 46 72 33 47 43 87 92 65 90 9 
993-2-8 1?2.401 = 2 20 39 67 98 45 99 23 36 60 64 46 72 33 47 54 26 43 34 8 
993-2-7 1?2.227 = 2 20 39 98 67 28 23 99 60 64 46 72 33 47 54 26 22 7 
993-2-14 1?2.557 = 2 20 39 98 67 28 48 24 81 73 83 86 40 94 78 77 16 58 14 
993-2-13 1?2.556 = 2 20 39 67 98 45 99 23 36 59 27 38 68 57 49 52 85 69 13 
993-2-10 1?2.492 = 2 20 39 67 98 45 99 23 60 64 46 72 33 47 87 65 90 93 32 10 
993-3-15 1?2.182 = 3 71 45 98 67 39 24 81 73 83 86 40 94 78 77 16 58 15 
993-4-5 1?1.936 = 4 44 45 98 67 28 36 23 99 60 30 29 17 37 5 
993-3-12 1?2.452 = 3 71 39 98 67 28 36 59 27 38 68 57 49 52 95 97 51 63 12 
993-3-8 1?2.162 = 3 71 39 67 98 23 99 60 64 46 72 33 47 54 26 43 34 8 
993-3-9 1?2.4 = 3 71 45 98 67 28 23 99 60 64 46 72 33 47 54 26 43 34 62 9 
993-3-6 1?2.19 = 3 71 39 67 98 45 99 23 36 59 27 41 72 46 25 53 6 
993-3-7 1?2.109 = 3 71 39 98 67 28 23 99 60 64 46 72 33 47 54 22 7 
993-3-11 1?2.65 = 3 71 45 98 67 28 23 99 60 64 46 72 33 47 21 50 75 55 88 91 11 
993-3-13 1?2.511 = 3 71 39 67 98 45 99 23 36 59 27 38 68 57 49 52 85 69 13 
993-3-14 1?2.562 = 3 71 39 98 67 28 48 24 81 73 83 86 40 94 78 77 16 31 76 14 
993-3-10 1?2.441 = 3 71 45 98 67 28 23 99 60 64 46 72 33 47 87 65 90 93 32 10 
993-4-15 1?2.353 = 4 80 30 99 23 98 67 39 24 81 73 83 86 40 94 78 77 16 58 15 
993-4-6 1?1.925 = 4 80 30 99 23 36 59 41 47 33 72 46 25 53 6 
993-5-6 1?1.951 = 5 37 17 29 30 99 23 36 59 27 41 46 25 53 6 
993-4-7 1?1.951 = 4 37 17 29 30 99 23 60 64 46 72 33 47 54 22 7 
993-4-11 1?2.483 = 4 80 30 99 23 60 64 46 72 33 47 21 38 68 75 55 88 91 11 
993-4-8 1?2.12 = 4 37 17 29 30 99 23 60 64 46 72 33 47 54 26 43 34 8 
993-4-9 1?2.296 = 4 37 17 29 30 99 23 60 64 46 72 33 47 87 92 65 90 93 9 
993-4-12 1?2.528 = 4 37 17 29 30 99 23 36 59 27 38 68 75 97 95 51 63 82 35 12 
993-4-10 1?2.366 = 4 80 30 99 23 36 60 64 46 72 33 47 87 92 65 90 93 32 10 
993-4-14 1?2.527 = 4 80 30 99 23 98 67 28 48 24 81 73 83 86 40 94 78 77 16 14 
993-4-13 1?2.611 = 4 80 30 99 23 36 59 27 38 68 57 49 52 95 97 51 63 82 35 69 13 
993-6-8 1?2.073 = 6 53 25 46 72 33 47 54 26 43 87 92 90 65 34 8 
993-5-8 1?1.91 = 5 37 17 29 30 99 60 64 46 72 33 47 43 34 8 
993-5-15 1?2.358 = 5 37 17 29 30 99 23 98 67 39 81 73 83 86 40 94 78 77 58 15 
993-5-9 1?2.142 = 5 37 17 29 30 99 23 60 64 46 72 33 47 87 92 65 90 9 
993-6-7 1?2.046 = 6 53 18 30 99 23 60 64 46 72 33 47 54 22 7 
993-5-11 1?2.372 = 5 37 17 29 30 99 23 36 59 27 38 68 75 95 97 55 88 91 11 
993-5-7 1?1.893 = 5 37 17 29 30 99 23 60 64 46 72 33 47 54 22 7 
993-5-12 1?2.518 = 5 37 17 29 30 99 23 60 64 46 72 33 47 21 50 75 97 95 51 63 12 
993-5-10 1?2.293 = 5 37 17 29 30 99 23 60 64 46 72 33 47 87 92 90 93 32 10 
993-5-13 1?2.481 = 5 37 17 29 30 99 23 36 59 27 38 68 75 55 63 51 82 69 13 
993-5-14 1?2.549 = 5 37 17 29 30 99 23 36 59 27 38 68 57 49 52 85 31 76 56 14 
993-6-9 1?2.102 = 6 53 25 46 72 33 47 41 21 50 92 87 65 90 93 9 
993-7-9 1?2.135 = 7 22 26 54 46 72 33 47 21 50 92 87 65 90 93 9 
993-7-8 1?2.106 = 7 22 54 47 33 72 46 41 21 50 92 90 65 34 8 
993-6-15 1?2.556 = 6 53 18 30 99 23 98 67 39 81 73 83 86 40 94 78 77 16 58 15 
993-7-10 1?2.136 = 7 22 26 54 72 33 47 21 50 92 87 65 90 93 32 10 
993-6-10 1?2.094 = 6 53 25 46 72 33 47 21 50 92 87 65 90 93 32 10 
993-6-11 1?2.588 = 6 53 18 30 99 23 36 59 27 79 49 57 52 95 97 55 88 91 11 
993-7-11 1?2.517 = 7 22 54 46 72 33 47 21 38 68 57 49 52 95 97 55 88 91 11 
993-6-12 1?2.647 = 6 53 25 46 72 33 47 41 59 27 38 68 57 49 52 95 97 51 63 82 12 
993-6-13 1?2.635 = 6 53 25 46 72 33 47 41 21 38 68 75 55 63 51 82 35 69 13 
993-6-14 1?2.751 = 6 53 18 30 99 23 98 67 39 24 81 73 83 86 40 94 78 77 16 14 
993-8-11 1?2.167 = 8 34 43 87 92 65 90 93 42 75 95 97 55 88 91 11 
993-8-9 1?2.088 = 8 34 43 54 46 72 33 47 21 50 92 87 65 90 9 
993-8-10 1?2.105 = 8 34 43 54 72 33 47 21 50 92 65 90 93 32 10 
993-8-15 1?2.56 = 8 34 43 26 54 47 33 72 41 27 59 66 61 84 78 94 77 16 58 15 
993-8-12 1?2.454 = 8 34 43 26 54 72 33 47 21 38 68 57 49 52 95 97 51 63 12 
993-7-15 1?2.647 = 7 22 54 33 72 46 64 60 99 23 98 67 28 48 74 94 78 77 16 58 15 
993-7-12 1?2.563 = 7 22 26 54 47 33 72 41 59 27 38 68 57 49 52 95 97 51 63 12 
993-7-14 1?2.672 = 7 22 54 47 33 72 46 41 59 27 38 68 57 49 52 85 31 76 14 
993-8-14 1?2.692 = 8 34 43 54 47 33 72 41 59 27 38 68 57 49 52 85 31 76 14 
993-8-13 1?2.638 = 8 34 43 26 54 47 33 72 46 41 21 38 68 52 57 49 85 69 13 
993-7-13 1?2.699 = 7 22 26 54 72 33 47 21 38 68 57 49 52 95 97 51 63 82 35 69 13 
993-9-11 1?2.313 = 9 62 34 43 87 92 65 90 93 42 75 95 97 55 88 11 
993-10-11 1?2.258 = 10 32 93 90 65 92 42 75 95 97 51 63 55 88 91 11 
993-9-12 1?2.234 = 9 62 34 43 87 92 65 90 93 42 55 63 51 82 35 12 
993-10-12 1?2.276 = 10 32 93 90 65 87 92 42 75 95 97 55 51 82 35 12 
993-9-10 1?2.223 = 9 62 34 43 26 54 72 33 47 87 92 65 90 93 32 10 
993-9-15 1?2.59 = 9 65 92 87 47 33 72 41 59 27 79 61 84 78 94 77 16 58 15 
993-10-15 1?2.656 = 10 32 93 90 65 87 47 33 72 41 27 79 61 84 78 77 16 58 15 
993-9-13 1?2.53 = 9 62 34 43 87 92 65 90 93 32 88 55 63 51 82 35 69 13 
993-10-13 1?2.587 = 10 32 93 90 65 34 43 87 92 42 88 55 63 51 82 35 69 13 
993-9-14 1?2.705 = 9 62 34 43 26 54 72 33 47 21 38 68 57 49 52 85 31 76 14 
993-10-14 1?2.694 = 10 32 93 90 65 87 92 42 88 55 63 51 82 35 69 56 76 31 14 
993-14-15 1?2.548 = 14 31 76 56 69 82 51 97 95 52 57 49 78 94 77 16 58 15 
993-13-15 1?2.283 = 13 69 35 82 51 63 55 97 95 52 57 49 78 77 16 58 15 
993-11-12 1?2.504 = 11 91 32 93 90 65 87 92 42 75 95 97 55 63 51 82 12 
993-11-15 1?2.453 = 11 91 88 55 97 95 52 57 49 79 61 84 74 94 78 77 16 58 15 
993-12-15 1?2.428 = 12 35 82 63 51 97 95 52 57 49 79 61 84 78 94 77 16 58 15 
993-12-13 1?2.473 = 12 35 82 51 63 55 75 52 57 49 85 31 76 56 69 13 
993-11-13 1?2.407 = 11 91 32 93 90 65 87 92 42 55 63 51 82 35 69 13 
993-13-14 1?2.37 = 13 69 35 82 51 63 55 97 95 52 57 49 85 31 76 56 14 
993-12-14 1?2.613 = 12 35 82 51 63 55 97 95 52 57 49 84 78 94 77 16 31 76 14 
993-11-14 1?2.682 = 11 91 88 55 97 95 52 57 49 79 61 84 74 94 78 77 16 58 14 
stop
