start
849-0-6 1?2.578 = 0 89 52 41 35 17 20 31 22 84 59 62 69 30 94 92 63 47 80 6 
849-0-4 1?2.349 = 0 89 52 41 35 77 21 72 86 95 16 20 17 31 73 74 53 4 
849-0-3 1?2.226 = 0 89 52 41 35 77 21 95 16 20 31 22 73 74 53 3 
849-0-1 1?2.206 = 0 89 52 41 35 17 20 16 74 53 86 72 95 21 77 1 
849-0-2 1?2.049 = 0 19 54 84 22 31 17 20 16 74 53 86 72 21 2 
849-0-5 1?2.584 = 0 89 52 41 35 77 21 72 86 53 74 16 20 17 31 73 25 65 61 5 
849-0-7 1?2.615 = 0 89 52 41 35 17 20 31 22 84 59 62 30 69 94 92 63 47 80 7 
849-0-9 1?2.69 = 0 89 52 19 23 57 90 70 93 50 60 98 34 85 38 56 49 18 71 76 9 
849-0-10 1?2.457 = 0 23 57 90 70 93 50 60 46 98 34 85 24 38 56 82 40 66 79 10 
849-0-11 1?2.383 = 0 23 57 90 70 93 50 60 46 98 34 85 82 40 66 79 29 11 
849-0-8 1?2.835 = 0 81 35 77 21 95 16 20 17 31 22 84 59 64 33 58 96 99 8 
849-1-2 1?2.172 = 1 35 17 20 31 22 59 73 16 74 53 86 72 21 2 
849-1-3 1?2.04 = 1 35 77 21 72 86 95 16 20 17 31 22 73 74 53 3 
849-0-15 1?2.132 = 0 19 54 42 43 24 85 34 98 46 60 50 93 70 90 57 15 
849-0-14 1?2.139 = 0 89 52 19 23 57 37 90 70 93 50 60 51 32 88 44 14 
849-1-6 1?2.295 = 1 77 21 72 86 16 20 17 31 22 84 59 62 69 94 92 63 55 6 
849-1-5 1?2.37 = 1 77 21 72 86 95 16 20 17 31 22 84 59 62 69 94 92 65 61 5 
849-1-7 1?2.396 = 1 77 21 95 16 20 17 31 22 84 59 62 69 94 92 63 47 80 7 
849-0-13 1?2.205 = 0 89 52 19 23 57 90 70 93 50 60 44 88 51 39 36 75 48 13 
849-1-4 1?2.255 = 1 77 21 95 86 53 74 16 20 17 31 22 84 59 73 45 4 
849-0-12 1?2.365 = 0 81 89 52 19 23 57 37 90 70 93 50 60 44 88 51 32 48 75 12 
849-1-8 1?2.538 = 1 77 21 72 86 95 16 20 17 31 22 84 59 64 33 58 96 99 8 
849-1-15 1?2.18 = 1 81 89 52 19 54 42 43 24 85 34 98 60 50 37 57 15 
849-2-3 1?1.736 = 2 21 72 86 16 20 17 31 22 84 59 73 74 53 3 
849-1-14 1?2.402 = 1 81 89 52 19 23 57 90 70 93 50 60 46 34 98 39 51 44 14 
849-1-11 1?2.485 = 1 81 89 52 19 23 57 90 70 93 50 60 44 88 51 39 36 78 11 
849-2-4 1?1.732 = 2 21 72 86 95 16 20 17 31 22 73 74 53 45 4 
849-1-12 1?2.285 = 1 81 89 52 19 23 57 90 70 93 50 60 44 88 32 51 39 36 75 12 
849-1-13 1?2.318 = 1 81 89 52 19 23 57 90 70 93 50 60 44 88 51 39 36 75 48 13 
849-2-5 1?2.09 = 2 21 72 86 16 20 17 31 22 84 59 62 69 94 92 63 55 61 5 
849-2-6 1?2.129 = 2 21 72 86 53 74 16 20 17 31 22 59 62 69 94 92 63 55 6 
849-1-9 1?2.571 = 1 77 21 72 86 95 16 20 17 31 22 84 59 64 33 58 71 76 9 
849-1-10 1?2.589 = 1 81 89 52 19 23 57 90 70 93 50 60 98 34 85 82 40 66 79 10 
849-3-5 1?1.805 = 3 53 74 16 20 17 31 22 84 59 73 25 65 61 5 
849-2-15 1?2.362 = 2 21 95 72 86 53 74 16 20 17 31 22 84 54 19 23 57 15 
849-3-4 1?1.727 = 3 86 72 95 16 20 17 31 22 84 59 73 74 53 4 
849-2-14 1?2.259 = 2 21 95 16 20 17 31 22 84 42 43 24 85 34 98 60 50 93 70 14 
849-2-12 1?2.38 = 2 21 72 86 95 16 20 17 31 22 84 42 43 24 85 34 98 39 36 75 12 
849-2-13 1?2.334 = 2 21 72 86 95 16 20 17 31 22 84 42 43 24 85 34 98 39 51 32 13 
849-2-11 1?2.383 = 2 21 95 16 20 17 31 22 84 59 64 67 28 18 40 66 79 29 11 
849-2-7 1?2.167 = 2 21 72 86 95 16 20 17 31 22 84 59 62 69 94 92 63 47 80 7 
849-2-8 1?2.369 = 2 21 72 86 53 74 16 20 17 31 22 84 59 64 33 58 96 99 8 
849-2-9 1?2.448 = 2 21 72 86 53 74 16 20 17 31 22 84 59 64 33 58 96 87 76 9 
849-2-10 1?2.363 = 2 21 72 86 95 16 20 17 31 22 84 59 64 67 28 18 40 66 79 10 
849-3-6 1?1.811 = 3 72 86 16 20 17 31 22 59 62 69 94 92 63 55 6 
849-4-5 1?1.879 = 4 53 74 16 20 17 31 22 84 59 73 25 65 61 5 
849-3-15 1?2.361 = 3 86 72 95 16 20 17 31 22 84 27 24 85 34 98 60 50 37 57 15 
849-3-14 1?2.226 = 3 53 74 16 20 17 31 22 84 42 43 24 85 34 98 60 50 93 70 14 
849-3-12 1?2.367 = 3 53 74 16 20 17 31 22 84 42 43 24 85 34 98 51 32 48 75 12 
849-3-13 1?2.302 = 3 72 86 53 74 16 20 17 31 22 84 42 43 24 85 34 98 51 32 13 
849-3-7 1?2.04 = 3 53 74 16 20 17 31 22 84 59 62 69 94 92 63 47 80 7 
849-3-11 1?2.414 = 3 53 74 16 20 17 31 22 59 64 67 28 49 82 40 66 79 29 11 
849-3-8 1?2.337 = 3 53 74 86 72 95 16 20 17 31 22 84 59 62 69 30 68 99 8 
849-3-9 1?2.325 = 3 72 86 53 74 16 20 17 31 22 84 59 64 33 58 96 87 76 9 
849-3-10 1?2.313 = 3 53 74 16 20 17 31 22 84 59 64 33 67 28 18 40 66 79 10 
849-5-6 1?2.082 = 5 26 45 53 74 16 20 17 31 22 73 25 65 61 6 
849-4-6 1?1.894 = 4 53 74 16 20 17 31 22 59 62 69 94 63 55 6 
849-4-7 1?2.072 = 4 53 74 16 20 17 31 22 84 59 62 69 94 92 63 47 7 
849-4-15 1?2.49 = 4 53 74 16 20 17 31 22 84 27 24 85 34 98 60 50 93 70 90 15 
849-4-14 1?2.349 = 4 45 53 74 16 20 17 31 22 84 27 24 85 34 98 60 50 93 70 14 
849-4-8 1?2.242 = 4 45 53 74 16 20 17 31 22 84 59 62 69 30 68 99 8 
849-4-13 1?2.434 = 4 53 74 16 20 17 31 22 84 42 43 24 85 34 98 46 50 60 44 88 13 
849-4-12 1?2.533 = 4 45 53 74 16 20 17 31 22 84 42 43 24 85 34 98 51 32 48 75 12 
849-4-9 1?2.287 = 4 45 53 74 16 20 17 31 22 84 59 64 33 58 71 76 9 
849-4-11 1?2.463 = 4 53 74 16 20 17 31 22 59 64 33 67 28 18 40 66 79 29 11 
849-4-10 1?2.387 = 4 53 74 16 20 17 31 22 84 59 64 33 67 28 18 40 66 79 10 
849-5-7 1?2.224 = 5 26 45 53 74 16 20 17 31 73 92 63 47 80 7 
849-6-7 1?2.26 = 6 55 63 92 94 69 30 62 33 67 58 96 68 47 80 7 
849-5-8 1?2.242 = 5 61 55 63 92 94 69 30 62 64 33 67 58 96 99 8 
849-6-8 1?2.236 = 6 55 63 92 94 69 30 62 64 33 67 58 96 68 99 8 
849-5-15 1?2.552 = 5 61 55 63 94 69 62 64 27 24 85 34 98 60 50 93 70 90 57 15 
849-5-14 1?2.499 = 5 61 55 63 92 94 69 62 33 64 27 43 24 85 34 98 60 50 93 70 14 
849-5-9 1?2.434 = 5 61 55 63 92 94 69 62 33 67 28 49 82 40 66 91 76 9 
849-5-12 1?2.586 = 5 26 45 53 74 16 20 17 31 22 84 27 24 85 34 98 39 36 75 12 
849-5-11 1?2.486 = 5 61 55 63 92 94 69 62 33 67 28 49 82 40 66 79 97 83 29 11 
849-5-13 1?2.583 = 5 26 45 53 74 16 20 17 31 22 84 42 43 24 85 34 98 39 51 32 13 
849-5-10 1?2.378 = 5 61 55 63 92 94 69 30 62 33 58 28 49 82 40 66 79 10 
849-7-9 1?2.21 = 7 80 47 63 92 94 69 30 62 64 33 58 71 76 9 
849-6-9 1?2.137 = 6 55 63 92 94 69 30 68 96 58 28 49 18 71 76 9 
849-7-8 1?2.277 = 7 80 47 63 92 94 69 30 62 33 67 28 58 96 99 8 
849-6-15 1?2.525 = 6 55 63 92 94 69 62 64 27 24 46 34 98 60 50 93 70 90 57 15 
849-7-11 1?2.333 = 7 80 47 63 92 94 69 62 33 67 28 49 18 40 66 79 29 11 
849-7-10 1?2.219 = 7 80 47 63 92 94 69 62 33 67 28 49 18 40 66 79 10 
849-6-11 1?2.381 = 6 55 63 92 94 69 62 33 67 28 49 82 83 97 40 66 79 29 11 
849-6-12 1?2.585 = 6 55 63 92 94 69 62 33 64 27 43 24 85 34 98 39 51 32 48 75 12 
849-6-10 1?2.261 = 6 55 63 92 94 30 69 62 33 58 28 49 82 40 66 79 10 
849-6-14 1?2.608 = 6 80 47 63 92 94 69 30 62 33 64 27 24 85 34 98 46 60 93 70 14 
849-6-13 1?2.7 = 6 55 63 92 94 69 62 33 64 27 43 24 85 34 98 46 50 60 44 88 51 32 13 
849-8-11 1?2.406 = 8 99 68 96 58 28 49 82 83 97 40 66 91 79 29 11 
849-8-9 1?2.511 = 8 99 68 30 94 69 62 64 33 67 28 49 18 71 76 9 
849-8-10 1?2.522 = 8 7 80 47 63 92 94 69 62 33 67 28 18 40 66 79 10 
849-8-12 1?2.641 = 8 87 71 18 40 66 79 29 97 83 78 36 39 51 88 32 48 75 12 
849-7-12 1?2.53 = 7 80 47 63 92 94 69 30 33 64 27 24 85 34 98 39 36 75 12 
849-7-15 1?2.616 = 7 80 47 63 92 94 69 62 64 27 24 85 34 98 60 50 93 70 90 57 15 
849-7-13 1?2.526 = 7 80 47 63 92 94 69 30 62 64 27 43 24 85 34 98 39 51 32 13 
849-8-15 1?2.737 = 8 99 96 58 67 33 64 27 43 24 85 34 98 46 50 60 93 70 90 57 15 
849-8-13 1?2.703 = 8 87 71 18 40 66 79 97 83 82 49 56 38 24 85 34 98 51 32 13 
849-7-14 1?2.571 = 7 80 47 63 92 94 69 30 33 64 27 43 24 85 34 98 60 50 93 70 14 
849-8-14 1?2.758 = 8 87 71 18 40 66 79 97 83 82 56 38 24 85 34 98 46 60 50 93 70 14 
849-10-12 1?2.017 = 10 79 66 40 82 56 38 24 85 34 98 39 51 32 48 75 12 
849-9-11 1?2.312 = 9 76 71 18 28 49 82 40 66 79 29 97 83 78 11 
849-10-11 1?2.346 = 10 79 66 40 97 83 82 56 38 24 85 34 98 39 36 78 11 
849-9-12 1?2.112 = 9 76 71 18 40 66 79 97 83 78 39 51 32 48 75 12 
849-9-10 1?2.424 = 9 76 71 18 28 49 56 38 82 40 66 79 97 83 29 10 
849-10-13 1?2.221 = 10 79 66 40 18 49 56 38 24 85 34 98 46 50 60 44 88 51 32 13 
849-10-15 1?2.242 = 10 79 66 40 18 49 56 38 24 85 34 98 46 60 50 93 70 90 57 15 
849-9-13 1?2.446 = 9 76 91 79 66 40 82 56 38 24 85 34 98 46 50 60 44 88 51 32 13 
849-10-14 1?2.181 = 10 79 66 40 97 83 82 49 56 38 24 85 34 98 46 60 50 93 70 14 
849-9-15 1?2.479 = 9 76 91 79 66 40 18 49 56 38 24 85 34 98 60 50 93 70 90 57 15 
849-9-14 1?2.417 = 9 76 91 66 40 97 83 82 49 56 38 24 85 34 98 46 60 50 93 70 14 
849-11-12 1?1.997 = 11 29 79 66 40 97 83 78 36 39 51 44 88 32 48 75 12 
849-13-14 1?2.034 = 13 32 48 75 36 39 98 34 85 46 50 60 51 88 44 93 70 14 
849-14-15 1?2.021 = 14 44 88 32 51 39 98 34 85 46 60 50 93 70 90 37 57 15 
849-12-13 1?2.143 = 12 75 36 39 51 98 34 85 24 46 60 50 93 44 88 32 48 13 
849-11-13 1?1.984 = 11 83 97 79 66 40 82 56 38 24 85 34 98 39 51 32 13 
849-13-15 1?1.906 = 13 48 75 36 39 51 98 34 85 46 50 60 93 70 90 57 15 
849-12-14 1?2.381 = 12 11 29 79 66 40 82 49 56 38 85 34 46 60 50 93 70 14 
849-11-14 1?2.031 = 11 29 79 66 40 82 49 56 38 24 85 34 98 60 50 93 70 14 
849-12-15 1?2.37 = 12 75 36 48 32 88 44 51 39 34 85 46 98 60 50 93 70 90 37 57 15 
849-11-15 1?2.19 = 11 29 79 66 40 82 56 38 24 85 34 98 60 50 93 70 90 57 15 
stop
