start
674-0-1 1?1.621 = 0 78 35 91 33 85 83 93 22 88 79 50 96 29 18 1 
674-0-5 1?2.149 = 0 78 35 91 90 88 22 93 57 61 58 99 97 48 34 28 42 38 59 5 
674-0-4 1?2.111 = 0 78 35 91 90 88 22 79 50 96 29 18 43 32 92 19 45 81 25 4 
674-0-8 1?2.501 = 0 90 88 22 93 57 61 58 99 97 21 17 87 82 98 60 47 56 8 
674-0-9 1?2.47 = 0 78 35 91 22 93 57 61 58 99 21 17 72 68 71 49 31 70 9 
674-0-7 1?2.397 = 0 78 35 91 90 88 22 93 57 61 58 99 21 17 46 82 98 60 47 7 
674-0-10 1?2.378 = 0 78 35 91 88 22 93 83 85 20 65 44 74 41 55 84 40 89 69 10 
674-0-6 1?2.339 = 0 78 35 91 33 83 93 57 61 58 99 97 21 48 24 34 28 42 38 59 6 
674-0-11 1?2.304 = 0 78 35 91 90 88 22 33 83 85 20 65 44 66 95 39 52 64 54 11 
674-0-2 1?1.376 = 0 78 35 91 90 88 22 79 50 96 18 43 32 92 77 2 
674-0-3 1?1.982 = 0 78 35 91 33 85 83 93 22 88 79 50 96 29 18 43 77 32 92 3 
674-0-15 1?1.903 = 0 78 35 91 22 88 79 50 96 57 93 83 85 20 36 15 
674-0-14 1?1.705 = 0 78 35 91 90 88 22 57 93 33 83 85 20 26 36 67 14 
674-0-13 1?1.957 = 0 78 35 91 90 88 22 93 33 83 85 20 65 44 66 95 27 13 
674-1-3 1?1.753 = 1 90 78 35 91 88 22 79 50 96 29 18 43 32 92 3 
674-1-2 1?1.67 = 1 90 78 35 91 88 22 79 50 96 18 43 32 92 77 2 
674-1-6 1?2.44 = 1 50 79 88 22 93 57 61 58 99 97 21 48 24 34 28 42 38 59 6 
674-0-12 1?1.941 = 0 78 35 91 90 88 22 33 83 85 20 65 44 66 95 39 52 64 12 
674-1-4 1?2.003 = 1 88 22 79 50 96 18 43 77 92 32 19 45 81 25 4 
674-1-5 1?2.16 = 1 79 50 96 29 18 43 77 92 32 19 45 81 62 28 42 59 5 
674-1-7 1?2.524 = 1 79 50 96 29 18 43 32 92 19 45 81 62 38 42 28 51 98 60 47 7 
674-1-8 1?2.562 = 1 79 50 96 61 58 99 21 17 72 68 71 49 31 70 86 75 16 8 
674-1-15 1?2.044 = 1 18 29 96 50 79 22 88 90 78 35 91 33 83 85 36 15 
674-1-14 1?2.031 = 1 18 29 96 50 79 22 88 90 78 35 91 33 83 85 36 67 14 
674-1-13 1?2.12 = 1 50 79 22 88 90 78 35 91 33 83 85 20 65 44 66 27 13 
674-2-5 1?2.025 = 2 43 18 29 96 61 58 99 97 48 24 34 28 42 59 5 
674-1-12 1?2.202 = 1 79 22 88 90 78 35 91 33 83 85 20 65 44 66 95 39 52 64 12 
674-2-3 1?2.111 = 2 43 18 50 79 88 22 33 85 83 93 57 96 29 32 92 3 
674-2-6 1?2.393 = 2 43 18 50 79 96 61 58 99 97 21 48 24 34 28 42 38 59 6 
674-2-4 1?2.143 = 2 43 18 29 96 61 58 99 30 21 97 48 24 81 25 4 
674-1-10 1?2.489 = 1 79 50 96 61 58 99 30 21 17 72 68 71 49 31 89 69 10 
674-1-9 1?2.526 = 1 79 50 96 61 58 73 99 30 21 17 72 68 71 49 31 70 9 
674-1-11 1?2.5 = 1 50 79 88 22 93 33 83 85 20 65 94 44 66 95 39 52 64 54 11 
674-2-15 1?2.031 = 2 77 92 32 43 18 29 96 50 79 88 22 93 83 85 33 91 35 15 
674-3-5 1?2.103 = 3 45 81 34 87 82 46 47 60 98 51 28 42 38 59 5 
674-2-14 1?2.063 = 2 43 18 29 96 50 79 22 88 90 78 35 91 33 83 85 20 36 67 14 
674-2-12 1?2.201 = 2 43 18 96 50 79 88 22 33 83 85 20 65 44 66 95 39 52 64 12 
674-2-13 1?2.257 = 2 43 18 29 96 50 79 22 88 90 78 35 91 33 83 85 20 26 53 13 
674-3-4 1?2.266 = 3 92 32 43 18 96 61 58 99 97 21 48 24 81 25 4 
674-2-7 1?2.518 = 2 43 18 29 96 61 58 99 30 21 97 24 48 87 46 82 98 60 47 7 
674-2-10 1?2.541 = 2 43 18 29 96 61 58 99 97 21 17 72 68 71 49 31 89 69 10 
674-2-9 1?2.518 = 2 77 32 19 45 81 62 38 59 42 28 51 98 60 47 56 63 16 75 86 9 
674-2-11 1?2.5 = 2 43 18 50 79 88 22 33 83 85 20 65 44 66 95 39 52 64 54 11 
674-2-8 1?2.527 = 2 77 92 32 19 45 81 62 38 42 28 51 98 82 46 47 56 63 16 75 8 
674-3-6 1?2.083 = 3 45 81 34 62 38 59 42 28 51 98 82 46 47 60 6 
674-4-5 1?2.097 = 4 25 45 81 24 48 87 82 98 60 51 28 42 38 59 5 
674-3-15 1?2.227 = 3 92 32 77 43 18 29 96 50 79 88 22 93 83 85 33 91 35 78 15 
674-3-12 1?2.4 = 3 92 32 43 18 29 96 57 93 83 85 20 65 44 66 95 39 52 64 12 
674-3-14 1?2.304 = 3 92 32 43 18 96 50 79 22 88 90 78 35 91 33 83 85 20 36 67 14 
674-3-7 1?2.552 = 3 92 32 19 45 81 24 48 34 62 38 59 42 28 51 98 82 46 47 7 
674-3-13 1?2.411 = 3 92 32 43 18 29 96 50 79 88 22 33 83 85 20 65 44 66 27 13 
674-3-9 1?2.448 = 3 45 81 62 38 59 42 28 51 60 98 82 46 47 56 63 16 75 86 9 
674-3-8 1?2.403 = 3 45 81 62 38 59 42 28 51 98 82 46 47 56 63 16 75 86 8 
674-3-11 1?2.587 = 3 92 32 29 96 50 79 88 22 93 83 85 20 65 44 74 41 54 11 
674-3-10 1?2.619 = 3 45 81 62 38 59 42 28 51 98 82 46 72 68 71 49 31 76 89 69 10 
674-4-6 1?2.106 = 4 25 45 81 34 62 38 59 42 28 51 98 82 47 60 6 
674-5-6 1?1.857 = 5 59 38 42 28 34 24 48 87 82 46 47 60 98 51 6 
674-4-12 1?2.487 = 4 25 81 24 48 97 99 58 61 73 23 65 44 66 95 39 52 64 12 
674-4-15 1?2.292 = 4 25 81 45 19 32 43 18 29 96 50 79 22 88 90 78 35 91 15 
674-4-14 1?2.57 = 4 25 81 24 48 21 97 99 73 58 61 57 93 83 85 20 26 36 67 14 
674-4-7 1?2.473 = 4 25 62 28 51 98 82 46 72 68 71 49 31 70 75 16 63 56 7 
674-4-13 1?2.721 = 4 25 81 24 48 97 21 30 99 58 61 73 23 65 94 44 66 95 27 13 
674-4-11 1?2.416 = 4 25 62 38 59 42 28 51 98 82 46 72 68 71 49 31 89 69 37 11 
674-4-8 1?2.22 = 4 25 62 38 42 28 51 98 82 46 72 68 71 49 31 70 86 75 16 8 
674-4-9 1?2.373 = 4 25 62 38 42 28 51 98 60 47 46 82 87 17 72 68 71 49 31 70 9 
674-4-10 1?2.436 = 4 25 62 38 59 42 28 51 60 98 82 46 72 68 71 49 31 70 76 89 69 10 
674-6-7 1?1.981 = 6 51 98 82 46 72 68 71 49 31 70 75 16 63 56 7 
674-5-7 1?1.881 = 5 59 38 42 28 34 24 48 87 46 82 98 51 60 47 7 
674-6-8 1?1.748 = 6 60 98 82 46 72 68 71 49 31 70 86 75 16 63 8 
674-5-12 1?2.343 = 5 59 38 42 28 51 82 46 72 68 71 49 31 40 84 41 74 64 52 12 
674-5-8 1?1.716 = 5 59 38 42 28 51 60 98 82 46 47 56 63 16 75 8 
674-5-15 1?2.363 = 5 59 38 42 28 34 24 48 97 99 58 61 57 93 22 88 90 91 35 15 
674-5-14 1?2.432 = 5 59 38 42 28 34 24 48 21 97 99 58 61 57 93 83 85 20 36 67 14 
674-5-13 1?2.56 = 5 59 38 42 28 51 98 82 46 72 68 71 49 31 40 84 41 74 39 95 13 
674-5-9 1?2.187 = 5 59 38 42 28 51 98 60 47 46 82 87 17 72 68 71 49 31 70 76 9 
674-5-10 1?2.207 = 5 59 38 42 28 51 98 60 47 46 82 87 17 72 68 71 49 31 89 69 10 
674-5-11 1?2.411 = 5 59 38 42 28 51 98 60 47 82 46 72 68 71 49 31 70 76 89 69 37 11 
674-7-9 1?1.723 = 7 47 60 98 82 46 87 17 72 68 71 49 31 70 9 
674-6-12 1?2.214 = 6 51 98 82 46 72 68 71 49 31 89 40 84 55 41 74 64 52 12 
674-7-8 1?1.746 = 7 47 60 98 82 46 72 68 71 49 31 70 86 75 16 8 
674-6-14 1?2.533 = 6 59 38 42 28 34 24 48 21 97 99 58 61 57 93 83 85 36 67 14 
674-7-10 1?2.011 = 7 47 60 98 82 46 87 17 72 68 71 49 31 70 76 89 69 10 
674-6-13 1?2.415 = 6 60 98 82 46 72 68 71 49 31 40 84 41 74 64 52 39 95 13 
674-6-9 1?2.099 = 6 51 98 60 47 46 82 87 17 72 68 71 49 31 70 16 75 86 9 
674-6-15 1?2.548 = 6 42 28 34 24 48 21 97 99 58 61 57 93 22 88 90 91 35 78 15 
674-7-11 1?2.184 = 7 47 60 98 82 46 72 68 71 49 31 70 76 89 69 40 84 54 11 
674-6-10 1?2.259 = 6 59 38 42 28 51 98 60 47 82 46 72 68 71 49 31 76 89 69 10 
674-6-11 1?2.467 = 6 51 98 60 47 46 82 87 17 72 68 71 49 31 76 89 69 40 84 54 11 
674-8-10 1?1.881 = 8 16 63 72 68 71 49 31 70 76 89 69 40 84 37 10 
674-8-9 1?1.87 = 8 16 63 56 72 68 71 49 31 89 69 76 70 75 86 9 
674-7-14 1?2.454 = 7 56 72 68 71 49 31 40 84 41 74 64 52 39 95 27 53 14 
674-8-14 1?2.291 = 8 16 75 86 70 76 89 69 40 84 41 74 64 52 39 95 27 53 14 
674-8-12 1?1.96 = 8 63 72 68 71 49 31 70 76 89 69 40 84 55 41 74 64 52 12 
674-7-12 1?2.245 = 7 56 63 72 68 71 49 31 70 76 89 69 40 84 55 41 74 64 52 12 
674-7-15 1?2.561 = 7 60 98 82 87 17 21 97 99 58 61 57 93 22 88 90 78 35 15 
674-8-11 1?2.027 = 8 86 75 16 63 72 68 71 49 31 89 69 40 84 55 41 74 54 11 
674-8-15 1?2.604 = 8 63 72 68 71 49 31 40 84 55 41 74 64 52 39 95 27 53 67 15 
674-8-13 1?2.138 = 8 63 72 68 71 49 31 89 69 40 84 55 41 74 64 52 39 95 27 13 
674-7-13 1?2.423 = 7 56 63 72 68 71 49 31 89 69 40 84 55 41 74 64 52 39 95 27 13 
674-9-10 1?1.85 = 9 86 75 16 71 68 49 31 70 76 89 69 40 84 37 10 
674-9-12 1?1.846 = 9 70 71 68 49 31 76 89 69 40 84 55 41 74 64 52 12 
674-10-12 1?2.231 = 10 37 69 89 76 70 49 31 40 84 55 41 74 39 64 52 12 
674-9-11 1?1.655 = 9 86 75 16 63 72 68 71 49 31 89 69 40 84 54 11 
674-10-11 1?1.906 = 10 76 70 86 75 16 63 72 68 71 49 31 89 69 37 11 
674-10-13 1?2.235 = 10 69 89 76 70 49 31 40 84 41 74 64 52 39 95 66 27 13 
674-10-14 1?2.336 = 10 69 89 40 84 55 41 74 64 52 39 95 66 44 65 26 36 67 14 
674-10-15 1?2.513 = 10 69 89 40 84 55 41 74 64 52 39 95 27 66 44 65 26 36 15 
674-9-13 1?2.136 = 9 86 75 16 71 68 49 31 89 40 84 55 41 74 64 52 39 95 13 
674-9-15 1?2.614 = 9 70 76 89 69 40 84 55 41 74 64 52 39 95 66 44 65 26 36 15 
674-9-14 1?2.374 = 9 70 71 68 49 31 89 69 40 84 55 41 74 64 52 39 95 27 53 14 
674-11-12 1?2.225 = 11 37 69 76 70 49 31 40 84 55 41 74 64 52 39 12 
674-12-14 1?1.998 = 12 64 52 39 95 27 66 44 65 94 23 20 26 36 67 14 
674-11-14 1?2.115 = 11 54 37 40 84 55 41 74 64 52 39 95 66 27 53 67 14 
674-13-14 1?2.319 = 13 27 95 39 66 44 65 94 23 20 85 83 93 33 36 67 14 
674-14-15 1?2.156 = 14 67 36 26 20 85 83 93 57 96 50 79 88 90 91 35 15 
674-11-13 1?2.255 = 11 37 69 89 76 70 31 40 84 55 41 74 64 52 39 95 13 
674-12-13 1?2.198 = 12 64 52 39 95 66 44 65 94 23 20 26 36 53 27 13 
674-13-15 1?2.042 = 13 27 66 44 65 20 85 83 33 22 88 90 78 35 91 15 
674-11-15 1?2.364 = 11 54 64 52 39 95 66 44 94 65 20 85 83 33 91 35 78 15 
674-12-15 1?2.119 = 12 64 52 39 95 66 44 65 20 85 83 33 22 88 90 91 35 15 
stop
