start
157-0-3 1?2.205 = 0 86 60 61 87 85 67 69 66 76 83 70 79 48 58 3 
157-0-2 1?2.014 = 0 17 36 51 80 45 49 29 64 60 33 25 37 32 23 2 
157-0-6 1?2.219 = 0 17 86 60 61 87 85 67 69 66 43 57 97 68 18 46 27 73 6 
157-0-5 1?2.305 = 0 86 60 61 87 85 67 69 66 43 57 97 68 18 42 81 5 
157-0-7 1?2.405 = 0 86 60 61 87 85 67 69 66 43 57 97 68 18 46 27 73 7 
157-0-1 1?2.009 = 0 17 36 51 80 45 49 29 64 84 61 60 33 25 37 1 
157-0-8 1?2.67 = 0 17 86 60 61 20 71 87 85 67 69 66 43 52 57 97 34 26 88 8 
157-0-4 1?2.284 = 0 86 60 61 20 71 85 67 69 66 76 83 70 79 48 58 4 
157-0-10 1?2.564 = 0 17 36 51 80 45 49 29 64 30 98 62 96 39 53 65 90 55 92 10 
157-0-9 1?2.616 = 0 17 36 51 49 45 29 64 30 98 62 96 39 53 65 90 55 92 41 95 9 
157-0-11 1?2.391 = 0 17 86 60 36 51 80 45 49 29 64 84 93 98 62 96 39 53 31 11 
157-0-14 1?1.826 = 0 17 36 51 80 45 49 29 64 60 61 84 30 47 14 
157-0-15 1?1.895 = 0 17 36 51 49 29 64 84 93 98 62 30 45 80 15 
157-1-2 1?2.142 = 1 37 25 33 20 71 85 67 69 66 76 83 77 59 28 23 2 
157-1-7 1?2.442 = 1 37 32 23 28 59 77 70 52 57 97 68 18 42 81 46 27 73 7 
157-0-13 1?2.247 = 0 17 36 51 80 47 45 49 29 64 60 61 84 93 98 62 96 56 13 
157-1-3 1?2.224 = 1 37 25 33 20 71 85 69 66 76 83 70 79 48 58 3 
157-1-8 1?2.524 = 1 32 23 28 59 99 44 48 54 78 42 81 46 18 68 97 34 26 88 8 
157-1-4 1?2.333 = 1 37 25 33 20 71 85 67 69 66 76 83 70 79 54 48 58 4 
157-1-5 1?2.351 = 1 37 25 33 20 71 87 85 67 69 66 76 83 70 79 54 78 63 5 
157-1-6 1?2.225 = 1 37 32 23 28 59 99 44 48 79 70 52 57 97 68 18 46 27 73 6 
157-0-12 1?2.229 = 0 17 86 60 36 51 80 45 49 29 64 61 84 93 98 62 96 16 12 
157-1-13 1?2.295 = 1 37 25 33 60 36 51 80 45 49 29 64 84 93 98 62 96 56 13 
157-2-4 1?2.207 = 2 99 44 48 79 52 57 97 68 18 42 81 63 24 4 
157-2-5 1?2.245 = 2 23 32 28 59 77 70 52 57 97 68 18 42 81 78 63 5 
157-2-3 1?2.318 = 2 23 28 59 75 20 71 85 67 69 66 76 83 77 44 3 
157-2-6 1?2.149 = 2 23 32 59 99 44 48 79 70 52 57 97 68 18 46 27 73 6 
157-1-15 1?1.814 = 1 23 28 59 32 37 25 33 60 64 29 51 49 45 80 15 
157-1-9 1?2.68 = 1 37 25 33 20 71 87 85 67 69 66 43 72 89 19 21 92 41 95 9 
157-1-14 1?2.15 = 1 23 28 59 32 37 25 33 60 36 51 80 45 49 29 64 30 47 14 
157-1-12 1?2.449 = 1 37 25 33 60 36 51 80 45 49 29 64 61 84 93 98 62 96 16 12 
157-1-11 1?2.595 = 1 37 25 33 60 86 36 51 80 45 49 29 64 30 98 62 96 39 53 31 11 
157-1-10 1?2.767 = 1 37 25 33 20 71 87 85 67 69 66 43 72 89 19 21 55 90 92 41 10 
157-3-5 1?2.286 = 3 58 48 54 79 70 52 57 42 18 46 81 78 63 24 5 
157-2-13 1?2.375 = 2 23 28 59 32 37 25 33 86 60 64 29 49 51 80 45 47 30 38 13 
157-3-4 1?2.146 = 3 58 48 79 52 57 97 68 18 46 42 81 78 63 24 4 
157-2-7 1?2.452 = 2 23 28 32 59 77 70 79 52 57 97 68 18 42 81 46 27 7 
157-2-8 1?2.532 = 2 23 28 59 99 44 48 54 78 42 81 46 18 68 97 34 26 88 94 8 
157-2-15 1?1.754 = 2 23 28 59 32 37 25 33 60 64 29 49 45 80 51 15 
157-2-9 1?2.687 = 2 23 28 59 32 75 20 71 87 85 67 69 66 50 40 55 90 92 41 95 9 
157-2-14 1?2.258 = 2 23 28 59 77 83 76 66 69 67 85 87 71 20 61 64 29 45 47 14 
157-2-10 1?2.696 = 2 23 28 59 32 37 25 33 20 71 87 85 67 69 66 50 40 55 90 92 10 
157-2-11 1?2.646 = 2 99 59 28 23 32 75 20 71 87 85 69 67 93 98 62 96 39 53 31 11 
157-2-12 1?2.51 = 2 28 23 32 37 25 33 60 64 29 49 51 80 45 30 62 98 96 16 12 
157-3-6 1?1.882 = 3 58 48 79 54 78 81 42 97 68 18 46 27 73 6 
157-4-5 1?2.23 = 4 24 54 48 79 70 52 57 97 68 18 46 42 81 5 
157-3-13 1?2.465 = 3 58 48 79 70 83 76 66 69 67 85 87 84 93 98 62 96 56 13 
157-3-7 1?2.565 = 3 58 48 54 79 70 52 57 42 81 46 18 68 97 34 27 73 7 
157-3-8 1?2.504 = 3 58 48 54 79 70 52 57 42 81 46 18 68 97 34 26 88 94 8 
157-3-15 1?2.17 = 3 44 99 59 28 23 32 37 25 33 60 86 36 64 29 45 49 51 15 
157-3-9 1?2.689 = 3 58 48 79 70 52 57 42 81 46 18 68 97 34 26 88 94 22 95 9 
157-3-14 1?2.225 = 3 44 99 59 28 23 32 37 25 33 60 36 64 29 49 51 80 45 47 14 
157-3-10 1?2.831 = 3 58 48 54 79 70 83 76 66 69 85 67 50 35 21 19 92 55 90 10 
157-3-11 1?2.714 = 3 58 48 54 79 70 83 76 74 71 20 87 85 69 67 82 39 53 31 11 
157-3-12 1?2.6 = 3 58 48 54 79 70 83 76 66 69 67 85 87 84 93 98 62 96 16 12 
157-5-6 1?1.773 = 5 24 63 78 81 42 52 57 97 68 18 46 27 73 6 
157-4-6 1?1.808 = 4 24 63 78 81 42 52 57 97 68 18 46 27 73 6 
157-4-7 1?2.228 = 4 24 63 78 42 81 46 18 68 97 34 91 22 94 88 26 7 
157-4-8 1?2.56 = 4 24 63 54 79 70 52 57 97 68 18 42 81 46 34 26 88 94 8 
157-4-13 1?2.647 = 4 58 48 79 70 83 76 66 69 67 85 71 20 61 84 93 98 62 96 56 13 
157-4-9 1?2.589 = 4 24 63 78 42 81 46 18 68 97 57 52 43 72 35 21 19 95 9 
157-4-15 1?2.222 = 4 58 48 79 70 83 76 66 69 85 67 84 64 29 45 49 51 15 
157-4-12 1?2.492 = 4 58 48 79 70 83 76 66 69 67 85 87 84 93 98 62 96 16 12 
157-4-14 1?2.289 = 4 58 48 79 70 83 76 66 69 67 85 87 61 64 29 51 49 45 47 14 
157-4-11 1?2.664 = 4 24 63 78 42 81 27 46 18 68 97 34 91 19 21 92 55 90 65 31 11 
157-4-10 1?2.652 = 4 24 63 78 42 81 46 18 68 97 34 26 88 94 22 95 41 92 55 90 10 
157-6-7 1?1.928 = 6 73 27 46 81 42 18 68 97 34 91 22 94 88 26 7 
157-5-7 1?2.193 = 5 24 63 78 42 81 46 18 68 97 34 91 22 94 88 26 7 
157-5-8 1?2.029 = 5 24 63 78 42 81 73 27 46 18 68 97 34 26 88 94 8 
157-6-8 1?1.948 = 6 73 27 46 81 42 18 68 97 34 89 91 26 88 94 8 
157-5-13 1?2.468 = 5 81 42 18 68 97 57 43 66 69 67 85 87 84 93 98 62 56 13 
157-5-9 1?2.219 = 5 63 78 42 81 73 27 46 18 68 97 34 26 88 94 22 95 9 
157-5-10 1?2.494 = 5 24 63 78 42 81 27 46 18 68 97 34 26 88 94 22 95 41 10 
157-5-12 1?2.474 = 5 81 42 18 68 97 57 43 66 69 85 67 93 98 62 96 16 12 
157-5-15 1?2.333 = 5 63 78 54 79 70 83 76 66 69 67 85 87 61 64 29 49 45 80 15 
157-5-11 1?2.541 = 5 81 42 18 68 97 57 52 43 66 69 85 67 82 39 53 31 11 
157-5-14 1?2.344 = 5 81 42 18 68 97 57 43 66 69 67 85 87 61 64 29 49 45 47 14 
157-7-8 1?2.176 = 7 73 27 46 81 42 18 68 97 57 89 91 26 88 8 
157-6-9 1?1.735 = 6 73 27 46 81 42 18 68 97 34 26 88 94 22 95 9 
157-7-9 1?1.981 = 7 73 27 46 81 42 18 68 97 34 26 88 94 22 95 9 
157-7-10 1?2.167 = 7 73 27 46 81 42 18 68 97 34 91 19 92 55 90 10 
157-6-13 1?2.401 = 6 73 27 46 18 68 97 57 52 43 66 69 67 85 87 84 93 98 62 56 13 
157-7-11 1?2.489 = 7 73 27 46 81 42 18 68 97 34 89 19 21 92 55 90 65 31 11 
157-6-12 1?2.305 = 6 73 27 46 18 68 97 57 43 66 69 67 93 98 62 96 16 12 
157-6-10 1?2.284 = 6 73 27 46 81 42 18 68 97 34 26 88 94 22 19 21 55 90 10 
157-6-11 1?2.395 = 6 73 27 46 18 68 97 57 52 43 66 69 85 67 82 39 53 31 11 
157-6-15 1?2.322 = 6 73 27 46 18 68 97 57 52 43 66 69 67 85 87 61 64 29 49 45 80 15 
157-6-14 1?2.294 = 6 73 27 46 18 68 97 57 43 66 69 67 85 71 20 61 64 29 49 45 47 14 
157-8-9 1?2.352 = 8 88 26 34 46 81 42 18 68 97 57 89 19 95 9 
157-8-13 1?2.55 = 8 88 26 34 97 57 43 66 69 67 85 87 84 93 98 62 56 13 
157-8-10 1?2.451 = 8 88 26 34 97 68 18 46 42 57 89 19 92 55 90 10 
157-7-13 1?2.505 = 7 27 46 18 68 97 57 43 66 69 67 85 87 84 93 98 62 56 13 
157-8-11 1?2.515 = 8 88 91 89 72 43 66 69 85 67 82 39 53 31 11 
157-7-12 1?2.488 = 7 27 46 18 68 97 57 43 66 69 67 93 98 62 96 16 12 
157-8-12 1?2.527 = 8 94 91 89 72 43 66 69 85 67 84 93 98 62 96 16 12 
157-8-15 1?2.453 = 8 94 91 89 72 43 66 69 67 85 71 20 61 64 29 49 45 80 15 
157-7-14 1?2.35 = 7 27 46 18 68 97 57 43 66 69 85 67 84 64 29 49 45 47 14 
157-8-14 1?2.451 = 8 94 91 89 72 43 66 69 67 85 71 20 61 64 29 49 45 80 14 
157-7-15 1?2.407 = 7 27 46 18 68 97 57 43 66 69 67 85 87 61 64 29 45 49 51 15 
157-10-13 1?2.292 = 10 65 53 39 96 62 98 30 64 29 51 49 45 47 38 13 
157-9-10 1?2.542 = 9 95 22 94 88 26 34 18 68 97 57 89 19 21 92 10 
157-9-13 1?2.517 = 9 95 41 92 90 65 53 39 96 62 98 30 64 29 49 45 47 38 13 
157-10-11 1?2.533 = 10 90 55 21 35 72 43 66 69 85 67 82 39 53 31 11 
157-9-11 1?2.49 = 9 95 41 92 55 40 50 66 69 85 67 82 39 53 31 11 
157-10-12 1?2.373 = 10 90 55 40 82 67 69 85 87 84 93 98 62 96 16 12 
157-10-14 1?2.19 = 10 90 55 65 53 39 96 62 98 30 64 29 49 51 80 45 47 14 
157-9-12 1?2.523 = 9 95 19 21 35 72 66 69 85 67 84 93 98 62 96 16 12 
157-9-14 1?2.295 = 9 95 41 92 55 90 65 53 39 96 62 98 30 64 29 49 45 80 14 
157-10-15 1?2.538 = 10 41 92 90 65 53 39 96 62 98 30 47 45 80 51 49 29 64 36 15 
157-9-15 1?2.456 = 9 95 41 92 55 90 65 31 53 39 96 62 98 30 64 29 51 49 45 80 15 
157-11-14 1?1.885 = 11 31 53 16 96 62 98 30 64 29 45 49 51 80 47 14 
157-12-14 1?1.731 = 12 16 96 62 98 30 45 49 29 64 36 51 80 47 14 
157-13-14 1?1.773 = 13 16 56 96 62 98 30 64 29 51 49 45 80 47 14 
157-14-15 1?1.666 = 14 47 45 80 51 49 29 64 30 93 84 61 60 36 15 
157-12-15 1?1.93 = 12 16 96 62 98 30 45 80 51 49 29 64 60 86 36 15 
157-13-15 1?1.895 = 13 56 96 62 98 30 64 29 49 45 80 51 36 60 86 17 15 
157-11-13 1?2 = 11 31 53 39 96 62 98 30 64 29 51 49 45 47 38 13 
157-12-13 1?1.924 = 12 16 96 62 98 30 29 36 51 49 45 80 47 38 13 
157-11-12 1?2.259 = 11 31 53 39 82 67 69 85 87 84 93 98 62 96 16 12 
157-11-15 1?2.311 = 11 31 53 39 96 62 98 93 30 64 29 49 45 80 51 36 60 86 17 15 
stop
