start
102-0-2 1?2.138 = 0 90 85 28 24 39 17 74 63 20 73 70 56 37 68 2 
102-0-1 1?2.114 = 0 84 20 73 70 63 74 17 28 90 85 24 39 87 72 78 1 
102-0-11 1?2.335 = 0 90 85 24 39 17 74 63 73 70 56 41 27 16 75 62 71 11 
102-0-6 1?2.375 = 0 90 85 28 17 74 63 73 70 56 41 65 19 60 91 99 95 82 48 6 
102-0-9 1?2.425 = 0 90 85 24 39 17 74 63 20 73 70 56 41 27 23 79 88 51 59 61 93 9 
102-0-5 1?2.369 = 0 90 85 28 17 74 63 73 70 56 41 65 19 60 91 99 80 21 5 
102-0-4 1?2.356 = 0 90 85 28 17 74 63 73 70 56 41 65 19 60 49 45 86 66 4 
102-0-3 1?2.511 = 0 90 85 28 17 74 63 20 73 70 56 41 65 19 60 49 45 54 3 
102-0-7 1?2.411 = 0 90 85 28 17 74 63 73 70 56 41 65 19 60 58 98 26 32 7 
102-0-8 1?2.464 = 0 90 85 28 17 74 63 20 73 70 56 41 65 19 60 58 98 42 52 8 
102-0-10 1?2.354 = 0 90 85 28 17 74 63 20 73 70 56 41 27 23 79 88 55 33 44 10 
102-0-15 1?1.877 = 0 90 85 24 39 17 74 63 70 73 20 67 96 31 22 15 
102-0-12 1?2.154 = 0 90 85 28 39 17 74 63 73 70 56 41 27 16 75 69 12 
102-1-2 1?2.105 = 1 24 28 85 90 84 63 74 17 39 72 78 87 34 81 68 2 
102-0-13 1?2.115 = 0 90 85 28 24 39 17 74 63 70 73 20 67 83 46 76 43 13 
102-1-4 1?2.158 = 1 24 85 90 28 39 72 78 87 34 81 68 45 86 66 38 4 
102-0-14 1?1.891 = 0 90 85 24 39 17 74 63 70 73 67 96 31 46 92 14 
102-1-5 1?2.297 = 1 39 17 74 63 20 73 70 56 41 65 19 60 91 40 50 21 80 5 
102-1-3 1?2.091 = 1 78 72 87 39 24 85 90 28 17 74 37 81 68 54 3 
102-1-6 1?2.316 = 1 39 17 74 63 73 70 56 41 65 19 60 91 99 95 82 25 57 48 6 
102-1-8 1?2.409 = 1 39 17 74 63 20 73 70 56 41 65 19 60 94 58 98 42 52 36 8 
102-1-7 1?2.372 = 1 39 17 74 63 20 73 70 56 41 65 19 60 58 98 26 47 32 7 
102-1-15 1?1.938 = 1 39 17 74 63 20 73 70 56 41 29 67 96 31 22 15 
102-2-5 1?2.319 = 2 68 81 74 63 73 70 56 41 65 19 60 91 99 80 5 
102-1-12 1?2.44 = 1 78 72 39 24 85 28 17 74 63 20 73 70 56 41 27 16 75 69 12 
102-2-4 1?2.317 = 2 68 81 74 63 73 70 56 65 19 60 49 45 86 66 4 
102-2-6 1?2.318 = 2 78 72 87 34 81 68 37 49 50 40 91 99 77 95 82 25 57 48 6 
102-1-11 1?2.577 = 1 39 17 74 63 20 73 70 56 41 27 65 19 60 23 79 88 55 71 11 
102-1-13 1?2.264 = 1 39 17 74 63 20 73 70 56 41 27 29 67 96 31 46 76 43 13 
102-2-3 1?2.145 = 2 78 72 87 39 24 85 90 28 17 74 37 81 68 54 3 
102-1-14 1?2.117 = 1 39 17 74 63 20 73 70 56 41 29 67 96 31 46 76 43 14 
102-1-9 1?2.452 = 1 24 85 28 39 17 74 63 73 70 56 41 27 23 79 88 51 59 61 93 9 
102-1-10 1?2.593 = 1 78 72 87 34 68 81 74 63 73 70 56 41 27 65 23 79 88 55 33 44 10 
102-3-5 1?2.188 = 3 38 66 86 21 80 99 95 77 26 47 57 25 82 5 
102-2-15 1?2.22 = 2 78 72 39 17 74 63 73 70 56 41 27 29 83 46 31 22 15 
102-3-4 1?2.411 = 3 54 68 81 34 87 78 72 39 17 74 63 37 45 86 66 4 
102-2-12 1?2.526 = 2 68 81 34 87 78 72 39 17 74 63 20 73 70 56 41 27 16 75 69 12 
102-2-11 1?2.604 = 2 78 72 87 34 68 81 74 63 20 73 70 56 41 27 23 79 88 55 71 11 
102-2-13 1?2.386 = 2 78 72 39 17 74 63 73 70 56 41 29 67 96 31 46 76 43 13 
102-2-8 1?2.536 = 2 78 72 39 17 74 63 73 70 56 41 65 19 60 58 98 42 52 36 8 
102-2-7 1?2.454 = 2 68 81 74 63 73 70 56 41 65 19 60 94 58 98 26 32 7 
102-2-9 1?2.433 = 2 78 72 87 17 74 63 20 73 70 56 41 27 23 79 88 51 59 61 93 9 
102-2-14 1?2.23 = 2 78 72 39 17 74 63 20 73 70 56 41 27 29 83 46 76 43 14 
102-2-10 1?2.61 = 2 78 72 39 17 74 63 20 73 70 56 41 27 18 30 23 79 88 55 33 44 10 
102-3-6 1?1.955 = 3 38 66 86 21 80 95 77 26 47 57 25 82 48 6 
102-4-5 1?2.021 = 4 38 66 86 21 80 99 95 77 26 47 57 25 82 5 
102-3-15 1?2.418 = 3 54 68 34 81 74 63 20 73 70 56 41 27 29 67 96 31 22 15 
102-3-12 1?2.647 = 3 54 68 81 34 87 78 72 39 17 74 63 73 70 56 41 27 16 75 69 12 
102-3-11 1?2.73 = 3 54 68 81 34 87 39 17 74 63 73 70 56 41 27 16 75 62 71 11 
102-3-13 1?2.498 = 3 54 68 81 34 87 78 72 39 24 28 85 90 84 22 31 46 76 43 13 
102-3-7 1?2.473 = 3 38 66 86 21 80 99 50 40 91 77 95 82 25 57 47 26 32 7 
102-3-9 1?2.619 = 3 54 68 81 74 63 20 73 70 56 41 65 23 79 88 51 59 97 61 93 9 
102-3-8 1?2.607 = 3 38 66 86 21 80 82 48 57 25 95 77 26 47 32 89 42 52 36 8 
102-3-14 1?2.414 = 3 54 68 81 34 87 78 72 39 24 28 85 90 84 22 31 46 76 43 14 
102-3-10 1?2.768 = 3 54 68 81 34 87 39 17 74 63 73 70 56 41 27 23 79 88 55 33 44 10 
102-5-6 1?1.878 = 5 80 21 50 40 91 99 95 77 26 47 57 25 82 48 6 
102-4-6 1?1.788 = 4 38 66 86 21 80 95 77 26 47 57 25 82 48 6 
102-4-15 1?2.362 = 4 38 66 86 45 49 60 19 65 41 56 70 73 67 96 31 22 15 
102-4-7 1?1.904 = 4 38 66 86 21 80 99 95 82 25 57 47 26 32 7 
102-4-12 1?2.673 = 4 38 66 21 80 99 50 40 91 60 19 65 56 41 27 16 75 69 12 
102-4-8 1?2.237 = 4 38 66 86 21 80 99 77 95 82 25 57 47 26 32 89 36 8 
102-4-11 1?2.887 = 4 38 66 86 21 80 95 82 25 57 47 26 98 58 94 64 51 55 71 11 
102-4-13 1?2.579 = 4 38 66 86 45 49 60 19 65 41 56 70 73 20 67 83 46 76 43 13 
102-4-9 1?2.47 = 4 38 66 86 21 80 82 25 47 26 32 89 36 52 42 35 97 61 93 9 
102-4-14 1?2.44 = 4 38 66 86 45 49 60 19 65 41 56 70 73 67 83 46 76 43 14 
102-4-10 1?2.756 = 4 38 66 86 21 80 82 25 57 47 26 98 58 94 64 88 55 33 44 10 
102-6-8 1?1.848 = 6 48 57 25 82 95 99 50 40 91 77 26 32 89 36 8 
102-5-15 1?2.318 = 5 80 21 50 40 91 60 19 65 41 56 70 73 67 96 31 22 15 
102-6-7 1?1.788 = 6 48 57 25 82 95 99 50 40 91 58 98 26 32 7 
102-5-7 1?1.952 = 5 21 80 99 50 40 91 77 95 82 25 57 47 26 32 7 
102-5-12 1?2.61 = 5 21 80 99 50 91 60 19 65 41 56 70 73 29 16 75 69 12 
102-5-8 1?2.231 = 5 21 80 99 50 40 91 77 95 82 25 57 47 32 89 42 52 36 8 
102-5-13 1?2.48 = 5 80 21 50 40 91 60 19 65 41 56 70 73 67 83 46 76 43 13 
102-5-9 1?2.304 = 5 21 80 95 82 25 57 47 26 32 89 36 52 42 35 97 61 93 9 
102-5-11 1?2.834 = 5 21 80 99 50 40 91 60 19 65 41 56 70 73 29 16 75 62 71 11 
102-5-10 1?2.597 = 5 48 57 25 82 95 77 26 47 32 89 42 35 97 93 61 59 33 44 10 
102-5-14 1?2.479 = 5 21 80 99 50 40 91 60 19 65 27 41 56 70 73 20 67 96 31 92 14 
102-7-8 1?1.974 = 7 32 26 47 57 25 82 95 77 58 94 98 42 52 8 
102-7-9 1?1.983 = 7 89 36 52 42 32 47 26 98 58 94 53 97 61 93 9 
102-6-9 1?1.755 = 6 48 57 25 47 26 32 89 36 52 42 35 97 59 61 93 9 
102-7-11 1?2.525 = 7 32 26 47 57 25 82 95 77 98 58 94 64 51 33 44 71 11 
102-6-12 1?2.429 = 6 48 57 25 82 95 99 50 40 91 60 19 65 41 27 16 75 69 12 
102-7-10 1?2.35 = 7 32 26 47 57 25 82 95 77 98 58 94 64 51 55 33 44 10 
102-6-11 1?2.534 = 6 48 57 25 82 95 77 26 32 89 36 52 42 35 97 93 61 59 33 71 11 
102-6-15 1?2.433 = 6 48 57 25 82 95 99 50 40 91 60 19 65 41 56 70 73 20 67 96 22 15 
102-6-13 1?2.492 = 6 48 57 25 82 95 99 50 40 91 60 19 65 41 29 83 46 76 43 13 
102-6-10 1?2.286 = 6 48 57 25 82 95 77 26 32 89 36 52 42 35 97 61 59 33 44 10 
102-6-14 1?2.383 = 6 48 82 95 99 50 40 91 60 19 65 41 56 70 73 20 67 96 31 92 14 
102-8-12 1?2.443 = 8 52 42 98 58 94 60 19 65 56 41 27 16 75 69 12 
102-8-11 1?2.331 = 8 36 52 42 89 32 47 26 98 58 94 64 51 88 55 71 11 
102-8-9 1?1.914 = 8 36 52 42 89 32 47 26 98 58 94 53 97 61 93 9 
102-7-12 1?2.5 = 7 32 47 26 98 58 94 60 19 65 56 41 27 16 75 69 12 
102-8-10 1?2.056 = 8 36 52 42 89 32 47 26 98 58 94 64 51 33 44 10 
102-8-15 1?2.485 = 8 36 52 42 98 58 94 60 19 65 41 56 70 73 20 67 96 31 22 15 
102-8-13 1?2.498 = 8 52 42 98 58 60 19 65 41 56 70 73 67 83 46 76 43 13 
102-7-13 1?2.498 = 7 32 26 98 58 60 19 65 41 56 70 73 67 83 46 76 43 13 
102-7-15 1?2.608 = 7 32 47 26 98 58 94 60 19 65 27 41 56 70 73 20 67 96 31 22 15 
102-8-14 1?2.439 = 8 36 52 42 98 58 94 60 19 65 41 56 70 73 20 67 96 31 92 14 
102-7-14 1?2.46 = 7 32 47 26 98 58 94 60 19 65 41 56 70 73 20 67 96 31 92 14 
102-10-12 1?2.401 = 10 44 33 59 61 93 97 51 88 79 23 30 18 16 75 69 12 
102-9-11 1?2.392 = 9 93 61 97 59 51 64 88 79 23 30 18 16 75 62 71 11 
102-10-11 1?2.508 = 10 44 33 55 88 79 23 65 56 41 27 16 75 62 71 11 
102-9-12 1?2.474 = 9 93 61 59 51 88 79 23 27 41 56 70 73 29 16 75 69 12 
102-10-13 1?2.347 = 10 44 33 55 88 79 23 27 41 56 70 73 67 83 46 76 13 
102-9-10 1?2.262 = 9 93 61 97 35 52 36 89 42 98 58 94 64 51 33 44 10 
102-10-15 1?2.529 = 10 44 33 55 88 79 23 60 19 65 41 56 70 73 20 67 96 31 22 15 
102-9-15 1?2.447 = 9 93 61 59 51 88 79 23 30 18 27 41 56 70 73 20 67 96 31 22 15 
102-9-13 1?2.379 = 9 93 61 59 51 88 79 23 65 56 70 73 67 83 46 76 43 13 
102-10-14 1?2.46 = 10 44 33 55 88 79 23 27 41 56 70 73 20 67 96 31 46 76 43 14 
102-9-14 1?2.401 = 9 93 61 59 51 88 79 23 30 18 27 41 56 70 73 20 67 96 31 92 14 
102-12-15 1?2.092 = 12 69 75 16 27 41 56 70 73 67 83 46 31 22 15 
102-14-15 1?2.061 = 14 43 76 46 31 83 29 27 41 56 70 73 67 96 22 15 
102-11-12 1?2.497 = 11 71 55 88 79 23 27 41 56 70 73 29 16 75 69 12 
102-13-15 1?2.145 = 13 43 76 46 31 83 29 27 41 56 70 73 67 96 22 15 
102-11-13 1?2.35 = 11 71 62 75 16 27 41 56 70 73 67 83 46 76 43 13 
102-12-13 1?2.188 = 12 69 75 16 27 41 56 70 73 20 67 83 46 76 43 13 
102-13-14 1?2.051 = 13 43 76 46 83 29 27 41 56 70 73 67 96 31 92 14 
102-11-15 1?2.54 = 11 71 55 88 79 23 30 18 16 27 41 56 70 73 67 96 31 22 15 
102-12-14 1?2.095 = 12 69 75 16 27 41 56 70 73 20 67 96 31 46 92 14 
102-11-14 1?2.197 = 11 71 62 75 16 27 41 56 70 73 20 67 96 31 92 14 
stop
