start
381-0-2 1?2.121 = 0 81 29 84 16 55 97 94 63 65 19 62 53 54 2 
381-0-4 1?2.086 = 0 81 37 94 63 65 54 19 62 53 40 73 42 92 4 
381-0-3 1?2.212 = 0 29 84 16 55 97 94 63 65 54 19 62 53 82 3 
381-0-1 1?2.061 = 0 81 29 84 16 55 97 78 19 62 53 54 65 63 1 
381-0-5 1?2.627 = 0 81 37 94 63 65 54 53 62 19 78 33 30 40 73 42 92 49 5 
381-0-11 1?2.505 = 0 81 29 84 77 90 23 79 28 98 64 22 68 56 83 50 21 24 45 20 11 
381-0-6 1?2.493 = 0 81 37 94 19 62 54 53 30 33 41 48 87 74 76 58 17 52 6 
381-0-7 1?2.69 = 0 81 29 84 77 90 23 79 67 25 47 18 66 31 35 39 69 46 99 75 7 
381-0-9 1?2.708 = 0 81 29 84 77 90 23 67 43 25 95 66 71 86 32 91 85 59 36 57 9 
381-0-10 1?2.719 = 0 81 29 84 77 90 23 79 28 98 64 22 93 61 20 45 50 56 83 21 24 10 
381-0-8 1?2.655 = 0 81 29 84 77 90 23 79 67 43 25 47 18 66 31 35 39 91 85 59 8 
381-1-4 1?2.136 = 1 63 65 54 19 62 53 78 33 30 40 73 42 92 4 
381-1-2 1?2.435 = 1 63 65 54 62 19 78 97 55 34 80 33 30 53 2 
381-1-3 1?2.353 = 1 63 65 54 53 62 19 78 33 30 40 73 92 42 3 
381-0-14 1?2.253 = 0 81 37 63 65 54 62 19 78 97 55 16 90 44 14 
381-0-15 1?2.17 = 0 81 37 63 65 54 62 19 78 97 55 16 84 29 15 
381-1-6 1?2.584 = 1 63 65 54 62 19 78 33 41 48 89 39 69 46 99 58 17 52 6 
381-0-13 1?2.468 = 0 81 29 84 16 55 97 80 34 47 25 43 67 22 64 28 98 88 13 
381-0-12 1?2.588 = 0 81 29 84 77 90 23 79 28 98 64 22 68 56 83 50 45 20 61 12 
381-1-5 1?2.552 = 1 63 19 62 53 30 33 41 48 87 74 76 58 17 52 38 96 49 5 
381-1-7 1?2.692 = 1 65 54 19 62 53 30 33 41 48 89 31 35 39 69 46 99 75 72 7 
381-1-8 1?2.801 = 1 63 65 54 19 62 53 30 33 41 48 89 31 35 71 86 32 91 85 59 8 
381-1-15 1?2.113 = 1 63 65 54 62 19 78 97 55 16 90 77 84 29 15 
381-2-5 1?2.087 = 2 65 54 19 62 53 78 33 30 40 73 42 92 49 5 
381-2-4 1?2.207 = 2 54 62 19 65 63 94 78 33 30 40 73 42 92 4 
381-1-14 1?2.448 = 1 63 65 54 62 19 78 80 34 47 25 43 67 79 23 44 14 
381-2-3 1?2.423 = 2 54 19 62 53 30 33 41 48 51 74 87 60 73 40 3 
381-1-12 1?2.539 = 1 65 54 19 78 97 55 34 47 25 43 67 22 64 28 98 88 26 12 
381-2-6 1?2.398 = 2 65 54 19 62 53 30 33 41 48 89 51 87 74 76 58 17 52 6 
381-1-11 1?2.519 = 1 65 54 62 19 78 97 55 34 47 25 43 68 56 50 45 20 11 
381-1-13 1?2.429 = 1 63 65 19 78 97 55 34 47 25 43 67 22 64 28 98 88 13 
381-1-9 1?2.647 = 1 63 65 54 19 62 53 30 33 41 48 89 39 91 85 59 36 57 9 
381-1-10 1?2.665 = 1 63 65 54 62 19 78 97 55 34 47 25 43 68 56 50 21 24 10 
381-3-4 1?2.33 = 3 40 73 42 92 60 87 74 76 58 17 52 38 96 49 4 
381-3-5 1?2.095 = 3 40 73 42 92 60 87 74 76 58 17 52 38 96 49 5 
381-2-15 1?2.539 = 2 54 62 19 65 63 37 94 78 97 55 16 90 77 84 29 15 
381-2-14 1?2.609 = 2 54 62 19 78 97 55 34 47 25 43 67 22 64 98 28 23 44 14 
381-2-7 1?2.527 = 2 54 19 62 53 30 33 41 48 89 31 35 39 69 46 99 75 72 7 
381-2-12 1?2.749 = 2 54 62 19 65 63 94 97 55 34 47 25 43 67 22 64 28 98 88 26 12 
381-2-8 1?2.674 = 2 54 19 62 53 30 33 41 48 89 31 35 66 71 86 32 91 85 59 8 
381-2-9 1?2.687 = 2 54 62 19 78 33 41 48 89 35 31 66 71 86 32 91 85 59 36 9 
381-2-13 1?2.606 = 2 54 62 19 65 63 94 97 55 34 47 25 43 67 22 64 28 98 88 13 
381-2-11 1?2.669 = 2 54 19 78 33 41 48 89 35 31 66 95 68 56 83 50 45 20 11 
381-2-10 1?2.618 = 2 54 62 19 78 33 41 48 89 35 31 66 95 68 56 50 21 24 10 
381-4-5 1?2.006 = 4 92 42 73 40 60 87 74 76 58 17 52 38 96 49 5 
381-3-6 1?2.364 = 3 82 53 54 62 19 78 33 41 48 87 74 51 76 58 17 52 6 
381-3-7 1?2.563 = 3 82 40 73 42 92 60 87 74 76 69 39 91 85 59 46 99 75 7 
381-3-8 1?2.497 = 3 82 40 73 42 92 96 38 52 17 58 99 46 69 39 91 85 59 8 
381-3-15 1?2.839 = 3 82 53 62 19 54 65 63 37 94 78 97 55 16 90 77 84 29 15 
381-3-9 1?2.587 = 3 82 40 73 42 92 96 38 52 17 58 99 46 69 91 85 59 36 57 9 
381-3-12 1?2.903 = 3 40 73 60 87 74 51 89 35 31 66 95 68 56 50 21 24 45 20 61 12 
381-3-11 1?2.728 = 3 82 40 73 60 87 74 51 89 35 31 66 95 68 56 50 21 24 45 20 11 
381-3-14 1?2.864 = 3 40 73 42 92 60 87 74 51 89 35 31 18 47 25 43 67 79 23 44 14 
381-3-13 1?2.766 = 3 82 53 54 62 19 78 97 55 34 18 47 25 43 67 22 64 98 28 88 13 
381-3-10 1?2.696 = 3 40 73 42 92 60 87 74 51 89 35 31 66 95 68 56 50 21 24 10 
381-5-6 1?1.922 = 5 49 92 42 73 40 30 41 48 87 74 76 58 17 52 6 
381-4-6 1?1.918 = 4 92 42 73 40 30 33 41 48 87 74 76 58 17 52 6 
381-4-7 1?2.085 = 4 92 42 73 40 30 33 41 48 87 74 76 99 46 72 7 
381-4-8 1?2.397 = 4 42 40 73 92 96 38 52 17 58 99 46 69 39 91 85 59 8 
381-4-12 1?2.667 = 4 42 92 60 87 74 51 89 31 35 71 86 70 83 56 50 45 20 61 12 
381-4-9 1?2.585 = 4 42 92 60 87 74 76 58 52 17 75 99 46 69 39 91 85 36 57 9 
381-4-11 1?2.562 = 4 42 73 40 30 33 41 48 89 31 35 71 86 70 83 56 50 45 20 11 
381-4-15 1?2.702 = 4 92 42 73 40 30 33 78 19 62 54 65 63 94 37 81 29 84 15 
381-4-13 1?2.589 = 4 42 92 60 87 74 51 89 35 31 66 18 47 25 43 67 79 28 98 88 13 
381-4-14 1?2.796 = 4 92 42 73 40 30 33 41 48 89 35 31 18 47 25 43 67 79 23 44 14 
381-4-10 1?2.556 = 4 42 92 60 87 74 51 89 35 31 66 71 86 70 83 56 50 21 24 10 
381-5-7 1?1.968 = 5 49 96 38 87 74 51 39 91 85 59 46 99 75 7 
381-6-7 1?1.848 = 6 52 17 58 76 74 51 89 31 35 39 69 46 99 75 7 
381-5-8 1?1.931 = 5 49 96 38 52 17 58 75 99 46 69 39 91 85 59 8 
381-6-8 1?2.068 = 6 52 17 58 76 74 87 51 89 31 35 39 91 85 36 8 
381-5-9 1?2.296 = 5 49 96 38 87 74 51 89 31 35 71 86 32 91 85 59 36 57 9 
381-5-11 1?2.336 = 5 49 96 38 87 74 51 89 31 35 71 86 70 83 56 50 45 20 11 
381-5-15 1?2.605 = 5 49 96 87 74 51 89 35 31 66 18 47 25 43 67 79 23 90 77 15 
381-5-14 1?2.55 = 5 49 96 38 87 74 51 89 35 31 66 18 47 25 43 67 79 23 44 14 
381-5-12 1?2.582 = 5 49 96 38 87 74 51 89 31 35 71 86 70 83 56 50 45 20 61 12 
381-5-13 1?2.503 = 5 49 96 87 74 51 89 35 31 66 18 47 25 43 67 22 64 28 98 88 13 
381-5-10 1?2.408 = 5 49 96 38 87 74 51 89 35 31 66 95 68 56 83 50 21 24 10 
381-7-8 1?2.03 = 7 72 75 17 52 58 99 46 69 39 91 85 59 36 57 8 
381-7-9 1?1.904 = 7 72 75 17 52 58 99 46 69 39 91 85 59 36 57 9 
381-6-9 1?1.999 = 6 52 17 58 76 74 51 89 31 35 39 91 85 59 36 57 9 
381-7-11 1?1.976 = 7 75 99 46 69 39 91 85 32 86 70 83 56 50 45 20 11 
381-6-11 1?2.161 = 6 52 17 58 99 46 69 39 91 85 32 86 70 83 56 50 45 20 11 
381-7-10 1?2.148 = 7 75 99 46 69 39 91 85 32 70 83 56 68 50 21 24 10 
381-6-12 1?2.407 = 6 52 17 58 99 46 69 39 91 85 32 86 70 83 56 50 45 20 61 12 
381-6-15 1?2.629 = 6 52 17 58 76 74 87 51 89 35 31 66 18 47 25 43 67 79 23 90 77 15 
381-6-14 1?2.648 = 6 52 17 58 76 74 87 51 89 35 31 66 95 18 47 25 43 67 79 23 44 14 
381-6-10 1?2.156 = 6 52 17 58 99 46 69 39 91 85 32 70 83 56 50 21 24 10 
381-6-13 1?2.527 = 6 52 17 58 76 74 87 51 89 35 31 66 18 47 25 43 67 22 64 28 98 88 13 
381-8-11 1?1.752 = 8 59 85 91 32 86 71 70 83 56 50 21 24 45 20 11 
381-8-9 1?1.953 = 8 59 85 91 32 86 71 70 83 56 68 50 21 24 27 9 
381-8-12 1?2.304 = 8 59 85 91 32 86 70 24 21 50 56 68 22 64 98 28 88 26 12 
381-8-10 1?1.937 = 8 57 36 59 85 91 32 86 71 70 83 56 50 21 24 10 
381-7-12 1?2.36 = 7 75 99 46 69 91 85 32 86 71 70 83 56 50 21 24 45 20 61 12 
381-8-13 1?2.409 = 8 59 85 91 32 86 71 35 31 66 18 47 25 43 67 22 64 98 88 13 
381-8-14 1?2.617 = 8 59 85 91 32 86 71 70 24 21 50 56 68 22 64 98 28 79 23 44 14 
381-7-15 1?2.782 = 7 72 75 99 46 69 39 35 31 66 18 47 25 43 67 79 23 90 77 84 29 15 
381-8-15 1?2.678 = 8 59 85 91 32 86 70 24 21 50 56 68 22 64 98 28 79 23 90 77 15 
381-7-14 1?2.758 = 7 75 99 46 69 39 35 31 66 18 47 25 43 67 22 64 98 28 79 23 44 14 
381-7-13 1?2.523 = 7 75 99 46 69 91 85 32 86 70 24 21 50 56 68 22 64 98 28 88 13 
381-10-11 1?2.174 = 10 9 57 36 59 85 91 32 86 71 70 83 56 50 45 20 11 
381-9-11 1?1.784 = 9 57 36 59 85 91 32 86 71 70 83 56 50 45 20 11 
381-9-12 1?1.949 = 9 57 36 59 85 91 32 86 71 83 56 50 45 20 61 12 
381-10-12 1?2.205 = 10 24 21 50 56 68 95 25 43 67 22 64 98 28 88 26 12 
381-10-14 1?2.276 = 10 24 21 50 56 68 95 66 18 47 25 67 79 23 44 14 
381-10-13 1?2.213 = 10 24 21 50 56 68 95 66 18 47 25 67 22 64 88 13 
381-9-10 1?1.811 = 9 57 36 59 85 91 32 86 71 70 83 56 50 21 24 10 
381-9-13 1?2.249 = 9 57 36 59 85 91 32 86 71 70 83 56 68 22 64 28 98 88 13 
381-10-15 1?2.716 = 10 24 21 50 56 83 70 32 86 71 66 18 47 25 43 67 79 23 90 77 15 
381-9-14 1?2.617 = 9 57 36 59 85 91 32 86 71 35 31 66 18 47 25 43 67 79 23 44 14 
381-9-15 1?2.74 = 9 57 36 59 85 91 32 86 71 66 18 47 25 43 67 79 23 90 77 84 29 15 
381-11-12 1?2.115 = 11 20 45 50 21 24 83 56 68 43 67 22 64 98 28 88 26 12 
381-11-14 1?2.091 = 11 20 45 50 21 24 83 56 68 22 64 98 28 79 23 44 14 
381-11-13 1?1.958 = 11 20 45 50 21 24 83 56 68 43 67 22 64 28 98 88 13 
381-12-14 1?2.272 = 12 61 20 45 24 21 50 56 68 22 64 98 28 79 23 44 14 
381-12-13 1?2.152 = 12 61 20 45 50 21 24 83 56 68 43 67 22 64 98 88 13 
381-12-15 1?2.306 = 12 61 20 45 50 21 24 83 56 68 43 67 79 23 90 77 15 
381-13-14 1?2.43 = 13 88 98 28 64 22 67 43 25 47 34 80 55 16 90 44 14 
381-14-15 1?2.47 = 14 44 90 16 55 97 78 19 63 94 37 81 84 29 15 
381-13-15 1?2.372 = 13 88 98 28 64 22 67 43 25 47 34 80 97 55 16 77 15 
381-11-15 1?2.441 = 11 20 45 50 21 24 83 56 68 22 64 98 28 79 23 90 77 84 29 15 
stop
