start
853-0-2 1?2.222 = 0 31 56 77 51 70 74 85 23 50 17 87 59 94 80 2 
853-0-3 1?2.516 = 0 31 54 37 66 73 28 25 24 51 70 74 85 23 50 99 97 3 
853-0-6 1?2.723 = 0 31 56 24 42 49 65 89 93 95 92 57 35 53 88 41 27 75 40 6 
853-0-1 1?2.242 = 0 31 54 37 34 61 66 73 28 25 24 56 77 45 48 1 
853-0-7 1?2.769 = 0 31 56 24 26 38 49 65 89 93 95 92 57 35 53 88 41 27 75 40 7 
853-0-8 1?2.82 = 0 31 56 24 25 28 73 66 61 44 98 43 65 89 93 95 92 57 35 84 8 
853-0-9 1?2.706 = 0 31 54 37 34 61 44 98 43 65 89 93 95 92 57 35 82 91 18 78 30 9 
853-0-11 1?2.701 = 0 31 56 24 25 28 73 66 34 61 44 98 43 49 65 89 93 95 96 62 11 
853-0-4 1?2.664 = 0 31 54 25 28 24 56 77 51 70 74 85 23 50 16 64 86 79 4 
853-0-5 1?2.722 = 0 48 87 59 94 80 97 99 50 23 85 74 68 58 69 47 22 29 5 
853-0-10 1?2.742 = 0 31 56 24 42 26 38 49 65 89 93 95 92 57 35 82 91 18 78 30 10 
853-0-12 1?2.184 = 0 45 77 56 24 25 28 73 66 34 61 44 98 72 20 12 
853-1-2 1?2.178 = 1 48 45 56 77 51 70 74 85 23 17 87 59 94 80 2 
853-0-14 1?2.026 = 0 48 45 77 56 24 25 28 73 66 61 34 37 55 36 14 
853-0-13 1?2.246 = 0 45 77 56 24 25 28 73 66 61 34 37 55 83 60 13 
853-1-3 1?2.278 = 1 48 45 56 24 42 26 51 70 74 85 23 50 99 97 3 
853-0-15 1?2.08 = 0 48 45 77 56 24 25 28 73 66 61 34 37 55 36 15 
853-1-8 1?2.723 = 1 59 94 80 97 86 64 16 68 58 69 47 39 40 75 27 41 63 67 8 
853-1-4 1?2.514 = 1 87 59 94 80 97 86 64 16 68 58 69 47 22 29 76 81 4 
853-1-5 1?2.581 = 1 87 59 94 80 97 99 50 23 85 74 68 58 69 47 22 29 76 5 
853-1-6 1?2.547 = 1 87 59 94 80 97 86 64 16 46 81 33 76 29 22 69 47 39 6 
853-1-7 1?2.695 = 1 59 94 80 97 86 64 16 46 81 33 76 29 22 69 47 39 40 75 7 
853-1-15 1?2.003 = 1 48 45 77 56 24 25 28 73 66 61 34 37 55 36 15 
853-1-14 1?1.949 = 1 48 45 77 56 24 25 28 73 66 61 34 37 55 36 14 
853-1-13 1?2.513 = 1 87 17 50 23 85 74 70 51 77 56 24 25 28 73 66 61 34 60 13 
853-2-5 1?2.012 = 2 80 94 59 87 17 23 85 74 68 58 69 47 22 29 5 
853-2-3 1?2.306 = 2 80 94 59 87 17 50 23 85 74 70 71 68 16 64 86 3 
853-1-11 1?2.61 = 1 48 45 56 24 25 28 73 66 61 44 98 43 65 89 93 95 96 62 11 
853-2-4 1?2.117 = 2 80 94 99 97 86 64 16 46 58 69 47 22 33 81 4 
853-1-12 1?2.668 = 1 87 17 23 85 74 70 51 77 56 24 28 25 66 73 61 44 72 20 12 
853-1-9 1?2.736 = 1 48 45 56 24 26 38 52 49 65 89 93 95 92 57 35 82 91 18 78 30 9 
853-2-6 1?2.524 = 2 80 94 99 97 86 64 16 46 81 33 76 29 22 69 47 39 75 40 6 
853-1-10 1?2.785 = 1 48 45 56 24 26 38 52 49 65 89 93 95 92 57 82 91 18 78 30 10 
853-2-15 1?2.037 = 2 80 94 17 77 56 24 25 28 73 66 34 37 55 36 15 
853-3-5 1?2.27 = 3 97 99 50 23 85 74 68 58 69 47 39 22 29 76 5 
853-2-13 1?2.324 = 2 80 94 99 50 23 85 74 70 51 77 56 24 25 28 73 61 34 60 13 
853-2-14 1?2.269 = 2 80 99 50 23 85 74 70 51 77 56 24 25 28 73 61 34 60 83 14 
853-3-4 1?2.142 = 3 97 99 50 23 85 74 68 58 69 47 22 29 33 81 4 
853-2-11 1?2.617 = 2 80 94 99 50 23 85 74 70 51 26 38 52 49 65 89 93 95 96 62 11 
853-2-12 1?2.531 = 2 80 94 99 50 23 85 74 70 51 56 24 25 28 73 66 61 44 72 20 12 
853-2-8 1?2.504 = 2 80 94 99 97 86 64 16 68 58 69 47 39 40 75 27 41 63 67 8 
853-2-9 1?2.577 = 2 80 94 99 50 23 85 74 70 38 49 65 89 93 95 92 57 35 82 91 18 9 
853-2-7 1?2.609 = 2 80 94 99 50 23 85 74 68 58 69 47 39 40 75 27 41 53 88 63 7 
853-2-10 1?2.706 = 2 80 94 99 50 23 85 74 70 38 49 65 89 93 95 92 82 91 18 78 30 10 
853-3-15 1?2.343 = 3 86 64 50 23 85 74 70 51 56 24 25 28 73 66 37 55 36 15 
853-4-5 1?2.469 = 4 79 64 86 97 99 50 23 85 74 70 71 68 46 33 76 5 
853-3-14 1?2.328 = 3 97 99 50 23 85 74 70 51 77 56 24 28 73 66 61 34 60 83 14 
853-3-8 1?2.392 = 3 79 81 33 76 29 22 69 47 39 75 27 41 53 88 63 67 8 
853-3-11 1?2.735 = 3 97 99 50 23 85 74 70 51 77 56 24 26 38 49 65 89 96 62 11 
853-3-13 1?2.529 = 3 97 99 50 23 85 74 70 51 77 56 24 42 28 25 66 73 61 34 60 13 
853-3-9 1?2.575 = 3 97 99 50 23 85 74 70 38 49 65 89 93 95 92 82 91 18 30 9 
853-3-12 1?2.581 = 3 86 64 50 23 85 74 70 51 77 56 24 25 28 73 66 61 44 72 20 12 
853-3-6 1?2.43 = 3 97 99 86 64 16 46 81 76 29 22 69 47 39 75 40 6 
853-3-7 1?2.458 = 3 79 81 33 76 29 22 69 47 39 75 27 41 53 88 63 67 7 
853-3-10 1?2.664 = 3 97 99 50 23 85 74 70 38 52 19 57 35 82 91 18 30 78 32 10 
853-4-15 1?2.466 = 4 79 86 50 23 85 74 70 51 56 24 25 28 73 66 37 55 36 15 
853-4-14 1?2.449 = 4 79 86 64 50 23 85 74 70 51 77 56 24 25 28 73 66 34 60 83 14 
853-4-6 1?2.261 = 4 79 86 64 16 46 33 76 29 22 69 47 39 75 40 6 
853-5-6 1?2.255 = 5 22 29 76 33 81 46 58 69 47 39 41 27 75 40 6 
853-4-11 1?2.623 = 4 81 33 22 47 39 40 75 27 41 88 53 35 57 92 93 95 96 62 11 
853-4-12 1?2.694 = 4 79 86 64 50 23 85 74 70 51 56 24 25 28 73 66 61 44 72 20 12 
853-4-8 1?2.301 = 4 81 33 76 29 22 58 69 47 39 40 75 27 41 53 88 63 67 8 
853-4-13 1?2.64 = 4 81 46 16 50 23 85 74 70 51 77 56 24 25 28 73 66 61 34 60 13 
853-4-7 1?2.162 = 4 81 33 76 29 22 69 47 39 40 75 27 41 53 88 63 67 7 
853-4-9 1?2.311 = 4 81 33 76 29 22 69 47 39 40 75 27 41 88 53 84 91 18 9 
853-4-10 1?2.391 = 4 81 33 22 69 47 39 40 75 27 41 88 53 84 91 18 30 10 
853-5-8 1?1.86 = 5 76 29 22 69 47 39 75 27 41 53 88 63 67 8 
853-6-8 1?2.114 = 6 22 69 47 39 40 75 27 41 53 88 84 63 67 8 
853-6-7 1?2.078 = 6 22 69 47 39 40 75 27 41 53 88 84 67 63 7 
853-5-7 1?1.879 = 5 29 22 47 39 40 75 27 41 88 53 84 67 63 7 
853-5-15 1?2.519 = 5 29 22 58 68 74 70 51 77 56 24 25 28 73 66 37 55 36 15 
853-5-11 1?2.441 = 5 29 22 47 39 75 27 41 88 53 84 91 18 30 78 32 21 11 
853-5-13 1?2.529 = 5 29 22 47 69 58 68 74 70 51 56 24 25 28 73 61 34 60 13 
853-5-9 1?2.09 = 5 29 22 69 47 39 40 75 27 41 88 53 84 91 18 78 30 9 
853-5-14 1?2.537 = 5 29 22 47 69 58 68 74 70 51 77 56 24 28 73 61 34 60 83 14 
853-5-12 1?2.539 = 5 29 22 47 39 40 75 27 41 88 53 35 57 92 93 95 96 62 90 20 12 
853-5-10 1?2.2 = 5 29 22 69 47 39 40 75 27 41 88 53 84 91 18 78 30 10 
853-7-8 1?2.258 = 7 40 75 27 41 53 35 57 92 93 95 32 78 18 91 8 
853-6-9 1?1.908 = 6 39 75 27 41 53 88 63 67 84 91 18 78 30 9 
853-7-9 1?1.903 = 7 40 75 27 41 53 88 63 67 84 82 91 18 78 30 9 
853-7-11 1?2.377 = 7 40 75 27 41 88 53 19 52 38 49 65 43 89 93 95 96 62 11 
853-6-15 1?2.585 = 6 39 47 69 58 68 74 70 51 77 56 24 25 28 73 66 37 55 36 15 
853-6-11 1?2.669 = 6 39 40 75 27 41 88 53 35 57 92 19 52 38 49 65 89 93 95 96 62 11 
853-6-13 1?2.599 = 6 40 75 27 41 88 53 35 57 92 95 93 89 65 49 43 98 44 61 34 60 13 
853-6-14 1?2.59 = 6 40 75 27 41 88 53 35 57 92 95 93 89 65 49 43 98 44 61 34 60 83 14 
853-6-12 1?2.626 = 6 40 75 27 41 88 53 35 19 52 38 49 65 89 93 95 96 62 90 20 72 12 
853-7-10 1?2.391 = 7 40 75 27 41 53 88 63 67 84 35 82 91 18 30 78 32 21 10 
853-6-10 1?2.602 = 6 40 75 27 41 88 53 19 52 49 65 89 93 95 92 82 91 18 78 30 10 
853-8-9 1?2 = 8 67 63 7 40 75 27 41 88 53 35 82 91 18 78 30 9 
853-8-10 1?1.998 = 8 67 63 27 41 53 88 84 82 91 18 30 78 32 21 10 
853-8-11 1?2.487 = 8 67 63 27 41 88 53 35 57 92 19 52 38 49 89 93 95 96 11 
853-8-12 1?2.362 = 8 67 63 27 41 88 53 19 52 38 49 89 93 95 96 62 90 20 12 
853-7-15 1?2.533 = 7 27 41 88 53 35 57 92 95 93 89 65 43 98 44 61 34 37 55 36 15 
853-7-14 1?2.472 = 7 40 75 27 41 88 53 35 57 92 95 93 89 65 43 98 44 61 34 60 83 14 
853-7-13 1?2.481 = 7 40 75 27 41 88 53 35 57 92 95 93 89 65 43 98 44 61 34 60 13 
853-8-13 1?2.535 = 8 67 63 27 41 88 53 35 57 92 95 93 89 65 43 98 44 61 34 60 13 
853-8-15 1?2.656 = 8 67 63 27 41 88 53 19 52 38 49 65 43 98 44 61 34 37 55 36 15 
853-7-12 1?2.457 = 7 40 75 27 41 88 53 35 57 92 95 93 89 65 49 43 98 44 72 20 12 
853-8-14 1?2.526 = 8 67 63 27 41 88 53 35 57 92 95 93 89 65 43 98 44 61 34 60 83 14 
853-10-12 1?1.987 = 10 32 78 30 18 91 82 35 57 92 95 93 96 62 90 20 12 
853-9-11 1?1.997 = 9 18 91 82 35 57 19 52 38 49 65 89 93 95 96 62 11 
853-9-12 1?1.93 = 9 30 78 18 91 82 35 57 92 93 95 96 62 90 20 72 12 
853-10-13 1?2.177 = 10 30 78 18 91 82 35 57 92 95 93 89 65 43 98 44 13 
853-10-11 1?2.13 = 10 21 32 78 30 18 91 82 35 19 57 92 93 95 96 62 11 
853-9-10 1?2.009 = 9 30 78 18 91 82 57 19 52 38 49 65 89 93 95 21 10 
853-10-14 1?2.342 = 10 30 78 18 91 82 35 57 92 95 93 89 65 43 98 44 61 60 83 14 
853-9-13 1?2.346 = 9 30 78 18 91 82 35 57 92 95 93 89 65 49 43 98 44 61 34 60 13 
853-9-14 1?2.337 = 9 30 78 18 91 82 35 57 92 95 93 89 65 49 43 98 44 61 34 60 83 14 
853-9-15 1?2.467 = 9 30 78 18 91 82 35 57 92 95 93 89 65 43 98 44 61 34 37 55 36 15 
853-10-15 1?2.577 = 10 30 78 18 91 82 35 57 92 95 93 89 65 43 98 44 61 34 37 55 36 15 
853-11-14 1?2.055 = 11 62 96 95 93 89 65 49 43 98 44 61 34 37 55 36 14 
853-11-15 1?2.109 = 11 62 96 95 93 89 65 49 43 98 44 61 34 37 55 36 15 
853-13-14 1?2.147 = 13 60 34 61 66 73 28 25 24 56 31 54 37 55 36 14 
853-14-15 1?2.038 = 14 83 60 34 61 66 73 28 25 24 56 31 54 55 36 15 
853-12-14 1?1.968 = 12 20 90 62 96 95 93 89 65 43 98 44 61 34 60 83 14 
853-12-15 1?2.128 = 12 20 72 98 44 61 73 28 25 66 34 60 83 55 36 15 
853-13-15 1?2.19 = 13 60 34 61 66 73 28 42 26 24 56 25 37 55 36 15 
853-11-12 1?2.14 = 11 62 96 95 93 89 52 38 49 65 43 98 44 72 20 12 
853-11-13 1?2.203 = 11 62 96 95 93 89 65 43 98 44 73 28 25 66 34 60 13 
853-12-13 1?2.051 = 12 20 90 62 96 95 93 89 65 49 43 98 44 61 34 60 13 
stop
