start
597-0-2 1?2.214 = 0 99 63 35 26 58 33 44 89 87 76 31 90 64 77 2 
597-0-4 1?2.336 = 0 84 25 24 78 89 87 76 31 23 82 49 91 45 41 51 96 85 4 
597-0-3 1?2.348 = 0 84 25 24 78 89 87 76 31 23 82 49 41 85 96 42 95 3 
597-0-1 1?2.146 = 0 99 63 35 26 58 73 33 44 89 78 24 25 94 81 1 
597-0-5 1?2.396 = 0 99 63 35 26 58 44 89 87 76 31 23 82 49 91 45 86 65 5 
597-0-8 1?2.457 = 0 84 25 24 78 89 76 87 47 46 74 70 18 40 36 19 54 66 8 
597-0-6 1?2.441 = 0 84 25 24 78 89 87 47 72 68 28 50 43 60 61 22 34 52 6 
597-0-11 1?2.634 = 0 84 25 24 78 89 76 87 47 46 74 70 18 40 75 39 16 48 11 
597-0-9 1?2.463 = 0 84 25 24 78 89 76 87 47 46 55 70 18 40 75 39 57 97 9 
597-0-7 1?2.523 = 0 84 25 24 78 89 76 87 47 72 68 28 50 88 43 60 61 22 34 7 
597-0-10 1?2.487 = 0 84 25 24 78 89 87 47 46 74 70 18 40 75 39 57 97 56 10 
597-0-14 1?2.118 = 0 84 25 24 78 89 44 33 73 58 26 35 63 21 92 14 
597-0-13 1?2.033 = 0 84 25 24 35 26 58 33 73 79 30 83 53 93 62 13 
597-1-4 1?2.317 = 1 94 25 24 78 89 87 76 31 23 82 49 41 85 96 42 4 
597-0-15 1?1.988 = 0 84 25 24 78 89 44 17 73 33 58 26 35 63 15 
597-1-3 1?2.176 = 1 94 81 77 64 59 49 91 45 41 51 85 96 42 95 3 
597-1-2 1?2.301 = 1 94 25 24 78 44 46 47 87 76 31 90 64 77 2 
597-0-12 1?2.41 = 0 84 25 24 31 76 87 89 44 17 33 73 79 30 83 53 67 12 
597-1-8 1?2.419 = 1 94 25 24 78 89 76 87 47 46 74 70 18 40 36 19 66 8 
597-1-5 1?2.362 = 1 94 25 24 78 89 87 47 72 68 28 50 43 88 91 45 86 65 5 
597-1-7 1?2.455 = 1 94 81 64 90 59 51 96 85 41 45 91 88 50 43 60 61 22 34 20 7 
597-1-6 1?2.295 = 1 94 81 90 59 51 41 45 91 88 50 43 60 61 22 34 52 80 6 
597-1-15 1?2.09 = 1 94 81 25 24 78 89 44 17 73 33 58 26 35 63 15 
597-1-14 1?2.164 = 1 94 81 25 24 78 89 44 33 73 58 26 35 63 92 14 
597-1-13 1?2.284 = 1 94 81 25 24 78 89 44 17 33 73 79 30 83 53 93 62 13 
597-2-5 1?1.971 = 2 77 95 42 96 85 41 45 91 88 50 43 32 86 65 5 
597-2-4 1?2.134 = 2 77 64 59 49 91 88 50 43 32 86 41 51 96 85 4 
597-2-3 1?2.067 = 2 77 64 59 23 82 49 91 45 41 51 85 96 42 95 3 
597-2-6 1?2.181 = 2 77 95 42 96 85 41 45 91 88 50 43 60 61 22 20 34 80 6 
597-1-10 1?2.533 = 1 94 25 24 78 89 87 47 46 55 70 18 40 75 39 57 97 56 10 
597-1-9 1?2.558 = 1 94 25 24 78 89 76 87 47 46 74 70 18 40 75 16 39 57 97 9 
597-1-11 1?2.664 = 1 94 25 24 78 89 76 87 47 46 74 70 18 40 75 39 16 48 11 
597-1-12 1?2.455 = 1 94 81 25 24 78 89 44 26 58 33 73 79 30 83 53 93 29 12 
597-2-15 1?2.235 = 2 77 64 90 31 76 87 89 78 44 33 73 58 26 35 63 15 
597-3-4 1?1.874 = 3 95 42 96 85 51 41 49 91 88 50 43 32 86 65 4 
597-2-13 1?2.403 = 2 77 64 90 31 76 87 89 44 17 33 73 79 83 53 93 62 13 
597-3-5 1?1.679 = 3 95 42 96 85 51 41 49 91 88 50 43 32 86 65 5 
597-2-14 1?2.384 = 2 77 64 90 31 76 87 89 78 44 33 58 26 35 63 21 92 14 
597-2-7 1?2.355 = 2 77 95 42 96 85 41 49 91 45 86 32 88 50 43 60 61 22 20 7 
597-2-9 1?2.46 = 2 77 64 90 31 76 87 47 46 74 55 70 18 40 75 39 57 97 9 
597-2-8 1?2.47 = 2 77 64 90 31 76 87 47 46 74 55 70 18 40 36 19 54 66 8 
597-2-11 1?2.639 = 2 77 64 90 31 76 87 47 46 74 70 18 40 75 57 39 16 48 11 
597-2-10 1?2.571 = 2 77 64 90 31 76 87 47 46 74 55 70 18 40 75 39 57 97 56 10 
597-2-12 1?2.54 = 2 77 64 90 31 76 87 47 46 74 17 44 33 73 79 83 53 29 12 
597-3-15 1?2.319 = 3 95 42 96 85 51 41 49 82 23 31 76 87 89 78 35 63 15 
597-4-5 1?1.82 = 4 42 96 85 51 41 45 91 49 82 88 50 43 32 86 65 5 
597-3-14 1?2.424 = 3 95 42 96 85 41 49 82 23 31 76 87 89 78 26 58 21 92 14 
597-3-6 1?1.865 = 3 95 42 96 85 51 41 49 91 88 50 43 60 61 22 34 52 6 
597-3-7 1?2.09 = 3 95 42 96 85 41 49 91 45 86 32 88 50 43 60 61 22 34 20 7 
597-3-9 1?2.302 = 3 95 42 96 85 41 49 91 88 50 28 37 40 18 75 39 57 97 9 
597-3-13 1?2.636 = 3 95 42 96 85 51 41 49 82 23 31 76 87 89 78 44 33 73 79 62 13 
597-3-10 1?2.413 = 3 95 42 96 85 41 49 82 23 72 55 70 18 40 75 39 57 97 56 10 
597-3-8 1?2.255 = 3 95 42 96 85 51 41 49 45 91 88 50 43 60 61 22 34 20 66 8 
597-3-11 1?2.572 = 3 95 42 96 85 41 49 82 23 72 55 70 18 40 75 57 39 16 48 11 
597-3-12 1?2.695 = 3 95 42 96 85 41 49 82 23 31 76 87 89 44 33 73 79 30 83 53 29 12 
597-4-15 1?2.323 = 4 85 96 51 41 45 91 49 82 23 31 76 87 89 78 26 35 63 15 
597-4-6 1?1.637 = 4 85 96 51 41 45 91 88 50 43 60 61 22 34 52 6 
597-5-6 1?1.621 = 5 65 86 45 49 91 88 50 43 60 61 22 34 52 80 6 
597-4-7 1?1.868 = 4 85 96 51 41 45 49 91 88 50 43 60 61 52 34 22 20 7 
597-4-14 1?2.382 = 4 85 51 41 45 91 49 82 23 31 76 87 89 78 26 58 21 92 14 
597-4-9 1?2.194 = 4 85 96 51 41 45 91 88 50 28 37 40 18 16 75 39 57 97 9 
597-4-8 1?2.143 = 4 85 96 51 41 49 91 45 86 32 88 50 43 60 61 22 20 66 8 
597-4-13 1?2.606 = 4 85 96 51 41 45 91 88 43 50 28 68 72 47 46 74 17 33 73 79 62 13 
597-4-10 1?2.401 = 4 85 96 51 41 45 91 49 82 23 72 55 70 18 40 75 39 57 97 56 10 
597-4-11 1?2.493 = 4 85 96 51 41 45 91 88 50 43 60 37 40 18 75 57 39 16 48 11 
597-4-12 1?2.552 = 4 85 96 51 41 45 91 88 50 28 68 72 47 46 74 38 27 83 53 29 12 
597-6-7 1?1.917 = 6 71 86 45 91 88 50 43 32 60 61 52 34 22 20 7 
597-6-8 1?2.004 = 6 80 52 34 22 61 60 43 50 88 28 37 36 19 66 8 
597-5-7 1?1.76 = 5 65 85 96 51 41 49 91 88 50 43 60 61 22 34 7 
597-5-15 1?2.321 = 5 65 86 45 91 49 82 23 31 76 87 89 78 44 58 26 35 63 15 
597-5-8 1?2.166 = 5 65 86 45 91 88 43 50 28 68 72 55 70 18 40 36 19 66 8 
597-5-9 1?2.15 = 5 65 86 45 91 88 43 50 28 68 55 70 18 40 75 39 57 97 9 
597-5-10 1?2.297 = 5 65 86 32 88 43 50 28 68 72 55 70 18 40 75 39 57 97 56 10 
597-5-13 1?2.553 = 5 65 86 45 91 49 82 23 31 76 87 89 44 33 73 79 30 83 53 93 13 
597-5-14 1?2.479 = 5 65 86 45 91 88 43 50 28 68 72 47 87 76 89 78 26 58 21 92 14 
597-5-11 1?2.411 = 5 65 86 45 91 88 43 50 28 68 72 55 70 18 40 75 39 16 48 11 
597-5-12 1?2.515 = 5 65 86 45 91 49 82 23 31 76 87 89 44 33 73 79 30 83 53 29 12 
597-7-10 1?2.081 = 7 20 22 34 52 60 37 40 18 16 75 39 57 97 56 10 
597-7-8 1?2.067 = 7 20 22 61 60 43 50 28 68 55 70 18 40 36 19 66 8 
597-7-9 1?2.104 = 7 20 22 61 60 43 50 28 68 55 70 18 40 75 39 97 9 
597-7-11 1?2.244 = 7 20 22 61 60 43 88 50 28 37 40 18 75 39 16 48 11 
597-6-15 1?2.473 = 6 52 34 22 61 60 43 88 50 28 68 72 47 87 76 89 78 35 63 15 
597-6-9 1?2.152 = 6 52 34 20 22 61 60 37 36 40 18 75 16 39 57 97 9 
597-6-13 1?2.515 = 6 80 34 22 61 60 43 88 50 28 68 72 47 46 17 33 73 79 93 13 
597-6-10 1?2.302 = 6 52 34 22 61 60 43 88 50 28 37 40 18 75 39 57 97 56 10 
597-6-11 1?2.449 = 6 52 34 22 61 60 43 88 50 28 68 55 70 18 40 75 16 48 11 
597-6-14 1?2.534 = 6 80 34 22 61 60 43 88 50 28 68 72 47 87 89 78 26 58 21 92 14 
597-6-12 1?2.496 = 6 80 34 22 61 60 43 50 28 68 72 47 46 74 38 27 83 53 29 12 
597-8-10 1?2.312 = 8 66 19 36 40 18 70 55 74 38 69 16 75 39 97 56 10 
597-8-11 1?2.316 = 8 66 54 19 98 57 39 75 16 69 38 27 30 83 53 67 11 
597-8-9 1?2.101 = 8 66 19 36 37 55 70 18 40 75 16 39 57 97 56 9 
597-8-15 1?2.479 = 8 66 19 36 40 18 70 55 46 47 87 76 89 44 58 26 35 63 15 
597-7-15 1?2.497 = 7 20 22 61 60 43 88 50 28 68 72 47 46 74 17 33 58 26 35 63 15 
597-7-13 1?2.552 = 7 20 22 61 60 43 88 50 28 68 72 55 70 69 38 27 83 53 93 62 13 
597-8-13 1?2.515 = 8 66 54 19 98 57 39 16 75 36 40 18 69 38 27 83 53 93 62 13 
597-8-12 1?2.104 = 8 66 54 19 98 57 39 75 16 69 38 27 30 83 53 29 12 
597-7-14 1?2.514 = 7 20 22 61 60 43 88 50 28 68 72 47 87 76 89 78 26 58 21 92 14 
597-8-14 1?2.533 = 8 66 54 19 36 40 18 70 74 46 47 87 76 89 78 26 58 21 92 14 
597-7-12 1?2.405 = 7 20 22 61 60 43 50 28 68 72 47 46 74 38 27 83 53 29 12 
597-9-10 1?2.442 = 9 97 57 39 75 40 18 70 55 46 74 38 27 48 10 
597-9-11 1?2.29 = 9 97 57 39 16 75 40 18 70 69 38 27 83 53 67 11 
597-10-11 1?2.306 = 10 56 97 57 39 16 75 40 18 69 38 27 83 53 67 11 
597-10-13 1?2.27 = 10 56 97 57 39 16 75 40 18 69 38 27 30 83 53 93 62 13 
597-9-13 1?2.254 = 9 97 57 39 16 75 40 18 70 69 38 27 30 83 53 93 62 13 
597-9-15 1?2.309 = 9 97 57 39 75 16 69 38 74 46 47 87 76 89 78 35 63 15 
597-10-15 1?2.328 = 10 56 97 57 39 75 16 69 38 74 17 33 73 58 26 35 63 15 
597-10-12 1?2.122 = 10 56 97 57 39 16 75 40 18 69 38 27 83 53 67 12 
597-10-14 1?2.413 = 10 56 97 57 39 75 40 18 70 74 46 17 44 58 26 21 92 14 
597-9-14 1?2.413 = 9 97 57 39 75 16 69 38 74 46 47 87 89 78 26 58 21 92 14 
597-9-12 1?2.106 = 9 97 57 39 16 75 40 18 70 69 38 27 83 53 67 12 
597-13-15 1?2.002 = 13 62 93 29 53 83 30 79 73 33 58 26 35 63 21 92 15 
597-12-15 1?1.976 = 12 67 53 93 83 30 79 73 33 58 26 35 63 21 92 15 
597-14-15 1?2.191 = 14 92 21 26 58 44 17 46 47 87 89 78 35 63 15 
597-11-13 1?2.265 = 11 48 16 39 75 40 18 69 38 27 30 83 53 93 62 13 
597-12-13 1?2.285 = 12 29 53 83 30 27 38 74 46 17 33 73 79 93 62 13 
597-13-14 1?2.012 = 13 62 93 29 53 83 30 79 73 33 58 26 35 63 21 92 14 
597-12-14 1?1.986 = 12 67 53 93 83 30 79 73 33 58 26 35 63 21 92 14 
597-11-15 1?2.453 = 11 48 16 39 75 40 18 70 74 46 17 44 58 26 35 63 15 
597-11-12 1?2.255 = 11 48 16 75 39 57 36 40 18 69 38 27 83 53 29 12 
597-11-14 1?2.505 = 11 48 16 39 75 40 18 70 55 46 17 44 58 26 21 92 14 
stop
