start
586-0-2 1?1.916 = 0 55 37 78 71 27 95 51 73 18 26 50 47 68 52 57 2 
586-0-4 1?2.254 = 0 73 18 26 50 47 68 20 84 54 98 32 62 30 19 59 74 4 
586-0-1 1?1.99 = 0 55 27 37 78 71 16 80 49 79 28 94 95 51 73 1 
586-0-7 1?2.476 = 0 37 78 71 69 49 86 29 43 22 40 35 72 25 85 65 87 23 7 
586586--00--3 16? 1?2.46 = 0 37 55 27 71 16 69 492.518  = 86 29 017  79 28 4773  68 5095  5751 18 26  5250  473 68  20 
84 54 97 56 74 59 32 62 30 19 6 
586-0-9 1?2.703 = 0 55 37 78 71 16 69 49 86 29 43 22 40 60 35 72 76 83 31 89 63 53 9 
586-0-8 1?2.779 = 0 55 37 78 71 16 69 49 86 29 43 22 40 35 72 25 85 65 87 23 77 8 
586-0-5 1?2.315 = 0 73 51 18 26 50 47 68 20 84 54 97 98 32 62 30 19 59 74 5 
586-0-10 1?2.501 = 0 55 37 78 71 16 80 34 64 44 66 88 90 93 24 33 38 48 67 10 
586-0-11 1?2.374 = 0 55 27 94 28 79 17 29 86 34 64 44 88 90 93 24 21 46 11 
586-0-13 1?1.676 = 0 55 37 78 71 16 80 34 64 44 93 90 88 66 41 13 
586-1-2 1?1.965 = 1 73 51 95 27 55 37 78 16 71 94 47 68 50 57 52 2 
586-1-3 1?2.08 = 1 73 51 95 27 55 37 78 71 94 47 68 50 57 52 3 
586-0-15 1?1.949 = 0 55 27 94 28 79 17 29 86 49 69 16 71 78 81 15 
586-0-14 1?1.728 = 0 55 37 78 71 16 80 34 64 44 90 88 66 91 61 14 
586-1-4 1?1.844 = 1 18 26 50 47 68 20 84 54 97 98 32 62 59 74 4 
586-0-12 1?2.051 = 0 55 37 78 71 69 49 80 34 64 44 88 90 93 24 21 12 
586-1-8 1?2.601 = 1 18 26 47 68 20 84 54 97 56 74 59 32 62 30 82 36 23 87 65 77 8 
586-1-5 1?2.314 = 1 18 26 2 52 57 50 47 68 20 84 54 97 98 32 62 30 19 59 74 5 
586-1-6 1?2.298 = 1 73 51 18 26 50 47 68 20 84 54 97 56 74 59 32 62 30 19 6 
586-1-7 1?2.482 = 1 18 26 47 68 20 84 54 97 56 74 59 32 62 30 19 36 82 87 23 7 
586-1-14 1?1.874 = 1 73 95 27 71 16 80 34 64 44 90 88 66 91 61 14 
586-1-15 1?1.95 = 1 73 51 95 94 28 79 17 29 86 49 69 16 78 81 15 
586-1-13 1?2.044 = 1 73 51 95 27 55 37 78 71 16 80 34 64 44 90 93 88 66 41 13 
586-2-3 1?2.076 = 2 52 57 50 47 68 20 84 54 97 98 32 59 74 4 3 
586-2-4 1?1.686 = 2 52 57 50 47 68 20 84 54 97 98 32 59 74 4 
586-2-5 1?1.591 = 2 52 57 50 47 68 20 84 54 97 98 32 74 59 5 
586-1-11 1?2.428 = 1 73 51 95 27 55 37 78 71 16 80 34 64 44 88 90 93 24 21 46 11 
586-1-12 1?2.219 = 1 73 51 95 27 55 37 78 71 16 80 34 64 44 90 88 66 41 39 12 
586-1-10 1?2.596 = 1 73 51 95 27 55 37 78 71 69 49 86 29 43 22 40 83 31 89 67 10 
586-1-9 1?2.69 = 1 73 51 95 94 28 79 17 29 86 43 22 40 35 72 76 83 31 89 63 53 9 
586-2-6 1?2.233 = 2 52 57 50 47 68 20 84 54 97 56 74 59 32 62 30 19 82 36 6 
586-2-15 1?1.818 = 2 52 57 50 68 47 26 18 73 51 95 27 55 37 71 78 81 15 
586-2-13 1?2.023 = 2 52 57 50 47 28 79 17 29 86 34 64 44 90 88 66 41 13 
586-2-14 1?2.075 = 2 57 50 47 28 79 17 29 86 34 64 44 90 88 66 91 61 14 
586-3-4 1?1.867 = 3 52 57 50 47 68 20 84 54 97 98 32 59 74 4 
586-3-5 1?1.772 = 3 52 57 50 47 68 20 84 54 97 98 32 74 59 5 
586-2-11 1?2.453 = 2 52 57 50 68 47 28 79 17 29 86 34 64 44 88 90 93 21 46 11 
586-2-10 1?2.504 = 2 52 57 50 47 68 20 84 54 98 70 45 25 72 76 83 31 89 67 10 
586-2-12 1?2.231 = 2 52 57 50 68 47 28 79 17 29 86 34 64 44 90 88 39 12 
586-2-8 1?2.383 = 2 52 57 50 47 68 20 84 54 97 98 32 62 30 82 36 23 87 65 77 8 
586-2-9 1?2.571 = 2 57 50 47 68 20 84 54 98 32 62 30 70 45 25 72 76 83 31 63 53 9 
586-2-7 1?2.237 = 2 52 57 50 47 68 20 84 54 97 56 74 59 32 62 30 82 87 23 7 
586-3-13 1?2.204 = 3 52 57 50 47 28 79 17 29 86 34 64 44 90 88 66 41 13 
586-3-15 1?2.422 = 3 52 57 50 68 47 26 18 73 51 95 55 37 27 94 71 78 81 15 
586-3-14 1?2.289 = 3 52 57 50 68 47 26 18 73 51 95 27 55 37 71 78 81 42 14 
586-4-5 1?2.162 = 4 3 52 57 50 47 68 20 84 54 97 98 32 74 59 5 
586-3-9 1?2.467 = 3 20 84 54 97 98 32 62 30 70 45 25 72 83 31 58 53 9 
586-3-8 1?2.428 = 3 52 57 50 47 68 20 84 54 98 32 62 30 82 23 87 65 77 8 
586-3-6 1?1.989 = 3 52 57 50 47 68 20 84 54 97 98 32 62 30 19 6 
586-3-11 1?2.561 = 3 52 57 50 68 47 28 79 17 29 86 34 64 44 90 93 21 46 11 
586-3-12 1?2.386 = 3 52 57 50 68 47 28 79 17 29 86 34 64 44 90 93 21 12 
586-3-10 1?2.592 = 3 20 84 54 97 56 74 59 32 62 30 70 45 25 72 83 31 89 67 10 
586-3-7 1?2.298 = 3 52 57 50 47 68 20 84 54 97 98 32 62 30 82 36 23 7 
586-4-13 1?2.432 = 4 74 59 32 62 30 70 75 96 29 86 34 64 44 90 88 66 41 13 
586-5-6 1?1.95 = 5 59 74 32 62 19 30 70 45 85 65 23 87 82 36 6 
586-4-6 1?2.077 = 4 56 74 59 32 62 19 30 70 45 85 65 87 23 36 6 
586-4-15 1?2.492 = 4 74 59 32 62 98 54 84 20 68 47 50 26 51 95 55 37 78 81 15 
586-4-8 1?2.347 = 4 56 74 59 32 62 30 70 45 25 72 76 83 31 63 53 58 92 8 
586-4-11 1?2.443 = 4 56 74 59 32 62 19 30 70 45 25 72 76 83 31 89 38 48 46 11 
586-4-9 1?2.388 = 4 56 74 59 32 62 19 30 70 45 25 72 83 31 89 63 58 53 9 
586-4-14 1?2.488 = 4 74 59 32 62 98 99 75 96 29 86 34 64 44 90 88 66 91 61 14 
586-4-12 1?2.549 = 4 74 59 32 62 98 99 75 96 29 86 34 64 44 90 88 39 12 
586-4-10 1?2.546 = 4 56 74 59 32 62 30 82 36 23 87 65 85 25 72 76 83 31 89 67 10 
586-4-7 1?2.225 = 4 56 74 59 32 62 19 30 70 45 25 72 76 85 65 87 23 7 
586-5-8 1?1.934 = 5 59 74 32 62 30 70 45 25 72 83 31 58 92 8 
586-6-8 1?2.041 = 6 36 82 23 87 65 85 25 72 83 31 63 53 58 92 8 
586-5-9 1?2.118 = 5 59 74 32 62 19 30 70 45 25 72 76 83 31 89 63 53 9 
586-6-7 1?2.133 = 6 19 59 74 32 62 30 70 45 85 65 87 23 82 36 7 
586-5-13 1?2.363 = 5 59 74 32 62 30 70 45 75 96 29 86 34 64 44 90 88 66 41 13 
586-5-7 1?1.979 = 5 59 74 32 62 19 30 70 45 85 65 87 23 82 36 7 
586-5-14 1?2.393 = 5 59 74 32 62 98 99 17 29 86 34 64 44 93 90 88 66 91 61 14 
586-5-15 1?2.475 = 5 59 74 56 97 54 84 20 68 47 50 26 18 73 51 95 27 71 78 81 15 
586-5-10 1?2.493 = 5 59 74 32 62 30 19 82 36 23 87 65 85 25 72 76 83 31 89 67 10 
586-5-11 1?2.619 = 5 59 74 56 97 54 98 32 62 30 70 45 25 72 76 83 31 89 38 48 46 11 
586-5-12 1?2.547 = 5 59 74 32 62 98 99 75 96 29 86 34 64 44 90 88 66 41 39 12 
586-7-8 1?1.986 = 7 23 87 65 85 25 72 76 83 31 89 63 53 58 92 8 
586-7-9 1?2.096 = 7 23 87 65 85 70 45 25 72 76 83 31 89 63 58 53 9 
586-6-9 1?2.272 = 6 19 59 74 32 62 30 70 45 25 72 76 83 31 89 63 53 9 
586-7-11 1?2.439 = 7 23 36 82 87 65 85 70 45 25 72 76 83 31 89 38 48 46 11 
586-7-10 1?2.318 = 7 23 87 65 85 45 70 75 96 60 35 25 72 83 31 89 67 10 
586-6-10 1?2.438 = 6 19 59 74 32 62 30 70 45 25 72 76 83 31 89 38 48 67 10 
586-6-13 1?2.461 = 6 36 82 23 87 65 85 25 72 35 60 40 22 43 34 64 44 90 88 66 41 13 
586-6-11 1?2.662 = 6 19 30 62 32 59 74 56 98 70 45 25 72 83 31 89 38 48 46 11 
586-6-14 1?2.464 = 6 36 82 23 87 65 85 25 35 40 22 43 34 64 44 90 88 66 91 61 14 
586-6-15 1?2.597 = 6 36 82 23 87 65 85 25 72 35 40 22 29 86 49 69 16 71 78 81 15 
586-6-12 1?2.496 = 6 36 23 87 85 25 72 35 40 22 43 34 64 44 90 88 39 12 
586-8-11 1?2.205 = 8 77 23 87 65 85 25 35 72 76 83 31 89 38 48 46 11 
586-8-9 1?2.036 = 8 77 23 87 65 85 70 45 25 72 76 83 31 63 53 9 
586-8-10 1?2.078 = 8 77 23 87 65 85 70 45 25 72 76 83 31 89 67 10 
586-8-13 1?2.341 = 8 77 65 85 25 72 35 40 22 29 86 34 64 44 90 88 66 41 13 
586-7-13 1?2.315 = 7 23 87 65 85 25 72 35 40 22 29 86 34 64 44 90 88 66 41 13 
586-7-15 1?2.602 = 7 23 87 65 85 25 72 35 40 22 43 34 64 44 90 88 66 91 61 42 15 
586-7-12 1?2.395 = 7 23 87 85 76 72 35 40 22 43 34 64 44 90 88 66 41 39 12 
586-8-14 1?2.494 = 8 77 65 85 25 72 35 40 22 43 34 64 44 24 93 90 88 66 91 61 14 
586-8-12 1?2.447 = 8 92 58 31 83 40 22 43 34 64 44 24 93 90 88 66 41 39 12 
586-8-15 1?2.74 = 8 77 23 87 65 85 25 72 35 60 40 22 43 29 86 49 69 71 16 78 81 15 
586-7-14 1?2.44 = 7 23 87 65 85 25 72 35 40 22 29 86 34 64 44 90 88 66 91 61 14 
586-10-13 1?2.057 = 10 67 89 31 83 40 22 29 86 34 64 44 90 88 66 41 13 
586-9-11 1?2.26 = 9 53 58 31 83 40 22 43 34 64 44 90 93 21 46 11 
586-10-11 1?2.323 = 10 67 89 31 83 40 22 43 34 64 44 88 90 93 21 46 11 
586-9-13 1?2.095 = 9 53 58 31 83 40 22 43 34 64 44 24 93 90 88 66 41 13 
586-9-10 1?2.21 = 9 53 63 89 31 83 76 72 25 35 40 22 33 38 48 67 10 
586-9-12 1?2.152 = 9 53 63 31 83 40 22 43 34 64 44 90 88 66 41 39 12 
586-10-12 1?2.19 = 10 67 89 83 40 22 43 34 64 44 90 88 66 41 39 12 
586-10-14 1?2.233 = 10 67 89 31 83 72 35 40 22 43 34 64 44 90 88 66 91 61 14 
586-10-15 1?2.421 = 10 67 38 33 24 93 90 88 44 64 34 80 49 69 16 71 78 81 15 
586-9-15 1?2.579 = 9 53 63 89 31 83 76 72 25 35 40 22 43 29 86 49 69 71 78 81 15 
586-9-14 1?2.361 = 9 53 63 31 83 72 35 40 22 43 34 64 44 24 93 90 88 66 91 61 14 
586-12-13 1?2.072 = 12 21 24 43 29 86 34 64 44 66 88 90 93 39 13 
586-11-13 1?2.179 = 11 46 21 24 64 34 44 90 93 88 66 91 42 61 41 13 
586-14-15 1?1.687 = 14 61 91 66 88 90 93 44 64 34 80 16 71 78 81 15 
586-13-15 1?1.659 = 13 41 66 88 90 93 24 44 64 34 80 16 71 78 81 15 
586-12-14 1?2.023 = 12 39 41 66 88 90 93 24 44 64 34 80 91 61 42 14 
586-11-14 1?1.995 = 11 46 21 24 64 34 44 90 93 88 66 41 91 61 42 14 
586-13-14 1?1.843 = 13 41 66 88 90 44 64 34 43 29 86 49 80 42 14 
586-11-12 1?2.254 = 11 46 21 24 43 29 86 34 64 44 90 88 66 41 39 12 
586-12-15 1?1.976 = 12 39 41 66 88 90 93 44 64 34 80 49 69 71 78 81 15 
586-11-15 1?2.312 = 11 46 21 24 93 90 88 66 44 64 34 80 49 69 71 78 16 81 15 
stop
