start
575-0-2 1?1.837 = 0 45 47 91 62 65 49 96 64 72 78 98 94 23 2 
575-0-1 1?2.087 = 0 47 45 43 82 96 64 98 94 23 49 91 62 65 1 
575-0-4 1?2.234 = 0 47 62 91 49 96 64 94 98 78 72 21 22 69 39 29 81 42 4 
575-0-5 1?2.398 = 0 47 45 43 82 96 64 94 98 72 21 22 97 39 29 69 42 81 93 5 
575-0-9 1?2.612 = 0 47 45 43 86 35 51 57 28 80 70 66 85 30 48 55 67 74 9 
575-0-3 1?2.004 = 0 47 45 43 82 96 64 23 94 98 78 72 21 18 3 
575-0-6 1?2.446 = 0 47 62 91 49 96 64 94 98 78 72 21 22 97 39 69 29 71 95 33 6 
575-0-10 1?2.679 = 0 47 45 43 86 35 58 51 57 28 80 70 66 85 30 99 27 24 10 
575-0-11 1?2.632 = 0 47 45 43 86 35 58 51 57 28 80 70 66 85 30 99 27 36 11 
575-0-8 1?2.732 = 0 47 45 43 86 35 51 57 28 80 70 66 85 30 48 87 63 89 8 
575-0-7 1?2.696 = 0 47 62 91 49 96 64 94 98 78 72 21 22 97 39 69 29 71 90 60 7 
575-1-2 1?1.954 = 1 65 62 91 43 82 96 64 94 98 72 18 78 23 2 
575-0-12 1?2.152 = 0 47 45 26 83 53 17 38 50 73 16 92 59 68 12 
575-1-3 1?1.878 = 1 65 62 91 43 82 49 96 64 94 98 78 72 21 18 3 
575-1-4 1?1.851 = 1 65 49 96 64 94 98 78 72 21 22 39 97 29 69 42 4 
575-0-15 1?2.31 = 0 45 47 62 91 43 86 40 83 26 84 75 56 25 15 
575-0-14 1?2.426 = 0 45 47 62 91 43 86 40 83 26 84 25 56 75 14 
575-1-8 1?2.622 = 1 62 91 43 86 35 51 57 28 80 70 66 85 30 48 87 63 89 8 
575-0-13 1?2.183 = 0 47 45 26 25 56 75 84 83 53 17 38 92 16 73 13 
575-1-5 1?2.119 = 1 65 49 96 64 94 98 78 72 21 79 22 97 29 39 69 42 81 93 5 
575-1-6 1?2.399 = 1 65 49 96 64 94 98 78 72 21 22 97 39 29 69 42 81 93 31 95 33 6 
575-1-7 1?2.69 = 1 65 62 91 49 96 64 94 98 78 72 21 79 19 22 39 29 71 90 60 7 
575-1-13 1?1.982 = 1 65 62 91 43 40 83 53 17 38 92 16 50 73 13 
575-1-14 1?2.296 = 1 65 62 91 43 40 83 53 17 38 92 16 73 50 14 
575-2-3 1?1.861 = 2 23 94 98 72 21 22 97 39 29 69 81 42 41 18 78 3 
575-2-4 1?1.79 = 2 23 94 98 64 96 49 82 37 79 19 22 39 29 69 42 4 
575-2-5 1?2.122 = 2 23 49 96 64 94 98 78 72 21 79 19 97 22 39 29 69 81 93 5 
575-1-9 1?2.562 = 1 65 62 91 43 86 35 51 57 28 80 70 66 85 30 48 55 67 74 9 
575-1-10 1?2.629 = 1 65 62 91 43 86 35 58 51 57 28 80 70 66 85 30 99 27 24 10 
575-1-12 1?2.608 = 1 65 62 91 43 86 35 51 57 28 80 70 66 88 68 59 38 16 12 
575-1-11 1?2.567 = 1 65 62 91 43 86 35 51 57 28 80 70 66 85 30 99 27 34 36 11 
575-1-15 1?2.206 = 1 65 62 91 43 86 35 58 77 83 26 84 75 56 25 15 
575-2-6 1?2.331 = 2 23 94 98 78 72 21 79 19 97 29 39 22 69 41 42 81 93 31 95 33 6 
575-3-5 1?1.863 = 3 23 94 98 78 18 41 69 39 22 97 29 71 31 93 5 
575-3-4 1?1.953 = 3 18 78 94 98 64 96 72 21 22 39 97 29 69 81 42 4 
575-2-13 1?2.33 = 2 23 94 98 64 96 49 82 37 86 40 83 53 17 38 16 50 73 13 
575-2-14 1?2.336 = 2 23 94 98 78 72 64 96 49 91 62 47 45 26 84 25 56 75 14 
575-2-10 1?2.439 = 2 23 94 98 78 72 21 79 19 32 57 28 80 30 85 99 27 24 10 
575-2-12 1?2.509 = 2 23 94 98 78 72 64 96 49 82 37 86 40 83 53 17 38 16 92 12 
575-2-8 1?2.658 = 2 23 94 98 78 72 21 79 19 32 57 28 80 85 30 48 55 67 63 89 8 
575-2-9 1?2.623 = 2 23 94 98 64 96 49 82 37 86 35 51 57 28 80 85 30 48 55 67 74 9 
575-2-11 1?2.438 = 2 23 94 98 78 72 21 79 19 32 51 57 28 80 70 66 88 34 36 11 
575-2-15 1?2.095 = 2 23 94 98 64 96 82 43 91 62 47 45 26 84 56 25 15 
575-2-7 1?2.548 = 2 23 94 98 78 72 21 22 97 29 39 69 41 42 81 93 31 95 33 90 60 7 
575-4-5 1?1.979 = 4 18 78 72 21 79 22 69 39 97 29 71 95 31 93 5 
575-3-6 1?1.956 = 3 78 72 21 79 19 97 29 39 22 69 81 93 31 95 33 6 
575-3-8 1?2.615 = 3 78 72 21 79 19 32 57 28 80 70 66 85 30 48 87 63 89 8 
575-3-9 1?2.535 = 3 78 72 21 79 19 32 51 28 80 70 66 85 30 48 55 67 74 9 
575-3-10 1?2.511 = 3 18 41 69 39 29 97 22 79 19 32 57 28 80 30 85 99 24 10 
575-3-13 1?2.493 = 3 78 72 21 79 19 32 57 28 80 70 66 88 68 59 92 16 73 13 
575-3-14 1?2.688 = 3 78 72 98 94 23 64 96 82 43 91 62 47 45 26 84 25 56 14 
575-3-7 1?2.476 = 3 78 72 21 18 41 22 97 39 29 69 42 81 93 31 95 33 90 60 7 
575-3-12 1?2.638 = 3 78 72 21 79 19 32 51 57 28 80 70 66 88 68 59 38 16 92 12 
575-3-15 1?2.364 = 3 78 72 98 94 64 96 82 43 91 62 47 45 26 84 56 25 15 
575-3-11 1?2.674 = 3 18 41 69 39 29 97 22 79 19 32 51 57 28 80 70 66 88 34 36 46 11 
575-5-6 1?2.129 = 5 93 81 42 69 29 39 22 79 19 32 97 71 31 95 33 6 
575-4-9 1?2.4 = 4 42 69 29 39 22 79 19 32 57 28 30 48 87 63 67 74 9 
575-4-6 1?2.188 = 4 18 78 72 21 79 19 97 29 39 69 81 93 31 95 33 6 
575-4-8 1?2.505 = 4 42 69 39 29 97 22 19 32 57 28 80 85 30 48 87 63 89 8 
575-4-13 1?2.449 = 4 42 69 39 29 97 22 79 37 86 40 83 53 17 38 16 50 73 13 
575-4-7 1?2.483 = 4 42 81 69 39 29 97 22 79 19 32 51 57 44 76 54 20 60 7 
575-4-10 1?2.411 = 4 42 69 39 29 97 22 79 19 32 57 28 80 70 66 99 27 24 10 
575-4-14 1?2.639 = 4 42 81 69 39 29 97 22 79 19 32 35 86 40 83 26 84 25 56 75 14 
575-4-15 1?2.387 = 4 42 81 29 39 69 22 97 19 79 37 86 40 83 26 84 56 25 15 
575-4-12 1?2.572 = 4 42 69 39 29 97 22 79 19 32 57 28 80 70 66 88 68 59 92 16 12 
575-4-11 1?2.602 = 4 42 69 29 39 22 79 19 32 57 28 80 70 66 88 59 68 34 46 36 11 
575-5-8 1?2.12 = 5 93 31 95 71 29 39 69 22 97 44 76 54 20 61 89 8 
575-6-8 1?2.266 = 6 33 95 71 29 39 69 22 97 19 32 44 76 54 20 61 89 8 
575-6-7 1?2.291 = 6 33 95 31 71 29 39 69 22 79 19 32 44 76 54 20 7 
575-5-7 1?2.141 = 5 93 81 69 39 29 97 22 79 19 32 44 76 54 20 60 7 
575-5-10 1?2.351 = 5 93 81 69 39 29 97 22 79 19 32 57 28 30 85 99 24 10 
575-5-13 1?2.516 = 5 93 81 29 39 69 22 97 32 57 28 80 70 88 68 59 92 16 73 13 
575-5-9 1?2.5 = 5 31 93 81 42 69 39 29 97 22 79 19 32 44 76 87 63 67 74 9 
575-5-11 1?2.352 = 5 93 81 29 39 69 22 97 19 32 57 28 80 70 66 88 34 36 11 
575-5-14 1?2.658 = 5 93 81 42 69 39 29 97 22 79 19 32 35 86 40 83 26 84 56 75 14 
575-5-12 1?2.533 = 5 93 81 42 69 39 29 97 22 79 19 32 57 28 80 70 66 88 68 12 
575-5-15 1?2.485 = 5 93 81 42 69 39 29 97 22 19 79 37 86 40 83 26 84 56 25 15 
575-7-8 1?2.294 = 7 20 54 76 44 28 80 70 66 85 30 48 87 63 89 8 
575-7-9 1?2.235 = 7 20 54 76 44 57 28 80 85 30 48 55 87 63 67 74 9 
575-6-9 1?2.321 = 6 33 95 71 29 39 69 22 97 19 32 44 76 87 63 67 74 9 
575-7-10 1?2.212 = 7 61 63 67 55 52 48 30 85 80 70 66 99 27 24 10 
575-6-10 1?2.485 = 6 33 90 20 54 76 44 57 28 80 70 66 85 30 99 27 24 10 
575-6-13 1?2.546 = 6 90 20 54 76 44 28 80 70 66 88 68 59 92 16 38 17 50 73 13 
575-7-11 1?2.312 = 7 61 89 63 67 55 52 48 30 85 66 88 59 68 34 36 46 11 
575-6-11 1?2.436 = 6 33 95 71 29 39 69 22 97 32 57 28 80 70 66 88 34 36 11 
575-6-14 1?2.645 = 6 33 95 71 29 39 69 22 97 19 79 37 86 35 40 83 26 84 75 14 
575-6-12 1?2.656 = 6 33 95 71 29 39 69 22 79 19 32 51 57 28 80 70 66 88 68 12 
575-6-15 1?2.542 = 6 33 95 71 29 69 39 97 22 79 19 32 35 86 40 83 84 56 25 15 
575-8-11 1?1.837 = 8 89 63 67 55 52 48 30 85 66 70 88 34 36 46 11 
575-8-9 1?2.196 = 8 89 61 63 87 48 30 85 80 70 66 99 52 55 67 74 9 
575-8-10 1?1.934 = 8 89 63 67 55 52 48 30 85 80 70 66 99 27 24 10 
575-7-13 1?2.437 = 7 61 89 63 67 55 52 48 30 85 99 66 88 68 59 38 17 50 73 13 
575-7-12 1?2.432 = 7 61 63 67 55 48 30 85 66 88 68 59 38 17 50 73 16 12 
575-8-13 1?2.188 = 8 89 63 67 52 48 30 85 66 70 88 68 59 92 16 38 17 50 73 13 
575-8-12 1?2.163 = 8 89 63 67 55 48 30 85 66 88 68 59 38 17 50 73 16 92 12 
575-7-14 1?2.696 = 7 61 89 63 87 48 30 85 66 88 68 59 92 16 38 17 50 73 13 14 
575-8-14 1?2.478 = 8 89 63 67 55 48 30 85 80 70 66 88 68 59 92 16 38 17 50 14 
575-7-15 1?2.87 = 7 60 90 71 29 69 39 97 22 79 19 32 35 86 40 83 26 84 56 25 15 
575-8-15 1?2.598 = 8 89 63 87 48 30 85 66 88 68 59 92 16 38 17 53 84 56 25 15 
575-10-11 1?1.82 = 10 24 99 85 30 80 70 66 88 59 68 34 36 46 11 
575-9-11 1?1.73 = 9 74 67 63 87 55 48 30 85 80 70 66 88 34 36 11 
575-9-12 1?1.788 = 9 74 67 63 87 48 30 85 66 88 68 59 38 16 92 12 
575-10-12 1?1.784 = 10 24 27 36 46 34 68 59 38 17 50 73 16 92 12 
575-9-10 1?1.822 = 9 74 67 63 87 55 48 30 85 80 70 66 99 27 24 10 
575-9-13 1?1.908 = 9 74 67 63 87 48 30 85 66 88 68 59 92 16 38 17 50 73 13 
575-10-13 1?2.135 = 10 24 27 99 85 30 28 80 70 66 88 68 59 38 16 50 73 13 
575-9-14 1?2.272 = 9 74 67 63 87 55 52 48 30 85 66 88 68 59 38 92 16 50 14 
575-10-14 1?2.449 = 10 24 27 99 85 30 28 80 70 66 88 68 59 38 16 73 50 14 
575-9-15 1?2.478 = 9 74 67 55 48 30 85 66 88 68 59 92 16 38 17 53 84 56 25 15 
575-10-15 1?2.514 = 10 24 27 34 68 59 92 16 73 50 38 17 53 83 26 84 75 56 25 15 
575-12-13 1?2.022 = 12 92 16 38 59 68 88 66 85 30 80 70 17 50 13 
575-11-13 1?1.71 = 11 24 27 36 46 34 68 59 92 16 38 17 50 73 13 
575-11-12 1?1.778 = 11 36 46 34 27 99 30 85 66 88 68 59 38 16 92 12 
575-12-14 1?2.166 = 12 46 36 34 68 59 92 16 38 17 53 83 26 84 75 14 
575-13-14 1?2.177 = 13 73 50 16 92 68 59 38 17 53 83 26 84 25 56 14 
575-11-14 1?2.005 = 11 36 46 34 68 59 92 16 38 17 53 83 26 84 75 14 
575-14-15 1?2.313 = 14 50 73 16 92 68 59 38 17 53 83 26 84 56 25 15 
575-13-15 1?2.151 = 13 73 50 38 16 92 59 68 88 66 70 53 84 56 25 15 
575-12-15 1?2.066 = 12 46 36 34 68 59 92 16 38 17 53 84 75 56 25 15 
575-11-15 1?1.905 = 11 36 46 34 68 59 92 16 38 17 53 84 75 56 25 15 
stop
