start
555-0-2 1?2.209 = 0 34 29 59 35 16 27 61 24 23 63 42 70 19 78 2 
555-0-3 1?2.215 = 0 34 29 42 70 76 84 98 96 56 99 68 32 33 50 3 
555-0-4 1?2.609 = 0 34 29 35 16 27 61 24 23 63 42 70 76 84 98 96 32 55 4 
555-0-5 1?2.551 = 0 17 27 16 35 59 42 70 76 84 98 96 56 99 68 31 40 95 44 5 
555-0-6 1?2.619 = 0 34 29 70 76 84 98 96 56 99 68 31 92 26 41 21 49 97 39 6 
555-0-7 1?2.513 = 0 34 29 70 76 84 98 96 56 99 68 31 92 26 49 41 21 53 93 7 
555-0-1 1?2.157 = 0 34 29 35 16 27 61 24 23 63 42 70 57 30 1 
555-0-8 1?2.508 = 0 34 29 42 70 76 84 56 68 31 92 26 41 49 21 47 22 72 87 75 8 
555-0-11 1?2.376 = 0 34 29 59 35 16 27 61 18 36 77 86 51 83 48 79 74 25 71 11 
555-0-9 1?2.527 = 0 34 35 16 27 61 18 36 77 86 83 48 79 25 74 71 54 90 43 62 9 
555-0-10 1?2.424 = 0 34 29 35 16 27 61 18 36 77 86 51 83 48 79 74 25 90 54 67 10 
555-0-13 1?2.264 = 0 34 29 35 16 27 61 80 46 18 24 36 86 77 38 13 
555-1-2 1?2.306 = 1 30 29 59 35 16 27 61 24 23 63 42 70 19 78 2 
555-1-3 1?2.254 = 1 30 57 70 76 84 98 96 56 99 68 32 55 52 33 50 3 
555-0-15 1?2.249 = 0 17 34 29 59 35 16 27 61 18 24 23 36 46 80 15 
555-0-14 1?2.29 = 0 17 34 29 59 35 16 27 61 80 18 24 23 36 46 14 
555-1-6 1?2.504 = 1 30 57 70 76 84 98 96 56 99 68 31 92 26 41 49 97 39 6 
555-1-5 1?2.459 = 1 30 34 29 42 70 76 84 98 96 56 99 68 31 40 95 44 5 
555-1-7 1?2.438 = 1 30 57 70 76 84 98 96 56 99 68 31 92 26 41 49 21 53 93 7 
555-1-8 1?2.453 = 1 30 57 19 89 98 96 56 68 31 92 26 41 49 21 47 22 72 87 75 8 
555-1-4 1?2.512 = 1 30 57 19 70 76 84 98 96 56 99 68 31 40 82 95 44 4 
555-0-12 1?2.462 = 0 34 29 59 35 16 27 61 18 46 36 77 86 51 91 83 37 85 12 
555-1-15 1?2.466 = 1 57 30 34 29 59 35 27 16 61 18 24 23 36 46 80 15 
555-1-14 1?2.651 = 1 30 29 59 35 16 27 61 18 46 36 77 86 37 85 38 14 
555-2-5 1?2.039 = 2 78 19 70 76 84 98 96 56 99 68 31 40 95 44 5 
555-2-3 1?2.229 = 2 78 19 70 76 84 98 96 56 99 68 32 55 52 33 50 3 
555-2-4 1?2.268 = 2 78 19 70 76 84 98 96 56 99 68 31 40 95 44 4 
555-2-6 1?2.345 = 2 78 19 57 70 76 84 98 96 56 99 68 31 40 81 97 39 6 
555-1-12 1?2.595 = 1 30 29 35 16 27 61 18 36 86 51 83 48 79 74 25 71 66 12 
555-1-9 1?2.581 = 1 30 57 19 70 76 84 56 68 31 92 26 41 49 21 47 22 72 62 9 
555-1-10 1?2.471 = 1 30 29 35 16 27 61 18 36 77 86 83 48 79 74 25 90 54 67 10 
555-1-13 1?2.742 = 1 30 29 59 35 16 27 61 24 23 88 94 64 45 91 51 86 77 38 13 
555-1-11 1?2.396 = 1 30 29 35 16 27 61 18 36 77 86 51 83 48 79 74 25 71 11 
555-3-5 1?2.037 = 3 50 33 52 55 32 96 98 56 99 68 31 40 95 44 5 
555-2-15 1?2.598 = 2 78 19 57 30 34 29 59 35 16 27 61 18 24 23 36 46 80 15 
555-3-4 1?2.266 = 3 50 33 52 55 32 96 98 56 99 68 31 40 95 44 4 
555-2-10 1?2.588 = 2 78 89 98 96 56 68 99 20 69 60 28 65 79 74 25 71 54 67 10 
555-2-12 1?2.568 = 2 78 19 57 30 34 29 59 35 16 27 61 18 46 36 77 85 37 12 
555-2-9 1?2.592 = 2 78 19 70 76 84 56 68 31 40 81 26 41 49 21 47 22 72 62 9 
555-2-14 1?2.788 = 2 78 19 57 30 34 29 59 35 16 27 61 24 18 36 86 77 46 14 
555-2-7 1?2.394 = 2 78 89 98 96 56 99 68 31 40 81 92 26 41 49 21 53 93 7 
555-2-8 1?2.427 = 2 78 19 70 76 84 98 96 56 99 68 31 92 26 41 49 21 47 72 87 8 
555-2-13 1?2.848 = 2 78 19 57 30 34 29 59 35 16 27 61 18 46 36 77 86 37 85 38 13 
555-2-11 1?2.628 = 2 89 98 96 56 68 99 20 58 45 64 91 83 48 79 74 25 71 11 
555-4-5 1?2.193 = 4 55 32 96 98 56 99 68 31 92 81 40 82 95 44 5 
555-3-15 1?2.42 = 3 50 33 52 55 32 96 98 84 76 70 42 59 35 16 27 61 80 15 
555-3-6 1?2.216 = 3 50 33 98 96 56 99 68 31 92 26 41 21 49 97 39 6 
555-3-12 1?2.706 = 3 50 33 96 56 68 99 20 69 60 28 65 79 74 25 71 66 37 85 12 
555-3-7 1?2.319 = 3 50 33 52 55 32 96 56 99 68 31 92 26 41 49 21 53 93 7 
555-3-9 1?2.483 = 3 50 33 96 56 99 68 31 40 81 92 26 49 41 21 47 22 72 62 9 
555-3-8 1?2.292 = 3 50 33 96 56 68 31 40 81 92 26 49 41 21 47 22 72 87 75 8 
555-3-14 1?2.55 = 3 50 33 52 55 32 96 98 84 76 70 42 59 35 16 27 61 18 46 14 
555-3-10 1?2.624 = 3 50 33 32 68 31 92 26 41 49 21 72 47 22 60 28 65 90 54 67 10 
555-3-13 1?2.723 = 3 50 33 55 32 96 98 84 76 70 42 59 35 16 27 61 18 46 38 13 
555-3-11 1?2.592 = 3 50 33 98 96 56 68 99 20 58 45 64 91 83 48 79 74 25 71 11 
555-4-7 1?1.971 = 4 44 95 40 31 92 26 22 47 72 21 41 49 93 7 
555-4-6 1?2.099 = 4 55 32 68 31 92 26 49 41 21 53 93 97 39 6 
555-5-6 1?1.9 = 5 44 95 40 81 92 26 41 49 21 53 93 97 39 6 
555-4-8 1?2.276 = 4 55 32 96 56 99 68 31 40 81 92 26 41 49 21 47 22 72 87 8 
555-4-10 1?2.499 = 4 44 95 40 81 26 41 49 21 72 47 22 69 60 28 65 90 54 67 10 
555-4-9 1?2.561 = 4 55 32 96 98 56 99 68 31 40 81 92 26 41 49 21 47 72 62 9 
555-4-15 1?2.567 = 4 55 32 68 99 56 96 98 84 76 70 42 59 35 16 27 61 18 80 15 
555-4-14 1?2.568 = 4 55 32 68 99 56 96 98 84 76 70 42 59 35 16 27 61 18 46 14 
555-4-13 1?2.741 = 4 52 50 33 32 96 98 84 76 70 42 59 35 16 27 61 18 46 38 13 
555-4-12 1?2.748 = 4 44 95 40 81 26 41 49 21 72 47 22 60 28 65 90 54 25 74 66 12 
555-4-11 1?2.632 = 4 44 95 40 31 92 26 41 49 21 72 47 22 60 28 65 79 74 25 71 11 
555-5-7 1?1.742 = 5 44 95 40 31 92 26 22 47 72 21 41 49 93 7 
555-6-7 1?1.621 = 6 39 97 26 41 49 21 47 22 72 87 75 53 93 7 
555-6-8 1?2.147 = 6 39 40 31 92 26 41 47 72 21 49 93 53 75 87 8 
555-5-8 1?2.013 = 5 44 95 32 68 99 31 92 26 41 49 21 47 22 72 87 75 8 
555-5-9 1?2.342 = 5 44 95 40 81 92 26 41 49 21 72 47 22 60 28 65 43 62 9 
555-5-10 1?2.27 = 5 44 95 40 81 26 41 49 21 72 47 22 69 60 28 65 90 54 67 10 
555-5-12 1?2.519 = 5 44 95 40 81 26 41 49 21 72 47 22 60 28 65 90 54 25 74 66 12 
555-5-14 1?2.587 = 5 44 95 40 31 68 56 96 98 84 76 70 42 59 16 27 61 18 46 14 
555-5-15 1?2.616 = 5 44 95 40 31 68 56 96 98 84 76 70 42 59 35 16 27 61 18 80 15 
555-5-13 1?2.741 = 5 44 95 40 81 26 41 49 21 72 47 22 60 65 79 48 83 37 85 38 13 
555-5-11 1?2.287 = 5 44 95 40 81 26 41 49 21 72 47 22 60 28 65 90 54 25 74 71 11 
555-7-8 1?1.979 = 7 53 93 97 26 41 49 21 47 22 72 62 87 75 8 
555-7-9 1?1.971 = 7 53 21 49 41 47 22 60 28 65 79 74 25 54 90 43 62 9 
555-6-9 1?2.148 = 6 39 97 26 41 49 21 72 47 22 69 60 65 90 54 43 62 9 
555-7-10 1?1.849 = 7 53 49 41 21 72 47 22 69 60 28 65 90 54 25 74 71 67 10 
555-6-10 1?2.064 = 6 39 97 26 41 49 21 47 22 72 60 28 65 90 54 25 74 71 67 10 
555-7-11 1?1.939 = 7 53 49 41 21 72 47 22 69 60 28 65 90 54 25 74 71 66 11 
555-6-12 1?2.339 = 6 39 97 26 41 49 21 72 47 22 60 28 65 90 54 25 74 71 66 37 12 
555-6-14 1?2.594 = 6 39 40 31 68 56 96 98 84 76 70 42 59 35 16 27 61 18 46 14 
555-6-11 1?2.141 = 6 39 97 26 41 49 21 72 47 22 60 28 65 79 74 25 90 54 71 11 
555-6-15 1?2.609 = 6 39 97 26 41 49 21 72 47 22 69 45 64 94 88 23 24 61 16 27 15 
555-6-13 1?2.511 = 6 39 97 26 41 49 21 72 47 22 60 28 65 79 48 83 51 86 77 38 13 
555-8-9 1?1.802 = 8 75 87 21 49 41 47 72 22 69 60 28 65 43 62 9 
555-8-10 1?1.731 = 8 75 21 49 41 47 22 60 28 65 90 54 25 74 71 67 10 
555-8-11 1?1.762 = 8 75 21 49 41 47 72 22 69 60 28 65 79 74 71 11 
555-8-12 1?2.049 = 8 75 87 21 49 41 47 22 72 60 28 65 90 54 25 74 71 66 12 
555-7-12 1?2.239 = 7 53 49 41 21 72 47 22 60 28 65 90 54 25 74 79 48 83 37 85 12 
555-8-14 1?2.482 = 8 87 21 49 41 47 22 69 45 64 94 88 23 24 16 27 61 18 46 14 
555-7-14 1?2.52 = 7 53 49 41 21 72 47 22 69 45 64 94 88 23 24 16 27 61 18 46 14 
555-8-15 1?2.467 = 8 75 87 21 49 41 47 72 22 69 60 28 45 64 94 88 23 24 16 27 15 
555-8-13 1?2.35 = 8 75 87 21 49 41 47 72 22 69 60 28 65 79 48 83 86 77 38 13 
555-7-15 1?2.531 = 7 53 49 41 21 72 47 22 69 60 28 45 64 94 88 23 24 16 27 61 80 15 
555-7-13 1?2.405 = 7 53 49 41 21 72 47 22 60 28 65 90 54 25 74 48 83 86 77 38 13 
555-10-12 1?1.912 = 10 67 54 90 25 71 74 79 48 83 91 51 86 77 85 37 12 
555-9-10 1?2.052 = 9 87 75 21 49 41 47 72 22 69 60 65 90 54 67 10 
555-9-11 1?2.08 = 9 62 72 22 47 21 49 41 26 69 60 65 90 54 71 11 
555-10-11 1?2.123 = 10 67 54 90 25 71 74 79 48 83 91 51 86 85 37 66 11 
555-9-12 1?2.329 = 9 62 43 90 54 71 74 25 79 48 83 91 51 86 77 38 85 37 12 
555-10-14 1?2.307 = 10 67 54 90 25 74 79 48 83 51 86 77 36 18 61 16 27 80 14 
555-10-13 1?2.343 = 10 67 54 90 25 71 74 79 48 83 91 51 86 77 36 18 46 38 13 
555-9-14 1?2.471 = 9 62 43 90 54 71 74 25 79 48 83 91 51 86 77 36 24 18 46 14 
555-9-13 1?2.509 = 9 62 43 90 54 71 74 25 79 48 83 91 51 86 77 36 18 46 38 13 
555-10-15 1?2.373 = 10 67 54 90 25 71 74 79 48 83 91 51 86 77 36 46 18 61 16 27 15 
555-9-15 1?2.431 = 9 62 43 90 54 71 74 25 79 48 83 91 51 86 77 36 18 61 16 27 15 
555-11-12 1?2.019 = 11 66 71 74 25 54 90 79 48 83 91 51 86 77 85 37 12 
555-12-13 1?1.965 = 12 85 37 66 71 74 25 54 90 79 48 83 51 86 77 38 13 
555-13-14 1?2.283 = 13 38 85 37 66 71 74 25 79 48 83 51 86 77 36 46 14 
555-12-14 1?2.113 = 12 66 71 74 25 54 90 79 48 83 91 51 86 77 46 14 
555-11-14 1?2.012 = 11 66 71 74 25 54 90 79 48 83 91 51 86 77 46 14 
555-11-13 1?2.001 = 11 66 74 25 54 90 65 79 48 83 91 51 86 77 38 13 
555-13-15 1?2.235 = 13 38 77 86 36 46 18 61 16 27 35 59 29 34 17 15 
555-14-15 1?2.27 = 14 46 18 61 27 16 24 23 88 94 63 42 59 35 17 15 
555-12-15 1?2.314 = 12 66 71 74 25 79 48 83 91 51 86 77 36 18 61 16 27 15 
555-11-15 1?2.216 = 11 71 74 25 54 90 79 48 83 91 51 86 77 36 18 61 16 27 15 
stop
