start
435-0-3 1?1.952 = 0 42 48 47 73 96 56 30 19 50 32 66 41 16 52 3 
435-0-2 1?2.062 = 0 42 48 47 73 96 85 68 56 30 19 50 32 66 41 2 
435-0-1 1?2.282 = 0 42 48 47 73 96 85 68 56 30 87 80 41 66 32 1 
435-0-4 1?2.245 = 0 47 48 42 19 50 32 66 41 16 52 69 40 86 95 43 35 64 4 
435-0-6 1?2.482 = 0 47 73 96 68 85 76 37 74 83 31 45 27 54 25 77 71 6 
435-0-7 1?2.449 = 0 47 56 73 96 68 85 76 37 74 83 31 45 27 54 25 77 93 67 7 
435-0-5 1?2.226 = 0 47 48 42 19 50 32 66 41 16 52 69 40 86 95 43 35 64 5 
435-0-11 1?2.31 = 0 47 56 73 96 68 85 76 37 61 98 51 24 46 38 28 11 
435-0-8 1?2.556 = 0 47 56 73 96 68 85 76 37 74 83 31 45 27 54 25 21 53 99 57 8 
435-0-10 1?2.411 = 0 42 48 47 73 96 68 85 26 76 37 61 98 78 51 24 46 89 10 
435-0-9 1?2.502 = 0 42 48 47 73 96 68 85 26 76 37 61 84 21 53 99 72 97 23 9 
435-0-14 1?1.966 = 0 42 48 47 30 56 73 96 68 85 81 59 90 88 14 
435-0-12 1?2.082 = 0 47 73 96 68 85 26 17 18 70 55 79 58 29 33 12 
435-0-15 1?2.285 = 0 42 48 47 30 56 73 96 68 85 76 26 81 82 15 
435-1-2 1?2.069 = 1 42 48 47 73 96 56 30 19 50 32 66 41 16 52 2 
435-0-13 1?2.301 = 0 42 48 47 56 73 96 68 85 26 81 59 90 88 13 
435-1-3 1?1.818 = 1 42 48 47 73 96 56 30 19 50 32 66 41 16 52 3 
435-1-7 1?2.252 = 1 42 48 47 73 96 68 85 76 37 61 45 27 54 25 77 93 67 7 
435-1-5 1?2.213 = 1 42 48 47 19 50 32 66 41 16 52 69 40 86 95 94 35 64 5 
435-1-4 1?2.122 = 1 42 48 19 50 32 66 41 16 52 69 40 86 94 95 43 35 64 4 
435-1-6 1?2.4 = 1 42 48 47 56 73 96 68 85 76 37 61 74 31 83 75 71 6 
435-1-8 1?2.432 = 1 42 48 47 73 96 68 85 76 37 74 31 45 27 54 25 21 53 99 57 8 
435-1-15 1?1.897 = 1 32 66 50 19 48 47 56 73 96 68 85 81 82 15 
435-1-14 1?1.832 = 1 42 48 47 30 56 73 96 68 85 81 59 90 88 14 
435-1-12 1?2.276 = 1 42 48 47 30 56 73 96 68 85 26 20 49 92 70 55 79 58 29 33 12 
435-1-13 1?2.39 = 1 32 66 50 19 42 48 47 56 73 96 68 85 81 59 90 88 13 
435-2-3 1?1.799 = 2 66 32 50 42 48 19 80 87 94 95 86 40 16 52 69 3 
435-2-4 1?2.012 = 2 32 50 42 47 48 19 66 41 16 52 69 40 86 43 4 
435-1-11 1?2.422 = 1 42 48 47 56 73 96 68 85 26 76 37 61 98 78 51 24 46 38 28 11 
435-2-5 1?2.338 = 2 32 50 42 48 47 19 66 41 52 16 69 40 86 95 43 35 64 5 
435-1-9 1?2.441 = 1 42 48 47 73 96 68 85 76 37 61 45 27 54 25 21 53 72 97 23 9 
435-2-6 1?2.446 = 2 66 32 50 42 48 47 73 96 68 85 76 37 74 31 83 75 6 
435-1-10 1?2.432 = 1 42 48 47 73 96 68 85 26 76 37 61 49 98 78 51 62 44 22 60 10 
435-2-15 1?2.124 = 2 32 66 50 19 42 48 47 56 73 96 68 85 26 81 82 15 
435-2-14 1?1.993 = 2 66 32 50 19 48 47 56 73 96 68 85 81 59 90 88 14 
435-2-12 1?2.3 = 2 32 66 19 48 47 73 96 68 85 26 17 18 70 55 79 58 29 33 12 
435-2-11 1?2.443 = 2 66 32 50 19 48 47 73 96 68 85 76 37 61 98 51 24 34 28 11 
435-3-5 1?2.199 = 3 52 16 69 40 86 95 94 36 74 83 31 45 27 75 64 5 
435-2-13 1?2.445 = 2 32 66 50 19 42 48 47 30 56 73 96 68 85 81 59 90 88 13 
435-3-4 1?2.163 = 3 69 52 16 41 66 32 50 42 48 19 80 87 94 95 43 4 
435-2-7 1?2.398 = 2 41 16 52 69 40 86 94 36 74 83 31 45 27 54 25 77 93 67 7 
435-2-8 1?2.419 = 2 66 32 50 19 48 47 73 96 68 85 76 37 61 84 21 53 99 57 8 
435-2-9 1?2.471 = 2 32 66 41 80 87 36 74 83 31 45 27 54 25 21 53 99 72 97 23 9 
435-2-10 1?2.413 = 2 66 32 50 42 48 47 73 96 68 85 76 37 61 98 51 24 46 89 10 
435-3-15 1?2.212 = 3 69 52 16 41 66 32 50 19 48 47 73 96 68 85 81 82 15 
435-4-5 1?2.521 = 4 43 86 40 69 16 41 66 32 50 19 80 94 95 35 64 5 
435-3-12 1?2.367 = 3 52 16 69 40 86 94 83 31 45 27 84 78 98 92 70 55 79 58 29 33 12 
435-3-14 1?2.286 = 3 52 16 69 40 86 95 94 87 30 56 73 96 68 85 81 59 90 88 14 
435-3-11 1?2.378 = 3 52 16 69 40 86 95 94 36 83 31 45 27 54 84 78 51 24 46 38 28 11 
435-3-7 1?2.069 = 3 52 16 69 40 86 94 36 74 83 31 45 27 54 25 77 93 67 7 
435-3-8 1?2.113 = 3 52 16 69 40 86 95 94 83 31 45 27 54 25 21 53 99 57 8 
435-3-13 1?2.454 = 3 69 52 16 41 66 32 50 42 48 47 73 96 68 85 81 59 90 13 
435-3-6 1?2.114 = 3 52 16 69 40 86 95 94 83 31 45 27 54 25 77 71 6 
435-3-9 1?2.177 = 3 52 16 69 40 86 94 83 31 45 27 54 25 21 53 72 97 23 9 
435-3-10 1?2.283 = 3 52 16 69 40 86 95 94 36 74 83 31 45 27 54 25 21 39 44 22 60 10 
435-4-7 1?2.139 = 4 43 95 94 36 74 83 31 45 27 54 25 77 93 67 91 7 
435-4-15 1?2.449 = 4 43 95 86 40 69 52 16 41 66 32 50 19 48 47 56 96 73 82 15 
435-4-12 1?2.548 = 4 43 95 94 36 83 31 45 27 54 84 78 98 49 92 70 55 79 58 29 33 12 
435-4-8 1?2.365 = 4 43 40 86 95 94 36 74 83 31 45 27 54 25 21 53 99 57 8 
435-5-6 1?2.48 = 5 64 35 43 86 95 94 36 83 31 45 27 54 25 77 71 6 
435-4-11 1?2.65 = 4 43 95 94 36 74 83 31 45 27 54 25 21 39 44 22 60 89 46 38 28 11 
435-4-9 1?2.331 = 4 40 86 95 94 36 74 31 45 27 54 25 21 53 99 72 97 23 9 
435-4-6 1?2.408 = 4 43 95 94 36 74 83 31 45 27 54 25 77 93 67 91 6 
435-4-14 1?2.518 = 4 40 69 52 16 41 66 32 50 19 48 47 56 73 96 81 59 90 88 14 
435-4-13 1?2.616 = 4 40 69 52 16 41 66 32 50 42 48 47 56 73 96 81 59 90 13 
435-4-10 1?2.527 = 4 43 95 94 36 74 83 31 45 27 54 84 78 98 51 62 39 44 22 60 10 
435-6-7 1?2.451 = 6 71 77 25 21 39 44 22 23 97 72 99 57 93 67 7 
435-5-7 1?2.254 = 5 64 35 75 83 31 74 45 27 54 25 77 93 67 91 7 
435-5-15 1?2.502 = 5 64 35 43 95 86 40 69 16 52 41 66 32 50 19 48 42 47 82 15 
435-5-8 1?2.37 = 5 64 35 43 95 94 36 74 31 45 27 54 25 21 53 99 57 8 
435-6-8 1?2.512 = 6 71 91 67 93 77 25 54 84 78 98 51 62 39 53 57 8 
435-5-14 1?2.605 = 5 64 35 43 86 95 94 87 30 56 73 96 68 85 81 59 90 88 14 
435-5-12 1?2.628 = 5 64 35 75 83 31 45 27 54 84 78 98 49 92 70 55 79 58 29 33 12 
435-5-13 1?2.729 = 5 64 35 43 86 40 69 52 16 80 87 30 56 96 73 81 59 90 13 
435-5-9 1?2.387 = 5 64 35 75 83 31 74 45 27 54 25 21 53 99 72 97 23 9 
435-5-11 1?2.677 = 5 64 35 43 95 94 36 83 31 45 27 54 84 78 98 51 24 46 38 28 11 
435-5-10 1?2.583 = 5 64 35 43 95 94 36 74 83 31 45 27 54 25 21 39 62 44 22 60 10 
435-7-9 1?1.929 = 7 91 67 93 57 99 53 72 97 23 44 22 89 60 9 
435-7-8 1?2.174 = 7 91 67 93 77 25 54 84 78 98 51 62 39 53 57 8 
435-6-15 1?2.682 = 6 71 77 25 54 27 45 31 83 74 61 37 76 26 85 68 96 73 82 15 
435-6-9 1?2.313 = 6 71 91 67 93 77 25 54 84 21 53 99 57 72 97 23 9 
435-7-10 1?1.706 = 7 91 67 93 57 99 53 72 97 23 44 22 60 89 10 
435-6-12 1?2.434 = 6 91 93 57 99 72 97 23 44 22 60 89 46 34 55 79 58 29 33 12 
435-6-14 1?2.792 = 6 71 77 54 27 45 31 83 74 37 76 85 68 96 73 81 59 90 88 14 
435-6-13 1?2.699 = 6 91 67 93 57 99 53 39 62 51 24 34 55 79 58 33 29 65 13 
435-6-11 1?2.318 = 6 71 91 67 93 57 99 53 72 97 23 44 22 60 89 46 38 28 11 
435-7-11 1?2.245 = 7 91 67 93 57 99 53 72 97 23 44 22 60 89 46 24 34 38 28 11 
435-6-10 1?2.387 = 6 71 91 67 93 57 99 53 72 97 23 39 62 51 24 46 89 10 
435-8-9 1?1.869 = 8 57 99 72 97 23 44 39 62 51 24 46 89 60 22 9 
435-8-11 1?1.649 = 8 57 99 53 72 97 23 44 22 60 89 46 34 38 28 11 
435-8-10 1?1.668 = 8 57 99 72 97 23 22 44 39 62 51 24 46 89 60 10 
435-7-15 1?2.492 = 7 67 93 77 25 54 27 45 31 83 74 37 76 26 85 68 96 73 82 15 
435-8-15 1?2.502 = 8 57 99 53 21 25 54 27 31 83 74 37 76 85 68 96 73 82 15 
435-7-12 1?2.193 = 7 67 93 57 99 72 97 23 44 22 60 89 46 38 28 55 79 58 29 33 12 
435-8-12 1?2.011 = 8 57 99 53 72 97 23 44 22 60 89 46 38 34 70 55 79 58 29 33 12 
435-8-14 1?2.393 = 8 57 99 72 97 23 22 44 39 62 51 78 98 49 18 17 59 90 88 14 
435-7-14 1?2.619 = 7 67 93 57 99 72 97 23 39 62 51 78 98 49 18 17 59 90 88 14 
435-7-13 1?2.428 = 7 67 93 57 99 72 97 23 44 22 89 46 34 55 79 58 29 65 13 
435-8-13 1?2.233 = 8 57 99 72 97 23 44 22 60 89 46 38 34 70 55 79 58 29 65 13 
435-9-12 1?1.55 = 9 97 23 44 22 60 89 46 34 70 55 79 58 29 33 12 
435-10-12 1?1.557 = 10 60 22 44 39 62 51 98 92 70 55 79 58 29 33 12 
435-9-11 1?1.644 = 9 23 97 72 99 53 21 39 44 22 60 89 46 38 28 11 
435-10-11 1?1.798 = 10 60 22 44 39 62 51 78 98 49 92 70 55 79 58 11 
435-10-15 1?2.366 = 10 60 22 44 39 62 51 78 98 61 37 76 85 68 96 73 82 15 
435-10-13 1?1.977 = 10 60 22 44 39 62 51 78 98 92 70 55 79 58 33 29 65 13 
435-9-10 1?1.739 = 9 23 97 72 57 99 53 39 62 51 24 34 38 46 89 10 
435-9-14 1?2.187 = 9 23 97 72 99 53 39 62 51 78 98 49 18 17 59 90 88 14 
435-10-14 1?2.261 = 10 60 22 44 39 62 51 24 34 55 79 58 29 65 63 59 90 88 14 
435-9-13 1?2.066 = 9 23 97 72 99 53 39 62 51 92 70 55 79 58 33 29 65 13 
435-9-15 1?2.51 = 9 23 97 72 99 53 21 25 54 27 61 37 76 85 68 96 73 82 15 
435-12-14 1?1.811 = 12 29 58 79 55 70 92 98 49 18 17 59 90 88 14 
435-11-12 1?1.611 = 11 28 38 34 24 51 78 98 49 92 70 55 79 58 29 33 12 
435-14-15 1?2.241 = 14 88 90 59 81 85 68 96 73 56 30 19 47 82 15 
435-13-14 1?2.056 = 13 65 29 33 58 79 55 70 92 49 18 17 59 90 88 14 
435-13-15 1?2.407 = 13 65 29 33 58 79 55 70 92 49 18 17 59 90 88 15 
435-12-15 1?2.112 = 12 33 29 58 79 55 70 18 17 26 85 68 96 73 82 15 
435-11-15 1?2.382 = 11 28 38 34 24 51 78 98 61 37 76 26 85 68 96 73 82 15 
435-12-13 1?1.931 = 12 33 29 58 79 55 34 24 51 78 98 49 18 17 63 13 
435-11-13 1?1.928 = 11 28 38 46 24 51 98 49 92 70 55 79 58 29 65 13 
435-11-14 1?2.164 = 11 28 38 46 89 22 44 62 51 78 98 49 18 17 59 90 88 14 
stop
