start
284-0-1 1?2.305 = 0 48 87 96 54 66 90 57 55 22 19 99 89 63 91 1 
284-0-2 1?2.03 = 0 48 87 96 54 19 82 77 34 73 99 89 63 93 85 2 
284-0-3 1?2.058 = 0 48 91 63 89 99 73 34 82 77 18 16 68 60 59 17 3 
284-0-4 1?2.194 = 0 48 87 96 54 89 99 73 34 95 59 60 16 68 18 53 47 4 
284-0-5 1?2.344 = 0 48 91 63 89 73 34 82 77 18 16 95 59 60 68 53 47 37 5 
284-0-6 1?2.41 = 0 48 91 63 89 73 34 82 77 22 55 71 51 61 64 79 92 52 21 6 
284-0-7 1?2.437 = 0 48 91 63 89 73 34 82 77 22 55 71 51 61 64 79 92 52 39 27 7 
284-0-8 1?2.565 = 0 48 91 63 89 99 73 34 82 77 22 55 71 51 61 64 79 50 94 8 
284-0-9 1?2.872 = 0 48 91 63 89 99 73 34 82 77 22 55 71 51 61 64 79 50 58 9 
284-0-10 1?2.866 = 0 87 96 78 56 88 30 36 65 31 41 70 25 74 38 81 45 28 69 42 10 
284-0-11 1?2.694 = 0 48 87 96 78 56 88 30 36 65 35 31 41 70 74 25 97 42 69 11 
284-0-12 1?2.525 = 0 48 87 96 78 56 88 30 36 65 31 41 70 25 74 38 81 45 76 12 
284-0-13 1?2.553 = 0 78 87 96 30 36 65 31 41 70 25 74 38 81 45 76 32 40 84 13 
284-0-14 1?2.08 = 0 87 96 78 56 88 30 36 65 35 32 49 40 20 80 14 
284-0-15 1?2.213 = 0 48 87 96 30 36 65 35 32 49 40 84 20 80 46 15 
284-1-2 1?1.931 = 1 91 63 89 99 73 34 82 77 18 16 59 17 85 2 
284-1-3 1?1.771 = 1 91 63 89 99 73 34 82 77 18 16 60 59 17 3 
284-1-4 1?1.955 = 1 91 63 89 99 73 34 77 18 16 95 59 60 68 53 47 4 
284-1-5 1?2.131 = 1 91 63 89 73 34 82 77 18 16 95 59 60 68 53 47 37 5 
284-1-6 1?2.284 = 1 91 63 89 73 34 82 77 22 55 71 51 61 64 79 29 92 39 52 21 6 
284-1-7 1?2.399 = 1 91 63 89 99 73 34 77 82 22 55 57 71 51 61 64 79 92 52 39 27 7 
284-1-8 1?2.5 = 1 91 63 89 99 73 34 82 77 22 55 71 51 61 64 79 50 26 94 8 
284-1-9 1?2.703 = 1 91 63 89 99 73 34 82 77 22 55 71 51 64 61 50 58 44 9 
284-1-10 1?2.675 = 1 91 48 87 96 78 56 88 30 36 65 35 31 41 70 74 25 97 42 10 
284-1-11 1?2.595 = 1 91 48 87 96 78 56 88 30 36 65 31 41 70 38 74 25 97 69 11 
284-1-12 1?2.668 = 1 91 48 87 96 78 56 88 30 36 65 31 70 74 25 97 38 81 45 76 12 
284-1-13 1?2.467 = 1 91 48 87 96 78 56 88 46 86 30 36 65 35 32 49 40 20 84 13 
284-1-14 1?2.268 = 1 91 48 87 96 78 56 88 30 36 65 35 32 49 84 20 80 14 
284-1-15 1?2.202 = 1 91 48 87 96 78 56 88 30 36 65 35 80 86 46 15 
284-2-3 1?1.579 = 2 85 93 63 89 73 34 82 77 18 68 16 95 59 60 3 
284-2-4 1?1.693 = 2 85 93 63 89 99 73 34 95 59 16 18 53 47 4 
284-2-5 1?2.014 = 2 85 93 63 89 99 73 34 95 59 60 16 68 18 53 47 37 5 
284-2-6 1?2.049 = 2 85 17 95 59 60 16 68 18 53 47 37 24 98 62 83 75 21 6 
284-2-7 1?2.183 = 2 85 17 95 59 60 16 68 18 53 47 37 24 62 83 75 52 39 27 7 
284-2-8 1?2.372 = 2 85 17 95 59 16 68 53 47 37 24 62 83 75 21 27 33 26 94 8 
284-2-9 1?2.603 = 2 85 93 63 89 99 73 34 82 77 22 55 71 51 61 64 79 50 58 9 
284-2-10 1?2.627 = 2 85 93 63 89 99 73 34 77 22 55 71 57 41 70 74 25 97 42 10 
284-2-11 1?2.587 = 2 85 93 63 89 99 73 34 82 77 22 55 71 57 41 70 74 97 69 11 
284-2-12 1?2.484 = 2 85 93 63 89 99 73 34 82 77 22 55 57 41 70 38 81 45 76 12 
284-2-13 1?2.382 = 2 85 93 73 34 82 77 22 55 90 43 30 36 65 35 32 49 40 84 13 
284-2-14 1?2.281 = 2 85 93 73 34 82 77 22 55 90 66 43 30 36 65 86 80 14 
284-2-15 1?2.123 = 2 85 93 73 34 82 77 22 55 90 66 54 96 78 56 15 
284-3-4 1?1.739 = 3 60 59 95 16 68 18 53 47 37 24 62 83 98 5 4 
284-3-5 1?1.35 = 3 60 59 95 16 68 18 53 47 37 24 62 83 98 5 
284-3-6 1?1.825 = 3 17 95 59 60 16 68 18 53 47 37 24 98 62 83 75 21 6 
284-3-7 1?1.942 = 3 60 59 95 16 68 18 53 47 37 24 98 62 83 75 21 52 27 7 
284-3-8 1?2.099 = 3 60 59 95 16 68 18 53 47 37 24 62 83 75 21 27 33 26 8 
284-3-9 1?2.362 = 3 60 59 95 16 68 53 47 37 24 62 83 75 21 27 33 26 94 9 
284-3-10 1?2.591 = 3 60 59 95 16 68 18 34 82 77 22 55 71 57 41 70 74 25 97 42 10 
284-3-11 1?2.553 = 3 60 59 95 16 68 18 34 82 77 22 55 71 57 41 70 74 25 97 69 11 
284-3-12 1?2.496 = 3 60 16 59 95 34 82 77 22 55 71 57 41 70 25 74 38 81 45 76 12 
284-3-13 1?2.385 = 3 60 16 59 95 34 82 77 22 55 90 66 43 30 36 65 35 32 40 84 13 
284-3-14 1?2.274 = 3 60 59 16 68 18 77 82 34 73 99 19 66 43 30 36 86 80 14 
284-3-15 1?2.154 = 3 60 59 95 16 68 18 77 82 34 73 99 89 54 87 96 78 56 15 
284-4-5 1?1.481 = 4 68 60 59 95 16 18 53 47 37 24 62 83 98 5 
284-4-6 1?1.62 = 4 68 60 59 95 16 18 53 47 37 24 62 83 75 6 
284-4-7 1?1.972 = 4 68 60 59 95 16 18 53 47 37 24 98 62 83 75 21 27 7 
284-4-8 1?2.201 = 4 68 60 59 16 18 53 47 37 24 62 83 75 21 27 33 26 8 
284-4-9 1?2.512 = 4 60 59 95 16 68 53 47 37 24 62 83 75 21 27 33 26 94 9 
284-4-10 1?2.676 = 4 47 53 68 16 60 59 95 34 82 77 22 55 57 41 70 74 25 97 42 10 
284-4-11 1?2.602 = 4 53 47 37 24 98 62 83 29 79 64 61 67 25 74 38 81 45 28 11 
284-4-12 1?2.58 = 4 68 16 60 59 95 34 82 77 22 55 57 41 70 25 74 38 81 45 76 12 
284-4-13 1?2.443 = 4 47 53 18 77 82 34 73 99 19 66 43 30 36 65 35 32 49 40 84 13 
284-4-14 1?2.465 = 4 47 53 18 77 82 34 73 89 99 19 90 66 43 30 36 65 86 80 14 
284-4-15 1?2.314 = 4 47 53 68 16 60 59 95 73 99 89 63 91 48 87 96 78 56 15 
284-5-6 1?1.941 = 5 24 62 83 23 51 61 64 79 29 92 52 39 27 21 75 6 
284-5-7 1?1.869 = 5 24 62 83 75 21 52 39 92 29 79 64 61 50 26 33 7 
284-5-8 1?2.216 = 5 98 24 62 83 75 21 27 39 52 92 29 79 64 61 50 26 94 8 
284-5-9 1?2.49 = 5 24 98 62 83 75 21 27 39 52 92 29 79 64 61 50 58 44 9 
284-5-10 1?2.652 = 5 98 24 62 83 75 21 27 39 52 92 29 79 64 61 67 25 97 42 10 
284-5-11 1?2.689 = 5 98 24 62 83 75 52 92 29 79 64 61 67 25 74 38 81 45 28 69 11 
284-5-12 1?2.701 = 5 98 24 62 83 75 21 52 39 92 29 79 64 61 67 97 25 74 38 81 45 76 12 
284-5-13 1?2.587 = 5 24 62 83 72 77 82 34 73 99 19 66 43 30 36 65 35 32 49 40 84 13 
284-5-14 1?2.606 = 5 98 24 62 83 72 77 82 34 73 89 99 19 66 43 30 36 65 35 80 14 
284-5-15 1?2.441 = 5 98 24 62 83 72 77 82 34 73 99 89 63 91 48 87 96 78 56 15 
284-6-7 1?2.009 = 6 98 24 62 83 75 52 92 29 79 64 61 50 26 33 7 
284-6-8 1?2.196 = 6 75 98 24 62 83 29 64 61 79 92 52 39 27 33 26 94 8 
284-6-9 1?2.582 = 6 21 75 98 24 62 83 29 64 61 79 92 52 39 27 33 26 94 9 
284-6-10 1?2.629 = 6 21 27 39 52 92 29 79 64 61 67 25 74 38 81 45 28 69 42 10 
284-6-11 1?2.622 = 6 75 21 27 39 52 92 29 79 64 61 67 25 97 74 38 81 45 28 69 11 
284-6-12 1?2.758 = 6 21 27 39 52 92 29 79 64 61 51 71 55 57 41 70 25 74 38 81 45 76 12 
284-6-13 1?2.567 = 6 21 52 92 29 79 64 61 51 71 55 90 66 43 30 36 65 35 32 40 84 13 
284-6-14 1?2.632 = 6 21 27 39 52 92 29 79 64 61 51 71 55 90 66 43 30 36 65 86 80 14 
284-6-15 1?2.543 = 6 98 62 83 72 77 82 34 73 99 89 63 91 48 87 96 78 56 15 
284-7-8 1?2.158 = 7 27 21 75 98 24 62 83 29 79 92 52 39 33 26 94 8 
284-7-9 1?2.44 = 7 27 21 75 98 24 62 83 29 79 92 39 33 26 94 9 
284-7-10 1?2.382 = 7 27 39 52 92 79 64 61 67 25 74 38 81 45 28 69 10 
284-7-11 1?2.192 = 7 27 39 52 92 79 64 61 67 25 74 38 81 45 28 69 11 
284-7-12 1?2.628 = 7 27 39 52 92 29 79 64 61 51 71 55 57 41 70 25 74 38 81 45 76 12 
284-7-13 1?2.538 = 7 27 39 52 92 29 79 64 61 51 71 55 90 43 30 36 65 35 32 40 84 13 
284-7-14 1?2.601 = 7 27 39 52 92 79 64 61 51 71 55 90 66 43 30 36 65 35 86 80 14 
284-7-15 1?2.586 = 7 27 39 92 79 64 61 51 71 55 22 77 82 34 73 99 54 96 78 56 15 
284-8-9 1?2.401 = 8 94 26 33 27 21 52 39 92 29 79 64 61 50 58 44 9 
284-8-10 1?2.381 = 8 26 33 27 39 52 92 29 79 64 61 67 25 74 97 42 10 
284-8-11 1?2.347 = 8 94 26 33 27 39 52 92 79 64 61 67 25 74 97 69 11 
284-8-12 1?2.311 = 8 94 26 33 39 92 79 64 61 67 25 74 38 81 45 76 12 
284-8-13 1?2.629 = 8 94 26 33 39 52 92 79 64 61 67 25 74 38 81 45 76 49 40 84 13 
284-8-14 1?2.684 = 8 26 33 27 39 52 92 29 79 64 61 51 71 55 90 43 30 86 80 14 
284-8-15 1?2.673 = 8 94 50 61 64 51 71 55 22 77 82 34 73 99 89 54 96 78 56 15 
284-9-10 1?2.726 = 9 94 26 33 27 39 52 92 29 79 64 61 67 25 74 97 42 10 
284-9-11 1?2.651 = 9 94 26 33 27 39 52 92 79 64 61 67 25 74 97 69 11 
284-9-12 1?2.597 = 9 44 42 97 25 74 38 70 41 31 36 65 35 32 40 49 12 
284-9-13 1?2.715 = 9 44 42 69 28 45 81 38 74 70 41 31 35 32 49 40 20 84 13 
284-9-14 1?2.648 = 9 44 97 25 74 38 81 45 76 49 40 32 35 65 36 30 86 80 14 
284-9-15 1?2.878 = 9 44 42 97 25 74 38 81 45 76 49 40 32 35 65 36 30 86 46 15 
284-10-11 1?2.585 = 10 42 97 25 74 38 70 41 31 36 65 35 32 81 45 28 11 
284-10-12 1?2.408 = 10 42 97 25 74 38 70 41 31 36 65 35 32 40 49 76 12 
284-10-13 1?2.422 = 10 42 69 28 45 81 38 74 25 70 31 35 32 49 40 20 84 13 
284-10-14 1?2.502 = 10 42 97 25 74 38 81 45 76 49 40 32 35 65 36 30 86 80 14 
284-10-15 1?2.78 = 10 42 97 25 74 38 81 45 76 49 40 32 35 65 36 30 86 80 46 15 
284-11-12 1?2.321 = 11 69 28 45 81 38 74 25 70 41 31 65 35 32 40 49 12 
284-11-13 1?2.078 = 11 28 45 81 38 74 25 70 41 31 65 35 32 49 40 84 13 
284-11-14 1?2.402 = 11 69 42 97 25 74 38 70 41 31 35 65 36 30 88 86 80 14 
284-11-15 1?2.661 = 11 69 97 25 74 38 81 45 76 49 84 20 40 32 35 65 36 30 88 15 
284-12-13 1?1.995 = 12 76 45 81 38 74 25 70 41 31 65 35 32 49 40 84 13 
284-12-14 1?2.072 = 12 76 45 81 38 74 25 70 41 31 35 65 36 86 80 14 
284-12-15 1?2.466 = 12 76 45 81 38 97 25 74 70 41 31 35 65 36 30 88 86 46 15 
284-13-14 1?2.113 = 13 84 20 40 49 76 45 81 32 35 65 36 30 86 80 14 
284-13-15 1?2.321 = 13 84 40 32 49 76 45 81 38 74 25 70 41 31 65 36 30 88 15 
284-14-15 1?2.064 = 14 80 20 84 40 49 32 35 65 36 30 96 87 78 56 15 
stop
