start
622-0-2 1?1.983 = 0 81 51 46 54 97 21 29 17 35 90 39 78 41 72 2 
622-0-1 1?2.044 = 0 81 51 46 54 97 21 29 17 35 90 39 78 41 1 
622-0-4 1?2.345 = 0 81 51 46 54 97 21 29 17 75 83 53 40 84 38 63 32 4 
622-0-5 1?2.432 = 0 70 55 41 78 39 90 94 40 91 26 99 19 76 68 92 24 30 67 5 
622-0-11 1?2.658 = 0 81 51 46 54 97 21 17 29 61 37 82 23 47 62 34 98 11 
622-0-9 1?2.59 = 0 33 81 51 46 54 97 21 29 17 61 37 82 23 47 62 18 95 73 9 
622-0-7 1?2.563 = 0 81 51 46 54 97 21 17 29 61 37 52 16 71 28 48 96 25 7 
622-0-8 1?2.674 = 0 81 51 46 54 97 21 29 17 61 37 82 23 47 62 18 16 71 28 8 
622-0-10 1?2.577 = 0 81 51 46 54 97 21 17 29 61 37 82 23 47 62 18 95 73 60 10 
622-0-3 1?1.952 = 0 51 81 33 70 55 41 78 39 90 94 84 38 50 3 
622-0-6 1?2.514 = 0 81 51 46 54 97 21 29 17 75 31 80 44 99 19 76 68 92 24 6 
622-0-14 1?1.77 = 0 81 51 46 54 17 29 21 97 43 59 49 57 45 14 
622-0-15 1?1.93 = 0 81 51 46 54 17 29 21 97 43 59 49 57 85 15 
622-0-13 1?2.063 = 0 81 51 46 54 17 29 97 43 59 49 57 45 79 13 
622-1-2 1?2.19 = 1 55 70 33 81 51 46 54 21 29 17 35 90 39 72 2 
622-1-4 1?2.388 = 1 41 78 39 90 94 69 38 84 40 53 91 26 99 19 76 74 4 
622-1-3 1?2.15 = 1 41 72 78 39 90 94 40 53 26 91 84 69 38 50 3 
622-1-8 1?2.579 = 1 41 78 39 90 94 84 40 53 91 26 99 44 93 58 36 48 96 25 8 
622-0-12 1?2.517 = 0 81 51 46 54 97 21 17 29 61 37 47 23 82 66 42 88 12 
622-1-7 1?2.512 = 1 41 78 39 90 94 40 91 26 99 19 76 68 24 92 93 58 36 96 25 7 
622-1-5 1?2.301 = 1 41 78 72 39 90 94 84 40 91 26 99 19 76 68 92 24 30 67 5 
622-1-6 1?2.43 = 1 41 78 72 39 90 94 69 38 84 40 53 91 26 99 19 76 68 92 24 6 
622-2-4 1?2.018 = 2 72 41 78 39 90 94 69 38 84 40 91 26 64 74 4 
622-1-12 1?2.615 = 1 55 70 33 81 51 46 54 21 17 29 61 37 82 86 20 88 12 
622-1-11 1?2.703 = 1 55 70 33 81 51 46 54 21 17 29 61 37 82 23 47 34 98 11 
622-1-15 1?2.075 = 1 55 70 33 81 51 46 54 21 29 97 43 59 49 85 15 
622-1-10 1?2.576 = 1 55 70 33 81 51 46 54 21 17 29 61 37 82 23 47 34 98 60 10 
622-2-3 1?2.002 = 2 72 41 78 39 90 94 40 53 26 91 84 69 38 50 3 
622-2-5 1?1.837 = 2 72 41 78 39 90 94 84 40 91 26 99 19 76 67 5 
622-1-13 1?2.374 = 1 70 33 81 51 46 54 17 29 21 97 43 59 49 57 45 79 13 
622-1-14 1?2.072 = 1 55 70 33 81 51 46 54 17 29 21 97 43 59 49 57 45 14 
622-1-9 1?2.635 = 1 41 78 39 90 94 40 91 26 99 44 93 58 36 48 28 71 18 95 73 9 
622-2-6 1?2.173 = 2 72 41 78 39 90 94 69 38 84 40 91 26 99 19 76 68 92 24 6 
622-3-4 1?2.148 = 3 50 38 84 40 53 83 80 31 44 99 26 91 64 74 4 
622-2-15 1?1.944 = 2 72 39 78 41 55 70 33 81 51 46 59 49 57 85 15 
622-3-5 1?1.887 = 3 50 38 84 91 26 99 44 19 76 68 92 24 30 67 5 
622-2-10 1?2.58 = 2 72 41 78 39 69 38 84 40 53 83 80 31 65 52 62 18 95 73 60 10 
622-2-11 1?2.723 = 2 72 41 78 39 90 94 40 53 83 75 80 31 65 37 82 23 47 34 98 11 
622-2-12 1?2.668 = 2 72 41 78 39 90 94 40 53 83 75 35 17 29 21 97 43 27 20 88 12 
622-2-13 1?2.355 = 2 72 41 78 39 90 94 35 17 29 21 97 43 59 49 57 45 79 13 
622-2-14 1?2.194 = 2 72 41 78 39 90 94 35 17 29 21 97 43 59 49 57 45 79 14 
622-2-7 1?2.277 = 2 72 41 78 39 90 94 40 53 91 26 99 44 93 58 36 48 96 25 7 
622-2-9 1?2.495 = 2 72 41 78 39 90 94 69 84 40 53 83 80 31 65 52 62 18 95 73 9 
622-2-8 1?2.507 = 2 72 41 78 39 90 94 69 84 40 91 26 99 44 93 58 36 48 96 25 8 
622-3-7 1?2.139 = 3 50 38 84 40 91 26 99 19 76 68 24 92 36 48 96 25 7 
622-4-5 1?2.003 = 4 32 63 38 84 40 91 26 99 19 76 68 92 24 30 67 5 
622-3-11 1?2.88 = 3 50 38 84 91 26 99 44 93 58 36 48 28 71 16 18 95 73 34 98 11 
622-3-15 1?2.293 = 3 50 38 84 69 94 90 39 78 72 41 55 70 33 81 51 46 85 15 
622-3-10 1?2.667 = 3 50 38 84 40 53 91 26 99 44 93 58 36 48 28 71 16 18 95 73 60 10 
622-3-12 1?2.821 = 3 38 84 40 53 83 75 17 29 21 97 43 59 49 57 45 79 77 20 88 12 
622-3-13 1?2.4 = 3 50 38 84 40 53 83 75 17 29 21 97 43 59 49 57 45 79 13 
622-3-14 1?2.185 = 3 50 38 84 40 53 83 75 35 17 29 21 97 43 59 49 57 45 14 
622-3-6 1?2.247 = 3 50 38 84 40 53 83 80 31 44 99 26 64 19 76 68 92 24 6 
622-3-9 1?2.403 = 3 50 38 84 40 91 26 99 44 93 58 36 48 28 71 16 18 95 73 9 
622-3-8 1?2.488 = 3 50 38 84 40 91 26 99 44 19 76 68 24 92 58 36 48 96 25 8 
622-4-7 1?1.989 = 4 32 91 26 99 19 76 68 24 92 93 58 36 48 96 25 7 
622-5-6 1?2.051 = 5 67 74 64 91 26 99 19 76 68 24 92 58 36 87 22 6 
622-4-6 1?1.982 = 4 32 63 38 84 40 91 26 99 19 76 68 24 92 87 22 6 
622-4-10 1?2.549 = 4 32 91 26 99 19 76 68 92 93 58 36 48 28 71 16 18 95 73 60 10 
622-4-11 1?2.893 = 4 32 91 26 99 19 76 68 92 93 58 36 48 28 71 16 18 95 34 98 11 
622-4-15 1?2.473 = 4 32 63 38 84 69 94 90 39 72 78 41 55 70 33 81 51 46 85 15 
622-4-8 1?2.45 = 4 74 64 91 26 99 44 19 76 68 24 92 93 58 36 48 96 25 8 
622-4-12 1?2.867 = 4 32 64 19 76 68 24 92 36 48 28 71 16 62 47 23 82 86 20 88 12 
622-4-9 1?2.404 = 4 32 91 26 99 44 19 76 68 24 92 36 48 28 71 16 18 95 73 9 
622-4-13 1?2.582 = 4 32 63 38 84 40 53 83 75 17 29 21 97 43 59 49 57 45 79 13 
622-4-14 1?2.414 = 4 32 63 38 84 40 53 83 75 61 29 17 21 97 43 59 49 57 45 14 
622-6-8 1?1.949 = 6 22 87 92 24 68 76 19 44 93 58 36 48 96 25 8 
622-5-8 1?1.942 = 5 67 74 64 19 76 68 24 92 93 58 36 48 96 25 8 
622-6-7 1?1.838 = 6 22 87 92 24 68 76 19 44 93 58 36 48 96 25 7 
622-5-7 1?1.857 = 5 67 76 19 64 91 26 99 44 93 58 36 48 96 25 7 
622-5-11 1?2.672 = 5 67 74 19 76 68 24 92 58 36 48 28 71 16 18 95 73 34 98 11 
622-5-15 1?2.486 = 5 67 76 19 99 44 80 31 61 29 17 21 97 43 59 49 57 85 15 
622-5-10 1?2.453 = 5 67 30 24 92 68 76 19 44 93 58 36 48 28 71 16 18 95 73 60 10 
622-5-12 1?2.686 = 5 67 30 24 92 68 93 58 36 48 28 71 16 62 47 23 82 66 42 88 12 
622-5-9 1?2.272 = 5 67 74 64 19 76 68 24 92 93 58 36 48 28 71 16 18 95 73 9 
622-5-13 1?2.574 = 5 67 76 19 44 80 31 61 29 17 21 97 43 59 49 57 45 79 13 
622-5-14 1?2.465 = 5 67 74 76 19 99 44 80 31 61 29 17 21 97 43 59 49 57 45 14 
622-7-8 1?2.042 = 7 87 22 92 24 68 76 19 99 44 93 58 36 96 25 8 
622-7-9 1?1.99 = 7 22 87 92 24 68 93 58 36 48 28 71 16 18 95 73 9 
622-6-9 1?1.861 = 6 22 87 92 24 68 93 58 36 48 28 71 16 18 95 73 9 
622-7-10 1?2.365 = 7 25 96 36 48 28 71 16 89 52 62 18 95 73 34 98 60 10 
622-7-11 1?2.523 = 7 25 96 48 28 71 16 18 95 73 34 47 23 82 86 20 42 66 11 
622-6-10 1?2.421 = 6 22 92 68 76 19 99 44 93 58 36 48 28 71 16 18 95 73 60 10 
622-6-11 1?2.683 = 6 24 92 68 76 19 99 44 93 58 36 48 28 71 16 18 95 73 98 11 
622-6-15 1?2.56 = 6 24 92 68 76 19 44 80 31 61 29 17 21 97 43 59 49 57 85 15 
622-6-12 1?2.665 = 6 22 87 92 24 68 93 58 36 48 28 71 16 62 47 23 82 66 42 88 12 
622-6-13 1?2.653 = 6 24 92 68 76 19 44 80 31 61 29 21 97 43 59 49 57 45 79 13 
622-6-14 1?2.524 = 6 24 92 68 76 19 99 26 91 53 83 75 17 29 21 97 43 59 49 57 45 14 
622-8-10 1?2.04 = 8 25 96 28 71 16 52 62 18 95 73 34 98 60 10 
622-8-9 1?2.182 = 8 25 96 36 48 28 71 16 18 62 34 98 60 73 9 
622-8-11 1?2.27 = 8 28 71 16 18 95 73 34 47 23 82 86 20 42 66 11 
622-8-12 1?2.415 = 8 25 96 36 48 28 71 16 18 95 73 34 98 66 42 20 88 12 
622-8-14 1?2.441 = 8 28 71 16 62 47 23 82 37 61 29 17 21 97 43 59 49 57 14 
622-7-12 1?2.536 = 7 25 96 36 48 28 71 16 18 95 73 34 47 23 82 66 42 20 88 12 
622-7-14 1?2.396 = 7 25 96 28 71 16 52 37 61 29 17 21 97 43 59 49 57 45 14 
622-8-13 1?2.66 = 8 25 96 28 71 16 62 47 23 82 86 27 56 59 49 57 45 79 13 
622-7-15 1?2.629 = 7 25 96 28 71 16 62 47 23 82 37 61 29 17 21 97 54 46 85 15 
622-8-15 1?2.693 = 8 28 71 16 62 47 23 82 37 61 29 17 21 97 54 81 51 46 85 15 
622-7-13 1?2.639 = 7 25 96 48 28 71 16 62 47 23 82 86 27 56 59 49 57 45 79 13 
622-9-10 1?2.172 = 9 73 95 18 16 71 28 48 89 52 47 23 34 98 60 10 
622-9-11 1?2.293 = 9 73 95 18 28 71 16 62 47 23 82 86 20 42 66 11 
622-10-11 1?2.277 = 10 60 98 34 73 95 18 62 47 23 82 86 20 42 66 11 
622-9-12 1?2.215 = 9 73 95 18 28 71 16 62 47 23 82 86 66 42 88 12 
622-10-12 1?2.199 = 10 60 98 34 73 95 18 62 47 23 82 86 66 42 88 12 
622-10-13 1?2.187 = 10 60 98 34 47 23 82 86 27 56 59 49 57 45 79 13 
622-10-14 1?2.165 = 10 60 98 34 23 82 37 61 29 21 97 43 59 49 57 45 14 
622-9-13 1?2.507 = 9 73 95 18 62 47 37 61 29 21 97 43 59 49 57 45 79 13 
622-10-15 1?2.418 = 10 60 98 34 47 23 82 37 61 29 17 21 97 43 59 49 57 85 15 
622-9-14 1?2.347 = 9 73 95 18 62 47 23 82 37 61 29 17 21 97 43 59 49 57 45 14 
622-9-15 1?2.619 = 9 73 95 18 62 47 23 82 37 61 29 17 21 97 43 59 49 45 57 85 15 
622-12-15 1?2.251 = 12 88 20 86 61 29 17 21 97 43 59 49 45 57 85 15 
622-13-15 1?2.088 = 13 79 45 57 49 59 43 97 21 29 17 54 81 51 15 
622-14-15 1?1.851 = 14 45 57 49 59 43 97 21 29 17 54 46 81 51 15 
622-12-14 1?2.097 = 12 88 20 86 61 29 17 21 97 43 56 59 49 57 45 14 
622-13-14 1?2.099 = 13 77 27 86 61 29 17 21 97 43 59 49 57 45 14 
622-11-12 1?2.544 = 11 98 34 73 95 18 71 16 62 47 23 82 66 42 20 88 12 
622-11-13 1?2.369 = 11 66 42 86 61 29 21 97 43 59 49 57 45 79 13 
622-12-13 1?2.293 = 12 88 20 86 61 29 17 21 97 43 59 49 57 45 79 13 
622-11-14 1?2.368 = 11 66 42 20 86 37 61 29 17 21 97 43 59 49 57 45 14 
622-11-15 1?2.665 = 11 98 34 47 23 82 37 61 17 29 21 97 43 59 49 45 57 85 15 
stop
