start
701-0-3 1?2.375 = 0 68 26 53 25 60 17 65 28 59 35 90 37 55 39 63 3 
701-0-2 1?2.552 = 0 26 68 75 99 22 38 44 77 85 51 34 53 78 58 2 
701-0-11 1?2.384 = 0 68 26 53 34 85 77 67 20 29 45 46 47 40 91 88 86 11 
701-0-9 1?2.573 = 0 68 34 85 77 67 27 64 47 40 91 46 45 42 54 57 92 31 9 
701-0-6 1?2.65 = 0 68 26 53 78 81 71 39 55 37 90 35 59 19 16 74 62 41 87 50 6 
701-0-7 1?2.698 = 0 68 26 53 34 25 60 32 17 65 28 59 19 16 74 62 41 87 50 7 
701-0-1 1?2.385 = 0 68 75 99 22 38 44 77 32 60 25 34 53 78 58 1 
701-0-10 1?2.551 = 0 68 26 53 34 85 77 67 20 29 45 46 47 40 91 88 86 83 48 10 
701-0-8 1?2.824 = 0 68 34 85 77 67 64 47 40 91 46 45 42 54 57 43 93 49 8 
701-0-4 1?2.573 = 0 68 26 53 34 25 60 32 17 65 28 59 19 35 90 37 55 61 4 
701-0-5 1?2.546 = 0 68 26 53 78 81 71 39 55 37 90 35 59 19 74 16 56 84 73 5 
701-0-14 1?2.317 = 0 68 34 85 51 75 22 38 44 77 67 64 27 21 98 14 
701-0-13 1?2.252 = 0 68 34 85 51 75 22 38 44 77 67 64 27 80 69 13 
701-0-15 1?2.35 = 0 68 26 58 78 53 34 25 60 32 77 44 38 22 99 15 
701-1-4 1?2.395 = 1 58 78 53 25 60 17 65 28 59 19 35 90 37 55 61 4 
701-1-3 1?2.374 = 1 58 78 53 34 51 85 25 30 90 37 55 39 71 63 3 
701-1-2 1?2.563 = 1 58 78 53 34 51 85 25 30 90 37 55 39 71 63 2 
701-0-12 1?2.468 = 0 68 26 53 34 85 77 67 27 64 20 29 45 46 47 40 79 12 
701-1-5 1?2.518 = 1 58 78 53 34 85 60 32 17 65 28 59 19 16 18 56 84 73 5 
701-1-8 1?2.85 = 1 58 78 30 37 90 35 59 19 74 62 41 87 50 23 52 36 97 49 93 8 
701-1-6 1?2.729 = 1 58 78 53 34 85 25 60 32 17 65 28 59 19 16 74 62 41 87 50 6 
701-1-7 1?2.764 = 1 58 78 53 34 25 60 32 17 65 28 59 19 16 74 62 41 87 50 23 7 
701-1-15 1?2.206 = 1 58 78 53 34 25 60 32 77 85 51 75 38 22 99 15 
701-1-14 1?2.243 = 1 58 78 53 26 68 34 25 85 51 75 38 22 99 21 98 14 
701-1-13 1?2.705 = 1 58 78 53 34 85 51 75 38 22 99 21 44 77 67 27 80 69 13 
701-2-4 1?2.3 = 2 63 71 39 55 37 90 35 59 19 16 74 62 18 56 84 4 
701-2-3 1?2.56 = 2 58 78 53 34 51 85 25 30 90 37 55 39 71 63 3 
701-2-5 1?2.449 = 2 63 71 39 55 37 90 35 59 19 16 74 62 41 87 18 56 84 73 5 
701-1-11 1?2.376 = 1 58 78 53 34 85 77 67 20 24 29 45 46 47 40 91 88 11 
701-1-9 1?2.634 = 1 58 78 53 34 85 77 67 64 47 40 91 88 86 83 48 92 31 9 
701-2-6 1?2.551 = 2 63 71 39 55 37 90 35 59 19 16 74 62 41 52 36 23 50 6 
701-1-10 1?2.584 = 1 58 78 53 34 85 77 67 20 29 45 46 47 40 91 88 86 83 48 10 
701-1-12 1?2.443 = 1 58 78 53 34 85 51 75 22 38 44 77 67 64 27 80 69 76 12 
701-2-15 1?2.536 = 2 63 39 55 37 90 35 59 28 65 17 32 77 44 38 22 99 15 
701-2-14 1?2.594 = 2 63 71 39 55 37 90 35 59 28 65 17 32 77 44 21 98 14 
701-3-5 1?1.903 = 3 63 39 55 37 90 35 59 19 16 74 62 18 56 84 73 5 
701-3-4 1?2.111 = 3 63 71 39 55 37 90 35 59 19 16 74 62 18 56 84 4 
701-2-13 1?2.913 = 2 58 78 53 34 85 51 75 38 22 21 44 77 67 64 27 80 69 13 
701-2-11 1?2.706 = 2 58 78 53 34 85 77 67 20 24 29 45 46 47 40 91 88 86 11 
701-2-8 1?2.627 = 2 63 71 39 55 37 90 35 59 19 74 62 41 87 50 23 52 36 97 49 8 
701-2-9 1?2.671 = 2 63 39 55 37 90 35 59 82 52 36 97 49 93 43 92 31 9 
701-2-10 1?2.677 = 2 58 78 53 34 85 77 67 20 29 45 46 47 40 91 88 86 83 10 
701-2-7 1?2.586 = 2 63 71 39 55 37 90 35 59 19 16 74 62 41 87 50 23 52 36 7 
701-2-12 1?2.705 = 2 58 78 53 34 85 51 75 99 22 38 44 77 67 64 27 80 69 76 12 
701-3-15 1?2.337 = 3 63 71 39 55 90 37 81 30 25 34 85 51 75 38 22 99 15 
701-4-5 1?2.073 = 4 39 55 37 90 35 19 59 82 62 74 16 18 56 84 73 5 
701-3-6 1?1.884 = 3 63 71 39 55 37 90 35 59 19 16 74 62 41 87 50 6 
701-3-13 1?2.805 = 3 63 71 39 55 37 90 35 59 28 65 17 60 32 67 64 27 80 69 13 
701-3-14 1?2.644 = 3 63 39 55 37 90 35 59 28 65 17 32 77 44 38 22 99 21 98 14 
701-3-8 1?2.35 = 3 63 39 55 37 90 35 59 19 74 62 41 87 50 23 52 36 97 49 8 
701-3-9 1?2.48 = 3 39 55 37 90 35 59 19 74 62 52 36 97 49 93 43 92 31 9 
701-3-11 1?2.454 = 3 39 55 37 90 35 59 28 70 94 24 20 29 45 46 47 40 91 88 11 
701-3-7 1?2.397 = 3 63 71 39 55 37 90 35 59 19 16 74 62 41 87 50 23 52 36 7 
701-3-10 1?2.635 = 3 39 55 37 90 35 59 28 70 94 24 20 29 45 46 47 40 91 88 83 10 
701-3-12 1?2.636 = 3 63 39 55 37 90 35 59 82 70 94 24 20 29 45 46 47 40 79 12 
701-5-6 1?1.935 = 5 73 84 56 61 55 37 90 35 59 19 16 74 62 41 87 50 6 
701-4-15 1?2.563 = 4 39 55 37 90 35 59 28 65 17 32 60 25 34 51 75 38 22 99 15 
701-4-6 1?2.126 = 4 39 55 37 90 35 59 19 16 74 62 41 87 52 23 50 6 
701-4-13 1?2.826 = 4 61 55 37 90 35 59 28 65 94 24 20 29 45 46 91 40 79 76 69 13 
701-4-8 1?2.341 = 4 61 55 37 90 35 59 19 16 74 62 41 87 50 23 52 36 97 49 8 
701-4-14 1?2.751 = 4 61 55 37 90 35 19 59 28 65 17 60 32 77 44 38 22 99 21 98 14 
701-4-9 1?2.431 = 4 84 56 16 74 62 41 87 50 23 52 36 97 49 93 43 57 92 31 9 
701-4-7 1?2.363 = 4 61 39 55 37 90 35 59 19 16 74 62 41 87 50 23 52 36 7 
701-4-11 1?2.578 = 4 39 55 37 90 35 19 59 28 70 94 24 20 29 45 46 47 40 91 88 11 
701-4-10 1?2.577 = 4 61 55 37 90 35 28 70 94 24 20 29 45 46 47 40 91 88 86 83 10 
701-4-12 1?2.639 = 4 61 55 37 90 35 59 28 70 94 24 20 29 45 46 47 40 91 79 76 12 
701-6-8 1?2.039 = 6 50 23 52 36 89 66 33 42 54 57 43 93 49 8 
701-5-8 1?1.849 = 5 73 84 56 18 16 74 62 41 87 50 23 52 36 97 49 8 
701-6-7 1?2.282 = 6 50 23 52 36 89 66 33 42 57 43 93 49 97 7 
701-5-7 1?1.997 = 5 73 84 56 61 55 37 90 35 59 19 74 62 41 87 50 23 7 
701-5-13 1?2.762 = 5 73 84 56 16 74 62 82 70 94 24 20 29 45 46 47 40 91 79 76 69 13 
701-5-15 1?2.463 = 5 73 84 56 16 19 59 28 65 17 32 60 25 34 85 51 75 38 22 99 15 
701-5-9 1?2.25 = 5 73 84 56 16 74 62 41 87 50 23 52 36 97 49 93 43 92 31 9 
701-5-10 1?2.37 = 5 73 84 56 16 74 62 41 87 52 36 97 49 93 43 57 92 31 48 10 
701-5-11 1?2.42 = 5 73 84 56 16 74 62 82 70 94 24 20 29 45 46 47 40 91 88 86 11 
701-5-14 1?2.863 = 5 73 84 56 16 74 19 59 28 65 17 32 60 25 34 85 51 75 38 22 99 21 98 14 
701-5-12 1?2.533 = 5 73 84 56 16 74 62 82 70 94 24 20 29 45 46 47 40 91 88 79 12 
701-7-10 1?1.869 = 7 97 49 93 89 66 33 43 31 92 57 42 54 48 10 
701-7-8 1?2.098 = 7 23 52 36 97 89 66 33 42 54 57 43 93 49 8 
701-7-9 1?1.893 = 7 23 52 36 97 49 93 43 33 42 54 57 92 31 9 
701-6-9 1?1.81 = 6 50 23 52 36 97 89 66 33 42 54 57 92 31 9 
701-6-13 1?2.733 = 6 50 23 52 36 97 49 93 43 57 54 42 45 46 47 40 79 76 69 13 
701-7-11 1?2.291 = 7 23 52 36 97 49 93 43 57 54 42 45 46 47 40 91 88 11 
701-6-10 1?2.217 = 6 50 23 52 36 97 49 93 89 66 43 31 92 57 42 54 48 10 
701-6-15 1?2.67 = 6 50 87 41 62 74 16 19 59 28 65 17 32 60 25 34 85 51 75 38 22 99 15 
701-6-11 1?2.328 = 6 50 23 52 36 97 49 93 43 57 54 42 45 46 47 40 91 88 11 
701-6-14 1?2.864 = 6 50 87 41 62 74 16 19 59 35 90 37 30 25 34 85 51 75 38 22 99 21 98 14 
701-6-12 1?2.538 = 6 50 23 52 36 97 49 93 43 57 54 42 45 46 91 47 40 79 76 12 
701-8-10 1?1.751 = 8 49 93 43 57 42 45 46 47 40 91 88 86 83 10 
701-8-9 1?1.988 = 8 49 89 66 33 42 45 46 91 88 83 48 92 31 9 
701-8-11 1?2.022 = 8 49 89 66 33 43 31 92 57 54 42 45 46 47 40 91 88 11 
701-7-13 1?2.648 = 7 97 49 93 43 31 92 48 83 86 88 91 46 47 40 79 76 69 13 
701-8-13 1?2.427 = 8 49 93 43 31 92 57 54 42 45 46 47 40 91 88 79 76 69 13 
701-7-15 1?2.626 = 7 23 50 87 41 62 74 16 19 59 28 65 17 32 60 85 51 75 38 22 99 15 
701-7-14 1?2.789 = 7 23 50 87 41 62 74 16 19 59 28 65 17 32 77 44 38 22 99 21 98 14 
701-8-14 1?2.573 = 8 49 93 43 31 92 57 54 42 45 46 91 40 47 64 27 21 98 14 
701-8-15 1?2.641 = 8 49 93 43 57 42 45 46 91 40 47 64 27 67 77 44 38 22 99 15 
701-8-12 1?2.316 = 8 49 89 66 33 43 31 92 57 42 54 48 83 88 91 47 40 79 12 
701-7-12 1?2.465 = 7 97 49 93 43 31 92 57 54 42 45 46 47 40 91 88 79 76 12 
701-10-11 1?1.591 = 10 48 54 42 24 20 29 45 46 47 40 91 88 86 11 
701-9-10 1?1.581 = 9 31 92 43 57 42 45 46 47 40 91 88 86 83 10 
701-9-11 1?1.905 = 9 31 92 43 57 42 54 48 83 86 88 46 47 40 91 79 11 
701-10-13 1?2.049 = 10 48 83 86 88 91 40 47 46 45 29 24 20 64 27 80 69 13 
701-9-13 1?2.194 = 9 31 92 57 43 33 42 54 48 83 86 88 91 47 40 79 76 69 13 
701-10-12 1?1.704 = 10 48 54 42 24 20 29 45 46 47 40 91 88 79 12 
701-10-14 1?2.238 = 10 83 86 88 91 40 47 46 45 29 20 64 27 67 77 44 21 98 14 
701-9-14 1?2.271 = 9 31 92 48 83 86 88 91 40 47 46 45 29 20 64 27 21 98 14 
701-10-15 1?2.268 = 10 83 86 88 91 40 47 46 45 29 20 64 27 67 77 44 38 22 99 15 
701-9-12 1?2.031 = 9 31 92 43 33 42 54 83 86 88 46 45 47 40 91 79 76 12 
701-9-15 1?2.429 = 9 31 92 57 54 42 45 46 88 91 40 47 64 67 77 44 38 22 99 15 
701-12-13 1?1.945 = 12 76 79 91 40 47 46 45 29 24 20 64 27 80 69 13 
701-12-15 1?1.998 = 12 76 79 40 47 46 45 29 20 67 77 44 38 22 99 15 
701-13-15 1?2.222 = 13 69 76 79 91 40 47 64 27 67 77 44 38 22 99 15 
701-11-14 1?1.803 = 11 88 91 40 47 46 45 29 24 20 64 27 21 98 14 
701-14-15 1?2.394 = 14 98 21 22 38 44 77 32 17 60 25 34 85 51 75 99 15 
701-12-14 1?2.01 = 12 76 79 91 40 47 46 45 29 24 20 64 27 21 98 14 
701-11-13 1?1.738 = 11 88 91 40 47 46 45 29 24 20 64 27 80 69 13 
701-13-14 1?2.186 = 13 69 76 79 91 40 47 46 45 29 20 64 27 21 98 14 
701-11-12 1?1.702 = 11 88 91 40 47 46 45 29 24 20 64 27 80 69 12 
701-11-15 1?2.118 = 11 88 91 40 47 46 45 24 20 64 27 67 77 44 38 22 99 15 
stop
