start
766-0-1 1?2.256 = 0 49 27 94 35 16 51 69 75 92 86 67 99 53 52 1 
766-0-5 1?2.748 = 0 67 99 53 22 96 73 58 79 87 85 70 82 39 84 47 56 64 41 5 
766-0-3 1?2.098 = 0 67 99 53 22 96 73 79 58 71 74 98 63 37 88 3 
766-0-11 1?2.426 = 0 53 99 67 86 92 75 35 94 77 83 44 33 59 54 17 61 91 11 
766-0-2 1?2.131 = 0 49 27 75 92 86 67 99 53 22 96 73 79 58 71 65 2 
766-0-8 1?2.7 = 0 53 99 67 22 96 73 79 87 85 70 82 39 84 56 64 50 57 45 89 8 
766-0-4 1?2.637 = 0 67 99 53 22 96 73 79 58 71 74 88 98 63 32 68 37 72 80 4 
766-0-9 1?2.666 = 0 67 99 53 22 23 60 87 70 82 39 84 56 64 50 47 31 38 95 9 
766-0-10 1?2.585 = 0 53 99 67 86 27 94 77 83 44 97 25 54 17 46 90 78 34 93 10 
766-0-7 1?2.471 = 0 67 99 53 22 23 60 87 70 82 39 84 47 50 56 64 48 40 7 
766-0-6 1?2.358 = 0 67 99 53 22 23 60 87 70 82 39 84 47 50 56 64 48 40 6 
766-0-14 1?1.924 = 0 53 99 22 67 86 49 27 92 75 35 94 77 83 44 14 
766-0-15 1?2.036 = 0 53 22 99 67 86 92 75 69 51 16 35 94 27 49 15 
766-1-3 1?2.112 = 1 52 53 99 67 22 96 73 79 58 32 68 63 98 88 3 
766-1-4 1?2.338 = 1 52 53 99 67 22 96 73 79 58 71 74 88 98 63 37 72 4 
766-1-5 1?2.368 = 1 52 53 99 67 22 96 73 79 58 71 74 88 98 63 37 72 80 5 
766-1-2 1?2.231 = 1 52 22 53 99 67 86 27 92 75 23 60 79 58 18 65 2 
766-0-12 1?2.281 = 0 53 99 67 86 92 27 94 77 83 44 97 25 54 17 61 91 12 
766-1-8 1?2.525 = 1 52 53 99 67 22 23 60 87 70 82 39 84 56 64 50 57 45 89 8 
766-0-13 1?2.097 = 0 53 99 67 86 92 75 35 94 77 83 44 97 25 54 59 33 13 
766-1-6 1?2.332 = 1 52 53 99 67 23 60 87 70 82 39 84 47 56 64 48 40 6 
766-1-7 1?2.445 = 1 52 53 99 67 23 60 87 70 82 39 84 47 56 64 48 40 7 
766-2-5 1?2.273 = 2 65 18 73 79 58 71 74 88 98 63 68 37 72 80 5 
766-2-4 1?2.315 = 2 65 18 73 79 58 71 74 88 98 63 68 37 72 80 4 
766-2-3 1?2.347 = 2 65 1 52 53 99 67 22 96 73 79 58 71 74 98 88 3 
766-1-12 1?2.371 = 1 52 53 99 67 86 92 27 94 77 83 44 97 25 54 17 61 91 12 
766-1-11 1?2.443 = 1 52 53 99 67 86 92 75 35 94 77 83 44 97 25 54 17 61 91 11 
766-1-10 1?2.573 = 1 52 53 99 67 86 92 75 69 51 16 28 43 26 29 78 90 34 93 10 
766-1-9 1?2.702 = 1 52 53 99 67 23 60 87 70 82 39 84 56 64 50 57 30 38 95 9 
766-2-6 1?2.198 = 2 65 18 58 79 87 70 82 39 84 56 64 48 40 6 
766-1-14 1?2.364 = 1 52 53 99 67 86 49 27 92 75 69 51 16 35 94 77 83 44 14 
766-1-13 1?2.349 = 1 52 53 99 67 86 92 75 27 35 94 77 83 44 97 25 54 59 33 13 
766-1-15 1?1.97 = 1 52 53 99 67 86 92 75 69 51 16 35 94 27 49 15 
766-3-4 1?2.346 = 3 88 98 63 68 84 39 47 50 64 56 41 72 37 4 
766-3-5 1?2.29 = 3 88 98 63 68 32 70 82 39 84 47 50 64 41 5 
766-2-12 1?2.671 = 2 65 18 73 79 96 22 53 99 67 86 92 75 35 94 77 83 44 33 59 12 
766-2-14 1?2.218 = 2 65 18 58 79 73 96 22 53 99 67 86 92 27 35 94 77 83 14 
766-2-9 1?2.772 = 2 65 18 73 79 60 87 70 82 39 84 56 64 50 47 21 31 38 95 9 
766-2-11 1?2.771 = 2 65 18 96 22 53 99 67 86 92 75 35 94 77 97 25 54 17 61 91 11 
766-2-10 1?2.824 = 2 74 98 63 68 84 56 64 50 47 39 24 43 26 29 78 90 34 93 10 
766-2-8 1?2.565 = 2 65 18 73 79 87 85 70 82 39 84 47 56 64 50 57 45 89 8 
766-2-13 1?2.408 = 2 65 18 96 22 53 99 67 86 27 92 75 35 94 77 83 44 59 33 13 
766-2-15 1?1.845 = 2 65 71 58 79 73 96 22 53 99 67 86 92 75 27 49 15 
766-2-7 1?2.52 = 2 65 18 73 58 79 87 70 82 39 84 47 50 56 64 48 40 7 
766-4-5 1?2.374 = 4 37 63 68 32 70 82 39 84 47 50 64 48 40 5 
766-3-6 1?2.08 = 3 88 98 63 68 32 84 39 47 56 64 50 48 40 6 
766-3-11 1?2.659 = 3 88 98 63 68 32 84 39 82 70 85 24 43 26 29 78 34 81 11 
766-3-12 1?2.727 = 3 88 98 63 68 84 39 82 70 85 24 43 28 76 42 17 61 91 12 
766-3-14 1?2.483 = 3 88 74 71 58 79 73 96 22 53 99 67 86 92 75 27 94 77 83 14 
766-3-8 1?2.576 = 3 88 98 63 68 32 84 56 64 50 47 39 21 31 38 30 45 89 8 
766-3-10 1?2.694 = 3 88 98 63 68 84 56 64 50 47 39 24 43 26 29 78 90 34 93 10 
766-3-13 1?2.596 = 3 74 71 58 79 96 22 53 99 67 86 92 75 35 94 77 83 44 59 33 13 
766-3-9 1?2.794 = 3 88 98 63 68 84 56 64 50 47 39 82 70 85 24 21 31 38 95 9 
766-3-7 1?2.558 = 3 88 98 63 68 32 70 82 39 84 47 56 50 64 41 48 40 7 
766-3-15 1?2.599 = 3 74 71 58 79 73 96 22 53 99 67 86 92 75 35 94 77 83 27 49 15 
766-4-6 1?2.121 = 4 37 63 68 32 70 82 39 84 47 56 64 48 40 6 
766-5-6 1?2.062 = 5 80 72 37 98 63 68 84 39 47 56 64 48 40 6 
766-4-10 1?2.48 = 4 72 41 64 56 47 84 39 82 24 43 26 29 78 90 34 93 10 
766-4-8 1?2.461 = 4 37 72 41 48 50 64 56 47 84 39 21 31 38 30 45 89 8 
766-4-7 1?2.234 = 4 37 63 68 32 70 82 39 84 47 56 64 48 40 7 
766-4-9 1?2.56 = 4 72 41 64 56 50 47 84 39 82 70 85 24 21 31 38 95 9 
766-4-11 1?2.59 = 4 80 72 41 64 56 50 47 84 39 82 24 43 26 29 78 90 34 81 11 
766-4-12 1?2.687 = 4 37 72 41 64 56 50 47 84 39 24 43 26 29 78 90 46 61 91 12 
766-4-14 1?2.607 = 4 88 74 71 58 79 73 96 22 53 99 67 86 49 27 35 94 77 83 14 
766-4-13 1?2.699 = 4 37 72 41 64 56 50 47 84 39 82 24 43 26 76 42 54 59 33 13 
766-4-15 1?2.576 = 4 80 72 37 63 98 74 71 58 79 73 96 22 53 99 67 86 92 27 49 15 
766-6-8 1?1.955 = 6 40 48 50 64 56 47 84 39 21 31 38 30 45 89 8 
766-5-8 1?2.275 = 5 80 72 37 98 63 68 32 84 56 64 50 47 57 45 89 8 
766-5-10 1?2.359 = 5 41 64 56 50 47 84 39 82 24 43 26 29 78 90 34 93 10 
766-5-7 1?2.175 = 5 80 72 37 98 63 68 84 39 47 56 64 48 40 7 
766-6-7 1?2.156 = 6 40 48 64 56 47 84 39 21 31 38 30 89 45 36 7 
766-5-9 1?2.458 = 5 41 64 56 50 47 84 39 82 24 43 26 29 19 20 66 95 9 
766-5-11 1?2.454 = 5 41 64 56 47 84 39 82 70 85 24 43 26 29 78 90 34 81 11 
766-5-12 1?2.611 = 5 41 64 56 50 47 84 39 82 70 85 24 43 26 76 42 17 61 91 12 
766-5-14 1?2.633 = 5 40 48 50 64 56 47 84 39 82 70 85 16 51 35 94 77 83 14 
766-5-13 1?2.614 = 5 41 64 56 50 47 84 39 82 70 85 24 43 26 76 42 54 59 33 13 
766-5-15 1?2.466 = 5 80 72 37 63 98 71 58 79 73 96 22 53 99 67 86 92 27 49 15 
766-7-8 1?2.068 = 7 40 48 50 64 56 47 84 39 21 31 38 30 45 89 8 
766-6-9 1?2.041 = 6 40 48 64 56 47 84 39 82 24 21 31 38 95 9 
766-7-9 1?2.154 = 7 40 48 64 56 47 84 39 82 24 21 31 38 95 9 
766-6-10 1?2.128 = 6 40 48 64 56 47 84 39 24 43 26 29 78 90 34 93 10 
766-7-10 1?2.241 = 7 40 48 64 56 47 84 39 24 43 26 29 78 90 34 93 10 
766-7-11 1?2.36 = 7 40 48 50 64 56 47 84 39 82 24 43 26 29 78 90 34 81 11 
766-6-11 1?2.315 = 6 40 48 64 56 47 84 39 82 70 85 24 43 26 29 78 34 81 11 
766-6-12 1?2.45 = 6 40 48 50 64 56 47 84 39 82 24 43 26 28 76 42 17 61 91 12 
766-6-14 1?2.66 = 6 40 48 64 50 47 84 39 82 24 43 26 28 16 51 35 94 77 83 14 
766-6-13 1?2.529 = 6 40 48 50 64 56 47 84 39 82 70 85 24 43 26 76 42 54 59 33 13 
766-6-15 1?2.644 = 6 40 48 50 64 56 47 84 39 82 70 87 60 23 22 53 99 67 86 49 15 
766-8-10 1?2.097 = 8 36 45 89 62 30 38 95 66 20 19 29 78 90 34 93 10 
766-8-9 1?2.143 = 8 89 45 57 50 64 56 47 84 39 21 55 31 38 95 9 
766-8-11 1?2.245 = 8 89 45 57 50 64 56 47 84 39 24 43 26 29 78 34 81 11 
766-8-12 1?2.418 = 8 89 45 57 50 64 56 47 84 39 82 24 43 26 76 42 17 61 12 
766-7-12 1?2.486 = 7 40 48 50 64 56 47 84 39 82 24 43 28 76 42 17 61 91 12 
766-8-14 1?2.531 = 8 45 57 50 64 56 47 84 39 82 70 85 16 51 35 94 77 83 14 
766-7-14 1?2.661 = 7 40 48 50 64 56 47 84 39 82 70 85 16 51 69 35 94 77 83 14 
766-8-13 1?2.483 = 8 89 45 57 50 64 56 47 84 39 82 24 43 26 76 42 54 59 33 13 
766-7-13 1?2.566 = 7 40 48 50 64 56 47 84 39 82 24 43 26 28 76 42 54 59 33 13 
766-7-15 1?2.693 = 7 40 48 50 64 56 47 84 39 82 70 85 16 51 35 75 92 27 49 15 
766-8-15 1?2.644 = 8 89 45 57 50 64 56 47 84 39 82 70 85 16 51 35 94 27 49 15 
766-10-11 1?1.955 = 10 93 34 90 78 29 26 43 28 76 17 46 61 91 11 
766-10-13 1?1.864 = 10 93 34 78 90 46 91 61 17 42 54 25 97 59 33 13 
766-9-11 1?1.98 = 9 95 66 20 19 93 34 78 90 46 76 42 17 61 91 11 
766-9-10 1?2.035 = 9 95 66 20 19 29 78 90 46 17 61 91 11 81 34 93 10 
766-10-12 1?1.898 = 10 93 34 90 78 29 26 43 28 76 17 46 61 91 12 
766-10-14 1?2.282 = 10 93 34 78 90 46 91 61 17 54 25 97 59 33 44 77 83 14 
766-9-12 1?2.293 = 9 95 66 20 19 93 34 90 78 29 26 43 28 76 42 17 61 91 12 
766-9-14 1?2.46 = 9 95 66 20 19 93 34 78 90 46 17 76 42 54 25 97 44 77 83 14 
766-9-13 1?2.391 = 9 95 66 20 19 29 78 90 46 91 61 17 76 42 54 25 97 59 33 13 
766-10-15 1?2.454 = 10 93 34 78 90 46 17 54 59 33 44 83 77 94 35 75 92 27 49 15 
766-9-15 1?2.554 = 9 95 20 19 93 34 78 90 46 17 54 25 97 44 83 77 94 27 49 15 
766-13-14 1?2.101 = 13 33 59 54 97 25 16 51 35 27 94 77 83 44 14 
766-12-13 1?1.917 = 12 91 61 17 46 90 78 29 76 42 54 25 97 59 33 13 
766-11-13 1?1.897 = 11 81 34 93 66 20 19 29 78 90 46 17 54 59 33 13 
766-11-12 1?1.899 = 11 81 34 93 66 20 19 29 78 90 76 42 17 61 91 12 
766-12-14 1?2.222 = 12 91 61 17 46 90 78 29 76 42 54 59 33 44 77 83 14 
766-11-14 1?2.086 = 11 81 34 78 90 46 17 54 97 25 16 51 35 94 77 83 14 
766-14-15 1?1.942 = 14 83 77 44 33 59 97 25 16 51 35 94 27 49 15 
766-13-15 1?1.903 = 13 33 59 44 83 77 94 35 16 51 69 75 92 27 49 15 
766-12-15 1?2.092 = 12 91 61 17 54 59 33 44 83 77 94 35 75 92 27 49 15 
766-11-15 1?2.352 = 11 91 61 17 54 25 97 59 33 44 83 77 94 35 75 92 27 49 15 
stop
