start
987-0-4 1?2.105 = 0 16 42 74 49 60 52 40 92 75 19 63 83 34 26 38 35 88 4 
987-0-3 1?1.891 = 0 16 42 74 49 60 52 25 20 89 40 92 75 19 63 83 3 
987-0-1 1?2.169 = 0 16 42 74 45 77 41 60 52 40 92 75 19 20 89 25 1 
987-0-5 1?2.376 = 0 49 60 52 40 92 75 19 63 83 34 26 38 88 35 33 82 44 73 66 5 
987-0-6 1?2.592 = 0 49 60 52 40 92 75 19 63 83 34 26 38 88 35 33 82 44 73 66 6 
987-0-7 1?2.575 = 0 16 42 74 45 77 41 56 46 79 84 54 37 72 23 17 71 48 97 87 7 
987-0-2 1?2.098 = 0 16 42 74 45 76 51 31 58 77 41 60 52 40 89 20 2 
987-0-8 1?2.61 = 0 16 42 74 45 77 41 56 46 79 84 54 37 72 23 17 71 48 97 87 8 
987-0-11 1?2.385 = 0 16 42 74 45 41 77 58 76 51 31 28 55 32 91 36 94 96 98 22 93 11 
987-0-10 1?2.487 = 0 16 42 74 45 41 77 58 76 51 31 32 91 36 94 96 98 22 99 61 64 10 
987-0-9 1?2.464 = 0 16 42 74 45 41 77 58 31 91 36 94 96 98 22 99 61 59 30 90 9 
987-0-15 1?1.97 = 0 16 42 74 45 41 77 58 76 51 31 91 32 55 28 57 15 
987-0-13 1?1.907 = 0 16 42 74 45 41 77 58 76 51 31 32 91 36 94 27 13 
987-1-5 1?2.161 = 1 52 40 92 75 19 63 83 34 26 38 88 35 33 82 44 73 5 
987-0-14 1?1.841 = 0 16 42 74 45 41 77 58 76 51 31 91 32 55 28 57 14 
987-1-3 1?2.123 = 1 25 20 89 40 52 92 75 19 63 83 26 35 88 38 34 3 
987-1-2 1?2.25 = 1 49 16 42 74 45 77 41 60 52 40 92 75 89 25 20 2 
987-1-7 1?2.598 = 1 25 20 19 63 83 34 26 38 88 35 33 82 44 43 50 70 21 7 
987-1-4 1?2.25 = 1 25 20 89 40 92 75 19 63 83 34 26 38 88 35 33 82 44 4 
987-1-8 1?2.725 = 1 25 20 19 63 83 34 26 38 88 35 82 43 50 17 23 71 48 97 8 
987-1-6 1?2.511 = 1 25 20 89 40 92 75 19 63 83 34 26 38 88 35 33 82 44 73 66 6 
987-0-12 1?2.318 = 0 16 42 74 45 41 77 58 76 51 31 28 55 32 91 36 94 96 98 68 78 12 
987-1-15 1?2.123 = 1 25 20 89 40 92 52 60 49 16 42 74 45 41 77 76 51 15 
987-1-14 1?2.047 = 1 25 20 89 40 52 60 49 16 42 74 45 41 77 58 76 51 57 14 
987-2-5 1?2.074 = 2 20 89 40 92 75 19 63 83 34 26 38 88 35 44 73 66 5 
987-1-12 1?2.42 = 1 60 49 16 42 74 45 41 77 58 76 51 31 91 32 55 27 96 98 68 12 
987-2-3 1?2.273 = 2 19 20 89 40 92 86 33 82 44 88 38 26 34 83 3 
987-2-6 1?2.368 = 2 19 63 83 34 26 38 88 35 82 33 43 50 72 23 17 70 95 6 
987-2-4 1?2.158 = 2 20 89 40 92 75 19 63 83 34 26 38 88 35 33 82 44 4 
987-1-13 1?2.373 = 1 25 20 89 40 52 60 49 16 42 74 45 41 77 58 31 91 32 55 13 
987-1-11 1?2.524 = 1 49 16 42 74 45 41 77 58 76 51 31 91 32 55 27 96 98 22 93 11 
987-1-9 1?2.718 = 1 25 20 89 40 92 86 84 79 54 37 72 17 23 71 48 85 30 18 90 9 
987-1-10 1?2.689 = 1 60 49 16 42 74 45 41 77 58 31 91 36 94 96 98 22 99 61 64 10 
987-2-15 1?2.171 = 2 20 25 89 40 92 52 60 49 16 42 74 45 41 77 76 51 15 
987-3-5 1?1.831 = 3 63 19 83 34 26 38 88 35 82 33 43 44 73 66 5 
987-2-14 1?2.445 = 2 20 25 89 40 92 52 60 49 16 42 74 45 41 77 58 31 76 51 57 14 
987-3-4 1?2.124 = 3 34 26 38 88 35 82 33 81 72 23 17 50 43 44 4 
987-2-7 1?2.395 = 2 19 83 34 26 38 88 35 82 43 50 17 23 71 48 97 87 7 
987-2-8 1?2.439 = 2 19 63 83 34 26 38 88 35 82 33 43 50 17 23 71 48 97 8 
987-2-12 1?2.564 = 2 20 89 40 52 60 49 16 42 74 45 41 77 58 31 91 36 94 96 98 68 12 
987-2-13 1?2.423 = 2 20 89 40 52 60 49 16 42 74 45 41 77 76 51 31 91 32 55 13 
987-2-9 1?2.472 = 2 63 83 34 26 38 88 35 82 33 43 50 17 23 71 48 85 30 90 9 
987-2-11 1?2.635 = 2 20 89 52 60 49 16 74 45 41 77 58 31 91 36 94 96 98 22 93 11 
987-2-10 1?2.515 = 2 63 83 34 26 38 88 35 82 43 50 17 23 71 65 39 62 59 64 10 
987-4-5 1?2.139 = 4 34 26 38 88 35 82 33 81 72 23 17 50 43 73 5 
987-3-6 1?1.968 = 3 34 26 38 88 35 82 33 43 50 72 23 17 70 95 6 
987-3-15 1?2.454 = 3 83 34 26 38 88 35 44 82 33 86 92 40 52 60 49 16 74 42 15 
987-3-14 1?2.423 = 3 83 63 19 75 92 40 52 60 49 16 42 74 45 41 77 58 31 51 57 14 
987-3-7 1?2.245 = 3 83 34 26 38 88 35 82 33 43 50 72 23 17 71 48 97 87 7 
987-3-12 1?2.454 = 3 34 26 38 88 35 82 33 81 84 79 56 46 24 36 94 96 98 68 12 
987-3-8 1?2.326 = 3 83 34 26 38 88 35 33 82 44 43 50 17 23 71 48 97 87 8 
987-3-11 1?2.389 = 3 34 26 38 88 35 82 33 43 50 17 23 71 65 39 62 61 99 67 11 
987-3-13 1?2.347 = 3 34 26 38 88 35 82 33 81 84 79 56 46 24 36 91 32 55 13 
987-3-9 1?2.326 = 3 83 34 26 38 88 35 82 33 43 50 72 17 23 71 48 85 30 18 90 9 
987-3-10 1?2.337 = 3 83 34 26 38 88 35 82 33 43 50 72 17 23 71 65 39 62 59 64 10 
987-4-7 1?1.966 = 4 38 88 35 82 33 43 50 17 23 71 48 97 87 7 
987-4-6 1?2.055 = 4 34 26 38 88 35 82 33 43 50 72 23 17 70 95 6 
987-5-6 1?2.16 = 5 66 73 44 82 33 43 50 72 17 23 71 48 70 95 6 
987-4-14 1?2.409 = 4 38 88 35 82 33 81 84 79 56 46 24 94 36 91 32 55 28 14 
987-4-8 1?2.239 = 4 34 26 38 88 35 82 33 43 50 72 17 23 71 48 97 87 8 
987-4-15 1?2.49 = 4 88 38 26 34 83 63 19 75 92 40 89 20 25 52 60 49 16 74 42 15 
987-4-12 1?2.515 = 4 38 88 35 82 33 81 84 79 56 46 24 94 36 91 32 55 27 78 12 
987-4-9 1?2.158 = 4 38 88 35 82 33 43 50 72 17 23 71 48 85 30 18 90 9 
987-4-11 1?2.452 = 4 38 88 35 82 33 43 50 72 17 23 71 48 65 39 62 61 99 93 11 
987-4-13 1?2.491 = 4 34 26 38 88 35 82 33 81 84 79 56 46 24 94 36 91 32 55 13 
987-4-10 1?2.405 = 4 38 88 35 33 82 44 43 50 72 17 23 71 48 65 39 62 59 64 10 
987-5-7 1?1.996 = 5 66 73 44 82 33 43 50 17 23 71 48 97 87 7 
987-6-7 1?2.212 = 6 66 73 44 82 33 43 50 17 23 71 48 97 87 7 
987-6-8 1?2.247 = 6 66 73 44 82 33 43 50 17 23 71 48 97 87 8 
987-5-15 1?2.469 = 5 73 44 88 38 26 34 83 63 19 75 92 40 52 60 49 16 42 15 
987-5-8 1?2.299 = 5 66 73 44 82 33 43 50 72 17 23 71 48 85 30 69 8 
987-5-14 1?2.479 = 5 66 73 44 82 33 81 84 79 56 46 24 94 36 91 32 28 57 14 
987-5-12 1?2.475 = 5 66 73 44 82 33 43 50 72 17 23 71 65 39 62 61 99 93 12 
987-5-9 1?2.188 = 5 66 73 44 82 33 43 50 72 17 23 71 48 85 30 18 90 9 
987-5-11 1?2.403 = 5 66 73 44 82 33 43 50 72 17 23 71 65 39 62 61 99 93 11 
987-5-13 1?2.592 = 5 66 73 43 50 72 17 23 71 37 54 79 56 46 24 94 36 91 32 55 13 
987-5-10 1?2.345 = 5 66 73 44 82 33 43 50 72 17 23 71 65 53 39 62 59 64 10 
987-7-8 1?2.352 = 7 21 70 50 72 17 23 71 48 65 39 62 59 30 69 8 
987-7-9 1?2.162 = 7 21 70 50 72 17 23 71 65 39 62 59 30 18 90 9 
987-6-15 1?2.582 = 6 95 70 50 72 17 23 71 47 37 54 79 46 56 41 77 45 74 42 15 
987-6-9 1?2.299 = 6 95 70 50 72 17 23 71 47 29 53 39 62 59 30 18 90 9 
987-7-10 1?2.161 = 7 87 97 48 71 23 17 72 37 47 53 39 62 59 64 10 
987-6-12 1?2.562 = 6 95 70 50 72 17 23 37 54 79 56 46 24 36 91 32 55 27 78 12 
987-6-11 1?2.598 = 6 66 73 44 82 33 43 50 72 17 23 71 65 39 62 61 99 67 11 
987-6-14 1?2.614 = 6 95 70 50 72 17 23 37 54 84 79 56 46 24 94 36 91 32 55 28 14 
987-7-11 1?2.678 = 7 87 97 48 71 23 37 54 79 56 46 24 36 94 96 98 22 93 11 
987-6-13 1?2.492 = 6 95 70 50 72 17 23 71 37 54 79 56 46 24 94 36 91 32 55 13 
987-6-10 1?2.415 = 6 66 73 44 82 33 43 50 72 17 23 71 65 39 62 59 64 10 
987-8-11 1?2.33 = 8 69 90 18 30 59 62 61 99 22 96 98 68 93 11 
987-8-9 1?2.198 = 8 87 97 21 70 50 72 17 23 71 48 85 30 90 9 
987-7-15 1?2.572 = 7 87 97 48 71 23 17 72 37 54 79 46 56 41 77 45 74 16 42 15 
987-8-15 1?2.607 = 8 87 97 48 71 23 17 72 37 54 79 46 56 41 77 45 74 16 42 15 
987-8-10 1?2.196 = 8 87 97 48 71 23 17 72 37 47 53 39 62 59 64 10 
987-7-14 1?2.557 = 7 87 97 48 71 23 17 72 37 54 79 56 46 24 94 36 91 32 28 14 
987-8-12 1?2.617 = 8 87 97 48 71 23 17 72 37 54 79 56 46 24 36 94 96 98 68 12 
987-7-12 1?2.582 = 7 87 97 48 71 23 17 72 37 54 79 56 46 24 36 94 96 98 68 12 
987-8-14 1?2.592 = 8 87 97 48 71 23 17 72 37 54 79 56 46 24 94 36 91 32 28 14 
987-8-13 1?2.567 = 8 87 97 48 71 23 17 72 37 54 79 56 46 24 94 36 91 32 55 13 
987-7-13 1?2.532 = 7 87 97 48 71 23 17 72 37 54 79 56 46 24 94 36 91 32 55 13 
987-10-11 1?2.189 = 10 64 61 99 22 98 96 94 36 91 32 55 27 68 93 11 
987-9-11 1?2.186 = 9 90 30 18 64 59 39 62 61 99 22 98 68 93 11 
987-10-12 1?2.075 = 10 64 59 61 99 22 98 96 94 36 91 32 55 27 78 12 
987-9-12 1?2.105 = 9 90 18 59 61 22 98 96 94 36 91 32 55 27 78 12 
987-10-14 1?2.412 = 10 64 61 99 22 98 96 94 36 91 32 55 28 31 58 76 51 57 14 
987-9-10 1?2.162 = 9 90 18 30 85 48 17 72 23 71 65 39 62 59 64 10 
987-10-15 1?2.504 = 10 64 59 61 99 22 98 96 94 36 91 31 58 77 41 45 74 16 42 15 
987-9-15 1?2.534 = 9 90 18 59 61 22 98 96 94 36 91 31 58 77 41 45 74 16 42 15 
987-10-13 1?2.453 = 10 64 59 62 39 53 47 37 54 84 79 56 46 24 91 32 55 13 
987-9-14 1?2.489 = 9 90 18 30 59 61 99 22 98 96 27 55 32 91 31 58 76 51 57 14 
987-9-13 1?2.482 = 9 90 18 30 85 39 62 61 99 22 98 96 94 36 91 32 55 27 13 
987-11-14 1?2.08 = 11 93 68 22 98 96 94 36 91 32 28 31 76 51 57 14 
987-13-14 1?2.146 = 13 78 68 98 96 94 36 91 32 55 28 31 58 76 51 57 14 
987-11-12 1?2.244 = 11 67 64 61 99 22 98 96 94 36 91 32 55 27 78 12 
987-12-15 1?2.033 = 12 68 98 96 94 36 91 31 51 76 77 41 45 74 16 42 15 
987-12-14 1?2.03 = 12 78 68 98 96 94 36 91 32 55 28 31 58 76 51 57 14 
987-14-15 1?2.106 = 14 57 28 32 91 31 51 76 58 41 77 45 49 16 74 42 15 
987-13-15 1?2.176 = 13 27 55 32 91 36 94 24 31 51 76 58 77 41 45 74 42 15 
987-12-13 1?2.308 = 12 78 68 98 96 27 55 32 91 36 94 24 31 76 51 28 13 
987-11-13 1?2.342 = 11 93 22 98 96 94 36 91 31 58 41 77 76 51 28 13 
987-11-15 1?2.317 = 11 93 22 98 96 27 55 32 91 31 51 76 58 77 41 45 74 16 42 15 
stop
