start
682-0-2 1?2.157 = 0 24 57 45 64 39 76 68 61 55 60 66 77 71 48 2 
682-0-4 1?2.351 = 0 24 57 45 64 39 76 68 61 55 32 97 40 86 34 63 35 4 
682-0-1 1?2.215 = 0 24 18 99 98 73 50 45 64 39 76 69 41 53 28 1 
682-0-5 1?2.467 = 0 28 53 41 74 71 48 77 60 66 65 26 40 86 34 63 35 75 36 5 
682-0-10 1?2.608 = 0 24 22 99 18 98 73 49 33 21 92 29 87 94 44 37 72 79 27 10 
682-0-8 1?2.771 = 0 24 18 99 98 73 50 45 64 39 76 88 46 56 80 89 52 95 59 8 
682-0-11 1?2.548 = 0 24 22 70 99 18 98 73 49 33 21 92 29 87 94 44 91 81 11 
682-0-7 1?2.857 = 0 28 53 74 71 48 77 66 65 26 40 86 63 35 36 90 25 43 42 7 
682-0-3 1?2.318 = 0 28 53 41 74 71 48 77 66 60 55 32 97 40 86 34 26 23 3 
682-0-9 1?2.696 = 0 24 18 99 98 73 49 33 21 29 87 94 44 20 16 38 85 19 51 54 9 
682-0-6 1?2.617 = 0 28 53 41 74 71 48 77 66 65 26 40 86 34 63 35 36 90 17 6 
682-0-14 1?2.172 = 0 24 22 99 18 98 73 49 94 87 29 92 21 33 82 14 
682-1-2 1?2.047 = 1 28 53 41 77 66 60 55 32 97 86 40 26 65 48 2 
682-0-13 1?2.396 = 0 24 57 69 68 88 76 39 64 45 50 73 49 94 87 29 92 13 
682-1-4 1?1.966 = 1 28 53 41 74 71 48 77 66 65 26 40 32 97 86 34 63 4 
682-0-15 1?2.083 = 0 24 69 76 39 64 45 50 73 49 98 18 99 70 22 15 
682-1-3 1?2.009 = 1 28 53 41 74 71 48 77 60 66 65 26 40 86 63 34 23 3 
682-0-12 1?2.597 = 0 24 22 99 98 73 49 33 21 92 29 87 94 44 37 91 58 12 
682-1-7 1?2.535 = 1 28 53 41 77 60 66 65 26 40 86 63 35 36 90 25 43 42 7 
682-1-5 1?2.17 = 1 28 53 41 74 71 48 77 66 65 26 40 32 97 86 63 35 36 5 
682-1-8 1?2.626 = 1 28 53 41 74 71 48 77 66 60 55 61 47 96 56 80 89 52 95 59 8 
682-1-6 1?2.381 = 1 28 53 41 74 71 48 77 66 65 26 40 86 34 63 35 36 90 17 6 
682-1-14 1?1.983 = 1 28 53 41 69 76 39 64 45 50 49 73 98 18 99 70 14 
682-1-13 1?2.377 = 1 28 53 41 69 57 64 76 39 45 50 73 49 33 94 87 29 92 13 
682-2-4 1?1.714 = 2 48 71 77 60 66 65 26 40 32 97 86 63 35 4 
682-2-3 1?1.759 = 2 48 71 77 66 60 55 32 97 40 86 63 34 26 23 3 
682-1-11 1?2.536 = 1 28 53 41 69 64 45 50 73 49 33 21 92 29 87 94 44 91 11 
682-1-12 1?2.476 = 1 28 53 41 69 76 39 64 45 50 73 49 33 21 92 29 87 94 58 12 
682-1-9 1?2.628 = 1 28 53 41 77 66 60 55 32 97 47 96 56 80 89 52 19 51 54 9 
682-1-10 1?2.687 = 1 28 53 41 69 64 45 50 73 49 33 21 29 87 94 44 37 72 79 27 10 
682-2-5 1?2.243 = 2 48 71 77 60 66 65 23 26 40 32 97 86 34 63 35 75 36 5 
682-1-15 1?1.912 = 1 28 53 41 69 76 39 64 45 50 73 98 18 99 22 15 
682-2-6 1?2.216 = 2 48 77 60 66 65 26 40 86 34 63 35 36 90 25 43 17 6 
682-2-13 1?2.321 = 2 48 71 77 66 60 68 76 39 64 45 50 73 49 94 87 29 92 13 
682-2-14 1?2.231 = 2 48 71 77 66 60 68 76 39 64 45 50 49 73 98 18 99 70 14 
682-3-4 1?1.812 = 3 23 65 66 60 55 32 97 40 86 34 63 75 36 35 4 
682-3-5 1?1.791 = 3 23 65 66 77 60 55 32 97 40 86 34 63 35 36 5 
682-2-11 1?2.624 = 2 48 77 66 60 55 61 47 96 56 80 89 30 38 16 20 37 91 81 11 
682-2-12 1?2.473 = 2 48 77 66 60 55 61 68 76 39 64 45 50 73 49 94 87 58 12 
682-2-7 1?2.449 = 2 48 71 77 66 65 26 40 86 34 63 35 36 90 25 93 31 43 42 7 
682-2-9 1?2.624 = 2 48 77 60 66 65 26 40 32 97 47 96 46 56 80 89 52 19 51 54 9 
682-2-10 1?2.753 = 2 48 71 77 66 65 26 40 32 97 47 96 56 80 89 30 85 84 79 27 10 
682-2-15 1?2.136 = 2 48 77 60 55 68 76 39 64 45 50 73 98 18 99 22 15 
682-2-8 1?2.63 = 2 48 77 60 66 65 26 34 86 40 32 97 47 96 56 80 89 52 95 59 8 
682-4-5 1?1.921 = 4 35 63 86 40 26 65 66 60 55 32 97 75 36 5 
682-3-14 1?2.258 = 3 23 65 66 60 55 61 68 76 39 64 45 50 73 49 98 18 99 70 14 
682-3-13 1?2.44 = 3 23 26 40 97 32 55 61 68 76 39 64 45 50 73 49 94 87 29 92 13 
682-3-9 1?2.439 = 3 23 26 34 63 86 40 32 97 47 96 46 56 80 89 52 19 51 54 9 
682-3-7 1?2.309 = 3 23 65 26 40 32 97 86 63 35 36 90 25 93 31 43 42 7 
682-3-11 1?2.639 = 3 23 65 66 60 55 61 68 76 39 64 45 50 73 49 94 87 29 58 11 
682-3-6 1?1.884 = 3 23 26 40 86 34 63 35 36 90 25 93 31 43 17 6 
682-3-12 1?2.452 = 3 23 65 66 60 55 61 68 76 39 64 45 50 73 49 94 87 29 92 12 
682-3-8 1?2.441 = 3 23 26 40 86 63 35 36 90 25 47 96 56 80 89 52 95 59 8 
682-3-10 1?2.693 = 3 23 26 40 97 32 55 61 47 96 56 80 89 30 38 16 20 37 72 79 27 10 
682-3-15 1?2.185 = 3 23 65 66 60 55 61 68 76 39 64 45 50 73 98 18 99 22 15 
682-4-7 1?2.087 = 4 63 34 86 40 97 32 47 96 56 80 89 52 95 59 7 
682-4-13 1?2.385 = 4 63 34 86 40 97 32 55 61 68 88 76 39 64 45 50 73 49 33 21 13 
682-4-14 1?2.278 = 4 63 86 40 97 32 55 61 68 76 39 64 45 50 73 98 18 99 70 14 
682-4-9 1?2.293 = 4 63 34 86 40 97 32 55 61 47 96 56 80 89 52 19 51 54 9 
682-4-12 1?2.402 = 4 63 86 40 97 32 55 68 76 39 64 45 50 73 49 33 21 92 12 
682-4-10 1?2.489 = 4 63 86 40 32 97 47 96 56 80 89 30 38 16 20 37 72 79 27 10 
682-4-6 1?1.976 = 4 63 34 86 40 32 97 75 36 90 25 93 31 43 17 6 
682-5-6 1?2.076 = 5 35 63 34 86 40 32 97 75 90 25 93 31 43 17 6 
682-4-11 1?2.666 = 4 63 86 40 97 32 55 61 47 96 56 80 89 30 38 16 20 37 91 81 11 
682-4-8 1?2.342 = 4 63 34 86 40 97 32 55 61 47 96 46 56 80 89 52 95 59 8 
682-4-15 1?2.18 = 4 63 86 40 97 32 55 68 76 39 64 45 50 98 18 99 22 15 
682-6-7 1?2.313 = 6 17 90 36 35 63 34 86 40 32 97 25 43 42 7 
682-5-7 1?2.152 = 5 35 63 86 40 32 97 47 96 56 80 89 52 95 7 
682-5-8 1?2.078 = 5 35 63 86 40 32 97 47 96 56 80 89 52 78 8 
682-5-9 1?2.2 = 5 35 63 86 40 32 97 47 96 56 80 89 52 19 51 54 9 
682-6-8 1?2.175 = 6 17 43 42 31 93 56 46 62 67 80 89 52 95 59 8 
682-5-14 1?2.394 = 5 35 63 86 40 97 32 55 68 76 39 64 45 50 73 98 99 70 14 
682-5-13 1?2.46 = 5 35 63 86 40 97 32 55 68 88 76 39 64 45 50 73 49 33 21 13 
682-5-11 1?2.649 = 5 35 63 86 40 32 97 47 96 56 80 89 30 38 16 20 37 91 81 11 
682-5-10 1?2.525 = 5 35 63 86 40 97 32 55 61 47 96 56 80 89 30 85 84 10 
682-5-12 1?2.593 = 5 35 63 86 40 97 32 55 68 76 39 64 45 50 73 49 33 21 92 12 
682-5-15 1?2.371 = 5 35 63 86 40 97 32 55 68 76 39 64 45 50 98 18 99 22 15 
682-7-8 1?2.308 = 7 42 43 31 93 56 46 62 67 80 89 52 95 59 78 8 
682-7-9 1?2.172 = 7 59 95 52 89 80 56 46 62 67 30 85 19 51 54 9 
682-7-10 1?2.235 = 7 59 95 52 89 80 30 85 38 16 20 37 91 81 79 27 10 
682-6-9 1?2.416 = 6 17 43 42 31 93 56 46 67 80 89 52 30 85 19 51 54 9 
682-6-14 1?2.517 = 6 17 43 31 93 56 46 62 88 76 39 64 45 50 49 73 98 18 99 70 14 
682-7-11 1?2.595 = 7 59 95 52 89 80 30 85 38 16 20 44 94 87 29 58 91 11 
682-6-13 1?2.686 = 6 17 43 31 93 56 46 62 88 76 39 64 45 50 73 49 94 87 29 92 21 13 
682-6-11 1?2.659 = 6 17 43 42 52 89 80 30 38 16 20 44 94 87 29 58 91 81 11 
682-6-10 1?2.569 = 6 17 43 42 95 52 89 80 30 85 38 16 20 37 91 81 79 27 10 
682-6-12 1?2.574 = 6 17 43 31 93 56 46 88 76 39 64 45 50 73 49 94 87 58 12 
682-6-15 1?2.615 = 6 17 43 31 93 56 46 62 88 76 39 64 45 50 49 73 98 18 99 70 22 15 
682-8-9 1?2.109 = 8 59 95 52 89 80 56 46 62 67 30 85 19 51 54 9 
682-8-10 1?2.172 = 8 59 95 52 89 80 30 85 38 16 20 37 91 81 79 27 10 
682-8-11 1?2.277 = 8 59 95 52 89 80 30 38 16 20 44 94 87 29 58 11 
682-7-14 1?2.526 = 7 59 95 52 89 80 56 46 88 76 39 64 45 50 73 98 18 99 70 14 
682-7-13 1?2.665 = 7 95 52 89 80 56 46 88 76 39 64 45 50 73 49 94 87 29 21 13 
682-7-12 1?2.589 = 7 59 95 52 89 80 30 85 38 16 20 44 94 87 29 21 92 58 12 
682-8-13 1?2.629 = 8 59 95 52 89 80 56 46 88 76 39 64 45 50 73 49 94 87 29 92 13 
682-8-14 1?2.521 = 8 59 95 52 89 80 67 62 88 76 39 64 45 50 73 49 98 18 99 70 14 
682-8-12 1?2.477 = 8 59 95 52 89 80 30 38 16 20 37 44 94 87 29 33 21 92 12 
682-8-15 1?2.468 = 8 59 95 52 89 80 56 46 88 76 39 64 45 50 73 98 18 99 22 15 
682-7-15 1?2.566 = 7 95 52 89 80 56 46 88 76 39 64 45 50 49 73 98 18 99 22 15 
682-10-13 1?2.117 = 10 27 79 84 51 19 85 38 16 20 44 94 87 29 92 13 
682-9-12 1?1.971 = 9 54 51 19 85 38 16 20 44 94 87 29 33 21 92 12 
682-10-12 1?2.219 = 10 27 79 84 19 85 38 16 20 44 94 87 29 21 92 12 
682-9-10 1?2.074 = 9 51 19 52 89 80 30 85 38 16 20 37 72 79 27 10 
682-10-11 1?2.25 = 10 27 79 72 37 20 44 94 87 29 21 92 58 91 81 11 
682-9-11 1?2.05 = 9 54 51 19 52 89 80 30 85 38 16 20 37 91 81 11 
682-9-13 1?2.261 = 9 54 51 19 52 89 80 30 38 16 37 44 94 87 29 92 21 13 
682-9-14 1?2.353 = 9 54 51 19 85 38 16 20 44 94 87 29 21 33 49 73 98 99 70 14 
682-10-14 1?2.345 = 10 27 79 81 91 37 44 94 87 29 92 21 33 49 73 98 18 99 70 14 
682-9-15 1?2.377 = 9 54 51 19 85 38 16 20 44 94 87 29 33 49 73 98 18 99 70 22 15 
682-10-15 1?2.413 = 10 27 79 72 37 44 94 87 29 92 21 33 49 73 50 98 18 99 70 22 15 
682-11-13 1?2.169 = 11 81 79 27 84 19 85 38 16 20 44 94 87 29 92 13 
682-12-13 1?2.067 = 12 58 94 87 29 92 21 33 49 73 50 18 99 98 82 13 
682-13-14 1?1.892 = 13 82 33 21 92 29 87 94 44 49 73 98 18 99 70 14 
682-12-14 1?1.896 = 12 58 44 94 87 29 92 21 33 49 73 98 18 99 70 14 
682-11-12 1?2.275 = 11 81 79 27 84 19 85 38 16 20 44 94 87 29 92 12 
682-11-14 1?2.227 = 11 91 37 20 44 94 87 29 92 21 33 49 73 98 18 99 70 14 
682-13-15 1?1.842 = 13 21 92 29 87 94 44 49 73 50 98 18 99 70 22 15 
682-14-15 1?1.842 = 14 82 21 92 29 87 94 49 73 50 98 18 99 70 22 15 
682-12-15 1?1.807 = 12 58 94 87 29 92 21 33 49 73 98 18 99 70 22 15 
682-11-15 1?2.251 = 11 81 91 37 44 94 87 29 92 21 33 49 73 98 18 99 70 22 15 
stop
