start
945-0-2 1?1.823 = 0 24 32 52 82 88 72 39 28 83 40 43 38 67 53 2 
945-0-1 1?1.917 = 0 24 32 52 82 88 72 39 44 19 28 43 40 83 35 1 
945-0-3 1?2.06 = 0 24 32 52 82 88 72 39 28 83 40 43 38 61 42 26 67 53 3 
945-0-11 1?2.32 = 0 24 33 23 31 94 20 47 68 96 99 37 34 17 48 90 86 36 11 
945-0-8 1?2.56 = 0 24 32 52 82 88 72 39 19 44 95 92 64 69 16 71 73 8 
945-0-7 1?2.448 = 0 24 32 52 82 88 72 39 28 43 38 61 45 87 80 58 21 29 60 7 
945-0-6 1?2.347 = 0 24 82 88 72 28 83 40 43 38 61 45 87 80 58 21 29 54 98 6 
945-0-4 1?2.243 = 0 24 32 52 82 88 72 39 44 19 28 83 40 43 38 61 42 78 55 4 
945-0-10 1?2.558 = 0 24 32 52 82 88 72 39 19 44 46 20 47 25 59 62 22 89 85 10 
945-0-9 1?2.611 = 0 24 32 52 82 88 72 39 19 44 95 70 64 81 71 69 16 56 74 9 
945-0-5 1?2.456 = 0 24 32 52 82 88 72 39 44 19 28 83 40 43 38 61 45 87 30 55 49 5 
945-1-2 1?1.861 = 1 52 32 24 33 82 88 72 39 44 19 28 43 40 83 2 
945-0-14 1?1.906 = 0 24 32 52 82 88 72 39 19 44 46 20 50 97 91 14 
945-1-3 1?1.726 = 1 32 52 82 88 72 39 28 83 40 43 38 61 42 26 3 
945-0-15 1?1.89 = 0 24 32 52 82 88 72 39 19 44 46 20 94 23 27 15 
945-0-13 1?1.949 = 0 24 32 52 82 33 23 31 94 20 47 68 96 99 37 13 
945-0-12 1?2.2 = 0 24 32 52 82 33 23 31 94 20 47 25 59 96 99 37 17 34 12 
945-1-8 1?2.633 = 1 32 52 82 88 72 39 19 44 95 70 64 66 51 69 16 71 73 8 
945-1-4 1?2.056 = 1 32 52 82 88 72 39 28 83 40 43 38 61 45 87 30 78 55 4 
945-1-7 1?2.482 = 1 32 52 82 88 72 39 28 83 40 43 38 61 45 87 80 58 21 63 60 7 
945-1-6 1?2.307 = 1 32 52 82 88 72 28 83 40 43 38 42 78 55 76 18 65 54 98 6 
945-1-5 1?2.208 = 1 32 52 82 88 72 39 44 19 28 83 40 43 38 61 42 78 55 49 5 
945-1-15 1?1.976 = 1 52 32 24 82 88 72 39 19 44 46 20 94 23 27 15 
945-1-14 1?2.273 = 1 32 52 82 33 23 31 88 72 39 19 44 46 20 50 84 93 91 14 
945-2-3 1?1.916 = 2 35 52 32 82 88 72 39 44 19 28 83 40 67 26 3 
945-2-4 1?2.127 = 2 35 52 32 82 88 72 28 83 40 43 38 61 42 78 55 4 
945-1-12 1?2.269 = 1 32 52 82 88 72 39 19 44 46 20 47 25 59 96 99 37 17 34 12 
945-2-5 1?2.154 = 2 35 52 32 82 88 72 28 83 40 43 38 42 78 55 49 5 
945-1-11 1?2.464 = 1 32 52 82 33 23 31 94 20 47 68 96 99 37 34 17 48 90 86 36 11 
945-2-6 1?2.373 = 2 83 40 43 38 61 42 78 55 49 76 18 65 21 63 29 54 98 6 
945-1-13 1?2.241 = 1 32 52 82 88 72 39 19 44 46 20 47 68 96 99 37 17 34 13 
945-1-9 1?2.61 = 1 32 52 82 88 72 39 19 44 95 92 64 81 71 69 16 56 74 77 9 
945-1-10 1?2.733 = 1 32 52 82 88 72 39 19 44 95 70 92 64 81 71 69 16 89 85 10 
945-2-15 1?2.062 = 2 83 40 43 28 39 72 88 82 32 24 33 31 23 27 15 
945-3-4 1?1.988 = 3 26 53 67 40 83 28 43 38 42 61 45 87 30 78 55 4 
945-2-14 1?2.449 = 2 83 40 28 39 72 88 82 52 32 24 33 23 94 20 50 97 91 14 
945-3-5 1?1.861 = 3 26 53 67 40 83 28 43 38 61 45 87 30 78 55 49 5 
945-2-11 1?2.625 = 2 35 72 39 19 44 46 20 47 68 96 99 37 34 17 48 90 86 36 11 
945-2-12 1?2.488 = 2 35 52 32 82 88 72 39 19 44 46 20 47 68 96 99 37 17 34 12 
945-2-8 1?2.819 = 2 83 40 28 43 38 61 45 87 80 58 21 29 63 73 71 69 16 56 74 8 
945-2-7 1?2.695 = 2 53 67 40 83 28 43 38 61 45 87 30 78 55 76 18 65 54 98 60 75 7 
945-2-10 1?2.555 = 2 83 40 43 38 61 45 87 80 58 21 63 73 71 69 16 89 85 10 
945-2-9 1?2.485 = 2 83 40 43 38 61 45 87 80 58 21 29 63 73 71 69 16 56 74 9 
945-2-13 1?2.465 = 2 35 72 39 88 82 52 32 24 33 23 94 20 47 68 96 99 37 13 
945-3-6 1?1.933 = 3 26 67 40 43 38 61 45 87 80 58 21 63 29 54 98 6 
945-4-5 1?2.122 = 4 26 53 67 40 83 28 43 38 61 45 87 30 78 55 49 5 
945-3-14 1?2.459 = 3 26 53 67 40 83 28 72 88 82 52 32 24 33 31 23 27 97 91 14 
945-3-15 1?2.324 = 3 26 67 43 40 83 28 19 44 39 72 88 82 32 24 33 23 27 15 
945-3-7 1?2.353 = 3 26 67 40 83 28 43 38 61 45 87 80 58 21 63 29 54 98 60 7 
945-3-11 1?2.643 = 3 26 38 61 45 87 80 58 21 63 73 71 16 69 66 51 22 86 36 11 
945-3-8 1?2.661 = 3 26 67 40 83 28 43 38 61 45 87 80 58 21 63 29 54 98 60 75 8 
945-3-12 1?2.567 = 3 26 67 40 83 28 72 88 39 19 44 46 20 47 68 96 99 37 17 34 12 
945-3-9 1?2.57 = 3 26 67 43 38 61 45 87 80 58 21 29 63 73 71 69 16 56 74 77 9 
945-3-10 1?2.582 = 3 26 67 38 61 45 87 80 58 21 63 73 71 16 69 66 51 89 85 10 
945-3-13 1?2.602 = 3 26 67 40 83 28 39 72 88 82 33 23 31 94 20 47 68 96 99 37 13 
945-4-6 1?2.126 = 4 55 78 30 42 38 61 45 87 80 58 21 63 29 54 98 6 
945-5-6 1?2.059 = 5 49 55 78 42 38 61 45 87 58 21 63 29 54 98 6 
945-4-7 1?2.456 = 4 55 78 30 42 38 61 45 87 80 58 21 63 29 54 98 60 75 7 
945-4-8 1?2.711 = 4 42 38 61 45 87 80 58 21 29 63 81 73 71 69 16 56 8 
945-4-14 1?2.585 = 4 55 78 42 61 38 43 40 83 28 39 72 88 82 33 23 27 97 91 14 
945-4-11 1?2.719 = 4 55 49 76 18 58 80 21 29 63 73 71 16 69 66 51 22 86 36 11 
945-4-15 1?2.452 = 4 55 78 42 61 38 43 40 83 28 39 72 88 82 52 32 24 33 27 15 
945-4-12 1?2.701 = 4 55 76 18 65 21 63 73 71 16 69 66 51 22 62 57 90 48 12 
945-4-9 1?2.598 = 4 55 78 42 61 45 87 80 58 21 29 63 73 71 69 16 56 74 77 9 
945-4-10 1?2.672 = 4 42 38 61 45 87 80 58 21 63 73 71 16 69 66 51 89 85 10 
945-4-13 1?2.789 = 4 55 76 18 65 21 63 73 71 16 69 66 51 22 62 96 99 37 13 
945-6-7 1?2.226 = 6 98 54 65 18 76 49 55 78 30 58 80 21 29 60 75 7 
945-5-7 1?2.121 = 5 49 55 78 42 38 61 45 87 80 58 21 63 60 75 7 
945-5-8 1?2.289 = 5 49 76 18 58 80 21 63 81 73 71 69 16 56 8 
945-6-8 1?2.346 = 6 98 54 29 21 63 73 71 81 64 66 69 16 56 8 
945-5-11 1?2.427 = 5 49 76 18 58 80 21 63 73 71 16 69 66 51 22 86 36 11 
945-5-14 1?2.586 = 5 49 55 78 42 61 38 43 40 83 28 72 88 82 33 23 27 97 91 14 
945-5-12 1?2.581 = 5 49 76 18 65 21 63 73 71 16 69 66 51 22 62 57 90 48 12 
945-5-9 1?2.428 = 5 49 55 78 30 76 18 65 21 29 63 73 71 69 16 56 74 77 9 
945-5-10 1?2.362 = 5 49 76 18 58 80 21 29 63 73 71 16 69 66 51 89 85 10 
945-5-15 1?2.602 = 5 49 55 78 42 61 38 43 40 83 28 39 72 88 82 32 24 33 23 27 15 
945-5-13 1?2.62 = 5 49 76 18 65 21 29 63 73 71 16 69 66 51 62 96 99 37 13 
945-7-8 1?2.448 = 7 75 60 29 21 63 73 71 81 64 66 69 16 56 8 
945-7-11 1?2.276 = 7 75 73 71 16 69 66 51 22 62 57 48 90 41 86 36 11 
945-7-9 1?2.027 = 7 75 60 98 54 29 21 63 73 71 69 16 56 74 9 
945-7-10 1?2.052 = 7 75 60 29 21 63 73 71 69 16 56 74 77 85 10 
945-6-10 1?1.961 = 6 98 54 29 21 63 73 71 16 69 66 51 89 85 10 
945-6-9 1?2.001 = 6 98 54 29 63 21 79 81 73 71 69 16 56 74 9 
945-6-11 1?2.368 = 6 98 54 29 63 73 71 16 69 66 51 22 57 48 90 86 36 11 
945-6-14 1?2.597 = 6 98 54 29 63 73 71 16 69 66 51 62 96 99 37 84 93 91 14 
945-6-15 1?2.616 = 6 98 54 65 18 76 55 78 42 38 43 40 83 28 72 88 82 33 27 15 
945-6-12 1?2.504 = 6 98 54 29 21 63 73 71 16 69 66 51 22 62 57 90 48 17 34 12 
945-6-13 1?2.595 = 6 98 54 29 21 63 73 71 16 69 66 51 22 62 57 90 48 17 34 13 
945-8-11 1?2.186 = 8 73 71 16 69 66 51 22 62 57 48 90 41 86 36 11 
945-8-10 1?2.259 = 8 73 71 81 64 66 51 69 16 56 74 77 89 85 10 
945-8-9 1?2.401 = 8 75 60 98 54 29 63 21 79 81 69 16 56 74 77 9 
945-8-12 1?2.381 = 8 56 73 71 16 69 66 51 22 62 57 96 99 37 17 34 12 
945-8-14 1?2.608 = 8 73 71 16 69 66 51 22 57 90 48 17 34 37 99 84 93 91 14 
945-7-14 1?2.679 = 7 75 73 71 16 69 66 51 22 62 57 90 48 17 34 37 84 91 14 
945-8-15 1?2.799 = 8 73 71 16 69 66 51 22 57 90 48 17 34 37 84 93 91 97 15 
945-7-12 1?2.577 = 7 75 60 98 54 29 21 63 73 71 16 69 66 51 22 57 90 48 12 
945-7-15 1?2.744 = 7 60 29 21 58 80 87 45 61 38 43 40 83 28 72 88 82 33 23 27 15 
945-8-13 1?2.771 = 8 75 60 29 21 63 73 71 16 69 66 51 22 62 96 99 37 13 
945-7-13 1?2.697 = 7 75 60 29 21 63 73 71 16 69 66 51 22 62 57 90 48 17 34 13 
945-9-11 1?1.949 = 9 74 56 16 69 66 51 22 57 48 90 41 86 36 11 
945-10-11 1?2.028 = 10 85 89 16 69 66 51 22 90 48 41 86 36 11 
945-10-12 1?2 = 10 85 77 74 56 16 69 66 51 22 62 57 90 48 12 
945-9-10 1?2.098 = 9 77 74 56 16 69 71 73 81 64 66 51 89 85 10 
945-9-12 1?2.237 = 9 74 56 73 71 16 69 66 51 22 62 96 99 37 17 34 12 
945-10-14 1?2.382 = 10 85 89 36 86 41 90 48 17 34 37 99 96 68 84 93 91 14 
945-10-13 1?2.088 = 10 85 77 74 56 16 69 66 51 22 62 96 99 37 13 
945-9-14 1?2.485 = 9 74 56 16 69 66 51 22 57 90 48 17 34 37 99 84 93 91 14 
945-10-15 1?2.619 = 10 85 89 36 86 41 90 48 17 37 99 96 68 84 93 91 97 15 
945-9-15 1?2.676 = 9 74 56 16 69 66 51 22 57 90 48 17 34 37 84 93 91 97 15 
945-9-13 1?2.329 = 9 77 74 56 73 71 16 69 66 51 22 62 57 90 48 17 34 13 
945-11-12 1?1.916 = 11 36 86 22 62 57 96 99 37 34 17 48 90 41 12 
945-11-14 1?1.839 = 11 36 86 41 90 48 17 34 37 99 96 68 84 91 14 
945-12-14 1?1.967 = 12 34 17 48 90 57 62 59 68 96 99 37 84 93 91 14 
945-13-14 1?2.058 = 13 34 17 48 90 57 62 59 68 96 99 37 84 93 91 14 
945-14-15 1?2.267 = 14 91 93 84 50 20 46 44 19 39 72 88 82 33 23 27 15 
945-13-15 1?2.201 = 13 34 17 48 90 57 62 59 96 99 37 84 93 91 97 15 
945-12-15 1?2.445 = 12 34 17 48 90 57 22 62 59 68 96 99 37 84 93 91 97 15 
945-11-13 1?2.026 = 11 36 86 41 48 90 57 62 59 68 96 99 37 34 13 
945-12-13 1?2.176 = 12 34 17 48 90 57 62 59 25 68 96 99 37 84 93 13 
945-11-15 1?2.444 = 11 36 86 41 90 48 17 34 37 99 96 68 50 20 94 23 27 15 
stop
