start
911-0-2 1?2.2 = 0 97 51 75 98 61 41 36 90 88 45 81 62 24 77 2 
911-0-3 1?2.038 = 0 97 51 52 99 98 61 41 36 90 88 62 81 93 3 
911-0-1 1?2.216 = 0 97 51 52 99 98 61 41 36 90 88 62 24 77 84 1 
911-0-11 1?2.13 = 0 97 51 52 99 60 92 37 49 44 54 94 67 96 28 48 29 11 
911-0-8 1?2.479 = 0 97 51 75 98 61 41 64 70 39 74 22 58 31 34 17 78 57 35 68 8 
911-0-7 1?2.484 = 0 97 51 52 99 98 61 23 39 74 22 58 31 34 17 78 57 16 33 7 
911-0-5 1?2.606 = 0 97 51 75 82 77 24 62 88 90 36 41 64 70 69 27 53 47 91 56 5 
911-0-6 1?2.51 = 0 97 51 75 98 61 23 39 74 22 31 34 17 78 57 16 89 80 46 6 
911-0-9 1?2.432 = 0 97 51 52 99 98 61 41 64 70 39 74 22 58 85 76 71 42 65 9 
911-0-10 1?2.372 = 0 97 51 52 99 60 92 37 49 44 54 94 67 96 28 29 48 86 19 10 
911-0-4 1?2.441 = 0 97 51 52 99 98 61 41 36 90 88 45 47 53 91 56 79 73 4 
911-1-4 1?2.175 = 1 84 77 24 62 81 45 88 90 36 47 53 56 91 79 73 4 
911-1-5 1?2.29 = 1 84 77 24 62 88 90 36 41 64 70 69 27 53 91 56 5 
911-1-3 1?2.21 = 1 84 51 52 99 98 61 41 36 90 88 62 81 93 3 
911-1-2 1?2.372 = 1 84 51 75 98 61 41 36 90 88 45 81 62 24 77 2 
911-0-15 1?2.253 = 0 97 51 52 99 60 92 37 49 44 30 38 63 66 43 15 
911-0-12 1?2.125 = 0 97 51 52 99 60 92 37 49 44 54 94 67 96 20 72 12 
911-0-14 1?2.077 = 0 97 51 52 99 60 92 59 55 37 49 44 30 38 14 
911-1-6 1?2.434 = 1 84 77 62 88 90 36 41 64 69 27 34 17 78 16 89 80 46 6 
911-0-13 1?2.071 = 0 97 51 52 99 98 61 95 21 59 55 37 49 44 40 13 
911-1-7 1?2.385 = 1 84 77 24 62 88 90 41 64 70 39 74 22 31 34 17 78 16 33 7 
911-1-8 1?2.504 = 1 84 77 24 62 88 90 36 41 64 70 39 74 22 58 31 34 17 78 57 35 68 8 
911-1-14 1?2.223 = 1 84 75 98 61 95 21 59 55 37 49 44 30 38 63 14 
911-2-4 1?2.171 = 2 77 24 62 88 90 36 41 64 69 27 53 91 56 79 4 
911-2-3 1?2.349 = 2 77 24 62 81 45 88 90 36 47 53 56 91 79 73 93 3 
911-1-12 1?2.358 = 1 84 75 98 61 95 21 59 55 37 49 44 54 94 67 96 20 72 12 
911-2-5 1?2.29 = 2 77 24 62 81 45 88 90 36 41 64 69 27 53 91 56 5 
911-2-6 1?2.248 = 2 77 24 62 88 90 36 27 34 17 78 57 16 89 80 46 6 
911-1-11 1?2.363 = 1 84 75 98 61 95 21 59 55 37 49 44 54 94 67 96 28 48 29 11 
911-1-9 1?2.372 = 1 84 77 24 62 88 90 36 41 64 70 39 74 22 58 85 76 71 42 65 9 
911-1-15 1?2.352 = 1 84 77 24 62 81 45 88 90 36 41 61 98 99 52 15 
911-1-13 1?2.194 = 1 84 75 82 98 61 95 21 59 55 37 49 44 54 40 13 
911-1-10 1?2.547 = 1 84 75 98 61 95 21 59 55 37 49 44 54 94 67 96 28 48 86 19 10 
911-2-14 1?2.418 = 2 77 24 88 90 36 41 64 70 23 21 59 55 37 49 44 30 38 14 
911-3-4 1?2.086 = 3 93 81 62 88 90 36 41 64 69 27 47 91 56 79 4 
911-3-5 1?2.079 = 3 93 81 62 88 90 36 41 64 69 27 53 47 91 56 5 
911-2-12 1?2.469 = 2 77 24 62 88 90 36 41 64 70 23 39 74 59 55 37 49 44 54 12 
911-2-7 1?2.309 = 2 77 24 62 88 90 36 41 64 70 69 27 34 17 78 57 16 33 7 
911-2-15 1?2.323 = 2 77 24 62 81 45 88 90 36 41 61 98 99 52 43 15 
911-2-8 1?2.491 = 2 77 62 88 90 36 41 64 70 23 39 74 22 58 31 34 17 78 57 35 68 8 
911-2-11 1?2.488 = 2 77 24 62 88 90 36 41 64 70 39 74 59 55 37 49 67 96 28 29 11 
911-2-9 1?2.441 = 2 77 24 62 81 45 88 90 36 41 64 70 39 74 22 58 85 76 71 42 65 9 
911-2-13 1?2.333 = 2 77 24 62 88 90 36 41 64 70 39 74 59 55 37 49 44 40 13 
911-2-10 1?2.635 = 2 77 24 62 81 45 88 90 36 41 64 70 23 39 74 22 31 58 26 25 18 19 10 
911-3-14 1?2.338 = 3 93 81 62 88 90 41 64 70 23 21 59 55 37 49 44 30 38 14 
911-4-5 1?2.055 = 4 73 79 56 91 47 53 27 34 17 78 16 89 80 46 5 
911-3-7 1?2.01 = 3 93 81 62 88 90 36 41 64 69 34 17 78 16 33 7 
911-3-6 1?2.079 = 3 93 81 62 88 90 36 41 64 69 27 83 89 80 46 6 
911-3-8 1?2.21 = 3 93 81 62 88 90 41 64 70 39 74 22 31 34 17 78 57 35 68 8 
911-3-12 1?2.473 = 3 93 81 62 88 90 36 41 64 70 39 74 59 55 37 49 67 96 20 72 12 
911-3-15 1?2.228 = 3 93 81 62 88 90 36 41 64 70 23 21 92 60 43 15 
911-3-9 1?2.27 = 3 93 81 62 88 90 36 41 64 70 39 74 22 31 58 85 76 71 42 65 9 
911-3-13 1?2.251 = 3 93 81 62 88 90 36 41 64 70 39 74 59 55 37 49 44 40 13 
911-3-11 1?2.439 = 3 93 81 62 88 90 41 64 70 23 21 59 55 37 49 44 54 94 67 96 20 11 
911-3-10 1?2.496 = 3 93 81 62 45 88 90 36 41 64 70 23 39 74 22 31 58 85 25 18 19 10 
911-4-14 1?2.406 = 4 79 45 88 90 36 41 64 70 39 74 59 55 37 49 44 30 38 14 
911-4-7 1?1.885 = 4 73 79 56 91 47 53 83 27 34 17 78 57 16 33 7 
911-4-6 1?1.917 = 4 73 79 56 91 47 53 27 34 17 78 16 89 80 46 6 
911-5-6 1?1.958 = 5 56 91 47 53 83 27 34 17 78 57 16 89 80 46 6 
911-4-8 1?2.188 = 4 73 93 81 62 88 90 36 41 64 69 27 34 17 78 57 35 68 8 
911-4-9 1?2.251 = 4 73 79 56 91 47 53 83 27 34 17 78 57 32 71 76 42 65 50 9 
911-4-12 1?2.537 = 4 73 93 81 62 88 90 36 41 64 70 39 74 23 21 59 55 37 49 44 54 12 
911-4-15 1?2.509 = 4 73 93 81 62 88 90 36 41 64 70 23 61 98 99 52 43 15 
911-4-13 1?2.323 = 4 73 93 81 62 88 90 36 41 64 70 23 21 59 55 37 49 44 40 13 
911-4-11 1?2.478 = 4 73 93 81 62 88 90 36 41 64 70 23 21 59 55 37 49 67 96 28 29 11 
911-4-10 1?2.329 = 4 73 93 81 62 88 90 36 41 64 70 39 74 22 58 26 25 18 19 10 
911-5-8 1?2.035 = 5 56 91 47 36 41 64 69 27 34 17 78 57 35 68 8 
911-6-8 1?2.025 = 6 46 80 89 16 34 17 78 57 32 71 76 42 65 68 8 
911-6-7 1?2.115 = 6 46 80 53 47 36 41 64 69 27 34 17 78 16 33 7 
911-5-7 1?2.119 = 5 56 91 47 36 41 64 70 69 34 17 78 57 16 33 7 
911-5-14 1?2.449 = 5 56 91 53 47 36 41 64 70 39 74 59 55 37 49 44 30 38 14 
911-5-9 1?2.275 = 5 56 91 45 88 90 36 41 64 70 39 74 22 58 85 76 71 42 65 9 
911-5-12 1?2.56 = 5 56 91 53 47 36 41 64 70 23 21 59 55 37 49 54 94 67 96 20 72 12 
911-5-11 1?2.463 = 5 56 91 47 36 41 64 70 23 21 59 55 37 49 44 54 94 67 96 28 29 11 
911-5-10 1?2.425 = 5 56 91 53 47 36 41 64 70 23 39 74 22 31 58 26 25 18 19 10 
911-5-15 1?2.658 = 5 56 91 47 36 41 64 70 23 21 59 55 37 49 44 30 38 63 66 43 15 
911-5-13 1?2.583 = 5 56 91 47 53 27 34 17 78 31 22 74 39 23 21 59 55 37 49 44 40 13 
911-7-8 1?2.045 = 7 33 16 57 78 17 34 31 22 58 85 76 71 32 35 68 8 
911-6-9 1?1.901 = 6 46 80 89 16 34 17 78 57 32 71 76 42 65 50 9 
911-7-9 1?1.935 = 7 33 16 57 78 17 34 31 22 58 85 76 71 42 50 9 
911-7-11 1?2.215 = 7 33 16 78 17 34 31 22 74 59 55 37 49 94 67 96 28 29 11 
911-6-14 1?2.453 = 6 46 80 89 16 57 78 17 34 31 22 74 59 55 37 49 44 30 38 14 
911-6-12 1?2.357 = 6 46 80 89 16 78 17 34 31 22 74 39 23 21 59 55 37 49 54 12 
911-7-10 1?2.122 = 7 33 16 57 78 17 34 31 22 39 74 58 26 25 18 19 10 
911-6-11 1?2.364 = 6 46 80 89 16 78 17 34 31 22 74 59 55 37 49 67 96 28 29 11 
911-6-10 1?2.313 = 6 46 80 89 16 57 78 17 34 31 22 39 74 58 26 25 18 19 10 
911-6-15 1?2.611 = 6 46 80 89 16 78 17 34 27 69 70 64 41 61 98 99 52 43 15 
911-6-13 1?2.444 = 6 46 80 89 16 78 17 34 31 58 22 74 39 23 21 59 55 37 49 44 40 13 
911-8-9 1?1.89 = 8 68 35 57 78 17 34 31 22 58 85 76 71 42 65 50 9 
911-8-11 1?2.145 = 8 68 35 57 78 17 34 31 22 74 59 55 37 49 67 96 20 11 
911-8-10 1?1.966 = 8 68 35 57 78 17 34 31 22 39 74 26 25 18 19 10 
911-8-12 1?2.219 = 8 68 35 57 78 17 34 31 22 74 39 23 21 59 55 37 49 44 54 12 
911-7-14 1?2.398 = 7 33 16 78 17 34 31 22 74 39 23 21 59 55 37 49 44 30 38 63 14 
911-8-14 1?2.337 = 8 68 35 57 78 17 34 31 22 74 39 23 21 59 55 37 49 44 30 38 14 
911-7-12 1?2.378 = 7 33 16 78 17 34 31 22 74 59 55 37 49 44 54 94 67 96 20 72 12 
911-8-13 1?2.256 = 8 68 35 57 78 17 34 31 58 22 74 39 23 21 59 55 37 49 44 40 13 
911-7-13 1?2.437 = 7 33 16 57 78 17 34 31 58 22 74 39 23 21 59 55 37 49 44 54 40 13 
911-7-15 1?2.58 = 7 33 16 78 17 34 31 22 39 74 59 55 37 49 44 30 38 63 66 43 15 
911-8-15 1?2.583 = 8 68 35 57 78 17 34 31 22 39 23 21 59 55 37 49 44 30 38 63 66 15 
911-10-12 1?1.912 = 10 19 18 25 87 59 55 37 49 54 94 67 96 20 72 12 
911-9-11 1?1.86 = 9 65 42 71 76 85 26 87 67 96 28 48 29 20 72 11 
911-10-11 1?1.845 = 10 19 18 25 87 59 55 37 49 54 94 67 96 28 29 11 
911-9-10 1?1.909 = 9 50 42 71 76 85 26 87 67 96 28 29 48 86 19 10 
911-9-12 1?2.123 = 9 65 42 71 76 85 26 59 55 37 49 44 54 94 67 96 20 72 12 
911-9-14 1?2.285 = 9 65 42 71 76 85 58 22 74 39 23 21 59 55 37 49 44 30 38 14 
911-10-13 1?1.888 = 10 19 86 48 29 28 20 96 67 94 54 49 37 44 40 13 
911-10-14 1?2.33 = 10 19 86 48 29 28 96 67 94 54 44 49 37 55 59 92 60 30 38 14 
911-9-13 1?2.124 = 9 65 42 71 76 85 58 22 74 39 23 21 59 55 37 49 44 40 13 
911-9-15 1?2.453 = 9 50 65 42 71 76 85 26 87 55 37 49 44 40 30 38 63 66 43 15 
911-10-15 1?2.452 = 10 19 86 48 28 20 72 96 67 94 54 44 49 37 55 59 92 60 43 15 
911-12-14 1?1.89 = 12 72 20 29 48 28 96 67 94 54 49 44 30 38 63 14 
911-11-14 1?1.841 = 11 86 48 29 28 20 72 96 67 94 54 44 40 30 38 14 
911-13-14 1?2.125 = 13 40 44 54 94 67 49 37 55 59 92 60 30 38 63 14 
911-11-12 1?2.058 = 11 20 28 25 87 59 55 37 49 44 54 94 67 96 72 12 
911-12-13 1?1.936 = 12 72 20 29 86 48 28 96 67 94 54 44 40 30 38 13 
911-11-13 1?1.86 = 11 86 48 29 28 20 72 96 67 94 54 49 37 44 40 13 
911-14-15 1?2.213 = 14 63 38 30 44 54 94 67 49 37 55 59 92 60 43 15 
911-13-15 1?2.198 = 13 40 44 54 94 49 37 55 59 21 95 98 99 52 43 15 
911-12-15 1?2.068 = 12 72 20 29 48 28 96 67 94 54 44 40 30 38 63 66 43 15 
911-11-15 1?2.213 = 11 86 48 29 28 96 67 94 54 44 49 37 55 59 21 92 60 43 15 
stop
