start
311-0-1 1?2.033 = 0 55 99 71 61 78 23 60 36 19 31 91 54 20 1 
311-0-2 1?1.916 = 0 24 46 92 71 61 78 23 60 36 19 91 95 2 
311-0-3 1?2.112 = 0 72 24 46 92 71 61 78 23 60 36 51 68 89 82 80 3 
311-0-4 1?2.387 = 0 72 24 46 92 71 61 78 23 60 36 19 31 91 89 82 4 
311-0-5 1?2.569 = 0 72 24 20 54 34 38 91 31 19 36 60 23 51 68 97 88 64 5 
311-0-6 1?2.613 = 0 24 46 92 79 36 60 23 78 61 21 69 93 74 67 43 39 6 
311-0-7 1?2.641 = 0 24 46 92 79 36 60 23 78 61 21 69 93 74 57 63 47 62 7 
311-0-8 1?2.523 = 0 24 20 54 38 91 31 19 36 60 23 86 74 57 63 47 62 77 8 
311-0-9 1?2.445 = 0 55 99 85 21 69 93 84 35 48 76 70 30 25 45 18 73 56 98 75 9 
311-0-10 1?2.384 = 0 24 46 92 71 61 21 69 93 84 35 48 76 70 30 25 45 18 37 10 
311-0-11 1?2.351 = 0 24 46 92 71 61 21 69 93 84 35 48 76 70 30 25 45 27 11 
311-0-12 1?2.464 = 0 72 24 46 92 71 61 21 69 93 84 35 48 76 30 70 29 83 12 
311-0-13 1?2.392 = 0 72 24 46 92 36 60 23 78 61 71 85 41 52 96 13 
311-0-14 1?2.201 = 0 24 20 54 38 91 31 19 79 92 55 49 40 28 58 14 
311-0-15 1?2.1 = 0 72 24 20 54 38 91 31 19 79 46 92 55 50 44 15 
311-1-2 1?1.819 = 1 24 46 92 71 61 78 23 60 36 19 91 95 2 
311-1-3 1?1.79 = 1 24 20 54 34 95 38 91 31 19 68 89 82 80 3 
311-1-4 1?2.165 = 1 20 54 38 91 31 19 36 60 71 61 78 23 51 68 97 4 
311-1-5 1?2.236 = 1 20 54 38 91 31 19 36 60 71 61 78 23 51 88 64 5 
311-1-6 1?2.424 = 1 20 54 38 91 31 19 36 60 23 71 61 78 86 33 67 43 39 6 
311-1-7 1?2.449 = 1 34 54 38 91 31 19 36 60 71 61 78 86 74 57 63 47 62 7 
311-1-8 1?2.452 = 1 20 54 91 31 19 36 60 23 71 61 78 86 74 57 63 47 62 77 8 
311-1-9 1?2.423 = 1 34 38 91 31 19 36 60 71 61 21 69 93 84 35 42 26 59 75 9 
311-1-10 1?2.374 = 1 20 54 91 31 19 36 60 23 78 69 93 84 35 48 76 70 30 25 45 37 10 
311-1-11 1?2.325 = 1 72 24 46 92 71 61 21 69 93 84 35 48 76 70 30 25 45 27 11 
311-1-12 1?2.368 = 1 20 91 31 19 36 60 71 61 21 69 93 84 53 41 32 83 12 
311-1-13 1?2.319 = 1 34 38 91 31 19 36 60 23 78 61 71 85 41 52 96 13 
311-1-14 1?2.026 = 1 20 54 38 91 31 19 79 92 55 50 49 40 28 58 14 
311-1-15 1?1.985 = 1 20 54 34 38 91 31 19 79 46 92 99 55 50 44 15 
311-2-3 1?1.594 = 2 95 34 38 91 31 19 36 60 51 68 89 82 80 3 
311-2-4 1?1.776 = 2 95 34 54 38 91 31 19 36 60 51 68 89 82 4 
311-2-5 1?1.881 = 2 95 34 38 91 31 19 36 60 51 68 97 88 64 5 
311-2-6 1?2.205 = 2 95 34 38 91 31 19 36 60 71 61 78 86 33 67 43 39 6 
311-2-7 1?2.209 = 2 95 34 38 91 31 19 36 60 23 71 61 78 86 33 67 43 7 
311-2-8 1?2.239 = 2 95 34 54 38 91 31 19 36 60 23 86 33 74 57 63 47 62 77 8 
311-2-9 1?2.295 = 2 95 34 38 91 31 19 36 60 71 61 21 69 93 84 35 42 26 59 75 9 
311-2-10 1?2.214 = 2 95 38 91 31 19 36 60 23 78 69 93 84 35 48 76 70 30 25 45 37 10 
311-2-11 1?2.259 = 2 95 38 91 31 19 36 60 71 61 21 69 93 84 35 48 76 30 70 29 11 
311-2-12 1?2.231 = 2 95 38 91 31 19 36 60 71 61 21 69 93 84 53 41 32 83 12 
311-2-13 1?2.19 = 2 95 34 54 38 91 31 19 36 60 71 61 21 53 41 52 96 13 
311-2-14 1?2.03 = 2 95 38 91 31 19 36 60 23 78 61 71 85 49 40 28 58 14 
311-2-15 1?1.782 = 2 95 34 38 54 91 31 19 79 46 92 99 55 50 44 15 
311-3-4 1?2.083 = 3 80 82 89 19 31 91 79 36 60 23 51 68 97 4 
311-3-5 1?2.144 = 3 80 89 68 36 60 71 61 78 23 51 97 88 64 5 
311-3-6 1?2.121 = 3 80 82 89 68 51 36 60 23 86 74 67 43 39 6 
311-3-7 1?2.239 = 3 80 82 89 68 51 36 60 23 86 33 74 57 63 47 62 7 
311-3-8 1?2.375 = 3 80 82 89 68 36 60 71 61 78 23 86 74 57 63 47 62 77 8 
311-3-9 1?2.317 = 3 80 82 89 68 36 60 71 61 21 69 93 84 35 42 26 59 75 9 
311-3-10 1?2.331 = 3 80 82 89 68 36 60 71 61 21 69 93 84 35 48 76 70 30 25 45 37 10 
311-3-11 1?2.353 = 3 80 82 89 68 36 60 71 61 21 69 93 84 35 48 76 30 25 45 27 11 
311-3-12 1?2.43 = 3 80 82 89 68 51 36 60 23 78 61 21 69 93 84 53 41 32 83 12 
311-3-13 1?2.425 = 3 80 82 89 68 36 60 23 78 61 21 69 93 84 81 41 52 96 13 
311-3-14 1?2.314 = 3 80 82 89 91 31 19 36 60 23 78 61 71 85 49 40 28 58 14 
311-3-15 1?2.085 = 3 80 82 89 68 36 60 23 78 61 71 85 99 55 50 44 15 
311-4-5 1?2.352 = 4 82 89 19 31 91 79 36 60 23 51 97 88 64 5 
311-4-6 1?2.334 = 4 82 89 68 51 36 60 23 86 33 74 67 43 39 6 
311-4-7 1?2.472 = 4 82 89 68 36 60 23 78 61 21 69 93 74 67 43 7 
311-4-8 1?2.477 = 4 82 68 36 60 71 61 21 69 93 74 57 63 47 62 77 8 
311-4-9 1?2.433 = 4 82 89 68 51 23 71 61 21 69 93 84 35 42 26 59 75 9 
311-4-10 1?2.386 = 4 97 51 36 60 71 61 21 69 93 84 35 48 76 70 30 25 45 37 10 
311-4-11 1?2.425 = 4 97 68 36 60 71 61 21 69 93 84 35 48 76 30 25 45 27 11 
311-4-12 1?2.559 = 4 82 89 68 51 36 60 23 71 61 21 69 93 84 53 41 32 83 12 
311-4-13 1?2.55 = 4 82 89 68 51 36 60 23 78 61 21 69 93 84 53 41 52 96 13 
311-4-14 1?2.531 = 4 97 68 36 60 23 78 61 21 69 93 84 53 41 52 28 40 58 14 
311-4-15 1?2.513 = 4 82 89 19 31 91 79 36 60 23 78 61 71 85 99 55 50 44 15 
311-5-6 1?2.446 = 5 64 88 97 68 36 60 23 86 33 74 67 43 39 6 
311-5-7 1?2.275 = 5 64 94 66 39 43 63 17 26 42 59 22 77 62 7 
311-5-8 1?2.216 = 5 64 94 66 39 43 63 17 26 42 59 22 62 77 8 
311-5-9 1?2.398 = 5 94 66 43 63 17 22 26 42 59 56 73 18 25 45 37 98 75 9 
311-5-10 1?2.433 = 5 94 66 43 63 17 26 42 59 98 56 73 18 48 76 30 25 45 37 10 
311-5-11 1?2.583 = 5 64 88 51 36 60 71 61 21 69 93 84 35 48 76 70 30 25 45 27 11 
311-5-12 1?2.53 = 5 94 66 43 63 17 26 42 59 56 73 18 45 25 30 76 70 29 83 12 
311-5-13 1?2.668 = 5 64 88 97 68 36 60 23 71 61 21 69 93 84 53 41 52 96 13 
311-5-14 1?2.646 = 5 64 88 97 68 51 36 60 23 78 61 71 85 99 55 49 40 28 58 14 
311-5-15 1?2.675 = 5 64 88 97 68 51 36 60 23 78 61 71 85 99 49 40 28 58 44 15 
311-6-7 1?2.202 = 6 94 66 39 43 63 17 42 59 26 22 47 62 77 7 
311-6-8 1?2.162 = 6 94 66 39 43 67 57 63 17 26 42 59 22 62 77 8 
311-6-9 1?1.962 = 6 39 43 63 17 26 42 59 56 73 18 25 45 37 98 9 
311-6-10 1?2.349 = 6 39 43 63 17 22 26 42 59 56 73 18 48 76 90 70 30 25 45 37 10 
311-6-11 1?2.542 = 6 39 43 47 63 17 26 42 59 98 56 73 18 45 25 30 70 76 48 90 29 11 
311-6-12 1?2.352 = 6 39 43 63 17 26 42 59 98 56 73 18 45 25 30 76 70 29 83 12 
311-6-13 1?2.569 = 6 39 43 63 17 26 42 59 98 56 73 18 48 76 30 70 90 32 96 13 
311-6-14 1?2.681 = 6 39 43 63 17 26 42 59 56 73 18 30 70 90 41 52 28 40 58 14 
311-6-15 1?2.75 = 6 39 43 67 74 93 69 21 61 78 23 60 71 85 99 55 50 44 15 
311-7-8 1?2.188 = 7 43 63 17 26 42 59 56 73 18 25 45 37 98 75 8 
311-7-9 1?1.956 = 7 43 63 17 26 42 59 56 73 18 25 45 37 98 75 9 
311-7-10 1?1.821 = 7 77 62 47 63 17 26 42 59 98 56 18 25 45 37 10 
311-7-11 1?2.321 = 7 62 47 63 17 26 42 59 98 56 73 18 45 25 30 70 76 48 90 29 11 
311-7-12 1?2.31 = 7 62 77 22 26 42 59 56 73 18 45 25 30 70 76 48 90 32 83 12 
311-7-13 1?2.467 = 7 62 77 22 26 42 59 98 56 73 18 45 25 30 70 76 48 90 32 96 13 
311-7-14 1?2.565 = 7 62 77 22 26 42 59 56 73 18 45 25 30 70 90 41 52 40 28 58 14 
311-7-15 1?2.676 = 7 62 22 26 42 59 56 73 18 45 25 30 76 70 90 41 52 40 28 58 44 15 
311-8-9 1?1.82 = 8 77 62 47 63 17 26 42 59 56 73 18 25 45 37 9 
311-8-10 1?1.638 = 8 77 62 47 63 17 42 26 59 56 73 18 25 45 37 10 
311-8-11 1?2.097 = 8 77 62 47 63 17 26 42 59 56 73 18 45 25 30 76 70 29 11 
311-8-12 1?2.166 = 8 77 22 26 42 59 98 56 73 18 45 25 30 70 76 48 90 29 83 12 
311-8-13 1?2.408 = 8 77 62 22 26 42 59 98 56 73 18 45 25 30 70 76 48 90 32 96 13 
311-8-14 1?2.448 = 8 22 26 42 59 56 73 18 45 25 30 48 76 70 90 41 52 28 40 58 14 
311-8-15 1?2.535 = 8 22 26 42 59 56 73 18 45 25 30 76 48 90 41 52 40 28 58 44 15 
311-9-10 1?1.865 = 9 75 22 26 42 59 98 56 73 18 48 76 30 25 45 37 10 
311-9-11 1?1.868 = 9 75 59 26 42 73 18 48 76 90 70 30 25 45 37 27 11 
311-9-12 1?2.107 = 9 75 59 26 42 73 18 56 37 45 25 30 76 48 90 70 29 83 12 
311-9-13 1?2.226 = 9 75 98 56 73 18 45 25 30 70 90 76 48 35 81 41 52 96 13 
311-9-14 1?2.268 = 9 75 98 56 73 18 45 25 30 70 76 48 35 81 53 41 52 40 28 58 14 
311-9-15 1?2.392 = 9 75 98 56 73 18 45 25 30 70 76 48 35 81 53 41 52 28 40 58 44 15 
311-10-11 1?1.854 = 10 37 98 59 26 42 73 18 45 25 30 70 76 48 90 29 11 
311-10-12 1?1.895 = 10 37 18 73 56 98 59 26 42 48 76 30 70 90 29 83 12 
311-10-13 1?2.066 = 10 37 45 25 18 73 56 59 26 42 48 76 30 70 90 32 96 13 
311-10-14 1?2.116 = 10 37 56 73 18 45 25 30 70 76 48 35 81 41 52 28 40 58 14 
311-10-15 1?2.296 = 10 37 56 73 18 45 25 30 70 76 48 35 81 53 41 52 40 28 58 44 15 
311-11-12 1?1.973 = 11 27 25 45 18 73 56 98 59 26 42 48 76 30 70 29 83 12 
311-11-13 1?2.083 = 11 27 45 25 18 73 59 26 42 48 76 30 70 90 32 96 13 
311-11-14 1?2.028 = 11 27 45 25 18 73 48 76 30 70 90 41 52 40 28 58 14 
311-11-15 1?2.36 = 11 27 45 25 30 70 76 48 35 81 84 93 69 21 85 99 55 50 44 15 
311-12-13 1?2.35 = 12 29 25 45 18 73 59 26 42 48 76 30 70 90 32 96 13 
311-12-14 1?2.289 = 12 83 29 90 70 30 76 48 35 81 53 41 52 40 28 87 65 14 
311-12-15 1?2.286 = 12 83 32 41 53 84 93 69 21 61 71 99 55 50 44 15 
311-13-14 1?2.324 = 13 96 32 90 70 30 76 48 35 81 53 41 52 40 28 58 14 
311-13-15 1?2.283 = 13 96 52 41 53 84 93 69 21 61 71 99 55 50 44 15 
311-14-15 1?2.271 = 14 58 28 52 41 53 84 93 69 21 85 99 55 50 44 15 
stop
