start
34-0-2 1?2.113 = 0 70 54 29 87 72 84 53 97 42 39 30 52 71 18 2 
34-0-4 1?2.473 = 0 70 54 29 42 97 53 84 88 77 31 90 73 82 47 78 17 86 44 4 
34-0-1 1?2.251 = 0 70 54 29 87 72 84 53 97 42 52 71 18 30 39 1 
34-0-11 1?2.513 = 0 70 54 29 42 97 53 84 88 50 36 27 21 92 85 66 89 69 99 11 
34-0-10 1?2.552 = 0 87 72 53 84 88 50 36 27 21 92 38 61 20 23 34 32 37 10 
34-0-8 1?2.446 = 0 70 54 29 42 97 77 31 55 67 62 60 64 48 45 96 46 75 33 8 
34-0-5 1?2.54 = 0 70 54 29 42 97 77 31 55 67 62 60 64 48 98 65 43 63 49 91 5 
34-0-9 1?2.589 = 0 54 29 42 97 77 31 55 62 60 64 48 45 96 46 75 33 93 9 
34-0-3 1?2.388 = 0 70 54 29 97 53 84 88 77 31 90 73 82 47 17 78 83 3 
34-0-7 1?2.67 = 0 54 29 42 97 53 84 88 77 31 55 67 62 60 64 48 45 96 46 7 
34-0-6 1?2.575 = 0 70 54 29 42 97 53 84 88 77 31 55 67 62 60 64 48 98 65 25 6 
34-0-15 1?2.501 = 0 54 29 39 30 18 71 52 42 97 88 84 53 72 81 15 
34-0-14 1?2.35 = 0 70 54 29 42 97 53 84 88 56 74 19 80 59 28 57 14 
34-1-4 1?2.15 = 1 70 54 29 42 39 30 52 71 18 83 78 17 86 44 4 
34-1-3 1?2.215 = 1 39 30 52 77 31 55 67 79 95 73 82 47 78 83 3 
34-1-2 1?2.173 = 1 70 29 54 87 72 84 53 97 42 39 30 52 71 18 2 
34-0-13 1?2.298 = 0 70 54 29 42 97 53 84 88 56 74 19 80 59 28 57 13 
34-1-8 1?2.513 = 1 39 30 52 77 31 55 67 62 60 64 98 65 48 45 96 46 75 33 68 8 
34-1-5 1?2.077 = 1 39 30 52 77 31 55 67 79 95 43 63 49 91 5 
34-1-7 1?2.648 = 1 70 29 54 87 72 84 88 77 31 55 67 62 60 64 48 45 96 7 
34-0-12 1?2.529 = 0 54 29 42 97 53 84 88 50 36 27 21 92 66 89 26 16 12 
34-1-6 1?2.583 = 1 39 30 52 77 31 67 62 60 64 48 98 65 43 63 91 49 22 6 
34-1-14 1?2.41 = 1 70 54 29 42 97 53 84 88 56 74 19 80 59 28 57 14 
34-1-15 1?2.443 = 1 39 30 52 71 47 82 73 90 31 77 88 84 72 81 15 
34-2-4 1?2.158 = 2 18 52 77 31 55 67 79 95 73 82 17 86 44 4 
34-2-3 1?2.187 = 2 18 71 47 90 77 31 55 67 73 82 86 17 78 83 3 
34-1-10 1?2.749 = 1 39 30 52 77 31 55 67 62 60 64 98 65 48 94 23 34 32 37 10 
34-1-11 1?2.675 = 1 39 30 52 77 31 55 67 62 60 35 61 38 27 21 92 66 89 69 99 11 
34-1-9 1?2.581 = 1 39 30 52 77 31 55 67 62 60 64 48 45 96 46 75 33 68 93 9 
34-2-5 1?2.068 = 2 18 71 47 82 17 86 44 24 63 43 22 49 91 5 
34-1-13 1?2.358 = 1 70 54 29 42 97 53 84 88 56 74 19 80 59 28 57 13 
34-1-12 1?2.606 = 1 39 30 52 77 31 55 67 62 60 35 38 27 21 92 66 89 16 12 
34-2-6 1?2.5 = 2 18 71 47 82 73 90 77 31 55 67 62 60 64 48 65 43 22 6 
34-2-15 1?2.238 = 2 18 71 47 82 73 90 77 31 55 88 84 53 72 81 15 
34-2-14 1?2.6 = 2 18 71 90 67 62 36 27 21 92 66 19 58 59 28 57 14 
34-3-4 1?2.142 = 3 78 47 90 77 31 55 67 79 95 73 82 17 86 44 4 
34-3-5 1?1.995 = 3 78 47 82 73 95 79 64 48 98 65 43 63 91 5 
34-2-8 1?2.435 = 2 18 71 47 82 73 67 62 60 64 98 65 48 45 96 46 75 33 68 8 
34-2-11 1?2.646 = 2 18 71 47 82 73 67 62 60 35 27 21 92 66 85 19 26 16 11 
34-2-7 1?2.522 = 2 18 71 47 82 73 90 77 31 55 67 62 60 64 98 48 45 96 7 
34-2-10 1?2.724 = 2 18 71 47 82 73 95 79 67 62 60 35 61 20 23 34 32 76 37 10 
34-2-9 1?2.594 = 2 18 71 47 82 73 95 79 62 60 64 48 45 96 46 75 33 68 93 9 
34-2-13 1?2.461 = 2 18 71 90 67 62 60 35 27 21 92 66 19 58 59 28 13 
34-2-12 1?2.649 = 2 18 71 47 82 73 67 62 60 35 27 21 92 66 85 19 26 16 12 
34-3-14 1?2.608 = 3 78 47 73 67 62 60 35 27 21 92 66 85 19 58 59 28 57 14 
34-4-5 1?1.959 = 4 44 86 17 82 95 79 64 48 98 65 43 63 91 5 
34-3-8 1?2.314 = 3 78 17 86 82 73 67 62 60 64 48 45 96 46 75 33 93 68 8 
34-3-7 1?2.435 = 3 83 78 17 86 82 73 95 79 67 62 60 64 48 45 96 46 7 
34-3-15 1?2.582 = 3 83 78 17 47 82 73 95 79 67 55 31 77 88 84 53 72 81 15 
34-3-11 1?2.617 = 3 78 47 82 73 67 62 60 35 27 21 92 66 85 19 26 16 69 99 11 
34-3-10 1?2.674 = 3 83 78 17 86 82 73 95 79 67 62 60 35 61 20 23 34 32 37 10 
34-3-9 1?2.562 = 3 78 17 82 73 67 62 60 64 98 65 48 45 96 46 75 33 68 93 9 
34-3-6 1?2.279 = 3 83 78 17 86 82 73 95 79 62 60 64 48 98 65 43 22 6 
34-3-13 1?2.562 = 3 78 17 82 73 95 79 62 60 35 27 21 92 66 19 58 59 28 13 
34-3-12 1?2.623 = 3 83 78 17 82 73 67 62 60 35 27 21 92 66 85 19 26 16 12 
34-4-8 1?2.179 = 4 44 86 17 82 73 95 65 98 48 45 96 46 75 33 93 68 8 
34-4-7 1?2.242 = 4 44 86 17 82 73 67 62 60 64 98 65 48 45 96 46 7 
34-4-14 1?2.609 = 4 44 86 17 82 73 67 62 60 35 27 21 92 85 19 58 59 28 57 14 
34-5-6 1?2.032 = 5 91 49 63 43 95 79 67 62 60 64 48 65 25 6 
34-4-9 1?2.389 = 4 44 86 17 82 73 67 62 60 64 48 45 96 46 75 33 68 93 9 
34-4-10 1?2.588 = 4 44 86 17 47 82 73 95 79 62 60 35 61 20 23 34 32 76 37 10 
34-4-15 1?2.62 = 4 44 86 17 78 47 82 73 95 79 67 55 31 77 88 84 53 72 81 15 
34-4-6 1?2.124 = 4 44 86 17 47 82 73 95 79 62 60 64 48 98 65 25 6 
34-4-11 1?2.632 = 4 44 86 17 82 73 67 62 60 35 27 21 92 66 85 19 26 16 69 99 11 
34-4-13 1?2.548 = 4 44 86 17 82 73 67 62 60 35 27 21 92 66 85 19 80 59 28 13 
34-4-12 1?2.709 = 4 44 86 17 82 73 95 79 62 60 35 38 27 21 92 66 85 19 26 16 12 
34-6-8 1?1.86 = 6 22 49 63 43 65 98 48 45 96 46 75 33 68 8 
34-6-7 1?2.093 = 6 22 25 65 98 48 64 94 23 34 33 75 46 45 96 7 
34-5-7 1?2.025 = 5 91 49 63 43 65 98 48 64 94 23 45 96 46 7 
34-5-8 1?2.082 = 5 91 63 43 65 98 48 64 94 23 45 96 46 75 33 93 68 8 
34-5-9 1?2.263 = 5 49 91 24 63 43 65 98 64 48 45 96 46 75 33 68 93 9 
34-5-14 1?2.454 = 5 91 63 43 65 48 64 94 35 27 21 92 66 19 58 59 28 57 14 
34-5-10 1?2.444 = 5 91 63 43 65 98 48 94 35 27 21 92 38 61 20 23 34 32 37 10 
34-5-11 1?2.444 = 5 49 63 43 65 98 48 64 94 35 27 21 92 66 89 26 16 69 99 11 
34-5-15 1?2.569 = 5 91 49 63 43 65 98 48 64 60 62 67 55 31 77 88 84 72 81 15 
34-5-13 1?2.379 = 5 91 63 43 65 98 48 64 94 35 27 21 92 66 85 19 58 59 28 13 
34-5-12 1?2.592 = 5 91 63 43 65 98 48 64 94 20 61 35 27 21 92 66 85 19 26 16 12 
34-7-8 1?2.073 = 7 25 65 98 48 64 94 23 45 96 46 75 33 93 68 8 
34-6-10 1?2.331 = 6 25 65 48 64 94 35 27 21 92 38 61 20 23 34 32 37 10 
34-7-10 1?2.296 = 7 45 96 46 75 33 34 23 20 61 35 27 21 92 38 32 37 10 
34-6-9 1?2.261 = 6 22 49 63 43 65 98 64 48 45 96 46 75 33 93 68 9 
34-7-9 1?2.333 = 7 45 96 46 75 33 93 34 23 20 35 27 92 38 32 37 9 
34-6-11 1?2.414 = 6 22 25 65 98 48 64 94 35 27 21 92 66 19 26 16 69 99 11 
34-7-11 1?2.259 = 7 45 96 46 75 33 93 34 23 20 61 38 27 21 92 66 89 69 99 11 
34-6-14 1?2.541 = 6 22 43 65 98 48 64 94 35 27 21 92 66 85 19 58 59 28 57 14 
34-6-15 1?2.684 = 6 22 49 63 43 65 98 48 64 60 62 67 31 77 88 84 53 72 81 15 
34-6-13 1?2.517 = 6 25 65 98 48 64 94 23 20 61 35 27 21 92 66 85 19 58 59 28 13 
34-6-12 1?2.576 = 6 22 25 65 98 48 64 94 23 20 61 38 27 21 92 66 85 19 26 16 12 
34-8-11 1?1.937 = 8 68 93 34 23 20 61 38 27 21 92 85 66 89 69 99 11 
34-8-10 1?1.94 = 8 68 93 33 75 46 96 45 23 20 61 34 32 76 37 10 
34-8-9 1?1.958 = 8 68 93 33 75 46 96 45 23 20 61 34 32 76 37 9 
34-7-14 1?2.429 = 7 45 96 46 75 33 23 20 61 38 27 21 92 66 19 58 59 28 57 14 
34-8-14 1?2.303 = 8 68 93 34 23 20 61 35 27 21 92 66 85 19 58 59 28 57 14 
34-8-15 1?2.501 = 8 33 75 46 96 45 48 64 60 62 67 55 31 77 88 84 53 72 81 15 
34-7-15 1?2.745 = 7 45 96 46 75 33 68 93 34 23 20 61 35 36 50 88 84 72 81 15 
34-8-12 1?2.206 = 8 68 93 33 75 46 96 45 23 20 61 38 27 21 92 66 89 16 12 
34-8-13 1?2.208 = 8 33 75 46 96 45 23 20 61 38 27 21 92 66 85 19 58 59 28 13 
34-7-13 1?2.356 = 7 45 96 46 75 33 23 20 61 38 27 21 92 66 85 19 80 59 28 13 
34-7-12 1?2.379 = 7 45 96 46 75 33 68 93 34 23 20 61 38 27 92 66 89 16 12 
34-9-10 1?2.173 = 9 93 33 75 46 96 45 48 64 94 23 34 32 37 10 
34-10-11 1?2.057 = 10 37 32 34 23 20 61 38 27 21 92 85 66 89 69 99 11 
34-9-11 1?2.075 = 9 37 32 34 23 20 61 38 27 21 92 85 66 89 69 99 11 
34-10-12 1?2.088 = 10 37 76 32 34 23 20 61 38 27 21 92 66 89 16 12 
34-9-12 1?2.106 = 9 37 76 32 34 23 20 61 38 27 21 92 66 89 16 12 
34-9-14 1?2.38 = 9 37 32 34 23 20 61 38 27 21 92 66 85 19 58 59 28 57 14 
34-10-14 1?2.362 = 10 37 32 34 23 20 61 38 27 21 92 66 85 19 58 59 28 57 14 
34-9-15 1?2.605 = 9 37 32 34 23 20 61 38 27 21 92 66 85 74 56 84 53 72 81 15 
34-10-15 1?2.587 = 10 37 32 34 23 20 61 38 27 21 92 66 85 74 56 84 53 72 81 15 
34-10-13 1?2.198 = 10 37 32 34 23 20 61 38 27 21 92 66 85 19 58 59 28 13 
34-9-13 1?2.286 = 9 37 76 32 34 23 20 61 38 27 21 92 66 85 19 58 59 28 13 
34-12-14 1?2.284 = 12 16 26 89 66 92 27 21 85 19 80 58 59 28 57 14 
34-11-14 1?2.225 = 11 99 69 16 26 89 66 92 21 85 19 80 59 28 57 14 
34-13-14 1?2.569 = 13 28 59 58 19 85 66 92 21 27 35 36 50 74 80 14 
34-14-15 1?2.47 = 14 57 28 59 80 74 56 88 84 53 97 42 29 54 87 81 15 
34-13-15 1?2.352 = 13 28 59 58 19 66 92 21 36 50 88 84 53 72 81 15 
34-12-15 1?2.367 = 12 16 26 89 66 92 21 27 36 50 88 84 53 72 81 15 
34-11-12 1?2.275 = 11 69 76 32 34 23 20 61 35 27 21 92 66 89 16 12 
34-12-13 1?2.232 = 12 16 26 89 66 92 27 21 85 19 80 58 59 28 57 13 
34-11-13 1?2.173 = 11 99 69 16 26 89 66 92 21 85 19 80 59 28 57 13 
34-11-15 1?2.553 = 11 99 69 16 26 19 85 66 92 21 27 36 50 88 84 53 72 81 15 
stop
