start
109-0-2 1?2.261 = 0 51 69 76 81 56 68 85 46 62 59 57 39 87 25 2 
109-0-1 1?2.179 = 0 36 51 60 38 48 54 58 68 56 81 76 69 66 88 1 
109-0-10 1?2.347 = 0 51 69 76 81 56 68 85 83 28 90 47 99 79 49 72 86 70 10 
109-0-7 1?2.651 = 0 51 69 76 81 56 68 85 31 46 59 62 96 93 22 84 44 98 23 82 7 
109-0-6 1?2.567 = 0 51 69 76 81 56 68 85 31 46 59 62 96 93 84 44 98 23 29 6 
109-0-9 1?2.462 = 0 51 69 76 81 56 68 85 67 83 28 90 47 79 99 21 77 97 73 9 
109-0-5 1?2.568 = 0 51 69 76 81 56 68 85 46 62 96 93 22 84 44 98 23 29 5 
109-0-11 1?2.199 = 0 51 69 76 81 56 68 85 67 17 30 53 74 16 89 71 50 32 55 11 
109-0-3 1?2.193 = 0 51 69 76 81 56 68 85 46 62 59 40 33 80 63 3 
109-0-8 1?2.524 = 0 51 69 76 81 56 68 85 67 17 30 83 28 90 61 24 91 92 20 18 8 
109-0-4 1?2.475 = 0 51 36 69 76 81 56 68 85 31 46 62 59 40 33 80 63 4 
109-0-15 1?1.789 = 0 51 69 76 81 58 48 54 41 65 35 42 38 60 15 
109-0-13 1?2.105 = 0 51 36 69 76 81 56 68 85 67 17 54 48 41 65 95 13 
109-1-2 1?2.229 = 1 88 36 51 58 68 85 56 81 76 69 66 39 87 25 2 
109-0-12 1?1.957 = 0 51 69 76 81 56 68 67 17 30 53 74 16 89 71 50 94 12 
109-1-6 1?2.366 = 1 88 69 76 81 56 68 85 46 59 62 96 93 84 44 98 23 29 6 
109-1-3 1?2.182 = 1 88 69 76 81 56 68 85 46 62 59 40 33 80 63 3 
109-0-14 1?1.744 = 0 51 69 76 81 56 68 85 67 17 54 48 41 65 35 14 
109-1-7 1?2.45 = 1 88 69 76 81 56 68 85 46 59 62 96 93 22 84 44 98 23 82 7 
109-1-4 1?2.44 = 1 88 36 51 69 76 81 56 68 85 46 96 62 59 40 33 80 63 4 
109-1-8 1?2.474 = 1 88 69 76 81 56 68 85 67 17 30 28 90 61 24 91 92 20 18 8 
109-1-5 1?2.557 = 1 88 69 76 81 56 68 85 46 62 96 93 22 84 44 98 23 29 5 
109-1-15 1?1.819 = 1 88 69 76 81 56 58 48 54 41 65 35 42 38 15 
109-2-6 1?2.308 = 2 25 39 87 52 80 33 40 59 62 96 93 22 84 44 98 23 29 6 
109-1-13 1?2.225 = 1 88 69 76 81 56 68 67 30 53 74 16 89 71 50 94 27 75 13 
109-1-12 1?2.178 = 1 88 69 76 81 56 68 85 67 17 30 53 74 16 89 64 71 50 94 27 12 
109-2-4 1?2.425 = 2 25 87 39 57 76 81 56 68 85 46 59 40 33 80 4 
109-1-9 1?2.501 = 1 88 69 76 81 56 68 85 67 17 30 83 28 90 61 24 21 77 97 73 9 
109-1-10 1?2.489 = 1 88 69 76 81 56 68 85 67 17 30 53 74 16 89 71 50 32 55 70 10 
109-2-3 1?2.45 = 2 66 69 76 81 56 68 85 46 62 59 40 33 80 63 3 
109-2-5 1?2.526 = 2 25 39 87 52 80 33 40 59 62 96 93 22 84 44 98 23 29 5 
109-1-11 1?2.366 = 1 88 69 76 81 56 68 85 67 17 30 83 28 90 47 99 79 49 72 32 55 11 
109-1-14 1?1.873 = 1 88 66 69 76 81 56 68 85 67 17 54 48 41 65 35 14 
109-2-15 1?2.046 = 2 66 69 76 81 58 48 54 41 65 35 42 38 60 15 
109-2-12 1?2.335 = 2 66 69 76 81 56 68 85 67 17 30 53 74 16 89 71 50 94 27 12 
109-2-13 1?2.321 = 2 25 87 39 57 66 69 76 81 56 58 48 54 41 42 35 65 95 13 
109-3-4 1?2.594 = 3 25 39 57 76 81 56 68 85 46 62 59 40 33 80 4 
109-2-9 1?2.656 = 2 25 39 87 52 33 40 59 62 96 93 22 84 92 91 24 61 21 77 97 73 9 
109-3-5 1?2.533 = 3 25 39 87 52 33 40 59 62 96 93 84 44 98 23 29 5 
109-2-10 1?2.682 = 2 66 69 76 81 56 68 67 17 30 53 74 16 89 71 50 32 55 70 10 
109-2-7 1?2.696 = 2 66 88 69 76 81 56 68 85 46 59 62 96 93 22 84 44 98 82 7 
109-2-8 1?2.729 = 2 25 39 87 52 33 40 59 62 46 31 45 61 24 91 92 20 18 37 8 
109-2-11 1?2.55 = 2 66 88 69 76 81 56 68 85 67 17 30 53 74 16 89 71 50 32 55 11 
109-2-14 1?2.056 = 2 25 87 39 57 66 69 76 81 56 58 48 54 41 65 35 42 14 
109-3-6 1?2.315 = 3 25 39 87 52 33 40 59 62 96 93 84 44 98 23 29 6 
109-3-15 1?2.49 = 3 25 39 66 69 76 81 56 58 48 54 41 65 35 42 38 60 15 
109-3-13 1?2.46 = 3 25 87 39 57 66 69 76 81 56 58 48 54 41 65 42 35 95 13 
109-3-9 1?2.487 = 3 52 80 33 40 59 62 96 93 22 84 92 91 24 61 21 77 97 73 9 
109-3-12 1?2.482 = 3 52 33 40 59 62 96 93 22 91 24 61 99 79 49 89 71 50 94 27 12 
109-4-5 1?2.485 = 4 63 80 33 40 59 62 96 31 45 22 84 44 98 23 29 5 
109-3-10 1?2.729 = 3 63 80 33 40 59 62 96 93 22 84 44 92 91 24 61 99 79 49 72 86 10 
109-3-7 1?2.732 = 3 52 33 40 59 62 46 31 45 61 24 91 92 84 44 98 23 82 7 
109-3-8 1?2.621 = 3 63 80 33 40 59 62 96 93 22 91 24 61 21 77 97 34 26 8 
109-3-11 1?2.617 = 3 52 33 40 59 62 96 93 22 84 92 91 24 61 47 99 79 49 72 32 55 11 
109-3-14 1?2.384 = 3 25 87 39 57 66 88 69 76 81 56 68 58 48 54 41 65 35 42 14 
109-5-6 1?2.656 = 5 4 63 80 33 40 59 62 96 31 45 22 84 44 98 23 29 6 
109-4-6 1?2.267 = 4 63 80 33 40 59 62 96 31 45 22 84 44 98 23 29 6 
109-4-9 1?2.21 = 4 63 80 33 40 59 62 96 93 22 91 24 61 21 77 97 73 9 
109-4-7 1?2.342 = 4 63 80 33 40 59 62 46 31 45 22 84 44 98 23 82 7 
109-4-15 1?2.553 = 4 63 80 33 40 59 62 96 46 85 68 56 81 76 69 51 60 38 15 
109-4-13 1?2.68 = 4 63 80 33 40 59 62 46 31 28 30 53 74 16 89 71 50 94 27 75 13 
109-4-8 1?2.398 = 4 63 80 33 40 59 62 96 93 22 91 24 61 21 77 34 26 8 
109-4-10 1?2.616 = 4 63 80 33 40 59 62 96 93 22 92 91 24 61 99 79 49 72 86 70 10 
109-4-12 1?2.536 = 4 63 80 33 40 59 62 96 93 22 91 24 61 99 79 49 72 89 71 50 94 27 12 
109-4-11 1?2.473 = 4 63 80 33 40 59 62 96 93 22 84 92 91 24 61 99 79 49 72 32 55 11 
109-4-14 1?2.494 = 4 63 80 33 40 59 62 96 46 85 68 56 58 48 54 41 65 35 42 14 
109-5-7 1?2.647 = 5 29 23 98 44 84 22 93 96 45 61 24 91 20 18 37 7 
109-5-9 1?2.435 = 5 29 23 98 44 84 92 91 24 61 47 99 21 77 97 73 9 
109-6-7 1?2.429 = 6 29 23 98 44 84 22 93 96 45 61 24 91 20 18 37 7 
109-6-8 1?2.165 = 6 29 23 98 44 84 92 91 24 61 21 77 97 34 26 8 
109-5-13 1?2.562 = 5 29 23 98 44 92 91 24 61 99 79 49 89 71 50 94 27 75 13 
109-5-10 1?2.499 = 5 29 23 98 44 84 92 91 24 61 47 99 79 49 72 86 70 10 
109-5-15 1?2.711 = 5 29 23 98 44 84 92 91 24 61 90 28 83 67 17 54 48 38 60 15 
109-5-8 1?2.48 = 5 29 23 98 44 84 92 91 24 61 21 77 97 73 34 26 8 
109-5-12 1?2.498 = 5 29 23 98 44 84 92 91 24 61 99 79 49 74 16 89 71 50 94 27 12 
109-5-11 1?2.433 = 5 29 23 98 44 84 92 91 24 61 99 79 49 89 71 50 32 55 11 
109-5-14 1?2.704 = 5 29 23 98 44 92 91 24 61 90 28 83 67 17 54 48 41 65 35 14 
109-7-9 1?2.007 = 7 82 23 98 44 84 92 91 24 61 21 77 34 97 73 9 
109-6-9 1?1.961 = 6 29 23 98 44 84 92 91 24 61 21 77 34 97 73 9 
109-7-11 1?1.923 = 7 37 18 20 92 91 24 61 47 99 79 49 72 32 55 11 
109-7-10 1?2.081 = 7 82 23 98 44 84 92 91 24 61 21 77 34 97 73 10 
109-7-8 1?2.192 = 7 82 98 44 84 92 91 24 61 21 77 97 73 34 26 8 
109-6-10 1?2.26 = 6 29 23 98 44 84 92 91 24 61 99 79 49 72 32 55 70 10 
109-6-13 1?2.401 = 6 29 23 98 44 84 92 91 24 61 99 79 49 89 71 50 94 27 75 13 
109-6-15 1?2.578 = 6 29 23 98 44 92 91 24 61 90 28 30 53 78 41 54 48 38 60 15 
109-6-11 1?2.158 = 6 29 23 98 44 92 91 24 61 99 79 49 89 71 50 32 55 11 
109-6-12 1?2.506 = 6 29 23 98 44 84 92 91 24 61 47 99 79 49 74 16 89 64 71 50 94 27 12 
109-6-14 1?2.53 = 6 29 23 98 44 84 92 91 24 61 90 28 83 30 53 78 41 65 35 42 14 
109-8-10 1?2.041 = 8 37 18 20 92 91 24 61 99 79 49 72 32 55 70 10 
109-8-11 1?1.845 = 8 18 20 92 91 24 61 90 47 99 79 49 72 32 55 11 
109-8-9 1?2.073 = 8 18 20 92 91 24 61 99 79 49 72 86 77 97 73 9 
109-7-12 1?2.129 = 7 37 18 20 92 91 24 61 99 79 49 74 16 89 71 50 94 27 12 
109-8-12 1?2.015 = 8 37 18 20 92 91 24 61 99 79 49 74 16 89 71 50 94 12 
109-7-15 1?2.7 = 7 82 23 98 44 84 92 91 24 61 90 28 83 30 53 78 41 54 48 38 15 
109-8-13 1?2.255 = 8 18 20 92 91 24 61 99 79 49 74 16 89 71 50 94 27 75 13 
109-7-13 1?2.436 = 7 37 18 20 92 91 24 61 99 79 49 74 16 89 71 50 94 27 75 13 
109-8-15 1?2.655 = 8 18 20 92 91 24 61 99 79 49 89 71 64 19 78 41 54 48 38 60 15 
109-8-14 1?2.517 = 8 18 20 92 91 24 61 99 79 49 89 71 50 94 27 75 95 65 35 42 14 
109-7-14 1?2.63 = 7 37 18 20 92 91 24 61 47 99 79 49 74 16 19 95 65 35 42 14 
109-10-12 1?1.628 = 10 70 86 72 49 79 99 47 74 16 89 71 50 94 12 
109-9-11 1?1.776 = 9 73 97 34 20 92 91 24 61 99 79 49 72 32 55 11 
109-9-10 1?1.93 = 9 73 97 77 21 99 79 49 89 71 50 32 55 70 10 
109-10-11 1?1.895 = 10 70 86 72 49 74 16 89 71 64 27 94 50 32 55 11 
109-9-12 1?1.895 = 9 73 97 34 77 21 99 79 72 49 74 16 89 71 50 94 27 12 
109-10-13 1?2.075 = 10 70 55 32 72 49 79 99 47 74 16 89 71 50 94 27 75 13 
109-9-13 1?2.148 = 9 73 97 77 21 99 47 79 49 74 16 89 71 50 94 27 75 13 
109-10-15 1?2.351 = 10 70 55 32 50 71 89 16 74 78 65 35 42 41 54 48 38 60 15 
109-9-15 1?2.556 = 9 73 97 77 21 99 79 49 74 16 89 64 19 78 41 54 48 38 60 15 
109-10-14 1?2.246 = 10 86 72 49 79 99 47 74 16 89 71 50 64 19 95 65 35 42 14 
109-9-14 1?2.373 = 9 73 97 34 77 21 99 79 49 89 71 50 94 27 75 95 65 35 42 14 
109-11-12 1?1.421 = 11 55 32 72 49 79 99 47 74 16 89 71 50 94 12 
109-12-13 1?1.692 = 12 27 94 50 71 89 49 79 99 47 74 16 19 95 13 
109-13-15 1?1.897 = 13 75 27 94 50 71 89 16 74 78 41 54 48 38 60 15 
109-12-15 1?1.736 = 12 27 94 50 71 89 16 74 53 78 41 54 48 38 15 
109-14-15 1?1.766 = 14 42 35 65 41 54 48 58 81 76 69 51 60 38 15 
109-11-13 1?1.874 = 11 55 32 72 49 79 47 74 16 19 64 71 50 94 27 75 13 
109-13-14 1?1.753 = 13 75 27 94 50 71 89 16 74 78 41 65 35 42 14 
109-12-14 1?1.557 = 12 27 94 50 71 64 89 16 74 78 41 65 35 42 14 
109-11-15 1?2.324 = 11 55 32 50 71 64 19 89 16 74 78 41 65 35 42 48 38 60 15 
109-11-14 1?1.988 = 11 55 32 72 49 74 16 89 71 50 94 27 75 95 35 65 42 14 
stop
