start
507-0-2 1?2.129 = 0 68 25 90 21 80 97 31 48 99 87 61 94 60 56 2 
507-0-3 1?1.951 = 0 68 83 25 34 95 90 21 80 97 31 48 65 56 60 3 
507-0-1 1?1.958 = 0 68 47 83 25 90 21 80 97 31 48 65 37 95 34 1 
507-0-4 1?2.315 = 0 68 83 25 34 95 37 21 80 97 31 48 99 33 87 61 66 94 82 16 4 
507-0-9 1?2.37 = 0 68 83 93 97 80 31 30 26 24 81 19 57 28 77 41 32 89 9 
507-0-11 1?2.306 = 0 68 25 90 21 80 31 30 26 24 81 19 57 64 49 91 38 43 11 
507-0-5 1?2.463 = 0 68 25 34 90 21 80 97 31 30 24 26 53 33 99 87 54 74 20 5 
507-0-10 1?2.369 = 0 68 25 34 95 37 21 80 97 31 30 24 81 19 57 64 49 73 10 
507-0-8 1?2.477 = 0 68 25 90 21 80 97 31 48 99 33 92 98 23 36 39 59 40 8 
507-0-6 1?2.537 = 0 68 83 25 34 90 21 80 97 31 48 99 33 92 98 23 36 39 22 84 6 
507-0-7 1?2.572 = 0 68 83 25 34 95 37 21 80 97 31 30 26 53 92 98 23 36 39 22 84 7 
507-1-4 1?1.949 = 1 34 95 37 21 80 97 31 48 65 56 60 94 82 16 4 
507-0-15 1?1.999 = 0 47 83 25 34 95 90 21 80 97 93 58 79 17 63 15 
507-1-2 1?2.112 = 1 34 25 90 21 80 97 31 48 99 87 61 94 60 56 2 
507-0-13 1?2.246 = 0 68 25 34 95 37 21 80 31 30 26 24 69 78 62 72 85 13 
507-1-3 1?1.876 = 1 45 95 34 25 90 21 80 97 31 48 65 56 60 3 
507-0-14 1?1.882 = 0 68 83 25 34 95 37 21 80 97 58 79 17 86 46 35 14 
507-1-5 1?2.057 = 1 95 34 25 90 21 80 97 31 48 99 87 54 74 20 5 
507-1-8 1?2.581 = 1 95 34 25 90 21 80 97 31 48 99 33 92 98 23 36 44 51 59 40 8 
507-0-12 1?2.28 = 0 68 25 90 21 80 97 31 30 26 24 81 69 78 62 72 85 12 
507-1-7 1?2.373 = 1 95 34 25 90 21 80 97 31 48 99 33 92 98 23 36 39 22 84 7 
507-1-6 1?2.373 = 1 95 34 90 21 80 97 31 48 99 33 92 98 23 36 39 22 84 6 
507-1-12 1?2.241 = 1 34 95 37 21 80 97 31 30 26 24 81 69 78 62 72 85 12 
507-2-4 1?2.083 = 2 45 95 34 25 90 97 80 21 65 56 60 94 82 16 4 
507-1-10 1?2.341 = 1 95 34 25 90 21 80 97 31 30 26 24 81 19 57 64 49 73 10 
507-2-3 1?1.981 = 2 45 95 34 25 90 21 80 97 31 48 65 56 60 3 
507-2-5 1?2.219 = 2 45 95 34 25 90 21 80 31 48 99 87 54 74 20 5 
507-1-9 1?2.365 = 1 34 95 37 21 80 97 31 30 26 24 81 19 96 28 77 41 32 89 9 
507-1-15 1?2.077 = 1 34 95 37 21 80 97 31 30 26 24 69 78 17 79 15 
507-1-13 1?2.182 = 1 34 25 90 21 80 97 31 30 26 24 69 78 62 72 85 13 
507-1-14 1?1.951 = 1 45 95 34 25 90 21 80 97 58 79 17 63 86 46 35 14 
507-1-11 1?2.232 = 1 34 95 37 21 80 97 31 30 26 24 81 19 57 64 49 91 38 11 
507-2-6 1?2.487 = 2 56 60 94 66 61 74 54 87 99 33 92 98 23 36 39 22 84 6 
507-3-4 1?2.201 = 3 56 60 94 66 61 87 99 33 92 98 23 36 71 20 4 
507-2-12 1?2.431 = 2 45 95 34 25 90 21 80 31 30 26 24 69 78 62 72 85 12 
507-2-10 1?2.44 = 2 45 95 37 21 80 97 31 30 26 24 81 19 57 64 49 73 10 
507-2-9 1?2.424 = 2 37 21 80 97 31 30 26 24 81 19 57 28 77 41 32 89 9 
507-2-8 1?2.621 = 2 45 95 34 90 21 80 31 48 99 33 92 98 23 44 51 59 40 8 
507-3-5 1?2.136 = 3 56 60 94 66 61 87 99 33 92 98 23 36 71 20 5 
507-2-15 1?2.218 = 2 45 37 95 34 25 90 21 80 31 97 93 58 79 17 63 15 
507-2-13 1?2.383 = 2 45 95 34 90 97 80 31 30 26 24 69 78 62 72 85 13 
507-2-11 1?2.412 = 2 45 95 37 21 80 97 31 30 26 24 81 19 57 64 49 91 38 11 
507-2-14 1?2.319 = 2 45 95 34 90 21 80 97 31 30 26 24 69 78 86 46 35 14 
507-2-7 1?2.472 = 2 45 95 37 21 80 97 31 48 99 33 92 98 23 36 39 22 84 7 
507-3-12 1?2.58 = 3 56 60 94 61 87 99 33 92 98 53 26 30 24 69 78 62 72 85 12 
507-4-5 1?2.217 = 4 16 82 94 66 74 54 87 99 33 92 98 23 36 71 20 5 
507-3-10 1?2.605 = 3 60 94 66 61 87 99 33 92 98 23 44 51 96 28 77 42 41 32 89 55 10 
507-3-6 1?2.176 = 3 60 16 82 94 61 87 99 33 92 98 23 36 39 22 84 6 
507-3-8 1?2.513 = 3 56 60 94 82 16 66 61 87 99 33 92 98 23 36 44 51 59 40 8 
507-3-9 1?2.381 = 3 60 94 66 61 87 99 33 92 98 23 44 51 96 28 77 42 41 32 89 9 
507-3-15 1?2.159 = 3 60 56 65 48 31 97 80 21 90 95 34 25 83 47 15 
507-3-7 1?2.305 = 3 56 60 94 82 16 66 61 87 99 33 92 98 23 36 39 22 84 7 
507-3-13 1?2.552 = 3 56 60 94 61 87 99 33 92 98 53 26 30 24 69 78 62 72 85 13 
507-3-14 1?2.511 = 3 56 60 94 66 61 87 99 33 92 98 53 26 30 24 81 69 78 86 46 14 
507-3-11 1?2.574 = 3 56 60 94 61 87 99 33 92 98 23 44 51 96 28 77 64 49 91 38 43 11 
507-4-8 1?2.433 = 4 16 82 94 66 74 54 87 99 33 92 98 23 36 44 51 59 40 8 
507-4-12 1?2.595 = 4 16 82 94 61 87 99 33 92 98 53 26 30 24 81 69 78 62 72 85 12 
507-4-7 1?2.187 = 4 16 82 60 94 61 87 99 33 92 98 23 36 39 22 84 7 
507-4-10 1?2.535 = 4 16 82 94 66 74 54 87 99 33 92 98 23 36 44 51 96 28 77 42 73 10 
507-4-6 1?2.227 = 4 16 82 60 94 61 87 99 33 92 98 23 36 39 22 84 6 
507-4-9 1?2.363 = 4 16 82 94 66 61 87 99 33 92 98 23 44 51 96 28 77 41 32 89 9 
507-5-6 1?2.319 = 5 20 74 54 87 99 33 92 98 23 36 44 51 39 22 84 6 
507-4-15 1?2.523 = 4 16 82 94 66 61 87 33 99 48 31 97 80 21 37 95 34 25 83 47 15 
507-4-11 1?2.508 = 4 16 82 94 66 61 87 99 33 53 26 30 24 81 19 57 64 49 91 38 11 
507-4-13 1?2.59 = 4 16 82 94 66 61 87 99 33 92 98 53 26 30 24 69 78 62 72 85 13 
507-4-14 1?2.584 = 4 16 82 94 60 56 65 21 80 97 31 30 26 24 69 78 86 46 35 14 
507-6-8 1?2.345 = 6 84 22 39 36 44 51 96 28 77 42 41 32 89 76 8 
507-5-9 1?2.287 = 5 20 74 54 87 99 33 92 98 23 51 96 28 77 41 32 89 9 
507-5-8 1?2.487 = 5 20 74 54 92 98 23 44 51 96 28 77 41 32 89 76 8 
507-5-10 1?2.474 = 5 20 74 54 87 99 33 92 98 23 44 51 96 28 77 41 32 55 10 
507-5-12 1?2.635 = 5 20 74 54 87 99 33 92 98 53 26 30 24 81 69 78 62 72 85 12 
507-5-7 1?2.279 = 5 20 74 54 87 99 33 92 98 23 36 44 51 39 22 84 7 
507-6-7 1?2.447 = 6 88 20 74 54 87 33 92 98 23 36 44 51 39 22 84 7 
507-5-11 1?2.556 = 5 20 74 54 87 99 33 92 98 23 36 44 51 96 28 77 64 49 91 38 11 
507-5-13 1?2.741 = 5 20 74 54 87 99 33 92 98 23 18 26 30 24 81 69 78 62 72 85 13 
507-5-15 1?2.645 = 5 20 74 54 87 99 33 53 26 24 30 31 97 80 21 90 25 83 47 15 
507-5-14 1?2.719 = 5 20 74 54 87 99 33 92 98 53 26 24 30 31 80 97 58 79 63 35 14 
507-6-9 1?2.173 = 6 84 22 39 75 36 44 51 96 28 77 42 41 32 89 9 
507-7-9 1?2.133 = 7 84 22 39 75 36 44 51 96 28 77 42 41 32 89 9 
507-7-8 1?2.305 = 7 84 22 39 36 44 51 96 28 77 42 41 32 89 76 8 
507-7-10 1?2.479 = 7 84 22 39 36 92 98 23 44 51 96 28 77 41 32 89 55 10 
507-6-10 1?2.599 = 6 84 22 39 36 92 98 23 44 51 96 28 77 42 41 32 89 55 10 
507-6-12 1?2.738 = 6 84 22 39 36 23 98 92 33 99 53 30 26 24 69 78 62 72 85 12 
507-7-11 1?2.453 = 7 40 22 39 36 44 51 96 28 77 42 64 49 91 29 43 38 11 
507-6-11 1?2.516 = 6 84 22 39 36 23 44 51 96 28 77 42 64 49 91 29 43 38 11 
507-6-13 1?2.698 = 6 84 22 39 44 51 23 98 92 53 26 30 24 81 69 78 62 72 85 13 
507-6-15 1?2.735 = 6 84 22 39 36 23 98 92 33 87 99 48 31 80 97 93 58 79 17 63 15 
507-6-14 1?2.706 = 6 84 22 39 36 23 98 92 33 99 48 31 80 97 58 79 17 86 46 35 14 
507-8-9 1?2.279 = 8 40 59 39 75 36 44 51 96 28 77 42 41 32 89 9 
507-8-10 1?2.557 = 8 40 59 39 44 51 96 28 77 64 49 42 41 89 32 55 10 
507-8-12 1?2.596 = 8 76 89 32 41 96 28 77 64 49 91 38 43 29 52 72 85 12 
507-7-12 1?2.723 = 7 84 22 39 44 51 96 28 77 42 64 49 91 38 43 29 52 72 85 12 
507-8-11 1?2.357 = 8 76 9 89 55 32 41 42 77 28 57 64 49 91 29 43 38 11 
507-8-14 1?2.589 = 8 40 59 39 36 23 98 92 53 26 30 24 81 69 78 86 46 35 14 
507-8-15 1?2.647 = 8 40 59 51 44 23 98 92 33 99 48 31 80 97 58 79 17 63 15 
507-7-13 1?2.643 = 7 84 22 39 36 23 98 92 33 53 26 30 24 81 69 78 62 72 85 13 
507-8-13 1?2.648 = 8 76 89 32 41 96 28 77 42 64 49 91 38 43 29 52 72 85 13 
507-7-14 1?2.551 = 7 84 22 39 36 23 98 92 33 99 53 26 30 24 69 78 86 46 35 14 
507-7-15 1?2.609 = 7 84 22 39 36 23 98 92 33 99 48 31 97 80 21 90 25 83 47 15 
507-9-10 1?2.268 = 9 55 32 89 41 77 28 96 19 70 57 64 49 73 10 
507-10-12 1?2.126 = 10 55 32 41 96 28 77 42 64 49 91 52 72 85 12 
507-9-11 1?1.938 = 9 55 32 89 41 96 28 77 42 64 49 91 29 43 38 11 
507-10-13 1?2.077 = 10 55 32 89 41 96 28 77 64 49 91 52 72 85 13 
507-10-11 1?1.983 = 10 55 32 89 41 96 28 77 42 64 49 91 29 43 38 11 
507-9-12 1?2.348 = 9 89 32 41 96 28 77 42 64 49 91 38 43 29 52 72 85 12 
507-10-14 1?2.497 = 10 73 49 64 57 19 81 24 26 30 31 80 97 58 79 63 35 14 
507-9-13 1?2.455 = 9 89 55 32 41 96 28 77 42 64 49 91 38 43 29 52 72 85 13 
507-10-15 1?2.563 = 10 73 49 64 57 19 81 24 26 30 31 80 97 93 58 79 17 63 15 
507-9-15 1?2.519 = 9 89 32 41 77 28 96 19 81 24 26 30 31 80 97 58 79 63 15 
507-9-14 1?2.589 = 9 89 32 41 77 28 57 19 81 24 30 31 80 97 58 79 63 35 14 
507-11-12 1?2.097 = 11 38 43 29 91 49 64 77 28 57 70 52 72 85 12 
507-12-13 1?2.196 = 12 43 38 91 49 64 42 77 28 57 70 52 72 85 13 
507-14-15 1?2.05 = 14 35 46 86 17 79 58 93 97 80 21 90 25 83 47 15 
507-13-15 1?2.197 = 13 67 46 86 17 79 58 93 97 80 21 90 25 83 47 15 
507-11-13 1?2.069 = 11 38 43 29 91 49 64 77 28 57 70 52 72 85 13 
507-12-14 1?2.223 = 12 85 72 52 91 49 64 57 70 69 78 86 46 35 14 
507-13-14 1?2.195 = 13 85 72 52 91 49 64 57 70 69 78 86 46 35 14 
507-11-14 1?2.121 = 11 38 43 29 52 72 85 62 78 17 79 63 86 46 35 14 
507-12-15 1?2.395 = 12 85 72 62 78 69 81 24 26 30 31 80 97 58 79 63 15 
507-11-15 1?2.386 = 11 38 91 49 64 57 19 81 24 26 30 31 80 97 58 79 63 15 
stop
