start
642-0-2 1?1.79 = 0 39 32 21 68 42 63 27 65 82 43 25 92 77 2 
642-0-3 1?1.748 = 0 55 39 32 68 42 63 27 82 65 43 81 64 33 3 
642-0-1 1?1.897 = 0 55 39 32 68 42 63 27 82 65 43 92 77 23 1 
642-0-4 1?2.393 = 0 42 68 63 27 43 65 82 30 74 99 84 59 50 52 28 18 70 4 
642-0-5 1?2.511 = 0 42 63 27 43 65 82 30 74 99 84 59 50 44 75 41 22 62 66 5 
642-0-11 1?2.487 = 0 55 39 32 87 85 60 91 90 34 17 29 67 57 24 37 96 16 11 
642-0-8 1?2.606 = 0 42 63 27 43 65 82 30 74 99 84 97 98 40 61 78 54 83 72 8 
642-0-9 1?2.711 = 0 42 63 27 43 65 82 30 74 99 84 97 98 40 69 31 61 78 76 9 
642-0-7 1?2.571 = 0 42 63 27 43 65 82 30 74 99 84 59 50 75 41 22 66 62 20 7 
642-0-10 1?2.658 = 0 42 63 27 43 65 82 30 74 86 51 48 38 56 46 49 71 10 
642-0-6 1?2.369 = 0 42 63 27 43 65 82 30 74 99 84 59 50 75 41 22 66 62 20 6 
642-1-3 1?1.864 = 1 23 77 92 25 81 43 65 82 74 30 89 19 64 33 3 
642-0-14 1?2.153 = 0 42 68 21 86 51 48 36 80 79 47 34 90 91 14 
642-1-2 1?1.869 = 1 23 63 42 68 21 27 82 65 43 81 64 25 92 77 2 
642-0-15 1?2.074 = 0 42 63 27 65 82 30 74 86 21 32 39 55 15 
642-1-4 1?1.93 = 1 23 77 92 25 33 64 81 43 65 82 30 89 18 70 4 
642-0-13 1?2.336 = 0 42 63 27 65 82 30 74 86 51 48 36 80 79 17 13 
642-0-12 1?2.355 = 0 42 63 27 65 82 74 86 51 48 36 80 79 17 29 57 67 12 
642-1-8 1?2.545 = 1 23 27 43 65 82 30 74 99 84 97 98 40 69 31 61 78 54 83 72 8 
642-1-5 1?2.362 = 1 23 77 92 25 43 65 82 30 74 99 84 59 50 75 41 22 62 66 5 
642-1-6 1?2.331 = 1 23 77 92 25 43 65 82 30 74 99 84 59 50 75 41 22 66 62 20 6 
642-1-7 1?2.435 = 1 23 77 92 43 65 82 30 74 99 84 59 50 75 41 22 66 62 20 7 
642-1-14 1?1.878 = 1 23 63 42 68 21 32 39 87 85 60 34 90 91 45 14 
642-2-3 1?1.834 = 2 77 92 25 43 65 82 74 30 89 52 18 19 64 3 
642-1-15 1?1.838 = 1 23 77 92 43 65 82 27 63 42 68 32 39 55 15 
642-2-4 1?1.744 = 2 77 92 25 33 64 81 43 65 82 30 89 18 28 70 4 
642-1-10 1?2.59 = 1 23 77 92 25 43 65 82 30 74 86 51 73 38 56 46 49 71 10 
642-2-5 1?1.883 = 2 77 92 25 43 65 82 30 89 52 59 50 44 75 5 
642-1-11 1?2.399 = 1 23 27 65 82 30 74 86 51 48 36 80 79 24 37 96 16 11 
642-1-9 1?2.622 = 1 23 27 43 65 82 30 74 99 84 97 98 40 69 31 61 78 54 76 9 
642-1-13 1?2.278 = 1 23 77 92 43 65 82 30 74 86 51 48 36 80 79 17 13 
642-2-6 1?2.009 = 2 77 92 43 65 82 30 74 99 84 59 50 75 41 22 66 62 20 6 
642-1-12 1?2.285 = 1 63 27 65 82 30 74 86 51 48 36 80 79 24 29 57 67 12 
642-2-15 1?1.712 = 2 77 92 25 43 65 82 27 63 42 68 32 39 55 15 
642-2-14 1?2.045 = 2 92 43 65 82 30 74 86 51 48 36 80 47 34 90 91 14 
642-3-4 1?1.835 = 3 33 64 81 43 65 82 30 74 99 84 52 28 18 70 4 
642-3-5 1?1.86 = 3 33 64 81 43 65 82 30 89 52 59 50 44 75 5 
642-2-10 1?2.428 = 2 92 77 43 65 82 30 74 86 51 48 36 38 56 46 49 71 10 
642-2-8 1?2.274 = 2 77 92 43 65 82 30 74 99 84 97 98 69 31 61 78 54 83 72 8 
642-2-11 1?2.284 = 2 92 77 43 65 82 30 74 86 51 48 36 80 79 24 37 96 16 11 
642-2-9 1?2.529 = 2 77 92 25 43 65 82 30 74 99 84 97 98 40 69 31 61 78 54 76 9 
642-2-13 1?2.234 = 2 77 92 25 81 43 65 82 30 74 86 51 48 36 80 79 17 13 
642-2-12 1?2.118 = 2 92 77 43 65 82 30 74 86 51 48 36 80 79 17 29 57 67 12 
642-2-7 1?2.209 = 2 92 77 43 65 82 30 74 99 84 59 50 75 41 22 66 62 20 7 
642-3-14 1?2.131 = 3 33 64 81 43 65 82 30 74 86 51 48 36 47 34 90 91 14 
642-3-15 1?2.218 = 3 33 64 81 43 65 82 27 63 42 68 21 32 87 85 60 39 55 15 
642-4-5 1?2.066 = 4 70 18 19 81 43 65 82 30 74 99 84 59 50 75 5 
642-3-10 1?2.373 = 3 33 64 81 43 65 82 30 74 86 51 48 38 56 46 49 71 10 
642-3-6 1?1.924 = 3 33 64 81 43 65 82 30 74 99 84 59 50 75 41 22 62 6 
642-3-8 1?2.256 = 3 33 64 81 43 65 82 30 99 84 97 98 40 61 78 54 83 72 8 
642-3-11 1?2.25 = 3 33 64 81 43 65 82 74 86 51 48 36 80 79 37 96 16 11 
642-3-9 1?2.426 = 3 33 64 81 43 65 82 30 74 99 84 97 98 40 69 31 61 78 76 9 
642-3-13 1?2.345 = 3 64 81 43 65 82 30 74 86 51 48 36 80 79 17 29 57 67 13 
642-3-7 1?2.176 = 3 33 64 81 43 65 82 30 74 99 84 97 98 69 31 88 35 26 7 
642-3-12 1?2.405 = 3 33 64 81 43 65 82 30 74 86 51 48 36 80 47 17 24 29 57 67 12 
642-4-14 1?2.415 = 4 70 28 18 89 81 43 65 82 27 63 42 68 32 87 85 60 90 91 14 
642-4-6 1?1.932 = 4 70 28 52 50 59 97 98 40 61 69 31 88 35 26 20 6 
642-5-6 1?2.001 = 5 66 62 22 41 75 50 59 97 98 40 69 31 35 26 20 6 
642-4-15 1?2.44 = 4 28 70 18 19 64 33 25 81 43 65 82 27 63 42 68 21 32 39 55 15 
642-4-8 1?2.349 = 4 28 70 18 52 44 75 50 59 97 98 40 69 31 61 78 54 83 72 8 
642-4-10 1?2.685 = 4 70 28 18 19 64 81 43 65 82 30 74 86 51 73 38 56 95 71 10 
642-4-9 1?2.575 = 4 70 28 18 89 52 50 59 84 97 98 40 69 31 61 78 54 83 72 9 
642-4-7 1?2.252 = 4 70 28 18 89 52 59 50 75 41 22 66 62 20 26 35 53 7 
642-4-11 1?2.537 = 4 70 28 18 89 30 74 86 51 48 36 80 79 17 29 24 37 96 16 11 
642-4-12 1?2.432 = 4 28 70 18 89 30 74 86 51 48 36 80 47 17 24 29 57 67 12 
642-4-13 1?2.632 = 4 70 28 18 19 64 81 43 65 82 30 74 86 51 48 36 80 47 17 13 
642-5-14 1?2.462 = 5 75 50 59 97 98 69 31 61 40 73 48 36 80 79 47 34 90 91 45 14 
642-6-8 1?1.99 = 6 62 66 22 41 75 50 59 97 98 40 61 78 54 83 72 8 
642-5-15 1?2.466 = 5 75 50 59 84 99 74 30 82 65 43 27 63 42 68 32 39 55 15 
642-5-8 1?2.247 = 5 66 62 22 41 75 50 59 97 98 40 69 31 61 78 54 83 72 8 
642-6-7 1?1.995 = 6 20 62 66 22 41 75 50 59 97 98 40 69 31 35 26 7 
642-5-9 1?2.666 = 5 66 62 22 41 75 44 50 59 84 97 98 40 69 31 61 78 54 83 72 9 
642-5-7 1?2.272 = 5 66 62 22 41 75 50 59 84 97 98 40 61 69 31 88 35 26 7 
642-5-12 1?2.377 = 5 75 50 59 97 98 69 31 61 40 73 48 36 80 79 17 29 57 67 12 
642-5-10 1?2.811 = 5 66 62 22 41 75 44 50 59 97 98 69 31 61 40 73 38 56 46 49 71 10 
642-5-11 1?2.543 = 5 75 50 59 97 98 69 31 61 40 73 48 36 80 79 24 37 96 16 11 
642-5-13 1?2.749 = 5 75 44 50 59 97 98 69 31 61 40 73 38 48 36 80 79 17 29 57 67 13 
642-7-10 1?2.532 = 7 20 62 66 22 26 35 88 31 69 40 61 78 46 49 71 10 
642-7-8 1?2.258 = 7 20 62 66 22 26 35 88 31 69 40 61 78 54 83 72 8 
642-6-9 1?2.148 = 6 62 66 41 75 50 59 97 98 40 69 31 61 78 54 76 9 
642-7-9 1?2.387 = 7 20 62 66 22 41 75 50 59 97 98 40 61 78 54 76 9 
642-6-14 1?2.585 = 6 62 66 22 41 75 50 59 97 98 69 31 61 40 73 48 36 80 47 34 90 91 45 14 
642-6-15 1?2.472 = 6 62 66 22 41 75 50 59 84 99 74 30 82 65 27 21 32 39 55 15 
642-7-11 1?2.462 = 7 26 35 88 31 69 61 40 73 48 36 80 79 24 37 96 16 11 
642-6-11 1?2.364 = 6 20 26 35 88 31 69 40 73 48 36 80 79 24 37 96 16 11 
642-6-10 1?2.607 = 6 20 62 66 22 41 75 50 59 97 98 69 31 61 40 73 38 56 46 49 10 
642-6-12 1?2.31 = 6 20 26 35 88 31 69 40 73 48 36 80 79 17 24 29 57 67 12 
642-6-13 1?2.486 = 6 20 26 35 88 31 69 40 73 48 36 80 79 17 24 29 57 67 13 
642-8-10 1?2.476 = 8 72 83 54 78 61 31 69 97 98 40 73 38 56 46 49 10 
642-8-11 1?2.328 = 8 72 83 54 78 56 38 48 36 80 79 24 37 96 16 11 
642-8-9 1?2.543 = 8 53 93 35 26 88 31 69 97 98 40 61 78 54 83 72 9 
642-7-14 1?2.643 = 7 20 26 35 88 31 69 61 40 73 38 48 36 80 79 47 34 90 91 45 14 
642-8-14 1?2.566 = 8 72 83 54 78 61 31 69 40 73 38 48 36 80 79 47 34 90 91 45 14 
642-7-15 1?2.639 = 7 26 35 88 59 50 52 89 81 43 65 82 27 21 32 39 55 15 
642-8-15 1?2.724 = 8 72 83 54 78 61 69 98 99 74 30 82 65 27 21 32 39 55 15 
642-8-12 1?2.396 = 8 72 83 54 78 61 31 69 40 73 48 36 80 79 17 29 57 67 12 
642-7-12 1?2.44 = 7 26 35 88 31 69 61 40 73 48 36 80 79 17 29 24 57 67 12 
642-7-13 1?2.616 = 7 26 35 88 31 69 61 40 73 48 36 80 79 17 29 24 57 67 13 
642-8-13 1?2.624 = 8 72 83 54 78 61 31 69 40 73 48 36 80 47 34 90 91 45 13 
642-10-12 1?2.354 = 10 71 49 46 56 38 48 36 80 79 47 17 24 57 67 12 
642-10-14 1?2.196 = 10 49 71 96 37 24 57 67 29 17 47 34 90 91 45 14 
642-10-11 1?2.344 = 10 49 46 56 38 48 36 80 79 17 29 24 37 96 16 11 
642-9-10 1?2.659 = 9 72 83 54 78 61 31 69 97 98 40 73 38 56 46 49 10 
642-9-11 1?2.402 = 9 94 49 46 56 38 48 36 80 79 17 29 24 37 16 11 
642-9-15 1?2.706 = 9 94 49 71 96 37 24 57 67 29 17 34 85 87 32 39 55 15 
642-10-13 1?2.421 = 10 49 71 96 37 24 57 67 29 17 47 34 90 91 45 13 
642-9-14 1?2.749 = 9 72 83 54 78 61 31 69 40 73 38 48 36 80 79 47 34 90 91 45 14 
642-10-15 1?2.681 = 10 71 96 37 24 57 67 29 17 34 90 91 60 85 87 32 39 55 15 
642-9-12 1?2.54 = 9 76 54 78 61 69 40 73 48 36 80 79 17 24 29 57 67 12 
642-9-13 1?2.867 = 9 72 83 54 78 61 31 69 40 73 48 36 80 79 17 24 29 57 67 13 
642-11-12 1?2.277 = 11 16 96 37 24 79 80 36 48 58 47 17 29 67 12 
642-12-14 1?1.999 = 12 67 57 29 24 17 79 80 36 48 58 34 90 91 45 14 
642-11-14 1?1.941 = 11 16 96 37 24 57 67 29 17 79 47 34 90 91 45 14 
642-13-14 1?2.175 = 13 67 57 29 24 17 79 80 36 48 58 34 90 91 45 14 
642-12-15 1?2.072 = 12 67 57 29 24 17 34 90 91 60 85 87 32 39 55 15 
642-13-15 1?2.248 = 13 67 57 29 24 17 34 90 91 60 85 87 32 39 55 15 
642-14-15 1?2.043 = 14 91 90 34 60 85 87 32 21 68 63 42 39 55 15 
642-11-15 1?2.358 = 11 16 96 37 24 57 29 17 34 90 91 60 85 87 32 39 55 15 
642-12-13 1?2.224 = 12 67 57 29 24 17 79 80 36 48 58 34 90 91 45 13 
642-11-13 1?2.166 = 11 16 96 37 24 57 67 29 17 79 47 34 90 91 45 13 
stop
