start
502-0-2 1?1.809 = 0 88 19 83 68 50 23 37 61 53 43 65 72 62 63 2 
502-0-3 1?2.094 = 0 88 19 22 95 16 51 40 99 76 68 50 61 37 43 65 27 3 
502-0-1 1?2.098 = 0 88 17 57 22 42 95 16 51 40 99 76 68 83 96 1 
502-0-4 1?2.327 = 0 88 17 57 22 95 16 51 40 99 76 68 50 61 37 43 65 27 4 
502-0-5 1?2.516 = 0 88 19 83 68 50 61 37 43 53 62 72 65 27 38 93 73 77 5 
502-0-6 1?2.499 = 0 88 17 57 79 42 95 16 51 40 99 76 49 39 78 56 89 6 
502-0-9 1?2.695 = 0 88 17 22 42 95 16 51 40 99 76 49 25 39 81 20 70 59 97 9 
502-0-10 1?2.803 = 0 88 17 57 22 42 79 58 45 32 60 98 52 29 48 82 34 71 54 10 
502-0-7 1?2.448 = 0 88 19 83 68 50 61 37 23 31 33 35 78 56 28 69 87 36 75 7 
502-0-8 1?2.546 = 0 88 19 83 68 50 61 37 23 31 33 35 78 28 30 87 41 80 26 24 74 8 
502-0-11 1?2.647 = 0 19 88 17 57 79 42 95 16 40 51 29 48 52 98 47 18 11 
502-1-2 1?1.895 = 1 96 83 68 50 23 31 37 61 53 43 65 72 62 63 2 
502-0-13 1?2.416 = 0 88 19 83 68 50 61 37 23 66 76 99 16 58 45 85 13 
502-0-15 1?2.256 = 0 88 19 83 68 50 61 37 23 66 76 99 95 42 79 15 
502-0-14 1?2.312 = 0 88 19 83 68 50 61 37 23 66 76 99 95 42 79 64 14 
502-1-3 1?2.066 = 1 63 62 72 43 53 37 61 50 23 31 38 65 27 90 3 
502-1-4 1?2.127 = 1 63 62 72 43 53 37 61 50 23 31 33 38 73 93 4 
502-0-12 1?2.722 = 0 88 19 83 68 50 61 37 23 55 25 39 49 29 52 98 60 12 
502-1-5 1?2.425 = 1 63 62 72 43 53 61 37 23 31 33 35 78 28 56 84 67 77 5 
502-1-6 1?2.464 = 1 63 62 72 43 53 61 37 23 31 33 35 78 28 30 69 56 89 6 
502-1-7 1?2.408 = 1 63 62 72 43 53 61 37 23 31 33 35 78 56 28 30 87 36 75 7 
502-1-8 1?2.551 = 1 63 62 72 43 53 61 37 23 31 33 35 78 30 87 41 80 26 24 74 8 
502-2-3 1?1.766 = 2 63 62 72 43 53 37 61 50 23 31 38 65 27 90 3 
502-2-5 1?1.813 = 2 63 62 72 43 53 37 61 50 23 31 38 93 73 77 5 
502-1-14 1?2.129 = 1 96 53 61 37 23 66 76 99 40 51 16 95 42 79 64 14 
502-2-4 1?1.827 = 2 63 62 72 43 53 37 61 50 23 31 33 38 73 93 4 
502-1-13 1?2.455 = 1 63 62 72 43 53 61 37 23 66 76 99 40 51 16 58 45 85 13 
502-1-12 1?2.639 = 1 63 62 72 43 53 37 61 50 68 76 99 40 51 16 58 45 32 12 
502-1-15 1?2.078 = 1 63 62 72 43 53 37 61 50 68 83 19 88 17 57 15 
502-2-6 1?2.193 = 2 63 62 72 65 43 53 61 37 23 31 33 35 78 56 28 30 69 6 
502-1-10 1?2.77 = 1 63 62 72 43 37 61 50 68 76 99 40 51 29 52 48 82 71 54 10 
502-1-9 1?2.732 = 1 63 62 72 43 53 61 37 23 55 25 39 81 94 92 21 20 70 59 97 9 
502-1-11 1?2.654 = 1 63 62 72 43 53 37 61 50 68 76 99 40 51 29 52 98 18 11 
502-3-5 1?2.018 = 3 90 62 72 43 53 61 37 50 23 31 33 35 84 67 77 5 
502-3-4 1?1.982 = 3 27 65 43 53 61 37 23 31 33 35 84 67 77 73 93 4 
502-2-13 1?2.207 = 2 63 62 72 43 53 61 37 23 66 76 99 40 51 16 58 45 32 85 13 
502-2-12 1?2.389 = 2 63 62 72 43 37 61 50 68 76 99 40 51 29 52 98 60 12 
502-2-14 1?2.048 = 2 63 62 72 43 37 61 50 66 76 99 40 51 16 95 42 79 64 14 
502-2-15 1?2 = 2 63 62 72 43 37 61 50 68 76 99 40 51 16 95 42 79 15 
502-2-7 1?2.133 = 2 63 62 72 43 53 61 37 23 31 33 35 78 28 30 69 87 86 75 36 7 
502-2-10 1?2.47 = 2 63 62 72 43 37 61 50 68 76 99 40 51 29 52 48 82 71 54 10 
502-2-9 1?2.496 = 2 63 62 72 43 53 61 37 23 31 33 35 78 28 30 87 41 80 26 24 46 9 
502-2-8 1?2.259 = 2 63 62 72 43 53 61 37 23 31 33 35 78 28 30 87 41 80 26 24 74 8 
502-2-11 1?2.446 = 2 63 62 72 43 53 37 61 50 68 76 99 40 51 29 52 98 47 18 11 
502-3-6 1?1.961 = 3 27 65 43 53 61 37 23 31 33 35 84 78 28 56 89 6 
502-4-5 1?2.151 = 4 93 73 67 84 56 28 30 41 86 75 36 87 69 89 5 
502-3-13 1?2.364 = 3 27 65 43 53 37 61 50 68 76 99 40 51 16 95 42 79 64 85 13 
502-3-12 1?2.619 = 3 27 65 43 37 61 50 68 76 99 40 51 16 95 42 79 64 45 32 12 
502-3-10 1?2.479 = 3 27 65 43 53 61 37 23 66 76 99 40 51 29 52 48 82 71 54 10 
502-3-14 1?2.183 = 3 90 62 72 43 53 61 37 23 66 76 99 40 51 16 95 42 79 64 14 
502-3-15 1?2.161 = 3 90 62 72 43 53 37 61 50 68 76 99 40 51 16 95 42 79 15 
502-3-7 1?2.131 = 3 27 65 43 53 61 37 23 31 33 35 78 28 30 69 87 86 36 75 7 
502-3-9 1?2.457 = 3 27 65 43 53 61 37 23 55 25 49 39 94 81 21 20 70 59 97 9 
502-3-8 1?2.314 = 3 27 65 43 53 61 37 23 31 33 35 78 28 30 87 41 80 26 91 24 74 8 
502-3-11 1?2.531 = 3 27 65 43 53 61 37 23 66 55 25 39 49 48 29 52 98 47 18 11 
502-5-6 1?1.941 = 5 77 67 84 56 78 28 30 69 87 41 80 86 36 75 7 6 
502-4-6 1?1.964 = 4 93 73 77 67 84 56 78 28 30 87 36 75 7 69 6 
502-4-13 1?2.586 = 4 27 65 43 53 61 37 23 55 66 76 99 40 51 16 95 42 79 64 85 13 
502-4-12 1?2.689 = 4 27 65 43 53 37 61 50 68 76 99 40 51 29 52 48 98 60 12 
502-4-7 1?1.766 = 4 93 73 77 67 84 56 78 28 30 69 87 41 80 86 75 36 7 
502-4-14 1?2.464 = 4 27 65 43 53 37 61 50 23 55 66 76 99 40 51 16 95 42 79 64 14 
502-4-15 1?2.443 = 4 27 65 43 53 61 37 23 50 68 76 99 40 51 16 95 22 42 79 15 
502-4-9 1?2.23 = 4 93 73 77 67 84 56 78 28 30 69 87 36 75 86 74 26 24 46 9 
502-4-10 1?2.454 = 4 93 73 77 67 84 56 78 28 30 87 36 75 86 74 24 91 70 59 97 10 
502-4-11 1?2.588 = 4 93 73 77 67 84 78 28 30 87 41 92 21 94 81 34 82 47 18 11 
502-4-8 1?2.053 = 4 93 73 77 67 84 56 78 28 30 69 87 36 75 86 41 80 26 24 74 8 
502-5-7 1?1.651 = 5 77 67 84 78 28 30 87 41 80 26 24 74 86 36 7 
502-6-7 1?1.885 = 6 89 56 28 30 69 87 36 75 86 41 80 26 24 74 8 7 
502-6-8 1?1.583 = 6 89 56 28 30 69 87 41 86 36 75 74 26 91 24 8 
502-5-13 1?2.632 = 5 77 73 93 38 43 37 61 50 68 76 99 40 51 16 58 45 32 85 13 
502-5-12 1?2.637 = 5 77 67 84 56 28 30 87 41 92 21 94 81 34 82 48 29 52 60 12 
502-5-8 1?1.765 = 5 77 67 84 56 78 28 30 69 87 36 75 86 80 26 24 74 8 
502-5-14 1?2.5 = 5 77 73 93 38 43 37 61 50 66 76 99 40 51 16 95 42 79 64 14 
502-5-10 1?2.304 = 5 77 67 84 56 78 28 30 87 36 75 86 74 26 24 46 70 59 97 10 
502-5-9 1?2.069 = 5 77 67 84 56 78 28 30 69 87 36 75 86 74 26 24 91 46 9 
502-5-15 1?2.452 = 5 77 73 93 38 43 37 61 50 68 76 99 40 51 16 95 42 79 15 
502-5-11 1?2.559 = 5 77 67 84 56 78 28 30 69 87 41 80 92 21 81 34 82 47 18 11 
502-7-9 1?1.675 = 7 36 75 86 74 24 26 80 92 21 94 81 20 70 59 97 9 
502-7-8 1?1.61 = 7 36 75 86 87 41 80 92 21 94 81 20 91 24 26 74 8 
502-7-10 1?2.132 = 7 36 75 86 80 92 21 81 34 82 48 29 52 98 47 44 54 10 
502-6-10 1?2.197 = 6 89 56 78 28 30 69 87 36 75 86 41 80 26 24 91 70 59 97 10 
502-6-9 1?2.024 = 6 89 56 78 28 30 87 36 75 86 41 80 26 74 24 91 20 70 9 
502-6-12 1?2.542 = 6 69 30 87 36 75 86 41 92 21 94 81 34 82 48 29 52 98 60 12 
502-6-14 1?2.647 = 6 69 30 28 56 78 39 25 49 76 99 40 51 16 95 22 42 79 64 14 
502-6-13 1?2.613 = 6 69 30 87 41 80 92 21 94 81 34 82 48 29 52 98 60 32 45 85 13 
502-7-11 1?2.171 = 7 36 75 86 87 41 80 92 21 81 34 82 48 29 52 98 47 18 11 
502-6-15 1?2.733 = 6 89 56 28 78 35 33 31 23 37 61 50 68 76 99 40 51 16 95 42 79 15 
502-6-11 1?2.482 = 6 69 30 87 36 75 86 41 80 26 74 24 91 70 59 97 54 44 47 18 11 
502-8-10 1?1.91 = 8 74 86 75 36 87 41 80 26 24 91 20 70 59 97 54 10 
502-8-9 1?1.753 = 8 74 24 26 86 75 36 87 41 80 92 21 20 70 59 97 9 
502-8-12 1?2.291 = 8 74 75 36 86 41 80 92 21 81 34 82 48 29 52 98 60 12 
502-8-11 1?1.912 = 8 74 24 91 21 92 94 81 34 82 48 29 52 98 18 11 
502-8-14 1?2.42 = 8 74 24 91 21 81 39 25 49 76 99 40 51 16 95 42 79 64 14 
502-8-13 1?2.293 = 8 74 24 91 26 80 92 21 94 81 34 82 48 29 52 98 60 32 85 13 
502-7-12 1?2.311 = 7 36 75 86 41 80 26 24 91 21 94 81 34 82 48 29 52 98 60 12 
502-8-15 1?2.444 = 8 74 26 24 91 21 81 94 39 25 49 76 99 40 51 16 95 42 79 15 
502-7-13 1?2.43 = 7 36 75 86 74 24 26 80 92 21 94 81 34 82 48 29 52 60 32 85 13 
502-7-14 1?2.46 = 7 36 75 86 41 80 92 21 94 39 49 76 99 40 51 16 95 42 79 64 14 
502-7-15 1?2.479 = 7 36 75 86 41 92 21 81 94 39 25 49 76 99 40 51 16 95 42 79 15 
502-9-10 1?2.091 = 9 97 59 70 91 24 74 26 80 92 21 94 81 34 71 54 10 
502-10-13 1?2.54 = 10 44 18 47 54 71 34 82 48 29 52 98 60 32 45 85 13 
502-10-12 1?2.617 = 10 97 59 70 91 24 74 26 80 92 21 94 81 34 82 47 18 12 
502-10-14 1?2.453 = 10 54 71 34 82 48 29 52 98 60 32 45 58 42 79 64 14 
502-9-13 1?2.351 = 9 97 59 70 20 21 81 34 82 48 29 52 98 60 32 45 85 13 
502-9-12 1?2.39 = 9 97 59 70 20 21 92 94 81 34 82 48 29 52 98 47 18 12 
502-10-11 1?2.351 = 10 97 59 70 46 24 26 80 92 21 94 81 34 82 47 18 11 
502-9-11 1?2.083 = 9 97 59 70 20 21 81 34 82 48 29 52 98 47 18 11 
502-10-15 1?2.553 = 10 54 71 82 48 29 52 98 60 32 45 58 79 42 22 17 57 15 
502-9-14 1?2.536 = 9 97 59 70 20 81 39 25 49 76 99 40 51 16 95 42 79 64 14 
502-9-15 1?2.591 = 9 59 97 70 20 21 81 94 39 25 49 76 99 40 51 16 95 42 79 15 
502-12-13 1?2.348 = 12 18 47 44 54 71 82 48 29 52 98 60 32 45 85 13 
502-11-12 1?2.415 = 11 18 47 44 54 71 34 82 48 29 52 98 60 45 32 12 
502-13-14 1?2.445 = 13 85 45 32 60 98 52 48 29 51 16 95 42 79 64 14 
502-11-13 1?2.155 = 11 18 47 44 54 71 82 48 29 52 98 60 32 45 85 13 
502-11-14 1?2.301 = 11 18 47 98 52 48 29 51 40 99 16 95 42 79 64 14 
502-12-14 1?2.494 = 12 18 47 98 52 48 29 51 40 99 16 95 42 79 64 14 
502-13-15 1?2.329 = 13 85 32 45 58 16 51 40 99 76 68 83 19 88 17 57 15 
502-14-15 1?2.14 = 14 64 79 42 95 16 51 40 99 76 83 19 88 17 57 15 
502-12-15 1?2.447 = 12 60 98 52 29 48 49 76 99 40 51 16 95 42 79 15 
502-11-15 1?2.443 = 11 18 47 98 52 29 48 49 76 99 40 51 16 95 42 79 15 
stop
