start
950-0-1 1?1.824 = 0 38 65 50 17 82 28 42 95 31 98 23 85 30 86 1 
950-0-4 1?2.33 = 0 38 65 50 17 82 28 42 95 75 31 98 79 27 46 66 97 58 76 4 
950-0-9 1?2.575 = 0 89 82 17 42 95 31 75 47 32 73 69 92 16 87 33 74 9 
950-0-5 1?2.509 = 0 38 65 50 17 82 28 42 95 75 31 98 79 27 46 76 58 97 55 64 5 
950-0-2 1?1.827 = 0 38 65 50 17 42 28 82 30 95 75 31 98 85 23 2 
950-0-8 1?2.541 = 0 89 82 17 28 42 95 31 75 47 32 73 36 69 92 16 87 33 74 8 
950-0-11 1?2.594 = 0 89 82 17 42 95 31 75 47 32 88 94 72 20 61 90 19 11 
950-0-10 1?2.65 = 0 89 82 17 28 42 95 31 75 47 32 73 69 52 48 83 81 57 10 
950-0-3 1?1.941 = 0 38 65 50 89 82 17 42 95 75 31 98 85 23 78 3 
950-0-7 1?2.439 = 0 89 82 17 42 95 31 75 47 32 73 36 69 92 16 71 18 40 7 
950-0-6 1?2.467 = 0 89 82 17 28 42 95 31 75 99 47 79 46 76 58 97 55 64 34 6 
950-1-4 1?1.74 = 1 86 89 82 17 28 42 95 31 75 98 79 46 27 76 4 
950-0-13 1?2.234 = 0 89 82 17 42 95 31 75 91 67 54 29 96 70 93 13 
950-1-2 1?1.863 = 1 86 89 82 17 28 42 95 31 75 99 32 47 98 85 2 
950-0-14 1?2.11 = 0 89 82 17 28 42 95 31 75 91 84 67 54 68 29 14 
950-0-15 1?1.933 = 0 89 82 28 30 85 98 31 95 42 17 50 65 38 45 15 
950-0-12 1?2.431 = 0 65 38 68 54 67 43 44 77 72 21 20 61 90 19 22 62 12 
950-1-3 1?1.798 = 1 86 89 82 17 28 42 95 31 75 98 79 46 27 24 78 3 
950-1-8 1?2.425 = 1 86 82 17 28 42 95 31 75 47 51 80 63 36 69 92 16 87 33 74 8 
950-1-5 1?2.145 = 1 86 89 82 17 28 42 95 75 31 98 79 27 46 66 58 97 55 64 5 
950-1-6 1?2.251 = 1 86 89 82 17 28 42 95 75 31 98 79 27 46 76 58 97 55 64 34 6 
950-1-7 1?2.278 = 1 86 89 82 17 28 42 95 31 75 47 32 73 69 92 16 71 18 40 7 
950-1-13 1?2.015 = 1 86 89 82 17 28 42 84 91 67 54 68 29 96 70 93 13 
950-1-14 1?1.935 = 1 86 89 82 17 28 42 95 31 75 91 67 54 68 29 14 
950-2-4 1?1.881 = 2 23 98 31 95 75 47 79 27 46 66 97 58 76 4 
950-2-3 1?1.931 = 2 85 30 82 17 42 95 31 75 98 79 46 27 24 78 3 
950-2-5 1?2.103 = 2 30 82 17 28 42 95 75 31 98 79 27 46 76 58 97 5 
950-1-9 1?2.492 = 1 86 82 17 28 42 95 31 75 47 32 73 69 92 16 87 53 33 74 9 
950-1-15 1?1.673 = 1 86 30 31 98 75 95 42 28 82 17 50 65 38 45 15 
950-1-10 1?2.555 = 1 86 82 17 28 42 95 31 75 47 32 73 69 52 48 83 81 57 56 10 
950-1-11 1?2.506 = 1 86 82 17 28 42 95 31 75 47 32 88 94 72 20 61 90 37 19 11 
950-2-6 1?2.341 = 2 30 82 17 28 42 95 75 31 98 79 27 46 76 58 97 55 64 34 6 
950-1-12 1?2.433 = 1 86 89 82 17 28 42 95 31 75 47 32 88 94 72 25 49 62 12 
950-3-4 1?1.992 = 3 23 98 31 95 75 47 79 27 46 66 97 58 76 4 
950-2-14 1?2.217 = 2 23 85 98 31 75 95 42 28 82 17 84 91 67 54 68 29 96 14 
950-3-5 1?2.081 = 3 78 24 76 27 79 46 51 39 63 80 66 58 97 55 64 5 
950-2-13 1?2.371 = 2 23 85 98 31 75 95 42 28 82 17 84 91 67 54 68 29 96 70 93 13 
950-2-8 1?2.43 = 2 85 98 31 95 75 47 32 39 51 80 63 36 69 92 16 87 33 74 8 
950-2-9 1?2.529 = 2 23 85 98 31 95 75 47 51 80 63 36 69 92 16 87 33 74 9 
950-2-11 1?2.516 = 2 85 98 31 95 42 28 82 17 84 67 43 44 77 72 20 61 90 19 11 
950-2-10 1?2.584 = 2 85 98 31 95 75 47 32 39 51 80 63 36 69 52 83 81 57 10 
950-2-15 1?2.054 = 2 85 98 31 75 95 42 28 82 17 84 91 67 54 68 65 38 45 15 
950-2-7 1?2.264 = 2 85 98 31 95 75 47 51 80 63 39 36 69 92 16 87 18 40 7 
950-2-12 1?2.51 = 2 23 85 98 31 75 95 42 28 82 17 84 67 54 68 29 96 59 26 12 
950-4-5 1?1.938 = 4 76 58 97 66 51 80 63 36 69 92 16 71 64 5 
950-3-14 1?2.517 = 3 23 85 98 31 75 95 42 28 82 17 84 91 67 54 68 29 96 70 14 
950-3-13 1?2.482 = 3 23 85 98 31 75 95 42 28 82 17 84 91 67 54 68 29 96 70 93 13 
950-3-8 1?2.267 = 3 78 24 76 58 97 55 66 51 80 63 39 36 69 92 16 87 33 74 8 
950-3-9 1?2.472 = 3 78 24 76 58 97 55 66 51 80 63 39 36 69 92 16 87 53 33 74 9 
950-3-6 1?2.302 = 3 78 24 76 58 97 66 51 80 63 39 36 69 52 92 16 71 34 6 
950-3-7 1?2.086 = 3 78 24 76 58 97 66 51 80 63 39 36 69 92 16 71 18 40 7 
950-3-15 1?2.279 = 3 23 85 98 31 75 95 42 28 82 17 84 91 67 54 68 65 38 45 15 
950-3-10 1?2.615 = 3 78 24 76 58 97 66 51 80 63 39 36 16 92 69 52 48 83 81 57 10 
950-3-12 1?2.531 = 3 78 24 27 46 51 80 63 36 69 52 83 81 21 20 61 19 22 62 12 
950-3-11 1?2.575 = 3 78 24 76 58 97 66 51 80 63 36 69 52 48 83 81 21 20 61 90 19 11 
950-4-8 1?1.895 = 4 76 58 97 66 51 80 63 39 36 69 92 16 87 53 41 8 
950-5-6 1?1.994 = 5 64 55 97 66 51 80 63 39 36 69 92 16 71 34 6 
950-4-9 1?2.061 = 4 76 58 97 66 51 80 63 39 36 69 92 16 87 33 74 9 
950-4-6 1?1.839 = 4 76 58 97 66 51 80 63 36 69 92 16 71 34 6 
950-4-7 1?1.743 = 4 76 58 66 51 80 63 36 69 92 16 87 18 40 7 
950-4-14 1?2.577 = 4 76 58 97 66 51 80 63 39 73 32 88 94 60 43 67 54 68 29 14 
950-4-13 1?2.652 = 4 76 58 97 66 51 80 63 39 73 94 88 60 43 67 54 29 96 70 93 13 
950-4-10 1?2.473 = 4 76 58 97 66 51 80 63 39 36 16 92 69 52 83 48 81 57 56 10 
950-4-11 1?2.458 = 4 76 58 97 66 51 39 63 36 69 52 48 83 81 21 20 61 90 37 19 11 
950-4-15 1?2.317 = 4 76 58 97 66 46 27 79 98 31 75 95 42 28 82 17 50 65 38 45 15 
950-4-12 1?2.496 = 4 76 58 97 66 51 39 36 69 52 48 83 81 21 20 61 90 19 22 62 12 
950-6-8 1?1.987 = 6 34 64 55 97 66 51 39 36 69 92 16 87 53 41 8 
950-5-8 1?2.007 = 5 55 97 58 66 51 80 63 39 36 69 92 16 87 33 74 8 
950-5-7 1?1.814 = 5 58 97 66 51 80 39 36 69 92 16 71 18 40 7 
950-5-9 1?2.275 = 5 58 97 66 51 80 63 39 36 69 52 92 16 87 53 33 74 9 
950-5-13 1?2.686 = 5 55 66 51 80 63 36 69 52 48 83 81 21 20 61 90 37 49 26 13 
950-6-7 1?1.893 = 6 34 64 55 66 51 80 63 36 69 92 16 71 18 40 7 
950-5-14 1?2.574 = 5 97 58 46 27 79 98 31 95 42 28 82 17 84 67 54 68 29 14 
950-5-10 1?2.312 = 5 55 97 58 66 51 80 63 39 36 69 92 48 83 81 57 56 10 
950-5-11 1?2.464 = 5 55 97 66 51 80 63 39 36 69 52 48 83 81 21 20 61 90 37 19 11 
950-5-12 1?2.496 = 5 58 97 66 51 39 36 69 52 48 83 81 21 20 61 90 19 22 62 12 
950-5-15 1?2.482 = 5 55 66 97 58 76 46 79 98 31 75 95 42 28 82 17 50 65 38 45 15 
950-7-8 1?1.982 = 7 40 18 71 16 92 69 52 81 83 48 35 33 74 8 
950-7-10 1?2.05 = 7 40 18 71 16 92 36 69 52 48 83 81 57 56 10 
950-7-9 1?2.039 = 7 40 18 71 16 92 36 69 52 48 83 81 57 35 9 
950-6-10 1?2.29 = 6 34 64 55 97 66 51 80 63 39 36 69 52 48 83 81 57 10 
950-6-9 1?2.22 = 6 34 64 55 97 66 51 80 63 36 69 92 16 87 53 74 33 9 
950-6-11 1?2.366 = 6 40 18 71 16 92 69 52 48 83 81 21 20 61 90 19 11 
950-6-14 1?2.655 = 6 34 64 55 97 58 66 51 80 63 39 73 94 88 60 43 67 54 29 14 
950-7-11 1?2.186 = 7 40 18 71 16 92 69 52 48 83 81 21 20 61 90 37 19 11 
950-6-13 1?2.755 = 6 34 64 55 97 58 66 51 80 63 39 73 94 88 60 43 44 77 96 70 93 13 
950-6-12 1?2.51 = 6 34 71 16 92 36 69 52 48 83 81 21 20 61 90 19 22 62 12 
950-6-15 1?2.47 = 6 34 64 55 97 58 46 27 79 98 31 75 95 42 28 82 17 50 65 38 45 15 
950-8-11 1?2.019 = 8 74 33 48 83 81 21 20 61 90 19 37 49 62 22 11 
950-8-10 1?2.139 = 8 74 33 53 87 16 92 48 83 81 21 20 90 61 56 10 
950-8-9 1?2.204 = 8 74 33 53 87 16 92 36 69 52 83 48 81 57 35 9 
950-8-13 1?2.636 = 8 74 33 87 16 92 69 52 83 48 81 21 20 61 90 37 49 26 13 
950-7-13 1?2.538 = 7 40 18 71 16 92 69 52 48 83 81 21 20 61 90 37 49 26 13 
950-8-14 1?2.641 = 8 41 53 87 16 92 69 36 39 73 94 88 60 43 67 54 68 29 14 
950-7-14 1?2.584 = 7 40 18 87 16 92 69 36 39 73 88 94 60 43 67 54 68 29 14 
950-8-12 1?2.375 = 8 74 33 87 16 92 69 52 48 83 81 21 20 61 90 19 22 62 12 
950-8-15 1?2.514 = 8 41 53 87 16 92 69 36 73 94 88 60 43 67 54 68 38 45 15 
950-7-12 1?2.349 = 7 40 18 87 16 92 69 52 48 83 81 21 20 61 90 37 19 22 62 12 
950-7-15 1?2.539 = 7 40 18 71 16 92 69 36 63 39 73 94 88 60 43 67 54 68 45 15 
950-9-11 1?2.135 = 9 35 57 48 83 81 21 20 61 90 19 37 49 62 22 11 
950-10-11 1?2.146 = 10 56 57 48 83 81 21 20 61 90 19 37 49 62 22 11 
950-10-13 1?2.232 = 10 56 57 48 83 81 21 20 61 90 37 19 22 62 26 13 
950-9-10 1?2.265 = 9 33 74 41 53 87 16 92 69 52 83 81 57 56 10 
950-9-13 1?2.649 = 9 35 48 83 81 21 20 61 90 37 19 22 62 49 26 59 70 93 13 
950-10-12 1?2.065 = 10 56 57 48 83 81 21 20 61 90 19 37 49 22 62 12 
950-9-14 1?2.625 = 9 74 33 87 16 92 69 52 94 88 60 43 67 54 68 29 14 
950-9-12 1?2.054 = 9 35 57 48 83 81 21 20 61 90 19 37 49 22 62 12 
950-10-14 1?2.713 = 10 57 81 83 48 92 69 52 94 88 60 43 67 54 68 29 14 
950-9-15 1?2.556 = 9 33 74 53 87 16 92 69 52 94 88 60 43 67 54 68 45 15 
950-10-15 1?2.631 = 10 56 61 90 20 21 72 94 88 60 43 67 54 68 65 38 45 15 
950-12-13 1?2.112 = 12 62 22 19 37 90 61 20 21 72 25 49 59 70 93 13 
950-11-13 1?2.254 = 11 22 19 37 90 61 20 21 72 25 49 26 59 70 93 13 
950-12-14 1?2.222 = 12 62 22 19 37 90 61 20 21 72 25 49 59 93 70 14 
950-13-14 1?2.521 = 13 26 49 22 19 37 90 61 20 21 72 25 59 93 70 14 
950-14-15 1?2.176 = 14 29 68 54 67 84 42 95 28 82 17 50 65 38 45 15 
950-11-12 1?2.232 = 11 19 37 90 61 20 57 48 83 81 21 72 25 49 62 12 
950-11-14 1?2.58 = 11 22 19 37 90 61 20 21 72 77 44 43 67 54 68 29 96 14 
950-13-15 1?2.202 = 13 93 70 96 29 68 54 67 84 42 28 17 50 65 38 45 15 
950-12-15 1?2.147 = 12 62 22 19 90 61 20 72 77 44 67 54 68 45 15 
950-11-15 1?2.434 = 11 22 19 37 90 61 20 21 72 77 44 43 67 54 68 38 45 15 
stop
