start
384-0-2 1?2.153 = 0 94 50 43 33 96 62 47 89 65 84 78 74 79 63 75 2 
384-0-3 1?2.321 = 0 50 43 21 88 33 96 62 47 89 65 84 74 79 63 75 3 
384-0-4 1?2.358 = 0 50 94 20 78 74 84 76 73 72 19 52 68 77 71 61 4 
384-0-1 1?2.124 = 0 50 43 21 88 33 96 62 47 89 65 84 74 78 46 1 
384-0-8 1?2.562 = 0 94 50 43 33 96 62 47 90 28 54 56 25 49 66 23 40 30 26 8 
384-0-9 1?2.474 = 0 94 50 43 88 33 96 62 47 90 28 29 54 56 25 32 49 66 23 9 
384-0-10 1?2.521 = 0 94 50 43 21 88 58 36 39 55 70 67 44 37 18 34 86 85 95 10 
384-0-7 1?2.551 = 0 46 78 74 84 76 73 72 68 77 53 59 41 31 16 27 83 57 7 
384-0-5 1?2.802 = 0 94 50 43 21 88 33 96 62 47 22 45 38 76 73 72 68 77 53 5 
384-0-6 1?2.651 = 0 50 94 20 78 74 84 76 73 19 52 68 77 53 59 41 48 69 64 6 
384-0-11 1?2.425 = 0 94 50 43 21 88 33 96 62 47 90 28 29 42 35 44 37 18 34 86 11 
384-1-3 1?2.337 = 1 46 20 94 50 43 21 88 33 89 65 84 74 79 63 60 3 
384-1-4 1?2.392 = 1 46 20 94 50 43 89 65 38 76 73 72 68 77 61 4 
384-0-13 1?1.851 = 0 94 50 43 21 88 33 96 47 62 24 58 36 39 55 93 13 
384-0-15 1?2.05 = 0 94 50 43 21 88 33 96 47 62 24 58 36 55 39 14 15 
384-1-2 1?2.121 = 1 46 78 74 76 73 72 68 77 71 60 79 63 75 2 
384-0-12 1?2.1 = 0 50 43 21 88 33 96 47 62 24 58 36 39 55 70 67 12 
384-1-5 1?2.452 = 1 46 78 74 84 76 73 72 68 77 53 59 31 41 48 64 69 5 
384-0-14 1?1.661 = 0 94 50 43 21 88 33 96 47 62 24 58 36 55 39 14 
384-1-8 1?2.617 = 1 46 74 84 76 73 72 68 19 52 92 51 82 56 25 32 40 30 26 8 
384-1-7 1?2.624 = 1 46 78 74 84 76 73 72 19 52 68 77 53 59 41 31 16 27 83 57 7 
384-1-6 1?2.519 = 1 46 78 74 84 76 73 72 19 52 68 77 53 59 31 41 48 69 64 6 
384-1-15 1?2.142 = 1 46 20 94 50 43 88 33 96 47 62 24 58 36 39 14 15 
384-2-3 1?2.019 = 2 75 63 79 74 78 84 76 73 72 68 77 71 61 3 
384-2-4 1?1.841 = 2 75 63 79 74 78 84 76 73 72 68 77 71 61 4 
384-1-13 1?2.165 = 1 46 20 94 50 43 21 88 33 96 47 62 24 58 36 39 55 70 93 13 
384-2-5 1?2.205 = 2 75 63 79 76 73 72 68 77 53 59 41 48 64 69 5 
384-2-6 1?1.988 = 2 75 63 79 76 73 72 68 77 53 59 41 48 69 64 6 
384-1-11 1?2.35 = 1 46 20 94 50 43 21 88 58 36 39 55 70 67 44 37 18 34 86 11 
384-1-12 1?2.52 = 1 46 20 94 50 43 21 88 33 96 47 62 24 58 36 39 55 70 67 93 12 
384-1-10 1?2.536 = 1 46 20 94 50 43 21 88 33 96 62 47 90 28 29 42 35 99 81 85 95 10 
384-1-9 1?2.517 = 1 46 78 84 76 73 72 68 19 52 92 51 82 56 25 32 49 66 23 9 
384-1-14 1?1.753 = 1 46 20 94 50 43 88 33 96 47 62 24 58 36 39 14 
384-2-15 1?2.049 = 2 75 63 79 74 78 20 94 50 43 33 96 47 62 24 58 15 
384-3-4 1?1.998 = 3 75 63 79 74 78 84 76 73 72 68 77 71 61 4 
384-3-5 1?2.362 = 3 75 63 79 76 73 72 68 77 53 59 41 48 64 69 5 
384-2-13 1?2.31 = 2 75 63 79 74 78 20 94 50 43 21 88 33 24 58 36 39 55 93 13 
384-2-12 1?2.515 = 2 75 63 79 74 78 20 94 50 43 21 88 24 58 36 39 55 70 67 12 
384-2-7 1?2.286 = 2 75 63 79 74 84 76 73 72 68 77 53 59 31 16 27 83 57 7 
384-2-11 1?2.64 = 2 75 63 79 74 78 20 94 50 43 33 96 62 47 90 17 44 18 34 86 11 
384-2-10 1?2.517 = 2 75 63 79 74 84 76 73 19 52 92 51 82 56 25 32 49 66 80 10 
384-2-8 1?2.497 = 2 75 63 79 74 78 84 76 73 72 68 77 53 59 41 31 16 27 83 57 8 
384-2-9 1?2.51 = 2 75 63 79 74 84 76 73 72 68 19 52 92 51 82 32 49 66 23 9 
384-2-14 1?2.174 = 2 75 63 79 74 84 78 20 94 50 43 21 88 33 96 47 62 24 58 36 14 
384-3-15 1?2.25 = 3 75 63 79 74 78 20 94 50 43 21 88 33 96 24 58 15 
384-3-13 1?2.421 = 3 75 63 79 74 84 78 20 94 50 43 33 88 58 36 39 55 93 13 
384-4-5 1?2.339 = 4 61 71 77 68 72 73 19 52 53 59 41 48 64 69 5 
384-3-12 1?2.616 = 3 60 63 79 74 78 20 94 50 43 33 88 58 36 39 55 70 67 12 
384-3-6 1?2.145 = 3 75 63 79 76 73 72 68 77 53 59 41 48 69 64 6 
384-3-7 1?2.404 = 3 60 63 79 74 76 73 72 68 77 53 59 31 16 27 83 57 7 
384-3-10 1?2.648 = 3 60 63 79 76 73 72 68 19 52 92 51 82 56 25 32 49 66 80 10 
384-3-11 1?2.779 = 3 60 76 73 72 68 19 52 92 51 82 56 25 32 49 66 80 95 85 86 11 
384-3-8 1?2.56 = 3 75 63 79 74 78 84 76 73 72 68 77 53 59 31 16 27 83 57 8 
384-3-9 1?2.674 = 3 60 63 79 74 84 76 73 72 68 19 52 92 51 82 25 49 66 23 9 
384-3-14 1?2.235 = 3 60 63 79 74 78 20 94 50 43 21 88 33 96 47 62 24 58 36 14 
384-4-8 1?2.179 = 4 61 71 77 53 59 31 16 27 83 57 87 40 30 26 8 
384-4-7 1?2.289 = 4 61 71 77 68 72 73 19 52 53 59 31 16 27 83 57 7 
384-4-6 1?2.122 = 4 61 71 77 68 72 73 19 52 53 59 41 48 69 64 6 
384-5-6 1?2.425 = 5 61 71 77 68 72 73 19 52 53 59 41 48 69 64 6 
384-4-13 1?2.619 = 4 61 71 72 73 76 84 74 78 20 94 50 43 21 88 58 24 55 39 13 
384-4-12 1?2.754 = 4 61 71 77 68 19 52 92 51 82 25 49 66 80 81 99 37 18 34 12 
384-4-15 1?2.504 = 4 61 71 77 68 19 72 73 76 84 74 78 20 94 50 43 33 88 21 15 
384-4-11 1?2.701 = 4 61 71 77 68 72 73 19 52 92 51 82 25 32 49 66 80 81 99 86 11 
384-4-10 1?2.592 = 4 61 71 77 68 72 73 19 52 92 51 82 56 25 32 49 66 23 98 10 
384-4-9 1?2.625 = 4 61 71 77 68 72 73 19 52 92 51 82 56 25 32 49 66 23 40 9 
384-4-14 1?2.438 = 4 61 71 77 68 72 73 76 84 74 78 20 94 50 43 33 24 58 36 14 
384-6-8 1?1.927 = 6 64 69 48 41 59 31 16 27 83 57 87 40 30 26 8 
384-5-8 1?2.144 = 5 69 64 48 41 59 31 16 27 83 57 87 40 30 26 8 
384-5-7 1?2.382 = 5 69 64 48 41 31 16 82 51 56 25 32 87 83 57 7 
384-6-7 1?2.165 = 6 64 69 48 41 31 16 82 51 56 25 32 87 83 57 7 
384-5-15 1?2.613 = 5 53 52 19 68 72 73 76 84 74 78 20 94 50 43 33 88 21 15 
384-5-13 1?2.757 = 5 53 77 68 72 73 76 65 89 47 62 96 24 58 36 39 55 93 13 
384-5-12 1?2.65 = 5 69 64 48 41 31 16 82 51 56 25 32 49 66 80 81 99 37 18 12 
384-5-11 1?2.575 = 5 69 64 48 41 31 16 27 97 87 26 30 40 23 98 80 81 99 86 11 
384-5-9 1?2.534 = 5 69 64 48 41 31 16 82 51 56 25 32 49 66 23 40 30 26 9 
384-5-10 1?2.57 = 5 69 64 48 41 31 16 27 83 57 87 26 30 40 23 98 80 95 85 10 
384-5-14 1?2.562 = 5 53 77 68 72 73 76 84 74 78 20 94 50 43 33 24 58 36 14 
384-6-10 1?1.884 = 6 64 69 48 41 31 16 27 97 87 26 30 40 23 98 10 
384-7-10 1?2.019 = 7 57 83 27 16 97 87 26 30 40 23 98 80 95 85 10 
384-7-11 1?2.014 = 7 57 83 27 16 82 51 56 25 32 49 66 80 95 85 86 11 
384-7-8 1?1.976 = 7 57 83 27 97 82 51 56 25 32 49 66 23 40 30 26 8 
384-7-9 1?2.042 = 7 57 83 97 82 51 56 25 32 49 66 98 23 40 30 9 
384-6-9 1?1.849 = 6 64 69 48 41 31 16 27 83 57 87 26 30 40 23 9 
384-6-15 1?2.468 = 6 64 69 48 41 59 53 77 68 19 38 45 22 47 62 96 33 88 21 15 
384-6-13 1?2.679 = 6 64 69 48 41 31 16 27 97 82 51 56 25 54 42 29 17 67 70 93 13 
384-6-12 1?2.433 = 6 64 69 48 41 31 16 82 51 56 25 32 49 66 80 81 99 37 18 12 
384-6-11 1?2.407 = 6 64 69 48 41 31 16 27 83 87 26 30 40 23 98 80 95 85 86 11 
384-6-14 1?2.495 = 6 64 48 41 59 53 77 68 72 73 76 65 89 47 62 96 24 58 36 14 
384-8-10 1?2.022 = 8 26 30 40 23 49 66 80 81 99 37 18 34 86 85 10 
384-8-9 1?2.231 = 8 26 30 40 23 32 82 51 92 56 25 49 66 80 98 9 
384-8-11 1?1.794 = 8 26 30 40 23 98 80 81 99 35 44 37 18 34 86 11 
384-7-15 1?2.616 = 7 57 83 27 16 51 82 32 25 56 54 29 28 90 62 47 96 33 88 21 15 
384-7-12 1?2.454 = 7 57 83 87 26 30 40 23 98 80 95 85 81 99 35 37 18 34 12 
384-7-13 1?2.677 = 7 57 83 97 82 51 56 25 32 49 66 80 81 99 37 18 44 67 70 93 13 
384-8-13 1?2.505 = 8 26 30 40 23 98 80 95 85 81 99 86 34 18 37 44 67 70 93 13 
384-8-15 1?2.396 = 8 26 30 40 23 66 49 32 25 56 54 29 28 90 47 62 96 33 88 21 15 
384-8-12 1?2.51 = 8 26 30 40 23 32 82 51 56 25 49 66 80 81 99 35 44 37 18 34 12 
384-8-14 1?2.383 = 8 26 30 40 23 66 49 32 25 56 54 29 28 90 47 62 96 24 58 36 14 
384-7-14 1?2.625 = 7 57 83 97 82 51 56 25 54 42 29 28 90 47 62 96 33 88 21 58 36 14 
384-9-10 1?1.987 = 9 23 40 30 26 87 82 51 56 25 32 49 66 80 95 10 
384-10-11 1?1.944 = 10 95 80 66 49 32 25 56 54 42 35 44 37 18 34 86 11 
384-9-11 1?1.9 = 9 40 23 98 80 95 85 81 99 35 44 37 18 34 86 11 
384-10-13 1?2.238 = 10 95 85 81 99 35 42 29 28 90 47 62 96 24 58 36 39 13 
384-10-12 1?2.165 = 10 85 95 80 66 49 32 25 82 51 56 54 42 35 44 37 18 12 
384-9-12 1?2.352 = 9 23 98 80 66 49 32 25 82 51 56 54 42 35 44 37 18 34 12 
384-9-13 1?2.44 = 9 23 49 66 25 56 54 28 90 47 62 96 24 58 36 39 55 93 13 
384-10-15 1?2.368 = 10 95 85 99 37 44 67 70 55 39 36 58 24 62 47 96 33 88 21 15 
384-9-15 1?2.554 = 9 40 23 66 49 32 25 82 51 56 54 42 29 28 90 47 96 33 88 21 15 
384-9-14 1?2.286 = 9 23 66 49 32 25 56 54 29 28 90 47 62 96 33 88 21 58 36 14 
384-10-14 1?2.321 = 10 95 85 81 99 35 42 29 28 90 47 62 96 33 88 58 24 55 39 14 
384-12-13 1?2.126 = 12 18 37 44 17 90 47 62 96 33 88 21 58 36 39 13 
384-11-13 1?2.078 = 11 86 34 18 37 44 35 42 29 28 90 17 67 70 93 13 
384-14-15 1?1.913 = 14 36 39 55 24 58 88 33 96 62 47 89 50 43 21 15 
384-11-12 1?2.042 = 11 86 85 95 80 66 49 32 25 56 54 42 35 44 37 18 12 
384-13-15 1?1.994 = 13 93 67 70 55 39 36 58 24 96 33 88 21 43 50 15 
384-13-14 1?2.004 = 13 39 55 24 33 96 62 47 89 94 50 43 88 58 36 14 
384-12-15 1?2.043 = 12 18 37 44 67 70 55 39 36 58 24 62 96 33 88 21 15 
384-12-14 1?1.914 = 12 34 18 37 44 17 90 47 62 96 33 88 21 58 36 14 
384-11-14 1?1.855 = 11 86 34 18 37 44 17 90 47 62 96 33 88 58 36 14 
384-11-15 1?2.123 = 11 86 34 37 44 67 70 55 39 36 58 24 62 47 96 33 88 21 15 
stop
