start
236-0-1 1?1.988 = 0 81 99 53 96 97 33 86 80 21 48 90 54 68 55 1 
236-0-2 1?2.139 = 0 81 99 53 97 33 86 16 77 78 21 48 90 54 29 2 
236-0-3 1?2.233 = 0 62 63 68 55 54 84 94 58 59 74 24 70 66 69 30 71 3 
236-0-4 1?2.15 = 0 81 63 62 68 55 54 84 94 58 59 74 24 70 66 69 30 39 4 
236-0-5 1?2.106 = 0 62 63 68 54 84 94 58 59 74 24 70 66 69 30 39 76 95 5 
236-0-6 1?2.464 = 0 62 63 68 54 84 94 58 59 74 24 70 66 69 30 39 76 95 44 6 
236-0-7 1?2.58 = 0 81 63 62 68 55 54 84 94 58 82 74 59 24 60 32 26 92 72 7 
236-0-8 1?2.596 = 0 62 63 68 54 84 94 58 59 74 24 60 32 26 72 92 83 45 8 
236-0-9 1?2.801 = 0 62 63 68 55 54 90 48 21 77 78 17 89 98 40 52 43 88 46 93 9 
236-0-10 1?2.564 = 0 81 99 53 97 33 86 16 79 98 40 52 43 47 41 65 18 34 10 
236-0-11 1?2.509 = 0 99 53 97 33 86 16 79 98 89 43 52 40 36 87 20 73 64 11 
236-0-12 1?2.371 = 0 81 99 53 22 86 80 21 77 78 17 89 98 40 36 87 20 12 
236-0-13 1?2.28 = 0 81 99 53 22 86 16 79 98 89 43 52 40 36 61 19 38 13 
236-0-14 1?1.994 = 0 62 63 68 90 48 21 78 77 16 86 33 97 96 50 14 
236-0-15 1?1.924 = 0 81 63 62 55 68 90 48 21 80 86 33 97 96 91 15 
236-1-2 1?2.153 = 1 55 68 90 48 21 77 78 17 82 58 94 84 54 29 2 
236-1-3 1?1.993 = 1 55 68 54 84 94 58 59 74 24 70 69 30 71 3 
236-1-4 1?2.035 = 1 55 68 90 48 21 77 78 17 82 74 24 70 66 69 30 39 4 
236-1-5 1?2.056 = 1 55 68 54 84 94 58 82 59 74 24 70 66 69 30 39 76 95 5 
236-1-6 1?2.317 = 1 55 68 54 84 94 58 59 74 24 70 66 69 30 39 76 95 44 6 
236-1-7 1?2.469 = 1 55 68 90 48 21 77 78 17 82 58 59 74 24 42 32 26 92 72 7 
236-1-8 1?2.601 = 1 55 68 54 84 94 58 59 74 24 60 32 26 72 92 83 75 45 8 
236-1-9 1?2.831 = 1 55 68 62 63 90 48 21 78 17 77 16 79 98 40 52 43 47 46 93 9 
236-1-10 1?2.645 = 1 55 68 54 90 48 21 78 17 77 16 79 98 40 52 47 41 65 18 34 10 
236-1-11 1?2.53 = 1 55 68 54 90 48 21 78 17 77 16 79 98 40 36 87 20 73 64 11 
236-1-12 1?2.315 = 1 55 68 54 90 48 21 78 17 77 16 79 98 40 36 87 20 12 
236-1-13 1?2.313 = 1 55 68 54 90 48 21 78 17 77 16 79 98 40 36 61 19 38 13 
236-1-14 1?2.219 = 1 55 62 63 68 54 90 48 21 78 17 77 16 86 33 97 96 50 14 
236-1-15 1?1.877 = 1 55 68 54 90 48 21 78 77 16 86 33 97 96 91 15 
236-2-3 1?2.136 = 2 29 84 94 58 59 74 24 70 66 69 30 39 71 51 3 
236-2-4 1?2.054 = 2 28 51 71 23 85 59 74 24 70 66 69 30 39 95 76 4 
236-2-5 1?2.194 = 2 29 54 84 94 58 82 74 59 24 85 70 66 69 30 39 76 95 5 
236-2-6 1?2.476 = 2 28 51 71 30 69 66 70 85 59 74 24 42 32 26 92 72 49 6 
236-2-7 1?2.517 = 2 28 51 71 39 30 69 66 70 85 59 74 24 42 32 26 92 72 83 7 
236-2-8 1?2.612 = 2 28 51 71 30 69 66 70 85 59 74 24 60 32 26 92 72 83 45 8 
236-2-9 1?2.748 = 2 28 51 71 30 69 66 70 24 59 74 42 32 26 75 45 25 27 9 
236-2-10 1?2.739 = 2 29 55 68 54 90 48 21 77 78 17 89 98 40 52 47 41 65 18 34 10 
236-2-11 1?2.648 = 2 29 55 68 54 90 48 21 77 78 17 89 98 40 52 43 47 41 65 64 11 
236-2-12 1?2.575 = 2 29 54 90 48 21 78 17 77 16 79 98 89 43 52 40 36 87 20 12 
236-2-13 1?2.573 = 2 29 54 90 48 21 78 17 77 16 79 98 89 43 52 40 36 61 19 38 13 
236-2-14 1?2.486 = 2 29 55 62 63 68 54 90 48 21 78 17 77 16 86 33 97 96 50 14 
236-2-15 1?2.335 = 2 29 55 68 54 90 48 17 78 77 16 86 22 33 97 96 91 15 
236-3-4 1?1.791 = 3 51 71 23 85 59 74 24 70 66 69 30 39 95 76 4 
236-3-5 1?1.697 = 3 51 71 23 85 59 74 24 70 66 69 30 39 76 95 5 
236-3-6 1?2.198 = 3 28 51 71 23 85 59 74 24 70 66 69 30 39 95 44 6 
236-3-7 1?2.36 = 3 28 51 71 39 30 69 66 70 24 59 74 42 60 32 26 92 72 7 
236-3-8 1?2.506 = 3 28 51 71 30 69 66 70 85 59 74 24 60 32 26 72 92 75 45 8 
236-3-9 1?2.64 = 3 51 71 30 69 66 70 24 59 74 42 32 26 72 92 83 45 25 27 9 
236-3-10 1?2.757 = 3 71 30 69 66 70 24 74 59 82 17 78 77 98 40 52 47 46 34 10 
236-3-11 1?2.647 = 3 71 30 69 70 24 74 59 82 17 78 77 98 40 52 47 41 65 64 11 
236-3-12 1?2.51 = 3 71 30 69 66 70 24 74 59 82 17 78 77 98 40 36 87 20 12 
236-3-13 1?2.496 = 3 71 30 69 66 70 24 74 59 82 17 78 77 16 79 36 61 19 38 13 
236-3-14 1?2.409 = 3 71 30 69 66 70 24 74 59 58 84 94 48 21 80 86 33 97 50 14 
236-3-15 1?2.297 = 3 71 30 69 66 70 24 74 59 82 17 78 77 21 80 86 22 53 15 
236-4-5 1?2.007 = 4 76 95 39 30 69 66 70 24 59 74 57 42 60 44 5 
236-4-6 1?2.166 = 4 76 95 39 30 69 66 70 85 59 74 24 42 32 26 72 49 6 
236-4-7 1?2.061 = 4 76 95 39 30 69 66 70 24 59 74 42 60 32 26 72 7 
236-4-8 1?2.086 = 4 39 30 69 66 70 85 59 74 24 42 32 26 92 72 83 45 8 
236-4-9 1?2.55 = 4 39 30 69 66 70 24 59 74 42 60 32 26 72 92 75 45 25 27 9 
236-4-10 1?2.584 = 4 39 30 69 66 70 24 74 59 82 17 78 77 98 40 52 47 41 18 34 10 
236-4-11 1?2.511 = 4 39 30 69 66 70 24 74 59 82 17 78 77 98 40 43 47 41 65 64 11 
236-4-12 1?2.384 = 4 39 30 69 66 70 24 74 59 82 17 78 77 89 98 40 36 87 20 12 
236-4-13 1?2.459 = 4 39 30 69 66 70 24 74 59 58 82 17 78 77 89 98 40 36 61 19 38 13 
236-4-14 1?2.352 = 4 39 30 69 66 70 24 74 59 58 82 17 78 77 21 80 86 33 97 96 50 14 
236-4-15 1?2.15 = 4 39 30 69 66 70 24 74 59 82 17 78 77 16 86 33 97 96 15 
236-5-6 1?1.859 = 5 44 95 76 39 30 69 66 70 60 32 26 92 72 49 6 
236-5-7 1?1.785 = 5 95 76 39 30 69 66 70 24 59 74 42 26 92 72 7 
236-5-8 1?1.859 = 5 95 76 39 30 69 66 70 60 32 26 72 92 83 45 8 
236-5-9 1?2.419 = 5 95 76 39 30 69 70 24 59 74 42 32 26 72 92 75 25 27 9 
236-5-10 1?2.576 = 5 95 76 39 30 69 66 70 24 59 74 57 37 88 47 41 65 18 34 10 
236-5-11 1?2.389 = 5 95 76 39 30 69 66 70 24 59 74 57 37 88 47 41 65 64 11 
236-5-12 1?2.399 = 5 95 76 39 30 69 66 70 24 59 82 17 89 98 40 36 87 20 12 
236-5-13 1?2.356 = 5 95 76 39 30 69 66 70 24 74 82 17 78 77 16 79 61 19 38 13 
236-5-14 1?2.307 = 5 95 76 39 30 69 66 70 24 74 59 82 17 78 77 16 86 33 97 50 14 
236-5-15 1?2.177 = 5 95 76 39 30 69 66 70 24 59 82 17 78 77 16 86 22 53 15 
236-6-7 1?2.055 = 6 44 95 76 39 30 69 66 70 60 32 26 92 72 49 7 
236-6-8 1?2.163 = 6 44 95 76 39 30 69 66 70 60 32 26 92 83 45 8 
236-6-9 1?2.618 = 6 44 95 76 39 30 69 66 70 60 32 26 72 92 75 45 25 27 9 
236-6-10 1?2.806 = 6 60 24 74 59 58 82 17 78 77 98 40 52 47 41 65 18 34 10 
236-6-11 1?2.619 = 6 60 24 74 59 58 82 17 78 77 98 40 52 47 41 65 64 11 
236-6-12 1?2.679 = 6 60 24 74 59 58 82 17 78 77 16 79 98 40 36 87 20 12 
236-6-13 1?2.664 = 6 60 24 74 59 58 84 94 17 78 77 89 98 40 36 61 19 38 13 
236-6-14 1?2.557 = 6 60 24 74 59 58 84 94 17 78 77 21 80 86 33 97 96 50 14 
236-6-15 1?2.563 = 6 44 95 76 39 30 69 66 70 24 74 59 82 17 78 21 80 86 22 53 15 
236-7-8 1?2.424 = 7 49 32 60 70 66 85 59 74 24 42 26 92 75 45 8 
236-7-9 1?2.594 = 7 72 92 26 32 60 70 66 85 24 59 74 57 56 25 27 9 
236-7-10 1?2.744 = 7 72 92 26 32 60 42 57 37 89 98 40 43 47 41 65 18 34 10 
236-7-11 1?2.623 = 7 72 92 26 32 42 57 37 89 98 40 43 52 36 87 20 73 64 11 
236-7-12 1?2.587 = 7 72 92 26 32 42 74 59 82 17 78 77 98 40 36 87 20 12 
236-7-13 1?2.627 = 7 72 92 26 32 60 24 74 82 17 78 77 98 40 36 61 19 38 13 
236-7-14 1?2.499 = 7 72 92 26 32 60 24 74 59 82 17 78 77 16 86 33 97 50 14 
236-7-15 1?2.516 = 7 72 92 26 32 42 24 74 59 82 17 78 77 16 86 33 97 96 91 15 
236-8-9 1?2.637 = 8 45 75 92 72 32 60 24 59 74 37 88 46 93 9 
236-8-10 1?2.51 = 8 45 75 56 88 43 89 98 40 52 47 41 65 18 34 10 
236-8-11 1?2.395 = 8 45 75 56 88 43 89 98 40 36 87 20 73 64 11 
236-8-12 1?2.683 = 8 45 75 92 72 26 32 60 42 57 37 89 98 40 36 87 20 12 
236-8-13 1?2.704 = 8 45 83 92 72 26 32 42 57 37 89 98 40 43 52 36 61 19 38 13 
236-8-14 1?2.626 = 8 45 75 26 32 60 24 74 59 82 17 78 21 80 86 33 97 50 14 
236-8-15 1?2.626 = 8 45 75 26 32 42 74 59 82 17 78 77 21 80 86 33 97 96 91 15 
236-9-10 1?2.459 = 9 93 46 88 43 40 36 87 20 73 64 65 18 34 10 
236-9-11 1?2.343 = 9 93 46 41 47 43 89 98 40 52 36 87 20 73 64 11 
236-9-12 1?2.623 = 9 93 46 47 52 40 98 89 17 78 77 16 79 36 87 20 12 
236-9-13 1?2.66 = 9 93 46 18 65 64 73 20 87 52 43 89 98 40 36 61 19 38 13 
236-9-14 1?2.566 = 9 93 46 88 47 43 52 40 98 79 16 86 33 97 96 91 50 14 
236-9-15 1?2.69 = 9 93 46 88 43 40 98 89 17 78 77 21 48 80 86 33 97 96 91 15 
236-10-11 1?2.19 = 10 34 18 41 47 52 43 89 98 40 36 87 20 73 64 11 
236-10-12 1?2.247 = 10 34 18 65 41 47 43 89 98 40 52 36 87 31 20 12 
236-10-13 1?2.205 = 10 34 18 65 41 47 43 89 98 40 36 87 31 19 38 13 
236-10-14 1?2.441 = 10 34 18 65 41 47 52 40 43 89 98 16 86 33 97 96 91 50 14 
236-10-15 1?2.406 = 10 34 18 65 41 47 52 40 43 89 98 79 16 86 33 97 96 91 15 
236-11-12 1?2.142 = 11 64 65 41 47 43 52 40 98 79 36 87 31 20 12 
236-11-13 1?2.066 = 11 64 65 41 47 52 43 89 98 40 36 87 61 19 38 13 
236-11-14 1?2.021 = 11 64 65 41 47 52 40 98 79 16 86 33 97 50 14 
236-11-15 1?2.351 = 11 64 73 20 87 36 40 52 43 89 98 79 16 86 33 97 96 91 15 
236-12-13 1?2.183 = 12 20 87 36 40 98 79 16 86 33 97 35 19 38 13 
236-12-14 1?2.017 = 12 20 87 36 52 40 79 16 86 33 97 96 91 50 14 
236-12-15 1?2.189 = 12 20 87 36 40 98 89 17 78 77 16 86 33 97 96 91 15 
236-13-14 1?1.946 = 13 38 19 61 36 40 98 79 16 86 33 97 96 50 14 
236-13-15 1?2.074 = 13 38 19 61 36 40 43 89 98 79 16 86 33 97 96 91 15 
236-14-15 1?2.023 = 14 50 91 96 97 33 86 16 77 17 78 21 80 22 53 15 
stop
