start
463-0-3 1?2.577 = 0 83 75 70 68 69 16 86 45 34 27 25 26 87 46 66 3 
463-0-1 1?2.221 = 0 29 58 80 71 59 73 17 92 99 19 55 75 83 33 42 1 
463-0-4 1?2.538 = 0 83 75 55 70 68 69 16 86 45 34 25 26 39 90 91 93 4 
463-0-5 1?2.499 = 0 83 75 19 55 70 68 69 16 86 45 34 27 25 26 39 90 91 93 5 
463-0-6 1?2.542 = 0 83 75 55 70 68 69 16 86 45 34 27 25 26 39 90 35 38 36 6 
463-0-8 1?2.761 = 0 83 75 55 70 68 69 16 86 45 34 25 27 21 60 57 37 85 8 
463-0-7 1?2.812 = 0 83 75 55 70 68 69 16 86 45 34 27 25 26 39 90 21 60 23 7 
463-0-11 1?2.397 = 0 83 75 55 19 99 92 17 73 71 59 22 20 47 49 78 98 72 52 11 
463-0-9 1?2.841 = 0 83 75 55 99 92 17 73 71 59 22 20 47 49 78 40 67 50 88 9 
463-0-2 1?2.361 = 0 29 58 80 73 17 92 99 19 55 75 83 33 76 62 2 
463-0-10 1?2.55 = 0 83 75 55 19 99 92 17 79 22 20 47 94 49 78 40 67 50 48 10 
463-1-5 1?2.078 = 1 42 76 74 51 45 86 34 27 25 26 39 90 91 93 5 
463-0-14 1?2.313 = 0 42 33 83 75 55 19 99 92 17 73 80 29 58 71 59 14 
463-1-2 1?2.364 = 1 76 74 44 45 86 34 27 25 26 87 46 30 62 2 
463-1-3 1?2.288 = 1 76 74 51 45 86 34 27 25 26 87 46 30 66 3 
463-1-4 1?2.24 = 1 42 76 74 44 45 86 34 27 25 26 39 90 91 93 4 
463-0-15 1?2.331 = 0 1 42 33 83 75 55 19 99 92 17 73 59 71 80 58 29 15 
463-0-12 1?2.238 = 0 83 75 55 19 99 92 79 22 20 94 49 78 40 98 72 89 12 
463-0-13 1?2.417 = 0 42 33 83 75 55 19 99 92 17 73 80 58 71 59 22 20 84 13 
463-1-7 1?2.754 = 1 42 76 74 51 44 45 86 34 27 25 26 39 93 91 31 35 38 36 7 
463-1-6 1?2.413 = 1 76 74 51 44 45 86 34 27 25 26 39 90 91 31 35 38 36 6 
463-1-8 1?2.795 = 1 42 76 74 51 44 45 86 34 27 25 26 39 90 21 60 57 37 85 8 
463-2-5 1?2.081 = 2 62 30 46 34 45 86 27 25 87 26 39 90 91 93 5 
463-2-3 1?2.39 = 2 62 30 46 34 45 86 56 43 27 25 26 87 66 3 
463-1-13 1?2.438 = 1 42 33 83 75 55 19 99 92 17 73 80 58 71 59 79 22 20 84 13 
463-2-4 1?2.236 = 2 62 30 46 34 27 25 87 26 39 90 35 91 93 4 
463-1-9 1?2.801 = 1 42 33 83 75 55 19 99 92 79 22 20 47 94 49 78 40 67 50 88 9 
463-1-11 1?2.413 = 1 42 33 83 75 55 19 99 92 79 22 20 47 94 49 78 40 98 72 52 11 
463-1-12 1?2.575 = 1 42 33 83 75 55 19 99 92 17 73 71 59 22 20 47 49 78 98 72 89 12 
463-1-10 1?2.53 = 1 42 33 83 75 55 19 99 92 79 22 20 47 94 49 78 40 67 50 48 10 
463-1-14 1?2.239 = 1 42 33 83 75 55 19 99 92 17 73 59 71 80 29 58 14 
463-1-15 1?1.941 = 1 42 33 83 75 55 19 99 92 17 73 59 71 80 58 29 15 
463-2-6 1?2.375 = 2 76 74 51 44 45 86 34 27 25 26 39 90 91 31 35 38 36 6 
463-3-5 1?2.008 = 3 30 46 34 45 86 56 43 27 25 26 39 91 93 5 
463-3-4 1?2.16 = 3 66 30 46 87 34 45 86 27 25 26 39 90 91 93 4 
463-2-13 1?2.624 = 2 76 42 33 83 75 55 19 99 92 17 73 80 58 71 59 22 20 84 13 
463-2-9 1?2.66 = 2 62 30 46 87 26 25 27 34 45 86 56 43 28 53 18 61 88 9 
463-2-12 1?2.649 = 2 62 30 46 34 45 86 56 96 28 41 24 81 32 40 78 49 94 89 12 
463-2-11 1?2.687 = 2 62 30 46 34 45 86 56 96 28 41 24 81 32 40 78 98 72 52 11 
463-2-15 1?2.081 = 2 62 76 33 83 75 55 19 99 92 17 73 80 58 29 15 
463-2-7 1?2.674 = 2 62 30 46 87 26 39 90 25 27 34 45 86 56 96 43 60 57 23 7 
463-2-14 1?2.536 = 2 62 76 74 51 16 69 68 70 75 55 19 99 92 17 73 80 58 14 
463-2-10 1?2.766 = 2 62 30 46 87 26 25 27 34 45 86 56 96 28 41 24 81 97 50 48 10 
463-2-8 1?2.694 = 2 62 30 46 87 26 39 90 25 27 34 45 86 56 96 28 64 53 37 85 8 
463-4-5 1?2.028 = 4 66 30 46 87 26 39 90 25 27 21 35 31 91 93 5 
463-3-13 1?2.625 = 3 30 46 87 26 25 34 45 86 16 69 63 65 95 79 20 22 13 
463-3-7 1?2.36 = 3 66 30 46 87 26 39 90 25 27 34 45 86 56 43 60 23 7 
463-3-6 1?2.055 = 3 66 30 46 87 34 27 25 26 39 90 91 31 35 38 36 6 
463-3-9 1?2.54 = 3 66 30 46 87 26 25 27 34 45 86 56 43 28 53 18 61 88 9 
463-3-12 1?2.567 = 3 66 30 46 34 45 86 56 43 28 41 24 81 32 40 78 49 94 89 12 
463-3-11 1?2.567 = 3 66 30 46 34 45 86 56 96 28 41 24 81 32 40 78 98 72 52 11 
463-3-15 1?2.496 = 3 30 46 87 26 25 27 34 45 86 16 69 68 70 75 55 19 29 15 
463-3-14 1?2.518 = 3 30 46 87 26 25 34 45 86 16 69 68 70 99 92 17 73 71 14 
463-3-8 1?2.467 = 3 66 30 46 87 26 25 27 34 45 86 56 96 43 28 53 37 85 8 
463-3-10 1?2.646 = 3 66 30 46 87 26 25 27 34 45 86 56 96 28 41 24 81 97 50 48 10 
463-5-6 1?1.843 = 5 91 93 39 26 25 27 34 45 86 56 43 21 36 6 
463-4-9 1?2.42 = 4 93 91 39 26 25 27 34 45 86 56 43 28 53 18 61 88 9 
463-4-6 1?2.075 = 4 66 30 46 34 27 25 87 26 39 90 91 31 35 38 36 6 
463-4-7 1?2.312 = 4 93 91 90 39 26 25 27 34 45 86 56 96 43 60 57 23 7 
463-4-13 1?2.605 = 4 93 91 39 26 25 27 34 45 86 56 96 77 65 95 79 20 22 13 
463-4-12 1?2.473 = 4 87 26 25 34 45 86 56 96 28 41 24 81 32 40 78 49 94 89 12 
463-4-8 1?2.332 = 4 93 91 90 39 26 25 27 34 45 86 56 96 28 64 53 37 85 8 
463-4-15 1?2.432 = 4 87 25 34 45 86 16 69 68 70 99 92 17 73 80 58 29 15 
463-4-11 1?2.542 = 4 87 26 25 27 34 45 86 56 96 28 24 81 32 40 78 98 72 52 11 
463-4-14 1?2.526 = 4 93 91 39 26 25 27 34 45 86 16 69 68 70 99 92 17 73 71 14 
463-4-10 1?2.58 = 4 93 91 90 39 26 25 27 34 45 86 56 96 28 41 24 81 97 50 48 10 
463-6-7 1?1.879 = 6 36 38 35 31 91 93 39 26 25 27 21 60 57 23 7 
463-5-7 1?1.876 = 5 91 39 26 25 27 34 45 86 56 43 60 57 23 7 
463-6-8 1?1.932 = 6 36 38 35 31 91 93 39 26 90 21 60 57 37 85 8 
463-5-8 1?1.903 = 5 91 39 26 25 34 45 86 56 43 28 53 37 85 8 
463-5-9 1?2.216 = 5 93 91 90 39 26 25 27 34 45 86 56 43 64 53 18 61 88 9 
463-5-10 1?2.31 = 5 91 93 39 26 25 27 34 45 86 56 96 28 41 24 81 97 50 48 10 
463-5-11 1?2.419 = 5 91 39 26 25 34 45 86 56 96 28 41 24 81 32 40 78 98 72 52 11 
463-5-12 1?2.434 = 5 91 93 39 26 25 34 45 86 56 96 28 41 24 81 32 40 78 49 94 89 12 
463-5-13 1?2.573 = 5 93 91 90 39 26 25 27 34 45 86 16 69 68 63 65 95 79 20 22 13 
463-5-15 1?2.409 = 5 93 91 90 39 26 25 27 34 45 86 56 16 69 68 70 75 55 19 29 15 
463-5-14 1?2.429 = 5 91 93 39 26 25 27 34 45 86 56 16 69 68 70 99 92 17 73 71 14 
463-6-9 1?2.174 = 6 36 38 35 90 25 34 45 86 56 96 28 41 61 88 9 
463-7-9 1?2.309 = 7 23 60 21 25 34 45 86 56 43 64 53 18 61 88 9 
463-6-10 1?2.254 = 6 36 21 25 34 45 86 56 96 28 24 81 97 50 48 10 
463-7-8 1?2.137 = 7 23 60 21 25 34 45 86 56 96 28 53 37 85 8 
463-7-10 1?2.378 = 7 23 57 64 28 41 24 81 32 40 78 98 72 52 50 48 10 
463-7-11 1?2.233 = 7 23 60 64 28 41 24 81 32 40 78 49 94 89 98 72 52 11 
463-6-11 1?2.403 = 6 36 38 35 90 25 34 45 86 56 96 28 41 24 81 97 67 52 11 
463-6-13 1?2.539 = 6 36 38 35 90 39 26 25 34 45 86 56 96 77 65 95 79 20 22 13 
463-6-12 1?2.479 = 6 36 38 35 90 39 26 25 27 43 28 41 24 81 32 40 78 49 94 89 12 
463-6-15 1?2.438 = 6 36 38 35 90 39 26 25 27 34 45 86 16 69 68 70 75 55 19 29 15 
463-6-14 1?2.46 = 6 36 38 35 90 39 26 25 34 45 86 16 69 68 70 99 92 17 73 71 14 
463-8-9 1?2.387 = 8 85 37 53 64 28 43 56 96 77 24 41 18 61 88 9 
463-8-10 1?2.235 = 8 85 37 18 61 97 67 40 78 49 94 98 72 52 50 48 10 
463-8-11 1?1.913 = 8 85 37 18 61 81 32 40 78 49 94 89 98 72 52 11 
463-8-12 1?2.268 = 8 85 37 53 64 28 41 24 81 97 67 40 78 49 94 89 98 72 12 
463-7-12 1?2.592 = 7 23 60 21 27 34 45 86 56 96 28 41 81 32 40 78 49 94 89 12 
463-7-13 1?2.685 = 7 23 57 60 64 53 28 41 24 81 97 67 40 78 49 94 47 20 22 84 13 
463-8-13 1?2.579 = 8 85 37 53 64 28 41 24 81 97 67 32 40 78 49 94 47 20 22 84 13 
463-7-15 1?2.681 = 7 23 60 21 27 25 34 86 16 69 68 70 99 92 17 73 80 58 29 15 
463-7-14 1?2.594 = 7 23 57 60 21 27 25 34 45 86 16 69 68 70 99 92 17 73 71 14 
463-8-14 1?2.595 = 8 85 37 53 64 28 41 24 81 97 67 40 78 49 94 47 20 22 59 71 14 
463-8-15 1?2.652 = 8 85 37 53 64 28 41 24 77 63 69 68 70 99 92 17 73 80 58 29 15 
463-10-12 1?2.088 = 10 48 50 67 32 40 49 78 98 72 89 94 47 20 22 84 12 
463-9-11 1?1.975 = 9 88 61 18 41 24 81 97 67 40 78 49 94 98 72 52 11 
463-10-11 1?1.945 = 10 48 50 67 40 78 49 94 47 20 22 84 89 98 72 52 11 
463-9-10 1?2.294 = 9 88 61 18 41 24 81 97 67 40 78 98 72 52 50 48 10 
463-10-13 1?2.129 = 10 48 50 67 97 81 32 40 49 78 98 72 89 94 47 20 22 13 
463-9-12 1?2.274 = 9 88 61 18 53 64 28 41 24 81 32 54 40 78 49 94 89 12 
463-9-13 1?2.506 = 9 88 61 18 53 64 28 41 24 81 97 67 40 78 49 47 20 22 84 13 
463-9-14 1?2.688 = 9 88 61 18 53 64 28 41 24 81 97 67 40 78 49 47 20 22 59 71 14 
463-10-14 1?2.507 = 10 48 50 67 40 49 78 98 72 89 94 47 20 22 79 92 17 73 80 58 14 
463-9-15 1?2.777 = 9 88 61 18 41 24 81 32 40 78 49 94 20 22 59 71 73 80 58 29 15 
463-10-15 1?2.578 = 10 48 50 52 72 98 40 78 49 47 20 22 79 92 99 17 73 80 58 29 15 
463-11-12 1?1.942 = 11 52 72 98 94 49 78 40 54 95 79 20 22 84 89 12 
463-12-13 1?1.966 = 12 89 72 98 78 49 40 67 97 81 32 54 47 20 22 84 13 
463-12-14 1?1.846 = 12 89 72 98 78 49 47 20 22 79 92 99 17 73 71 14 
463-12-15 1?1.807 = 12 89 72 98 78 49 47 20 22 59 71 73 80 58 29 15 
463-13-14 1?2.033 = 13 22 20 47 49 78 40 54 95 92 17 73 80 58 71 14 
463-11-13 1?2.018 = 11 52 72 98 94 49 78 40 67 97 81 32 54 47 20 22 84 13 
463-13-15 1?1.953 = 13 84 20 22 59 71 58 80 73 17 92 99 55 75 19 29 15 
463-14-15 1?2.166 = 14 71 58 80 73 17 59 22 20 79 92 99 55 75 19 29 15 
463-11-14 1?2.17 = 11 52 72 98 40 78 49 94 47 20 22 79 92 99 17 73 80 58 71 14 
463-11-15 1?2.204 = 11 52 72 98 40 78 49 94 47 20 22 79 92 99 17 73 80 58 29 15 
stop
