start
60-0-2 1?2.019 = 0 23 36 73 27 63 44 86 52 69 26 89 40 61 84 79 2 
60-0-4 1?2.099 = 0 23 44 86 52 69 26 89 40 61 84 41 51 58 19 67 80 92 4 
60-0-3 1?2.189 = 0 23 44 86 52 69 26 89 40 61 84 41 51 58 67 92 19 3 
60-0-1 1?2.169 = 0 23 44 86 52 69 26 89 91 56 40 61 84 18 65 1 
60-0-5 1?2.464 = 0 23 44 86 52 69 26 89 40 91 56 71 21 97 28 57 95 35 93 46 5 
60-0-8 1?2.495 = 0 23 44 86 52 69 26 89 40 91 56 21 97 28 57 50 64 62 78 54 16 8 
60-0-9 1?2.514 = 0 23 44 86 52 69 26 89 40 91 56 21 97 45 50 64 78 54 62 96 9 
60-0-7 1?2.433 = 0 86 44 52 69 26 89 40 91 56 53 71 21 97 28 57 34 88 48 82 24 7 
60-0-11 1?2.402 = 0 86 44 52 69 26 89 40 91 56 53 43 75 90 87 81 99 85 49 11 
60-0-10 1?2.413 = 0 23 44 86 52 69 26 89 40 91 56 53 43 75 90 87 81 99 47 76 10 
60-0-6 1?2.305 = 0 23 44 86 52 69 26 89 40 91 56 21 97 28 57 34 88 48 82 22 6 
60-0-15 1?2.093 = 0 23 44 86 52 69 26 89 40 91 53 77 29 63 27 73 15 
60-1-4 1?1.756 = 1 65 98 52 69 26 89 61 84 41 58 19 67 92 4 
60-1-2 1?2 = 1 65 98 86 44 52 69 26 89 91 56 40 61 84 79 2 
60-1-3 1?1.921 = 1 65 98 52 69 26 89 40 61 84 41 51 58 19 3 
60-0-14 1?2.133 = 0 23 44 86 52 69 26 89 40 91 56 53 77 55 60 31 14 
60-1-5 1?2.221 = 1 65 98 86 44 52 69 26 89 40 61 84 41 58 67 92 80 5 
60-1-8 1?2.597 = 1 65 98 86 44 52 69 26 89 40 91 56 21 97 28 57 50 64 62 54 16 8 
60-0-13 1?2.235 = 0 86 44 52 69 26 89 40 91 56 53 43 90 75 33 39 25 20 13 
60-1-7 1?2.169 = 1 65 98 52 69 26 89 40 91 56 21 97 28 57 34 88 48 24 7 
60-1-6 1?2.163 = 1 65 69 26 89 40 91 56 21 97 28 57 34 88 48 82 22 6 
60-0-12 1?2.34 = 0 23 44 86 52 69 26 89 40 91 56 53 43 75 90 87 81 37 72 12 
60-1-14 1?2.066 = 1 65 69 26 89 40 91 56 53 43 90 75 55 60 31 14 
60-2-4 1?1.796 = 2 79 18 69 26 89 40 61 84 41 58 19 67 92 4 
60-2-3 1?1.989 = 2 79 84 61 89 40 30 38 17 74 51 41 58 19 3 
60-1-12 1?2.457 = 1 65 98 86 44 52 69 26 89 40 91 56 53 43 75 90 87 81 37 72 12 
60-1-11 1?2.401 = 1 65 98 52 69 26 89 40 91 56 53 43 90 75 87 81 99 85 49 11 
60-1-10 1?2.394 = 1 65 98 52 69 26 89 40 91 56 53 43 90 75 87 81 99 47 76 10 
60-2-5 1?2.217 = 2 79 84 61 89 40 91 56 21 97 28 57 95 35 93 46 5 
60-1-9 1?2.67 = 1 65 98 86 44 52 69 26 89 40 91 56 71 21 97 28 57 34 54 78 62 96 9 
60-1-15 1?2.082 = 1 65 69 26 89 40 91 53 43 90 75 55 60 94 68 15 
60-2-6 1?2.166 = 2 79 84 61 89 40 91 56 21 97 28 57 34 88 48 82 22 6 
60-1-13 1?2.333 = 1 65 98 86 44 52 69 26 89 40 91 56 53 43 90 75 33 39 20 13 
60-3-4 1?1.952 = 3 19 58 41 84 61 89 40 38 17 74 51 67 92 4 
60-2-12 1?2.38 = 2 79 84 61 89 40 91 56 53 43 90 87 81 99 85 49 72 12 
60-2-14 1?2.511 = 2 79 84 61 89 40 91 56 53 43 90 75 33 39 20 25 66 70 31 14 
60-2-11 1?2.52 = 2 79 18 84 61 26 89 40 91 56 53 43 90 87 81 99 85 49 11 
60-2-10 1?2.491 = 2 79 84 61 69 26 89 40 91 56 53 43 75 90 87 81 99 47 76 10 
60-2-9 1?2.528 = 2 79 84 61 40 89 91 56 21 97 28 57 50 64 62 78 54 16 96 9 
60-3-5 1?2.348 = 3 19 58 41 51 17 30 38 21 97 28 57 95 35 93 46 5 
60-2-8 1?2.494 = 2 79 84 61 89 40 91 56 53 71 21 97 28 57 34 88 48 82 24 8 
60-2-7 1?2.102 = 2 79 84 61 89 40 91 56 21 97 28 57 34 88 48 82 24 7 
60-2-15 1?1.942 = 2 79 18 84 61 40 89 26 69 52 86 44 63 27 73 15 
60-2-13 1?2.294 = 2 79 84 61 69 26 89 40 91 56 53 43 90 75 33 39 20 13 
60-3-14 1?2.402 = 3 19 58 41 84 61 89 40 91 53 43 90 75 55 60 94 31 14 
60-4-5 1?2.042 = 4 80 92 67 19 58 41 51 74 17 30 38 59 93 46 5 
60-3-12 1?2.691 = 3 19 58 41 84 61 89 40 91 56 53 43 75 90 87 81 99 85 49 72 12 
60-3-8 1?2.422 = 3 19 58 41 51 74 17 59 93 35 95 48 88 34 54 78 64 62 16 8 
60-3-9 1?2.456 = 3 19 58 41 51 74 17 59 93 35 48 88 34 54 78 64 62 16 96 9 
60-3-11 1?2.552 = 3 19 58 41 84 61 89 40 91 56 53 43 75 90 87 81 99 85 49 11 
60-3-10 1?2.526 = 3 19 58 41 51 74 17 59 93 35 48 88 34 78 62 64 50 32 76 10 
60-3-6 1?2.047 = 3 19 58 41 51 74 17 59 93 35 95 34 88 48 82 22 6 
60-3-7 1?2.106 = 3 19 58 41 51 17 59 93 35 95 28 57 34 88 48 82 24 7 
60-3-15 1?2.108 = 3 19 58 41 84 61 40 89 26 69 52 86 44 63 27 73 36 15 
60-3-13 1?2.385 = 3 19 58 41 84 61 89 40 91 56 53 43 90 75 33 39 25 20 13 
60-4-8 1?2.046 = 4 92 67 58 51 17 59 93 35 48 88 34 54 78 62 16 8 
60-4-14 1?2.342 = 4 92 67 58 41 84 61 89 40 91 53 43 90 75 55 60 94 31 14 
60-4-12 1?2.412 = 4 92 67 58 41 84 61 89 40 91 56 53 43 75 90 87 81 37 72 12 
60-5-6 1?1.997 = 5 46 35 95 28 57 64 62 78 54 34 88 48 82 22 6 
60-4-6 1?1.838 = 4 92 67 51 74 17 59 93 35 95 34 88 48 82 22 6 
60-4-9 1?2.255 = 4 92 67 19 58 41 51 74 17 59 93 35 48 88 34 54 78 62 96 9 
60-4-11 1?2.452 = 4 92 67 58 41 84 61 89 40 91 56 53 43 90 87 81 99 85 49 11 
60-4-7 1?1.862 = 4 92 67 58 41 51 74 17 59 93 35 95 88 48 82 24 7 
60-4-10 1?2.397 = 4 92 67 58 51 74 17 59 93 35 48 88 34 78 62 64 50 32 76 10 
60-4-15 1?2.138 = 4 92 67 19 58 41 84 61 40 89 26 69 52 86 44 63 27 73 36 15 
60-4-13 1?2.325 = 4 92 67 58 41 84 61 89 40 91 56 53 43 90 75 33 39 25 20 13 
60-5-8 1?2.066 = 5 46 93 35 95 57 28 97 21 71 45 50 64 62 16 8 
60-6-8 1?1.966 = 6 22 82 48 88 34 57 28 97 21 45 50 64 62 16 8 
60-5-14 1?2.586 = 5 46 93 35 95 57 28 97 21 56 91 53 43 90 75 55 60 94 31 14 
60-6-7 1?1.868 = 6 22 35 95 28 57 64 62 78 54 34 88 48 82 24 7 
60-5-12 1?2.635 = 5 46 93 35 95 57 28 97 21 56 91 53 43 90 75 87 81 37 72 12 
60-5-9 1?2.44 = 5 46 35 48 88 34 57 28 97 21 71 45 50 64 62 54 16 96 9 
60-5-11 1?2.509 = 5 46 93 35 95 48 88 34 54 78 62 64 50 32 47 99 85 49 11 
60-5-7 1?1.911 = 5 46 93 35 95 28 57 78 62 54 34 88 48 82 24 7 
60-5-10 1?2.517 = 5 46 93 35 95 57 28 97 21 45 50 64 62 78 54 16 96 83 10 
60-5-13 1?2.547 = 5 46 93 35 95 57 28 97 21 56 91 53 43 90 75 33 39 25 20 13 
60-5-15 1?2.416 = 5 80 92 67 19 58 41 84 61 89 26 69 52 86 44 63 27 73 36 15 
60-7-8 1?1.899 = 7 24 48 88 34 57 28 97 21 71 45 50 64 62 16 8 
60-6-9 1?1.982 = 6 22 82 48 88 34 54 78 62 64 50 32 47 76 83 9 
60-7-9 1?1.881 = 7 24 48 88 34 57 28 97 21 45 50 64 62 96 9 
60-6-14 1?2.451 = 6 22 82 48 88 34 57 28 97 21 56 91 53 43 90 75 55 60 31 14 
60-7-11 1?2.188 = 7 24 82 48 88 34 54 78 62 64 50 32 76 47 99 85 49 11 
60-7-10 1?2.176 = 7 24 82 48 88 34 57 28 97 21 71 45 50 64 62 32 76 10 
60-6-11 1?2.488 = 6 22 82 48 88 34 57 28 97 21 71 43 75 90 87 81 99 85 49 11 
60-6-10 1?2.377 = 6 22 82 48 88 34 57 28 97 21 71 45 50 64 78 62 32 47 76 10 
60-6-12 1?2.712 = 6 22 82 48 88 34 54 78 62 64 50 57 28 97 21 71 45 87 81 37 72 12 
60-6-15 1?2.425 = 6 22 82 48 88 34 57 28 97 21 71 43 90 75 55 60 94 27 73 36 15 
60-6-13 1?2.459 = 6 22 82 48 88 34 57 28 97 21 56 91 53 43 90 75 33 39 20 13 
60-8-9 1?2.063 = 8 24 48 88 34 57 28 97 21 45 50 64 62 96 9 
60-8-11 1?2.231 = 8 24 82 48 88 34 54 78 62 64 50 32 47 99 85 49 11 
60-8-10 1?2.255 = 8 24 48 88 95 28 57 34 54 78 62 64 50 32 47 76 10 
60-8-12 1?2.488 = 8 16 62 78 54 34 88 48 95 57 28 97 21 71 87 81 37 72 12 
60-8-14 1?2.547 = 8 16 54 78 62 64 50 45 71 56 91 53 43 90 75 55 60 94 31 14 
60-7-14 1?2.419 = 7 24 48 88 34 57 28 97 21 56 91 53 43 90 75 55 60 94 31 14 
60-7-12 1?2.493 = 7 24 48 88 34 54 78 62 64 50 45 71 43 90 75 87 81 37 72 12 
60-8-13 1?2.364 = 8 24 82 48 88 34 54 78 62 64 50 87 81 33 39 20 25 13 
60-8-15 1?2.572 = 8 16 54 78 62 64 50 45 71 56 91 40 89 26 69 52 86 44 63 27 73 15 
60-7-13 1?2.417 = 7 24 82 48 88 34 54 78 62 64 50 87 81 33 39 20 25 66 70 13 
60-7-15 1?2.481 = 7 24 48 88 34 57 28 97 21 56 91 40 89 26 69 52 86 44 63 27 73 36 15 
60-9-12 1?2.211 = 9 96 16 54 78 62 64 50 32 76 47 99 85 49 72 12 
60-10-11 1?2.408 = 10 76 47 32 62 54 78 64 50 45 87 81 99 85 49 11 
60-10-12 1?2.448 = 10 76 32 62 54 78 64 50 87 81 99 85 49 37 72 12 
60-9-11 1?2.246 = 9 96 16 54 78 62 64 50 45 71 87 81 99 85 49 11 
60-9-10 1?2.165 = 9 96 16 24 82 48 88 34 54 78 62 64 50 32 76 10 
60-10-14 1?2.684 = 10 76 32 64 62 78 54 34 57 28 97 21 71 43 90 75 55 60 31 14 
60-9-14 1?2.559 = 9 96 16 54 78 62 64 50 45 21 71 43 90 75 55 60 94 31 14 
60-10-13 1?2.307 = 10 76 47 32 62 54 78 64 50 87 81 33 39 25 20 13 
60-9-13 1?2.482 = 9 96 16 54 62 78 57 28 97 21 71 43 90 75 33 39 25 20 13 
60-10-15 1?2.574 = 10 76 47 99 81 87 43 53 91 40 89 26 69 52 86 44 63 27 73 15 
60-9-15 1?2.445 = 9 96 16 54 78 62 64 50 45 71 43 90 75 55 60 94 27 73 36 15 
60-11-12 1?2.471 = 11 49 85 99 81 87 90 75 55 60 94 31 66 25 20 12 
60-13-14 1?2.316 = 13 20 25 39 33 81 87 90 75 43 77 55 60 94 31 14 
60-12-14 1?2.369 = 12 72 37 49 85 99 81 87 43 90 75 55 60 94 31 14 
60-11-14 1?2.538 = 11 49 85 99 81 87 90 75 43 53 56 91 77 55 60 94 31 14 
60-13-15 1?2.196 = 13 20 25 39 33 81 87 90 75 55 60 94 63 27 73 36 15 
60-14-15 1?2.261 = 14 31 60 55 75 90 43 53 56 91 77 29 63 27 73 36 15 
60-11-13 1?2.375 = 11 49 85 99 81 87 43 90 75 55 60 94 31 66 70 13 
60-12-13 1?2.404 = 12 72 49 85 99 81 87 43 90 75 33 39 20 25 66 70 13 
60-12-15 1?2.475 = 12 72 37 33 75 90 43 53 56 91 40 89 26 69 52 63 27 73 15 
60-11-15 1?2.551 = 11 49 85 99 81 87 43 53 56 91 40 89 26 69 52 63 27 73 15 
stop
