start
458-0-2 1?2.04 = 0 56 78 80 21 60 16 48 50 85 46 90 73 33 71 2 
458-0-4 1?2.235 = 0 63 90 73 33 71 51 96 97 94 83 76 89 17 59 4 
458-0-3 1?2.238 = 0 56 36 21 60 80 48 50 85 78 46 90 73 33 71 40 3 
458-0-6 1?2.325 = 0 63 29 90 73 33 84 35 70 97 87 94 83 76 39 58 64 77 43 6 
458-0-9 1?2.435 = 0 56 78 85 50 48 80 21 60 16 23 27 61 20 92 42 38 68 82 9 
458-0-8 1?2.548 = 0 56 78 85 50 48 80 21 60 16 23 27 61 55 34 53 93 86 75 8 
458-0-1 1?1.869 = 0 56 36 21 60 80 48 50 85 46 35 84 33 73 90 29 1 
458-0-7 1?2.414 = 0 63 29 90 73 33 71 51 96 97 87 94 83 76 39 28 31 62 88 7 
458-0-11 1?2.369 = 0 56 46 78 85 50 48 80 21 60 16 19 72 22 61 27 20 92 42 38 44 11 
458-0-10 1?2.521 = 0 56 46 78 85 50 48 80 21 60 16 19 72 22 27 20 92 42 38 68 95 25 10 
458-0-5 1?2.157 = 0 63 90 73 33 84 70 97 87 94 83 76 39 58 64 77 43 81 5 
458-1-5 1?1.934 = 1 29 71 51 96 97 94 83 76 39 58 64 77 43 81 5 
458-0-15 1?1.736 = 0 63 29 90 73 33 84 35 46 78 85 50 48 80 21 36 15 
458-1-3 1?2.226 = 1 29 90 73 33 84 35 70 97 87 94 83 76 89 79 3 
458-1-2 1?2.137 = 1 29 73 33 90 46 85 50 48 19 72 49 35 84 71 2 
458-0-12 1?2.16 = 0 56 78 85 50 48 80 21 60 16 19 22 61 27 20 91 67 12 
458-0-14 1?1.711 = 0 63 29 90 73 33 84 35 46 85 48 80 21 65 18 14 
458-1-4 1?2.051 = 1 29 90 73 33 84 70 97 87 94 83 76 89 17 59 4 
458-0-13 1?1.843 = 0 56 46 78 85 50 48 80 21 36 65 60 16 23 54 13 
458-1-6 1?2.05 = 1 29 90 73 33 71 51 96 97 87 94 83 76 39 58 64 32 6 
458-1-7 1?2.363 = 1 29 90 73 33 35 84 51 96 97 87 94 83 76 39 58 64 32 62 88 7 
458-1-8 1?2.583 = 1 29 90 73 33 71 84 35 70 97 87 94 83 99 26 69 57 47 41 75 8 
458-1-15 1?1.631 = 1 29 90 73 33 84 35 46 78 85 50 48 80 60 21 36 15 
458-2-5 1?2.072 = 2 71 51 96 97 87 94 83 76 39 58 64 43 77 45 5 
458-2-3 1?2.459 = 2 71 33 73 90 35 84 70 97 87 94 83 76 89 79 3 
458-1-12 1?2.118 = 1 29 90 73 33 84 35 46 85 50 48 80 21 60 16 23 54 12 
458-2-4 1?2.178 = 2 71 51 96 97 87 94 83 76 39 58 64 45 17 59 4 
458-2-6 1?2.302 = 2 71 73 33 84 35 70 97 87 94 83 76 39 58 64 77 43 6 
458-1-11 1?2.38 = 1 29 73 33 90 46 78 85 50 48 80 21 60 16 23 91 92 42 38 44 11 
458-1-9 1?2.543 = 1 29 90 73 33 71 51 96 97 87 94 83 99 26 93 24 66 82 9 
458-1-14 1?1.709 = 1 29 90 73 33 84 35 46 85 50 48 80 21 60 16 65 18 14 
458-1-13 1?1.82 = 1 29 90 73 33 84 35 46 85 50 48 80 21 60 16 23 54 13 
458-1-10 1?2.481 = 1 29 73 33 90 46 85 50 48 80 21 60 16 23 27 20 92 42 38 68 95 10 
458-2-15 1?1.875 = 2 71 33 73 90 46 78 85 50 48 80 21 60 65 36 15 
458-3-5 1?2.462 = 3 2 71 51 96 97 87 94 83 76 39 58 64 43 77 45 5 
458-3-4 1?2.204 = 3 40 51 96 97 87 94 83 76 39 58 64 45 17 59 4 
458-2-12 1?2.514 = 2 71 33 73 90 46 78 85 50 48 80 21 60 16 23 27 61 20 91 12 
458-2-11 1?2.55 = 2 71 33 73 90 46 78 85 50 48 80 21 60 16 23 27 20 91 67 11 
458-2-9 1?2.762 = 2 71 33 73 90 35 84 70 97 87 94 83 99 26 93 24 66 82 9 
458-2-7 1?2.467 = 2 71 33 73 90 35 84 51 96 97 87 94 83 76 39 28 31 62 88 7 
458-2-10 1?2.636 = 2 71 33 73 90 46 85 50 48 80 60 16 23 27 20 92 42 38 68 95 10 
458-2-8 1?2.621 = 2 71 33 73 90 35 84 51 96 97 87 94 83 76 39 69 57 47 75 8 
458-2-14 1?2.126 = 2 29 90 73 33 71 84 35 46 85 50 48 80 21 60 16 65 18 14 
458-2-13 1?2.275 = 2 71 73 90 33 84 35 46 56 78 85 50 48 80 21 60 16 23 54 13 
458-4-5 1?2.084 = 4 59 17 45 77 64 58 39 76 83 69 28 32 43 81 5 
458-3-15 1?2.283 = 3 40 71 73 90 33 84 35 46 78 85 50 48 80 60 16 65 15 
458-3-12 1?2.646 = 3 40 71 73 90 33 84 35 46 50 85 78 80 60 16 23 54 12 
458-3-11 1?2.65 = 3 40 71 33 73 90 46 78 85 50 48 80 21 60 16 23 91 67 11 
458-3-9 1?2.626 = 3 59 17 45 77 43 64 58 39 76 83 26 93 24 66 82 9 
458-3-6 1?2.446 = 3 59 17 45 77 43 64 58 39 76 83 26 69 28 31 62 88 6 
458-3-8 1?2.539 = 3 59 17 52 45 77 43 64 58 39 76 83 99 26 69 57 47 75 8 
458-3-7 1?2.454 = 3 59 17 45 77 43 64 58 39 76 83 26 69 28 31 62 88 7 
458-3-10 1?2.653 = 3 59 17 52 45 77 43 64 58 39 76 83 99 26 93 24 66 68 95 10 
458-3-14 1?2.248 = 3 40 71 73 90 33 84 35 46 78 85 50 48 80 21 60 16 65 18 14 
458-3-13 1?2.482 = 3 40 71 73 90 33 84 35 49 50 85 78 48 80 21 60 16 23 54 13 
458-5-6 1?1.797 = 5 81 43 77 64 58 39 76 83 26 69 28 31 62 6 
458-4-6 1?1.827 = 4 59 17 52 45 81 43 77 64 58 32 28 31 62 88 6 
458-4-15 1?2.395 = 4 59 17 45 64 58 39 76 83 94 97 70 49 50 85 48 80 36 15 
458-4-12 1?2.516 = 4 59 17 45 77 43 64 58 39 76 83 94 87 98 30 61 27 20 91 12 
458-4-9 1?2.404 = 4 59 17 52 45 77 43 64 58 39 76 83 99 26 93 24 66 82 9 
458-4-7 1?2.167 = 4 59 17 45 77 43 64 58 39 76 83 99 26 69 28 31 62 88 7 
458-4-11 1?2.53 = 4 59 17 45 77 43 64 58 39 76 83 99 26 93 24 66 68 95 25 11 
458-4-10 1?2.376 = 4 59 17 45 77 43 64 58 39 76 83 99 26 93 24 66 68 95 25 10 
458-4-13 1?2.52 = 4 59 17 45 77 43 64 58 39 76 83 94 87 97 98 30 22 23 54 13 
458-4-8 1?2.377 = 4 59 17 52 45 81 43 77 64 58 39 76 83 99 26 69 57 47 75 8 
458-4-14 1?2.433 = 4 52 45 64 58 39 76 83 94 87 97 70 49 50 85 48 80 21 65 18 14 
458-5-7 1?1.803 = 5 81 43 77 64 58 39 76 83 99 26 57 37 74 7 
458-6-7 1?1.933 = 6 43 77 64 58 39 76 83 99 26 69 28 31 62 88 7 
458-6-8 1?2.013 = 6 43 77 64 58 39 76 83 99 26 69 57 47 41 75 8 
458-5-15 1?2.185 = 5 81 43 77 64 58 39 76 83 94 97 70 49 50 85 48 80 21 36 15 
458-5-12 1?2.343 = 5 81 43 77 64 58 39 76 83 94 87 98 53 34 55 61 27 20 91 12 
458-5-9 1?2.246 = 5 81 43 77 64 58 39 76 83 94 87 99 26 93 24 66 82 9 
458-5-10 1?2.163 = 5 81 43 77 64 58 39 76 83 94 99 26 93 24 66 68 95 25 10 
458-5-11 1?2.329 = 5 81 43 77 64 58 39 76 83 94 87 97 98 53 34 55 92 42 38 44 11 
458-5-8 1?2.135 = 5 81 43 77 64 58 39 76 83 94 97 87 99 26 69 57 47 75 8 
458-5-13 1?2.311 = 5 81 43 77 64 58 39 76 83 94 87 97 98 30 61 20 27 23 54 13 
458-5-14 1?2.211 = 5 81 43 77 64 58 39 76 83 94 87 97 70 49 50 48 80 21 65 18 14 
458-7-10 1?1.982 = 7 88 62 31 28 69 26 99 93 24 66 82 68 95 10 
458-6-9 1?2.105 = 6 43 77 64 58 39 76 83 99 26 93 24 66 82 9 
458-7-9 1?2.18 = 7 88 62 31 28 39 76 83 99 26 93 24 66 82 9 
458-7-8 1?2.061 = 7 88 62 32 43 77 64 58 28 31 37 57 47 41 75 8 
458-7-11 1?2.509 = 7 88 62 32 43 77 64 58 39 76 83 26 93 24 66 68 44 11 
458-6-11 1?2.442 = 6 43 77 64 58 39 76 83 99 26 93 24 66 82 68 95 25 11 
458-6-12 1?2.493 = 6 43 77 64 58 39 76 83 94 87 97 98 53 34 55 61 27 20 91 12 
458-6-10 1?2.225 = 6 32 43 77 64 58 39 76 83 99 26 93 24 66 68 95 25 10 
458-6-15 1?2.464 = 6 32 43 77 64 58 39 76 83 94 87 97 70 49 50 85 78 48 80 21 36 15 
458-6-13 1?2.522 = 6 32 64 58 39 76 83 94 97 70 49 50 85 48 80 60 16 23 54 13 
458-6-14 1?2.406 = 6 43 77 64 58 39 76 83 94 87 97 70 49 50 85 48 80 21 60 65 18 14 
458-8-11 1?2.249 = 8 74 37 57 47 41 86 93 24 66 82 68 95 25 11 
458-8-10 1?2.095 = 8 74 37 57 47 41 86 93 24 66 82 68 95 25 10 
458-8-9 1?2.352 = 8 74 37 31 28 57 47 41 86 93 24 66 68 82 9 
458-8-12 1?2.669 = 8 75 41 47 57 69 26 99 53 34 55 61 27 20 91 92 42 38 67 12 
458-7-12 1?2.587 = 7 88 62 31 28 39 76 83 94 87 97 98 30 53 34 55 92 42 67 12 
458-8-15 1?2.534 = 8 75 86 93 53 34 55 20 27 23 16 60 21 80 48 50 85 78 36 15 
458-7-15 1?2.54 = 7 88 62 31 28 39 76 83 94 87 97 70 49 50 85 48 80 21 60 65 15 
458-8-14 1?2.389 = 8 75 86 93 53 34 55 61 22 72 50 85 48 80 21 60 65 18 14 
458-8-13 1?2.551 = 8 75 86 93 53 34 55 61 22 72 19 48 80 21 60 16 23 54 13 
458-7-13 1?2.615 = 7 37 57 69 83 94 87 97 70 49 50 85 48 80 21 60 16 23 54 13 
458-7-14 1?2.457 = 7 88 62 31 28 39 76 83 94 87 97 70 49 50 85 48 80 60 65 18 14 
458-9-11 1?2.361 = 9 82 66 24 93 53 34 55 20 27 91 92 42 38 44 11 
458-10-11 1?2.174 = 10 25 95 68 66 24 34 53 55 61 27 20 92 42 38 44 11 
458-9-10 1?2.235 = 9 82 66 24 34 53 55 61 27 20 92 42 38 68 95 10 
458-9-12 1?2.384 = 9 82 68 66 24 34 53 55 61 27 20 91 92 42 67 12 
458-10-12 1?2.193 = 10 25 95 68 66 24 34 53 55 61 27 20 92 42 67 12 
458-10-13 1?2.134 = 10 95 68 66 24 93 53 34 55 61 20 27 23 54 13 
458-10-14 1?1.942 = 10 95 68 38 42 92 20 27 23 16 60 80 21 65 18 14 
458-9-13 1?2.328 = 9 82 68 66 24 93 53 34 55 20 61 27 23 54 13 
458-10-15 1?2.223 = 10 95 68 38 42 92 20 27 61 22 72 49 50 85 48 80 60 21 36 15 
458-9-15 1?2.457 = 9 82 68 38 42 92 20 27 61 22 72 50 85 78 48 80 21 60 65 15 
458-9-14 1?2.276 = 9 82 68 38 42 92 20 61 22 72 50 85 48 80 21 60 65 18 14 
458-14-15 1?1.712 = 14 18 65 16 60 21 80 48 19 72 49 50 85 78 36 15 
458-13-15 1?1.823 = 13 54 23 16 60 21 80 48 19 72 49 50 85 78 36 15 
458-11-12 1?2.347 = 11 25 95 68 66 24 34 53 55 61 27 20 92 42 67 12 
458-12-15 1?2.144 = 12 67 42 92 20 27 61 22 72 49 50 85 48 80 60 21 36 15 
458-13-14 1?1.775 = 13 54 23 16 60 21 80 48 50 85 46 78 36 65 18 14 
458-12-14 1?1.985 = 12 67 42 92 20 27 61 22 72 19 48 80 21 60 65 18 14 
458-12-13 1?2.197 = 12 67 42 92 20 27 61 22 72 19 48 80 60 16 23 54 13 
458-11-14 1?1.929 = 11 44 38 42 92 20 61 22 72 50 85 48 80 21 65 18 14 
458-11-13 1?2.082 = 11 44 38 42 92 20 61 22 19 48 80 21 60 16 23 54 13 
458-11-15 1?2.129 = 11 44 38 42 92 20 61 27 23 16 60 21 80 48 50 85 78 36 15 
stop
