start
692-0-1 1?2.308 = 0 43 71 69 48 94 68 88 17 64 67 84 81 26 66 53 1 
692-0-10 1?2.42 = 0 43 89 83 97 51 41 76 98 85 55 37 28 70 74 19 56 54 90 10 
692-0-6 1?2.487 = 0 43 71 48 84 95 92 44 34 40 49 50 21 23 58 45 39 6 
692-0-9 1?2.67 = 0 43 89 83 97 51 41 76 98 85 55 37 28 70 74 56 54 82 80 9 
692-0-8 1?2.517 = 0 43 71 69 48 84 95 92 44 34 57 59 25 50 21 23 72 62 24 8 
692-0-5 1?2.518 = 0 43 71 69 48 84 95 92 44 34 57 59 25 50 49 40 96 86 5 
692-0-2 1?2.193 = 0 43 71 69 48 94 68 88 17 64 67 84 81 66 79 30 2 
692-0-4 1?2.383 = 0 43 71 69 48 84 95 92 44 34 49 40 96 35 22 4 
692-0-3 1?2.293 = 0 43 71 69 48 81 26 84 95 92 44 27 36 73 61 3 
692-0-7 1?2.399 = 0 43 71 69 48 81 84 95 92 44 34 25 50 21 23 58 45 39 7 
692-0-11 1?2.473 = 0 43 89 83 97 51 41 76 98 85 55 37 28 70 74 56 19 60 11 
692-1-2 1?2.431 = 1 53 66 26 81 84 67 95 92 34 44 27 36 73 30 2 
692-1-4 1?2.331 = 1 53 66 81 26 36 27 95 92 34 49 40 96 35 22 4 
692-0-15 1?2.324 = 0 43 69 48 67 64 17 88 68 85 98 76 41 51 78 15 
692-1-3 1?2.453 = 1 71 69 43 89 83 97 48 81 26 66 79 30 73 61 3 
692-1-5 1?2.456 = 1 53 66 81 26 36 27 95 92 44 34 25 50 49 40 96 35 22 5 
692-1-6 1?2.424 = 1 53 66 26 36 27 95 92 44 34 40 49 50 21 23 58 45 39 6 
692-0-13 1?2.396 = 0 71 69 43 89 83 97 51 41 76 98 85 55 37 29 42 65 13 
692-0-14 1?2.3 = 0 43 71 69 48 67 64 17 88 68 85 98 76 41 51 14 
692-0-12 1?2.395 = 0 43 89 83 97 51 41 76 98 85 55 29 37 28 70 32 16 52 12 
692-1-7 1?2.384 = 1 53 66 81 26 36 27 44 95 92 57 59 25 50 21 23 58 45 39 7 
692-1-8 1?2.506 = 1 53 66 81 26 36 27 95 92 44 34 57 59 25 50 21 23 72 62 24 8 
692-1-15 1?2.256 = 1 53 2 30 79 66 26 81 48 69 71 43 89 97 83 78 15 
692-2-5 1?2.076 = 2 30 73 36 27 95 92 44 34 25 50 49 40 96 86 5 
692-2-3 1?2.268 = 2 30 79 66 26 81 84 67 94 64 95 92 44 27 36 61 3 
692-2-4 1?2.186 = 2 30 79 73 36 27 95 92 44 34 49 40 96 35 22 4 
692-1-11 1?2.525 = 1 53 66 81 84 67 64 17 88 18 46 99 20 47 31 74 56 19 60 11 
692-2-6 1?2.197 = 2 30 73 36 27 95 92 34 40 49 50 21 23 58 45 39 6 
692-1-13 1?2.473 = 1 71 69 43 89 83 97 51 41 76 98 85 55 37 29 42 65 13 
692-1-12 1?2.52 = 1 71 69 43 89 83 97 51 41 76 98 85 55 37 28 70 16 52 12 
692-1-10 1?2.532 = 1 53 66 26 81 84 67 64 17 88 18 46 99 20 47 31 74 19 56 54 90 10 
692-1-9 1?2.718 = 1 53 66 26 81 84 67 64 17 88 18 46 99 20 47 31 74 56 82 80 9 
692-1-14 1?2.545 = 1 53 66 26 81 84 67 64 17 88 68 75 55 85 98 76 41 51 14 
692-2-15 1?2.395 = 2 30 79 66 26 81 84 67 94 64 17 88 68 98 76 41 51 78 15 
692-3-5 1?2.065 = 3 61 73 36 27 95 92 44 34 25 50 49 40 96 86 5 
692-3-4 1?2.144 = 3 61 36 27 95 92 44 34 25 50 49 40 96 35 22 4 
692-2-11 1?2.47 = 2 30 79 66 81 84 67 64 17 88 18 46 99 20 47 31 74 56 19 60 11 
692-2-13 1?2.435 = 2 30 79 66 26 81 84 67 64 68 85 55 37 28 70 32 16 42 65 13 
692-2-10 1?2.39 = 2 30 79 66 81 84 67 64 88 17 46 99 20 47 31 74 19 56 54 90 10 
692-2-12 1?2.605 = 2 30 79 66 26 81 84 67 94 64 17 88 68 85 55 29 37 28 70 32 16 52 12 
692-2-9 1?2.649 = 2 30 73 36 27 95 92 44 34 40 49 50 25 59 46 18 99 20 33 63 9 
692-2-7 1?2.171 = 2 30 73 36 27 95 92 44 34 57 59 25 50 21 23 58 45 39 7 
692-2-14 1?2.395 = 2 30 79 66 26 81 84 67 64 17 88 68 85 55 98 76 41 51 14 
692-2-8 1?2.383 = 2 30 73 36 27 95 92 44 34 40 49 50 21 77 23 45 58 72 24 8 
692-4-5 1?2.11 = 4 93 36 27 95 92 44 34 25 50 49 40 96 35 22 5 
692-3-15 1?2.67 = 3 61 73 26 81 84 67 64 17 88 68 75 55 85 98 76 41 51 78 15 
692-3-6 1?2.227 = 3 61 73 36 27 95 92 44 34 40 49 50 21 23 58 45 39 6 
692-3-11 1?2.52 = 3 61 36 27 95 92 44 34 25 59 99 46 18 91 31 74 56 19 60 11 
692-3-10 1?2.408 = 3 61 36 27 95 92 44 34 25 59 46 99 20 47 31 74 56 54 90 10 
692-3-13 1?2.609 = 3 61 36 27 95 92 44 34 25 59 99 46 18 75 55 29 42 65 13 
692-3-12 1?2.673 = 3 61 36 27 95 92 44 34 40 49 50 25 59 46 18 91 70 28 16 52 12 
692-3-9 1?2.582 = 3 61 36 27 95 92 44 34 49 50 25 59 46 18 99 20 47 33 63 9 
692-3-7 1?1.987 = 3 61 36 27 95 92 44 34 25 49 50 21 23 58 45 39 7 
692-3-8 1?2.349 = 3 61 73 36 27 95 92 44 34 40 49 50 25 59 21 23 72 62 24 8 
692-3-14 1?2.682 = 3 61 36 27 95 92 44 34 25 59 99 46 18 75 85 98 76 41 14 
692-4-6 1?2.108 = 4 93 36 27 95 92 44 34 57 59 25 50 49 40 96 6 
692-5-6 1?2.031 = 5 22 35 86 96 40 49 25 59 21 23 58 45 39 6 
692-4-15 1?2.662 = 4 22 35 96 40 49 50 25 59 46 18 75 85 98 76 41 51 78 15 
692-4-7 1?1.876 = 4 22 35 86 96 40 49 25 59 21 23 58 45 39 7 
692-4-9 1?2.517 = 4 22 35 96 40 49 50 25 59 99 46 18 91 31 74 56 82 80 9 
692-4-12 1?2.65 = 4 22 35 96 40 49 50 25 59 99 46 18 75 55 37 28 70 32 16 52 12 
692-4-10 1?2.407 = 4 22 35 96 40 49 50 25 59 46 18 99 20 47 31 74 19 56 54 90 10 
692-4-11 1?2.593 = 4 22 35 96 40 49 50 25 59 46 99 20 47 31 74 19 56 54 90 60 11 
692-4-13 1?2.646 = 4 22 35 86 96 40 49 50 25 59 99 46 18 75 55 37 29 42 65 13 
692-4-8 1?2.306 = 4 93 36 27 95 92 44 34 25 50 21 23 45 39 58 72 62 24 8 
692-4-14 1?2.619 = 4 22 35 96 40 49 50 25 59 99 46 18 75 55 85 98 76 41 14 
692-5-7 1?1.798 = 5 22 35 86 96 40 49 25 59 21 23 58 45 39 7 
692-5-15 1?2.592 = 5 86 96 40 49 50 25 59 99 46 18 75 55 85 98 76 41 51 78 15 
692-6-7 1?1.741 = 6 86 96 40 49 50 25 59 21 77 23 58 45 39 7 
692-5-8 1?1.82 = 5 22 35 86 96 40 49 50 21 45 58 23 72 62 24 8 
692-6-8 1?1.853 = 6 86 96 40 49 50 21 77 23 45 39 58 72 62 24 8 
692-5-9 1?2.332 = 5 86 96 40 49 50 25 59 20 47 31 74 56 54 90 82 80 9 
692-5-10 1?2.301 = 5 86 96 40 49 50 25 59 46 99 20 47 31 74 56 54 90 82 80 10 
692-5-13 1?2.61 = 5 35 96 40 49 50 25 59 99 46 18 75 37 28 70 32 16 42 65 13 
692-5-11 1?2.444 = 5 35 96 40 49 50 25 59 46 18 99 20 33 47 31 74 19 56 54 60 11 
692-5-12 1?2.583 = 5 35 96 40 49 50 25 59 46 99 20 47 31 74 56 19 32 16 52 12 
692-5-14 1?2.637 = 5 22 35 96 40 49 50 25 59 99 46 18 75 55 85 98 76 41 51 14 
692-7-10 1?1.594 = 7 39 45 58 23 77 38 87 33 47 31 74 56 54 90 10 
692-6-9 1?2.07 = 6 39 45 58 23 21 50 25 59 46 99 20 33 63 9 
692-7-9 1?1.837 = 7 39 45 58 23 21 50 25 59 46 99 20 33 63 9 
692-6-10 1?2.072 = 6 39 45 58 23 77 38 87 20 47 31 74 56 54 82 80 90 10 
692-7-11 1?1.934 = 7 39 45 58 23 77 38 87 20 47 31 74 19 56 54 90 60 11 
692-7-8 1?1.811 = 7 39 45 58 23 21 50 25 59 87 38 77 72 62 24 8 
692-6-15 1?2.594 = 6 86 96 40 49 50 25 59 99 46 18 75 55 85 98 76 41 51 78 15 
692-6-11 1?2.319 = 6 39 45 58 23 77 38 33 47 31 74 19 56 82 80 90 54 60 11 
692-6-12 1?2.47 = 6 39 45 58 23 77 38 63 82 80 90 54 56 74 19 32 16 52 12 
692-6-13 1?2.606 = 6 39 45 58 23 77 38 63 82 80 90 54 56 19 32 16 42 65 13 
692-6-14 1?2.578 = 6 39 45 58 23 21 50 25 59 99 46 18 75 55 85 98 76 41 14 
692-8-10 1?1.688 = 8 24 62 72 23 77 38 87 20 47 31 74 56 54 90 10 
692-8-9 1?1.881 = 8 24 62 72 77 38 87 20 47 31 74 56 54 82 80 9 
692-8-11 1?1.979 = 8 24 62 72 58 45 23 77 38 87 33 47 31 74 56 19 60 11 
692-8-12 1?2.181 = 8 24 62 72 77 38 63 82 80 90 54 56 74 19 32 16 52 12 
692-7-15 1?2.401 = 7 39 45 58 23 77 38 87 20 99 46 18 75 85 98 76 41 51 78 15 
692-8-15 1?2.591 = 8 24 62 72 23 21 50 25 59 99 46 18 75 55 85 98 76 41 51 78 15 
692-7-12 1?2.233 = 7 39 45 58 23 77 38 87 20 47 31 74 56 54 19 32 16 52 12 
692-8-13 1?2.374 = 8 24 62 72 23 77 38 87 20 47 31 74 56 19 32 16 42 65 13 
692-7-13 1?2.376 = 7 39 45 58 23 77 38 87 33 20 47 31 74 56 19 32 16 42 65 13 
692-8-14 1?2.443 = 8 24 62 72 23 21 50 25 59 99 46 18 75 85 98 76 41 51 14 
692-7-14 1?2.441 = 7 39 45 58 23 21 50 25 59 99 46 18 75 55 85 98 76 41 51 14 
692-9-10 1?1.793 = 9 63 38 87 33 20 47 31 74 19 56 54 90 82 80 10 
692-9-11 1?2.016 = 9 80 82 54 90 60 19 56 74 31 91 70 16 32 11 
692-10-11 1?1.847 = 10 80 82 54 90 60 19 56 74 31 91 70 16 32 11 
692-9-12 1?1.819 = 9 80 82 90 54 56 19 74 31 70 28 16 32 52 12 
692-10-12 1?1.674 = 10 80 82 90 54 19 56 74 31 70 28 16 32 52 12 
692-9-15 1?2.518 = 9 80 82 90 54 56 74 19 32 16 28 37 55 85 98 76 41 51 78 15 
692-10-15 1?2.342 = 10 90 80 82 56 74 19 32 16 70 28 37 55 85 98 76 41 51 78 15 
692-10-13 1?2.251 = 10 90 80 82 54 60 19 56 74 31 91 70 28 16 32 52 42 65 13 
692-9-13 1?2.518 = 9 80 82 90 54 56 19 74 31 47 20 99 46 18 75 55 29 42 65 13 
692-9-14 1?2.405 = 9 80 82 90 54 56 74 19 32 16 70 28 37 55 85 98 76 41 14 
692-10-14 1?2.235 = 10 90 80 82 54 56 74 19 32 16 70 28 37 55 85 98 76 41 14 
692-14-15 1?2.507 = 14 51 41 76 98 85 68 88 17 64 67 48 69 43 89 15 
692-11-12 1?1.747 = 11 60 54 90 80 82 56 74 19 32 16 42 52 12 
692-13-15 1?2.155 = 13 65 42 52 16 32 70 28 37 55 98 76 41 51 78 15 
692-11-13 1?1.802 = 11 60 90 80 82 56 74 19 32 16 52 42 65 13 
692-12-13 1?2.191 = 12 11 60 90 80 82 56 74 19 32 16 52 42 65 13 
692-12-15 1?2.501 = 12 52 16 32 19 56 74 70 28 37 29 55 85 98 76 41 51 78 15 
692-11-15 1?2.367 = 11 60 54 90 80 82 56 74 70 28 37 55 85 98 76 41 51 78 15 
692-12-14 1?2.23 = 12 52 16 32 19 56 74 70 28 37 55 85 98 76 41 14 
692-13-14 1?2.124 = 13 65 42 52 16 32 70 28 37 55 85 98 76 41 51 14 
692-11-14 1?2.039 = 11 60 54 56 74 19 32 16 28 37 55 98 76 41 14 
stop
