start
95-0-1 1?2.249 = 0 29 42 68 88 99 89 23 57 51 95 85 72 79 46 1 
95-0-2 1?2.367 = 0 85 72 79 95 94 70 58 80 92 63 61 32 20 59 2 
95-0-3 1?2.716 = 0 85 72 79 95 94 70 58 80 92 63 67 55 82 69 96 47 3 
95-0-4 1?2.571 = 0 29 42 68 88 99 51 94 20 32 55 82 35 69 96 49 47 4 
95-0-5 1?2.67 = 0 29 42 68 88 99 51 70 58 80 92 63 67 55 82 96 49 76 5 
95-0-6 1?2.738 = 0 85 72 79 46 21 59 20 32 55 82 47 96 69 49 76 16 38 54 6 
95-0-7 1?2.772 = 0 88 99 89 23 37 50 62 45 48 36 27 66 84 41 71 44 64 7 
95-0-8 1?2.611 = 0 88 99 89 23 37 50 62 97 45 48 73 36 27 66 81 18 86 8 
95-0-9 1?2.48 = 0 88 99 89 23 37 50 62 97 45 48 73 36 27 66 81 18 52 9 
95-0-10 1?2.368 = 0 29 68 88 99 89 23 37 50 62 97 45 48 73 36 27 66 60 39 93 10 
95-0-11 1?2.278 = 0 29 42 68 88 99 51 57 23 89 37 50 62 97 24 17 74 56 11 
95-0-12 1?2.057 = 0 29 42 68 88 99 89 23 37 50 62 97 45 24 17 74 12 
95-0-13 1?2.02 = 0 29 68 88 99 51 57 23 89 37 50 62 97 40 75 13 
95-0-14 1?2.226 = 0 85 72 95 94 70 58 80 26 45 62 50 37 91 14 
95-0-15 1?2.061 = 0 72 85 95 94 61 92 80 58 70 51 99 88 68 42 15 
95-1-2 1?2.451 = 1 79 72 85 95 94 70 58 80 92 61 32 20 59 21 2 
95-1-3 1?2.364 = 1 46 79 72 85 95 20 32 55 82 35 69 96 47 3 
95-1-4 1?2.47 = 1 46 79 95 94 70 58 80 92 61 63 67 35 69 49 4 
95-1-5 1?2.764 = 1 21 59 46 79 72 85 95 94 20 32 55 82 35 69 96 49 76 5 
95-1-6 1?2.815 = 1 46 79 72 85 95 94 20 32 55 82 35 69 96 49 76 16 38 54 6 
95-1-7 1?2.877 = 1 46 79 72 85 95 20 32 55 82 69 96 49 76 16 38 54 53 87 7 
95-1-8 1?2.748 = 1 79 95 51 57 23 37 50 62 97 45 48 36 27 66 81 18 86 8 
95-1-9 1?2.612 = 1 46 79 95 94 70 58 80 26 45 48 73 36 27 66 81 18 86 9 
95-1-10 1?2.499 = 1 46 79 95 51 57 23 37 50 62 97 45 48 73 36 27 66 60 39 93 10 
95-1-11 1?2.42 = 1 46 79 95 51 57 23 89 37 50 62 97 45 48 73 24 17 56 11 
95-1-12 1?2.216 = 1 72 85 88 99 51 57 23 89 37 50 62 97 24 17 74 12 
95-1-13 1?2.246 = 1 46 79 95 94 70 58 80 26 45 97 62 50 37 91 75 13 
95-1-14 1?2.408 = 1 46 79 95 94 70 58 80 26 45 97 50 37 23 89 14 
95-1-15 1?1.981 = 1 46 79 72 85 95 51 57 23 89 99 88 68 29 42 15 
95-2-3 1?2.509 = 2 21 59 46 79 72 85 95 20 32 55 82 96 47 3 
95-2-4 1?2.419 = 2 21 59 46 79 72 85 95 94 20 32 55 82 47 4 
95-2-5 1?2.511 = 2 21 59 46 79 72 85 95 94 20 32 55 82 69 76 5 
95-2-6 1?2.526 = 2 21 59 20 32 55 82 47 96 49 69 76 16 38 53 54 6 
95-2-7 1?2.943 = 2 21 59 46 79 95 94 70 58 80 92 43 25 30 41 71 44 64 7 
95-2-8 1?2.832 = 2 21 59 20 32 61 70 58 80 26 45 48 73 27 66 81 18 86 8 
95-2-9 1?2.708 = 2 21 59 20 32 61 92 58 80 26 45 48 73 27 66 81 18 86 9 
95-2-10 1?2.669 = 2 21 59 20 94 70 58 80 26 62 97 45 48 73 36 27 66 60 39 93 10 
95-2-11 1?2.576 = 2 21 59 20 32 61 70 58 80 26 36 73 48 45 62 97 24 17 56 11 
95-2-12 1?2.368 = 2 21 59 20 32 94 70 58 80 26 48 45 62 97 24 17 74 12 
95-2-13 1?2.368 = 2 21 59 20 32 94 70 58 80 26 45 97 62 50 37 91 13 
95-2-14 1?2.472 = 2 21 59 20 32 61 92 58 80 26 45 97 62 50 37 91 14 
95-2-15 1?2.083 = 2 19 33 59 21 46 79 95 72 85 99 88 68 29 42 15 
95-3-4 1?2.511 = 3 19 33 59 21 46 79 95 20 32 55 82 35 69 49 4 
95-3-5 1?2.423 = 3 19 33 59 21 46 79 95 20 32 55 82 96 49 76 5 
95-3-6 1?2.485 = 3 19 33 83 55 82 35 69 96 47 49 76 16 38 53 54 6 
95-3-7 1?2.937 = 3 47 96 49 69 35 82 55 67 31 43 25 30 41 71 44 64 7 
95-3-8 1?2.878 = 3 47 96 49 69 35 67 63 31 43 25 22 27 66 84 81 18 86 8 
95-3-9 1?2.652 = 3 47 96 49 69 82 55 67 31 43 25 30 71 41 18 81 52 9 
95-3-10 1?2.549 = 3 47 96 49 69 82 55 67 63 31 43 25 22 27 66 60 39 93 10 
95-3-11 1?2.699 = 3 47 96 49 69 35 67 63 92 58 80 26 45 62 97 24 17 56 11 
95-3-12 1?2.583 = 3 47 96 49 69 35 67 63 92 58 80 26 45 62 97 24 17 74 12 
95-3-13 1?2.59 = 3 19 33 59 20 32 94 70 58 80 26 45 97 62 50 37 91 13 
95-3-14 1?2.65 = 3 19 33 59 21 46 79 72 85 0 29 42 68 88 99 51 57 23 89 14 
95-3-15 1?2.487 = 3 19 33 59 21 46 79 72 85 95 51 57 23 89 99 88 68 42 15 
95-4-5 1?2.498 = 4 47 96 49 69 82 35 98 90 28 78 53 54 38 16 76 5 
95-4-6 1?2.551 = 4 47 96 49 69 35 82 55 67 31 34 90 28 78 53 54 6 
95-4-7 1?2.663 = 4 47 96 49 69 82 55 67 31 43 25 30 41 71 44 64 7 
95-4-8 1?2.603 = 4 47 49 96 69 82 55 67 63 31 43 25 30 71 41 86 8 
95-4-9 1?2.614 = 4 47 96 49 69 35 98 90 44 71 41 84 22 27 66 81 18 86 9 
95-4-10 1?2.524 = 4 47 96 49 69 35 67 31 43 25 30 71 41 84 66 27 60 39 93 10 
95-4-11 1?2.636 = 4 47 96 49 69 35 67 63 61 92 58 80 26 45 62 97 24 17 56 11 
95-4-12 1?2.516 = 4 47 96 49 69 35 67 63 92 58 80 26 48 45 62 97 24 17 74 12 
95-4-13 1?2.457 = 4 47 96 49 69 35 67 63 92 58 80 26 45 62 97 40 75 13 
95-4-14 1?2.56 = 4 47 49 69 96 82 55 67 31 43 92 80 58 70 57 23 89 14 
95-4-15 1?2.388 = 4 47 96 49 69 82 55 67 63 92 80 58 70 51 99 88 68 42 15 
95-5-6 1?2.41 = 5 76 49 69 96 47 82 35 65 78 28 87 53 38 16 54 6 
95-5-7 1?2.426 = 5 76 49 69 96 47 82 55 35 65 38 54 53 87 64 7 
95-5-8 1?2.432 = 5 76 49 96 69 35 98 90 44 71 41 84 81 18 86 8 
95-5-9 1?2.464 = 5 76 49 96 69 82 55 67 63 31 43 25 30 71 41 86 9 
95-5-10 1?2.45 = 5 76 49 96 69 35 67 31 43 25 30 71 41 18 81 60 39 93 10 
95-5-11 1?2.62 = 5 76 49 96 69 82 55 67 63 92 58 80 26 45 62 97 24 56 11 
95-5-12 1?2.42 = 5 76 49 96 69 35 67 31 43 25 36 48 45 62 97 24 17 74 12 
95-5-13 1?2.584 = 5 76 49 96 69 35 67 63 92 58 80 26 45 97 62 50 37 91 75 13 
95-5-14 1?2.652 = 5 76 49 96 69 35 67 31 43 25 36 48 45 97 62 50 37 91 14 
95-5-15 1?2.529 = 5 76 49 96 69 82 55 67 63 61 92 80 58 70 51 99 88 68 29 42 15 
95-6-7 1?2.494 = 6 54 16 76 49 69 96 47 82 35 98 90 28 78 53 87 7 
95-6-8 1?2.325 = 6 54 53 78 28 90 44 71 41 84 22 27 66 81 18 86 8 
95-6-9 1?2.465 = 6 54 53 78 90 44 71 41 84 66 60 39 93 52 81 18 86 9 
95-6-10 1?2.231 = 6 54 53 78 28 90 44 71 41 18 81 84 22 27 66 60 39 93 10 
95-6-11 1?2.403 = 6 54 53 78 90 44 71 41 84 66 27 73 48 45 62 97 24 56 11 
95-6-12 1?2.326 = 6 54 53 78 90 44 71 41 84 66 27 73 48 45 62 97 24 17 74 12 
95-6-13 1?2.45 = 6 54 53 78 28 44 71 41 84 66 27 36 73 48 45 97 62 50 37 91 13 
95-6-14 1?2.558 = 6 54 53 78 90 44 71 41 84 66 27 73 48 45 97 62 50 37 91 14 
95-6-15 1?2.678 = 6 54 16 76 49 96 69 35 67 63 92 80 58 70 51 99 88 68 29 42 15 
95-7-8 1?2.413 = 7 87 53 78 28 90 44 71 41 84 22 27 66 81 18 86 8 
95-7-9 1?2.304 = 7 64 28 78 90 44 71 41 84 22 27 66 60 39 93 52 9 
95-7-10 1?2.244 = 7 64 28 78 90 44 71 41 18 81 84 22 27 66 60 39 93 10 
95-7-11 1?2.264 = 7 64 44 71 41 84 66 27 36 73 48 45 62 97 24 17 56 11 
95-7-12 1?2.316 = 7 64 44 71 41 84 66 27 36 73 48 45 62 50 97 24 17 74 12 
95-7-13 1?2.492 = 7 64 28 90 44 71 41 84 66 27 22 36 73 48 45 97 62 50 37 91 13 
95-7-14 1?2.486 = 7 64 44 71 41 84 66 27 36 73 48 45 97 62 50 37 23 89 14 
95-7-15 1?2.573 = 7 64 44 71 41 84 66 27 73 48 45 62 50 37 89 99 88 68 42 15 
95-8-9 1?2.145 = 8 86 18 81 84 41 71 30 22 27 66 60 39 93 52 9 
95-8-10 1?2.013 = 8 86 18 81 84 41 71 30 22 27 66 60 39 93 52 10 
95-8-11 1?2.086 = 8 86 18 81 66 27 36 73 48 45 62 97 24 17 74 56 11 
95-8-12 1?2.165 = 8 86 41 71 30 84 66 27 22 36 73 48 45 62 97 24 17 74 12 
95-8-13 1?2.379 = 8 86 18 81 84 41 71 30 22 27 36 73 48 45 97 62 50 37 91 13 
95-8-14 1?2.624 = 8 86 41 71 30 84 66 27 22 36 73 48 45 97 62 50 37 23 57 89 14 
95-8-15 1?2.406 = 8 86 18 81 66 27 36 48 45 97 62 50 37 23 89 99 88 68 42 15 
95-9-10 1?1.918 = 9 86 18 81 84 41 71 30 22 27 66 60 39 93 52 10 
95-9-11 1?1.916 = 9 52 81 18 84 66 27 36 73 48 45 62 97 24 17 56 11 
95-9-12 1?1.933 = 9 52 93 39 60 66 27 22 36 73 48 45 62 97 24 17 74 12 
95-9-13 1?2.142 = 9 52 81 18 41 71 30 84 66 27 73 48 45 97 62 50 37 91 13 
95-9-14 1?2.402 = 9 52 81 18 41 71 30 84 66 27 36 48 45 97 62 50 37 23 89 14 
95-9-15 1?2.278 = 9 52 18 81 66 27 73 48 45 97 62 50 37 23 89 99 88 68 42 15 
95-10-11 1?1.636 = 10 93 39 60 66 27 36 73 48 45 62 97 24 17 56 11 
95-10-12 1?1.472 = 10 93 39 60 66 27 73 48 45 62 97 24 17 74 12 
95-10-13 1?1.544 = 10 93 39 60 66 27 36 48 45 97 62 50 37 91 13 
95-10-14 1?1.858 = 10 93 39 60 66 27 36 73 48 45 97 62 50 37 23 89 14 
95-10-15 1?2.098 = 10 93 39 60 66 27 36 73 48 45 97 62 50 37 23 89 99 88 68 42 15 
95-11-12 1?1.695 = 11 56 74 17 24 73 48 45 97 62 50 37 40 77 12 
95-11-13 1?1.71 = 11 56 74 17 24 73 48 45 62 97 50 37 40 75 13 
95-11-14 1?2.13 = 11 56 74 17 24 73 48 36 26 45 97 62 50 37 23 89 14 
95-11-15 1?2.01 = 11 56 74 17 24 97 62 50 37 89 23 57 51 99 88 68 29 42 15 
95-12-13 1?1.567 = 12 74 17 24 73 36 48 45 97 62 50 37 40 75 13 
95-12-14 1?1.686 = 12 74 17 24 73 36 48 45 97 62 50 37 23 89 14 
95-12-15 1?1.595 = 12 74 17 24 97 62 50 37 23 89 99 88 68 42 15 
95-13-14 1?1.842 = 13 75 40 24 73 36 48 45 97 62 50 37 23 89 14 
95-13-15 1?1.68 = 13 75 40 97 62 50 37 23 89 99 88 68 29 42 15 
95-14-15 1?2.006 = 14 89 23 37 50 80 58 70 51 99 88 68 29 42 15 
stop
