start
901-0-2 1?2.167 = 0 98 42 19 22 85 53 35 40 38 39 56 27 48 36 95 2 
901-0-3 1?2.088 = 0 98 42 19 22 85 53 35 40 38 39 56 27 48 36 28 3 
901-0-4 1?2.1 = 0 98 42 19 22 85 35 40 38 39 56 27 48 36 77 80 62 4 
901-0-1 1?1.931 = 0 98 42 19 22 85 53 35 40 38 95 52 32 92 1 
901-0-5 1?2.314 = 0 98 42 19 22 85 35 40 38 39 56 27 48 51 72 25 34 47 82 5 
901-0-6 1?2.433 = 0 98 42 19 22 85 53 35 40 38 39 56 27 48 72 33 17 50 60 6 
901-0-8 1?2.537 = 0 98 42 19 22 85 35 40 38 39 56 27 48 51 76 99 70 74 66 8 
901-0-10 1?2.451 = 0 69 79 61 93 83 41 46 81 75 73 59 45 29 86 84 30 24 10 
901-0-7 1?2.622 = 0 98 42 19 22 85 35 40 38 39 56 27 48 51 72 33 17 50 60 7 
901-0-11 1?2.39 = 0 69 23 79 61 93 83 41 46 81 75 73 59 45 29 86 84 24 30 11 
901-0-9 1?2.678 = 0 98 42 19 22 85 35 53 78 16 91 54 44 21 89 63 96 67 9 
901-0-15 1?1.99 = 0 98 42 40 38 39 56 27 90 53 85 19 31 69 23 15 
901-1-2 1?2.116 = 1 92 42 19 22 85 35 40 38 39 56 27 48 36 95 2 
901-0-14 1?2.058 = 0 98 42 19 22 85 35 53 78 16 91 68 61 93 14 
901-1-4 1?2.17 = 1 92 42 19 22 85 35 38 39 56 27 48 72 77 80 62 4 
901-1-5 1?2.288 = 1 92 42 19 22 85 35 40 38 39 56 27 48 72 25 34 47 82 5 
901-1-3 1?2.037 = 1 92 42 19 22 85 35 40 38 39 56 27 48 36 28 3 
901-0-13 1?2.044 = 0 98 42 19 22 85 35 53 78 68 61 93 83 41 46 43 13 
901-0-12 1?2.328 = 0 98 42 19 22 85 35 53 78 68 61 93 83 41 46 81 75 73 12 
901-1-6 1?2.422 = 1 92 98 42 19 22 85 35 40 38 39 56 27 48 72 33 17 50 6 
901-1-7 1?2.596 = 1 92 42 19 22 85 35 40 38 39 56 27 48 72 33 17 50 60 7 
901-1-8 1?2.714 = 1 92 98 42 19 22 85 35 40 38 39 56 27 48 51 76 99 70 74 66 8 
901-1-15 1?1.823 = 1 92 32 52 95 38 40 35 85 22 19 31 69 23 15 
901-2-4 1?2.056 = 2 52 32 95 38 39 56 27 48 51 72 77 80 62 4 
901-1-14 1?2.287 = 1 92 32 52 95 38 39 56 27 90 53 85 22 19 31 79 14 
901-1-13 1?2.266 = 1 32 52 95 40 35 85 22 19 31 79 61 93 83 41 46 43 13 
901-2-5 1?2.286 = 2 95 38 39 56 27 48 51 72 34 37 80 62 64 47 82 5 
901-2-3 1?2.229 = 2 52 32 42 22 85 35 40 38 39 56 27 48 36 28 3 
901-1-12 1?2.321 = 1 92 98 42 19 22 85 35 53 78 16 91 49 65 45 59 29 86 12 
901-1-10 1?2.597 = 1 92 42 19 22 85 53 78 16 91 49 65 45 59 29 86 84 30 24 10 
901-1-9 1?2.774 = 1 92 42 22 85 35 40 38 39 56 27 48 51 58 88 87 63 96 67 9 
901-2-6 1?2.38 = 2 95 38 39 56 27 48 36 77 80 37 34 25 33 17 60 50 6 
901-1-11 1?2.482 = 1 92 32 52 95 38 40 35 85 53 78 16 91 49 65 45 59 29 84 11 
901-3-4 1?2.058 = 3 62 80 37 34 25 33 17 97 60 50 5 82 47 64 4 
901-2-15 1?2.059 = 2 95 36 48 27 56 39 38 40 35 85 22 19 31 69 23 15 
901-2-14 1?2.399 = 2 95 38 39 56 48 27 90 53 85 35 22 19 31 79 61 14 
901-3-5 1?2.162 = 3 28 77 80 62 37 64 82 47 34 25 33 17 97 60 50 5 
901-2-13 1?2.443 = 2 95 40 35 85 22 19 31 79 61 93 83 41 46 81 73 75 43 13 
901-2-9 1?2.835 = 2 95 38 40 35 22 19 85 53 78 16 44 21 89 63 96 67 9 
901-2-10 1?2.696 = 2 95 38 40 35 85 53 78 16 91 49 65 45 59 29 86 84 30 24 10 
901-2-12 1?2.581 = 2 95 36 48 27 56 39 38 40 35 85 78 16 91 49 65 45 59 29 86 12 
901-2-7 1?2.628 = 2 95 40 38 39 56 27 48 72 33 17 50 60 97 99 74 70 7 
901-2-11 1?2.646 = 2 95 38 39 56 27 90 53 35 85 78 16 91 49 65 45 59 29 86 84 11 
901-2-8 1?2.654 = 2 95 38 39 56 27 48 51 72 33 17 50 60 97 99 70 74 66 8 
901-3-15 1?1.98 = 3 28 36 48 27 56 39 38 40 35 85 22 19 31 69 23 15 
901-4-5 1?1.654 = 4 62 80 37 64 82 47 34 25 33 17 97 60 50 5 
901-3-14 1?2.495 = 3 28 36 48 27 56 39 38 40 35 53 85 22 19 31 79 61 93 14 
901-3-13 1?2.486 = 3 28 36 48 27 56 39 38 40 35 85 53 78 68 61 93 83 41 46 43 13 
901-3-6 1?2.371 = 3 28 36 39 56 27 48 72 77 80 37 34 25 17 60 50 6 
901-3-9 1?2.554 = 3 62 80 37 34 25 33 17 50 60 97 99 71 87 63 96 67 9 
901-3-12 1?2.502 = 3 28 36 48 27 56 39 38 40 35 85 78 16 91 49 65 45 59 29 86 12 
901-3-10 1?2.722 = 3 62 80 37 47 34 25 33 17 50 60 97 99 71 87 63 96 67 10 
901-3-11 1?2.595 = 3 28 36 48 56 39 38 40 35 85 53 78 16 91 49 65 45 59 29 84 11 
901-3-7 1?2.43 = 3 62 80 37 64 82 47 34 25 33 17 50 60 97 76 99 70 7 
901-3-8 1?2.391 = 3 62 80 37 64 82 47 34 25 33 17 50 60 97 99 70 74 66 8 
901-4-6 1?1.57 = 4 62 80 37 64 82 47 34 25 33 17 97 60 50 6 
901-5-6 1?1.959 = 5 4 62 80 37 64 82 47 34 25 33 17 97 60 50 6 
901-4-14 1?2.507 = 4 62 80 77 36 48 27 56 39 38 40 35 85 22 19 31 79 61 93 14 
901-4-15 1?2.3 = 4 62 80 77 72 48 27 56 39 38 40 35 85 22 19 31 79 69 23 15 
901-4-7 1?1.876 = 4 62 80 37 47 34 25 33 17 50 60 97 99 70 7 
901-4-13 1?2.496 = 4 62 80 77 72 48 27 56 39 38 40 35 85 78 16 91 49 83 41 46 43 13 
901-4-9 1?2.383 = 4 62 80 37 34 25 33 17 50 60 97 99 71 88 87 63 96 67 9 
901-4-10 1?2.491 = 4 62 80 37 34 25 33 17 50 60 97 76 99 71 87 63 96 67 10 
901-4-12 1?2.591 = 4 62 80 77 36 39 38 40 35 85 22 19 78 16 91 49 65 45 59 29 12 
901-4-8 1?2.154 = 4 62 80 37 64 82 47 34 25 33 17 50 60 97 99 70 74 66 8 
901-4-11 1?2.586 = 4 62 80 77 36 39 38 40 35 85 53 78 16 91 49 65 45 59 29 84 11 
901-5-14 1?2.496 = 5 82 47 34 25 72 51 48 27 56 39 38 40 35 85 22 19 31 79 14 
901-5-13 1?2.435 = 5 82 47 34 72 48 56 39 38 40 35 85 53 78 68 83 41 46 43 13 
901-5-7 1?1.95 = 5 82 47 64 37 34 25 33 17 50 60 97 99 74 70 7 
901-6-7 1?2.294 = 6 5 82 47 64 62 80 37 34 25 33 97 17 50 60 7 
901-5-9 1?2.253 = 5 82 47 34 25 33 17 50 60 97 99 71 88 87 63 96 67 9 
901-5-15 1?2.376 = 5 82 47 34 72 51 48 27 56 39 38 40 35 53 85 22 19 31 69 23 15 
901-6-8 1?2.253 = 6 5 82 47 34 25 33 17 50 60 97 76 99 70 74 66 8 
901-5-8 1?1.863 = 5 82 47 34 25 33 17 50 60 97 76 99 70 74 66 8 
901-5-10 1?2.412 = 5 82 47 34 25 17 50 60 97 99 71 88 94 20 87 63 96 67 10 
901-5-12 1?2.536 = 5 82 47 34 25 17 50 60 97 99 71 88 20 55 44 54 45 59 29 86 12 
901-5-11 1?2.575 = 5 82 47 34 25 33 17 50 60 97 99 71 88 94 20 55 44 21 89 18 24 30 11 
901-6-9 1?2.124 = 6 50 60 17 97 99 70 74 71 88 87 63 96 67 9 
901-7-9 1?2.361 = 7 60 50 17 97 99 70 74 71 88 87 63 96 67 9 
901-6-10 1?2.342 = 6 50 60 17 97 99 70 74 71 88 94 20 87 63 96 67 10 
901-7-10 1?2.556 = 7 70 99 71 88 94 20 55 44 54 65 45 59 29 86 84 30 24 10 
901-6-14 1?2.465 = 6 50 60 17 33 72 48 27 56 39 38 40 35 85 22 19 31 79 14 
901-6-13 1?2.494 = 6 50 60 17 97 99 71 88 94 20 55 44 54 45 59 73 75 81 46 43 13 
901-7-8 1?2.587 = 7 60 50 17 97 99 70 74 71 87 63 96 26 66 8 
901-6-15 1?2.399 = 6 50 60 17 33 72 48 27 56 39 38 35 53 85 22 19 31 69 23 15 
901-7-11 1?2.526 = 7 70 74 99 71 88 94 20 55 44 54 65 45 59 29 86 84 24 30 11 
901-6-12 1?2.577 = 6 50 60 17 97 99 70 74 71 88 94 20 55 44 54 65 45 59 29 86 12 
901-6-11 1?2.578 = 6 50 60 17 33 97 99 71 88 94 20 55 44 54 65 45 59 29 86 84 11 
901-8-9 1?2.365 = 8 66 74 70 99 71 88 94 20 55 44 21 89 18 63 96 67 9 
901-8-10 1?2.389 = 8 66 74 70 99 71 88 94 20 55 44 21 89 18 63 96 67 10 
901-8-11 1?2.162 = 8 66 74 70 99 71 88 94 20 55 44 54 45 59 29 84 11 
901-7-14 1?2.63 = 7 70 99 71 88 94 20 55 44 54 45 59 73 75 81 46 41 83 93 61 14 
901-8-14 1?2.594 = 8 66 74 70 99 71 88 94 20 44 54 45 59 73 75 81 46 41 93 14 
901-8-15 1?2.5 = 8 66 74 70 99 76 51 48 27 56 39 38 40 35 22 19 31 69 23 15 
901-8-13 1?2.442 = 8 66 74 70 99 71 88 94 20 55 44 54 65 45 59 73 75 81 46 43 13 
901-7-13 1?2.569 = 7 66 74 70 99 71 88 94 20 55 44 54 45 59 73 75 81 83 41 46 43 13 
901-7-15 1?2.611 = 7 60 50 17 33 72 51 48 27 56 39 38 35 85 22 19 31 69 23 15 
901-8-12 1?2.542 = 8 66 74 70 99 71 88 94 20 55 44 89 21 54 45 59 29 84 86 12 
901-7-12 1?2.617 = 7 60 50 17 97 99 71 88 94 20 55 44 54 45 59 29 84 86 12 
901-10-12 1?2.052 = 10 24 30 84 86 29 59 45 65 83 41 46 81 43 75 73 12 
901-9-10 1?2.23 = 9 67 96 63 89 21 44 54 45 59 29 86 84 30 24 10 
901-10-13 1?2.351 = 10 24 18 89 21 57 84 86 29 59 73 75 81 46 41 83 93 43 13 
901-10-11 1?2.211 = 10 67 96 63 87 89 21 44 54 65 45 59 29 86 84 11 
901-9-11 1?2.214 = 9 67 96 63 89 21 44 54 65 59 45 29 84 24 30 11 
901-9-13 1?2.248 = 9 67 96 63 89 21 57 84 86 29 45 59 73 75 81 83 46 43 13 
901-10-15 1?2.263 = 10 24 30 84 86 29 59 73 75 81 46 41 83 93 61 79 69 23 15 
901-9-15 1?2.509 = 9 67 96 63 89 21 57 45 59 81 46 41 83 93 61 79 69 23 15 
901-9-12 1?2.44 = 9 67 96 63 87 88 94 20 55 44 89 21 57 45 59 29 84 86 12 
901-9-14 1?2.421 = 9 67 96 63 89 21 54 45 59 29 73 75 81 46 41 83 93 61 14 
901-10-14 1?2.554 = 10 24 18 89 21 54 65 45 59 29 73 75 81 43 46 41 83 93 61 14 
901-12-15 1?1.808 = 12 86 29 45 59 73 75 81 46 41 83 93 61 79 23 15 
901-14-15 1?1.996 = 14 61 68 91 16 78 53 85 35 22 19 31 69 23 15 
901-13-15 1?1.796 = 13 43 46 41 83 68 78 53 85 22 19 31 69 23 15 
901-12-13 1?1.823 = 12 86 29 59 45 65 49 68 93 83 41 46 81 73 75 43 13 
901-11-13 1?1.77 = 11 30 24 84 86 29 59 45 65 83 41 46 81 73 75 43 13 
901-13-14 1?1.874 = 13 43 46 41 83 81 73 29 59 45 65 49 68 61 93 14 
901-11-14 1?1.763 = 11 84 86 29 45 59 73 75 81 43 46 83 41 93 61 14 
901-11-12 1?1.932 = 11 30 24 84 86 29 59 45 65 83 41 46 81 43 75 73 12 
901-12-14 1?2.034 = 12 86 29 59 45 65 49 83 41 46 81 73 75 43 93 61 14 
901-11-15 1?2.142 = 11 84 86 29 45 59 73 75 81 43 46 41 83 93 61 79 69 23 15 
stop
