start
596-0-4 1?2.339 = 0 52 72 25 33 79 98 48 35 27 67 60 97 95 18 82 51 50 4 
596-0-1 1?1.916 = 0 52 72 25 33 79 98 48 35 92 60 67 27 37 93 45 1 
596-0-10 1?2.388 = 0 52 72 25 33 79 98 48 35 92 81 22 85 54 44 24 59 53 64 10 
596-0-9 1?2.433 = 0 52 72 25 37 27 67 60 46 73 17 86 40 94 83 99 88 39 68 63 9 
596-0-7 1?2.421 = 0 52 72 25 37 27 67 60 46 73 17 86 40 94 83 99 65 90 42 61 7 
596-0-11 1?2.301 = 0 52 72 25 79 98 48 35 92 81 57 22 85 54 44 24 59 38 70 11 
596-0-8 1?2.494 = 0 52 72 25 33 79 37 27 67 60 46 73 17 86 40 94 83 99 88 39 8 
596-0-5 1?2.277 = 0 33 25 37 27 67 60 46 73 17 86 40 94 91 31 80 74 78 5 
596-0-2 1?1.846 = 0 52 33 98 35 48 79 25 72 93 96 19 69 43 55 2 
596-0-6 1?2.363 = 0 33 79 98 48 35 27 67 60 46 73 17 86 40 94 91 31 47 75 87 6 
596-0-3 1?2.168 = 0 52 72 25 33 79 98 48 35 27 67 60 97 95 82 69 43 3 
596-0-14 1?1.767 = 0 52 72 25 33 79 98 48 35 92 57 81 22 32 49 14 
596-0-13 1?1.818 = 0 52 72 25 33 79 98 48 35 81 22 85 54 34 13 
596-0-15 1?1.942 = 0 52 72 25 33 79 98 48 35 92 57 81 22 32 23 15 
596-1-3 1?2.192 = 1 45 93 72 25 79 48 35 27 67 60 97 95 18 82 69 43 3 
596-1-5 1?2.312 = 1 45 93 37 27 67 60 46 73 17 86 40 94 91 29 80 74 78 5 
596-1-2 1?1.893 = 1 45 93 72 25 37 27 67 60 97 95 18 82 69 43 55 2 
596-0-12 1?2.247 = 0 52 72 25 33 79 98 48 35 92 57 81 22 32 85 54 34 28 12 
596-1-6 1?2.343 = 1 45 72 25 37 27 67 60 46 73 17 86 40 94 91 31 47 87 6 
596-1-4 1?2.338 = 1 45 93 72 25 79 48 35 27 67 60 97 95 18 82 51 50 4 
596-1-7 1?2.383 = 1 45 93 72 25 37 27 67 60 46 73 17 86 40 94 65 90 42 7 
596-1-8 1?2.531 = 1 45 93 72 25 37 27 67 60 46 73 17 86 40 94 65 99 88 39 8 
596-1-15 1?2.019 = 1 45 93 72 25 33 79 98 48 35 81 57 22 32 23 15 
596-1-14 1?1.844 = 1 45 93 72 25 33 79 98 48 35 81 57 22 32 49 14 
596-2-5 1?2.099 = 2 55 43 69 82 51 89 40 86 94 91 31 47 75 84 5 
596-2-3 1?2.305 = 2 19 96 45 93 72 25 33 79 37 95 18 82 69 43 3 
596-1-13 1?2.239 = 1 45 93 72 25 33 79 98 48 35 27 92 57 81 22 85 54 34 13 
596-2-6 1?2.245 = 2 55 43 69 82 18 95 51 21 89 40 86 94 91 31 47 75 87 6 
596-2-4 1?2.26 = 2 55 43 69 82 18 95 97 67 60 46 73 21 51 50 4 
596-1-9 1?2.52 = 1 45 72 25 37 27 67 60 46 73 17 86 40 94 83 99 88 39 68 63 9 
596-1-11 1?2.434 = 1 45 93 72 25 33 79 98 48 35 81 57 22 85 54 44 24 59 38 70 11 
596-1-12 1?2.403 = 1 45 93 72 25 33 79 37 27 67 60 46 66 57 81 22 85 54 28 12 
596-1-10 1?2.516 = 1 45 93 72 25 33 79 98 48 35 92 81 22 85 54 44 24 59 53 64 10 
596-3-5 1?2.262 = 3 43 69 82 18 95 21 89 36 29 31 47 75 80 74 78 5 
596-2-15 1?2.215 = 2 55 43 69 82 18 95 97 60 67 27 37 25 72 33 79 48 98 15 
596-3-4 1?2.465 = 3 43 69 82 18 95 97 67 60 46 73 21 89 51 50 4 
596-2-13 1?2.426 = 2 55 43 69 18 82 51 21 17 73 46 66 57 81 22 85 54 34 13 
596-2-14 1?2.305 = 2 55 43 69 82 18 95 97 67 60 46 73 17 66 57 81 22 32 49 14 
596-2-7 1?2.312 = 2 55 43 69 82 18 95 51 21 89 40 86 94 83 99 65 90 42 7 
596-2-9 1?2.462 = 2 55 43 69 18 82 51 21 89 40 86 94 90 65 99 88 39 68 63 9 
596-2-10 1?2.617 = 2 55 43 69 82 18 95 97 67 60 46 73 17 66 58 77 26 53 64 71 10 
596-2-8 1?2.529 = 2 55 43 69 82 18 95 97 67 60 46 73 17 86 40 94 83 99 88 39 8 
596-2-12 1?2.531 = 2 55 43 69 82 18 95 97 67 60 46 73 17 66 57 81 22 85 54 28 12 
596-2-11 1?2.64 = 2 55 43 69 82 18 95 97 60 46 66 57 81 22 85 54 44 24 59 38 70 11 
596-4-5 1?2.303 = 4 78 74 80 29 91 94 83 99 65 90 30 47 75 84 5 
596-3-15 1?2.549 = 3 43 69 82 18 95 21 73 46 60 67 27 37 25 72 33 79 98 15 
596-3-6 1?2.348 = 3 43 69 82 18 95 21 89 40 86 94 91 30 47 75 87 6 
596-3-7 1?2.44 = 3 43 69 18 82 51 21 89 40 86 94 83 99 65 90 42 61 7 
596-3-13 1?2.659 = 3 43 69 82 18 95 97 67 60 46 73 17 66 57 81 22 85 54 34 13 
596-3-9 1?2.554 = 3 43 69 18 82 51 21 89 40 86 94 83 99 65 88 39 68 63 9 
596-3-11 1?2.613 = 3 43 69 82 18 95 97 60 67 92 81 22 85 54 44 24 59 38 70 11 
596-3-14 1?2.614 = 3 43 69 18 82 51 21 73 17 66 46 60 67 92 81 57 22 32 49 14 
596-3-8 1?2.635 = 3 43 69 18 95 97 67 60 46 73 17 86 40 94 83 99 88 39 8 
596-3-10 1?2.71 = 3 43 69 82 18 95 21 89 40 86 94 83 99 65 88 39 68 71 10 
596-3-12 1?2.75 = 3 43 69 18 82 51 89 21 17 73 46 66 57 81 22 85 54 34 28 12 
596-5-6 1?2.015 = 5 84 74 80 75 47 31 91 94 83 99 65 90 30 87 6 
596-4-15 1?2.557 = 4 78 74 75 47 31 91 94 40 86 17 73 46 60 67 27 48 98 15 
596-4-6 1?2.384 = 4 78 84 74 80 75 47 31 91 94 83 99 65 90 30 87 6 
596-4-7 1?2.337 = 4 78 84 74 80 75 47 31 91 94 83 99 65 90 42 61 7 
596-4-13 1?2.788 = 4 78 74 80 75 47 30 90 65 99 41 20 16 77 26 24 44 54 34 13 
596-4-11 1?2.626 = 4 78 74 80 75 47 31 30 90 65 99 41 20 16 77 26 59 38 70 11 
596-4-14 1?2.687 = 4 78 74 75 47 31 91 94 40 86 17 73 46 66 57 81 22 32 49 14 
596-4-9 1?2.55 = 4 78 84 74 80 75 47 31 91 94 83 99 65 90 88 39 68 63 9 
596-4-10 1?2.657 = 4 78 84 74 80 75 47 31 30 90 65 99 41 88 39 68 63 71 10 
596-4-8 1?2.779 = 4 78 84 74 80 75 47 31 30 91 94 83 41 99 65 90 88 39 8 
596-4-12 1?2.703 = 4 50 51 82 18 95 97 67 60 46 66 57 81 22 85 54 34 28 12 
596-5-7 1?1.968 = 5 84 74 80 75 47 31 91 94 83 99 65 90 42 61 7 
596-6-7 1?2.084 = 6 84 74 80 75 47 31 91 94 83 99 65 90 42 61 7 
596-5-15 1?2.335 = 5 78 74 80 75 47 31 91 94 40 86 17 46 60 67 27 35 48 98 15 
596-6-8 1?2.101 = 6 84 74 80 75 47 31 30 42 90 65 99 88 39 8 
596-5-8 1?1.985 = 5 84 74 80 75 47 31 30 42 90 65 99 88 39 8 
596-5-9 1?2.181 = 5 84 74 80 75 47 31 91 94 83 99 65 90 88 39 68 63 9 
596-5-13 1?2.564 = 5 78 74 80 75 47 30 90 65 99 41 16 77 26 24 44 54 85 34 13 
596-5-10 1?2.388 = 5 84 74 80 75 47 31 29 91 90 65 99 41 88 39 68 63 71 10 
596-5-14 1?2.482 = 5 78 74 80 75 47 31 91 94 40 86 17 73 46 66 57 81 22 32 49 14 
596-5-11 1?2.434 = 5 84 74 80 75 47 31 30 90 65 99 41 20 16 77 26 59 38 70 11 
596-5-12 1?2.57 = 5 78 74 80 75 47 31 91 94 40 86 17 73 46 57 22 85 54 28 12 
596-6-9 1?1.922 = 6 84 74 80 75 47 30 90 65 99 88 39 68 63 9 
596-7-9 1?2.183 = 7 87 75 47 31 30 91 90 65 99 41 88 39 68 63 9 
596-7-10 1?2.242 = 7 61 42 90 65 99 41 20 16 77 26 59 53 64 71 10 
596-7-8 1?2.29 = 7 61 42 30 87 75 47 31 91 90 65 99 41 88 39 8 
596-6-15 1?2.436 = 6 87 75 47 30 91 94 40 86 62 17 73 46 60 67 27 35 48 98 15 
596-7-11 1?2.479 = 7 61 42 90 65 99 83 94 40 86 62 20 16 77 26 59 38 70 11 
596-6-11 1?2.45 = 6 87 75 47 31 29 91 90 65 99 41 20 16 77 26 24 59 38 70 11 
596-6-10 1?2.404 = 6 84 74 80 75 47 31 30 90 65 99 41 88 39 68 63 71 10 
596-6-13 1?2.597 = 6 87 75 47 31 91 94 40 86 62 17 73 46 57 81 22 85 54 34 13 
596-6-14 1?2.568 = 6 87 75 47 30 90 65 99 83 94 40 86 17 73 46 57 81 22 32 49 14 
596-6-12 1?2.572 = 6 87 75 47 31 91 94 40 86 17 73 46 66 57 81 22 85 54 28 12 
596-8-11 1?2.23 = 8 39 88 90 65 99 41 20 16 77 26 24 59 38 70 11 
596-8-9 1?2.273 = 8 61 42 30 47 31 29 91 90 65 99 88 39 68 63 9 
596-8-10 1?2.34 = 8 39 88 99 83 94 40 86 62 20 16 53 64 71 10 
596-8-15 1?2.498 = 8 39 88 90 65 99 83 94 40 86 17 73 46 60 67 27 35 48 98 15 
596-8-13 1?2.537 = 8 39 88 99 83 94 40 86 17 73 46 57 81 22 85 54 34 13 
596-8-12 1?2.493 = 8 39 88 99 83 94 40 86 17 73 46 57 22 85 54 28 12 
596-7-12 1?2.481 = 7 61 42 90 65 99 83 94 40 86 17 73 46 66 58 44 28 12 
596-7-13 1?2.54 = 7 42 90 65 94 40 86 17 73 46 66 57 81 22 85 54 34 13 
596-7-15 1?2.524 = 7 61 42 90 65 99 83 94 40 86 62 17 73 46 60 67 27 48 35 98 15 
596-7-14 1?2.529 = 7 42 90 65 99 83 94 86 40 89 21 73 46 66 57 81 22 32 49 14 
596-8-14 1?2.507 = 8 39 88 65 99 83 94 40 86 17 73 46 66 57 81 22 32 49 14 
596-10-11 1?2.284 = 10 71 63 68 39 88 41 20 16 77 26 24 59 38 70 11 
596-10-13 1?2.271 = 10 71 64 53 26 77 58 57 81 22 32 85 54 34 13 
596-9-11 1?2.128 = 9 63 68 39 88 65 99 41 20 16 77 26 59 38 70 11 
596-9-12 1?2.166 = 9 63 68 39 76 16 77 26 24 44 85 54 34 28 12 
596-10-12 1?2.272 = 10 64 53 16 26 77 58 57 81 22 85 54 34 28 12 
596-9-10 1?2.125 = 9 63 68 39 88 65 99 41 16 77 26 53 64 71 10 
596-9-13 1?2.48 = 9 63 68 39 88 65 99 41 20 16 77 26 24 44 54 85 34 13 
596-10-15 1?2.561 = 10 64 53 59 24 44 54 85 22 81 57 66 46 60 67 27 48 98 15 
596-9-15 1?2.396 = 9 63 68 39 88 99 83 94 40 86 17 73 46 60 67 27 35 48 98 15 
596-10-14 1?2.547 = 10 71 64 53 16 26 77 58 66 46 60 67 92 81 57 22 32 49 14 
596-9-14 1?2.422 = 9 63 68 39 88 99 83 94 40 86 17 73 46 57 81 22 32 49 14 
596-13-15 1?2.044 = 13 34 54 85 22 81 57 66 46 60 67 27 48 98 15 
596-14-15 1?2.01 = 14 49 32 22 81 57 46 60 67 27 37 79 48 35 98 15 
596-12-13 1?2.289 = 12 28 44 58 66 46 60 67 27 92 81 22 85 54 34 13 
596-11-13 1?2.153 = 11 70 38 59 24 44 58 57 81 22 32 85 54 34 13 
596-11-12 1?2.125 = 11 70 38 59 24 44 58 57 81 22 85 54 34 28 12 
596-12-14 1?2.189 = 12 28 54 85 58 66 46 60 67 27 92 81 22 32 49 14 
596-13-14 1?2.164 = 13 34 54 85 58 66 46 60 67 92 57 81 32 49 14 
596-12-15 1?2.185 = 12 28 34 54 85 22 81 57 66 46 60 67 27 35 48 98 15 
596-11-15 1?2.338 = 11 70 38 59 24 44 54 85 22 81 57 46 60 67 27 48 98 15 
596-11-14 1?2.345 = 11 70 38 59 24 44 54 85 58 66 46 57 81 22 32 49 14 
stop
