start
541-0-2 1?1.983 = 0 33 55 92 21 61 27 44 81 20 96 18 95 31 89 2 
541-0-3 1?2.103 = 0 33 55 92 21 61 32 95 76 26 59 62 71 54 99 56 88 3 
541-0-1 1?2.257 = 0 33 44 18 96 38 24 30 64 26 76 95 32 61 92 1 
541-0-9 1?2.699 = 0 49 17 74 40 70 65 87 84 75 72 58 47 53 85 42 67 80 83 9 
541-0-6 1?2.36 = 0 33 55 92 21 61 32 95 76 26 41 59 62 71 54 25 77 60 73 6 
541-0-5 1?2.352 = 0 33 55 92 21 61 32 95 76 26 41 59 62 71 99 54 25 77 60 5 
541-0-7 1?2.637 = 0 33 55 92 21 61 32 95 76 26 41 59 71 54 25 77 60 78 93 7 
541-0-8 1?2.72 = 0 49 17 74 40 70 65 87 84 75 72 58 47 53 85 42 67 80 52 8 
541-0-11 1?2.41 = 0 49 17 74 40 70 65 63 86 87 84 75 72 58 45 47 53 85 98 11 
541-0-4 1?2.206 = 0 33 55 92 21 61 27 44 32 95 31 76 26 59 41 71 54 99 4 
541-0-10 1?2.584 = 0 49 17 74 40 70 65 46 63 86 87 84 75 72 58 45 47 53 85 10 
541-1-2 1?1.741 = 1 55 92 21 61 27 44 81 20 96 38 18 95 31 89 2 
541-1-3 1?1.613 = 1 92 21 61 32 95 76 26 41 59 71 62 56 88 3 
541-0-15 1?2.134 = 0 33 55 92 21 61 27 32 44 81 20 29 49 17 90 15 
541-0-14 1?2.306 = 0 49 17 74 40 70 65 87 84 75 58 72 34 19 66 14 
541-0-12 1?2.512 = 0 49 17 74 40 70 65 63 86 87 84 75 72 58 47 53 85 50 12 
541-1-8 1?2.574 = 1 55 92 21 61 32 95 76 26 59 62 71 54 25 77 60 78 93 57 43 8 
541-0-13 1?2.287 = 0 49 17 74 40 70 65 87 84 75 72 34 19 66 69 13 
541-1-4 1?1.809 = 1 55 92 21 61 27 32 95 31 76 64 26 41 59 62 71 54 99 4 
541-1-5 1?2.129 = 1 55 92 21 61 27 44 32 95 31 76 26 41 59 62 71 54 25 77 60 5 
541-1-7 1?2.291 = 1 55 92 21 61 32 95 76 26 41 59 62 71 54 25 77 60 78 93 7 
541-1-6 1?2.165 = 1 55 92 21 61 27 44 32 95 76 26 41 59 62 71 54 25 77 60 73 6 
541-1-14 1?2.053 = 1 55 92 21 61 27 44 81 29 49 17 74 40 19 66 14 
541-1-12 1?2.136 = 1 92 21 61 27 44 81 20 48 46 63 86 87 84 75 72 58 12 
541-2-4 1?1.601 = 2 21 61 27 32 95 31 76 26 41 59 62 71 54 99 4 
541-1-11 1?2.199 = 1 55 92 21 61 27 44 81 20 48 46 63 86 87 84 75 72 58 50 11 
541-2-3 1?1.668 = 2 21 61 32 95 76 26 41 59 62 71 54 99 56 88 3 
541-1-9 1?2.577 = 1 55 92 21 61 27 44 81 20 48 46 63 86 36 35 68 94 51 80 67 9 
541-2-5 1?1.955 = 2 21 61 27 44 81 20 96 38 24 30 28 41 59 71 54 39 5 
541-1-15 1?1.869 = 1 92 61 21 89 31 95 32 27 44 81 29 49 17 90 15 
541-1-10 1?2.342 = 1 92 21 61 27 44 81 20 48 46 65 87 84 75 72 58 47 53 85 10 
541-2-6 1?2.135 = 2 21 61 27 44 32 95 31 76 26 41 59 62 71 54 25 77 60 73 6 
541-1-13 1?2.329 = 1 55 92 21 61 27 44 81 20 48 46 63 86 65 70 34 19 66 13 
541-3-5 1?1.67 = 3 88 37 26 64 24 30 28 41 59 62 71 54 25 77 5 
541-3-4 1?1.709 = 3 88 37 26 64 24 30 28 41 59 62 71 54 99 39 4 
541-2-12 1?2.391 = 2 89 31 95 32 21 61 27 44 81 20 48 46 63 86 87 84 75 72 58 12 
541-2-14 1?2.501 = 2 89 31 95 32 61 27 44 81 20 48 46 63 86 65 70 34 19 66 14 
541-2-9 1?2.606 = 2 21 61 27 44 81 20 48 46 63 86 87 84 75 72 58 47 53 85 42 9 
541-2-8 1?2.592 = 2 21 61 32 95 76 26 41 59 62 71 54 25 77 60 73 78 93 57 43 8 
541-2-11 1?2.529 = 2 89 31 95 32 61 27 44 81 20 48 46 63 86 87 84 75 72 58 47 53 85 98 11 
541-2-15 1?1.94 = 2 89 31 76 95 32 21 61 27 44 81 20 29 49 17 90 15 
541-2-7 1?2.231 = 2 21 61 32 95 76 26 41 59 62 71 54 25 77 60 73 78 93 7 
541-2-10 1?2.433 = 2 21 61 27 44 81 20 48 46 63 86 65 87 84 75 72 58 47 53 85 10 
541-2-13 1?2.566 = 2 89 31 95 32 21 61 27 44 81 20 48 46 65 87 84 75 72 34 69 13 
541-4-5 1?1.866 = 4 99 54 71 62 59 41 26 64 38 24 30 28 25 77 5 
541-3-14 1?2.437 = 3 88 56 37 91 89 31 95 32 21 61 27 44 81 20 29 49 17 74 14 
541-3-12 1?2.554 = 3 88 56 99 54 71 62 59 41 28 30 24 79 46 63 86 87 84 75 72 58 12 
541-3-9 1?2.569 = 3 88 56 99 54 71 62 59 41 28 30 24 79 35 68 94 16 51 80 67 9 
541-3-11 1?2.452 = 3 88 56 62 71 59 41 28 30 24 79 63 86 87 84 75 72 58 47 53 50 11 
541-3-8 1?2.488 = 3 88 56 37 26 41 59 62 71 54 39 77 60 73 78 93 57 43 52 8 
541-3-6 1?2.01 = 3 88 37 26 64 24 30 28 41 59 62 71 54 25 77 60 73 78 6 
541-3-15 1?2.121 = 3 88 37 91 89 31 95 32 21 61 27 44 81 20 29 49 17 90 15 
541-3-10 1?2.421 = 3 88 56 62 59 41 28 30 24 79 63 86 87 84 75 72 58 47 53 85 10 
541-3-7 1?2.278 = 3 88 37 26 64 24 30 28 41 59 62 71 54 25 77 60 73 78 93 7 
541-3-13 1?2.571 = 3 88 56 62 59 41 28 30 24 38 96 20 29 49 17 74 40 19 66 13 
541-5-6 1?1.878 = 5 39 99 54 71 62 59 41 28 23 25 77 60 73 78 6 
541-4-6 1?1.787 = 4 56 88 37 26 41 59 62 71 54 39 77 60 73 6 
541-4-8 1?2.371 = 4 99 54 71 62 59 41 28 30 24 79 35 68 94 16 51 80 52 8 
541-4-14 1?2.505 = 4 99 54 71 62 59 41 28 30 24 38 96 20 29 49 17 74 19 66 14 
541-4-9 1?2.42 = 4 99 54 71 62 59 41 28 30 24 79 35 68 94 16 51 80 67 83 9 
541-4-11 1?2.396 = 4 99 54 71 62 59 41 28 30 24 79 63 86 87 84 75 72 58 47 53 85 98 11 
541-4-12 1?2.522 = 4 99 54 71 62 59 41 28 30 24 79 63 86 87 84 75 72 58 47 53 50 12 
541-4-7 1?2.252 = 4 99 54 71 62 59 26 64 24 30 28 41 25 77 60 73 78 93 7 
541-4-10 1?2.416 = 4 99 54 71 62 59 41 28 30 24 79 63 86 87 84 75 72 58 47 53 85 10 
541-4-15 1?2.374 = 4 99 54 71 62 59 41 26 76 95 32 21 61 27 44 81 29 49 17 90 15 
541-4-13 1?2.566 = 4 99 54 71 62 59 41 28 30 24 38 96 20 29 49 17 74 40 19 66 13 
541-6-8 1?2.274 = 6 73 60 77 25 54 71 59 41 28 23 68 94 51 52 8 
541-5-8 1?2.344 = 5 39 25 54 71 62 59 41 28 30 24 79 35 68 94 51 52 8 
541-5-12 1?2.462 = 5 39 54 71 62 59 41 28 30 24 79 63 86 65 87 84 75 72 58 12 
541-5-11 1?2.404 = 5 39 54 71 62 59 41 28 30 24 79 63 86 87 84 75 72 58 47 50 11 
541-6-7 1?2.093 = 6 73 60 77 25 54 71 62 59 41 28 23 82 78 93 7 
541-5-9 1?2.401 = 5 39 54 71 62 59 41 28 30 24 79 35 68 94 51 80 67 83 9 
541-5-7 1?2.012 = 5 39 99 54 71 62 59 41 28 25 77 60 73 78 93 7 
541-5-14 1?2.636 = 5 60 77 25 54 99 71 62 59 41 28 30 24 38 96 20 29 49 17 74 14 
541-5-10 1?2.446 = 5 39 54 71 41 28 30 24 79 63 86 87 84 75 72 58 47 53 85 10 
541-5-13 1?2.557 = 5 39 54 71 62 59 41 28 30 24 38 96 20 48 46 65 70 34 69 13 
541-5-15 1?2.431 = 5 60 77 39 99 54 71 62 59 41 28 30 24 38 96 20 29 49 17 90 15 
541-7-11 1?2.142 = 7 57 16 94 68 35 36 63 86 87 84 75 72 58 47 50 11 
541-6-9 1?2.339 = 6 73 60 77 25 54 71 41 28 23 68 94 51 80 67 9 
541-7-8 1?2.374 = 7 43 57 16 51 94 68 35 36 22 97 67 80 83 52 8 
541-7-9 1?2.491 = 7 57 16 94 68 35 36 86 87 84 75 72 58 45 42 9 
541-6-12 1?2.522 = 6 73 60 77 25 54 71 59 41 28 30 24 79 63 86 87 84 75 72 12 
541-6-11 1?2.543 = 6 73 60 77 25 54 71 41 28 30 24 79 63 86 87 84 75 72 58 50 11 
541-6-14 1?2.576 = 6 73 60 77 25 54 71 59 41 26 64 38 96 20 29 49 17 74 14 
541-7-10 1?2.242 = 7 57 16 94 68 35 36 86 87 84 75 72 58 47 53 85 10 
541-6-10 1?2.573 = 6 73 60 77 25 54 71 62 59 41 28 30 24 79 35 22 97 42 10 
541-6-13 1?2.599 = 6 73 60 77 25 54 71 62 59 41 28 30 24 79 63 86 65 70 34 69 13 
541-6-15 1?2.458 = 6 73 60 77 39 54 71 62 59 41 28 30 24 38 96 20 29 49 17 90 15 
541-8-11 1?2.11 = 8 52 83 67 80 51 16 94 22 97 45 47 53 85 98 11 
541-8-9 1?2.342 = 8 52 43 57 16 51 94 68 35 36 22 97 67 80 83 9 
541-8-12 1?2.537 = 8 52 43 57 16 94 68 35 36 63 86 87 84 75 72 58 47 53 50 12 
541-7-12 1?2.625 = 7 43 57 16 94 68 35 36 63 86 87 84 75 72 58 45 53 47 50 12 
541-8-10 1?2.189 = 8 52 51 94 68 35 36 87 84 75 72 58 47 53 85 10 
541-7-14 1?2.865 = 7 57 16 94 22 97 45 53 47 58 72 75 84 87 65 70 34 19 66 14 
541-8-14 1?2.642 = 8 52 83 80 67 42 85 53 47 58 72 75 84 87 65 70 34 19 66 14 
541-8-13 1?2.469 = 8 52 83 80 67 42 85 53 47 58 72 75 84 87 65 70 34 69 13 
541-7-13 1?2.768 = 7 43 57 16 94 68 35 36 86 63 65 70 87 84 75 72 34 19 66 13 
541-8-15 1?2.629 = 8 52 80 67 42 85 53 47 58 72 75 84 87 65 70 40 74 17 90 15 
541-7-15 1?2.679 = 7 93 78 60 77 25 54 71 59 41 28 30 24 38 96 20 29 49 17 90 15 
541-9-11 1?2.109 = 9 83 67 80 51 94 68 35 22 97 45 47 53 85 98 11 
541-10-11 1?2.241 = 10 42 67 80 51 16 94 68 22 97 45 53 47 50 11 
541-10-12 1?2.234 = 10 85 53 47 58 72 75 84 87 65 70 34 19 66 69 12 
541-9-12 1?2.384 = 9 67 80 51 16 94 68 35 36 86 63 65 87 84 75 72 12 
541-9-10 1?2.256 = 9 83 67 80 51 16 94 68 35 22 97 45 47 53 85 10 
541-9-14 1?2.551 = 9 83 80 67 42 85 53 47 58 72 75 84 87 65 70 34 19 66 14 
541-10-14 1?2.489 = 10 42 85 53 47 45 58 72 75 84 87 86 63 65 70 34 19 66 14 
541-10-13 1?1.997 = 10 85 53 47 58 72 75 84 87 65 70 34 19 66 69 13 
541-9-13 1?2.324 = 9 42 85 53 47 58 72 75 84 87 65 70 34 19 66 69 13 
541-10-15 1?2.382 = 10 98 85 53 47 58 72 75 84 87 86 63 65 70 40 74 17 49 90 15 
541-9-15 1?2.522 = 9 42 85 53 47 45 58 72 75 84 87 65 70 40 74 17 49 90 15 
541-11-12 1?2.11 = 11 98 85 53 47 45 58 72 75 84 87 65 70 34 69 12 
541-13-14 1?2.325 = 13 69 34 72 58 75 84 87 86 63 65 70 40 19 66 14 
541-11-14 1?2.046 = 11 98 85 53 47 45 58 72 75 84 87 65 70 34 19 66 14 
541-12-14 1?2.232 = 12 50 53 47 58 72 75 84 87 86 63 65 70 34 19 66 14 
541-13-15 1?2.114 = 13 69 34 72 58 75 84 87 65 70 40 74 17 49 90 15 
541-14-15 1?2.181 = 14 66 19 34 72 75 84 87 65 70 40 74 17 49 90 15 
541-12-13 1?2.103 = 12 50 53 47 58 72 75 84 87 65 70 34 19 66 69 13 
541-11-13 1?1.869 = 11 98 85 53 47 58 72 75 84 87 65 70 34 19 66 13 
541-12-15 1?2.145 = 12 50 53 47 58 72 75 84 87 65 70 40 74 17 49 90 15 
541-11-15 1?2.175 = 11 98 85 53 47 45 58 72 75 84 87 65 70 40 74 17 49 90 15 
stop
