start
978-0-2 1?1.946 = 0 45 19 81 63 79 59 73 49 23 25 95 52 30 22 50 2 
978-0-3 1?2.159 = 0 45 19 81 63 79 59 73 54 34 16 53 32 80 46 55 3 
978-0-1 1?1.68 = 0 45 19 81 63 79 59 73 49 23 25 95 52 30 1 
978-0-5 1?2.375 = 0 45 19 81 63 79 59 73 54 34 16 53 91 35 51 96 44 5 
978-0-7 1?2.452 = 0 45 19 81 63 79 59 73 54 34 16 53 91 57 56 27 90 92 84 62 7 
978-0-6 1?2.318 = 0 45 19 81 63 79 59 73 54 34 16 53 91 57 35 51 96 44 6 
978-0-4 1?2.324 = 0 45 19 81 63 23 49 79 59 73 54 34 16 53 32 80 46 4 
978-0-8 1?2.45 = 0 45 19 81 23 49 79 59 73 54 34 16 53 91 57 56 27 90 92 84 8 
978-0-11 1?2.209 = 0 45 19 81 63 23 49 79 59 73 54 24 99 72 38 20 98 69 83 11 
978-0-10 1?2.318 = 0 45 19 81 63 23 49 79 59 73 54 24 36 76 66 26 20 98 47 58 10 
978-0-9 1?2.501 = 0 45 19 81 63 79 59 73 54 24 99 36 76 66 26 69 20 98 47 58 29 9 
978-0-15 1?1.769 = 0 65 74 82 28 30 52 95 25 23 49 63 81 19 45 15 
978-1-2 1?1.836 = 1 28 82 74 65 19 81 63 23 25 95 52 30 22 50 2 
978-1-3 1?2.024 = 1 50 22 52 30 28 95 25 23 49 37 70 80 88 55 3 
978-0-13 1?1.797 = 0 45 19 81 63 23 49 79 59 73 54 24 36 64 67 13 
978-1-6 1?2.414 = 1 28 95 25 23 49 79 59 73 54 34 16 53 91 35 51 96 44 6 
978-1-7 1?2.54 = 1 28 95 25 23 49 79 59 73 54 34 16 53 91 35 51 78 17 62 7 
978-1-5 1?2.403 = 1 50 22 52 30 28 82 95 25 23 49 37 70 80 46 93 86 5 
978-1-4 1?2.344 = 1 30 52 28 82 74 65 19 81 63 23 49 37 70 80 46 4 
978-0-14 1?1.72 = 0 45 19 81 63 23 49 79 59 73 94 60 41 43 14 
978-1-8 1?2.48 = 1 28 95 25 23 49 79 59 73 54 34 16 53 91 57 56 27 90 92 84 8 
978-0-12 1?2.042 = 0 45 19 81 63 23 49 79 59 60 41 67 75 87 31 68 42 40 12 
978-1-15 1?1.893 = 1 50 22 52 30 28 82 95 74 25 23 49 63 81 19 45 15 
978-1-14 1?1.975 = 1 50 22 52 30 28 82 95 25 23 49 79 59 94 60 41 85 43 14 
978-2-3 1?2.142 = 2 50 22 52 30 28 95 25 23 49 37 70 80 88 55 3 
978-2-5 1?2.228 = 2 50 22 52 30 28 82 95 97 70 88 80 46 93 86 5 
978-2-4 1?2.24 = 2 50 22 52 30 28 82 95 97 70 88 80 46 93 86 4 
978-1-13 1?2.154 = 1 50 22 52 30 28 95 25 23 49 79 59 73 54 24 99 36 76 64 67 13 
978-2-6 1?2.56 = 2 50 22 30 52 95 25 23 49 34 16 53 91 57 35 51 96 44 6 
978-1-10 1?2.43 = 1 30 52 28 95 25 23 49 79 59 73 54 24 36 76 66 26 20 98 47 58 10 
978-1-11 1?2.352 = 1 30 52 28 95 25 23 49 79 59 73 54 24 36 76 66 26 20 98 69 83 11 
978-1-12 1?2.235 = 1 28 95 25 23 49 79 59 73 54 24 99 36 76 64 89 75 87 31 68 42 12 
978-1-9 1?2.524 = 1 28 95 25 23 49 79 59 94 24 99 36 76 66 26 20 98 47 58 29 9 
978-2-15 1?2.166 = 2 22 52 30 28 82 95 25 23 49 73 59 79 63 81 19 45 15 
978-3-4 1?2.338 = 3 55 88 80 70 32 53 16 91 57 35 51 96 71 93 4 
978-3-5 1?2.33 = 3 55 46 80 32 16 53 91 57 35 51 96 71 93 86 5 
978-2-10 1?2.465 = 2 50 30 52 95 25 23 49 79 59 94 36 76 66 26 20 98 47 58 10 
978-2-14 1?2.194 = 2 50 22 52 30 28 95 25 23 49 79 59 73 54 94 60 41 85 43 14 
978-2-11 1?2.439 = 2 22 52 30 28 95 25 23 49 79 59 94 36 76 66 26 20 98 69 83 11 
978-2-13 1?2.345 = 2 50 22 52 30 28 95 25 23 49 79 59 73 54 24 99 36 64 89 75 13 
978-2-7 1?2.667 = 2 50 22 52 30 28 95 25 23 49 34 16 53 91 57 35 51 78 62 7 
978-2-8 1?2.633 = 2 50 22 52 30 28 95 25 23 49 34 16 53 91 57 56 27 90 92 84 8 
978-2-12 1?2.392 = 2 50 22 52 30 28 95 25 23 49 79 59 94 60 41 67 75 87 31 68 42 12 
978-2-9 1?2.68 = 2 50 22 30 52 95 25 23 49 79 59 94 36 76 66 26 20 98 47 29 9 
978-3-7 1?2.254 = 3 55 46 80 70 32 53 91 57 56 27 90 92 84 62 7 
978-3-15 1?2.277 = 3 55 46 80 32 53 16 34 54 73 59 79 63 81 19 45 15 
978-3-6 1?2.317 = 3 55 46 80 88 70 32 16 53 91 57 35 51 96 44 6 
978-4-5 1?2.403 = 4 86 93 71 96 51 35 56 27 90 84 92 17 78 44 5 
978-3-10 1?2.71 = 3 55 88 80 32 53 16 34 73 54 24 99 36 76 66 26 20 98 47 58 10 
978-3-14 1?2.487 = 3 55 88 80 70 37 49 23 63 79 59 73 54 94 60 41 85 43 14 
978-3-12 1?2.492 = 3 55 88 80 32 53 16 34 73 54 24 99 36 76 64 89 75 87 31 68 12 
978-3-13 1?2.641 = 3 55 88 80 32 53 16 34 73 54 24 99 36 76 64 89 75 31 68 87 13 
978-3-11 1?2.684 = 3 55 46 80 32 53 16 34 73 54 24 99 36 76 66 26 20 98 69 83 11 
978-3-8 1?2.903 = 3 55 46 80 88 70 32 16 53 91 57 35 51 96 44 78 17 92 84 8 
978-3-9 1?2.909 = 3 55 88 70 80 46 93 71 96 44 78 51 35 56 27 90 92 84 18 9 
978-4-7 1?2.379 = 4 46 80 32 53 91 57 35 51 56 27 90 92 84 62 7 
978-4-6 1?2.495 = 4 46 80 88 70 32 53 16 91 57 35 51 96 78 44 6 
978-5-6 1?2.278 = 5 86 93 71 96 51 35 56 27 90 84 92 17 78 44 6 
978-4-15 1?2.442 = 4 46 80 32 53 16 34 54 73 59 79 49 23 63 81 19 45 15 
978-4-10 1?2.795 = 4 46 80 32 53 16 34 73 54 24 99 76 66 26 20 98 69 47 58 10 
978-4-12 1?2.536 = 4 46 80 32 53 16 34 73 54 24 99 36 76 64 89 75 87 31 68 12 
978-4-11 1?2.676 = 4 46 80 32 53 16 34 73 54 24 99 36 76 66 26 20 98 69 83 11 
978-4-13 1?2.651 = 4 93 71 96 51 35 56 33 38 20 98 69 83 40 42 68 87 13 
978-4-8 1?2.836 = 4 86 93 46 80 88 70 32 53 16 91 57 35 51 56 27 90 92 84 8 
978-4-14 1?2.681 = 4 86 93 71 96 51 35 57 91 53 16 34 54 73 79 59 94 60 41 43 14 
978-4-9 1?2.93 = 4 86 93 46 80 70 32 16 53 91 57 35 51 56 27 90 92 84 18 9 
978-6-7 1?2.446 = 6 44 78 51 35 91 53 16 57 56 27 90 84 92 17 62 7 
978-5-7 1?2.487 = 5 86 93 71 44 96 51 35 56 27 90 92 17 78 62 7 
978-5-8 1?2.267 = 5 86 93 71 96 44 78 51 35 56 27 90 92 84 18 8 
978-6-8 1?2.652 = 6 44 71 93 46 80 32 53 16 91 57 56 27 90 92 84 8 
978-5-15 1?2.431 = 5 86 93 46 80 70 97 22 50 30 52 28 82 74 65 19 45 15 
978-5-10 1?2.73 = 5 71 96 51 35 56 27 90 92 84 18 48 33 38 20 98 47 58 10 
978-5-14 1?2.574 = 5 71 96 51 35 57 91 53 16 34 54 73 79 59 94 60 41 85 43 14 
978-5-12 1?2.542 = 5 44 96 51 35 56 33 38 20 98 69 26 66 40 42 31 68 12 
978-5-13 1?2.553 = 5 71 96 51 35 56 33 38 20 98 69 83 40 42 68 31 87 13 
978-5-11 1?2.692 = 5 44 96 51 35 56 27 90 92 84 18 48 33 38 20 98 69 83 11 
978-5-9 1?2.838 = 5 86 93 46 80 70 32 53 91 57 35 51 56 27 90 92 84 18 9 
978-7-8 1?2.417 = 7 62 17 92 84 90 27 33 38 20 98 47 48 18 8 
978-6-10 1?2.503 = 6 44 78 17 27 90 92 84 18 48 33 38 20 98 47 58 10 
978-7-10 1?2.334 = 7 62 17 27 90 92 84 18 48 33 38 20 98 47 58 29 10 
978-6-12 1?2.429 = 6 44 96 51 35 56 33 38 20 98 69 26 66 40 42 31 68 12 
978-7-11 1?2.437 = 7 62 17 27 90 92 84 18 48 33 38 72 20 98 69 26 83 11 
978-6-15 1?2.436 = 6 44 96 51 35 57 91 53 16 34 54 73 59 79 63 81 19 45 15 
978-6-11 1?2.579 = 6 44 96 51 35 56 27 90 92 84 18 48 33 38 20 98 69 83 11 
978-7-9 1?2.254 = 7 62 17 92 84 18 48 33 38 20 98 47 58 29 9 
978-6-9 1?2.526 = 6 44 78 17 92 84 90 27 33 38 20 98 47 58 29 9 
978-6-13 1?2.563 = 6 44 78 51 35 56 33 38 20 98 69 26 66 40 42 68 87 13 
978-6-14 1?2.727 = 6 44 78 51 35 57 91 53 16 34 54 73 79 59 94 24 99 36 60 41 43 14 
978-8-10 1?2.127 = 8 84 92 27 90 18 48 33 38 20 98 69 47 58 10 
978-8-11 1?2.243 = 8 18 48 33 38 20 98 69 26 66 89 31 68 42 40 11 
978-8-12 1?2.131 = 8 84 92 90 48 33 38 20 98 69 26 66 40 42 31 68 12 
978-7-15 1?2.506 = 7 62 17 78 51 35 91 53 16 34 54 73 59 79 63 81 19 45 15 
978-7-12 1?2.255 = 7 62 84 92 90 48 33 38 20 98 69 26 66 40 42 31 68 12 
978-8-9 1?2.255 = 8 84 92 90 18 48 33 38 20 98 69 47 58 29 9 
978-7-14 1?2.558 = 7 62 84 92 90 27 56 57 91 53 16 34 54 73 79 59 94 60 41 43 14 
978-8-14 1?2.444 = 8 18 48 33 38 20 98 69 83 40 42 68 31 87 75 67 85 43 14 
978-8-15 1?2.505 = 8 84 92 90 27 56 57 91 53 16 34 54 73 49 23 63 81 19 45 15 
978-8-13 1?2.214 = 8 84 92 90 27 33 38 20 98 69 26 66 40 42 68 31 87 13 
978-7-13 1?2.299 = 7 62 92 90 27 33 38 20 98 69 26 66 40 42 68 31 87 13 
978-9-10 1?2.144 = 9 18 84 92 90 27 48 33 38 20 98 69 47 58 10 
978-9-11 1?2.009 = 9 29 58 47 98 20 26 66 89 75 87 31 42 40 11 
978-10-12 1?1.664 = 10 58 47 20 98 69 26 66 89 75 87 68 42 40 12 
978-10-11 1?1.853 = 10 58 47 20 98 69 26 66 89 75 87 68 42 40 11 
978-10-13 1?1.685 = 10 58 47 20 98 69 26 66 40 42 68 31 87 75 13 
978-9-12 1?2.001 = 9 18 48 33 38 20 98 69 26 66 40 42 68 31 87 12 
978-10-14 1?2.035 = 10 58 47 20 98 69 26 66 40 42 68 31 87 75 67 85 43 14 
978-9-14 1?2.396 = 9 29 58 47 20 98 69 26 66 40 42 68 31 87 75 89 67 85 43 14 
978-9-15 1?2.515 = 9 29 47 20 98 69 26 66 76 36 24 54 73 59 79 63 81 19 45 15 
978-9-13 1?2.297 = 9 18 48 33 38 20 98 69 26 66 40 42 68 31 87 75 67 13 
978-10-15 1?2.314 = 10 58 47 98 20 26 66 76 36 99 24 54 73 59 79 63 81 19 45 15 
978-11-12 1?1.906 = 11 83 69 98 20 26 66 40 42 89 64 67 75 31 68 12 
978-13-14 1?1.892 = 13 87 31 68 42 40 89 64 76 36 99 24 94 60 41 43 14 
978-13-15 1?1.915 = 13 67 64 36 24 54 73 59 79 49 23 63 81 19 45 15 
978-12-14 1?1.767 = 12 42 68 31 87 75 89 64 76 36 99 24 94 60 41 43 14 
978-12-13 1?1.731 = 12 42 40 83 69 98 20 26 66 89 75 31 68 87 13 
978-11-13 1?1.743 = 11 83 69 98 20 26 66 40 42 68 87 31 89 75 13 
978-14-15 1?1.838 = 14 43 41 60 94 73 59 79 49 23 63 81 19 45 15 
978-11-14 1?2.016 = 11 83 69 98 20 26 66 40 42 68 31 87 75 89 67 85 43 14 
978-11-15 1?2.154 = 11 83 69 98 20 38 72 99 24 54 73 59 79 63 81 19 45 15 
978-12-15 1?2.029 = 12 68 31 87 75 67 41 60 94 59 79 49 23 63 81 19 45 15 
stop
