start
934-0-2 1?1.658 = 0 24 83 42 81 64 17 22 84 98 23 68 51 94 2 
934-0-1 1?1.74 = 0 24 83 42 81 64 17 22 84 98 23 68 58 76 1 
934-0-4 1?2.099 = 0 24 83 42 81 33 64 17 22 84 98 23 68 51 94 67 32 4 
934-0-5 1?2.321 = 0 24 83 42 81 64 17 22 84 98 23 68 51 37 88 70 95 5 
934-0-8 1?2.54 = 0 24 83 42 81 33 64 17 22 84 98 30 72 60 55 61 96 92 8 
934-0-11 1?2.287 = 0 24 83 42 81 33 17 64 82 97 53 80 66 46 40 73 79 62 11 
934-0-3 1?1.738 = 0 24 83 42 81 64 17 22 84 98 23 68 51 67 3 
934-0-6 1?2.421 = 0 24 83 42 81 33 64 17 22 84 98 30 72 63 28 39 65 18 6 
934-0-7 1?2.406 = 0 24 83 42 81 64 17 22 84 98 30 63 77 86 35 90 91 71 31 7 
934-0-9 1?2.566 = 0 24 83 42 81 54 89 80 53 56 66 46 40 73 79 62 21 85 74 9 
934-0-10 1?2.518 = 0 24 83 42 81 54 82 97 80 53 56 66 46 40 73 79 62 38 21 26 10 
934-0-15 1?1.95 = 0 24 83 42 81 33 64 54 89 25 36 16 19 52 15 
934-1-2 1?1.964 = 1 50 33 42 81 64 17 22 84 98 23 68 51 58 94 2 
934-1-3 1?2.043 = 1 50 33 42 81 64 17 22 84 98 23 68 51 94 67 3 
934-1-4 1?2.395 = 1 50 42 81 33 17 64 22 84 98 23 68 51 58 94 67 32 4 
934-0-14 1?1.76 = 0 24 83 42 81 33 17 64 54 89 25 36 16 19 14 
934-1-5 1?2.586 = 1 50 33 64 17 22 84 98 23 68 51 37 88 70 39 65 18 95 5 
934-1-8 1?2.662 = 1 76 58 51 68 23 84 98 72 60 55 93 86 35 90 91 31 71 69 8 
934-1-7 1?2.611 = 1 76 58 51 68 23 84 98 30 72 60 55 61 93 86 35 90 71 31 7 
934-0-13 1?2.137 = 0 24 83 42 81 33 17 64 54 57 78 52 19 16 36 99 49 13 
934-0-12 1?2.172 = 0 24 83 42 81 33 17 64 82 97 53 80 66 46 40 73 79 20 12 
934-1-6 1?2.649 = 1 50 33 42 81 64 17 22 84 98 23 68 51 37 88 70 39 65 18 6 
934-1-15 1?1.744 = 1 76 58 51 68 23 98 84 22 17 64 81 42 83 15 
934-1-14 1?1.961 = 1 76 58 68 23 98 84 22 17 64 81 42 83 57 78 52 19 14 
934-2-4 1?2.252 = 2 76 34 17 64 22 84 98 23 68 51 58 94 67 32 4 
934-2-5 1?2.236 = 2 94 51 68 23 84 98 30 63 77 28 39 65 18 95 5 
934-2-3 1?2.195 = 2 76 34 33 42 81 64 17 22 84 98 23 68 51 67 3 
934-1-11 1?2.508 = 1 76 58 51 68 23 98 84 22 82 97 53 80 66 40 73 79 62 11 
934-1-10 1?2.608 = 1 76 58 68 23 98 84 22 17 64 82 97 80 53 56 59 38 21 26 10 
934-1-9 1?2.774 = 1 76 58 51 68 23 84 98 82 97 80 53 56 59 38 21 85 74 45 9 
934-1-13 1?2.165 = 1 76 58 51 68 23 98 84 22 17 64 54 89 25 36 99 49 13 
934-1-12 1?2.401 = 1 76 58 68 23 98 84 22 82 97 80 53 56 66 46 40 73 79 20 12 
934-2-6 1?2.424 = 2 94 58 51 68 23 84 98 30 72 63 77 28 39 65 95 18 6 
934-2-15 1?1.669 = 2 94 58 51 68 23 98 84 22 17 64 81 42 83 15 
934-2-14 1?1.966 = 2 94 58 51 68 23 98 84 22 17 64 33 81 42 57 78 52 19 14 
934-3-4 1?2.52 = 3 67 94 58 51 68 23 75 84 98 30 37 88 70 47 4 
934-3-5 1?2.452 = 3 67 51 58 68 23 84 98 30 72 87 63 28 39 95 5 
934-2-11 1?2.427 = 2 94 51 68 23 98 84 22 17 64 82 97 53 80 66 46 40 73 79 11 
934-2-10 1?2.563 = 2 94 51 68 23 98 84 22 17 64 82 97 53 80 56 59 38 21 26 10 
934-2-8 1?2.542 = 2 94 51 68 23 84 98 30 72 60 55 93 86 90 91 31 71 69 92 8 
934-2-9 1?2.65 = 2 94 51 68 23 98 84 22 82 97 80 53 56 59 38 21 85 74 45 9 
934-2-7 1?2.457 = 2 76 58 51 68 23 84 98 30 72 60 55 93 86 90 91 71 31 7 
934-2-13 1?2.177 = 2 94 51 68 23 98 84 22 17 33 42 81 54 89 25 36 99 49 13 
934-2-12 1?2.352 = 2 94 58 51 68 23 98 84 22 82 97 53 80 66 46 40 73 79 20 12 
934-3-15 1?2.064 = 3 67 94 58 51 68 23 98 84 22 17 64 33 81 42 83 24 15 
934-3-14 1?2.118 = 3 67 94 51 68 23 98 84 22 17 64 33 81 42 83 57 78 52 19 14 
934-4-5 1?2.415 = 4 32 47 70 88 63 87 55 60 61 93 77 28 39 95 5 
934-3-11 1?2.507 = 3 67 51 68 23 98 84 22 17 64 82 97 53 80 66 46 40 73 79 11 
934-3-10 1?2.643 = 3 67 51 68 23 98 84 22 17 64 82 97 53 80 56 59 38 21 26 10 
934-3-7 1?2.53 = 3 32 47 70 28 39 65 41 27 77 63 87 93 86 35 90 91 71 31 7 
934-3-9 1?2.785 = 3 67 51 68 23 84 22 17 64 82 97 80 53 56 59 38 21 85 74 9 
934-3-8 1?2.654 = 3 32 47 70 95 18 65 39 28 41 27 86 93 35 90 91 31 71 69 92 8 
934-3-6 1?2.475 = 3 67 94 58 51 68 23 84 98 30 72 63 77 28 39 65 18 6 
934-3-12 1?2.485 = 3 67 51 68 23 98 84 22 17 64 82 97 53 80 66 46 40 73 79 20 12 
934-3-13 1?2.489 = 3 67 51 68 23 98 84 22 17 64 33 81 42 57 78 52 19 16 36 99 49 13 
934-4-15 1?2.266 = 4 32 67 94 58 51 68 23 98 84 22 17 64 33 81 42 83 24 15 
934-4-14 1?2.32 = 4 32 67 94 51 68 23 98 84 22 17 64 33 81 42 83 57 78 52 19 14 
934-4-7 1?2.001 = 4 32 47 70 95 18 65 39 28 41 27 86 91 71 31 7 
934-5-6 1?2.054 = 5 95 18 65 39 28 77 63 87 93 86 91 71 31 48 6 
934-4-6 1?2.179 = 4 47 70 95 18 65 39 28 41 27 86 91 71 31 48 6 
934-4-10 1?2.724 = 4 47 70 28 39 65 41 91 31 71 90 69 92 96 45 74 85 21 26 10 
934-4-11 1?2.675 = 4 32 67 51 68 23 98 84 22 17 64 82 97 53 80 66 40 73 79 11 
934-4-9 1?2.739 = 4 47 70 88 28 39 65 41 27 86 35 90 91 31 71 69 92 96 45 74 9 
934-4-8 1?2.408 = 4 47 70 95 18 65 39 28 27 77 93 86 35 90 91 31 71 69 92 8 
934-4-12 1?2.601 = 4 32 67 51 68 23 98 84 22 82 97 80 53 56 66 46 40 73 79 20 12 
934-4-13 1?2.459 = 4 32 67 51 68 23 98 84 22 17 33 42 81 54 89 25 36 99 49 13 
934-6-7 1?1.809 = 6 18 65 39 28 27 77 63 87 93 86 35 90 91 31 71 7 
934-5-7 1?1.82 = 5 95 18 65 39 28 41 27 77 86 93 35 90 91 71 31 7 
934-5-14 1?2.531 = 5 47 37 51 58 68 23 98 84 22 17 64 81 42 83 57 78 52 19 14 
934-5-15 1?2.496 = 5 95 18 65 39 70 88 37 51 68 23 98 84 22 17 64 81 42 83 15 
934-6-8 1?2.116 = 6 18 65 39 28 27 77 63 87 93 35 86 91 31 71 90 69 92 8 
934-5-8 1?2.135 = 5 95 18 65 39 28 27 77 63 87 93 86 91 31 71 90 92 8 
934-5-10 1?2.567 = 5 95 18 65 39 28 27 41 91 71 90 69 92 96 45 74 85 21 26 10 
934-5-9 1?2.493 = 5 95 18 65 39 28 41 27 77 93 35 86 91 31 71 69 92 96 45 9 
934-5-11 1?2.714 = 5 95 18 65 39 28 77 63 87 55 60 43 53 80 66 46 40 73 79 62 11 
934-5-13 1?2.7 = 5 95 18 65 39 28 63 87 55 60 29 59 56 53 80 89 25 36 99 49 13 
934-5-12 1?2.619 = 5 95 18 65 39 28 77 63 87 55 60 43 56 53 80 66 40 73 79 20 12 
934-7-10 1?1.992 = 7 71 31 91 90 35 86 93 55 60 61 44 74 85 26 10 
934-7-8 1?1.94 = 7 71 31 91 90 35 86 77 63 87 55 60 61 96 92 8 
934-7-9 1?1.971 = 7 31 71 91 90 35 86 77 63 87 55 61 44 74 45 9 
934-6-14 1?2.468 = 6 18 65 39 28 63 30 98 84 22 17 64 81 42 83 57 78 52 19 14 
934-6-15 1?2.404 = 6 18 65 39 28 70 88 37 51 68 23 84 22 17 64 81 42 83 15 
934-7-11 1?2.285 = 7 71 31 91 90 69 92 96 45 74 85 26 21 38 62 73 79 11 
934-6-9 1?2.206 = 6 18 65 39 28 27 41 48 31 71 91 90 69 92 96 45 74 9 
934-6-10 1?2.425 = 6 18 65 39 28 27 41 91 31 71 90 69 92 96 45 74 85 21 26 10 
934-6-11 1?2.592 = 6 18 65 39 28 77 63 87 55 60 43 56 53 80 66 40 73 79 62 11 
934-6-12 1?2.457 = 6 18 65 39 28 77 63 87 55 60 43 53 80 66 46 40 73 79 20 12 
934-6-13 1?2.558 = 6 18 65 39 28 63 87 55 60 29 59 56 53 80 89 25 36 99 49 13 
934-8-10 1?2.121 = 8 92 69 71 31 91 90 86 93 55 60 61 44 74 85 10 
934-8-9 1?2.022 = 8 92 69 71 31 91 90 86 93 55 60 61 44 74 45 9 
934-8-14 1?2.468 = 8 92 69 71 31 91 90 86 93 55 60 43 53 80 25 36 99 16 19 14 
934-8-15 1?2.465 = 8 92 69 71 31 91 86 77 63 30 98 84 22 17 64 81 42 83 15 
934-8-11 1?2.334 = 8 92 69 71 31 91 90 35 86 93 61 55 60 29 59 38 62 11 
934-7-15 1?2.364 = 7 71 31 91 90 86 93 55 60 72 98 84 22 17 64 81 42 83 15 
934-7-14 1?2.51 = 7 71 31 91 86 77 63 30 98 84 22 17 64 81 42 83 57 78 52 19 14 
934-8-13 1?2.478 = 8 92 69 71 31 91 90 35 86 93 55 60 43 53 80 25 36 99 49 13 
934-8-12 1?2.468 = 8 92 69 71 31 91 90 35 86 93 55 60 29 59 38 62 73 79 20 12 
934-7-13 1?2.474 = 7 71 31 91 90 35 86 93 55 60 29 59 56 53 80 89 25 36 99 49 13 
934-7-12 1?2.39 = 7 71 31 91 90 35 93 55 60 29 59 56 53 80 66 46 40 73 79 20 12 
934-9-10 1?2.354 = 9 45 74 85 21 38 59 56 53 80 66 40 73 62 26 10 
934-10-11 1?2.229 = 10 26 21 38 59 29 43 56 53 80 66 46 40 73 79 62 11 
934-9-11 1?2.167 = 9 45 74 85 21 38 59 56 53 80 66 40 73 79 62 11 
934-10-12 1?2.114 = 10 26 21 38 59 29 43 56 53 80 66 46 40 73 79 20 12 
934-10-13 1?2.046 = 10 26 21 38 59 56 80 53 82 97 89 25 36 99 49 13 
934-10-14 1?2.309 = 10 26 21 38 62 73 79 40 46 66 56 53 80 89 25 36 99 16 19 14 
934-9-15 1?2.481 = 9 74 85 21 62 79 73 40 46 66 56 53 80 89 54 81 42 83 15 
934-9-14 1?2.479 = 9 45 74 85 21 62 79 73 40 46 66 56 53 80 89 25 36 99 16 19 14 
934-10-15 1?2.429 = 10 26 21 38 62 73 40 46 66 80 53 82 97 89 54 81 42 83 15 
934-9-12 1?2.582 = 9 45 74 85 21 26 62 38 29 59 56 53 80 66 40 73 79 20 12 
934-9-13 1?2.443 = 9 45 74 85 21 62 79 73 40 46 66 56 53 80 89 25 36 99 49 13 
934-11-14 1?1.883 = 11 62 79 73 40 66 56 53 80 89 25 36 99 16 19 14 
934-12-14 1?1.802 = 12 20 79 73 40 46 66 56 53 80 89 25 36 99 16 19 14 
934-13-14 1?1.851 = 13 49 99 36 25 89 54 81 42 83 57 78 52 19 16 14 
934-14-15 1?1.8 = 14 19 52 16 99 36 25 89 97 82 64 81 42 83 15 
934-13-15 1?1.799 = 13 49 99 36 25 89 97 82 64 17 33 81 42 83 15 
934-11-12 1?2.153 = 11 79 73 40 46 66 80 53 82 97 89 25 36 99 49 12 
934-12-15 1?2.053 = 12 20 79 73 40 66 80 53 97 82 64 17 33 81 42 83 15 
934-12-13 1?1.854 = 12 20 79 73 40 66 80 53 82 97 89 25 36 99 49 13 
934-11-13 1?1.91 = 11 79 73 40 46 66 80 53 82 97 89 25 36 99 49 13 
934-11-15 1?2.202 = 11 62 79 73 40 46 66 80 53 97 82 64 17 33 81 42 83 15 
stop
