start
753-0-3 1?2.032 = 0 34 75 59 25 96 95 98 36 44 18 80 68 77 33 3 
753-0-2 1?2.248 = 0 34 75 65 29 43 74 25 96 95 98 36 44 18 80 2 
753-0-1 1?2.164 = 0 34 75 43 74 41 28 32 88 85 25 59 96 95 98 1 
753-0-9 1?2.496 = 0 34 75 43 74 41 28 71 69 51 99 60 56 78 23 92 93 47 20 9 
753-0-8 1?2.553 = 0 34 75 43 74 41 28 71 69 51 99 60 56 78 23 92 47 20 89 8 
753-0-11 1?2.256 = 0 34 75 43 74 41 28 71 69 51 99 60 56 78 16 87 53 82 11 
753-0-4 1?2.707 = 0 34 65 75 43 74 25 59 96 95 98 36 44 18 80 68 77 33 4 
753-0-10 1?2.528 = 0 34 75 43 74 41 28 71 69 99 60 56 78 23 92 47 20 52 35 10 
753-0-5 1?2.615 = 0 34 75 43 74 28 71 69 99 60 37 40 48 49 19 94 31 73 5 
753-0-7 1?2.627 = 0 34 75 43 74 28 71 69 51 99 60 56 78 23 92 93 62 17 46 7 
753-0-6 1?2.714 = 0 34 75 43 74 28 71 69 51 99 60 54 64 57 63 17 26 66 72 84 6 
753-1-3 1?2.094 = 1 98 95 34 75 59 96 25 97 44 18 80 68 77 33 3 
753-1-5 1?2.3 = 1 98 95 96 59 25 85 88 40 48 45 49 19 94 31 73 5 
753-0-15 1?1.995 = 0 34 75 43 74 41 28 71 76 55 24 83 50 29 15 
753-0-14 1?1.865 = 0 95 96 59 34 75 43 74 41 28 76 55 24 83 14 
753-0-13 1?1.781 = 0 34 75 43 74 41 28 71 76 55 24 30 61 79 27 13 
753-1-2 1?2.32 = 1 98 95 34 65 75 43 74 25 59 96 97 36 44 18 80 2 
753-1-4 1?2.447 = 1 98 95 34 75 59 96 25 97 36 44 18 80 77 68 33 4 
753-1-8 1?2.632 = 1 98 95 34 75 43 74 28 71 69 99 60 56 23 92 93 89 8 
753-0-12 1?2.337 = 0 98 95 34 75 43 74 41 28 76 55 24 30 27 79 61 67 70 12 
753-1-7 1?2.694 = 1 98 95 96 59 25 85 88 40 37 64 54 23 92 93 62 17 46 7 
753-1-6 1?2.699 = 1 98 95 96 59 25 85 88 40 37 64 57 63 17 46 26 66 72 84 6 
753-1-14 1?1.872 = 1 98 95 96 59 34 75 43 74 41 28 76 55 83 14 
753-2-3 1?2.343 = 2 44 36 98 95 34 75 59 96 97 18 80 68 77 33 3 
753-2-5 1?2.597 = 2 44 36 97 96 59 25 85 88 58 45 48 49 19 94 31 73 5 
753-2-4 1?2.689 = 2 44 36 98 95 34 75 59 96 25 97 18 80 68 77 33 4 
753-1-9 1?2.559 = 1 98 95 34 75 43 74 41 28 71 51 99 60 56 23 92 47 20 9 
753-1-15 1?2.033 = 1 44 18 97 36 98 95 96 59 25 74 43 75 34 65 29 15 
753-2-6 1?2.728 = 2 80 86 45 48 40 37 54 64 57 63 17 46 26 66 72 84 6 
753-1-12 1?2.368 = 1 98 95 96 59 34 75 43 74 41 28 76 55 24 30 27 79 61 67 12 
753-1-11 1?2.386 = 1 98 95 34 75 43 74 28 71 69 51 99 60 56 78 16 53 87 11 
753-1-10 1?2.467 = 1 98 95 34 75 43 74 41 28 71 69 51 99 90 39 91 87 53 82 10 
753-1-13 1?2.232 = 1 98 95 96 25 59 34 75 43 74 41 28 71 76 55 24 30 27 13 
753-3-5 1?2.296 = 3 33 77 68 38 45 48 40 37 21 49 19 94 31 73 5 
753-2-14 1?2.365 = 2 44 36 98 95 96 59 25 43 74 41 28 71 76 55 50 83 14 
753-3-4 1?2.648 = 3 33 77 68 38 45 48 40 37 54 64 21 49 19 94 4 
753-2-9 1?2.782 = 2 44 97 96 59 25 43 74 28 71 69 51 99 60 56 23 92 47 20 9 
753-2-12 1?2.493 = 2 44 36 98 95 34 75 43 74 41 76 55 24 30 27 79 61 67 12 
753-2-7 1?2.754 = 2 80 86 45 48 40 37 64 54 23 92 57 63 17 26 46 7 
753-2-8 1?2.829 = 2 80 86 45 48 40 37 64 54 23 92 57 62 93 47 20 89 8 
753-2-15 1?2.529 = 2 80 18 44 97 96 59 25 43 74 41 28 76 55 83 50 29 15 
753-2-10 1?2.739 = 2 77 68 38 45 48 40 37 64 54 92 23 56 78 16 87 53 82 10 
753-2-11 1?2.645 = 2 44 97 96 59 43 74 41 28 71 69 51 99 90 39 91 87 53 82 11 
753-2-13 1?2.477 = 2 80 18 44 36 98 95 96 59 25 43 74 41 28 76 55 24 30 27 13 
753-4-5 1?2.539 = 4 33 77 68 38 45 48 40 37 21 49 19 94 31 73 5 
753-3-14 1?2.513 = 3 33 77 68 38 45 48 40 37 60 99 51 69 71 28 76 55 50 83 14 
753-3-6 1?2.384 = 3 33 77 68 38 45 48 49 21 63 17 46 26 66 72 84 6 
753-3-7 1?2.447 = 3 33 77 68 38 45 48 40 37 54 64 57 63 17 26 66 7 
753-3-9 1?2.641 = 3 33 77 68 38 45 48 40 37 64 54 23 92 57 62 93 47 20 9 
753-3-8 1?2.652 = 3 33 77 68 38 45 48 40 37 64 57 54 92 23 47 20 89 8 
753-3-12 1?2.566 = 3 33 77 68 38 45 48 40 37 64 54 92 23 56 78 16 91 70 12 
753-3-10 1?2.524 = 3 33 77 68 38 45 48 40 37 54 92 23 56 78 16 87 53 82 10 
753-3-15 1?2.589 = 3 33 77 68 80 18 44 97 36 98 95 96 59 25 74 43 75 34 65 29 15 
753-3-11 1?2.575 = 3 33 77 68 38 45 48 40 37 64 54 92 23 56 78 16 87 53 82 11 
753-3-13 1?2.54 = 3 33 77 68 38 45 48 40 37 60 99 51 69 71 28 76 55 24 30 27 13 
753-5-6 1?2.323 = 5 73 31 94 19 38 45 48 49 21 63 17 26 66 72 84 6 
753-4-14 1?2.634 = 4 33 77 68 38 45 48 40 37 60 99 51 69 71 28 41 50 83 14 
753-4-9 1?2.684 = 4 33 77 68 38 45 48 40 37 64 57 54 23 92 47 20 9 
753-4-6 1?2.627 = 4 33 77 68 38 45 48 49 21 63 17 46 26 66 72 84 6 
753-4-8 1?2.678 = 4 33 77 68 38 45 48 40 37 64 57 62 93 47 20 89 8 
753-4-7 1?2.69 = 4 33 77 68 38 45 48 40 37 54 64 57 63 17 26 66 7 
753-4-10 1?2.679 = 4 33 77 68 38 45 48 40 37 54 92 23 78 16 87 53 82 10 
753-4-12 1?2.809 = 4 33 77 68 38 45 48 40 37 64 54 92 23 56 78 16 91 70 12 
753-4-15 1?2.695 = 4 33 77 68 80 18 44 36 98 95 96 59 25 74 43 75 34 65 29 15 
753-4-11 1?2.732 = 4 33 77 68 38 45 48 40 37 64 54 92 23 56 78 16 53 87 11 
753-4-13 1?2.724 = 4 33 77 68 80 18 97 96 59 25 43 74 41 28 76 55 24 30 27 13 
753-5-8 1?2.297 = 5 73 31 94 19 49 21 57 64 54 23 92 47 20 89 8 
753-6-8 1?2.284 = 6 72 66 26 17 63 57 64 54 23 92 93 47 20 89 8 
753-6-7 1?2.318 = 6 84 72 66 26 63 57 64 54 23 92 93 62 17 46 7 
753-5-7 1?2.318 = 5 73 31 94 19 49 48 40 37 64 57 63 17 26 46 7 
753-5-9 1?2.475 = 5 73 31 94 19 49 45 48 40 37 64 57 62 93 47 20 89 9 
753-5-14 1?2.564 = 5 73 31 94 19 49 45 48 40 37 60 99 51 69 71 28 76 55 50 83 14 
753-5-10 1?2.445 = 5 73 31 94 19 49 21 57 64 54 92 23 56 78 16 87 53 82 10 
753-5-15 1?2.676 = 5 73 31 94 19 49 45 48 40 37 60 99 51 69 71 28 41 43 29 15 
753-5-11 1?2.533 = 5 73 31 94 19 49 48 40 37 64 54 92 23 56 78 16 87 53 82 11 
753-5-13 1?2.52 = 5 73 31 94 19 49 45 48 40 37 60 99 51 69 71 28 76 55 30 27 13 
753-5-12 1?2.617 = 5 73 31 94 19 49 45 48 40 37 64 54 92 23 56 78 16 91 70 12 
753-6-9 1?2.172 = 6 84 72 66 26 46 17 63 57 64 54 92 23 47 20 9 
753-7-9 1?2.182 = 7 66 26 46 17 63 57 64 54 23 92 47 20 89 9 
753-7-8 1?2.193 = 7 66 26 46 17 63 57 64 54 23 92 47 20 89 8 
753-7-10 1?2.055 = 7 46 17 63 57 64 54 92 23 78 16 87 53 82 10 
753-6-14 1?2.485 = 6 84 72 66 26 17 62 93 92 23 56 60 99 51 69 71 28 41 50 83 14 
753-6-10 1?2.351 = 6 84 72 66 26 17 63 57 64 54 92 23 56 78 16 87 53 82 10 
753-7-11 1?2.313 = 7 66 26 46 17 63 57 64 54 92 23 56 78 16 87 53 82 11 
753-6-11 1?2.441 = 6 84 72 66 26 46 17 63 57 64 54 92 23 56 78 16 53 82 11 
753-6-13 1?2.479 = 6 84 72 66 26 17 62 93 92 23 56 60 99 51 69 71 76 55 30 27 13 
753-6-15 1?2.658 = 6 84 72 66 26 17 63 57 64 37 40 88 85 25 59 96 34 75 65 29 15 
753-6-12 1?2.73 = 6 84 72 66 26 17 63 57 64 54 92 23 78 56 60 99 51 81 61 79 67 12 
753-8-11 1?2.032 = 8 89 93 57 64 54 92 23 56 78 16 53 82 11 
753-8-9 1?2.192 = 8 89 20 47 92 23 56 78 16 53 82 52 35 9 
753-8-10 1?2.031 = 8 89 93 62 57 64 54 92 23 78 16 87 53 82 10 
753-8-12 1?2.392 = 8 89 20 47 92 23 56 60 99 51 69 71 76 55 30 79 67 12 
753-7-12 1?2.522 = 7 46 17 63 57 64 54 92 23 78 56 60 99 51 81 61 79 67 12 
753-8-14 1?2.423 = 8 89 93 62 57 64 54 92 23 56 60 99 51 69 71 28 41 50 83 14 
753-7-14 1?2.509 = 7 46 17 63 57 64 54 92 23 78 56 60 99 51 69 71 28 41 50 83 14 
753-8-13 1?2.215 = 8 89 93 92 23 56 60 99 51 69 71 28 76 55 24 30 27 13 
753-7-15 1?2.612 = 7 46 17 63 57 92 23 56 60 99 51 69 71 28 41 74 43 29 15 
753-7-13 1?2.441 = 7 46 17 63 57 64 54 92 23 56 60 99 51 69 71 76 55 30 27 13 
753-8-15 1?2.549 = 8 89 20 47 92 23 56 60 99 51 69 71 28 41 74 43 75 65 29 15 
753-9-11 1?1.958 = 9 20 47 93 57 64 54 92 23 78 16 87 53 82 11 
753-10-11 1?1.977 = 10 35 20 47 93 57 64 54 92 23 78 16 53 87 11 
753-9-12 1?2.037 = 9 20 47 93 57 64 54 92 23 56 78 16 91 70 12 
753-9-10 1?1.986 = 9 20 47 93 57 64 54 92 23 78 16 87 53 82 10 
753-10-12 1?2.023 = 10 82 53 87 16 78 56 60 99 69 51 81 61 79 67 12 
753-9-14 1?2.246 = 9 20 47 93 92 23 78 56 60 99 51 69 71 28 76 55 50 83 14 
753-10-13 1?1.934 = 10 82 53 87 16 78 56 60 99 51 71 76 55 24 30 27 13 
753-10-14 1?2.178 = 10 35 52 20 47 92 23 78 56 60 99 51 69 71 28 41 50 83 14 
753-9-13 1?2.141 = 9 20 47 92 23 78 56 60 99 51 69 71 28 76 55 24 30 27 13 
753-10-15 1?2.297 = 10 82 53 87 16 78 56 60 99 51 69 71 28 41 43 75 65 29 15 
753-9-15 1?2.422 = 9 20 47 92 23 78 56 60 99 51 69 71 28 41 74 43 75 65 29 15 
753-12-14 1?1.9 = 12 67 61 79 27 30 24 55 76 28 74 43 41 50 83 14 
753-13-14 1?1.787 = 13 27 30 79 61 81 99 51 69 71 28 41 76 55 24 83 14 
753-11-12 1?1.989 = 11 53 87 91 39 90 99 51 69 71 76 55 30 27 79 67 12 
753-13-15 1?1.699 = 13 27 79 61 30 24 55 76 28 41 74 43 75 65 29 15 
753-14-15 1?1.783 = 14 83 24 55 76 71 28 41 74 43 75 34 65 29 15 
753-12-15 1?1.81 = 12 67 61 79 27 30 24 55 76 41 74 43 75 65 29 15 
753-12-13 1?1.963 = 12 67 79 27 30 61 81 99 51 69 71 28 41 76 55 24 13 
753-11-14 1?2.006 = 11 82 53 87 16 78 56 60 99 51 69 71 28 76 55 50 83 14 
753-11-13 1?1.906 = 11 82 53 87 16 78 56 60 99 51 71 76 55 24 30 27 13 
753-11-15 1?2.12 = 11 82 53 87 16 78 56 60 99 51 71 28 41 74 43 29 15 
stop
