start
247-0-1 1?2.11 = 0 51 89 91 48 17 24 31 30 64 16 35 88 98 94 1 
247-0-2 1?2.02 = 0 51 89 91 48 17 24 31 30 64 16 35 88 98 94 2 
247-0-3 1?1.874 = 0 51 89 91 48 24 31 65 53 38 64 30 16 35 43 3 
247-0-4 1?2.311 = 0 51 89 91 48 17 24 31 30 64 95 81 33 57 60 62 37 4 
247-0-5 1?2.331 = 0 51 89 91 48 17 24 31 30 64 33 57 60 62 37 36 87 69 5 
247-0-6 1?2.395 = 0 51 89 91 48 24 31 30 64 33 57 60 62 39 86 56 29 93 18 6 
247-0-7 1?2.264 = 0 51 89 91 48 24 31 30 64 95 81 39 56 29 93 18 7 
247-0-8 1?2.675 = 0 51 89 91 48 24 31 65 38 53 52 54 44 90 27 25 73 50 92 28 97 49 8 
247-0-9 1?2.4 = 0 51 89 91 48 24 45 52 54 44 90 27 25 73 50 92 28 97 70 75 9 
247-0-10 1?2.422 = 0 51 89 91 48 45 52 54 44 90 27 25 73 50 92 28 32 40 10 
247-0-11 1?2.551 = 0 51 89 91 48 24 45 23 68 26 47 71 78 61 74 46 76 82 11 
247-0-12 1?2.399 = 0 51 89 91 34 20 96 83 72 47 26 71 78 61 74 46 76 12 
247-0-13 1?1.858 = 0 51 89 91 48 63 23 68 26 47 71 78 74 61 13 
247-0-14 1?1.917 = 0 51 89 91 48 24 45 23 26 47 71 72 83 21 14 
247-0-15 1?2.059 = 0 51 89 91 48 17 24 31 65 45 23 63 34 20 96 15 
247-1-2 1?2.263 = 1 17 48 24 31 65 53 38 64 30 16 35 88 94 98 2 
247-1-3 1?2.038 = 1 94 98 88 30 64 95 81 62 60 57 33 16 35 43 3 
247-1-4 1?2.46 = 1 17 24 31 65 53 38 64 30 16 35 43 33 57 60 62 37 4 
247-1-5 1?2.505 = 1 94 98 88 35 16 30 64 33 57 60 62 81 39 86 56 36 87 69 5 
247-1-6 1?2.571 = 1 94 98 88 30 64 95 81 33 57 60 62 37 87 36 56 29 93 18 6 
247-1-7 1?2.408 = 1 94 98 88 30 64 33 57 60 62 36 87 69 56 29 93 18 7 
247-1-8 1?2.501 = 1 94 98 88 30 64 95 81 66 99 80 25 27 73 50 92 97 49 8 
247-1-9 1?2.545 = 1 94 98 88 30 64 95 81 66 80 25 27 73 50 92 28 97 70 75 9 
247-1-10 1?2.611 = 1 17 24 31 65 53 44 90 27 25 73 50 92 97 28 32 40 10 
247-1-11 1?2.699 = 1 17 24 31 65 45 23 68 26 47 71 78 61 74 46 76 82 11 
247-1-12 1?2.655 = 1 94 98 88 30 64 38 53 52 45 23 68 26 47 71 78 74 46 12 
247-1-13 1?2.414 = 1 17 24 48 91 89 51 34 63 23 26 47 71 78 74 61 13 
247-1-14 1?2.071 = 1 94 98 88 31 24 48 91 89 51 34 20 96 83 21 14 
247-1-15 1?2.105 = 1 94 98 88 30 38 53 65 24 48 91 89 34 20 96 15 
247-2-3 1?2.264 = 2 94 98 88 30 64 33 95 81 39 62 60 57 43 3 
247-2-4 1?2.111 = 2 94 98 88 35 16 30 64 33 57 60 62 36 87 37 4 
247-2-5 1?1.877 = 2 94 98 88 35 16 30 64 33 57 60 62 36 87 69 5 
247-2-6 1?1.919 = 2 94 98 88 30 64 33 57 60 62 36 56 29 93 18 6 
247-2-7 1?2.512 = 2 94 98 88 35 16 30 64 33 57 60 62 37 87 36 56 29 93 18 7 
247-2-8 1?2.521 = 2 94 98 88 30 64 38 53 52 54 44 90 27 25 73 50 92 28 97 49 8 
247-2-9 1?2.445 = 2 94 98 88 30 64 38 53 52 54 44 90 27 25 73 50 92 28 70 75 9 
247-2-10 1?2.659 = 2 88 30 64 95 81 39 66 80 25 27 73 50 92 97 28 32 40 10 
247-2-11 1?2.717 = 2 98 94 31 24 48 63 23 68 26 47 71 78 61 74 46 76 82 11 
247-2-12 1?2.63 = 2 94 98 88 30 64 38 53 52 45 23 26 47 71 78 61 74 46 12 
247-2-13 1?2.397 = 2 94 98 88 30 64 38 53 52 45 23 26 47 71 78 74 61 13 
247-2-14 1?2.372 = 2 94 98 88 30 64 38 53 52 45 23 26 47 71 72 83 21 14 
247-2-15 1?2.115 = 2 94 98 88 35 16 64 30 31 24 48 91 89 51 34 20 96 15 
247-3-4 1?2.088 = 3 43 35 16 30 64 95 81 33 57 60 62 36 87 37 4 
247-3-5 1?1.854 = 3 43 35 16 30 64 95 81 33 57 60 62 36 87 69 5 
247-3-6 1?1.765 = 3 43 35 16 33 57 60 62 37 87 36 56 29 93 18 6 
247-3-7 1?2.404 = 3 43 35 16 30 64 95 81 33 57 60 62 36 87 69 29 93 18 7 
247-3-8 1?2.302 = 3 43 33 57 60 62 39 66 99 80 25 27 73 50 28 92 97 49 8 
247-3-9 1?2.33 = 3 43 35 16 30 64 95 81 66 99 80 25 27 73 50 92 28 97 70 75 9 
247-3-10 1?2.494 = 3 43 35 16 33 95 81 39 66 99 80 25 27 73 50 92 28 32 40 10 
247-3-11 1?2.62 = 3 43 35 16 30 64 38 53 52 45 23 26 47 71 78 74 46 76 82 11 
247-3-12 1?2.567 = 3 43 35 16 30 64 38 53 52 45 23 68 26 47 71 78 61 74 46 12 
247-3-13 1?2.662 = 3 43 35 16 33 57 60 81 95 38 53 52 45 23 26 47 71 78 61 13 
247-3-14 1?2.452 = 3 43 35 16 30 64 38 53 65 24 48 91 89 51 34 20 96 83 21 14 
247-3-15 1?2.027 = 3 43 35 16 30 64 38 53 65 31 24 48 91 89 34 20 96 15 
247-4-5 1?1.929 = 4 37 62 60 57 33 64 95 81 39 56 36 87 69 5 
247-4-6 1?1.69 = 4 37 62 60 57 33 95 81 39 86 56 29 93 18 6 
247-4-7 1?2.279 = 4 37 62 81 95 66 99 80 25 27 73 50 28 92 97 49 41 7 
247-4-8 1?2.146 = 4 60 57 33 95 81 66 99 80 25 27 73 50 92 28 97 49 8 
247-4-9 1?2.166 = 4 60 57 33 95 81 66 99 80 25 27 73 50 92 28 97 70 75 9 
247-4-10 1?2.44 = 4 37 62 60 57 33 95 81 66 80 25 27 73 50 92 28 32 40 10 
247-4-11 1?2.567 = 4 60 62 81 95 66 99 80 25 27 73 50 92 28 32 19 58 84 67 11 
247-4-12 1?2.564 = 4 37 62 60 57 33 64 30 38 53 52 68 26 47 71 78 74 46 12 
247-4-13 1?2.594 = 4 37 62 60 57 33 64 38 53 52 45 23 68 26 47 71 78 74 61 13 
247-4-14 1?2.534 = 4 37 62 60 57 33 64 30 31 24 48 91 89 51 34 96 83 21 14 
247-4-15 1?2.406 = 4 37 62 60 57 33 81 95 64 30 31 24 48 91 89 51 34 20 96 15 
247-5-6 1?1.708 = 5 37 62 60 57 33 95 81 39 86 56 29 93 18 6 
247-5-7 1?1.941 = 5 69 87 36 62 60 57 33 95 81 39 56 29 93 7 
247-5-8 1?1.814 = 5 69 87 36 39 66 99 80 25 27 73 50 92 97 49 8 
247-5-9 1?1.949 = 5 69 87 36 39 86 66 99 80 25 27 73 50 28 92 97 70 75 9 
247-5-10 1?2.262 = 5 69 87 36 39 86 66 99 80 25 27 73 50 92 28 32 58 19 40 10 
247-5-11 1?2.34 = 5 69 87 36 39 66 99 80 25 27 73 50 92 28 32 19 58 84 67 11 
247-5-12 1?2.511 = 5 69 87 36 39 66 80 25 27 73 50 92 28 32 19 58 84 85 42 76 12 
247-5-13 1?2.597 = 5 69 87 36 62 60 57 33 64 38 53 52 45 23 26 47 71 78 61 13 
247-5-14 1?2.557 = 5 37 62 60 57 33 64 30 31 24 48 91 89 51 34 20 96 83 21 14 
247-5-15 1?2.426 = 5 69 87 36 37 62 60 57 33 64 30 31 24 48 91 89 51 34 20 96 15 
247-6-7 1?2.136 = 6 18 93 22 25 27 73 50 92 97 28 32 70 49 41 7 
247-6-8 1?1.8 = 6 18 93 29 56 86 66 99 80 25 27 73 50 92 28 70 8 
247-6-9 1?1.897 = 6 18 29 22 80 25 27 73 92 50 28 97 70 75 59 9 
247-6-10 1?2.314 = 6 18 93 29 56 86 66 80 25 27 73 50 28 92 97 70 75 59 40 10 
247-6-11 1?2.398 = 6 18 93 29 22 25 27 73 50 92 97 28 32 40 19 58 84 67 11 
247-6-12 1?2.545 = 6 18 29 56 86 66 99 80 25 27 73 50 92 28 32 19 58 84 85 42 76 12 
247-6-13 1?2.496 = 6 18 93 29 56 86 39 66 99 80 90 44 77 68 26 47 71 78 61 13 
247-6-14 1?2.636 = 6 18 93 29 56 86 39 81 95 38 53 52 45 23 26 47 71 72 83 21 14 
247-6-15 1?2.388 = 6 18 93 29 56 86 39 81 95 64 30 31 24 48 91 89 51 34 20 96 15 
247-7-8 1?1.957 = 7 18 93 29 56 86 66 99 80 25 27 73 50 92 28 70 8 
247-7-9 1?1.927 = 7 18 29 93 22 25 27 73 50 28 92 97 70 75 59 9 
247-7-10 1?1.974 = 7 41 49 97 28 92 50 73 25 27 32 19 58 84 85 67 10 
247-7-11 1?2.538 = 7 18 29 56 86 66 99 80 25 27 73 50 92 28 32 19 58 84 85 67 11 
247-7-12 1?2.485 = 7 41 49 97 28 92 50 73 25 27 79 77 68 26 47 71 78 74 46 12 
247-7-13 1?2.398 = 7 41 49 97 28 92 50 73 25 27 90 44 77 68 26 47 71 78 61 13 
247-7-14 1?2.456 = 7 41 49 97 28 92 50 73 25 27 90 44 77 68 26 47 71 72 83 21 14 
247-7-15 1?2.417 = 7 18 93 29 56 39 81 95 64 30 31 24 48 91 89 34 20 96 15 
247-8-9 1?1.868 = 8 49 97 28 92 50 73 25 27 32 58 19 40 59 75 9 
247-8-10 1?1.976 = 8 49 70 97 28 92 50 73 25 27 32 19 58 84 85 67 10 
247-8-11 1?1.918 = 8 49 70 97 28 92 50 73 25 27 32 19 58 84 85 67 11 
247-8-12 1?2.266 = 8 49 97 28 92 50 73 25 27 79 77 68 26 47 71 78 46 12 
247-8-13 1?2.154 = 8 49 97 28 92 50 73 25 27 79 77 68 26 47 71 78 61 13 
247-8-14 1?2.204 = 8 70 28 92 50 73 25 27 90 44 77 68 26 47 71 72 83 21 14 
247-8-15 1?2.52 = 8 49 97 28 92 50 73 25 27 90 44 54 52 45 48 91 89 51 34 20 96 15 
247-9-10 1?1.828 = 9 75 70 97 28 92 50 73 25 27 32 19 58 84 85 67 10 
247-9-11 1?1.77 = 9 75 70 97 28 92 50 73 25 27 32 19 58 84 85 67 11 
247-9-12 1?1.934 = 9 75 70 97 28 92 50 73 25 27 32 19 58 84 85 42 76 12 
247-9-13 1?2.078 = 9 75 70 28 92 50 73 25 27 79 77 68 26 47 71 78 61 13 
247-9-14 1?2.136 = 9 75 70 28 92 50 73 25 27 79 77 68 26 47 71 72 83 21 14 
247-9-15 1?2.353 = 9 75 70 28 50 73 25 27 90 44 54 52 45 48 91 89 34 20 96 15 
247-10-11 1?2.08 = 10 40 32 28 97 92 50 73 25 27 58 84 85 42 82 11 
247-10-12 1?2.052 = 10 40 32 28 97 92 50 73 25 27 58 84 85 42 76 12 
247-10-13 1?2.268 = 10 40 32 28 92 50 73 25 27 79 77 68 26 47 72 61 13 
247-10-14 1?2.282 = 10 40 32 28 92 50 73 25 27 79 77 68 26 47 72 83 21 14 
247-10-15 1?2.43 = 10 40 19 58 84 85 42 55 71 47 26 63 91 89 51 34 20 96 15 
247-11-12 1?2.201 = 11 67 84 85 42 55 68 26 47 71 78 61 74 46 76 12 
247-11-13 1?2.528 = 11 67 19 32 28 92 50 73 25 27 79 77 68 26 47 72 61 13 
247-11-14 1?2.522 = 11 82 76 46 74 78 71 47 26 63 91 89 34 20 96 83 21 14 
247-11-15 1?2.304 = 11 82 76 46 74 78 71 47 26 68 23 63 91 89 51 34 20 96 15 
247-12-13 1?2.498 = 12 46 78 71 47 26 63 91 89 34 20 96 83 61 13 
247-12-14 1?2.127 = 12 76 46 74 61 78 71 47 26 68 23 63 83 21 14 
247-12-15 1?2.079 = 12 46 74 61 78 71 47 26 23 63 91 89 51 34 20 96 15 
247-13-14 1?2.067 = 13 61 78 71 47 26 63 91 89 34 20 96 83 21 14 
247-13-15 1?1.763 = 13 61 78 71 47 26 23 63 91 89 51 34 20 96 15 
247-14-15 1?1.821 = 14 21 83 72 71 47 26 23 63 91 89 51 34 20 96 15 
stop
