start
223-0-3 1?2.144 = 0 35 30 99 83 64 27 31 29 34 40 47 73 74 3 
223-0-2 1?2.13 = 0 35 99 83 64 27 31 29 34 40 47 71 60 36 2 
223-0-4 1?2.256 = 0 35 30 99 83 67 64 27 31 29 82 34 40 97 72 96 4 
223-0-1 1?2.199 = 0 15 84 21 58 69 57 39 20 64 67 83 99 35 30 75 1 
223-0-6 1?2.299 = 0 35 30 99 83 67 64 27 31 29 82 52 88 95 78 32 46 6 
223-0-5 1?2.384 = 0 35 30 99 83 67 64 27 61 31 29 82 34 52 88 48 56 5 
223-0-7 1?2.429 = 0 35 30 99 83 67 64 27 31 29 82 34 52 88 95 98 50 90 7 
223-0-11 1?2.28 = 0 35 30 99 83 20 39 57 69 58 91 76 53 42 86 22 54 77 37 11 
223-0-10 1?2.533 = 0 35 30 99 83 20 39 57 69 58 91 76 53 42 49 87 22 54 77 65 10 
223-0-9 1?2.643 = 0 35 30 99 83 67 64 27 61 31 29 82 23 81 94 79 26 66 62 24 9 
223-0-8 1?2.587 = 0 35 30 99 83 67 64 27 31 29 82 34 52 88 17 81 94 63 92 8 
223-0-14 1?1.712 = 0 35 30 99 83 67 64 43 20 39 57 69 58 21 14 
223-0-13 1?1.889 = 0 30 35 99 67 83 20 39 57 69 58 84 21 91 76 13 
223-1-2 1?2.31 = 1 30 99 83 67 64 27 31 29 34 40 47 71 60 36 2 
223-1-3 1?2.291 = 1 75 30 99 83 67 64 27 31 29 34 40 47 73 74 3 
223-0-15 1?2.028 = 0 35 30 99 83 67 64 27 61 45 41 43 20 39 15 
223-1-8 1?2.464 = 1 75 30 35 99 83 67 64 27 31 29 16 23 81 94 63 92 8 
223-1-6 1?2.445 = 1 75 30 35 99 83 67 64 27 31 29 82 52 88 48 32 46 6 
223-1-4 1?2.333 = 1 75 30 99 83 67 64 27 31 29 82 34 40 47 97 96 4 
223-0-12 1?1.905 = 0 35 99 83 20 39 57 69 58 91 76 53 42 49 87 93 12 
223-1-5 1?2.402 = 1 75 30 35 99 83 67 64 27 31 29 82 52 88 48 56 5 
223-1-7 1?2.528 = 1 75 30 35 99 83 67 64 27 31 29 82 52 88 95 98 50 90 7 
223-1-14 1?1.68 = 1 75 30 35 99 83 67 64 20 39 57 69 58 84 21 14 
223-1-15 1?1.808 = 1 75 30 35 99 83 67 64 20 39 57 69 58 21 84 15 
223-2-6 1?2.199 = 2 36 60 71 47 40 34 29 82 52 88 95 78 32 46 6 
223-2-4 1?2.423 = 2 36 60 71 47 40 34 52 88 38 78 32 56 48 72 96 4 
223-2-5 1?2.354 = 2 36 60 71 47 40 34 29 82 52 88 95 38 78 32 56 5 
223-1-13 1?2.495 = 1 75 30 35 99 83 20 39 57 69 58 91 76 53 42 86 22 87 49 13 
223-2-3 1?2.51 = 2 36 60 71 47 40 52 88 38 78 32 56 72 96 28 74 3 
223-1-10 1?2.586 = 1 75 30 35 99 83 67 64 27 45 19 33 25 55 79 26 66 62 10 
223-1-11 1?2.413 = 1 75 30 99 83 20 39 57 69 58 91 76 53 42 86 22 54 77 65 11 
223-1-9 1?2.522 = 1 75 30 35 99 83 67 64 27 45 19 33 25 55 26 66 62 24 9 
223-1-12 1?2.304 = 1 75 30 35 99 83 20 39 57 69 58 91 76 53 42 86 22 87 93 12 
223-2-15 1?2.316 = 2 36 75 30 35 99 67 64 83 20 39 57 69 58 21 84 15 
223-2-14 1?2.381 = 2 36 60 71 47 40 34 82 29 31 27 64 20 39 57 69 58 21 14 
223-2-13 1?2.537 = 2 1 75 30 35 99 83 67 64 20 39 57 69 58 84 21 91 76 13 
223-3-4 1?2.468 = 3 74 28 73 47 40 34 52 88 95 78 32 48 72 96 4 
223-3-5 1?2.324 = 3 74 28 96 72 97 73 47 40 34 52 88 38 78 32 56 5 
223-2-11 1?2.586 = 2 36 60 71 47 40 34 82 29 31 61 45 41 86 22 54 77 65 11 
223-2-10 1?2.711 = 2 36 60 71 47 40 34 82 29 16 25 55 23 81 94 79 26 66 62 10 
223-2-9 1?2.657 = 2 36 60 71 47 40 34 29 82 52 88 17 81 94 79 26 66 62 24 9 
223-2-8 1?2.689 = 2 36 60 71 47 40 34 29 31 61 45 19 33 25 23 81 94 63 92 8 
223-2-7 1?2.699 = 2 36 60 71 47 40 34 82 29 16 25 55 79 81 94 59 68 50 90 7 
223-2-12 1?2.56 = 2 36 60 71 47 40 34 82 29 31 61 33 19 45 41 86 49 87 93 12 
223-3-14 1?2.418 = 3 74 28 73 47 40 34 29 31 27 64 20 39 57 69 58 84 21 14 
223-3-6 1?2.193 = 3 74 28 96 72 97 47 40 34 52 88 95 78 32 46 6 
223-3-15 1?2.463 = 3 74 28 73 47 40 34 82 29 31 27 64 67 83 20 39 57 15 
223-3-13 1?2.562 = 3 74 28 73 47 40 34 82 29 31 61 33 19 45 41 86 42 13 
223-4-5 1?2.279 = 4 96 72 97 73 47 40 34 82 52 88 95 38 78 32 56 5 
223-3-10 1?2.62 = 3 28 96 72 56 32 78 95 98 50 68 59 94 81 79 26 66 62 10 
223-3-11 1?2.68 = 3 74 28 73 47 40 34 82 29 31 61 45 19 33 70 85 54 77 65 11 
223-3-7 1?2.659 = 3 74 28 96 97 73 47 40 34 52 88 48 56 32 78 38 95 98 50 90 7 
223-3-8 1?2.622 = 3 74 28 96 72 56 32 78 38 95 98 50 68 59 94 81 79 63 92 8 
223-3-9 1?2.636 = 3 28 96 72 56 32 78 95 98 50 68 59 94 81 79 26 66 62 24 9 
223-3-12 1?2.703 = 3 74 28 73 97 47 40 34 82 29 31 61 33 19 45 41 86 22 87 93 12 
223-4-6 1?2.169 = 4 96 72 97 47 40 34 29 82 52 88 48 56 32 46 6 
223-5-6 1?2.274 = 5 44 72 97 73 47 40 34 52 88 17 95 78 32 46 6 
223-4-15 1?2.463 = 4 96 97 47 40 34 82 29 31 27 64 20 39 57 69 58 21 84 15 
223-4-14 1?2.401 = 4 96 97 73 47 40 34 82 29 31 27 64 20 39 57 69 58 84 21 14 
223-4-7 1?2.483 = 4 96 72 97 73 47 40 34 52 88 48 56 32 78 38 95 98 50 90 7 
223-4-10 1?2.519 = 4 96 72 48 56 32 78 38 95 98 50 68 59 94 81 79 26 66 62 10 
223-4-13 1?2.779 = 4 96 97 73 47 40 34 82 29 31 61 27 64 20 39 57 69 58 91 76 13 
223-4-8 1?2.449 = 4 96 72 48 56 32 78 38 95 98 50 68 59 94 81 79 63 92 8 
223-4-11 1?2.644 = 4 96 72 97 73 47 40 34 82 29 31 61 45 41 86 22 54 77 65 11 
223-4-9 1?2.422 = 4 44 56 32 78 95 98 50 68 59 63 94 81 79 26 66 62 24 9 
223-4-12 1?2.7 = 4 96 72 97 73 47 40 34 82 29 31 61 33 19 45 41 53 42 49 87 93 12 
223-5-8 1?1.976 = 5 56 32 78 95 98 50 68 59 94 81 79 63 92 8 
223-6-8 1?1.876 = 6 46 32 78 95 98 50 68 59 94 81 79 63 92 8 
223-6-7 1?2.064 = 6 46 32 38 78 95 17 81 94 63 59 68 50 98 90 7 
223-5-7 1?2.178 = 5 56 32 78 38 95 98 50 68 59 94 81 79 63 18 7 
223-5-15 1?2.592 = 5 56 48 88 52 82 29 31 27 64 67 83 20 39 57 69 58 21 84 15 
223-5-14 1?2.576 = 5 56 48 88 52 34 82 29 31 27 64 67 83 20 39 57 69 58 84 21 14 
223-5-11 1?2.452 = 5 56 32 78 38 95 98 50 68 59 94 79 26 66 51 80 85 54 77 11 
223-5-10 1?2.418 = 5 56 48 32 78 38 95 98 50 68 59 63 94 81 79 26 66 62 24 10 
223-5-9 1?2.212 = 5 56 32 78 38 95 98 50 68 59 63 94 81 79 26 66 62 24 9 
223-5-13 1?2.812 = 5 56 32 78 95 98 50 68 59 94 81 79 55 25 33 19 45 41 53 13 
223-5-12 1?2.642 = 5 56 48 38 95 98 50 68 59 94 81 79 26 66 51 80 85 54 77 37 12 
223-7-8 1?2.031 = 7 90 78 32 56 48 38 95 98 50 68 59 94 63 92 8 
223-6-9 1?1.875 = 6 46 32 78 38 95 98 50 68 59 63 26 66 62 24 9 
223-7-9 1?1.899 = 7 90 98 50 68 59 63 94 81 79 26 66 51 62 24 9 
223-7-11 1?2.1 = 7 90 98 50 68 59 94 81 79 26 66 51 80 85 54 77 37 11 
223-7-10 1?2.227 = 7 90 98 50 68 59 18 92 63 94 81 79 26 66 62 51 10 
223-6-10 1?2.09 = 6 46 32 78 38 95 98 50 68 59 94 81 79 26 66 62 24 10 
223-6-11 1?2.294 = 6 46 32 78 98 50 68 59 94 81 79 26 66 51 80 85 54 77 11 
223-6-13 1?2.677 = 6 46 32 78 38 95 88 52 82 29 31 61 33 19 45 41 86 42 53 13 
223-6-15 1?2.598 = 6 46 32 78 38 88 52 82 29 31 61 27 64 20 39 57 69 58 21 84 15 
223-6-14 1?2.47 = 6 46 32 78 38 88 52 82 29 31 61 27 64 20 39 57 69 58 84 21 14 
223-6-12 1?2.491 = 6 46 32 78 98 50 68 59 94 81 79 26 66 51 80 85 54 77 37 12 
223-8-11 1?1.854 = 8 92 63 94 81 79 26 66 62 51 80 85 54 77 11 
223-8-10 1?1.99 = 8 92 18 68 59 63 94 81 79 26 66 51 62 24 10 
223-8-9 1?1.917 = 8 92 18 68 59 63 94 81 79 26 66 51 62 24 9 
223-7-14 1?2.419 = 7 90 98 50 68 59 94 81 23 25 33 19 45 41 43 69 58 84 21 14 
223-8-13 1?2.497 = 8 92 63 94 81 79 26 66 62 51 80 65 77 54 22 87 49 13 
223-8-14 1?2.394 = 8 92 63 94 81 79 55 25 33 19 45 41 43 76 91 69 58 84 21 14 
223-7-13 1?2.581 = 7 90 98 50 68 59 63 94 81 79 55 25 33 19 45 41 86 42 13 
223-8-15 1?2.605 = 8 92 63 94 81 79 55 25 33 19 45 41 43 20 39 57 69 58 84 15 
223-7-15 1?2.733 = 7 90 50 68 59 94 81 23 25 33 19 45 41 43 20 39 57 69 58 21 84 15 
223-8-12 1?2.357 = 8 92 63 94 81 79 26 66 51 80 85 65 77 54 22 87 49 93 12 
223-7-12 1?2.339 = 7 90 98 50 68 59 94 81 79 26 66 62 51 80 85 54 77 37 12 
223-9-11 1?2.083 = 9 92 63 94 81 79 26 66 24 62 51 80 65 77 11 
223-10-11 1?2.237 = 10 24 62 66 26 79 94 81 23 55 70 22 54 77 11 
223-9-10 1?2.337 = 9 92 63 94 81 79 26 66 24 62 51 80 85 54 65 10 
223-10-14 1?2.185 = 10 62 66 51 80 85 54 22 87 49 86 42 53 76 91 69 58 21 14 
223-10-13 1?2.51 = 10 24 62 66 51 80 85 54 65 77 37 93 87 22 49 86 42 53 13 
223-10-12 1?2.146 = 10 24 62 66 51 80 85 54 77 37 87 22 86 42 49 93 12 
223-9-12 1?2.073 = 9 24 62 66 51 80 85 54 77 37 87 22 86 42 49 93 12 
223-9-13 1?2.564 = 9 24 62 66 26 79 94 81 23 55 25 33 19 45 41 86 42 53 13 
223-9-14 1?2.351 = 9 24 62 66 51 80 85 54 77 37 87 22 86 42 53 76 91 69 58 21 14 
223-10-15 1?2.507 = 10 24 62 66 51 80 65 77 54 22 87 49 42 53 76 91 69 58 21 84 15 
223-9-15 1?2.605 = 9 24 62 66 51 80 85 65 77 54 22 87 49 86 42 53 76 91 69 58 21 84 15 
223-13-14 1?2.233 = 13 42 53 41 43 64 67 83 20 39 57 84 69 58 21 14 
223-12-14 1?1.881 = 12 37 77 54 22 87 49 86 42 53 76 91 69 58 84 21 14 
223-11-14 1?1.753 = 11 37 77 54 22 87 49 86 42 53 76 91 69 58 84 21 14 
223-12-15 1?1.891 = 12 93 49 87 22 86 42 53 76 91 58 21 84 69 57 39 15 
223-14-15 1?1.922 = 14 76 91 21 84 58 69 57 39 20 83 67 99 30 35 15 
223-11-13 1?2.143 = 11 37 77 54 22 87 49 86 42 53 76 91 69 58 84 21 14 13 
223-12-13 1?2.271 = 12 37 77 54 22 87 49 86 42 53 76 91 69 58 84 21 14 13 
223-13-15 1?2.05 = 13 76 91 21 84 58 69 57 39 20 83 67 99 30 35 15 
223-11-12 1?2.083 = 11 65 77 54 85 70 33 19 45 41 86 22 87 49 93 12 
223-11-15 1?2.306 = 11 37 77 65 85 54 22 87 49 86 42 53 76 91 58 21 84 69 57 39 15 
stop
