start
98-0-1 1?2.262 = 0 59 42 68 51 16 26 64 79 57 92 39 72 87 22 1 
98-0-2 1?2.147 = 0 59 79 57 92 39 72 22 87 82 86 23 56 58 2 
98-0-3 1?2.113 = 0 59 79 57 92 39 72 22 87 50 82 86 23 56 66 3 
98-0-4 1?2.044 = 0 59 79 57 92 39 72 87 82 56 23 86 31 36 4 
98-0-5 1?2.655 = 0 59 79 57 92 39 72 22 87 82 50 58 56 31 23 86 69 30 18 5 
98-0-6 1?2.595 = 0 59 79 57 92 39 72 22 87 82 50 56 23 86 69 76 46 62 70 6 
98-0-7 1?2.61 = 0 59 92 57 79 64 26 16 51 38 19 63 34 78 28 83 81 61 55 7 
98-0-8 1?2.616 = 0 59 92 57 79 64 26 16 51 47 24 41 45 27 74 78 28 83 81 8 
98-0-9 1?2.414 = 0 59 92 57 79 64 26 16 51 47 24 41 45 27 97 33 85 43 9 
98-0-10 1?2.533 = 0 59 92 57 79 64 26 16 51 38 47 24 41 45 27 33 85 17 10 
98-0-11 1?2.517 = 0 59 92 57 79 64 26 16 51 38 47 24 41 96 49 94 71 67 95 11 
98-0-12 1?2.407 = 0 59 92 57 79 64 26 16 51 38 47 29 44 96 49 94 71 88 12 
98-0-13 1?2.168 = 0 59 79 92 57 64 26 16 51 38 47 44 49 60 75 13 
98-0-14 1?2.172 = 0 59 92 57 79 42 73 91 20 89 35 75 80 52 14 
98-0-15 1?2.27 = 0 59 92 57 79 64 26 16 38 51 68 42 73 91 20 15 
98-1-2 1?2.234 = 1 92 79 57 39 72 22 87 50 82 23 56 58 77 2 
98-1-3 1?2.229 = 1 92 79 57 39 72 22 87 82 86 23 56 66 77 3 
98-1-4 1?2.158 = 1 92 79 57 39 72 22 87 82 50 56 23 86 31 36 4 
98-1-5 1?2.579 = 1 22 72 39 92 57 79 64 26 16 99 93 84 98 90 46 76 18 5 
98-1-6 1?2.506 = 1 22 72 39 92 57 79 64 26 16 99 93 84 98 90 21 48 62 70 6 
98-1-7 1?2.524 = 1 92 57 79 64 26 16 51 38 19 63 34 78 28 83 81 61 55 7 
98-1-8 1?2.545 = 1 22 72 39 92 57 79 64 26 16 99 93 84 19 63 34 78 28 83 81 8 
98-1-9 1?2.472 = 1 22 72 39 92 57 79 64 26 16 51 38 40 74 97 33 17 85 43 9 
98-1-10 1?2.471 = 1 92 57 79 64 26 16 51 38 47 24 41 45 27 97 33 85 17 10 
98-1-11 1?2.388 = 1 22 72 39 92 57 79 64 26 16 51 38 47 24 41 45 54 65 11 
98-1-12 1?2.409 = 1 22 72 39 92 57 79 64 26 16 51 38 47 29 44 96 49 94 88 12 
98-1-13 1?2.081 = 1 22 72 39 92 57 79 64 26 16 51 29 35 60 75 13 
98-1-14 1?2.052 = 1 22 72 39 92 57 79 42 73 91 20 89 52 80 53 14 
98-1-15 1?2.052 = 1 22 72 39 92 57 79 64 26 16 51 68 42 73 91 15 
98-2-3 1?2.146 = 2 77 58 22 39 72 87 50 82 23 86 69 31 56 66 3 
98-2-4 1?2.038 = 2 77 58 22 39 72 87 82 50 56 23 86 69 30 36 4 
98-2-5 1?2.331 = 2 77 58 87 22 72 39 92 79 57 82 23 86 69 30 18 5 
98-2-6 1?2.438 = 2 77 58 22 39 72 87 82 50 56 23 86 69 30 76 46 62 70 6 
98-2-7 1?2.522 = 2 22 72 39 92 57 79 64 16 99 93 84 98 90 21 48 25 55 7 
98-2-8 1?2.503 = 2 22 72 39 92 57 79 64 26 16 99 93 84 19 63 34 78 28 83 81 8 
98-2-9 1?2.43 = 2 22 72 39 92 57 79 64 26 16 51 38 40 74 97 33 17 85 43 9 
98-2-10 1?2.464 = 2 22 72 39 92 57 79 64 26 16 51 47 24 41 45 27 97 33 17 10 
98-2-11 1?2.539 = 2 58 50 87 72 39 92 57 79 64 16 51 38 47 24 41 45 54 65 11 
98-2-12 1?2.407 = 2 22 72 39 92 57 79 64 26 16 51 38 47 24 41 96 49 94 88 12 
98-2-13 1?2.34 = 2 22 72 39 92 57 79 64 26 16 51 38 47 44 96 94 49 60 75 13 
98-2-14 1?2.354 = 2 77 58 50 82 87 22 72 39 92 57 79 42 73 91 20 52 80 53 14 
98-2-15 1?1.871 = 2 77 58 50 87 22 72 39 92 57 79 42 73 91 20 15 
98-3-4 1?2.035 = 3 66 77 58 22 39 72 87 82 50 56 23 86 31 36 4 
98-3-5 1?2.045 = 3 66 77 58 22 39 72 87 50 82 23 86 69 30 18 5 
98-3-6 1?2.122 = 3 66 58 22 39 72 87 82 23 86 69 76 46 62 70 6 
98-3-7 1?2.52 = 3 66 77 58 50 87 82 23 86 69 76 46 90 21 48 25 55 7 
98-3-8 1?2.58 = 3 66 56 23 86 69 30 76 46 90 98 84 19 63 34 78 28 83 81 8 
98-3-9 1?2.57 = 3 66 58 87 72 39 92 57 79 64 26 16 51 38 40 27 33 85 43 9 
98-3-10 1?2.626 = 3 66 58 50 87 72 39 92 57 79 64 26 16 51 38 47 24 41 45 54 10 
98-3-11 1?2.594 = 3 66 58 87 72 39 92 57 79 64 26 16 51 38 47 24 41 45 54 65 11 
98-3-12 1?2.559 = 3 66 58 50 87 72 39 92 57 79 64 26 16 51 38 47 44 96 49 94 88 12 
98-3-13 1?2.513 = 3 77 58 50 87 72 39 92 57 79 64 26 16 51 29 44 96 49 60 75 13 
98-3-14 1?2.554 = 3 66 77 58 50 82 87 72 39 92 57 79 42 73 91 20 89 52 80 53 14 
98-3-15 1?2.327 = 3 77 58 87 72 39 92 57 79 64 26 16 51 68 42 73 91 20 15 
98-4-5 1?2.216 = 4 36 31 56 50 87 22 39 72 82 23 86 69 30 18 5 
98-4-6 1?2.313 = 4 36 31 56 50 58 87 82 23 86 69 76 46 62 70 6 
98-4-7 1?2.367 = 4 36 30 76 46 90 98 84 19 63 34 78 28 83 81 61 55 7 
98-4-8 1?2.365 = 4 36 30 69 76 46 90 98 84 19 63 34 78 28 83 81 61 8 
98-4-9 1?2.422 = 4 36 30 76 46 90 98 84 19 63 34 78 74 27 33 17 85 43 9 
98-4-10 1?2.744 = 4 36 30 69 76 46 48 21 90 98 84 19 63 34 78 74 27 97 33 85 17 10 
98-4-11 1?2.702 = 4 36 30 76 46 90 98 84 19 63 34 78 74 97 33 85 17 54 65 95 11 
98-4-12 1?2.71 = 4 36 31 56 50 87 72 39 92 57 79 64 26 16 51 29 44 49 94 71 12 
98-4-13 1?2.65 = 4 36 31 56 50 87 22 72 39 92 57 79 64 26 16 51 29 35 75 13 
98-4-14 1?2.616 = 4 36 31 86 23 56 50 87 72 39 92 57 79 42 73 91 20 52 80 53 14 
98-4-15 1?2.403 = 4 36 30 69 86 23 82 50 87 72 39 92 57 79 42 73 91 20 15 
98-5-6 1?2.391 = 5 18 30 36 31 56 50 82 23 86 69 76 46 62 70 6 
98-5-7 1?2.219 = 5 18 76 46 98 84 19 63 34 78 28 83 81 61 55 7 
98-5-8 1?2.078 = 5 18 30 76 46 90 98 84 19 63 34 78 28 83 81 8 
98-5-9 1?2.341 = 5 18 30 76 46 90 98 84 19 63 34 78 74 97 33 17 85 43 9 
98-5-10 1?2.51 = 5 18 30 69 76 46 90 98 84 19 63 34 78 74 27 97 33 85 17 10 
98-5-11 1?2.55 = 5 18 30 76 46 90 98 84 19 63 34 78 74 97 33 85 17 54 65 11 
98-5-12 1?2.717 = 5 18 76 46 90 98 84 19 63 34 78 74 97 33 17 54 65 95 67 12 
98-5-13 1?2.757 = 5 18 30 69 86 23 82 87 72 39 92 57 79 42 73 89 35 60 75 13 
98-5-14 1?2.563 = 5 18 30 69 86 23 56 50 82 87 72 39 92 57 79 42 73 91 20 14 
98-5-15 1?2.392 = 5 18 30 69 86 23 56 50 87 72 39 92 57 79 42 73 91 20 15 
98-6-7 1?2.109 = 6 70 48 21 90 98 84 19 63 34 78 28 83 81 61 55 7 
98-6-8 1?2.103 = 6 70 62 48 21 90 98 84 19 63 34 78 28 83 81 61 8 
98-6-9 1?1.979 = 6 70 48 21 90 98 84 19 63 34 78 74 97 33 85 43 9 
98-6-10 1?2.468 = 6 70 62 48 21 90 98 84 19 63 34 78 74 27 97 33 85 17 54 10 
98-6-11 1?2.496 = 6 70 62 48 21 90 98 84 19 63 34 78 74 27 97 33 85 17 54 65 11 
98-6-12 1?2.668 = 6 70 48 21 90 98 84 19 63 34 78 74 27 45 41 24 44 96 49 94 88 12 
98-6-13 1?2.604 = 6 70 48 21 90 98 84 19 63 34 78 74 27 45 41 24 96 49 60 75 13 
98-6-14 1?2.657 = 6 62 46 76 69 86 23 56 50 87 72 39 92 57 79 42 73 91 20 14 
98-6-15 1?2.551 = 6 62 46 76 69 86 23 82 87 72 39 92 57 79 42 73 91 20 15 
98-7-8 1?2.048 = 7 55 25 28 78 74 97 33 17 85 43 32 37 83 81 8 
98-7-9 1?2.041 = 7 55 25 21 90 98 84 19 63 34 78 28 83 81 37 32 9 
98-7-10 1?2.062 = 7 55 25 61 81 83 37 32 43 85 97 33 17 54 65 10 
98-7-11 1?2.567 = 7 55 61 25 48 21 90 98 84 19 63 34 78 74 97 33 85 17 54 65 11 
98-7-12 1?2.388 = 7 55 25 61 81 83 37 32 43 85 33 17 54 65 95 67 71 88 12 
98-7-13 1?2.515 = 7 55 61 81 83 37 32 43 85 17 54 65 95 67 71 94 49 60 75 13 
98-7-14 1?2.441 = 7 55 61 81 83 28 78 74 27 45 41 24 96 49 60 75 80 52 53 14 
98-7-15 1?2.595 = 7 55 61 25 21 90 98 84 93 99 64 26 16 51 68 42 73 91 20 15 
98-8-9 1?2.031 = 8 32 37 81 83 28 63 34 78 74 27 97 33 17 85 43 9 
98-8-10 1?2.167 = 8 81 83 37 32 43 85 17 33 97 74 27 41 45 54 10 
98-8-11 1?2.307 = 8 81 83 37 32 43 85 33 97 27 45 41 24 96 94 71 67 95 11 
98-8-12 1?2.343 = 8 81 83 37 32 43 85 17 33 97 27 45 41 24 96 49 94 71 12 
98-8-13 1?2.412 = 8 81 83 37 32 43 85 33 17 54 65 95 67 71 94 96 49 60 75 13 
98-8-14 1?2.357 = 8 81 83 28 78 74 27 45 41 96 94 49 60 75 35 89 52 80 53 14 
98-8-15 1?2.53 = 8 81 83 28 78 34 63 19 84 93 99 64 26 16 51 68 42 73 91 20 15 
98-9-10 1?2.005 = 9 32 37 81 83 28 78 34 74 97 33 85 17 54 65 10 
98-9-11 1?1.831 = 9 32 37 81 83 28 78 34 74 97 33 85 17 54 65 11 
98-9-12 1?2.367 = 9 32 37 81 83 28 78 34 74 97 33 85 17 54 65 95 67 71 88 12 
98-9-13 1?2.217 = 9 43 85 97 33 17 54 65 95 67 71 94 49 60 75 35 52 80 13 
98-9-14 1?2.166 = 9 43 85 97 33 17 54 65 95 67 71 94 49 60 75 35 80 52 53 14 
98-9-15 1?2.294 = 9 43 85 33 97 27 45 41 24 96 49 60 75 35 89 91 20 15 
98-10-11 1?1.938 = 10 17 33 97 27 45 41 24 44 96 49 94 71 67 95 11 
98-10-12 1?2.148 = 10 17 85 33 97 74 27 45 41 24 96 49 94 88 71 67 12 
98-10-13 1?2.045 = 10 54 65 95 67 71 94 96 49 60 75 35 89 52 53 80 13 
98-10-14 1?2.205 = 10 85 97 33 17 54 65 95 67 71 94 49 60 75 35 89 52 53 14 
98-10-15 1?2.444 = 10 17 33 97 27 45 41 24 96 94 49 60 75 35 89 73 91 20 15 
98-11-12 1?1.98 = 11 65 54 17 85 33 27 45 41 24 96 49 94 88 12 
98-11-13 1?1.931 = 11 65 54 17 33 97 27 45 41 24 96 49 60 75 13 
98-11-14 1?1.846 = 11 65 54 45 41 96 49 60 75 35 89 52 80 53 14 
98-11-15 1?2.479 = 11 95 65 54 45 41 24 44 96 94 49 60 75 35 89 73 91 20 15 
98-12-13 1?2.062 = 12 88 71 45 41 24 96 94 49 60 75 35 89 52 80 13 
98-12-14 1?1.96 = 12 88 71 45 41 96 94 49 60 75 35 89 52 80 53 14 
98-12-15 1?2.367 = 12 88 71 45 41 24 44 96 94 49 60 75 35 89 73 91 20 15 
98-13-14 1?2.192 = 13 75 60 49 96 44 29 51 16 64 68 42 73 91 20 14 
98-13-15 1?2.154 = 13 75 60 49 96 44 29 51 16 26 64 68 42 73 91 20 15 
98-14-15 1?2.174 = 14 52 53 80 75 60 94 96 49 35 89 20 91 73 42 15 
stop
