start
614-0-1 1?2.052 = 0 69 84 95 77 47 48 60 35 70 83 46 92 27 1 
614-0-2 1?2 = 0 69 84 95 77 47 48 36 60 35 70 83 46 92 2 
614-0-3 1?2.271 = 0 69 84 27 92 46 83 47 77 95 48 36 60 35 88 89 29 3 
614-0-4 1?2.385 = 0 69 84 27 92 46 83 47 77 95 48 36 60 70 35 88 24 89 29 4 
614-0-5 1?2.362 = 0 69 84 95 77 47 48 36 60 70 35 88 24 89 29 85 82 87 5 
614-0-6 1?2.481 = 0 69 84 95 77 47 48 36 17 72 51 63 86 54 53 49 40 59 6 
614-0-7 1?2.459 = 0 69 84 95 77 47 48 36 17 72 51 54 53 49 40 59 52 50 38 7 
614-0-8 1?2.673 = 0 69 84 95 77 48 36 17 72 51 54 53 49 40 59 52 50 38 23 8 
614-0-9 1?2.621 = 0 69 84 95 77 48 36 17 72 91 90 78 30 94 25 37 62 42 73 9 
614-0-10 1?2.532 = 0 69 84 95 77 48 36 17 72 91 90 78 30 94 25 37 62 67 10 
614-0-11 1?2.685 = 0 69 84 95 77 48 36 17 72 91 90 78 30 79 98 81 31 33 19 11 
614-0-12 1?2.652 = 0 69 84 95 77 48 36 17 72 21 44 32 64 18 71 41 96 22 12 
614-0-13 1?2.378 = 0 69 45 20 39 76 16 93 58 41 71 68 22 96 13 
614-0-14 1?2.416 = 0 69 84 27 92 46 47 48 77 95 34 39 20 76 26 14 
614-0-15 1?2.371 = 0 69 84 95 77 47 48 36 17 72 21 44 99 39 20 15 
614-1-2 1?1.935 = 1 27 92 46 47 77 95 48 36 60 35 70 83 28 2 
614-1-3 1?1.787 = 1 27 92 46 47 77 95 48 36 60 35 88 89 29 3 
614-1-4 1?1.738 = 1 27 92 46 47 77 95 48 36 60 35 88 89 29 4 
614-1-5 1?2.319 = 1 27 92 46 47 77 95 48 36 60 70 35 88 24 89 29 85 82 87 5 
614-1-6 1?2.438 = 1 27 92 46 47 77 95 48 36 17 72 51 63 86 54 53 49 40 59 6 
614-1-7 1?2.398 = 1 27 92 46 47 77 95 48 36 17 72 51 63 54 53 49 40 59 52 38 7 
614-1-8 1?2.521 = 1 27 92 46 47 48 36 17 72 51 63 54 53 49 40 59 52 23 74 8 
614-1-9 1?2.491 = 1 27 92 46 47 48 36 17 72 21 91 90 78 30 25 94 37 62 42 9 
614-1-10 1?2.523 = 1 27 92 46 47 48 36 17 72 21 91 90 78 30 25 94 37 62 67 10 
614-1-11 1?2.561 = 1 27 92 46 47 48 36 17 72 91 90 78 30 79 98 81 31 33 19 11 
614-1-12 1?2.528 = 1 27 92 47 77 95 48 36 17 21 44 99 66 93 41 96 22 12 
614-1-13 1?2.497 = 1 27 92 46 47 48 36 17 72 21 44 32 64 18 71 41 96 13 
614-1-14 1?2.419 = 1 27 92 46 47 77 95 48 36 17 72 21 44 99 39 76 14 
614-1-15 1?2.328 = 1 27 92 46 47 77 95 48 36 17 72 21 44 99 39 20 15 
614-2-3 1?1.713 = 2 46 92 47 77 95 48 36 60 35 88 24 89 29 3 
614-2-4 1?1.664 = 2 46 92 47 77 95 48 36 60 35 88 24 89 29 4 
614-2-5 1?2.078 = 2 46 92 47 77 95 48 36 60 70 35 88 24 89 29 85 87 5 
614-2-6 1?2.29 = 2 46 92 47 77 95 48 36 17 72 51 63 86 54 53 49 40 59 6 
614-2-7 1?2.227 = 2 46 92 47 48 36 17 72 51 63 86 54 53 49 40 59 52 50 38 7 
614-2-8 1?2.373 = 2 46 92 47 48 36 17 72 51 63 54 53 49 40 59 52 23 74 8 
614-2-9 1?2.5 = 2 46 92 47 77 95 48 36 17 72 21 91 90 78 30 25 37 62 42 9 
614-2-10 1?2.641 = 2 46 92 47 77 95 48 36 17 72 91 43 30 78 55 79 98 81 56 67 10 
614-2-11 1?2.616 = 2 46 92 47 77 95 48 36 17 72 91 90 78 30 79 98 81 31 33 19 11 
614-2-12 1?2.583 = 2 46 92 47 77 95 48 36 17 72 21 44 32 64 18 71 41 96 22 12 
614-2-13 1?2.629 = 2 46 92 47 77 95 48 36 17 72 21 44 99 66 93 71 41 96 13 
614-2-14 1?2.39 = 2 46 92 47 77 95 48 36 17 72 21 44 99 39 20 76 26 14 
614-2-15 1?2.389 = 2 92 46 83 47 77 95 48 36 17 72 21 44 34 39 20 15 
614-3-4 1?1.747 = 3 28 83 47 77 95 48 36 60 70 35 88 89 29 4 
614-3-5 1?1.943 = 3 28 83 47 48 36 60 70 35 88 24 89 29 85 87 5 
614-3-6 1?2.237 = 3 28 83 47 77 95 48 36 17 72 51 63 54 53 49 40 59 6 
614-3-7 1?2.262 = 3 29 89 88 35 60 36 17 72 51 63 54 53 49 40 59 52 50 38 7 
614-3-8 1?2.393 = 3 24 88 89 29 85 82 87 65 57 49 40 59 52 50 38 23 74 8 
614-3-9 1?2.411 = 3 28 83 47 48 36 17 72 21 91 90 78 30 25 94 37 62 42 9 
614-3-10 1?2.489 = 3 28 83 47 77 95 48 36 17 72 91 90 78 30 25 37 62 67 10 
614-3-11 1?2.619 = 3 29 89 88 75 97 51 63 86 43 30 78 90 55 79 98 81 31 33 19 11 
614-3-12 1?2.803 = 3 28 83 47 77 95 48 36 17 72 91 43 30 78 79 98 81 31 19 33 12 
614-3-13 1?2.833 = 3 28 83 47 77 95 48 36 17 72 91 43 30 78 55 18 71 41 96 13 
614-3-14 1?2.756 = 3 29 89 88 35 70 47 77 95 48 36 17 21 44 99 39 20 76 26 14 
614-3-15 1?2.56 = 3 29 89 24 88 35 60 36 48 95 77 47 46 92 27 84 69 45 15 
614-4-5 1?2.128 = 4 29 89 24 70 47 77 95 48 36 60 35 88 85 87 5 
614-4-6 1?2.007 = 4 82 85 29 89 24 88 75 97 51 63 54 53 49 40 59 6 
614-4-7 1?2.173 = 4 82 85 29 89 88 35 75 97 54 53 49 40 59 52 50 38 23 7 
614-4-8 1?2.355 = 4 82 85 29 89 24 88 75 97 54 53 49 40 59 52 50 38 23 74 8 
614-4-9 1?2.397 = 4 82 87 65 57 53 54 86 43 90 78 30 25 94 37 62 42 73 9 
614-4-10 1?2.528 = 4 82 85 29 89 88 35 60 36 17 72 91 90 78 30 25 94 37 62 67 10 
614-4-11 1?2.569 = 4 82 85 87 65 57 49 53 54 86 43 30 78 55 79 98 81 31 33 19 11 
614-4-12 1?2.499 = 4 82 85 87 65 57 53 54 86 43 30 78 55 79 98 81 31 68 12 
614-4-13 1?2.625 = 4 82 85 29 89 88 35 70 60 36 17 72 21 44 99 66 93 41 96 13 
614-4-14 1?2.581 = 4 82 85 29 89 24 88 35 60 36 48 47 77 95 34 39 20 76 26 14 
614-4-15 1?2.511 = 4 29 89 24 88 35 60 36 48 95 77 47 46 92 27 84 69 45 15 
614-5-6 1?2.202 = 5 87 82 85 29 89 24 88 35 75 97 57 49 40 59 6 
614-5-7 1?2.057 = 5 87 85 29 89 88 75 97 57 49 40 59 52 50 38 7 
614-5-8 1?2.375 = 5 65 57 49 53 54 86 43 90 78 30 94 25 37 62 42 74 8 
614-5-9 1?2.297 = 5 65 57 59 40 49 53 54 86 43 30 25 94 37 62 42 73 9 
614-5-10 1?2.361 = 5 65 57 59 40 49 53 54 86 43 30 78 55 79 98 81 56 67 10 
614-5-11 1?2.4 = 5 65 57 49 53 54 86 43 30 78 55 79 98 81 31 68 33 19 11 
614-5-12 1?2.621 = 5 65 57 53 54 86 43 30 78 55 79 98 81 31 68 71 41 96 22 12 
614-5-13 1?2.579 = 5 65 57 59 40 49 53 54 86 43 30 78 90 55 18 71 41 96 13 
614-5-14 1?2.705 = 5 87 82 85 29 89 88 35 70 83 47 77 95 34 39 20 76 26 14 
614-5-15 1?2.619 = 5 87 82 85 29 89 24 88 35 60 36 48 47 77 95 84 69 45 15 
614-6-7 1?2.014 = 6 59 40 49 53 54 86 43 30 25 94 61 80 52 50 7 
614-6-8 1?2.211 = 6 59 40 49 53 54 63 86 43 90 55 78 30 25 94 61 74 8 
614-6-9 1?2.071 = 6 59 40 49 53 54 86 43 90 55 78 30 94 25 37 62 42 9 
614-6-10 1?2.095 = 6 59 40 49 53 54 86 43 30 78 90 55 79 98 81 56 67 10 
614-6-11 1?2.097 = 6 59 40 49 53 54 86 43 30 78 55 79 98 81 31 33 19 11 
614-6-12 1?2.313 = 6 59 40 49 53 54 86 43 30 78 55 79 98 81 68 31 19 33 12 
614-6-13 1?2.601 = 6 59 40 49 53 54 86 43 30 78 90 55 79 98 81 31 68 71 41 96 13 
614-6-14 1?2.696 = 6 59 40 49 53 54 86 43 30 78 90 55 79 98 81 18 71 41 58 26 14 
614-6-15 1?2.664 = 6 59 40 49 53 54 86 43 30 78 55 90 91 21 44 34 39 20 15 
614-7-8 1?1.928 = 7 38 52 59 40 49 53 54 86 43 30 25 94 61 74 8 
614-7-9 1?1.826 = 7 38 52 59 40 49 53 54 86 43 94 25 37 62 42 9 
614-7-10 1?1.858 = 7 38 52 59 40 49 53 54 86 43 94 25 37 62 67 10 
614-7-11 1?2.066 = 7 38 50 52 59 40 49 53 54 86 43 30 78 79 98 81 31 19 11 
614-7-12 1?2.235 = 7 38 50 52 59 40 49 53 54 86 43 30 78 79 98 81 31 19 33 12 
614-7-13 1?2.359 = 7 38 50 52 59 40 49 53 54 86 43 30 78 90 55 18 71 41 96 13 
614-7-14 1?2.495 = 7 38 50 52 59 40 49 53 54 86 43 30 78 90 55 64 32 66 16 26 14 
614-7-15 1?2.634 = 7 38 50 52 59 40 49 53 54 86 43 30 78 90 91 21 44 99 39 20 15 
614-8-9 1?2.083 = 8 74 42 62 37 25 30 78 55 79 98 81 56 67 73 9 
614-8-10 1?2.096 = 8 74 42 62 37 25 94 30 78 90 55 79 98 81 56 67 10 
614-8-11 1?2.056 = 8 74 42 62 37 25 30 78 55 79 98 81 31 33 19 11 
614-8-12 1?2.38 = 8 23 52 59 40 49 53 54 86 43 30 78 79 98 81 31 68 12 
614-8-13 1?2.532 = 8 74 23 52 59 40 49 53 54 86 43 30 78 55 18 71 41 96 13 
614-8-14 1?2.668 = 8 74 23 52 59 40 49 53 54 86 43 30 78 55 64 32 66 16 26 14 
614-8-15 1?2.707 = 8 74 23 38 50 52 59 40 49 53 54 63 51 72 21 44 99 39 20 15 
614-9-10 1?1.926 = 9 73 42 62 37 25 30 78 90 55 79 98 81 56 67 10 
614-9-11 1?1.901 = 9 42 62 37 25 30 78 90 55 79 98 81 31 33 19 11 
614-9-12 1?1.967 = 9 42 62 37 25 94 30 78 90 55 79 98 81 31 68 12 
614-9-13 1?2.353 = 9 42 62 37 25 94 30 78 90 55 79 98 81 31 68 71 41 96 13 
614-9-14 1?2.544 = 9 42 62 37 25 30 78 90 55 79 98 81 31 68 71 41 58 26 14 
614-9-15 1?2.638 = 9 73 67 56 62 37 25 94 30 78 55 90 91 21 44 99 39 20 15 
614-10-11 1?1.965 = 10 67 62 37 25 30 78 55 79 98 81 31 68 33 19 11 
614-10-12 1?2.022 = 10 67 62 37 25 94 30 78 55 79 98 81 31 68 22 12 
614-10-13 1?2.145 = 10 67 62 37 25 94 30 78 79 98 81 68 71 41 96 13 
614-10-14 1?2.291 = 10 73 42 62 37 25 94 30 78 90 55 64 32 66 16 26 14 
614-10-15 1?2.6 = 10 73 42 62 37 25 94 30 78 55 90 91 21 44 34 39 20 15 
614-11-12 1?2.137 = 11 19 33 31 81 98 79 30 78 90 55 18 71 41 22 12 
614-11-13 1?2.156 = 11 19 33 31 81 98 79 30 78 90 55 18 71 41 96 13 
614-11-14 1?2.175 = 11 19 33 31 68 22 96 41 58 93 16 39 20 76 26 14 
614-11-15 1?2.646 = 11 19 33 31 81 98 79 55 90 78 30 43 91 21 44 99 39 20 15 
614-12-13 1?2.236 = 12 33 19 31 81 98 79 30 78 90 55 18 71 41 96 13 
614-12-14 1?2.255 = 12 33 19 31 68 22 96 41 58 93 16 39 20 76 26 14 
614-12-15 1?2.207 = 12 33 19 31 68 71 41 22 96 58 93 16 76 20 15 
614-13-14 1?2.47 = 13 96 41 71 18 81 98 79 30 78 55 64 32 66 16 26 14 
614-13-15 1?2.421 = 13 96 22 12 33 19 31 68 71 41 58 93 16 76 20 15 
614-14-15 1?2.615 = 14 76 20 39 34 95 77 47 46 92 27 84 69 45 15 
stop
