start
119-0-2 1?2.184 = 0 90 64 42 22 97 39 89 83 93 61 86 59 85 27 87 2 
119-0-4 1?2.494 = 0 88 61 93 86 55 59 85 27 87 58 40 81 68 19 50 38 21 4 
119-0-3 1?2.529 = 0 88 61 86 93 83 51 76 98 56 55 59 85 27 87 58 40 81 3 
119-0-11 1?2.458 = 0 90 64 42 22 39 66 31 20 77 25 70 73 99 47 41 96 11 
119-0-10 1?2.379 = 0 90 64 42 22 97 39 66 31 20 17 99 47 41 96 29 33 75 32 10 
119-0-8 1?2.738 = 0 90 64 42 22 97 39 66 31 20 77 25 70 57 30 74 46 54 8 
119-0-5 1?2.499 = 0 90 88 61 93 86 55 59 85 36 27 87 58 40 81 50 38 21 5 
119-0-6 1?2.705 = 0 88 61 93 86 59 85 27 87 58 40 81 50 38 72 78 71 45 6 
119-0-1 1?2.246 = 0 90 64 42 22 97 39 66 89 83 93 86 59 85 27 36 1 
119-0-7 1?2.792 = 0 88 61 93 86 59 85 27 87 40 81 50 38 72 78 71 65 95 92 7 
119-0-9 1?2.575 = 0 90 64 42 22 39 66 31 20 17 99 47 41 96 29 33 75 43 94 9 
119-1-3 1?2.07 = 1 36 85 59 86 93 51 76 98 56 34 19 81 40 58 3 
119-0-15 1?2.196 = 0 88 36 85 59 86 93 61 64 42 22 97 39 60 35 15 
119-0-14 1?2.07 = 0 88 36 85 59 86 93 61 64 42 22 97 39 60 35 14 
119-1-2 1?2.21 = 1 36 85 59 86 93 51 76 98 56 34 19 81 40 58 2 
119-1-7 1?2.752 = 1 36 27 87 58 40 81 50 38 72 78 71 23 67 37 48 69 80 7 
119-0-12 1?2.537 = 0 90 64 42 22 39 66 31 20 77 25 70 73 99 28 82 12 
119-1-4 1?2.151 = 1 88 61 93 86 55 59 85 27 87 58 40 68 81 50 38 21 4 
119-1-6 1?2.711 = 1 36 85 59 55 63 87 58 40 81 50 38 21 72 78 71 45 6 
119-1-8 1?2.721 = 1 36 85 59 55 34 19 78 71 23 67 37 48 53 26 74 46 54 8 
119-0-13 1?2.424 = 0 88 61 93 86 59 85 55 51 83 64 42 22 97 39 60 18 16 13 
119-1-5 1?2.577 = 1 88 61 93 86 55 59 85 36 27 63 87 58 40 68 81 50 38 21 5 
119-1-14 1?1.882 = 1 36 85 59 86 93 61 64 42 22 97 39 66 60 35 14 
119-1-15 1?2.008 = 1 36 85 59 86 93 61 64 42 22 97 39 66 60 35 15 
119-2-3 1?2.044 = 2 87 27 85 59 55 34 19 72 38 50 81 40 58 3 
119-2-4 1?2.114 = 2 87 27 85 59 86 93 51 76 98 56 34 19 72 50 4 
119-1-12 1?2.615 = 1 36 85 59 55 86 93 61 64 42 22 97 39 66 31 79 91 49 82 12 
119-1-11 1?2.568 = 1 36 85 59 86 93 61 64 42 22 39 66 31 20 17 99 47 41 96 11 
119-1-13 1?2.384 = 1 36 85 59 55 86 93 61 64 42 22 39 60 66 31 79 16 18 13 
119-2-6 1?2.657 = 2 87 27 85 59 86 93 61 83 51 76 98 56 34 19 78 71 45 6 
119-2-5 1?2.423 = 2 87 27 85 59 55 56 34 19 78 71 45 44 72 50 38 21 5 
119-1-9 1?2.631 = 1 36 85 59 55 34 19 78 71 23 67 37 48 53 26 30 74 46 54 9 
119-1-10 1?2.6 = 1 36 85 59 86 93 51 76 25 70 73 99 47 41 96 29 33 75 32 10 
119-2-15 1?2.19 = 2 87 27 85 59 55 86 93 61 64 42 22 39 66 60 35 15 
119-3-4 1?2.034 = 3 81 68 40 58 87 27 85 59 55 34 19 72 38 50 4 
119-2-14 1?2.231 = 2 87 27 85 59 86 93 61 64 42 22 97 39 66 31 79 16 18 14 
119-2-7 1?2.637 = 2 58 40 68 81 50 21 38 72 44 45 71 23 67 37 48 69 80 7 
119-2-11 1?2.602 = 2 27 85 59 86 93 61 64 42 22 39 66 31 20 17 28 47 41 96 11 
119-2-12 1?2.62 = 2 87 27 85 59 86 93 61 64 42 22 97 39 66 31 20 17 28 82 12 
119-3-5 1?2.134 = 3 81 68 40 58 87 27 85 59 55 34 19 72 38 21 5 
119-2-13 1?2.332 = 2 87 27 85 59 55 86 93 61 64 42 22 97 39 66 31 79 16 18 13 
119-2-8 1?2.65 = 2 58 40 68 81 50 38 72 78 71 23 67 37 48 53 74 46 54 8 
119-2-9 1?2.502 = 2 58 40 68 81 50 38 72 78 71 23 67 37 48 53 26 74 46 54 9 
119-2-10 1?2.58 = 2 87 27 85 59 55 51 76 25 62 70 73 99 47 41 96 29 32 10 
119-3-7 1?2.08 = 3 58 40 68 81 50 38 21 72 78 71 65 95 92 80 7 
119-3-6 1?2.25 = 3 58 40 68 81 50 38 21 72 78 71 23 37 67 95 6 
119-3-15 1?2.253 = 3 81 68 40 58 87 27 85 59 86 93 61 64 42 22 97 60 35 15 
119-3-14 1?2.303 = 3 81 68 40 58 87 27 85 59 55 86 93 61 64 42 22 39 60 35 14 
119-4-5 1?2.383 = 4 21 38 50 72 19 34 78 71 23 37 67 65 45 44 5 
119-3-12 1?2.575 = 3 81 50 38 72 78 71 23 67 37 24 84 62 70 73 99 28 82 12 
119-3-11 1?2.496 = 3 81 50 38 72 78 71 23 67 37 24 84 62 70 73 99 47 41 96 11 
119-3-13 1?2.328 = 3 81 68 40 58 87 27 85 59 86 93 61 64 42 22 39 60 18 16 13 
119-3-8 1?2.51 = 3 58 40 68 81 50 38 72 78 71 23 67 37 48 53 74 46 54 8 
119-3-9 1?2.362 = 3 58 40 68 81 50 38 72 78 71 23 67 37 48 53 26 74 46 54 9 
119-3-10 1?2.465 = 3 40 68 81 50 38 72 78 71 23 67 37 48 53 74 30 43 75 32 10 
119-4-7 1?2.186 = 4 21 38 50 72 44 45 78 71 23 67 37 48 69 80 7 
119-4-6 1?2.314 = 4 21 38 50 72 44 45 71 23 67 37 48 69 92 95 6 
119-5-6 1?2.399 = 5 21 38 50 72 44 45 71 23 67 37 48 69 92 95 6 
119-4-15 1?2.303 = 4 21 38 50 81 68 40 58 87 27 85 59 86 93 61 64 42 22 15 
119-4-14 1?2.449 = 4 21 38 50 81 40 58 87 27 85 59 86 93 61 64 42 22 97 35 14 
119-4-12 1?2.414 = 4 21 38 50 72 78 71 23 67 37 24 84 62 70 73 99 28 82 12 
119-4-8 1?2.428 = 4 50 38 72 78 71 23 67 37 24 62 70 57 30 74 46 54 8 
119-4-11 1?2.335 = 4 21 38 50 72 78 71 23 67 37 24 84 62 70 73 99 47 41 96 11 
119-4-13 1?2.577 = 4 81 68 40 58 87 27 85 59 86 93 61 64 42 22 97 39 60 18 16 13 
119-4-9 1?2.323 = 4 50 38 72 78 71 23 67 37 24 84 62 70 57 26 74 46 54 94 9 
119-4-10 1?2.377 = 4 50 38 72 78 71 23 67 37 24 84 62 70 73 99 47 41 96 29 32 10 
119-5-7 1?2.271 = 5 21 38 50 72 44 45 78 71 23 67 37 48 69 80 7 
119-6-7 1?2.489 = 6 92 95 67 37 24 84 62 70 57 26 53 48 69 80 7 
119-5-8 1?2.231 = 5 21 38 72 78 71 23 67 37 48 53 26 74 46 54 8 
119-6-8 1?2.344 = 6 95 67 37 48 24 84 62 70 57 26 30 74 46 54 8 
119-5-12 1?2.407 = 5 21 38 72 78 71 23 67 37 24 84 62 70 73 99 28 82 12 
119-5-9 1?2.036 = 5 21 38 72 78 71 23 67 37 48 53 26 74 46 54 9 
119-5-15 1?2.388 = 5 21 38 50 81 68 40 58 87 27 85 59 86 93 61 64 42 22 15 
119-5-14 1?2.471 = 5 21 38 50 81 68 40 87 27 85 59 86 93 61 64 42 22 97 35 14 
119-5-11 1?2.42 = 5 21 38 50 72 78 71 23 67 37 24 84 62 70 73 99 47 41 96 11 
119-5-13 1?2.679 = 5 21 38 50 19 34 56 98 76 51 83 64 42 22 97 39 60 18 16 13 
119-5-10 1?2.418 = 5 44 45 71 23 67 37 24 84 62 70 73 99 47 41 96 29 33 75 32 10 
119-7-8 1?2.217 = 7 80 69 48 24 84 62 70 57 26 30 74 46 94 54 8 
119-7-9 1?1.956 = 7 80 69 48 24 84 62 70 57 26 30 74 46 54 94 9 
119-6-9 1?2.149 = 6 95 67 37 48 24 84 62 70 57 26 30 74 46 54 9 
119-7-10 1?1.864 = 7 80 69 48 84 62 70 73 99 47 41 29 33 32 10 
119-6-15 1?2.767 = 6 44 21 38 50 81 68 40 87 27 85 59 86 93 61 64 42 22 15 
119-6-11 1?2.553 = 6 95 67 37 48 53 26 74 46 54 94 43 75 32 29 33 47 41 96 11 
119-6-14 1?2.91 = 6 44 72 38 50 81 68 40 87 27 85 59 86 93 61 64 42 22 97 35 14 
119-7-11 1?2.4 = 7 80 69 48 53 26 30 74 46 54 94 43 75 32 29 33 47 41 96 11 
119-6-13 1?2.784 = 6 95 67 37 24 84 62 70 73 99 47 41 96 52 82 49 91 16 18 13 
119-6-10 1?2.288 = 6 92 95 67 37 24 84 62 70 73 99 47 41 96 29 33 75 32 10 
119-6-12 1?2.919 = 6 95 67 37 48 53 26 74 46 54 94 43 75 32 29 33 47 41 96 52 82 12 
119-8-9 1?2.026 = 8 53 84 62 70 73 99 47 41 96 29 33 75 43 9 
119-8-10 1?1.832 = 8 54 46 74 26 84 62 70 73 99 47 41 96 29 32 10 
119-8-11 1?2.262 = 8 54 46 74 30 43 75 32 33 29 96 41 47 99 17 28 82 52 11 
119-8-13 1?2.436 = 8 54 94 46 74 30 43 75 33 29 96 41 47 99 28 82 49 91 13 
119-8-14 1?2.542 = 8 54 46 74 30 43 75 33 29 96 41 47 99 28 82 49 91 16 18 14 
119-7-12 1?2.527 = 7 80 69 48 53 26 74 30 43 75 33 29 96 41 47 99 28 82 12 
119-8-12 1?2.495 = 8 54 46 74 30 43 75 32 29 33 57 84 62 70 73 99 28 82 12 
119-7-14 1?2.804 = 7 80 69 48 24 84 62 70 73 99 28 17 20 31 66 39 97 60 35 14 
119-8-15 1?2.661 = 8 54 46 74 30 43 75 32 29 96 41 47 99 17 20 31 66 39 22 15 
119-7-13 1?2.681 = 7 80 69 48 24 84 62 70 73 99 47 41 96 52 82 49 91 16 18 13 
119-7-15 1?2.979 = 7 80 69 48 24 84 62 70 73 99 28 17 20 31 66 60 97 39 22 15 
119-10-12 1?1.751 = 10 32 75 43 94 54 46 74 30 33 29 41 96 52 82 12 
119-10-13 1?1.84 = 10 32 75 33 29 96 41 47 99 28 82 49 91 16 18 13 
119-10-11 1?1.647 = 10 32 75 43 94 54 46 74 30 33 29 47 41 96 52 11 
119-9-11 1?1.587 = 9 94 54 46 74 30 43 75 32 33 29 41 96 47 52 11 
119-9-10 1?1.637 = 9 54 46 74 26 84 62 70 73 99 47 41 96 29 32 10 
119-9-12 1?2.066 = 9 94 54 46 74 30 43 75 32 33 29 41 96 47 99 17 28 82 12 
119-10-14 1?2.25 = 10 32 75 33 29 96 41 47 99 28 17 20 31 66 39 97 60 35 14 
119-9-13 1?2.175 = 9 94 54 46 74 30 43 75 33 29 96 41 47 99 28 82 49 91 13 
119-9-14 1?2.347 = 9 54 46 74 30 43 75 33 29 96 41 47 99 28 82 49 91 16 18 14 
119-10-15 1?2.44 = 10 32 75 33 29 96 41 47 99 73 70 25 77 20 31 66 39 22 15 
119-9-15 1?2.498 = 9 54 46 74 30 43 75 33 29 96 41 47 28 17 20 31 66 39 22 15 
119-11-12 1?1.931 = 11 96 41 29 32 75 43 30 57 70 73 99 28 82 12 
119-12-14 1?2.092 = 12 82 52 96 41 47 99 17 20 31 66 39 60 35 14 
119-11-13 1?2.068 = 11 96 41 47 99 73 70 62 25 77 31 79 16 18 13 
119-12-15 1?2.204 = 12 82 52 96 41 47 99 28 17 20 31 66 39 22 15 
119-12-13 1?2.199 = 12 82 28 99 73 70 62 25 77 20 31 79 16 18 13 
119-14-15 1?2.329 = 14 35 60 39 22 42 64 61 93 86 59 85 36 88 90 15 
119-13-15 1?2.396 = 13 18 16 79 31 66 39 97 22 42 64 83 93 61 88 90 15 
119-13-14 1?2.482 = 13 12 82 52 96 41 47 99 17 20 31 66 39 60 35 14 
119-11-14 1?2.25 = 11 96 41 47 99 73 70 62 25 77 20 31 66 39 60 35 14 
119-11-15 1?2.42 = 11 52 96 41 47 99 73 70 62 25 77 20 31 66 39 97 22 15 
stop
