start
203-0-1 1?2.976 = 0 43 32 41 89 31 98 28 69 92 75 86 76 18 87 66 2 1 
203-0-2 1?2.679 = 0 43 41 89 87 18 76 86 75 92 46 48 38 55 3 66 2 
203-0-3 1?2.473 = 0 43 41 32 66 87 18 76 86 75 92 46 48 38 55 3 
203-0-4 1?2.895 = 0 43 41 89 98 82 85 51 74 65 77 73 71 42 45 68 21 46 48 4 
203-0-5 1?2.547 = 0 83 43 41 89 31 98 82 85 51 74 65 77 73 71 42 45 68 5 
203-0-6 1?2.638 = 0 83 32 87 18 76 86 75 92 85 51 74 65 77 73 71 42 37 6 
203-0-7 1?2.67 = 0 43 41 89 31 98 82 85 51 74 65 77 73 71 40 79 30 95 44 7 
203-0-8 1?2.798 = 0 43 41 89 31 98 82 85 51 74 65 77 73 71 42 37 39 44 95 72 8 
203-0-9 1?2.941 = 0 83 43 41 89 31 98 84 64 20 27 47 57 81 93 99 60 50 33 67 9 
203-0-10 1?2.867 = 0 43 41 89 31 78 91 27 47 57 81 93 99 60 50 67 33 88 36 10 
203-0-11 1?2.553 = 0 43 62 63 52 91 27 47 61 19 25 90 97 22 94 23 56 11 
203-0-12 1?2.396 = 0 83 43 62 63 52 91 27 47 61 19 25 90 97 22 23 94 12 
203-0-13 1?2.53 = 0 43 62 63 52 91 27 47 19 25 90 97 22 29 53 13 
203-0-14 1?2.592 = 0 43 41 89 31 98 84 64 20 91 52 63 62 96 49 14 
203-0-15 1?2.629 = 0 43 41 89 31 98 84 64 20 91 52 63 62 96 24 15 
203-1-2 1?2.524 = 1 32 41 43 89 31 98 28 69 75 55 86 76 18 87 66 2 
203-1-3 1?2.665 = 1 32 41 89 98 82 85 51 74 65 77 73 21 92 75 86 3 
203-1-4 1?2.43 = 1 32 41 89 31 98 82 85 51 74 65 77 73 21 46 48 4 
203-1-5 1?2.558 = 1 32 41 89 31 98 82 85 51 74 65 77 73 71 42 37 45 68 5 
203-1-6 1?2.492 = 1 2 66 18 76 86 75 69 28 85 51 74 65 77 73 71 42 37 6 
203-1-7 1?2.6 = 1 32 41 89 31 98 82 85 51 74 65 77 73 71 40 79 30 95 44 7 
203-1-8 1?2.728 = 1 32 41 89 31 98 82 85 51 74 65 77 73 71 42 37 39 44 95 72 8 
203-1-9 1?2.872 = 1 32 41 89 31 98 84 64 20 27 47 57 81 93 99 60 50 88 33 67 9 
203-1-10 1?2.863 = 1 32 41 89 31 98 84 64 20 27 47 57 81 93 99 60 50 33 88 36 10 
203-1-11 1?2.693 = 1 32 41 89 31 78 64 20 81 57 47 61 19 25 90 97 22 23 56 11 
203-1-12 1?2.399 = 1 32 41 89 31 78 64 20 27 47 61 19 25 90 97 22 23 94 12 
203-1-13 1?2.491 = 1 32 41 89 31 78 91 27 47 19 25 90 97 22 29 53 13 
203-1-14 1?2.522 = 1 32 41 89 31 98 84 64 20 91 52 63 62 96 49 14 
203-1-15 1?2.649 = 1 32 41 89 31 98 84 64 20 78 91 52 63 96 24 15 
203-2-3 1?2.316 = 2 66 18 76 86 75 69 28 82 51 85 92 46 38 55 3 
203-2-4 1?2.073 = 2 66 87 18 76 86 55 75 69 28 82 85 92 46 48 4 
203-2-5 1?2.225 = 2 66 18 76 86 75 92 85 51 74 65 77 73 71 42 45 68 5 
203-2-6 1?2.117 = 2 66 87 18 76 86 75 92 85 51 74 65 77 73 71 42 37 6 
203-2-7 1?2.297 = 2 66 87 18 76 86 75 69 28 82 85 51 74 65 77 73 71 39 44 7 
203-2-8 1?2.486 = 2 66 87 18 76 86 75 92 85 82 51 74 65 77 73 71 39 44 72 8 
203-2-9 1?2.625 = 2 66 87 18 76 86 75 92 85 82 51 74 77 73 65 40 79 59 67 9 
203-2-10 1?2.709 = 2 66 18 76 86 75 92 85 51 74 77 73 65 40 79 59 67 33 88 36 10 
203-2-11 1?2.584 = 2 66 76 18 87 98 84 64 20 27 47 61 19 25 90 97 22 23 11 
203-2-12 1?2.394 = 2 66 87 98 84 64 20 27 47 61 19 25 90 97 22 23 94 12 
203-2-13 1?2.674 = 2 66 18 87 98 84 64 20 27 47 19 25 90 97 22 29 53 13 
203-2-14 1?2.585 = 2 66 76 18 87 28 82 26 84 64 20 91 52 63 96 14 
203-2-15 1?2.525 = 2 66 76 18 87 98 84 64 20 91 52 63 62 24 15 
203-3-4 1?2.139 = 3 76 18 87 28 82 85 51 74 65 77 73 21 46 48 4 
203-3-5 1?2.035 = 3 76 18 87 28 85 51 74 65 77 73 71 42 45 68 5 
203-3-6 1?1.922 = 3 76 18 87 28 82 85 51 74 65 77 73 71 42 37 6 
203-3-7 1?2.276 = 3 76 18 87 28 82 85 51 74 65 77 73 71 42 37 39 95 44 7 
203-3-8 1?2.437 = 3 76 18 87 28 82 85 51 74 65 77 73 71 42 37 39 44 95 72 8 
203-3-9 1?2.64 = 3 76 18 87 28 82 85 51 74 65 77 73 71 30 40 79 59 67 33 9 
203-3-10 1?2.655 = 3 86 76 18 87 28 82 85 51 74 77 73 65 40 79 59 67 33 88 36 10 
203-3-11 1?2.703 = 3 76 18 87 28 85 82 26 80 58 81 57 47 61 19 25 90 97 22 23 11 
203-3-12 1?2.394 = 3 76 18 87 98 84 64 20 27 47 61 19 25 90 97 22 23 94 12 
203-3-13 1?2.752 = 3 86 76 18 87 98 84 64 20 27 47 61 19 25 90 97 22 29 53 13 
203-3-14 1?2.596 = 3 86 76 18 87 28 85 82 26 84 64 20 91 52 63 96 14 
203-3-15 1?2.654 = 3 86 76 18 87 98 84 64 20 78 91 52 63 96 24 15 
203-4-5 1?1.853 = 4 48 46 92 85 82 51 74 65 77 73 71 42 45 68 5 
203-4-6 1?1.855 = 4 38 48 46 92 85 82 51 74 65 73 71 42 37 6 
203-4-7 1?1.828 = 4 48 46 92 85 82 51 73 77 74 65 40 30 95 44 7 
203-4-8 1?2.183 = 4 48 46 92 85 82 51 74 65 73 71 42 37 39 44 95 72 8 
203-4-9 1?2.502 = 4 48 46 92 85 51 74 65 77 73 71 30 40 79 59 50 88 33 67 9 
203-4-10 1?2.524 = 4 48 46 92 85 82 51 74 65 73 71 30 40 79 59 67 33 88 36 10 
203-4-11 1?2.636 = 4 48 46 92 85 82 26 80 58 81 57 47 61 19 25 90 97 22 94 23 56 11 
203-4-12 1?2.325 = 4 48 46 92 85 82 26 80 58 81 57 47 19 25 90 97 22 23 94 12 
203-4-13 1?2.654 = 4 48 46 92 85 82 26 84 64 20 57 47 19 25 90 97 22 29 53 13 
203-4-14 1?2.749 = 4 48 46 92 85 82 26 58 80 64 20 78 91 52 63 62 96 49 14 
203-4-15 1?2.848 = 4 48 46 92 85 82 51 26 58 80 84 64 20 91 52 63 62 96 24 15 
203-5-6 1?1.88 = 5 68 45 42 71 73 77 74 65 40 30 95 44 39 37 6 
203-5-7 1?1.79 = 5 68 45 42 71 73 77 65 40 79 30 95 72 44 7 
203-5-8 1?2.329 = 5 68 45 37 42 71 73 77 74 65 40 79 30 95 39 44 72 8 
203-5-9 1?2.424 = 5 68 45 37 42 73 77 74 65 71 30 40 79 54 59 67 33 9 
203-5-10 1?2.423 = 5 68 45 42 71 73 77 74 65 40 30 79 54 59 67 33 50 88 36 10 
203-5-11 1?2.488 = 5 68 45 42 71 73 77 74 26 80 58 81 57 47 61 19 25 90 56 11 
203-5-12 1?2.339 = 5 68 45 42 71 73 77 74 58 81 57 47 19 25 90 97 22 94 12 
203-5-13 1?2.64 = 5 68 45 42 73 77 74 58 81 57 61 19 25 90 97 22 29 53 13 
203-5-14 1?2.582 = 5 68 45 42 71 73 77 65 74 58 80 64 20 91 52 63 62 96 14 
203-5-15 1?2.616 = 5 68 45 42 71 73 77 74 58 80 64 20 91 52 63 96 24 15 
203-6-7 1?1.834 = 6 37 42 71 73 77 74 65 40 79 30 95 72 44 39 7 
203-6-8 1?2.167 = 6 37 42 73 77 74 65 71 39 44 95 72 30 40 79 17 8 
203-6-9 1?2.104 = 6 37 42 71 73 77 74 65 40 30 79 54 59 50 33 67 9 
203-6-10 1?2.244 = 6 37 42 71 73 77 74 65 40 30 79 54 59 67 33 50 88 36 10 
203-6-11 1?2.317 = 6 37 39 44 95 30 40 79 54 81 57 61 19 25 90 97 22 23 11 
203-6-12 1?2.208 = 6 37 42 71 73 77 74 58 81 57 47 19 25 90 97 22 23 94 12 
203-6-13 1?2.54 = 6 37 39 44 95 30 40 79 54 81 57 47 19 25 90 97 22 29 53 13 
203-6-14 1?2.594 = 6 37 42 71 73 77 65 74 51 85 82 26 84 64 20 91 52 63 96 14 
203-6-15 1?2.562 = 6 37 42 71 73 77 65 74 58 80 84 64 20 91 52 63 62 24 15 
203-7-8 1?1.903 = 7 39 37 42 71 73 77 74 65 40 79 30 95 44 72 8 
203-7-9 1?2.001 = 7 44 72 95 30 40 79 54 81 93 99 60 50 33 67 9 
203-7-10 1?1.99 = 7 44 72 95 30 40 79 54 81 93 99 60 50 88 36 10 
203-7-11 1?2.204 = 7 44 95 30 40 79 54 93 81 57 47 61 19 25 90 97 22 23 56 11 
203-7-12 1?2.223 = 7 44 72 95 30 40 79 54 93 81 57 47 61 19 25 90 97 22 23 94 12 
203-7-13 1?2.451 = 7 44 95 30 40 79 54 93 81 57 47 61 19 25 90 97 22 29 53 16 13 
203-7-14 1?2.625 = 7 44 95 30 40 79 54 81 57 47 61 19 25 90 97 22 29 53 16 49 14 
203-7-15 1?2.578 = 7 44 95 30 40 79 54 93 81 57 47 27 91 52 63 62 96 24 15 
203-8-9 1?2.082 = 8 72 44 95 30 40 79 54 81 93 99 60 50 33 67 9 
203-8-10 1?2.091 = 8 72 44 95 30 40 79 54 81 93 59 67 33 88 36 10 
203-8-11 1?1.918 = 8 17 67 33 50 60 61 19 25 90 97 22 94 23 56 11 
203-8-12 1?2.154 = 8 17 67 33 50 60 99 93 81 57 47 61 19 25 90 97 22 23 94 12 
203-8-13 1?2.379 = 8 17 67 33 50 60 99 93 57 47 61 19 25 90 97 22 29 53 13 
203-8-14 1?2.574 = 8 17 67 59 93 81 57 47 61 19 25 90 97 22 29 53 16 49 14 
203-8-15 1?2.71 = 8 72 44 95 30 40 79 54 93 81 57 47 27 91 52 63 62 24 15 
203-9-10 1?2.012 = 9 33 67 59 93 81 57 47 61 19 25 97 90 35 10 
203-9-11 1?1.724 = 9 67 59 93 81 57 47 61 19 25 90 97 22 23 11 
203-9-12 1?1.703 = 9 67 33 50 99 93 81 57 47 19 25 90 97 22 23 94 12 
203-9-13 1?2.179 = 9 67 33 50 60 99 93 81 57 47 61 19 25 90 97 22 29 53 13 
203-9-14 1?2.412 = 9 67 33 50 99 93 81 57 47 61 19 25 90 97 22 29 53 16 49 14 
203-9-15 1?2.57 = 9 67 33 50 60 61 19 25 90 97 22 23 94 12 53 16 49 96 24 15 
203-10-11 1?1.752 = 10 36 60 99 93 81 57 47 61 19 25 90 97 22 23 11 
203-10-12 1?1.699 = 10 36 60 99 93 81 57 47 61 19 25 90 97 22 23 94 12 
203-10-13 1?2.054 = 10 60 99 93 81 57 47 61 19 25 90 97 22 23 94 12 53 13 
203-10-14 1?2.262 = 10 36 88 33 50 60 61 19 25 90 97 22 23 94 12 53 16 49 14 
203-10-15 1?2.522 = 10 36 88 33 67 50 60 99 93 81 57 47 27 91 52 63 96 24 15 
203-11-12 1?1.68 = 11 56 35 60 99 93 81 57 47 61 19 25 97 22 94 12 
203-11-13 1?1.807 = 11 56 35 60 61 19 25 90 97 22 23 94 12 53 16 13 
203-11-14 1?2.039 = 11 56 23 22 97 90 25 19 61 47 27 91 52 63 62 96 14 
203-11-15 1?2.212 = 11 56 23 94 22 97 90 25 19 61 47 27 91 52 63 62 24 15 
203-12-13 1?1.763 = 12 94 23 22 97 90 25 19 61 47 27 70 29 53 16 13 
203-12-14 1?1.901 = 12 94 23 22 97 90 25 19 61 47 27 91 52 63 62 96 14 
203-12-15 1?2.076 = 12 94 23 22 97 90 25 19 61 47 27 91 52 63 62 96 24 15 
203-13-14 1?2.11 = 13 53 29 22 97 90 25 19 61 47 27 91 52 63 96 14 
203-13-15 1?2.189 = 13 53 29 22 97 90 25 19 47 27 91 52 63 62 24 15 
203-14-15 1?2.432 = 14 49 16 53 29 22 97 90 25 19 70 52 63 96 24 15 
stop
