start
375-0-1 1?1.551 = 0 32 21 64 23 95 51 52 97 73 44 89 63 53 1 
375-0-3 1?1.615 = 0 44 89 63 20 53 16 43 86 48 26 74 58 42 3 
375-0-8 1?2.545 = 0 89 44 73 97 52 95 23 51 76 17 81 50 71 29 98 28 8 
375-0-7 1?2.556 = 0 44 89 63 53 16 43 84 26 74 41 33 34 24 38 99 46 18 57 7 
375-0-5 1?2.385 = 0 44 89 63 53 16 43 86 48 26 74 58 41 33 34 24 38 93 5 
375-0-2 1?1.681 = 0 32 21 64 23 95 52 97 73 44 89 63 53 16 2 
375-0-6 1?2.498 = 0 44 89 63 53 16 43 84 26 74 58 42 41 33 34 24 38 83 6 
375-0-11 1?2.234 = 0 89 44 73 23 95 51 52 87 39 76 85 72 68 22 79 47 56 37 11 
375-0-4 1?2.199 = 0 89 44 73 95 52 97 20 53 16 43 86 48 26 74 58 42 19 4 
375-0-9 1?2.518 = 0 89 44 73 23 95 51 52 87 39 27 81 50 94 71 29 98 28 69 9 
375-0-10 1?2.454 = 0 89 44 73 23 95 51 52 87 76 85 72 68 22 79 47 56 37 91 10 
375-0-13 1?1.628 = 0 89 44 73 97 52 95 51 49 85 40 61 82 60 13 
375-1-2 1?1.79 = 1 63 89 44 73 23 95 52 97 20 53 16 43 86 2 
375-1-3 1?1.731 = 1 63 89 44 20 53 16 43 86 48 26 74 58 42 3 
375-0-15 1?1.462 = 0 44 89 63 20 73 97 52 51 95 23 64 21 59 15 
375-0-14 1?1.614 = 0 63 89 44 73 97 52 51 95 23 64 21 59 36 35 14 
375-1-7 1?2.459 = 1 53 16 43 86 48 26 74 58 42 41 33 34 24 38 99 46 18 57 7 
375-0-12 1?2.086 = 0 89 44 73 23 95 51 52 87 76 85 72 68 22 79 31 30 92 12 
375-1-8 1?2.604 = 1 63 89 44 73 97 52 95 51 76 17 81 50 94 71 29 98 28 8 
375-1-6 1?2.513 = 1 53 16 43 86 48 26 74 58 42 41 33 34 24 38 99 46 83 6 
375-1-4 1?2.22 = 1 63 89 44 73 97 20 53 16 43 86 48 84 26 74 58 42 19 4 
375-1-5 1?2.485 = 1 63 20 53 16 43 86 48 26 74 58 42 41 33 34 24 38 93 5 
375-1-14 1?1.601 = 1 53 63 89 44 73 97 52 51 95 23 64 36 35 14 
375-2-3 1?1.876 = 2 86 43 16 53 63 89 44 20 96 84 26 74 58 3 
375-2-5 1?2.107 = 2 16 43 86 48 26 74 58 42 41 33 34 24 38 93 5 
375-1-13 1?2.021 = 1 53 20 63 89 44 73 23 95 51 52 87 76 85 40 61 82 60 13 
375-2-4 1?1.841 = 2 48 86 43 16 53 20 96 84 26 74 58 42 19 4 
375-1-12 1?2.231 = 1 53 20 63 89 44 73 97 52 51 49 85 72 68 22 79 31 30 92 12 
375-2-6 1?2.485 = 2 43 84 26 74 58 42 41 33 34 24 38 99 46 57 18 83 6 
375-1-15 1?1.389 = 1 53 63 89 44 73 97 52 51 95 23 64 21 59 15 
375-1-9 1?2.575 = 1 53 63 89 44 73 97 52 51 76 17 81 50 71 29 98 28 69 9 
375-1-11 1?2.292 = 1 53 63 89 44 73 97 52 95 51 76 85 72 68 22 79 47 56 37 11 
375-1-10 1?2.477 = 1 53 63 89 44 73 97 52 95 51 76 85 72 68 22 79 47 56 91 10 
375-3-5 1?2.273 = 3 42 58 74 26 48 86 43 96 54 25 34 24 38 93 5 
375-2-12 1?2.29 = 2 16 53 63 89 44 73 97 52 51 76 85 72 68 31 30 92 12 
375-2-13 1?2.133 = 2 86 43 16 53 20 63 89 44 73 97 52 95 51 49 40 61 82 60 13 
375-3-4 1?1.968 = 3 48 86 43 16 53 20 96 84 26 74 58 42 19 4 
375-2-9 1?2.67 = 2 86 48 26 74 58 41 33 34 24 38 99 46 18 57 78 28 98 69 9 
375-2-7 1?2.673 = 2 86 43 16 53 20 96 54 25 80 41 33 34 24 38 46 99 57 18 7 
375-2-14 1?1.961 = 2 16 53 20 63 89 44 73 97 52 51 95 23 64 21 59 36 35 14 
375-2-8 1?2.764 = 2 16 53 63 89 44 73 97 52 87 76 17 81 50 71 29 98 28 8 
375-2-11 1?2.417 = 2 16 53 63 89 44 73 97 52 87 76 85 72 68 22 79 47 56 37 11 
375-2-10 1?2.602 = 2 16 53 63 89 44 73 97 52 87 76 85 72 68 22 79 47 56 91 10 
375-2-15 1?1.755 = 2 43 16 53 20 63 89 44 73 97 52 51 95 23 64 21 59 15 
375-3-7 1?2.25 = 3 42 58 74 26 84 80 54 25 34 24 38 46 99 57 18 7 
375-4-5 1?2.221 = 4 19 42 58 74 26 84 80 54 25 41 33 34 24 38 93 5 
375-3-13 1?2.278 = 3 48 86 43 16 53 63 89 44 73 97 52 95 51 49 40 61 82 60 13 
375-3-6 1?2.336 = 3 42 58 74 26 48 86 43 84 80 54 25 34 24 38 83 6 
375-3-12 1?2.473 = 3 26 84 43 16 53 63 89 44 73 97 52 51 49 40 61 88 12 
375-3-9 1?2.672 = 3 42 58 74 26 84 80 54 25 65 75 77 70 94 71 29 98 28 69 9 
375-3-8 1?2.721 = 3 26 74 58 42 41 33 34 24 38 99 46 18 57 78 98 28 8 
375-3-14 1?2.128 = 3 74 26 48 86 43 16 53 63 89 44 73 97 52 95 51 36 35 14 
375-3-11 1?2.617 = 3 48 86 43 16 53 20 97 52 51 76 85 72 68 22 47 56 37 11 
375-3-10 1?2.814 = 3 48 86 43 16 53 20 97 52 87 76 85 72 68 22 79 47 56 91 10 
375-3-15 1?1.955 = 3 74 26 48 86 43 16 53 63 89 44 73 97 52 95 23 64 21 59 15 
375-4-7 1?2.277 = 4 19 42 58 74 26 84 80 25 34 24 38 99 46 18 57 7 
375-4-6 1?2.229 = 4 19 42 58 74 26 84 80 25 41 33 34 24 38 83 6 
375-5-6 1?2.592 = 5 93 38 24 75 77 94 71 29 98 28 78 57 18 83 6 
375-4-13 1?2.41 = 4 19 42 58 74 26 84 43 16 53 20 97 52 51 49 40 61 60 13 
375-4-9 1?2.572 = 4 19 42 58 74 26 84 80 54 25 65 77 70 94 71 29 98 69 9 
375-4-8 1?2.555 = 4 19 42 58 74 26 84 80 54 25 65 77 94 71 29 98 28 8 
375-4-12 1?2.633 = 4 19 42 58 74 84 43 16 53 20 97 52 51 49 40 61 88 12 
375-4-14 1?2.21 = 4 19 42 58 74 26 84 43 16 53 63 89 44 23 64 21 59 35 14 
375-4-11 1?2.716 = 4 19 42 58 74 26 84 96 97 52 87 76 17 68 79 47 56 37 11 
375-4-10 1?2.825 = 4 19 42 58 74 26 84 80 54 25 65 75 77 70 94 71 67 55 91 10 
375-4-15 1?2.056 = 4 19 42 58 74 26 48 86 43 16 53 63 89 44 73 23 64 21 59 15 
375-5-7 1?2.375 = 5 93 38 24 34 75 77 94 71 29 98 28 78 57 18 7 
375-6-7 1?2.755 = 6 83 18 46 99 38 24 75 77 94 71 29 98 78 57 7 
375-5-8 1?2.689 = 5 93 34 24 38 83 46 99 70 94 71 67 29 98 28 8 
375-6-8 1?2.556 = 6 83 7 18 57 46 99 38 24 75 77 94 71 29 98 28 8 
375-5-13 1?2.784 = 5 4 19 42 58 74 26 84 96 97 52 95 51 49 85 40 61 82 60 13 
375-5-9 1?2.954 = 5 93 34 24 38 83 18 57 46 99 70 94 71 67 29 98 28 9 
375-5-12 1?2.917 = 5 93 38 24 34 75 77 70 94 71 67 55 91 37 56 47 22 79 31 30 92 12 
375-5-14 1?2.599 = 5 4 19 42 58 74 26 84 43 16 53 63 89 44 23 64 21 59 35 14 
375-5-11 1?2.914 = 5 93 38 24 34 75 77 94 71 67 55 91 56 47 22 79 31 30 62 37 11 
375-5-10 1?3.044 = 5 93 34 24 38 99 46 18 57 78 28 69 98 29 71 67 55 91 10 
375-5-15 1?2.407 = 5 4 19 42 58 74 26 84 43 16 53 63 89 44 73 23 64 21 59 15 
375-7-9 1?2.35 = 7 18 46 99 38 24 75 70 94 71 67 29 98 28 69 9 
375-7-8 1?2.3 = 7 18 57 46 99 75 77 70 94 71 67 29 98 28 78 8 
375-7-10 1?2.251 = 7 18 57 78 28 69 98 29 70 94 71 67 90 55 91 10 
375-6-13 1?2.829 = 6 83 38 24 34 25 54 96 97 52 95 51 49 85 40 61 82 60 13 
375-6-9 1?2.95 = 6 7 18 57 46 99 38 24 34 75 77 70 94 71 67 29 98 28 69 9 
375-6-12 1?2.724 = 6 83 18 57 78 28 98 29 71 67 55 90 56 47 22 79 31 30 92 12 
375-6-10 1?2.835 = 6 83 18 57 78 28 69 98 29 70 94 71 67 55 90 47 56 91 10 
375-6-14 1?2.749 = 6 83 38 24 34 25 54 96 20 63 89 44 73 23 64 21 59 36 35 14 
375-7-11 1?2.53 = 7 57 18 46 99 70 94 71 67 55 90 56 47 22 79 31 30 92 62 37 11 
375-6-11 1?2.825 = 6 83 18 57 46 99 70 94 71 67 55 91 56 47 22 79 31 30 62 37 11 
375-6-15 1?2.598 = 6 83 38 24 34 25 54 96 20 63 89 44 73 97 95 23 64 21 59 15 
375-8-9 1?2.714 = 8 28 69 98 29 67 90 47 22 79 31 30 62 56 91 55 9 
375-8-10 1?2.356 = 8 28 98 29 67 55 90 47 79 31 30 92 62 37 91 10 
375-8-11 1?2.184 = 8 28 98 29 71 67 55 91 56 47 79 31 30 62 37 11 
375-8-13 1?2.51 = 8 28 98 29 67 55 91 37 56 47 79 22 68 72 61 82 60 13 
375-7-13 1?2.654 = 7 18 57 78 28 98 29 71 94 50 81 17 68 72 40 61 82 60 13 
375-8-12 1?2.347 = 8 28 98 29 70 94 71 67 55 91 37 56 47 22 79 31 30 92 12 
375-7-12 1?2.438 = 7 18 57 78 28 98 29 67 55 91 37 56 47 22 79 31 30 92 12 
375-8-14 1?2.603 = 8 28 98 29 71 50 81 17 76 51 52 95 23 64 21 59 36 35 14 
375-8-15 1?2.395 = 8 28 98 29 71 94 50 81 17 76 87 52 51 95 23 64 21 59 15 
375-7-14 1?2.732 = 7 18 57 46 99 70 94 50 81 17 76 87 52 95 23 64 21 59 36 35 14 
375-7-15 1?2.608 = 7 57 18 46 99 38 24 34 25 54 96 97 52 51 95 23 64 21 59 15 
375-10-13 1?2.188 = 10 91 55 90 47 56 62 92 30 31 79 22 68 72 40 61 60 13 
375-9-13 1?2.309 = 9 69 28 98 29 67 55 90 56 47 22 79 31 88 61 82 60 13 
375-10-12 1?2.284 = 10 91 37 56 47 79 22 68 72 61 82 60 88 31 30 92 12 
375-9-10 1?2.28 = 9 69 28 98 29 67 55 90 47 22 79 31 30 62 56 91 10 
375-9-11 1?2.072 = 9 69 28 98 29 67 55 90 56 47 22 79 31 30 92 62 11 
375-9-12 1?2.066 = 9 69 28 98 29 71 67 55 91 37 56 47 79 31 30 92 12 
375-10-11 1?2.28 = 10 91 56 47 79 22 68 72 61 82 60 88 31 30 62 11 
375-9-14 1?2.488 = 9 69 98 29 71 50 81 17 76 87 52 95 23 64 21 59 36 35 14 
375-10-14 1?2.398 = 10 91 56 47 22 68 72 85 76 51 52 95 23 64 21 59 36 35 14 
375-10-15 1?2.265 = 10 91 37 56 47 79 22 68 72 85 76 51 52 95 23 64 21 59 15 
375-9-15 1?2.311 = 9 69 98 29 71 94 50 81 17 76 87 52 51 95 23 64 21 59 15 
375-11-13 1?1.999 = 11 37 56 47 62 92 30 31 79 22 68 72 85 40 61 60 13 
375-12-13 1?1.861 = 12 92 30 31 79 22 68 81 27 17 85 40 61 82 60 13 
375-11-12 1?1.98 = 11 37 56 47 79 22 68 72 61 82 60 88 31 30 92 12 
375-12-14 1?1.992 = 12 92 30 31 68 72 85 49 51 95 23 64 21 59 36 35 14 
375-13-14 1?1.705 = 13 60 82 61 40 49 51 52 95 23 64 21 59 36 35 14 
375-14-15 1?1.82 = 14 35 36 59 21 64 23 95 51 52 87 97 73 44 32 15 
375-13-15 1?1.541 = 13 60 82 61 40 85 76 51 52 95 23 64 21 59 15 
375-12-15 1?1.791 = 12 92 30 31 79 22 68 72 85 49 51 95 23 64 21 59 15 
375-11-14 1?2.15 = 11 37 56 47 79 22 68 72 85 49 51 95 23 64 21 59 36 35 14 
375-11-15 1?2 = 11 37 56 47 79 22 68 72 85 76 87 52 51 95 23 64 21 59 15 
stop
