start
141-0-1 1?1.912 = 0 69 39 62 22 74 42 29 98 38 61 68 43 86 75 1 
141-0-2 1?2.057 = 0 36 92 42 29 74 98 22 39 62 47 61 38 68 43 2 
141-0-3 1?2.09 = 0 36 92 42 29 74 98 22 62 47 61 38 43 20 3 
141-0-4 1?2.15 = 0 36 92 42 29 74 98 38 68 89 97 37 54 81 77 60 59 32 4 
141-0-5 1?2.093 = 0 36 92 42 29 74 98 38 68 89 97 37 54 81 77 60 24 32 59 5 
141-0-6 1?2.449 = 0 36 42 29 74 98 38 61 68 89 97 37 54 81 77 60 24 32 59 6 
141-0-7 1?2.39 = 0 36 92 42 29 74 98 38 61 46 66 28 82 53 88 57 19 17 63 7 
141-0-8 1?2.296 = 0 36 92 42 29 74 98 38 61 46 16 28 82 53 88 35 95 51 55 50 8 
141-0-9 1?2.355 = 0 36 92 42 29 74 98 38 61 46 66 52 64 96 83 93 78 73 9 
141-0-10 1?2.526 = 0 36 92 42 29 74 98 38 61 46 16 66 52 18 72 79 30 58 70 65 10 
141-0-11 1?2.341 = 0 36 92 42 29 74 98 38 61 46 16 66 52 18 72 79 30 58 70 11 
141-0-12 1?2.205 = 0 36 92 42 29 74 98 22 62 33 80 27 67 48 25 56 45 12 
141-0-13 1?1.778 = 0 92 42 29 74 98 22 62 33 80 27 23 40 49 13 
141-0-14 1?1.701 = 0 36 92 42 29 74 98 22 62 33 34 80 27 23 40 14 
141-0-15 1?1.894 = 0 36 92 42 29 74 98 38 62 22 39 33 34 27 80 15 
141-1-2 1?2.025 = 1 36 92 42 29 74 98 22 39 62 47 61 38 68 43 2 
141-1-3 1?2.058 = 1 36 92 42 29 74 98 22 62 47 61 38 43 20 3 
141-1-4 1?1.97 = 1 36 92 42 29 74 98 38 68 89 97 37 24 60 59 32 4 
141-1-5 1?1.998 = 1 36 92 42 29 74 98 38 68 89 97 37 54 81 77 60 59 5 
141-1-6 1?2.27 = 1 36 42 29 74 98 38 68 89 97 37 54 81 77 60 24 32 59 6 
141-1-7 1?2.212 = 1 36 92 42 29 74 98 38 61 46 16 82 53 88 35 19 17 63 7 
141-1-8 1?2.335 = 1 36 92 42 29 74 98 38 61 46 16 82 53 88 57 35 95 51 55 50 8 
141-1-9 1?2.493 = 1 36 92 42 29 74 98 38 68 61 46 16 66 52 64 96 83 93 78 73 9 
141-1-10 1?2.553 = 1 36 92 42 29 74 98 38 61 46 16 66 52 64 18 72 79 30 58 70 65 10 
141-1-11 1?2.452 = 1 36 92 42 29 74 98 38 68 61 46 66 52 64 18 72 79 30 58 70 11 
141-1-12 1?2.264 = 1 36 92 42 29 74 98 22 62 33 34 80 27 67 48 25 56 45 12 
141-1-13 1?2.132 = 1 36 92 42 29 74 98 22 39 62 47 33 34 27 23 40 49 41 13 
141-1-14 1?1.669 = 1 36 92 42 29 74 98 22 62 33 34 80 27 23 40 14 
141-1-15 1?1.875 = 1 36 92 42 29 74 98 38 22 62 39 33 34 27 80 15 
141-2-3 1?2.24 = 2 86 75 36 92 42 29 74 98 22 62 61 68 43 20 3 
141-2-4 1?2.203 = 2 43 29 42 74 98 38 68 89 37 97 54 60 24 32 4 
141-2-5 1?2.153 = 2 43 29 42 74 98 38 68 89 37 97 54 77 59 5 
141-2-6 1?2.449 = 2 20 89 97 37 24 59 60 77 81 87 84 57 19 17 63 6 
141-2-7 1?2.273 = 2 20 89 97 37 24 32 59 60 77 81 87 84 57 19 17 63 7 
141-2-8 1?2.291 = 2 20 89 97 37 54 77 81 87 84 57 19 17 95 51 55 50 8 
141-2-9 1?2.55 = 2 43 29 42 74 98 38 61 46 16 66 52 64 96 83 93 78 73 9 
141-2-10 1?2.637 = 2 86 75 42 29 74 98 38 61 46 66 52 18 72 79 30 58 70 65 10 
141-2-11 1?2.552 = 2 43 29 42 74 98 38 61 46 16 66 52 64 18 72 79 30 58 70 11 
141-2-12 1?2.454 = 2 86 75 36 42 29 74 98 22 62 33 80 27 67 48 25 56 45 12 
141-2-13 1?2.344 = 2 43 68 61 38 98 29 42 74 22 62 33 80 27 23 40 49 41 13 
141-2-14 1?2.175 = 2 43 68 61 38 98 29 42 74 22 62 33 34 80 27 23 40 14 
141-2-15 1?2.039 = 2 43 68 38 98 74 29 42 92 69 39 22 62 33 80 15 
141-3-4 1?2.268 = 3 20 43 38 68 89 97 37 54 81 77 60 59 24 32 4 
141-3-5 1?2.178 = 3 20 43 38 68 89 37 97 54 81 77 60 24 32 59 5 
141-3-6 1?2.145 = 3 37 24 32 59 60 77 81 87 84 57 19 17 63 6 
141-3-7 1?2.161 = 3 89 97 37 24 32 59 60 77 81 87 84 57 35 19 17 63 7 
141-3-8 1?2.149 = 3 37 24 32 59 60 77 81 87 84 57 19 17 95 51 55 50 8 
141-3-9 1?2.398 = 3 37 97 54 77 81 87 84 57 88 53 82 94 21 83 93 78 73 9 
141-3-10 1?2.642 = 3 37 97 54 77 81 87 84 57 88 53 82 28 52 64 96 83 85 91 10 
141-3-11 1?2.53 = 3 37 97 54 77 81 87 57 88 53 82 28 52 18 72 30 58 70 11 
141-3-12 1?2.548 = 3 37 97 54 77 81 87 57 88 53 82 28 52 18 72 30 56 12 
141-3-13 1?2.323 = 3 20 43 29 42 74 98 22 62 33 34 80 27 23 40 49 41 13 
141-3-14 1?2.424 = 3 20 43 68 61 38 98 29 74 22 62 39 33 34 80 27 23 40 14 
141-3-15 1?2.408 = 3 20 43 68 61 38 98 29 42 74 39 22 62 33 34 27 80 15 
141-4-5 1?2.29 = 4 32 24 60 77 81 87 53 82 94 21 88 57 84 59 5 
141-4-6 1?1.94 = 4 32 24 59 60 77 54 81 87 84 57 19 17 63 6 
141-4-7 1?1.745 = 4 32 24 59 60 77 54 81 87 84 57 19 17 63 7 
141-4-8 1?1.944 = 4 32 24 59 60 77 54 81 87 84 57 19 17 95 51 55 50 8 
141-4-9 1?2.256 = 4 32 24 59 60 77 81 87 84 57 88 53 82 94 21 83 93 78 73 9 
141-4-10 1?2.447 = 4 32 24 59 60 77 54 81 87 84 57 88 53 82 94 21 83 93 85 91 10 
141-4-11 1?2.382 = 4 32 24 60 77 81 87 84 57 88 53 82 28 52 18 72 79 30 58 70 11 
141-4-12 1?2.405 = 4 32 24 60 77 81 87 84 57 53 82 28 52 18 72 30 58 70 45 12 
141-4-13 1?2.456 = 4 37 97 89 68 38 98 29 74 22 62 33 80 27 23 40 49 41 13 
141-4-14 1?2.36 = 4 37 97 89 68 38 98 29 74 39 22 62 33 34 80 27 23 40 14 
141-4-15 1?2.418 = 4 32 24 59 60 77 81 54 37 97 89 68 38 98 74 29 42 92 69 15 
141-5-6 1?1.848 = 5 59 32 24 60 77 54 81 87 84 57 19 17 63 6 
141-5-7 1?1.653 = 5 59 32 24 60 77 54 81 87 84 57 19 17 63 7 
141-5-8 1?1.606 = 5 59 24 60 77 81 87 84 57 35 95 51 55 50 8 
141-5-9 1?1.966 = 5 59 24 60 77 81 87 84 57 88 94 21 83 93 78 73 9 
141-5-10 1?2.351 = 5 59 32 24 60 77 81 87 84 57 88 53 82 94 21 78 93 85 91 10 
141-5-11 1?2.296 = 5 59 32 24 60 77 81 87 57 88 53 82 28 52 18 72 30 58 70 11 
141-5-12 1?2.365 = 5 59 32 24 60 77 81 87 57 53 82 28 52 18 72 30 58 70 45 12 
141-5-13 1?2.415 = 5 59 32 24 60 77 81 87 84 57 53 82 28 52 18 72 79 25 41 13 
141-5-14 1?2.425 = 5 59 60 77 81 54 37 97 89 68 38 98 22 62 33 80 27 23 14 
141-5-15 1?2.326 = 5 59 32 24 60 77 81 54 37 97 89 68 38 98 74 29 42 92 69 15 
141-6-7 1?1.886 = 6 59 32 24 60 77 54 81 87 84 57 19 17 63 7 
141-6-8 1?1.839 = 6 59 24 60 77 81 87 84 57 35 95 51 55 50 8 
141-6-9 1?2.199 = 6 59 24 60 77 81 87 84 57 88 94 21 83 93 78 73 9 
141-6-10 1?2.472 = 6 59 32 24 60 77 81 87 84 57 88 53 82 94 21 83 93 85 91 10 
141-6-11 1?2.462 = 6 63 17 95 51 55 50 76 73 78 93 83 85 90 71 31 30 58 70 11 
141-6-12 1?2.5 = 6 63 17 19 35 57 88 53 82 28 52 64 18 72 79 30 58 70 45 12 
141-6-13 1?2.68 = 6 59 24 60 77 81 87 84 57 88 53 82 28 52 18 72 79 25 41 13 
141-6-14 1?2.639 = 6 59 24 37 97 89 68 38 98 29 74 22 62 33 80 27 23 40 14 
141-6-15 1?2.635 = 6 59 24 60 77 81 54 37 97 89 68 61 38 98 29 74 42 69 15 
141-7-8 1?1.729 = 7 17 19 35 88 94 21 83 93 78 76 95 51 55 50 8 
141-7-9 1?2.048 = 7 63 19 17 95 51 55 50 76 73 78 93 83 85 90 91 9 
141-7-10 1?2.111 = 7 63 17 19 35 95 51 55 50 76 73 78 93 83 85 90 91 10 
141-7-11 1?2.182 = 7 63 19 17 95 51 55 50 76 73 78 93 85 90 71 58 70 11 
141-7-12 1?2.228 = 7 63 17 19 57 88 53 82 28 52 64 18 72 79 30 58 70 45 12 
141-7-13 1?2.506 = 7 63 17 19 57 88 53 82 28 66 52 64 18 72 79 25 48 67 41 13 
141-7-14 1?2.512 = 7 63 17 19 57 88 53 82 28 52 64 18 72 79 25 48 67 23 40 14 
141-7-15 1?2.63 = 7 63 17 19 35 88 53 82 28 52 66 46 61 38 98 74 29 42 69 15 
141-8-9 1?1.814 = 8 50 55 51 95 17 19 35 57 88 94 21 78 73 9 
141-8-10 1?1.817 = 8 50 55 51 95 17 19 35 76 73 78 93 83 85 91 10 
141-8-11 1?1.809 = 8 50 55 51 95 76 73 78 93 83 85 90 71 31 58 70 11 
141-8-12 1?2.124 = 8 50 55 51 95 76 73 78 93 83 85 90 71 31 72 79 30 58 70 45 12 
141-8-13 1?2.277 = 8 50 55 51 95 76 73 78 93 83 96 64 52 18 72 79 25 48 41 13 
141-8-14 1?2.408 = 8 50 55 51 95 76 73 78 93 83 85 90 71 31 72 79 25 48 67 23 40 14 
141-8-15 1?2.548 = 8 50 55 51 95 35 57 88 53 82 16 46 61 38 98 29 74 42 69 15 
141-9-10 1?2.139 = 9 50 55 51 95 17 19 35 76 73 78 93 83 85 91 10 
141-9-11 1?2.111 = 9 73 78 93 83 21 94 96 64 52 18 72 79 30 58 70 11 
141-9-12 1?2.031 = 9 73 78 93 83 96 64 52 18 72 79 30 58 70 45 12 
141-9-13 1?2.468 = 9 73 78 93 83 21 94 88 53 82 28 52 64 18 72 79 25 48 41 13 
141-9-14 1?2.521 = 9 73 78 93 83 96 64 52 66 47 62 22 39 33 80 27 23 40 14 
141-9-15 1?2.57 = 9 73 78 93 83 96 64 52 66 16 46 61 38 98 74 29 42 69 15 
141-10-11 1?2.226 = 10 91 85 83 21 94 88 53 82 28 52 18 72 79 30 58 70 11 
141-10-12 1?2.191 = 10 91 85 93 83 96 64 52 18 72 79 30 58 70 56 45 12 
141-10-13 1?2.371 = 10 65 70 58 30 72 26 99 34 33 80 27 23 40 49 41 13 
141-10-14 1?2.631 = 10 91 85 96 64 52 66 16 46 47 62 22 39 33 80 27 23 40 14 
141-10-15 1?2.707 = 10 65 70 58 30 79 72 18 52 66 16 46 61 38 98 29 74 42 69 15 
141-11-12 1?2.297 = 11 65 90 71 31 96 64 52 18 72 79 30 58 70 56 45 12 
141-11-13 1?2.365 = 11 70 58 30 79 26 47 62 22 39 33 80 23 40 49 13 
141-11-14 1?2.251 = 11 70 58 30 79 26 47 62 22 39 33 34 80 27 23 40 14 
141-11-15 1?2.51 = 11 70 58 30 79 72 18 64 52 66 46 61 38 98 29 74 69 15 
141-12-13 1?2.296 = 12 45 56 30 58 70 71 31 72 79 25 48 67 23 40 49 13 
141-12-14 1?2.386 = 12 45 56 30 58 70 71 31 72 79 26 25 48 67 49 40 23 14 
141-12-15 1?2.438 = 12 45 56 25 48 67 27 80 33 62 22 98 74 29 42 92 69 15 
141-13-14 1?2.327 = 13 41 25 48 67 27 34 33 62 22 39 69 80 23 40 14 
141-13-15 1?2.005 = 13 49 40 23 27 80 33 62 22 98 74 29 42 69 15 
141-14-15 1?1.957 = 14 40 23 27 80 33 62 22 98 74 29 42 36 92 69 15 
stop
