start
93-0-1 1?2.554 = 0 29 44 18 62 65 52 17 73 59 19 30 89 79 1 
93-0-2 1?2.292 = 0 29 62 65 76 66 40 27 16 32 31 74 46 73 59 30 2 
93-0-3 1?2.408 = 0 29 62 65 76 66 40 16 31 74 28 52 79 89 30 59 19 3 
93-0-4 1?2.428 = 0 29 62 65 52 79 89 30 19 59 73 46 74 31 32 51 25 4 
93-0-5 1?2.441 = 0 29 62 65 79 89 30 19 59 73 46 74 31 32 51 26 24 70 69 5 
93-0-6 1?2.472 = 0 29 62 76 66 40 27 92 64 48 55 45 67 98 95 35 47 50 6 
93-0-7 1?2.581 = 0 29 62 76 66 40 16 32 51 26 24 70 39 63 77 50 47 35 95 38 7 
93-0-8 1?2.561 = 0 29 62 76 66 40 27 92 64 48 55 53 88 93 83 20 78 8 
93-0-9 1?2.528 = 0 29 62 76 66 40 27 92 64 48 55 53 88 93 97 83 78 20 9 
93-0-10 1?2.706 = 0 29 62 76 66 40 27 92 64 48 55 53 88 93 97 83 85 84 41 10 
93-0-11 1?2.669 = 0 29 62 44 87 18 71 23 99 68 81 56 86 57 37 80 54 90 72 11 
93-0-12 1?2.851 = 0 29 62 65 76 66 40 16 27 92 64 48 55 53 91 37 80 54 12 
93-0-13 1?2.323 = 0 29 62 44 18 87 42 94 71 23 99 68 56 81 75 13 
93-0-14 1?2.711 = 0 29 62 76 66 40 74 31 32 16 27 49 33 21 71 23 14 
93-0-15 1?2.73 = 0 29 62 76 66 40 27 92 64 48 55 53 33 18 87 15 
93-1-2 1?2.287 = 1 79 89 17 73 46 74 31 32 51 61 25 36 59 30 2 
93-1-3 1?2.039 = 1 79 89 30 19 59 73 46 74 31 51 61 25 60 36 3 
93-1-4 1?2.24 = 1 79 89 30 19 59 73 46 74 31 32 51 26 24 70 61 25 60 4 
93-1-5 1?2.244 = 1 79 17 89 30 19 59 36 73 46 74 31 32 51 26 24 70 69 5 
93-1-6 1?2.24 = 1 79 89 30 19 59 73 46 74 31 32 51 26 24 70 39 63 77 50 6 
93-1-7 1?2.441 = 1 79 89 30 59 73 46 51 26 24 70 39 63 77 50 47 35 95 38 7 
93-1-8 1?2.678 = 1 79 89 30 59 73 46 74 31 32 96 92 64 48 55 45 34 43 8 
93-1-9 1?2.538 = 1 79 52 76 66 40 27 92 64 48 55 53 88 93 97 83 78 20 9 
93-1-10 1?2.54 = 1 65 76 66 40 27 92 64 48 55 53 91 57 37 80 82 84 41 10 
93-1-11 1?2.701 = 1 79 17 73 46 74 31 32 96 92 64 48 55 53 91 57 37 80 72 11 
93-1-12 1?2.767 = 1 65 76 66 40 16 27 92 64 48 55 53 91 57 37 80 86 54 90 12 
93-1-13 1?2.79 = 1 79 89 30 19 59 73 46 74 31 32 16 27 49 33 21 71 23 99 13 
93-1-14 1?2.484 = 1 79 89 30 19 59 17 52 65 62 29 44 87 42 94 14 
93-1-15 1?2.354 = 1 79 89 30 19 59 17 52 65 62 29 44 87 94 42 15 
93-2-3 1?1.746 = 2 89 30 19 59 73 46 74 31 32 51 61 25 60 36 3 
93-2-4 1?1.734 = 2 79 89 30 19 59 73 46 74 31 32 51 61 25 60 4 
93-2-5 1?1.562 = 2 89 30 19 59 73 46 74 31 32 51 26 24 70 69 5 
93-2-6 1?1.89 = 2 89 30 19 59 73 46 74 31 32 51 26 24 70 39 63 77 50 6 
93-2-7 1?2.172 = 2 89 30 19 59 36 60 25 61 24 70 39 63 77 50 47 35 95 98 38 7 
93-2-8 1?2.451 = 2 89 30 19 59 36 60 25 61 24 70 39 63 77 50 47 35 95 98 38 8 
93-2-9 1?2.333 = 2 89 30 59 73 46 74 31 32 96 92 64 48 55 53 88 97 83 9 
93-2-10 1?2.453 = 2 89 30 59 73 46 74 31 32 96 92 64 48 55 88 58 85 84 41 10 
93-2-11 1?2.409 = 2 30 59 73 46 31 32 96 92 64 48 55 53 91 57 37 80 72 11 
93-2-12 1?2.507 = 2 79 52 28 76 66 40 27 92 64 48 55 53 91 57 37 80 54 90 12 
93-2-13 1?2.581 = 2 79 89 30 19 59 73 46 74 31 32 16 27 49 33 21 71 23 99 13 
93-2-14 1?2.499 = 2 89 30 19 59 73 46 74 31 32 16 40 27 49 33 21 71 23 99 14 
93-2-15 1?2.139 = 2 89 30 19 59 17 79 52 65 62 29 44 87 94 42 15 
93-3-4 1?1.767 = 3 19 30 89 59 73 46 74 31 32 51 26 24 61 25 4 
93-3-5 1?1.592 = 3 19 30 89 59 73 46 74 31 32 51 26 24 70 69 5 
93-3-6 1?1.84 = 3 19 30 59 73 46 74 31 32 51 26 24 70 39 63 77 50 6 
93-3-7 1?2.048 = 3 19 59 73 46 74 31 51 26 24 70 39 63 77 50 47 35 95 38 7 
93-3-8 1?2.327 = 3 19 59 73 46 74 31 51 26 24 70 39 63 77 50 47 35 95 38 8 
93-3-9 1?2.269 = 3 19 59 73 46 74 31 32 96 92 64 48 55 88 93 83 78 20 9 
93-3-10 1?2.406 = 3 19 59 73 46 31 32 96 92 64 48 55 53 91 57 37 80 82 41 10 
93-3-11 1?2.301 = 3 36 73 46 74 31 32 96 92 64 48 55 53 91 57 37 80 72 11 
93-3-12 1?2.379 = 3 36 46 74 31 32 96 92 64 48 55 53 91 37 80 54 90 12 
93-3-13 1?2.586 = 3 36 73 59 19 30 89 79 52 65 62 44 87 18 71 23 99 13 
93-3-14 1?2.599 = 3 36 73 59 19 30 89 79 65 62 29 44 87 18 71 23 99 14 
93-3-15 1?2.385 = 3 36 73 59 19 30 89 79 52 65 62 29 44 18 94 42 15 
93-4-5 1?1.82 = 4 61 25 60 36 59 73 46 74 31 32 51 26 24 70 69 5 
93-4-6 1?1.79 = 4 60 36 73 46 74 31 32 51 26 24 70 69 63 77 50 6 
93-4-7 1?1.874 = 4 25 61 26 24 70 69 39 63 77 50 47 35 95 67 98 38 7 
93-4-8 1?2.312 = 4 25 51 26 24 70 69 39 63 77 50 47 35 95 98 67 34 43 8 
93-4-9 1?2.313 = 4 25 51 32 96 92 64 48 55 53 88 58 97 93 83 78 20 9 
93-4-10 1?2.451 = 4 60 36 73 46 74 31 32 96 92 64 48 55 53 88 58 85 84 41 10 
93-4-11 1?2.548 = 4 25 60 36 73 46 74 31 32 96 92 64 48 55 53 91 57 37 80 72 11 
93-4-12 1?2.609 = 4 25 36 46 74 31 32 96 92 64 48 55 53 91 57 37 80 54 90 12 
93-4-13 1?2.709 = 4 25 61 26 51 96 92 64 48 55 53 91 57 37 80 86 56 81 68 13 
93-4-14 1?2.775 = 4 60 36 73 59 19 30 89 79 52 65 62 29 44 18 71 23 99 14 
93-4-15 1?2.504 = 4 25 60 36 73 59 19 30 89 79 52 65 62 29 44 87 94 42 15 
93-5-6 1?1.833 = 5 69 70 24 26 51 46 74 31 32 96 22 39 63 77 50 6 
93-5-7 1?1.93 = 5 69 70 24 26 51 96 92 64 48 55 45 67 98 38 7 
93-5-8 1?2.172 = 5 69 70 24 26 96 92 64 48 55 53 88 93 97 83 20 78 8 
93-5-9 1?2.169 = 5 69 70 24 26 51 96 92 64 48 55 53 88 93 83 20 78 9 
93-5-10 1?2.23 = 5 69 70 24 26 96 92 64 48 55 53 91 57 37 80 82 84 41 10 
93-5-11 1?2.27 = 5 69 70 24 26 51 32 96 92 64 48 55 53 91 57 37 80 72 11 
93-5-12 1?2.288 = 5 69 70 24 26 51 96 92 64 48 55 53 91 57 37 80 54 90 12 
93-5-13 1?2.749 = 5 69 70 24 26 51 32 96 92 64 48 55 53 91 57 37 80 86 56 81 13 
93-5-14 1?2.79 = 5 69 70 24 26 51 96 92 64 48 55 53 91 37 80 86 56 81 68 99 14 
93-5-15 1?2.651 = 5 69 70 24 26 51 32 31 74 46 73 59 19 30 89 79 65 62 44 87 15 
93-6-7 1?1.887 = 6 50 77 63 39 22 96 92 64 48 45 67 98 38 7 
93-6-8 1?1.757 = 6 50 47 35 95 98 67 34 43 93 97 83 20 78 8 
93-6-9 1?1.684 = 6 50 47 35 95 98 67 34 43 93 97 83 78 20 9 
93-6-10 1?2.207 = 6 50 47 35 95 98 67 45 92 64 48 55 53 88 58 85 84 41 10 
93-6-11 1?2.181 = 6 50 47 35 95 98 67 45 92 64 48 55 53 91 37 80 72 11 
93-6-12 1?2.232 = 6 50 47 35 67 45 92 48 64 55 53 91 57 37 80 54 90 12 
93-6-13 1?2.506 = 6 50 47 35 67 45 92 64 48 55 53 91 57 37 80 86 81 68 13 
93-6-14 1?2.557 = 6 50 47 35 95 98 67 45 92 64 48 55 53 91 56 81 68 99 14 
93-6-15 1?2.553 = 6 50 47 35 95 98 67 45 92 64 48 55 53 33 18 87 94 42 15 
93-7-8 1?1.992 = 7 38 95 98 67 45 48 55 88 93 97 83 20 78 8 
93-7-9 1?1.884 = 7 38 95 98 67 45 92 64 48 55 53 88 97 83 9 
93-7-10 1?2.002 = 7 38 95 98 67 34 43 78 20 83 93 97 85 84 41 10 
93-7-11 1?2.17 = 7 38 95 98 67 45 92 64 48 55 53 91 57 37 80 54 90 11 
93-7-12 1?2.156 = 7 38 95 98 67 45 92 64 48 55 53 91 37 80 54 90 12 
93-7-13 1?2.379 = 7 38 95 98 67 45 92 64 48 55 53 91 57 37 80 86 75 13 
93-7-14 1?2.549 = 7 38 95 98 67 45 92 64 48 55 53 91 56 81 68 71 23 14 
93-7-15 1?2.653 = 7 38 95 98 67 45 55 48 64 92 27 40 66 76 62 44 87 94 42 15 
93-8-9 1?2.05 = 8 43 34 45 92 64 48 55 53 88 93 83 78 20 9 
93-8-10 1?2.158 = 8 43 34 45 92 64 48 55 53 91 37 80 82 41 10 
93-8-11 1?2.105 = 8 78 20 83 93 97 58 91 57 37 80 82 84 41 72 11 
93-8-12 1?2.446 = 8 38 95 98 67 45 92 64 48 55 53 91 57 37 80 54 90 12 
93-8-13 1?2.555 = 8 78 20 83 93 97 58 82 80 37 57 86 56 81 68 71 23 99 13 
93-8-14 1?2.662 = 8 78 20 83 93 97 58 37 57 80 72 90 54 86 56 81 68 99 14 
93-8-15 1?2.554 = 8 78 20 83 93 97 58 37 80 57 86 56 81 68 23 71 94 42 15 
93-9-10 1?2.179 = 9 20 78 83 93 97 85 82 80 37 57 86 54 90 72 41 10 
93-9-11 1?1.944 = 9 20 78 83 93 97 58 82 80 37 57 86 54 90 72 11 
93-9-12 1?2.084 = 9 20 78 83 93 97 58 82 80 37 57 91 86 54 90 12 
93-9-13 1?2.391 = 9 20 78 83 93 97 58 37 80 57 86 56 81 68 71 23 99 13 
93-9-14 1?2.554 = 9 20 78 83 93 97 58 85 84 82 80 37 57 86 81 56 71 23 14 
93-9-15 1?2.481 = 9 20 78 83 93 97 58 37 80 57 86 56 81 68 23 71 94 42 15 
93-10-11 1?2.16 = 10 41 84 85 58 88 55 48 64 53 91 57 37 80 72 11 
93-10-12 1?2.194 = 10 41 84 82 80 37 57 86 56 71 23 99 68 81 75 12 
93-10-13 1?2.218 = 10 41 72 90 54 80 37 57 86 56 81 68 71 23 99 13 
93-10-14 1?2.686 = 10 41 82 80 37 57 91 53 55 48 64 92 27 49 33 21 71 23 14 
93-10-15 1?2.747 = 10 41 84 82 37 57 80 72 90 54 86 56 81 68 23 71 18 94 42 15 
93-11-12 1?2.31 = 11 72 41 84 85 83 93 97 58 82 37 80 57 86 54 90 12 
93-11-13 1?2.142 = 11 72 41 84 82 80 37 57 86 56 81 68 71 23 99 13 
93-11-14 1?2.136 = 11 72 41 84 82 80 37 57 86 56 81 68 71 23 99 14 
93-11-15 1?2.622 = 11 72 90 54 80 37 57 86 56 81 68 23 71 21 18 44 87 94 42 15 
93-12-13 1?2.204 = 12 90 54 72 82 80 37 57 86 56 81 68 71 23 99 13 
93-12-14 1?2.262 = 12 90 54 86 56 81 68 99 23 71 18 44 87 94 42 14 
93-12-15 1?2.565 = 12 90 54 72 41 84 82 80 37 57 86 56 81 68 23 71 94 42 15 
93-13-14 1?2.503 = 13 75 81 56 68 99 23 71 18 44 62 29 87 42 94 14 
93-13-15 1?2.493 = 13 81 56 68 99 23 71 21 18 94 42 87 44 62 29 15 
93-14-15 1?2.367 = 14 99 23 71 68 81 56 21 18 44 62 29 87 94 42 15 
stop
