start
144-0-2 1?1.624 = 0 31 43 19 37 23 18 80 52 57 50 82 84 28 94 44 2 
144-0-3 1?1.635 = 0 31 43 19 37 23 18 80 28 84 82 50 52 57 59 76 3 
144-0-1 1?1.423 = 0 31 43 19 37 23 18 80 52 57 50 82 84 28 44 94 1 
144-0-6 1?2.287 = 0 31 43 19 37 23 18 80 50 52 57 89 86 40 32 42 58 48 70 38 88 6 
144-0-9 1?2.438 = 0 31 43 37 19 83 73 33 17 79 62 24 47 27 72 51 60 66 95 9 
144-0-7 1?2.445 = 0 31 43 19 37 23 18 80 50 52 57 89 86 32 42 58 48 70 34 61 7 
144-0-11 1?2.414 = 0 31 43 37 19 83 73 17 33 30 22 69 49 45 96 68 35 20 16 11 
144-0-8 1?2.419 = 0 31 43 37 19 83 73 17 33 30 55 62 24 47 27 72 51 60 66 8 
144-0-4 1?2.041 = 0 31 43 19 37 23 18 80 50 52 57 89 86 32 42 36 21 65 98 4 
144-0-5 1?2.176 = 0 31 43 19 37 18 80 50 52 57 89 86 32 42 36 21 65 98 85 5 
144-0-10 1?2.651 = 0 31 43 37 19 83 73 17 33 30 55 22 69 49 45 93 96 68 35 78 10 
144-0-13 1?1.94 = 0 31 43 19 37 23 18 80 73 17 33 97 64 41 75 77 13 
144-1-2 1?1.864 = 1 94 44 28 84 82 50 52 57 89 86 40 32 46 76 91 2 
144-1-3 1?1.813 = 1 94 28 84 82 50 52 89 86 32 42 36 65 98 99 3 
144-1-4 1?1.686 = 1 44 28 84 82 50 52 89 86 32 42 36 21 65 98 4 
144-0-14 1?2.129 = 0 31 43 19 37 23 18 80 73 17 33 97 64 41 77 75 14 
144-0-15 1?2.098 = 0 31 43 37 19 18 23 28 84 82 50 80 73 17 33 83 15 
144-1-6 1?1.991 = 1 94 44 28 84 82 50 52 57 89 86 40 32 42 58 48 70 38 88 6 
144-1-7 1?2.282 = 1 94 44 28 84 82 50 52 57 89 86 40 32 42 58 25 48 38 88 7 
144-0-12 1?2.466 = 0 31 43 37 19 83 73 17 33 30 97 64 41 75 77 69 49 45 39 12 
144-1-5 1?1.946 = 1 94 44 28 84 82 50 52 57 89 86 40 32 42 36 21 65 98 85 5 
144-1-8 1?2.437 = 1 94 44 28 84 82 50 52 57 89 86 40 32 42 58 54 47 27 72 51 60 66 8 
144-1-14 1?2.009 = 1 44 28 84 82 50 57 52 80 23 18 73 17 33 97 64 14 
144-2-5 1?1.851 = 2 82 50 52 57 89 86 40 32 42 36 21 65 98 85 5 
144-2-3 1?1.848 = 2 82 50 52 57 89 86 40 32 42 36 21 65 98 99 3 
144-2-4 1?1.72 = 2 82 84 50 52 57 89 86 40 32 42 36 21 65 98 4 
144-2-6 1?2.045 = 2 82 84 28 50 52 57 59 76 99 98 65 21 36 25 48 38 88 6 
144-1-15 1?1.807 = 1 44 94 28 84 82 59 57 52 50 80 18 23 43 37 19 15 
144-1-11 1?2.456 = 1 94 28 84 82 50 52 57 89 86 32 40 62 24 53 68 35 20 16 11 
144-1-13 1?2.236 = 1 94 44 28 84 82 50 57 52 80 23 18 73 17 33 97 41 75 77 13 
144-1-12 1?2.398 = 1 94 28 84 82 50 52 57 89 86 32 40 79 55 22 69 49 45 39 12 
144-1-9 1?2.313 = 1 94 28 84 82 50 52 57 89 86 40 62 24 47 72 51 60 66 95 9 
144-1-10 1?2.567 = 1 94 28 84 82 50 52 89 86 40 62 24 47 72 51 60 66 81 26 74 10 
144-2-14 1?2.102 = 2 82 84 28 80 18 23 31 43 37 19 73 17 33 97 64 14 
144-3-4 1?1.933 = 3 76 59 57 52 89 86 40 32 42 36 21 65 98 85 56 4 
144-3-5 1?1.992 = 3 91 59 57 50 52 89 86 32 42 36 21 65 98 85 5 
144-2-15 1?1.947 = 2 91 76 59 57 52 50 82 84 28 80 18 23 43 37 19 15 
144-2-11 1?2.657 = 2 82 84 28 50 57 52 80 23 18 73 17 33 30 22 69 49 45 93 16 11 
144-2-7 1?2.423 = 2 82 84 28 50 52 57 59 76 99 98 65 21 36 25 48 38 70 34 61 7 
144-2-13 1?2.431 = 2 82 84 28 50 57 52 80 18 23 43 37 19 83 73 17 33 97 41 77 13 
144-2-8 1?2.422 = 2 82 84 28 50 52 57 89 86 40 32 42 58 54 47 27 72 51 60 66 8 
144-2-12 1?2.599 = 2 44 28 84 82 50 52 57 89 86 32 40 79 63 55 22 69 49 45 39 12 
144-2-9 1?2.461 = 2 82 84 28 50 52 57 89 86 40 32 42 58 54 72 51 60 66 81 26 9 
144-2-10 1?2.656 = 2 82 84 50 52 57 89 86 32 40 62 24 47 72 51 60 66 81 26 74 10 
144-3-7 1?2.139 = 3 99 98 65 21 36 42 58 25 48 70 38 88 34 61 7 
144-3-6 1?1.99 = 3 76 59 57 50 52 89 86 40 32 42 58 48 38 88 6 
144-4-5 1?1.995 = 4 56 85 98 65 21 36 42 58 25 48 70 38 88 29 5 
144-3-14 1?2.504 = 3 91 59 57 52 50 82 84 28 80 18 23 43 37 19 73 17 33 97 64 14 
144-3-11 1?2.715 = 3 91 59 57 52 50 80 18 73 17 33 30 22 69 49 45 93 20 16 11 
144-3-10 1?2.646 = 3 99 98 65 21 36 42 32 40 62 24 47 72 51 60 66 81 26 74 10 
144-3-13 1?2.494 = 3 76 59 57 52 50 80 18 23 43 37 19 83 73 17 33 97 41 75 77 13 
144-3-8 1?2.533 = 3 91 76 59 57 50 52 89 86 32 40 62 24 47 27 72 51 60 66 8 
144-3-15 1?2.301 = 3 91 59 57 52 50 82 84 28 80 18 23 43 37 19 73 17 33 83 15 
144-3-12 1?2.626 = 3 76 59 57 52 50 82 84 28 80 18 73 17 33 30 22 69 49 45 39 12 
144-3-9 1?2.596 = 3 91 59 57 50 52 89 86 32 40 62 24 47 72 51 60 66 81 26 9 
144-5-6 1?2.061 = 5 29 85 56 98 65 21 36 42 58 25 48 70 38 88 6 
144-4-7 1?2.062 = 4 56 85 98 65 21 36 25 48 70 38 88 34 67 61 7 
144-4-6 1?2.006 = 4 56 85 98 65 21 46 89 86 32 42 58 48 38 88 6 
144-4-8 1?2.303 = 4 56 85 98 65 21 36 42 32 40 62 24 47 27 72 51 60 66 8 
144-4-14 1?2.582 = 4 98 65 21 36 42 32 86 89 57 52 50 80 18 73 17 33 97 64 14 
144-4-11 1?2.668 = 4 98 65 21 36 58 54 47 72 51 60 66 81 71 90 35 68 20 16 11 
144-4-12 1?2.671 = 4 56 85 98 65 21 36 42 32 40 86 89 79 63 30 22 69 49 45 39 12 
144-4-13 1?2.668 = 4 98 65 21 36 42 32 86 89 57 52 50 80 73 17 33 97 41 77 13 
144-4-15 1?2.274 = 4 98 65 21 36 42 32 40 86 89 57 52 50 80 18 23 37 19 43 15 
144-4-10 1?2.625 = 4 98 65 21 36 42 32 40 62 24 47 54 72 51 60 66 81 26 74 10 
144-4-9 1?2.572 = 4 56 98 65 21 36 42 32 40 62 24 47 27 72 51 60 66 81 26 95 9 
144-5-7 1?2.098 = 5 29 38 88 70 48 54 47 72 51 60 66 87 67 61 7 
144-6-8 1?2.019 = 6 88 38 48 54 47 27 72 51 60 66 81 26 95 8 
144-6-7 1?1.98 = 6 88 38 70 48 54 47 27 92 51 60 66 87 67 61 7 
144-5-8 1?2.374 = 5 85 98 65 21 36 42 32 40 62 24 47 54 72 51 60 66 8 
144-5-14 1?2.745 = 5 85 98 65 21 36 42 32 86 89 57 52 50 80 18 73 17 33 97 64 14 
144-5-11 1?2.594 = 5 29 38 70 48 54 47 27 72 51 60 66 81 71 90 35 68 20 16 11 
144-5-9 1?2.497 = 5 85 98 65 21 36 42 32 40 62 24 47 27 72 51 60 66 81 26 9 
144-5-12 1?2.662 = 5 29 38 88 34 72 51 60 66 81 71 90 35 68 96 93 39 12 
144-5-13 1?2.696 = 5 29 38 70 34 72 51 60 66 81 71 90 35 68 96 45 49 77 13 
144-5-10 1?2.695 = 5 29 38 88 70 48 54 47 27 72 51 60 66 81 71 90 68 35 78 10 
144-5-15 1?2.437 = 5 85 98 65 21 36 42 32 40 86 89 57 52 50 80 18 23 37 19 43 15 
144-6-9 1?1.882 = 6 88 38 70 48 54 47 27 92 51 60 66 81 26 9 
144-7-9 1?2.03 = 7 61 34 67 87 66 60 51 72 27 92 90 71 81 26 95 9 
144-6-10 1?1.969 = 6 88 38 70 48 54 47 72 51 60 66 81 26 74 10 
144-7-8 1?2.153 = 7 61 34 67 87 66 60 51 72 27 92 90 71 81 26 95 8 
144-7-10 1?2.102 = 7 61 34 67 87 66 60 51 72 27 92 90 71 81 26 74 10 
144-7-11 1?2.377 = 7 61 34 54 47 27 72 51 60 66 81 71 90 35 68 20 16 11 
144-6-14 1?2.801 = 6 88 38 70 48 25 65 98 21 36 42 32 40 86 89 79 63 30 97 64 14 
144-6-11 1?2.467 = 6 88 38 70 48 54 47 27 72 51 60 66 81 71 90 35 68 20 16 11 
144-6-12 1?2.525 = 6 88 38 48 70 34 72 51 27 92 71 90 35 68 96 45 49 39 12 
144-6-13 1?2.641 = 6 88 38 70 34 72 51 60 66 81 71 90 35 68 96 45 49 69 77 13 
144-6-15 1?2.533 = 6 88 38 48 25 58 42 32 40 86 89 57 52 50 80 18 23 37 19 43 15 
144-8-9 1?2.131 = 8 66 60 51 72 27 47 24 53 68 35 90 71 81 26 9 
144-8-10 1?2.214 = 8 66 60 51 72 27 92 71 90 35 68 96 93 20 78 10 
144-8-11 1?2.022 = 8 66 60 51 72 27 92 81 26 71 90 35 68 20 16 11 
144-7-14 1?2.633 = 7 61 67 72 51 60 66 81 71 90 35 68 96 93 45 49 77 75 14 
144-8-12 1?2.471 = 8 66 60 51 72 27 92 81 71 90 35 68 96 93 45 69 49 39 12 
144-8-14 1?2.691 = 8 66 60 51 72 27 92 71 90 35 68 96 93 45 49 69 41 77 75 14 
144-7-12 1?2.457 = 7 61 67 72 51 60 66 81 71 90 35 68 96 93 45 69 49 39 12 
144-8-15 1?2.637 = 8 66 60 51 72 47 24 62 40 86 89 57 52 50 80 18 37 19 15 
144-8-13 1?2.502 = 8 66 60 51 72 27 92 71 90 35 68 96 93 45 49 69 41 75 77 13 
144-7-13 1?2.631 = 7 61 67 87 66 60 51 72 27 92 71 90 35 68 96 93 45 49 77 75 13 
144-7-15 1?2.722 = 7 88 38 70 48 58 42 32 40 86 89 57 52 50 80 18 23 37 19 43 15 
144-9-11 1?1.924 = 9 26 81 66 60 51 72 27 92 71 90 35 68 20 16 11 
144-10-11 1?2.078 = 10 74 26 81 66 60 51 72 27 92 90 35 68 20 16 11 
144-9-10 1?2.123 = 9 95 66 60 51 72 27 92 81 71 90 35 68 20 78 10 
144-9-12 1?1.924 = 9 95 26 81 71 90 35 68 96 93 45 69 49 39 12 
144-10-12 1?2.192 = 10 74 9 95 26 81 71 90 35 68 96 93 45 49 39 12 
144-10-13 1?2.052 = 10 74 26 81 71 90 35 68 96 45 49 69 41 75 77 13 
144-10-14 1?2.702 = 10 74 9 95 26 81 71 90 35 68 96 93 45 49 69 41 77 75 14 
144-9-14 1?2.569 = 9 26 81 66 60 51 72 27 92 71 90 35 68 96 45 49 77 75 14 
144-9-13 1?2.395 = 9 95 66 60 51 72 27 92 71 90 35 68 96 45 49 69 77 75 13 
144-10-15 1?2.759 = 10 74 26 81 66 60 51 72 27 47 24 62 55 30 17 33 73 83 15 
144-9-15 1?2.682 = 9 26 81 71 90 35 68 96 45 49 69 22 30 17 33 83 19 37 43 15 
144-13-14 1?2.513 = 13 75 77 49 45 69 22 55 63 30 17 73 33 83 97 64 14 
144-12-13 1?2.252 = 12 39 45 49 69 22 30 33 17 73 83 64 41 75 77 13 
144-11-13 1?1.986 = 11 16 20 78 35 68 96 93 45 49 69 41 75 77 13 
144-11-12 1?2.161 = 11 16 20 78 35 68 96 93 45 49 69 41 77 39 12 
144-13-15 1?2.324 = 13 75 77 49 45 69 22 55 30 17 33 73 83 19 43 15 
144-14-15 1?2.49 = 14 75 77 49 45 69 22 55 30 17 33 73 83 19 43 15 
144-11-14 1?2.672 = 11 16 20 35 68 96 93 45 49 69 22 97 64 41 77 75 14 
144-12-14 1?2.714 = 12 39 45 49 69 22 55 63 30 17 33 73 83 64 41 77 75 14 
144-12-15 1?2.626 = 12 39 93 96 45 49 69 22 55 30 17 33 73 83 19 37 43 15 
144-11-15 1?2.608 = 11 16 20 78 35 68 96 93 45 49 69 22 30 17 73 33 83 15 
stop
