start
38-0-2 1?2.148 = 0 35 62 48 34 90 99 81 76 92 68 49 19 50 2 
38-0-1 1?1.998 = 0 62 35 67 73 71 29 27 48 34 90 99 81 76 92 1 
38-0-6 1?2.532 = 0 99 34 21 78 33 95 31 69 64 63 55 32 79 87 38 46 44 86 6 
38-0-7 1?2.487 = 0 99 34 21 78 18 33 95 31 64 63 55 32 79 87 38 46 98 60 7 
38-0-3 1?1.994 = 0 35 62 48 99 34 90 76 92 68 49 19 50 42 3 
38-0-8 1?2.441 = 0 99 34 21 78 18 33 95 31 64 63 55 32 79 87 38 46 98 60 8 
38-0-11 1?2.577 = 0 62 48 27 71 29 97 17 85 78 18 33 95 31 51 66 43 83 65 70 11 
38-0-10 1?2.594 = 0 35 62 48 27 71 29 97 17 85 78 18 33 95 31 51 66 40 91 74 10 
38-0-9 1?2.668 = 0 99 34 21 78 18 33 95 31 64 63 55 32 79 87 57 98 60 77 9 
38-0-4 1?2.462 = 0 99 34 21 78 33 95 31 69 72 37 58 49 19 50 42 23 4 
38-0-5 1?2.584 = 0 62 35 67 27 71 29 97 17 85 78 18 33 95 31 64 24 88 25 53 5 
38-0-15 1?1.982 = 0 35 62 48 99 90 34 21 78 85 17 97 29 71 73 15 
38-1-3 1?2.017 = 1 76 81 99 34 90 84 58 37 49 19 50 42 3 
38-1-2 1?2.146 = 1 92 76 81 99 34 90 84 58 37 49 19 50 2 
38-0-14 1?1.987 = 0 81 76 90 99 34 48 62 35 67 27 71 29 97 89 14 
38-1-4 1?2.131 = 1 76 81 99 34 90 84 58 37 49 19 50 42 23 4 
38-0-13 1?2.003 = 0 81 99 90 34 48 62 35 67 27 71 29 97 41 56 13 
38-1-8 1?2.416 = 1 92 68 50 49 19 88 25 26 82 63 55 32 79 87 38 46 98 60 8 
38-1-7 1?2.41 = 1 92 68 50 49 19 88 25 26 20 61 82 63 55 32 79 87 38 46 7 
38-1-6 1?2.449 = 1 92 68 50 49 19 88 25 26 20 61 82 63 55 32 79 80 86 6 
38-1-5 1?2.6 = 1 76 84 58 37 72 69 33 95 31 51 63 82 61 20 26 25 53 5 
38-0-12 1?2.552 = 0 35 62 48 99 90 34 27 29 97 71 73 89 41 56 54 16 96 52 22 12 
38-1-14 1?1.907 = 1 92 76 90 34 99 48 62 35 67 27 71 29 97 89 14 
38-2-3 1?2.246 = 2 92 76 81 99 90 84 37 58 49 19 50 42 3 
38-2-4 1?2.271 = 2 50 19 49 24 82 61 20 26 25 88 30 75 53 45 4 
38-2-5 1?2.209 = 2 50 19 49 24 63 32 55 82 61 20 26 25 53 5 
38-1-15 1?1.96 = 1 92 76 81 99 90 34 48 62 35 67 27 29 71 73 15 
38-1-12 1?2.613 = 1 92 76 90 34 99 48 62 35 67 27 29 71 97 41 56 54 16 96 52 12 
38-1-10 1?2.731 = 1 76 92 68 58 37 72 69 31 95 33 18 93 43 83 94 65 74 91 47 10 
38-2-6 1?2.214 = 2 50 49 19 88 25 26 20 61 55 32 79 87 57 38 46 44 86 6 
38-1-9 1?2.589 = 1 92 68 49 19 88 25 26 82 63 55 32 79 87 57 98 60 77 9 
38-1-11 1?2.72 = 1 92 76 81 99 90 34 27 71 29 97 41 56 54 16 36 96 52 22 70 11 
38-1-13 1?2.411 = 1 92 76 81 99 34 48 62 35 67 27 71 29 97 73 89 41 56 13 
38-3-4 1?2.118 = 3 42 50 19 49 58 37 24 88 25 26 53 75 45 4 
38-3-5 1?2.1 = 3 42 50 19 49 58 37 24 88 25 26 53 75 45 5 
38-2-12 1?2.527 = 2 50 19 49 58 37 72 69 33 95 31 51 66 43 83 94 22 12 
38-2-15 1?2.054 = 2 50 19 49 68 92 76 90 34 99 48 62 35 67 15 
38-2-7 1?2.163 = 2 50 49 19 88 25 26 82 63 55 32 79 87 38 46 98 60 7 
38-2-8 1?2.221 = 2 50 49 19 88 25 26 20 61 82 63 55 32 79 87 38 46 98 60 8 
38-2-10 1?2.638 = 2 50 19 49 58 37 72 69 33 95 31 51 66 43 83 65 74 91 47 10 
38-2-11 1?2.69 = 2 50 19 49 58 37 72 69 31 51 95 33 18 93 43 83 94 65 70 11 
38-2-9 1?2.375 = 2 50 49 19 88 25 26 20 61 55 32 79 87 38 46 98 60 77 9 
38-2-14 1?2.263 = 2 68 58 37 72 69 31 95 33 18 78 85 17 97 29 71 73 89 14 
38-2-13 1?2.399 = 2 50 19 49 58 37 72 69 31 95 33 18 78 85 54 16 36 13 
38-4-5 1?2.072 = 4 75 25 26 20 61 82 63 55 32 79 87 38 46 80 28 5 
38-3-6 1?2.084 = 3 23 30 25 26 20 61 82 63 55 32 79 87 57 38 46 44 86 6 
38-3-12 1?2.539 = 3 42 50 19 49 58 37 72 69 33 95 31 51 66 43 83 94 96 52 12 
38-3-7 1?2.057 = 3 50 49 19 88 25 26 20 61 55 32 79 87 38 46 98 60 7 
38-3-10 1?2.535 = 3 42 50 19 49 58 37 72 69 33 95 31 51 66 43 83 65 74 91 10 
38-3-14 1?2.202 = 3 50 19 49 58 37 72 69 31 95 33 78 85 17 97 89 14 
38-3-8 1?2.186 = 3 50 49 19 88 25 26 20 61 82 63 55 32 79 87 57 38 46 98 60 8 
38-3-11 1?2.558 = 3 42 50 19 49 58 37 72 69 31 95 33 18 93 43 83 94 65 70 11 
38-3-15 1?2.274 = 3 50 19 49 58 37 72 69 31 95 33 18 85 17 29 71 73 15 
38-3-9 1?2.34 = 3 50 49 19 88 25 26 20 61 55 32 79 87 57 38 46 98 60 77 9 
38-3-13 1?2.378 = 3 50 19 49 58 37 72 69 31 95 33 18 78 85 17 54 16 36 13 
38-4-8 1?1.736 = 4 75 25 26 82 63 55 32 79 87 57 38 46 98 60 8 
38-5-6 1?1.821 = 5 53 25 26 20 61 82 63 55 32 79 87 38 46 44 86 6 
38-4-6 1?1.848 = 4 30 25 26 20 61 82 63 55 32 79 87 38 46 44 86 6 
38-4-7 1?1.782 = 4 75 25 26 82 63 55 32 79 87 57 38 46 98 60 7 
38-4-12 1?2.503 = 4 23 42 50 19 49 58 37 72 69 31 95 33 18 93 94 96 52 12 
38-4-11 1?2.487 = 4 23 42 50 19 49 58 37 72 69 31 95 51 66 43 83 65 70 11 
38-4-9 1?2.141 = 4 45 75 25 26 20 61 82 63 55 32 79 87 38 46 98 60 77 9 
38-4-10 1?2.467 = 4 75 25 26 20 61 82 63 55 32 79 87 57 98 60 77 59 39 47 10 
38-4-14 1?2.363 = 4 23 42 50 19 49 58 37 72 69 95 33 78 85 17 97 89 14 
38-4-15 1?2.411 = 4 23 42 50 19 49 58 37 72 69 33 78 85 17 97 71 73 15 
38-4-13 1?2.461 = 4 23 42 50 19 49 58 37 72 69 31 95 33 78 85 54 16 36 13 
38-5-8 1?1.711 = 5 53 25 26 82 63 55 32 79 87 57 38 46 98 60 8 
38-6-8 1?1.612 = 6 86 80 61 82 63 55 32 79 87 57 38 46 98 60 8 
38-5-7 1?1.757 = 5 53 25 26 82 63 55 32 79 87 57 38 46 98 60 7 
38-6-7 1?1.658 = 6 86 80 61 82 63 55 32 79 87 57 38 46 98 60 7 
38-5-9 1?2.036 = 5 53 25 26 20 61 82 63 55 32 79 87 38 46 98 60 77 9 
38-5-10 1?2.351 = 5 28 20 61 82 63 55 32 79 87 38 46 98 60 77 59 39 47 10 
38-5-11 1?2.45 = 5 45 75 25 26 20 61 82 63 55 32 79 87 59 39 40 65 70 11 
38-5-12 1?2.596 = 5 53 25 26 20 61 82 63 55 32 79 87 59 39 40 83 94 96 52 12 
38-5-15 1?2.43 = 5 45 75 25 88 24 64 69 31 95 33 18 78 85 17 97 29 71 73 15 
38-5-14 1?2.451 = 5 45 75 25 88 24 64 69 31 95 33 18 78 85 17 97 29 71 73 89 14 
38-5-13 1?2.618 = 5 53 25 26 20 61 82 63 64 69 31 95 33 18 78 85 17 54 16 36 13 
38-7-8 1?1.873 = 7 44 86 80 61 82 63 55 32 79 87 38 46 98 60 8 
38-7-10 1?2.094 = 7 98 60 77 59 39 40 66 43 83 94 65 74 91 10 
38-6-9 1?1.833 = 6 86 80 61 82 63 55 32 79 87 38 46 98 60 77 9 
38-7-9 1?2.1 = 7 44 86 80 61 82 63 55 32 79 87 57 98 60 77 9 
38-6-10 1?2.239 = 6 86 80 61 82 63 55 32 79 87 57 98 60 77 59 39 47 10 
38-6-11 1?2.446 = 6 86 80 61 55 32 79 87 57 38 46 98 60 77 39 40 65 70 11 
38-7-11 1?2.392 = 7 60 98 46 38 79 55 32 87 59 39 40 66 43 83 65 70 11 
38-6-12 1?2.504 = 6 86 80 38 46 98 60 77 59 39 40 66 43 83 94 22 96 52 12 
38-6-15 1?2.465 = 6 86 80 61 82 63 55 32 51 95 33 18 78 85 17 97 29 71 73 15 
38-6-14 1?2.48 = 6 86 44 46 38 57 87 79 32 55 63 64 31 95 33 18 78 85 17 97 89 14 
38-6-13 1?2.497 = 6 86 80 79 87 32 55 63 64 69 31 95 33 18 78 85 54 16 36 13 
38-8-10 1?2.052 = 8 77 60 98 46 38 57 87 79 55 32 59 39 91 74 10 
38-8-11 1?2.129 = 8 60 98 46 38 57 59 39 40 66 43 83 94 65 70 11 
38-8-9 1?2.212 = 8 60 98 46 38 57 87 79 55 32 59 39 40 91 47 9 
38-8-12 1?2.318 = 8 77 60 98 46 38 57 59 39 40 66 43 83 94 22 52 96 12 
38-7-12 1?2.499 = 7 60 98 46 38 87 79 32 55 63 51 31 95 33 18 93 94 96 52 12 
38-8-14 1?2.289 = 8 60 98 57 87 79 32 55 63 51 31 95 33 78 85 17 97 89 14 
38-8-15 1?2.365 = 8 60 98 57 87 79 32 55 63 51 95 33 18 78 85 17 29 71 73 15 
38-7-14 1?2.364 = 7 60 98 57 87 79 32 55 63 64 31 95 33 18 78 85 17 97 89 14 
38-7-15 1?2.385 = 7 46 38 87 79 32 55 63 64 31 95 33 18 78 85 17 97 29 71 73 15 
38-8-13 1?2.357 = 8 60 98 57 87 79 32 55 63 51 95 33 18 78 85 54 16 36 13 
38-7-13 1?2.438 = 7 60 98 57 87 79 32 55 63 64 31 95 33 18 78 85 54 16 36 13 
38-9-10 1?2.241 = 9 77 60 98 46 38 79 55 32 87 57 59 39 91 74 10 
38-9-11 1?2.3 = 9 77 60 98 46 38 57 59 39 40 66 43 83 65 70 11 
38-10-11 1?2.363 = 10 74 65 83 43 66 51 31 95 33 18 93 94 22 70 11 
38-10-12 1?2.381 = 10 74 91 40 66 51 31 95 33 18 78 85 54 16 36 12 
38-9-12 1?2.469 = 9 77 60 98 46 38 57 59 39 40 66 43 83 94 22 52 96 12 
38-10-13 1?2.25 = 10 74 91 40 66 51 31 95 33 18 78 85 54 16 36 13 
38-10-14 1?2.382 = 10 74 65 83 43 66 51 31 95 33 18 78 85 17 97 29 71 73 89 14 
38-9-14 1?2.517 = 9 39 59 87 79 32 55 63 64 31 95 33 18 78 85 17 97 89 14 
38-10-15 1?2.41 = 10 91 74 65 83 43 66 51 31 95 33 18 78 85 17 97 29 71 73 15 
38-9-15 1?2.577 = 9 39 59 87 79 32 55 63 51 95 33 78 85 17 97 29 71 73 15 
38-9-13 1?2.574 = 9 77 57 87 79 32 55 63 64 31 95 33 18 78 85 54 16 36 13 
38-12-14 1?2.178 = 12 52 96 94 93 51 31 95 33 18 78 85 17 97 89 14 
38-13-14 1?2.146 = 13 36 16 54 56 41 97 29 71 27 48 62 35 67 73 89 14 
38-11-12 1?2.363 = 11 70 65 83 43 66 51 31 95 33 18 85 54 16 36 12 
38-14-15 1?1.991 = 14 89 41 56 36 16 54 97 29 71 73 27 48 62 35 67 15 
38-12-15 1?2.02 = 12 52 96 16 54 97 29 71 27 34 90 99 48 62 35 67 15 
38-13-15 1?1.944 = 13 36 16 54 56 41 97 29 71 27 34 99 62 35 67 15 
38-12-13 1?2.289 = 12 22 94 83 43 66 51 95 33 18 78 85 54 16 36 13 
38-11-13 1?2.232 = 11 70 65 83 43 66 51 31 95 33 18 85 54 16 36 13 
38-11-14 1?2.305 = 11 70 65 83 43 66 51 31 95 33 18 78 85 17 29 71 73 89 14 
38-11-15 1?2.331 = 11 70 65 83 43 66 51 31 95 33 18 78 85 17 97 29 71 73 15 
stop
