start
557-0-1 1?2.243 = 0 15 67 73 39 80 72 63 24 37 96 33 36 99 49 29 1 
557-0-2 1?2.161 = 0 29 49 99 85 16 34 19 61 88 44 45 20 82 77 2 
557-0-3 1?2.355 = 0 36 33 37 24 63 72 96 99 85 16 34 19 77 82 20 45 3 
557-0-4 1?2.608 = 0 36 33 37 24 63 72 96 99 85 34 16 77 82 20 45 44 88 4 
557-0-5 1?2.697 = 0 49 99 85 16 34 19 77 82 20 45 44 88 93 31 76 25 5 
557-0-6 1?2.804 = 0 36 33 96 27 18 87 86 74 70 26 53 98 41 81 21 84 89 6 
557-0-7 1?2.673 = 0 49 36 33 96 27 87 86 74 70 26 53 41 98 50 47 28 58 7 
557-0-8 1?2.773 = 0 36 33 96 37 24 63 72 48 87 18 86 74 70 26 53 41 98 47 8 
557-0-9 1?2.692 = 0 36 33 37 24 63 72 80 73 39 35 48 78 60 57 62 71 69 66 9 
557-0-10 1?2.532 = 0 36 33 37 24 63 72 80 73 39 35 30 46 59 60 57 62 71 42 65 10 
557-0-11 1?2.435 = 0 49 36 33 96 37 24 63 72 80 73 39 35 46 95 90 75 68 11 
557-0-12 1?2.328 = 0 29 49 36 33 37 24 63 72 80 73 39 35 30 46 59 90 75 12 
557-0-13 1?1.782 = 0 49 36 33 96 37 24 63 72 80 73 39 35 30 46 13 
557-0-14 1?2.172 = 0 49 36 33 96 37 24 63 72 80 73 39 35 30 46 13 14 
557-0-15 1?1.896 = 0 29 49 99 36 33 96 37 24 63 72 80 39 73 67 15 
557-1-2 1?2.117 = 1 29 49 99 85 16 34 19 61 88 44 45 20 82 77 2 
557-1-3 1?2.384 = 1 29 49 36 33 96 99 85 16 34 19 77 82 20 45 44 3 
557-1-4 1?2.628 = 1 29 49 36 33 37 96 99 85 16 34 19 77 82 20 45 44 4 
557-1-5 1?2.618 = 1 85 34 16 77 82 45 44 88 93 97 40 54 43 92 76 25 5 
557-1-6 1?2.771 = 1 85 16 34 19 61 52 22 56 54 43 40 97 93 31 25 76 91 6 
557-1-7 1?2.748 = 1 29 49 36 33 96 27 87 18 74 70 26 53 41 98 47 28 58 7 
557-1-8 1?2.682 = 1 85 16 34 19 61 97 40 43 54 81 21 84 89 23 58 28 47 8 
557-1-9 1?2.793 = 1 85 16 34 19 61 52 22 56 64 32 70 74 86 26 53 55 69 66 9 
557-1-10 1?2.632 = 1 29 49 36 33 37 24 63 72 80 35 30 46 59 60 57 62 71 42 65 10 
557-1-11 1?2.467 = 1 29 49 36 33 96 37 24 63 72 80 73 39 35 30 46 95 90 75 11 
557-1-12 1?2.423 = 1 29 49 99 36 33 96 24 63 72 80 73 39 35 30 46 59 90 12 
557-1-13 1?2.291 = 1 29 49 99 36 33 96 37 24 63 72 80 73 39 35 30 46 95 13 
557-1-14 1?2.132 = 1 29 49 36 33 96 37 24 63 72 80 35 39 73 67 14 
557-1-15 1?1.934 = 1 29 49 36 33 96 37 24 63 72 80 35 39 73 67 15 
557-2-3 1?2.331 = 2 77 16 34 19 61 94 52 22 97 93 88 44 45 3 
557-2-4 1?2.305 = 2 77 16 34 19 61 52 22 54 43 40 97 93 31 4 
557-2-5 1?2.033 = 2 77 82 20 45 44 88 93 97 40 54 43 92 76 25 5 
557-2-6 1?2.688 = 2 77 82 20 45 19 16 34 94 52 22 56 54 43 40 92 76 91 6 
557-2-7 1?2.473 = 2 77 82 20 45 44 88 93 97 40 43 54 81 21 84 89 23 28 58 7 
557-2-8 1?2.475 = 2 77 82 20 45 44 88 93 97 40 43 84 89 21 23 58 28 47 8 
557-2-9 1?2.661 = 2 77 82 45 44 88 93 97 40 43 84 89 21 23 58 28 47 17 38 9 
557-2-10 1?2.634 = 2 77 16 34 19 61 52 22 56 64 32 70 74 86 26 53 55 69 42 65 10 
557-2-11 1?2.638 = 2 77 16 34 19 61 52 22 56 64 32 70 74 86 26 55 69 42 51 68 11 
557-2-12 1?2.392 = 2 77 16 34 85 99 36 33 37 24 63 80 73 39 35 30 46 95 12 
557-2-13 1?2.239 = 2 77 19 34 16 85 99 49 36 33 37 24 63 72 80 73 39 13 
557-2-14 1?2.127 = 2 77 82 19 34 16 85 99 49 36 33 37 24 63 72 80 39 73 14 
557-2-15 1?1.922 = 2 77 16 34 85 99 36 33 96 37 24 63 72 80 67 15 
557-3-4 1?2.318 = 3 45 20 82 77 85 16 34 19 61 52 22 97 93 31 4 
557-3-5 1?2.033 = 3 45 20 82 77 85 16 34 19 61 93 31 76 25 5 
557-3-6 1?2.061 = 3 45 20 82 77 16 34 19 61 93 31 25 76 91 6 
557-3-7 1?2.479 = 3 45 20 82 77 85 16 34 19 61 97 40 43 84 89 21 28 58 7 
557-3-8 1?2.578 = 3 45 20 82 77 16 34 19 61 97 40 43 84 89 21 23 58 28 8 
557-3-9 1?2.585 = 3 45 44 88 93 97 40 43 54 81 21 84 89 23 58 28 47 17 38 9 
557-3-10 1?2.714 = 3 45 20 82 77 19 61 52 22 56 64 32 70 74 86 26 53 55 69 42 65 10 
557-3-11 1?2.709 = 3 45 20 82 77 16 34 19 61 52 22 56 64 32 70 26 55 69 42 68 11 
557-3-12 1?2.534 = 3 45 20 82 77 16 34 85 99 36 33 37 24 63 72 80 35 30 46 95 12 
557-3-13 1?2.339 = 3 45 20 82 77 16 34 85 99 36 33 96 37 24 63 72 80 73 39 13 
557-3-14 1?2.083 = 3 45 20 82 77 16 34 85 99 36 33 96 37 24 63 72 80 73 39 14 
557-3-15 1?2.181 = 3 45 20 82 77 16 34 85 99 36 33 96 37 24 63 72 80 67 15 
557-4-5 1?2.247 = 4 88 44 45 20 82 77 85 16 34 19 61 93 31 25 5 
557-4-6 1?2.329 = 4 44 45 20 82 77 16 34 19 61 93 31 76 91 6 
557-4-7 1?2.382 = 4 5 25 31 93 97 40 43 54 81 84 89 21 28 58 7 
557-4-8 1?2.559 = 4 31 93 97 40 43 54 81 21 84 89 23 58 28 47 38 17 8 
557-4-9 1?2.623 = 4 31 93 97 40 92 43 54 81 21 84 89 23 58 28 47 17 38 9 
557-4-10 1?2.673 = 4 31 93 97 40 43 54 22 56 64 32 70 74 86 26 55 69 42 65 10 
557-4-11 1?2.778 = 4 31 93 97 52 22 56 64 32 70 74 86 26 53 55 69 71 42 51 68 11 
557-4-12 1?2.733 = 4 88 19 34 16 85 99 36 33 37 24 63 72 80 73 39 35 46 95 12 
557-4-13 1?2.577 = 4 44 88 61 19 34 16 85 99 36 33 96 37 24 63 72 80 73 39 13 
557-4-14 1?2.321 = 4 44 88 61 19 34 16 85 99 36 33 96 37 24 63 72 80 73 39 14 
557-4-15 1?2.344 = 4 88 44 45 20 82 77 16 34 85 99 49 36 33 96 37 24 67 15 
557-5-6 1?2.453 = 5 25 76 31 93 97 40 43 54 81 50 47 28 21 89 6 
557-5-7 1?2.014 = 5 25 76 91 89 84 21 81 50 41 98 47 28 58 7 
557-5-8 1?2.462 = 5 25 31 93 97 40 43 54 81 21 84 89 23 58 28 50 47 8 
557-5-9 1?2.49 = 5 25 76 91 89 84 21 23 58 28 47 50 98 41 53 55 69 66 9 
557-5-10 1?2.363 = 5 25 76 91 89 84 21 23 58 28 47 50 98 41 53 69 42 65 10 
557-5-11 1?2.458 = 5 25 76 91 89 84 21 23 58 28 47 50 98 41 53 55 69 42 68 11 
557-5-12 1?2.712 = 5 25 76 91 89 84 21 23 58 28 47 98 41 53 69 42 51 68 75 12 
557-5-13 1?2.741 = 5 25 31 93 61 19 34 16 85 99 36 33 96 37 24 63 72 80 73 39 13 
557-5-14 1?2.521 = 5 25 31 93 61 19 16 34 85 29 49 36 33 37 24 63 72 80 73 39 14 
557-5-15 1?2.549 = 5 25 31 93 61 19 34 16 85 99 36 33 96 24 63 72 80 67 15 
557-6-7 1?2.067 = 6 91 76 25 31 93 97 40 43 84 89 21 28 58 7 
557-6-8 1?2.179 = 6 91 76 25 31 93 97 40 43 84 89 21 28 58 8 
557-6-9 1?2.332 = 6 91 76 92 40 43 54 81 21 84 89 23 58 28 47 17 38 9 
557-6-10 1?2.254 = 6 91 89 84 21 23 58 28 47 50 98 41 53 55 69 42 51 65 10 
557-6-11 1?2.42 = 6 91 89 84 21 23 58 28 47 50 98 41 53 55 69 42 65 51 68 11 
557-6-12 1?2.538 = 6 89 84 21 23 58 28 47 50 98 41 70 74 86 62 57 60 59 90 12 
557-6-13 1?2.631 = 6 89 84 21 28 47 50 98 41 53 26 70 74 86 57 60 59 90 95 13 
557-6-14 1?2.605 = 6 91 76 31 93 61 19 34 16 85 99 36 37 24 63 72 80 73 39 14 
557-6-15 1?2.639 = 6 91 76 25 31 93 61 19 34 16 85 29 49 36 33 96 37 24 67 15 
557-7-8 1?2.203 = 7 89 84 21 28 47 50 98 41 53 69 66 38 17 8 
557-7-9 1?2.001 = 7 58 23 89 84 21 28 47 98 41 53 55 69 66 9 
557-7-10 1?1.953 = 7 58 23 89 84 21 28 47 50 98 41 53 55 69 42 65 10 
557-7-11 1?2.322 = 7 23 89 84 21 28 47 50 98 41 70 74 86 26 55 69 42 68 11 
557-7-12 1?2.406 = 7 23 89 84 21 28 47 50 98 41 53 26 70 74 86 57 60 59 90 12 
557-7-13 1?2.476 = 7 23 58 28 47 50 98 41 53 26 70 74 86 62 57 60 59 90 95 13 
557-7-14 1?2.582 = 7 58 28 47 98 41 70 74 18 87 27 96 33 37 24 63 72 80 39 73 14 
557-7-15 1?2.483 = 7 58 28 47 98 41 53 26 70 74 18 87 27 96 33 37 24 67 15 
557-8-9 1?2.113 = 8 58 23 89 84 21 28 47 98 41 53 55 69 66 9 
557-8-10 1?2.065 = 8 58 23 89 84 21 28 47 50 98 41 53 55 69 42 65 10 
557-8-11 1?2.181 = 8 58 23 89 84 21 28 47 50 98 41 53 55 69 42 51 68 11 
557-8-12 1?2.415 = 8 58 23 89 84 21 28 47 50 98 41 53 69 42 51 68 75 12 
557-8-13 1?2.52 = 8 58 28 47 50 98 41 53 26 70 74 86 62 57 60 59 90 95 13 
557-8-14 1?2.516 = 8 47 50 98 41 70 74 86 87 18 27 96 33 37 24 63 72 80 73 39 14 
557-8-15 1?2.632 = 8 58 28 50 98 41 53 26 70 74 86 87 18 27 96 33 37 24 67 15 
557-9-10 1?2.066 = 9 17 38 98 41 53 26 70 74 86 62 71 42 51 10 
557-9-11 1?2.063 = 9 17 38 98 41 53 70 74 86 26 55 69 42 68 11 
557-9-12 1?2.315 = 9 38 17 47 50 98 41 53 26 70 74 86 62 57 60 59 90 12 
557-9-13 1?2.44 = 9 38 17 47 50 98 41 53 26 70 74 86 62 57 60 59 95 13 
557-9-14 1?2.463 = 9 17 38 98 41 70 74 18 87 27 96 33 37 24 63 72 80 39 14 
557-9-15 1?2.641 = 9 17 38 98 41 53 26 70 74 86 87 18 27 96 33 36 37 24 67 15 
557-10-11 1?1.969 = 10 65 69 55 53 26 70 74 86 57 62 71 42 51 68 11 
557-10-12 1?1.943 = 10 65 42 69 55 26 70 74 86 62 57 60 59 90 75 12 
557-10-13 1?2.215 = 10 65 51 42 69 55 53 26 70 74 86 62 57 60 59 90 95 13 
557-10-14 1?2.27 = 10 65 42 69 55 26 86 87 18 27 96 33 37 24 63 72 80 73 39 14 
557-10-15 1?2.471 = 10 65 51 42 69 55 62 57 60 59 46 30 35 39 73 80 72 63 24 67 15 
557-11-12 1?1.949 = 11 68 51 42 69 55 26 70 74 86 62 57 60 59 90 12 
557-11-13 1?2.035 = 11 68 51 42 69 55 26 70 74 86 57 60 59 90 95 13 
557-11-14 1?1.959 = 11 68 51 42 71 62 57 60 59 46 30 35 80 73 39 14 
557-11-15 1?2.293 = 11 68 51 42 71 62 57 60 78 48 35 39 73 80 72 63 24 67 15 
557-12-13 1?2.155 = 12 75 90 59 60 57 62 26 70 74 86 87 48 30 46 13 
557-12-14 1?1.997 = 12 90 95 46 30 35 80 72 63 96 33 37 24 67 73 39 14 
557-12-15 1?2.311 = 12 75 90 59 95 46 30 35 39 73 80 72 63 24 37 96 33 36 15 
557-13-14 1?2.199 = 13 95 59 57 62 26 70 74 18 87 48 35 39 73 14 
557-13-15 1?2.333 = 13 12 75 90 95 46 30 35 39 73 80 72 63 96 33 37 24 67 15 
557-14-15 1?2.108 = 14 39 35 30 48 27 96 33 37 24 63 72 80 73 67 15 
stop
