start
592-0-2 1?2.19 = 0 91 78 85 50 39 25 83 26 67 49 29 75 22 86 2 
592-0-4 1?2.204 = 0 85 50 39 25 26 67 49 29 60 96 79 32 54 38 30 4 
592-0-1 1?2.306 = 0 91 78 85 50 39 25 83 26 67 49 29 75 24 44 1 
592-0-5 1?2.175 = 0 91 78 85 50 39 25 26 67 49 29 60 96 79 32 54 72 5 
592-0-6 1?2.365 = 0 85 50 39 25 26 67 49 29 60 98 92 88 89 56 71 27 6 
592-0-7 1?2.236 = 0 85 50 39 25 26 67 49 29 60 98 92 88 89 56 41 84 7 
592-0-8 1?2.459 = 0 91 78 50 39 25 26 67 49 29 60 98 92 88 89 56 41 93 8 
592-0-11 1?2.463 = 0 91 78 85 50 39 21 51 69 63 82 95 73 65 81 42 77 33 58 11 
592-0-3 1?2.341 = 0 91 78 85 50 39 21 17 25 83 26 67 49 29 75 20 3 
592-0-10 1?2.474 = 0 91 78 85 50 39 25 26 67 49 70 76 80 40 19 28 43 37 35 10 
592-0-9 1?2.454 = 0 91 78 85 50 39 25 26 67 49 70 76 80 40 19 28 45 57 87 9 
592-0-14 1?1.79 = 0 91 78 85 50 39 21 51 66 65 73 95 82 63 69 14 
592-0-15 1?2.179 = 0 91 78 85 50 39 21 51 66 65 73 95 82 63 69 14 15 
592-1-7 1?2.384 = 1 24 83 26 67 49 29 60 98 97 16 68 61 88 89 56 71 84 7 
592-1-2 1?2.281 = 1 44 91 78 85 50 39 25 83 26 67 49 29 75 86 2 
592-1-8 1?2.608 = 1 44 24 83 26 67 49 29 60 98 97 16 68 61 89 88 56 41 93 8 
592-1-4 1?2.362 = 1 44 91 78 83 26 67 49 29 60 96 79 32 54 38 30 4 
592-0-12 1?2.452 = 0 91 78 85 50 39 21 51 66 65 81 47 70 76 80 23 18 42 77 33 12 
592-1-3 1?2.439 = 1 44 91 78 85 50 39 21 25 83 26 67 49 29 75 20 3 
592-0-13 1?2.251 = 0 91 78 85 50 39 21 51 66 47 81 65 73 95 82 63 59 55 13 
592-1-5 1?2.331 = 1 44 91 78 85 50 39 25 26 67 49 29 60 96 79 32 72 5 
592-1-6 1?2.469 = 1 44 91 78 85 50 39 25 26 67 49 29 60 96 53 94 52 6 
592-1-14 1?2.181 = 1 44 91 78 85 50 39 21 51 66 47 81 65 73 95 82 69 14 
592-1-15 1?2.57 = 1 24 44 91 78 85 50 39 21 51 66 65 73 95 82 63 69 14 15 
592-1-13 1?2.45 = 1 44 91 78 85 50 39 21 51 66 47 81 65 73 95 82 63 59 55 13 
592-1-11 1?2.594 = 1 44 91 78 85 50 39 21 51 69 82 95 73 65 81 42 77 46 58 11 
592-1-10 1?2.6 = 1 44 91 78 85 50 39 25 26 67 49 76 40 19 28 43 37 35 10 
592-2-4 1?2.425 = 2 86 75 60 98 97 92 53 96 79 32 54 38 72 30 4 
592-1-9 1?2.653 = 1 44 91 78 85 50 39 25 26 67 49 70 76 80 40 19 28 45 57 87 9 
592-1-12 1?2.478 = 1 44 91 78 85 50 39 25 26 67 49 70 76 80 23 18 42 77 33 12 
592-2-3 1?2.595 = 2 86 75 60 98 92 96 79 32 54 72 38 36 74 20 3 
592-2-5 1?2.62 = 2 86 24 83 26 67 49 29 60 98 92 96 79 32 54 38 72 5 
592-2-6 1?2.67 = 2 86 22 20 74 36 54 32 79 96 98 97 16 68 61 88 89 56 94 52 6 
592-2-14 1?2.41 = 2 86 24 44 91 78 85 50 39 21 51 66 95 82 59 63 69 14 
592-2-13 1?2.633 = 2 86 24 44 91 78 85 50 39 21 51 66 65 73 95 82 63 59 55 13 
592-2-15 1?2.827 = 2 86 24 44 91 78 85 50 39 21 51 66 65 95 82 63 69 14 15 
592-3-4 1?2.496 = 3 20 74 36 54 79 96 60 98 97 92 53 32 72 38 30 4 
592-2-9 1?2.841 = 2 86 75 60 98 97 92 61 68 16 45 28 19 40 43 37 48 87 9 
592-3-5 1?2.372 = 3 20 74 36 79 96 60 98 97 92 53 32 54 38 30 72 5 
592-2-11 1?2.826 = 2 86 75 60 98 97 16 45 28 19 40 76 70 80 23 18 42 77 33 58 11 
592-2-10 1?2.819 = 2 86 75 60 98 92 88 89 61 68 16 45 28 19 40 43 37 35 10 
592-2-7 1?2.588 = 2 86 22 20 74 36 54 32 79 96 98 97 16 68 61 88 89 56 41 84 7 
592-2-8 1?2.793 = 2 86 22 20 74 36 54 32 79 96 98 97 16 68 61 88 89 56 31 41 93 8 
592-2-12 1?2.774 = 2 86 24 44 91 78 85 50 39 21 51 66 65 95 82 63 59 55 34 12 
592-3-14 1?2.586 = 3 20 74 36 54 32 79 96 60 29 49 67 26 25 21 51 69 14 
592-3-13 1?2.653 = 3 20 74 79 96 98 97 16 45 28 19 40 80 70 47 81 65 73 55 13 
592-3-15 1?2.65 = 3 20 74 36 54 32 79 53 92 98 60 29 49 67 26 25 39 15 
592-4-5 1?2.273 = 4 30 38 54 32 79 53 92 68 61 88 89 56 94 52 90 5 
592-3-11 1?2.752 = 3 20 74 36 54 32 53 92 98 97 16 45 28 19 40 80 23 18 46 58 11 
592-3-7 1?2.432 = 3 20 74 36 54 32 53 92 98 97 16 68 61 88 89 56 31 41 84 7 
592-3-8 1?2.52 = 3 20 74 36 54 32 79 53 92 98 97 16 68 61 88 89 56 41 93 8 
592-3-9 1?2.72 = 3 20 74 36 54 32 53 92 98 97 16 45 28 19 40 43 37 48 87 9 
592-3-6 1?2.232 = 3 20 74 36 54 32 79 53 92 68 61 88 89 56 94 52 6 
592-3-12 1?2.709 = 3 20 74 36 54 32 79 96 98 97 16 45 28 19 40 80 23 18 42 77 33 12 
592-3-10 1?2.771 = 3 20 74 36 54 32 79 53 88 89 61 68 16 45 28 19 40 43 37 35 10 
592-4-14 1?2.445 = 4 36 54 32 53 92 98 97 76 70 47 81 65 73 95 82 69 14 
592-4-13 1?2.472 = 4 36 79 96 98 97 16 45 28 19 40 80 76 70 47 81 65 73 55 13 
592-4-15 1?2.475 = 4 30 72 38 54 32 53 92 98 60 29 49 67 26 25 39 15 
592-4-7 1?2.166 = 4 30 38 54 32 79 96 98 97 16 68 61 88 89 56 31 41 84 7 
592-4-6 1?2.096 = 4 30 72 38 54 32 79 96 98 92 88 89 56 71 27 6 
592-5-6 1?1.971 = 5 72 38 54 32 79 96 53 92 88 89 56 41 71 27 6 
592-4-8 1?2.345 = 4 30 72 38 54 32 53 92 98 97 16 68 61 88 89 56 41 93 8 
592-4-11 1?2.622 = 4 30 38 54 32 79 96 98 97 16 45 28 19 40 80 23 18 42 77 33 58 11 
592-4-9 1?2.565 = 4 30 72 38 54 32 79 96 98 97 16 45 28 19 40 43 37 48 87 9 
592-4-10 1?2.579 = 4 30 38 54 32 53 92 88 89 61 68 16 45 28 19 40 43 37 35 10 
592-4-12 1?2.591 = 4 30 38 54 32 79 96 98 97 16 45 28 19 40 76 80 23 18 42 77 33 12 
592-5-7 1?1.816 = 5 72 38 54 32 79 53 92 68 61 88 89 56 41 84 7 
592-6-8 1?2.089 = 6 52 94 71 41 56 89 88 61 68 16 45 57 99 62 8 
592-6-7 1?2.122 = 6 27 71 56 89 88 61 92 98 97 16 68 31 41 84 7 
592-5-15 1?2.437 = 5 72 38 54 32 79 96 53 92 98 60 29 49 67 26 25 39 15 
592-5-14 1?2.429 = 5 72 32 53 92 16 45 28 19 40 80 76 70 47 81 65 95 82 69 14 
592-5-8 1?2.117 = 5 72 38 54 32 53 92 98 97 16 68 61 88 89 56 41 93 8 
592-5-11 1?2.369 = 5 72 38 54 32 79 96 98 97 16 45 28 19 40 80 23 18 46 58 11 
592-5-9 1?2.337 = 5 72 38 54 32 79 96 98 97 16 45 28 19 40 43 37 48 87 9 
592-5-13 1?2.499 = 5 72 38 54 32 79 96 98 97 16 45 28 19 40 76 70 47 81 65 73 55 13 
592-5-10 1?2.353 = 5 72 38 54 32 79 96 98 97 16 45 28 19 40 43 37 48 64 10 
592-5-12 1?2.493 = 5 72 38 54 32 79 53 92 98 97 16 45 28 19 40 80 23 18 42 77 33 12 
592-7-9 1?1.878 = 7 84 71 56 89 88 61 68 45 28 19 43 37 48 87 9 
592-7-8 1?1.978 = 7 84 71 41 31 56 89 88 61 68 16 45 57 99 62 8 
592-6-14 1?2.238 = 6 52 94 88 89 61 68 45 28 19 40 76 70 47 81 65 95 82 69 14 
592-6-15 1?2.454 = 6 52 94 88 89 61 68 45 28 19 40 80 76 70 47 81 65 66 51 15 
592-7-11 1?2.035 = 7 84 41 56 89 88 61 68 16 45 28 19 40 80 23 18 46 58 11 
592-7-10 1?2.001 = 7 84 41 31 56 89 88 61 68 16 45 28 19 40 43 37 35 10 
592-6-13 1?2.268 = 6 27 71 56 89 88 61 68 45 28 19 40 80 76 70 47 81 65 73 55 13 
592-6-9 1?2.186 = 6 90 52 94 56 89 88 61 68 16 45 28 19 40 43 37 48 87 9 
592-6-11 1?2.249 = 6 27 71 56 89 88 61 68 45 28 19 40 80 23 18 42 77 33 58 11 
592-6-10 1?2.233 = 6 52 94 71 41 56 89 88 61 68 16 45 28 19 40 43 37 35 10 
592-6-12 1?2.391 = 6 27 71 41 31 56 89 88 61 68 16 45 28 19 40 80 23 18 42 77 33 12 
592-8-10 1?1.902 = 8 93 41 56 89 88 61 68 45 28 19 43 37 35 10 
592-8-9 1?1.931 = 8 62 99 41 56 89 88 61 68 16 45 57 48 87 9 
592-8-13 1?2.215 = 8 93 41 56 89 61 68 16 28 19 40 80 76 70 47 81 65 73 55 13 
592-8-11 1?2.099 = 8 93 41 56 89 88 61 68 16 45 28 19 40 23 18 46 58 11 
592-8-12 1?2.102 = 8 93 41 56 89 88 61 68 16 28 19 40 80 23 18 42 77 33 12 
592-8-15 1?2.465 = 8 93 41 56 89 61 68 45 28 19 40 80 70 47 81 65 66 51 15 
592-7-13 1?2.132 = 7 84 71 56 89 88 61 68 45 28 19 40 80 76 70 47 81 65 73 55 13 
592-8-14 1?2.275 = 8 93 41 56 89 61 68 45 28 19 40 76 70 47 81 65 95 82 69 14 
592-7-15 1?2.379 = 7 84 41 56 89 61 68 45 28 19 40 80 76 70 47 81 65 66 51 15 
592-7-12 1?2.041 = 7 84 41 56 89 88 61 68 16 45 28 19 40 80 23 18 42 77 33 12 
592-7-14 1?2.271 = 7 84 71 56 89 88 61 68 45 28 19 40 80 76 70 47 81 65 73 95 82 69 14 
592-10-13 1?1.877 = 10 35 46 77 33 42 81 47 65 73 95 82 63 59 13 
592-10-12 1?1.995 = 10 64 48 57 45 28 19 40 80 70 23 18 42 77 33 12 
592-10-11 1?2.042 = 10 64 48 57 45 28 19 40 80 23 18 42 77 46 58 11 
592-9-11 1?2.046 = 9 87 48 57 45 28 19 40 23 18 42 33 77 46 58 11 
592-9-10 1?2.107 = 9 87 57 45 28 19 40 80 76 70 23 18 43 37 35 10 
592-9-12 1?2.155 = 9 87 48 57 45 28 19 40 76 70 47 81 65 73 55 34 12 
592-9-13 1?2.094 = 9 87 57 45 28 19 40 80 76 70 47 81 65 73 95 82 63 59 13 
592-10-14 1?2.214 = 10 64 48 57 45 28 19 40 80 76 70 47 81 65 95 82 63 69 14 
592-9-15 1?2.535 = 9 87 48 57 45 28 19 40 80 76 70 47 81 65 73 95 82 69 51 15 
592-9-14 1?2.323 = 9 87 57 45 28 19 40 80 76 70 47 81 65 73 55 59 63 82 69 14 
592-10-15 1?2.551 = 10 64 48 57 45 28 19 40 80 76 70 47 81 65 73 95 82 69 51 15 
592-12-13 1?1.831 = 12 33 77 42 18 23 80 76 70 47 81 65 73 55 59 13 
592-11-14 1?1.927 = 11 58 77 42 18 23 80 76 70 47 81 65 73 95 82 69 14 
592-11-13 1?1.888 = 11 58 46 77 33 42 81 65 73 95 82 69 63 59 13 
592-13-14 1?1.94 = 13 34 33 77 42 81 47 65 73 55 59 63 82 69 14 
592-12-14 1?1.86 = 12 33 77 42 18 23 80 76 70 47 81 65 73 95 82 69 14 
592-11-12 1?2.029 = 11 58 33 77 42 81 47 65 73 95 82 63 59 55 34 12 
592-12-15 1?2.117 = 12 33 77 42 81 47 65 73 95 82 59 63 69 51 15 
592-13-15 1?2.081 = 13 55 59 63 82 95 73 65 81 47 66 51 21 39 15 
592-14-15 1?2.017 = 14 69 82 63 59 55 73 65 95 66 51 21 39 50 15 
592-11-15 1?2.473 = 11 58 46 37 43 28 19 40 80 76 70 47 81 65 73 95 66 51 15 
stop
