start
882-0-3 1?2.267 = 0 41 50 47 87 79 25 65 83 61 26 60 44 81 96 71 88 54 3 
882-0-7 1?2.383 = 0 47 41 50 87 79 65 83 61 81 60 44 72 34 19 20 64 40 91 7 
882-0-8 1?2.549 = 0 47 50 41 53 21 63 68 52 92 23 35 16 24 98 36 22 66 59 95 8 
882-0-5 1?2.401 = 0 47 41 50 87 79 65 83 61 81 60 44 72 34 17 19 20 82 31 5 
882-0-4 1?2.495 = 0 47 41 50 87 79 25 65 83 61 30 49 48 74 96 71 88 54 86 62 4 
882-0-6 1?2.306 = 0 47 41 50 87 79 65 83 61 81 60 44 72 34 19 20 64 40 18 78 6 
882-0-1 1?2.11 = 0 47 50 41 53 45 68 21 63 29 85 83 65 79 87 25 1 
882-0-11 1?2.429 = 0 47 50 41 53 21 63 68 52 92 23 35 16 24 98 36 77 28 27 11 
882-0-2 1?2.247 = 0 41 50 47 87 79 65 83 61 30 96 71 88 54 3 74 48 49 32 2 
882-0-9 1?2.602 = 0 47 50 41 53 21 63 52 35 23 24 16 98 36 77 22 89 66 59 57 9 
882-0-10 1?2.461 = 0 47 50 41 53 21 63 68 58 92 23 35 16 24 98 36 77 28 55 10 
882-0-15 1?2.025 = 0 47 50 41 53 21 63 68 45 58 94 42 99 93 70 15 
882-1-2 1?2.179 = 1 25 79 87 47 50 41 53 21 68 63 29 85 65 83 32 2 
882-1-3 1?1.884 = 1 25 87 47 41 50 79 65 83 61 30 48 96 71 88 54 3 
882-0-12 1?2.38 = 0 47 50 41 53 21 63 68 45 58 94 99 42 51 80 39 69 37 12 
882-0-13 1?2.353 = 0 47 41 50 87 79 65 83 85 29 63 21 68 45 94 99 42 51 13 
882-0-14 1?2.071 = 0 41 50 47 87 79 65 83 85 29 63 21 68 45 94 42 99 14 
882-1-4 1?2.436 = 1 25 0 41 47 50 87 79 65 83 61 30 49 48 74 96 71 54 88 86 4 
882-1-7 1?2.487 = 1 25 87 79 65 83 61 30 81 60 44 72 34 19 20 64 40 18 78 91 7 
882-1-5 1?2.371 = 1 25 83 61 81 60 44 72 34 17 19 20 64 40 18 78 75 5 
882-1-8 1?2.611 = 1 25 83 65 85 29 84 52 35 23 24 16 98 36 77 89 66 59 95 8 
882-1-6 1?2.28 = 1 25 65 83 61 30 81 60 44 72 34 17 19 20 64 40 18 78 75 6 
882-2-4 1?1.932 = 2 49 48 74 96 71 54 88 81 60 44 43 62 86 4 
882-1-15 1?1.982 = 1 25 79 87 50 41 53 21 63 68 45 94 42 99 93 15 
882-1-14 1?2.594 = 1 25 32 49 61 83 65 79 87 47 50 41 53 21 63 68 45 94 99 14 
882-2-3 1?1.824 = 2 49 30 81 60 44 72 34 17 43 86 54 88 71 3 
882-2-5 1?1.932 = 2 49 30 81 60 44 72 34 17 19 20 64 82 31 5 
882-2-6 1?2.182 = 2 48 74 96 71 54 88 86 43 17 34 19 20 64 40 18 78 75 6 
882-1-10 1?2.569 = 1 25 79 87 47 50 41 53 21 63 52 92 23 35 16 24 98 36 77 28 55 10 
882-1-11 1?2.617 = 1 25 79 87 47 50 41 53 21 63 52 92 23 35 16 24 98 36 77 28 27 11 
882-1-12 1?2.44 = 1 25 79 87 47 50 41 53 21 63 68 45 94 99 42 51 80 39 37 12 
882-1-13 1?2.736 = 1 25 65 83 85 79 87 47 50 41 53 21 63 68 45 58 94 99 42 51 13 
882-1-9 1?2.649 = 1 25 79 87 47 50 41 53 21 63 68 52 35 23 24 16 98 36 22 89 9 
882-3-4 1?1.847 = 3 54 88 71 96 81 60 44 72 34 17 43 62 86 4 
882-2-14 1?2.383 = 2 32 25 79 87 47 50 41 53 21 63 68 45 58 94 93 99 42 14 
882-3-5 1?1.809 = 3 71 54 88 86 43 17 34 19 20 64 82 31 5 
882-2-15 1?2.555 = 2 48 96 71 54 88 86 44 60 81 61 83 65 79 87 50 41 70 15 
882-2-7 1?2.382 = 2 48 74 96 71 54 88 86 62 43 17 34 19 20 64 40 18 78 91 7 
882-2-12 1?2.627 = 2 49 30 81 44 60 26 73 90 35 23 16 98 24 76 97 69 37 12 
882-2-13 1?2.555 = 2 32 83 65 79 87 47 50 41 53 21 63 68 45 58 94 99 42 51 13 
882-2-8 1?2.537 = 2 48 74 96 71 54 88 86 43 17 19 20 64 40 18 78 91 8 
882-2-10 1?2.603 = 2 49 30 81 44 60 73 90 84 52 92 23 35 16 24 98 36 77 28 55 10 
882-2-11 1?2.643 = 2 49 30 81 60 26 73 90 84 52 92 23 35 16 24 98 36 77 28 27 11 
882-2-9 1?2.55 = 2 48 74 96 71 54 88 86 43 17 19 20 64 67 56 59 66 57 9 
882-3-14 1?2.277 = 3 71 54 88 81 60 73 90 29 21 63 68 45 94 42 99 14 
882-3-15 1?2.217 = 3 54 88 71 96 74 48 49 30 61 83 65 25 79 87 50 41 70 15 
882-4-5 1?1.901 = 4 86 54 88 71 96 81 60 44 72 34 17 43 62 5 
882-3-6 1?1.588 = 3 71 54 88 86 43 17 19 20 64 40 18 78 6 
882-3-7 1?2.022 = 3 71 54 88 81 60 44 72 34 17 19 20 64 40 18 78 91 7 
882-3-13 1?2.549 = 3 71 54 88 81 44 60 26 73 90 84 63 21 45 68 58 51 13 
882-3-12 1?2.507 = 3 71 54 88 81 60 73 90 35 23 16 98 24 76 97 69 37 12 
882-3-8 1?2.342 = 3 71 54 88 81 60 44 72 34 17 19 20 64 40 18 78 91 8 
882-3-10 1?2.499 = 3 71 54 88 86 62 43 17 34 19 20 64 67 56 59 66 89 55 10 
882-3-11 1?2.502 = 3 71 54 88 81 44 60 73 90 35 23 24 16 98 36 77 28 27 11 
882-3-9 1?2.532 = 3 71 54 88 86 81 60 44 72 34 17 19 20 64 67 56 59 66 57 9 
882-4-7 1?1.823 = 4 54 88 86 43 17 19 20 64 40 18 78 91 7 
882-4-15 1?2.206 = 4 86 54 88 71 96 74 48 49 30 61 83 65 79 87 47 50 41 70 15 
882-4-6 1?1.715 = 4 54 88 86 43 17 19 20 64 40 18 78 75 6 
882-5-6 1?2.104 = 5 4 54 88 86 43 17 19 20 64 40 18 78 75 6 
882-4-14 1?2.501 = 4 86 54 88 71 81 60 73 90 29 21 63 68 58 94 42 99 14 
882-4-8 1?2.354 = 4 86 54 88 71 96 81 60 44 72 34 19 20 64 67 56 95 8 
882-4-9 1?2.442 = 4 86 54 88 71 81 60 44 72 34 19 20 64 67 56 59 66 57 9 
882-4-11 1?2.572 = 4 86 54 88 71 81 60 73 90 35 23 24 98 36 77 28 27 11 
882-4-10 1?2.602 = 4 86 54 88 71 96 81 60 73 90 35 23 24 16 98 36 77 28 55 10 
882-4-13 1?2.647 = 4 86 54 88 71 81 44 60 73 90 29 63 21 45 68 58 51 13 
882-4-12 1?2.677 = 4 86 54 88 71 81 60 73 90 35 23 16 98 24 76 97 69 37 12 
882-6-7 1?1.988 = 6 75 18 31 46 17 34 19 20 64 82 40 78 91 7 
882-5-7 1?1.972 = 5 46 17 34 19 20 64 40 18 82 31 75 78 91 7 
882-6-8 1?2.021 = 6 78 40 18 31 82 19 20 64 67 56 59 66 57 8 
882-5-15 1?2.585 = 5 62 86 54 88 71 96 74 48 49 30 61 83 65 79 87 47 50 41 70 15 
882-5-8 1?2.344 = 5 75 78 18 40 82 31 46 17 34 19 20 64 67 56 95 8 
882-5-14 1?2.729 = 5 31 82 18 40 64 20 19 38 35 23 92 52 63 21 68 45 94 99 14 
882-5-9 1?2.394 = 5 75 78 40 18 31 82 17 19 20 64 67 56 59 66 57 9 
882-5-10 1?2.664 = 5 31 82 18 40 64 20 19 38 35 23 24 16 98 22 36 77 28 55 10 
882-5-11 1?2.676 = 5 75 78 18 40 64 20 19 38 35 23 24 16 98 22 36 77 28 27 11 
882-5-13 1?2.825 = 5 75 78 18 40 64 20 19 38 35 23 16 98 24 76 97 69 39 80 13 
882-5-12 1?2.759 = 5 75 78 18 40 64 20 38 35 23 24 16 98 36 77 28 97 69 37 12 
882-7-9 1?2.004 = 7 91 78 40 18 31 82 20 64 67 56 59 66 57 9 
882-7-8 1?2.074 = 7 91 78 40 18 31 82 20 64 67 56 59 66 57 8 
882-7-10 1?2.131 = 7 91 78 18 31 82 20 64 67 56 59 66 89 55 10 
882-6-9 1?2.035 = 6 75 78 40 18 31 82 19 20 64 67 56 59 66 57 9 
882-6-10 1?2.161 = 6 78 18 40 64 20 38 35 23 24 16 98 36 77 28 55 10 
882-6-15 1?2.52 = 6 78 18 40 64 20 19 34 72 44 60 81 61 83 65 79 87 50 41 70 15 
882-6-14 1?2.573 = 6 75 78 18 40 64 20 19 38 35 23 92 52 63 21 68 45 94 42 99 14 
882-7-11 1?2.401 = 7 91 78 18 40 64 20 38 35 23 24 16 98 36 77 28 27 11 
882-6-11 1?2.479 = 6 75 78 18 40 64 20 19 38 35 23 24 16 98 22 36 77 28 27 11 
882-6-12 1?2.537 = 6 78 18 40 64 20 19 38 35 23 24 16 98 36 77 28 97 69 37 12 
882-6-13 1?2.655 = 6 78 18 40 64 20 19 38 35 23 16 98 24 76 97 69 37 39 80 13 
882-8-9 1?2.324 = 8 91 78 40 18 31 82 20 64 67 56 59 66 57 9 
882-8-10 1?2.31 = 8 57 59 66 89 22 98 16 35 23 24 36 77 28 55 10 
882-8-11 1?2.238 = 8 95 59 66 89 22 36 77 28 97 69 39 37 33 27 11 
882-7-14 1?2.53 = 7 91 78 18 40 64 20 19 38 35 23 92 52 68 45 94 42 99 14 
882-8-14 1?2.522 = 8 95 59 66 89 77 36 98 24 16 35 23 92 52 68 45 94 42 99 14 
882-7-15 1?2.631 = 7 91 40 64 20 19 34 72 44 60 81 61 83 65 79 87 47 50 41 70 15 
882-8-12 1?2.413 = 8 57 59 66 22 77 36 98 24 16 35 23 76 97 69 37 12 
882-8-15 1?2.678 = 8 57 59 66 89 22 77 36 98 16 24 23 35 52 68 63 21 53 70 15 
882-7-12 1?2.552 = 7 91 78 18 40 64 20 19 38 35 23 16 98 24 76 97 69 37 12 
882-7-13 1?2.652 = 7 91 78 18 40 64 20 19 38 98 16 24 76 97 69 37 39 80 13 
882-8-13 1?2.629 = 8 95 59 66 89 22 77 36 98 16 24 23 35 52 68 45 94 51 13 
882-9-10 1?2.24 = 9 57 59 66 89 22 98 16 35 23 24 36 77 28 55 10 
882-9-11 1?2.239 = 9 57 59 66 89 22 77 36 98 16 24 76 97 33 27 11 
882-10-11 1?2.299 = 10 55 28 77 36 24 16 35 23 76 97 69 37 33 27 11 
882-10-14 1?2.357 = 10 55 28 77 36 24 16 35 23 92 52 63 21 68 45 94 42 99 14 
882-10-12 1?2.242 = 10 55 28 77 36 98 24 16 35 23 76 97 69 39 37 12 
882-10-15 1?2.559 = 10 55 28 77 36 22 98 24 16 35 23 92 52 63 21 68 45 53 70 15 
882-9-14 1?2.462 = 9 57 59 66 22 98 16 24 23 35 52 63 21 68 45 94 42 99 14 
882-10-13 1?2.298 = 10 55 28 77 36 98 24 16 35 23 92 52 68 58 51 13 
882-9-15 1?2.584 = 9 57 59 66 89 22 77 36 24 98 16 35 23 92 52 63 21 53 70 15 
882-9-12 1?2.343 = 9 57 59 66 22 77 36 98 24 16 35 23 76 97 69 37 12 
882-9-13 1?2.536 = 9 57 59 66 22 98 16 24 23 35 52 63 21 68 45 94 51 13 
882-12-14 1?2.271 = 12 37 69 39 80 58 45 68 63 21 53 70 93 99 42 14 
882-13-14 1?2.424 = 13 80 39 37 69 97 76 24 16 35 23 92 58 94 99 14 
882-14-15 1?2.211 = 14 99 94 45 68 63 21 85 65 83 25 87 50 41 70 15 
882-12-15 1?2.359 = 12 37 39 80 51 42 99 93 94 58 45 68 63 21 53 70 15 
882-13-15 1?2.574 = 13 51 94 58 68 45 21 63 29 85 65 83 25 87 50 41 70 15 
882-11-14 1?2.388 = 11 27 28 77 36 98 16 24 23 35 52 63 21 68 58 94 99 14 
882-11-12 1?2.256 = 11 27 28 77 36 22 98 24 16 35 23 76 97 69 37 12 
882-12-13 1?2.264 = 12 37 69 39 80 58 68 63 21 45 94 93 99 42 51 13 
882-11-13 1?2.229 = 11 27 33 37 39 58 68 63 21 45 94 99 42 51 13 
882-11-15 1?2.614 = 11 27 28 77 22 36 98 24 16 35 23 92 52 63 21 68 45 53 70 15 
stop
