start
738-0-3 1?2.032 = 0 21 47 51 36 38 83 66 17 94 82 48 50 25 35 3 
738-0-2 1?2.249 = 0 21 47 51 36 38 83 66 17 94 82 48 50 25 35 2 
738-0-4 1?2.687 = 0 21 47 51 36 38 83 66 17 94 48 82 79 50 35 25 95 58 4 
738-0-1 1?2.374 = 0 21 51 77 45 61 46 53 65 49 54 52 36 38 83 1 
738-0-11 1?2.578 = 0 21 47 51 77 45 49 65 53 46 61 73 18 57 91 97 71 39 11 
738-0-6 1?2.591 = 0 21 51 77 49 65 53 46 61 19 87 41 67 29 42 81 22 72 6 
738-0-8 1?2.63 = 0 21 47 84 63 44 61 46 53 65 49 19 41 87 29 42 59 24 75 8 
738-0-5 1?2.628 = 0 21 47 51 77 45 49 65 53 46 19 41 87 29 67 32 69 56 86 5 
738-0-9 1?2.7 = 0 21 47 51 77 45 49 65 53 46 61 73 18 57 91 92 31 43 85 96 55 9 
738-0-10 1?2.607 = 0 21 51 77 45 49 65 53 46 61 73 18 57 91 92 76 43 85 96 10 
738-0-7 1?2.534 = 0 21 51 77 49 65 53 46 19 41 87 29 42 59 98 89 78 28 27 62 7 
738-0-15 1?2.27 = 0 21 51 77 49 65 53 46 61 44 16 40 34 26 88 15 
738-1-3 1?1.961 = 1 83 66 17 94 48 82 38 36 52 80 90 50 25 35 3 
738-0-12 1?2.332 = 0 21 47 51 77 49 65 53 46 61 73 18 57 74 70 12 
738-0-14 1?2.239 = 0 21 51 77 45 49 65 46 61 44 16 40 34 26 14 
738-1-2 1?1.915 = 1 17 66 83 38 36 52 80 99 90 79 50 48 82 94 2 
738-0-13 1?2.298 = 0 21 47 51 77 45 49 65 46 61 44 40 34 16 13 
738-1-4 1?2.443 = 1 83 66 17 94 48 82 38 36 52 80 99 90 79 50 25 95 58 4 
738-1-8 1?2.602 = 1 83 38 36 52 54 49 65 53 46 19 87 41 67 29 42 59 98 24 75 8 
738-1-5 1?2.62 = 1 83 38 36 52 54 49 65 53 46 19 41 87 29 67 32 33 69 56 86 5 
738-1-6 1?2.614 = 1 83 38 36 52 80 54 49 65 53 46 19 41 87 29 42 81 22 72 6 
738-1-7 1?2.601 = 1 83 38 36 52 54 49 65 19 41 87 29 42 59 98 89 78 28 27 62 7 
738-1-14 1?2.212 = 1 83 38 36 52 80 54 49 65 53 46 61 44 40 34 14 
738-1-15 1?2.328 = 1 83 38 36 54 49 65 53 46 61 44 40 34 26 88 15 
738-1-13 1?2.276 = 1 83 38 36 52 80 54 49 65 53 46 61 44 40 34 13 
738-2-5 1?1.981 = 2 94 48 82 17 66 83 38 36 52 80 99 68 56 86 5 
738-1-12 1?2.462 = 1 17 66 83 38 36 52 80 54 49 65 53 46 61 93 30 70 60 12 
738-2-3 1?1.709 = 2 94 48 82 17 66 83 38 36 52 80 90 50 25 35 3 
738-1-11 1?2.486 = 1 83 38 36 52 80 54 49 65 53 46 61 73 18 57 39 71 11 
738-2-4 1?1.875 = 2 94 48 82 17 66 83 38 36 52 80 90 99 95 58 4 
738-1-10 1?2.528 = 1 83 38 36 52 80 54 49 65 53 46 61 73 18 57 91 97 39 71 10 
738-2-6 1?2.43 = 2 94 48 82 17 66 83 38 36 52 80 32 67 29 42 81 22 72 6 
738-1-9 1?2.555 = 1 83 38 36 52 54 49 65 53 46 61 73 18 57 91 92 76 43 85 96 55 9 
738-2-15 1?2.293 = 2 94 17 66 83 38 36 52 54 49 65 53 45 63 26 88 15 
738-3-5 1?2.053 = 3 35 48 82 94 17 66 83 38 36 52 80 68 56 86 5 
738-2-14 1?2.232 = 2 17 66 83 38 36 52 54 49 65 53 46 61 44 16 40 34 14 
738-3-4 1?1.903 = 3 35 25 50 48 82 94 17 66 83 38 36 90 99 58 4 
738-2-12 1?2.444 = 2 48 82 94 17 66 83 38 36 52 54 49 65 53 46 61 93 30 70 60 12 
738-2-13 1?2.315 = 2 94 17 66 83 38 36 52 54 49 65 53 46 61 44 40 34 16 13 
738-2-11 1?2.481 = 2 94 17 66 83 38 36 52 54 49 65 53 46 61 73 18 57 39 71 11 
738-2-10 1?2.414 = 2 94 17 66 83 38 36 52 54 49 65 53 46 61 73 18 57 91 97 23 10 
738-2-8 1?2.479 = 2 94 17 66 83 38 36 52 54 49 65 19 41 87 29 42 59 24 75 8 
738-2-9 1?2.357 = 2 94 17 66 38 36 54 49 65 53 46 61 73 18 92 76 43 85 96 55 9 
738-2-7 1?2.422 = 2 94 17 66 83 38 36 54 41 87 29 42 59 98 89 78 28 27 62 7 
738-3-15 1?2.391 = 3 35 25 50 90 80 52 54 49 65 53 46 61 44 40 34 26 88 15 
738-4-5 1?2.269 = 4 95 25 50 48 94 17 66 82 79 90 99 68 56 86 5 
738-3-14 1?2.306 = 3 35 25 50 79 90 80 52 54 49 65 53 46 61 44 40 34 26 14 
738-3-13 1?2.516 = 3 35 25 50 79 38 36 52 80 54 49 65 53 46 61 44 63 40 34 13 
738-3-10 1?2.443 = 3 35 25 50 79 90 80 52 54 49 65 53 46 61 73 18 91 97 39 71 10 
738-3-12 1?2.602 = 3 35 25 50 79 90 99 80 52 54 49 65 53 46 61 73 18 57 74 70 60 12 
738-3-11 1?2.535 = 3 35 25 50 79 90 80 52 54 49 65 53 46 61 73 18 57 91 97 39 11 
738-3-8 1?2.507 = 3 35 25 50 90 80 52 54 49 65 53 46 19 41 87 29 42 59 24 75 8 
738-3-6 1?2.322 = 3 35 25 50 48 82 94 17 66 83 38 36 52 80 68 69 72 6 
738-3-9 1?2.345 = 3 35 25 50 90 80 54 49 65 53 46 61 73 18 92 76 43 85 96 55 9 
738-3-7 1?2.444 = 3 35 25 50 90 80 54 41 87 29 42 59 24 98 89 78 28 27 62 7 
738-4-15 1?2.475 = 4 58 95 99 80 54 49 65 53 46 61 44 16 40 34 26 88 15 
738-4-14 1?2.482 = 4 58 68 32 67 29 87 41 19 49 65 53 46 61 44 16 40 34 14 
738-4-11 1?2.561 = 4 58 95 99 80 54 49 65 53 46 61 73 18 57 91 97 71 39 11 
738-4-6 1?2.239 = 4 20 86 56 69 81 98 89 78 28 27 62 22 72 6 
738-4-10 1?2.488 = 4 58 99 90 80 54 49 65 53 46 61 73 18 57 91 97 39 71 10 
738-5-6 1?2.069 = 5 86 56 69 81 98 24 75 78 28 27 62 22 72 6 
738-4-8 1?2.519 = 4 58 20 86 56 69 72 22 62 27 28 78 89 98 59 64 24 75 8 
738-4-7 1?2.08 = 4 20 56 69 33 42 59 64 24 98 89 78 28 27 62 7 
738-4-12 1?2.815 = 4 58 95 25 50 79 90 80 52 54 49 65 53 46 61 73 18 57 74 70 60 12 
738-4-13 1?2.7 = 4 20 56 69 32 67 29 87 41 19 49 65 53 46 61 44 40 34 16 13 
738-4-9 1?2.465 = 4 58 99 90 80 52 54 49 65 53 46 61 73 18 92 76 43 85 96 55 9 
738-5-8 1?1.909 = 5 86 56 69 72 22 81 27 28 78 89 98 24 75 8 
738-6-8 1?1.984 = 6 72 81 22 62 27 28 78 89 98 24 59 64 75 8 
738-5-15 1?2.521 = 5 86 56 69 33 42 29 87 41 19 61 44 16 40 34 26 88 15 
738-5-14 1?2.472 = 5 86 56 69 32 67 29 87 41 19 49 65 53 46 61 44 16 40 34 14 
738-5-7 1?1.901 = 5 86 56 69 33 42 59 64 24 98 89 78 28 27 62 7 
738-6-7 1?2.21 = 6 22 27 89 98 24 64 31 76 43 85 37 75 78 28 7 
738-5-11 1?2.533 = 5 86 72 22 27 28 78 89 98 24 64 37 31 76 43 85 23 71 39 11 
738-5-10 1?2.43 = 5 86 56 69 72 22 27 28 78 89 98 24 64 37 31 76 43 85 96 10 
738-5-12 1?2.687 = 5 86 56 69 32 67 29 87 41 19 49 65 53 46 61 73 18 93 30 70 60 12 
738-5-13 1?2.664 = 5 86 56 69 33 42 29 67 41 87 19 49 65 53 46 61 44 63 40 34 13 
738-5-9 1?2.307 = 5 86 56 69 72 22 27 28 78 75 24 64 37 31 76 43 85 96 55 9 
738-7-8 1?1.79 = 7 62 27 28 78 89 98 24 64 31 76 43 85 96 55 37 8 
738-6-15 1?2.484 = 6 22 81 42 29 87 41 19 65 53 46 61 44 40 34 26 88 15 
738-7-9 1?1.445 = 7 62 27 28 78 89 98 24 64 37 31 76 43 85 96 55 9 
738-7-10 1?2.024 = 7 62 27 28 78 89 98 24 64 37 31 76 43 85 96 23 97 39 71 10 
738-6-9 1?1.744 = 6 72 22 27 28 78 75 24 64 31 76 43 85 96 55 9 
738-6-10 1?2.183 = 6 72 22 62 27 28 78 75 89 98 24 64 37 31 76 43 85 96 10 
738-6-11 1?2.31 = 6 72 22 62 27 28 78 89 98 24 64 31 76 43 85 96 23 71 39 11 
738-6-14 1?2.543 = 6 72 22 81 42 29 87 41 19 49 65 53 46 61 44 16 40 34 26 14 
738-6-13 1?2.464 = 6 72 22 81 42 87 41 19 49 65 53 46 61 44 40 34 16 13 
738-6-12 1?2.584 = 6 72 22 62 27 28 78 89 98 24 64 31 76 92 91 57 74 70 60 12 
738-7-11 1?2.182 = 7 62 27 28 78 89 75 24 98 59 64 37 31 76 43 85 23 71 39 11 
738-8-10 1?1.751 = 8 75 78 28 27 89 98 24 64 37 31 76 43 85 96 55 10 
738-8-12 1?2.228 = 8 28 78 89 98 24 64 37 31 43 76 92 91 57 74 70 60 12 
738-8-9 1?1.58 = 8 75 78 28 27 89 98 24 64 37 31 76 43 85 96 55 9 
738-8-11 1?2.039 = 8 75 78 28 27 89 98 24 64 37 31 76 43 85 96 23 71 39 11 
738-7-15 1?2.488 = 7 62 22 81 42 29 87 41 19 65 53 46 61 44 40 34 26 88 15 
738-8-15 1?2.573 = 8 75 24 59 42 29 87 41 19 49 65 53 46 61 44 40 34 26 88 15 
738-8-13 1?2.442 = 8 75 24 59 42 29 87 41 19 49 65 53 46 61 44 40 34 16 13 
738-8-14 1?2.445 = 8 75 24 98 59 42 29 87 41 19 49 65 53 46 61 44 16 40 34 14 
738-7-12 1?2.399 = 7 62 27 28 78 89 98 24 64 37 85 43 31 76 92 91 57 74 70 60 12 
738-7-14 1?2.471 = 7 62 27 28 78 89 98 59 42 29 87 41 19 46 53 61 44 16 40 34 14 
738-7-13 1?2.48 = 7 62 27 28 78 89 98 59 42 29 87 41 19 46 61 44 40 34 16 13 
738-10-12 1?2.191 = 10 71 39 97 23 96 85 43 31 76 92 91 57 74 70 60 12 
738-9-12 1?2.058 = 9 55 96 85 43 31 76 92 91 57 18 73 93 30 70 60 12 
738-10-11 1?2.295 = 10 96 85 43 76 31 37 64 24 98 59 92 91 97 39 11 
738-9-11 1?2.159 = 9 55 96 85 43 31 37 64 24 98 59 92 91 97 39 11 
738-9-10 1?2.015 = 9 37 75 78 28 27 89 98 24 64 31 76 43 85 96 55 10 
738-10-13 1?2.183 = 10 23 97 91 57 18 73 61 46 53 45 44 40 34 16 13 
738-10-14 1?2.317 = 10 23 97 91 57 18 73 61 46 53 65 49 45 44 40 34 26 14 
738-10-15 1?2.489 = 10 71 39 57 18 73 61 46 53 65 49 45 44 16 40 34 26 88 15 
738-9-14 1?2.353 = 9 55 96 85 43 76 92 18 73 61 46 53 65 49 45 44 40 34 26 14 
738-9-13 1?2.342 = 9 55 96 85 43 76 92 18 73 61 46 53 65 49 45 63 40 34 16 13 
738-9-15 1?2.544 = 9 55 96 85 43 76 92 18 73 61 46 65 49 45 44 16 40 34 26 88 15 
738-11-12 1?2.218 = 11 39 71 23 96 85 43 76 31 92 91 57 93 30 70 60 12 
738-13-14 1?2.362 = 13 16 34 40 44 61 53 46 19 65 49 45 63 26 88 14 
738-11-14 1?2.182 = 11 39 71 97 91 57 18 73 61 44 16 40 34 26 14 
738-12-14 1?2.139 = 12 60 70 30 93 61 46 53 65 49 45 44 16 40 34 14 
738-12-15 1?2.276 = 12 70 30 93 61 46 53 65 49 45 44 40 34 26 88 15 
738-14-15 1?2.252 = 14 26 34 40 16 44 61 46 53 65 49 45 77 84 15 
738-13-15 1?2.359 = 13 16 34 40 44 61 46 53 65 49 45 77 51 47 15 
738-12-13 1?2.188 = 12 60 70 30 93 61 46 53 65 49 45 44 40 34 16 13 
738-11-13 1?2.271 = 11 39 57 18 73 61 46 53 65 49 45 44 40 34 13 
738-11-15 1?2.505 = 11 39 57 18 73 61 46 53 65 49 45 44 16 40 34 26 88 15 
stop
