start
827-0-2 1?2.094 = 0 40 27 30 76 20 50 73 46 68 57 90 89 21 63 2 
827-0-1 1?1.869 = 0 20 50 73 46 68 57 90 89 63 21 76 30 27 40 1 
827-0-6 1?2.517 = 0 20 50 73 92 29 75 70 26 33 31 22 99 83 98 74 48 54 6 
827-0-5 1?2.637 = 0 53 69 17 80 19 25 71 60 92 29 75 68 57 90 95 88 82 38 5 
827-0-7 1?2.56 = 0 20 50 73 92 29 75 70 26 87 31 77 22 99 83 98 74 48 54 62 7 
827-0-8 1?2.513 = 0 20 50 73 92 29 75 60 71 25 65 33 31 77 42 36 32 84 64 8 
827-0-10 1?2.522 = 0 20 50 73 46 57 68 75 29 92 60 71 25 65 39 67 85 18 58 10 
827-0-4 1?2.102 = 0 40 27 30 76 21 63 89 90 95 88 35 59 49 44 4 
827-0-11 1?2.341 = 0 20 50 73 46 57 68 75 29 92 60 71 25 65 39 67 85 41 11 
827-0-9 1?2.553 = 0 20 50 73 92 29 75 60 71 25 65 39 33 87 31 77 42 94 32 84 64 9 
827-0-3 1?1.99 = 0 40 27 30 76 21 63 89 90 95 88 35 59 49 78 3 
827-0-13 1?2.011 = 0 40 27 30 76 50 73 92 75 60 71 25 55 66 86 13 
827-1-2 1?1.969 = 1 30 27 40 20 50 73 46 68 57 90 89 21 63 61 2 
827-0-14 1?1.908 = 0 20 50 73 46 57 68 75 29 92 60 71 25 55 51 14 
827-0-15 1?1.918 = 0 20 50 73 46 68 75 29 92 60 71 25 19 80 17 69 15 
827-0-12 1?2.323 = 0 20 50 73 46 57 68 75 29 92 60 71 25 55 66 86 28 43 37 12 
827-1-3 1?1.837 = 1 27 40 20 50 73 46 68 57 90 89 21 63 61 16 3 
827-1-4 1?1.981 = 1 40 27 30 76 21 63 89 90 95 88 35 59 49 44 4 
827-1-5 1?2.492 = 1 27 40 20 50 73 92 29 75 68 57 90 89 21 63 88 35 38 93 5 
827-1-7 1?2.51 = 1 30 27 40 20 50 73 46 68 57 34 72 22 99 83 98 74 48 54 62 7 
827-1-6 1?2.471 = 1 27 40 20 50 73 92 29 75 70 26 87 22 99 83 98 74 48 54 6 
827-1-8 1?2.402 = 1 27 40 20 50 73 92 29 75 70 26 87 31 77 42 36 32 84 64 8 
827-1-15 1?1.757 = 1 27 40 20 50 73 92 29 75 60 71 25 19 80 17 15 
827-1-11 1?2.277 = 1 27 40 20 50 73 46 29 92 60 71 25 65 39 67 85 41 11 
827-2-3 1?2.073 = 2 30 27 40 20 50 73 46 68 57 90 89 63 61 16 3 
827-2-6 1?2.561 = 2 63 21 89 90 57 68 70 26 87 31 22 99 83 74 48 54 6 
827-1-14 1?1.839 = 1 27 40 20 50 73 92 29 75 60 71 25 19 80 17 14 
827-2-4 1?2.196 = 2 30 27 40 20 50 73 46 90 95 88 35 59 49 44 4 
827-2-5 1?2.533 = 2 30 27 40 20 50 73 46 90 89 21 63 88 35 82 38 93 5 
827-1-10 1?2.422 = 1 27 40 20 50 73 46 68 75 29 92 60 71 25 65 39 67 45 56 91 10 
827-1-12 1?2.16 = 1 27 40 20 50 73 92 29 75 60 71 25 55 66 86 28 43 37 12 
827-1-13 1?1.959 = 1 27 40 20 50 46 57 68 75 29 92 60 71 25 55 66 86 13 
827-1-9 1?2.455 = 1 27 40 20 50 73 92 29 75 60 71 25 65 33 31 77 42 94 32 84 64 9 
827-2-15 1?2.025 = 2 63 21 89 90 57 68 75 29 92 60 71 25 19 80 17 69 15 
827-3-5 1?2.355 = 3 16 61 63 21 89 46 68 57 90 95 88 35 82 38 93 5 
827-2-10 1?2.473 = 2 63 21 89 90 57 68 75 29 92 60 71 25 65 39 67 45 56 91 10 
827-2-11 1?2.514 = 2 63 21 89 90 57 68 75 29 92 60 71 25 65 33 39 67 85 41 11 
827-3-4 1?2.226 = 3 16 61 63 21 89 46 68 57 90 95 88 35 59 49 44 4 
827-2-9 1?2.563 = 2 63 89 90 57 68 29 92 75 70 26 33 87 31 77 42 94 32 84 64 9 
827-2-14 1?2.161 = 2 63 21 89 46 57 68 70 75 29 92 60 71 25 55 51 14 
827-2-12 1?2.323 = 2 63 21 89 90 57 68 75 29 92 60 71 25 65 39 96 37 12 
827-2-13 1?2.215 = 2 30 27 40 20 50 73 46 68 75 29 92 60 71 25 55 66 86 13 
827-2-7 1?2.627 = 2 63 21 89 90 57 68 70 26 33 31 22 99 83 98 74 48 54 62 7 
827-2-8 1?2.463 = 2 63 21 89 90 57 68 70 26 33 31 77 42 94 32 84 64 8 
827-3-15 1?2.015 = 3 16 61 63 89 90 57 68 75 29 92 60 71 25 19 80 17 15 
827-3-6 1?2.142 = 3 16 78 49 59 35 82 79 81 54 48 74 97 24 62 6 
827-4-5 1?2.448 = 4 44 49 59 35 82 23 83 98 74 48 54 81 79 38 5 
827-3-11 1?2.489 = 3 16 61 63 21 89 90 57 68 75 29 92 60 71 25 65 39 67 85 41 11 
827-3-7 1?2.529 = 3 16 49 59 35 82 23 72 22 31 77 99 83 98 74 48 54 62 7 
827-3-10 1?2.569 = 3 16 61 63 21 89 90 57 68 75 29 92 60 71 25 65 39 67 85 18 10 
827-3-14 1?2.195 = 3 16 61 63 21 89 90 57 68 70 75 29 92 60 71 25 55 51 14 
827-3-9 1?2.537 = 3 78 49 59 35 82 79 81 54 48 74 98 83 99 22 77 42 94 32 84 64 9 
827-3-13 1?2.404 = 3 78 49 59 35 88 63 21 89 90 57 68 75 29 92 60 71 25 55 66 86 13 
827-3-8 1?2.515 = 3 78 49 59 35 82 79 81 74 48 54 97 24 94 36 32 84 64 8 
827-3-12 1?2.525 = 3 78 16 61 63 21 89 90 57 68 75 29 92 60 71 25 55 66 28 43 37 12 
827-4-7 1?2.164 = 4 44 78 16 61 49 59 35 82 79 81 74 48 54 62 7 
827-4-15 1?2.356 = 4 44 49 59 35 88 95 90 57 68 75 29 92 60 71 25 19 80 17 69 15 
827-5-6 1?2.439 = 5 79 81 54 48 74 98 83 99 22 77 42 94 24 97 62 6 
827-4-6 1?2.288 = 4 44 49 59 35 82 23 72 22 99 83 98 74 48 54 6 
827-4-10 1?2.55 = 4 93 38 79 81 54 48 74 98 83 99 22 77 42 36 91 56 58 18 10 
827-4-11 1?2.688 = 4 93 38 79 81 54 48 74 98 83 99 22 77 31 87 33 39 67 85 41 11 
827-4-9 1?2.506 = 4 93 38 79 81 54 48 74 98 83 99 22 31 77 42 36 94 32 84 64 9 
827-4-14 1?2.415 = 4 44 49 59 88 63 21 89 90 57 68 75 29 92 60 71 25 55 51 14 
827-4-8 1?2.405 = 4 93 38 79 81 54 48 74 83 99 22 77 42 36 94 32 84 64 8 
827-4-12 1?2.622 = 4 44 49 59 88 95 90 57 68 75 29 92 60 71 25 55 66 86 28 43 37 12 
827-4-13 1?2.516 = 4 44 49 59 35 88 63 21 89 90 57 68 75 29 92 60 71 25 55 66 86 13 
827-5-9 1?2.024 = 5 79 81 54 48 74 98 83 99 77 42 94 32 84 64 9 
827-5-7 1?2.34 = 5 79 81 54 48 74 98 83 99 22 77 42 94 24 97 62 7 
827-6-7 1?2.19 = 6 54 48 74 98 83 99 22 77 42 36 32 24 97 62 7 
827-5-15 1?2.486 = 5 93 38 35 88 95 90 57 68 75 29 92 60 71 25 19 80 17 69 53 15 
827-5-10 1?2.361 = 5 93 38 79 81 54 48 74 98 83 99 22 77 42 36 45 56 91 10 
827-6-8 1?1.859 = 6 62 54 48 74 98 83 99 22 77 42 94 32 84 64 8 
827-5-8 1?2.102 = 5 79 81 54 48 74 98 83 99 77 42 94 32 84 64 8 
827-5-11 1?2.554 = 5 79 81 54 48 74 98 83 99 22 77 42 36 45 91 56 58 18 41 11 
827-5-14 1?2.505 = 5 93 38 82 88 63 89 90 57 68 75 29 92 60 71 25 55 51 14 
827-5-13 1?2.539 = 5 93 38 82 35 88 95 89 90 57 68 75 29 92 60 71 25 55 66 86 13 
827-5-12 1?2.575 = 5 81 54 48 74 98 83 99 22 31 33 39 67 85 41 96 37 12 
827-6-9 1?1.781 = 6 62 54 48 74 98 83 99 22 77 42 94 32 84 64 9 
827-7-9 1?1.682 = 7 62 54 48 74 98 83 99 22 77 42 94 32 84 64 9 
827-7-10 1?1.819 = 7 62 54 48 74 98 83 99 22 77 42 36 45 56 91 10 
827-6-15 1?2.461 = 6 54 48 74 98 83 99 22 31 33 39 65 71 25 19 80 17 69 15 
827-6-10 1?2.182 = 6 62 54 48 74 98 83 99 22 77 42 94 36 45 91 56 58 10 
827-7-8 1?1.76 = 7 62 54 48 74 98 83 99 22 77 42 94 32 84 64 8 
827-7-11 1?2.175 = 7 62 54 48 74 98 83 99 22 77 31 87 33 39 67 85 41 11 
827-6-11 1?2.328 = 6 62 54 48 74 98 83 99 22 77 42 36 45 56 58 18 85 41 11 
827-6-14 1?2.461 = 6 54 48 74 98 83 72 34 57 68 75 29 92 60 71 25 55 51 14 
827-6-12 1?2.487 = 6 62 54 48 74 83 99 22 77 42 36 45 91 56 58 18 41 96 37 12 
827-6-13 1?2.625 = 6 54 48 74 98 83 99 22 31 87 33 39 67 85 41 96 37 43 28 86 13 
827-8-9 1?1.898 = 8 24 97 54 48 74 83 99 22 77 42 94 32 84 64 9 
827-8-11 1?1.925 = 8 64 84 32 94 42 77 31 87 33 39 67 85 41 11 
827-8-10 1?1.985 = 8 64 84 32 94 42 99 22 77 36 45 91 56 58 18 10 
827-7-15 1?2.45 = 7 62 54 48 74 98 83 99 22 31 33 65 71 25 19 80 17 69 53 15 
827-8-15 1?2.423 = 8 64 84 32 94 42 77 31 87 26 70 75 29 92 60 71 25 19 80 17 15 
827-8-12 1?2.183 = 8 64 84 32 94 42 77 99 22 31 87 33 67 85 41 96 37 12 
827-7-12 1?2.208 = 7 62 54 48 74 98 83 99 22 31 87 33 67 85 41 96 37 12 
827-7-14 1?2.436 = 7 62 54 48 74 98 83 99 22 31 87 33 26 65 71 25 55 51 14 
827-8-14 1?2.411 = 8 64 84 32 94 42 77 31 87 26 70 75 29 92 60 71 25 55 51 14 
827-8-13 1?2.321 = 8 64 84 32 94 36 45 91 56 58 18 85 41 96 37 43 28 66 86 13 
827-7-13 1?2.481 = 7 62 54 48 74 98 83 99 22 31 33 67 85 41 96 37 43 28 86 13 
827-10-11 1?2.024 = 10 91 56 45 36 42 77 99 22 31 87 33 67 85 41 11 
827-9-11 1?1.847 = 9 64 84 32 94 42 77 31 87 33 39 67 85 41 11 
827-9-10 1?1.917 = 9 64 84 32 94 42 99 22 77 36 45 56 91 58 18 10 
827-10-12 1?1.94 = 10 52 64 84 32 36 45 91 56 58 18 41 96 37 12 
827-9-12 1?1.77 = 9 64 84 32 94 36 45 91 56 58 18 41 96 37 12 
827-10-15 1?2.376 = 10 91 56 45 67 33 26 70 75 29 92 60 71 25 19 80 17 69 53 15 
827-9-15 1?2.345 = 9 64 84 32 94 42 77 31 87 26 70 75 29 92 60 71 25 19 80 17 15 
827-10-13 1?2.301 = 10 52 64 84 32 36 45 91 56 58 18 41 96 37 43 28 66 86 13 
827-10-14 1?2.406 = 10 18 85 67 39 33 87 26 70 75 29 92 60 71 25 55 51 14 
827-9-13 1?2.206 = 9 64 84 32 94 36 45 91 56 58 18 85 41 96 37 43 28 86 13 
827-9-14 1?2.333 = 9 64 84 32 94 42 77 31 87 26 70 75 29 92 60 71 25 55 51 14 
827-12-15 1?2.063 = 12 37 96 41 85 67 39 65 71 25 19 80 17 69 15 
827-14-15 1?2.038 = 14 51 55 25 71 60 92 29 75 68 57 46 73 47 53 15 
827-13-15 1?2.04 = 13 86 66 55 25 71 60 92 29 75 68 57 46 73 47 69 15 
827-12-13 1?2.142 = 12 37 96 41 85 67 39 33 65 71 25 55 66 86 13 
827-11-13 1?2.004 = 11 18 58 56 91 45 67 85 41 96 37 43 28 66 86 13 
827-11-15 1?2.255 = 11 41 85 39 33 26 70 75 29 92 60 71 25 19 80 17 69 15 
827-11-12 1?2.093 = 11 18 58 56 45 31 33 39 67 85 41 96 37 12 
827-12-14 1?2.112 = 12 37 96 41 85 67 33 26 65 71 25 55 51 14 
827-13-14 1?2.179 = 13 86 66 51 55 25 71 60 75 29 92 47 53 69 17 14 
827-11-14 1?2.27 = 11 18 85 67 39 65 26 70 75 29 92 60 71 25 55 51 14 
stop
