start
340-0-2 1?1.389 = 0 24 90 52 22 54 35 77 39 33 66 40 69 23 2 
340-0-3 1?1.931 = 0 24 90 52 22 54 35 77 40 33 66 38 83 46 97 31 71 3 
340-0-1 1?1.612 = 0 24 90 52 22 54 35 77 40 39 33 66 23 69 1 
340-0-4 1?1.975 = 0 24 90 52 22 54 35 77 40 39 33 66 38 46 83 31 64 59 4 
340-0-5 1?2.364 = 0 24 90 52 22 54 35 77 40 39 33 66 38 46 83 31 64 59 4 5 
340-0-6 1?2.23 = 0 24 90 52 22 54 35 77 39 33 66 38 83 31 89 76 56 6 
340-0-8 1?2.461 = 0 90 24 54 35 77 40 66 38 46 97 73 37 17 50 18 94 82 8 
340-0-10 1?2.56 = 0 36 74 43 26 62 81 25 85 53 78 61 88 45 99 28 21 68 10 
340-0-9 1?2.593 = 0 90 24 54 35 77 39 33 66 38 46 97 48 95 98 27 30 9 
340-0-11 1?2.385 = 0 24 90 52 87 67 75 91 86 34 85 53 78 72 45 99 28 21 68 11 
340-0-7 1?2.477 = 0 90 52 22 54 35 77 39 33 66 38 46 97 73 37 17 50 18 94 7 
340-1-2 1?1.299 = 1 24 90 52 22 54 35 77 39 33 66 40 69 23 2 
340-1-3 1?1.451 = 1 24 90 52 22 54 35 77 39 33 66 38 83 71 3 
340-0-13 1?2.11 = 0 36 74 43 26 62 81 96 29 32 85 53 78 72 61 13 
340-0-15 1?1.829 = 0 90 24 54 35 77 40 33 39 22 52 36 74 43 26 15 
340-1-4 1?1.67 = 1 24 90 52 22 54 35 77 39 33 66 38 83 31 64 59 4 
340-0-14 1?1.883 = 0 90 24 54 22 52 36 74 43 26 62 81 96 29 14 
340-1-5 1?2.059 = 1 24 90 52 22 54 35 77 39 33 66 38 83 31 64 59 4 5 
340-1-6 1?2.209 = 1 24 90 52 22 54 35 77 40 39 33 66 38 83 31 89 76 56 6 
340-0-12 1?2.455 = 0 24 90 52 54 35 22 87 67 75 91 86 34 85 53 78 72 45 12 
340-1-7 1?2.33 = 1 54 35 77 40 39 33 66 38 46 97 48 95 98 70 79 93 18 94 7 
340-1-8 1?2.382 = 1 54 35 77 40 39 33 66 38 46 97 48 95 98 70 79 93 18 94 82 8 
340-1-15 1?1.729 = 1 54 35 77 40 66 33 39 22 52 90 36 74 43 62 26 15 
340-2-3 1?1.616 = 2 69 40 77 35 54 22 39 33 66 38 46 83 71 3 
340-2-4 1?1.689 = 2 69 40 77 35 54 22 39 33 66 38 83 31 64 59 4 
340-2-5 1?2.078 = 2 69 40 77 35 54 22 39 33 66 38 83 31 64 59 4 5 
340-2-6 1?2.231 = 2 69 77 35 54 22 39 33 66 38 46 97 73 37 17 76 56 6 
340-1-11 1?2.509 = 1 54 35 77 39 33 66 38 58 51 16 86 34 85 53 78 72 45 99 28 21 11 
340-1-13 1?2.329 = 1 54 35 77 40 33 66 38 46 58 51 16 86 34 85 53 78 61 13 
340-1-9 1?2.599 = 1 54 35 77 40 39 33 66 38 46 97 73 48 20 42 98 70 27 30 9 
340-1-12 1?2.392 = 1 54 35 77 39 33 66 38 46 58 51 16 86 34 85 53 78 72 45 99 12 
340-1-10 1?2.628 = 1 54 22 35 77 39 33 66 38 46 97 73 48 95 20 42 65 19 60 10 
340-1-14 1?2.044 = 1 54 35 77 40 66 33 39 22 52 90 36 74 43 62 81 96 29 14 
340-2-15 1?1.824 = 2 69 40 66 33 39 77 35 54 22 52 24 90 36 74 43 62 26 15 
340-3-4 1?1.846 = 3 71 23 69 40 77 39 33 66 38 83 31 89 64 59 4 
340-3-5 1?2.195 = 3 71 23 40 77 39 33 66 38 46 97 73 37 17 76 5 
340-2-10 1?2.645 = 2 69 40 39 33 66 38 46 97 73 48 95 98 70 27 44 55 49 84 10 
340-2-7 1?2.221 = 2 69 40 39 33 66 38 46 97 48 95 98 70 79 93 18 94 7 
340-2-11 1?2.523 = 2 69 40 39 33 66 38 58 51 16 86 34 85 53 78 72 45 99 28 21 68 11 
340-2-12 1?2.42 = 2 69 40 39 33 66 38 46 58 51 92 91 86 34 85 53 78 72 45 99 12 
340-2-9 1?2.647 = 2 69 40 77 39 33 66 38 46 97 73 48 95 20 42 98 70 27 30 9 
340-2-14 1?2.033 = 2 69 40 66 33 39 77 35 54 24 90 52 36 74 43 62 81 96 29 14 
340-2-13 1?2.287 = 2 69 40 66 33 39 77 35 54 22 52 90 36 74 43 62 81 96 29 13 
340-2-8 1?2.273 = 2 69 40 39 33 66 38 46 97 48 95 98 70 79 93 18 94 82 8 
340-3-15 1?2.083 = 3 71 83 38 66 33 40 77 35 54 22 52 90 36 74 43 62 26 15 
340-3-6 1?2.137 = 3 71 31 83 38 46 97 73 48 95 37 17 76 63 56 6 
340-4-5 1?2.263 = 4 59 64 89 31 83 38 46 97 73 37 17 76 63 56 5 
340-3-7 1?2.14 = 3 71 83 38 46 97 73 37 95 98 70 79 93 18 50 7 
340-3-9 1?2.687 = 3 71 83 38 46 97 48 20 42 98 70 79 93 50 18 94 82 30 9 
340-3-11 1?2.525 = 3 71 83 46 97 58 51 92 91 86 34 85 53 78 72 45 99 28 21 68 11 
340-3-10 1?2.764 = 3 71 83 38 46 97 58 51 92 91 86 34 85 53 78 72 57 47 60 10 
340-3-8 1?2.365 = 3 71 31 83 38 46 97 48 20 42 98 70 79 93 50 18 94 82 8 
340-3-13 1?2.478 = 3 71 23 66 33 39 40 77 35 54 22 52 90 36 74 43 62 96 29 13 
340-3-12 1?2.59 = 3 71 31 83 38 46 97 48 58 51 92 91 86 34 85 53 78 72 61 88 12 
340-3-14 1?2.224 = 3 71 23 66 33 39 40 77 35 54 24 90 52 36 74 43 62 96 29 14 
340-4-6 1?2.143 = 4 59 64 89 31 83 38 46 97 73 37 17 76 63 56 6 
340-4-15 1?2.118 = 4 59 64 31 83 38 66 33 39 77 35 54 24 90 52 36 74 43 15 
340-5-6 1?2.532 = 5 4 59 64 89 31 83 38 46 97 73 37 17 76 63 56 6 
340-4-7 1?2.236 = 4 59 64 31 83 46 97 48 95 98 70 79 93 18 50 7 
340-4-9 1?2.648 = 4 59 64 31 83 38 46 97 73 48 95 98 70 93 79 27 30 9 
340-4-10 1?2.76 = 4 59 64 31 83 38 46 97 73 48 95 98 70 27 44 55 49 84 10 
340-4-8 1?2.358 = 4 59 64 31 83 46 97 48 95 98 70 79 93 50 18 94 82 8 
340-4-11 1?2.618 = 4 59 64 31 83 38 46 97 58 51 92 91 86 34 80 41 47 21 68 11 
340-4-12 1?2.552 = 4 59 64 31 83 38 46 97 58 51 92 91 86 34 85 53 78 72 45 12 
340-4-13 1?2.498 = 4 59 64 31 83 38 46 97 58 51 92 91 86 34 85 53 78 61 13 
340-4-14 1?2.353 = 4 64 31 83 38 66 33 39 77 35 54 24 90 52 36 74 43 26 14 
340-5-15 1?2.553 = 5 4 59 64 31 83 38 66 40 77 35 54 24 90 52 36 74 43 26 15 
340-5-7 1?2.425 = 5 56 63 76 17 95 20 42 98 70 79 93 50 18 94 7 
340-5-8 1?2.319 = 5 76 17 37 95 20 42 98 70 79 93 50 18 94 82 8 
340-6-8 1?2.255 = 6 56 63 76 17 37 95 98 70 79 93 50 18 94 82 8 
340-6-7 1?2.305 = 6 56 63 76 17 95 20 42 98 70 79 93 50 18 94 7 
340-5-9 1?2.925 = 5 56 63 76 17 37 95 20 42 98 70 79 93 50 18 94 82 30 9 
340-5-11 1?2.73 = 5 56 63 17 98 42 20 16 86 34 85 53 78 72 45 99 28 21 68 11 
340-5-10 1?2.959 = 5 76 17 98 42 20 16 86 34 85 53 78 72 45 99 28 21 68 60 10 
340-5-12 1?2.752 = 5 76 63 50 18 93 79 70 98 42 20 16 86 34 85 53 78 72 45 99 12 
340-5-14 1?2.779 = 5 4 59 64 31 83 38 66 33 39 77 35 54 24 90 52 36 74 43 26 14 
340-5-13 1?2.918 = 5 56 76 63 50 18 93 79 70 98 42 20 16 86 34 85 53 78 72 61 13 
340-6-15 1?2.553 = 6 56 76 89 31 83 38 66 33 39 77 35 54 52 36 74 43 26 15 
340-6-9 1?2.428 = 6 56 63 76 17 70 79 93 50 18 94 82 30 55 49 84 9 
340-7-9 1?2.607 = 7 50 18 93 79 70 98 42 20 16 86 34 19 55 49 84 9 
340-7-8 1?2.615 = 7 50 18 93 79 70 98 20 42 65 19 44 27 94 82 8 
340-6-11 1?2.543 = 6 50 18 93 79 70 98 42 16 86 34 85 53 78 57 47 21 68 11 
340-6-10 1?2.74 = 6 50 18 93 79 70 98 20 16 86 34 85 53 78 57 47 60 10 
340-7-10 1?2.625 = 7 50 18 93 79 70 98 20 16 86 34 85 53 78 57 47 60 10 
340-7-11 1?2.428 = 7 50 18 93 79 70 98 42 16 86 34 85 53 78 57 47 21 68 11 
340-6-12 1?2.647 = 6 56 63 50 18 93 79 70 98 42 20 16 86 34 85 53 78 72 45 99 12 
340-6-14 1?2.803 = 6 50 18 93 79 70 98 42 20 16 86 34 85 53 78 72 61 32 96 29 14 
340-6-13 1?2.734 = 6 56 63 50 18 93 79 70 98 42 20 16 86 34 80 85 53 78 72 61 13 
340-8-10 1?2.449 = 8 82 94 18 50 93 79 70 98 65 19 41 57 47 60 10 
340-8-9 1?2.455 = 8 82 94 18 50 93 79 70 98 20 42 65 44 55 49 84 9 
340-8-15 1?2.469 = 8 82 94 18 93 79 70 98 95 48 58 51 92 91 25 81 62 26 15 
340-7-15 1?2.624 = 7 94 18 50 93 79 70 98 42 20 95 48 58 51 92 91 25 81 62 26 15 
340-8-11 1?2.377 = 8 82 94 18 50 93 79 70 98 42 65 19 41 57 47 21 68 11 
340-8-12 1?2.352 = 8 82 94 18 93 79 70 98 42 16 86 34 85 53 78 72 45 99 12 
340-7-12 1?2.407 = 7 94 18 50 93 79 70 98 42 20 16 86 34 85 53 78 72 45 99 12 
340-8-13 1?2.451 = 8 82 94 18 50 93 79 70 98 42 20 16 86 34 85 53 78 72 61 13 
340-8-14 1?2.589 = 8 82 94 18 93 79 70 98 20 16 86 34 85 53 78 61 32 29 14 
340-7-13 1?2.595 = 7 94 18 50 93 79 70 98 42 20 16 86 34 80 85 53 78 72 61 88 13 
340-7-14 1?2.626 = 7 94 18 50 93 79 70 98 42 20 16 86 34 85 53 78 61 32 29 14 
340-9-11 1?2.144 = 9 84 49 55 60 47 57 41 53 78 72 45 99 28 21 68 11 
340-10-11 1?2.066 = 10 60 47 41 80 85 53 78 61 88 45 99 28 21 68 11 
340-9-10 1?2.431 = 9 84 49 55 60 47 57 41 53 78 72 45 99 28 21 68 10 
340-10-12 1?2.583 = 10 60 47 57 41 80 85 53 78 72 61 88 45 99 28 21 68 11 12 
340-9-12 1?2.406 = 9 84 49 55 60 68 21 28 47 57 41 53 78 61 72 45 99 12 
340-10-15 1?2.531 = 10 68 21 28 99 45 88 61 72 78 53 85 32 29 96 81 62 26 15 
340-9-15 1?2.692 = 9 84 49 55 60 68 21 28 45 88 61 78 53 85 25 81 62 26 15 
340-10-13 1?2.63 = 10 60 68 21 28 99 45 57 41 80 85 53 78 72 61 32 96 29 13 
340-9-13 1?2.649 = 9 84 49 55 60 47 21 28 99 45 57 41 80 85 53 78 72 61 88 13 
340-10-14 1?2.638 = 10 60 68 21 47 28 99 45 57 41 80 85 53 78 72 61 32 29 96 14 
340-9-14 1?2.575 = 9 84 49 55 60 68 21 28 99 45 88 61 72 78 53 85 32 96 29 14 
340-12-15 1?1.929 = 12 45 99 28 21 47 57 72 78 53 85 25 81 62 26 15 
340-14-15 1?3402.129 = -1413 29- 15 1?32 61 78 53 85 34 86 912.095  = 25 1381  61 6272 78 53  8526  8015  34 
86 91 75 25 81 62 26 15 
340-11-12 1?1.836 = 11 68 21 28 47 41 80 85 53 78 72 61 88 45 99 12 
340-12-13 1?2.135 = 12 45 99 28 47 57 41 80 85 53 78 61 32 96 29 13 
340-11-13 1?2.043 = 11 68 21 28 47 57 41 80 85 53 78 72 45 88 61 13 
340-12-14 1?1.898 = 12 45 99 28 47 57 41 80 85 53 78 61 32 96 29 14 
340-13-14 1?2.092 = 13 61 88 45 99 28 47 57 41 78 53 85 32 96 29 14 
340-11-14 1?1.889 = 11 68 21 28 99 45 57 41 80 85 53 78 61 32 29 14 
340-11-15 1?2.368 = 11 68 21 28 47 57 41 80 85 53 78 61 32 29 96 81 62 26 15 
stop
