start
177-0-3 1?2.053 = 0 73 41 18 55 91 63 53 66 71 89 95 22 28 93 3 
177-0-2 1?1.948 = 0 73 41 47 52 70 32 35 36 42 55 91 63 53 2 
177-0-5 1?2.198 = 0 73 18 55 91 63 53 66 71 89 95 78 43 29 72 83 88 57 84 76 5 
177-0-1 1?1.919 = 0 73 41 47 52 70 32 35 36 42 55 91 63 40 1 
177-0-6 1?2.405 = 0 73 18 55 91 63 53 66 71 89 95 78 43 29 72 83 88 57 84 76 6 
177-0-4 1?2.322 = 0 73 47 41 18 55 91 63 53 66 71 89 95 78 43 29 28 93 4 
177-0-7 1?2.707 = 0 73 18 55 91 63 53 66 71 89 95 78 29 72 83 88 57 84 16 85 7 
177-0-9 1?2.435 = 0 73 41 47 36 52 70 35 32 45 87 61 17 56 44 64 86 59 94 9 
177-0-10 1?2.434 = 0 47 41 36 52 70 35 32 45 65 61 17 56 44 64 86 59 94 54 10 
177-0-11 1?2.318 = 0 73 18 42 36 52 70 35 32 45 65 87 61 17 31 75 25 96 62 11 
177-0-8 1?2.641 = 0 73 41 47 36 52 35 32 65 61 17 56 44 64 23 94 59 20 39 69 8 
177-0-13 1?1.699 = 0 73 41 47 36 52 70 35 32 45 82 80 49 19 13 
177-1-2 1?2.334 = 1 40 63 91 55 18 41 47 36 42 21 71 66 53 2 
177-0-14 1?1.943 = 0 73 47 41 18 42 36 52 70 35 32 65 45 82 14 
177-0-15 1?2.122 = 0 73 47 41 18 42 36 52 70 35 32 65 87 45 77 15 
177-1-4 1?1.935 = 1 40 91 63 53 66 71 89 95 78 43 29 72 28 93 4 
177-0-12 1?1.945 = 0 73 41 47 52 70 35 32 45 82 80 49 19 98 38 74 12 
177-1-3 1?2.037 = 1 40 91 63 53 66 71 89 95 78 43 29 72 28 93 3 
177-1-5 1?2.093 = 1 40 91 63 53 66 71 89 95 22 78 43 29 72 83 88 57 84 76 5 
177-1-6 1?2.3 = 1 40 91 63 53 66 71 89 95 22 78 43 29 72 83 88 57 84 76 6 
177-1-8 1?2.72 = 1 40 91 63 53 66 71 95 78 29 43 58 26 79 92 60 68 39 69 8 
177-1-7 1?2.525 = 1 40 91 63 53 66 71 95 78 43 29 72 83 88 57 84 76 16 85 7 
177-1-14 1?2.049 = 1 40 63 91 55 42 36 52 70 35 32 45 87 82 14 
177-1-15 1?2.159 = 1 40 63 91 55 42 36 52 35 32 65 87 45 77 15 
177-2-5 1?1.654 = 2 53 66 71 89 95 78 43 29 72 83 88 57 84 76 5 
177-1-13 1?2.273 = 1 40 63 53 91 55 42 36 52 35 32 65 87 45 82 80 49 13 
177-2-4 1?2.013 = 2 53 63 91 66 71 89 95 78 29 72 83 84 57 88 4 
177-2-3 1?2.144 = 2 40 91 63 53 66 71 89 95 78 43 29 72 28 93 3 
177-2-6 1?2.023 = 2 53 63 91 66 71 89 43 78 29 72 83 88 57 84 76 6 
177-1-12 1?2.298 = 1 40 63 91 55 42 36 52 35 32 45 82 80 49 19 98 38 74 12 
177-1-9 1?2.542 = 1 18 42 36 52 70 35 32 45 87 61 17 56 44 64 86 59 94 9 
177-1-10 1?2.575 = 1 18 42 36 52 70 35 32 45 65 61 17 56 44 64 86 59 94 54 10 
177-1-11 1?2.399 = 1 40 63 91 55 42 36 52 35 32 45 65 61 17 31 75 25 62 11 
177-2-15 1?2.431 = 2 53 63 91 55 42 36 52 70 35 32 65 87 45 82 77 15 
177-2-14 1?2.25 = 2 53 63 91 55 42 36 52 70 35 32 65 45 82 80 14 
177-3-5 1?1.952 = 3 22 28 29 78 43 58 26 27 16 83 88 57 84 76 5 
177-3-4 1?2.157 = 3 22 78 29 43 58 27 16 84 57 88 83 72 28 93 4 
177-2-13 1?2.377 = 2 53 63 91 55 42 36 52 70 32 35 90 65 45 82 80 49 19 13 
177-2-10 1?2.483 = 2 63 91 55 42 36 52 35 32 45 65 61 17 31 75 25 34 10 
177-2-12 1?2.405 = 2 53 63 91 55 42 36 52 70 35 32 45 82 80 49 19 98 38 74 12 
177-2-9 1?2.651 = 2 63 91 55 42 36 52 35 32 45 87 61 17 56 44 64 86 59 94 9 
177-2-11 1?2.401 = 2 63 91 55 42 36 52 35 32 45 65 61 17 31 75 25 96 62 11 
177-2-7 1?2.419 = 2 63 53 66 71 89 95 78 43 29 72 83 88 57 84 76 16 85 7 
177-2-8 1?2.685 = 2 53 63 91 66 71 89 95 78 29 43 58 26 79 92 60 68 39 69 8 
177-4-5 1?1.833 = 4 28 22 78 29 43 58 26 27 16 83 88 57 84 76 5 
177-3-15 1?2.643 = 3 93 28 29 43 78 95 89 71 66 53 63 91 55 42 18 41 47 15 
177-3-14 1?2.667 = 3 22 95 89 71 66 53 63 91 55 42 36 52 70 35 32 45 82 14 
177-3-13 1?2.532 = 3 53 63 91 55 18 42 36 52 70 35 32 65 87 45 82 80 49 13 
177-3-6 1?2.285 = 3 93 28 29 78 43 58 72 83 88 57 84 76 16 27 85 6 
177-3-12 1?2.485 = 3 53 63 91 55 42 36 52 35 32 45 82 80 49 19 98 38 74 12 
177-3-10 1?2.543 = 3 93 28 78 29 43 58 26 79 60 68 39 69 20 59 94 23 50 54 10 
177-3-7 1?2.437 = 3 93 28 22 78 43 29 72 83 88 57 84 76 16 27 26 85 7 
177-3-9 1?2.693 = 3 93 28 83 88 57 84 76 16 27 26 79 92 60 68 39 69 20 59 94 9 
177-3-11 1?2.563 = 3 53 63 91 55 42 36 52 35 32 65 61 17 31 75 25 96 62 11 
177-3-8 1?2.718 = 3 93 28 78 43 29 72 83 88 57 84 76 16 27 26 79 92 39 69 8 
177-5-6 1?1.751 = 5 76 84 57 88 83 72 29 78 43 58 26 27 16 85 6 
177-4-14 1?2.565 = 4 28 22 95 89 71 66 53 63 91 55 42 36 52 35 32 70 77 14 
177-4-15 1?2.543 = 4 93 28 22 95 89 71 66 53 63 91 55 42 36 52 35 32 70 15 
177-4-13 1?2.492 = 4 93 28 22 95 89 71 66 55 42 36 52 35 32 45 82 80 49 13 
177-4-6 1?2.209 = 4 28 22 78 43 29 72 83 88 57 84 76 16 27 26 85 6 
177-4-9 1?2.431 = 4 83 88 57 84 76 16 27 26 79 92 39 69 20 59 94 23 50 54 9 
177-4-10 1?2.306 = 4 83 88 57 84 76 16 27 26 79 92 39 69 20 86 59 94 23 54 10 
177-4-7 1?2.281 = 4 93 28 22 78 29 43 58 72 83 88 57 84 76 16 85 7 
177-4-12 1?2.654 = 4 93 28 22 95 89 71 66 21 35 32 45 82 80 49 19 98 38 74 12 
177-4-8 1?2.45 = 4 88 57 84 83 72 29 78 43 58 26 79 92 60 68 39 69 8 
177-4-11 1?2.538 = 4 83 88 57 84 16 27 26 79 92 39 69 20 59 94 23 50 25 75 96 62 11 
177-6-8 1?2.098 = 6 76 84 57 88 83 72 29 78 43 58 26 79 92 33 8 
177-5-8 1?1.891 = 5 76 84 57 88 83 72 29 78 43 58 26 79 92 33 8 
177-5-7 1?1.825 = 5 76 84 57 88 83 72 29 78 43 58 26 27 16 85 7 
177-6-7 1?2.032 = 6 76 84 57 88 83 72 29 78 43 58 26 27 16 85 7 
177-5-14 1?2.538 = 5 57 88 83 72 29 78 95 89 71 66 53 63 91 55 42 36 52 70 77 14 
177-5-13 1?2.425 = 5 76 84 57 88 83 72 29 78 43 51 48 90 65 87 45 82 80 49 19 13 
177-5-15 1?2.4 = 5 76 84 57 88 83 72 29 78 95 89 71 66 53 63 91 55 42 36 52 15 
177-5-9 1?2.203 = 5 84 57 88 83 72 29 78 43 58 26 79 92 39 69 20 59 94 9 
177-5-12 1?2.514 = 5 76 84 57 88 83 72 29 78 43 51 48 81 30 37 44 56 31 67 99 12 
177-5-10 1?2.237 = 5 84 57 88 83 72 29 78 43 58 24 60 68 39 69 20 59 94 54 10 
177-5-11 1?2.349 = 5 76 84 57 88 83 27 26 79 92 39 69 20 59 94 23 50 25 75 96 62 11 
177-7-10 1?2.087 = 7 33 92 79 24 60 68 39 69 20 59 86 94 23 50 54 10 
177-6-9 1?2.166 = 6 76 84 57 88 83 72 29 43 58 26 79 92 39 69 9 
177-7-9 1?2.381 = 7 85 16 27 26 79 92 60 68 39 69 20 59 94 23 54 9 
177-7-8 1?2.448 = 7 85 16 84 57 88 83 72 29 43 58 26 79 92 33 8 
177-6-13 1?2.507 = 6 76 84 57 88 83 72 29 78 43 51 48 90 65 45 82 80 49 13 
177-6-15 1?2.499 = 6 76 84 57 88 83 72 29 43 78 95 89 71 66 91 55 18 41 47 15 
177-6-14 1?2.692 = 6 76 84 57 88 83 72 29 43 78 95 89 71 66 21 42 36 52 70 77 14 
177-6-12 1?2.586 = 6 85 79 92 60 68 39 69 20 59 94 23 50 25 75 96 67 99 38 74 12 
177-6-10 1?2.37 = 6 76 84 57 88 83 72 29 78 43 58 24 60 68 86 59 94 54 10 
177-6-11 1?2.516 = 6 76 84 57 88 83 72 29 78 43 51 30 81 37 44 25 75 96 62 11 
177-7-11 1?2.477 = 7 33 92 79 24 60 68 39 69 20 86 59 94 23 50 34 25 75 96 62 11 
177-8-10 1?2.061 = 8 33 92 79 24 60 68 39 69 20 86 59 94 23 50 54 10 
177-8-11 1?2.056 = 8 69 20 86 59 94 23 50 64 44 56 31 75 25 96 62 11 
177-8-9 1?2.385 = 8 69 39 20 59 94 23 64 44 56 31 75 96 25 50 54 9 
177-7-13 1?2.418 = 7 33 69 20 59 94 23 50 25 75 96 67 99 74 38 98 19 49 80 13 
177-7-15 1?2.785 = 7 85 16 27 58 43 29 78 95 89 71 66 53 63 91 55 18 41 47 15 
177-7-14 1?2.612 = 7 33 69 39 86 59 94 23 50 25 75 96 67 99 74 38 98 19 49 80 14 
177-8-13 1?2.254 = 8 69 39 20 86 59 94 23 50 25 75 96 67 99 74 38 98 19 49 80 13 
177-7-12 1?2.464 = 7 33 92 60 68 39 69 20 86 59 94 23 50 25 75 96 67 99 38 74 12 
177-8-14 1?2.408 = 8 69 39 20 86 59 94 23 50 25 75 96 67 99 74 38 98 19 49 80 14 
177-8-12 1?2.396 = 8 69 39 20 86 59 94 23 64 44 56 31 75 25 96 67 99 38 74 12 
177-8-15 1?2.696 = 8 69 39 20 59 94 23 50 25 75 31 17 61 87 65 45 32 35 70 15 
177-9-10 1?2.077 = 9 54 50 23 94 59 20 86 64 44 56 31 75 96 62 34 10 
177-10-11 1?1.777 = 10 54 50 23 94 59 20 86 64 44 56 31 75 25 96 62 11 
177-9-11 1?1.912 = 9 54 50 23 94 59 20 86 64 44 56 31 75 25 96 62 11 
177-10-12 1?1.853 = 10 54 94 59 20 86 23 50 25 75 96 67 99 74 38 98 12 
177-10-13 1?2.093 = 10 54 94 59 20 86 23 50 25 75 96 67 99 74 38 98 19 49 80 13 
177-10-14 1?2.247 = 10 54 94 59 20 86 23 50 25 75 96 67 99 74 38 98 19 49 80 14 
177-9-12 1?2.254 = 9 69 39 20 86 59 94 23 50 34 62 25 75 96 67 99 74 38 98 12 
177-9-13 1?2.38 = 9 69 39 20 86 59 94 23 50 25 75 96 62 67 99 74 38 98 19 49 80 13 
177-9-14 1?2.459 = 9 20 59 86 94 23 50 25 75 96 62 67 99 74 38 98 19 49 80 82 14 
177-10-15 1?2.409 = 10 54 23 94 59 86 64 44 56 17 61 87 65 45 32 35 70 52 15 
177-9-15 1?2.604 = 9 94 59 20 86 64 44 56 17 61 87 45 32 35 70 52 36 41 47 15 
177-11-13 1?1.833 = 11 62 25 75 96 31 17 61 65 87 45 82 19 49 80 13 
177-12-13 1?1.971 = 12 67 96 25 75 31 17 61 87 65 45 82 19 49 80 13 
177-13-14 1?2.033 = 13 80 49 19 82 45 65 90 32 35 36 52 70 77 14 
177-12-14 1?1.881 = 12 99 74 38 98 19 49 80 82 45 32 35 70 77 14 
177-13-15 1?1.882 = 13 80 49 19 82 45 87 65 32 35 52 36 41 47 15 
177-14-15 1?2.036 = 14 80 49 19 82 45 87 65 32 35 52 36 41 47 15 
177-11-12 1?1.935 = 11 62 96 75 25 50 23 94 59 86 64 44 56 31 67 99 12 
177-11-14 1?2.308 = 11 62 96 25 75 31 17 61 97 90 65 87 45 32 35 70 77 14 
177-12-15 1?2.102 = 12 99 74 38 98 19 49 80 82 45 87 65 32 35 70 52 15 
177-11-15 1?2.228 = 11 62 96 25 75 31 17 61 65 45 32 35 70 52 36 47 15 
stop
