start
461-0-3 1?2.005 = 0 61 38 46 60 43 87 37 99 67 21 84 91 45 28 3 
461-0-1 1?2.18 = 0 61 38 73 46 60 43 87 52 92 21 67 99 37 34 1 
461-0-6 1?2.418 = 0 61 38 46 60 43 87 37 99 67 21 84 91 56 90 94 58 89 77 47 6 
461-0-8 1?2.463 = 0 61 73 46 60 43 87 67 21 91 56 90 58 94 51 33 74 76 65 57 8 
461-0-7 1?2.444 = 0 61 38 46 60 43 87 37 99 67 91 56 90 94 51 33 74 76 49 25 7 
461-0-5 1?2.359 = 0 61 73 46 60 43 87 37 99 67 21 84 91 56 90 94 58 89 17 5 
461-0-10 1?2.334 = 0 61 38 46 60 43 52 93 27 32 68 31 23 50 36 98 53 63 69 10 
461-0-11 1?2.355 = 0 61 38 73 46 60 43 87 52 93 27 32 68 31 23 54 83 64 11 
461-0-4 1?2.393 = 0 61 38 73 46 60 43 87 52 92 22 84 21 67 99 37 45 80 70 4 
461-0-2 1?2.077 = 0 61 38 73 46 60 43 87 52 92 21 67 99 37 26 2 
461-0-9 1?2.353 = 0 61 73 46 60 52 93 27 72 59 82 36 53 63 69 62 39 78 9 
461-1-4 1?2.179 = 1 42 46 60 43 87 37 99 67 21 84 91 45 80 70 4 
461-0-15 1?2.104 = 0 61 38 73 46 60 43 87 52 93 27 19 29 79 48 15 
461-0-14 1?2.113 = 0 61 38 73 46 60 43 87 52 92 93 27 19 79 29 14 
461-1-5 1?2.457 = 1 42 46 60 43 87 37 99 67 21 91 56 90 94 58 89 17 5 
461-1-7 1?2.558 = 1 42 43 87 37 99 67 21 84 91 56 90 58 94 51 33 74 76 49 25 7 
461-1-3 1?2.203 = 1 34 42 46 60 43 87 37 99 67 21 84 91 45 28 3 
461-1-2 1?2.29 = 1 42 46 60 43 87 52 92 22 84 21 67 99 37 26 2 
461-0-13 1?2.256 = 0 61 38 73 46 60 43 87 52 92 93 27 72 32 96 71 30 13 
461-0-12 1?2.332 = 0 61 38 73 46 60 43 87 52 93 27 32 68 31 23 54 81 12 
461-1-6 1?2.525 = 1 73 46 60 43 87 37 99 67 21 91 56 90 94 58 89 17 77 47 6 
461-1-8 1?2.587 = 1 42 34 37 99 67 21 84 91 56 90 58 94 51 33 74 76 49 65 57 8 
461-1-15 1?2.497 = 1 34 42 46 60 43 87 52 92 20 93 27 19 29 79 48 15 
461-2-4 1?2.177 = 2 26 37 99 67 21 84 91 56 90 94 58 89 17 97 70 4 
461-1-9 1?2.484 = 1 34 42 43 52 93 27 72 59 82 36 53 63 69 62 39 78 9 
461-1-10 1?2.559 = 1 34 42 43 46 60 52 93 27 32 68 31 23 50 36 98 53 69 10 
461-2-5 1?2.405 = 2 26 37 99 67 21 84 22 24 55 16 51 94 58 90 89 17 77 5 
461-1-11 1?2.666 = 1 34 42 46 60 52 93 27 32 68 31 23 50 36 53 69 63 98 41 11 
461-1-13 1?2.504 = 1 34 42 46 60 43 87 52 92 20 93 27 72 32 96 71 30 13 
461-2-3 1?2.327 = 2 26 34 42 46 60 43 87 37 99 67 21 91 45 28 3 
461-2-6 1?2.199 = 2 26 37 99 67 21 84 24 55 16 51 94 58 90 89 77 47 6 
461-1-12 1?2.708 = 1 34 42 46 60 43 87 52 93 27 20 75 44 59 31 23 83 54 81 12 
461-1-14 1?2.694 = 1 34 42 73 61 38 46 60 43 87 52 92 93 27 19 79 29 14 
461-2-15 1?2.423 = 2 26 37 99 67 21 84 22 92 52 87 43 60 46 73 38 15 
461-3-5 1?2.118 = 3 28 37 99 67 21 84 91 56 90 94 58 89 17 77 5 
461-3-4 1?2.091 = 3 28 37 99 67 21 91 56 90 94 58 89 17 97 70 4 
461-2-7 1?2.452 = 2 26 37 99 67 21 84 22 24 55 16 51 94 90 58 33 74 76 49 25 7 
461-2-9 1?2.563 = 2 26 37 99 67 21 91 56 90 58 94 51 33 74 76 49 57 65 18 35 9 
461-2-13 1?2.628 = 2 26 34 42 46 60 43 87 52 92 20 93 27 72 32 96 30 13 
461-2-10 1?2.735 = 2 26 34 42 46 60 43 87 52 93 27 32 68 31 23 50 36 53 69 63 10 
461-2-11 1?2.782 = 2 26 37 99 67 21 84 22 85 44 59 82 36 53 69 63 98 50 23 83 64 11 
461-2-12 1?2.751 = 2 26 37 99 67 21 22 85 44 82 36 53 69 63 98 50 23 54 81 12 
461-2-8 1?2.352 = 2 26 37 99 67 21 84 91 56 90 58 94 51 33 74 76 49 65 57 8 
461-2-14 1?2.64 = 2 26 37 99 67 91 84 21 92 52 87 43 46 60 48 79 29 14 
461-3-7 1?2.023 = 3 28 37 99 67 21 91 56 90 58 33 74 76 49 25 7 
461-3-10 1?2.338 = 3 28 37 99 67 21 22 85 44 59 31 23 50 36 98 53 69 63 10 
461-4-5 1?2.143 = 4 70 80 45 37 99 67 21 84 91 56 90 94 58 89 17 5 
461-3-15 1?2.618 = 3 28 37 99 67 21 84 22 92 52 87 43 60 46 73 61 38 48 15 
461-3-9 1?2.426 = 3 28 37 99 67 21 91 56 90 58 94 51 33 74 76 65 18 35 9 
461-3-6 1?1.994 = 3 28 37 99 67 21 84 91 56 90 94 58 89 77 47 6 
461-3-11 1?2.763 = 3 28 37 99 67 21 84 22 85 44 59 82 36 53 69 63 98 50 23 83 64 11 
461-3-12 1?2.758 = 3 28 37 99 67 21 84 22 85 44 82 36 53 69 63 98 50 23 54 81 12 
461-3-13 1?2.879 = 3 28 37 99 67 21 91 56 90 58 94 51 16 55 24 85 75 72 32 96 30 13 
461-3-8 1?2.333 = 3 28 37 99 67 21 84 91 56 90 58 94 51 33 74 76 49 65 57 8 
461-3-14 1?2.841 = 3 28 37 99 67 21 84 22 92 52 87 43 60 46 73 61 38 48 79 29 14 
461-4-7 1?2.05 = 4 70 97 17 89 58 94 90 55 16 51 33 74 76 49 25 7 
461-4-15 1?2.577 = 4 70 80 45 37 99 67 21 84 22 92 52 87 43 60 46 73 38 15 
461-4-10 1?2.398 = 4 70 97 17 89 58 94 51 16 55 40 66 88 39 78 62 53 69 63 10 
461-4-9 1?2.301 = 4 70 97 17 89 90 58 94 51 74 76 65 18 95 66 88 39 78 9 
461-5-6 1?2.223 = 5 97 80 45 37 99 67 21 91 56 90 89 77 47 6 
461-4-6 1?2.034 = 4 70 80 45 37 99 67 21 84 56 90 58 89 77 47 6 
461-4-11 1?2.618 = 4 70 97 17 89 58 94 51 16 55 40 66 88 86 53 69 63 98 36 50 41 11 
461-4-8 1?2.261 = 4 80 45 37 99 67 91 56 90 58 94 51 33 74 76 65 57 8 
461-4-12 1?2.727 = 4 70 97 17 89 58 94 51 16 40 86 53 69 63 98 36 50 23 54 81 12 
461-4-13 1?2.908 = 4 70 80 45 91 21 67 99 37 87 43 46 60 52 93 27 32 96 71 30 13 
461-4-14 1?2.749 = 4 70 80 45 91 84 21 67 99 37 87 43 60 46 73 61 38 48 79 29 14 
461-5-7 1?2.119 = 5 17 77 89 90 58 94 51 33 74 76 65 18 57 49 7 
461-6-7 1?1.9 = 6 47 77 89 58 94 51 33 74 76 65 18 57 49 25 7 
461-5-15 1?2.578 = 5 17 89 58 94 90 56 91 84 21 67 99 37 87 43 60 46 38 15 
461-5-9 1?2.169 = 5 17 89 58 94 51 33 74 76 49 57 65 18 95 66 88 39 78 9 
461-5-10 1?2.285 = 5 47 25 49 57 65 18 95 66 88 39 78 62 53 36 98 63 69 10 
461-6-8 1?1.776 = 6 47 77 17 89 58 94 51 33 74 76 49 65 18 57 8 
461-5-8 1?1.955 = 5 17 77 89 90 58 94 51 33 74 76 49 65 18 57 8 
461-5-11 1?2.469 = 5 77 33 74 76 49 57 65 18 95 66 40 86 53 69 63 98 36 50 41 11 
461-5-13 1?2.793 = 5 77 33 74 95 66 40 86 53 69 63 98 36 50 23 31 68 96 30 13 
461-5-12 1?2.612 = 5 77 33 74 95 66 88 39 78 62 69 53 98 36 50 23 54 81 12 
461-5-14 1?2.657 = 5 17 89 58 90 56 91 21 67 99 37 87 43 46 60 48 79 29 14 
461-7-9 1?1.661 = 7 25 49 65 18 95 66 40 86 53 63 69 62 39 78 9 
461-7-10 1?1.515 = 7 25 49 57 65 18 95 66 40 86 36 98 53 69 63 10 
461-6-10 1?1.939 = 6 47 25 49 57 65 18 95 66 40 86 36 98 53 63 69 62 10 
461-6-9 1?2.049 = 6 25 49 57 65 18 95 66 40 86 36 98 53 63 69 62 78 9 
461-7-8 1?2.022 = 7 57 65 18 95 66 40 86 53 63 69 62 39 78 9 35 8 
461-7-11 1?1.96 = 7 25 49 57 65 18 95 40 66 88 39 78 62 69 63 53 36 98 41 11 
461-6-15 1?2.67 = 6 47 77 17 89 58 94 90 56 91 84 21 67 99 37 87 43 46 60 48 15 
461-6-11 1?2.265 = 6 25 49 57 65 18 95 40 66 88 39 78 62 69 53 98 36 50 41 11 
461-6-13 1?2.581 = 6 25 49 65 18 95 66 40 86 53 69 63 98 36 50 23 31 68 96 30 13 
461-6-12 1?2.381 = 6 25 49 57 65 18 95 66 40 86 53 69 63 98 36 50 23 54 83 12 
461-6-14 1?2.681 = 6 47 77 89 58 90 56 91 21 67 99 37 87 43 46 60 48 79 29 14 
461-8-10 1?1.527 = 8 57 65 18 95 66 88 39 78 62 86 36 53 69 10 
461-8-9 1?1.552 = 8 57 65 18 95 66 40 86 53 36 98 63 69 62 78 9 
461-8-11 1?1.774 = 8 57 65 18 95 40 66 88 39 78 62 53 69 63 98 36 50 41 11 
461-7-15 1?2.628 = 7 25 49 76 74 33 51 94 58 90 56 91 67 99 87 43 60 46 38 15 
461-8-15 1?2.603 = 8 35 88 66 40 86 53 69 63 98 36 82 59 72 27 93 48 15 
461-8-12 1?1.874 = 8 57 65 18 95 66 40 86 62 69 63 53 98 36 50 23 54 81 12 
461-7-12 1?2.056 = 7 57 65 18 95 66 88 39 78 62 69 63 53 36 50 23 54 81 12 
461-7-13 1?2.278 = 7 57 65 18 95 66 40 86 53 69 63 98 36 50 23 31 68 96 30 13 
461-8-13 1?2.107 = 8 57 65 18 95 66 40 86 53 69 63 98 36 50 23 31 68 96 30 13 
461-7-14 1?2.537 = 7 57 65 18 95 66 40 86 53 69 63 98 50 23 31 68 32 19 14 
461-8-14 1?2.366 = 8 57 65 18 95 66 40 86 53 69 63 98 50 23 31 68 32 19 14 
461-9-10 1?1.66 = 9 35 8 57 65 18 95 66 40 86 36 98 53 69 63 10 
461-9-11 1?1.376 = 9 78 39 62 69 53 98 36 50 23 31 54 83 64 11 
461-10-11 1?1.427 = 10 62 78 39 88 66 40 86 36 53 69 63 98 41 11 
461-10-12 1?1.603 = 10 62 78 39 86 53 69 63 98 36 50 23 31 54 81 12 
461-10-13 1?1.915 = 10 62 69 63 53 98 36 50 23 31 59 44 75 72 32 96 30 13 
461-9-15 1?2.239 = 9 78 39 62 69 63 53 98 36 50 23 31 68 32 27 93 48 15 
461-9-12 1?1.678 = 9 78 39 88 66 40 86 62 69 53 98 36 50 23 54 81 12 
461-9-13 1?1.912 = 9 78 39 88 66 40 86 53 69 63 98 36 50 23 31 68 96 30 13 
461-10-15 1?2.312 = 10 69 63 53 98 36 50 23 31 59 44 75 20 93 27 19 29 79 48 15 
461-10-14 1?2.295 = 10 62 69 63 53 36 98 50 23 31 59 44 75 20 93 27 19 79 29 14 
461-9-14 1?2.199 = 9 78 39 62 69 63 53 98 36 82 59 44 75 20 93 27 79 29 14 
461-12-13 1?1.835 = 12 83 64 41 98 63 69 53 36 50 23 31 68 96 30 13 
461-11-13 1?1.77 = 11 41 98 63 69 53 36 50 23 83 54 68 96 71 30 13 
461-13-15 1?2.253 = 13 30 71 96 32 27 93 52 43 60 46 73 61 38 48 15 
461-14-15 1?2.43 = 14 29 19 27 93 92 52 87 43 42 46 60 38 48 15 
461-11-12 1?1.72 = 11 41 50 36 98 53 63 69 62 86 82 23 31 54 81 12 
461-12-15 1?2.391 = 12 81 54 83 64 23 31 59 44 75 20 93 27 19 29 79 48 15 
461-11-15 1?2.341 = 11 41 98 63 69 53 36 50 23 31 59 44 75 20 93 27 79 48 15 
461-13-14 1?2.224 = 13 30 71 96 32 27 93 52 87 43 46 60 48 79 29 14 
461-12-14 1?2.121 = 12 81 54 83 64 23 31 59 44 75 20 93 27 79 29 14 
461-11-14 1?2.017 = 11 41 98 63 69 53 36 82 59 44 75 20 93 27 19 14 
stop
