start
331-0-2 1?1.624 = 0 51 28 31 87 35 82 21 74 27 66 26 79 30 91 2 
331-0-3 1?1.914 = 0 51 28 31 87 35 82 21 74 27 66 26 79 64 58 3 
331-0-4 1?2.329 = 0 51 28 19 87 31 35 82 21 74 27 66 26 79 64 58 4 
331-0-1 1?1.747 = 0 51 28 19 87 31 35 82 21 74 27 66 26 79 47 1 
331-0-5 1?2.273 = 0 51 28 31 87 38 81 65 90 16 46 77 25 42 68 70 67 71 5 
331-0-9 1?2.547 = 0 51 28 31 87 19 17 84 78 59 53 44 56 96 24 43 89 9 
331-0-10 1?2.521 = 0 51 28 31 87 19 17 84 78 86 94 59 53 44 56 93 96 24 43 10 
331-0-11 1?2.556 = 0 51 28 31 87 19 17 78 84 50 73 83 99 49 93 56 59 53 44 11 
331-0-7 1?2.354 = 0 51 28 31 19 87 38 22 81 65 90 16 46 23 92 69 88 52 7 
331-0-8 1?2.396 = 0 51 28 31 87 38 22 81 61 18 90 16 46 23 92 69 41 95 8 
331-0-6 1?2.263 = 0 51 28 31 87 38 22 81 65 90 16 46 23 92 69 88 33 40 6 
331-0-15 1?1.929 = 0 55 60 34 66 27 74 21 82 35 87 31 28 54 63 15 
331-1-5 1?2.102 = 1 47 79 26 66 27 74 21 45 29 80 39 25 42 68 70 67 71 5 
331-0-14 1?2.158 = 0 55 60 34 66 27 74 21 82 35 31 87 19 17 32 14 
331-1-2 1?1.735 = 1 47 30 79 26 66 34 60 82 29 45 74 21 27 64 91 2 
331-1-4 1?2.231 = 1 47 79 26 66 27 74 21 45 29 39 25 42 68 70 67 71 72 4 
331-0-13 1?2.056 = 0 51 28 31 87 19 17 50 84 78 86 94 59 53 44 37 13 
331-1-6 1?2.175 = 1 47 79 26 66 27 74 21 45 29 65 90 16 46 77 25 42 33 40 6 
331-0-12 1?2.393 = 0 51 28 31 87 19 17 78 84 50 73 83 99 49 93 59 53 44 76 12 
331-1-3 1?2.05 = 1 47 79 26 34 60 82 29 45 74 21 66 27 64 91 58 3 
331-1-8 1?2.282 = 1 47 79 26 66 27 74 21 45 29 65 90 16 46 23 92 69 41 95 8 
331-1-7 1?2.277 = 1 47 79 26 66 27 74 45 29 65 90 16 46 23 92 69 88 62 52 7 
331-1-13 1?2.07 = 1 47 79 26 66 27 74 21 82 35 38 73 50 78 86 94 37 13 
331-2-5 1?1.841 = 2 91 64 79 26 66 27 74 21 45 29 80 75 67 71 5 
331-1-14 1?1.959 = 1 47 79 26 27 74 21 66 34 60 55 31 87 19 17 32 14 
331-2-4 1?1.931 = 2 91 30 79 26 34 66 27 74 21 45 29 80 75 72 4 
331-2-6 1?2.119 = 2 30 79 26 27 74 21 45 29 65 90 16 46 77 25 42 33 40 6 
331-2-3 1?1.794 = 2 91 30 79 26 34 60 66 27 74 21 82 29 45 58 3 
331-1-11 1?2.396 = 1 47 79 26 66 27 74 21 82 35 38 73 50 84 78 86 94 59 53 44 11 
331-1-9 1?2.537 = 1 47 79 26 66 27 74 21 45 29 65 90 16 46 77 23 92 69 36 9 
331-1-15 1?1.68 = 1 47 79 26 66 27 74 21 82 35 31 87 19 63 54 15 
331-1-10 1?2.522 = 1 47 79 26 66 27 74 21 45 29 81 22 83 99 49 93 56 96 24 43 10 
331-1-12 1?2.17 = 1 47 79 26 66 27 74 21 82 35 38 73 50 84 78 86 94 37 98 76 12 
331-3-5 1?2.05 = 3 58 64 79 26 66 27 74 21 45 29 80 75 67 71 5 
331-3-4 1?2.137 = 3 58 64 79 26 66 27 74 21 45 29 39 75 72 4 
331-2-13 1?2.337 = 2 91 30 79 26 66 34 60 55 31 87 19 17 50 84 78 86 59 94 37 13 
331-2-14 1?2.178 = 2 30 79 26 66 27 74 21 45 29 82 35 38 87 31 28 54 63 32 14 
331-2-9 1?2.476 = 2 91 30 79 26 66 27 74 21 45 29 65 90 16 46 23 92 69 36 9 
331-2-15 1?1.638 = 2 91 30 79 26 66 27 74 21 82 35 87 31 28 54 15 
331-2-11 1?2.485 = 2 30 79 26 27 66 34 60 55 31 87 19 17 50 84 78 86 94 53 44 11 
331-2-7 1?2.15 = 2 30 79 26 66 27 74 45 29 65 90 16 46 23 92 69 88 52 7 
331-2-10 1?2.554 = 2 91 30 79 26 66 27 74 21 82 35 38 73 83 99 49 93 56 96 24 43 10 
331-2-8 1?2.311 = 2 91 30 79 26 66 27 74 21 45 29 65 90 16 46 23 92 69 41 95 8 
331-2-12 1?2.28 = 2 91 30 79 26 66 34 60 55 31 87 19 17 50 84 78 86 94 37 98 76 12 
331-3-6 1?2.103 = 3 58 80 39 90 16 46 23 92 69 88 62 33 40 6 
331-4-5 1?1.98 = 4 72 71 67 70 68 42 25 92 23 69 88 33 40 20 5 
331-3-13 1?2.487 = 3 58 64 27 66 34 60 55 31 87 19 17 50 84 78 59 94 37 13 
331-3-11 1?2.551 = 3 58 64 27 66 34 60 55 31 87 19 17 84 78 59 53 44 11 
331-3-9 1?2.678 = 3 58 64 79 26 66 27 74 21 45 29 65 61 18 16 46 97 57 9 
331-3-14 1?2.376 = 3 58 64 79 26 66 27 74 21 45 29 82 35 31 87 19 17 32 14 
331-3-10 1?2.666 = 3 58 64 79 26 66 27 74 21 82 35 38 22 83 99 49 48 24 43 10 
331-3-7 1?2.291 = 3 58 64 27 74 45 29 65 90 16 46 23 92 69 88 52 7 
331-3-15 1?2.189 = 3 58 64 79 26 66 27 74 21 45 29 82 35 31 87 19 63 54 15 
331-3-8 1?2.515 = 3 58 64 27 66 21 74 45 29 65 90 16 46 23 92 69 41 95 8 
331-3-12 1?2.454 = 3 58 64 79 26 66 27 74 21 82 35 38 73 50 84 78 59 53 44 76 12 
331-4-6 1?1.764 = 4 72 71 67 70 68 42 25 92 23 69 88 62 33 40 6 
331-5-6 1?1.653 = 5 71 67 70 68 42 25 77 92 23 69 88 62 33 40 6 
331-4-13 1?2.629 = 4 72 71 67 70 68 42 25 77 46 16 18 61 99 83 50 84 78 86 94 37 13 
331-4-9 1?2.489 = 4 72 71 67 70 68 25 42 20 40 33 62 88 69 92 23 97 57 9 
331-4-11 1?2.632 = 4 72 71 67 70 68 42 25 77 46 16 90 18 61 49 93 56 53 44 11 
331-4-14 1?2.639 = 4 58 64 79 26 66 27 74 21 45 29 82 35 31 87 19 17 32 14 
331-4-7 1?2.103 = 4 72 71 67 70 68 42 25 77 23 92 69 88 33 40 62 52 41 7 
331-4-10 1?2.535 = 4 72 71 67 70 68 20 40 33 62 88 69 92 23 97 57 85 24 43 10 
331-4-15 1?2.452 = 4 58 64 26 66 27 74 21 45 29 82 35 38 87 31 28 54 63 15 
331-4-8 1?2.239 = 4 72 71 67 70 68 42 25 77 23 92 69 88 33 40 62 52 41 95 8 
331-4-12 1?2.504 = 4 72 71 67 70 68 42 25 77 46 16 90 18 61 49 93 56 53 44 76 12 
331-6-7 1?1.768 = 6 40 62 33 20 70 68 42 25 77 92 23 69 88 52 7 
331-5-7 1?1.661 = 5 71 67 70 68 42 25 92 23 69 88 33 40 62 52 7 
331-5-13 1?2.533 = 5 71 67 70 68 42 25 77 46 16 90 18 49 93 56 44 53 59 94 37 13 
331-6-8 1?1.886 = 6 20 70 68 42 92 23 69 88 33 40 62 52 41 95 8 
331-5-9 1?2.341 = 5 71 67 70 68 20 40 33 62 88 69 92 23 46 16 97 57 9 
331-5-14 1?2.569 = 5 71 67 70 68 42 25 77 46 16 90 65 81 38 87 31 19 17 32 14 
331-5-11 1?2.631 = 5 71 67 70 68 20 40 33 88 69 92 23 46 16 90 61 49 93 96 11 
331-5-8 1?2.041 = 5 71 67 70 68 42 25 77 23 92 69 88 33 40 62 52 41 95 8 
331-5-10 1?2.589 = 5 71 67 70 68 25 42 20 40 33 62 88 69 92 23 97 57 85 24 43 10 
331-5-15 1?2.329 = 5 71 67 70 68 42 25 77 46 16 90 65 81 22 38 87 31 28 54 15 
331-5-12 1?2.53 = 5 71 67 70 68 42 25 77 46 16 18 61 99 83 73 50 84 78 59 53 44 76 12 
331-7-10 1?2.07 = 7 52 62 40 33 88 69 92 23 97 57 85 48 24 43 10 
331-7-9 1?2.042 = 7 52 62 40 33 88 69 92 23 46 90 16 97 57 9 
331-7-11 1?2.326 = 7 52 62 40 33 88 69 92 23 46 16 90 18 61 49 93 96 11 
331-6-9 1?2.343 = 6 20 70 68 42 25 77 23 92 69 88 33 40 62 52 41 36 9 
331-6-13 1?2.448 = 6 40 33 62 88 69 92 23 46 16 18 61 99 83 73 50 84 78 86 37 13 
331-6-11 1?2.409 = 6 20 40 33 62 88 69 92 23 77 46 16 90 18 61 49 93 96 11 
331-7-8 1?1.896 = 7 52 88 62 33 40 20 70 68 42 92 23 69 41 95 8 
331-6-10 1?2.31 = 6 40 33 62 88 69 92 23 46 16 90 18 49 93 96 24 43 10 
331-6-14 1?2.535 = 6 40 33 62 88 69 92 23 46 16 90 65 81 22 38 87 31 19 17 14 
331-6-15 1?2.348 = 6 40 33 62 88 69 92 23 46 16 90 65 81 22 38 87 31 28 54 15 
331-6-12 1?2.325 = 6 40 33 62 88 69 92 23 46 16 90 18 61 49 93 56 53 44 76 12 
331-8-10 1?2.106 = 8 95 41 52 62 40 33 88 69 92 23 97 85 24 43 10 
331-8-9 1?2.242 = 8 95 41 52 62 40 33 88 69 92 23 46 16 97 57 9 
331-8-11 1?2.398 = 8 95 41 69 92 23 77 46 16 90 18 61 49 93 56 96 11 
331-7-13 1?2.449 = 7 52 88 69 92 23 46 16 90 61 49 93 56 44 53 59 94 37 13 
331-8-13 1?2.518 = 8 95 36 69 92 23 46 16 90 18 61 99 83 73 50 84 78 86 94 37 13 
331-7-14 1?2.409 = 7 52 88 69 92 23 46 16 90 65 81 22 38 87 31 19 17 14 
331-8-14 1?2.545 = 8 95 41 69 92 23 46 16 90 18 61 99 83 73 50 84 78 17 32 14 
331-8-12 1?2.234 = 8 95 41 69 92 23 46 16 90 18 49 93 56 53 44 76 12 
331-8-15 1?2.491 = 8 95 41 69 92 23 46 16 90 65 81 22 38 87 19 31 28 54 63 15 
331-7-12 1?2.331 = 7 52 88 69 92 23 46 16 90 18 61 49 93 56 59 53 44 76 12 
331-7-15 1?2.424 = 7 52 62 33 88 69 92 23 46 16 90 65 81 22 38 87 31 28 54 63 15 
331-10-11 1?2.389 = 10 43 24 96 56 93 49 99 83 73 50 78 59 53 44 11 
331-9-10 1?2.433 = 9 36 41 52 62 40 33 88 69 92 23 97 85 24 43 10 
331-10-13 1?2.412 = 10 43 24 96 93 49 99 83 50 84 78 59 53 44 98 37 13 
331-9-11 1?2.653 = 9 89 43 24 96 56 93 49 99 83 73 50 78 59 53 44 11 
331-9-13 1?2.685 = 9 36 69 92 23 46 16 90 18 49 93 56 44 53 59 94 37 13 
331-10-12 1?2.064 = 10 43 24 48 49 93 56 44 53 59 86 94 37 98 76 12 
331-9-12 1?2.328 = 9 89 43 24 48 49 93 56 44 53 59 86 94 37 98 76 12 
331-10-14 1?2.517 = 10 43 24 96 93 56 44 53 59 94 86 78 84 50 19 17 32 14 
331-9-14 1?2.676 = 9 89 43 24 96 56 44 53 59 94 86 78 84 50 19 17 32 14 
331-10-15 1?2.361 = 10 43 24 96 56 44 53 59 86 78 84 50 19 87 31 28 54 63 15 
331-9-15 1?2.59 = 9 89 43 24 96 56 44 53 59 78 84 17 19 87 31 28 54 63 15 
331-12-13 1?2.253 = 12 76 98 37 94 59 53 44 56 93 49 99 83 78 86 13 
331-11-13 1?2.514 = 11 44 53 56 93 49 99 83 73 50 84 78 86 59 94 37 98 13 
331-12-14 1?2.027 = 12 76 44 53 59 78 84 50 19 87 31 28 54 63 32 14 
331-13-14 1?2.042 = 13 37 94 86 78 84 50 17 19 87 31 28 54 63 32 14 
331-14-15 1?2.138 = 14 32 17 78 84 50 73 22 38 87 19 31 28 54 63 15 
331-11-14 1?2.262 = 11 44 53 59 86 78 84 17 19 87 31 28 54 63 32 14 
331-13-15 1?1.903 = 13 37 94 59 86 78 84 50 17 19 87 31 28 54 63 15 
331-12-15 1?1.803 = 12 76 44 53 59 86 78 84 50 19 87 31 28 54 63 15 
331-11-12 1?2.148 = 11 96 93 49 99 83 73 50 84 78 86 94 59 53 44 76 12 
331-11-15 1?2.321 = 11 96 56 44 53 59 94 86 78 84 17 19 87 31 28 54 63 15 
stop
