start
860-0-3 1?2.251 = 0 56 40 72 62 65 37 28 26 43 55 81 67 60 92 98 53 3 
860-0-1 1?1.842 = 0 56 40 72 62 65 37 28 26 43 55 81 67 60 32 1 
860-0-4 1?2.369 = 0 56 40 72 62 65 37 28 26 43 55 81 67 60 92 98 53 80 4 
860-0-7 1?2.629 = 0 56 40 72 62 65 37 28 38 97 30 57 69 22 16 20 51 74 24 29 42 7 
860-0-2 1?1.869 = 0 56 40 72 62 65 37 28 26 43 55 81 67 60 31 2 
860-0-11 1?2.083 = 0 56 76 65 37 28 38 41 50 90 34 18 99 66 85 49 61 17 63 11 
860-0-10 1?2.307 = 0 56 76 65 37 28 38 41 50 90 34 18 99 66 85 49 61 17 63 10 
860-0-8 1?2.603 = 0 56 76 65 37 28 38 97 30 79 22 69 16 20 74 24 51 48 29 42 96 8 
860-0-6 1?2.409 = 0 56 76 65 37 28 38 97 79 22 69 16 20 74 24 51 21 93 36 88 6 
860-0-5 1?2.461 = 0 56 76 65 37 28 38 97 79 22 69 16 20 74 51 21 93 36 59 88 5 
860-0-9 1?2.474 = 0 56 76 65 37 28 38 41 50 90 34 18 99 66 85 49 61 73 35 87 45 86 9 
860-0-15 1?1.834 = 0 56 76 65 37 28 38 97 41 90 50 75 62 72 40 15 
860-1-4 1?2.11 = 1 39 52 91 76 65 37 28 26 67 81 92 98 53 80 4 
860-1-3 1?2.079 = 1 39 52 91 76 65 37 28 26 67 60 81 92 98 53 3 
860-0-14 1?2.091 = 0 56 40 72 62 65 37 28 38 41 50 90 34 18 23 14 
860-0-12 1?1.988 = 0 56 76 65 37 28 38 97 41 50 90 23 34 18 99 78 12 
860-0-13 1?1.982 = 0 56 76 65 37 28 38 41 50 90 23 34 18 99 78 71 13 
860-1-7 1?2.348 = 1 32 60 67 81 55 57 22 69 16 20 74 24 51 21 93 48 29 42 7 
860-1-6 1?2.293 = 1 32 60 67 81 55 57 22 69 16 20 74 24 51 21 93 36 59 88 6 
860-1-2 1?1.946 = 1 39 52 91 76 65 37 28 26 55 81 67 60 92 31 2 
860-1-8 1?2.667 = 1 32 60 67 81 55 57 69 16 84 74 24 51 20 21 93 48 29 42 96 8 
860-1-5 1?2.339 = 1 32 60 67 81 55 57 22 69 16 20 74 24 51 21 93 36 59 88 5 
860-1-15 1?1.801 = 1 32 31 60 67 81 55 26 28 37 65 62 72 40 15 
860-1-14 1?2.174 = 1 39 52 91 76 65 37 28 38 97 41 50 90 34 18 23 14 
860-1-13 1?2.032 = 1 39 52 91 76 65 37 28 38 41 50 90 34 18 23 71 13 
860-2-6 1?2.125 = 2 31 60 67 81 55 57 22 69 16 20 21 93 36 88 6 
860-2-4 1?2.174 = 2 25 31 32 60 67 81 68 98 83 53 47 94 44 80 4 
860-2-5 1?2.128 = 2 31 60 67 81 55 57 22 69 16 20 21 93 36 59 5 
860-2-3 1?2.305 = 2 31 32 39 52 91 76 65 37 28 26 43 55 68 83 53 3 
860-1-12 1?2.451 = 1 39 52 91 76 65 37 28 26 43 38 97 41 50 90 23 34 18 99 78 12 
860-1-10 1?2.421 = 1 39 52 91 76 65 37 28 38 41 50 90 34 18 99 66 85 49 61 17 10 
860-1-9 1?2.521 = 1 32 60 81 55 57 22 69 16 20 51 24 74 84 46 95 87 45 86 9 
860-1-11 1?2.332 = 1 39 52 91 76 65 37 28 38 41 50 90 34 18 99 66 85 49 61 17 63 11 
860-2-15 1?2.162 = 2 31 92 81 67 60 32 39 52 91 76 65 37 28 62 72 40 15 
860-3-5 1?2.185 = 3 53 47 77 82 27 69 22 16 20 21 93 36 59 88 5 
860-3-4 1?2.319 = 3 53 83 19 27 69 22 16 20 51 21 93 36 59 94 44 4 
860-2-14 1?2.551 = 2 31 92 81 67 60 32 39 52 91 76 65 37 28 62 72 40 15 14 
860-2-7 1?2.341 = 2 25 92 60 67 81 55 57 27 69 22 16 20 51 24 48 29 42 7 
860-2-8 1?2.491 = 2 31 60 67 81 55 57 27 69 22 16 20 74 24 51 48 29 42 96 8 
860-2-12 1?2.544 = 2 31 32 39 52 91 76 65 37 28 38 41 50 90 34 23 18 99 78 12 
860-2-9 1?2.498 = 2 31 60 67 81 55 57 22 69 16 20 51 24 74 84 46 95 45 86 9 
860-2-10 1?2.544 = 2 31 60 67 81 55 57 22 69 16 20 51 24 74 84 46 95 87 35 10 
860-2-13 1?2.585 = 2 31 92 60 67 81 55 26 43 38 97 41 50 90 34 18 99 78 71 13 
860-2-11 1?2.445 = 2 31 60 67 81 55 43 38 41 50 90 34 18 99 66 85 49 61 17 63 11 
860-3-6 1?2.11 = 3 53 83 19 57 27 69 22 16 20 21 93 36 59 88 6 
860-4-5 1?2.042 = 4 44 94 77 82 27 69 22 16 20 51 21 93 36 59 88 5 
860-3-15 1?2.375 = 3 53 98 92 81 67 60 32 39 52 91 76 65 37 28 62 72 15 
860-3-7 1?2.309 = 3 53 83 19 27 69 22 16 84 74 24 51 20 21 93 48 29 42 7 
860-3-14 1?2.65 = 3 53 83 98 92 60 67 81 55 43 26 28 37 65 62 72 75 14 
860-3-8 1?2.543 = 3 53 83 19 27 69 22 16 20 74 24 51 21 93 36 48 29 42 96 8 
860-3-10 1?2.481 = 3 53 83 19 27 69 22 16 20 51 24 74 84 46 70 58 95 87 35 10 
860-3-9 1?2.464 = 3 53 83 19 27 69 22 16 20 51 24 74 84 46 70 58 87 35 45 86 9 
860-3-12 1?2.687 = 3 53 83 19 27 69 22 16 20 51 24 74 84 46 70 89 64 99 78 12 
860-3-13 1?2.718 = 3 53 98 92 81 60 67 26 43 38 97 41 50 90 34 18 99 78 71 13 
860-3-11 1?2.626 = 3 53 83 19 27 69 22 16 20 51 24 74 84 46 70 89 58 73 61 17 63 11 
860-5-6 1?2.032 = 5 44 94 77 82 27 69 22 16 20 51 21 93 36 59 88 6 
860-4-7 1?1.875 = 4 44 94 77 82 27 69 22 16 20 51 24 48 29 42 7 
860-4-6 1?1.996 = 4 44 94 77 82 27 69 22 16 20 51 21 93 36 59 88 6 
860-4-9 1?2.236 = 4 44 94 77 82 20 51 24 74 84 46 70 58 95 87 35 45 86 9 
860-4-8 1?2.41 = 4 44 94 77 82 27 69 22 16 84 74 24 51 21 93 48 29 96 8 
860-4-14 1?2.731 = 4 44 94 77 82 27 69 22 79 33 54 64 99 18 34 23 90 50 75 14 
860-4-10 1?2.485 = 4 44 94 77 82 27 69 22 16 20 51 24 74 84 46 70 89 58 87 35 10 
860-4-12 1?2.681 = 4 44 94 77 27 69 22 16 20 51 24 74 84 46 70 33 54 64 99 78 12 
860-4-15 1?2.493 = 4 44 94 47 53 98 92 60 67 81 55 43 26 28 37 65 62 72 40 15 
860-4-13 1?2.701 = 4 44 94 77 27 69 22 16 20 51 24 74 84 46 70 89 64 99 78 71 13 
860-4-11 1?2.485 = 4 44 94 77 82 27 69 22 16 20 51 24 74 84 46 70 58 73 61 17 63 11 
860-5-7 1?1.911 = 5 44 94 77 82 27 69 22 16 20 51 24 48 29 42 7 
860-6-7 1?1.886 = 6 88 59 36 93 21 82 27 69 22 16 20 51 24 29 42 7 
860-6-8 1?2.033 = 6 88 59 36 93 21 82 27 69 22 16 20 51 74 24 96 8 
860-5-9 1?2.031 = 5 88 59 36 93 21 20 51 24 74 84 46 95 87 35 45 86 9 
860-5-8 1?2.192 = 5 88 59 36 93 21 82 27 69 22 16 20 51 74 24 29 42 96 8 
860-5-10 1?2.414 = 5 59 36 93 21 82 27 69 22 16 20 51 24 74 84 46 70 58 87 35 10 
860-5-12 1?2.395 = 5 88 59 36 93 21 51 24 74 20 16 69 22 79 33 54 64 99 78 12 
860-5-14 1?2.587 = 5 88 59 36 93 21 51 24 74 20 16 69 22 79 33 54 64 18 34 23 14 
860-5-13 1?2.484 = 5 88 59 36 93 21 51 24 74 20 16 69 22 79 33 54 64 99 78 71 13 
860-5-15 1?2.497 = 5 59 36 93 21 51 24 74 20 16 69 22 79 97 38 28 37 62 72 40 15 
860-5-11 1?2.331 = 5 88 59 36 93 21 20 51 24 74 84 46 70 89 66 85 49 61 17 63 11 
860-6-9 1?1.854 = 6 36 93 21 51 24 74 84 46 58 87 35 45 86 9 
860-7-9 1?1.8 = 7 42 29 48 24 74 84 46 70 58 87 35 45 86 9 
860-6-10 1?1.935 = 6 88 59 36 93 21 20 51 24 74 84 46 95 87 35 10 
860-7-10 1?1.961 = 7 42 29 48 24 51 20 74 84 46 70 58 95 87 35 10 
860-7-8 1?2.185 = 7 42 29 48 51 24 74 84 46 58 87 35 45 86 9 8 
860-6-12 1?2.315 = 6 88 36 93 21 51 24 74 20 16 69 22 79 33 54 64 99 78 12 
860-6-13 1?2.404 = 6 88 36 93 21 51 24 74 20 16 69 22 79 33 54 64 99 78 71 13 
860-6-14 1?2.591 = 6 88 36 93 21 51 24 74 20 16 69 22 79 33 54 64 99 18 34 23 14 
860-6-15 1?2.434 = 6 88 36 93 21 51 24 74 20 16 69 22 79 97 38 28 62 72 40 15 
860-7-11 1?2.167 = 7 42 29 48 93 21 20 51 24 74 84 46 70 58 73 61 17 63 11 
860-6-11 1?2.19 = 6 88 36 93 21 51 24 74 84 46 70 89 66 85 49 61 17 63 11 
860-8-9 1?1.962 = 8 96 42 29 24 51 74 84 46 58 87 35 45 86 9 
860-8-10 1?2.073 = 8 96 42 29 48 24 51 74 84 46 70 58 95 87 35 10 
860-8-12 1?2.4 = 8 96 42 29 48 24 74 51 20 16 69 22 79 33 54 64 99 78 12 
860-7-12 1?2.274 = 7 42 29 48 24 51 74 84 16 69 22 79 33 54 64 99 78 12 
860-8-15 1?2.474 = 8 96 42 29 24 51 20 16 69 22 79 97 38 28 37 62 72 40 15 
860-8-11 1?2.057 = 8 96 42 29 24 51 74 84 46 70 58 73 61 17 63 11 
860-8-14 1?2.571 = 8 96 42 29 24 51 20 16 69 22 79 33 54 64 99 18 34 23 14 
860-8-13 1?2.434 = 8 96 42 29 24 74 51 20 16 69 22 79 33 54 64 99 78 71 13 
860-7-15 1?2.387 = 7 42 29 48 24 74 51 20 16 69 22 79 97 38 28 37 65 62 72 15 
860-7-14 1?2.605 = 7 42 29 48 24 74 51 20 16 69 22 79 33 54 64 18 34 90 50 75 14 
860-7-13 1?2.418 = 7 42 29 48 51 24 74 20 16 69 22 79 33 54 64 99 18 34 23 71 13 
860-9-10 1?2.024 = 9 86 45 35 87 58 89 33 54 64 66 85 49 61 17 10 
860-10-12 1?2.323 = 10 86 45 95 87 35 73 17 61 49 85 66 99 18 34 23 78 12 
860-9-12 1?2.072 = 9 86 45 95 87 35 73 17 61 49 85 66 64 18 99 78 12 
860-10-13 1?2.313 = 10 86 45 35 87 73 17 61 49 85 66 99 64 18 34 23 71 13 
860-10-11 1?1.952 = 10 35 87 95 58 89 33 54 64 66 85 49 61 17 63 11 
860-10-15 1?2.217 = 10 17 61 49 85 66 99 18 34 41 38 28 37 65 62 72 40 15 
860-9-11 1?1.822 = 9 86 45 35 87 95 58 89 64 66 85 49 61 17 63 11 
860-10-14 1?2.492 = 10 45 95 87 35 73 61 17 49 85 66 64 99 18 34 90 50 75 14 
860-9-13 1?2.31 = 9 86 45 95 87 35 73 17 61 49 85 66 64 99 78 18 34 23 71 13 
860-9-15 1?2.306 = 9 86 45 35 87 73 17 61 49 85 66 99 18 34 90 50 75 62 72 15 
860-9-14 1?2.415 = 9 86 45 35 87 73 17 61 49 85 66 64 99 18 34 23 90 50 75 14 
860-11-15 1?1.841 = 11 63 17 61 49 85 66 99 18 34 90 50 75 62 72 15 
860-14-15 1?2.06 = 14 23 18 34 90 50 41 97 38 28 37 65 62 72 40 15 
860-13-15 1?1.918 = 13 71 23 18 34 90 50 41 38 28 37 65 62 72 40 15 
860-12-15 1?1.961 = 12 78 99 18 34 90 50 41 38 28 37 65 62 72 40 15 
860-11-12 1?2.15 = 11 63 17 61 49 85 66 64 99 18 34 41 90 23 78 12 
860-11-13 1?2.072 = 11 63 17 61 49 85 66 64 99 18 34 41 50 90 23 71 13 
860-12-13 1?2.367 = 12 63 17 61 49 85 66 64 99 18 34 41 50 90 23 71 13 
860-13-14 1?2.304 = 13 71 23 18 34 90 50 41 97 38 28 37 65 62 75 14 
860-11-14 1?2.106 = 11 63 17 61 49 85 78 99 64 18 34 90 41 50 75 14 
860-12-14 1?2.319 = 12 78 99 18 34 23 90 50 41 38 28 37 65 62 75 14 
stop
