start
413-0-1 1?2.128 = 0 42 43 51 82 92 16 65 36 44 74 87 40 80 69 1 
413-0-6 1?2.517 = 0 42 74 44 36 99 75 46 28 17 63 62 84 18 83 95 70 91 73 6 
413-0-8 1?2.599 = 0 43 51 82 92 44 36 99 75 46 28 17 63 62 84 18 83 88 30 8 
413-0-5 1?2.57 = 0 43 51 82 92 36 99 75 46 28 17 64 22 56 76 24 26 86 5 
413-0-2 1?2.219 = 0 42 43 51 82 92 36 44 74 87 40 80 69 53 90 2 
413-0-3 1?2.541 = 0 42 43 51 98 82 92 36 44 74 87 40 80 69 53 90 96 3 
413-0-4 1?2.597 = 0 43 51 82 92 44 36 99 75 46 27 35 55 77 47 71 25 81 4 
413-0-7 1?2.559 = 0 43 51 82 92 74 44 36 99 75 46 28 17 63 62 84 18 83 7 
413-0-11 1?2.278 = 0 43 51 82 92 16 65 48 66 29 97 67 31 23 38 32 89 41 54 11 
413-0-10 1?2.479 = 0 43 51 82 92 20 66 29 97 67 31 52 45 79 33 61 19 68 10 
413-0-9 1?2.744 = 0 43 51 82 92 20 29 97 66 48 65 75 46 28 17 72 78 60 9 
413-0-14 1?1.804 = 0 42 43 51 74 44 36 92 82 98 20 66 29 97 67 14 
413-0-15 1?1.965 = 0 43 51 82 92 16 65 48 20 29 66 67 97 98 34 15 
413-1-3 1?2.399 = 1 69 80 40 87 74 44 36 99 27 35 55 77 47 71 96 3 
413-1-2 1?2.389 = 1 69 42 43 51 82 92 36 44 74 87 40 80 53 90 2 
413-1-5 1?2.659 = 1 69 80 40 87 74 44 36 99 75 46 27 35 85 76 24 26 86 5 
413-1-4 1?2.446 = 1 69 80 40 53 58 77 47 71 24 76 86 26 57 81 4 
413-1-7 1?2.631 = 1 69 80 40 87 74 44 36 99 75 46 28 17 63 72 62 84 18 83 7 
413-0-13 1?2.142 = 0 42 43 51 74 44 36 92 82 98 20 16 65 48 66 29 97 67 13 
413-1-6 1?2.501 = 1 69 80 40 87 50 55 37 85 56 94 93 18 83 95 70 91 73 6 
413-0-12 1?2.191 = 0 43 51 82 92 16 65 48 66 29 97 67 31 52 45 79 89 32 12 
413-1-8 1?2.756 = 1 69 80 40 87 74 44 36 99 75 46 28 17 63 72 39 21 78 60 88 30 8 
413-1-15 1?2.107 = 1 69 80 40 87 74 44 36 65 48 66 29 97 20 98 34 15 
413-1-14 1?1.8 = 1 69 80 40 87 74 44 36 92 82 98 20 66 29 97 67 14 
413-1-12 1?2.358 = 1 69 80 40 87 74 44 36 92 82 98 20 66 29 97 67 31 23 38 32 12 
413-1-13 1?2.138 = 1 69 80 40 87 74 44 36 92 82 98 20 16 65 48 66 29 97 67 13 
413-2-3 1?2.559 = 2 90 53 58 77 47 71 37 85 76 24 26 57 81 25 3 
413-2-5 1?2.569 = 2 53 58 71 47 77 55 37 85 56 93 94 76 24 26 86 5 
413-1-11 1?2.547 = 1 69 80 40 87 74 44 36 99 75 46 28 39 21 61 33 79 89 41 54 11 
413-1-10 1?2.715 = 1 69 80 40 87 74 44 36 65 16 20 29 66 48 52 45 79 33 61 19 10 
413-2-4 1?2.39 = 2 90 53 58 77 47 71 37 85 56 76 24 26 57 81 4 
413-2-6 1?2.27 = 2 53 58 47 71 37 85 56 94 93 18 83 95 70 91 73 6 
413-1-9 1?2.841 = 1 69 80 40 87 74 44 36 99 75 46 28 17 63 62 84 18 83 88 30 9 
413-2-15 1?2.3 = 2 53 58 47 77 55 35 27 99 36 44 92 82 98 34 15 
413-2-14 1?2.257 = 2 53 40 87 74 44 36 92 82 98 20 16 65 48 66 29 97 67 14 
413-3-5 1?2.357 = 3 96 58 77 47 71 37 85 56 93 94 76 24 26 86 5 
413-2-12 1?2.609 = 2 53 58 71 47 77 55 35 49 17 63 72 39 21 61 33 79 89 32 12 
413-2-13 1?2.526 = 2 53 80 40 87 74 44 36 92 82 98 20 16 65 48 66 29 97 67 31 13 
413-2-11 1?2.774 = 2 53 58 71 47 77 55 35 49 17 63 72 21 39 61 33 79 89 41 54 11 
413-3-4 1?2.431 = 3 96 90 53 58 71 47 77 37 85 76 24 26 57 81 4 
413-2-10 1?2.933 = 2 90 53 58 77 55 35 27 99 75 46 28 17 63 72 39 21 61 19 68 10 
413-2-7 1?2.687 = 2 90 53 58 77 47 71 37 85 56 94 93 18 83 95 70 91 73 7 
413-2-9 1?3.092 = 2 53 58 71 47 77 55 35 27 99 75 46 28 17 63 72 39 21 78 60 9 
413-2-8 1?2.811 = 2 90 53 58 47 77 55 35 27 99 75 46 28 17 63 62 84 88 30 8 
413-4-5 1?2.373 = 4 57 26 24 76 94 93 18 83 95 70 91 73 59 86 5 
413-3-14 1?2.499 = 3 96 71 47 77 55 35 27 99 46 75 65 16 48 20 29 66 97 67 14 
413-3-15 1?2.644 = 3 96 90 53 58 77 55 35 27 46 75 99 36 44 92 82 98 34 15 
413-3-12 1?2.644 = 3 96 58 71 47 77 55 35 49 17 63 72 39 21 61 33 79 89 32 12 
413-3-6 1?2.148 = 3 25 81 57 26 24 76 94 93 18 83 95 70 91 73 6 
413-3-7 1?2.529 = 3 96 90 53 58 77 47 71 37 85 56 94 93 18 83 95 70 7 
413-3-11 1?2.817 = 3 96 90 53 58 77 55 35 49 17 63 72 21 39 61 33 79 89 41 54 11 
413-3-9 1?2.86 = 3 96 90 53 58 77 47 71 37 85 22 64 62 84 18 83 88 30 9 
413-3-13 1?2.735 = 3 96 58 47 77 55 35 27 28 46 75 65 16 20 66 29 97 67 31 23 13 
413-3-10 1?2.956 = 3 96 90 53 58 47 77 55 35 27 99 75 46 28 17 63 72 39 21 68 10 
413-3-8 1?2.506 = 3 96 90 53 58 77 47 71 37 85 56 94 93 18 83 88 30 8 
413-4-14 1?2.514 = 4 81 25 71 47 77 55 35 27 46 75 65 16 48 66 29 20 97 67 14 
413-4-15 1?2.707 = 4 81 25 71 47 77 55 35 27 46 75 65 16 20 66 29 97 98 34 15 
413-5-6 1?1.984 = 5 86 26 24 76 85 56 94 93 18 83 95 70 91 73 6 
413-4-6 1?2.049 = 4 81 57 26 24 76 56 94 93 18 83 95 70 91 73 6 
413-4-12 1?2.6 = 4 57 26 24 76 94 93 84 62 63 72 21 39 61 33 79 89 32 12 
413-4-7 1?2.66 = 4 81 57 26 24 76 85 56 94 93 18 83 95 70 59 73 91 7 
413-4-10 1?2.774 = 4 57 26 24 76 94 93 83 18 84 62 63 72 39 21 61 19 68 10 
413-4-11 1?2.729 = 4 57 24 76 94 93 18 84 62 63 72 39 21 61 33 79 89 41 11 
413-4-13 1?2.58 = 4 81 25 71 47 77 55 35 27 99 46 75 65 16 48 20 66 29 97 67 13 
413-4-9 1?2.914 = 4 81 57 26 24 76 94 93 83 18 84 62 63 72 39 21 78 60 9 
413-4-8 1?2.607 = 4 57 26 24 76 94 93 83 18 84 62 72 78 60 88 30 8 
413-5-7 1?2.234 = 5 86 26 24 76 56 85 22 64 62 84 18 83 95 70 7 
413-6-7 1?2.15 = 6 73 91 59 94 93 56 85 22 64 62 84 18 83 95 7 
413-5-14 1?2.343 = 5 86 26 24 76 56 22 64 17 28 46 75 65 16 20 66 29 97 67 14 
413-5-15 1?2.59 = 5 86 26 24 76 56 22 64 17 28 46 75 99 36 44 92 82 98 34 15 
413-5-12 1?2.417 = 5 86 26 24 76 94 93 18 84 62 72 39 61 33 79 89 32 12 
413-5-10 1?2.593 = 5 86 26 24 76 94 93 83 18 84 62 63 72 21 39 61 19 68 10 
413-5-11 1?2.519 = 5 86 26 24 76 94 93 83 18 84 62 63 72 21 39 61 33 41 11 
413-6-8 1?1.966 = 6 73 91 70 95 83 18 93 94 56 62 84 88 30 8 
413-5-9 1?2.751 = 5 86 26 24 76 94 93 18 84 62 72 39 21 78 60 88 30 9 
413-5-13 1?2.515 = 5 86 26 24 76 85 22 64 63 17 28 46 75 65 16 20 66 29 97 67 13 
413-5-8 1?2.142 = 5 86 26 24 76 59 73 91 70 95 83 18 84 88 30 8 
413-7-9 1?2.307 = 7 70 91 73 59 86 26 24 76 94 93 18 83 88 30 9 
413-6-9 1?2.168 = 6 73 91 70 95 83 18 84 62 72 39 21 78 60 9 
413-7-10 1?2.248 = 7 95 83 18 93 94 56 85 22 64 63 72 39 21 68 10 
413-6-14 1?2.301 = 6 73 91 70 95 83 18 84 62 63 17 28 46 75 65 48 66 29 97 14 
413-6-15 1?2.478 = 6 73 91 70 95 83 18 84 62 63 17 28 46 99 36 92 82 98 15 
413-7-8 1?2.076 = 7 95 70 91 59 86 26 24 76 94 93 18 83 88 30 8 
413-7-11 1?2.447 = 7 70 95 83 18 84 62 63 72 21 39 61 33 79 38 32 89 41 11 
413-6-11 1?2.28 = 6 73 91 70 95 83 18 84 62 63 72 21 39 61 33 79 89 41 11 
413-6-10 1?2.486 = 6 73 91 70 95 83 18 84 62 63 17 72 21 39 33 61 19 68 10 
413-6-12 1?2.332 = 6 73 91 70 95 83 18 84 62 63 17 72 21 39 61 33 79 89 32 12 
413-6-13 1?2.412 = 6 73 91 70 95 83 18 84 62 63 17 28 46 75 65 48 66 29 97 67 13 
413-8-11 1?1.938 = 8 30 88 60 78 72 21 39 61 33 79 89 41 54 11 
413-8-9 1?2.228 = 8 30 88 83 18 93 94 56 85 22 64 62 84 60 9 
413-8-10 1?2.162 = 8 30 88 60 78 21 39 61 33 79 89 41 19 68 10 
413-7-15 1?2.586 = 7 70 95 83 18 84 62 63 17 28 46 75 99 36 44 92 82 98 34 15 
413-8-12 1?2.262 = 8 30 88 83 18 84 62 63 72 78 21 39 61 33 79 89 32 12 
413-7-12 1?2.565 = 7 70 91 73 59 94 93 18 84 62 63 72 21 39 61 33 79 89 32 12 
413-7-13 1?2.502 = 7 70 95 83 18 84 62 63 17 28 46 75 65 48 66 29 97 67 31 13 
413-8-14 1?2.632 = 8 30 83 18 84 62 22 64 17 28 46 75 65 16 48 66 29 20 97 67 14 
413-8-13 1?2.379 = 8 30 88 60 84 62 63 17 28 46 75 65 16 20 66 29 97 67 31 13 
413-8-15 1?2.701 = 8 30 88 84 62 63 17 28 46 75 65 16 48 66 29 20 92 82 98 34 15 
413-7-14 1?2.724 = 7 70 91 73 59 94 93 18 84 62 63 17 28 46 75 65 16 20 29 97 67 14 
413-9-12 1?2.095 = 9 30 88 84 62 72 21 39 61 33 79 89 32 38 12 
413-10-11 1?2.144 = 10 68 21 39 61 33 79 45 52 38 32 89 41 19 54 11 
413-9-11 1?2.074 = 9 60 84 62 63 72 21 39 61 33 79 89 41 54 11 
413-10-12 1?2.11 = 10 68 19 61 33 79 45 52 48 66 29 97 67 31 23 12 
413-9-10 1?2.324 = 9 60 84 62 63 72 21 39 61 33 79 89 41 54 10 
413-9-13 1?2.299 = 9 60 78 72 63 17 28 46 75 65 16 20 66 29 97 67 31 13 
413-9-14 1?2.348 = 9 30 88 60 78 72 63 17 28 46 75 65 16 20 66 29 97 67 14 
413-10-13 1?2.111 = 10 68 19 61 33 79 45 52 48 65 16 20 29 66 97 67 31 13 
413-10-14 1?2.41 = 10 19 61 33 79 45 52 31 67 97 29 66 48 65 16 92 82 98 14 
413-9-15 1?2.676 = 9 60 84 62 63 17 28 46 75 65 48 66 29 97 20 92 82 98 15 
413-10-15 1?2.447 = 10 68 61 33 79 45 52 31 67 97 29 66 48 65 16 92 82 98 15 
413-13-14 1?1.759 = 13 31 67 97 29 66 48 65 16 36 44 92 82 98 34 14 
413-12-13 1?1.645 = 12 32 89 79 45 52 48 65 16 20 66 29 97 67 31 13 
413-11-13 1?1.742 = 11 41 89 79 45 52 48 65 16 20 66 29 97 67 31 13 
413-11-12 1?1.923 = 11 41 54 19 68 21 39 61 33 79 45 52 38 89 32 12 
413-13-15 1?1.812 = 13 31 67 97 29 66 48 16 65 36 44 92 82 98 34 15 
413-14-15 1?1.797 = 14 67 97 29 66 20 48 65 16 36 44 74 92 82 98 34 15 
413-12-14 1?1.923 = 12 32 38 23 31 67 97 29 66 20 48 65 16 92 82 98 34 14 
413-11-14 1?2.101 = 11 54 41 89 38 23 31 67 97 29 66 48 65 16 92 82 98 14 
413-12-15 1?2.081 = 12 32 89 79 45 52 31 67 97 29 66 48 65 16 92 82 98 15 
413-11-15 1?2.168 = 11 54 41 89 32 38 23 31 67 97 29 66 48 65 16 92 82 98 15 
stop
