start
117-0-2 1?1.846 = 0 98 90 82 78 23 61 31 75 56 73 77 38 89 28 2 
117-0-1 1?1.772 = 0 98 18 46 90 82 87 34 27 16 78 23 53 48 85 1 
117-0-5 1?2.351 = 0 98 18 46 90 87 34 16 23 61 31 75 56 30 57 94 65 59 5 
117-0-7 1?2.412 = 0 98 18 90 87 34 16 62 39 24 72 50 96 68 93 63 49 32 7 
117-0-3 1?1.889 = 0 98 18 90 87 34 16 78 23 61 31 75 56 73 77 38 3 
117-0-11 1?2.128 = 0 98 18 90 87 34 16 27 45 44 33 79 42 20 25 81 54 29 11 
117-0-4 1?2.239 = 0 98 18 90 87 34 16 23 61 31 75 28 89 38 77 57 67 4 
117-0-6 1?2.506 = 0 98 90 87 34 44 45 47 99 39 24 72 50 96 93 70 55 40 6 
117-0-10 1?2.347 = 0 98 18 90 87 34 44 33 79 97 20 25 81 54 29 83 91 66 19 10 
117-0-9 1?2.564 = 0 98 90 87 34 44 33 79 97 20 25 81 54 29 83 91 66 19 9 
117-0-8 1?2.554 = 0 98 18 90 87 34 44 45 47 99 39 24 72 50 96 68 93 63 60 8 
117-0-13 1?1.621 = 0 98 18 90 87 34 44 33 79 97 20 81 25 76 13 
117-0-14 1?1.675 = 0 98 18 90 87 34 82 78 16 27 45 44 33 52 80 14 
117-0-15 1?1.866 = 0 98 18 46 90 82 78 16 27 45 47 99 44 34 87 15 
117-1-2 1?1.811 = 1 85 53 48 23 61 31 75 56 73 77 38 89 28 95 2 
117-1-3 1?2.087 = 1 85 53 48 23 61 31 75 28 89 38 77 73 56 30 57 3 
117-1-4 1?2.013 = 1 85 53 23 61 31 75 28 89 38 77 73 56 30 57 67 4 
117-1-7 1?2.537 = 1 85 53 48 23 61 75 31 35 64 88 72 50 96 68 93 63 49 32 7 
117-1-5 1?2.287 = 1 85 48 53 61 31 75 28 89 38 77 73 56 30 57 94 65 59 5 
117-0-12 1?1.989 = 0 98 18 90 87 34 27 47 45 44 33 79 42 97 20 25 81 54 12 
117-1-6 1?2.539 = 1 85 53 48 23 61 31 75 28 89 38 73 77 57 94 65 59 40 6 
117-1-8 1?2.831 = 1 85 53 48 23 61 75 31 35 64 88 72 50 96 68 93 70 69 49 32 86 8 
117-1-14 1?1.902 = 1 85 53 48 78 16 27 45 44 33 79 42 20 25 76 14 
117-1-15 1?2.003 = 1 85 48 53 23 78 16 27 47 45 44 34 87 90 46 15 
117-1-13 1?1.819 = 1 85 53 48 23 16 27 45 44 33 79 42 97 20 25 13 
117-2-3 1?2.311 = 2 1 85 53 48 23 61 31 75 28 89 38 73 56 30 77 3 
117-2-4 1?2.266 = 2 1 85 53 23 61 31 75 28 89 38 73 77 57 67 4 
117-1-10 1?2.534 = 1 85 53 48 23 16 27 45 44 33 79 42 36 84 17 51 83 91 19 66 10 
117-1-12 1?2.324 = 1 85 53 48 23 78 16 27 45 47 99 44 33 79 42 97 20 25 81 54 12 
117-1-11 1?2.332 = 1 85 53 48 23 78 16 27 45 44 33 79 42 97 20 25 81 54 29 11 
117-2-5 1?2.375 = 2 95 28 89 38 77 73 56 75 31 35 64 71 41 26 65 94 59 5 
117-1-9 1?2.737 = 1 85 53 48 23 16 27 45 44 33 79 42 36 84 17 83 91 66 19 9 
117-2-6 1?2.508 = 2 28 89 38 77 73 56 30 71 64 35 88 72 96 68 93 70 55 40 6 
117-2-15 1?2.013 = 2 28 89 38 77 73 56 75 31 61 23 78 82 34 87 90 46 15 
117-2-14 1?2.336 = 2 28 89 38 77 73 56 75 31 61 23 16 34 82 90 87 52 80 14 
117-3-4 1?2.143 = 3 38 73 89 28 95 53 23 61 31 75 56 30 57 67 4 
117-3-5 1?2.121 = 3 38 89 73 77 56 75 61 31 30 57 67 94 65 59 5 
117-2-7 1?2.319 = 2 28 89 38 77 73 56 30 26 41 74 22 68 93 63 86 49 32 7 
117-2-13 1?2.348 = 2 95 85 53 48 23 78 16 27 47 45 44 33 79 42 97 20 25 76 13 
117-2-8 1?2.523 = 2 28 89 38 77 73 56 30 26 41 74 70 55 69 49 32 86 63 60 8 
117-2-10 1?2.548 = 2 28 89 38 77 73 56 30 71 35 64 88 72 50 37 58 51 83 91 19 66 10 
117-2-9 1?2.689 = 2 28 89 38 77 73 56 30 71 64 35 88 72 50 58 51 91 66 19 9 
117-2-12 1?2.485 = 2 95 85 53 48 23 78 16 27 47 45 44 33 79 42 97 20 25 81 54 12 
117-2-11 1?2.534 = 2 95 85 53 48 23 16 27 45 44 33 79 42 97 20 25 81 54 29 11 
117-3-15 1?2.15 = 3 38 89 73 77 56 75 31 61 23 78 82 34 87 90 98 18 15 
117-4-5 1?2.252 = 4 67 57 77 38 89 28 73 56 30 71 41 26 65 94 59 5 
117-3-14 1?2.399 = 3 38 89 28 75 31 61 23 16 27 45 44 33 79 42 97 20 25 76 14 
117-3-7 1?2.252 = 3 38 77 73 56 30 71 64 35 88 72 50 96 68 93 63 49 32 7 
117-3-6 1?2.329 = 3 38 77 73 56 30 71 64 35 88 72 50 96 68 93 70 55 40 6 
117-3-12 1?2.319 = 3 38 89 28 75 31 61 62 47 45 44 33 79 97 20 25 81 54 12 
117-3-10 1?2.411 = 3 38 77 73 56 30 26 41 71 64 35 88 72 50 58 51 83 91 19 66 10 
117-3-8 1?2.468 = 3 38 77 73 56 30 26 41 71 64 35 88 72 50 96 68 93 63 60 8 
117-3-9 1?2.611 = 3 38 77 73 56 30 71 64 35 88 72 50 37 58 51 83 91 66 19 9 
117-3-11 1?2.52 = 3 38 89 28 75 31 61 62 47 45 44 33 97 20 25 81 54 29 11 
117-3-13 1?2.353 = 3 38 77 73 56 75 31 61 23 16 27 45 44 33 79 42 97 20 25 76 13 
117-4-7 1?2.123 = 4 67 57 26 41 71 35 64 22 68 93 70 55 69 49 32 7 
117-5-6 1?2.15 = 5 59 94 65 26 41 71 35 64 22 96 68 93 70 55 40 6 
117-4-6 1?2.227 = 4 94 65 26 41 71 64 35 88 72 50 96 93 70 55 40 6 
117-4-8 1?2.447 = 4 67 57 26 41 71 64 35 88 72 50 96 68 93 63 49 32 86 8 
117-4-14 1?2.553 = 4 67 57 30 56 73 77 38 89 28 75 31 61 23 78 16 34 87 52 80 14 
117-4-15 1?2.381 = 4 67 57 30 56 73 77 38 89 28 75 31 61 23 16 34 87 90 46 15 
117-4-10 1?2.66 = 4 67 57 26 41 71 35 64 22 68 96 88 72 50 37 58 51 83 91 19 66 10 
117-4-9 1?2.735 = 4 67 57 94 65 26 41 71 64 35 88 72 50 58 51 83 91 66 19 9 
117-4-12 1?2.533 = 4 67 57 30 56 75 31 61 23 16 27 45 44 33 79 97 20 25 81 54 12 
117-4-13 1?2.595 = 4 67 57 30 56 31 75 61 23 78 16 27 45 44 33 79 42 97 20 25 76 13 
117-4-11 1?2.701 = 4 67 57 30 56 75 31 61 62 47 45 44 79 97 20 25 81 54 29 11 
117-6-7 1?2.056 = 6 40 55 70 74 22 88 72 50 96 68 93 63 49 32 7 
117-5-7 1?2.081 = 5 59 94 65 26 41 74 22 96 68 93 70 55 69 49 32 7 
117-6-8 1?2.208 = 6 40 55 74 22 88 72 50 96 68 93 63 49 32 86 8 
117-5-8 1?2.406 = 5 59 65 26 41 71 64 35 88 72 50 96 68 93 63 49 32 86 8 
117-5-10 1?2.457 = 5 59 94 65 26 41 71 64 35 88 72 50 96 37 58 51 83 91 19 66 10 
117-5-15 1?2.541 = 5 59 65 94 57 77 38 89 28 75 31 61 23 78 82 34 87 90 46 15 
117-5-9 1?2.502 = 5 59 94 65 26 41 71 64 35 88 72 50 58 51 83 91 66 19 9 
117-5-14 1?2.635 = 5 59 94 65 26 41 71 64 35 92 39 99 47 45 44 33 79 97 20 25 76 14 
117-5-12 1?2.53 = 5 59 26 41 71 64 35 92 62 47 45 44 33 79 97 20 25 81 54 12 
117-5-11 1?2.68 = 5 59 94 65 26 41 71 35 64 22 68 96 72 50 58 51 83 91 19 66 11 
117-5-13 1?2.567 = 5 59 94 65 26 41 71 64 35 92 62 47 45 44 33 79 42 97 20 25 76 13 
117-6-10 1?2.005 = 6 40 55 70 93 68 96 72 50 37 58 51 83 91 19 66 10 
117-7-10 1?1.928 = 7 32 49 63 93 68 96 72 50 37 58 51 83 91 19 66 10 
117-7-8 1?2.309 = 7 32 49 63 70 55 74 22 68 96 88 72 50 37 21 8 
117-6-9 1?2.286 = 6 40 55 70 93 68 96 88 72 50 58 51 91 66 19 9 
117-7-9 1?2.203 = 7 32 49 69 70 93 68 96 72 50 58 51 83 91 66 19 9 
117-6-11 1?2.485 = 6 40 55 70 93 68 96 22 88 72 50 37 58 51 83 91 19 66 11 
117-6-12 1?2.456 = 6 40 55 70 93 96 50 72 24 84 36 42 79 97 20 25 81 54 12 
117-7-11 1?2.361 = 7 32 49 69 70 93 68 22 88 72 50 37 58 51 83 91 19 66 11 
117-6-14 1?2.595 = 6 40 55 70 93 68 96 50 72 24 39 99 47 45 44 33 79 97 20 25 76 14 
117-6-15 1?2.633 = 6 40 55 70 93 68 96 50 72 24 39 99 47 45 44 27 16 78 82 90 46 15 
117-6-13 1?2.515 = 6 40 55 70 93 68 96 50 72 24 39 99 47 45 44 33 79 97 20 25 76 13 
117-8-10 1?2.089 = 8 60 86 63 93 68 96 72 50 37 58 51 83 91 19 66 10 
117-8-9 1?2.322 = 8 60 63 86 32 49 69 55 70 93 68 96 72 50 37 21 9 
117-8-11 1?2.372 = 8 86 32 49 69 70 93 68 96 72 50 58 51 83 91 19 66 11 
117-8-14 1?2.494 = 8 86 32 49 63 93 68 96 50 72 24 39 99 47 45 44 33 52 80 14 
117-8-12 1?2.436 = 8 60 63 93 96 50 72 24 84 36 42 79 97 20 25 81 54 12 
117-8-13 1?2.382 = 8 21 37 50 72 24 39 99 47 45 44 33 79 42 20 25 76 13 
117-7-12 1?2.364 = 7 32 49 63 93 68 96 72 24 84 36 42 79 97 20 25 81 54 12 
117-7-13 1?2.324 = 7 32 49 69 70 93 68 96 50 72 24 84 36 42 79 97 20 25 76 13 
117-8-15 1?2.574 = 8 60 63 93 68 96 50 72 24 39 99 47 45 27 16 34 87 90 46 15 
117-7-14 1?2.566 = 7 32 49 63 93 68 96 50 72 24 39 99 47 45 44 33 79 42 20 25 76 14 
117-7-15 1?2.581 = 7 32 49 69 70 93 68 96 50 72 24 39 99 47 45 44 27 34 87 90 46 15 
117-9-10 1?2.476 = 9 8 86 32 49 63 93 68 96 72 50 58 51 83 91 19 66 10 
117-10-14 1?1.923 = 10 66 19 91 51 17 84 36 42 79 97 20 81 25 76 14 
117-10-12 1?1.87 = 10 66 19 91 83 17 84 36 42 79 97 20 25 81 54 12 
117-10-13 1?1.843 = 10 66 19 91 51 17 84 36 42 79 97 20 81 25 76 13 
117-10-11 1?2.08 = 10 66 19 91 83 17 84 36 42 97 20 25 81 54 29 11 
117-9-12 1?2.239 = 9 19 66 91 83 51 17 84 36 42 79 97 20 25 81 54 12 
117-9-11 1?2.385 = 9 19 91 51 17 84 36 42 79 97 20 25 81 54 29 11 
117-9-14 1?2.475 = 9 21 37 50 72 24 39 99 47 45 44 33 79 97 20 81 25 76 14 
117-9-13 1?2.353 = 9 21 37 50 72 24 39 99 47 45 44 33 79 42 20 25 76 13 
117-9-15 1?2.51 = 9 19 66 91 83 17 84 36 42 79 33 44 45 27 34 87 90 46 15 
117-10-15 1?2.292 = 10 66 19 91 83 17 84 36 42 79 33 44 45 27 16 34 87 90 46 15 
117-13-14 1?1.767 = 13 76 25 20 97 42 79 33 44 45 27 34 87 52 80 14 
117-11-14 1?1.843 = 11 29 54 81 25 20 97 79 99 47 45 44 33 52 80 14 
117-12-14 1?1.691 = 12 54 81 25 20 97 42 79 99 47 45 44 33 52 80 14 
117-11-12 1?1.952 = 11 29 43 36 99 47 45 44 33 79 97 20 25 81 54 12 
117-11-13 1?1.905 = 11 29 43 36 99 47 45 44 33 79 97 20 81 25 76 13 
117-12-13 1?1.921 = 12 29 54 81 25 20 42 79 99 47 45 44 33 76 13 
117-14-15 1?1.717 = 14 76 25 20 97 79 33 44 45 27 16 34 87 90 46 15 
117-13-15 1?1.637 = 13 76 25 20 97 79 33 44 45 27 16 34 87 90 46 15 
117-12-15 1?1.696 = 12 54 81 25 20 97 42 79 33 44 34 87 90 46 15 
117-11-15 1?2.065 = 11 29 54 81 25 20 42 79 33 44 45 27 16 34 87 90 46 15 
stop
