start
595-0-3 1?1.939 = 0 59 55 50 97 77 87 88 65 60 92 46 22 38 45 3 
595-0-2 1?2.06 = 0 59 55 50 97 77 31 87 88 46 92 65 60 56 85 2 
595-0-4 1?2.417 = 0 59 55 50 97 77 87 56 85 60 65 88 92 46 38 22 74 76 4 
595-0-5 1?2.384 = 0 59 55 50 81 44 57 71 30 43 33 32 24 99 63 66 72 18 5 
595-0-1 1?2.117 = 0 59 86 55 50 97 77 87 65 88 46 92 60 85 56 1 
595-0-10 1?2.403 = 0 59 55 50 81 44 57 71 30 43 33 25 37 73 36 41 89 80 10 
595-0-7 1?2.505 = 0 59 55 50 81 44 57 71 67 30 43 33 96 75 68 20 84 48 83 7 
595-0-9 1?2.405 = 0 59 55 50 81 44 57 71 30 43 33 96 25 37 73 36 41 89 9 
595-0-11 1?2.622 = 0 59 55 50 81 44 57 71 67 98 17 39 19 93 49 16 61 90 11 
595-0-6 1?2.416 = 0 59 55 50 81 44 57 71 67 30 43 33 96 75 68 20 48 62 6 
595-0-8 1?2.545 = 0 59 55 50 81 44 57 71 67 30 43 33 96 25 37 73 41 36 95 28 8 
595-0-14 1?2.089 = 0 82 77 97 50 55 86 51 91 94 21 54 69 78 70 14 
595-0-13 1?2.033 = 0 59 55 86 51 91 94 39 19 40 21 54 69 78 13 
595-1-2 1?2.083 = 1 82 59 55 50 97 77 87 88 46 92 65 60 56 85 2 
595-1-4 1?2.167 = 1 56 60 65 88 46 53 27 24 99 63 66 58 74 76 4 
595-0-15 1?2.297 = 0 59 55 50 79 35 39 19 94 21 54 69 78 70 15 
595-1-3 1?2.104 = 1 82 59 55 50 97 77 87 88 65 60 85 92 38 45 3 
595-1-6 1?2.351 = 1 56 60 65 88 46 53 27 24 99 63 66 18 72 20 48 83 62 6 
595-1-5 1?2.59 = 1 56 60 65 88 92 46 53 27 24 99 63 66 72 18 58 74 76 5 
595-0-12 1?2.323 = 0 59 55 50 81 44 57 71 67 98 17 39 19 94 21 40 64 12 
595-1-7 1?2.446 = 1 56 85 60 65 88 92 46 53 27 24 99 63 66 18 72 84 48 83 7 
595-1-8 1?2.551 = 1 56 60 65 88 46 53 27 99 24 32 96 25 37 73 41 36 95 28 8 
595-1-14 1?2.089 = 1 82 77 97 50 55 59 86 51 91 94 21 54 69 78 14 
595-1-15 1?2.215 = 1 56 2 85 60 65 92 46 88 87 77 97 50 55 59 86 15 
595-2-6 1?1.924 = 2 85 60 65 88 92 46 53 27 24 99 63 72 18 47 6 
595-2-4 1?1.984 = 2 85 60 65 88 46 53 27 99 63 66 18 58 74 76 4 
595-1-13 1?2.401 = 1 56 60 65 88 87 77 97 50 55 86 51 91 94 21 54 69 78 13 
595-1-12 1?2.418 = 1 56 60 65 88 87 31 81 44 57 71 67 98 17 39 19 40 64 12 
595-1-11 1?2.634 = 1 82 77 97 55 50 81 44 52 57 71 67 98 17 39 19 40 64 11 
595-2-3 1?2.106 = 2 85 60 65 88 46 53 27 24 99 63 66 58 74 76 45 3 
595-1-9 1?2.535 = 1 56 60 65 88 46 53 27 24 32 33 96 25 37 73 36 41 89 9 
595-2-5 1?1.971 = 2 85 56 60 65 88 46 53 27 24 99 63 66 72 18 5 
595-1-10 1?2.514 = 1 56 60 65 88 46 53 27 99 24 32 96 25 37 73 36 41 89 80 10 
595-2-15 1?2.035 = 2 85 60 65 92 38 22 46 88 87 77 97 50 55 59 15 
595-2-14 1?2.264 = 2 85 60 65 88 87 77 97 50 55 86 51 91 94 21 54 69 78 14 
595-3-4 1?2.058 = 3 45 38 22 53 27 24 99 63 66 72 18 58 29 74 76 4 
595-3-5 1?2.176 = 3 45 38 22 53 27 43 33 32 24 99 63 72 18 58 5 
595-2-9 1?2.415 = 2 85 60 65 88 92 46 53 29 63 99 24 32 96 25 37 73 36 41 89 9 
595-2-13 1?2.323 = 2 85 60 65 88 31 81 44 57 71 67 98 17 39 94 21 54 69 78 13 
595-2-10 1?2.441 = 2 85 60 65 88 46 53 27 99 24 32 43 33 96 25 37 73 36 41 89 80 10 
595-2-11 1?2.595 = 2 85 60 65 88 46 53 27 99 24 32 96 25 37 73 36 41 89 61 90 11 
595-2-12 1?2.56 = 2 85 60 65 88 87 77 97 55 50 81 44 57 71 67 98 17 39 19 40 64 12 
595-2-7 1?2.267 = 2 85 60 65 88 92 46 53 27 24 99 63 66 18 72 20 84 48 83 7 
595-2-8 1?2.408 = 2 85 60 65 88 92 46 53 27 99 24 32 96 25 37 73 41 36 95 28 8 
595-3-14 1?2.425 = 3 45 38 22 53 27 52 57 71 67 98 17 39 19 94 21 54 69 78 14 
595-3-15 1?2.438 = 3 45 38 22 46 92 88 65 60 85 56 87 31 77 97 50 55 59 15 
595-3-6 1?1.994 = 3 45 38 22 29 27 24 99 63 66 18 72 84 48 83 62 6 
595-4-5 1?2.137 = 4 76 74 58 18 72 63 99 24 32 75 68 20 84 47 5 
595-3-9 1?2.242 = 3 45 76 74 58 18 72 66 63 99 24 32 96 25 37 73 36 41 89 9 
595-3-13 1?2.346 = 3 45 38 22 53 27 52 57 71 67 98 17 39 19 94 21 54 69 78 13 
595-3-11 1?2.516 = 3 45 76 74 58 18 72 66 63 99 24 32 96 25 37 73 26 23 34 16 90 11 
595-3-10 1?2.36 = 3 45 76 74 58 18 72 66 63 99 24 32 33 96 25 37 73 36 41 89 80 10 
595-3-12 1?2.476 = 3 45 38 22 29 63 99 24 32 33 43 30 71 57 67 98 17 39 19 40 64 12 
595-3-7 1?2.233 = 3 45 76 74 58 18 72 66 63 99 24 32 96 75 68 20 84 48 7 
595-3-8 1?2.256 = 3 45 76 74 58 18 72 66 63 99 24 32 96 25 37 73 36 95 28 8 
595-4-6 1?1.864 = 4 76 74 58 18 72 66 63 99 24 32 68 20 84 62 6 
595-5-6 1?1.864 = 5 18 72 63 99 24 32 96 75 68 20 84 48 83 62 6 
595-4-14 1?2.485 = 4 76 74 29 27 52 57 71 67 98 17 39 19 94 91 21 54 69 78 14 
595-4-15 1?2.566 = 4 76 74 58 18 72 66 63 99 24 32 33 43 52 44 81 50 55 59 15 
595-4-9 1?2.087 = 4 76 74 58 18 72 66 63 99 24 32 96 25 37 73 36 41 89 9 
595-4-7 1?1.939 = 4 76 74 58 18 72 66 63 99 24 32 68 20 48 83 7 
595-4-10 1?2.202 = 4 76 74 58 18 72 63 99 24 32 33 96 25 37 73 36 41 89 80 10 
595-4-11 1?2.413 = 4 76 74 58 18 72 63 99 24 32 96 25 37 73 36 41 89 61 90 11 
595-4-13 1?2.406 = 4 76 74 29 27 52 57 71 67 98 17 39 19 94 91 21 54 69 78 13 
595-4-8 1?1.939 = 4 76 74 58 18 66 63 99 24 32 96 25 37 42 28 8 
595-4-12 1?2.387 = 4 76 74 58 18 72 66 63 99 24 32 33 43 30 67 98 17 39 19 40 64 12 
595-5-14 1?2.316 = 5 18 72 66 63 99 24 32 33 43 30 67 35 94 21 54 69 78 14 
595-5-15 1?2.429 = 5 18 72 66 63 99 24 32 33 43 30 71 57 44 81 50 55 59 15 
595-5-9 1?1.994 = 5 18 72 66 63 99 24 32 43 33 96 25 37 73 36 41 89 9 
595-5-7 1?1.939 = 5 18 72 66 63 99 24 32 43 33 96 75 68 20 48 7 
595-6-7 1?1.936 = 6 47 18 72 66 63 99 24 32 96 75 68 20 84 48 83 7 
595-5-10 1?2.249 = 5 18 72 66 63 99 24 32 43 33 96 25 37 73 36 41 89 61 80 10 
595-6-8 1?1.803 = 6 62 83 48 84 20 68 75 25 37 73 41 36 95 28 8 
595-5-11 1?2.403 = 5 18 72 63 99 24 32 43 33 96 25 37 73 36 41 89 80 61 90 11 
595-5-8 1?1.865 = 5 18 72 66 63 99 24 32 96 25 37 73 36 95 28 8 
595-5-13 1?2.362 = 5 18 72 63 99 24 32 33 43 30 71 57 67 98 17 39 19 94 21 54 13 
595-5-12 1?2.437 = 5 58 18 72 66 63 99 24 32 96 33 43 30 71 57 67 98 17 39 19 40 64 12 
595-7-10 1?1.835 = 7 83 48 84 20 68 75 96 25 37 73 36 41 89 80 10 
595-7-9 1?1.953 = 7 83 48 84 20 68 75 96 33 25 37 73 36 41 89 9 
595-6-9 1?1.79 = 6 62 83 48 84 20 68 75 96 25 37 73 36 41 89 9 
595-6-14 1?2.373 = 6 62 48 20 68 75 96 33 43 30 98 17 39 19 94 21 54 69 78 14 
595-6-15 1?2.53 = 6 62 83 48 20 68 75 96 33 43 30 71 57 52 44 81 50 55 59 15 
595-7-11 1?2.326 = 7 83 48 84 20 68 32 96 25 37 73 36 41 89 80 61 90 11 
595-6-10 1?2.076 = 6 62 83 48 84 20 68 32 43 33 96 25 37 73 36 41 89 80 10 
595-7-8 1?1.872 = 7 83 48 84 20 68 75 96 25 37 73 41 36 95 28 8 
595-6-11 1?2.374 = 6 62 83 48 84 72 66 63 99 24 32 96 25 37 73 36 41 89 61 90 11 
595-6-12 1?2.222 = 6 62 83 48 20 68 75 96 33 43 30 71 57 67 98 17 39 19 40 64 12 
595-6-13 1?2.343 = 6 62 48 20 68 75 96 33 43 30 67 98 17 39 19 94 21 54 69 78 13 
595-8-10 1?1.916 = 8 28 42 95 36 41 73 37 25 26 23 34 16 61 80 10 
595-8-9 1?2.087 = 8 28 95 36 41 73 37 25 26 23 34 16 61 80 89 9 
595-8-11 1?2.149 = 8 28 42 37 25 96 33 43 30 71 57 67 98 17 93 11 
595-7-14 1?2.427 = 7 48 20 68 75 96 33 43 30 67 98 17 39 19 94 21 54 69 78 14 
595-8-14 1?2.375 = 8 28 42 37 25 33 43 30 71 57 67 98 17 39 94 21 54 69 78 14 
595-7-15 1?2.589 = 7 83 48 84 20 68 75 96 33 43 30 71 57 52 44 81 50 55 59 15 
595-8-15 1?2.519 = 8 28 95 36 41 73 37 25 96 33 43 30 71 57 44 81 50 55 59 15 
595-7-12 1?2.197 = 7 48 20 68 75 96 33 43 30 71 57 67 98 17 39 19 40 64 12 
595-7-13 1?2.268 = 7 20 68 75 96 33 43 30 71 57 67 98 17 39 19 94 21 54 13 
595-8-13 1?2.225 = 8 28 95 36 41 26 23 34 16 49 93 39 19 94 91 21 54 69 78 13 
595-8-12 1?2.189 = 8 28 42 73 37 25 96 33 43 30 71 57 67 98 17 39 19 40 64 12 
595-9-10 1?2.042 = 9 28 42 95 36 41 73 37 25 26 23 34 16 61 80 10 
595-9-12 1?2.026 = 9 95 36 41 26 30 71 57 67 98 17 39 19 40 64 12 
595-9-11 1?2.179 = 9 95 42 37 25 96 33 43 30 71 57 67 98 17 93 11 
595-10-11 1?2.068 = 10 80 89 41 36 95 42 73 37 25 26 23 34 16 61 90 11 
595-10-12 1?1.922 = 10 80 89 36 41 26 23 34 16 49 93 39 19 40 64 12 
595-10-13 1?1.789 = 10 80 61 16 49 93 40 19 39 94 21 54 69 78 13 
595-10-14 1?2.232 = 10 80 89 36 41 26 23 34 16 49 93 39 19 94 21 54 69 78 14 
595-9-14 1?2.34 = 9 89 41 36 73 26 23 34 16 49 93 39 19 94 91 21 54 69 78 14 
595-9-13 1?2.089 = 9 95 36 41 26 23 34 16 49 93 39 19 94 21 54 69 78 13 
595-10-15 1?2.448 = 10 80 89 41 36 73 37 25 33 43 30 71 57 44 81 50 55 59 15 
595-9-15 1?2.521 = 9 89 41 36 73 37 25 96 33 43 30 67 71 57 44 81 50 55 59 15 
595-13-14 1?2.094 = 13 54 21 94 19 39 17 98 67 71 57 35 91 69 78 14 
595-12-14 1?1.971 = 12 64 40 19 39 17 98 67 71 57 35 94 21 54 78 14 
595-11-12 1?2.101 = 11 90 16 34 23 26 30 71 57 67 98 17 39 19 40 64 12 
595-12-15 1?2.066 = 12 64 40 19 39 94 21 54 78 69 51 86 55 59 15 
595-13-15 1?2.078 = 13 78 69 54 21 40 19 39 94 91 51 86 55 59 15 
595-14-15 1?2.142 = 14 70 78 69 54 21 94 19 39 35 79 50 55 59 15 
595-11-14 1?2.226 = 11 90 61 16 49 93 39 19 40 21 94 91 54 69 78 70 14 
595-11-13 1?2.027 = 11 90 61 16 49 93 39 19 40 21 94 91 54 69 78 13 
595-12-13 1?1.88 = 12 64 40 19 39 17 98 67 71 57 35 91 94 21 54 13 
595-11-15 1?2.506 = 11 93 40 19 39 94 91 21 54 78 69 51 79 50 55 59 15 
stop
