start
920-0-1 1?2.269 = 0 48 59 92 25 18 32 20 42 73 77 79 62 63 1 
920-0-5 1?2.204 = 0 48 59 26 44 92 62 16 85 89 51 43 41 31 23 27 90 40 35 5 
920-0-6 1?2.593 = 0 48 59 92 25 18 32 20 42 73 94 70 65 76 75 83 45 46 6 
920-0-11 1?2.163 = 0 48 59 92 25 32 20 42 73 38 87 84 47 53 99 69 97 11 
920-0-9 1?2.29 = 0 48 59 92 25 32 20 42 73 38 87 84 47 53 99 69 57 24 9 
920-0-7 1?2.642 = 0 48 59 44 92 25 32 20 42 73 38 80 29 72 55 75 83 88 7 
920-0-8 1?2.491 = 0 48 59 92 25 18 32 20 42 73 38 87 84 47 53 54 50 86 8 
920-0-10 1?2.249 = 0 48 59 44 92 25 18 32 20 42 73 38 87 84 47 53 99 69 10 
920-0-3 1?2.145 = 0 48 59 26 44 92 62 16 85 89 51 43 41 31 23 3 
920-0-2 1?2.312 = 0 48 59 44 92 25 18 32 77 79 85 16 28 21 2 
920-0-4 1?1.871 = 0 48 59 44 92 62 16 85 89 51 43 41 31 23 27 4 
920-0-13 1?1.799 = 0 48 59 26 44 92 25 77 32 18 30 81 19 64 34 13 
920-0-14 1?1.79 = 0 48 59 92 25 77 73 42 20 32 18 30 81 19 61 14 
920-0-15 1?1.951 = 0 48 59 26 44 92 25 77 73 42 20 32 18 98 49 15 
920-1-2 1?2.471 = 1 63 26 48 59 44 92 62 16 85 89 51 82 28 21 2 
920-1-3 1?2.295 = 1 21 28 16 85 89 51 41 43 31 17 35 40 90 27 3 
920-0-12 1?2.06 = 0 48 26 44 92 25 18 32 20 42 73 38 87 71 22 96 60 12 
920-1-4 1?1.988 = 1 21 28 16 85 89 51 91 43 41 31 23 52 90 40 4 
920-1-5 1?2.499 = 1 0 48 59 26 44 62 16 85 89 51 43 41 31 23 27 52 90 40 35 5 
920-1-7 1?2.741 = 1 21 28 16 85 89 51 41 43 91 95 67 76 55 72 75 83 88 7 
920-1-8 1?2.638 = 1 63 44 92 25 18 32 20 42 73 38 87 84 47 53 54 50 86 8 
920-1-6 1?2.568 = 1 21 28 82 51 43 41 31 91 39 95 67 76 55 75 83 45 36 46 6 
920-1-14 1?1.937 = 1 63 44 92 25 77 73 42 20 32 18 30 81 19 61 14 
920-1-12 1?2.368 = 1 63 26 44 92 25 32 18 30 20 42 73 38 87 78 22 96 60 12 
920-1-11 1?2.374 = 1 63 44 92 25 18 32 20 42 73 38 87 84 47 53 99 69 97 11 
920-2-3 1?2.197 = 2 21 16 85 89 51 43 41 31 91 17 35 40 90 27 3 
920-1-13 1?2.274 = 1 63 26 44 92 25 77 42 73 38 87 20 32 18 30 81 64 34 13 
920-2-4 1?1.925 = 2 21 16 85 89 51 43 41 31 23 27 90 52 17 35 40 4 
920-1-9 1?2.401 = 1 63 44 92 25 32 20 42 73 38 87 84 47 99 69 57 24 9 
920-2-5 1?1.94 = 2 21 28 16 85 89 51 91 43 41 31 23 27 52 90 40 35 5 
920-1-10 1?2.39 = 1 63 26 44 92 25 18 32 20 42 73 38 87 84 47 53 99 69 10 
920-2-6 1?2.27 = 2 21 28 82 51 41 43 91 31 23 52 90 40 35 17 39 46 6 
920-1-15 1?2.13 = 1 63 44 92 25 77 73 38 42 20 32 18 98 49 15 
920-2-14 1?2.386 = 2 21 16 85 79 94 38 73 42 20 32 18 30 81 64 19 61 14 
920-2-11 1?2.634 = 2 21 16 85 79 77 25 32 20 42 73 38 87 84 47 99 69 97 11 
920-2-12 1?2.517 = 2 21 16 85 79 77 25 18 32 20 42 73 38 87 78 22 96 60 12 
920-2-13 1?2.45 = 2 21 16 85 89 56 37 65 70 94 73 42 20 32 18 81 64 34 13 
920-3-4 1?2.208 = 3 23 31 41 43 91 95 67 76 75 83 45 39 17 52 90 4 
920-3-5 1?2.344 = 3 2 21 28 16 85 89 51 91 43 41 31 23 27 90 52 40 35 5 
920-2-10 1?2.653 = 2 21 63 44 92 25 18 32 20 42 73 38 87 84 47 53 99 69 10 
920-2-7 1?2.55 = 2 21 28 82 51 41 31 43 91 39 95 67 76 55 72 75 83 88 7 
920-2-8 1?2.605 = 2 21 28 82 51 41 43 91 95 67 76 83 75 55 72 93 50 86 8 
920-2-15 1?2.284 = 2 21 63 44 92 25 77 73 42 20 32 18 98 49 15 
920-2-9 1?2.546 = 2 21 28 82 51 41 43 91 95 67 76 75 55 72 93 50 86 33 58 24 9 
920-3-14 1?2.455 = 3 23 31 41 43 51 56 37 65 70 38 73 42 20 30 81 19 61 14 
920-3-11 1?2.699 = 3 23 31 41 43 91 39 95 67 76 75 55 72 93 54 53 47 99 69 97 11 
920-4-5 1?1.903 = 4 27 23 31 41 43 51 56 67 95 39 17 52 90 40 35 5 
920-3-12 1?2.61 = 3 23 31 41 43 51 89 56 37 65 70 38 73 42 20 71 22 96 60 12 
920-3-10 1?2.546 = 3 23 31 41 43 91 95 67 76 75 55 72 93 74 86 33 58 24 57 10 
920-3-8 1?2.38 = 3 27 52 90 40 35 17 31 41 43 91 95 67 76 75 55 72 93 74 8 
920-3-13 1?2.569 = 3 23 31 41 43 51 56 37 65 70 38 73 42 20 32 18 81 64 34 13 
920-3-7 1?2.289 = 3 27 52 90 40 35 17 31 41 43 91 95 67 76 75 55 72 88 7 
920-3-6 1?2.14 = 3 27 90 52 23 31 41 43 91 95 67 76 55 75 83 45 36 46 6 
920-3-9 1?2.47 = 3 27 52 90 40 35 17 31 41 43 91 95 76 75 55 72 93 50 33 58 24 9 
920-3-15 1?2.544 = 3 23 31 41 43 51 56 37 70 38 73 42 20 32 18 98 49 15 
920-4-7 1?1.817 = 4 90 52 27 23 31 41 43 91 95 67 76 75 55 72 88 7 
920-4-14 1?2.284 = 4 27 23 31 41 43 51 56 37 70 38 73 42 20 32 18 81 19 61 14 
920-4-11 1?2.479 = 4 27 23 31 41 43 91 39 95 67 76 55 72 29 54 53 47 99 69 97 11 
920-5-6 1?1.764 = 5 35 40 90 52 23 31 41 43 91 67 76 75 83 45 46 6 
920-4-6 1?1.731 = 4 90 52 23 31 41 43 91 95 67 76 55 75 83 45 46 6 
920-4-8 1?2.097 = 4 27 52 90 40 35 17 31 41 43 91 95 67 76 75 55 72 93 74 8 
920-4-12 1?2.464 = 4 27 23 31 41 43 51 89 56 37 65 70 80 38 73 42 20 71 22 96 60 12 
920-4-13 1?2.377 = 4 27 23 31 41 43 51 56 37 65 70 94 73 42 20 32 18 30 81 64 34 13 
920-4-10 1?2.428 = 4 27 90 52 23 31 41 43 91 95 67 76 75 55 72 93 50 33 58 24 57 10 
920-4-9 1?2.207 = 4 27 52 90 40 35 17 31 41 43 91 95 67 76 75 55 72 93 50 33 24 9 
920-4-15 1?2.261 = 4 90 52 27 23 31 41 43 51 89 85 16 62 92 44 26 48 59 49 15 
920-6-8 1?2.044 = 6 46 36 45 83 75 76 55 72 93 50 57 33 24 58 8 
920-5-7 1?1.825 = 5 35 40 90 52 23 31 41 43 91 95 67 76 75 83 88 7 
920-6-7 1?2.215 = 6 5 35 40 90 52 23 31 41 43 91 95 67 76 75 83 88 7 
920-5-14 1?2.334 = 5 35 40 90 52 23 31 41 43 51 89 85 79 77 32 18 30 81 19 61 14 
920-5-11 1?2.395 = 5 35 40 90 52 23 31 41 43 91 95 76 55 72 93 54 99 69 97 11 
920-5-9 1?1.993 = 5 35 40 90 52 23 31 41 43 91 95 76 55 72 93 50 33 24 9 
920-5-8 1?1.937 = 5 35 40 90 52 23 31 41 43 91 67 76 75 55 72 93 74 8 
920-5-10 1?2.235 = 5 35 40 90 52 23 31 41 43 91 95 67 76 55 72 93 50 57 10 
920-5-12 1?2.454 = 5 35 40 90 52 23 31 41 43 51 56 37 65 70 38 87 71 22 96 60 12 
920-5-13 1?2.423 = 5 35 40 90 52 23 31 41 43 51 89 16 85 79 77 32 18 30 81 64 34 13 
920-5-15 1?2.326 = 5 35 40 90 52 23 31 41 43 51 89 85 16 62 92 44 26 48 59 49 15 
920-7-9 1?1.927 = 7 88 45 83 75 76 55 72 93 74 86 50 33 58 24 9 
920-6-9 1?1.774 = 6 46 36 45 83 75 76 55 72 93 50 57 33 58 24 9 
920-7-10 1?2.109 = 7 36 45 83 75 76 55 72 93 50 86 33 58 24 57 10 
920-7-8 1?2.197 = 7 88 45 83 75 76 55 72 93 74 86 50 33 24 58 8 
920-7-11 1?2.496 = 7 88 83 75 76 55 72 93 50 54 69 99 53 47 84 68 66 11 
920-6-14 1?2.401 = 6 46 36 45 83 75 76 55 72 29 80 38 73 42 20 32 18 81 19 61 14 
920-6-11 1?2.512 = 6 46 36 45 83 75 76 55 72 93 50 33 58 24 57 69 99 97 11 
920-6-10 1?2.505 = 6 46 45 83 75 76 65 70 94 73 42 38 87 84 47 99 69 10 
920-6-12 1?2.469 = 6 46 45 83 75 76 55 72 29 80 70 38 73 42 20 71 22 96 60 12 
920-6-13 1?2.355 = 6 46 45 83 75 55 76 65 70 94 73 42 20 32 18 30 81 64 34 13 
920-6-15 1?2.567 = 6 46 45 83 75 72 55 76 65 37 70 80 38 73 42 20 32 18 98 49 15 
920-8-12 1?2.037 = 8 58 33 24 57 54 69 99 53 47 84 78 22 96 12 
920-8-9 1?2.317 = 8 7 88 45 83 75 76 55 72 93 74 86 50 33 58 24 9 
920-8-11 1?2.115 = 8 58 33 24 57 69 99 53 47 84 78 22 96 66 11 
920-8-10 1?2.258 = 8 58 33 24 57 54 69 99 53 47 84 78 68 97 10 
920-8-14 1?2.242 = 8 58 33 24 57 69 99 53 47 84 87 38 73 42 20 30 81 19 61 14 
920-7-12 1?2.482 = 7 88 83 75 76 55 72 29 54 69 99 53 47 84 78 22 96 60 12 
920-7-14 1?2.567 = 7 88 83 75 76 55 72 29 80 70 38 87 42 20 32 18 30 81 19 61 14 
920-7-13 1?2.379 = 7 88 72 55 75 76 65 70 94 73 42 20 32 18 30 81 64 34 13 
920-8-13 1?2.195 = 8 86 50 54 53 47 84 87 38 73 42 20 32 18 30 81 64 34 13 
920-7-15 1?2.64 = 7 88 74 86 50 54 69 99 53 47 84 87 38 73 42 20 32 18 98 49 15 
920-8-15 1?2.373 = 8 58 33 24 57 69 99 53 47 84 87 38 73 42 20 32 18 98 49 15 
920-9-11 1?1.902 = 9 24 58 33 57 69 99 53 47 84 78 22 96 66 11 
920-9-12 1?1.856 = 9 24 58 33 57 54 69 99 47 53 84 78 22 96 12 
920-10-11 1?2.045 = 10 69 99 53 47 84 87 38 73 42 20 71 22 96 66 11 
920-10-12 1?1.812 = 10 69 99 53 47 84 87 38 73 42 20 71 22 96 60 12 
920-9-10 1?2.077 = 9 24 58 33 57 54 69 99 47 53 84 78 68 97 10 
920-10-14 1?1.955 = 10 97 69 99 53 47 84 87 38 73 42 20 32 18 30 81 19 61 14 
920-10-13 1?1.84 = 10 69 99 53 47 84 87 38 73 42 20 32 18 81 64 34 13 
920-9-14 1?2.029 = 9 24 58 33 57 69 99 53 47 84 87 38 73 42 20 30 81 19 61 14 
920-9-13 1?1.944 = 9 24 57 69 99 53 47 84 87 38 73 42 20 30 81 64 34 13 
920-10-15 1?2.448 = 10 69 99 53 47 84 87 38 73 42 20 32 18 25 92 44 26 48 59 15 
920-9-15 1?2.291 = 9 24 58 33 57 69 99 53 47 84 87 38 73 42 20 32 18 25 98 49 15 
920-12-13 1?1.628 = 12 96 78 87 38 73 42 20 32 18 30 81 64 34 13 
920-11-14 1?1.741 = 11 97 69 99 47 84 87 38 73 42 20 30 81 19 61 14 
920-11-12 1?1.842 = 11 97 69 99 53 47 84 87 38 73 42 20 71 22 60 12 
920-12-14 1?1.609 = 12 60 96 78 87 38 73 42 20 32 18 30 81 19 61 14 
920-13-14 1?1.81 = 13 22 78 87 38 73 42 20 32 18 30 81 64 19 61 14 
920-11-13 1?1.745 = 11 97 69 99 47 84 38 73 42 20 30 81 64 34 13 
920-14-15 1?1.792 = 14 61 19 81 18 32 20 87 38 73 42 77 25 98 49 15 
920-13-15 1?1.744 = 13 34 64 81 30 71 87 38 73 42 20 32 18 98 49 15 
920-12-15 1?1.801 = 12 96 22 78 87 38 73 42 20 32 18 25 98 49 15 
920-11-15 1?2.153 = 11 97 69 99 53 47 84 78 87 38 73 42 20 32 25 98 49 15 
stop
