start
922-0-4 1?2.363 = 0 77 32 59 28 34 24 25 68 18 31 50 85 76 44 67 60 4 
922-0-3 1?2.155 = 0 77 80 32 59 28 34 24 25 68 18 31 89 85 50 43 79 3 
922-0-2 1?1.809 = 0 77 32 59 34 24 25 68 18 31 85 50 43 79 35 2 
922-0-1 1?2.155 = 0 77 32 59 28 34 24 25 68 18 31 85 50 46 41 1 
922-0-6 1?2.511 = 0 77 32 59 28 91 31 18 24 25 68 89 76 67 44 72 47 62 66 6 
922-0-5 1?2.477 = 0 77 32 59 28 91 50 85 31 18 68 25 24 58 88 69 90 47 72 5 
922-0-9 1?2.772 = 0 77 80 41 46 50 85 31 18 68 25 24 58 16 52 21 39 99 48 81 9 
922-0-8 1?2.625 = 0 77 32 59 28 91 31 18 68 25 58 88 49 70 45 98 22 30 8 
922-0-10 1?2.78 = 0 77 32 59 28 91 50 85 31 18 68 25 58 16 52 21 78 23 37 10 
922-0-11 1?2.839 = 0 77 80 32 59 65 61 64 26 83 19 86 96 54 57 27 29 84 11 
922-0-7 1?2.512 = 0 77 80 41 46 50 85 31 18 68 25 24 58 88 69 49 70 98 45 53 7 
922-1-3 1?2.149 = 1 41 46 50 85 31 18 24 25 68 89 76 44 67 51 71 3 
922-0-13 1?2.231 = 0 77 32 59 65 61 95 74 97 56 93 96 54 86 19 13 
922-1-2 1?1.905 = 1 41 87 46 91 31 24 25 68 18 89 85 50 43 79 35 2 
922-0-15 1?2.297 = 0 77 80 32 59 28 34 92 97 74 95 61 64 82 15 
922-0-14 1?2.199 = 0 77 80 32 59 65 61 95 74 97 56 93 26 83 14 
922-1-4 1?2.195 = 1 2 35 79 43 50 85 31 18 24 25 68 89 76 44 67 51 71 4 
922-1-5 1?2.324 = 1 87 35 79 43 50 85 31 18 68 25 24 58 88 69 90 47 72 5 
922-1-8 1?2.562 = 1 87 46 50 85 89 31 18 68 25 58 88 69 49 70 45 98 22 30 8 
922-1-6 1?2.374 = 1 87 46 50 85 31 18 68 25 24 58 88 69 49 70 98 45 53 55 6 
922-0-12 1?2.744 = 0 77 80 32 59 65 61 95 74 97 56 93 96 54 57 27 29 12 
922-1-7 1?2.454 = 1 87 35 79 43 50 85 31 18 68 25 24 58 88 69 49 70 98 45 53 7 
922-1-15 1?2.242 = 1 87 46 50 85 31 18 68 25 24 34 59 32 65 61 64 82 15 
922-1-14 1?2.356 = 1 87 46 50 85 31 18 68 25 24 34 92 74 95 40 26 83 14 
922-2-3 1?1.863 = 2 35 79 43 50 85 31 18 68 25 88 44 67 51 71 3 
922-2-5 1?1.71 = 2 35 79 43 50 85 31 18 68 25 58 88 90 47 72 5 
922-2-4 1?1.746 = 2 35 79 43 50 85 31 18 24 25 68 89 76 44 67 51 4 
922-1-13 1?2.545 = 1 87 46 50 85 31 18 68 25 24 34 92 74 95 40 93 86 19 13 
922-1-12 1?2.707 = 1 87 46 50 85 31 18 68 25 24 34 92 74 95 93 96 54 57 12 
922-1-9 1?2.772 = 1 87 46 50 85 31 18 68 25 24 58 88 69 49 38 94 99 39 17 48 81 9 
922-2-6 1?2.17 = 2 35 79 43 50 85 31 18 68 25 58 88 69 49 70 45 98 53 55 6 
922-1-10 1?2.754 = 1 87 46 50 85 89 31 18 68 25 58 16 52 21 39 99 17 78 23 37 10 
922-1-11 1?2.809 = 1 87 46 50 85 31 18 68 25 58 16 52 21 17 78 23 36 84 27 29 11 
922-2-15 1?1.997 = 2 35 79 43 50 85 31 18 68 25 24 34 59 65 61 64 82 15 
922-2-14 1?2.135 = 2 35 79 43 85 31 18 68 25 24 34 92 74 95 40 26 83 14 
922-3-4 1?1.794 = 3 79 43 50 85 31 24 25 68 18 89 76 44 67 51 71 4 
922-3-5 1?1.825 = 3 79 43 50 85 31 18 68 25 58 88 69 62 47 72 5 
922-2-13 1?2.352 = 2 35 79 43 50 85 31 18 68 25 24 34 92 74 95 40 93 86 19 13 
922-2-12 1?2.486 = 2 35 79 43 50 85 31 18 68 25 58 16 52 21 78 23 84 29 27 12 
922-2-9 1?2.468 = 2 35 79 43 50 85 89 31 18 68 25 58 16 52 21 39 99 17 48 81 63 9 
922-2-7 1?2.247 = 2 35 79 43 50 85 31 18 68 25 44 67 72 47 69 49 70 45 53 7 
922-2-11 1?2.52 = 2 35 79 43 50 85 31 18 68 25 58 16 52 21 78 23 36 84 27 29 11 
922-2-8 1?2.457 = 2 35 79 43 50 85 31 18 68 25 24 58 88 69 49 70 45 53 98 22 30 8 
922-2-10 1?2.457 = 2 35 79 43 50 85 31 18 68 25 24 58 16 52 99 39 17 78 23 37 10 
922-3-15 1?2.145 = 3 79 43 50 85 31 18 68 25 24 34 28 59 32 65 61 64 82 15 
922-3-6 1?1.78 = 3 79 43 50 85 31 18 68 25 58 88 90 47 62 66 6 
922-4-5 1?1.927 = 4 51 71 76 89 31 18 68 25 24 58 88 69 90 47 72 5 
922-3-14 1?2.323 = 3 79 43 50 85 89 31 18 68 25 24 34 59 32 65 61 64 26 83 14 
922-3-13 1?2.447 = 3 79 43 50 85 31 18 68 25 24 34 92 74 95 40 26 83 86 19 13 
922-3-12 1?2.524 = 3 79 43 50 85 31 18 68 25 58 16 52 21 78 23 36 84 29 27 12 
922-3-7 1?2.166 = 3 79 43 50 85 89 31 18 68 25 24 58 88 69 49 70 45 98 53 7 
922-3-8 1?2.331 = 3 79 43 50 85 31 18 68 25 24 58 88 69 49 70 45 98 22 30 8 
922-3-11 1?2.579 = 3 79 43 50 85 31 18 68 25 24 58 16 52 21 78 23 36 84 27 29 11 
922-3-9 1?2.615 = 3 79 43 50 85 31 18 68 25 58 88 69 49 38 33 94 99 39 17 48 81 9 
922-3-10 1?2.763 = 3 79 43 50 85 89 31 18 68 25 58 88 69 49 38 94 99 39 17 78 23 37 10 
922-4-7 1?1.783 = 4 60 67 44 90 72 47 62 69 49 70 98 45 53 7 
922-5-6 1?1.856 = 5 60 67 44 90 72 47 62 69 49 70 45 53 55 6 
922-4-15 1?2.271 = 4 51 71 76 89 85 31 18 68 25 24 34 92 74 95 61 64 82 15 
922-4-6 1?1.809 = 4 71 51 67 44 90 47 62 69 49 70 98 45 55 6 
922-4-14 1?2.499 = 4 51 71 76 89 85 31 18 68 25 24 34 28 59 32 65 61 64 26 83 14 
922-4-12 1?2.656 = 4 71 51 67 44 90 47 69 49 38 94 99 39 17 78 23 36 84 29 27 12 
922-4-8 1?2.361 = 4 51 71 76 89 85 31 18 68 25 58 88 49 70 45 98 22 30 8 
922-4-13 1?2.636 = 4 51 71 76 85 31 18 68 25 24 34 59 32 65 61 64 26 83 86 19 13 
922-4-9 1?2.499 = 4 51 67 44 90 47 62 66 55 53 45 98 22 33 94 99 39 17 48 81 9 
922-4-11 1?2.606 = 4 60 72 47 62 66 55 53 45 98 22 33 94 99 39 17 78 23 73 11 
922-4-10 1?2.583 = 4 60 72 47 62 69 49 70 45 98 22 33 94 99 39 17 78 23 37 10 
922-5-7 1?1.851 = 5 60 67 44 72 47 90 69 49 70 98 45 53 55 7 
922-6-7 1?1.761 = 6 66 62 47 72 67 44 90 69 49 70 98 45 53 7 
922-5-8 1?1.88 = 5 60 67 44 90 47 62 66 55 53 45 98 22 30 8 
922-6-8 1?1.904 = 6 66 62 47 72 90 69 49 70 45 53 98 22 30 8 
922-5-15 1?2.522 = 5 60 67 44 76 89 18 68 25 24 31 85 50 91 28 59 65 61 64 82 15 
922-5-14 1?2.525 = 5 60 67 44 25 68 18 31 85 50 91 28 59 32 65 61 64 26 83 14 
922-5-13 1?2.655 = 5 60 67 44 25 68 18 31 91 28 59 32 65 61 64 26 83 86 19 13 
922-5-9 1?2.302 = 5 60 72 47 62 66 55 53 45 98 22 33 94 99 39 17 48 81 9 
922-5-12 1?2.587 = 5 72 47 62 66 55 53 45 98 22 33 94 99 39 17 78 36 84 29 27 12 
922-5-10 1?2.324 = 5 72 47 62 66 55 53 45 98 22 33 94 99 39 17 78 23 37 10 
922-5-11 1?2.493 = 5 72 47 62 66 55 53 45 98 22 33 94 99 39 17 78 23 36 84 11 
922-7-8 1?2.001 = 7 53 45 55 66 62 47 90 69 49 70 98 22 30 8 
922-7-9 1?1.926 = 7 53 45 98 22 33 94 99 39 17 78 36 23 37 63 81 9 
922-6-9 1?1.936 = 6 55 53 45 98 22 33 94 99 39 17 78 23 48 81 63 9 
922-6-15 1?2.499 = 6 66 62 47 72 67 44 25 68 18 31 91 28 59 32 65 61 64 82 15 
922-7-10 1?2.183 = 7 53 45 98 70 49 38 22 33 94 99 39 17 78 23 37 10 
922-6-14 1?2.633 = 6 66 62 47 72 67 44 25 68 18 31 91 28 59 65 61 64 26 83 14 
922-6-13 1?2.477 = 6 55 45 98 22 33 94 99 39 17 78 23 84 29 27 57 54 96 86 19 13 
922-7-11 1?2.285 = 7 53 45 98 22 33 38 94 99 39 21 17 78 23 36 84 27 29 11 
922-6-10 1?2.382 = 6 66 62 47 69 49 70 45 98 22 33 94 99 39 17 78 23 37 10 
922-6-12 1?2.69 = 6 66 62 47 69 49 70 45 98 22 33 94 99 39 17 23 36 84 29 27 12 
922-6-11 1?2.617 = 6 66 62 69 49 70 45 98 22 33 94 99 39 17 78 23 36 84 27 29 11 
922-8-9 1?2.166 = 8 30 22 98 45 53 55 70 38 94 99 39 17 48 81 9 
922-8-14 1?2.511 = 8 30 22 33 94 99 39 17 78 23 36 42 57 54 96 86 19 83 26 14 
922-8-10 1?2.296 = 8 30 22 98 53 45 70 38 33 94 99 39 17 78 23 37 10 
922-7-12 1?2.35 = 7 53 45 98 22 33 94 99 39 17 78 23 36 84 29 27 57 54 12 
922-8-12 1?2.471 = 8 30 22 98 45 70 38 33 94 99 39 17 78 23 84 29 27 12 
922-8-13 1?2.354 = 8 30 22 33 94 99 39 17 78 23 36 84 29 27 57 54 96 86 19 13 
922-8-15 1?2.768 = 8 30 22 33 38 49 88 25 68 18 31 91 28 59 32 65 61 64 82 15 
922-7-14 1?2.566 = 7 53 45 98 22 33 94 99 39 17 78 23 36 42 57 54 96 86 19 83 26 14 
922-8-11 1?2.383 = 8 30 98 45 70 22 33 94 99 39 17 78 23 36 84 27 29 11 
922-7-15 1?2.614 = 7 53 45 98 70 49 88 58 24 25 68 18 31 91 28 59 32 65 61 64 82 15 
922-7-13 1?2.409 = 7 53 45 98 22 33 94 99 39 17 78 23 36 84 29 27 57 54 96 86 19 13 
922-10-13 1?2.243 = 10 37 63 81 48 17 78 36 84 29 27 57 54 96 86 19 13 
922-9-12 1?2.318 = 9 63 81 48 99 39 17 78 23 36 84 29 27 57 96 54 12 
922-10-12 1?2.495 = 10 37 23 78 17 39 99 52 16 75 97 56 93 96 54 12 
922-9-10 1?2.268 = 9 63 81 48 30 22 33 94 99 39 21 17 78 36 23 37 10 
922-10-11 1?2.432 = 10 37 63 81 48 30 22 33 94 99 39 17 78 23 36 84 11 
922-9-11 1?2.254 = 9 81 48 30 22 33 94 99 39 17 78 23 36 84 27 29 11 
922-10-15 1?2.805 = 10 37 23 78 21 52 16 58 25 68 18 31 91 28 59 65 61 64 82 15 
922-10-14 1?2.634 = 10 37 63 81 48 17 78 23 36 84 29 27 57 54 96 86 19 83 26 14 
922-9-14 1?2.517 = 9 81 48 99 39 17 78 23 36 84 29 27 57 54 96 86 19 83 26 14 
922-9-15 1?2.789 = 9 81 48 17 21 52 16 58 25 68 18 31 91 28 59 32 65 61 64 82 15 
922-9-13 1?2.539 = 9 63 81 48 94 99 39 21 17 78 23 36 84 29 27 57 54 96 86 19 13 
922-12-14 1?2.326 = 12 54 96 57 20 56 97 74 95 61 64 82 26 83 14 
922-12-15 1?2.324 = 12 29 27 57 54 96 86 19 83 26 40 95 61 64 82 15 
922-13-15 1?2.077 = 13 19 86 96 54 57 20 56 97 74 95 65 61 64 82 15 
922-14-15 1?2.134 = 14 26 83 19 86 54 96 93 56 97 74 95 61 64 82 15 
922-13-14 1?2.116 = 13 19 86 96 54 57 20 56 97 74 95 61 64 26 83 14 
922-12-13 1?2.331 = 12 57 54 96 93 56 97 74 95 61 64 26 83 19 13 
922-11-13 1?2.397 = 11 29 27 42 20 56 97 74 95 40 93 57 54 96 86 19 13 
922-11-12 1?2.562 = 11 29 27 42 20 56 97 74 95 61 64 40 93 96 54 12 
922-11-14 1?2.692 = 11 29 27 84 36 23 78 17 39 21 52 16 75 97 56 93 40 26 83 14 
922-11-15 1?2.667 = 11 84 36 23 78 17 39 99 21 52 16 75 97 74 95 61 64 82 15 
stop
