start
740-0-2 1?2.429 = 0 45 25 84 95 92 59 34 85 35 48 50 20 88 36 86 2 
740-0-3 1?2.105 = 0 45 64 52 86 36 88 34 85 20 50 35 93 49 48 65 3 
740-0-11 1?2.48 = 0 45 84 95 31 47 79 72 68 91 55 97 42 96 87 70 74 11 
740-0-4 1?2.473 = 0 45 51 64 52 86 36 88 34 20 50 35 48 49 19 24 60 58 67 4 
740-0-10 1?2.413 = 0 45 25 44 82 31 47 79 72 68 76 55 97 42 96 87 70 74 37 10 
740-0-1 1?2.346 = 0 66 25 84 95 92 59 34 88 36 86 52 64 45 51 1 
740-0-9 1?2.626 = 0 45 84 95 31 47 79 80 68 72 91 28 55 97 42 87 96 32 54 9 
740-0-8 1?2.714 = 0 45 84 95 31 47 79 80 68 72 30 75 53 33 71 46 94 43 22 8 
740-0-5 1?2.591 = 0 45 51 64 52 86 36 88 34 20 50 35 48 49 19 24 60 78 58 67 5 
740-0-6 1?2.665 = 0 45 64 52 86 36 88 34 20 85 93 35 50 48 49 19 24 60 58 78 38 6 
740-0-7 1?2.597 = 0 45 64 52 86 36 88 34 20 50 35 48 49 19 60 78 38 57 21 73 7 
740-1-4 1?2.02 = 1 52 86 36 88 34 20 85 35 50 48 49 19 60 58 67 4 
740-0-15 1?2.235 = 0 45 64 52 86 36 88 34 92 95 84 25 66 90 62 15 
740-1-3 1?2.002 = 1 51 64 52 86 36 88 34 85 20 50 35 93 49 48 65 3 
740-1-7 1?2.443 = 1 51 64 52 86 36 88 34 20 50 48 49 19 58 78 38 57 21 73 7 
740-1-2 1?2.321 = 1 51 45 25 84 95 92 59 85 35 50 20 34 88 36 86 2 
740-1-8 1?2.653 = 1 52 86 36 88 34 20 50 48 49 19 24 57 18 46 94 43 22 39 8 
740-0-14 1?2.446 = 0 90 62 41 56 44 82 31 47 79 72 68 80 69 27 17 14 
740-0-12 1?2.658 = 0 45 84 95 31 47 79 80 68 72 91 28 42 97 55 76 81 12 
740-1-6 1?2.528 = 1 51 45 64 52 86 36 88 34 20 50 35 48 49 19 24 60 58 78 38 6 
740-0-13 1?2.655 = 0 45 84 95 31 79 72 68 91 28 42 97 55 76 99 26 13 
740-1-5 1?2.4 = 1 51 45 64 52 86 36 88 34 20 85 93 35 50 48 49 19 24 60 58 5 
740-2-5 1?1.918 = 2 86 36 88 34 20 85 93 35 50 48 49 19 24 60 58 5 
740-1-11 1?2.547 = 1 51 45 84 95 31 79 72 68 91 28 55 97 42 96 87 70 74 11 
740-1-12 1?2.741 = 1 51 45 25 84 95 31 47 79 80 68 72 91 28 42 97 55 81 12 
740-2-4 1?2.002 = 2 86 36 88 34 20 85 93 35 50 48 49 19 60 58 67 4 
740-2-3 1?2.232 = 2 86 36 88 34 20 50 48 49 19 24 60 58 67 4 65 3 
740-1-9 1?2.633 = 1 51 45 84 95 31 47 79 72 68 91 55 97 42 70 87 96 32 54 9 
740-2-6 1?2.477 = 2 86 36 88 34 20 85 93 35 50 48 49 19 60 58 78 38 57 21 6 
740-1-15 1?2.211 = 1 51 64 52 86 36 88 34 59 92 95 84 25 66 90 62 15 
740-1-13 1?2.685 = 1 51 64 52 86 36 88 34 59 47 31 79 80 72 68 99 26 13 
740-1-14 1?2.618 = 1 52 86 36 88 34 59 92 47 31 79 72 68 80 69 27 17 14 
740-1-10 1?2.538 = 1 51 45 84 95 31 47 79 80 68 72 91 28 55 97 42 96 87 70 37 10 
740-3-5 1?2.159 = 3 36 88 20 34 85 35 50 48 49 19 24 60 78 58 67 5 
740-2-11 1?2.6 = 2 36 88 34 59 47 79 72 68 91 55 97 42 96 87 70 74 11 
740-3-4 1?2.19 = 3 36 88 20 34 85 35 50 48 49 19 24 60 78 58 67 4 
740-2-12 1?2.787 = 2 86 36 88 34 20 50 35 85 59 47 31 79 80 72 68 99 26 12 
740-2-9 1?2.678 = 2 36 88 20 50 48 49 19 24 40 77 46 94 43 22 39 29 83 98 9 
740-2-8 1?2.632 = 2 86 36 88 34 20 85 35 50 48 49 19 58 78 38 57 18 43 22 39 8 
740-2-7 1?2.471 = 2 86 36 88 34 20 85 35 50 48 49 19 58 78 38 57 18 21 73 7 
740-2-15 1?2.167 = 2 36 88 34 20 50 35 85 59 92 95 84 25 66 90 62 15 
740-2-10 1?2.489 = 2 36 88 34 59 47 31 79 72 68 91 55 97 42 96 87 70 74 37 10 
740-2-13 1?2.729 = 2 86 36 88 34 20 50 35 85 59 47 31 79 80 72 68 99 26 13 
740-2-14 1?2.735 = 2 86 36 88 34 20 50 35 85 59 92 95 31 47 79 80 69 27 17 14 
740-4-5 1?2.227 = 4 48 35 50 20 34 85 89 93 49 19 24 60 78 58 67 5 
740-3-6 1?2.162 = 3 65 48 50 35 49 19 60 58 78 38 57 18 73 21 6 
740-3-11 1?2.692 = 3 20 34 59 47 31 79 72 68 91 28 55 97 42 96 87 70 74 11 
740-3-12 1?2.776 = 3 65 48 49 19 24 40 77 33 53 75 30 91 28 42 97 55 81 12 
740-3-9 1?2.514 = 3 65 48 49 19 24 38 57 18 46 94 43 22 39 29 83 98 9 
740-3-8 1?2.502 = 3 65 48 49 19 60 58 78 38 57 18 46 94 43 22 39 29 83 8 
740-3-7 1?2.549 = 3 65 48 50 20 34 85 35 49 19 24 60 58 78 38 57 18 21 73 7 
740-3-15 1?2.508 = 3 65 48 49 93 35 50 20 85 34 88 36 86 52 64 84 25 66 90 62 15 
740-3-10 1?2.538 = 3 20 34 59 47 31 79 72 68 91 28 55 97 42 96 87 70 74 37 10 
740-3-13 1?2.676 = 3 65 48 49 35 50 20 34 59 47 31 79 80 72 68 99 26 16 13 
740-3-14 1?2.78 = 3 65 48 49 93 35 50 20 34 59 92 47 79 72 68 80 69 27 17 14 
740-4-6 1?2.156 = 4 48 50 35 49 19 24 60 58 78 38 57 18 73 21 6 
740-5-6 1?2.083 = 5 58 60 24 40 77 53 33 71 46 94 18 73 21 6 
740-4-11 1?2.559 = 4 67 58 60 24 40 77 33 53 30 91 55 97 42 96 87 70 74 11 
740-4-7 1?2.433 = 4 48 50 20 34 85 35 49 19 24 60 58 78 38 57 18 21 73 7 
740-4-12 1?2.842 = 4 49 48 50 35 85 20 34 59 92 95 31 47 79 72 68 99 26 16 12 
740-4-8 1?2.496 = 4 48 49 19 24 60 58 78 38 57 18 46 94 43 22 39 29 83 8 
740-4-9 1?2.602 = 4 48 50 35 49 19 60 78 38 57 18 46 94 43 22 39 29 83 98 9 
740-4-10 1?2.405 = 4 67 58 60 24 40 77 33 53 30 91 55 97 42 96 87 70 74 37 10 
740-4-15 1?2.527 = 4 67 58 60 24 19 49 48 50 20 34 88 36 86 52 64 45 66 90 62 15 
740-4-13 1?2.793 = 4 49 48 35 50 20 34 59 92 95 31 47 79 80 72 68 99 26 16 13 
740-4-14 1?2.836 = 4 67 58 60 19 49 48 35 50 20 34 88 36 86 52 64 45 25 56 41 14 
740-6-8 1?2.257 = 6 38 57 21 73 18 46 94 43 22 39 29 83 98 9 8 
740-5-8 1?1.916 = 5 78 38 57 21 73 18 46 94 43 22 39 29 83 8 
740-5-7 1?2.049 = 5 58 60 24 40 77 53 33 71 46 94 18 21 73 7 
740-6-7 1?2.332 = 6 21 73 18 43 94 46 23 54 98 83 29 39 22 7 
740-5-9 1?2.429 = 5 58 60 24 40 77 33 53 30 91 28 55 97 42 87 96 32 54 9 
740-5-11 1?2.49 = 5 78 38 57 18 46 94 43 22 39 29 83 98 54 32 96 87 70 74 11 
740-5-12 1?2.76 = 5 78 38 57 18 43 22 39 29 83 98 54 32 96 87 42 97 55 81 12 
740-5-10 1?2.276 = 5 58 60 24 40 77 33 53 30 91 28 55 97 42 96 87 70 37 10 
740-5-15 1?2.486 = 5 58 60 24 19 49 48 50 35 85 20 34 88 36 86 52 64 45 66 90 62 15 
740-5-14 1?2.69 = 5 58 60 24 19 49 48 35 50 20 34 88 36 86 52 64 45 66 56 41 14 
740-5-13 1?2.845 = 5 58 60 24 19 49 48 35 50 20 34 59 47 31 79 80 72 68 99 26 13 
740-7-8 1?2.127 = 7 21 73 18 77 53 33 71 46 94 43 39 29 83 8 
740-7-9 1?1.892 = 7 43 22 39 29 83 98 54 32 96 87 70 74 37 61 9 
740-6-9 1?2.044 = 6 38 21 73 18 46 94 43 22 39 29 83 23 98 9 
740-7-11 1?2.244 = 7 73 21 18 46 94 43 22 39 29 83 98 54 32 96 87 70 74 11 
740-6-12 1?2.516 = 6 21 73 43 22 39 29 83 98 54 32 96 87 70 42 97 55 81 12 
740-6-11 1?2.355 = 6 21 73 18 46 94 43 22 39 29 83 98 54 32 96 87 70 63 11 
740-6-10 1?2.057 = 6 21 73 18 46 94 43 39 29 83 98 54 32 96 87 70 37 10 
740-7-10 1?2.018 = 7 73 18 46 94 43 22 39 29 83 98 54 32 96 87 70 74 37 10 
740-6-15 1?2.626 = 6 38 78 58 19 49 48 50 35 85 20 34 88 36 86 52 64 45 66 90 62 15 
740-6-14 1?2.738 = 6 38 57 18 43 94 46 71 33 53 30 91 72 68 80 69 27 17 14 
740-6-13 1?2.672 = 6 21 73 43 22 39 29 83 98 54 32 96 87 42 97 55 76 99 26 13 
740-8-9 1?1.956 = 8 22 39 29 83 98 54 32 42 96 87 70 74 37 61 9 
740-8-11 1?1.835 = 8 22 39 29 83 98 54 32 96 87 70 42 97 55 63 11 
740-8-12 1?2.002 = 8 39 29 83 98 54 32 96 87 37 74 70 42 97 55 81 12 
740-8-10 1?1.761 = 8 39 29 83 98 54 32 96 87 42 97 55 63 74 37 10 
740-7-12 1?2.511 = 7 21 73 43 22 39 29 83 98 54 32 96 87 70 42 97 55 81 12 
740-8-13 1?2.208 = 8 22 39 29 83 98 54 32 96 87 70 42 97 55 76 99 26 13 
740-8-15 1?2.481 = 8 39 22 43 94 46 71 33 53 30 75 47 31 95 84 25 66 90 62 15 
740-7-15 1?2.653 = 7 43 94 46 71 33 53 30 72 68 80 79 47 31 82 44 56 90 62 15 
740-8-14 1?2.462 = 8 39 22 43 94 46 71 33 53 75 30 91 72 68 80 69 27 17 14 
740-7-13 1?2.528 = 7 22 39 29 83 98 54 61 37 74 70 87 96 42 97 55 76 99 26 13 
740-7-14 1?2.711 = 7 73 21 18 43 94 46 71 33 53 75 30 91 72 68 80 69 27 17 14 
740-10-11 1?2.012 = 10 37 74 70 87 96 42 97 55 28 91 72 68 76 81 11 
740-9-11 1?2.078 = 9 98 83 29 23 54 61 37 74 70 87 96 42 97 55 63 11 
740-10-12 1?1.994 = 10 37 74 70 87 96 42 97 55 28 91 72 68 76 81 12 
740-9-12 1?2.245 = 9 98 54 61 37 74 70 87 96 42 97 55 76 99 26 16 12 
740-9-10 1?1.915 = 9 98 83 29 39 22 43 94 46 23 32 96 87 70 37 10 
740-10-13 1?1.939 = 10 37 74 70 87 96 42 97 55 91 72 68 99 26 16 13 
740-10-15 1?2.198 = 10 37 74 70 87 96 42 97 55 28 91 72 68 80 69 56 90 62 15 
740-9-13 1?2.389 = 9 54 61 37 74 70 87 96 42 97 55 28 91 72 68 99 26 13 
740-10-14 1?2.169 = 10 37 74 70 87 96 32 42 97 55 28 91 72 68 80 69 27 17 14 
740-9-15 1?2.523 = 9 54 32 96 87 42 97 55 28 91 72 68 80 79 82 44 56 90 62 15 
740-9-14 1?2.599 = 9 54 61 37 74 70 87 96 32 42 97 55 28 91 72 68 80 69 27 17 14 
740-11-12 1?2.171 = 11 74 70 87 96 42 97 55 28 91 72 68 99 26 12 
740-13-15 1?2.24 = 13 26 99 68 72 80 79 47 31 95 84 25 66 90 62 15 
740-14-15 1?2.217 = 14 17 27 69 80 68 72 79 47 31 82 44 25 66 90 62 15 
740-12-15 1?2.298 = 12 26 99 68 72 80 79 47 31 95 84 25 66 90 62 15 
740-12-13 1?2.411 = 12 81 63 70 87 96 42 97 55 91 72 68 99 26 13 
740-11-13 1?2.113 = 11 74 70 87 96 42 97 55 28 91 72 68 99 26 13 
740-13-14 1?2.384 = 13 26 99 76 55 97 42 28 91 72 68 80 69 27 17 14 
740-12-14 1?2.442 = 12 26 99 76 55 97 42 28 91 72 68 80 69 27 17 14 
740-11-14 1?2.13 = 11 74 70 87 96 42 97 55 91 72 68 80 69 27 17 14 
740-11-15 1?2.271 = 11 74 70 87 96 42 97 55 91 72 68 80 69 56 90 62 15 
stop
