start
706-0-2 1?1.764 = 0 71 78 53 83 27 97 75 52 33 82 98 48 20 31 2 
706-0-1 1?1.762 = 0 71 78 53 83 27 68 97 75 52 33 82 98 89 56 1 
706-0-10 1?2.522 = 0 71 78 53 83 27 97 68 96 24 21 51 63 58 67 59 76 10 
706-0-4 1?2.272 = 0 71 78 53 83 27 68 97 75 52 33 86 42 46 81 26 99 57 32 4 
706-0-5 1?2.238 = 0 71 78 53 83 27 97 75 52 33 86 46 81 26 99 41 77 74 64 69 5 
706-0-9 1?2.661 = 0 71 78 53 83 27 97 68 96 24 21 62 91 49 88 65 38 9 
706-0-8 1?2.538 = 0 71 53 83 27 68 96 24 21 51 91 49 88 25 22 55 28 8 
706-0-11 1?2.503 = 0 71 78 53 83 27 68 96 24 21 51 50 63 58 19 54 70 11 
706-0-7 1?2.459 = 0 71 78 53 83 27 97 75 52 33 86 46 81 26 99 41 77 72 34 22 55 7 
706-0-3 1?2.107 = 0 71 78 53 17 83 27 68 97 75 52 33 86 82 98 48 20 31 3 
706-0-6 1?2.275 = 0 71 78 53 83 27 97 75 52 33 86 46 81 26 99 41 77 74 64 69 85 6 
706-0-15 1?1.778 = 0 71 53 83 27 97 68 17 40 94 79 39 60 93 15 
706-1-2 1?1.736 = 1 78 53 83 27 68 97 75 52 33 82 48 20 31 2 
706-0-13 1?1.897 = 0 71 78 53 83 27 68 17 47 79 23 80 35 30 66 18 13 
706-1-4 1?1.874 = 1 78 53 83 27 68 97 75 52 33 86 46 92 57 32 4 
706-0-14 1?2.102 = 0 71 78 53 83 27 97 68 17 47 40 94 79 39 60 93 14 
706-1-3 1?1.621 = 1 78 53 83 27 68 97 75 52 33 82 48 20 31 3 
706-0-12 1?2.243 = 0 71 78 53 83 27 97 68 17 47 79 23 35 30 66 18 12 
706-1-5 1?2.224 = 1 78 53 83 27 68 97 75 52 33 86 46 81 26 99 41 74 64 69 5 
706-1-6 1?2.288 = 1 78 53 83 27 68 97 75 52 33 86 46 81 26 99 41 77 74 64 69 85 6 
706-1-8 1?2.425 = 1 56 89 98 82 86 46 81 26 99 41 77 74 64 69 72 34 22 55 28 8 
706-1-7 1?2.293 = 1 56 89 98 82 33 86 46 81 26 99 41 77 74 64 69 72 34 22 55 7 
706-2-6 1?1.851 = 2 48 98 82 33 86 46 81 26 99 41 77 74 64 69 85 6 
706-2-5 1?1.848 = 2 98 82 48 20 42 46 81 26 99 41 77 74 64 69 5 
706-2-4 1?1.897 = 2 31 20 48 98 82 33 52 75 84 81 46 92 57 32 4 
706-2-3 1?1.862 = 2 98 82 89 97 27 83 68 75 52 33 86 48 20 31 3 
706-1-10 1?2.624 = 1 56 78 53 83 27 97 68 96 24 21 51 50 63 58 67 59 76 10 
706-1-15 1?1.732 = 1 78 53 83 27 68 17 47 40 94 79 39 60 93 15 
706-1-9 1?2.708 = 1 56 89 98 82 33 52 86 46 81 26 99 41 37 62 91 49 88 65 38 9 
706-1-14 1?2.064 = 1 56 89 33 52 75 97 68 27 83 17 47 79 39 60 93 14 
706-1-11 1?2.584 = 1 56 78 53 83 27 97 68 96 24 21 51 50 63 58 19 70 11 
706-1-13 1?1.882 = 1 78 53 83 27 97 68 17 47 79 80 35 30 66 18 13 
706-1-12 1?2.373 = 1 78 53 83 27 97 68 17 47 79 94 40 23 35 30 66 18 12 
706-3-5 1?1.772 = 3 31 20 48 82 86 46 81 26 99 41 77 74 64 69 5 
706-3-4 1?1.818 = 3 20 31 48 98 82 33 52 75 84 81 46 92 57 32 4 
706-2-10 1?2.586 = 2 98 82 33 52 75 97 27 83 68 96 24 21 51 63 58 67 59 76 10 
706-2-15 1?1.663 = 2 98 82 33 52 75 97 27 83 17 47 79 39 60 93 15 
706-2-9 1?2.663 = 2 31 20 48 98 82 86 46 81 26 99 41 37 62 49 91 88 65 38 9 
706-2-11 1?2.544 = 2 98 82 33 52 75 97 27 83 68 96 24 21 51 50 63 58 67 16 11 
706-2-14 1?2.076 = 2 98 82 33 52 75 97 68 27 83 17 40 94 79 39 60 93 14 
706-2-8 1?2.274 = 2 98 82 48 86 46 81 26 99 41 77 74 64 69 72 34 22 55 28 8 
706-2-7 1?2.213 = 2 98 82 48 20 42 46 81 26 99 41 77 74 64 69 72 34 22 55 7 
706-2-12 1?2.386 = 2 98 82 33 52 75 97 68 27 83 17 47 79 23 80 35 30 66 18 12 
706-2-13 1?2.185 = 2 98 82 33 52 75 97 68 27 83 17 47 79 94 40 23 35 30 66 18 13 
706-3-6 1?1.782 = 3 31 20 48 82 86 46 81 26 99 41 74 64 69 85 6 
706-4-5 1?1.912 = 4 32 73 57 92 42 86 46 81 26 99 41 77 74 64 69 5 
706-3-10 1?2.59 = 3 31 20 48 82 33 52 75 97 27 83 68 96 50 63 58 67 59 76 10 
706-3-9 1?2.636 = 3 31 20 48 86 46 81 26 99 41 77 74 64 69 72 34 22 55 28 8 9 
706-3-15 1?2.034 = 3 31 20 48 98 82 33 52 75 97 27 83 17 40 94 79 39 93 15 
706-3-11 1?2.539 = 3 31 20 48 98 82 33 52 75 97 27 83 68 24 96 50 63 58 16 11 
706-3-14 1?2.158 = 3 31 20 48 98 82 33 52 75 97 68 27 83 17 47 79 39 60 93 14 
706-3-7 1?2.11 = 3 31 20 48 82 86 46 81 26 99 41 74 64 69 72 34 22 55 7 
706-3-13 1?2.153 = 3 31 20 48 98 82 33 52 75 97 27 83 17 47 79 80 35 30 66 18 13 
706-3-12 1?2.42 = 3 31 20 48 98 82 33 52 97 27 83 17 47 79 23 35 30 66 18 12 
706-3-8 1?2.357 = 3 31 20 48 82 86 46 81 26 99 41 77 74 64 69 72 34 22 55 28 8 
706-4-6 1?1.926 = 4 32 57 73 99 41 37 49 91 88 61 77 74 64 69 85 6 
706-5-6 1?2.003 = 5 73 57 32 92 42 86 46 81 26 99 41 74 64 69 85 6 
706-4-10 1?2.579 = 4 32 73 57 92 46 81 84 21 51 24 96 50 63 58 67 59 76 10 
706-4-9 1?2.613 = 4 32 73 57 92 46 81 26 99 41 77 74 64 69 72 34 22 55 28 8 9 
706-4-7 1?1.911 = 4 32 92 46 81 26 99 41 77 74 64 69 72 34 22 55 7 
706-4-11 1?2.65 = 4 32 57 73 74 77 61 88 49 91 62 51 21 24 96 50 63 58 16 11 
706-4-15 1?2.231 = 4 32 73 57 92 46 86 33 52 75 97 68 27 83 17 47 79 39 60 93 15 
706-4-14 1?2.412 = 4 32 73 57 92 46 86 33 52 75 97 68 27 83 17 47 79 39 60 93 14 
706-4-13 1?2.243 = 4 32 42 86 33 52 75 97 27 83 17 47 79 23 35 30 66 18 13 
706-4-12 1?2.578 = 4 32 57 73 74 77 61 88 49 91 51 21 24 96 50 63 58 19 54 12 
706-4-8 1?2.362 = 4 32 73 57 92 42 46 81 26 99 41 77 74 64 69 72 34 22 55 28 8 
706-5-10 1?2.519 = 5 64 74 77 61 88 49 91 62 21 24 96 50 63 67 59 76 10 
706-5-7 1?1.907 = 5 85 69 64 74 77 61 49 91 88 25 72 34 22 55 7 
706-5-9 1?2.614 = 5 69 64 74 77 61 88 49 91 51 21 24 96 50 63 90 9 
706-6-7 1?1.865 = 6 85 69 64 74 77 61 49 91 88 25 72 34 22 55 7 
706-6-8 1?1.992 = 6 85 69 64 74 77 61 49 91 88 25 34 22 55 28 8 
706-5-8 1?2.034 = 5 85 69 64 74 77 61 49 91 88 25 34 22 55 28 8 
706-5-11 1?2.474 = 5 69 64 74 77 61 88 49 91 62 21 24 96 50 63 58 67 16 11 
706-5-15 1?2.298 = 5 69 64 77 61 88 49 91 51 21 24 96 40 94 79 39 60 93 15 
706-5-14 1?2.472 = 5 73 57 32 92 81 46 86 33 52 75 97 27 83 17 47 79 39 60 93 14 
706-5-13 1?2.402 = 5 69 64 74 77 61 88 49 62 21 24 96 40 94 23 35 30 66 18 13 
706-5-12 1?2.479 = 5 85 69 64 74 77 61 88 49 91 62 21 24 96 50 63 58 19 54 12 
706-7-10 1?2.347 = 7 22 25 88 49 62 21 24 96 50 63 67 59 76 10 
706-6-9 1?2.381 = 6 85 69 64 74 77 61 49 91 88 25 34 22 55 28 8 9 
706-7-9 1?2.422 = 7 22 34 72 69 64 74 77 41 37 62 49 91 88 65 38 9 
706-6-10 1?2.503 = 6 72 61 88 49 91 62 51 21 24 96 50 63 58 67 59 76 10 
706-7-11 1?2.392 = 7 55 22 34 25 88 49 91 51 21 24 96 50 63 58 16 11 
706-7-8 1?2.171 = 7 55 22 34 72 69 64 74 77 61 88 49 91 65 38 28 8 
706-6-11 1?2.434 = 6 85 69 64 77 61 88 49 91 51 21 24 96 50 63 58 16 11 
706-6-13 1?2.38 = 6 72 61 88 49 91 62 21 24 96 40 94 23 80 35 30 66 18 13 
706-6-14 1?2.452 = 6 85 69 64 74 77 61 88 49 91 62 21 24 96 40 94 79 23 80 14 
706-6-15 1?2.359 = 6 85 69 64 74 77 61 88 49 91 51 21 24 96 40 94 79 39 60 93 15 
706-6-12 1?2.437 = 6 85 69 64 74 77 61 88 49 91 62 21 24 96 50 63 58 19 54 12 
706-8-10 1?2.469 = 8 28 55 22 34 72 61 88 49 91 65 38 90 59 76 10 
706-8-9 1?2.404 = 8 28 55 22 34 72 69 64 74 77 61 88 49 91 65 38 9 
706-8-11 1?2.444 = 8 38 65 88 49 91 62 51 21 24 96 50 63 58 16 11 
706-8-12 1?2.353 = 8 38 65 88 49 91 62 21 24 96 50 63 58 19 54 12 
706-8-14 1?2.516 = 8 28 55 22 25 88 49 91 62 51 21 24 96 40 94 23 80 14 
706-7-14 1?2.365 = 7 55 22 34 72 61 88 49 91 51 21 24 96 40 94 23 80 14 
706-8-13 1?2.413 = 8 38 65 88 49 91 51 21 24 96 40 94 23 35 30 66 18 13 
706-7-13 1?2.288 = 7 22 25 88 49 91 62 21 24 96 40 94 23 35 30 66 18 13 
706-7-12 1?2.371 = 7 55 22 34 25 88 49 91 62 21 24 96 50 63 58 19 54 12 
706-8-15 1?2.505 = 8 28 55 22 25 61 88 49 91 62 21 24 96 40 94 79 39 60 93 15 
706-7-15 1?2.418 = 7 55 22 34 72 61 88 49 91 62 51 21 24 96 40 94 79 39 60 93 15 
706-9-10 1?2.595 = 9 38 65 88 49 62 21 24 96 50 63 58 67 59 76 10 
706-10-11 1?2.537 = 10 76 59 67 16 58 63 51 21 24 96 50 87 19 70 11 
706-9-11 1?2.563 = 9 38 65 88 49 91 62 51 21 24 96 50 63 58 16 11 
706-10-13 1?2.253 = 10 76 59 67 63 50 96 40 94 79 23 35 30 66 13 
706-10-12 1?2.391 = 10 76 59 67 63 58 87 29 35 30 66 18 54 19 70 12 
706-10-14 1?2.332 = 10 76 59 67 16 19 54 18 66 30 35 23 80 39 60 93 14 
706-9-12 1?2.472 = 9 38 65 88 49 91 62 21 24 96 50 63 58 19 54 12 
706-10-15 1?2.497 = 10 76 59 67 16 58 63 50 51 21 24 96 40 94 47 79 39 60 93 15 
706-9-15 1?2.607 = 9 38 65 25 61 88 49 91 51 21 24 96 40 94 79 39 60 93 15 
706-9-14 1?2.645 = 9 38 65 88 49 91 62 51 21 24 96 40 94 79 39 60 93 14 
706-9-13 1?2.532 = 9 38 65 88 49 91 51 21 24 96 40 94 23 35 30 66 18 13 
706-14-15 1?2.045 = 14 93 60 39 79 47 17 83 27 68 97 53 43 45 44 15 
706-13-15 1?1.691 = 13 18 66 30 35 80 23 40 94 79 39 93 60 44 15 
706-13-14 1?1.998 = 13 18 66 30 35 23 40 94 79 47 43 45 44 60 93 14 
706-12-15 1?2.117 = 12 54 19 58 63 50 51 21 24 96 40 94 79 39 93 15 
706-11-13 1?2.178 = 11 16 58 63 51 24 96 40 94 23 35 30 66 18 13 
706-12-13 1?2.174 = 12 54 19 58 63 51 21 24 96 40 23 35 30 66 13 
706-12-14 1?2.232 = 12 54 19 58 63 50 51 21 24 96 40 94 79 23 80 14 
706-11-14 1?2.375 = 11 16 67 58 63 50 51 21 24 96 40 94 79 39 60 93 14 
706-11-12 1?2.472 = 11 16 58 63 50 96 40 94 79 80 35 30 66 18 12 
706-11-15 1?2.461 = 11 16 67 58 63 50 51 21 24 96 40 94 79 23 80 39 60 93 15 
stop
