start
97-0-4 1?2.292 = 0 55 95 94 76 23 99 61 49 25 64 77 81 72 57 60 66 4 
97-0-5 1?2.219 = 0 55 95 94 76 23 99 61 49 25 64 77 81 72 57 54 29 68 5 
97-0-1 1?2.146 = 0 55 95 94 76 23 45 99 61 49 25 50 34 44 86 17 1 
97-0-11 1?2.221 = 0 55 95 94 76 34 50 23 99 45 38 27 41 82 83 71 88 69 11 
97-0-2 1?2.264 = 0 55 95 94 76 23 45 99 61 49 25 63 67 48 40 2 
97-0-10 1?2.43 = 0 55 95 94 76 23 99 61 49 25 64 77 87 56 65 79 75 37 91 10 
97-0-3 1?2.445 = 0 55 95 94 76 34 50 23 45 99 61 49 25 64 77 63 22 3 
97-0-7 1?2.52 = 0 55 95 94 76 34 50 23 45 99 61 49 25 64 77 30 35 73 39 53 36 7 
97-0-6 1?2.547 = 0 55 95 94 76 34 50 23 45 99 61 49 25 64 77 81 72 57 54 31 51 6 
97-0-8 1?2.568 = 0 55 95 94 76 34 50 23 45 99 61 49 25 64 77 30 35 73 39 70 90 84 8 
97-0-9 1?2.482 = 0 55 95 94 76 23 99 61 49 25 64 87 56 79 75 37 26 52 24 47 20 9 
97-0-15 1?2.322 = 0 55 46 95 94 76 50 23 99 45 38 33 98 43 78 15 
97-0-13 1?2.231 = 0 55 46 95 94 76 50 23 99 45 38 27 41 82 83 93 13 
97-0-14 1?2.151 = 0 55 95 94 76 23 50 25 49 61 99 45 98 33 18 62 14 
97-0-12 1?2.271 = 0 55 95 94 76 23 99 45 38 27 41 82 83 71 88 69 12 
97-1-4 1?2.242 = 1 17 86 44 94 76 23 99 61 49 25 64 77 81 60 66 4 
97-1-5 1?2.088 = 1 17 86 44 94 76 23 50 63 81 72 57 54 29 68 19 5 
97-1-2 1?2.178 = 1 17 86 44 94 95 76 45 99 23 50 34 67 48 40 2 
97-1-6 1?2.31 = 1 17 86 44 34 76 23 99 61 49 25 64 77 30 97 74 92 51 6 
97-1-7 1?2.39 = 1 17 86 44 94 95 76 23 99 61 49 25 64 77 30 35 73 39 53 36 7 
97-1-3 1?2.336 = 1 17 86 44 94 76 34 50 23 45 99 61 49 25 63 22 3 
97-1-8 1?2.504 = 1 17 86 44 94 76 23 45 99 61 49 25 64 77 30 35 73 39 53 59 84 8 
97-1-15 1?2.118 = 1 17 86 44 94 76 50 23 99 45 98 43 46 55 78 15 
97-1-14 1?2.004 = 1 17 86 44 94 76 34 50 23 99 45 98 33 18 62 14 
97-2-6 1?2.064 = 2 40 48 67 63 81 72 57 31 54 29 68 19 16 51 6 
97-2-4 1?2.239 = 2 28 40 48 67 63 81 72 57 31 54 29 68 60 66 4 
97-2-5 1?2.169 = 2 40 48 44 34 76 23 50 63 81 72 57 54 29 68 5 
97-1-13 1?2.272 = 1 17 86 44 94 95 76 34 50 23 99 45 38 27 41 82 83 93 13 
97-1-12 1?2.256 = 1 17 86 44 94 95 76 34 50 23 45 38 27 41 82 83 71 12 
97-2-3 1?2.39 = 2 40 48 44 94 95 76 23 45 99 61 49 25 63 22 3 
97-1-11 1?2.248 = 1 17 86 44 94 95 76 50 23 99 45 38 27 41 82 83 71 88 69 11 
97-1-10 1?2.522 = 1 17 86 44 94 95 76 50 23 99 61 49 25 64 87 56 65 79 75 37 91 10 
97-1-9 1?2.459 = 1 17 86 44 94 76 23 99 45 38 27 41 89 75 37 26 52 24 47 20 9 
97-2-15 1?2.258 = 2 40 48 44 94 76 50 23 99 45 98 43 46 55 78 15 
97-2-14 1?2.103 = 2 28 40 48 44 34 50 23 76 94 95 46 43 18 62 14 
97-3-4 1?2.451 = 3 22 67 50 23 99 61 49 25 64 77 81 72 57 60 66 4 
97-3-5 1?2.34 = 3 22 67 50 23 99 61 49 25 64 77 81 72 57 29 68 5 
97-2-8 1?2.506 = 2 40 48 44 34 76 50 23 99 61 49 25 64 77 30 35 73 70 90 84 8 
97-2-12 1?2.498 = 2 40 48 44 94 76 23 50 49 61 99 45 38 27 41 82 83 71 12 
97-2-7 1?2.494 = 2 40 48 44 94 76 23 99 61 49 25 64 77 30 35 73 39 80 36 7 
97-2-13 1?2.534 = 2 40 48 44 94 95 76 23 50 49 61 99 45 38 27 41 82 83 93 13 
97-2-9 1?2.53 = 2 40 48 44 34 76 23 99 61 87 56 65 79 75 37 26 52 24 47 20 9 
97-2-10 1?2.577 = 2 40 48 44 94 76 23 99 61 49 25 64 77 87 56 79 75 37 91 10 
97-2-11 1?2.457 = 2 40 48 44 94 95 76 34 50 23 99 45 38 27 41 82 83 71 88 69 11 
97-3-6 1?2.346 = 3 22 63 81 72 57 31 54 29 68 19 16 51 92 85 6 
97-3-15 1?2.49 = 3 22 63 77 64 25 49 61 99 45 23 50 34 76 94 95 55 78 15 
97-4-5 1?2.019 = 4 66 60 68 29 54 31 57 72 58 32 74 92 51 16 19 5 
97-3-7 1?2.535 = 3 22 67 34 76 23 99 61 49 25 64 77 30 35 73 39 53 36 7 
97-3-8 1?2.599 = 3 22 67 34 76 23 45 99 61 49 25 64 77 30 35 73 70 90 84 8 
97-3-12 1?2.707 = 3 22 67 34 50 23 76 94 95 46 43 98 33 38 27 41 82 83 71 12 
97-3-13 1?2.69 = 3 22 67 34 50 23 76 94 95 46 43 98 33 38 27 41 82 83 93 13 
97-3-14 1?2.627 = 3 22 63 77 64 25 49 61 99 45 23 50 34 76 94 95 46 43 18 62 14 
97-3-10 1?2.712 = 3 22 67 34 76 23 99 61 49 25 64 77 87 56 79 75 37 26 96 10 
97-3-9 1?2.641 = 3 22 67 50 23 99 61 49 25 64 87 56 79 75 37 26 52 24 47 20 9 
97-3-11 1?2.608 = 3 22 67 50 23 76 94 95 46 98 33 38 27 41 82 83 71 88 69 11 
97-4-15 1?2.337 = 4 66 60 57 72 81 77 64 25 49 61 99 23 76 94 95 55 78 15 
97-4-6 1?2.022 = 4 66 60 29 68 19 16 31 54 57 72 58 32 74 92 51 6 
97-5-6 1?1.907 = 5 19 16 31 54 29 68 66 60 57 72 58 32 74 92 51 6 
97-4-7 1?2.342 = 4 66 60 68 29 54 57 72 58 32 74 80 39 73 70 90 84 59 7 
97-4-8 1?2.444 = 4 66 60 57 54 29 68 19 16 51 92 74 80 36 53 39 73 70 90 84 8 
97-4-13 1?2.521 = 4 66 60 57 72 81 77 64 25 49 61 99 45 38 27 41 82 83 93 13 
97-4-14 1?2.474 = 4 66 60 57 72 81 77 64 25 49 61 99 23 76 94 95 46 43 18 62 14 
97-4-12 1?2.538 = 4 66 60 57 72 81 77 64 25 49 61 99 45 38 27 41 82 83 71 12 
97-4-11 1?2.466 = 4 66 60 72 81 77 64 25 49 61 99 45 38 27 82 83 71 88 69 11 
97-4-10 1?2.52 = 4 66 60 68 29 54 57 72 81 77 64 87 56 65 79 75 37 26 96 10 
97-4-9 1?2.467 = 4 66 60 68 29 54 57 72 58 32 74 80 36 53 59 84 90 70 24 47 20 9 
97-6-8 1?1.876 = 6 51 16 19 68 29 54 31 32 74 80 39 73 70 90 84 8 
97-5-15 1?2.226 = 5 68 29 57 72 81 77 64 25 49 61 99 23 76 94 95 55 78 15 
97-6-7 1?1.983 = 6 51 16 19 68 29 54 31 57 72 58 32 92 74 80 36 7 
97-5-7 1?2.251 = 5 19 68 29 54 31 16 51 92 74 80 53 39 73 70 90 84 59 7 
97-5-8 1?2.207 = 5 19 16 31 54 29 68 66 60 57 72 58 32 74 80 36 53 59 84 8 
97-5-12 1?2.41 = 5 68 29 54 57 72 81 77 64 25 49 61 99 45 38 27 82 83 71 12 
97-5-11 1?2.285 = 5 19 68 29 54 57 72 81 77 64 87 56 65 79 75 37 21 88 69 11 
97-5-9 1?2.272 = 5 19 68 29 54 31 16 51 92 74 80 36 53 59 84 90 70 24 47 20 9 
97-5-13 1?2.448 = 5 68 29 54 57 72 81 77 64 25 49 61 99 45 38 27 41 82 83 93 13 
97-5-10 1?2.398 = 5 19 68 29 54 57 72 81 77 64 87 56 65 79 75 37 26 52 96 10 
97-5-14 1?2.442 = 5 19 68 29 54 57 72 81 77 64 25 49 61 99 23 76 94 95 46 43 18 62 14 
97-7-8 1?2.078 = 7 85 51 16 19 68 29 54 57 32 74 80 53 59 84 8 
97-7-9 1?2.038 = 7 36 53 39 73 35 65 56 79 75 37 26 52 24 47 20 9 
97-7-11 1?2.234 = 7 36 53 39 73 35 65 56 87 89 41 27 38 82 83 71 88 69 11 
97-6-11 1?2.27 = 6 51 92 74 97 35 65 56 79 75 89 41 82 83 71 88 69 11 
97-6-9 1?2.182 = 6 51 16 19 68 29 54 31 32 74 80 53 59 84 90 70 24 47 20 9 
97-6-15 1?2.523 = 6 51 31 54 57 72 81 77 64 25 49 61 99 45 23 50 76 94 95 55 78 15 
97-6-12 1?2.489 = 6 51 31 54 57 72 81 77 64 25 49 61 99 45 38 27 41 82 83 12 
97-7-10 1?2.473 = 7 36 80 39 73 35 65 56 87 89 41 27 38 82 83 71 21 91 10 
97-6-10 1?2.355 = 6 51 16 19 68 29 54 31 32 74 80 39 73 70 90 24 47 52 96 10 
97-6-13 1?2.55 = 6 51 31 54 57 72 81 77 64 25 49 61 99 45 38 27 41 82 83 93 13 
97-6-14 1?2.503 = 6 51 31 54 57 72 81 77 64 25 49 61 99 23 76 94 95 46 43 18 62 14 
97-8-9 1?1.973 = 8 84 90 70 73 35 65 79 75 37 26 52 24 47 20 9 
97-8-11 1?2.008 = 8 59 84 90 24 47 20 52 26 91 21 71 88 69 11 
97-8-10 1?2.14 = 8 84 59 53 39 73 35 65 56 79 75 37 26 52 96 10 
97-8-12 1?2.324 = 8 84 90 70 73 35 65 79 37 75 89 41 27 38 82 83 71 12 
97-7-12 1?2.389 = 7 36 53 39 73 35 65 56 79 37 75 89 41 27 38 82 83 71 12 
97-7-15 1?2.55 = 7 36 53 39 73 35 30 77 64 25 49 61 99 45 23 76 94 95 46 55 78 15 
97-7-13 1?2.543 = 7 36 53 39 73 35 30 87 56 65 79 37 75 89 41 27 38 82 83 93 13 
97-8-13 1?2.452 = 8 84 59 53 39 73 35 65 56 79 37 75 89 41 27 38 82 83 93 13 
97-8-15 1?2.576 = 8 84 59 53 39 73 35 30 77 64 25 49 61 99 45 23 50 76 94 95 55 78 15 
97-7-14 1?2.476 = 7 36 53 39 73 35 30 77 64 25 49 61 99 23 76 94 95 46 43 18 62 14 
97-8-14 1?2.521 = 8 84 90 70 73 35 30 77 64 25 49 61 45 23 76 94 95 46 43 18 62 14 
97-10-13 1?2.143 = 10 91 37 75 79 65 56 87 89 41 27 38 82 83 93 13 
97-10-12 1?2.123 = 10 96 26 37 75 79 56 87 89 41 27 38 82 83 12 
97-10-14 1?2.166 = 10 96 26 37 75 79 65 56 87 89 41 27 38 33 18 62 14 
97-9-11 1?1.914 = 9 20 47 24 52 26 37 75 89 41 82 71 88 69 11 
97-9-12 1?2.044 = 9 20 47 24 52 26 37 75 89 41 27 38 82 83 71 12 
97-10-11 1?1.987 = 10 96 26 37 75 89 41 27 38 82 83 71 88 69 11 
97-9-10 1?2.136 = 9 20 47 24 52 26 37 75 89 41 82 71 21 91 10 
97-10-15 1?2.401 = 10 91 37 75 79 65 56 87 64 25 49 61 99 23 76 94 95 55 78 15 
97-9-15 1?2.318 = 9 20 47 24 52 26 37 75 89 41 27 38 33 98 43 46 55 78 15 
97-9-13 1?2.232 = 9 20 47 24 52 26 37 75 79 65 56 87 89 41 27 82 83 93 13 
97-9-14 1?2.215 = 9 20 47 24 52 26 37 75 79 56 87 89 41 27 38 33 18 62 14 
97-14-15 1?2.13 = 14 62 18 33 98 45 99 23 50 34 76 94 95 46 55 78 15 
97-12-13 1?2.164 = 12 69 88 71 83 82 41 27 38 33 98 43 18 42 13 
97-11-13 1?1.975 = 11 69 88 71 83 82 41 27 38 33 98 43 18 42 13 
97-11-12 1?2.08 = 11 69 88 21 37 75 79 65 56 87 89 41 27 82 83 12 
97-13-14 1?2.137 = 13 93 83 82 27 38 45 99 23 76 95 46 43 18 62 14 
97-13-15 1?2.224 = 13 93 83 82 27 38 33 98 45 99 23 76 94 95 55 78 15 
97-11-15 1?2.072 = 11 69 88 71 83 82 27 38 45 99 23 76 94 95 55 78 15 
97-12-15 1?2.205 = 12 71 83 82 41 27 38 45 23 50 34 76 94 95 55 78 15 
97-11-14 1?2.067 = 11 69 88 21 71 83 82 41 27 38 33 98 46 43 18 62 14 
97-12-14 1?2.148 = 12 71 83 82 27 38 45 23 76 94 95 46 43 18 62 14 
stop
