start
576-0-5 1?2.279 = 0 34 97 18 32 85 30 27 22 83 89 99 48 70 41 69 75 72 5 
576-0-2 1?2.098 = 0 34 60 76 43 87 84 29 59 85 32 97 18 39 46 17 2 
576-0-3 1?2.412 = 0 34 97 32 85 30 27 83 89 99 48 41 69 54 38 42 3 
576-0-4 1?2.354 = 0 34 97 32 85 30 27 22 89 99 48 92 70 41 69 54 38 4 
576-0-6 1?2.451 = 0 34 60 76 43 87 84 59 85 30 27 22 89 99 48 41 70 92 33 74 6 
576-0-7 1?2.542 = 0 34 97 18 32 85 30 27 83 89 99 48 41 70 92 35 33 74 90 7 
576-0-10 1?2.474 = 0 34 97 18 32 60 76 43 87 84 29 81 88 73 56 37 68 86 63 19 51 10 
576-0-1 1?2.117 = 0 34 60 76 43 20 80 55 49 87 84 59 32 18 61 1 
576-0-11 1?2.501 = 0 34 97 18 32 76 43 87 84 29 81 88 73 26 56 37 68 86 63 19 11 
576-0-8 1?2.593 = 0 34 60 76 43 87 84 29 78 52 77 94 65 36 24 57 93 95 47 21 58 8 
576-0-9 1?2.773 = 0 34 60 76 43 87 84 29 78 52 77 94 65 36 24 57 93 95 47 58 21 82 9 
576-0-14 1?1.813 = 0 34 60 97 18 32 85 59 84 87 49 55 80 20 71 14 
576-1-2 1?2.145 = 1 61 23 18 97 60 76 43 87 84 59 85 32 39 46 17 2 
576-0-15 1?1.966 = 0 34 60 76 43 87 84 29 81 49 55 80 20 71 45 15 
576-1-6 1?2.357 = 1 61 46 66 50 27 83 89 99 48 92 70 41 69 75 72 79 6 
576-1-8 1?2.529 = 1 61 23 18 32 85 59 84 29 78 77 94 65 36 24 57 93 21 58 8 
576-1-3 1?2.227 = 1 61 46 66 50 27 22 89 99 48 41 69 54 38 42 3 
576-1-7 1?2.534 = 1 61 18 32 85 30 27 83 89 99 48 41 70 92 35 33 74 90 7 
576-1-4 1?2.217 = 1 61 46 66 50 27 22 89 99 48 92 70 41 69 54 38 4 
576-0-13 1?1.86 = 0 34 97 18 32 85 59 84 87 49 55 80 20 71 62 13 
576-1-5 1?2.122 = 1 61 46 66 50 27 22 89 99 48 35 92 70 41 69 75 72 5 
576-0-12 1?2.327 = 0 34 97 18 32 85 59 76 43 87 49 55 80 20 71 62 28 40 12 
576-1-15 1?2.016 = 1 61 18 97 60 76 43 87 49 55 80 62 71 20 45 15 
576-1-14 1?1.981 = 1 61 23 18 97 60 76 43 87 84 29 81 49 55 80 20 71 14 
576-2-6 1?2.239 = 2 17 46 66 50 27 22 83 89 99 48 41 70 92 35 33 74 79 6 
576-2-4 1?2.063 = 2 17 46 66 50 27 22 89 99 48 92 70 41 69 54 4 
576-2-5 1?1.846 = 2 17 46 66 50 27 22 89 99 48 70 41 69 75 72 5 
576-2-3 1?2.138 = 2 17 46 66 50 27 22 89 99 48 41 69 54 38 42 3 
576-1-9 1?2.75 = 1 61 23 18 97 60 76 43 87 84 29 81 88 73 56 65 36 24 57 93 82 9 
576-1-13 1?2.185 = 1 61 23 18 32 85 59 84 87 43 49 55 80 20 71 62 28 40 13 
576-1-11 1?2.551 = 1 61 23 18 97 60 76 43 87 49 55 80 73 88 56 37 68 86 63 19 11 
576-1-10 1?2.548 = 1 61 23 18 97 60 76 43 87 49 55 80 73 88 56 37 68 86 63 19 51 10 
576-1-12 1?2.527 = 1 61 18 32 97 60 76 43 87 84 29 81 49 55 80 20 71 62 28 40 12 
576-2-15 1?2.273 = 2 17 46 39 18 97 60 76 43 87 49 55 80 62 71 20 45 15 
576-2-14 1?2.256 = 2 17 46 39 18 97 60 76 43 87 84 81 49 55 80 20 62 71 14 
576-2-8 1?2.542 = 2 17 46 66 50 27 22 89 83 52 77 94 65 36 24 57 93 21 58 8 
576-2-9 1?2.627 = 2 17 46 66 50 27 22 89 99 48 41 70 92 35 16 25 95 93 57 82 9 
576-3-4 1?1.872 = 3 42 38 54 69 41 99 48 92 70 79 72 75 4 
576-3-5 1?1.615 = 3 42 38 54 69 41 48 70 92 35 33 74 79 72 5 
576-2-10 1?2.546 = 2 17 46 39 18 97 60 76 43 87 84 81 88 73 56 37 86 63 19 51 10 
576-2-7 1?2.474 = 2 17 46 66 50 27 22 83 89 99 48 41 70 92 35 33 79 74 90 7 
576-2-11 1?2.596 = 2 17 46 39 18 97 60 76 43 87 84 81 88 73 56 37 68 86 63 19 11 
576-2-13 1?2.379 = 2 17 46 39 18 32 85 59 84 29 81 49 55 80 20 71 62 28 40 13 
576-2-12 1?2.614 = 2 17 46 39 18 32 76 43 87 84 29 81 49 55 80 20 71 62 28 40 12 
576-3-15 1?2.492 = 3 42 38 54 69 41 48 99 89 83 30 85 59 43 76 45 15 
576-3-14 1?2.497 = 3 42 38 54 31 67 22 27 30 85 59 84 87 49 55 80 20 71 14 
576-3-6 1?2.161 = 3 42 31 38 54 67 99 48 92 70 41 69 75 72 79 33 74 6 
576-3-9 1?2.452 = 3 42 31 38 54 69 41 48 70 92 33 35 16 25 95 93 24 57 82 9 
576-4-5 1?1.545 = 4 38 54 69 41 99 48 70 92 35 33 74 79 72 5 
576-3-7 1?2.299 = 3 42 31 38 54 75 69 41 99 48 70 92 35 33 79 74 90 53 7 
576-3-10 1?2.532 = 3 42 38 54 69 41 48 70 92 35 16 25 95 93 57 24 36 96 98 10 
576-3-13 1?2.58 = 3 42 91 46 39 18 32 85 59 84 87 49 80 55 20 71 62 28 40 13 
576-3-11 1?2.568 = 3 42 38 54 69 41 48 70 92 35 16 25 95 93 57 24 96 68 86 11 
576-3-8 1?2.478 = 3 42 31 38 54 69 41 48 70 92 35 16 25 95 93 24 57 82 21 58 8 
576-3-12 1?2.718 = 3 42 38 54 69 41 70 92 48 99 89 83 52 77 88 73 26 44 12 
576-4-6 1?1.784 = 4 38 54 69 41 48 70 92 35 33 74 79 75 72 6 
576-5-6 1?1.68 = 5 72 75 69 41 99 48 70 92 35 33 79 74 53 90 6 
576-4-8 1?2.09 = 4 38 54 69 41 48 70 92 35 16 25 95 24 57 93 21 58 8 
576-4-15 1?2.427 = 4 54 69 41 70 92 48 99 89 22 27 30 85 59 43 76 45 15 
576-4-7 1?2.117 = 4 38 54 31 67 99 48 92 70 41 69 75 72 79 74 90 7 
576-4-9 1?2.163 = 4 38 54 69 41 48 70 92 33 35 16 25 95 93 24 57 82 9 
576-4-14 1?2.531 = 4 38 54 69 41 48 99 89 83 30 85 59 87 49 55 80 20 71 14 
576-4-10 1?2.399 = 4 54 69 41 48 70 92 35 16 25 95 93 57 24 96 68 86 63 51 10 
576-4-11 1?2.411 = 4 54 69 41 48 70 92 35 16 25 95 93 57 24 96 68 86 63 19 11 
576-4-13 1?2.653 = 4 54 69 41 70 92 48 99 89 22 27 30 85 59 87 49 55 80 28 13 
576-4-12 1?2.682 = 4 54 69 41 70 92 48 89 83 52 77 94 65 56 88 73 26 44 12 
576-6-8 1?1.904 = 6 74 33 70 41 99 48 92 35 16 25 95 93 21 58 8 
576-6-7 1?2.069 = 6 72 75 69 41 48 70 92 35 16 25 95 47 64 7 
576-5-7 1?1.823 = 5 72 75 69 41 48 70 92 35 16 25 95 47 64 7 
576-5-9 1?1.934 = 5 72 75 69 41 48 70 92 33 35 16 25 95 93 24 57 82 9 
576-5-8 1?1.861 = 5 72 75 69 41 48 70 92 35 16 25 95 24 57 93 21 58 8 
576-5-10 1?2.136 = 5 72 75 69 41 48 70 92 35 16 25 95 93 57 24 36 96 98 10 
576-5-15 1?2.336 = 5 72 75 69 41 70 92 48 99 89 22 27 30 85 59 87 43 76 45 15 
576-5-14 1?2.39 = 5 72 75 69 41 48 99 89 22 27 30 85 59 84 87 49 55 80 62 71 14 
576-5-11 1?2.24 = 5 72 75 69 41 70 92 35 16 25 95 93 57 24 96 68 37 86 63 19 11 
576-5-13 1?2.489 = 5 72 75 69 41 70 92 48 99 89 22 27 30 85 59 87 49 55 80 28 13 
576-5-12 1?2.486 = 5 72 75 69 41 70 48 99 89 83 52 77 94 65 56 88 73 26 44 12 
576-7-9 1?2.041 = 7 64 47 58 21 93 57 24 96 68 86 63 19 51 98 9 
576-7-8 1?2.141 = 7 53 74 33 79 70 48 92 35 16 25 95 93 21 58 8 
576-6-9 1?1.983 = 6 72 75 69 41 48 70 92 35 16 25 95 93 24 57 82 9 
576-7-10 1?2.133 = 7 64 47 58 21 95 93 57 24 36 65 96 68 86 63 19 51 10 
576-6-10 1?2.117 = 6 74 33 70 92 35 16 25 95 93 57 24 96 68 86 63 19 51 10 
576-6-14 1?2.378 = 6 74 33 92 70 48 99 89 22 27 30 85 59 87 49 55 80 20 71 14 
576-6-15 1?2.422 = 6 74 33 92 70 41 48 99 89 83 27 30 85 59 84 87 43 76 45 15 
576-7-11 1?2.419 = 7 64 8 58 21 47 95 93 57 24 36 65 96 68 37 86 63 51 19 11 
576-6-11 1?2.266 = 6 74 33 70 92 35 16 25 95 93 57 24 36 96 68 37 86 63 19 11 
576-6-13 1?2.398 = 6 74 33 92 70 48 99 89 22 27 30 85 59 87 49 55 80 28 13 
576-6-12 1?2.39 = 6 74 33 92 70 48 99 89 83 52 77 94 56 88 73 26 44 12 
576-8-9 1?1.874 = 8 58 21 47 95 93 57 24 96 68 86 63 19 51 98 9 
576-8-10 1?1.569 = 8 58 21 47 95 93 57 24 96 68 37 86 63 19 51 10 
576-8-14 1?2.241 = 8 58 21 93 57 24 36 65 56 73 88 81 49 55 80 20 71 14 
576-7-14 1?2.463 = 7 64 47 95 93 57 24 36 65 56 88 73 49 55 80 20 71 14 
576-7-15 1?2.529 = 7 90 74 33 92 70 48 99 89 22 27 30 85 59 84 87 43 76 45 15 
576-8-11 1?2.233 = 8 58 21 93 57 24 36 65 56 88 73 26 44 37 86 63 19 11 
576-8-15 1?2.516 = 8 58 21 47 95 93 57 24 36 65 94 77 52 78 29 84 87 43 76 45 15 
576-7-13 1?2.444 = 7 64 47 58 21 95 93 57 24 36 65 56 88 73 26 44 40 13 
576-7-12 1?2.261 = 7 64 47 58 21 95 93 57 24 36 65 56 88 73 26 44 12 
576-8-12 1?2.13 = 8 64 47 58 21 95 93 57 24 36 65 56 88 73 26 44 12 
576-8-13 1?2.456 = 8 58 21 93 57 24 36 65 56 73 88 81 49 55 80 20 71 62 28 13 
576-9-10 1?1.691 = 9 21 58 47 95 93 57 24 96 68 37 86 63 19 51 10 
576-10-11 1?2.125 = 10 51 19 63 86 37 68 96 36 65 94 88 73 26 44 11 
576-10-13 1?1.904 = 10 51 19 63 86 68 37 56 88 73 49 55 80 62 28 40 13 
576-9-11 1?2.095 = 9 21 58 47 95 93 57 24 36 65 96 68 86 63 51 19 11 
576-9-14 1?2.312 = 9 82 57 93 24 36 65 56 73 88 81 49 55 80 20 62 71 14 
576-10-14 1?2.123 = 10 51 19 63 86 68 37 56 26 73 88 81 49 55 80 20 62 71 14 
576-10-12 1?2.017 = 10 51 19 63 86 37 68 96 36 65 94 88 73 26 44 12 
576-9-15 1?2.476 = 9 82 57 93 24 36 65 56 26 73 88 81 29 84 87 43 76 45 15 
576-10-15 1?2.322 = 10 51 19 63 86 68 37 56 26 73 88 81 29 84 87 43 76 60 45 15 
576-9-13 1?2.27 = 9 21 58 47 95 93 57 24 36 65 56 88 73 26 44 40 13 
576-9-12 1?2.087 = 9 21 58 47 95 93 57 24 36 65 56 88 73 26 44 12 
576-12-14 1?1.921 = 12 44 26 73 88 81 29 84 87 49 55 80 20 62 71 14 
576-11-14 1?1.898 = 11 19 51 63 86 68 37 56 88 73 49 55 80 20 71 14 
576-13-14 1?2.025 = 13 28 62 71 20 80 55 49 81 29 84 87 43 76 45 14 
576-11-15 1?1.995 = 11 19 63 86 37 56 73 88 81 29 84 87 43 76 45 15 
576-12-15 1?1.988 = 12 40 28 62 71 20 80 55 49 81 84 87 43 76 45 15 
576-13-15 1?1.798 = 13 28 62 71 20 80 55 49 81 29 84 87 43 76 45 15 
576-14-15 1?1.861 = 14 71 62 20 80 55 49 81 29 84 87 43 76 60 45 15 
576-12-13 1?1.941 = 12 44 26 56 73 88 81 49 55 80 20 71 62 28 40 13 
576-11-13 1?1.926 = 11 19 63 86 68 37 56 88 73 49 55 80 20 71 62 13 
576-11-12 1?2.118 = 11 19 63 86 68 96 57 93 24 36 65 56 26 44 12 
stop
