start
164-0-2 1?1.885 = 0 76 36 57 41 54 89 37 59 52 63 26 53 18 42 2 
164-0-1 1?2.055 = 0 41 57 54 89 36 76 48 37 59 52 63 45 60 70 1 
164-0-5 1?2.37 = 0 36 57 41 54 89 37 59 52 63 26 53 42 18 43 31 85 68 5 
164-0-4 1?2.228 = 0 41 57 54 89 36 76 48 70 60 45 63 26 42 53 18 43 31 4 
164-0-7 1?2.539 = 0 36 57 41 54 89 37 59 78 22 23 64 99 82 58 33 32 25 27 7 
164-0-8 1?2.585 = 0 36 57 41 54 89 37 59 78 22 23 64 99 82 58 33 32 44 86 8 
164-0-11 1?2.216 = 0 36 57 41 54 89 79 73 81 34 28 35 93 88 74 21 49 51 11 
164-0-9 1?2.661 = 0 76 36 57 41 54 89 79 73 81 34 28 35 88 74 21 49 66 97 9 
164-0-3 1?1.71 = 0 76 36 57 41 54 89 37 59 52 63 26 53 18 42 3 
164-0-10 1?2.444 = 0 36 57 41 54 89 79 73 81 34 67 28 35 93 88 74 21 49 50 71 10 
164-0-6 1?2.474 = 0 76 36 57 41 54 89 37 59 78 22 23 64 99 16 40 47 46 6 
164-0-15 1?2.001 = 0 41 57 36 76 48 70 60 45 52 59 37 89 54 95 15 
164-0-14 1?1.919 = 0 70 60 48 76 36 57 41 54 89 79 73 81 34 67 84 14 
164-0-13 1?1.765 = 0 76 36 57 41 54 89 79 73 81 34 28 67 84 96 39 13 
164-1-2 1?1.726 = 1 70 60 48 76 36 57 41 54 89 37 59 52 63 26 2 
164-1-4 1?2.076 = 1 70 60 48 76 36 57 54 89 37 59 52 63 26 42 18 43 31 4 
164-1-3 1?1.737 = 1 70 60 48 76 36 57 54 89 37 59 52 63 26 42 3 
164-1-5 1?2.381 = 1 70 60 48 76 36 57 41 54 89 37 78 22 23 64 72 85 68 5 
164-1-6 1?2.446 = 1 70 60 48 76 36 57 41 54 89 37 59 78 22 23 64 72 40 46 6 
164-1-7 1?2.501 = 1 70 60 48 76 36 57 41 54 89 37 78 22 23 64 99 16 25 27 7 
164-0-12 1?2.264 = 0 70 60 48 76 36 57 41 54 89 79 73 81 34 67 96 39 17 30 12 
164-1-8 1?2.631 = 1 70 60 48 76 36 54 89 37 78 22 23 64 99 82 58 33 32 44 8 
164-1-14 1?1.713 = 1 70 60 48 76 36 57 41 54 89 79 73 81 34 67 84 14 
164-2-5 1?2.276 = 2 63 26 42 18 43 53 62 22 23 64 99 72 85 68 5 
164-2-4 1?2.275 = 2 45 60 48 76 36 54 89 37 59 52 63 53 43 31 4 
164-1-12 1?2.218 = 1 70 60 48 76 36 57 41 54 89 79 73 81 34 28 67 84 96 39 17 30 12 
164-1-13 1?2.091 = 1 70 60 48 76 36 57 41 54 89 79 73 81 34 28 93 35 17 39 13 
164-2-3 1?2.023 = 2 45 60 48 76 36 57 54 89 37 59 52 63 26 42 3 
164-2-6 1?2.642 = 2 45 63 26 42 18 43 53 62 22 23 64 99 82 16 40 46 6 
164-1-11 1?2.369 = 1 60 48 76 36 57 41 54 89 79 73 81 34 28 35 88 74 21 49 51 11 
164-1-10 1?2.455 = 1 70 60 48 76 36 57 41 54 89 79 87 93 35 88 74 21 49 50 71 10 
164-1-15 1?2.041 = 1 70 60 48 76 36 57 41 54 89 79 20 87 34 81 73 15 
164-1-9 1?2.67 = 1 70 60 48 76 36 57 41 54 89 79 87 24 77 74 21 49 66 97 9 
164-3-5 1?2.145 = 3 42 18 43 53 26 63 62 22 23 64 99 72 85 68 5 
164-3-4 1?2.274 = 3 31 43 18 42 53 26 63 62 22 23 64 99 72 85 68 4 
164-2-10 1?2.567 = 2 45 60 48 76 36 57 54 89 79 87 24 61 77 74 21 49 50 71 10 
164-2-14 1?2.335 = 2 45 60 70 48 76 36 57 41 54 89 37 79 73 81 34 28 67 84 14 
164-2-12 1?2.504 = 2 45 60 48 76 36 57 41 54 89 79 73 81 34 28 67 84 96 39 17 30 12 
164-2-13 1?2.377 = 2 45 60 48 76 36 57 41 54 89 79 73 81 34 28 93 35 17 39 13 
164-2-11 1?2.578 = 2 45 60 48 76 36 57 41 54 89 37 20 24 61 77 74 21 49 51 11 
164-2-15 1?1.892 = 2 26 42 18 53 63 52 59 37 89 54 57 41 95 15 
164-2-9 1?2.676 = 2 26 42 18 43 53 62 22 23 64 99 16 82 58 33 32 44 86 9 
164-2-7 1?2.433 = 2 26 63 62 22 23 64 99 16 82 58 33 32 25 27 90 80 83 7 
164-2-8 1?2.617 = 2 26 42 18 53 62 22 23 64 99 82 58 33 32 25 27 83 80 90 8 
164-4-5 1?2.346 = 4 31 43 18 42 53 26 63 62 22 23 64 99 72 85 68 5 
164-3-6 1?2.289 = 3 42 18 53 26 63 62 22 23 64 99 82 16 40 47 46 6 
164-3-12 1?2.6 = 3 42 18 53 26 63 52 59 37 89 54 79 73 81 34 67 96 39 17 30 12 
164-3-13 1?2.357 = 3 42 18 53 26 63 52 48 76 36 57 54 89 79 73 81 34 67 96 13 
164-3-14 1?2.358 = 3 42 18 43 53 26 63 52 59 48 76 36 57 41 54 89 79 73 81 14 
164-3-10 1?2.73 = 3 42 18 53 26 63 52 59 78 69 20 24 61 77 74 21 49 50 71 10 
164-3-11 1?2.678 = 3 42 18 53 26 63 62 22 23 64 98 19 55 61 24 77 74 21 49 51 11 
164-3-7 1?2.218 = 3 42 18 53 62 22 23 64 99 16 82 58 33 32 90 80 83 7 
164-3-9 1?2.619 = 3 42 18 53 26 63 62 22 23 64 99 16 82 33 58 38 65 44 9 
164-3-8 1?2.376 = 3 18 42 26 63 62 22 23 64 99 16 82 58 33 32 44 86 8 
164-3-15 1?2.44 = 3 31 43 18 42 53 26 63 45 60 70 48 76 36 57 41 54 89 79 95 15 
164-5-6 1?2.593 = 5 4 31 43 18 42 53 26 63 62 22 23 64 72 47 46 6 
164-4-6 1?2.204 = 4 31 43 18 42 53 26 63 62 22 23 64 72 47 46 6 
164-4-7 1?2.196 = 4 68 85 72 99 16 82 58 33 32 25 27 90 80 83 7 
164-4-13 1?2.512 = 4 31 43 18 42 53 26 63 52 59 37 79 73 81 34 28 67 96 39 13 
164-4-12 1?2.76 = 4 31 43 18 42 53 26 63 52 59 37 79 73 81 34 28 67 96 39 17 30 12 
164-4-9 1?2.655 = 4 31 43 18 42 53 26 63 62 22 23 64 99 82 33 58 38 65 9 
164-4-10 1?2.805 = 4 31 43 18 42 53 26 63 62 22 23 64 99 82 58 33 65 38 97 10 
164-4-14 1?2.523 = 4 31 43 18 42 26 63 45 60 48 76 36 57 41 54 89 79 73 81 14 
164-4-11 1?2.789 = 4 31 43 18 42 53 62 22 23 64 98 19 69 24 61 77 74 21 49 51 11 
164-4-8 1?2.485 = 4 31 18 42 53 62 22 23 64 99 16 82 58 33 32 44 86 8 
164-4-15 1?2.606 = 4 31 43 18 42 53 26 63 45 60 48 76 36 57 41 54 89 37 79 95 15 
164-5-7 1?2.3 = 5 47 46 40 16 82 58 33 38 65 44 86 8 90 80 83 7 
164-6-7 1?2.137 = 6 46 40 16 82 33 58 38 65 32 25 90 80 83 27 7 
164-5-14 1?2.566 = 5 47 46 40 16 82 33 58 94 91 55 61 77 93 35 28 67 84 14 
164-5-9 1?2.829 = 5 47 40 16 82 33 58 94 91 55 61 24 77 74 21 66 97 9 
164-6-8 1?2.162 = 6 46 40 16 82 58 33 32 25 27 83 80 90 44 86 8 
164-5-12 1?2.761 = 5 47 46 40 16 82 33 58 94 91 55 61 24 77 74 21 49 51 75 29 12 
164-5-10 1?2.649 = 5 47 46 40 16 82 33 58 94 91 55 61 24 77 74 21 49 50 71 10 
164-5-11 1?2.721 = 5 47 40 16 82 33 58 94 91 55 61 24 93 35 88 74 21 49 51 11 
164-5-13 1?2.702 = 5 47 46 40 16 82 33 58 94 91 55 61 24 77 88 93 35 17 39 96 13 
164-5-8 1?2.621 = 5 68 85 72 99 16 82 58 33 32 25 27 83 80 90 44 86 8 
164-5-15 1?2.476 = 5 68 4 31 43 18 42 53 26 63 52 48 76 36 89 54 57 41 95 15 
164-7-10 1?2.092 = 7 27 83 80 90 44 65 38 97 66 21 49 51 50 71 10 
164-6-9 1?2.306 = 6 46 40 16 82 58 33 32 25 27 83 80 90 44 86 9 
164-7-9 1?2.252 = 7 27 83 80 90 25 16 82 33 58 94 38 65 44 86 9 
164-6-10 1?2.385 = 6 46 47 40 16 82 58 33 65 38 97 66 21 49 50 71 10 
164-6-11 1?2.467 = 6 46 40 16 82 33 58 94 91 55 61 24 77 74 21 49 50 51 11 
164-7-8 1?2.108 = 7 27 83 80 90 25 16 82 33 58 94 38 65 44 86 8 
164-7-11 1?2.374 = 7 27 83 80 90 25 32 33 58 94 91 55 61 24 77 74 21 49 51 11 
164-6-12 1?2.577 = 6 46 40 16 82 33 58 94 91 55 61 24 77 74 21 49 51 75 29 12 
164-6-13 1?2.598 = 6 46 40 16 82 33 58 94 91 55 61 24 77 93 35 28 67 84 96 39 13 
164-6-14 1?2.845 = 6 46 40 16 82 33 58 94 91 55 61 24 77 74 88 93 35 28 34 67 84 14 
164-6-15 1?2.685 = 6 46 47 40 16 82 99 64 23 22 78 59 37 89 54 36 57 41 95 15 
164-8-11 1?2.182 = 8 86 44 32 33 58 94 91 55 61 24 77 74 21 49 51 11 
164-8-10 1?2.176 = 8 90 80 83 27 25 32 33 58 38 65 97 66 50 71 10 
164-8-9 1?2.316 = 8 90 80 83 27 25 16 82 33 58 94 38 65 44 86 9 
164-8-12 1?2.556 = 8 90 80 83 27 25 32 33 58 94 91 55 61 24 93 35 88 75 29 12 
164-8-13 1?2.461 = 8 80 83 27 25 32 33 58 94 91 55 61 24 77 93 35 17 39 96 13 
164-8-14 1?2.62 = 8 90 80 83 27 25 16 82 33 58 94 91 55 61 24 93 35 28 67 84 14 
164-7-12 1?2.63 = 7 27 83 80 90 25 32 33 58 94 91 55 61 24 77 74 21 49 51 75 29 12 
164-7-13 1?2.569 = 7 27 83 80 90 25 16 82 33 58 94 91 55 61 24 77 93 35 39 96 13 
164-7-14 1?2.858 = 7 83 80 90 25 32 33 58 94 91 55 61 24 77 93 35 17 39 96 28 67 84 14 
164-8-15 1?2.56 = 8 86 44 32 33 58 82 99 64 23 22 78 37 89 54 57 41 95 15 
164-7-15 1?2.595 = 7 27 25 32 33 58 82 99 64 23 22 78 59 37 89 54 57 41 95 15 
164-9-12 1?2.282 = 9 97 66 50 49 21 74 77 61 24 93 35 39 17 30 12 
164-9-11 1?2.326 = 9 86 44 32 33 58 94 91 55 61 24 77 74 21 49 51 11 
164-10-11 1?1.997 = 10 71 50 49 21 74 77 24 93 35 88 29 75 51 11 
164-9-10 1?2.366 = 9 65 38 33 58 94 91 55 61 24 77 74 21 49 50 71 10 
164-10-12 1?2.011 = 10 71 50 49 21 74 88 77 61 24 93 35 39 17 30 12 
164-9-13 1?2.544 = 9 97 66 50 49 21 74 77 61 24 93 35 28 67 96 39 17 30 13 
164-10-13 1?2.192 = 10 71 50 49 21 74 77 61 24 93 35 28 67 84 96 39 17 30 13 
164-9-14 1?2.833 = 9 97 66 50 49 21 74 77 61 24 93 35 17 39 96 67 28 34 84 14 
164-10-14 1?2.604 = 10 71 50 49 21 74 77 61 24 93 35 17 39 96 84 67 28 34 81 73 14 
164-9-15 1?2.602 = 9 97 66 50 49 21 74 77 61 24 93 35 28 67 34 81 73 95 15 
164-10-15 1?2.491 = 10 71 50 49 21 74 88 35 28 67 34 81 73 79 89 54 36 57 41 95 15 
164-11-12 1?1.926 = 11 51 49 21 74 77 61 24 93 35 28 67 96 39 30 12 
164-12-13 1?1.807 = 12 29 75 51 49 21 74 77 61 24 93 35 17 39 96 13 
164-11-13 1?1.934 = 11 51 50 49 21 74 77 61 24 93 35 28 67 84 96 39 13 
164-13-14 1?2.034 = 13 96 39 17 30 29 75 49 21 74 88 35 28 67 84 14 
164-12-14 1?2.159 = 12 29 75 51 49 21 74 77 61 24 93 35 39 96 67 84 14 
164-14-15 1?2.031 = 14 81 73 79 54 89 37 59 52 48 76 36 57 41 95 15 
164-13-15 1?1.744 = 13 39 96 67 28 34 81 73 79 89 54 36 57 41 95 15 
164-11-14 1?2.281 = 11 29 75 51 50 49 21 74 77 61 24 93 88 35 28 67 84 14 
164-12-15 1?1.992 = 12 30 17 39 96 67 28 34 81 73 79 89 54 36 57 41 95 15 
164-11-15 1?2.176 = 11 51 49 21 74 88 35 28 34 81 73 79 89 54 57 41 95 15 
stop
