start
513-0-4 1?2.162 = 0 90 28 39 52 55 70 96 67 21 18 97 50 83 80 4 
513-0-1 1?2.144 = 0 90 28 65 32 62 84 91 26 43 95 59 39 52 92 1 
513-0-11 1?2.504 = 0 90 28 65 39 59 95 84 91 26 43 23 78 76 75 87 33 61 11 
513-0-2 1?2.19 = 0 29 90 28 65 32 62 84 91 95 59 39 52 92 38 2 
513-0-10 1?2.582 = 0 90 28 65 39 59 84 91 26 43 23 78 76 75 49 74 63 58 93 10 
513-0-8 1?2.38 = 0 32 62 84 91 43 23 78 76 75 74 49 86 17 64 42 24 72 31 8 
513-0-5 1?2.41 = 0 90 28 65 32 62 59 95 56 89 19 96 67 21 18 97 47 50 83 80 5 
513-0-3 1?2.191 = 0 90 28 65 32 62 59 95 56 89 19 70 27 79 45 3 
513-0-6 1?2.513 = 0 90 28 39 59 95 56 36 51 48 86 17 64 42 24 35 30 25 54 6 
513-0-7 1?2.412 = 0 90 28 39 59 95 56 36 51 48 49 86 17 64 42 24 35 94 41 7 
513-0-9 1?2.43 = 0 90 28 39 59 95 56 36 51 48 49 74 86 17 82 88 40 53 22 9 
513-0-13 1?1.912 = 0 90 28 39 65 32 62 59 95 84 91 26 69 71 81 13 
513-0-14 1?2.022 = 0 29 90 28 39 65 32 62 59 95 84 91 26 69 71 14 
513-1-5 1?2.298 = 1 29 90 28 39 52 55 70 96 67 21 97 18 47 50 83 80 99 5 
513-1-6 1?2.469 = 1 29 90 28 39 59 95 56 89 19 96 67 21 18 97 66 25 54 57 6 
513-1-3 1?2.261 = 1 29 90 28 65 32 62 84 59 39 52 92 38 79 45 3 
513-1-8 1?2.419 = 1 92 52 89 56 36 51 48 49 74 86 17 64 82 42 24 72 31 8 
513-1-2 1?2.177 = 1 29 90 28 65 32 62 84 91 95 59 39 52 92 38 2 
513-0-15 1?2.129 = 0 90 28 39 65 32 62 59 95 84 91 26 69 71 60 15 
513-1-4 1?2.257 = 1 29 90 28 65 39 52 55 70 16 73 44 47 50 83 80 4 
513-1-7 1?2.396 = 1 92 52 89 56 36 51 48 49 74 86 17 64 42 24 35 94 41 7 
513-0-12 1?2.536 = 0 90 28 39 59 95 56 36 51 48 49 74 75 76 78 23 87 77 12 
513-1-15 1?2.175 = 1 29 90 28 39 65 32 62 59 84 91 26 69 71 60 15 
513-1-14 1?2.426 = 1 29 90 28 39 52 55 89 56 95 59 62 84 91 69 71 14 
513-1-13 1?2.467 = 1 29 28 39 52 55 89 56 95 59 62 84 91 26 69 71 81 13 
513-2-5 1?2.162 = 2 79 45 27 16 96 67 21 97 18 73 44 47 50 83 80 5 
513-1-10 1?2.666 = 1 29 90 28 65 32 62 84 91 26 43 23 78 76 75 49 74 63 58 93 10 
513-2-3 1?2.514 = 2 38 92 52 39 59 95 56 89 19 70 16 27 79 45 3 
513-2-4 1?2.316 = 2 79 27 34 44 47 18 97 85 25 54 66 68 50 83 80 4 
513-2-6 1?2.445 = 2 79 27 16 67 21 97 18 47 50 83 80 99 68 66 85 25 54 57 6 
513-1-9 1?2.481 = 1 92 52 89 19 36 51 48 49 74 86 17 64 42 82 88 40 53 22 9 
513-1-11 1?2.669 = 1 29 28 39 59 95 56 36 51 48 49 74 75 76 78 23 87 33 61 11 
513-1-12 1?2.659 = 1 92 52 89 56 19 36 51 48 49 74 75 76 78 23 87 33 61 12 
513-2-15 1?2.315 = 2 38 92 52 39 28 90 65 32 62 59 95 84 91 60 15 
513-2-14 1?2.498 = 2 38 92 52 39 28 90 65 32 62 59 95 84 91 26 69 71 14 
513-3-5 1?2.119 = 3 45 79 27 34 16 96 67 21 97 18 47 50 83 80 99 5 
513-2-13 1?2.723 = 2 38 92 52 39 28 90 65 32 62 59 95 84 91 43 26 69 71 81 13 
513-2-10 1?2.728 = 2 79 27 16 96 51 48 49 74 86 17 64 42 24 72 88 40 20 93 10 
513-3-4 1?2.347 = 3 34 16 96 67 21 18 97 85 25 54 66 68 50 83 80 4 
513-2-8 1?2.441 = 2 79 27 16 96 36 51 48 49 74 86 17 82 64 42 24 72 31 8 
513-2-7 1?2.426 = 2 79 27 16 96 36 51 48 49 74 86 17 64 42 24 35 94 41 7 
513-2-12 1?2.651 = 2 38 55 89 56 36 51 48 49 74 75 76 78 23 87 33 61 12 
513-2-9 1?2.51 = 2 79 27 16 96 51 48 49 74 86 17 64 42 24 72 88 40 53 22 9 
513-2-11 1?2.744 = 2 38 92 52 89 19 36 51 48 49 74 63 75 76 78 23 87 33 61 11 
513-4-5 1?2.048 = 4 37 44 47 18 97 21 85 25 54 68 66 50 83 80 99 5 
513-3-15 1?2.734 = 3 45 79 27 38 92 52 39 28 90 65 32 62 59 95 84 91 60 15 
513-3-10 1?2.675 = 3 37 44 73 18 97 21 42 24 35 72 82 64 17 86 49 74 63 58 10 
513-3-14 1?2.654 = 3 45 79 27 38 92 52 39 65 32 62 59 95 84 91 26 69 71 14 
513-3-13 1?2.74 = 3 37 44 18 97 21 42 64 82 17 86 49 74 75 76 78 23 98 81 13 
513-3-6 1?2.22 = 3 37 44 73 21 97 18 47 50 83 80 99 68 66 85 25 54 57 6 
513-3-8 1?2.388 = 3 45 27 16 96 51 48 49 74 86 17 64 82 42 24 72 31 8 
513-3-7 1?2.397 = 3 34 16 67 51 48 49 74 86 17 64 82 42 24 35 94 41 7 
513-3-9 1?2.465 = 3 37 47 50 68 66 54 25 30 35 72 24 42 64 82 88 40 53 22 9 
513-3-11 1?2.595 = 3 37 44 18 97 21 64 17 86 49 74 75 76 78 23 87 33 61 11 
513-3-12 1?2.607 = 3 37 44 18 97 21 42 64 17 86 49 74 75 76 78 23 87 77 12 
513-4-6 1?2.012 = 4 37 44 73 21 18 97 47 50 83 80 99 68 66 25 54 57 6 
513-5-6 1?1.926 = 5 80 83 50 47 18 97 21 64 42 24 35 30 25 54 6 
513-4-14 1?2.541 = 4 80 83 50 47 18 97 21 67 96 19 89 56 95 84 91 26 69 71 14 
513-4-10 1?2.378 = 4 80 83 50 68 66 54 25 30 35 24 42 64 17 86 49 74 63 58 10 
513-4-15 1?2.638 = 4 80 83 50 47 18 97 21 67 96 19 89 56 95 59 62 39 65 32 15 
513-4-13 1?2.549 = 4 80 83 50 66 85 42 64 17 86 49 74 75 76 78 23 98 81 13 
513-4-7 1?2.161 = 4 80 83 50 47 18 97 21 42 64 17 82 24 72 35 94 41 7 
513-4-8 1?2.198 = 4 80 83 50 68 66 25 54 57 30 35 24 42 64 17 82 72 31 8 
513-4-9 1?2.16 = 4 80 83 50 68 66 54 25 30 35 72 24 42 64 82 88 40 53 22 9 
513-4-12 1?2.509 = 4 80 83 50 68 66 85 42 64 17 86 49 74 75 76 78 23 87 77 12 
513-4-11 1?2.446 = 4 80 83 50 68 66 54 25 30 35 24 42 64 17 86 49 74 63 46 11 
513-6-7 1?1.956 = 6 57 54 25 66 68 50 83 80 47 18 97 85 30 94 41 7 
513-5-7 1?1.758 = 5 99 68 66 54 25 30 42 64 82 24 72 35 94 41 7 
513-6-8 1?1.839 = 6 57 54 25 30 35 72 24 42 64 82 17 86 88 31 8 
513-5-8 1?1.802 = 5 99 68 66 54 25 30 35 24 42 64 17 82 72 31 8 
513-5-10 1?2.203 = 5 99 68 66 54 25 30 35 72 24 42 64 82 17 86 49 74 63 58 10 
513-5-14 1?2.535 = 5 99 68 66 25 30 42 64 17 86 49 74 75 76 78 23 98 71 14 
513-5-13 1?2.383 = 5 99 68 66 54 25 30 42 64 17 86 49 74 75 76 78 23 98 81 13 
513-5-15 1?2.601 = 5 99 68 66 85 30 42 64 17 86 49 74 75 76 78 23 43 91 60 15 
513-5-9 1?2.022 = 5 80 83 50 68 66 54 25 30 35 72 24 42 64 82 88 40 53 22 9 
513-5-11 1?2.285 = 5 99 68 66 85 42 64 82 17 86 49 74 75 76 78 23 87 33 61 11 
513-5-12 1?2.357 = 5 99 68 66 25 30 35 24 42 64 17 86 49 74 75 76 78 23 87 77 12 
513-7-10 1?1.765 = 7 41 94 35 72 24 42 64 82 17 86 49 74 63 58 10 
513-7-8 1?1.796 = 7 41 94 30 35 72 24 42 64 82 17 86 88 31 8 
513-6-10 1?1.979 = 6 57 54 25 30 35 72 24 42 64 82 17 86 49 74 63 58 10 
513-7-9 1?1.641 = 7 41 94 35 72 24 42 64 82 17 86 88 40 22 9 
513-7-11 1?1.833 = 7 41 94 35 72 24 42 64 82 17 86 49 74 63 46 11 
513-6-9 1?1.863 = 6 57 54 25 30 35 72 24 42 64 82 17 86 88 40 53 22 9 
513-6-14 1?2.427 = 6 57 54 25 30 42 64 17 86 49 74 75 76 78 23 43 26 69 71 14 
513-6-15 1?2.488 = 6 54 25 30 35 24 42 64 17 86 49 74 75 76 78 23 43 91 84 60 15 
513-6-13 1?2.382 = 6 57 54 25 30 35 72 24 42 64 82 17 86 49 74 75 76 78 23 98 81 13 
513-6-11 1?2.115 = 6 57 54 25 30 42 64 17 86 49 74 75 76 78 23 87 33 61 11 
513-6-12 1?2.215 = 6 54 25 30 35 24 42 64 17 86 49 74 75 76 78 23 87 33 61 12 
513-8-10 1?1.832 = 8 31 72 35 24 42 64 82 17 86 49 74 63 58 93 10 
513-8-13 1?2.064 = 8 31 72 24 42 64 82 17 86 74 49 75 76 78 23 98 81 13 
513-8-14 1?2.223 = 8 31 72 82 64 17 86 49 74 75 76 78 23 43 26 69 71 14 
513-8-9 1?1.674 = 8 31 72 24 42 64 17 86 49 74 63 40 53 22 9 
513-7-14 1?2.274 = 7 41 94 35 24 42 64 17 86 49 74 75 76 78 23 98 69 71 14 
513-8-11 1?1.878 = 8 31 72 82 17 86 49 74 75 76 78 23 87 33 61 11 
513-7-15 1?2.323 = 7 41 94 35 24 42 64 17 86 49 74 75 76 78 23 43 91 84 60 15 
513-8-15 1?2.327 = 8 31 72 24 42 64 17 86 49 74 75 76 78 23 43 26 91 84 60 15 
513-7-13 1?2.264 = 7 41 94 35 72 24 42 64 82 17 86 49 74 63 75 76 78 23 98 81 13 
513-8-12 1?1.954 = 8 31 72 24 42 64 82 17 86 49 74 75 78 23 87 77 12 
513-7-12 1?2.05 = 7 41 94 35 24 42 64 17 86 49 74 75 76 78 23 87 33 61 12 
513-9-10 1?1.726 = 9 22 53 40 88 82 64 17 86 49 74 63 58 93 10 
513-10-13 1?2.249 = 10 93 20 40 88 82 64 17 86 49 74 75 78 23 98 81 13 
513-9-13 1?2.031 = 9 22 53 40 88 82 64 17 86 49 74 75 78 23 98 81 13 
513-10-14 1?2.438 = 10 20 40 88 17 86 49 74 75 76 78 23 43 26 69 71 14 
513-10-15 1?2.439 = 10 93 58 63 74 49 75 76 78 23 43 26 91 84 59 62 60 15 
513-9-14 1?2.234 = 9 22 53 40 88 17 86 49 74 75 76 78 23 43 26 69 71 14 
513-9-11 1?1.82 = 9 22 53 40 88 82 42 64 17 86 49 74 63 46 11 
513-10-11 1?2.019 = 10 93 58 63 86 49 74 75 76 78 23 87 33 61 11 
513-10-12 1?2.051 = 10 93 58 63 74 49 75 76 78 23 87 33 61 77 12 
513-9-15 1?2.341 = 9 22 53 40 88 82 64 17 86 49 74 75 76 78 23 43 91 84 60 15 
513-9-12 1?1.957 = 9 22 53 40 88 82 64 17 86 49 74 75 78 23 87 77 12 
513-12-13 1?2.299 = 12 61 33 46 63 74 49 75 76 78 23 87 98 81 13 
513-11-13 1?2.349 = 11 61 33 87 75 74 49 86 48 76 78 23 98 81 13 
513-12-14 1?2.427 = 12 61 33 46 63 74 75 76 78 23 43 26 69 71 14 
513-13-14 1?2.253 = 13 81 71 69 26 91 84 95 59 39 28 90 65 32 60 14 
513-12-15 1?2.295 = 12 77 98 69 26 91 84 95 59 62 39 28 90 65 32 15 
513-13-15 1?2.122 = 13 81 71 69 26 91 84 95 59 39 28 90 65 32 60 15 
513-14-15 1?2.22 = 14 71 69 26 91 84 95 59 39 28 90 65 32 62 60 15 
513-11-14 1?2.468 = 11 61 33 87 78 76 75 74 49 48 51 36 43 26 69 71 14 
513-11-15 1?2.487 = 11 61 33 87 23 78 75 74 49 48 36 56 95 59 62 60 15 
513-11-12 1?2.224 = 11 61 33 46 63 86 49 74 75 76 78 23 87 77 12 
stop
