start
396-0-1 1?1.877 = 0 55 39 34 62 94 45 76 59 42 30 95 90 88 72 1 
396-0-4 1?2.081 = 0 57 74 20 95 30 42 68 70 66 36 83 25 22 99 87 56 96 4 
396-0-7 1?2.473 = 0 57 20 74 95 30 42 59 76 69 70 66 36 83 25 80 58 78 40 33 7 
396-0-9 1?2.537 = 0 57 74 20 95 30 59 42 68 70 66 36 83 25 44 65 35 85 9 
396-0-10 1?2.515 = 0 55 39 34 53 79 16 47 93 71 38 84 98 19 41 29 67 64 49 10 
396-0-11 1?2.233 = 0 57 55 39 34 91 53 79 16 47 52 93 71 84 38 77 63 21 81 11 
396-0-2 1?1.832 = 0 57 55 39 62 94 45 76 59 42 30 95 90 88 48 2 
396-0-3 1?1.958 = 0 57 74 20 95 30 42 68 70 66 36 22 99 87 56 3 
396-0-8 1?2.43 = 0 57 74 20 95 30 59 42 68 70 66 36 83 25 44 65 35 43 8 
396-0-5 1?2.051 = 0 57 74 20 95 30 59 42 68 70 66 36 22 99 60 54 24 18 5 
396-0-6 1?2.429 = 0 57 74 20 95 30 59 42 68 70 66 36 22 99 60 54 27 37 28 6 
396-1-4 1?1.811 = 1 72 20 74 30 42 68 70 66 36 22 99 87 56 96 4 
396-1-3 1?1.902 = 1 72 20 74 95 30 42 68 70 66 36 22 99 87 56 3 
396-0-15 1?1.932 = 0 57 20 74 30 95 42 59 76 45 94 62 39 92 50 15 
396-0-14 1?2.026 = 0 57 74 20 95 30 42 59 76 94 45 23 91 53 79 14 
396-1-2 1?1.906 = 1 72 20 74 95 30 42 59 76 69 70 68 89 17 48 2 
396-1-6 1?2.28 = 1 72 20 74 95 30 42 68 70 66 36 22 99 60 54 27 37 28 6 
396-0-13 1?2.164 = 0 55 39 34 53 79 16 47 93 71 38 84 98 41 19 81 21 63 13 
396-0-12 1?2.112 = 0 57 55 92 39 62 91 53 79 16 47 93 71 38 84 77 63 21 81 12 
396-1-5 1?1.995 = 1 72 20 74 95 30 59 42 68 70 66 36 22 99 60 54 24 18 5 
396-1-7 1?2.395 = 1 72 20 74 95 30 59 42 68 70 66 36 22 99 97 80 58 78 40 33 7 
396-1-8 1?2.546 = 1 72 20 74 95 30 59 42 68 70 66 36 83 25 44 65 35 51 43 31 8 
396-2-4 1?1.788 = 2 48 90 95 30 42 68 70 66 36 22 99 87 56 96 4 
396-2-3 1?1.902 = 2 48 88 90 95 30 42 68 70 66 36 22 99 87 56 3 
396-1-14 1?2.257 = 1 72 20 74 95 30 42 59 76 94 45 61 73 86 93 47 16 14 
396-2-6 1?2.15 = 2 48 90 95 30 42 68 70 66 36 83 25 22 97 80 58 28 6 
396-2-5 1?1.755 = 2 48 17 89 68 70 66 36 22 99 60 27 54 24 18 5 
396-1-12 1?2.219 = 1 72 57 55 39 34 91 53 79 16 47 52 93 71 38 84 77 63 21 81 12 
396-1-13 1?2.114 = 1 72 20 74 95 30 42 59 94 45 61 73 86 16 47 93 71 52 13 
396-1-10 1?2.666 = 1 72 20 74 95 30 42 68 70 66 36 25 83 69 82 32 67 64 49 10 
396-1-11 1?2.44 = 1 72 20 74 95 30 42 59 94 45 61 26 75 46 29 41 19 98 21 81 11 
396-1-9 1?2.674 = 1 72 20 74 95 30 42 59 76 68 70 66 36 83 25 44 65 35 43 31 9 
396-1-15 1?2.019 = 1 72 20 74 95 30 42 59 76 94 45 61 73 23 91 53 50 15 
396-3-4 1?1.994 = 3 17 90 95 30 42 68 70 66 36 22 99 87 56 96 4 
396-2-14 1?2.228 = 2 48 90 95 30 42 59 94 45 61 73 86 84 71 93 47 16 14 
396-3-5 1?1.903 = 3 17 89 68 70 66 36 83 25 22 99 60 54 24 18 5 
396-2-13 1?2.114 = 2 48 88 90 95 30 42 59 94 45 61 73 86 16 47 93 71 52 13 
396-2-9 1?2.573 = 2 48 88 90 95 30 42 59 76 68 70 66 36 83 25 44 65 35 85 9 
396-2-11 1?2.494 = 2 48 88 90 95 30 42 59 76 94 45 61 26 75 46 29 41 19 98 21 81 11 
396-2-10 1?2.747 = 2 48 88 90 95 30 42 59 94 45 61 26 75 46 29 41 19 67 64 49 10 
396-2-12 1?2.344 = 2 48 88 95 30 42 59 94 45 61 73 86 16 47 93 71 38 84 77 63 12 
396-2-15 1?2.081 = 2 48 88 90 95 30 42 59 76 45 94 74 20 57 55 92 50 15 
396-2-7 1?2.302 = 2 48 88 90 95 30 42 68 70 66 36 22 99 97 80 58 78 40 33 7 
396-2-8 1?2.434 = 2 48 88 90 95 30 59 42 68 70 66 36 83 25 44 65 35 43 31 8 
396-4-5 1?1.869 = 4 96 56 89 68 70 66 36 22 99 60 27 54 24 18 5 
396-3-14 1?2.434 = 3 17 90 95 30 42 59 94 45 61 73 86 84 71 93 47 16 14 
396-3-6 1?2.327 = 3 17 89 68 70 66 36 83 25 22 99 60 24 54 27 37 28 6 
396-3-9 1?2.815 = 3 17 90 95 30 42 59 76 69 70 66 36 83 25 44 65 35 43 31 9 
396-3-10 1?2.82 = 3 56 87 99 22 66 70 68 42 30 59 94 45 82 32 67 64 49 10 
396-3-12 1?2.519 = 3 17 90 95 30 42 59 94 45 61 73 86 16 47 93 71 38 84 77 63 12 
396-3-7 1?2.427 = 3 17 90 95 30 59 42 68 70 66 36 22 97 80 58 78 40 33 7 
396-3-11 1?2.729 = 3 48 88 90 95 30 42 59 76 94 45 61 26 75 46 29 41 19 98 21 81 11 
396-3-13 1?2.402 = 3 17 90 95 30 42 59 94 45 61 26 46 29 41 19 98 84 38 71 93 52 13 
396-3-15 1?2.287 = 3 56 87 99 22 36 66 70 68 42 30 95 20 74 57 55 92 50 15 
396-3-8 1?2.631 = 3 17 90 95 30 59 42 68 70 66 36 83 25 65 35 51 43 31 8 
396-5-6 1?1.977 = 5 18 24 54 27 60 99 22 36 66 83 25 80 58 28 6 
396-4-6 1?2.15 = 4 24 54 27 60 87 99 22 36 66 83 25 80 58 28 6 
396-4-14 1?2.417 = 4 96 56 87 99 22 36 66 70 68 42 30 59 76 94 45 61 73 79 14 
396-4-11 1?2.574 = 4 96 56 87 99 22 36 66 70 69 82 26 46 29 41 19 98 21 81 11 
396-4-10 1?2.735 = 4 96 56 87 99 22 66 70 68 42 59 94 45 82 32 67 64 49 10 
396-4-9 1?2.77 = 4 18 24 54 27 60 87 99 22 36 66 70 83 25 44 65 35 43 31 9 
396-4-12 1?2.438 = 4 96 56 87 99 22 36 66 83 69 82 26 75 46 29 41 19 98 21 81 12 
396-4-13 1?2.362 = 4 96 56 87 99 22 66 36 25 83 69 82 26 75 84 38 71 93 52 13 
396-4-7 1?2.422 = 4 18 24 54 27 60 99 22 36 66 70 83 25 80 58 78 40 33 7 
396-4-15 1?2.253 = 4 96 56 87 99 22 36 66 70 68 42 30 95 20 74 57 55 92 50 15 
396-4-8 1?2.622 = 4 18 24 54 27 60 87 99 22 36 66 70 83 25 44 65 35 43 31 8 
396-6-7 1?2.201 = 6 28 37 27 54 24 60 87 99 97 80 58 78 40 33 7 
396-5-7 1?1.934 = 5 18 24 54 27 60 87 99 22 97 80 58 78 40 33 7 
396-5-9 1?2.359 = 5 18 24 54 27 60 87 99 22 36 66 83 25 44 65 35 85 9 
396-5-11 1?2.479 = 5 18 24 54 27 60 99 22 36 66 83 82 26 75 46 41 19 11 
396-5-14 1?2.325 = 5 18 24 54 27 60 99 22 36 66 70 68 42 30 59 94 23 79 14 
396-6-8 1?2.438 = 6 28 37 27 54 24 60 99 97 80 44 35 51 43 31 8 
396-5-10 1?2.471 = 5 18 24 54 27 60 99 22 36 66 70 69 82 32 67 64 49 10 
396-5-12 1?2.32 = 5 18 24 54 27 60 99 22 36 66 83 82 26 46 29 41 19 98 21 12 
396-5-13 1?2.244 = 5 18 24 54 27 60 99 22 36 83 82 26 75 84 38 71 93 52 13 
396-5-8 1?2.23 = 5 18 24 54 27 60 87 99 22 36 66 83 25 44 35 43 31 8 
396-5-15 1?2.241 = 5 18 24 54 27 60 99 22 36 66 70 68 42 30 74 57 55 92 50 15 
396-7-10 1?2.642 = 7 33 40 51 35 65 32 46 29 41 98 19 67 64 49 10 
396-7-9 1?2.549 = 7 33 40 78 58 80 97 22 66 83 25 44 65 35 85 9 
396-6-9 1?2.552 = 6 28 37 18 24 54 27 60 99 97 80 44 65 35 85 9 
396-7-11 1?2.569 = 7 33 40 51 35 65 32 29 41 19 98 84 38 77 63 21 81 11 
396-6-11 1?2.737 = 6 28 58 80 25 36 66 70 69 82 26 46 29 41 19 98 21 81 11 
396-7-8 1?2.434 = 7 33 40 78 58 80 97 22 36 66 83 25 44 35 43 31 8 
396-6-10 1?2.818 = 6 28 37 27 54 60 99 22 36 66 70 69 82 32 67 64 49 10 
396-6-12 1?2.608 = 6 28 58 80 25 83 36 66 70 69 82 26 75 46 29 41 19 98 21 81 12 
396-6-14 1?2.655 = 6 28 58 80 25 83 36 66 70 68 42 95 30 59 94 45 61 73 79 14 
396-6-13 1?2.607 = 6 28 58 80 25 83 82 26 75 46 29 41 19 98 84 38 71 93 47 52 13 
396-6-15 1?2.555 = 6 28 58 80 25 83 36 66 70 68 42 59 30 95 20 74 57 55 92 50 15 
396-8-12 1?2.227 = 8 43 85 67 29 41 19 98 84 93 71 38 77 63 21 12 
396-8-11 1?2.467 = 8 31 85 67 19 41 98 84 93 71 38 77 63 21 81 11 
396-8-9 1?2.846 = 8 31 43 35 44 80 97 99 22 66 70 83 25 65 85 9 
396-8-10 1?2.737 = 8 43 35 44 25 83 36 66 70 69 82 32 67 64 49 10 
396-7-12 1?2.38 = 7 33 40 51 35 65 32 46 29 41 19 98 84 93 71 38 77 63 12 
396-8-13 1?2.372 = 8 31 43 35 65 32 29 46 41 19 98 21 63 77 84 71 93 52 13 
396-7-14 1?2.519 = 7 33 40 51 35 65 32 29 41 19 98 77 38 84 71 93 52 47 16 14 
396-8-14 1?2.571 = 8 31 43 35 65 32 29 41 19 98 21 63 77 84 38 71 93 47 16 14 
396-7-13 1?2.466 = 7 33 40 51 35 65 32 29 41 19 98 21 63 77 84 38 71 93 47 52 13 
396-8-15 1?2.584 = 8 43 35 44 25 83 36 66 70 68 42 30 95 20 74 57 55 92 50 15 
396-7-15 1?2.52 = 7 33 40 78 58 80 25 83 36 66 70 68 42 30 74 57 55 92 50 15 
396-9-12 1?2.09 = 9 49 64 67 29 46 41 19 98 84 93 71 38 77 63 12 
396-10-12 1?1.844 = 10 49 64 67 29 46 41 19 98 84 93 71 38 77 63 12 
396-10-13 1?1.722 = 10 49 64 67 29 46 75 41 19 98 84 38 71 93 52 13 
396-9-11 1?2.373 = 9 49 64 67 19 98 84 71 93 52 38 77 63 21 81 11 
396-10-11 1?2.127 = 10 49 64 67 19 98 84 71 93 52 38 77 63 21 81 11 
396-9-10 1?2.763 = 9 49 64 67 19 98 84 71 93 52 38 77 63 21 81 11 10 
396-9-13 1?2.432 = 9 10 49 64 67 29 46 75 41 19 98 84 71 38 52 93 16 47 13 
396-10-14 1?2.14 = 10 49 64 67 29 46 75 41 19 98 77 84 38 71 93 52 47 16 14 
396-9-14 1?2.507 = 9 49 64 67 29 41 19 98 81 21 63 77 84 93 71 38 52 47 16 14 
396-9-15 1?2.552 = 9 49 64 67 29 41 19 98 77 84 38 71 93 47 16 79 53 50 15 
396-10-15 1?2.394 = 10 49 64 67 29 46 41 19 98 77 84 38 71 93 47 16 79 53 50 15 
396-11-12 1?1.723 = 11 19 41 29 46 75 84 71 93 52 38 77 63 21 81 12 
396-11-13 1?1.707 = 11 19 29 46 75 41 98 81 21 63 77 84 71 93 52 13 
396-12-13 1?1.377 = 12 21 81 98 19 41 29 46 75 86 16 47 93 71 52 13 
396-13-14 1?1.496 = 13 52 71 38 77 98 19 41 29 46 75 84 93 47 16 14 
396-13-15 1?1.609 = 13 52 93 71 38 84 98 19 41 29 46 75 86 79 53 15 
396-12-14 1?1.565 = 12 63 21 81 98 19 41 29 46 75 84 38 71 93 47 16 14 
396-14-15 1?1.828 = 14 16 47 93 71 84 98 19 41 46 75 86 79 53 15 
396-11-14 1?2.215 = 11 81 21 63 52 93 71 38 84 98 19 41 29 46 75 86 16 47 14 
396-12-15 1?1.768 = 12 63 21 81 19 98 84 38 71 93 52 47 16 79 53 50 15 
396-11-15 1?2.091 = 11 81 21 98 19 41 29 46 75 84 38 71 93 47 16 79 53 50 15 
stop
