start
63-0-1 1?1.926 = 0 64 30 47 24 79 44 92 51 17 25 20 55 70 62 1 
63-0-2 1?1.724 = 0 20 55 70 58 98 34 40 89 16 93 50 36 77 2 
63-0-3 1?1.852 = 0 20 55 70 62 58 38 98 34 40 89 50 93 16 45 97 36 3 
63-0-4 1?1.959 = 0 20 55 70 58 38 98 34 40 89 50 93 16 45 52 74 39 4 
63-0-5 1?2.136 = 0 20 55 70 62 58 38 98 34 40 89 50 93 16 45 74 69 37 5 
63-0-6 1?2.324 = 0 20 55 70 62 58 38 98 34 40 89 50 93 16 45 74 69 37 76 6 
63-0-7 1?2.455 = 0 20 55 70 58 98 34 40 89 50 93 16 45 52 59 96 81 72 80 7 
63-0-8 1?2.655 = 0 20 55 70 62 58 98 34 88 48 82 32 42 73 99 67 41 35 8 
63-0-9 1?2.766 = 0 20 55 70 58 98 34 88 48 82 32 42 73 99 67 41 27 23 9 
63-0-10 1?2.962 = 0 20 55 70 58 98 34 40 89 50 93 16 48 82 29 86 46 28 85 10 
63-0-11 1?2.511 = 0 64 30 47 24 79 44 92 56 61 78 65 57 19 43 22 91 11 
63-0-12 1?2.498 = 0 1 62 58 70 55 20 25 17 51 92 56 61 57 78 65 66 95 12 
63-0-13 1?2.204 = 0 1 62 58 70 55 20 25 17 51 92 56 61 78 65 66 13 
63-0-14 1?2.252 = 0 1 62 58 70 55 20 87 90 25 17 51 92 44 79 63 14 
63-0-15 1?2.135 = 0 20 70 62 58 55 25 17 51 44 79 24 47 30 64 15 
63-1-2 1?1.443 = 1 62 70 55 98 34 40 89 50 16 93 36 77 38 2 
63-1-3 1?1.624 = 1 20 55 70 62 58 38 98 34 40 89 50 93 16 45 97 36 3 
63-1-4 1?1.643 = 1 20 55 70 62 58 38 98 34 40 89 50 93 16 45 74 39 4 
63-1-5 1?1.905 = 1 62 70 58 98 34 40 89 50 93 16 48 82 32 49 52 74 69 5 
63-1-6 1?2.107 = 1 62 70 58 98 34 40 89 50 93 16 48 82 32 49 52 69 37 76 6 
63-1-7 1?2.226 = 1 62 70 58 98 34 40 89 50 93 16 48 82 32 84 59 96 81 72 80 71 7 
63-1-8 1?2.362 = 1 62 70 58 98 34 40 89 50 93 45 52 59 96 81 72 33 31 35 8 
63-1-9 1?2.483 = 1 62 70 58 98 34 40 89 88 48 82 32 42 73 99 41 27 23 9 
63-1-10 1?2.554 = 1 62 58 70 55 20 25 17 51 92 56 61 78 65 57 19 43 54 10 
63-1-11 1?2.559 = 1 62 58 70 55 20 25 17 51 92 44 56 61 57 78 65 66 21 22 91 11 
63-1-12 1?2.375 = 1 62 58 70 55 20 87 90 25 17 51 92 44 61 57 65 78 66 95 12 
63-1-13 1?1.814 = 1 62 58 70 55 20 25 17 51 92 56 61 78 65 66 13 
63-1-14 1?1.862 = 1 62 58 70 55 20 87 90 25 17 51 92 44 79 63 14 
63-1-15 1?1.761 = 1 62 70 55 20 25 17 51 92 44 79 24 47 30 64 15 
63-2-3 1?1.42 = 2 38 58 62 70 55 98 34 40 89 50 16 93 36 3 
63-2-4 1?1.351 = 2 38 98 34 40 89 50 93 16 45 49 52 74 39 4 
63-2-5 1?1.51 = 2 38 98 34 40 89 50 93 16 45 39 74 69 37 5 
63-2-6 1?1.937 = 2 38 98 34 40 89 50 93 16 48 82 32 49 52 74 69 37 76 6 
63-2-7 1?2.019 = 2 38 98 34 40 89 50 93 16 48 82 32 42 73 99 67 41 31 71 7 
63-2-8 1?2.25 = 2 38 98 34 40 89 50 93 16 48 82 32 84 59 96 81 72 33 31 35 8 
63-2-9 1?2.32 = 2 38 98 34 40 89 50 93 16 48 82 32 42 73 99 67 41 27 23 9 
63-2-10 1?2.436 = 2 38 98 34 40 89 50 93 16 48 82 32 42 73 99 67 28 85 10 
63-2-11 1?2.601 = 2 38 98 34 40 89 50 93 16 48 82 32 42 73 99 67 28 85 54 94 11 
63-2-12 1?2.493 = 2 38 98 34 40 89 50 93 16 88 17 51 92 56 61 78 65 66 95 12 
63-2-13 1?2.393 = 2 38 98 34 40 89 50 93 16 88 17 51 92 56 61 57 65 78 66 13 
63-2-14 1?2.204 = 2 38 98 34 40 89 50 93 16 48 88 17 25 90 47 24 63 14 
63-2-15 1?1.846 = 2 38 40 34 98 58 62 70 55 20 87 90 47 30 64 15 
63-3-4 1?1.339 = 3 36 50 93 16 88 48 82 32 49 52 74 39 4 
63-3-5 1?1.514 = 3 36 50 93 16 88 48 82 32 49 52 74 69 5 
63-3-6 1?1.984 = 3 36 50 93 16 48 82 32 42 29 73 99 67 41 33 72 81 6 
63-3-7 1?1.962 = 3 36 50 93 16 45 52 49 32 84 59 96 81 72 33 80 31 71 7 
63-3-8 1?2.194 = 3 36 50 93 16 48 82 32 49 52 84 59 96 81 72 33 31 35 8 
63-3-9 1?2.381 = 3 36 50 93 16 88 68 48 82 32 42 73 99 67 86 46 28 27 23 9 
63-3-10 1?2.626 = 3 36 50 93 16 88 48 82 32 84 42 29 73 99 67 86 46 83 85 10 
63-3-11 1?2.609 = 3 36 50 93 16 88 68 48 82 32 42 29 53 75 18 19 43 22 91 11 
63-3-12 1?2.516 = 3 36 50 89 40 34 98 58 70 55 20 25 17 51 92 56 61 57 21 12 
63-3-13 1?2.395 = 3 36 89 40 34 98 58 62 70 55 20 25 17 51 92 56 61 78 65 66 13 
63-3-14 1?2.237 = 3 36 93 16 50 89 40 34 98 58 70 55 20 87 90 47 24 63 14 
63-3-15 1?1.997 = 3 36 93 16 50 89 40 34 98 38 58 62 70 55 20 87 64 30 15 
63-4-5 1?1.749 = 4 39 45 93 16 48 68 82 32 49 52 74 69 37 5 
63-4-6 1?1.805 = 4 39 74 52 49 32 42 73 99 67 41 60 81 33 72 6 
63-4-7 1?1.972 = 4 39 74 52 49 32 42 29 73 99 67 41 60 81 72 33 31 71 7 
63-4-8 1?2.263 = 4 39 74 52 49 32 84 42 73 99 67 41 60 81 72 33 80 31 35 8 
63-4-9 1?2.504 = 4 39 45 93 16 88 68 48 82 32 42 73 99 67 46 28 27 23 9 
63-4-10 1?2.661 = 4 39 45 93 16 88 68 48 82 32 42 73 99 67 86 46 83 85 10 
63-4-11 1?2.697 = 4 39 45 93 16 88 48 82 32 42 29 53 75 18 19 43 22 91 11 
63-4-12 1?2.608 = 4 39 74 52 49 32 42 29 53 75 26 92 56 61 57 78 65 66 95 12 
63-4-13 1?2.466 = 4 39 45 16 93 50 89 40 34 98 25 17 51 92 56 61 78 65 66 13 
63-4-14 1?2.366 = 4 39 45 16 93 50 89 40 34 98 58 62 70 55 20 87 47 24 63 14 
63-4-15 1?2.091 = 4 39 45 16 93 50 89 40 34 98 58 62 70 55 20 87 64 30 15 
63-5-6 1?1.938 = 5 37 76 96 59 84 42 29 73 99 67 41 60 33 72 6 
63-5-7 1?1.761 = 5 37 59 84 42 73 99 67 41 60 81 72 33 31 71 7 
63-5-8 1?2.254 = 5 69 37 59 84 42 73 99 67 41 33 81 72 80 31 71 35 8 
63-5-9 1?2.464 = 5 69 37 76 96 59 84 42 29 73 99 41 67 86 46 28 27 23 9 
63-5-10 1?2.688 = 5 37 69 74 52 49 32 84 42 29 73 99 41 67 46 83 85 10 
63-5-11 1?2.696 = 5 37 59 84 42 29 53 75 26 92 56 61 78 65 57 21 22 91 11 
63-5-12 1?2.625 = 5 69 37 59 84 42 29 53 75 26 92 56 61 57 78 65 66 95 12 
63-5-13 1?2.772 = 5 37 69 74 52 49 32 84 42 29 53 75 26 92 56 61 57 78 65 66 13 
63-5-14 1?2.704 = 5 69 74 45 16 93 50 89 40 34 98 58 62 70 55 20 87 90 47 63 14 
63-5-15 1?2.385 = 5 69 74 45 16 93 50 89 40 34 98 58 62 70 55 20 87 64 30 15 
63-6-7 1?1.935 = 6 76 37 59 84 42 29 73 99 41 33 72 80 71 7 
63-6-8 1?2.152 = 6 76 96 59 84 42 29 73 99 60 81 72 33 31 35 8 
63-6-9 1?2.287 = 6 81 72 33 60 41 67 99 73 42 29 53 46 28 27 23 9 
63-6-10 1?2.408 = 6 81 72 33 41 67 99 73 42 29 53 75 18 83 85 10 
63-6-11 1?2.755 = 6 81 72 33 60 41 67 99 73 42 29 53 75 18 19 43 54 22 91 11 
63-6-12 1?2.682 = 6 72 33 41 67 99 73 29 53 75 26 92 56 61 57 78 65 66 95 12 
63-6-13 1?2.624 = 6 72 81 60 41 67 99 73 42 29 53 75 26 92 56 61 57 65 78 66 13 
63-6-14 1?2.718 = 6 81 72 33 41 67 99 73 42 29 53 75 26 92 56 61 57 65 78 63 14 
63-6-15 1?2.589 = 6 76 37 69 74 45 16 93 50 89 40 34 98 58 70 55 20 87 64 15 
63-7-8 1?2.155 = 7 71 31 80 33 72 81 96 59 84 42 73 99 41 35 8 
63-7-9 1?2.119 = 7 71 31 80 33 72 81 60 41 99 67 46 83 28 27 23 9 
63-7-10 1?2.255 = 7 71 31 80 33 72 81 60 41 99 67 86 46 83 28 85 10 
63-7-11 1?2.472 = 7 71 31 80 33 72 81 60 41 99 67 86 46 83 19 43 22 91 11 
63-7-12 1?2.48 = 7 71 80 72 81 60 41 67 99 73 42 29 53 75 18 19 21 95 12 
63-7-13 1?2.409 = 7 71 80 72 33 41 67 99 73 29 53 75 26 56 61 78 65 66 13 
63-7-14 1?2.643 = 7 71 31 80 33 72 81 60 41 67 99 73 42 29 53 75 26 92 44 79 63 14 
63-7-15 1?2.59 = 7 71 31 80 72 33 41 67 99 73 29 53 75 26 92 44 79 24 47 30 64 15 
63-8-9 1?2.315 = 8 35 71 31 80 33 72 81 60 41 67 99 86 46 28 27 23 9 
63-8-10 1?2.542 = 8 35 31 33 72 81 60 41 67 99 73 29 86 46 83 85 10 
63-8-11 1?2.472 = 8 35 31 80 33 72 81 60 41 99 67 86 46 28 85 54 94 11 
63-8-12 1?2.715 = 8 35 31 80 72 81 33 41 67 99 73 29 53 75 18 19 21 95 12 
63-8-13 1?2.624 = 8 35 31 33 72 81 60 99 73 29 53 75 26 56 61 78 65 66 13 
63-8-14 1?2.727 = 8 35 31 80 33 72 81 60 41 99 73 29 53 75 26 92 44 79 63 14 
63-8-15 1?2.706 = 8 35 31 33 41 99 73 42 29 53 75 26 92 44 79 24 47 30 64 15 
63-9-10 1?2.726 = 9 23 27 28 46 86 67 99 73 42 29 53 75 18 83 85 10 
63-9-11 1?2.682 = 9 23 27 28 46 67 99 73 29 53 75 18 19 43 22 91 11 
63-9-12 1?2.571 = 9 23 27 28 46 83 18 26 92 56 61 78 65 57 21 95 12 
63-9-13 1?2.517 = 9 23 27 28 46 83 18 26 92 44 56 61 57 78 65 66 13 
63-9-14 1?2.832 = 9 23 27 28 46 86 67 41 99 73 42 29 53 75 26 92 44 79 63 14 
63-9-15 1?2.777 = 9 23 27 28 46 86 67 99 73 29 53 75 26 92 44 79 24 47 30 64 15 
63-10-11 1?2.724 = 10 54 43 19 61 56 92 44 79 78 65 57 21 22 91 11 
63-10-12 1?2.796 = 10 11 91 22 43 19 56 44 79 61 57 78 65 66 21 95 12 
63-10-13 1?2.773 = 10 85 28 67 99 73 42 29 53 75 26 56 61 78 66 13 
63-10-14 1?2.786 = 10 94 54 43 19 57 65 78 61 56 44 79 24 47 30 64 15 63 14 
63-10-15 1?2.548 = 10 94 11 91 22 43 19 57 65 78 61 56 44 79 24 47 30 64 15 
63-11-12 1?2.357 = 11 91 22 43 19 57 61 56 44 79 78 65 66 21 95 12 
63-11-13 1?2.67 = 11 91 22 43 19 56 44 79 61 57 65 78 66 21 95 13 
63-11-14 1?2.433 = 11 91 22 43 19 57 65 78 61 56 92 44 79 24 47 63 14 
63-11-15 1?2.221 = 11 91 22 21 95 66 65 78 57 61 56 44 79 24 47 30 64 15 
63-12-13 1?2.71 = 12 95 21 57 65 78 61 56 44 79 24 47 30 64 15 63 66 13 
63-12-14 1?2.324 = 12 95 21 66 65 78 57 61 56 44 79 24 47 30 64 15 63 14 
63-12-15 1?2.245 = 12 91 22 43 19 57 65 78 61 56 44 79 24 47 30 64 15 
63-13-14 1?2.213 = 13 66 65 78 57 61 56 92 44 79 24 47 30 64 15 63 14 
63-13-15 1?2.084 = 13 66 65 78 57 61 56 92 51 17 25 90 87 30 64 15 
63-14-15 1?2.039 = 14 63 66 65 78 57 61 56 92 44 79 24 47 30 64 15 
stop
