start
96-0-2 1?1.644 = 0 26 49 46 98 60 37 74 87 65 16 17 58 89 84 21 2 
96-0-1 1?2.004 = 0 26 46 98 60 37 74 87 65 16 17 58 89 96 94 1 
96-0-3 1?1.882 = 0 26 46 98 37 60 68 74 87 65 16 17 58 89 21 3 
96-0-6 1?2.438 = 0 26 49 46 98 60 68 61 32 75 66 62 47 22 50 76 38 6 
96-0-8 1?2.624 = 0 26 46 98 37 60 68 61 57 79 56 45 39 67 30 99 82 29 59 8 
96-0-10 1?2.549 = 0 26 49 77 63 40 31 25 52 80 23 72 93 95 33 28 41 73 10 
96-0-7 1?2.603 = 0 26 46 98 60 68 61 32 75 66 62 71 47 48 69 51 22 50 85 44 7 
96-0-9 1?2.555 = 0 26 49 46 98 37 60 68 61 57 79 56 45 39 67 30 99 82 29 9 
96-0-11 1?2.396 = 0 26 46 98 60 68 90 86 92 52 80 72 93 95 33 28 53 11 
96-0-4 1?1.996 = 0 26 46 98 60 74 87 65 16 17 89 58 54 88 18 4 
96-0-5 1?2.462 = 0 26 46 98 37 60 68 74 87 65 16 17 89 58 54 88 18 55 5 
96-1-4 1?2.064 = 1 96 94 98 60 74 87 65 16 17 89 58 54 88 18 4 
96-1-2 1?1.711 = 1 96 94 37 60 68 74 87 65 16 17 58 89 84 21 2 
96-1-3 1?1.816 = 1 96 94 46 98 60 37 74 87 65 16 17 58 89 84 3 
96-0-15 1?2.01 = 0 26 49 46 98 60 37 74 87 75 32 61 90 34 77 15 
96-0-14 1?1.975 = 0 26 49 46 98 60 68 90 86 92 52 80 25 31 14 
96-1-5 1?2.472 = 1 96 94 98 60 37 74 87 65 16 17 89 84 58 54 88 18 55 5 
96-1-8 1?2.594 = 1 96 94 37 60 68 32 61 57 79 56 45 39 67 30 99 82 59 8 
96-0-13 1?2.178 = 0 26 46 98 37 60 68 32 61 90 86 92 52 80 23 72 93 13 
96-1-7 1?2.627 = 1 96 94 37 60 68 61 32 75 66 62 71 47 48 69 51 22 50 85 44 7 
96-1-6 1?2.436 = 1 94 37 60 68 61 32 75 66 62 71 47 69 51 50 76 38 6 
96-0-12 1?2.331 = 0 20 46 98 37 60 68 32 61 57 79 86 92 52 80 23 72 93 95 12 
96-2-4 1?1.916 = 2 21 84 89 58 17 16 65 87 75 66 70 54 88 18 4 
96-2-3 1?2.07 = 2 96 94 98 60 68 61 32 75 87 65 16 17 58 3 
96-1-10 1?2.648 = 1 96 16 65 87 74 37 60 68 61 57 79 56 45 39 67 41 73 10 
96-1-14 1?2.021 = 1 96 94 98 37 60 68 90 86 92 52 80 25 31 14 
96-2-5 1?2.332 = 2 21 84 89 58 17 16 65 87 75 66 70 54 24 88 18 55 5 
96-1-9 1?2.516 = 1 96 94 37 60 68 32 61 57 79 56 45 39 67 30 99 82 29 9 
96-1-15 1?2.09 = 1 94 96 89 58 17 16 65 87 74 37 60 98 46 49 15 
96-2-6 1?2.326 = 2 21 84 89 58 17 16 70 66 62 71 47 48 69 51 50 76 38 6 
96-1-13 1?2.271 = 1 96 94 37 60 68 32 61 90 86 92 52 80 23 72 93 95 13 
96-1-12 1?2.404 = 1 96 94 37 60 68 32 61 90 34 83 86 92 52 80 23 72 93 95 12 
96-1-11 1?2.482 = 1 96 94 37 60 68 90 86 92 52 80 23 72 93 95 33 28 53 11 
96-3-4 1?2.061 = 3 21 84 89 58 17 16 65 87 75 66 70 54 88 18 4 
96-3-5 1?2.195 = 3 21 84 89 58 17 16 65 87 70 54 24 88 18 55 5 
96-2-10 1?2.506 = 2 21 84 89 58 17 16 65 87 75 32 61 57 79 56 45 41 73 10 
96-2-15 1?1.763 = 2 21 84 89 58 17 16 65 87 74 60 68 90 34 77 15 
96-2-9 1?2.478 = 2 21 84 89 58 17 16 65 87 75 32 27 81 45 39 67 30 82 29 9 
96-2-7 1?2.441 = 2 21 84 89 58 17 16 65 87 66 62 71 47 48 69 51 22 50 85 44 7 
96-2-8 1?2.557 = 2 21 84 89 58 17 16 65 87 74 37 60 68 75 66 62 47 48 43 64 35 8 
96-2-14 1?2.044 = 2 21 84 89 58 17 16 65 87 74 37 60 68 61 90 34 83 40 14 
96-2-13 1?2.102 = 2 21 84 89 58 17 16 65 87 74 37 60 90 86 92 52 80 72 93 13 
96-2-12 1?2.189 = 2 21 84 89 17 16 65 87 74 37 60 68 90 86 92 52 80 72 93 95 12 
96-2-11 1?2.364 = 2 21 84 89 58 17 16 65 87 74 37 60 68 61 57 79 56 28 53 11 
96-4-5 1?2.163 = 4 18 88 54 24 62 71 47 48 69 51 50 76 38 42 5 
96-3-10 1?2.577 = 3 84 89 58 17 16 65 87 74 37 60 68 61 32 27 81 45 41 73 10 
96-3-7 1?2.466 = 3 84 89 58 17 16 70 54 88 18 55 42 38 76 50 85 44 7 
96-3-6 1?2.357 = 3 84 89 58 17 16 65 87 66 62 71 47 48 69 51 50 76 6 
96-3-8 1?2.59 = 3 84 89 58 17 16 65 74 37 60 68 75 66 62 71 47 48 43 64 35 8 
96-3-9 1?2.557 = 3 84 89 58 17 16 65 74 37 60 68 61 57 79 56 45 39 67 30 9 
96-3-11 1?2.444 = 3 84 89 58 17 16 65 87 74 37 60 68 61 57 79 56 28 33 53 11 
96-3-15 1?2.241 = 3 21 84 89 58 17 16 65 87 75 32 61 68 60 37 98 46 49 15 
96-3-14 1?2.323 = 3 21 89 58 17 16 65 87 74 37 60 68 90 86 92 52 80 25 31 14 
96-3-13 1?2.339 = 3 21 84 89 58 17 16 65 87 74 60 68 90 86 92 52 80 23 72 93 13 
96-3-12 1?2.424 = 3 21 84 89 58 17 16 65 87 74 60 68 90 86 92 52 80 23 72 93 95 12 
96-4-7 1?2.103 = 4 18 88 54 24 55 42 38 76 50 22 69 51 85 44 7 
96-4-6 1?2.192 = 4 18 88 54 24 55 42 38 76 50 22 69 51 44 85 6 
96-5-6 1?2.187 = 5 42 38 76 50 22 51 69 48 43 64 59 35 78 44 85 6 
96-4-8 1?2.246 = 4 18 88 54 24 55 42 38 76 50 22 51 69 48 43 64 35 8 
96-4-10 1?2.81 = 4 18 88 54 70 87 74 37 60 68 61 32 27 81 45 39 67 41 73 10 
96-4-12 1?2.435 = 4 18 88 54 70 87 74 37 60 68 90 86 92 52 80 23 72 93 95 12 
96-4-9 1?2.557 = 4 18 88 54 24 55 42 38 76 50 22 51 69 48 43 64 35 59 82 29 9 
96-4-11 1?2.663 = 4 18 88 54 70 87 74 37 60 68 90 86 92 52 80 23 33 28 53 11 
96-4-14 1?2.56 = 4 18 88 58 89 17 16 65 87 74 37 60 68 90 86 92 52 80 25 31 14 
96-4-15 1?2.566 = 4 18 88 54 58 89 17 16 65 87 74 37 60 68 32 61 57 90 34 77 15 
96-4-13 1?2.571 = 4 18 88 58 89 17 16 65 87 74 37 60 68 90 86 92 52 80 23 72 93 13 
96-6-7 1?1.97 = 6 38 76 50 22 51 69 48 43 64 35 59 82 29 8 78 7 
96-5-7 1?2.018 = 5 42 38 76 22 50 51 69 48 43 64 59 35 78 44 7 
96-6-8 1?1.976 = 6 38 76 22 50 51 69 48 43 64 19 99 30 82 29 59 8 
96-5-10 1?2.567 = 5 42 38 76 50 22 51 69 48 43 64 35 59 82 99 30 41 73 10 
96-5-8 1?2.272 = 5 42 38 76 50 85 44 51 69 48 43 64 19 99 30 82 59 8 
96-5-9 1?2.574 = 5 42 38 76 22 50 85 44 51 69 48 43 64 35 59 99 30 82 29 9 
96-5-12 1?2.581 = 5 55 88 54 70 87 74 37 60 68 90 86 92 52 80 72 93 95 12 
96-5-14 1?2.737 = 5 55 24 54 70 87 74 37 60 68 61 57 79 36 23 80 52 25 31 14 
96-5-11 1?2.614 = 5 42 38 76 50 22 51 69 48 43 64 19 99 30 73 41 28 33 53 11 
96-5-13 1?2.71 = 5 55 88 54 70 87 74 37 60 68 32 61 90 86 92 52 80 72 93 13 
96-5-15 1?2.663 = 5 55 24 54 58 89 17 16 65 87 74 37 60 68 32 61 90 34 77 15 
96-7-8 1?1.958 = 7 44 85 50 76 22 51 69 48 43 64 78 35 59 82 29 8 
96-7-10 1?2.397 = 7 44 85 50 22 51 69 48 43 64 35 59 29 82 99 30 41 73 10 
96-7-9 1?2.333 = 7 44 85 6 38 76 22 50 51 69 47 91 48 43 64 35 59 82 29 9 
96-6-9 1?2.403 = 6 38 76 22 50 85 44 51 69 48 47 71 62 91 43 64 35 59 29 9 
96-6-10 1?2.443 = 6 38 76 50 22 51 69 48 43 64 19 99 30 67 39 45 41 73 10 
96-6-12 1?2.459 = 6 38 76 50 22 51 69 48 43 64 19 99 30 73 41 97 28 33 53 12 
96-7-11 1?2.51 = 7 44 85 50 76 22 51 69 48 43 64 19 99 30 73 41 28 33 53 11 
96-6-14 1?2.502 = 6 38 76 50 22 51 69 48 91 39 45 56 36 23 80 52 25 31 14 
96-6-11 1?2.577 = 6 38 76 22 50 85 44 51 69 48 43 64 19 99 30 73 41 28 33 53 11 
96-6-13 1?2.63 = 6 38 76 50 22 51 69 48 43 19 99 30 67 39 45 56 36 23 72 93 13 
96-6-15 1?2.671 = 6 38 76 50 22 51 69 48 47 71 62 66 75 32 61 68 60 98 46 49 15 
96-8-10 1?2.304 = 8 35 64 43 48 69 51 50 22 71 47 91 19 99 30 73 10 
96-8-9 1?2.213 = 8 7 44 85 50 76 22 51 69 48 43 64 78 35 59 82 29 9 
96-8-11 1?2.319 = 8 35 78 44 85 51 69 48 43 64 19 99 30 73 41 97 11 
96-8-12 1?2.407 = 8 59 99 30 67 39 45 56 79 86 92 52 80 23 72 93 95 12 
96-7-12 1?2.538 = 7 44 51 69 48 43 19 39 45 56 79 86 92 52 80 72 93 95 12 
96-8-13 1?2.479 = 8 35 64 19 99 30 67 39 45 56 79 86 92 52 80 23 72 93 13 
96-8-14 1?2.653 = 8 35 64 43 19 99 30 67 39 45 81 56 79 86 92 52 80 25 31 14 
96-7-13 1?2.667 = 7 44 51 69 48 43 64 19 99 30 67 39 45 56 36 23 80 52 25 31 13 
96-7-14 1?2.642 = 7 44 51 69 48 43 64 19 99 30 67 39 45 56 36 23 80 52 25 31 14 
96-8-15 1?2.656 = 8 59 82 99 30 67 39 45 56 79 57 61 32 68 60 98 46 49 15 
96-7-15 1?2.804 = 7 44 51 69 48 43 19 67 39 45 56 79 57 61 68 60 37 98 46 49 15 
96-10-12 1?2.169 = 10 73 41 28 33 72 23 36 80 52 31 25 93 95 12 
96-9-10 1?2.276 = 9 29 82 59 35 64 43 48 69 47 91 19 99 30 41 73 10 
96-9-12 1?2.176 = 9 29 82 30 67 39 45 56 36 52 80 72 93 95 12 
96-10-11 1?2.487 = 10 73 41 28 33 23 80 52 31 25 72 93 95 12 53 11 
96-9-11 1?2.235 = 9 29 82 59 35 64 43 48 47 91 19 99 30 73 41 97 11 
96-10-13 1?2.287 = 10 73 41 97 28 53 33 95 93 72 80 23 36 52 25 31 13 
96-9-13 1?2.323 = 9 29 82 99 30 67 39 45 56 36 23 72 80 52 25 31 13 
96-10-14 1?2.623 = 10 73 41 28 33 53 12 95 93 72 23 36 80 52 92 86 83 40 63 14 
96-9-14 1?2.414 = 9 29 82 99 30 67 39 45 56 79 36 23 72 80 52 25 31 14 
96-10-15 1?2.569 = 10 73 41 97 28 53 33 95 93 72 23 36 80 52 25 31 40 63 15 
96-9-15 1?2.643 = 9 29 82 99 30 67 39 45 56 79 57 61 32 68 60 37 98 46 49 15 
96-11-12 1?2.13 = 11 53 28 33 72 80 52 92 86 40 31 25 93 95 12 
96-12-14 1?1.853 = 12 53 28 33 95 93 72 23 80 52 25 31 40 63 14 
96-13-14 1?2.092 = 13 95 93 72 23 80 52 92 86 83 34 77 63 40 31 14 
96-12-13 1?1.966 = 12 53 28 33 95 93 72 23 36 80 52 40 31 25 13 
96-11-13 1?2.041 = 11 53 28 33 95 93 72 23 36 80 52 92 40 31 25 13 
96-14-15 1?2.088 = 14 31 25 80 52 92 86 83 90 68 60 98 46 49 15 
96-13-15 1?1.985 = 13 93 72 23 80 52 92 86 90 68 60 98 46 49 15 
96-11-14 1?2.477 = 11 53 28 33 95 93 72 23 36 80 52 92 86 83 34 77 63 40 14 
96-11-15 1?2.526 = 11 97 73 41 28 53 33 95 93 72 23 80 52 25 31 40 63 77 15 
96-12-15 1?2.284 = 12 95 93 72 23 80 52 92 86 90 61 32 68 60 98 46 49 15 
stop
