start
240-0-2 1?2.156 = 0 96 56 78 52 20 40 33 32 82 17 48 75 90 84 2 
240-0-1 1?1.842 = 0 96 56 78 52 20 40 33 32 82 17 48 90 75 1 
240-0-3 1?2.314 = 0 96 56 78 33 32 82 48 75 90 84 36 83 91 77 38 3 
240-0-6 1?2.526 = 0 96 56 78 52 40 20 28 63 45 30 47 29 31 88 26 94 53 6 
240-0-7 1?2.593 = 0 96 56 78 40 20 23 85 93 69 24 64 43 97 67 27 49 76 7 
240-0-11 1?2.316 = 0 96 56 78 52 40 20 23 85 93 58 70 46 86 44 71 72 50 11 
240-0-5 1?2.491 = 0 96 56 78 33 32 55 35 63 45 30 57 59 51 95 42 79 80 5 
240-0-4 1?2.427 = 0 96 56 78 33 32 55 35 63 45 30 57 59 51 95 42 79 62 4 
240-0-8 1?2.469 = 0 96 56 78 40 20 23 85 93 69 24 64 54 99 87 89 39 22 92 8 
240-0-9 1?2.394 = 0 96 56 78 52 40 20 23 70 58 85 93 69 24 64 54 99 87 41 9 
240-0-10 1?2.307 = 0 96 56 78 40 20 23 70 58 85 93 69 24 64 54 99 87 41 21 10 
240-0-14 1?1.96 = 0 96 56 78 52 40 20 23 85 93 58 70 46 86 14 
240-1-2 1?2.083 = 1 75 90 48 17 56 78 52 20 40 33 32 82 36 2 
240-0-13 1?1.854 = 0 96 56 78 52 40 20 23 85 93 58 70 46 86 13 
240-0-15 1?1.795 = 0 96 75 90 48 17 56 78 52 40 20 60 98 15 
240-1-3 1?2.082 = 1 75 90 48 17 56 78 33 32 55 74 91 38 77 3 
240-0-12 1?2.148 = 0 96 56 78 52 40 20 23 70 85 93 58 71 44 72 50 12 
240-1-6 1?2.565 = 1 84 36 83 91 77 38 95 42 51 59 57 31 88 26 94 53 66 6 
240-1-7 1?2.689 = 1 75 90 48 17 56 78 33 32 55 35 63 45 30 29 67 27 49 76 7 
240-1-8 1?2.66 = 1 90 48 17 56 78 40 20 23 85 93 69 24 64 89 34 39 22 65 92 8 
240-1-4 1?2.453 = 1 75 90 48 17 56 78 33 32 82 55 74 95 51 42 79 62 4 
240-1-5 1?2.565 = 1 75 90 48 17 56 78 33 32 55 35 57 59 51 42 79 80 5 
240-1-14 1?2.226 = 1 75 90 48 17 56 78 40 20 23 70 85 93 58 46 86 14 
240-1-13 1?2.085 = 1 75 90 48 17 56 78 40 20 23 86 46 70 58 71 44 13 
240-2-3 1?2.307 = 2 84 90 75 48 17 56 78 33 32 55 74 91 77 3 
240-2-6 1?2.29 = 2 36 83 91 77 38 95 42 51 59 57 31 81 88 26 94 53 6 
240-1-15 1?2.137 = 1 75 90 48 17 32 33 40 20 52 60 98 78 56 61 15 
240-2-4 1?2.471 = 2 36 82 32 55 35 63 45 30 57 59 51 95 42 79 62 4 
240-1-11 1?2.411 = 1 75 90 48 17 56 78 52 40 20 23 86 46 70 85 58 37 72 50 11 
240-1-12 1?2.348 = 1 75 90 48 17 56 78 52 40 20 23 70 58 85 93 37 72 50 12 
240-2-5 1?2.415 = 2 83 91 77 38 95 42 51 59 57 31 88 26 94 53 66 80 5 
240-1-9 1?2.454 = 1 90 48 17 56 78 40 20 23 85 93 69 24 64 54 87 99 21 41 9 
240-1-10 1?2.449 = 1 75 48 17 56 78 40 20 23 85 93 69 24 64 54 99 87 41 21 10 
240-2-14 1?2.557 = 2 84 90 75 48 17 56 78 98 60 52 40 20 23 70 46 86 14 
240-2-13 1?2.523 = 2 84 90 75 48 17 56 78 52 40 20 23 85 58 70 46 86 44 13 
240-3-5 1?2.063 = 3 77 38 95 42 51 59 57 31 88 26 94 53 66 80 5 
240-3-4 1?2.353 = 3 77 38 95 42 51 59 57 31 88 26 53 66 80 62 4 
240-2-15 1?2.348 = 2 36 84 90 75 48 17 56 78 33 40 20 52 60 98 61 15 
240-2-8 1?2.499 = 2 36 91 77 38 95 42 51 59 57 29 67 27 19 25 92 22 65 8 
240-2-7 1?2.476 = 2 36 83 91 77 38 95 42 51 59 57 31 88 26 53 94 76 7 
240-2-11 1?2.562 = 2 84 90 75 48 17 56 78 52 40 20 23 70 46 86 44 72 50 11 
240-2-12 1?2.568 = 2 84 90 75 48 17 56 78 52 40 20 23 86 46 70 85 58 71 44 12 
240-2-9 1?2.465 = 2 36 83 91 77 38 95 42 51 59 57 29 67 27 19 25 92 22 65 9 
240-2-10 1?2.638 = 2 36 82 32 33 40 20 23 70 58 85 93 69 24 64 87 99 21 10 
240-3-13 1?2.409 = 3 77 38 95 42 51 59 57 45 30 47 68 93 85 58 70 46 86 13 
240-3-14 1?2.518 = 3 77 38 91 83 36 84 90 75 48 17 56 78 40 20 52 60 14 
240-3-6 1?2.107 = 3 38 77 91 95 42 51 59 57 31 81 88 26 94 53 66 6 
240-4-5 1?2.03 = 4 62 79 42 95 51 59 57 31 88 26 94 53 66 80 5 
240-3-8 1?2.321 = 3 77 91 38 95 42 51 59 57 29 67 27 19 73 25 92 22 65 8 
240-3-7 1?2.411 = 3 77 38 91 95 42 51 59 57 31 88 26 53 94 81 76 49 7 
240-3-12 1?2.559 = 3 77 38 95 42 51 59 57 45 30 47 68 93 85 58 70 46 86 44 12 
240-3-11 1?2.63 = 3 77 38 95 42 51 59 57 29 67 97 34 89 41 21 87 99 16 11 
240-3-15 1?2.411 = 3 77 38 91 83 36 84 90 75 48 17 56 78 40 20 52 98 15 
240-3-9 1?2.548 = 3 77 91 38 95 42 51 59 57 31 29 67 97 27 19 73 25 92 22 65 9 
240-3-10 1?2.755 = 3 77 91 38 95 42 51 59 57 29 67 97 34 89 41 21 87 99 54 16 10 
240-4-6 1?1.976 = 4 62 79 42 95 51 59 57 29 31 88 94 26 53 66 6 
240-5-6 1?2.168 = 5 80 62 79 42 95 51 59 57 29 31 81 88 26 53 6 
240-4-14 1?2.75 = 4 62 79 42 95 51 59 57 45 30 47 18 24 69 93 85 58 70 46 86 14 
240-4-13 1?2.707 = 4 62 79 42 95 51 59 57 45 30 47 18 64 24 69 93 85 58 71 44 13 
240-4-7 1?2.422 = 4 62 79 42 95 51 59 57 29 67 27 49 76 81 88 26 53 94 7 
240-4-8 1?2.334 = 4 62 79 42 95 51 59 57 29 27 67 97 73 19 25 92 22 65 8 
240-4-15 1?2.6 = 4 38 77 91 36 84 90 75 48 17 56 78 40 20 52 60 98 15 
240-4-11 1?2.676 = 4 62 79 42 95 51 59 57 45 30 47 18 64 54 99 87 41 21 16 11 
240-4-12 1?2.719 = 4 62 79 42 95 51 59 57 45 30 47 18 64 24 69 93 85 58 71 44 12 
240-4-9 1?2.534 = 4 38 77 91 95 42 51 59 57 31 29 67 27 19 73 25 92 22 65 9 
240-4-10 1?2.731 = 4 62 79 42 95 51 59 57 29 67 27 19 25 92 22 65 39 34 89 41 21 10 
240-6-7 1?2.109 = 6 53 94 26 88 81 31 29 67 27 97 73 25 19 49 76 7 
240-5-7 1?2.127 = 5 80 66 53 94 26 88 31 29 67 97 73 19 27 49 76 7 
240-5-8 1?1.934 = 5 80 66 53 94 26 88 31 29 67 27 19 25 92 22 65 8 
240-6-8 1?1.838 = 6 66 53 94 26 88 31 29 67 27 19 73 25 92 22 65 8 
240-5-13 1?2.658 = 5 80 66 53 94 26 88 31 29 67 97 43 64 24 69 93 85 58 71 44 13 
240-5-14 1?2.773 = 5 80 66 53 94 88 31 29 67 97 43 64 24 69 93 85 58 70 46 86 14 
240-5-12 1?2.59 = 5 80 79 42 95 51 59 57 45 30 47 68 93 85 58 70 46 86 44 12 
240-5-15 1?2.664 = 5 80 79 42 95 51 59 57 30 45 63 35 55 32 33 40 20 52 98 15 
240-5-11 1?2.665 = 5 80 66 53 94 26 88 81 31 29 67 97 34 89 41 21 99 87 54 16 11 
240-5-9 1?2.519 = 5 80 66 53 94 26 88 31 29 67 97 34 89 87 99 21 41 39 92 65 9 
240-5-10 1?2.586 = 5 80 66 26 53 94 88 81 31 29 67 97 43 64 54 99 87 89 41 21 10 
240-7-8 1?2.066 = 7 49 76 94 53 26 88 31 29 67 27 19 25 92 22 65 8 
240-7-9 1?1.95 = 7 76 94 53 26 88 31 29 67 27 19 73 25 92 22 65 9 
240-7-11 1?2.471 = 7 49 27 97 34 89 87 99 54 64 24 69 93 85 58 37 72 50 11 
240-6-9 1?1.866 = 6 66 53 94 26 88 81 31 29 67 27 19 73 25 92 65 9 
240-6-13 1?2.486 = 6 53 94 26 88 31 29 67 97 34 89 87 99 54 64 24 69 37 71 44 13 
240-6-14 1?2.592 = 6 53 94 26 88 81 31 29 67 97 43 64 24 69 93 85 58 70 46 86 14 
240-7-10 1?2.059 = 7 76 81 31 29 67 97 43 64 54 99 87 89 41 21 10 
240-6-11 1?2.446 = 6 53 26 88 31 29 67 97 34 89 87 99 54 64 24 69 37 72 50 11 
240-6-12 1?2.416 = 6 53 94 26 88 31 29 67 97 34 89 87 99 54 64 24 69 37 72 12 
240-6-15 1?2.601 = 6 53 26 88 31 29 67 97 43 64 24 69 93 85 23 20 40 52 98 15 
240-6-10 1?2.393 = 6 53 94 26 88 81 31 29 67 27 19 25 92 22 65 39 34 89 41 21 10 
240-8-11 1?1.993 = 8 92 22 65 39 41 87 99 54 64 24 69 37 72 50 11 
240-8-9 1?2.002 = 8 65 22 92 25 19 27 67 97 34 89 87 54 99 21 41 9 
240-7-13 1?2.39 = 7 49 27 67 97 34 89 87 99 54 64 24 69 93 85 58 70 46 86 13 
240-8-12 1?2.137 = 8 92 22 65 39 41 21 99 87 54 64 24 69 93 85 58 71 44 12 
240-8-10 1?2.088 = 8 92 22 65 39 25 19 27 31 29 67 97 34 89 41 21 10 
240-7-12 1?2.358 = 7 49 27 67 97 34 89 87 99 54 64 24 69 93 85 58 71 44 12 
240-8-13 1?2.266 = 8 92 22 65 39 41 87 99 54 64 24 69 93 85 58 70 86 46 44 13 
240-7-14 1?2.554 = 7 76 49 27 67 97 34 89 87 99 54 64 24 69 93 85 58 70 46 86 14 
240-8-15 1?2.349 = 8 92 22 39 89 87 99 54 64 24 69 93 85 23 20 40 52 98 15 
240-8-14 1?2.477 = 8 92 22 65 39 34 89 41 21 99 87 54 64 24 69 93 85 58 70 46 86 14 
240-7-15 1?2.616 = 7 76 49 27 67 97 43 64 24 69 93 85 58 70 23 20 40 52 98 15 
240-10-14 1?1.869 = 10 21 41 87 99 54 64 24 69 93 85 58 70 46 86 14 
240-9-11 1?1.881 = 9 41 87 99 54 64 24 69 93 85 58 37 72 50 11 
240-10-11 1?1.888 = 10 21 41 87 99 54 64 24 69 93 85 58 37 72 50 11 
240-10-13 1?1.763 = 10 21 41 87 99 54 64 24 69 93 85 58 70 46 86 13 
240-9-12 1?1.863 = 9 41 87 99 54 64 24 69 93 85 58 37 72 50 12 
240-10-12 1?1.843 = 10 21 99 87 54 64 24 69 93 85 58 70 46 86 44 12 
240-9-10 1?2.013 = 9 65 22 92 25 19 27 67 97 34 89 41 21 87 99 16 10 
240-10-15 1?2.117 = 10 21 99 87 54 64 24 69 93 85 58 70 23 20 40 52 98 15 
240-9-13 1?2.253 = 9 65 22 92 39 34 89 41 21 99 87 54 64 24 69 93 85 70 46 86 13 
240-9-14 1?2.405 = 9 41 21 99 87 54 64 24 69 93 85 70 46 86 23 20 40 52 60 14 
240-9-15 1?2.274 = 9 41 87 99 54 64 24 69 93 85 58 70 23 20 40 52 60 98 15 
240-14-15 1?2.073 = 14 86 46 70 58 93 85 23 20 40 52 78 56 98 15 
240-13-15 1?1.872 = 13 44 86 46 70 58 93 85 23 20 40 52 60 98 15 
240-12-13 1?2.359 = 12 11 16 99 87 54 64 24 69 93 85 58 70 46 86 44 13 
240-11-13 1?1.97 = 11 16 99 87 54 64 24 69 93 85 58 70 46 86 44 13 
240-11-14 1?2.059 = 11 50 72 44 71 58 93 85 70 23 20 40 52 60 14 
240-11-12 1?1.982 = 11 16 99 87 54 64 24 69 93 85 58 70 46 86 44 12 
240-12-14 1?2.041 = 12 50 72 44 71 58 93 85 70 23 20 40 52 60 14 
240-13-14 1?2.052 = 13 44 71 37 93 85 58 70 46 86 23 20 40 52 60 14 
240-12-15 1?1.873 = 12 72 37 58 85 70 46 86 23 20 40 52 60 98 15 
240-11-15 1?2.187 = 11 50 72 44 71 58 93 85 70 46 86 23 20 40 52 60 98 15 
stop
