start
852-0-2 1?2.329 = 0 69 78 67 44 83 81 63 45 88 36 64 76 77 50 2 
852-0-3 1?2.279 = 0 69 78 67 44 83 81 63 45 88 99 36 64 66 29 73 3 
852-0-4 1?2.366 = 0 69 78 67 44 85 83 81 63 45 88 36 99 96 79 70 33 4 
852-0-6 1?2.442 = 0 69 78 67 44 85 83 81 63 45 88 36 99 72 92 82 20 90 89 6 
852-0-5 1?2.39 = 0 69 78 21 67 44 85 83 81 63 45 36 88 99 72 92 96 49 5 
852-0-1 1?2.333 = 0 69 78 21 67 35 85 44 83 81 63 52 57 46 24 48 1 
852-0-8 1?2.531 = 0 69 78 67 44 85 83 81 63 45 88 99 92 41 27 30 53 56 54 8 
852-0-7 1?2.553 = 0 69 78 67 44 85 83 81 63 45 25 84 28 86 38 58 30 53 56 59 7 
852-0-9 1?2.65 = 0 69 78 67 44 83 81 63 45 25 84 28 86 58 38 26 91 51 61 9 
852-0-11 1?2.861 = 0 69 78 21 67 44 85 83 81 62 43 39 22 98 80 94 34 55 97 11 
852-0-10 1?2.754 = 0 69 78 67 44 85 83 81 63 45 25 84 28 26 91 71 74 18 60 10 
852-0-15 1?2.303 = 0 69 78 21 67 44 85 83 81 62 43 39 22 98 95 93 15 
852-0-13 1?2.394 = 0 69 78 21 67 35 85 44 83 43 39 22 98 95 80 94 13 
852-0-14 1?2.367 = 0 69 78 21 67 44 85 83 81 62 43 39 22 98 95 80 14 
852-1-3 1?2.078 = 1 48 46 35 85 44 83 81 63 52 76 77 66 29 73 3 
852-0-12 1?2.657 = 0 69 78 21 67 44 85 83 81 62 43 39 22 98 95 80 94 34 55 12 
852-1-6 1?2.342 = 1 48 46 35 85 44 83 81 63 45 88 99 72 92 82 20 90 89 6 
852-1-8 1?2.54 = 1 48 46 35 85 44 83 81 63 45 25 84 28 86 58 30 53 32 54 8 
852-1-2 1?2.359 = 1 48 46 35 44 83 81 63 45 88 36 64 76 77 50 2 
852-1-4 1?2.334 = 1 24 46 35 85 44 83 81 63 45 88 99 96 79 70 33 4 
852-1-7 1?2.475 = 1 48 46 35 85 44 83 81 63 45 25 84 28 86 38 58 30 53 59 7 
852-1-5 1?2.311 = 1 24 46 35 85 44 83 81 63 45 36 88 99 72 92 96 79 5 
852-1-14 1?2.403 = 1 24 46 35 85 44 83 81 62 43 39 22 98 95 93 14 
852-1-15 1?2.269 = 1 24 46 35 85 44 83 81 62 43 39 22 98 95 93 15 
852-1-13 1?2.405 = 1 24 46 57 35 85 44 83 43 39 22 98 95 80 94 13 
852-2-3 1?2.197 = 2 24 46 35 85 44 83 81 63 52 76 77 66 29 73 3 
852-1-11 1?2.827 = 1 24 46 35 85 44 83 81 62 43 39 22 98 80 94 34 55 97 11 
852-2-6 1?2.307 = 2 50 77 76 64 36 99 88 25 84 28 86 58 30 53 90 89 6 
852-2-4 1?2.277 = 2 24 46 35 85 44 83 81 63 52 76 77 66 29 73 4 
852-1-12 1?2.623 = 1 24 46 35 85 44 83 81 62 43 39 22 98 95 80 94 34 55 12 
852-2-5 1?2.113 = 2 24 46 35 85 44 83 81 63 45 88 99 96 79 5 
852-1-9 1?2.623 = 1 48 46 35 85 44 83 81 63 45 25 84 28 86 38 32 47 65 9 
852-1-10 1?2.756 = 1 48 46 35 85 44 83 81 63 45 84 28 86 38 26 91 51 61 19 10 
852-2-14 1?2.869 = 2 24 46 57 35 85 44 83 81 63 45 62 43 39 22 98 95 80 14 
852-2-15 1?2.588 = 2 50 77 76 64 36 99 88 45 63 81 83 85 44 67 21 37 15 
852-2-11 1?2.876 = 2 50 77 76 64 36 99 88 25 84 28 86 38 26 91 71 74 18 60 11 
852-3-5 1?1.87 = 3 73 29 66 77 76 64 36 88 99 72 92 96 79 49 5 
852-3-4 1?1.926 = 3 73 29 66 77 76 64 36 88 99 92 96 79 70 33 4 
852-2-13 1?2.779 = 2 24 46 35 85 44 83 81 62 43 39 22 98 80 94 34 55 13 
852-2-8 1?2.566 = 2 50 77 76 64 36 88 99 92 72 25 84 28 86 58 30 27 53 32 54 8 
852-2-12 1?2.867 = 2 24 46 57 52 63 81 83 85 44 39 43 22 98 95 80 94 34 55 12 
852-2-7 1?2.417 = 2 50 77 76 64 36 99 88 25 84 28 86 58 30 27 53 32 56 59 7 
852-2-9 1?2.56 = 2 50 77 76 64 36 88 99 72 92 41 27 30 53 32 47 65 51 61 9 
852-2-10 1?2.691 = 2 50 77 76 64 36 88 99 92 41 27 30 53 32 47 65 51 61 19 10 
852-3-15 1?2.466 = 3 73 29 66 77 76 64 36 88 45 63 81 83 44 67 78 37 15 
852-3-14 1?2.562 = 3 73 29 66 64 36 99 88 45 63 81 83 43 39 22 98 80 14 
852-3-6 1?1.993 = 3 73 29 66 77 76 64 36 88 99 72 92 41 82 20 90 89 6 
852-3-11 1?2.649 = 3 73 29 66 77 52 81 83 43 39 22 98 80 94 34 55 97 11 
852-4-5 1?1.95 = 4 73 29 66 77 76 64 36 88 99 72 92 96 79 49 5 
852-3-7 1?2.037 = 3 73 29 66 77 76 64 36 88 99 72 92 41 27 30 53 56 59 7 
852-3-8 1?2.237 = 3 73 29 66 77 76 64 36 88 99 72 92 41 27 30 53 56 32 54 8 
852-3-13 1?2.628 = 3 73 29 66 77 52 63 81 83 85 44 39 43 22 98 95 80 94 13 
852-3-12 1?2.653 = 3 73 29 66 77 52 81 83 85 44 39 43 22 98 95 80 94 34 55 12 
852-3-9 1?2.405 = 3 73 29 66 77 76 64 36 88 99 92 41 27 30 58 86 38 47 65 9 
852-3-10 1?2.554 = 3 73 29 66 64 36 88 99 72 41 27 30 53 32 47 65 51 61 19 10 
852-5-6 1?1.815 = 5 79 96 92 72 25 84 28 86 58 30 27 41 20 82 6 
852-4-15 1?2.614 = 4 33 70 79 96 92 72 99 88 45 63 81 83 85 44 67 21 93 15 
852-4-6 1?2.05 = 4 33 70 79 96 92 72 25 84 28 86 58 30 53 90 89 6 
852-4-7 1?1.98 = 4 33 70 79 49 82 41 27 53 30 58 86 38 32 56 59 7 
852-4-14 1?2.75 = 4 33 70 79 96 92 72 99 88 45 63 81 83 43 39 22 98 95 80 14 
852-4-11 1?2.653 = 4 33 70 79 49 82 20 27 53 30 58 86 38 26 91 71 74 18 60 11 
852-4-8 1?2.294 = 4 33 70 79 96 99 36 88 25 84 28 86 58 30 27 53 32 54 8 
852-4-12 1?2.773 = 4 73 29 66 77 76 63 81 83 85 44 39 43 22 98 80 94 34 55 12 
852-4-13 1?2.825 = 4 33 70 79 96 99 88 36 45 63 81 83 43 39 22 98 95 80 94 13 
852-4-9 1?2.409 = 4 33 70 79 49 82 20 41 27 53 30 58 86 38 32 47 65 51 61 9 
852-4-10 1?2.499 = 4 33 70 79 49 82 20 41 27 53 30 58 86 38 47 65 51 61 19 10 
852-6-8 1?1.642 = 6 89 90 20 82 41 27 53 30 58 86 38 32 56 54 8 
852-5-8 1?1.863 = 5 79 49 82 20 41 27 30 53 59 56 32 47 65 8 
852-5-7 1?1.708 = 5 79 49 82 41 27 53 30 58 86 38 32 56 59 7 
852-6-7 1?1.542 = 6 89 90 20 82 41 27 53 30 58 86 38 32 56 59 7 
852-5-15 1?2.572 = 5 49 79 96 92 99 88 36 45 63 81 83 43 39 22 98 95 93 15 
852-5-14 1?2.686 = 5 79 96 92 72 99 88 45 63 81 83 85 44 39 43 22 98 95 80 14 
852-5-11 1?2.584 = 5 49 82 20 41 27 30 53 56 32 47 65 51 61 19 71 74 75 18 60 11 
852-5-12 1?2.748 = 5 79 49 82 20 41 27 53 30 58 38 86 28 84 40 17 31 16 34 55 12 
852-5-13 1?2.854 = 5 79 96 92 72 99 88 45 63 81 83 85 44 39 43 22 98 95 80 94 13 
852-5-9 1?2.326 = 5 79 96 92 72 25 84 28 86 38 58 30 53 32 47 65 51 61 9 
852-5-10 1?2.376 = 5 79 49 82 20 41 27 30 53 32 47 65 51 61 19 71 74 18 60 10 
852-7-8 1?1.72 = 7 59 53 27 20 82 41 30 58 86 38 32 47 65 8 
852-7-9 1?1.641 = 7 59 56 53 30 58 86 38 32 47 65 91 51 61 9 
852-6-14 1?2.609 = 6 89 90 20 82 41 92 99 88 45 63 81 83 43 39 22 98 80 14 
852-6-15 1?2.594 = 6 89 90 20 82 41 92 99 88 36 45 63 81 83 85 44 67 78 37 15 
852-7-11 1?2.185 = 7 59 56 53 30 58 86 38 47 65 51 61 91 71 74 75 18 60 11 
852-6-11 1?2.352 = 6 89 90 20 82 41 27 30 53 32 47 65 51 61 19 71 74 18 60 11 
852-7-10 1?1.996 = 7 59 56 53 30 58 86 38 47 65 51 61 19 71 74 75 18 60 10 
852-6-9 1?2.038 = 6 89 90 20 82 41 27 53 30 58 86 38 32 47 65 91 51 61 9 
852-6-12 1?2.508 = 6 89 90 20 82 41 27 53 30 38 86 28 84 40 17 31 16 34 55 12 
852-6-13 1?2.604 = 6 89 90 20 82 41 27 30 58 38 86 28 84 40 17 31 16 34 55 13 
852-6-10 1?2.239 = 6 89 90 20 82 41 27 30 53 32 47 65 51 61 91 71 74 75 18 60 10 
852-8-11 1?2.245 = 8 54 32 53 30 58 86 38 47 65 51 61 91 71 74 18 60 11 
852-8-14 1?2.649 = 8 54 32 38 58 86 28 84 45 63 81 83 43 39 22 98 95 80 14 
852-8-9 1?1.797 = 8 54 32 56 53 27 30 58 86 38 47 65 91 51 61 9 
852-8-15 1?2.609 = 8 54 32 53 30 27 41 92 99 88 45 63 81 83 44 67 21 37 15 
852-8-10 1?1.891 = 8 54 32 56 53 27 30 58 86 38 47 65 51 61 19 10 
852-8-12 1?2.329 = 8 65 47 32 53 30 58 86 28 84 40 17 31 16 34 55 12 
852-7-14 1?2.644 = 7 59 56 53 30 27 41 72 99 88 45 63 81 83 39 43 22 98 80 14 
852-7-15 1?2.62 = 7 59 56 53 30 27 41 92 72 99 88 45 63 81 83 85 44 67 21 37 15 
852-7-12 1?2.352 = 7 59 56 32 53 27 30 58 38 86 28 84 40 17 31 16 34 55 12 
852-8-13 1?2.571 = 8 65 47 32 53 27 30 58 86 28 84 40 17 31 16 34 55 13 
852-7-13 1?2.678 = 7 59 56 32 53 27 30 58 38 86 28 84 40 17 31 16 34 55 94 13 
852-10-12 1?2.149 = 10 19 61 51 91 71 74 18 60 75 87 16 94 34 55 12 
852-9-12 1?2.006 = 9 61 51 91 71 74 18 60 75 68 87 16 94 34 55 12 
852-10-11 1?2.223 = 10 60 18 19 61 51 91 71 74 68 87 16 34 55 97 11 
852-9-11 1?2.086 = 9 61 51 91 71 74 18 60 75 68 87 16 34 55 97 11 
852-10-13 1?2.273 = 10 60 18 19 61 51 91 71 74 68 87 16 34 55 94 13 
852-10-14 1?2.817 = 10 19 61 51 65 47 38 58 86 28 84 62 43 39 22 98 95 80 14 
852-9-15 1?2.662 = 9 65 47 38 86 28 84 25 45 63 81 83 85 44 67 78 37 15 
852-9-10 1?2.056 = 9 61 51 65 47 38 58 86 28 26 91 71 74 18 60 10 
852-9-14 1?2.702 = 9 61 51 91 26 28 84 25 45 63 81 83 43 39 22 98 80 14 
852-10-15 1?2.8 = 10 19 61 51 91 26 28 84 25 45 63 81 83 85 44 67 21 37 15 
852-9-13 1?2.602 = 9 65 47 32 53 30 58 86 28 84 40 17 31 16 34 55 13 
852-14-15 1?2.515 = 14 80 95 98 22 39 43 83 85 44 67 21 78 37 93 15 
852-12-15 1?2.332 = 12 55 34 94 80 95 98 22 43 39 44 67 21 78 37 15 
852-13-14 1?2.603 = 13 94 80 95 98 22 39 43 83 44 85 35 67 21 93 14 
852-13-15 1?2.469 = 13 94 80 95 98 22 39 43 83 44 85 35 67 21 93 15 
852-11-12 1?2.323 = 11 60 18 19 61 51 91 71 74 68 87 16 94 34 55 12 
852-12-14 1?2.487 = 12 55 34 94 80 98 22 39 43 83 44 67 21 93 14 
852-12-13 1?2.64 = 12 55 34 16 31 17 40 62 43 39 22 98 95 80 94 13 
852-11-13 1?2.453 = 11 60 18 19 61 51 91 71 74 68 87 16 34 55 94 13 
852-11-14 1?2.824 = 11 97 55 34 94 80 98 22 39 43 83 85 44 67 21 93 14 
852-11-15 1?2.816 = 11 97 55 34 94 80 95 98 22 39 43 83 85 44 67 21 78 37 15 
stop
