start
583-0-2 1?2.242 = 0 19 58 84 54 35 76 94 62 34 61 79 23 67 17 2 
583-0-1 1?2.404 = 0 19 54 27 34 61 79 50 23 75 67 17 43 74 82 1 
583-0-7 1?2.67 = 0 20 77 83 71 64 68 22 21 69 28 49 93 47 81 31 60 37 7 
583-0-11 1?2.244 = 0 15 80 16 18 83 71 64 68 73 22 21 51 57 98 29 97 11 
583-0-9 1?2.419 = 0 20 77 83 71 64 68 22 21 73 69 28 49 33 92 48 78 9 
583-0-6 1?2.72 = 0 53 82 74 43 17 95 67 75 23 50 79 27 34 62 96 36 65 66 6 
583-0-3 1?2.615 = 0 1 53 19 54 84 58 82 46 74 43 17 95 75 67 23 50 79 3 
583-0-4 1?2.632 = 0 19 54 84 58 82 74 43 17 95 67 75 23 50 79 27 34 61 4 
583-0-8 1?2.552 = 0 20 77 83 71 64 68 73 69 28 49 33 92 56 72 78 63 40 8 
583-0-5 1?2.666 = 0 19 54 84 58 82 74 43 17 95 67 75 23 50 79 61 32 30 5 
583-0-10 1?2.511 = 0 15 80 16 18 77 83 71 64 68 73 22 21 24 51 57 98 29 97 10 
583-0-14 1?2.039 = 0 20 77 83 71 64 68 73 22 21 24 88 89 52 41 14 
583-0-15 1?2.081 = 0 20 77 83 71 64 68 73 22 24 41 18 16 80 15 
583-1-2 1?2.031 = 1 53 82 58 84 54 35 76 94 34 61 79 23 67 17 2 
583-0-13 1?1.846 = 0 20 77 83 71 64 68 73 22 21 24 91 88 89 52 13 
583-1-3 1?2.293 = 1 53 82 58 84 54 35 76 94 62 34 27 46 43 17 95 67 75 3 
583-0-12 1?2.128 = 0 15 80 16 18 77 83 71 64 68 73 22 21 24 89 88 91 12 
583-1-4 1?2.164 = 1 53 82 58 84 54 46 74 43 17 95 67 75 23 50 79 61 4 
583-1-6 1?2.389 = 1 74 43 17 95 67 75 23 50 79 61 34 62 96 36 65 66 26 6 
583-1-8 1?2.554 = 1 53 82 58 84 54 35 76 94 62 96 36 65 60 31 81 86 63 87 40 8 
583-1-7 1?2.518 = 1 53 82 74 43 17 67 75 23 50 79 61 34 62 96 36 65 37 7 
583-1-5 1?2.303 = 1 74 43 17 67 75 23 50 79 61 34 62 96 36 65 42 32 5 
583-1-14 1?2.13 = 1 53 82 58 84 19 20 77 71 64 83 41 18 16 14 
583-1-15 1?2.04 = 1 53 82 58 19 20 77 83 71 64 41 18 16 80 15 
583-2-3 1?2.121 = 2 17 67 75 23 50 27 34 94 76 36 96 62 61 79 3 
583-1-12 1?2.283 = 1 53 82 58 19 20 77 83 71 64 68 73 22 21 24 89 88 91 12 
583-2-4 1?2.075 = 2 17 67 75 23 50 79 61 34 62 96 36 65 42 32 4 
583-1-13 1?2.14 = 1 53 82 58 19 20 77 83 71 64 68 73 22 21 24 88 89 52 13 
583-1-11 1?2.461 = 1 53 82 58 19 20 77 83 71 64 68 73 22 21 51 57 98 29 11 
583-1-9 1?2.499 = 1 53 82 58 84 54 35 76 94 96 36 65 60 31 81 86 72 56 48 78 9 
583-2-5 1?1.944 = 2 17 67 75 23 50 79 61 34 62 96 36 65 42 32 5 
583-2-6 1?2.168 = 2 43 17 95 67 75 23 50 79 61 34 62 96 36 65 66 99 26 6 
583-1-10 1?2.536 = 1 53 82 58 19 20 77 83 71 64 68 73 22 21 51 57 98 29 97 10 
583-2-15 1?2.096 = 2 43 74 82 58 19 20 77 71 83 41 18 16 80 15 
583-2-12 1?2.411 = 2 43 74 82 58 19 20 77 83 71 64 68 73 22 21 24 88 91 12 
583-2-14 1?2.336 = 2 43 74 82 58 84 54 28 69 73 21 22 68 64 71 83 41 14 
583-2-13 1?2.328 = 2 43 74 82 58 19 20 77 83 71 64 68 73 22 21 24 89 52 13 
583-3-4 1?2.014 = 3 95 17 67 75 23 50 79 27 34 62 96 36 65 42 32 4 
583-2-11 1?2.513 = 2 43 46 27 34 62 96 36 65 60 31 81 47 59 33 85 29 97 11 
583-3-5 1?1.883 = 3 95 17 67 75 23 50 79 27 34 62 96 36 65 42 32 5 
583-2-8 1?2.375 = 2 17 67 75 23 50 79 61 34 62 96 36 65 60 31 81 86 63 40 8 
583-2-9 1?2.361 = 2 17 67 75 23 50 79 27 34 62 96 36 65 60 31 81 86 72 56 78 9 
583-2-7 1?2.308 = 2 43 17 95 67 75 23 50 79 27 34 62 96 36 65 37 45 70 90 7 
583-2-10 1?2.44 = 2 17 67 75 23 50 79 27 34 62 96 36 65 60 31 86 72 56 78 48 39 10 
583-3-15 1?2.235 = 3 75 67 95 17 43 74 82 58 84 19 20 77 18 16 80 15 
583-3-6 1?1.868 = 3 95 17 67 75 23 50 79 27 34 62 96 36 65 66 6 
583-3-12 1?2.384 = 3 95 17 67 75 23 50 79 27 76 55 44 28 69 73 22 21 24 91 12 
583-3-14 1?2.302 = 3 23 50 79 27 34 94 76 55 44 28 69 73 68 64 71 83 41 14 
583-3-11 1?2.399 = 3 23 50 79 27 34 62 96 36 65 60 31 81 47 59 33 85 29 11 
583-3-13 1?2.321 = 3 75 23 50 79 27 34 62 94 76 55 44 28 69 73 22 21 24 88 89 13 
583-3-8 1?2.272 = 3 95 17 67 75 23 50 79 27 34 62 96 36 65 60 31 86 63 40 8 
583-3-9 1?2.251 = 3 23 50 79 61 34 62 96 36 65 60 31 81 86 72 56 78 48 39 9 
583-3-7 1?2.151 = 3 95 17 67 75 23 50 79 27 34 62 96 36 65 37 45 70 90 7 
583-4-5 1?2.273 = 4 3 95 17 67 75 23 50 79 27 34 62 96 36 65 42 32 5 
583-3-10 1?2.315 = 3 75 23 50 79 27 34 62 96 36 65 60 31 81 86 72 56 78 48 39 10 
583-4-15 1?2.401 = 4 61 34 94 76 55 44 28 69 73 68 64 71 83 77 80 15 
583-4-6 1?2.258 = 4 3 95 17 67 75 23 50 79 27 34 62 96 36 65 66 6 
583-5-6 1?2.647 = 5 4 3 95 17 67 75 23 50 79 27 34 62 96 36 65 66 6 
583-4-7 1?2.273 = 4 61 34 62 96 36 65 60 31 81 86 25 45 70 90 7 
583-4-14 1?2.385 = 4 61 34 62 94 76 55 44 28 69 73 68 64 71 83 18 16 14 
583-4-11 1?2.543 = 4 61 34 62 96 36 65 60 31 81 47 59 92 33 85 29 97 11 
583-4-12 1?2.556 = 4 61 34 62 94 76 35 55 44 49 28 69 73 22 21 24 89 88 91 12 
583-4-8 1?2.317 = 4 61 34 62 96 36 65 60 31 81 86 72 56 48 78 63 40 8 
583-4-13 1?2.42 = 4 61 34 62 94 76 55 44 49 28 69 73 68 64 71 83 41 52 13 
583-4-9 1?2.312 = 4 61 34 62 96 36 65 60 31 81 47 59 92 56 78 48 39 9 
583-4-10 1?2.364 = 4 61 34 62 96 36 65 60 31 81 47 59 92 56 72 78 48 39 10 
583-5-8 1?2.092 = 5 30 99 66 37 60 31 81 86 72 56 48 78 63 87 40 8 
583-6-8 1?2.087 = 6 26 66 37 60 31 81 47 59 72 56 48 78 63 40 8 
583-5-7 1?2.316 = 5 30 99 66 37 60 31 81 47 59 56 72 86 25 45 90 7 
583-5-15 1?2.42 = 5 30 32 42 96 36 55 44 28 69 73 68 64 71 83 77 80 15 
583-6-7 1?2.224 = 6 26 99 66 37 60 31 81 86 63 87 40 25 45 70 90 7 
583-5-12 1?2.526 = 5 30 32 42 96 36 65 55 44 49 28 69 73 22 21 24 89 88 91 12 
583-5-11 1?2.555 = 5 30 32 42 96 36 65 55 44 49 28 69 73 22 21 51 57 98 11 
583-5-13 1?2.46 = 5 30 32 42 96 36 65 55 44 49 28 69 73 68 64 71 83 41 52 13 
583-5-14 1?2.481 = 5 32 42 96 36 55 44 28 69 73 21 22 68 64 71 83 77 18 16 14 
583-5-9 1?2.378 = 5 30 99 32 42 96 36 65 60 31 81 47 59 92 56 72 78 48 39 9 
583-5-10 1?2.565 = 5 26 30 32 42 96 36 65 60 31 81 47 59 92 56 72 78 48 39 10 
583-7-8 1?1.973 = 7 90 70 45 25 60 31 81 47 59 92 48 78 63 40 8 
583-7-9 1?2.01 = 7 90 70 45 25 40 63 86 31 81 47 59 72 56 48 78 9 
583-6-9 1?1.994 = 6 26 66 37 60 31 81 47 59 92 56 72 78 48 39 9 
583-6-15 1?2.476 = 6 26 99 42 96 36 55 44 28 69 73 68 64 71 83 18 16 80 15 
583-6-13 1?2.406 = 6 26 66 37 60 31 81 47 93 49 28 69 73 22 21 24 88 89 52 13 
583-6-14 1?2.44 = 6 26 66 37 60 31 81 47 93 49 28 69 73 68 64 71 83 41 14 
583-6-12 1?2.549 = 6 26 66 37 60 31 81 47 93 49 28 69 73 22 21 24 89 88 91 12 
583-7-11 1?2.363 = 7 90 70 45 25 40 63 78 48 56 72 86 31 81 47 59 33 85 29 11 
583-6-11 1?2.578 = 6 26 30 99 66 37 60 31 81 47 59 92 56 72 78 48 39 29 97 11 
583-7-10 1?1.996 = 7 90 70 45 25 40 87 63 78 72 56 48 92 85 29 97 10 
583-6-10 1?2.025 = 6 26 66 37 60 31 81 47 59 92 56 72 78 48 39 10 
583-8-9 1?2.051 = 8 25 40 87 63 78 48 56 72 86 31 81 47 59 92 39 9 
583-8-15 1?2.243 = 8 40 63 78 48 92 33 49 69 73 68 64 71 83 18 16 80 15 
583-7-15 1?2.321 = 7 37 60 31 81 47 93 49 28 69 73 68 64 83 77 80 15 
583-7-13 1?2.221 = 7 37 60 31 81 47 93 49 28 69 73 68 64 71 83 41 52 13 
583-8-11 1?2.267 = 8 40 63 78 48 56 72 86 31 81 47 59 33 57 98 29 97 11 
583-7-14 1?2.276 = 7 37 60 31 81 47 93 49 28 69 73 21 22 68 64 71 83 41 14 
583-8-10 1?2.014 = 8 40 63 78 56 72 86 31 81 47 59 33 85 29 97 10 
583-8-14 1?2.191 = 8 40 63 78 48 92 33 49 28 69 73 21 22 68 64 71 83 41 14 
583-8-13 1?2.232 = 8 40 63 78 72 56 92 59 47 93 49 28 69 73 22 21 24 88 89 52 13 
583-8-12 1?2.297 = 8 40 63 78 72 56 92 59 47 93 49 28 69 73 22 21 24 88 91 12 
583-7-12 1?2.454 = 7 90 70 45 25 60 31 81 47 93 44 49 28 69 73 22 21 51 38 12 
583-9-11 1?1.98 = 9 78 48 56 72 86 31 81 47 59 92 33 85 29 97 11 
583-10-13 1?1.697 = 10 97 29 98 57 51 21 22 68 64 71 83 41 52 13 
583-10-11 1?2.062 = 10 39 48 78 56 72 86 31 60 81 47 59 33 85 29 97 11 
583-9-12 1?1.987 = 9 78 72 56 59 47 93 49 28 69 73 22 21 24 91 12 
583-10-12 1?1.901 = 10 97 29 98 57 51 21 22 73 68 64 24 88 91 12 
583-9-15 1?2.128 = 9 78 48 56 92 33 49 28 69 73 68 64 71 83 18 16 80 15 
583-9-13 1?2.063 = 9 39 48 78 72 56 92 59 47 93 49 28 69 73 22 21 24 88 89 13 
583-9-10 1?2.004 = 9 78 48 56 72 86 60 31 81 47 59 92 85 29 97 10 
583-9-14 1?2.12 = 9 39 48 78 72 56 92 33 49 28 69 73 21 22 68 64 71 83 41 14 
583-10-14 1?2.071 = 10 97 29 98 57 38 51 21 22 73 68 64 71 83 77 18 16 14 
583-10-15 1?2.331 = 10 39 48 78 72 56 92 33 49 28 69 73 21 22 68 64 71 83 18 16 80 15 
583-12-13 1?1.619 = 12 38 98 57 51 21 22 73 68 64 71 83 41 52 13 
583-11-13 1?1.644 = 11 98 57 51 21 22 73 68 64 71 83 41 52 89 13 
583-14-15 1?1.725 = 14 16 18 41 24 21 22 73 68 64 71 83 77 80 15 
583-12-15 1?1.607 = 12 91 24 21 22 73 68 64 71 83 77 18 16 80 15 
583-13-15 1?1.463 = 13 52 89 88 24 21 22 73 68 64 71 83 77 80 15 
583-11-12 1?1.791 = 11 38 51 21 22 73 68 64 83 41 52 89 88 91 12 
583-13-14 1?1.482 = 13 52 89 88 91 51 21 22 73 68 64 71 83 41 14 
583-12-14 1?1.634 = 12 91 88 89 24 21 22 73 68 64 71 83 77 18 16 14 
583-11-14 1?1.856 = 11 97 29 98 57 51 21 22 73 68 64 71 83 77 18 16 14 
583-11-15 1?1.965 = 11 97 29 98 57 51 21 22 73 68 64 83 71 77 18 16 80 15 
stop
