start
107-0-1 1?1.893 = 0 48 25 47 60 23 96 66 73 81 38 65 49 91 1 
107-0-2 1?1.904 = 0 48 25 47 60 43 23 96 66 73 81 38 65 49 2 
107-0-3 1?1.897 = 0 40 50 70 43 71 45 46 23 96 66 73 81 38 55 42 3 
107-0-4 1?2.302 = 0 48 25 47 60 23 43 71 45 46 96 66 73 81 38 55 42 93 4 
107-0-5 1?2.297 = 0 48 25 47 60 23 43 46 71 45 98 89 75 19 90 77 59 78 5 
107-0-6 1?2.317 = 0 48 25 47 60 23 43 46 71 45 21 98 89 75 19 35 22 41 72 6 
107-0-7 1?2.431 = 0 48 25 47 60 23 43 46 71 45 98 89 75 16 52 35 22 57 26 86 56 7 
107-0-8 1?2.495 = 0 48 25 47 60 96 23 43 46 71 45 21 98 89 24 68 69 83 32 8 
107-0-9 1?2.547 = 0 48 25 47 60 66 96 23 43 46 71 45 21 98 89 24 20 61 9 
107-0-10 1?2.459 = 0 48 25 47 60 96 23 43 46 45 71 64 62 33 58 67 53 29 10 
107-0-11 1?2.409 = 0 48 25 47 60 96 23 43 46 45 71 64 62 99 33 58 67 37 11 
107-0-12 1?2.101 = 0 48 25 47 60 96 23 43 46 45 71 64 62 99 31 95 12 
107-0-13 1?2.008 = 0 48 25 47 60 96 23 46 45 71 64 62 99 31 92 13 
107-0-14 1?1.87 = 0 48 25 47 60 43 46 45 71 70 54 87 79 17 14 
107-0-15 1?1.778 = 0 48 25 47 60 96 23 46 45 71 70 54 87 27 15 
107-1-2 1?1.898 = 1 47 60 43 71 45 46 23 96 66 73 81 38 65 49 2 
107-1-3 1?1.88 = 1 47 60 43 71 45 46 23 96 66 73 81 38 55 42 3 
107-1-4 1?2.038 = 1 47 60 43 71 45 46 23 96 66 73 80 94 63 44 4 
107-1-5 1?2.177 = 1 91 39 49 65 38 82 94 19 52 35 22 88 90 77 59 78 5 
107-1-6 1?2.236 = 1 47 60 96 23 46 71 45 21 98 89 75 19 52 35 22 41 72 6 
107-1-7 1?2.383 = 1 47 60 96 23 43 46 71 45 21 98 89 75 19 35 22 57 26 86 56 7 
107-1-8 1?2.536 = 1 91 49 65 38 81 73 66 96 23 43 46 71 45 98 89 24 74 83 32 8 
107-1-9 1?2.537 = 1 91 49 65 38 81 73 66 96 23 43 46 71 45 98 89 24 20 61 9 
107-1-10 1?2.495 = 1 91 49 65 38 81 73 66 96 23 43 46 45 71 64 58 67 53 29 10 
107-1-11 1?2.429 = 1 91 49 65 38 81 73 66 96 23 43 46 45 71 64 62 33 51 37 11 
107-1-12 1?2.214 = 1 91 49 65 38 81 73 66 96 23 46 45 71 64 62 99 31 95 12 
107-1-13 1?2.119 = 1 91 49 65 38 81 73 66 96 23 46 45 71 64 84 76 92 13 
107-1-14 1?1.954 = 1 91 49 65 60 96 23 46 45 71 43 70 54 87 79 17 14 
107-1-15 1?1.848 = 1 91 49 65 60 96 23 46 45 71 43 70 54 87 27 15 
107-2-3 1?1.936 = 2 49 65 60 23 43 71 45 46 66 73 81 38 55 42 3 
107-2-4 1?2.094 = 2 49 65 60 23 43 71 45 46 66 73 80 94 63 44 4 
107-2-5 1?2.127 = 2 49 39 65 38 82 94 19 52 35 22 88 90 77 59 78 5 
107-2-6 1?2.191 = 2 49 65 38 81 73 66 98 89 75 16 52 35 22 57 41 72 6 
107-2-7 1?2.325 = 2 49 39 65 38 81 73 66 98 89 75 16 52 35 22 57 26 86 56 7 
107-2-8 1?2.497 = 2 49 65 81 73 66 96 23 43 46 45 71 21 98 89 24 74 83 32 8 
107-2-9 1?2.526 = 2 49 65 38 81 73 66 96 23 43 46 71 45 21 98 89 24 20 61 9 
107-2-10 1?2.556 = 2 49 65 38 81 73 66 96 23 43 46 45 71 64 62 33 58 67 53 29 10 
107-2-11 1?2.492 = 2 49 39 65 38 81 73 66 96 23 43 46 45 71 64 62 99 31 95 36 11 
107-2-12 1?2.289 = 2 91 49 65 38 81 73 66 96 23 43 46 45 71 64 62 99 31 95 12 
107-2-13 1?2.154 = 2 49 65 38 81 73 66 96 23 43 46 45 71 64 62 99 31 92 13 
107-2-14 1?2.026 = 2 49 65 38 81 73 66 96 23 46 45 71 43 70 54 87 79 17 14 
107-2-15 1?1.851 = 2 49 65 60 96 23 46 45 71 43 70 54 28 87 27 15 
107-3-4 1?2.196 = 3 42 55 38 81 73 66 96 46 71 45 98 80 94 63 44 4 
107-3-5 1?2.032 = 3 93 63 90 88 35 22 26 86 57 72 41 59 78 77 5 
107-3-6 1?2.154 = 3 42 55 38 81 73 66 98 89 75 19 35 22 57 41 72 6 
107-3-7 1?2.347 = 3 42 55 38 81 60 96 66 73 80 75 16 52 35 22 57 26 86 56 7 
107-3-8 1?2.471 = 3 42 55 38 81 73 66 96 23 43 46 71 45 21 89 24 74 83 32 8 
107-3-9 1?2.508 = 3 42 55 38 81 73 66 96 23 43 46 71 45 21 98 89 24 20 61 9 
107-3-10 1?2.489 = 3 42 55 38 81 73 66 96 23 43 46 45 71 64 33 58 67 53 29 10 
107-3-11 1?2.408 = 3 42 55 38 81 73 66 96 23 43 46 45 71 64 62 99 33 51 37 11 
107-3-12 1?2.443 = 3 42 55 38 81 73 66 96 23 43 46 71 45 98 21 64 62 99 31 95 12 
107-3-13 1?2.216 = 3 42 55 38 81 73 66 96 23 43 46 45 71 64 84 62 99 31 92 13 
107-3-14 1?2.076 = 3 42 55 38 81 73 66 96 23 46 45 71 43 70 54 28 87 79 17 14 
107-3-15 1?1.97 = 3 42 55 38 81 73 66 96 23 46 45 71 43 70 54 28 87 27 15 
107-4-5 1?1.939 = 4 44 90 88 35 22 57 26 86 56 72 41 59 78 77 5 
107-4-6 1?1.972 = 4 44 90 88 22 35 52 69 68 74 83 97 26 57 41 72 6 
107-4-7 1?2.007 = 4 44 90 77 59 78 41 72 57 22 88 35 26 86 56 7 
107-4-8 1?2.421 = 4 44 90 77 59 78 41 72 57 26 22 35 52 97 69 68 74 83 32 8 
107-4-9 1?2.646 = 4 44 90 77 59 78 41 72 57 26 22 35 52 97 69 68 74 20 30 61 9 
107-4-10 1?2.666 = 4 44 63 94 80 73 66 96 23 43 46 45 71 64 62 33 58 53 29 10 
107-4-11 1?2.644 = 4 44 63 94 80 73 66 96 23 43 46 45 71 64 84 62 99 31 95 36 11 
107-4-12 1?2.548 = 4 44 63 94 80 73 66 96 23 43 46 45 71 64 84 62 99 31 95 36 12 
107-4-13 1?2.517 = 4 44 63 94 80 73 66 96 23 43 46 71 45 21 64 84 62 99 31 92 13 
107-4-14 1?2.234 = 4 44 63 94 80 73 66 96 23 46 45 71 43 70 54 28 87 79 17 14 
107-4-15 1?2.128 = 4 44 63 94 80 73 66 96 23 46 45 71 43 70 54 28 87 27 15 
107-5-6 1?1.663 = 5 78 59 77 90 88 22 35 52 97 86 26 57 41 72 6 
107-5-7 1?1.701 = 5 78 59 77 90 88 22 35 52 69 97 26 57 86 56 7 
107-5-8 1?2.087 = 5 78 59 77 90 88 35 22 57 26 86 97 69 68 74 83 18 32 8 
107-5-9 1?2.396 = 5 77 59 78 41 72 57 26 22 35 52 16 68 69 97 83 74 20 30 61 9 
107-5-10 1?2.378 = 5 77 59 78 41 72 57 26 22 35 52 97 69 68 83 74 20 30 34 29 10 
107-5-11 1?2.397 = 5 77 59 78 41 72 57 26 22 35 52 97 69 68 74 20 30 53 67 37 11 
107-5-12 1?2.442 = 5 78 59 77 90 88 19 75 89 98 46 45 71 64 62 99 31 95 12 
107-5-13 1?2.459 = 5 78 59 77 90 88 19 75 80 73 66 96 23 46 45 71 64 84 76 92 13 
107-5-14 1?2.394 = 5 78 59 77 90 19 75 80 73 66 96 23 46 45 71 43 70 54 87 79 17 14 
107-5-15 1?2.168 = 5 78 59 77 90 19 75 80 73 66 96 23 43 70 54 87 27 15 
107-6-7 1?1.714 = 6 72 41 78 59 77 90 88 22 35 52 69 97 86 56 7 
107-6-8 1?1.769 = 6 72 41 78 59 77 90 88 35 22 57 26 86 56 18 8 
107-6-9 1?2.193 = 6 72 41 78 59 77 90 88 22 35 52 97 69 68 74 20 30 61 9 
107-6-10 1?2.216 = 6 72 41 78 59 77 90 88 22 35 97 69 68 74 20 30 34 29 10 
107-6-11 1?2.4 = 6 72 41 78 59 77 90 88 22 35 52 97 69 68 74 20 30 53 67 37 11 
107-6-12 1?2.483 = 6 72 41 22 35 19 75 80 73 66 96 23 46 45 71 64 62 99 31 95 12 
107-6-13 1?2.437 = 6 72 41 22 35 19 75 80 73 66 96 23 43 46 45 71 64 84 76 92 13 
107-6-14 1?2.346 = 6 72 41 22 35 19 75 89 98 21 45 71 46 23 43 70 54 87 79 17 14 
107-6-15 1?2.299 = 6 41 72 57 22 35 52 16 75 80 73 66 96 23 43 70 54 28 87 27 15 
107-7-8 1?1.988 = 7 56 86 26 57 22 88 35 52 97 69 68 74 83 18 32 8 
107-7-9 1?2.047 = 7 56 86 26 57 22 35 52 97 69 68 83 74 20 30 61 9 
107-7-10 1?2.245 = 7 56 86 26 57 22 35 52 16 68 69 97 83 74 20 30 34 29 10 
107-7-11 1?2.254 = 7 56 86 26 57 22 35 52 97 69 68 83 74 20 30 53 67 37 11 
107-7-12 1?2.45 = 7 56 86 26 57 22 35 52 16 75 89 98 21 64 62 99 31 95 12 
107-7-13 1?2.406 = 7 56 86 26 57 22 35 52 16 75 89 98 21 64 62 99 31 92 13 
107-7-14 1?2.349 = 7 56 86 26 57 22 35 52 16 75 80 73 66 96 23 43 70 54 79 17 14 
107-7-15 1?2.288 = 7 56 86 26 57 22 35 19 75 89 98 45 71 46 43 70 54 87 27 15 
107-8-9 1?2.253 = 8 18 56 86 26 57 22 35 52 97 69 68 74 20 30 61 9 
107-8-10 1?2.276 = 8 18 56 86 26 57 22 35 97 69 68 74 20 30 34 29 10 
107-8-11 1?2.392 = 8 18 56 86 26 57 22 35 52 97 69 68 74 20 30 53 37 11 
107-8-12 1?2.599 = 8 32 18 86 26 57 22 35 52 97 69 68 74 20 30 53 67 51 36 12 
107-8-13 1?2.609 = 8 18 86 26 57 22 35 52 16 75 89 98 21 64 62 99 31 92 13 
107-8-14 1?2.414 = 8 32 83 74 24 89 98 21 45 71 46 23 43 70 54 87 79 17 14 
107-8-15 1?2.433 = 8 32 83 97 69 68 24 89 98 21 45 71 46 23 43 70 54 87 27 15 
107-9-10 1?2.509 = 9 61 32 18 86 26 57 22 35 97 69 68 74 20 30 34 29 10 
107-9-11 1?2.558 = 9 61 32 18 86 26 57 22 35 97 69 68 74 20 30 53 37 11 
107-9-12 1?2.502 = 9 34 29 53 67 51 58 33 62 99 76 92 31 95 36 12 
107-9-13 1?2.716 = 9 61 20 24 89 98 21 45 46 23 43 71 64 84 62 99 31 92 13 
107-9-14 1?2.483 = 9 61 20 24 89 98 21 45 71 46 23 43 70 54 28 87 79 17 14 
107-9-15 1?2.694 = 9 61 20 24 89 98 21 45 71 46 23 43 70 54 28 87 79 17 27 15 
107-10-11 1?2.423 = 10 29 53 67 51 58 33 62 99 76 92 31 95 36 37 11 
107-10-12 1?2.378 = 10 29 37 53 67 51 58 33 62 99 76 92 31 95 36 12 
107-10-13 1?2.443 = 10 29 53 67 58 33 62 99 76 54 28 87 79 17 14 13 
107-10-14 1?2.398 = 10 29 53 67 58 33 62 64 71 45 46 43 70 54 87 79 17 14 
107-10-15 1?2.469 = 10 29 53 67 58 33 99 62 64 71 45 46 23 43 70 54 28 87 27 15 
107-11-12 1?2.403 = 11 37 53 67 51 58 33 62 99 76 92 31 85 95 36 12 
107-11-13 1?2.436 = 11 37 67 51 58 33 62 99 76 54 28 87 79 17 14 13 
107-11-14 1?2.266 = 11 36 95 31 99 62 64 71 45 46 43 70 54 87 79 17 14 
107-11-15 1?2.275 = 11 36 95 31 99 62 64 71 45 46 23 43 70 54 28 87 27 15 
107-12-13 1?2.28 = 12 95 31 99 62 64 71 45 46 23 43 70 84 76 92 13 
107-12-14 1?2.028 = 12 95 31 99 62 64 71 45 46 23 43 70 54 79 17 14 
107-12-15 1?2.049 = 12 95 31 99 62 64 71 45 46 23 43 70 54 28 87 27 15 
107-13-14 1?1.984 = 13 92 31 99 62 64 71 45 46 23 43 70 54 79 17 14 
107-13-15 1?1.886 = 13 92 76 84 64 71 45 46 23 43 70 54 87 27 15 
107-14-15 1?2.099 = 14 17 79 54 70 43 71 45 46 23 96 60 50 28 27 15 
stop
