start
612-0-2 1?2.099 = 0 94 70 61 48 30 41 21 38 33 51 65 58 93 81 40 2 
612-0-3 1?2.243 = 0 94 70 61 48 30 41 21 65 51 33 28 16 92 85 3 
612-0-4 1?2.185 = 0 70 61 41 21 38 33 65 51 16 28 76 59 49 46 55 95 22 4 
612-0-5 1?2.326 = 0 70 61 41 21 38 65 51 33 66 76 28 59 49 46 55 95 22 63 5 
612-0-1 1?2.372 = 0 70 61 48 30 41 21 38 65 51 16 92 93 58 57 1 
612-0-7 1?2.683 = 0 61 48 64 39 20 75 31 80 78 54 90 89 18 67 47 98 96 7 
612-0-6 1?2.621 = 0 70 61 48 30 41 21 38 65 51 33 66 76 28 16 59 49 46 71 99 74 6 
612-0-11 1?2.344 = 0 61 48 64 39 20 75 31 80 68 54 36 24 73 88 23 34 32 84 11 
612-0-10 1?2.48 = 0 70 61 30 48 64 39 44 20 75 31 80 78 68 54 90 36 86 24 73 79 10 
612-0-9 1?2.374 = 0 70 61 48 64 39 44 20 75 31 80 78 68 54 90 36 24 86 9 
612-0-8 1?2.53 = 0 70 61 30 48 64 39 44 20 75 31 80 78 68 54 90 89 43 27 8 
612-1-3 1?2.178 = 1 57 21 41 38 65 51 33 66 76 28 59 49 46 92 85 3 
612-0-15 1?2.229 = 0 70 61 30 48 53 64 39 44 20 83 52 45 35 97 56 15 
612-1-4 1?1.945 = 1 57 21 41 38 65 51 33 28 76 59 49 46 55 95 22 4 
612-0-12 1?2.348 = 0 70 61 30 48 64 39 44 20 75 31 80 78 26 91 37 29 12 
612-0-14 1?2.249 = 0 70 61 30 48 53 64 39 20 44 69 75 83 52 45 35 14 
612-0-13 1?2.593 = 0 94 70 61 48 64 39 44 20 69 75 31 80 78 83 60 13 
612-1-7 1?2.618 = 1 57 21 38 33 65 51 16 28 76 59 49 46 71 99 25 74 98 96 7 
612-1-6 1?2.455 = 1 57 21 41 38 33 65 51 16 49 46 55 95 22 63 71 99 74 6 
612-1-2 1?2.054 = 1 94 70 61 48 30 41 21 38 33 51 65 58 93 81 40 2 
612-1-8 1?2.561 = 1 94 70 61 48 64 39 44 20 75 31 80 78 68 54 90 89 43 27 8 
612-1-5 1?2.189 = 1 57 21 41 38 65 51 33 66 76 28 59 49 46 55 95 22 63 5 
612-1-14 1?2.238 = 1 94 70 61 30 48 64 39 44 20 69 75 83 52 45 14 
612-1-15 1?2.212 = 1 94 70 61 48 30 82 44 69 75 20 39 64 53 97 56 15 
612-2-3 1?2.002 = 2 81 93 58 65 51 33 28 76 59 46 49 16 92 85 3 
612-1-12 1?2.451 = 1 94 70 61 48 64 39 20 69 75 31 80 78 26 91 37 29 12 
612-2-4 1?1.718 = 2 81 93 58 65 51 33 28 76 59 49 46 55 95 22 4 
612-1-13 1?2.621 = 1 57 21 41 38 33 65 51 16 28 76 66 42 69 20 52 83 60 13 
612-2-6 1?2.263 = 2 81 93 58 21 41 38 65 51 33 28 76 59 49 46 71 99 74 25 6 
612-2-5 1?1.767 = 2 81 93 58 65 51 16 59 49 46 55 95 22 63 5 
612-1-9 1?2.428 = 1 94 70 61 48 64 39 44 20 75 31 80 68 54 90 36 24 86 9 
612-1-10 1?2.4 = 1 94 70 61 48 64 39 20 69 31 80 78 68 54 90 36 24 73 79 10 
612-1-11 1?2.447 = 1 94 70 61 48 64 39 20 75 31 80 78 54 90 36 24 73 88 23 11 
612-2-15 1?2.077 = 2 81 93 58 65 51 33 42 69 20 44 39 64 53 97 56 15 
612-3-4 1?1.784 = 3 85 92 51 65 33 66 76 28 59 49 46 55 95 22 4 
612-2-14 1?2.366 = 2 81 93 58 65 51 33 28 76 66 42 69 44 20 83 52 45 35 14 
612-2-12 1?2.511 = 2 81 93 58 65 51 33 28 76 66 87 31 80 78 62 26 91 37 29 19 12 
612-3-5 1?1.914 = 3 85 92 51 65 33 28 76 59 49 46 55 95 22 63 5 
612-2-13 1?2.473 = 2 81 93 58 65 51 16 28 76 66 42 69 20 44 39 52 83 60 13 
612-2-7 1?2.413 = 2 81 93 58 65 51 33 28 66 76 59 49 46 71 99 25 74 98 96 7 
612-2-8 1?2.517 = 2 81 93 58 65 51 33 28 76 66 87 31 80 78 54 90 89 43 27 8 
612-2-9 1?2.481 = 2 81 93 58 65 51 33 28 76 66 87 31 80 78 68 54 90 89 43 27 9 
612-2-10 1?2.404 = 2 81 93 58 65 51 33 28 76 66 87 31 80 78 68 54 90 36 24 73 79 10 
612-2-11 1?2.456 = 2 81 93 58 65 51 33 28 76 66 87 31 80 68 54 90 36 24 73 88 23 11 
612-3-7 1?2.17 = 3 85 92 16 28 76 59 49 46 71 99 25 74 98 96 7 
612-3-6 1?1.995 = 3 85 92 16 51 65 33 28 76 59 49 46 71 99 74 6 
612-3-12 1?2.484 = 3 85 92 16 28 76 66 87 68 54 90 36 24 73 62 26 91 37 29 12 
612-3-14 1?2.601 = 3 85 92 16 51 65 33 28 76 66 42 69 20 44 39 64 53 97 56 77 14 
612-4-5 1?1.899 = 4 22 95 55 92 16 59 49 46 71 99 74 25 63 5 
612-3-15 1?2.477 = 3 85 92 16 51 65 33 28 76 66 42 69 75 20 44 39 64 53 97 56 15 
612-3-13 1?2.736 = 3 85 92 16 28 76 66 87 31 80 68 54 36 62 26 91 37 29 19 60 13 
612-3-8 1?2.561 = 3 85 92 51 65 33 28 76 66 87 31 80 78 68 54 90 89 43 27 8 
612-3-9 1?2.491 = 3 85 92 51 65 33 28 76 66 87 31 80 78 68 54 90 36 24 86 9 
612-3-10 1?2.52 = 3 85 92 16 51 65 33 28 76 66 87 31 80 78 68 54 90 36 24 73 79 10 
612-3-11 1?2.383 = 3 85 92 16 28 76 66 87 31 80 68 54 36 24 73 88 23 34 32 84 11 
612-5-6 1?2.003 = 5 63 22 95 55 92 65 51 16 49 46 71 99 74 6 
612-4-7 1?1.999 = 4 22 95 55 46 49 16 28 76 59 50 47 98 96 7 
612-4-6 1?1.941 = 4 22 95 55 46 49 16 28 66 76 59 71 99 74 25 6 
612-4-12 1?2.388 = 4 22 95 55 46 49 59 28 76 66 87 31 80 78 26 91 37 29 19 12 
612-4-14 1?2.305 = 4 22 95 55 46 49 16 51 65 33 38 21 41 30 48 53 97 56 77 14 
612-4-15 1?2.195 = 4 22 95 55 46 49 59 16 51 65 33 38 41 30 48 53 97 56 15 
612-4-13 1?2.615 = 4 22 95 55 46 49 16 51 65 33 28 76 66 42 69 44 20 52 83 60 13 
612-4-8 1?2.42 = 4 22 95 55 46 49 59 28 76 66 87 31 80 68 90 89 43 27 8 
612-4-9 1?2.347 = 4 22 95 55 46 49 59 28 76 66 87 31 80 78 54 36 24 86 9 
612-4-10 1?2.304 = 4 22 95 55 46 49 59 28 76 66 87 31 80 68 54 90 36 24 73 79 10 
612-4-11 1?2.335 = 4 22 95 55 46 49 59 28 76 66 87 31 80 78 26 91 37 29 84 11 
612-6-7 1?2.128 = 6 74 25 63 22 95 55 46 49 59 50 47 98 96 7 
612-5-7 1?1.956 = 5 63 22 95 55 46 49 59 71 99 25 74 98 96 7 
612-6-8 1?2.28 = 6 96 98 47 67 18 89 90 54 36 24 86 17 27 8 
612-5-12 1?2.374 = 5 63 25 74 47 67 18 89 17 86 24 73 62 26 91 37 29 12 
612-5-8 1?2.468 = 5 63 71 46 49 59 28 76 66 87 31 80 68 90 89 43 27 8 
612-5-14 1?2.492 = 5 63 22 95 55 46 49 16 51 65 33 38 21 41 30 48 53 97 56 77 14 
612-5-9 1?2.419 = 5 63 95 55 46 49 59 28 76 66 87 68 54 90 36 24 86 9 
612-5-13 1?2.671 = 5 63 22 95 55 46 49 59 28 76 66 42 69 75 20 44 39 52 83 60 13 
612-5-10 1?2.352 = 5 63 71 46 49 59 28 76 66 87 31 80 68 54 90 36 24 73 79 10 
612-5-11 1?2.359 = 5 63 25 74 47 67 18 43 17 86 24 73 62 26 91 37 29 84 11 
612-5-15 1?2.512 = 5 63 22 95 55 46 49 59 28 76 66 33 51 65 38 41 30 48 53 97 56 15 
612-7-10 1?1.824 = 7 96 98 47 67 18 43 89 90 54 36 24 73 79 10 
612-7-9 1?1.984 = 7 96 98 47 67 18 43 89 90 54 36 24 73 79 9 
612-6-9 1?2.152 = 6 96 98 47 67 18 43 89 90 54 36 24 73 79 9 
612-7-8 1?2.112 = 7 96 98 47 67 18 89 90 54 36 24 86 17 27 8 
612-6-14 1?2.543 = 6 25 74 99 71 46 49 16 51 65 33 38 21 41 30 48 53 97 56 77 14 
612-6-10 1?2.277 = 6 96 98 47 67 72 87 31 80 78 68 54 90 36 24 73 79 10 
612-6-12 1?2.409 = 6 96 98 47 67 18 43 89 17 86 24 73 88 23 34 26 91 37 29 19 12 
612-6-13 1?2.472 = 6 96 98 47 67 18 89 17 86 24 73 62 26 91 37 29 19 60 13 
612-6-11 1?2.192 = 6 96 98 47 67 18 43 89 17 86 24 73 62 26 91 37 29 84 11 
612-7-11 1?2.024 = 7 96 98 47 67 18 43 89 17 86 24 73 62 26 91 37 29 84 11 
612-6-15 1?2.609 = 6 25 74 99 71 46 49 59 76 28 16 51 65 33 38 41 30 48 53 97 56 15 
612-8-10 1?1.812 = 8 27 17 86 24 73 62 26 91 37 29 32 34 23 88 10 
612-8-9 1?2.129 = 8 27 17 86 24 73 62 26 91 37 32 34 23 88 79 9 
612-8-11 1?1.682 = 8 27 43 89 17 86 24 73 62 26 91 37 29 32 84 11 
612-8-12 1?2.279 = 8 27 43 89 90 54 36 24 73 79 88 23 34 32 84 29 37 91 19 12 
612-7-14 1?2.58 = 7 96 98 47 67 18 43 89 90 54 68 78 80 31 75 83 52 45 35 14 
612-8-14 1?2.477 = 8 27 17 86 24 36 90 54 68 78 80 31 75 20 83 52 35 45 14 
612-7-12 1?2.241 = 7 96 98 47 67 18 43 89 17 86 24 73 88 23 34 26 91 37 29 19 12 
612-7-13 1?2.347 = 7 96 98 47 67 18 43 89 17 86 24 73 62 26 91 37 29 19 60 13 
612-8-13 1?2.475 = 8 27 43 89 90 54 36 24 73 79 88 23 34 32 84 29 37 19 60 13 
612-7-15 1?2.559 = 7 96 98 47 67 18 89 90 54 68 78 80 31 75 20 39 64 53 97 56 15 
612-8-15 1?2.516 = 8 27 43 89 17 86 24 36 90 54 68 78 80 31 75 20 39 64 53 97 56 15 
612-9-12 1?1.676 = 9 17 86 24 73 79 88 23 34 32 26 91 37 29 19 12 
612-9-10 1?1.741 = 9 27 17 86 24 73 62 26 91 37 29 32 34 23 88 10 
612-10-12 1?1.674 = 10 79 73 24 86 36 62 88 23 34 26 91 37 29 19 12 
612-9-11 1?1.611 = 9 27 43 89 17 86 24 73 62 26 91 37 29 32 84 11 
612-10-11 1?1.512 = 10 79 86 24 73 88 23 34 32 26 91 37 19 29 84 11 
612-10-14 1?2.116 = 10 79 73 24 36 90 54 68 78 80 31 75 20 83 52 35 14 
612-10-13 1?2.098 = 10 79 73 24 36 90 54 68 80 78 26 91 37 29 19 60 13 
612-9-14 1?2.286 = 9 79 73 24 36 90 54 68 78 80 31 75 20 83 52 45 35 14 
612-9-13 1?2.17 = 9 27 43 89 17 86 24 73 79 88 23 34 32 26 91 37 29 19 60 13 
612-10-15 1?2.08 = 10 79 73 24 36 90 54 68 78 80 31 69 20 39 64 53 97 56 15 
612-9-15 1?2.351 = 9 79 73 24 86 36 90 54 68 78 80 31 75 20 44 39 64 53 97 56 15 
612-11-12 1?1.578 = 11 84 32 34 23 88 79 73 86 24 62 26 91 37 29 12 
612-11-14 1?1.969 = 11 84 32 34 26 91 37 29 19 83 52 45 35 97 56 77 14 
612-12-14 1?2.132 = 12 19 29 37 91 26 62 78 80 31 75 83 52 45 35 14 
612-13-14 1?2.316 = 13 60 19 29 37 91 26 78 80 31 75 83 52 45 35 14 
612-11-13 1?1.996 = 11 23 88 73 24 36 54 68 78 80 31 75 83 60 13 
612-12-13 1?2.106 = 12 29 37 91 26 62 73 24 36 54 68 78 83 60 13 
612-14-15 1?2.208 = 14 35 45 52 83 75 69 20 44 39 64 30 48 53 97 56 15 
612-13-15 1?2.283 = 13 60 19 29 37 91 78 80 31 75 20 39 64 53 97 56 15 
612-12-15 1?2.114 = 12 19 29 37 91 26 78 80 31 75 20 44 39 64 53 97 56 15 
612-11-15 1?2.099 = 11 23 88 73 24 36 54 68 78 80 31 75 20 39 64 53 97 56 15 
stop
