start
874-0-1 1?2.194 = 0 51 97 43 84 25 99 80 63 52 38 61 44 16 58 1 
874-0-4 1?2.404 = 0 51 97 43 84 25 99 44 38 52 63 53 96 67 93 28 65 59 4 
874-0-5 1?2.302 = 0 97 43 84 25 99 44 38 52 63 96 75 45 26 20 69 47 78 42 5 
874-0-6 1?2.395 = 0 51 97 43 84 25 99 44 38 52 63 96 75 45 26 20 69 95 32 6 
874-0-7 1?2.437 = 0 97 43 84 25 99 44 38 52 63 96 75 45 26 72 27 22 70 94 56 7 
874-0-9 1?2.477 = 0 97 43 84 25 99 80 53 75 45 26 72 27 82 19 64 68 86 9 
874-0-2 1?2.014 = 0 51 97 43 84 25 99 44 38 52 61 21 39 18 24 2 
874-0-3 1?2.061 = 0 51 97 43 84 25 99 80 53 96 63 38 52 61 21 3 
874-0-10 1?2.446 = 0 97 62 23 41 54 36 91 30 87 90 57 17 98 34 48 74 49 35 10 
874-0-11 1?2.41 = 0 51 97 43 84 23 41 54 36 91 30 87 90 57 17 98 34 48 74 11 
874-0-8 1?2.498 = 0 97 43 84 25 99 44 38 52 63 96 75 45 26 72 22 27 94 82 66 8 
874-0-13 1?2.439 = 0 97 62 23 41 54 36 91 30 87 90 17 98 57 33 85 92 13 
874-0-15 1?2.369 = 0 97 43 84 25 99 44 38 52 63 80 88 54 41 76 15 
874-0-14 1?2.464 = 0 97 43 84 25 99 44 38 52 63 80 88 54 41 83 14 
874-0-12 1?2.152 = 0 97 62 23 41 54 36 91 30 87 90 57 17 98 34 48 33 12 
874-1-2 1?2.09 = 1 58 16 25 84 99 80 63 52 38 61 21 39 18 24 2 
874-1-4 1?2.279 = 1 58 16 25 84 99 44 38 52 63 80 53 96 67 93 59 65 4 
874-1-3 1?2.135 = 1 58 16 25 84 99 80 53 96 63 52 38 44 61 21 3 
874-1-6 1?2.352 = 1 58 16 25 84 99 44 38 52 63 96 75 45 26 20 69 95 32 6 
874-1-8 1?2.504 = 1 58 16 99 44 38 52 63 96 75 45 26 72 22 27 37 40 19 64 66 8 
874-1-5 1?2.367 = 1 58 16 25 84 99 44 38 52 63 96 75 45 26 20 69 47 78 42 5 
874-1-7 1?2.524 = 1 58 43 84 25 99 44 38 52 63 96 75 45 26 72 27 22 70 94 56 7 
874-1-13 1?2.536 = 1 58 16 25 84 43 97 62 23 41 54 36 91 30 87 85 92 13 
874-1-12 1?2.342 = 1 97 62 23 41 54 36 91 30 87 90 57 17 98 34 48 33 12 
874-2-4 1?1.887 = 2 24 18 39 21 61 44 38 52 63 96 67 93 65 59 4 
874-1-15 1?2.326 = 1 58 24 18 39 21 61 44 99 25 84 43 97 51 77 15 
874-2-6 1?2.168 = 2 24 18 39 21 61 38 52 63 53 75 45 26 20 69 95 32 6 
874-1-9 1?2.426 = 1 58 16 44 38 52 63 96 75 45 26 72 22 27 37 40 19 64 68 86 9 
874-1-10 1?2.57 = 1 58 16 25 84 43 23 41 54 36 91 30 87 90 17 98 34 48 74 10 
874-2-3 1?2.079 = 2 24 18 39 21 61 38 52 63 96 67 93 59 65 28 3 
874-1-14 1?2.59 = 1 58 16 44 38 52 63 80 99 25 84 43 23 54 41 83 14 
874-2-5 1?2.183 = 2 24 18 39 21 61 38 52 63 53 75 45 26 20 69 47 78 42 5 
874-1-11 1?2.395 = 1 58 25 84 43 23 41 54 36 91 30 87 90 57 17 98 34 48 74 11 
874-2-12 1?2.42 = 2 24 16 25 84 43 23 41 54 36 91 30 87 90 17 57 33 12 
874-2-13 1?2.678 = 2 24 18 39 21 61 44 38 52 63 80 53 46 60 91 30 85 92 13 
874-3-4 1?1.927 = 3 21 39 18 61 38 52 63 80 53 96 67 93 59 65 4 
874-3-5 1?1.853 = 3 21 61 38 52 63 53 75 45 26 20 69 47 78 42 5 
874-2-9 1?2.336 = 2 24 18 44 38 63 96 75 45 26 72 22 27 37 40 19 64 68 86 9 
874-2-10 1?2.447 = 2 18 44 38 52 63 96 75 45 26 72 22 27 37 40 79 31 89 49 35 10 
874-2-15 1?2.379 = 2 24 18 39 21 61 52 63 38 44 99 25 84 43 97 51 77 15 
874-2-14 1?2.527 = 2 24 18 39 21 61 52 38 44 99 25 84 43 23 54 41 83 14 
874-2-7 1?2.22 = 2 24 18 39 21 61 38 52 63 96 75 45 26 72 27 22 70 94 56 7 
874-2-8 1?2.384 = 2 24 18 39 21 61 38 52 63 96 75 45 26 72 22 27 82 19 64 66 8 
874-2-11 1?2.493 = 2 24 16 25 84 43 23 41 54 36 91 30 87 90 57 17 98 34 48 74 11 
874-3-6 1?1.869 = 3 21 61 44 38 52 63 96 75 45 26 20 69 95 32 6 
874-4-5 1?1.797 = 4 59 65 28 93 67 75 45 26 20 69 47 78 42 5 
874-3-13 1?2.805 = 3 21 39 18 24 16 25 84 43 23 41 54 36 91 30 90 87 85 92 13 
874-3-12 1?2.569 = 3 21 61 38 52 63 80 46 60 91 30 87 90 57 17 98 34 48 33 12 
874-3-10 1?2.413 = 3 21 61 38 52 63 96 75 45 26 72 22 27 82 19 64 79 31 89 49 35 10 
874-3-9 1?2.334 = 3 21 61 38 52 63 80 53 75 45 26 72 22 27 37 40 19 64 68 86 9 
874-3-8 1?2.263 = 3 21 61 44 38 52 63 96 75 45 26 72 22 27 37 40 19 64 66 8 
874-3-15 1?2.58 = 3 28 65 59 93 67 96 63 52 38 44 99 25 84 43 97 51 77 15 
874-3-14 1?2.817 = 3 21 39 18 61 38 52 63 53 80 99 25 84 43 62 23 54 41 83 14 
874-3-7 1?2.345 = 3 21 39 18 44 38 52 63 80 53 75 45 26 72 27 22 70 94 56 7 
874-3-11 1?2.572 = 3 21 61 44 38 52 63 53 46 60 91 30 87 90 17 57 98 34 48 74 11 
874-4-6 1?1.855 = 4 65 59 93 67 52 38 63 96 75 45 26 20 69 32 6 
874-5-6 1?1.904 = 5 42 78 47 69 20 45 26 72 27 22 70 94 56 95 32 6 
874-4-13 1?2.819 = 4 65 59 93 67 96 63 52 38 44 99 25 84 43 23 41 54 36 85 92 13 
874-4-8 1?2.095 = 4 65 59 93 67 96 75 45 26 72 22 27 37 40 19 64 66 8 
874-4-12 1?2.635 = 4 65 93 67 52 38 63 53 46 60 91 30 87 90 17 98 34 48 33 12 
874-4-10 1?2.264 = 4 65 59 93 67 96 75 45 26 72 22 27 37 40 79 31 89 49 35 10 
874-4-9 1?2.213 = 4 65 59 50 78 47 69 20 45 26 72 22 27 37 40 19 64 68 86 9 
874-4-7 1?2.116 = 4 65 59 93 67 52 38 63 96 75 45 26 72 27 22 70 94 56 7 
874-4-14 1?2.583 = 4 65 59 93 67 96 63 52 38 44 99 25 84 43 23 54 41 83 14 
874-4-15 1?2.498 = 4 65 59 93 67 96 53 80 63 52 38 44 99 25 84 43 97 51 77 15 
874-4-11 1?2.415 = 4 65 93 67 52 38 63 53 46 60 30 87 90 17 98 34 48 74 11 
874-6-7 1?1.962 = 6 32 69 20 45 26 72 27 37 40 19 64 66 56 7 
874-5-7 1?1.954 = 5 42 78 47 69 20 26 72 22 27 82 19 64 66 56 7 
874-6-8 1?1.958 = 6 32 95 69 20 45 26 72 70 22 27 37 40 19 64 66 8 
874-5-8 1?1.973 = 5 42 78 47 69 20 45 26 72 22 27 94 82 40 19 64 66 8 
874-5-13 1?2.786 = 5 42 78 47 69 20 26 45 75 96 52 38 63 80 53 46 60 91 85 92 13 
874-5-12 1?2.524 = 5 42 78 47 69 20 45 26 72 22 27 37 71 81 17 98 34 48 33 12 
874-5-9 1?2.2 = 5 42 78 47 69 20 45 26 72 22 27 37 71 40 79 19 64 68 86 9 
874-5-10 1?2.208 = 5 42 78 47 69 20 45 26 72 22 27 37 40 19 64 79 31 89 49 35 10 
874-5-11 1?2.379 = 5 42 78 47 69 20 45 26 72 22 27 37 71 81 17 98 34 48 74 11 
874-5-15 1?2.538 = 5 42 78 47 69 20 26 45 75 96 52 38 44 99 25 84 43 97 51 77 15 
874-5-14 1?2.768 = 5 42 78 47 69 20 26 45 75 96 63 52 38 44 99 25 84 23 41 83 14 
874-7-10 1?1.784 = 7 56 94 70 22 27 37 40 19 64 68 86 89 49 35 10 
874-7-9 1?1.833 = 7 56 94 70 20 45 26 72 22 27 82 19 64 68 86 9 
874-7-8 1?1.895 = 7 56 94 70 20 45 26 72 22 27 37 40 19 64 66 8 
874-6-9 1?2.06 = 6 32 42 78 47 69 20 45 26 72 22 27 37 40 19 64 68 86 9 
874-6-13 1?2.739 = 6 32 95 56 66 19 64 79 31 89 49 74 48 34 98 17 90 87 85 92 13 
874-6-10 1?2.135 = 6 32 69 20 45 26 72 22 27 37 40 19 64 68 86 89 49 35 10 
874-6-12 1?2.484 = 6 32 95 56 66 64 19 40 79 31 89 49 74 48 34 98 17 57 33 12 
874-7-11 1?2.283 = 7 56 94 70 22 27 37 40 19 64 68 86 31 89 49 74 34 48 11 
874-6-11 1?2.303 = 6 32 69 20 45 26 72 22 27 37 71 81 17 57 98 34 48 11 
874-6-14 1?2.712 = 6 32 69 20 26 45 75 96 63 52 38 44 99 25 84 23 54 41 83 14 
874-6-15 1?2.571 = 6 32 95 69 20 26 45 75 96 63 52 38 44 99 25 84 43 97 51 77 15 
874-8-10 1?1.873 = 8 66 82 94 70 22 27 37 40 19 64 79 31 89 49 35 10 
874-8-9 1?2.007 = 8 66 82 94 70 22 27 37 40 19 64 68 86 89 49 9 
874-8-12 1?2.147 = 8 66 19 64 68 86 31 89 49 74 48 34 98 17 90 57 33 12 
874-8-11 1?1.957 = 8 66 19 64 68 86 89 49 74 48 34 98 57 33 11 
874-7-13 1?2.493 = 7 56 66 19 64 68 86 89 49 74 48 34 98 17 90 87 85 92 13 
874-7-12 1?2.386 = 7 56 66 64 19 40 79 31 89 49 74 48 34 98 17 90 57 33 12 
874-8-13 1?2.352 = 8 66 64 19 40 79 31 89 49 74 48 34 98 17 57 90 87 85 92 13 
874-8-15 1?2.619 = 8 66 19 79 31 89 49 74 48 34 98 17 90 87 30 91 36 83 76 15 
874-8-14 1?2.471 = 8 64 68 86 31 89 49 74 48 34 98 17 90 87 30 91 36 83 14 
874-7-14 1?2.681 = 7 56 66 64 79 31 89 49 74 48 34 98 17 90 30 91 36 83 14 
874-7-15 1?2.623 = 7 56 94 27 22 72 26 45 75 96 63 38 44 99 25 84 43 97 51 77 15 
874-10-13 1?1.86 = 10 35 74 48 34 98 17 57 90 87 30 91 36 85 92 13 
874-10-12 1?1.908 = 10 35 49 89 31 29 74 48 34 98 17 90 87 57 33 12 
874-9-10 1?1.884 = 9 86 68 64 19 82 94 70 22 27 37 40 79 31 49 35 10 
874-9-12 1?1.952 = 9 86 68 64 19 40 79 31 89 49 74 48 34 98 17 57 33 12 
874-9-13 1?2.124 = 9 86 31 89 49 74 48 34 98 17 57 90 87 30 91 85 92 13 
874-9-11 1?1.837 = 9 86 68 64 19 40 79 31 89 49 35 74 98 34 48 11 
874-10-11 1?1.966 = 10 35 49 89 31 86 68 64 19 40 29 98 34 48 74 11 
874-10-14 1?2.212 = 10 35 49 89 31 29 74 48 34 98 17 90 87 30 91 36 83 14 
874-9-14 1?2.335 = 9 86 89 49 35 74 48 34 98 17 57 90 87 30 91 36 83 14 
874-9-15 1?2.444 = 9 86 31 89 49 74 48 34 98 17 90 87 30 91 36 54 41 76 15 
874-10-15 1?2.502 = 10 35 49 89 31 29 74 48 34 98 17 90 87 30 91 36 54 41 76 15 
874-11-12 1?2.128 = 11 74 48 34 98 17 57 90 87 30 60 91 36 85 92 12 
874-12-13 1?1.884 = 12 33 34 48 74 98 17 57 90 87 30 91 36 85 92 13 
874-11-13 1?1.823 = 11 74 48 34 98 17 57 90 87 30 60 91 36 85 92 13 
874-13-15 1?2.225 = 13 92 85 33 48 34 98 17 90 87 30 91 36 83 76 15 
874-13-14 1?2.139 = 13 92 85 33 48 34 98 17 57 90 87 30 91 36 83 14 
874-14-15 1?2.423 = 14 55 85 33 48 34 98 17 90 87 30 91 36 83 76 15 
874-12-15 1?2.016 = 12 33 48 34 98 17 57 90 87 30 91 36 54 41 76 15 
874-12-14 1?2.111 = 12 33 48 34 98 17 57 90 87 30 91 36 54 41 83 14 
874-11-15 1?2.034 = 11 74 48 34 98 17 57 90 87 30 91 36 54 41 23 76 15 
874-11-14 1?2.098 = 11 74 48 34 98 17 57 90 87 30 91 36 54 41 76 83 14 
stop
