start
788-0-2 1?2.374 = 0 42 44 97 78 98 79 91 51 47 76 54 38 94 73 40 2 
788-0-4 1?2.212 = 0 42 78 98 24 79 91 51 76 54 50 52 21 66 77 81 4 
788-0-3 1?2.358 = 0 42 78 98 24 79 91 51 76 54 50 52 21 66 77 81 3 
788-0-1 1?2.18 = 0 42 82 24 79 91 51 76 54 38 94 73 40 92 83 69 1 
788-0-7 1?2.607 = 0 42 78 98 24 79 91 51 76 47 75 84 48 95 85 89 27 93 80 86 7 
788-0-8 1?2.505 = 0 42 82 24 79 91 51 47 75 25 84 48 95 85 89 46 36 37 43 72 8 
788-0-5 1?2.55 = 0 42 44 97 78 98 24 79 91 51 76 54 50 52 21 66 16 35 65 5 
788-0-6 1?2.662 = 0 82 98 24 79 91 51 76 47 75 25 84 48 95 85 60 63 96 30 61 6 
788-0-9 1?2.43 = 0 82 24 79 91 51 76 47 75 25 84 48 95 85 89 36 46 19 20 9 
788-0-10 1?2.607 = 0 82 24 79 91 51 76 47 75 25 84 48 95 85 89 36 46 19 20 10 
788-0-11 1?2.486 = 0 42 44 97 78 98 24 79 91 99 39 29 31 49 56 88 57 17 11 
788-0-13 1?1.958 = 0 82 24 79 99 39 29 56 31 49 67 68 33 59 13 
788-1-4 1?1.925 = 1 69 83 92 40 73 38 94 50 52 21 87 66 77 81 4 
788-0-15 1?2.243 = 0 42 82 24 79 91 99 39 29 31 49 67 68 26 97 15 
788-0-14 1?2.104 = 0 42 82 24 79 91 99 39 29 31 49 67 68 71 33 14 
788-1-3 1?2.071 = 1 69 83 92 40 73 38 94 50 52 21 87 66 77 81 3 
788-1-2 1?2.344 = 1 69 83 92 70 38 94 50 52 21 87 16 66 73 40 2 
788-0-12 1?2.293 = 0 82 24 79 91 99 39 29 62 88 56 31 49 67 68 53 64 74 12 
788-1-8 1?2.404 = 1 69 83 92 40 73 94 50 52 21 75 25 84 48 95 85 89 27 93 72 8 
788-1-7 1?2.518 = 1 69 83 92 40 73 94 38 54 76 47 75 84 48 95 85 60 63 58 86 7 
788-1-5 1?2.286 = 1 69 83 92 70 40 73 94 38 50 52 21 87 66 77 16 35 65 5 
788-1-6 1?2.471 = 1 69 83 92 70 40 73 94 38 54 76 47 50 52 21 87 23 96 30 61 6 
788-2-4 1?2.082 = 2 40 73 94 38 54 76 51 47 50 21 66 77 81 4 
788-1-12 1?2.267 = 1 83 92 70 54 76 51 91 79 99 39 29 62 56 88 64 74 12 
788-2-3 1?2.25 = 2 40 73 38 94 50 52 21 87 23 34 16 66 77 81 3 
788-2-5 1?2.084 = 2 40 73 38 94 50 52 21 87 66 77 81 35 65 5 
788-2-6 1?2.09 = 2 83 92 40 73 38 94 50 52 21 87 23 96 30 61 6 
788-1-14 1?2.151 = 1 69 83 92 40 73 94 38 54 76 51 91 79 24 98 26 14 
788-1-9 1?2.416 = 1 69 83 92 40 73 94 52 21 75 25 84 48 95 85 89 36 46 19 9 
788-1-15 1?2.09 = 1 83 92 40 73 94 38 54 76 51 91 79 24 98 78 97 15 
788-1-13 1?2.133 = 1 83 92 70 54 76 47 99 39 29 31 49 67 68 71 33 59 13 
788-1-10 1?2.561 = 1 69 83 92 70 54 76 47 75 25 84 48 95 85 89 36 46 19 20 10 
788-1-11 1?2.401 = 1 83 92 40 73 94 38 54 76 47 99 39 29 62 56 88 57 17 11 
788-3-4 1?2.083 = 3 73 94 38 54 76 47 50 52 21 87 66 77 81 4 
788-2-12 1?2.327 = 2 40 73 94 38 54 76 51 91 79 99 39 29 62 56 88 64 53 74 12 
788-3-5 1?2.142 = 3 73 94 38 54 76 47 50 52 21 66 77 35 65 5 
788-2-8 1?2.352 = 2 40 73 94 38 54 76 47 75 25 84 48 95 85 89 27 93 72 43 8 
788-2-9 1?2.311 = 2 40 73 94 38 54 76 47 75 25 84 48 95 85 89 36 46 19 9 
788-2-7 1?2.566 = 2 40 73 94 38 54 76 47 75 25 84 48 95 85 89 27 93 80 58 86 7 
788-2-14 1?2.243 = 2 40 73 94 38 54 76 51 99 39 31 49 67 68 71 33 14 
788-2-13 1?2.112 = 2 40 73 38 54 76 51 99 39 29 31 49 67 68 71 33 59 13 
788-2-15 1?2.211 = 2 40 73 38 94 52 50 47 76 51 91 79 24 98 78 97 44 15 
788-2-10 1?2.462 = 2 40 73 94 52 21 75 25 84 48 95 85 89 36 46 19 20 10 
788-2-11 1?2.396 = 2 40 73 94 38 54 76 51 91 24 79 99 39 29 62 56 88 57 17 11 
788-3-12 1?2.326 = 3 73 94 38 54 76 51 99 39 29 62 88 56 31 49 67 53 74 12 
788-3-8 1?2.262 = 3 73 94 38 54 76 47 75 84 48 95 85 89 27 93 72 43 8 
788-4-5 1?2.116 = 4 81 77 16 66 73 38 94 50 52 21 87 23 34 65 5 
788-3-7 1?2.36 = 3 73 94 38 54 76 47 75 25 84 48 95 85 89 27 93 80 86 7 
788-3-6 1?2.153 = 3 81 77 66 73 38 94 50 52 21 87 23 96 30 61 6 
788-3-14 1?2.299 = 3 73 94 38 54 76 51 91 79 99 39 29 31 49 67 68 33 14 
788-3-9 1?2.377 = 3 73 94 38 54 76 47 75 84 48 95 85 89 36 46 90 19 20 9 
788-3-15 1?2.247 = 3 81 77 66 21 52 50 47 76 51 91 79 24 98 78 97 44 15 
788-3-10 1?2.461 = 3 73 94 38 54 76 47 75 84 48 95 85 89 36 46 19 20 10 
788-3-13 1?2.253 = 3 73 94 38 54 76 51 91 79 39 29 62 56 31 49 67 68 71 33 59 13 
788-3-11 1?2.461 = 3 73 94 38 54 76 47 51 91 24 79 99 39 29 62 56 88 57 17 11 
788-4-12 1?2.367 = 4 81 77 66 21 52 50 47 76 51 99 39 29 62 56 88 64 53 74 12 
788-4-7 1?2.204 = 4 81 77 66 52 21 75 25 84 48 95 85 89 27 93 80 86 7 
788-4-8 1?2.143 = 4 81 77 66 52 50 21 87 41 84 48 95 85 89 27 93 72 8 
788-4-6 1?2.007 = 4 81 77 66 73 38 94 50 52 21 87 23 96 30 61 6 
788-5-6 1?2.043 = 5 65 35 16 77 66 52 50 21 87 23 34 96 30 61 6 
788-4-9 1?2.221 = 4 81 77 66 52 21 75 84 48 95 85 89 36 46 90 19 20 9 
788-4-14 1?2.344 = 4 81 77 66 52 50 47 76 51 99 39 29 31 49 67 68 71 33 14 
788-4-15 1?2.344 = 4 81 77 66 87 21 52 50 54 76 47 51 91 79 24 98 78 97 44 15 
788-4-11 1?2.337 = 4 81 77 66 21 52 50 54 76 51 99 39 29 62 56 88 57 17 11 
788-4-10 1?2.399 = 4 81 77 66 21 52 50 75 25 84 48 95 85 89 36 46 19 20 10 
788-4-13 1?2.324 = 4 81 77 66 52 50 54 76 51 99 39 29 62 56 31 49 67 68 71 33 59 13 
788-5-7 1?2.157 = 5 35 16 66 52 21 75 25 84 48 95 85 60 80 86 7 
788-6-7 1?2.001 = 6 30 96 63 60 89 46 36 37 43 72 27 93 80 86 7 
788-6-8 1?1.87 = 6 61 30 96 63 60 93 27 36 46 90 19 37 43 72 8 
788-5-12 1?2.409 = 5 35 16 66 52 50 54 76 51 99 39 29 62 56 88 64 53 74 12 
788-5-8 1?2.157 = 5 35 65 34 23 41 84 48 95 85 89 90 46 36 37 43 8 
788-5-9 1?2.251 = 5 65 35 16 66 52 21 75 25 84 48 95 85 89 36 46 19 9 
788-5-14 1?2.436 = 5 65 35 16 66 21 52 50 47 99 39 29 31 49 67 68 71 33 14 
788-5-13 1?2.367 = 5 35 16 66 21 52 50 54 76 51 99 39 29 31 49 67 68 71 33 59 13 
788-5-11 1?2.43 = 5 65 16 66 21 52 50 54 76 51 99 39 29 62 56 88 57 17 11 
788-5-15 1?2.439 = 5 65 35 81 77 66 21 52 50 54 76 51 91 79 24 98 78 97 44 15 
788-5-10 1?2.513 = 5 35 16 66 21 52 50 75 25 84 48 95 85 89 36 46 19 20 10 
788-7-9 1?1.785 = 7 86 80 60 89 27 93 72 43 37 36 46 90 19 20 9 
788-7-8 1?1.842 = 7 86 58 63 60 89 93 27 36 46 90 19 37 43 72 8 
788-6-12 1?2.445 = 6 61 30 96 23 41 48 84 25 99 39 29 62 56 31 49 67 53 74 12 
788-7-10 1?1.972 = 7 86 58 63 60 89 27 93 72 43 37 36 46 19 20 10 
788-6-9 1?2.046 = 6 61 30 58 63 60 89 27 93 72 43 37 36 46 90 19 20 9 
788-6-14 1?2.444 = 6 61 30 96 23 41 48 84 25 75 99 39 29 31 49 67 68 71 33 14 
788-7-11 1?2.396 = 7 86 80 60 85 95 48 84 25 99 39 29 31 49 56 88 57 17 11 
788-6-13 1?2.397 = 6 30 96 23 41 48 84 25 75 99 39 29 62 56 31 49 67 68 71 33 59 13 
788-6-10 1?2.422 = 6 61 30 58 86 80 63 60 89 27 93 72 43 37 36 46 90 19 20 10 
788-6-15 1?2.512 = 6 30 96 63 60 85 95 48 84 75 47 76 51 91 79 24 98 78 97 44 15 
788-6-11 1?2.492 = 6 61 30 96 63 60 85 95 48 84 25 99 39 29 62 56 88 57 17 11 
788-8-12 1?1.949 = 8 72 43 37 36 46 90 22 28 57 17 64 53 74 12 
788-8-9 1?1.918 = 8 43 27 93 60 48 95 85 89 36 46 90 19 20 9 
788-7-12 1?2.273 = 7 86 80 60 85 95 48 84 25 99 39 29 62 56 88 64 53 74 12 
788-8-10 1?2.061 = 8 72 43 27 93 60 48 84 95 85 89 36 19 20 10 
788-8-11 1?1.998 = 8 43 37 36 46 90 22 28 55 62 56 88 57 17 11 
788-7-13 1?2.156 = 7 80 60 85 95 48 84 25 99 39 29 31 49 67 68 71 33 59 13 
788-8-13 1?2.107 = 8 72 43 37 36 46 90 22 28 55 62 88 56 31 49 67 68 33 59 13 
788-7-14 1?2.373 = 7 86 80 60 85 95 48 84 25 75 99 39 29 31 49 67 68 71 33 14 
788-8-15 1?2.324 = 8 72 43 37 36 46 90 32 55 62 88 56 31 49 67 68 26 97 44 15 
788-8-14 1?2.326 = 8 72 43 37 36 46 90 32 55 88 56 62 29 39 31 49 67 68 71 33 14 
788-7-15 1?2.515 = 7 86 80 93 27 89 85 95 48 84 25 75 47 76 51 91 79 24 98 78 97 44 15 
788-10-12 1?2.026 = 10 22 28 88 56 62 29 39 31 49 67 68 53 74 12 
788-9-12 1?1.943 = 9 19 36 46 90 22 28 88 56 31 49 67 53 74 12 
788-9-10 1?2.094 = 9 20 19 37 43 72 93 27 36 46 90 32 55 28 22 10 
788-9-11 1?1.99 = 9 20 19 36 46 90 22 28 55 62 56 88 57 17 11 
788-10-13 1?1.98 = 10 22 28 55 88 56 62 29 39 31 49 67 68 71 33 59 13 
788-10-11 1?2.157 = 10 20 19 43 72 93 27 36 46 90 22 28 57 17 11 
788-9-13 1?1.859 = 9 19 36 46 90 32 55 88 56 31 49 67 68 71 33 59 13 
788-10-14 1?2.3 = 10 20 19 36 46 90 32 55 62 88 56 31 49 67 68 71 33 14 
788-9-14 1?2.215 = 9 20 19 36 46 90 22 28 55 62 88 56 31 49 67 68 71 33 14 
788-10-15 1?2.374 = 10 22 28 55 99 39 29 62 88 56 31 49 67 68 26 97 44 15 
788-9-15 1?2.293 = 9 20 19 36 46 90 32 55 62 88 56 31 49 67 68 26 97 44 15 
788-11-13 1?1.68 = 11 17 57 88 56 29 39 31 49 67 68 71 33 59 13 
788-12-13 1?1.688 = 12 74 64 88 56 62 29 39 31 49 67 68 71 59 13 
788-11-12 1?1.818 = 11 17 57 88 56 62 29 39 31 49 67 64 74 12 
788-13-14 1?1.873 = 13 59 33 71 68 67 49 31 29 39 99 79 98 26 14 
788-12-14 1?1.828 = 12 74 53 64 88 56 29 39 31 49 67 68 71 33 14 
788-12-15 1?1.947 = 12 74 64 88 56 62 29 39 99 79 24 98 78 97 15 
788-14-15 1?1.964 = 14 33 71 68 67 49 31 29 39 79 24 98 78 97 15 
788-13-15 1?1.805 = 13 59 33 71 68 67 49 31 29 39 79 98 78 97 15 
788-11-14 1?2.055 = 11 17 57 88 56 62 29 99 39 31 49 67 68 71 33 59 14 
788-11-15 1?2.122 = 11 17 57 88 56 62 29 99 39 31 49 67 68 26 97 44 15 
stop
