start
22-0-1 1?1.846 = 0 61 16 36 57 86 29 60 18 87 83 88 95 46 41 1 
22-0-2 1?1.737 = 0 61 16 36 57 86 29 60 18 95 41 46 91 78 2 
22-0-3 1?1.658 = 0 61 16 88 83 87 60 18 95 41 46 91 23 43 31 3 
22-0-4 1?2.165 = 0 61 16 36 83 87 60 18 88 41 46 91 78 23 43 31 77 28 4 
22-0-5 1?2.154 = 0 61 16 88 83 87 18 60 51 73 20 40 74 58 67 47 50 98 89 5 
22-0-6 1?2.38 = 0 61 16 88 83 87 18 60 34 51 73 20 40 74 58 67 47 50 98 89 54 6 
22-0-7 1?2.584 = 0 61 16 88 83 87 18 60 51 73 20 40 58 74 47 50 98 89 54 63 7 
22-0-8 1?2.587 = 0 61 16 88 83 87 18 60 51 73 20 40 74 58 67 22 63 21 72 59 8 
22-0-9 1?2.485 = 0 61 16 88 83 87 18 60 29 55 82 30 44 27 97 80 94 38 85 39 9 
22-0-10 1?2.378 = 0 61 16 88 83 87 60 29 86 55 82 30 44 27 97 80 94 81 33 10 
22-0-11 1?2.248 = 0 61 16 88 83 87 18 60 29 86 55 82 30 44 35 27 99 84 11 
22-0-12 1?2.224 = 0 61 16 88 83 87 18 60 29 86 55 82 30 44 27 35 17 12 
22-0-13 1?2.081 = 0 61 16 88 83 87 18 60 29 86 93 49 71 75 68 19 13 
22-0-14 1?2.059 = 0 61 16 88 83 18 60 29 86 55 82 79 49 71 70 14 
22-0-15 1?1.842 = 0 61 16 88 83 18 60 29 86 93 79 49 71 53 15 
22-1-2 1?2.005 = 1 16 61 96 36 87 60 18 83 88 95 41 46 91 78 2 
22-1-3 1?1.797 = 1 88 83 87 60 18 95 41 46 91 78 23 43 31 77 3 
22-1-4 1?2.416 = 1 61 16 36 87 60 18 83 88 41 46 91 78 23 43 31 77 28 4 
22-1-5 1?2.358 = 1 88 83 87 18 60 29 86 55 45 73 20 40 58 74 47 50 98 5 
22-1-6 1?2.347 = 1 88 83 18 87 60 51 73 20 40 64 74 58 67 47 50 98 89 54 6 
22-1-7 1?2.586 = 1 88 83 87 18 60 51 73 20 40 58 74 47 50 98 89 54 22 21 63 7 
22-1-8 1?2.636 = 1 88 83 87 18 60 29 86 55 82 30 97 80 94 38 85 39 56 66 8 
22-1-9 1?2.516 = 1 88 83 87 18 60 29 86 55 82 30 44 35 27 97 80 94 38 85 39 9 
22-1-10 1?2.472 = 1 88 83 87 18 60 29 86 55 82 30 44 27 97 80 94 38 85 81 33 10 
22-1-11 1?2.637 = 1 41 46 95 88 83 87 18 60 29 86 55 45 82 30 44 35 27 99 84 11 
22-1-12 1?2.613 = 1 41 46 95 88 83 87 18 60 29 86 55 45 82 30 44 27 35 17 12 
22-1-13 1?2.407 = 1 88 83 87 18 60 29 86 55 82 30 44 27 35 17 26 42 19 13 
22-1-14 1?2.282 = 1 88 83 87 18 60 29 86 55 45 82 79 93 49 71 70 14 
22-1-15 1?2.081 = 1 41 46 95 88 83 87 18 60 29 86 93 79 49 71 53 15 
22-2-3 1?1.891 = 2 78 46 41 88 83 87 18 60 34 92 91 23 43 31 3 
22-2-4 1?1.96 = 2 78 91 46 41 88 83 87 18 60 34 92 43 31 77 28 4 
22-2-5 1?2.083 = 2 78 91 23 43 31 52 24 32 20 40 74 58 67 47 50 98 5 
22-2-6 1?2.098 = 2 78 91 23 43 31 77 52 24 64 74 58 67 47 50 98 89 54 6 
22-2-7 1?2.512 = 2 78 91 46 41 95 18 83 87 60 51 73 20 40 74 58 67 22 21 63 7 
22-2-8 1?2.525 = 2 78 91 23 43 31 77 52 24 32 20 40 74 58 67 22 63 21 59 8 
22-2-9 1?2.518 = 2 78 91 46 41 95 18 60 29 86 55 82 30 97 80 94 38 85 39 9 
22-2-10 1?2.516 = 2 78 91 46 41 95 18 60 29 86 55 82 30 44 27 97 80 94 81 33 10 
22-2-11 1?2.467 = 2 78 91 46 41 88 83 87 18 60 29 86 55 82 30 44 35 27 99 84 11 
22-2-12 1?2.495 = 2 78 91 46 41 88 83 87 18 60 29 86 93 49 71 75 68 19 26 42 12 
22-2-13 1?2.354 = 2 78 23 91 46 41 95 88 83 18 60 29 86 93 49 71 75 68 13 
22-2-14 1?2.147 = 2 78 91 46 41 95 88 83 87 18 60 29 86 93 49 71 53 70 14 
22-2-15 1?1.852 = 2 78 91 46 41 95 18 83 87 60 29 86 93 49 71 53 15 
22-3-4 1?2.111 = 3 43 31 77 52 64 32 40 74 58 67 47 50 98 28 4 
22-3-5 1?1.902 = 3 23 43 31 77 52 24 64 74 58 67 47 50 98 89 5 
22-3-6 1?1.923 = 3 23 43 31 77 52 64 74 58 67 47 50 98 89 54 6 
22-3-7 1?2.117 = 3 31 77 52 64 74 58 67 47 50 98 89 54 22 63 7 
22-3-8 1?2.603 = 3 43 31 77 52 24 64 74 58 67 47 50 98 89 54 22 63 21 72 59 8 
22-3-9 1?2.679 = 3 31 52 64 74 58 67 47 50 98 89 54 22 63 21 72 25 48 56 66 9 
22-3-10 1?2.648 = 3 23 91 46 41 95 18 83 87 60 29 86 55 82 30 97 80 94 81 33 10 
22-3-11 1?2.542 = 3 23 91 46 41 88 83 87 18 60 29 86 55 82 30 44 27 99 84 11 
22-3-12 1?2.566 = 3 31 43 23 78 91 46 41 88 83 87 18 60 29 86 79 65 26 42 12 
22-3-13 1?2.461 = 3 31 43 23 78 46 41 88 83 87 18 60 29 86 93 49 71 75 68 13 
22-3-14 1?2.301 = 3 31 43 23 91 46 41 95 88 83 87 18 60 29 86 93 49 71 75 14 
22-3-15 1?2.232 = 3 31 43 23 91 46 41 95 88 83 18 60 29 86 93 49 71 53 15 
22-4-5 1?1.967 = 4 28 77 31 43 52 24 64 74 58 67 47 50 98 89 54 5 
22-4-6 1?1.997 = 4 28 77 31 43 52 24 64 74 58 67 47 50 98 89 54 6 
22-4-7 1?2.171 = 4 28 52 24 64 74 58 67 47 50 98 89 54 22 21 63 7 
22-4-8 1?2.535 = 4 28 52 24 32 40 74 58 67 47 50 98 89 54 22 63 21 72 59 8 
22-4-9 1?2.607 = 4 28 52 24 64 74 58 67 47 50 98 89 54 22 63 21 72 48 56 66 9 
22-4-10 1?2.668 = 4 28 52 24 32 51 73 45 55 82 30 44 27 97 80 94 38 81 33 10 
22-4-11 1?2.71 = 4 28 77 31 43 23 91 46 95 18 60 29 55 82 30 44 27 99 84 11 
22-4-12 1?2.703 = 4 28 77 31 43 23 91 46 41 88 83 87 18 60 29 86 79 65 26 42 12 
22-4-13 1?2.566 = 4 28 77 31 43 23 91 46 95 18 83 87 60 29 86 93 49 71 75 68 13 
22-4-14 1?2.427 = 4 28 77 31 43 23 91 46 41 95 18 83 87 60 29 86 93 49 71 70 14 
22-4-15 1?2.348 = 4 28 77 31 43 23 91 46 95 18 83 87 60 29 86 93 49 71 53 15 
22-5-6 1?2.253 = 5 89 98 50 47 67 58 74 64 40 20 76 22 21 63 6 
22-5-7 1?2.16 = 5 89 98 50 47 67 58 74 64 40 20 76 22 21 63 7 
22-5-8 1?2.172 = 5 54 89 98 50 47 67 58 74 40 20 76 22 63 21 59 8 
22-5-9 1?2.405 = 5 89 98 50 47 67 58 74 40 20 76 22 63 21 72 48 56 66 9 
22-5-10 1?2.413 = 5 54 89 98 50 47 67 22 63 21 72 48 66 56 39 85 38 81 33 10 
22-5-11 1?2.436 = 5 89 98 50 47 74 58 40 20 69 45 55 82 30 44 27 99 84 11 
22-5-12 1?2.58 = 5 89 98 50 47 67 58 74 40 20 69 45 55 82 30 44 27 35 17 12 
22-5-13 1?2.637 = 5 54 89 98 50 47 67 58 74 40 20 69 45 55 86 93 49 71 75 68 13 
22-5-14 1?2.528 = 5 54 89 98 50 47 67 58 74 40 20 73 45 55 86 93 49 71 75 14 
22-5-15 1?2.391 = 5 54 89 98 50 47 67 58 74 40 20 73 51 29 86 93 49 71 53 15 
22-6-7 1?2.199 = 6 54 89 98 50 47 67 58 74 40 20 76 22 63 21 59 7 
22-6-8 1?2.202 = 6 54 89 98 50 47 67 58 74 40 20 76 22 63 21 59 8 
22-6-9 1?2.177 = 6 54 89 98 50 47 74 58 67 22 63 21 72 25 48 56 9 
22-6-10 1?2.443 = 6 54 89 98 50 47 67 22 63 21 72 48 66 56 39 85 38 81 33 10 
22-6-11 1?2.511 = 6 54 89 98 50 47 67 58 74 40 20 69 45 82 30 44 27 99 84 11 
22-6-12 1?2.631 = 6 54 89 98 50 47 67 58 74 40 20 73 45 55 82 30 44 35 17 12 
22-6-13 1?2.639 = 6 54 89 98 50 47 67 58 74 40 20 73 51 29 86 93 49 71 75 68 13 
22-6-14 1?2.613 = 6 54 89 50 98 47 67 58 74 40 20 69 45 55 29 86 93 49 71 75 14 
22-6-15 1?2.449 = 6 54 89 98 50 47 67 58 74 40 20 69 45 55 86 93 49 71 53 15 
22-7-8 1?2.46 = 7 63 21 22 72 25 90 80 94 38 81 85 39 56 66 8 
22-7-9 1?2.296 = 7 63 21 22 72 25 90 80 94 38 81 85 39 56 66 9 
22-7-10 1?2.167 = 7 59 21 63 22 72 25 48 66 56 39 85 38 81 33 10 
22-7-11 1?2.535 = 7 63 21 72 25 48 66 56 39 85 38 90 94 80 97 27 99 84 11 
22-7-12 1?2.688 = 7 63 21 72 48 66 56 39 85 38 94 80 97 27 44 35 17 26 42 12 
22-7-13 1?2.758 = 7 63 21 72 48 66 56 39 85 38 94 80 97 27 44 35 17 42 26 19 13 
22-7-14 1?2.681 = 7 63 21 22 67 58 74 40 20 69 45 55 29 86 93 49 71 75 14 
22-7-15 1?2.685 = 7 63 21 22 67 58 74 40 20 73 51 60 18 87 83 88 16 61 96 15 
22-8-9 1?2.357 = 8 48 25 37 62 30 44 27 97 80 94 90 38 85 39 9 
22-8-10 1?2.117 = 8 66 56 39 85 38 90 94 80 97 27 99 84 33 81 10 
22-8-11 1?2.406 = 8 66 56 39 85 38 90 94 80 97 27 44 35 26 42 17 99 84 11 
22-8-12 1?2.481 = 8 66 56 39 85 38 81 33 94 80 97 27 44 35 17 26 19 42 12 
22-8-13 1?2.694 = 8 48 66 56 39 85 38 81 33 94 90 97 27 44 35 17 42 26 19 13 
22-8-14 1?2.595 = 8 66 56 39 85 38 90 94 80 97 27 44 35 17 26 42 19 68 75 14 
22-8-15 1?2.786 = 8 66 56 39 85 38 94 80 97 27 35 44 30 82 55 86 93 49 71 53 15 
22-9-10 1?1.953 = 9 66 56 39 85 38 90 94 80 97 27 99 84 33 81 10 
22-9-11 1?1.81 = 9 66 56 39 85 81 38 94 80 97 27 44 35 99 84 11 
22-9-12 1?1.876 = 9 66 56 39 85 38 90 94 80 97 27 44 35 17 42 12 
22-9-13 1?2.399 = 9 66 56 39 85 38 81 33 94 80 90 97 27 44 35 17 26 42 19 13 
22-9-14 1?2.581 = 9 39 85 38 94 80 97 27 35 44 30 82 55 29 86 93 49 71 70 14 
22-9-15 1?2.624 = 9 66 56 39 85 38 94 80 97 27 44 30 82 55 29 86 93 49 71 53 15 
22-10-11 1?1.717 = 10 33 81 85 39 38 90 94 80 97 27 44 35 99 84 11 
22-10-12 1?1.802 = 10 33 81 85 38 90 94 80 97 27 44 35 17 26 42 12 
22-10-13 1?2.311 = 10 33 81 85 39 38 90 94 80 97 27 44 35 99 17 42 26 19 13 
22-10-14 1?2.374 = 10 33 81 38 94 80 97 27 44 30 82 55 86 93 49 71 75 14 
22-10-15 1?2.503 = 10 33 81 85 38 94 80 97 27 35 44 30 82 55 86 93 49 71 53 15 
22-11-12 1?2.079 = 11 33 81 85 38 90 94 80 97 27 44 35 17 26 42 12 
22-11-13 1?2.032 = 11 33 81 85 38 94 80 97 27 44 35 17 26 42 19 13 
22-11-14 1?2.115 = 11 84 99 27 44 30 82 55 29 86 93 49 71 75 14 
22-11-15 1?2.46 = 11 84 99 27 44 30 82 55 86 29 60 18 87 83 88 16 96 15 
22-12-13 1?2.362 = 12 17 35 27 44 30 82 55 29 86 93 49 71 75 68 13 
22-12-14 1?2.193 = 12 17 35 27 44 30 82 55 29 86 93 49 71 75 14 
22-12-15 1?2.444 = 12 42 26 17 35 27 44 30 82 45 55 86 93 49 71 53 15 
22-13-14 1?2.264 = 13 19 42 26 17 35 44 30 82 55 86 93 49 71 70 14 
22-13-15 1?2.139 = 13 68 75 71 49 93 86 29 60 18 87 83 36 57 53 15 
22-14-15 1?2.037 = 14 70 71 49 93 86 29 60 18 83 88 16 61 96 15 
stop
