start
947-0-3 1?1.974 = 0 58 74 28 98 38 70 51 59 52 78 91 96 48 3 
947-0-4 1?2.256 = 0 58 74 98 82 16 60 42 38 70 51 59 52 78 71 77 56 4 
947-0-1 1?2.014 = 0 58 74 28 98 82 57 55 16 60 42 38 70 51 20 1 
947-0-8 1?2.776 = 0 58 70 38 42 60 82 57 55 16 61 44 54 64 72 90 75 36 79 8 
947-0-9 1?2.777 = 0 58 70 38 42 60 16 82 57 55 66 92 21 29 27 19 85 94 87 9 
947-0-2 1?1.978 = 0 58 74 98 82 57 16 60 42 38 70 51 20 93 23 2 
947-0-6 1?2.503 = 0 58 74 28 98 82 60 16 61 49 46 62 50 86 69 45 32 73 83 39 6 
947-0-5 1?2.515 = 0 58 74 38 70 51 59 52 78 76 67 40 84 69 45 83 73 32 30 5 
947-0-7 1?2.606 = 0 58 70 38 49 46 62 50 86 69 45 32 73 83 31 41 33 25 34 7 
947-0-11 1?2.529 = 0 58 74 38 70 49 61 16 60 82 57 55 66 92 21 53 68 81 11 
947-0-10 1?2.673 = 0 58 74 70 38 42 61 16 60 82 57 55 66 92 21 53 68 81 26 10 
947-1-3 1?2.071 = 1 20 70 38 42 60 16 61 49 46 59 52 78 91 96 3 
947-0-15 1?2.193 = 0 58 20 51 70 38 42 60 16 61 55 57 82 98 28 15 
947-0-14 1?2.048 = 0 58 74 28 98 82 60 16 57 55 37 97 88 24 18 14 
947-1-4 1?2.339 = 1 20 70 38 42 60 16 61 49 46 59 52 78 91 96 77 56 4 
947-0-12 1?2.271 = 0 58 74 70 38 42 61 16 60 82 57 55 37 97 88 24 17 43 12 
947-0-13 1?1.839 = 0 58 74 28 98 82 60 16 57 55 37 97 88 24 18 13 
947-1-2 1?2.125 = 1 20 70 38 42 60 16 61 49 46 59 52 78 65 23 2 
947-1-8 1?2.612 = 1 23 96 91 71 99 67 40 84 69 45 32 73 83 31 41 33 79 8 
947-1-5 1?2.293 = 1 23 48 96 91 71 99 67 40 84 69 45 83 39 32 30 5 
947-1-6 1?2.478 = 1 20 51 70 38 42 60 16 61 49 46 62 50 86 69 45 32 73 39 6 
947-1-7 1?2.49 = 1 23 96 91 71 99 67 40 84 69 45 32 73 39 83 41 33 25 34 7 
947-1-15 1?2.122 = 1 23 93 65 78 52 59 51 70 38 42 60 82 98 28 15 
947-2-3 1?2.031 = 2 23 20 51 70 38 49 46 59 52 78 71 91 96 48 3 
947-2-4 1?2.074 = 2 48 96 91 71 99 67 40 84 69 45 73 32 30 47 4 
947-1-14 1?2.218 = 1 20 51 70 38 42 60 16 82 57 37 97 88 24 17 18 14 
947-2-5 1?1.815 = 2 48 96 91 71 99 67 40 84 69 45 83 73 32 30 5 
947-1-13 1?2.123 = 1 20 51 70 38 42 60 16 55 57 82 98 37 97 88 24 18 13 
947-1-12 1?2.37 = 1 23 65 93 20 51 70 38 42 60 82 57 55 37 97 88 24 17 43 12 
947-1-11 1?2.608 = 1 23 93 20 51 70 38 42 16 60 82 57 55 66 92 21 53 68 81 11 
947-1-10 1?2.551 = 1 20 51 70 38 42 60 16 82 57 55 66 92 21 53 68 81 26 10 
947-1-9 1?2.701 = 1 20 51 70 38 42 60 16 82 57 55 66 92 21 95 89 85 94 87 9 
947-2-6 1?2.369 = 2 48 96 91 71 78 59 52 76 99 67 40 84 69 45 32 73 39 83 31 6 
947-2-15 1?1.917 = 2 23 93 20 51 70 38 42 60 16 55 57 82 98 28 15 
947-3-4 1?2.008 = 3 48 96 91 71 99 67 40 84 69 45 73 32 30 47 4 
947-2-14 1?2.132 = 2 48 96 91 78 52 59 51 70 38 42 60 82 98 28 80 14 
947-3-5 1?1.749 = 3 48 96 91 71 99 67 40 84 69 45 83 73 32 30 5 
947-2-13 1?2.201 = 2 48 96 91 78 52 59 51 70 38 42 60 82 57 37 97 88 24 18 13 
947-2-8 1?2.41 = 2 48 96 91 71 99 67 40 84 69 45 32 73 39 83 41 33 79 8 
947-2-12 1?2.328 = 2 23 65 93 20 51 70 38 42 60 16 82 57 55 37 97 88 24 17 43 12 
947-2-11 1?2.487 = 2 48 96 91 78 52 59 51 70 38 42 60 82 57 55 66 92 21 53 11 
947-2-10 1?2.539 = 2 23 93 20 51 70 38 42 60 16 82 57 55 66 92 21 53 68 26 10 
947-2-9 1?2.552 = 2 48 96 91 78 59 52 50 62 54 64 72 90 27 19 85 94 87 9 
947-2-7 1?2.23 = 2 48 96 91 71 99 67 40 84 69 45 32 73 39 83 41 33 25 34 7 
947-3-15 1?2.044 = 3 48 96 91 78 52 59 51 70 38 42 16 57 82 98 28 15 
947-3-6 1?1.651 = 3 48 96 91 71 99 67 40 84 69 45 32 73 83 39 6 
947-4-5 1?1.949 = 4 56 77 96 91 71 99 67 40 84 69 32 73 39 30 5 
947-3-14 1?2.258 = 3 48 96 91 78 52 59 51 70 38 42 60 16 82 57 55 37 80 14 
947-3-11 1?2.357 = 3 48 96 91 78 52 59 51 70 38 42 60 82 57 55 66 21 53 11 
947-3-8 1?2.286 = 3 48 96 91 71 99 67 40 84 69 45 32 73 83 31 41 33 79 8 
947-3-12 1?2.324 = 3 48 96 91 78 52 59 51 70 38 42 60 82 57 37 97 24 17 43 12 
947-3-13 1?2.187 = 3 48 96 91 78 52 59 51 70 38 42 60 82 57 55 37 97 88 24 18 13 
947-3-9 1?2.486 = 3 48 96 91 78 59 52 50 62 54 64 72 90 27 19 85 94 87 9 
947-3-7 1?2.046 = 3 48 96 91 71 99 67 40 84 69 32 73 83 31 41 33 25 34 7 
947-3-10 1?2.551 = 3 96 91 78 52 59 51 70 38 42 60 82 57 55 66 21 53 68 26 10 
947-4-15 1?2.288 = 4 56 77 96 91 78 52 59 51 70 38 42 60 16 57 82 98 28 15 
947-5-6 1?2.172 = 5 4 56 77 96 91 71 99 67 40 84 69 45 32 73 39 6 
947-4-6 1?1.783 = 4 56 77 96 91 71 99 67 40 84 69 45 32 73 39 6 
947-4-13 1?2.247 = 4 56 77 71 78 52 59 51 70 38 42 60 82 57 37 97 88 24 18 13 
947-4-12 1?2.382 = 4 56 77 71 78 52 59 51 70 38 42 60 82 37 97 88 24 17 43 12 
947-4-11 1?2.533 = 4 56 77 71 78 52 59 51 70 38 42 60 82 57 55 66 92 21 53 11 
947-4-14 1?2.478 = 4 56 77 96 91 78 52 59 51 70 38 42 60 16 82 57 55 37 97 14 
947-4-8 1?2.419 = 4 56 77 99 67 40 84 69 45 32 73 39 83 41 33 34 25 79 8 
947-4-9 1?2.59 = 4 56 77 99 67 40 84 86 50 62 54 64 72 90 19 85 94 87 9 
947-4-7 1?2.123 = 4 56 77 99 67 40 84 69 45 32 73 39 83 31 41 33 25 34 7 
947-4-10 1?2.684 = 4 56 77 71 78 52 59 46 49 61 16 82 57 55 66 21 53 68 26 10 
947-5-15 1?2.49 = 5 30 32 73 83 45 69 84 86 50 62 46 49 61 16 60 82 98 28 15 
947-5-8 1?2.137 = 5 30 32 73 39 83 45 41 33 34 25 79 36 75 63 8 
947-6-8 1?2.059 = 6 39 32 45 73 83 31 41 33 34 25 79 36 75 63 8 
947-5-14 1?2.533 = 5 30 32 45 69 86 50 62 46 49 61 16 55 57 82 98 28 80 14 
947-5-7 1?1.755 = 5 47 40 84 69 45 32 73 39 83 31 41 33 25 34 7 
947-5-13 1?2.389 = 5 47 40 84 86 50 62 46 49 61 16 82 57 55 37 97 88 24 18 13 
947-6-7 1?1.812 = 6 39 30 40 84 69 45 32 73 83 31 41 33 25 34 7 
947-5-12 1?2.512 = 5 47 40 84 86 50 62 46 49 61 16 60 82 37 97 88 24 17 43 12 
947-5-11 1?2.535 = 5 30 32 73 83 45 69 86 50 62 54 64 72 90 27 29 95 68 81 11 
947-5-9 1?2.48 = 5 30 32 73 83 45 69 86 50 62 54 64 72 90 27 19 85 94 9 
947-5-10 1?2.523 = 5 30 39 73 32 45 83 31 41 33 34 25 79 36 75 63 87 94 85 10 
947-7-10 1?2.115 = 7 34 25 33 31 83 73 32 45 41 36 63 87 94 85 10 
947-7-8 1?2.161 = 7 34 25 33 31 83 39 73 32 45 41 36 75 63 79 8 
947-7-9 1?2.12 = 7 34 25 33 31 83 39 73 32 45 41 36 75 63 87 9 
947-6-9 1?1.993 = 6 39 32 73 83 31 41 33 34 25 79 36 75 63 87 9 
947-6-14 1?2.369 = 6 39 73 32 45 69 86 50 62 46 49 61 16 60 82 98 28 80 14 
947-6-15 1?2.476 = 6 39 73 32 45 69 40 84 86 50 62 46 49 61 16 55 57 82 98 28 15 
947-6-11 1?2.355 = 6 39 73 32 45 69 86 50 62 54 64 72 90 27 29 95 68 81 11 
947-7-11 1?2.605 = 7 34 25 33 31 83 73 32 45 69 22 64 72 90 27 29 95 68 81 11 
947-6-13 1?2.322 = 6 39 73 32 69 86 50 62 46 49 61 16 60 82 37 97 88 24 18 13 
947-6-12 1?2.461 = 6 39 32 69 86 50 62 46 49 61 16 82 37 97 88 24 17 43 12 
947-6-10 1?2.297 = 6 39 73 32 45 83 31 41 33 34 25 79 36 75 63 87 94 85 10 
947-8-11 1?2.478 = 8 25 34 33 41 22 64 54 72 90 27 29 95 68 81 11 
947-8-10 1?2.36 = 8 25 34 33 31 83 73 32 45 41 36 63 87 94 85 10 
947-8-9 1?2.358 = 8 79 25 34 33 31 83 73 32 45 41 36 75 63 87 9 
947-8-12 1?2.555 = 8 79 36 75 90 72 44 61 16 60 82 57 55 66 21 92 35 12 
947-8-14 1?2.751 = 8 79 36 75 90 72 44 61 16 60 82 57 55 37 97 24 17 18 14 
947-8-13 1?2.441 = 8 79 36 75 90 72 44 61 16 60 82 57 55 37 97 88 24 18 13 
947-8-15 1?2.857 = 8 79 33 31 83 73 32 45 69 86 50 62 46 49 61 16 60 82 98 28 15 
947-7-12 1?2.584 = 7 34 25 79 36 75 90 72 44 61 16 60 82 37 97 24 17 43 12 
947-7-14 1?2.712 = 7 34 25 33 41 45 69 86 50 62 46 49 61 16 82 57 55 37 97 14 
947-7-15 1?2.706 = 7 34 25 33 41 83 73 32 45 69 86 50 62 46 49 61 16 60 82 98 28 15 
947-7-13 1?2.503 = 7 34 25 79 36 75 90 72 44 61 16 60 82 57 55 37 97 88 24 18 13 
947-10-11 1?2.498 = 10 26 89 95 29 44 61 16 60 82 57 55 66 21 53 11 
947-9-11 1?2.491 = 9 87 94 85 19 90 72 27 29 95 21 92 53 68 81 11 
947-10-12 1?2.229 = 10 26 68 53 21 66 55 57 82 37 97 88 24 17 43 12 
947-9-12 1?2.326 = 9 87 94 85 26 81 68 53 21 92 88 97 24 17 43 12 
947-9-10 1?2.543 = 9 87 94 85 19 27 29 95 21 92 35 53 68 81 26 10 
947-9-15 1?2.736 = 9 87 94 85 89 68 53 35 43 17 24 88 97 37 55 57 82 98 28 15 
947-10-15 1?2.638 = 10 26 68 53 35 43 17 24 88 97 37 55 57 82 16 60 42 98 28 15 
947-10-13 1?2.282 = 10 26 68 53 21 92 66 55 57 16 60 82 37 97 88 24 18 13 
947-10-14 1?2.594 = 10 26 68 53 21 92 66 55 57 16 60 82 37 97 88 24 17 18 14 
947-9-14 1?2.681 = 9 87 19 27 29 44 61 16 60 82 57 55 37 97 88 24 17 18 14 
947-9-13 1?2.472 = 9 87 19 27 29 44 61 16 60 82 57 55 37 97 88 24 17 18 13 
947-12-14 1?1.978 = 12 43 17 24 88 97 37 55 57 16 60 82 98 28 80 14 
947-13-15 1?1.889 = 13 18 17 24 88 97 37 82 57 55 16 60 42 98 28 15 
947-14-15 1?2.079 = 14 18 17 24 88 97 37 55 57 16 42 60 82 98 28 15 
947-13-14 1?1.913 = 13 18 24 88 97 37 55 57 82 16 60 42 98 28 80 14 
947-11-14 1?2.152 = 11 81 68 53 21 92 66 55 57 16 82 98 28 80 14 
947-12-13 1?1.914 = 12 35 92 21 66 55 57 16 60 82 37 97 88 24 18 13 
947-11-13 1?1.994 = 11 53 21 92 66 55 57 16 82 37 97 88 24 18 13 
947-11-12 1?2.152 = 11 81 68 53 21 66 55 57 82 37 97 88 24 17 43 12 
947-12-15 1?2.286 = 12 43 17 24 88 97 37 55 57 82 16 60 42 38 70 58 74 15 
947-11-15 1?2.435 = 11 81 68 53 35 43 17 24 88 97 37 55 57 16 60 82 98 28 15 
stop
