start
445-0-3 1?2.216 = 0 39 52 86 76 35 99 65 26 67 45 47 57 50 69 3 
445-0-1 1?2.236 = 0 39 52 86 76 35 99 65 44 82 77 26 95 83 75 1 
445-0-2 1?2.397 = 0 39 52 86 76 35 99 65 44 82 26 67 45 47 57 2 
445-0-11 1?2.202 = 0 39 52 86 76 35 99 65 44 82 34 19 84 32 68 66 88 11 
445-0-6 1?2.45 = 0 39 52 86 76 35 99 65 44 82 77 91 67 45 64 25 62 16 53 6 
445-0-7 1?2.486 = 0 39 52 86 76 35 99 65 44 82 77 91 67 45 64 21 85 70 81 7 
445-0-8 1?2.432 = 0 39 52 86 76 35 99 65 44 82 77 91 40 79 71 30 74 61 80 8 
445-0-4 1?2.15 = 0 39 52 86 76 35 99 65 26 67 45 94 46 37 24 4 
445-0-10 1?2.336 = 0 39 52 86 76 35 99 65 44 82 34 19 84 32 68 66 60 31 48 10 
445-0-9 1?2.427 = 0 39 52 86 76 35 99 65 44 82 34 19 84 68 66 32 38 87 55 9 
445-0-5 1?2.343 = 0 39 52 86 76 35 99 65 44 82 77 26 67 45 64 25 18 20 5 
445-1-3 1?2.142 = 1 75 39 52 86 76 35 99 65 26 67 47 57 50 69 3 
445-1-4 1?2.071 = 1 75 39 52 86 76 35 99 65 26 67 45 94 37 24 4 
445-0-14 1?2.192 = 0 39 52 86 76 35 99 65 26 77 82 44 23 42 14 
445-1-2 1?2.296 = 1 75 39 52 86 76 35 99 65 26 67 47 63 57 2 
445-0-12 1?2.282 = 0 39 52 86 76 35 99 65 44 82 34 19 51 59 72 96 78 12 
445-1-8 1?2.312 = 1 75 39 52 86 76 35 99 65 44 82 77 91 40 79 71 30 74 80 8 
445-1-7 1?2.362 = 1 75 39 52 86 76 35 99 65 44 82 26 67 64 21 85 70 81 7 
445-0-13 1?2.12 = 0 39 52 86 76 35 99 65 23 58 51 59 43 28 56 13 
445-0-15 1?2.293 = 0 39 52 86 76 26 91 77 82 44 65 99 35 73 36 15 
445-1-5 1?2.193 = 1 75 39 52 86 76 35 99 65 44 82 26 67 45 25 18 20 5 
445-1-6 1?2.275 = 1 75 39 52 86 76 35 99 65 44 82 77 91 67 64 25 62 16 6 
445-2-3 1?2.347 = 2 83 52 86 76 35 99 65 26 67 45 47 57 50 3 
445-1-13 1?2.066 = 1 75 39 52 86 76 35 99 65 23 58 51 59 43 28 56 13 
445-2-4 1?2.26 = 2 83 52 86 76 35 99 65 26 67 45 94 37 24 4 
445-1-14 1?2.199 = 1 75 39 52 86 76 35 99 65 26 77 82 44 23 58 42 14 
445-1-9 1?2.314 = 1 75 39 52 86 76 35 99 65 44 82 34 19 84 32 38 87 55 9 
445-1-10 1?2.314 = 1 75 39 52 86 76 35 99 65 44 82 34 19 84 32 68 66 88 60 31 10 
445-1-12 1?2.229 = 1 75 39 52 86 76 35 99 65 44 82 34 19 84 68 66 88 78 12 
445-2-5 1?2.382 = 2 83 52 86 76 35 99 65 44 82 26 67 45 25 18 20 5 
445-1-11 1?2.267 = 1 75 39 52 86 76 35 99 65 44 82 34 19 84 68 66 88 96 78 98 11 
445-2-6 1?2.464 = 2 83 52 86 76 35 99 65 44 82 77 91 67 64 25 62 16 6 
445-1-15 1?2.06 = 1 75 83 39 52 86 76 35 99 65 23 58 42 73 36 15 
445-3-4 1?1.93 = 3 69 50 57 47 63 94 45 67 64 25 46 37 24 54 4 
445-2-13 1?2.324 = 2 83 52 86 76 35 99 65 23 58 51 59 72 43 28 56 13 
445-2-14 1?2.461 = 2 83 39 52 86 76 35 99 65 26 77 82 44 23 58 42 14 
445-3-5 1?2.006 = 3 69 50 57 47 63 94 45 67 64 25 46 37 24 54 5 
445-2-8 1?2.501 = 2 83 52 86 76 35 99 65 44 82 77 91 97 49 30 71 74 80 8 
445-2-10 1?2.405 = 2 83 52 86 76 35 99 65 44 82 34 19 84 32 68 66 60 31 10 
445-2-7 1?2.551 = 2 83 52 86 76 35 99 65 44 82 26 67 64 21 85 70 81 7 
445-2-9 1?2.534 = 2 83 52 86 76 35 99 65 44 34 19 84 68 66 32 38 87 55 9 
445-2-12 1?2.465 = 2 83 52 86 76 35 99 65 44 82 34 19 84 68 88 96 78 12 
445-2-11 1?2.529 = 2 83 39 52 86 76 35 99 65 44 82 34 19 84 68 66 88 96 78 98 11 
445-2-15 1?2.41 = 2 83 75 39 52 86 76 35 99 65 44 23 58 42 73 36 15 
445-4-5 1?1.97 = 4 92 24 54 37 46 94 25 64 21 85 70 62 18 20 5 
445-3-14 1?2.412 = 3 69 50 57 63 47 45 67 91 26 77 82 44 65 99 35 73 14 
445-3-13 1?2.467 = 3 69 50 57 95 86 76 35 99 65 23 58 51 59 72 43 28 56 13 
445-3-7 1?2.494 = 3 69 50 57 47 63 94 25 21 85 70 49 30 71 74 80 90 33 7 
445-3-8 1?2.422 = 3 69 50 92 24 54 37 46 94 25 21 85 70 49 30 71 74 61 80 8 
445-3-12 1?2.512 = 3 69 50 57 47 45 67 26 77 82 44 34 19 84 68 66 88 96 78 12 
445-3-10 1?2.472 = 3 69 50 63 94 25 21 85 70 49 30 71 74 61 17 55 89 93 22 48 10 
445-3-9 1?2.461 = 3 69 50 92 24 54 37 46 18 62 70 85 21 97 49 30 71 74 61 17 9 
445-3-11 1?2.495 = 3 69 50 57 47 45 67 26 77 82 44 34 19 84 68 66 88 96 78 98 11 
445-3-6 1?2.384 = 3 69 50 92 24 54 37 46 94 63 47 45 67 64 25 62 16 53 6 
445-3-15 1?2.237 = 3 69 50 63 47 45 67 91 77 82 44 65 99 35 73 36 15 
445-4-7 1?2.096 = 4 24 54 37 46 25 94 63 47 45 64 21 85 70 81 7 
445-5-6 1?2.02 = 5 20 54 24 37 46 94 25 64 21 85 70 62 16 53 6 
445-4-6 1?2 = 4 24 54 37 46 94 25 45 67 64 21 85 70 81 53 6 
445-4-8 1?2.192 = 4 54 24 37 46 18 62 70 85 21 97 49 30 71 74 61 17 80 8 
445-4-14 1?2.353 = 4 54 24 37 46 94 25 45 67 26 77 82 44 65 99 35 73 14 
445-4-9 1?2.26 = 4 54 24 37 46 18 62 70 85 21 97 49 30 71 74 17 55 89 9 
445-4-13 1?2.525 = 4 54 24 37 46 94 45 67 26 77 82 44 23 58 51 59 72 43 28 56 13 
445-4-12 1?2.429 = 4 54 24 37 46 94 45 67 26 77 82 44 34 19 84 68 66 88 78 12 
445-4-10 1?2.29 = 4 54 24 37 46 18 62 85 70 49 30 71 74 61 17 55 89 93 22 48 10 
445-4-11 1?2.412 = 4 54 24 37 46 94 45 67 26 77 82 44 34 19 84 68 66 88 78 98 11 
445-4-15 1?2.218 = 4 54 24 37 46 94 45 67 26 77 82 44 65 99 35 73 36 15 
445-5-7 1?2.088 = 5 20 54 24 37 46 94 25 45 67 64 21 85 70 81 7 
445-6-7 1?2.111 = 6 16 70 85 21 97 49 30 71 74 61 17 80 90 33 7 
445-5-8 1?1.993 = 5 20 18 62 85 21 97 40 79 30 71 74 61 17 80 8 
445-6-8 1?1.949 = 6 53 16 70 85 21 97 40 79 71 30 74 61 17 80 8 
445-5-9 1?2.229 = 5 20 18 62 70 85 21 97 40 79 71 30 49 74 61 17 55 89 9 
445-5-10 1?2.195 = 5 20 18 62 70 85 21 97 49 30 71 74 61 17 55 89 93 22 48 10 
445-5-12 1?2.422 = 5 20 18 62 70 85 21 97 40 27 32 84 68 66 88 96 78 98 12 
445-5-13 1?2.545 = 5 20 18 62 85 21 97 40 27 32 84 68 66 88 96 72 43 28 56 13 
445-5-14 1?2.589 = 5 20 54 24 37 46 94 25 64 45 67 26 77 82 44 65 99 35 73 14 
445-5-11 1?2.475 = 5 20 54 24 37 46 94 45 67 26 77 82 34 19 84 32 68 66 88 11 
445-5-15 1?2.387 = 5 20 54 24 37 46 94 45 67 26 77 82 44 65 99 35 73 36 15 
445-7-8 1?1.924 = 7 33 90 49 30 71 79 29 87 93 89 55 17 61 80 8 
445-7-10 1?1.694 = 7 33 90 49 30 71 74 61 17 55 89 93 22 48 31 10 
445-7-9 1?1.77 = 7 33 90 49 30 71 74 61 17 55 87 38 22 93 89 9 
445-7-11 1?1.926 = 7 33 90 49 30 71 79 29 27 32 84 68 66 88 96 78 98 11 
445-6-11 1?2.168 = 6 53 81 70 85 21 97 40 27 32 84 68 66 88 96 78 98 11 
445-6-9 1?2.215 = 6 53 16 62 70 85 21 97 40 79 71 30 49 74 61 17 55 89 9 
445-6-10 1?2.089 = 6 53 16 70 85 21 97 49 30 71 74 61 17 55 89 93 22 48 10 
445-6-12 1?2.465 = 6 16 70 85 21 97 49 30 71 79 29 27 32 84 68 66 88 96 78 12 
445-6-13 1?2.481 = 6 53 81 49 30 71 79 29 27 32 84 68 66 88 96 72 59 43 28 56 13 
445-6-14 1?2.776 = 6 53 81 49 30 71 79 29 27 32 84 68 66 88 96 72 43 28 56 41 14 
445-6-15 1?2.541 = 6 53 81 70 85 21 64 45 67 91 26 77 82 44 65 99 35 73 36 15 
445-8-9 1?1.739 = 8 33 90 49 30 71 74 61 17 55 87 38 22 93 89 9 
445-8-10 1?1.647 = 8 80 74 30 71 79 29 27 32 84 68 66 88 60 31 10 
445-8-11 1?1.752 = 8 80 61 74 30 71 79 29 27 32 84 68 66 88 96 78 98 11 
445-8-12 1?1.975 = 8 80 17 61 74 30 71 79 29 27 32 84 68 66 88 96 78 98 12 
445-8-14 1?2.347 = 8 80 74 30 71 79 29 27 32 84 68 66 88 96 72 43 56 41 14 
445-7-12 1?2.201 = 7 33 90 80 61 74 49 30 71 79 29 27 32 84 68 66 88 96 78 12 
445-8-13 1?2.088 = 8 80 74 30 71 79 29 27 32 84 68 66 88 96 72 59 43 28 56 13 
445-7-14 1?2.557 = 7 33 90 49 30 71 79 29 27 32 84 68 66 88 96 72 59 51 41 14 
445-7-13 1?2.292 = 7 33 90 49 30 71 79 29 27 32 84 68 66 88 96 72 59 43 56 13 
445-7-15 1?2.648 = 7 81 70 85 21 25 64 45 67 91 26 77 82 44 65 99 35 73 36 15 
445-8-15 1?2.549 = 8 80 61 74 30 71 79 29 27 32 66 68 84 72 59 51 58 42 73 36 15 
445-9-12 1?1.662 = 9 55 89 93 22 38 32 84 68 66 88 96 78 98 12 
445-10-12 1?1.641 = 10 31 60 32 84 68 66 88 96 72 59 43 56 28 12 
445-9-11 1?1.538 = 9 55 89 93 22 38 32 84 68 66 88 96 78 98 11 
445-10-11 1?1.563 = 10 48 22 93 87 29 27 32 84 68 66 88 96 78 98 11 
445-10-13 1?1.634 = 10 48 31 60 32 84 68 66 88 96 72 43 28 56 13 
445-9-10 1?1.641 = 9 55 17 61 74 49 30 71 79 29 38 87 89 93 22 48 10 
445-10-14 1?2.192 = 10 48 31 60 32 84 68 66 88 78 96 72 59 43 28 56 41 14 
445-9-14 1?2.295 = 9 89 93 22 48 31 60 32 84 68 66 88 96 72 43 28 56 41 14 
445-9-13 1?2.064 = 9 17 61 74 30 71 79 29 27 32 84 68 66 88 96 72 43 28 56 13 
445-9-15 1?2.466 = 9 55 89 93 22 38 32 84 68 66 88 96 72 59 51 58 42 73 36 15 
445-10-15 1?2.439 = 10 48 31 60 32 84 68 66 88 96 72 59 43 28 56 41 42 73 36 15 
445-11-12 1?1.76 = 11 31 60 32 84 68 66 88 96 72 59 43 56 28 12 
445-12-14 1?2.068 = 12 78 88 66 32 84 68 96 72 59 43 28 56 41 14 
445-12-13 1?1.905 = 12 78 88 66 32 84 68 96 72 59 43 28 56 41 13 
445-11-13 1?1.657 = 11 98 78 96 88 66 32 68 84 72 59 43 28 56 13 
445-13-14 1?2.174 = 13 56 28 43 96 88 68 66 32 84 72 59 51 41 14 
445-11-14 1?2.239 = 11 98 78 96 88 66 68 32 84 72 59 43 28 56 41 42 14 
445-14-15 1?2.448 = 14 42 23 44 82 77 26 65 99 35 76 86 52 36 15 
445-12-15 1?2.14 = 12 78 96 88 66 68 32 84 59 51 58 42 73 36 15 
445-13-15 1?2.233 = 13 56 28 43 59 51 19 34 82 44 65 99 35 73 36 15 
445-11-15 1?2.299 = 11 98 78 96 88 68 32 84 19 34 82 44 65 99 35 73 36 15 
stop
