start
967-0-2 1?2.271 = 0 37 34 42 91 60 25 17 62 93 65 52 66 43 2 
967-0-3 1?2.049 = 0 37 34 42 91 60 25 17 62 93 65 52 66 43 3 
967-0-1 1?2.416 = 0 57 44 23 74 16 17 25 60 91 42 34 37 72 1 
967-0-8 1?2.752 = 0 37 72 42 91 60 25 17 53 98 76 55 36 97 20 54 82 28 61 8 
967-0-10 1?2.594 = 0 37 72 34 41 23 85 46 96 69 99 27 18 48 32 58 67 31 79 10 
967-0-5 1?2.496 = 0 37 72 34 42 91 60 25 17 62 65 93 92 70 19 56 33 39 5 
967-0-11 1?2.703 = 0 37 72 34 41 23 85 46 96 69 99 27 18 48 32 58 67 68 11 
967-0-6 1?2.571 = 0 57 44 23 74 64 73 55 36 97 20 54 61 82 28 38 59 6 
967-0-7 1?2.5 = 0 37 72 42 91 60 25 17 53 98 76 55 36 45 97 20 54 82 28 7 
967-0-4 1?2.374 = 0 37 72 42 91 60 25 17 62 65 93 56 33 19 70 92 49 4 
967-0-9 1?2.818 = 0 37 72 34 42 91 60 25 17 53 98 76 55 36 97 45 51 89 21 90 24 9 
967-1-3 1?1.915 = 1 37 34 42 91 60 25 17 62 93 65 52 66 43 3 
967-1-4 1?2.044 = 1 37 72 42 91 60 25 17 62 65 93 19 70 92 49 4 
967-1-2 1?2.137 = 1 37 34 42 91 60 25 17 62 93 65 52 66 43 2 
967-0-14 1?2.55 = 0 37 72 42 91 60 25 17 77 64 74 47 46 26 14 
967-0-15 1?2.51 = 0 37 72 34 91 60 25 17 77 64 74 23 85 88 15 
967-0-13 1?2.537 = 0 57 44 50 88 85 23 74 47 96 69 30 83 84 13 
967-1-7 1?2.437 = 1 37 72 42 91 60 25 17 53 98 76 55 36 45 97 20 54 61 82 28 7 
967-0-12 1?2.712 = 0 57 44 23 85 46 96 69 40 63 29 32 48 18 27 99 81 12 
967-1-5 1?2.362 = 1 37 72 34 42 91 60 25 17 62 65 93 92 70 19 56 33 39 5 
967-1-8 1?2.656 = 1 37 72 42 91 60 25 17 53 98 76 55 36 45 97 22 20 54 82 61 8 
967-1-6 1?2.444 = 1 42 91 60 25 17 53 98 76 55 36 45 54 61 82 28 38 59 6 
967-1-15 1?2.376 = 1 37 72 34 91 60 25 17 77 64 74 23 85 88 15 
967-1-14 1?2.416 = 1 37 72 42 91 60 25 17 77 64 74 47 46 26 14 
967-1-13 1?2.433 = 1 37 72 42 34 41 23 85 46 96 69 30 83 94 84 13 
967-2-3 1?2.231 = 2 42 72 37 34 91 60 25 17 62 93 65 52 66 43 3 
967-2-4 1?2.121 = 2 43 66 52 91 60 25 17 62 65 93 19 70 92 49 4 
967-1-11 1?2.606 = 1 37 72 42 91 60 25 17 53 98 73 80 40 63 18 27 99 81 11 
967-1-12 1?2.644 = 1 37 72 34 41 74 64 80 40 63 48 32 58 18 27 99 81 12 
967-2-5 1?2.294 = 2 43 66 52 91 60 25 17 62 65 93 92 70 19 56 33 39 5 
967-1-9 1?2.684 = 1 37 72 42 91 60 25 17 53 98 76 55 36 97 20 54 89 21 90 24 9 
967-1-10 1?2.584 = 1 37 72 34 41 23 46 96 69 99 27 18 48 32 58 67 68 31 79 10 
967-2-6 1?2.333 = 2 91 60 25 17 53 98 76 55 36 97 20 54 82 28 38 59 6 
967-3-4 1?1.899 = 3 43 66 52 91 60 25 17 62 65 93 19 70 92 49 4 
967-2-15 1?2.621 = 2 43 66 52 65 93 62 17 25 60 91 16 74 23 85 50 15 
967-3-5 1?1.866 = 3 43 66 52 91 60 25 17 62 65 93 56 19 70 5 
967-2-12 1?2.648 = 2 91 60 25 17 53 98 76 55 71 95 29 32 48 18 27 99 81 12 
967-2-14 1?2.756 = 2 43 66 52 65 93 62 17 25 60 91 16 74 23 85 88 87 14 
967-2-11 1?2.612 = 2 91 60 25 17 53 98 76 55 36 71 78 40 63 18 27 99 81 11 
967-2-13 1?2.844 = 2 91 60 25 17 53 98 76 55 36 71 95 63 40 69 30 83 84 13 
967-2-7 1?2.382 = 2 43 66 52 91 60 25 17 53 98 76 55 36 45 54 61 82 28 7 
967-2-9 1?2.746 = 2 91 60 25 62 17 53 98 76 55 36 45 97 22 20 54 51 89 21 90 24 9 
967-2-8 1?2.683 = 2 43 66 52 65 62 17 53 98 76 55 36 45 97 20 54 82 28 61 8 
967-2-10 1?2.668 = 2 43 66 52 25 60 17 53 98 76 55 36 71 95 29 48 32 58 67 31 79 10 
967-4-5 1?2.154 = 4 49 35 52 91 60 25 62 65 93 19 56 33 39 70 5 
967-3-15 1?2.524 = 3 43 66 52 65 93 62 17 25 60 91 16 74 23 85 50 88 15 
967-3-7 1?2.085 = 3 43 66 52 62 17 53 98 76 55 36 97 20 54 61 82 28 7 
967-3-6 1?2 = 3 43 66 52 62 53 98 76 55 36 97 20 38 59 6 
967-3-12 1?2.527 = 3 43 66 52 91 60 25 17 53 98 73 80 40 63 18 27 99 81 12 
967-3-14 1?2.625 = 3 43 66 52 65 93 62 17 25 60 91 16 74 23 85 50 88 87 14 
967-3-13 1?2.698 = 3 43 66 52 62 17 53 98 76 55 36 71 95 78 63 40 69 30 83 13 
967-3-9 1?2.467 = 3 43 66 52 91 60 25 17 53 98 73 55 76 36 45 51 89 21 90 24 9 
967-3-8 1?2.414 = 3 43 66 52 25 60 17 53 98 76 55 36 45 97 22 20 54 82 61 8 
967-3-11 1?2.609 = 3 43 66 52 62 17 53 98 76 55 36 71 95 29 32 48 18 27 99 81 11 
967-3-10 1?2.511 = 3 43 66 52 91 60 25 17 53 98 76 55 36 95 29 32 48 58 67 31 79 10 
967-4-7 1?1.832 = 4 49 92 70 19 56 33 97 76 55 36 45 54 82 28 7 
967-5-6 1?1.975 = 5 39 70 19 56 33 22 97 76 55 36 45 20 38 59 6 
967-4-6 1?1.871 = 4 49 92 70 19 56 33 22 20 54 61 82 28 38 59 6 
967-4-15 1?2.598 = 4 49 92 70 19 56 33 97 36 76 55 73 64 74 23 85 88 15 
967-4-12 1?2.54 = 4 49 92 70 19 56 33 97 36 76 55 71 78 40 63 18 27 99 81 12 
967-4-9 1?2.389 = 4 49 92 70 19 56 33 22 97 76 55 36 45 20 54 51 89 21 90 24 9 
967-4-13 1?2.618 = 4 49 92 70 19 56 33 22 97 45 36 76 55 71 95 63 40 69 30 83 13 
967-4-14 1?2.742 = 4 49 92 70 19 56 33 97 45 36 76 55 71 95 63 40 69 96 46 26 14 
967-4-8 1?2.428 = 4 49 92 70 19 33 56 53 98 76 55 36 45 97 22 20 54 82 61 8 
967-4-11 1?2.546 = 4 49 92 70 19 56 33 97 45 36 76 55 71 95 29 32 48 18 27 99 81 11 
967-4-10 1?2.304 = 4 49 92 70 19 56 33 97 36 76 55 71 95 29 32 48 58 67 68 79 10 
967-5-7 1?1.827 = 5 70 19 56 33 97 76 55 36 45 20 54 61 82 28 7 
967-6-7 1?1.958 = 6 39 70 19 56 33 97 76 55 36 45 54 61 82 28 7 
967-6-8 1?2.048 = 6 59 38 28 82 54 45 36 76 55 71 95 86 21 90 8 
967-5-8 1?2.052 = 5 70 19 56 33 97 76 55 36 45 20 54 82 28 61 8 
967-5-9 1?2.345 = 5 39 70 19 56 33 22 20 45 97 36 76 55 71 95 29 86 21 90 24 9 
967-5-15 1?2.71 = 5 39 70 19 56 33 22 20 97 36 76 55 73 64 74 23 85 88 15 
967-5-11 1?2.407 = 5 70 19 56 33 97 36 76 55 71 95 29 32 48 58 18 27 99 81 11 
967-5-12 1?2.545 = 5 70 19 56 33 22 97 36 76 55 71 95 29 32 48 58 18 27 99 81 12 
967-5-10 1?2.186 = 5 70 19 56 33 22 97 36 76 55 71 95 29 32 48 58 67 31 79 10 
967-5-13 1?2.747 = 5 39 70 19 56 33 22 20 97 45 36 76 55 71 95 78 63 40 69 30 83 13 
967-5-14 1?2.752 = 5 70 19 56 33 22 97 45 36 76 55 71 95 78 63 40 69 96 46 26 14 
967-6-9 1?1.937 = 6 59 38 28 82 54 45 36 76 55 71 95 86 21 90 24 9 
967-7-9 1?1.795 = 7 28 82 61 54 20 45 36 76 55 71 95 86 21 90 24 9 
967-7-8 1?1.985 = 7 28 82 54 20 97 45 36 76 55 71 95 86 21 90 89 8 
967-7-10 1?1.91 = 7 28 82 20 97 45 36 76 55 71 95 29 32 48 58 67 31 79 10 
967-7-11 1?2.12 = 7 28 82 20 97 45 36 76 55 71 95 29 32 48 58 18 27 99 11 
967-6-15 1?2.545 = 6 59 38 28 82 61 54 45 36 76 55 73 64 74 23 85 88 15 
967-6-11 1?2.32 = 6 59 38 20 97 45 36 76 55 71 95 29 32 48 58 18 27 99 81 11 
967-6-12 1?2.5 = 6 59 38 28 82 54 45 36 76 55 71 95 29 32 48 58 18 27 99 81 12 
967-6-13 1?2.613 = 6 59 38 28 82 61 54 20 45 36 76 55 71 95 78 63 40 69 30 83 13 
967-6-10 1?2.141 = 6 59 38 28 82 54 45 36 76 55 71 95 29 32 48 58 67 31 79 10 
967-6-14 1?2.645 = 6 59 38 28 82 61 54 45 36 76 55 71 95 63 40 69 96 46 26 14 
967-8-9 1?2.02 = 8 61 28 82 54 20 45 36 76 55 71 95 86 21 90 24 9 
967-8-10 1?1.995 = 8 61 54 20 45 36 76 55 71 95 29 32 58 67 31 79 10 
967-8-12 1?2.25 = 8 89 21 90 24 75 31 79 68 67 58 32 48 18 27 99 81 12 
967-8-11 1?2.228 = 8 61 54 20 97 45 36 76 55 71 95 63 18 27 99 81 11 
967-8-13 1?2.614 = 8 61 28 82 54 20 22 97 45 36 76 55 71 95 63 40 69 30 83 13 
967-8-14 1?2.7 = 8 61 54 20 22 97 45 36 76 55 71 95 78 63 40 69 96 46 26 14 
967-8-15 1?2.768 = 8 61 54 20 97 45 36 76 55 71 95 78 63 40 69 96 46 26 88 15 
967-7-13 1?2.593 = 7 28 82 61 54 20 22 97 45 36 76 55 71 95 63 40 69 30 83 84 13 
967-7-12 1?2.415 = 7 28 82 61 54 20 97 45 36 76 55 71 95 29 32 48 58 18 27 99 81 12 
967-7-14 1?2.63 = 7 28 82 61 54 20 22 97 36 76 55 71 95 78 63 40 69 96 46 26 14 
967-7-15 1?2.742 = 7 28 82 61 54 20 97 45 36 76 55 71 95 78 63 40 69 96 46 26 88 15 
967-9-12 1?2.155 = 9 24 75 31 67 58 48 32 29 63 40 18 27 99 81 12 
967-10-12 1?2.063 = 10 79 31 68 67 58 48 32 29 63 40 18 27 99 81 12 
967-10-11 1?1.997 = 10 79 31 68 67 58 48 32 29 63 40 18 27 99 81 11 
967-9-11 1?1.837 = 9 24 90 21 75 79 68 67 58 32 48 18 27 99 81 11 
967-9-10 1?1.977 = 9 24 90 21 89 51 36 76 55 71 95 29 32 58 67 68 10 
967-10-13 1?2.031 = 10 79 31 67 58 32 48 18 27 99 69 96 46 30 83 13 
967-10-14 1?2.418 = 10 79 31 67 58 32 48 18 27 99 69 96 47 46 26 88 87 14 
967-9-13 1?2.495 = 9 24 90 21 86 32 48 58 67 18 27 99 69 96 46 26 84 13 
967-10-15 1?2.461 = 10 79 31 67 58 32 48 18 27 99 69 96 46 23 85 50 88 87 15 
967-9-14 1?2.617 = 9 24 90 21 86 32 48 58 67 99 27 18 69 96 46 26 88 87 14 
967-9-15 1?2.664 = 9 24 90 21 75 31 79 68 67 58 32 48 18 27 99 30 94 26 88 15 
967-11-12 1?2.236 = 11 68 79 31 67 58 48 32 29 63 40 18 27 99 81 12 
967-11-13 1?2.136 = 11 81 99 27 18 58 48 32 29 63 40 69 30 83 13 
967-12-13 1?2.202 = 12 81 99 27 18 58 48 32 29 63 40 69 30 83 13 
967-13-15 1?2.574 = 13 83 30 99 27 18 63 40 69 96 46 26 88 87 15 
967-12-14 1?2.303 = 12 81 99 27 18 58 32 48 63 40 69 96 46 26 14 
967-14-15 1?2.594 = 14 26 46 96 69 40 63 78 80 64 74 23 85 88 15 
967-11-14 1?2.205 = 11 68 67 58 32 48 18 27 99 69 96 46 26 84 14 
967-13-14 1?2.538 = 13 83 30 99 27 18 58 32 48 63 40 96 46 26 14 
967-12-15 1?2.557 = 12 81 99 27 18 58 32 48 63 40 69 96 46 85 50 88 15 
967-11-15 1?2.528 = 11 81 99 27 18 58 67 32 48 63 40 69 96 46 26 88 15 
stop
