start
430-0-1 1?1.883 = 0 42 20 51 24 53 88 96 63 61 52 93 31 18 71 1 
430-0-2 1?1.834 = 0 42 20 51 24 53 88 96 63 61 52 93 33 44 48 2 
430-0-3 1?1.812 = 0 42 20 51 24 53 88 96 61 63 41 33 44 48 94 3 
430-0-4 1?2.145 = 0 42 20 51 24 53 28 93 52 61 63 41 84 35 72 45 75 32 97 4 
430-0-5 1?2.398 = 0 42 20 51 24 53 88 96 63 61 52 93 41 84 35 75 32 45 86 23 5 
430-0-6 1?2.536 = 0 42 20 51 24 53 28 93 52 61 63 96 40 37 19 82 69 54 26 47 6 
430-0-7 1?2.751 = 0 42 20 51 24 53 88 52 93 41 63 61 96 40 37 19 82 69 54 26 90 7 
430-0-8 1?2.655 = 0 42 20 51 24 53 88 96 61 63 41 62 81 69 54 90 65 78 70 27 8 
430-0-9 1?2.708 = 0 42 20 76 66 49 16 17 34 68 99 57 67 38 87 74 50 55 58 95 9 
430-0-10 1?2.556 = 0 42 20 76 66 49 59 80 98 83 91 30 60 43 67 38 87 50 74 39 55 10 
430-0-11 1?2.23 = 0 42 20 64 76 66 49 59 80 98 83 91 30 60 43 67 38 87 74 50 11 
430-0-12 1?2.294 = 0 42 20 76 66 49 16 77 17 34 68 99 57 38 74 50 87 67 43 12 
430-0-13 1?1.85 = 0 42 20 51 24 53 79 29 76 66 49 59 80 98 83 13 
430-0-14 1?2.142 = 0 42 20 51 24 53 79 29 76 66 49 59 80 98 83 14 
430-0-15 1?2.264 = 0 42 20 51 28 93 52 61 63 96 88 53 79 29 76 15 
430-1-2 1?1.767 = 1 71 18 31 93 52 61 63 41 33 46 56 89 44 48 2 
430-1-3 1?1.71 = 1 71 18 31 28 93 52 61 63 41 33 46 44 48 94 3 
430-1-4 1?1.711 = 1 71 18 31 28 93 52 61 63 41 84 35 75 32 97 4 
430-1-5 1?2.154 = 1 71 18 56 89 48 44 33 46 93 52 61 63 41 84 35 75 45 23 5 
430-1-6 1?2.302 = 1 71 18 56 89 48 44 33 46 93 52 61 63 19 82 69 54 26 47 6 
430-1-7 1?2.532 = 1 71 18 56 89 48 44 33 46 93 52 61 63 37 19 82 69 54 90 65 7 
430-1-8 1?2.555 = 1 71 18 89 56 46 33 93 52 61 63 19 82 69 54 90 65 78 70 27 8 
430-1-9 1?2.745 = 1 71 18 56 89 48 44 33 93 52 61 63 96 40 37 19 82 92 95 9 
430-1-10 1?2.586 = 1 71 18 31 28 53 24 79 29 17 34 68 57 38 87 74 50 55 10 
430-1-11 1?2.37 = 1 71 18 31 28 53 24 79 29 49 16 17 34 68 57 38 87 74 50 11 
430-1-12 1?2.242 = 1 71 18 31 28 53 24 79 29 49 59 80 98 83 91 30 60 12 
430-1-13 1?2.212 = 1 71 18 31 93 52 61 63 96 88 53 24 79 29 49 80 98 83 13 
430-1-14 1?2.055 = 1 71 18 31 93 52 61 96 88 53 24 79 29 76 66 14 
430-1-15 1?2.052 = 1 71 18 31 93 52 61 96 88 53 24 51 20 42 64 15 
430-2-3 1?1.745 = 2 48 44 89 56 46 33 93 52 61 63 41 84 35 21 94 3 
430-2-4 1?1.703 = 2 48 44 33 93 52 61 63 41 84 35 75 45 32 97 4 
430-2-5 1?1.85 = 2 48 44 33 46 93 52 61 63 41 84 35 75 45 86 5 
430-2-6 1?2.245 = 2 48 44 33 46 93 52 41 63 61 96 40 37 19 82 69 54 26 47 6 
430-2-7 1?2.469 = 2 48 44 89 56 46 33 93 52 61 63 37 19 82 69 54 26 90 65 7 
430-2-8 1?2.472 = 2 48 44 33 46 93 52 61 63 19 82 69 54 26 90 65 78 70 27 8 
430-2-9 1?2.78 = 2 48 44 33 46 93 52 61 63 62 81 69 54 26 90 65 78 70 27 9 
430-2-10 1?2.607 = 2 48 44 33 46 93 52 41 63 61 96 25 36 85 34 68 99 39 55 10 
430-2-11 1?2.38 = 2 48 44 33 93 52 61 63 96 25 36 85 34 68 57 67 38 87 74 50 11 
430-2-12 1?2.308 = 2 89 56 31 28 53 24 79 29 49 59 80 98 83 91 30 60 12 
430-2-13 1?2.15 = 2 48 44 33 46 93 52 61 96 88 53 24 79 29 49 80 98 83 13 
430-2-14 1?2.107 = 2 48 44 33 46 93 52 61 63 96 88 53 24 79 29 76 66 14 
430-2-15 1?2.104 = 2 48 44 33 46 93 52 61 63 96 88 53 24 51 20 42 64 15 
430-3-4 1?1.617 = 3 94 48 44 33 93 52 61 63 41 84 35 75 32 97 4 
430-3-5 1?1.796 = 3 94 48 44 33 93 52 61 63 41 84 35 75 45 23 5 
430-3-6 1?1.864 = 3 94 48 44 33 46 93 52 61 63 81 69 54 26 47 6 
430-3-7 1?2.349 = 3 94 48 44 89 56 46 33 93 52 61 63 19 82 69 54 26 90 7 
430-3-8 1?2.379 = 3 94 48 44 33 46 93 52 61 63 81 69 54 26 90 65 78 70 27 8 
430-3-9 1?2.725 = 3 94 48 44 33 46 93 52 41 63 61 96 88 25 40 37 19 82 92 95 9 
430-3-10 1?2.609 = 3 94 48 44 33 41 63 61 96 25 36 85 34 68 57 38 87 74 55 10 
430-3-11 1?2.383 = 3 94 48 44 33 46 93 52 61 63 96 25 36 85 34 68 57 38 87 74 50 11 
430-3-12 1?2.492 = 3 94 48 44 33 46 93 52 61 63 96 25 36 85 34 68 57 38 87 67 43 12 
430-3-13 1?2.238 = 3 94 48 44 33 46 93 52 61 63 96 88 53 24 79 29 49 80 98 83 13 
430-3-14 1?2.202 = 3 94 48 44 33 46 93 52 41 63 61 96 88 53 24 79 29 76 66 14 
430-3-15 1?2.052 = 3 94 48 44 33 93 52 61 63 96 88 53 24 51 20 64 15 
430-4-5 1?1.969 = 4 97 21 35 84 41 93 52 61 63 62 72 45 75 32 23 5 
430-4-6 1?1.976 = 4 97 32 75 35 84 41 52 61 63 81 69 54 26 47 6 
430-4-7 1?1.988 = 4 97 32 75 45 72 62 81 19 82 69 54 26 90 65 7 
430-4-8 1?2.504 = 4 97 32 75 35 84 41 61 63 19 82 69 54 26 90 65 78 70 27 8 
430-4-9 1?2.797 = 4 97 32 75 45 72 35 84 41 63 61 96 88 25 40 37 19 82 92 95 9 
430-4-10 1?2.635 = 4 97 32 75 72 62 63 61 96 25 36 85 34 68 57 38 87 74 55 10 
430-4-11 1?2.405 = 4 97 21 35 84 41 63 61 96 25 36 85 34 68 99 57 38 87 74 50 11 
430-4-12 1?2.501 = 4 97 32 75 72 62 63 61 96 25 36 85 34 68 99 57 38 87 67 43 12 
430-4-13 1?2.406 = 4 97 32 75 35 84 41 63 61 96 88 53 24 79 29 76 66 49 59 80 98 83 13 
430-4-14 1?2.479 = 4 97 32 75 45 72 35 84 41 63 61 52 96 25 88 53 24 79 29 76 66 14 
430-4-15 1?2.328 = 4 97 32 45 75 35 84 41 63 61 52 93 28 53 24 51 20 42 64 15 
430-5-6 1?2.117 = 5 23 45 75 35 84 72 62 81 19 82 69 54 26 47 6 
430-5-7 1?2.167 = 5 23 86 45 32 75 72 62 81 19 82 69 54 26 90 7 
430-5-8 1?2.121 = 5 23 45 32 75 72 62 81 69 54 26 90 65 78 70 27 8 
430-5-9 1?2.743 = 5 23 45 32 75 72 62 81 19 82 69 54 26 90 65 78 70 27 9 
430-5-10 1?2.65 = 5 86 26 54 69 82 19 37 73 34 68 99 57 38 87 74 55 10 
430-5-11 1?2.498 = 5 86 26 54 69 82 19 37 40 36 85 34 68 99 57 38 87 74 50 11 
430-5-12 1?2.583 = 5 23 86 26 54 69 82 19 37 40 73 34 68 99 57 38 87 67 43 12 
430-5-13 1?2.428 = 5 23 32 75 35 84 41 63 61 96 88 53 24 79 29 49 59 80 98 83 13 
430-5-14 1?2.649 = 5 23 45 32 75 72 35 84 41 63 61 52 93 31 28 53 24 79 29 66 14 
430-5-15 1?2.559 = 5 23 32 75 45 72 35 84 41 93 52 61 63 96 88 53 24 51 20 64 15 
430-6-7 1?2.295 = 6 47 86 45 32 75 72 62 81 19 82 69 54 26 90 7 
430-6-8 1?2.271 = 6 47 86 45 32 75 72 62 81 69 54 90 65 78 70 27 8 
430-6-9 1?2.654 = 6 47 26 54 69 81 63 61 96 40 37 19 82 92 95 9 
430-6-10 1?2.505 = 6 47 26 54 82 19 37 73 34 68 57 38 87 74 55 10 
430-6-11 1?2.479 = 6 47 26 54 69 19 82 37 40 73 34 68 99 57 38 67 87 74 50 11 
430-6-12 1?2.595 = 6 47 26 54 69 19 82 37 40 73 34 68 99 57 38 74 87 67 43 12 
430-6-13 1?2.548 = 6 47 26 54 69 82 19 37 40 25 88 53 24 79 29 76 66 49 80 98 83 13 
430-6-14 1?2.619 = 6 47 26 54 69 82 19 63 41 61 52 93 28 53 24 79 29 76 66 14 
430-6-15 1?2.614 = 6 47 26 54 69 82 19 37 63 61 52 93 28 53 24 51 20 42 64 15 
430-7-8 1?2.565 = 7 65 90 54 69 81 63 61 96 37 19 82 70 78 27 8 
430-7-9 1?2.563 = 7 78 70 92 22 99 57 38 67 87 74 50 55 58 95 9 
430-7-10 1?2.744 = 7 90 65 78 70 92 22 39 74 87 38 57 67 43 11 50 55 10 
430-7-11 1?2.645 = 7 6 47 26 54 69 82 19 37 73 34 68 99 38 87 74 50 11 
430-7-12 1?2.669 = 7 90 65 78 70 92 22 39 74 87 38 67 43 57 99 34 68 60 12 
430-7-13 1?2.585 = 7 90 26 54 69 82 19 37 40 25 88 53 24 79 29 49 80 98 83 13 
430-7-14 1?2.676 = 7 90 26 54 69 81 62 63 61 52 93 28 53 24 79 29 76 66 14 
430-7-15 1?2.658 = 7 65 90 26 54 69 81 63 61 52 93 28 53 24 51 20 42 64 15 
430-8-9 1?2.51 = 8 27 78 70 92 22 99 57 67 38 87 74 55 58 95 9 
430-8-10 1?2.543 = 8 9 95 58 22 34 68 57 43 67 38 87 74 99 39 55 10 
430-8-11 1?2.264 = 8 27 95 58 55 39 74 50 87 38 99 68 57 43 67 11 
430-8-12 1?2.629 = 8 27 95 58 55 50 74 87 38 67 43 57 99 68 34 17 16 77 60 12 
430-8-13 1?2.479 = 8 27 95 58 55 50 74 87 38 57 99 68 34 17 77 16 59 80 98 83 13 
430-8-14 1?2.555 = 8 27 95 58 55 39 74 87 38 57 67 43 60 30 91 83 98 80 14 
430-8-15 1?2.674 = 8 27 78 70 82 19 37 63 41 61 96 88 53 24 51 20 42 64 15 
430-9-10 1?2.031 = 9 95 58 22 34 68 99 57 67 38 87 50 74 39 55 10 
430-9-11 1?1.95 = 9 95 58 55 39 74 50 87 38 99 34 68 57 43 67 11 
430-9-12 1?2.306 = 9 95 58 55 39 74 87 38 57 68 34 17 16 59 80 98 91 30 12 
430-9-13 1?2.19 = 9 95 58 55 39 74 50 87 38 57 99 68 34 17 16 49 80 98 83 13 
430-9-14 1?2.279 = 9 95 58 55 39 74 50 87 38 67 57 99 68 34 17 16 59 80 14 
430-9-15 1?2.504 = 9 95 58 55 50 74 87 38 67 43 60 30 91 83 98 80 49 66 76 15 
430-10-11 1?2.02 = 10 55 50 74 87 38 67 57 99 68 34 17 77 60 43 11 
430-10-12 1?1.801 = 10 55 50 74 87 38 67 57 99 68 34 17 16 77 60 12 
430-10-13 1?1.903 = 10 55 39 74 50 87 38 57 99 68 34 17 16 49 59 80 98 83 13 
430-10-14 1?2.152 = 10 55 39 74 87 38 67 43 57 99 68 34 17 77 16 59 80 98 14 
430-10-15 1?2.368 = 10 55 39 74 87 38 67 43 60 30 91 83 98 80 59 49 66 76 64 15 
430-11-12 1?1.528 = 11 50 74 87 38 67 43 57 99 68 34 17 16 77 60 12 
430-11-13 1?1.45 = 11 50 74 87 38 67 57 99 68 34 17 77 16 59 80 98 83 13 
430-11-14 1?1.742 = 11 50 74 87 38 67 57 99 68 34 17 77 16 59 80 98 83 14 
430-11-15 1?1.961 = 11 50 74 87 38 67 43 60 30 91 83 98 80 59 49 66 76 64 15 
430-12-13 1?1.406 = 12 43 67 87 38 57 99 68 34 17 16 59 80 98 83 13 
430-12-14 1?1.724 = 12 43 67 87 74 38 57 99 68 34 17 16 59 80 98 14 
430-12-15 1?1.978 = 12 43 67 87 38 57 99 68 34 17 77 16 59 49 66 76 15 
430-13-14 1?1.834 = 13 83 91 30 60 43 67 57 99 68 34 17 16 59 80 14 
430-13-15 1?1.995 = 13 83 98 80 59 49 66 76 29 79 24 51 20 42 64 15 
430-14-15 1?2.231 = 14 80 98 83 91 30 77 17 16 49 66 76 20 42 64 15 
stop
