start
108-0-1 1?1.847 = 0 28 39 55 17 31 87 34 27 66 32 93 40 80 1 
108-0-2 1?1.712 = 0 28 39 55 17 45 32 93 40 80 61 79 41 65 2 
108-0-3 1?2.002 = 0 28 39 45 32 93 80 61 79 41 65 84 72 63 3 
108-0-4 1?2.463 = 0 28 39 55 17 45 66 32 93 40 80 61 79 41 65 84 72 4 
108-0-5 1?2.538 = 0 28 39 55 17 34 87 48 36 37 97 23 50 64 24 71 43 35 46 5 
108-0-6 1?2.576 = 0 28 39 55 17 34 87 48 37 36 56 99 97 23 50 64 24 71 43 92 6 
108-0-7 1?2.503 = 0 28 39 55 17 34 87 48 37 36 99 29 53 82 78 73 54 69 22 42 7 
108-0-8 1?2.398 = 0 28 39 55 17 34 87 48 37 36 56 99 29 53 82 78 54 73 91 89 8 
108-0-9 1?2.478 = 0 40 93 32 45 17 34 87 48 37 36 56 99 29 53 82 75 19 25 21 9 
108-0-10 1?2.338 = 0 40 80 93 32 45 17 34 87 48 37 36 99 56 52 60 96 62 90 10 
108-0-11 1?2.169 = 0 28 39 55 17 34 87 31 48 37 36 56 99 29 98 30 60 96 81 62 11 
108-0-12 1?1.8 = 0 28 39 55 17 34 87 31 48 37 36 56 52 60 96 81 70 12 
108-0-13 1?1.999 = 0 28 39 55 17 34 87 31 48 37 36 99 56 52 60 96 81 13 
108-0-14 1?1.69 = 0 40 80 93 32 45 17 55 39 28 77 38 83 67 49 14 
108-0-15 1?1.69 = 0 40 80 93 32 66 45 28 39 55 17 47 38 77 83 15 
108-1-2 1?1.905 = 1 79 61 80 93 40 28 39 55 17 45 66 85 65 41 2 
108-1-3 1?1.949 = 1 79 61 80 93 32 45 27 94 16 33 84 72 63 3 
108-1-4 1?2.434 = 1 79 61 80 40 93 32 45 66 27 94 20 16 33 84 72 63 4 
108-1-5 1?2.379 = 1 79 61 80 40 93 32 45 66 27 94 20 76 59 44 35 46 5 
108-1-6 1?2.56 = 1 79 61 80 93 32 45 17 34 87 23 50 64 24 71 43 92 6 
108-1-7 1?2.58 = 1 79 61 80 40 93 32 45 66 27 94 20 76 24 71 43 22 42 7 
108-1-8 1?2.484 = 1 80 93 32 45 17 31 48 37 36 99 29 53 82 75 19 91 89 8 
108-1-9 1?2.432 = 1 80 93 32 45 17 34 87 37 36 99 29 53 82 75 19 25 21 9 
108-1-10 1?2.295 = 1 80 93 32 45 17 31 48 37 36 99 56 52 60 96 81 62 90 10 
108-1-11 1?2.233 = 1 79 61 80 40 93 32 45 17 31 48 37 36 99 56 52 60 96 81 62 11 
108-1-12 1?2.088 = 1 79 61 80 40 93 32 45 17 31 48 37 36 99 56 52 60 96 81 70 12 
108-1-13 1?2.123 = 1 79 61 80 40 93 32 45 28 39 55 17 34 87 37 36 51 13 
108-1-14 1?1.957 = 1 79 61 80 40 93 32 45 17 55 39 28 38 83 67 49 26 14 
108-1-15 1?1.6 = 1 79 61 80 40 93 32 45 17 55 39 28 77 38 83 15 
108-2-3 1?2.061 = 2 65 41 79 61 80 40 93 32 45 66 85 84 72 63 3 
108-2-4 1?2.232 = 2 65 41 79 61 80 40 93 32 45 27 94 16 33 4 
108-2-5 1?2.33 = 2 65 41 79 61 80 93 32 66 27 94 16 59 44 46 5 
108-2-6 1?2.621 = 2 65 41 79 61 80 40 93 32 66 27 94 20 76 24 71 43 92 6 
108-2-7 1?2.717 = 2 41 79 61 80 40 93 32 66 27 94 20 76 24 71 43 22 42 7 
108-2-8 1?2.674 = 2 41 65 85 27 34 87 37 36 56 99 29 53 82 78 54 73 91 89 8 
108-2-9 1?2.641 = 2 41 65 85 27 34 87 31 48 37 36 99 29 53 82 75 19 25 21 9 
108-2-10 1?2.527 = 2 41 61 93 32 45 17 31 48 37 36 99 56 52 60 96 62 90 10 
108-2-11 1?2.406 = 2 41 79 61 93 32 45 17 34 87 48 37 36 99 56 52 60 96 81 62 11 
108-2-12 1?2.266 = 2 41 79 61 80 93 32 45 17 31 48 37 36 99 56 52 60 96 81 70 12 
108-2-13 1?2.223 = 2 65 41 79 61 80 40 93 32 45 17 34 87 48 37 36 51 13 
108-2-14 1?2.089 = 2 65 41 79 61 80 40 93 32 45 17 55 39 28 77 83 67 49 14 
108-2-15 1?1.734 = 2 65 41 79 61 80 40 93 32 45 17 55 39 28 77 15 
108-3-4 1?2.612 = 3 63 72 84 65 41 79 61 93 32 66 27 94 16 33 4 
108-3-5 1?2.541 = 3 63 72 84 33 16 76 64 78 73 54 71 43 35 46 5 
108-3-6 1?2.464 = 3 63 72 84 33 59 44 35 43 71 24 54 73 69 22 42 6 
108-3-7 1?2.719 = 3 63 72 84 33 16 59 76 24 64 50 82 75 78 73 54 69 22 42 7 
108-3-8 1?2.69 = 3 63 72 84 33 59 44 35 43 71 24 64 50 82 75 78 54 73 91 89 8 
108-3-9 1?2.676 = 3 63 72 84 33 16 59 44 35 43 71 24 54 73 78 82 75 19 25 21 9 
108-3-10 1?2.7 = 3 63 72 33 16 20 86 34 87 48 37 36 99 56 52 60 96 62 90 10 
108-3-11 1?2.519 = 3 63 84 33 16 20 86 34 87 48 37 36 99 56 52 60 96 81 62 11 
108-3-12 1?2.461 = 3 63 72 84 33 16 20 86 34 87 31 48 37 99 56 52 60 96 81 70 12 
108-3-13 1?2.533 = 3 63 72 84 33 16 20 86 34 87 48 37 36 56 52 60 96 81 13 
108-3-14 1?2.366 = 3 63 72 84 65 41 79 61 80 93 32 40 28 39 38 83 67 49 14 
108-3-15 1?2.199 = 3 63 72 84 65 41 79 61 80 40 93 32 45 39 28 77 83 15 
108-4-5 1?2.675 = 4 33 16 76 64 50 82 75 78 73 54 71 43 35 46 5 
108-4-6 1?2.637 = 4 44 35 43 71 24 64 50 82 75 78 73 54 69 22 42 6 
108-4-7 1?2.524 = 4 44 35 43 71 24 64 50 82 75 78 73 54 69 22 42 7 
108-4-8 1?2.671 = 4 63 72 84 33 16 76 24 64 50 82 75 78 54 73 91 89 8 
108-4-9 1?2.71 = 4 33 59 44 35 43 71 24 64 50 82 75 78 54 73 19 25 21 9 
108-4-10 1?2.705 = 4 33 16 20 86 34 87 48 37 36 99 56 52 60 96 81 62 90 10 
108-4-11 1?2.623 = 4 33 16 94 27 34 87 31 48 37 36 99 56 52 60 96 81 62 11 
108-4-12 1?2.677 = 4 33 16 20 86 34 87 31 48 37 36 56 99 29 98 30 60 96 81 70 68 12 
108-4-13 1?2.75 = 4 33 16 20 86 34 87 31 48 37 36 56 99 29 98 30 60 96 81 13 
108-4-14 1?2.569 = 4 72 84 65 41 79 61 80 40 93 32 45 39 28 38 83 67 49 14 
108-4-15 1?2.484 = 4 63 72 84 65 41 79 61 80 40 93 32 45 39 28 77 38 83 15 
108-5-6 1?2.491 = 5 46 35 43 71 24 64 50 82 75 78 73 54 69 22 42 6 
108-5-7 1?2.378 = 5 46 35 43 71 24 64 50 82 75 78 73 54 69 22 42 7 
108-5-8 1?2.616 = 5 46 35 43 71 24 64 50 82 75 78 54 73 19 25 91 89 8 
108-5-9 1?2.509 = 5 46 35 43 71 24 64 50 82 75 78 54 73 19 25 21 57 9 
108-5-10 1?2.761 = 5 46 35 43 71 24 64 50 23 97 29 98 30 52 60 96 81 62 90 10 
108-5-11 1?2.661 = 5 46 35 43 71 24 64 50 23 97 37 48 36 99 56 52 60 96 81 62 11 
108-5-12 1?2.531 = 5 46 35 43 71 24 64 50 23 97 99 56 29 98 30 60 96 81 70 68 12 
108-5-13 1?2.632 = 5 46 35 43 71 24 64 50 23 97 29 99 56 36 37 48 31 51 13 
108-5-14 1?2.584 = 5 46 35 43 71 24 64 50 23 97 29 56 99 37 36 51 26 49 14 
108-5-15 1?2.505 = 5 46 35 43 71 24 64 50 23 97 37 48 87 34 17 55 39 28 77 15 
108-6-7 1?2.44 = 6 92 43 71 24 64 50 82 75 19 78 73 54 69 22 42 7 
108-6-8 1?2.378 = 6 92 43 71 24 64 50 82 75 19 78 73 54 69 91 89 8 
108-6-9 1?2.368 = 6 92 43 71 24 64 50 82 75 78 54 73 19 25 58 21 9 
108-6-10 1?2.642 = 6 42 22 69 54 73 78 75 82 53 29 98 30 60 96 81 62 90 10 
108-6-11 1?2.648 = 6 92 43 71 24 64 50 23 97 37 36 56 99 29 98 30 96 81 62 11 
108-6-12 1?2.638 = 6 42 22 69 54 73 78 75 82 50 23 97 29 99 56 52 60 96 81 70 68 12 
108-6-13 1?2.804 = 6 42 22 69 54 73 78 75 82 53 29 99 56 36 37 48 87 34 31 51 13 
108-6-14 1?2.734 = 6 92 43 71 24 64 50 23 97 99 56 36 37 48 87 34 17 55 47 67 49 14 
108-6-15 1?2.544 = 6 92 43 71 24 64 50 23 97 99 36 37 48 87 34 17 55 39 28 77 15 
108-7-8 1?2.387 = 7 22 42 92 43 71 24 64 50 82 75 78 54 73 91 89 8 
108-7-9 1?2.329 = 7 42 22 69 54 73 78 82 75 74 18 88 57 21 25 58 9 
108-7-10 1?2.529 = 7 42 22 69 54 73 78 75 82 53 29 98 30 60 96 81 62 90 10 
108-7-11 1?2.395 = 7 42 22 69 54 73 78 75 82 53 29 98 30 60 96 81 62 90 11 
108-7-12 1?2.472 = 7 42 22 69 54 73 78 19 75 82 50 23 97 99 56 52 60 96 81 70 12 
108-7-13 1?2.635 = 7 42 22 69 54 73 78 82 53 29 99 56 36 37 48 87 34 31 51 13 
108-7-14 1?2.661 = 7 42 22 69 54 73 78 82 53 29 99 36 37 48 87 34 17 55 47 67 49 14 
108-7-15 1?2.486 = 7 22 69 54 73 78 82 53 29 99 36 37 48 87 34 17 55 39 28 77 15 
108-8-9 1?2.282 = 8 89 91 69 54 73 78 19 75 74 18 88 57 21 25 58 9 
108-8-10 1?2.253 = 8 89 91 73 54 78 82 53 29 98 30 96 81 62 90 10 
108-8-11 1?2.107 = 8 89 91 73 54 78 75 82 53 29 98 30 60 96 81 62 11 
108-8-12 1?2.317 = 8 89 91 73 54 78 19 75 82 53 29 97 99 56 52 60 96 81 70 12 
108-8-13 1?2.476 = 8 89 91 73 54 78 82 53 29 99 56 36 37 48 87 34 31 51 13 
108-8-14 1?2.514 = 8 89 91 73 54 78 75 82 53 29 99 56 36 37 48 87 31 47 67 49 14 
108-8-15 1?2.447 = 8 89 91 73 78 75 82 53 29 99 56 36 37 48 87 34 17 55 39 28 77 15 
108-9-10 1?2.226 = 9 21 25 19 75 82 53 29 98 30 60 96 81 62 90 10 
108-9-11 1?2.062 = 9 21 25 19 75 82 53 29 98 30 60 96 81 70 68 11 
108-9-12 1?1.914 = 9 21 25 19 75 82 53 29 98 30 60 96 81 70 68 12 
108-9-13 1?2.464 = 9 21 25 19 73 54 78 75 82 53 29 56 99 36 37 48 31 51 13 
108-9-14 1?2.426 = 9 21 25 19 75 82 53 29 99 56 36 37 48 87 34 17 47 67 49 14 
108-9-15 1?2.313 = 9 21 25 19 75 82 53 29 99 56 36 37 87 34 17 55 39 28 77 15 
108-10-11 1?2.032 = 10 88 18 74 30 98 29 99 56 52 60 96 81 70 68 11 
108-10-12 1?2.029 = 10 18 74 30 98 29 99 37 36 56 52 60 96 81 70 12 
108-10-13 1?2.196 = 10 90 62 81 96 60 52 56 36 37 48 87 34 31 51 13 
108-10-14 1?2.264 = 10 90 62 81 96 60 52 56 99 36 37 48 87 34 17 47 67 49 14 
108-10-15 1?2.151 = 10 90 62 81 96 60 52 56 99 36 37 87 34 17 55 39 28 77 15 
108-11-12 1?1.839 = 11 62 30 98 29 99 37 48 36 56 52 60 96 81 70 12 
108-11-13 1?2.042 = 11 62 81 96 30 98 29 99 36 37 48 87 34 31 51 13 
108-11-14 1?1.94 = 11 62 81 96 60 52 56 99 36 37 48 87 31 51 26 14 
108-11-15 1?1.907 = 11 62 81 96 60 52 56 99 36 37 48 87 34 17 55 39 28 77 15 
108-12-13 1?1.799 = 12 70 81 96 60 52 56 99 36 37 87 34 31 51 13 
108-12-14 1?1.678 = 12 70 81 96 60 52 56 99 36 37 48 31 47 67 49 14 
108-12-15 1?1.713 = 12 70 81 96 60 52 56 36 37 87 34 17 55 39 28 77 15 
108-13-14 1?1.898 = 13 51 36 37 48 87 34 17 55 39 28 77 83 67 49 14 
108-13-15 1?1.931 = 13 81 96 60 52 56 99 36 37 48 87 34 17 55 39 28 77 15 
108-14-15 1?1.746 = 14 49 26 51 36 37 48 31 87 34 17 55 39 28 77 15 
stop
