start
700-0-4 1?2.506 = 0 73 49 53 40 81 21 18 79 34 65 41 45 22 60 84 70 4 
700-0-5 1?2.457 = 0 73 49 37 53 40 81 21 91 51 34 79 65 41 22 60 84 76 32 5 
700-0-7 1?2.666 = 0 73 49 53 40 81 21 91 51 34 79 65 84 60 22 45 29 97 7 
700-0-1 1?1.985 = 0 19 47 16 73 49 37 53 40 81 21 38 80 17 35 1 
700-0-6 1?2.662 = 0 73 49 53 40 81 21 91 51 34 79 65 41 45 22 60 84 76 32 6 
700-0-9 1?2.52 = 0 73 16 88 48 44 89 25 27 95 28 99 50 43 72 24 67 52 9 
700-0-2 1?2.497 = 0 73 16 49 37 53 40 81 21 91 51 34 65 79 18 96 2 
700-0-3 1?2.413 = 0 19 47 16 73 49 53 81 21 91 51 34 65 79 18 36 3 
700-0-10 1?2.507 = 0 73 49 16 47 88 48 44 89 25 27 95 28 99 50 43 72 24 67 10 
700-0-8 1?2.58 = 0 73 16 47 88 48 44 89 25 95 28 99 50 43 82 74 85 75 8 
700-0-11 1?2.34 = 0 73 16 88 48 56 44 89 25 95 28 99 50 43 33 58 69 30 11 
700-0-15 1?2.322 = 0 19 47 16 40 86 83 64 89 25 27 44 56 48 88 62 15 
700-1-4 1?2.063 = 1 17 80 38 96 18 79 34 65 84 60 22 32 76 42 4 
700-0-14 1?1.999 = 0 49 73 16 47 88 48 56 44 89 25 27 95 66 61 14 
700-1-2 1?2.339 = 1 17 80 35 37 49 73 19 47 16 40 53 81 21 38 2 
700-1-3 1?2.144 = 1 35 17 80 38 96 18 79 65 60 84 70 31 36 3 
700-1-5 1?1.966 = 1 35 17 80 38 96 18 79 34 65 41 60 84 76 32 5 
700-0-13 1?1.783 = 0 73 49 16 47 88 48 56 44 89 25 27 95 66 61 13 
700-1-8 1?2.684 = 1 17 80 38 96 18 79 34 65 41 93 98 90 87 46 26 77 55 57 75 8 
700-0-12 1?2.363 = 0 73 49 37 53 40 86 83 64 95 27 25 89 44 48 56 61 54 12 
700-1-6 1?2.694 = 1 17 80 38 21 91 51 93 98 90 87 26 46 29 45 22 60 84 76 32 6 
700-1-7 1?2.683 = 1 35 17 80 38 96 18 79 34 65 41 93 98 90 87 46 26 77 55 7 
700-1-14 1?2.057 = 1 17 35 37 53 49 73 16 47 88 48 44 89 25 27 56 14 
700-1-15 1?2.249 = 1 17 80 38 37 53 81 21 91 86 40 49 73 16 47 62 15 
700-1-12 1?2.423 = 1 17 80 38 81 40 53 49 73 16 47 88 48 44 89 25 27 66 54 12 
700-2-4 1?2.256 = 2 17 80 38 96 18 79 34 65 84 60 22 32 76 42 4 
700-2-3 1?2.164 = 2 96 18 79 34 65 41 45 22 60 84 70 31 36 3 
700-2-5 1?2.135 = 2 17 80 38 21 91 51 34 79 65 84 60 22 76 32 5 
700-1-11 1?2.575 = 1 35 49 73 16 47 88 48 56 44 89 25 27 95 66 63 78 33 58 69 30 11 
700-1-9 1?2.726 = 1 17 80 38 81 53 40 86 83 94 71 50 99 43 72 33 58 24 67 52 9 
700-1-10 1?2.7 = 1 35 37 49 73 16 88 48 44 89 25 27 95 28 99 50 43 72 24 67 10 
700-2-6 1?2.555 = 2 96 18 79 34 65 41 93 98 90 87 29 45 22 60 84 76 32 6 
700-1-13 1?2.202 = 1 17 35 37 49 73 16 47 88 48 44 89 25 95 66 27 56 61 13 
700-2-14 1?2.395 = 2 80 17 35 37 49 73 16 47 88 48 44 89 25 95 66 27 56 14 
700-2-15 1?2.629 = 2 38 81 53 40 86 83 64 89 25 27 44 56 48 88 16 47 62 15 
700-3-4 1?2.167 = 3 36 18 79 34 65 41 93 29 45 22 60 84 70 4 
700-2-12 1?2.583 = 2 80 17 35 49 73 16 47 88 48 56 44 89 25 27 95 66 61 54 12 
700-3-5 1?2.101 = 3 36 18 79 34 65 41 45 29 97 22 60 84 76 5 
700-2-11 1?2.656 = 2 96 18 79 65 41 93 98 90 39 71 99 50 43 72 33 58 69 30 11 
700-2-9 1?2.817 = 2 80 17 35 37 53 40 86 83 94 71 99 50 43 72 33 58 24 67 52 9 
700-2-10 1?2.843 = 2 96 18 79 34 65 41 93 90 98 20 39 71 50 99 43 72 24 67 10 
700-2-8 1?2.803 = 2 96 18 79 34 65 41 60 84 76 32 22 45 29 46 26 77 55 57 75 8 
700-2-13 1?2.358 = 2 80 17 35 37 49 73 16 47 88 48 56 44 89 25 27 95 66 61 13 
700-2-7 1?2.822 = 2 96 18 79 34 65 41 60 84 76 32 22 45 29 97 46 26 77 55 7 
700-3-6 1?2.253 = 3 36 31 70 84 60 22 41 93 98 90 87 26 46 97 6 
700-3-14 1?2.569 = 3 36 18 51 20 39 71 50 43 99 28 95 25 89 44 56 48 14 
700-3-15 1?2.54 = 3 36 18 79 65 34 51 91 21 81 53 40 49 73 16 47 19 62 15 
700-3-12 1?2.666 = 3 36 18 79 65 41 93 98 90 39 50 43 72 33 58 69 30 68 12 
700-4-5 1?2.102 = 4 70 84 60 41 93 98 90 87 26 46 29 45 22 32 5 
700-3-10 1?2.592 = 3 36 18 79 34 65 41 93 90 98 39 71 99 50 43 72 24 67 10 
700-3-8 1?2.601 = 3 36 31 70 84 60 22 45 41 93 98 90 87 46 26 77 55 57 75 8 
700-3-11 1?2.577 = 3 36 31 70 84 60 22 45 29 46 26 59 82 74 23 72 33 58 69 30 11 
700-3-9 1?2.819 = 3 36 31 70 84 60 22 45 29 97 46 26 59 82 74 23 72 24 67 52 9 
700-3-13 1?2.597 = 3 36 18 79 65 41 93 98 90 39 50 99 28 95 89 25 27 61 13 
700-3-7 1?2.624 = 3 36 31 70 84 60 22 41 65 34 93 98 90 87 46 26 77 55 7 
700-4-6 1?2.171 = 4 42 76 32 22 60 84 65 41 93 98 90 87 46 97 6 
700-5-6 1?2.023 = 5 32 76 22 60 84 65 34 41 93 98 90 87 46 97 6 
700-4-14 1?2.446 = 4 70 84 60 41 93 98 90 39 50 99 28 95 25 89 44 56 14 
700-4-7 1?2.186 = 4 42 76 32 22 60 84 65 41 93 98 90 87 46 97 7 
700-4-12 1?2.582 = 4 70 84 60 22 45 29 46 26 59 82 74 23 72 24 58 69 30 68 12 
700-4-8 1?2.518 = 4 42 76 32 22 60 84 65 79 34 41 45 29 46 26 77 55 57 75 8 
700-4-15 1?2.567 = 4 42 76 32 22 60 84 65 34 79 18 21 81 53 49 73 16 47 62 15 
700-4-11 1?2.561 = 4 31 70 84 60 22 45 29 46 26 59 82 74 23 24 72 33 58 69 30 11 
700-4-10 1?2.614 = 4 70 84 60 22 45 29 46 26 87 90 98 39 71 50 43 72 24 67 10 
700-4-9 1?2.712 = 4 70 84 60 22 45 29 46 87 90 98 39 71 50 43 72 24 67 52 9 
700-4-13 1?2.511 = 4 70 84 60 41 93 98 39 50 43 99 28 95 25 89 44 56 61 13 
700-5-8 1?1.931 = 5 32 76 22 60 84 65 34 93 98 90 87 26 77 57 8 
700-6-8 1?2.105 = 6 32 76 22 60 84 65 34 93 98 90 87 26 77 57 8 
700-5-7 1?2.038 = 5 32 76 22 60 84 65 34 41 93 98 90 87 46 97 7 
700-6-7 1?2.205 = 6 32 76 84 60 22 41 93 98 90 87 46 26 77 55 7 
700-5-14 1?2.392 = 5 32 76 22 41 93 98 90 39 71 99 28 95 27 25 89 44 56 14 
700-5-10 1?2.408 = 5 32 76 84 60 22 45 29 46 26 59 74 82 23 72 33 58 24 67 10 
700-5-12 1?2.457 = 5 32 76 84 60 22 45 29 46 26 59 82 74 23 72 33 58 69 30 68 12 
700-5-9 1?2.486 = 5 32 76 84 60 22 45 29 46 26 59 82 23 72 33 58 24 67 52 9 
700-5-15 1?2.491 = 5 32 76 22 60 84 65 34 79 51 91 21 81 40 53 49 73 16 47 62 15 
700-5-11 1?2.432 = 5 32 76 84 60 22 41 93 98 90 39 71 99 50 43 72 33 58 69 30 11 
700-5-13 1?2.43 = 5 32 76 22 41 93 98 90 39 50 43 99 28 95 25 89 44 56 61 13 
700-7-8 1?2.323 = 7 55 77 92 74 82 23 72 33 58 24 67 52 85 75 57 8 
700-6-9 1?2.271 = 6 32 76 84 60 22 45 29 97 46 26 59 82 74 23 52 9 
700-7-9 1?2.401 = 7 55 77 92 85 74 82 72 24 58 33 78 30 69 67 52 9 
700-7-10 1?2.296 = 7 55 77 26 87 90 98 39 71 99 50 43 72 24 67 10 
700-6-10 1?2.464 = 6 32 76 84 60 22 45 29 97 46 26 59 82 74 23 72 24 67 10 
700-6-14 1?2.494 = 6 97 46 87 90 98 39 50 43 99 28 66 95 27 25 89 44 56 14 
700-7-11 1?2.454 = 7 55 77 26 46 87 90 98 39 71 99 50 43 72 33 58 69 30 11 
700-6-11 1?2.529 = 6 32 76 22 60 84 65 41 93 90 98 39 71 50 43 33 58 69 30 11 
700-6-15 1?2.684 = 6 32 76 22 60 84 65 34 79 51 91 21 81 53 40 49 73 16 47 62 15 
700-6-12 1?2.631 = 6 32 76 84 60 22 45 29 46 26 59 82 74 23 72 33 58 69 30 68 12 
700-6-13 1?2.471 = 6 97 46 87 90 98 39 50 43 99 28 66 95 25 89 44 56 61 13 
700-8-11 1?1.917 = 8 57 75 85 74 82 23 52 67 24 72 33 58 69 30 11 
700-8-9 1?2.171 = 8 57 75 85 74 82 72 24 58 33 78 30 69 67 52 9 
700-8-10 1?2.184 = 8 57 55 77 92 85 74 82 23 72 24 58 33 78 69 30 10 
700-7-14 1?2.542 = 7 55 57 75 85 74 82 43 50 99 28 66 95 27 25 89 44 56 48 14 
700-8-15 1?2.445 = 8 57 75 85 74 82 43 50 99 28 66 95 25 89 44 48 88 62 15 
700-8-12 1?2.408 = 8 57 75 92 74 82 43 50 99 28 95 25 89 44 56 27 66 54 12 
700-7-12 1?2.565 = 7 55 77 92 85 74 82 43 50 99 28 95 25 89 44 27 66 54 12 
700-7-15 1?2.602 = 7 55 77 92 74 82 43 50 99 28 95 27 25 89 44 56 48 88 62 15 
700-8-14 1?2.402 = 8 57 75 85 74 82 23 72 43 50 99 28 66 95 27 25 89 44 56 14 
700-8-13 1?2.169 = 8 75 85 74 82 43 50 99 28 66 95 27 25 89 44 56 61 13 
700-7-13 1?2.359 = 7 55 77 92 74 82 43 50 99 28 95 27 25 89 44 48 56 61 13 
700-10-11 1?1.969 = 10 67 24 58 33 72 43 50 71 99 28 63 78 69 30 11 
700-9-11 1?2.024 = 9 52 67 24 58 33 72 43 50 99 28 63 78 69 30 11 
700-10-12 1?1.964 = 10 67 24 72 43 50 99 28 95 89 25 27 66 54 12 
700-9-12 1?2.083 = 9 52 67 24 72 43 50 99 28 95 25 27 66 54 12 
700-9-10 1?2.151 = 9 52 67 24 58 33 72 43 50 99 28 63 78 30 69 10 
700-10-13 1?1.835 = 10 67 24 72 43 50 99 28 95 27 25 89 44 56 61 13 
700-9-13 1?1.952 = 9 52 23 72 43 50 99 28 95 27 25 89 44 56 61 13 
700-10-14 1?2.119 = 10 30 69 58 33 43 50 99 28 66 95 27 25 89 44 56 48 14 
700-10-15 1?2.217 = 10 67 24 72 43 50 99 28 66 95 25 89 44 56 48 88 62 15 
700-9-14 1?2.356 = 9 52 67 24 72 33 58 69 30 78 63 66 95 25 89 44 27 56 48 14 
700-9-15 1?2.443 = 9 52 67 24 72 43 50 99 28 66 95 27 25 89 44 56 48 88 62 15 
700-11-12 1?1.881 = 11 30 69 58 33 78 63 66 27 25 89 44 56 61 54 12 
700-12-14 1?2.105 = 12 11 30 69 58 33 78 63 66 95 27 25 89 44 56 48 14 
700-13-14 1?2.044 = 13 61 56 44 89 25 27 95 28 99 50 71 64 48 14 
700-14-15 1?1.939 = 14 56 27 66 95 25 89 44 48 88 47 16 73 19 62 15 
700-13-15 1?1.749 = 13 61 66 95 27 25 89 44 56 48 88 16 47 19 62 15 
700-12-13 1?2.009 = 12 68 30 69 58 33 72 43 50 71 99 28 66 61 13 
700-12-15 1?1.812 = 12 54 66 95 27 25 89 44 56 48 88 16 47 19 62 15 
700-11-14 1?1.818 = 11 30 69 58 33 72 43 50 99 28 95 25 89 44 56 14 
700-11-13 1?1.747 = 11 30 69 58 33 78 63 66 95 27 25 89 44 48 56 61 13 
700-11-15 1?1.99 = 11 30 69 58 33 78 63 66 95 27 25 89 44 56 48 88 62 15 
stop
