start
681-0-3 1?1.647 = 0 52 82 87 47 74 72 46 56 89 43 51 84 67 64 3 
681-0-2 1?1.751 = 0 52 82 87 47 72 46 56 89 43 51 84 67 64 20 2 
681-0-4 1?1.893 = 0 52 82 87 47 74 33 72 46 56 89 43 51 84 67 96 95 29 54 4 
681-0-5 1?2.163 = 0 82 87 47 74 33 72 46 56 89 43 51 84 67 96 29 95 81 5 
681-0-7 1?2.511 = 0 52 82 87 19 58 97 86 39 59 48 44 37 16 73 91 94 92 7 
681-0-8 1?2.444 = 0 52 82 87 19 58 97 86 39 59 48 44 37 16 73 91 94 92 69 8 
681-0-1 1?1.874 = 0 52 82 87 19 58 18 97 53 86 39 36 45 72 24 1 
681-0-11 1?2.267 = 0 52 82 87 19 58 18 97 86 26 23 34 75 62 40 79 28 88 78 30 11 
681-0-9 1?2.415 = 0 52 82 87 19 58 18 97 53 26 75 62 80 17 70 90 31 27 9 
681-0-6 1?2.4 = 0 82 87 47 72 46 56 89 43 51 84 67 96 29 95 81 55 57 6 
681-0-10 1?2.393 = 0 52 82 87 19 58 97 53 86 26 23 34 75 62 80 17 70 90 31 77 10 
681-1-4 1?1.521 = 1 24 46 56 89 43 51 84 67 64 96 95 29 54 71 4 
681-0-15 1?1.869 = 0 52 82 74 47 87 19 58 18 97 53 86 26 21 66 32 15 
681-0-13 1?1.871 = 0 52 82 87 19 58 18 97 53 86 26 23 34 75 62 40 13 
681-1-3 1?1.511 = 1 24 46 56 89 43 51 84 67 96 35 95 29 54 71 3 
681-0-14 1?1.936 = 0 52 82 87 19 58 18 53 97 36 59 39 86 26 21 66 14 
681-1-2 1?1.673 = 1 24 46 89 43 51 84 67 96 95 29 54 64 20 2 
681-1-5 1?2.344 = 1 24 46 56 89 43 51 84 67 64 54 29 95 96 35 81 55 57 5 
681-1-7 1?2.464 = 1 24 46 56 89 43 51 84 67 96 35 81 55 99 73 91 94 92 7 
681-0-12 1?2.068 = 0 52 82 87 19 58 18 97 53 86 26 23 34 75 40 62 80 79 28 12 
681-1-8 1?2.427 = 1 24 46 56 89 43 51 84 67 96 29 95 81 55 99 73 91 94 69 8 
681-1-6 1?2.27 = 1 24 46 56 89 43 51 84 67 64 54 29 95 96 35 81 55 57 6 
681-2-4 1?1.636 = 2 56 46 89 43 51 84 67 64 96 35 95 29 54 71 4 
681-1-15 1?1.882 = 1 24 56 84 51 43 89 46 72 74 47 87 19 58 32 15 
681-2-5 1?2.016 = 2 24 46 56 89 43 84 51 67 96 35 95 29 54 71 4 5 
681-2-3 1?1.609 = 2 24 46 56 89 43 51 84 67 96 35 95 29 54 71 3 
681-1-14 1?2.129 = 1 24 56 46 72 33 74 47 87 82 19 58 18 97 53 21 66 14 
681-1-11 1?2.449 = 1 33 74 47 87 19 58 18 97 53 86 26 75 62 80 79 28 88 78 30 11 
681-1-12 1?2.346 = 1 33 74 82 87 19 58 18 97 53 86 26 23 34 75 40 80 79 28 12 
681-1-13 1?2.32 = 1 33 74 82 87 19 58 18 97 53 86 26 75 40 80 79 28 13 
681-1-9 1?2.65 = 1 24 46 56 89 43 51 84 67 96 54 29 95 81 55 99 16 22 42 9 
681-2-6 1?2.478 = 2 20 64 67 84 51 43 89 65 38 35 96 54 29 95 81 55 57 6 
681-1-10 1?2.577 = 1 33 74 82 87 19 58 18 97 53 26 75 62 80 17 70 90 31 77 10 
681-3-4 1?1.733 = 3 20 64 67 84 51 43 65 38 35 96 95 29 54 4 
681-2-15 1?1.732 = 2 20 84 51 43 89 56 46 72 74 47 87 19 58 32 15 
681-3-5 1?1.92 = 3 71 54 29 95 96 64 67 84 51 43 38 35 81 5 
681-2-11 1?2.532 = 2 20 64 67 84 51 43 89 65 68 59 39 86 26 75 62 80 78 30 11 
681-2-7 1?2.45 = 2 20 84 51 67 96 54 29 95 81 55 99 16 73 91 94 92 7 
681-2-14 1?2.192 = 2 20 64 67 84 51 43 89 56 46 72 33 74 47 87 19 58 32 14 
681-2-12 1?2.407 = 2 20 64 67 84 51 43 65 68 59 39 86 26 75 40 80 79 28 12 
681-2-13 1?2.405 = 2 20 64 96 67 84 51 43 65 68 59 39 86 26 75 62 40 13 
681-2-8 1?2.498 = 2 56 46 89 43 51 84 67 96 29 95 81 55 99 73 91 94 92 69 8 
681-2-9 1?2.656 = 2 20 64 67 96 54 29 95 81 55 99 16 73 91 94 92 69 98 9 
681-2-10 1?2.677 = 2 20 64 67 84 51 43 65 68 59 39 86 26 23 34 17 70 41 77 10 
681-4-5 1?1.919 = 4 71 54 29 95 96 64 67 84 51 43 38 35 81 5 
681-3-15 1?1.859 = 3 64 67 84 51 43 89 56 46 24 72 33 74 47 87 19 58 32 15 
681-3-7 1?2.352 = 3 71 54 29 95 96 67 84 51 43 38 76 99 73 91 94 92 7 
681-3-11 1?2.401 = 3 64 67 84 51 43 65 68 59 39 86 26 75 40 79 28 88 30 11 
681-3-6 1?2.044 = 3 71 54 29 95 96 67 84 51 43 65 38 76 55 57 6 
681-3-14 1?2.14 = 3 64 67 84 51 43 89 56 46 72 33 74 82 87 19 58 18 66 14 
681-3-12 1?2.395 = 3 71 54 29 95 96 67 84 51 43 65 68 59 39 86 26 75 40 79 28 12 
681-3-13 1?2.382 = 3 71 54 29 95 96 67 84 51 43 65 68 59 39 86 26 75 62 40 13 
681-3-8 1?2.359 = 3 71 54 29 95 96 67 84 51 43 65 38 76 99 73 91 94 92 69 8 
681-3-10 1?2.605 = 3 64 67 84 51 43 65 68 59 39 86 26 23 34 17 70 90 31 77 10 
681-3-9 1?2.616 = 3 71 54 29 95 96 67 84 51 43 38 76 99 73 91 94 92 69 98 9 
681-4-7 1?2.054 = 4 71 54 29 95 96 35 81 55 99 73 91 94 92 7 
681-4-8 1?1.93 = 4 54 29 95 96 35 81 55 99 73 91 94 92 69 8 
681-4-11 1?2.419 = 4 29 96 67 51 43 65 68 59 39 86 26 75 62 80 78 30 11 
681-5-6 1?2.338 = 5 81 95 29 54 96 67 84 51 43 65 38 76 55 57 6 
681-4-12 1?2.287 = 4 29 95 96 67 51 43 65 68 59 39 86 26 75 40 79 28 12 
681-4-6 1?2.043 = 4 71 54 29 95 96 67 84 51 43 65 38 76 55 57 6 
681-4-15 1?1.953 = 4 54 29 95 96 67 84 51 43 89 56 46 72 74 82 87 19 58 32 15 
681-4-9 1?2.409 = 4 71 54 29 95 96 35 81 55 99 16 73 91 94 92 69 98 9 
681-4-14 1?2.168 = 4 54 29 95 96 67 84 51 43 89 56 46 72 74 87 19 58 32 14 
681-4-13 1?2.324 = 4 54 29 95 96 67 84 51 43 65 68 59 39 86 26 75 62 40 13 
681-4-10 1?2.577 = 4 71 54 29 95 96 67 84 51 43 38 76 37 50 85 93 25 27 10 
681-5-7 1?2.434 = 5 81 95 29 54 96 35 76 99 16 73 91 94 92 7 
681-6-7 1?2.435 = 6 57 99 16 73 91 60 22 93 25 42 98 69 94 92 7 
681-5-8 1?2.319 = 5 81 95 29 54 96 35 76 99 16 73 91 94 69 8 
681-6-8 1?2.282 = 6 57 99 16 73 91 92 94 60 22 93 25 42 98 69 8 
681-5-11 1?2.702 = 5 81 35 96 67 84 51 43 65 68 59 39 26 75 62 80 78 30 11 
681-5-15 1?2.225 = 5 81 95 29 96 67 84 51 43 89 56 46 72 74 47 87 19 58 32 15 
681-5-9 1?2.698 = 5 81 95 29 54 96 35 76 99 16 73 91 94 92 69 98 9 
681-5-13 1?2.56 = 5 81 95 29 96 67 84 51 43 65 68 59 36 39 86 26 63 13 
681-5-12 1?2.614 = 5 81 35 96 67 84 51 43 65 68 59 39 86 26 75 62 80 79 28 12 
681-5-14 1?2.466 = 5 81 95 29 96 67 84 51 43 89 56 46 72 47 87 19 58 32 14 
681-5-10 1?2.781 = 5 57 99 16 73 91 94 92 69 98 42 25 93 31 77 27 10 
681-7-8 1?2.011 = 7 92 94 91 73 16 50 85 49 93 25 42 98 69 8 
681-6-9 1?2.304 = 6 57 99 16 73 91 94 92 69 98 42 22 93 25 9 
681-7-9 1?2.138 = 7 92 69 94 91 73 16 50 85 49 93 25 42 98 9 
681-7-10 1?2.175 = 7 92 69 94 91 60 42 25 93 49 90 31 77 27 10 
681-6-15 1?2.437 = 6 57 55 81 35 96 67 84 51 43 89 56 46 72 74 87 19 58 32 15 
681-6-10 1?2.285 = 6 57 99 16 73 91 94 92 69 60 22 25 93 27 10 
681-7-11 1?2.459 = 7 92 94 91 60 42 25 93 49 90 70 17 80 79 28 88 78 30 11 
681-6-11 1?2.796 = 6 57 99 16 73 91 94 92 69 98 42 22 25 93 31 77 61 30 11 
681-6-12 1?2.87 = 6 57 55 81 35 96 67 84 51 43 65 68 59 39 26 75 40 79 28 12 
681-6-14 1?2.713 = 6 57 55 81 35 96 67 84 51 43 89 56 46 72 47 87 19 58 32 14 
681-6-13 1?2.83 = 6 57 55 81 95 29 54 96 67 84 51 43 65 68 59 39 86 26 63 13 
681-8-11 1?1.869 = 8 69 92 94 91 73 16 50 85 49 90 31 77 61 11 
681-8-9 1?1.905 = 8 69 92 94 91 73 16 50 85 49 93 25 42 98 9 
681-8-10 1?1.942 = 8 69 92 94 91 60 42 25 93 49 90 31 77 27 10 
681-7-12 1?2.415 = 7 92 94 91 60 42 25 93 49 90 70 17 80 62 75 40 79 28 12 
681-7-15 1?2.568 = 7 92 94 91 73 16 37 44 48 59 36 45 47 74 82 87 19 58 32 15 
681-8-12 1?2.242 = 8 69 92 94 60 42 25 93 49 90 70 17 80 62 75 40 79 28 12 
681-8-15 1?2.488 = 8 69 92 94 91 73 16 37 44 48 59 36 39 86 53 97 18 58 19 32 15 
681-7-13 1?2.594 = 7 92 69 94 60 42 25 93 49 90 70 17 80 62 75 40 79 28 13 
681-7-14 1?2.697 = 7 92 94 91 60 42 25 93 49 90 70 17 80 79 28 40 75 63 14 
681-8-13 1?2.467 = 8 69 92 94 91 60 42 25 93 49 90 70 17 80 62 75 40 79 28 13 
681-8-14 1?2.621 = 8 69 92 94 60 42 25 93 31 77 41 90 70 17 80 62 75 40 63 14 
681-9-11 1?2.062 = 9 27 77 31 90 70 17 80 62 75 40 79 88 30 11 
681-10-11 1?1.905 = 10 77 31 90 70 17 80 62 75 40 28 79 88 78 30 11 
681-9-12 1?2.081 = 9 27 31 77 41 90 70 17 80 62 75 40 79 28 88 12 
681-10-12 1?1.927 = 10 27 31 77 41 90 70 17 80 62 75 40 79 28 88 12 
681-9-10 1?2.167 = 9 98 69 92 94 60 42 25 93 49 90 31 77 27 10 
681-10-13 1?2.385 = 10 27 77 41 70 17 80 79 28 40 62 75 34 23 26 63 13 
681-9-15 1?2.508 = 9 27 77 41 70 17 80 62 75 34 23 26 86 53 97 18 58 19 32 15 
681-9-13 1?2.552 = 9 98 69 92 94 60 22 42 25 93 85 49 90 70 17 80 79 28 13 
681-10-15 1?2.354 = 10 27 77 41 70 17 80 62 75 34 23 26 86 53 97 18 58 19 32 15 
681-10-14 1?2.486 = 10 27 31 77 41 70 78 88 28 79 80 62 75 34 23 26 21 66 14 
681-9-14 1?2.721 = 9 27 31 77 41 90 70 78 88 28 79 80 17 62 75 40 63 21 66 14 
681-14-15 1?1.966 = 14 66 21 26 86 39 59 36 45 72 33 74 87 19 32 15 
681-12-15 1?1.788 = 12 28 79 80 62 40 75 26 86 53 97 18 58 19 32 15 
681-11-12 1?1.818 = 11 30 41 77 31 90 70 17 80 62 75 40 28 79 88 12 
681-13-15 1?1.907 = 13 28 79 80 62 40 75 26 86 53 97 18 58 19 32 15 
681-11-13 1?1.946 = 11 30 61 77 31 90 70 17 80 79 28 40 62 75 63 13 
681-12-13 1?2.176 = 12 28 79 40 62 75 34 23 26 86 53 97 18 66 21 63 13 
681-11-14 1?2.02 = 11 30 41 77 31 90 70 17 80 62 75 40 63 21 66 14 
681-13-14 1?2.15 = 13 28 79 80 62 75 34 23 26 86 39 36 97 53 21 66 14 
681-12-14 1?2.031 = 12 28 79 80 62 75 34 23 26 86 39 36 97 53 21 66 14 
681-11-15 1?2.157 = 11 30 78 88 28 79 80 62 75 34 23 26 86 53 97 18 58 19 32 15 
stop
