start
427-0-3 1?1.876 = 0 62 44 54 88 33 50 85 91 68 56 79 29 73 77 3 
427-0-4 1?2.256 = 0 62 80 64 44 54 88 55 33 91 68 56 79 29 73 77 63 16 4 
427-0-7 1?2.603 = 0 62 44 54 88 55 33 85 99 50 71 28 34 20 32 67 57 41 81 7 
427-0-1 1?2.138 = 0 62 80 64 44 54 88 33 91 68 56 79 29 39 98 37 1 
427-0-2 1?2.054 = 0 62 44 54 88 33 50 99 85 91 68 56 79 29 86 2 
427-0-9 1?2.665 = 0 62 80 64 44 54 88 55 75 65 21 27 78 89 70 83 92 24 72 9 
427-0-8 1?2.771 = 0 80 64 44 54 88 33 85 99 50 71 28 34 20 32 67 57 41 45 8 
427-0-6 1?2.604 = 0 62 80 64 44 54 88 55 71 28 34 20 32 67 41 57 96 61 6 
427-0-11 1?2.489 = 0 62 80 64 44 54 88 55 75 65 21 27 89 78 18 82 76 19 11 
427-0-5 1?2.576 = 0 80 64 44 54 88 55 71 28 99 85 50 33 91 68 56 43 51 58 5 
427-0-10 1?2.561 = 0 62 80 64 44 54 88 55 75 65 21 27 89 78 87 53 48 69 10 
427-1-3 1?1.764 = 1 37 44 54 88 33 50 85 91 68 56 79 29 73 77 3 
427-1-2 1?1.96 = 1 37 44 54 88 55 33 91 68 56 79 29 39 98 86 2 
427-0-15 1?2.257 = 0 62 44 54 88 55 75 65 21 90 26 46 36 93 15 
427-0-14 1?2.112 = 0 42 35 65 21 27 89 78 90 74 23 26 46 38 36 14 
427-0-13 1?2.066 = 0 62 44 64 80 42 66 93 36 38 46 26 23 31 60 40 13 
427-0-12 1?2.277 = 0 62 80 64 44 54 88 55 75 65 21 27 89 78 82 76 94 12 
427-1-6 1?2.511 = 1 37 98 39 86 29 79 56 68 91 33 50 85 99 30 43 51 97 17 61 6 
427-1-8 1?2.816 = 1 37 44 54 88 33 91 68 85 99 50 71 28 34 20 32 67 57 41 45 8 
427-1-7 1?2.474 = 1 37 44 54 88 55 33 85 99 50 71 28 34 20 32 67 41 57 81 7 
427-1-4 1?2.138 = 1 37 44 54 88 33 50 85 91 68 56 79 29 73 77 63 16 4 
427-1-5 1?2.4 = 1 37 44 54 88 55 71 28 99 85 50 33 91 68 56 43 51 58 5 
427-1-15 1?2.145 = 1 37 44 54 88 55 75 65 21 90 26 46 36 93 15 
427-2-3 1?1.702 = 2 86 39 98 44 54 88 33 91 68 56 79 29 73 77 3 
427-1-12 1?2.307 = 1 37 44 54 88 55 75 65 21 27 89 78 90 74 18 82 76 94 12 
427-1-11 1?2.456 = 1 37 44 54 88 55 75 65 21 27 89 78 90 74 18 82 76 19 11 
427-2-6 1?2.317 = 2 86 39 98 44 54 88 55 33 50 85 99 30 43 51 97 17 61 6 
427-1-13 1?1.997 = 1 37 44 54 88 55 75 65 21 90 74 23 31 60 40 13 
427-2-4 1?1.875 = 2 86 39 98 44 54 88 91 68 56 79 29 73 63 16 4 
427-1-14 1?2.024 = 1 37 44 54 88 55 75 65 35 26 46 38 36 47 14 
427-2-5 1?1.903 = 2 86 29 79 56 68 91 33 50 85 99 30 97 51 58 5 
427-1-9 1?2.76 = 1 37 98 39 29 79 56 68 91 33 50 85 99 28 34 20 32 84 92 24 72 9 
427-1-10 1?2.643 = 1 37 44 54 88 55 75 65 21 27 89 78 90 74 18 82 19 48 69 10 
427-2-15 1?2.101 = 2 86 39 98 44 54 88 55 75 65 35 42 66 93 15 
427-2-12 1?2.437 = 2 86 98 44 54 88 55 75 65 21 27 89 78 90 74 18 82 76 94 12 
427-2-8 1?2.537 = 2 86 29 79 56 68 91 85 50 71 28 34 20 32 67 57 41 45 8 
427-3-4 1?1.813 = 3 77 73 29 79 56 68 91 33 50 85 99 30 43 16 63 4 
427-2-7 1?2.321 = 2 86 29 79 56 68 91 85 50 71 28 34 20 32 67 41 57 81 7 
427-2-9 1?2.492 = 2 86 39 98 54 88 55 75 65 21 27 78 89 70 83 92 24 72 9 
427-3-5 1?1.747 = 3 77 73 29 79 56 68 91 33 50 85 30 97 51 58 5 
427-2-11 1?2.495 = 2 86 39 98 44 54 88 55 75 65 21 27 89 78 18 82 76 19 95 11 
427-2-14 1?2.219 = 2 86 39 98 54 88 55 75 65 21 27 89 78 90 26 46 38 36 14 
427-2-13 1?2.305 = 2 86 39 98 44 54 88 55 75 65 21 27 89 78 90 26 23 31 60 13 
427-2-10 1?2.552 = 2 86 39 98 44 54 88 55 75 65 21 27 89 78 87 53 52 48 69 10 
427-3-15 1?2.029 = 3 77 73 29 79 68 91 33 50 71 22 75 65 35 66 15 
427-3-6 1?1.853 = 3 77 73 29 79 56 68 91 33 50 85 99 30 97 17 61 6 
427-3-8 1?2.35 = 3 77 73 29 79 56 68 91 33 50 85 99 34 20 32 67 57 41 45 8 
427-3-7 1?2.134 = 3 77 73 29 79 56 68 91 33 50 85 99 34 20 32 67 41 57 81 7 
427-4-5 1?1.966 = 4 16 63 29 79 56 68 91 33 50 85 30 97 51 58 5 
427-3-12 1?2.355 = 3 77 73 29 79 68 91 33 50 28 71 22 75 65 21 27 89 78 82 76 94 12 
427-3-9 1?2.36 = 3 77 73 29 79 56 68 91 85 99 50 71 28 34 20 84 92 24 72 9 
427-3-11 1?2.526 = 3 77 73 29 79 56 68 91 85 50 28 71 22 75 65 21 27 89 78 82 19 11 
427-3-14 1?2.244 = 3 77 73 29 79 68 91 85 50 28 71 22 75 65 35 26 46 38 36 14 
427-3-13 1?2.318 = 3 77 73 29 79 68 91 85 99 50 28 71 22 75 65 35 26 23 31 60 40 13 
427-3-10 1?2.556 = 3 77 73 29 79 68 91 33 50 28 71 22 75 65 21 27 89 78 87 53 52 10 
427-4-7 1?2.077 = 4 16 63 56 68 91 33 50 85 99 34 20 67 41 81 7 
427-4-6 1?2.054 = 4 16 63 56 68 91 33 50 85 99 30 43 51 97 17 61 6 
427-5-6 1?2.235 = 5 58 51 97 30 99 85 50 71 28 34 20 96 61 6 
427-4-8 1?2.483 = 4 16 63 56 68 91 33 50 85 99 28 34 20 32 67 57 41 45 8 
427-4-12 1?2.474 = 4 16 63 56 68 91 33 50 28 71 22 75 65 21 27 89 78 82 76 94 12 
427-4-9 1?2.455 = 4 16 63 56 68 91 33 50 85 99 28 34 20 32 84 92 24 72 9 
427-4-11 1?2.594 = 4 16 63 56 68 91 33 50 71 22 75 65 21 27 89 78 82 19 95 11 
427-4-15 1?2.484 = 4 16 63 29 79 56 68 91 33 50 85 99 28 71 22 75 65 35 66 15 
427-4-13 1?2.386 = 4 16 63 56 68 91 85 50 28 71 22 75 65 35 26 23 31 60 40 13 
427-4-14 1?2.431 = 4 16 63 56 68 91 33 85 50 28 71 22 75 65 35 26 46 38 36 14 
427-4-10 1?2.622 = 4 16 63 56 68 91 33 50 71 22 75 65 21 27 89 78 87 53 52 10 
427-6-7 1?2.246 = 6 61 17 97 30 99 85 50 71 28 34 20 67 41 81 7 
427-5-7 1?2.169 = 5 58 51 97 30 99 85 50 71 28 34 20 67 41 81 7 
427-6-8 1?2.456 = 6 17 61 96 57 41 67 32 20 34 59 83 92 24 72 8 
427-5-8 1?2.396 = 5 58 51 97 30 85 50 71 28 34 20 32 67 41 45 8 
427-5-9 1?2.298 = 5 58 43 51 97 96 57 41 67 32 84 83 92 24 72 9 
427-5-12 1?2.469 = 5 58 51 97 30 99 85 50 71 22 75 65 21 27 89 78 82 76 94 12 
427-5-11 1?2.604 = 5 58 51 97 30 99 85 50 28 71 22 75 65 21 27 89 78 82 19 11 
427-5-15 1?2.574 = 5 58 51 43 30 99 85 50 28 71 22 75 65 35 26 46 38 36 93 15 
427-5-10 1?2.449 = 5 58 51 97 96 57 41 67 32 84 92 83 52 53 48 69 10 
427-5-14 1?2.469 = 5 58 51 97 30 99 85 50 28 71 22 75 65 21 90 26 46 38 36 14 
427-5-13 1?2.492 = 5 58 51 97 30 99 85 50 28 71 22 75 65 21 90 26 23 31 60 40 13 
427-7-8 1?2.219 = 7 81 57 41 67 32 20 34 59 70 83 92 24 72 8 
427-7-9 1?2.095 = 7 81 41 57 67 32 20 34 59 70 83 92 24 72 9 
427-6-9 1?2.315 = 6 17 61 96 57 41 67 32 20 34 59 83 92 24 72 9 
427-6-12 1?2.546 = 6 61 17 97 30 99 85 50 71 22 75 65 21 27 89 78 82 76 94 12 
427-7-11 1?2.504 = 7 81 57 41 67 32 20 34 59 25 27 89 78 82 76 19 95 11 
427-6-15 1?2.648 = 6 57 41 67 20 34 59 25 89 78 90 74 23 26 46 36 38 93 15 
427-6-11 1?2.725 = 6 61 96 57 41 67 32 20 34 59 25 27 89 78 18 82 19 95 11 
427-7-10 1?2.333 = 7 81 57 41 67 32 84 72 24 92 83 52 53 48 95 69 10 
427-6-10 1?2.488 = 6 61 96 57 41 67 32 84 72 24 92 83 52 48 95 69 10 
427-6-13 1?2.548 = 6 57 41 67 32 20 34 59 25 89 78 18 74 90 26 23 31 60 40 13 
427-6-14 1?2.632 = 6 61 96 57 41 67 20 34 59 25 89 78 90 74 23 26 46 38 36 14 
427-8-11 1?2.327 = 8 45 41 57 67 32 84 72 24 92 83 52 53 48 95 11 
427-8-9 1?2.294 = 8 45 41 57 67 32 20 34 59 70 83 92 24 72 9 
427-8-12 1?2.649 = 8 45 32 20 34 28 71 22 75 65 21 27 89 78 18 82 76 94 12 
427-7-12 1?2.47 = 7 81 57 41 67 20 34 59 25 27 89 78 90 74 18 82 76 94 12 
427-8-10 1?2.363 = 8 45 81 57 41 67 32 84 92 83 52 53 48 95 69 10 
427-7-15 1?2.633 = 7 81 57 41 67 32 20 34 59 25 27 89 78 90 74 23 46 36 38 93 15 
427-8-15 1?2.834 = 8 45 41 57 67 32 20 34 59 25 89 78 90 74 23 26 46 36 93 15 
427-8-13 1?2.467 = 8 72 24 92 83 70 89 78 18 74 90 26 46 38 36 47 31 60 40 13 
427-8-14 1?2.657 = 8 45 41 57 67 32 20 59 25 27 89 78 90 74 23 26 46 38 36 14 
427-7-13 1?2.492 = 7 81 57 41 67 32 20 34 59 25 89 78 18 74 90 26 23 31 60 40 13 
427-7-14 1?2.607 = 7 81 57 41 67 32 20 34 59 25 27 89 78 18 74 90 26 23 46 38 36 14 
427-9-12 1?2.195 = 9 72 24 92 83 70 89 27 21 90 74 18 82 76 94 12 
427-10-12 1?2.214 = 10 69 48 19 76 82 18 74 90 26 23 31 60 40 49 94 12 
427-9-11 1?2.261 = 9 72 24 92 83 70 89 78 90 74 18 82 76 19 95 11 
427-10-11 1?2.42 = 10 52 53 87 78 89 27 21 90 74 18 82 76 19 48 95 11 
427-10-13 1?1.949 = 10 69 48 19 82 18 74 90 26 46 38 36 47 31 60 40 13 
427-9-13 1?2.013 = 9 72 24 92 83 70 89 78 18 74 90 26 23 31 60 13 
427-9-10 1?2.357 = 9 72 24 92 83 70 89 78 90 74 18 82 19 48 69 10 
427-10-15 1?2.686 = 10 69 95 48 52 53 87 82 18 74 90 26 23 31 60 47 36 46 38 93 15 
427-9-15 1?2.626 = 9 72 24 92 83 52 53 87 82 18 74 90 26 23 31 60 47 36 38 93 15 
427-10-14 1?2.579 = 10 69 48 19 76 82 18 74 90 78 89 27 21 65 35 26 46 36 14 
427-9-14 1?2.444 = 9 72 24 92 83 70 89 78 18 74 90 26 23 31 60 47 46 38 36 14 
427-11-12 1?2.144 = 11 95 19 76 82 18 74 23 26 46 36 47 31 60 40 12 
427-12-15 1?1.901 = 12 94 76 82 18 74 90 26 23 31 60 47 46 38 36 93 15 
427-14-15 1?2.013 = 14 36 38 46 26 90 78 89 27 21 65 75 35 66 93 15 
427-13-15 1?1.99 = 13 40 60 31 23 26 90 74 18 78 89 27 21 35 66 93 15 
427-11-13 1?1.868 = 11 95 19 76 82 18 74 23 26 46 36 47 31 60 40 13 
427-12-13 1?1.827 = 12 94 76 19 82 18 74 23 26 46 38 36 47 31 60 40 13 
427-13-14 1?1.872 = 13 40 60 31 23 74 18 78 89 27 21 90 26 46 38 36 14 
427-12-14 1?1.914 = 12 94 76 19 82 18 74 90 26 23 31 60 47 46 38 36 14 
427-11-15 1?2.318 = 11 95 69 48 19 76 82 18 74 90 26 23 31 60 47 36 38 93 15 
427-11-14 1?2.206 = 11 95 69 48 19 76 82 18 74 90 26 23 31 60 47 46 36 14 
stop
