start
287-0-2 1?2.051 = 0 95 21 71 46 69 47 51 40 34 48 20 24 16 76 36 2 
287-0-4 1?2.334 = 0 21 71 46 20 48 34 40 51 47 84 58 50 64 68 41 81 82 99 4 
287-0-1 1?2.145 = 0 95 21 71 46 69 47 51 40 34 48 74 36 16 24 1 
287-0-5 1?2.422 = 0 95 21 71 69 46 48 40 51 47 84 58 50 64 41 68 53 44 5 
287-0-7 1?2.718 = 0 95 21 71 69 46 40 51 47 84 58 50 64 41 68 53 37 31 49 28 7 
287-0-11 1?2.321 = 0 21 71 46 69 91 29 43 42 90 93 89 85 96 67 23 17 11 
287-0-8 1?2.769 = 0 95 21 71 46 69 60 35 77 56 22 55 98 66 57 75 38 87 70 52 8 
287-0-9 1?2.631 = 0 95 21 71 46 69 60 35 77 56 22 55 98 66 57 75 38 87 19 70 9 
287-0-3 1?2.225 = 0 95 21 20 48 34 40 51 47 84 58 50 64 68 41 81 82 54 32 3 
287-0-10 1?2.511 = 0 62 72 91 29 43 42 90 93 89 85 88 23 67 96 66 57 75 38 10 
287-0-6 1?2.451 = 0 95 21 20 48 34 40 51 47 84 58 50 64 41 68 53 44 37 31 49 28 6 
287-0-13 1?2.05 = 0 21 71 46 69 60 35 18 26 78 39 29 43 42 92 13 
287-0-14 1?2.205 = 0 21 71 46 69 60 35 18 26 78 39 29 43 42 92 14 
287-1-8 1?2.7 = 1 16 24 20 48 34 40 51 47 84 33 97 80 65 83 45 94 73 61 8 
287-0-12 1?2.38 = 0 95 21 71 46 69 60 35 18 26 78 91 29 43 42 90 93 89 12 
287-1-3 1?1.933 = 1 16 24 48 40 34 58 50 64 68 41 81 82 54 32 3 
287-1-2 1?2.115 = 1 95 21 71 46 69 47 51 40 34 48 20 24 16 76 36 2 
287-1-4 1?2.284 = 1 16 24 20 48 34 40 51 47 84 58 50 64 68 41 81 82 99 59 4 
287-0-15 1?2.383 = 0 95 21 24 20 48 34 40 51 47 60 69 46 71 62 72 15 
287-1-5 1?2.441 = 1 16 76 36 74 48 34 40 51 47 84 58 50 64 41 68 53 44 5 
287-1-7 1?2.626 = 1 16 24 20 48 34 40 51 47 84 58 50 64 41 68 53 37 31 49 28 7 
287-1-6 1?2.351 = 1 16 24 20 48 40 51 47 84 58 50 64 41 68 53 44 37 31 49 28 6 
287-1-14 1?2.246 = 1 95 21 71 46 69 60 35 18 26 78 29 43 42 92 14 
287-1-15 1?2.284 = 1 24 20 48 34 40 51 47 84 33 60 69 46 71 62 15 
287-2-4 1?2.135 = 2 36 76 16 24 20 48 40 51 47 84 58 50 64 81 99 4 
287-1-13 1?2.414 = 1 95 21 71 46 69 60 35 18 26 89 90 93 39 29 43 42 92 13 
287-2-5 1?2.262 = 2 36 74 30 32 54 63 82 81 41 64 68 53 37 44 5 
287-2-3 1?2.038 = 2 36 74 34 40 51 84 58 50 64 41 81 82 54 32 3 
287-1-12 1?2.536 = 1 95 21 71 46 69 91 29 43 42 90 93 89 85 96 67 23 88 12 
287-1-9 1?2.707 = 1 24 20 48 34 40 51 47 33 97 22 55 98 66 27 57 75 38 87 19 70 9 
287-1-10 1?2.612 = 1 95 21 71 46 69 91 29 43 42 90 93 89 85 96 67 27 57 75 10 
287-2-6 1?2.423 = 2 76 16 24 20 48 34 40 51 47 84 58 50 64 41 68 53 37 31 49 6 
287-1-11 1?2.526 = 1 24 20 71 46 69 91 29 43 42 90 93 89 85 96 67 23 88 11 
287-3-4 1?2.103 = 3 32 30 36 74 48 40 34 50 64 68 41 81 82 99 4 
287-2-14 1?2.519 = 2 36 74 48 34 40 51 47 60 35 18 26 78 91 29 43 42 92 14 
287-3-5 1?2.21 = 3 32 54 63 82 81 41 68 64 50 58 86 53 44 37 31 5 
287-2-13 1?2.584 = 2 36 74 34 40 51 47 84 33 97 56 77 18 26 78 91 29 43 42 92 13 
287-2-8 1?2.717 = 2 76 16 24 20 48 40 51 47 84 33 97 80 65 83 45 94 73 61 8 
287-2-15 1?2.437 = 2 30 32 54 82 81 41 68 64 50 58 34 40 46 69 71 62 15 
287-2-7 1?2.684 = 2 76 36 74 34 40 51 47 84 58 50 64 41 68 53 44 37 31 49 28 7 
287-2-12 1?2.657 = 2 76 16 24 20 48 34 40 51 47 84 33 97 22 55 98 66 67 23 88 12 
287-2-9 1?2.622 = 2 36 74 34 40 51 47 33 97 22 55 98 66 57 75 38 87 19 70 9 
287-2-10 1?2.627 = 2 36 16 24 20 48 34 40 51 47 84 33 97 22 55 98 66 27 57 75 10 
287-2-11 1?2.564 = 2 36 74 34 40 51 47 84 33 97 80 22 55 98 66 96 67 23 17 11 
287-3-15 1?2.39 = 3 32 54 63 82 81 41 68 64 50 58 34 40 51 47 69 46 71 62 15 
287-4-5 1?2.367 = 4 59 99 82 81 41 68 64 50 58 86 53 44 37 31 28 49 5 
287-3-8 1?2.571 = 3 32 54 82 81 41 68 64 50 58 84 33 97 80 65 83 79 61 8 
287-3-14 1?2.582 = 3 32 54 82 81 41 68 64 50 58 84 33 35 26 78 39 42 92 14 
287-3-13 1?2.508 = 3 32 54 82 81 41 68 64 50 58 84 33 35 26 89 93 90 42 13 
287-3-7 1?2.547 = 3 32 54 82 81 41 68 64 50 58 84 33 97 80 45 94 73 7 
287-3-6 1?1.975 = 3 32 54 63 82 81 41 68 64 50 86 53 37 31 49 28 6 
287-3-12 1?2.555 = 3 32 54 82 81 41 68 64 50 58 84 33 35 91 29 43 42 93 90 12 
287-3-9 1?2.597 = 3 32 54 63 82 81 41 68 64 50 58 84 33 97 80 65 83 19 70 9 
287-3-10 1?2.518 = 3 32 54 82 81 41 68 64 50 58 84 33 97 22 55 98 66 57 75 38 10 
287-3-11 1?2.51 = 3 32 54 82 81 41 68 64 50 58 84 33 97 56 77 96 67 23 17 11 
287-4-7 1?2.441 = 4 99 82 81 41 68 64 50 58 84 33 97 80 45 94 73 7 
287-4-15 1?2.378 = 4 99 82 81 41 68 64 50 58 84 47 51 40 34 48 46 69 71 62 15 
287-4-8 1?2.599 = 4 99 41 68 64 50 58 84 33 97 80 65 83 45 94 73 61 8 
287-4-6 1?2.056 = 4 59 99 82 81 41 68 64 50 58 86 53 44 37 31 49 28 6 
287-5-6 1?2.412 = 5 99 59 82 81 64 50 58 86 68 41 53 44 37 31 49 28 6 
287-4-14 1?2.609 = 4 99 82 81 41 68 64 50 58 84 33 35 26 89 90 93 42 92 14 
287-4-13 1?2.508 = 4 99 82 81 41 68 64 50 58 84 33 35 18 26 89 93 90 42 92 13 
287-4-12 1?2.605 = 4 99 82 81 41 68 64 50 58 84 33 97 80 22 55 98 66 67 23 88 12 
287-4-9 1?2.565 = 4 99 82 81 41 68 64 50 58 84 33 97 22 55 98 66 57 75 38 9 
287-4-10 1?2.425 = 4 99 82 81 41 68 64 50 58 84 33 97 22 55 98 66 27 57 75 10 
287-4-11 1?2.426 = 4 99 82 81 41 68 64 50 58 84 33 97 22 55 98 66 67 23 17 11 
287-6-8 1?2.306 = 6 28 49 31 37 44 53 68 41 64 86 25 45 94 73 61 8 
287-6-7 1?2.328 = 6 28 49 31 37 53 68 41 64 50 58 86 25 45 94 73 7 
287-5-7 1?2.564 = 5 44 53 68 41 64 50 58 84 33 97 80 45 94 73 7 
287-5-8 1?2.588 = 5 44 53 68 41 64 50 58 84 33 97 80 65 83 79 61 8 
287-5-14 1?2.685 = 5 44 53 68 41 64 50 58 84 33 35 78 39 93 90 42 92 14 
287-5-15 1?2.586 = 5 99 82 81 41 68 64 50 58 84 47 51 40 34 48 46 69 71 62 15 
287-5-13 1?2.605 = 5 44 53 68 41 64 50 58 84 33 35 18 26 78 91 29 43 42 92 13 
287-5-12 1?2.64 = 5 44 53 68 41 64 50 58 84 33 97 22 55 98 66 67 23 88 12 
287-5-9 1?2.622 = 5 44 53 68 41 64 50 58 84 33 97 80 65 83 19 87 70 9 
287-5-10 1?2.535 = 5 44 53 68 41 64 50 58 84 33 97 22 55 98 66 57 75 38 10 
287-5-11 1?2.634 = 5 99 82 81 41 68 64 50 58 84 33 97 22 55 98 66 67 23 17 11 
287-7-8 1?2.268 = 7 73 94 45 83 65 55 98 66 27 75 38 87 70 52 8 
287-7-9 1?2.069 = 7 73 94 45 83 65 22 55 98 66 57 75 38 87 70 9 
287-6-9 1?2.295 = 6 49 28 73 94 45 83 65 22 55 98 66 27 57 75 38 9 
287-6-14 1?2.629 = 6 28 73 94 45 83 65 98 66 67 23 88 89 93 90 42 92 14 
287-6-15 1?2.573 = 6 28 49 31 37 53 68 41 64 50 58 84 47 51 40 34 48 46 69 62 15 
287-6-13 1?2.469 = 6 49 28 73 94 45 83 65 55 98 66 67 23 88 85 89 93 90 13 
287-7-10 1?2.023 = 7 73 94 45 83 65 22 55 98 66 67 27 57 75 38 10 
287-6-12 1?2.51 = 6 49 28 73 94 45 83 65 55 98 66 67 23 88 85 89 93 90 12 
287-6-10 1?2.441 = 6 49 28 73 94 45 83 65 22 55 98 66 96 67 23 27 57 75 10 
287-7-11 1?2.29 = 7 73 94 45 79 19 87 38 75 57 27 66 96 67 23 88 17 11 
287-6-11 1?2.5 = 6 49 28 73 94 45 79 19 87 38 75 57 27 66 96 67 23 88 11 
287-8-9 1?2.219 = 8 61 73 94 45 83 65 57 75 38 87 19 79 52 70 9 
287-7-15 1?2.699 = 7 73 94 45 83 65 55 98 96 85 89 90 93 42 43 29 91 72 15 
287-8-10 1?1.934 = 8 52 70 19 87 38 75 57 27 66 96 67 23 17 10 
287-8-11 1?1.741 = 8 52 70 19 87 38 75 57 27 66 96 67 23 17 11 
287-8-15 1?2.537 = 8 52 19 87 38 75 27 67 23 88 89 90 93 42 43 29 91 72 15 
287-8-13 1?2.123 = 8 52 70 19 87 38 75 57 66 96 67 23 88 85 89 93 90 13 
287-8-12 1?2.127 = 8 52 70 19 87 38 75 57 27 66 67 23 88 85 89 93 90 12 
287-8-14 1?2.283 = 8 52 19 87 38 75 57 66 67 23 88 85 89 90 93 42 92 14 
287-7-12 1?2.292 = 7 73 94 45 83 65 22 55 98 66 67 23 88 85 89 93 90 12 
287-7-13 1?2.357 = 7 73 94 45 83 65 55 98 66 67 23 88 85 89 90 93 42 92 13 
287-7-14 1?2.512 = 7 73 94 45 83 65 55 98 66 67 23 88 85 89 90 93 42 92 14 
287-10-12 1?1.576 = 10 38 75 57 66 96 67 23 88 85 89 93 90 12 
287-9-10 1?1.834 = 9 70 19 87 38 75 57 27 66 96 67 23 88 17 10 
287-10-13 1?1.71 = 10 38 75 57 66 96 67 23 88 85 89 93 90 42 92 13 
287-9-11 1?1.641 = 9 70 19 87 38 75 57 27 66 96 67 23 88 17 11 
287-10-15 1?2.135 = 10 75 57 27 66 67 23 88 85 89 90 93 42 43 29 91 72 15 
287-9-12 1?1.934 = 9 70 87 38 75 57 27 66 96 67 23 88 85 89 93 90 12 
287-10-11 1?1.805 = 10 38 75 57 27 66 98 55 22 56 77 96 67 23 17 11 
287-9-15 1?2.338 = 9 87 38 75 57 66 67 23 88 85 89 90 93 42 43 29 91 72 15 
287-9-13 1?1.945 = 9 70 19 87 38 75 57 27 67 23 88 85 89 90 93 42 92 13 
287-10-14 1?1.997 = 10 38 75 57 66 96 67 23 88 85 89 90 93 42 43 29 91 14 
287-9-14 1?2.196 = 9 70 19 87 38 75 57 27 66 67 23 88 85 89 90 93 42 92 14 
287-11-12 1?1.598 = 11 17 27 66 98 96 67 23 88 85 89 93 90 12 
287-12-13 1?1.607 = 12 88 23 67 96 85 89 90 93 39 43 42 92 13 
287-11-13 1?1.543 = 11 17 88 23 67 96 85 89 90 93 39 42 92 13 
287-11-14 1?1.698 = 11 17 88 23 67 96 85 89 90 93 39 42 92 14 
287-12-15 1?1.928 = 12 88 23 67 96 85 89 90 93 42 43 29 91 72 15 
287-13-15 1?2.008 = 13 92 42 90 93 89 85 18 26 78 39 43 29 91 72 15 
287-14-15 1?2.163 = 14 92 42 90 93 89 85 18 26 78 39 43 29 91 72 15 
287-12-14 1?1.762 = 12 88 23 67 96 85 89 90 93 39 43 42 92 14 
287-13-14 1?1.962 = 13 90 93 89 85 88 23 67 96 18 26 78 29 91 14 
287-11-15 1?2.212 = 11 17 27 66 67 23 88 85 89 93 90 42 39 43 29 91 72 15 
stop
