start
630-0-3 1?2.266 = 0 51 70 67 38 24 94 31 28 59 29 37 36 88 77 18 74 3 
630-0-4 1?2.584 = 0 57 51 70 95 89 99 82 63 41 48 25 43 16 36 88 77 56 4 
630-0-1 1?2.269 = 0 67 31 28 59 29 37 36 88 18 74 78 19 94 24 1 
630-0-5 1?2.57 = 0 51 70 95 89 99 82 63 41 25 48 16 43 91 58 44 55 23 5 
630-0-10 1?2.475 = 0 51 70 95 89 99 82 34 20 97 64 83 65 69 71 60 32 10 
630-0-9 1?2.619 = 0 51 95 89 99 82 63 41 40 30 47 54 42 97 64 83 65 69 71 9 
630-0-8 1?2.419 = 0 70 95 89 99 82 63 41 25 48 43 91 58 44 55 68 66 35 8 
630-0-2 1?1.993 = 0 51 70 95 89 99 82 63 37 29 59 28 31 94 24 2 
630-0-11 1?2.496 = 0 51 70 95 86 79 45 46 27 33 96 87 61 81 26 75 17 84 11 
630-0-6 1?2.548 = 0 57 51 70 95 89 99 82 63 41 25 48 16 43 91 58 44 55 68 6 
630-0-7 1?2.534 = 0 57 51 70 95 89 99 82 63 41 25 48 16 43 91 58 44 55 68 66 7 
630-1-4 1?2.06 = 1 24 94 31 28 59 29 89 99 82 63 37 36 88 56 4 
630-0-13 1?2.423 = 0 38 67 70 51 49 95 86 79 46 98 27 33 87 96 13 
630-1-2 1?2.031 = 1 24 94 31 28 59 29 37 18 36 88 56 77 74 78 19 2 
630-1-3 1?2.058 = 1 24 94 31 28 59 29 89 99 82 63 37 36 88 77 3 
630-0-15 1?2.284 = 0 67 24 94 31 28 59 29 99 82 89 86 95 51 57 15 
630-1-5 1?2.297 = 1 24 94 31 28 59 29 89 99 82 63 41 25 48 16 43 80 50 5 
630-0-14 1?2.394 = 0 67 24 94 31 28 59 29 99 82 89 95 86 79 45 14 
630-1-6 1?2.334 = 1 24 94 31 28 59 89 99 82 63 41 48 25 91 58 44 55 68 6 
630-1-7 1?2.342 = 1 24 94 31 28 59 29 99 82 63 41 25 48 43 91 58 44 55 68 66 7 
630-0-12 1?2.698 = 0 70 95 89 99 82 34 20 97 64 83 65 92 39 62 26 81 53 12 
630-1-8 1?2.533 = 1 24 94 31 28 59 29 99 82 63 41 25 48 43 91 58 44 55 68 66 35 8 
630-1-14 1?2.238 = 1 24 94 31 28 59 29 99 82 89 95 49 86 79 76 14 
630-2-4 1?1.987 = 2 19 78 18 88 36 16 48 25 91 43 80 50 73 4 
630-1-15 1?2.026 = 1 24 94 31 28 59 29 37 63 82 99 89 95 51 57 15 
630-1-11 1?2.579 = 1 24 94 31 28 59 29 89 99 82 34 22 85 62 26 81 75 84 17 11 
630-2-3 1?2.069 = 2 24 94 31 28 59 29 89 99 82 63 37 36 88 77 3 
630-1-9 1?2.404 = 1 24 94 31 28 59 29 89 99 82 34 20 97 64 92 83 65 69 71 9 
630-1-10 1?2.519 = 1 24 94 31 28 59 29 89 99 82 34 20 97 64 39 92 83 65 69 32 10 
630-1-12 1?2.679 = 1 24 94 31 28 59 29 89 99 82 34 22 62 26 81 61 87 33 96 12 
630-2-5 1?2.279 = 2 19 78 74 18 88 36 16 48 25 40 30 58 91 43 80 50 5 
630-1-13 1?2.589 = 1 24 94 31 28 59 29 99 82 34 22 62 26 81 61 87 33 96 13 
630-2-6 1?2.228 = 2 19 78 74 18 88 36 16 48 25 91 58 90 72 21 44 55 68 6 
630-2-15 1?2.037 = 2 24 94 31 28 59 29 37 63 82 99 89 95 51 57 15 
630-3-4 1?1.913 = 3 74 18 77 88 36 16 48 25 91 43 80 50 73 4 
630-3-5 1?1.986 = 3 74 18 77 88 36 16 48 25 91 43 80 73 50 5 
630-2-10 1?2.448 = 2 19 78 74 18 36 16 48 25 30 40 47 54 42 64 83 65 69 32 10 
630-2-11 1?2.649 = 2 19 78 18 36 16 48 25 40 47 54 42 64 83 65 69 92 39 75 84 11 
630-2-13 1?2.6 = 2 24 94 31 28 59 29 99 82 34 22 62 26 81 61 87 33 96 13 
630-2-12 1?2.707 = 2 19 78 18 88 36 16 48 25 40 47 54 42 97 20 62 26 81 53 12 
630-2-9 1?2.459 = 2 19 78 18 36 16 48 25 91 58 21 72 90 54 42 64 83 65 69 71 9 
630-2-14 1?2.66 = 2 24 94 31 28 59 29 37 63 82 99 89 95 70 51 49 79 76 14 
630-2-7 1?2.295 = 2 19 78 74 18 88 36 16 48 25 30 40 47 54 90 72 21 44 55 68 66 7 
630-2-8 1?2.48 = 2 19 78 74 77 88 36 16 48 25 30 40 47 90 72 21 58 44 55 68 66 35 8 
630-4-5 1?1.959 = 4 73 50 80 43 48 25 30 40 47 90 72 21 58 91 23 5 
630-3-15 1?2.51 = 3 74 18 77 88 36 16 48 25 41 63 82 99 89 95 51 57 15 
630-3-14 1?2.641 = 3 74 18 77 88 36 16 48 25 41 63 82 99 89 86 79 76 14 
630-3-6 1?2.058 = 3 77 88 36 16 48 25 40 47 54 90 72 21 58 44 55 68 6 
630-3-12 1?2.511 = 3 77 88 36 16 48 25 30 47 54 42 64 97 20 62 26 81 53 12 
630-3-11 1?2.446 = 3 77 88 36 16 48 25 30 40 47 54 42 64 83 65 69 92 39 75 84 11 
630-3-10 1?2.319 = 3 77 88 36 16 48 25 91 58 21 72 90 54 42 64 83 65 69 32 10 
630-3-13 1?2.588 = 3 77 88 36 16 48 25 30 40 47 54 42 97 20 22 85 87 33 13 
630-3-7 1?2.131 = 3 77 88 36 16 48 25 91 58 30 40 47 54 90 72 21 44 55 68 66 7 
630-3-9 1?2.285 = 3 77 88 36 16 48 25 91 58 21 72 90 47 54 42 64 83 65 69 71 9 
630-3-8 1?2.322 = 3 77 88 36 16 48 25 91 58 30 40 47 54 90 72 21 44 55 68 66 35 8 
630-4-7 1?1.763 = 4 56 73 50 80 43 16 48 25 91 58 44 55 68 66 7 
630-4-6 1?1.819 = 4 73 50 80 43 48 25 91 58 90 72 21 44 55 68 6 
630-5-6 1?1.837 = 5 50 80 43 48 25 30 40 47 90 72 21 58 44 55 68 6 
630-4-12 1?2.364 = 4 73 50 80 43 91 58 21 72 90 54 42 97 20 62 26 81 53 12 
630-4-14 1?2.727 = 4 56 73 50 80 43 16 48 25 41 63 82 99 89 95 86 79 45 14 
630-4-10 1?2.183 = 4 73 50 80 43 91 58 21 72 90 54 42 64 39 92 83 65 69 32 10 
630-4-11 1?2.363 = 4 73 50 80 43 91 58 21 72 90 54 42 64 83 65 69 92 39 75 84 11 
630-4-15 1?2.676 = 4 56 73 50 80 43 16 48 25 41 63 82 99 89 86 95 70 51 57 15 
630-4-9 1?2.105 = 4 73 50 80 43 91 58 21 72 90 54 42 64 39 92 83 65 69 71 9 
630-4-13 1?2.505 = 4 73 50 80 43 91 58 21 72 90 54 42 97 20 22 85 87 33 13 
630-4-8 1?2.077 = 4 73 50 80 43 48 25 30 40 47 54 90 72 21 44 55 68 66 35 8 
630-6-7 1?1.789 = 6 23 80 43 48 25 91 58 90 72 21 44 55 68 66 7 
630-5-7 1?1.727 = 5 50 80 43 48 25 91 58 90 72 21 44 55 68 66 7 
630-6-8 1?1.932 = 6 68 55 44 21 72 90 54 42 64 83 65 69 52 35 8 
630-5-9 1?2.011 = 5 50 80 43 91 58 21 72 90 54 42 97 64 83 65 69 71 9 
630-5-10 1?2.133 = 5 23 91 58 21 72 90 54 42 97 39 92 83 65 69 71 60 32 10 
630-5-11 1?2.329 = 5 50 80 43 91 58 21 72 90 47 54 42 64 83 65 69 92 39 75 84 11 
630-5-15 1?2.673 = 5 23 55 44 58 91 43 16 48 25 41 63 82 99 89 95 70 51 57 15 
630-5-14 1?2.727 = 5 50 80 43 91 58 21 72 90 47 54 42 97 20 22 85 87 27 98 14 
630-5-8 1?2.014 = 5 50 80 43 48 25 30 40 47 90 72 21 58 44 55 68 66 35 8 
630-5-12 1?2.464 = 5 50 80 43 91 58 44 55 21 72 90 47 54 42 97 20 62 26 81 53 12 
630-5-13 1?2.499 = 5 50 80 43 91 58 21 72 90 54 42 97 20 22 85 87 33 96 13 
630-7-9 1?1.664 = 7 66 68 55 44 21 72 90 54 42 64 83 65 69 71 9 
630-6-9 1?1.751 = 6 68 55 44 21 72 54 42 97 39 92 83 65 69 71 9 
630-7-8 1?1.884 = 7 66 68 55 44 21 72 90 54 42 64 83 65 52 35 8 
630-7-11 1?2.014 = 7 66 68 55 44 21 72 90 54 42 64 83 65 69 92 39 75 84 11 
630-6-10 1?1.971 = 6 68 55 44 21 72 90 54 42 97 64 83 65 69 71 60 32 10 
630-7-10 1?1.885 = 7 66 68 55 44 21 72 90 47 54 42 97 39 92 83 65 69 32 10 
630-6-11 1?2.232 = 6 68 55 44 21 72 90 54 42 97 64 83 65 69 92 39 62 75 84 11 
630-6-14 1?2.662 = 6 68 55 44 58 21 72 90 54 42 97 20 22 85 87 96 33 27 98 14 
630-6-12 1?2.328 = 6 68 55 44 21 72 90 54 42 97 64 83 65 69 92 39 62 26 81 53 12 
630-6-15 1?2.549 = 6 68 55 44 58 91 43 16 48 25 41 63 82 99 89 95 70 51 57 15 
630-6-13 1?2.526 = 6 68 55 44 21 72 90 54 42 64 83 65 69 92 39 62 26 61 87 33 13 
630-8-9 1?1.854 = 8 35 66 68 55 44 21 72 90 54 52 83 65 69 71 9 
630-8-11 1?1.95 = 8 35 52 69 65 83 92 39 64 42 97 20 62 75 17 84 11 
630-8-12 1?1.99 = 8 35 52 83 65 69 92 39 64 42 97 20 62 26 81 53 12 
630-8-10 1?1.977 = 8 35 66 68 55 44 21 72 90 47 54 42 64 83 65 69 32 10 
630-8-15 1?2.498 = 8 35 66 68 55 44 58 91 25 48 41 63 82 99 89 95 51 57 15 
630-7-14 1?2.596 = 7 66 68 55 44 58 91 43 16 48 25 41 63 82 99 89 86 79 45 14 
630-8-14 1?2.545 = 8 35 52 83 65 69 92 39 64 97 20 62 26 61 87 96 33 27 98 14 
630-7-12 1?2.238 = 7 66 68 55 44 21 72 90 54 42 64 83 65 69 92 39 62 26 81 53 12 
630-7-15 1?2.535 = 7 66 68 55 44 58 91 43 16 48 25 41 63 82 99 89 95 70 51 57 15 
630-7-13 1?2.451 = 7 66 68 55 44 21 72 90 47 54 42 64 97 20 22 85 61 87 33 96 13 
630-8-13 1?2.391 = 8 35 52 69 65 83 92 39 64 42 97 20 62 26 81 61 87 33 96 13 
630-9-11 1?1.676 = 9 93 71 69 65 83 92 39 64 97 20 62 75 17 84 11 
630-10-11 1?1.72 = 10 32 60 69 65 83 92 39 64 97 20 62 75 17 84 11 
630-10-12 1?1.754 = 10 32 60 71 69 65 83 64 97 20 62 26 81 53 12 
630-9-10 1?1.865 = 9 93 71 69 65 83 92 39 64 97 20 62 75 84 17 10 
630-9-12 1?1.695 = 9 71 60 69 65 83 92 64 97 20 62 26 81 53 12 
630-10-14 1?2.283 = 10 32 60 71 69 65 83 92 39 62 26 81 61 87 96 33 27 98 14 
630-9-13 1?1.972 = 9 93 71 60 69 65 83 92 39 97 20 22 85 87 33 96 13 
630-10-13 1?2.069 = 10 32 60 69 65 83 64 97 20 62 26 81 61 87 33 96 13 
630-9-14 1?2.297 = 9 93 71 60 69 65 83 92 39 97 20 22 85 87 96 33 27 98 14 
630-10-15 1?2.519 = 10 32 60 71 69 65 83 64 97 20 34 82 99 89 95 51 57 15 
630-9-15 1?2.497 = 9 71 60 69 65 83 92 39 64 97 20 34 82 99 89 95 51 57 15 
630-11-12 1?1.887 = 11 84 75 39 92 69 65 83 64 97 20 62 26 81 53 12 
630-13-15 1?2.446 = 13 96 33 87 27 98 46 79 86 49 95 67 70 51 57 15 
630-12-14 1?2.283 = 12 53 81 84 17 75 26 62 22 85 87 96 33 27 98 14 
630-13-14 1?2.467 = 13 33 96 61 81 84 17 75 26 62 22 85 87 27 98 14 
630-14-15 1?2.531 = 14 76 79 86 89 29 59 28 31 94 24 38 67 70 51 57 15 
630-11-13 1?2.028 = 11 84 75 39 92 69 65 83 64 97 20 22 85 87 33 13 
630-12-13 1?2.17 = 12 53 81 26 75 62 22 85 61 87 96 33 27 46 98 13 
630-11-14 1?2.398 = 11 84 75 39 92 65 83 64 97 20 22 85 87 96 33 27 98 14 
630-11-15 1?2.518 = 11 84 17 75 26 81 61 96 33 87 27 98 46 79 86 49 51 57 15 
630-12-15 1?2.62 = 12 53 81 26 61 87 96 33 27 98 46 79 86 49 95 70 51 57 15 
stop
