start
999-0-3 1?2.154 = 0 82 34 93 23 71 75 60 41 32 86 83 46 50 88 78 3 
999-0-5 1?2.124 = 0 87 30 72 47 60 41 32 37 25 20 85 62 18 55 26 99 5 
999-0-1 1?2.104 = 0 87 30 72 47 60 41 32 86 83 46 50 39 44 89 1 
999-0-6 1?2.252 = 0 82 34 93 23 86 83 46 85 62 84 68 52 18 55 26 63 64 73 6 
999-0-10 1?2.767 = 0 82 34 23 93 42 30 72 47 76 35 98 29 80 54 92 61 36 66 10 
999-0-8 1?2.539 = 0 87 30 72 47 60 41 32 37 25 20 85 62 52 68 53 28 58 97 31 8 
999-0-7 1?2.579 = 0 82 79 48 34 93 23 71 75 60 41 32 37 25 20 85 62 52 68 16 7 
999-0-2 1?2.006 = 0 87 30 72 47 60 41 32 86 83 46 50 39 44 24 2 
999-0-4 1?2.258 = 0 82 34 93 23 86 83 46 85 62 84 68 52 18 55 26 17 4 
999-0-11 1?2.548 = 0 87 30 72 47 75 60 41 32 37 25 69 51 80 54 29 74 81 27 11 
999-0-9 1?2.687 = 0 87 30 72 47 75 60 41 32 37 25 20 57 53 28 59 91 45 36 66 9 
999-1-2 1?2.003 = 1 79 48 34 93 23 71 75 60 41 32 83 46 39 44 24 2 
999-1-5 1?1.951 = 1 79 48 34 93 23 86 83 46 85 62 52 18 55 26 99 5 
999-0-15 1?1.972 = 0 82 79 48 34 93 23 71 75 72 30 47 76 19 70 96 15 
999-0-14 1?1.983 = 0 82 79 48 34 23 93 42 30 72 47 19 76 77 33 90 14 
999-1-6 1?2.183 = 1 79 48 34 93 23 86 83 46 85 62 84 68 52 18 55 26 63 73 6 
999-1-3 1?2.043 = 1 79 48 34 93 71 75 60 41 32 86 83 46 50 88 78 3 
999-0-13 1?1.977 = 0 82 79 48 34 23 93 42 30 72 47 70 33 90 49 13 
999-1-4 1?2.015 = 1 79 48 34 93 23 86 83 46 56 40 18 55 26 17 4 
999-0-12 1?2.281 = 0 82 79 48 34 23 93 42 30 72 47 19 76 77 33 90 49 38 12 
999-1-7 1?2.455 = 1 79 48 34 93 23 71 75 60 41 32 37 25 20 85 62 84 68 52 16 7 
999-1-8 1?2.52 = 1 79 48 34 93 71 75 60 41 32 37 25 20 85 62 84 53 28 58 97 31 8 
999-1-15 1?1.975 = 1 79 34 93 42 30 72 47 75 60 41 76 19 70 96 15 
999-1-14 1?2.099 = 1 79 48 34 23 93 42 71 75 72 30 47 19 76 77 33 90 14 
999-2-5 1?1.768 = 2 24 44 39 50 56 40 18 55 26 63 73 64 99 5 
999-2-6 1?2.037 = 2 24 44 39 46 83 85 62 84 68 52 18 55 26 63 64 73 67 6 
999-1-13 1?2.341 = 1 79 48 34 23 93 42 87 30 72 47 70 19 76 77 33 90 49 38 13 
999-1-11 1?2.614 = 1 79 48 34 23 93 42 30 72 47 19 76 77 33 90 49 38 22 74 81 27 11 
999-1-12 1?2.451 = 1 79 48 34 23 93 42 71 75 47 72 30 70 19 77 33 90 49 38 12 
999-2-3 1?2.11 = 2 24 44 39 46 83 85 62 52 18 40 56 88 78 3 
999-1-10 1?2.679 = 1 79 48 34 23 93 42 30 72 47 19 76 35 98 29 80 54 92 61 36 10 
999-2-4 1?1.967 = 2 24 44 39 46 83 85 84 68 52 18 55 26 17 4 
999-1-9 1?2.6 = 1 79 48 34 23 93 42 30 72 47 19 76 35 98 29 80 54 92 61 36 66 9 
999-2-15 1?1.985 = 2 24 44 89 48 34 23 93 42 87 30 72 47 19 70 96 15 
999-3-5 1?1.678 = 3 78 88 56 40 62 84 68 52 18 55 26 63 99 5 
999-2-14 1?2.527 = 2 24 44 89 48 34 23 93 42 30 72 47 75 60 41 76 77 33 90 14 
999-2-11 1?2.712 = 2 24 44 39 50 46 83 85 62 52 68 84 57 69 51 54 80 29 81 27 11 
999-2-12 1?2.478 = 2 24 44 89 48 34 23 93 42 30 72 47 19 76 77 33 90 49 38 12 
999-2-10 1?2.724 = 2 24 44 39 50 46 83 85 62 84 52 68 53 28 59 91 45 36 66 10 
999-2-13 1?2.457 = 2 24 89 48 34 23 93 42 30 72 47 70 19 76 77 33 90 49 38 13 
999-3-4 1?1.865 = 3 78 88 56 40 62 84 68 52 18 55 26 99 17 4 
999-2-9 1?2.732 = 2 24 44 39 50 46 83 85 62 18 55 52 68 84 53 28 43 59 91 45 9 
999-2-7 1?2.459 = 2 24 44 39 46 83 85 62 84 68 52 18 55 26 63 64 73 67 16 7 
999-2-8 1?2.632 = 2 24 44 39 86 83 46 50 88 56 40 18 55 52 68 53 28 58 97 31 8 
999-3-6 1?1.717 = 3 78 88 56 40 62 52 18 55 26 63 64 73 67 6 
999-4-5 1?1.752 = 4 17 21 94 56 40 62 84 68 52 18 55 26 99 5 
999-3-15 1?2.378 = 3 78 88 56 40 62 85 20 25 37 32 41 60 75 47 72 30 96 15 
999-3-14 1?2.568 = 3 78 88 56 40 62 85 20 25 37 32 41 60 75 47 72 30 70 14 
999-3-11 1?2.569 = 3 78 88 56 40 18 55 52 68 53 57 69 51 80 54 29 81 27 11 
999-3-13 1?2.593 = 3 65 44 89 48 34 23 93 42 30 72 47 70 19 76 77 33 90 49 13 
999-3-12 1?2.648 = 3 65 44 89 48 34 23 93 42 30 72 47 19 76 77 33 90 49 38 12 
999-3-10 1?2.685 = 3 78 88 56 40 18 55 52 68 53 28 58 97 95 91 45 36 66 10 
999-3-9 1?2.592 = 3 78 88 56 40 18 55 52 68 84 53 28 58 97 95 91 45 36 66 9 
999-3-7 1?2.21 = 3 78 88 56 40 62 84 68 52 18 55 26 63 64 73 67 16 7 
999-3-8 1?2.507 = 3 78 88 56 40 18 55 52 68 84 62 85 20 57 53 28 58 97 31 8 
999-5-6 1?1.705 = 5 17 94 40 62 84 68 52 18 55 26 63 64 73 6 
999-4-6 1?1.724 = 4 21 94 56 40 62 84 68 52 55 26 63 64 73 67 6 
999-4-7 1?1.963 = 4 17 99 64 73 63 26 55 18 62 84 52 68 16 7 
999-4-8 1?1.869 = 4 17 99 26 55 18 52 68 84 53 28 58 97 31 8 
999-4-15 1?2.345 = 4 17 26 55 18 62 85 20 25 37 32 41 60 75 47 72 30 96 15 
999-4-14 1?2.457 = 4 17 26 55 18 52 62 85 20 25 37 32 41 76 77 33 90 14 
999-4-9 1?2.313 = 4 17 99 64 73 63 26 55 18 52 68 53 28 59 91 45 66 9 
999-4-11 1?2.565 = 4 17 99 64 73 63 26 55 18 52 68 84 57 69 51 80 54 29 81 27 11 
999-4-13 1?2.538 = 4 17 26 55 18 52 68 84 62 85 20 25 37 32 41 76 77 33 90 13 
999-4-12 1?2.577 = 4 17 26 55 18 52 68 84 62 85 20 25 69 51 80 54 29 74 12 
999-4-10 1?2.559 = 4 17 99 64 73 63 26 55 18 52 68 53 28 43 59 91 45 66 10 
999-5-8 1?1.643 = 5 64 73 63 26 55 18 52 68 53 28 58 97 31 8 
999-5-7 1?1.787 = 5 99 64 73 63 26 55 18 52 68 84 53 28 16 7 
999-6-8 1?1.68 = 6 73 64 63 26 55 18 52 68 53 28 58 97 31 8 
999-6-7 1?1.857 = 6 67 73 64 63 26 55 18 62 52 68 53 28 16 7 
999-5-15 1?2.174 = 5 99 26 55 18 62 85 20 25 37 32 41 60 75 47 72 30 96 15 
999-5-9 1?2.023 = 5 99 64 73 63 26 55 18 52 68 53 28 59 91 45 66 9 
999-5-14 1?2.327 = 5 99 26 55 52 68 84 62 85 20 25 37 32 41 76 77 33 90 14 
999-5-10 1?2.301 = 5 99 64 73 63 26 55 18 52 68 84 53 28 59 91 45 36 66 10 
999-5-11 1?2.329 = 5 99 64 73 63 26 55 18 52 68 53 57 69 51 80 54 29 81 27 11 
999-5-12 1?2.52 = 5 64 73 63 26 55 18 52 68 84 62 85 20 25 37 51 80 54 29 74 12 
999-5-13 1?2.452 = 5 99 26 55 18 52 68 84 62 85 20 25 37 32 41 76 77 33 90 49 13 
999-7-9 1?2.237 = 7 6 73 64 63 26 55 18 52 68 53 28 59 91 45 9 
999-6-9 1?1.959 = 6 67 73 64 63 26 55 18 52 68 84 53 28 59 91 45 9 
999-7-11 1?2.512 = 7 16 68 52 62 85 20 25 69 51 54 80 29 74 81 27 11 
999-7-8 1?2.07 = 7 6 73 64 63 26 55 18 52 68 53 28 58 97 31 8 
999-6-11 1?2.186 = 6 73 64 63 26 55 18 52 68 84 57 69 51 54 29 81 27 11 
999-7-10 1?2.561 = 7 16 67 73 64 63 26 55 18 52 68 53 28 59 91 61 10 
999-6-10 1?2.191 = 6 73 64 63 26 55 18 52 68 53 28 59 91 45 36 66 10 
999-6-13 1?2.365 = 6 73 64 63 26 55 18 62 85 20 25 37 41 76 77 33 90 13 
999-6-15 1?2.279 = 6 73 64 63 26 55 18 62 85 20 25 37 32 41 60 47 72 30 96 15 
999-6-14 1?2.383 = 6 73 64 63 26 55 18 62 85 20 25 37 32 41 76 77 33 90 14 
999-6-12 1?2.318 = 6 64 73 63 26 55 18 52 68 53 57 69 51 80 54 29 74 12 
999-8-11 1?2.007 = 8 31 97 58 95 91 45 36 61 92 54 80 29 74 81 27 11 
999-8-9 1?2.161 = 8 31 97 58 59 43 51 80 29 54 92 61 91 45 36 66 9 
999-8-12 1?2.162 = 8 31 97 58 95 91 45 36 61 92 54 80 29 74 81 27 12 
999-8-10 1?2.259 = 8 31 97 58 95 59 43 51 80 54 92 61 91 45 36 66 10 
999-7-14 1?2.664 = 7 16 53 68 52 62 85 20 25 37 32 41 60 75 47 72 30 70 14 
999-7-13 1?2.668 = 7 16 53 68 52 84 62 85 20 25 37 32 41 76 77 33 90 49 13 
999-7-15 1?2.631 = 7 16 52 68 84 62 40 56 85 20 25 37 32 41 60 75 47 72 30 96 15 
999-8-14 1?2.633 = 8 31 97 58 28 53 68 52 62 85 20 25 37 32 41 76 77 33 90 14 
999-8-13 1?2.601 = 8 31 97 58 95 91 45 66 36 61 92 54 80 29 98 35 77 33 90 49 13 
999-7-12 1?2.689 = 7 16 67 73 64 63 26 55 18 52 68 84 57 69 51 80 29 74 12 
999-8-15 1?2.529 = 8 31 97 58 28 53 68 52 62 85 20 25 37 32 41 60 47 72 30 96 15 
999-10-11 1?2.44 = 10 36 66 45 91 95 58 59 92 54 80 29 74 81 27 11 
999-9-11 1?2.269 = 9 66 36 45 91 95 97 58 59 43 51 80 54 29 81 27 11 
999-9-12 1?2.234 = 9 66 36 61 92 54 80 29 98 35 77 33 90 49 38 12 
999-10-12 1?2.391 = 10 66 36 61 92 54 80 29 98 35 77 33 90 49 38 12 
999-9-10 1?2.501 = 9 66 36 45 91 95 31 97 58 59 43 51 80 54 92 61 10 
999-10-14 1?2.585 = 10 66 36 45 91 61 92 51 80 54 29 98 35 76 77 33 90 14 
999-9-13 1?2.362 = 9 66 36 45 91 61 92 51 80 54 29 98 35 77 33 90 49 13 
999-10-13 1?2.519 = 10 66 36 45 91 61 92 51 80 54 29 98 35 77 33 90 49 13 
999-9-14 1?2.68 = 9 45 91 59 28 53 57 20 25 37 32 41 60 75 47 72 30 70 14 
999-10-15 1?2.681 = 10 66 36 61 92 54 80 51 69 25 37 32 41 60 75 47 72 30 96 15 
999-9-15 1?2.604 = 9 45 91 59 28 53 57 20 25 37 32 41 60 75 47 72 30 70 96 15 
999-11-15 1?2.155 = 11 27 81 29 54 80 98 35 76 19 47 72 30 70 96 15 
999-11-14 1?2.351 = 11 27 81 74 98 35 77 76 19 47 72 30 70 33 90 14 
999-13-15 1?2.114 = 13 38 49 90 33 77 76 19 70 47 72 30 42 87 96 15 
999-12-14 1?2.421 = 12 38 49 90 33 77 76 19 70 47 72 30 42 87 96 14 
999-11-13 1?2.269 = 11 27 81 74 29 54 51 80 98 35 76 77 33 90 49 13 
999-12-13 1?2.429 = 12 27 81 74 29 54 51 80 98 35 77 33 90 49 38 13 
999-12-15 1?2.307 = 12 38 49 90 33 70 47 72 75 71 23 93 42 87 96 15 
999-14-15 1?2.253 = 14 90 33 77 19 70 30 72 47 75 71 23 93 42 87 96 15 
999-13-14 1?2.358 = 13 90 33 77 76 19 47 72 75 71 23 93 42 30 70 14 
999-11-12 1?2.311 = 11 27 81 74 29 54 51 80 98 35 77 33 90 49 38 12 
stop
