start
325-0-1 1?1.838 = 0 63 27 79 95 17 88 42 74 41 55 97 40 94 54 1 
325-0-2 1?1.926 = 0 81 95 79 27 17 88 42 74 41 55 97 20 53 18 2 
325-0-3 1?2.092 = 0 63 81 95 79 27 17 88 42 74 41 55 97 53 18 30 44 3 
325-0-4 1?2.265 = 0 81 95 79 27 17 88 42 74 41 55 97 53 18 30 44 31 26 4 
325-0-5 1?2.248 = 0 81 79 27 94 40 97 55 41 74 42 22 36 62 23 71 37 34 19 5 
325-0-6 1?2.365 = 0 81 79 27 40 97 55 41 74 42 22 36 62 23 71 37 34 19 68 83 6 
325-0-7 1?2.534 = 0 81 79 27 40 97 55 41 74 42 22 36 56 69 28 29 64 85 49 96 7 
325-0-8 1?2.662 = 0 81 79 27 40 97 55 41 74 42 22 36 56 69 28 29 64 46 85 89 32 8 
325-0-9 1?2.573 = 0 81 79 27 40 97 55 41 74 42 22 36 62 16 46 64 29 45 67 9 
325-0-10 1?2.703 = 0 81 79 27 40 97 55 41 74 42 22 36 56 69 28 39 91 73 57 10 
325-0-11 1?2.63 = 0 63 94 40 97 55 41 74 42 22 36 56 69 28 39 70 93 38 77 11 
325-0-12 1?2.19 = 0 63 81 27 79 95 75 59 65 33 60 24 82 52 12 
325-0-13 1?2.179 = 0 63 81 95 79 27 40 61 88 17 51 50 33 60 78 13 
325-0-14 1?1.956 = 0 63 94 40 97 55 41 74 42 88 17 51 50 65 35 72 14 
325-0-15 1?1.959 = 0 63 94 97 55 41 74 42 88 17 27 79 95 75 76 15 
325-1-2 1?1.914 = 1 54 63 27 79 95 17 88 42 74 55 97 53 18 2 
325-1-3 1?1.887 = 1 54 63 27 79 17 88 42 74 55 53 18 30 44 3 
325-1-4 1?2.262 = 1 54 63 27 79 17 88 42 74 55 97 53 18 30 44 31 26 4 
325-1-5 1?2.151 = 1 54 94 40 97 55 41 74 42 22 36 62 23 21 71 37 34 19 68 5 
325-1-6 1?2.272 = 1 54 94 40 97 55 41 74 42 22 36 62 16 21 71 37 34 19 68 83 6 
325-1-7 1?2.406 = 1 54 94 40 97 55 41 74 42 22 36 56 69 28 29 64 46 85 49 96 7 
325-1-8 1?2.637 = 1 54 63 94 40 97 55 41 74 42 22 36 56 69 28 29 64 46 85 89 32 8 
325-1-9 1?2.577 = 1 54 94 40 97 55 41 74 42 22 36 62 16 46 85 64 29 48 45 67 9 
325-1-10 1?2.689 = 1 54 94 40 97 55 41 74 42 22 56 69 28 39 70 93 80 87 73 57 10 
325-1-11 1?2.604 = 1 54 94 40 97 55 41 74 42 22 36 56 69 98 39 70 93 80 38 77 11 
325-1-12 1?2.605 = 1 54 94 40 97 55 41 74 42 88 17 27 79 95 51 33 60 24 82 52 12 
325-1-13 1?2.416 = 1 54 94 40 97 55 41 74 42 88 17 27 79 95 51 50 65 35 72 13 
325-1-14 1?1.885 = 1 54 63 81 27 79 95 51 50 33 60 78 65 35 72 14 
325-1-15 1?1.95 = 1 54 63 81 27 79 95 50 33 60 65 35 59 76 15 
325-2-3 1?2.237 = 2 18 53 20 94 40 61 97 55 74 42 22 36 92 66 44 3 
325-2-4 1?1.982 = 2 18 53 97 55 41 74 42 22 36 86 84 25 26 31 4 
325-2-5 1?1.929 = 2 53 18 30 44 31 26 25 23 21 71 37 34 19 68 5 
325-2-6 1?2.191 = 2 18 53 97 55 41 74 42 22 36 62 23 71 37 34 19 68 83 6 
325-2-7 1?2.305 = 2 53 97 55 41 74 42 22 36 56 69 28 29 64 46 85 49 96 7 
325-2-8 1?2.488 = 2 18 53 97 55 41 74 42 22 36 56 69 28 29 64 46 85 89 32 8 
325-2-9 1?2.577 = 2 18 53 97 55 41 74 42 22 36 56 69 28 46 64 29 48 45 67 9 
325-2-10 1?2.711 = 2 53 97 55 41 74 42 22 36 56 69 28 46 64 29 48 45 67 57 10 
325-2-11 1?2.596 = 2 53 97 55 74 42 22 36 56 69 28 39 91 73 87 80 38 77 11 
325-2-12 1?2.554 = 2 53 97 55 41 74 42 88 17 27 79 95 51 50 33 60 24 82 52 12 
325-2-13 1?2.529 = 2 18 53 97 55 41 74 42 88 17 27 79 95 50 33 60 65 35 72 13 
325-2-14 1?2.292 = 2 18 53 20 97 55 41 74 42 88 17 27 79 95 51 50 65 35 72 14 
325-2-15 1?1.904 = 2 18 53 97 55 74 42 88 17 27 79 95 75 76 15 
325-3-4 1?1.988 = 3 44 30 18 53 97 55 41 74 42 22 36 86 84 26 4 
325-3-5 1?1.966 = 3 44 30 18 53 97 55 41 92 86 23 71 21 37 34 19 5 
325-3-6 1?2.076 = 3 30 18 53 97 55 41 92 86 23 21 71 37 34 19 68 6 
325-3-7 1?2.316 = 3 44 30 18 53 97 55 41 74 42 22 36 62 16 46 85 49 96 7 
325-3-8 1?2.46 = 3 44 30 18 53 97 55 41 74 42 22 56 69 28 64 29 89 32 8 
325-3-9 1?2.527 = 3 44 30 18 53 97 55 41 74 42 22 36 56 69 28 64 29 45 67 9 
325-3-10 1?2.712 = 3 44 30 18 53 97 55 41 74 42 22 56 69 28 39 91 73 87 57 10 
325-3-11 1?2.626 = 3 44 30 18 53 97 55 41 74 42 22 36 56 98 39 70 93 38 77 11 
325-3-12 1?2.523 = 3 44 30 18 53 97 55 41 74 42 88 17 51 50 33 60 24 82 52 12 
325-3-13 1?2.436 = 3 44 30 18 53 97 55 41 74 42 88 17 27 79 95 50 33 60 78 13 
325-3-14 1?2.256 = 3 44 30 18 53 55 41 74 42 88 17 27 79 95 51 50 65 35 72 14 
325-3-15 1?2.189 = 3 44 30 18 53 97 55 41 74 42 88 17 27 79 95 75 59 76 15 
325-4-5 1?2.034 = 4 31 26 25 84 86 92 22 36 62 23 71 37 34 19 5 
325-4-6 1?1.882 = 4 31 26 25 23 21 37 34 19 68 83 47 49 96 58 6 
325-4-7 1?1.823 = 4 31 26 25 84 23 21 71 37 34 19 68 83 58 47 49 96 7 
325-4-8 1?2.211 = 4 26 31 84 86 23 21 37 34 19 68 83 58 47 49 96 89 32 8 
325-4-9 1?2.389 = 4 31 26 25 23 21 71 37 34 19 68 83 58 47 49 89 32 48 45 67 9 
325-4-10 1?2.478 = 4 31 26 25 37 34 19 68 83 58 47 49 96 89 32 48 45 67 57 10 
325-4-11 1?2.598 = 4 31 26 25 84 86 36 22 56 69 28 39 91 73 87 80 38 77 11 
325-4-12 1?2.686 = 4 31 26 25 84 86 62 36 56 69 28 39 70 43 90 24 82 52 12 
325-4-13 1?2.609 = 4 26 31 44 30 18 53 97 55 41 74 42 88 17 51 50 65 35 72 13 
325-4-14 1?2.513 = 4 26 31 44 30 18 53 97 55 41 74 42 88 17 51 50 33 60 65 35 72 14 
325-4-15 1?2.406 = 4 26 31 44 30 18 53 20 97 55 41 74 42 88 17 27 79 95 75 15 
325-5-6 1?2.111 = 5 19 34 37 71 23 16 69 28 29 64 46 85 47 58 6 
325-5-7 1?2.116 = 5 68 83 19 34 37 71 21 23 16 46 64 29 85 49 96 7 
325-5-8 1?2.337 = 5 19 34 37 21 71 23 16 62 56 69 28 29 64 46 85 89 32 8 
325-5-9 1?2.402 = 5 68 19 34 37 71 21 23 62 56 69 28 46 85 64 29 45 67 9 
325-5-10 1?2.657 = 5 68 83 19 34 37 71 21 23 62 16 46 85 64 29 48 45 67 57 10 
325-5-11 1?2.568 = 5 19 34 37 71 21 23 16 62 56 69 98 39 91 73 87 80 38 77 11 
325-5-12 1?2.665 = 5 19 34 37 71 21 23 16 62 56 69 98 39 70 43 90 24 82 52 12 
325-5-13 1?2.64 = 5 19 34 37 71 23 62 36 22 42 88 17 27 79 95 50 33 60 78 13 
325-5-14 1?2.51 = 5 19 34 37 71 23 16 62 36 22 42 88 17 51 50 33 60 65 35 72 14 
325-5-15 1?2.368 = 5 19 34 37 71 23 62 36 22 42 74 41 55 97 40 94 27 79 95 75 15 
325-6-7 1?1.958 = 6 83 68 19 34 37 71 21 23 62 16 46 85 49 96 7 
325-6-8 1?2.077 = 6 83 68 19 34 37 71 23 16 46 64 29 85 89 32 8 
325-6-9 1?2.253 = 6 83 68 19 34 37 71 21 23 16 46 85 64 29 48 45 67 9 
325-6-10 1?2.497 = 6 83 68 19 34 37 71 21 23 16 46 85 64 29 48 45 67 57 10 
325-6-11 1?2.496 = 6 83 68 19 34 37 71 21 23 16 46 64 29 73 87 80 38 77 11 
325-6-12 1?2.57 = 6 83 68 19 34 37 71 21 16 69 28 39 70 43 90 24 82 52 12 
325-6-13 1?2.596 = 6 83 68 19 34 37 71 23 62 36 22 42 88 17 51 50 33 60 78 13 
325-6-14 1?2.474 = 6 83 68 19 34 37 71 21 23 62 36 22 42 88 17 51 50 65 35 72 14 
325-6-15 1?2.485 = 6 83 68 19 34 37 71 23 62 36 22 42 74 41 55 97 40 27 79 95 75 15 
325-7-8 1?2.228 = 7 96 49 85 46 64 29 91 73 87 57 67 45 48 8 
325-7-9 1?2.088 = 7 96 49 47 85 46 64 29 91 93 80 87 73 45 67 9 
325-7-10 1?2.418 = 7 96 49 85 46 64 29 91 93 77 38 80 87 73 45 67 57 10 
325-7-11 1?2.39 = 7 96 49 85 46 64 29 28 69 98 39 91 73 87 80 38 77 11 
325-7-12 1?2.591 = 7 96 49 85 46 64 29 28 69 56 98 39 70 43 90 24 82 52 12 
325-7-13 1?2.687 = 7 96 49 85 46 64 29 28 69 98 39 70 43 90 60 65 35 72 13 
325-7-14 1?2.564 = 7 96 49 85 46 64 29 28 69 56 98 39 70 43 90 33 60 65 35 72 14 
325-7-15 1?2.566 = 7 96 49 85 46 64 29 28 69 56 36 22 42 88 17 27 79 95 75 15 
325-8-9 1?2.194 = 8 32 89 85 46 64 29 91 93 38 80 87 73 45 67 9 
325-8-10 1?2.296 = 8 32 89 85 46 64 29 91 93 80 87 73 45 67 57 10 
325-8-11 1?2.567 = 8 32 89 85 46 64 29 28 69 56 98 39 91 73 87 80 38 77 11 
325-8-12 1?2.709 = 8 32 89 85 46 64 29 28 69 98 39 91 73 87 80 38 77 52 12 
325-8-13 1?2.798 = 8 32 89 85 46 64 29 28 69 98 39 70 43 90 60 33 65 35 72 13 
325-8-14 1?2.637 = 8 32 89 85 46 64 29 28 69 56 98 39 70 43 90 33 60 65 35 72 14 
325-8-15 1?2.639 = 8 32 89 85 46 64 29 28 69 56 36 22 42 88 17 27 79 95 75 15 
325-9-10 1?2.362 = 9 67 45 29 64 28 69 98 39 70 93 87 73 57 10 
325-9-11 1?2.39 = 9 67 45 48 29 64 46 28 39 91 73 87 80 38 77 11 
325-9-12 1?2.487 = 9 67 45 48 29 64 46 28 39 70 43 90 24 82 52 12 
325-9-13 1?2.738 = 9 67 45 73 87 80 38 77 93 70 43 90 60 33 50 65 35 72 13 
325-9-14 1?2.595 = 9 67 45 48 29 64 46 28 69 98 39 70 43 90 60 65 35 72 14 
325-9-15 1?2.636 = 9 67 45 48 29 64 46 16 62 36 22 42 88 17 27 79 95 75 15 
325-10-11 1?2.449 = 10 57 67 45 29 64 28 39 91 73 87 80 38 77 11 
325-10-12 1?2.504 = 10 57 73 87 80 38 77 70 39 43 90 24 82 52 12 
325-10-13 1?2.457 = 10 57 67 45 73 87 80 38 77 24 60 65 35 72 13 
325-10-14 1?2.515 = 10 57 67 45 73 87 80 38 77 70 43 90 33 60 65 35 72 14 
325-10-15 1?2.678 = 10 57 73 91 39 98 69 56 36 22 42 88 17 27 79 95 75 15 
325-11-12 1?2.527 = 11 77 38 80 93 70 39 28 69 98 43 90 24 82 52 12 
325-11-13 1?2.453 = 11 77 38 80 87 73 93 70 43 90 33 60 65 35 72 13 
325-11-14 1?2.199 = 11 77 38 80 87 73 93 70 43 90 33 60 65 35 72 14 
325-11-15 1?2.327 = 11 77 38 80 87 73 93 70 43 90 60 33 50 59 76 15 
325-12-13 1?2.532 = 12 52 82 24 60 33 50 51 95 81 75 59 65 35 72 13 
325-12-14 1?2.249 = 12 52 82 24 78 60 33 50 51 95 75 59 65 35 72 14 
325-12-15 1?2.232 = 12 52 82 24 60 33 50 51 95 79 27 81 75 59 76 15 
325-13-14 1?2.077 = 13 78 60 33 50 51 95 79 27 81 75 59 65 35 72 14 
325-13-15 1?2.151 = 13 72 35 65 60 33 50 51 95 79 27 81 75 59 76 15 
325-14-15 1?1.897 = 14 72 35 65 60 33 50 51 95 79 27 81 75 59 76 15 
stop
