start
550-0-2 1?1.901 = 0 81 39 72 40 63 42 51 61 88 52 21 19 53 56 96 2 
550-0-4 1?2 = 0 60 36 55 39 72 40 63 42 51 61 88 21 52 20 62 16 35 4 
550-0-3 1?1.994 = 0 81 39 72 40 63 42 51 61 88 21 52 20 62 35 16 91 3 
550-0-5 1?2.264 = 0 60 36 55 39 72 40 63 42 51 61 19 88 21 52 20 62 16 35 27 5 
550-0-7 1?2.309 = 0 81 39 72 40 63 42 51 61 88 21 52 20 62 25 30 43 95 65 94 87 7 
550-0-8 1?2.57 = 0 81 39 72 40 63 42 51 61 88 21 52 62 25 30 75 90 73 67 8 
550-0-1 1?2.141 = 0 81 55 66 41 64 93 28 82 45 23 79 33 50 72 1 
550-0-11 1?2.417 = 0 81 55 66 41 64 93 28 82 45 23 85 83 97 47 26 49 69 22 11 
550-0-6 1?2.299 = 0 81 39 72 40 63 42 51 61 88 21 52 20 62 16 35 27 25 30 95 17 6 
550-0-10 1?2.499 = 0 60 36 57 78 41 64 93 28 82 45 23 85 83 97 47 26 49 69 22 37 10 
550-0-9 1?2.582 = 0 60 36 57 78 41 64 93 28 82 45 23 85 83 97 47 26 49 69 31 46 9 
550-0-14 1?1.98 = 0 81 55 66 71 23 45 82 28 93 64 41 78 57 32 24 14 
550-0-13 1?2.111 = 0 81 55 66 71 23 45 82 28 93 64 41 78 32 18 98 13 
550-1-4 1?1.551 = 1 39 72 40 63 42 51 61 88 21 52 20 62 16 4 
550-1-2 1?1.781 = 1 39 72 40 63 42 51 61 88 52 21 19 53 56 96 2 
550-1-3 1?1.678 = 1 72 40 63 42 51 61 88 21 52 20 62 16 91 3 
550-0-15 1?2.138 = 0 81 55 80 50 33 79 23 45 82 28 93 64 41 78 57 15 
550-1-7 1?2.189 = 1 39 72 40 63 42 51 61 88 21 52 20 62 25 30 43 95 65 94 87 7 
550-1-8 1?2.473 = 1 72 40 63 42 51 61 88 21 52 62 25 30 43 95 75 90 73 67 8 
550-0-12 1?2.459 = 0 81 39 72 40 63 68 86 59 79 23 45 82 28 93 64 41 44 12 
550-1-5 1?1.877 = 1 39 72 40 63 68 42 51 61 19 88 21 52 20 62 16 35 5 
550-1-6 1?2.165 = 1 39 72 40 63 42 51 61 88 21 52 62 16 35 27 25 30 95 43 17 6 
550-1-15 1?2.053 = 1 39 72 50 33 79 23 45 82 28 93 64 41 78 57 15 
550-2-4 1?1.478 = 2 92 40 63 42 51 61 88 21 52 20 62 16 35 4 
550-2-3 1?1.576 = 2 96 56 53 19 61 88 21 52 20 62 35 16 91 3 
550-1-13 1?2.296 = 1 39 72 50 33 79 23 45 82 28 93 64 41 78 57 32 18 98 13 
550-1-14 1?1.907 = 1 72 50 33 79 23 45 82 28 93 64 41 78 32 24 14 
550-1-12 1?2.44 = 1 39 72 40 63 68 86 59 79 23 45 82 28 93 64 41 18 44 12 
550-2-5 1?1.985 = 2 92 40 63 68 59 86 77 51 61 88 52 20 62 16 35 27 5 
550-2-6 1?1.893 = 2 96 56 53 19 61 88 21 52 20 62 16 35 27 25 30 95 43 17 6 
550-1-11 1?2.422 = 1 39 72 50 33 71 93 28 82 45 23 85 97 47 26 49 69 22 11 
550-1-10 1?2.588 = 1 39 72 50 33 71 93 64 28 82 45 23 85 83 97 47 26 49 69 22 37 10 
550-1-9 1?2.571 = 1 39 72 50 33 71 93 28 82 45 23 85 83 97 47 26 49 69 31 46 9 
550-2-15 1?2.038 = 2 92 40 63 68 59 79 23 45 82 28 93 64 41 78 57 15 
550-3-4 1?1.66 = 3 56 53 19 51 42 77 61 88 21 52 20 62 16 35 4 
550-2-13 1?2.229 = 2 92 40 63 68 33 79 23 45 82 28 93 64 41 78 32 18 98 13 
550-3-5 1?1.572 = 3 96 56 53 19 51 61 88 21 52 20 62 16 35 27 5 
550-2-14 1?2.002 = 2 92 40 63 68 86 59 79 23 45 82 28 93 64 41 78 32 24 14 
550-2-12 1?2.43 = 2 92 40 63 68 59 79 23 45 82 28 93 64 41 78 32 18 44 12 
550-2-8 1?2.348 = 2 96 56 53 19 51 61 88 21 52 20 62 25 30 43 95 75 90 73 67 8 
550-2-7 1?2.143 = 2 96 56 53 19 61 88 21 52 20 62 16 35 27 25 30 43 95 65 94 87 7 
550-2-9 1?2.531 = 2 92 40 63 68 33 71 93 28 82 45 23 85 97 47 26 49 69 31 46 9 
550-2-10 1?2.553 = 2 92 40 63 68 86 59 79 71 93 28 82 45 23 85 83 97 47 26 49 69 37 10 
550-2-11 1?2.612 = 2 92 40 63 68 33 71 93 64 28 82 45 23 85 83 97 47 26 49 69 22 11 
550-3-6 1?1.503 = 3 91 53 19 61 88 21 52 20 62 25 30 95 43 17 6 
550-3-15 1?2.225 = 3 91 16 62 20 52 21 88 19 61 51 42 63 68 50 80 55 36 60 15 
550-4-5 1?1.835 = 4 16 19 51 61 88 21 52 20 62 25 30 95 43 27 5 
550-3-13 1?2.427 = 3 56 53 19 21 52 88 61 77 86 59 79 23 45 82 28 93 64 41 18 98 13 
550-3-7 1?1.992 = 3 91 53 19 61 88 21 52 20 62 16 35 27 25 30 95 65 94 87 7 
550-3-14 1?2.226 = 3 56 96 92 40 63 68 86 59 79 23 45 82 28 93 64 41 78 32 24 14 
550-3-8 1?2.241 = 3 91 53 19 61 88 21 52 20 62 27 25 30 43 95 75 90 73 67 8 
550-3-12 1?2.496 = 3 91 53 19 21 52 88 61 51 77 86 59 79 23 45 82 28 93 64 44 12 
550-3-10 1?2.443 = 3 91 16 62 20 52 21 88 61 51 77 54 83 97 47 26 49 69 37 10 
550-3-11 1?2.519 = 3 91 16 62 20 52 21 88 61 51 77 54 83 97 47 26 49 69 22 11 
550-3-9 1?2.474 = 3 91 16 62 20 52 21 88 19 61 51 77 54 84 89 70 58 46 9 
550-4-6 1?1.569 = 4 16 62 21 88 52 20 99 74 34 30 95 43 17 6 
550-5-6 1?1.694 = 5 27 35 16 19 88 21 52 20 62 25 30 95 43 17 6 
550-4-15 1?2.106 = 4 35 16 62 20 52 21 88 19 61 51 42 63 68 50 80 55 36 60 15 
550-4-7 1?1.966 = 4 16 19 61 88 21 52 20 62 35 27 43 95 30 75 65 94 87 7 
550-4-8 1?2.163 = 4 16 62 20 52 21 88 61 51 77 54 84 74 76 48 73 67 8 
550-4-13 1?2.23 = 4 16 62 20 52 21 88 61 77 86 79 23 45 82 28 93 64 44 13 
550-4-14 1?2.159 = 4 35 16 62 20 52 21 88 61 77 86 59 33 66 57 78 32 24 14 
550-4-10 1?2.282 = 4 35 16 62 20 52 21 88 61 77 54 83 97 47 26 49 69 37 10 
550-4-12 1?2.362 = 4 16 62 20 52 21 88 61 77 86 59 79 23 45 82 28 93 64 44 12 
550-4-9 1?2.287 = 4 35 16 62 20 52 21 88 61 51 77 54 84 89 70 58 46 9 
550-4-11 1?2.438 = 4 16 62 20 52 21 88 61 51 77 54 83 85 97 47 26 49 69 37 22 11 
550-6-7 1?1.9 = 6 17 94 65 95 43 30 75 90 34 74 76 48 73 29 7 
550-6-8 1?2.004 = 6 17 43 95 30 75 65 94 29 73 90 34 76 48 67 8 
550-5-7 1?1.857 = 5 35 16 21 88 52 20 62 27 25 30 43 95 65 94 87 7 
550-5-8 1?2.137 = 5 35 16 21 88 52 20 62 25 30 43 95 75 90 73 67 8 
550-5-15 1?2.302 = 5 27 35 16 62 20 52 21 88 19 61 51 42 63 68 50 80 55 36 60 15 
550-5-13 1?2.355 = 5 35 62 20 52 21 88 61 51 42 86 79 23 45 82 28 93 64 44 13 
550-5-9 1?2.242 = 5 43 95 30 75 90 73 48 76 89 70 26 49 69 31 46 9 
550-5-12 1?2.451 = 5 35 62 52 21 88 61 77 86 59 79 23 45 82 28 93 64 44 12 
550-5-10 1?2.348 = 5 27 25 30 43 95 75 90 48 76 89 70 58 26 49 69 22 37 10 
550-5-14 1?2.29 = 5 35 16 62 20 52 21 88 61 51 77 86 59 33 66 57 78 32 24 14 
550-5-11 1?2.489 = 5 35 16 62 20 52 21 88 61 51 77 54 83 97 47 26 49 69 22 11 
550-7-8 1?2.018 = 7 87 94 65 95 43 30 75 90 73 48 76 89 70 58 8 
550-6-9 1?1.895 = 6 17 65 95 43 30 75 90 73 48 76 89 70 58 46 9 
550-7-9 1?1.9 = 7 87 94 65 95 43 30 75 90 48 76 89 70 58 46 9 
550-6-10 1?1.842 = 6 17 43 95 30 75 90 48 76 89 70 58 49 69 37 10 
550-7-10 1?2.03 = 7 87 29 94 65 90 48 76 89 70 58 49 69 22 37 10 
550-6-15 1?2.332 = 6 17 43 95 30 34 74 84 54 83 85 23 45 82 28 93 64 41 78 32 57 15 
550-6-12 1?2.304 = 6 17 43 95 30 34 74 84 54 83 97 23 45 82 28 93 64 44 12 
550-7-11 1?2.206 = 7 87 94 65 95 43 30 75 90 48 76 89 70 26 49 69 37 22 11 
550-6-11 1?2.277 = 6 17 94 65 95 43 30 75 90 73 48 76 89 70 26 49 69 37 22 11 
550-6-13 1?2.427 = 6 17 43 95 30 34 74 84 83 85 23 45 82 28 93 64 41 78 57 32 18 98 13 
550-6-14 1?2.347 = 6 17 43 95 30 75 90 48 76 89 70 83 85 23 45 82 28 93 64 41 78 32 24 14 
550-8-13 1?2.374 = 8 67 48 76 74 84 83 85 23 45 82 28 93 64 41 18 98 13 
550-7-13 1?2.214 = 7 87 29 90 48 76 89 70 83 85 23 45 82 28 93 64 44 13 
550-8-15 1?2.444 = 8 67 48 76 89 70 83 85 23 45 82 28 93 64 41 78 32 57 15 
550-8-14 1?2.244 = 8 67 89 70 83 85 23 45 82 28 93 64 41 78 57 32 24 14 
550-7-14 1?2.115 = 7 29 73 48 76 89 83 85 23 45 82 28 93 64 41 78 32 24 14 
550-8-9 1?2.241 = 8 67 73 90 48 76 89 70 26 49 69 22 37 31 46 9 
550-7-12 1?2.346 = 7 87 29 90 48 76 89 70 83 85 23 45 82 93 28 64 44 12 
550-8-10 1?2.242 = 8 67 73 90 48 76 89 70 58 26 49 69 22 37 31 10 
550-8-12 1?2.506 = 8 67 73 90 48 76 89 70 83 85 23 45 82 28 93 64 44 12 
550-8-11 1?2.343 = 8 67 29 73 90 48 76 89 70 58 26 49 69 37 22 11 
550-7-15 1?2.434 = 7 87 94 65 95 43 30 34 74 84 83 85 23 45 82 28 93 64 41 78 57 15 
550-10-14 1?2.06 = 10 37 22 69 49 26 47 97 23 45 82 28 93 64 41 78 32 24 14 
550-10-13 1?2.061 = 10 31 69 49 26 47 97 23 45 82 28 93 64 41 18 98 13 
550-10-12 1?2.197 = 10 37 69 49 26 47 97 83 85 23 45 82 28 93 64 44 12 
550-10-15 1?2.212 = 10 37 22 69 49 26 47 97 23 45 82 28 93 64 41 78 32 57 15 
550-9-13 1?2.298 = 9 46 31 69 49 26 47 83 85 23 45 82 28 93 64 41 18 98 13 
550-9-11 1?2.475 = 9 46 31 69 49 26 47 45 23 82 28 93 64 44 38 11 
550-9-10 1?2.428 = 9 46 58 70 89 84 54 83 85 97 47 26 49 69 37 10 
550-9-15 1?2.455 = 9 46 31 37 69 49 26 47 97 83 85 23 45 82 28 93 64 41 78 57 15 
550-9-14 1?2.202 = 9 46 31 69 49 26 47 97 85 23 45 82 28 93 64 41 78 32 24 14 
550-10-11 1?2.398 = 10 37 22 69 49 26 47 97 23 45 82 28 93 64 44 38 11 
550-9-12 1?2.449 = 9 46 31 69 49 26 47 97 83 85 23 45 82 28 93 64 41 44 12 
550-11-14 1?2.019 = 11 22 69 49 26 47 45 82 28 93 64 41 78 32 24 14 
550-11-13 1?2.101 = 11 22 69 49 26 47 97 23 45 82 28 93 64 41 18 98 13 
550-12-14 1?2.129 = 12 44 41 64 93 28 82 45 23 71 66 57 78 32 24 14 
550-12-13 1?2.26 = 12 44 64 93 28 82 45 23 71 66 57 78 32 18 98 13 
550-13-14 1?1.989 = 13 98 18 41 64 93 28 82 45 23 71 66 57 78 32 24 14 
550-13-15 1?2.15 = 13 98 18 41 64 93 28 82 45 23 71 66 57 78 32 24 15 
550-12-15 1?2.29 = 12 44 41 64 93 28 82 45 23 71 66 57 78 32 24 15 
550-14-15 1?2.078 = 14 24 32 78 41 64 93 28 82 45 23 79 71 66 57 15 
550-11-15 1?2.27 = 11 22 69 49 26 47 97 85 23 45 82 28 93 64 41 78 32 57 15 
550-11-12 1?2.262 = 11 22 69 49 26 47 83 85 23 45 82 28 93 64 44 12 
stop
