start
175-0-1 1?2.047 = 0 96 64 78 93 35 92 73 60 39 57 89 32 45 26 1 
175-0-2 1?1.777 = 0 96 64 78 35 93 88 71 32 45 26 16 82 31 59 2 
175-0-3 1?1.96 = 0 96 64 78 35 93 88 71 45 68 30 58 83 48 3 
175-0-4 1?2.068 = 0 96 64 78 35 93 88 71 45 68 30 58 83 98 61 79 4 
175-0-5 1?2.408 = 0 96 64 78 35 93 88 71 45 68 30 50 38 94 28 33 86 91 5 
175-0-6 1?2.481 = 0 96 64 78 35 93 88 71 45 68 30 50 38 28 33 86 91 65 6 
175-0-7 1?2.57 = 0 96 64 78 35 93 88 71 32 42 66 38 28 94 47 27 84 7 
175-0-8 1?2.544 = 0 96 64 78 73 60 69 19 63 87 55 18 24 81 74 44 70 43 8 
175-0-9 1?2.476 = 0 96 64 78 93 35 92 39 60 19 69 87 63 51 97 46 21 44 9 
175-0-10 1?2.362 = 0 96 64 78 93 35 92 73 60 19 69 87 63 51 23 52 75 29 10 
175-0-11 1?2.194 = 0 96 64 78 35 93 88 57 39 60 19 69 87 63 51 23 52 75 11 
175-0-12 1?2.088 = 0 96 64 78 35 93 88 57 39 60 67 99 62 22 54 56 53 77 12 
175-0-13 1?1.99 = 0 96 64 78 35 93 88 40 71 57 39 60 67 99 62 22 54 56 13 
175-0-14 1?1.606 = 0 96 64 78 93 35 92 39 60 67 99 62 80 72 20 14 
175-0-15 1?1.793 = 0 96 64 78 93 35 92 39 60 67 99 62 80 72 20 15 
175-1-2 1?2.047 = 1 49 0 96 64 78 35 93 88 40 71 26 16 82 31 59 2 
175-1-3 1?2.095 = 1 26 68 30 50 38 28 33 86 95 58 83 98 61 79 3 
175-1-4 1?2.189 = 1 26 68 30 50 38 94 28 33 86 95 58 83 98 61 79 4 
175-1-5 1?2.578 = 1 26 68 30 50 38 94 28 33 86 95 58 83 98 61 79 4 5 
175-1-6 1?2.751 = 1 26 45 32 42 37 90 76 66 68 30 50 38 28 33 86 91 65 6 
175-1-7 1?2.821 = 1 49 40 88 93 35 92 73 60 19 69 87 55 18 24 81 27 84 7 
175-1-8 1?2.776 = 1 49 40 88 93 35 92 39 60 19 69 87 55 18 24 81 74 70 43 8 
175-1-9 1?2.698 = 1 49 40 71 88 93 35 92 73 60 19 69 87 63 23 51 97 46 21 44 9 
175-1-10 1?2.635 = 1 49 40 88 93 35 92 73 60 19 69 87 63 23 51 97 46 21 34 10 
175-1-11 1?2.382 = 1 49 40 88 93 35 92 73 67 99 22 19 69 87 63 23 51 52 75 11 
175-1-12 1?2.401 = 1 49 40 88 93 35 92 57 39 60 67 99 22 19 69 87 63 41 53 77 12 
175-1-13 1?2.312 = 1 49 40 88 35 93 96 64 78 92 57 39 60 67 99 62 22 54 56 13 
175-1-14 1?1.853 = 1 49 40 88 93 35 92 57 39 60 67 99 62 80 72 20 14 
175-1-15 1?2.04 = 1 49 40 88 93 35 92 39 60 67 99 72 78 96 64 15 
175-2-3 1?1.901 = 2 59 31 82 16 26 45 68 30 58 83 98 61 79 48 3 
175-2-4 1?1.922 = 2 59 31 82 16 26 45 42 68 30 58 83 98 61 79 4 
175-2-5 1?2.177 = 2 59 31 16 26 45 68 30 50 38 94 28 33 86 95 5 
175-2-6 1?2.251 = 2 59 31 16 26 45 32 42 68 30 50 95 86 91 65 6 
175-2-7 1?2.54 = 2 59 31 82 16 26 45 32 42 68 30 50 38 28 94 47 27 84 7 
175-2-8 1?2.663 = 2 59 31 82 16 26 45 32 42 37 76 90 85 24 81 74 21 44 70 43 8 
175-2-9 1?2.594 = 2 59 31 82 16 26 68 30 50 38 28 94 76 90 85 81 74 21 44 9 
175-2-10 1?2.582 = 2 59 31 16 26 68 30 50 38 28 94 76 90 85 81 74 21 34 10 
175-2-11 1?2.432 = 2 59 31 82 16 26 45 32 89 57 39 60 19 69 87 63 51 23 52 75 11 
175-2-12 1?2.359 = 2 59 31 82 16 26 45 42 32 89 57 39 60 19 69 87 63 41 53 77 12 
175-2-13 1?2.392 = 2 59 31 82 16 26 45 71 88 93 35 78 92 39 60 67 99 62 22 54 56 13 
175-2-14 1?2.231 = 2 59 31 82 16 26 45 71 40 88 93 35 92 73 60 67 99 62 80 72 20 14 
175-2-15 1?1.73 = 2 59 31 16 26 45 32 71 40 88 93 35 78 96 64 15 
175-3-4 1?2.062 = 3 48 30 50 38 28 33 86 91 95 58 83 98 61 79 4 
175-3-5 1?2.105 = 3 48 79 61 98 83 58 50 38 94 28 33 86 91 65 5 
175-3-6 1?2.12 = 3 48 79 61 98 83 58 50 38 94 28 33 86 91 65 6 
175-3-7 1?2.178 = 3 79 61 98 83 58 95 50 38 28 94 47 27 84 7 
175-3-8 1?2.609 = 3 79 61 98 83 58 95 86 33 28 94 76 90 85 81 74 44 70 43 8 
175-3-9 1?2.594 = 3 79 61 98 83 58 50 38 28 94 76 90 85 24 81 74 21 44 36 9 
175-3-10 1?2.521 = 3 79 61 98 83 58 50 38 28 94 76 90 85 81 74 46 21 34 10 
175-3-11 1?2.432 = 3 48 83 58 50 38 28 94 76 90 17 69 19 87 63 23 52 75 11 
175-3-12 1?2.333 = 3 48 83 58 50 38 28 94 76 90 17 69 19 87 63 41 53 77 12 
175-3-13 1?2.421 = 3 79 61 98 83 58 95 91 86 33 28 94 76 90 17 69 19 22 54 56 13 
175-3-14 1?2.268 = 3 79 61 83 58 30 68 42 32 89 57 39 60 67 99 62 80 72 20 14 
175-3-15 1?2.1 = 3 48 79 61 98 58 83 30 68 45 71 88 93 35 78 96 64 15 
175-4-5 1?2.241 = 4 79 61 98 83 58 50 30 68 66 94 28 33 91 5 
175-4-6 1?2.146 = 4 79 61 98 83 58 50 38 94 28 33 86 95 91 65 6 
175-4-7 1?2.197 = 4 79 61 98 83 58 95 50 38 28 94 47 27 84 7 
175-4-8 1?2.208 = 4 79 61 98 83 58 95 91 86 33 28 94 47 27 43 8 
175-4-9 1?2.462 = 4 79 61 98 83 58 50 38 28 94 76 90 85 81 74 21 34 9 
175-4-10 1?2.434 = 4 79 61 98 83 58 50 38 28 94 76 90 85 81 74 21 34 10 
175-4-11 1?2.447 = 4 79 61 98 83 58 50 38 28 94 76 90 17 87 63 51 75 11 
175-4-12 1?2.356 = 4 79 61 98 83 58 50 38 28 94 76 90 17 87 63 41 53 77 12 
175-4-13 1?2.377 = 4 79 61 98 83 58 30 68 42 32 89 57 39 60 67 99 62 22 54 56 13 
175-4-14 1?2.309 = 4 79 61 98 83 58 30 68 42 32 89 57 39 60 67 99 62 80 72 20 14 
175-4-15 1?2.234 = 4 79 61 98 83 58 30 68 42 32 71 40 88 93 35 92 78 96 64 15 
175-5-6 1?2.549 = 5 4 79 61 98 83 58 95 91 86 50 38 94 28 33 65 6 
175-5-7 1?2.61 = 5 4 79 61 98 83 58 95 91 86 33 28 94 47 27 84 7 
175-5-8 1?2.444 = 5 91 86 33 28 94 76 90 85 81 74 21 44 70 43 8 
175-5-9 1?2.601 = 5 91 86 50 38 28 94 76 90 85 24 81 74 21 44 70 36 9 
175-5-10 1?2.604 = 5 91 86 95 50 38 28 94 76 90 85 24 18 97 46 21 34 10 
175-5-11 1?2.513 = 5 65 91 86 33 28 94 76 90 17 69 19 87 63 23 51 75 11 
175-5-12 1?2.587 = 5 65 91 86 95 50 38 28 94 76 90 17 69 19 87 63 41 53 77 12 
175-5-13 1?2.69 = 5 65 91 86 33 28 94 38 50 30 68 42 32 89 57 39 60 67 99 62 56 13 
175-5-14 1?2.568 = 5 91 86 33 28 94 38 50 30 68 42 32 89 57 39 60 67 99 80 72 20 14 
175-5-15 1?2.469 = 5 91 86 33 28 94 38 50 30 68 42 32 71 40 88 93 35 78 96 64 15 
175-6-7 1?2.701 = 6 65 91 86 95 50 30 68 66 94 28 47 27 84 7 
175-6-8 1?2.552 = 6 65 91 86 33 28 94 76 90 85 24 81 74 70 43 8 
175-6-9 1?2.464 = 6 65 91 86 33 38 28 94 76 90 85 81 74 21 44 9 
175-6-10 1?2.606 = 6 65 91 86 50 38 28 94 76 90 85 24 81 74 21 34 10 
175-6-11 1?2.502 = 6 65 91 86 33 28 94 76 90 17 69 19 87 63 23 52 75 11 
175-6-12 1?2.403 = 6 65 91 86 33 28 94 76 90 17 69 19 87 63 41 53 77 12 
175-6-13 1?2.609 = 6 65 91 86 33 28 94 38 66 42 32 89 57 39 60 67 99 22 54 56 13 
175-6-14 1?2.612 = 6 65 91 86 33 28 94 38 50 30 68 42 32 89 57 39 60 67 72 20 14 
175-6-15 1?2.518 = 6 65 91 33 28 94 38 50 30 68 42 32 71 88 93 35 78 96 64 15 
175-7-8 1?2.479 = 7 84 27 74 81 85 24 18 97 46 21 44 70 36 43 8 
175-7-9 1?2.442 = 7 84 27 47 85 55 18 24 81 74 46 21 44 70 36 9 
175-7-10 1?2.528 = 7 84 27 81 24 18 55 87 63 23 51 97 46 21 34 10 
175-7-11 1?2.524 = 7 84 27 74 81 24 18 55 17 69 19 87 63 51 23 52 75 11 
175-7-12 1?2.648 = 7 84 27 81 24 18 55 51 23 63 87 69 19 22 54 56 53 77 12 
175-7-13 1?2.765 = 7 84 27 47 85 24 18 55 87 63 19 69 60 67 99 62 22 54 56 13 
175-7-14 1?2.684 = 7 84 27 81 24 18 51 23 63 87 69 19 22 54 56 62 80 72 20 14 
175-7-15 1?2.538 = 7 84 27 47 94 28 38 50 30 68 45 71 88 93 35 78 96 64 15 
175-8-9 1?2.478 = 8 43 70 44 74 81 24 18 55 87 63 23 51 97 46 34 9 
175-8-10 1?2.282 = 8 43 70 44 21 46 74 81 24 18 55 51 23 52 75 29 10 
175-8-11 1?2.098 = 8 43 70 44 21 74 81 24 18 55 87 63 23 52 75 11 
175-8-12 1?2.274 = 8 43 70 44 21 74 81 24 18 55 17 69 19 87 63 41 53 77 12 
175-8-13 1?2.441 = 8 43 36 70 44 21 74 81 24 18 51 23 63 87 69 19 22 54 56 13 
175-8-14 1?2.474 = 8 43 70 44 21 46 97 51 23 63 87 69 19 22 54 56 62 80 72 20 14 
175-8-15 1?2.526 = 8 43 70 44 21 46 97 51 23 63 87 19 69 60 73 92 35 93 96 64 15 
175-9-10 1?2.229 = 9 36 70 44 21 46 74 81 24 18 55 51 23 52 75 29 10 
175-9-11 1?2.066 = 9 36 44 21 74 81 24 18 55 87 63 23 51 52 75 11 
175-9-12 1?1.918 = 9 44 74 81 24 18 55 87 69 19 63 41 53 77 12 
175-9-13 1?2.281 = 9 44 21 74 81 24 18 55 17 69 19 87 63 41 77 53 56 13 
175-9-14 1?2.311 = 9 44 21 74 81 24 18 51 23 63 87 69 19 22 62 80 72 20 14 
175-9-15 1?2.374 = 9 44 21 46 97 51 23 63 87 19 69 60 73 92 35 93 78 96 64 15 
175-10-11 1?2.082 = 10 34 21 46 74 81 24 18 55 87 63 51 23 52 75 11 
175-10-12 1?1.909 = 10 34 21 46 74 81 24 18 55 87 63 41 53 77 12 
175-10-13 1?2.187 = 10 34 21 74 81 24 18 55 17 69 19 87 63 41 77 53 13 
175-10-14 1?2.199 = 10 34 21 74 81 24 18 55 87 69 19 22 99 62 80 72 20 14 
175-10-15 1?2.294 = 10 29 75 52 23 51 63 87 19 69 60 39 92 35 93 78 96 64 15 
175-11-12 1?1.853 = 11 75 52 23 51 63 87 69 19 22 62 56 53 77 12 
175-11-13 1?1.837 = 11 75 52 23 63 87 19 69 60 67 99 62 22 54 56 13 
175-11-14 1?2.009 = 11 75 52 23 51 63 87 69 19 22 54 56 62 99 67 72 20 14 
175-11-15 1?2.018 = 11 75 52 23 63 87 19 69 60 39 57 88 93 35 78 96 64 15 
175-12-13 1?1.719 = 12 77 53 41 63 87 17 69 19 22 99 62 54 56 13 
175-12-14 1?1.644 = 12 77 53 41 63 87 17 69 19 22 62 80 72 20 14 
175-12-15 1?1.881 = 12 77 53 56 54 22 99 67 60 39 57 88 93 35 78 96 64 15 
175-13-14 1?1.727 = 13 56 54 22 99 67 60 39 57 88 93 35 92 73 72 20 14 
175-13-15 1?1.56 = 13 56 54 22 99 67 60 39 57 88 93 35 78 96 64 15 
175-14-15 1?1.504 = 14 20 72 80 62 99 67 60 39 92 35 93 78 96 64 15 
stop
