start
510-0-1 1?2.19 = 0 65 39 24 88 63 46 34 64 62 55 61 41 77 1 
510-0-4 1?2.108 = 0 24 39 88 63 46 34 64 62 61 96 19 70 84 32 4 
510-0-5 1?2.244 = 0 65 88 63 46 34 64 62 55 85 35 78 71 21 43 54 73 36 5 
510-0-11 1?2.217 = 0 65 39 24 88 63 27 75 81 26 69 23 47 38 99 92 40 11 
510-0-6 1?2.291 = 0 65 39 88 63 46 34 64 62 55 35 85 78 71 21 43 54 90 6 
510-0-9 1?2.524 = 0 65 88 63 46 34 64 62 61 78 35 85 59 57 48 44 82 31 49 97 9 
510-0-2 1?2.199 = 0 65 39 24 88 63 46 34 64 62 55 61 41 29 52 2 
510-0-3 1?2.252 = 0 65 39 24 88 63 46 34 64 62 55 35 78 96 19 91 3 
510-0-10 1?2.482 = 0 24 39 88 63 27 75 94 89 51 53 37 48 44 82 49 97 33 18 76 10 
510-0-7 1?2.462 = 0 65 39 88 63 46 34 64 62 55 85 35 78 71 21 43 54 45 74 67 7 
510-0-8 1?2.542 = 0 65 39 24 88 63 46 34 64 62 55 35 85 59 57 48 44 82 31 87 68 58 8 
510-0-15 1?2.561 = 0 65 39 88 63 46 34 41 64 62 55 94 75 27 50 24 15 
510-0-13 1?2.019 = 0 24 39 88 63 27 50 81 26 69 47 23 16 60 13 
510-0-14 1?2.246 = 0 24 39 88 63 27 81 26 69 23 16 60 79 66 14 
510-1-2 1?2.36 = 1 77 34 41 64 62 55 85 35 78 61 96 29 52 2 
510-1-4 1?2.047 = 1 77 34 64 62 55 85 35 78 96 19 70 84 32 4 
510-0-12 1?2.16 = 0 24 39 88 63 27 75 94 89 51 53 80 72 28 47 38 12 
510-1-3 1?2.192 = 1 77 34 64 62 55 85 35 78 96 19 70 84 32 3 
510-1-5 1?2.28 = 1 77 34 64 62 61 35 85 78 71 21 43 54 73 36 25 83 5 
510-1-8 1?2.523 = 1 77 41 34 64 62 55 61 78 35 85 59 57 48 44 82 31 87 68 58 8 
510-1-7 1?2.438 = 1 77 41 34 64 62 55 61 35 85 78 71 21 43 54 45 74 67 7 
510-1-6 1?2.438 = 1 77 46 34 64 62 55 61 35 85 78 71 21 43 17 54 73 90 6 
510-2-4 1?2.087 = 2 52 29 41 34 64 62 55 85 35 78 96 19 84 32 4 
510-1-12 1?2.397 = 1 77 34 64 62 61 35 85 59 51 89 53 80 28 47 38 12 
510-2-3 1?2.232 = 2 52 29 41 34 64 62 55 85 35 78 96 19 84 32 3 
510-2-5 1?2.258 = 2 52 29 41 34 64 62 61 35 85 78 71 21 43 54 73 36 5 
510-1-14 1?2.346 = 1 77 65 39 24 88 63 50 27 75 81 26 69 79 66 14 
510-1-11 1?2.492 = 1 77 34 64 62 61 78 35 85 59 51 89 53 80 72 92 40 11 
510-2-6 1?2.347 = 2 52 29 41 34 64 62 55 61 35 85 78 71 21 43 54 73 90 6 
510-1-13 1?2.369 = 1 77 46 63 27 75 94 89 51 53 80 72 28 47 23 16 60 13 
510-1-9 1?2.637 = 1 77 46 34 64 62 55 61 78 35 85 59 57 48 44 82 31 87 49 97 9 
510-1-10 1?2.417 = 1 77 34 64 62 55 35 85 59 57 48 44 82 49 97 33 42 18 76 10 
510-1-15 1?2.173 = 1 77 41 61 55 62 64 34 46 63 88 65 39 24 15 
510-3-4 1?2.179 = 3 91 29 41 34 64 62 55 35 85 78 96 19 84 32 4 
510-2-8 1?2.282 = 2 52 29 41 61 78 35 85 59 57 48 44 82 31 87 68 58 8 
510-3-5 1?2.139 = 3 32 84 19 96 61 35 85 78 71 21 43 54 73 36 5 
510-2-12 1?2.424 = 2 52 29 41 34 64 62 55 35 85 51 89 53 80 28 47 38 12 
510-2-11 1?2.516 = 2 52 29 41 34 64 62 55 35 85 59 51 89 53 80 72 92 40 11 
510-2-7 1?2.382 = 2 52 29 41 34 64 62 61 35 85 78 71 21 43 54 45 74 67 7 
510-2-14 1?2.602 = 2 52 29 41 34 64 62 61 35 85 51 89 26 69 79 66 14 
510-2-13 1?2.417 = 2 52 29 41 64 62 55 94 89 51 53 80 28 47 23 16 60 13 
510-2-9 1?2.544 = 2 52 29 41 34 64 62 55 61 78 35 85 59 57 48 44 82 31 49 97 9 
510-2-10 1?2.49 = 2 52 29 41 61 35 85 59 57 48 44 82 31 49 97 33 42 18 76 10 
510-2-15 1?2.365 = 2 52 29 41 61 78 35 85 55 62 64 34 46 88 39 24 15 
510-4-5 1?1.994 = 4 32 84 19 96 61 35 85 78 71 21 43 54 73 36 5 
510-3-8 1?2.23 = 3 32 84 19 96 78 35 85 59 57 48 44 82 31 87 68 58 8 
510-3-6 1?2.163 = 3 32 84 19 96 61 35 85 78 71 21 43 54 73 90 6 
510-3-7 1?2.447 = 3 91 32 84 70 19 96 61 35 85 78 71 21 43 54 45 74 67 7 
510-3-9 1?2.524 = 3 91 19 96 78 35 85 59 51 89 53 37 57 48 44 82 31 49 97 9 
510-3-12 1?2.624 = 3 91 32 84 70 19 96 78 35 85 59 51 89 53 80 72 28 47 38 12 
510-3-11 1?2.585 = 3 91 19 96 78 35 85 59 51 89 53 80 72 28 47 38 99 92 40 11 
510-3-14 1?2.55 = 3 32 84 19 96 78 35 85 59 51 89 94 26 69 79 66 14 
510-3-13 1?2.471 = 3 91 19 96 78 35 85 59 51 89 53 80 72 28 47 23 16 60 13 
510-3-10 1?2.462 = 3 32 84 19 96 78 35 85 59 57 48 44 82 31 49 33 42 76 18 10 
510-3-15 1?2.292 = 3 91 19 96 78 35 85 55 62 64 34 46 63 88 65 39 24 15 
510-5-6 1?2.15 = 5 25 83 32 84 19 96 61 35 78 71 21 43 54 90 6 
510-4-6 1?2.018 = 4 32 84 19 96 61 35 85 78 71 21 43 54 73 90 6 
510-4-8 1?2.139 = 4 32 84 19 96 61 35 85 59 57 48 44 82 31 87 68 58 8 
510-4-7 1?2.343 = 4 32 84 70 19 96 61 35 85 78 71 21 43 17 54 45 74 67 7 
510-4-9 1?2.436 = 4 32 84 70 19 96 61 78 35 85 59 20 57 48 44 82 31 49 97 9 
510-4-12 1?2.508 = 4 32 84 70 19 96 78 35 85 59 51 89 53 80 72 28 47 23 16 12 
510-4-14 1?2.565 = 4 32 84 70 19 96 61 78 35 85 59 51 89 26 69 79 66 14 
510-4-11 1?2.482 = 4 32 84 19 96 78 35 85 59 51 89 53 80 28 47 38 99 92 40 11 
510-4-13 1?2.442 = 4 32 84 19 96 78 35 85 59 51 89 53 80 72 28 47 23 16 60 13 
510-4-10 1?2.353 = 4 32 84 19 96 78 35 85 59 57 48 44 82 31 49 97 33 42 76 18 10 
510-4-15 1?2.315 = 4 32 84 70 19 96 78 35 85 55 62 64 34 46 63 88 39 24 15 
510-6-8 1?2.045 = 6 90 73 54 43 17 86 22 31 82 48 44 49 97 87 68 58 8 
510-5-8 1?2.008 = 5 83 25 36 73 54 43 17 86 22 31 82 49 97 87 68 58 8 
510-5-7 1?2.121 = 5 25 83 32 84 70 19 96 93 71 21 43 54 45 74 67 7 
510-6-7 1?2.059 = 6 90 73 36 25 83 32 84 70 93 21 43 54 45 74 67 7 
510-5-9 1?2.209 = 5 36 73 54 43 21 71 78 35 85 59 57 48 44 82 31 49 97 9 
510-5-12 1?2.407 = 5 36 73 54 43 21 71 78 35 85 59 51 89 53 80 72 28 47 38 12 
510-5-11 1?2.436 = 5 36 73 54 43 21 71 78 35 85 59 51 89 53 80 72 99 92 40 11 
510-5-14 1?2.517 = 5 36 73 54 43 21 71 78 35 85 59 51 89 94 26 69 79 66 14 
510-5-13 1?2.419 = 5 36 73 54 43 21 71 78 35 85 51 89 53 80 28 47 23 16 60 13 
510-5-10 1?2.306 = 5 83 25 36 73 54 45 74 86 22 31 82 48 44 49 97 33 42 76 18 10 
510-5-15 1?2.325 = 5 36 73 54 43 21 71 78 35 85 55 62 64 34 46 63 88 39 24 15 
510-7-8 1?2.006 = 7 67 74 45 54 43 21 17 86 22 31 82 49 87 68 58 8 
510-7-9 1?2.155 = 7 30 58 68 87 31 82 48 44 49 97 33 42 76 18 10 9 
510-6-9 1?2.157 = 6 90 54 43 21 71 78 35 85 59 57 48 44 82 31 49 97 9 
510-7-11 1?2.322 = 7 30 58 68 87 31 82 44 49 97 33 42 76 18 95 56 92 40 11 
510-6-11 1?2.384 = 6 90 54 43 21 71 78 35 85 59 51 89 53 80 72 99 92 40 11 
510-6-12 1?2.431 = 6 90 73 54 43 21 71 78 35 85 59 51 89 53 80 72 28 47 38 12 
510-7-10 1?2.192 = 7 67 74 45 54 43 21 17 86 22 82 31 49 97 33 42 18 76 10 
510-6-10 1?2.23 = 6 90 73 54 43 21 17 86 22 31 82 48 44 49 97 33 42 76 18 10 
510-6-13 1?2.428 = 6 90 54 43 21 71 78 35 85 59 51 89 53 80 28 47 23 16 60 13 
510-6-14 1?2.661 = 6 90 73 54 43 21 71 78 35 85 55 62 64 34 46 63 88 65 39 24 14 
510-6-15 1?2.523 = 6 90 73 54 43 21 71 78 85 35 61 55 62 64 34 46 63 88 65 39 24 15 
510-8-11 1?1.724 = 8 58 68 87 31 82 48 44 49 97 33 42 76 18 40 11 
510-8-12 1?1.774 = 8 58 68 87 31 82 44 98 56 72 80 28 47 38 12 
510-8-9 1?2.044 = 8 58 68 87 97 49 31 82 44 48 57 37 98 18 42 9 
510-8-10 1?1.724 = 8 58 68 87 31 22 48 44 82 49 97 33 42 76 18 10 
510-7-12 1?2.326 = 7 30 58 68 87 31 82 48 44 98 95 56 72 80 28 47 23 16 12 
510-7-13 1?2.416 = 7 30 58 68 87 31 82 44 98 95 56 72 80 28 38 47 23 16 60 13 
510-7-14 1?2.621 = 7 30 58 68 87 31 82 44 98 72 80 28 47 23 16 60 79 66 14 
510-8-13 1?2.194 = 8 58 68 87 97 49 31 82 48 44 98 95 56 72 80 28 47 23 16 60 13 
510-8-14 1?2.434 = 8 58 68 87 31 82 44 98 56 72 80 28 38 47 23 16 60 79 66 14 
510-7-15 1?2.499 = 7 67 74 45 54 43 21 71 78 35 85 55 62 64 34 46 63 88 65 39 24 15 
510-8-15 1?2.475 = 8 58 68 87 31 82 44 48 57 59 85 35 55 62 64 34 46 63 88 39 24 15 
510-10-12 1?1.618 = 10 42 76 18 95 56 72 80 28 99 38 47 23 16 12 
510-9-11 1?1.784 = 9 33 42 76 18 95 56 72 80 28 47 38 99 92 40 11 
510-9-12 1?1.797 = 9 33 42 76 18 95 56 72 80 28 47 23 16 60 12 
510-10-11 1?1.641 = 10 42 76 18 95 56 72 80 28 47 23 38 99 92 11 
510-10-13 1?1.539 = 10 76 18 95 56 72 80 28 99 38 47 23 16 60 13 
510-9-10 1?1.989 = 9 58 68 87 31 82 44 48 57 37 98 33 42 18 76 10 
510-9-14 1?2.183 = 9 33 42 76 18 95 56 72 80 28 38 47 23 16 60 79 66 14 
510-10-14 1?2.022 = 10 18 76 42 33 98 95 56 72 80 28 47 23 16 60 79 66 14 
510-9-13 1?2.123 = 9 97 49 31 82 48 44 98 95 56 72 80 28 38 47 23 16 60 13 
510-10-15 1?2.349 = 10 18 76 42 33 98 37 53 51 89 94 75 27 63 88 65 39 24 15 
510-9-15 1?2.47 = 9 97 49 87 31 82 44 48 37 53 51 89 94 75 27 63 88 65 39 24 15 
510-12-15 1?2.029 = 12 38 47 28 72 80 26 81 75 27 63 88 65 39 24 15 
510-14-15 1?2.228 = 14 66 79 60 16 23 69 26 81 27 63 88 39 24 15 
510-13-15 1?1.992 = 13 60 16 23 47 28 80 26 81 27 63 88 39 24 15 
510-11-13 1?1.536 = 11 40 92 99 72 80 28 47 38 23 16 60 79 66 13 
510-12-13 1?1.914 = 12 16 23 47 38 99 92 56 72 80 28 69 79 66 13 
510-11-12 1?1.917 = 11 40 18 76 42 33 98 95 56 72 80 28 47 23 16 12 
510-13-14 1?1.946 = 13 60 16 23 47 38 99 92 72 80 28 69 79 66 14 
510-12-14 1?2.048 = 12 16 23 47 38 99 92 56 72 80 28 69 79 66 14 
510-11-14 1?2.295 = 11 40 18 76 42 33 98 95 56 72 28 47 23 16 60 79 66 14 
510-11-15 1?2.2 = 11 40 92 99 38 47 23 69 26 81 75 27 63 88 65 39 24 15 
stop
