start
462-0-1 1?1.685 = 0 96 77 36 94 65 78 54 34 55 18 22 79 19 67 1 
462-0-4 1?2.3 = 0 96 77 65 78 54 34 55 18 22 19 79 44 52 30 85 89 4 
462-0-7 1?2.63 = 0 96 77 36 94 70 74 41 68 86 26 75 42 29 82 45 61 49 58 92 7 
462-0-6 1?2.493 = 0 96 77 36 94 70 56 53 57 43 39 81 52 51 50 60 32 83 16 6 
462-0-2 1?1.584 = 0 96 36 77 65 78 54 34 55 18 22 79 19 67 35 2 
462-0-3 1?2.143 = 0 96 77 94 36 97 66 70 65 78 54 34 55 18 22 19 79 3 
462-0-11 1?2.158 = 0 96 77 36 66 97 46 90 63 91 47 68 86 20 33 71 25 80 84 11 
462-0-10 1?2.339 = 0 96 77 36 94 70 56 74 41 68 86 20 33 71 25 80 84 31 76 98 10 
462-0-9 1?2.501 = 0 96 77 36 94 70 74 41 68 86 26 75 17 93 31 76 98 99 59 40 9 
462-0-5 1?2.369 = 0 96 77 36 94 70 56 53 57 43 39 81 52 51 50 60 32 83 16 5 
462-0-8 1?2.61 = 0 96 77 36 94 66 97 46 90 63 47 86 26 75 42 29 82 45 61 24 8 
462-0-15 1?1.57 = 0 96 77 36 94 70 56 74 41 68 47 63 90 66 97 15 
462-0-14 1?1.711 = 0 96 77 36 94 66 97 46 90 41 74 68 47 91 48 14 
462-1-2 1?1.955 = 1 54 34 55 78 77 96 36 94 65 18 22 79 19 67 2 
462-1-3 1?2.213 = 1 54 34 55 18 22 19 79 44 43 39 52 30 85 89 3 
462-1-4 1?2.032 = 1 54 34 55 18 22 19 79 44 43 39 52 30 85 89 4 
462-0-12 1?1.938 = 0 96 77 36 94 66 97 46 90 63 47 68 86 20 33 71 25 80 84 12 
462-1-5 1?1.968 = 1 54 34 55 18 22 19 79 44 30 51 50 32 83 60 5 
462-0-13 1?1.618 = 0 96 77 36 94 70 66 97 46 90 63 47 91 48 21 13 
462-1-7 1?2.647 = 1 54 34 55 18 27 57 43 23 62 73 42 29 82 45 61 49 58 92 7 
462-1-6 1?2.487 = 1 54 34 55 18 22 19 79 44 57 43 39 52 51 50 60 32 83 16 6 
462-1-8 1?2.675 = 1 54 34 55 18 27 57 43 23 62 73 42 29 82 61 87 58 49 64 38 8 
462-2-3 1?2.287 = 2 35 67 54 34 55 18 27 57 43 39 52 30 85 89 3 
462-1-14 1?2.016 = 1 54 34 55 18 78 77 96 36 97 66 46 90 63 47 91 48 14 
462-2-4 1?2.106 = 2 35 67 54 34 55 18 27 57 43 39 52 30 85 89 4 
462-2-6 1?2.325 = 2 35 67 54 34 55 18 22 19 79 44 30 51 50 32 83 16 6 
462-1-12 1?2.161 = 1 54 34 55 18 65 77 36 94 70 74 41 68 86 20 33 71 25 80 84 12 
462-2-5 1?2.037 = 2 35 67 19 79 22 44 39 81 51 50 60 32 83 16 5 
462-1-11 1?2.318 = 1 54 34 55 18 78 77 36 94 70 74 41 68 86 20 33 71 25 80 84 11 
462-1-15 1?1.701 = 1 54 34 55 18 65 77 36 94 70 56 74 41 90 66 97 15 
462-1-10 1?2.625 = 1 54 34 55 18 65 56 74 41 68 86 20 33 71 25 80 17 93 31 76 10 
462-1-9 1?2.74 = 1 54 34 55 18 65 56 74 41 68 86 26 75 17 93 31 76 99 59 40 9 
462-1-13 1?2.103 = 1 54 34 55 18 78 77 96 36 94 66 97 46 90 63 47 91 48 21 13 
462-3-4 1?2.496 = 3 2 35 67 54 34 55 18 27 57 43 39 52 30 85 89 4 
462-2-12 1?2.276 = 2 35 67 54 34 55 18 65 70 56 74 41 68 86 20 33 71 25 80 12 
462-2-14 1?2.108 = 2 35 67 19 79 22 18 55 34 54 78 65 77 96 36 94 66 97 46 14 
462-2-7 1?2.687 = 2 35 67 54 34 55 18 22 19 79 44 39 72 69 58 49 64 38 7 
462-3-5 1?2.387 = 3 79 19 22 27 57 43 39 81 52 51 50 60 32 83 16 5 
462-2-11 1?2.404 = 2 35 67 54 34 55 18 65 56 74 41 68 86 20 33 71 25 80 84 11 
462-2-9 1?2.532 = 2 35 67 19 79 22 44 39 43 23 62 73 42 28 99 59 40 9 
462-2-10 1?2.603 = 2 35 67 19 79 22 44 39 43 23 62 73 42 29 40 59 28 99 98 10 
462-2-15 1?1.838 = 2 35 67 19 79 22 18 55 34 54 78 65 77 96 36 94 66 97 15 
462-2-8 1?2.65 = 2 35 67 54 34 55 18 22 19 79 44 43 39 72 69 58 49 64 38 8 
462-2-13 1?2.255 = 2 35 67 55 34 54 78 77 36 94 66 97 46 90 63 47 91 48 21 13 
462-3-14 1?2.326 = 3 79 19 22 18 55 34 54 78 65 77 96 36 94 70 66 97 46 14 
462-3-12 1?2.549 = 3 79 19 22 18 55 34 78 65 56 74 41 68 86 20 33 71 25 80 12 
462-3-6 1?2.715 = 3 2 35 67 54 34 55 18 22 19 79 44 30 51 50 32 83 16 6 
462-3-7 1?2.809 = 3 85 30 52 39 43 23 62 73 42 29 82 45 61 49 58 92 7 
462-4-5 1?2.504 = 4 89 85 30 52 39 43 57 53 23 72 81 51 50 60 5 
462-3-11 1?2.732 = 3 79 19 22 18 55 78 65 56 74 41 68 86 20 33 71 25 80 84 11 
462-3-9 1?2.792 = 3 89 85 30 52 39 43 23 62 73 42 28 99 76 98 59 40 9 
462-3-10 1?2.821 = 3 79 19 22 44 39 43 23 62 73 42 29 40 59 28 99 76 98 10 
462-3-15 1?2.228 = 3 2 35 67 19 79 22 18 55 34 54 78 65 77 96 36 94 66 97 15 
462-3-8 1?2.876 = 3 89 85 30 52 81 39 43 23 62 73 42 29 82 45 61 24 64 38 8 
462-3-13 1?2.484 = 3 79 19 22 18 55 34 54 78 77 96 36 97 66 90 63 48 21 13 
462-4-6 1?2.733 = 4 89 85 50 60 16 83 32 51 95 69 87 61 49 58 92 6 
462-5-6 1?2.651 = 5 16 60 83 32 50 51 30 52 81 72 69 87 61 49 58 92 6 
462-4-7 1?2.454 = 4 89 85 30 52 51 50 60 16 83 32 95 58 49 64 38 7 
462-4-14 1?2.646 = 4 89 85 44 79 19 22 18 55 34 54 78 77 96 36 94 66 97 46 14 
462-4-12 1?2.74 = 4 89 85 30 52 39 43 57 23 62 37 68 47 86 20 33 71 25 80 12 
462-4-8 1?2.351 = 4 89 85 30 50 60 16 83 32 51 95 58 49 64 38 24 8 
462-4-11 1?2.67 = 4 89 85 30 52 81 39 43 23 62 73 42 29 40 59 99 98 76 31 11 
462-4-9 1?2.611 = 4 89 85 30 52 39 43 23 62 73 42 28 99 76 98 59 40 9 
462-4-10 1?2.543 = 4 89 85 30 52 81 39 43 23 62 73 42 29 40 59 28 99 98 10 
462-4-15 1?2.376 = 4 89 85 44 79 19 22 18 55 34 54 78 77 96 36 94 66 97 15 
462-4-13 1?2.77 = 4 89 85 30 52 81 39 43 57 53 23 62 37 86 68 47 91 48 21 13 
462-5-7 1?2.373 = 5 16 60 83 32 50 51 30 52 81 72 69 87 61 49 58 92 7 
462-6-7 1?2.497 = 6 16 60 83 32 50 51 30 52 81 72 69 87 61 49 58 92 7 
462-6-8 1?2.334 = 6 16 83 32 60 50 89 85 30 52 81 95 58 49 64 38 8 
462-5-9 1?2.413 = 5 16 83 32 50 51 52 39 43 23 62 73 42 29 59 40 9 
462-5-12 1?2.485 = 5 16 83 32 50 51 52 39 43 57 53 37 86 20 33 71 25 80 84 12 
462-5-8 1?2.21 = 5 16 83 32 60 50 89 85 30 52 81 95 58 49 64 38 8 
462-5-14 1?2.674 = 5 16 83 32 60 50 51 52 81 39 43 57 53 56 74 41 68 47 91 48 14 
462-5-11 1?2.557 = 5 16 83 32 50 51 52 39 43 23 62 73 42 28 99 98 76 31 11 
462-5-10 1?2.547 = 5 16 83 32 60 50 51 81 39 43 23 62 73 42 29 40 59 98 10 
462-5-15 1?2.314 = 5 16 83 32 60 50 51 52 39 43 57 53 56 74 41 90 66 97 15 
462-5-13 1?2.82 = 5 16 83 32 60 50 51 52 39 43 57 53 37 26 75 17 33 71 80 25 21 13 
462-6-14 1?2.633 = 6 16 83 32 50 51 81 39 43 57 53 56 74 41 90 66 97 46 14 
462-7-8 1?2.204 = 7 92 58 49 61 82 42 28 59 40 29 45 24 64 38 8 
462-7-9 1?2.118 = 7 92 49 58 87 61 45 82 29 42 28 99 76 98 59 40 9 
462-7-10 1?1.998 = 7 38 64 49 58 87 61 45 82 29 40 59 28 99 76 98 10 
462-6-12 1?2.487 = 6 83 32 50 51 52 39 43 57 53 68 86 20 33 71 25 80 12 
462-6-11 1?2.465 = 6 92 58 49 64 38 24 61 45 82 29 40 59 28 99 98 76 31 11 
462-6-9 1?2.502 = 6 92 49 58 87 61 45 82 29 42 28 99 76 98 59 40 88 9 
462-6-10 1?2.376 = 6 92 58 49 64 38 24 61 45 82 29 40 59 28 99 76 98 10 
462-7-11 1?2.352 = 7 38 64 49 58 87 61 45 82 29 40 59 28 99 98 76 93 31 11 
462-6-15 1?2.504 = 6 16 83 32 60 50 51 52 39 43 57 53 56 74 41 90 46 66 97 15 
462-6-13 1?2.582 = 6 92 58 49 61 45 82 29 59 98 76 31 84 80 25 71 33 21 13 
462-8-11 1?1.783 = 8 38 64 49 58 87 61 45 82 29 40 59 98 76 31 11 
462-8-10 1?1.8 = 8 38 64 49 58 87 61 82 29 40 59 28 99 76 98 10 
462-8-9 1?1.879 = 8 38 64 49 58 87 61 45 82 29 42 28 99 59 40 9 
462-7-14 1?2.578 = 7 92 58 49 61 45 40 59 28 99 76 31 84 80 71 33 48 14 
462-8-12 1?2.142 = 8 38 64 49 58 87 61 45 82 29 40 59 28 99 98 76 31 84 12 
462-8-14 1?2.525 = 8 24 61 45 82 29 40 59 98 76 31 84 80 25 71 33 21 48 14 
462-7-12 1?2.289 = 7 92 58 49 61 45 40 59 28 99 76 31 93 17 33 71 25 80 12 
462-7-15 1?2.58 = 7 92 58 49 61 45 82 29 42 75 26 86 68 47 63 90 46 66 97 15 
462-8-15 1?2.542 = 8 38 64 49 58 87 61 82 29 42 75 26 86 68 47 63 90 66 97 15 
462-8-13 1?2.283 = 8 24 61 45 82 29 40 59 28 99 98 76 31 84 80 25 71 33 21 13 
462-7-13 1?2.501 = 7 92 58 49 61 45 40 59 28 99 76 31 93 17 33 71 80 25 21 13 
462-10-12 1?1.763 = 10 98 40 59 28 99 76 31 93 17 33 71 25 80 12 
462-9-11 1?1.918 = 9 40 59 28 99 76 31 93 17 33 71 25 80 84 11 
462-10-11 1?1.845 = 10 88 40 59 99 76 31 93 17 33 71 25 80 84 11 
462-9-10 1?2.091 = 9 24 38 64 49 58 87 61 45 82 29 40 59 28 99 98 10 
462-9-12 1?2.003 = 9 40 59 29 42 28 99 98 76 31 93 17 33 71 25 80 12 
462-10-14 1?2.236 = 10 98 99 76 31 93 17 80 25 71 33 20 86 68 47 91 48 14 
462-10-13 1?1.815 = 10 88 40 59 28 99 98 76 31 84 80 71 33 21 13 
462-9-14 1?2.355 = 9 40 59 98 76 31 93 17 80 25 71 33 20 86 47 91 48 14 
462-10-15 1?2.139 = 10 98 76 31 84 80 25 71 33 20 86 68 47 63 90 66 97 15 
462-9-13 1?2.215 = 9 40 59 29 42 28 99 98 76 31 93 17 33 71 80 25 21 13 
462-9-15 1?2.355 = 9 40 59 98 76 31 84 80 25 71 33 20 86 47 63 90 66 97 15 
462-11-12 1?1.818 = 11 31 76 98 40 59 28 93 17 33 71 25 80 84 12 
462-13-14 1?1.844 = 13 21 33 71 25 80 17 75 26 86 68 47 91 48 14 
462-11-14 1?1.993 = 11 84 80 25 71 33 20 86 68 74 41 63 47 91 48 14 
462-12-14 1?1.799 = 12 84 80 25 71 33 20 86 68 47 63 90 66 97 46 14 
462-14-15 1?1.887 = 14 46 90 63 47 86 68 41 74 56 70 94 36 66 97 15 
462-13-15 1?1.679 = 13 21 25 80 71 33 20 86 68 47 63 90 66 97 15 
462-12-15 1?1.595 = 12 84 80 25 71 33 20 86 68 47 63 90 46 66 97 15 
462-11-13 1?1.811 = 11 31 84 80 25 71 33 20 86 68 47 91 48 21 13 
462-12-13 1?1.732 = 12 84 80 25 71 33 17 75 26 86 47 91 48 21 13 
462-11-15 1?2.03 = 11 31 93 17 80 25 71 33 20 86 68 47 63 90 46 66 97 15 
stop
