start
520-0-2 1?2.154 = 0 47 36 21 60 40 61 97 88 19 18 30 22 86 85 2 
520-0-3 1?2.352 = 0 47 36 21 60 61 40 97 88 42 18 22 86 85 91 26 3 
520-0-4 1?2.736 = 0 19 18 22 86 85 91 35 34 38 56 79 23 94 78 57 45 82 4 
520-0-1 1?2.341 = 0 19 88 97 47 36 21 60 40 61 83 25 42 30 22 1 
520-0-9 1?2.487 = 0 19 88 97 40 61 83 25 50 77 54 53 20 72 58 24 46 28 81 9 
520-0-8 1?2.628 = 0 19 88 97 60 40 61 83 25 32 51 27 70 74 63 90 55 87 8 
520-0-11 1?2.25 = 0 19 42 88 97 60 40 61 83 49 93 68 64 80 31 99 16 52 29 11 
520-0-5 1?2.744 = 0 19 18 30 22 86 85 91 35 34 38 56 79 23 94 78 57 62 45 5 
520-0-6 1?2.669 = 0 19 18 22 86 85 91 35 34 38 56 79 23 94 78 57 45 62 84 71 6 
520-0-7 1?2.699 = 0 19 88 97 40 61 83 25 50 51 27 70 74 63 90 41 39 76 7 
520-0-10 1?2.333 = 0 19 88 97 40 61 83 25 50 77 96 54 53 20 72 58 24 46 28 81 10 
520-1-3 1?2.576 = 1 86 85 35 34 38 56 79 23 94 78 57 62 45 82 59 3 
520-1-4 1?2.325 = 1 22 86 85 35 34 38 56 79 23 94 78 57 45 82 4 
520-0-13 1?1.753 = 0 19 88 97 40 61 25 67 33 92 65 31 80 64 68 13 
520-1-2 1?2.354 = 1 19 88 47 36 21 60 61 40 97 42 30 22 86 85 2 
520-1-5 1?2.689 = 1 22 86 85 91 35 34 38 56 79 48 94 23 78 57 62 45 82 5 
520-0-15 1?2.046 = 0 19 88 97 60 40 61 83 25 50 67 33 49 21 36 15 
520-0-14 1?1.915 = 0 19 88 97 40 61 83 25 50 67 92 31 80 64 68 14 
520-1-8 1?2.609 = 1 22 86 85 91 35 34 38 56 79 23 94 78 57 90 63 95 55 87 8 
520-1-6 1?2.765 = 1 18 30 22 86 85 91 35 34 38 56 79 23 94 78 57 45 62 84 71 6 
520-0-12 1?1.977 = 0 19 42 88 97 60 40 61 83 49 93 68 64 80 31 99 16 52 12 
520-1-7 1?2.783 = 1 22 86 85 91 35 34 38 56 79 23 94 78 57 90 63 95 55 41 76 39 7 
520-1-15 1?2.172 = 1 86 85 91 35 34 38 56 30 42 88 97 60 21 36 47 15 
520-1-14 1?2.111 = 1 19 88 97 40 61 83 25 50 67 92 31 80 64 68 14 
520-2-5 1?2.181 = 2 85 91 26 35 34 38 56 79 23 94 78 57 62 45 82 5 
520-2-3 1?2.393 = 2 85 91 35 34 38 56 79 23 94 78 57 62 45 82 59 3 
520-2-4 1?2.272 = 2 85 86 22 35 34 38 56 79 23 94 78 57 45 82 4 
520-1-13 1?2.184 = 1 18 19 88 97 60 40 61 83 25 50 67 33 92 31 80 64 68 13 
520-1-12 1?2.212 = 1 18 42 88 97 40 61 83 25 50 67 33 92 80 31 99 16 52 12 
520-1-10 1?2.442 = 1 19 88 97 40 61 83 25 50 77 54 53 20 72 58 24 46 28 81 10 
520-2-6 1?2.504 = 2 85 91 35 34 38 56 79 23 94 78 57 90 63 55 41 89 37 71 6 
520-1-11 1?2.363 = 1 18 42 88 97 60 40 61 83 49 93 68 64 80 31 99 16 52 29 11 
520-1-9 1?2.637 = 1 22 86 85 91 35 34 38 56 79 23 94 78 57 90 63 55 87 98 9 
520-2-15 1?2.026 = 2 85 86 22 18 42 88 97 60 40 61 83 49 21 36 47 15 
520-3-5 1?2.395 = 3 26 91 35 34 38 56 79 23 94 48 66 78 57 62 45 5 
520-2-14 1?2.327 = 2 85 86 22 18 42 88 97 40 61 83 67 33 92 31 80 64 68 14 
520-3-4 1?2.457 = 3 26 91 35 34 38 56 79 48 94 23 78 57 62 45 82 4 
520-2-13 1?2.166 = 2 85 86 22 18 42 88 97 60 40 61 83 49 93 68 64 80 31 99 13 
520-2-12 1?2.219 = 2 85 86 22 18 42 88 97 40 61 49 93 68 64 80 31 99 16 52 12 
520-2-10 1?2.612 = 2 85 86 22 18 42 88 97 40 61 83 25 50 17 72 20 58 24 46 28 81 10 
520-2-11 1?2.452 = 2 85 86 22 18 42 88 97 60 49 93 68 64 80 31 99 16 52 29 11 
520-2-8 1?2.719 = 2 85 86 22 35 34 38 56 79 23 94 78 57 90 63 95 55 41 39 76 8 
520-2-7 1?2.513 = 2 85 86 35 34 38 56 79 23 94 78 57 90 63 95 55 41 39 76 7 
520-2-9 1?2.823 = 2 85 86 22 18 42 97 40 61 83 25 50 17 72 20 58 24 46 28 81 9 
520-3-15 1?2.327 = 3 26 56 38 34 35 85 86 22 18 42 88 97 40 61 60 21 36 47 15 
520-3-6 1?2.184 = 3 91 35 34 38 56 79 23 94 78 57 45 62 84 37 71 6 
520-4-5 1?2.606 = 4 59 23 94 48 66 74 63 90 78 57 62 45 82 5 
520-3-14 1?2.544 = 3 26 56 38 34 35 85 86 22 18 42 88 97 40 61 60 21 47 36 75 14 
520-3-13 1?2.447 = 3 91 35 34 38 56 79 48 66 32 51 77 17 69 65 31 80 64 68 13 
520-3-12 1?2.462 = 3 91 35 34 30 42 88 97 40 61 49 93 68 64 80 31 99 16 52 12 
520-3-10 1?2.622 = 3 91 35 34 38 56 79 48 66 27 96 54 53 20 72 58 24 46 28 81 10 
520-3-8 1?2.577 = 3 91 35 34 38 56 79 23 94 78 57 90 63 95 55 41 89 39 76 8 
520-3-11 1?2.705 = 3 91 35 34 30 42 97 40 61 49 93 68 64 80 31 99 16 52 29 11 
520-3-9 1?2.773 = 3 91 35 34 38 56 79 23 94 48 66 78 57 90 63 95 55 87 98 9 
520-3-7 1?2.462 = 3 26 91 35 34 38 56 79 23 94 78 57 90 63 95 55 41 76 39 7 
520-5-6 1?2.413 = 5 82 23 94 78 57 90 63 95 55 87 41 89 37 71 6 
520-4-6 1?2.385 = 4 59 26 91 35 34 38 56 79 94 23 78 57 45 62 84 71 6 
520-4-15 1?2.529 = 4 59 79 56 38 34 35 85 86 22 18 42 97 61 40 60 21 36 47 15 
520-4-14 1?2.668 = 4 59 23 94 48 32 51 77 17 69 65 99 31 80 64 68 93 75 14 
520-4-13 1?2.522 = 4 59 23 94 48 66 27 96 54 77 17 69 65 99 31 80 64 68 13 
520-4-12 1?2.733 = 4 59 23 94 48 66 27 96 54 77 17 69 65 92 31 80 99 16 52 12 
520-4-10 1?2.796 = 4 82 45 57 78 90 63 74 27 96 54 53 20 72 58 24 46 28 81 10 
520-4-8 1?2.871 = 4 59 26 35 34 38 56 79 23 94 78 57 90 63 55 87 41 39 76 8 
520-4-7 1?2.618 = 4 59 26 35 34 38 56 79 23 94 78 57 90 63 55 41 76 39 7 
520-4-11 1?2.815 = 4 59 23 94 78 57 90 63 74 70 27 96 54 77 17 53 20 72 58 11 
520-4-9 1?2.912 = 4 59 26 35 34 38 56 79 23 94 78 57 90 63 74 95 55 87 98 9 
520-6-8 1?2.355 = 6 71 84 62 45 23 94 78 57 90 63 95 55 41 39 76 8 
520-5-15 1?2.549 = 5 45 62 57 90 63 74 27 51 32 25 83 61 40 60 21 36 47 15 
520-6-7 1?2.285 = 6 71 84 62 45 23 94 78 57 90 63 95 55 41 76 39 7 
520-5-7 1?2.399 = 5 82 45 62 57 78 90 63 95 55 41 89 37 39 76 7 
520-5-14 1?2.629 = 5 45 57 90 63 74 70 96 54 77 17 69 65 99 31 80 64 68 14 
520-5-10 1?2.621 = 5 45 62 57 78 90 63 74 70 96 54 53 20 72 58 24 46 28 81 10 
520-5-8 1?2.693 = 5 82 45 62 57 78 23 94 48 66 74 63 90 89 39 76 8 
520-5-13 1?2.438 = 5 45 57 90 63 74 70 96 54 77 17 69 65 99 31 80 64 68 13 
520-5-12 1?2.622 = 5 45 62 57 90 63 74 70 96 54 77 17 69 65 31 80 99 16 52 12 
520-5-11 1?2.751 = 5 82 45 62 57 78 90 63 74 70 27 96 54 77 17 53 20 72 58 11 
520-5-9 1?2.772 = 5 82 45 62 57 78 23 94 48 66 74 90 63 95 55 87 98 9 
520-7-10 1?2.243 = 7 39 89 90 63 74 70 96 54 53 20 72 58 24 28 10 
520-7-8 1?2.352 = 7 76 39 89 37 84 62 45 57 78 90 63 95 55 87 8 
520-7-9 1?2.38 = 7 76 39 89 37 84 62 45 57 78 90 63 55 87 98 9 
520-6-15 1?2.501 = 6 71 37 89 90 63 74 70 27 51 32 25 83 61 40 60 21 36 47 15 
520-6-14 1?2.563 = 6 71 37 89 90 63 74 70 96 54 77 17 69 65 99 31 80 64 68 14 
520-6-10 1?2.517 = 6 71 37 89 90 63 74 70 27 96 54 53 20 72 58 24 46 28 81 10 
520-7-11 1?2.601 = 7 39 76 41 90 63 74 70 96 54 77 17 69 65 99 16 52 29 11 
520-6-13 1?2.372 = 6 71 37 89 90 63 74 70 96 54 77 17 69 65 99 31 80 64 68 13 
520-6-12 1?2.562 = 6 71 37 89 90 63 74 70 96 54 77 17 69 65 92 80 31 99 16 52 12 
520-6-9 1?2.664 = 6 71 37 89 90 63 74 70 96 54 53 20 72 58 24 46 28 81 9 
520-6-11 1?2.687 = 6 71 37 89 90 63 74 70 96 54 77 17 69 65 31 99 16 52 29 11 
520-8-10 1?2.237 = 8 87 55 90 63 74 70 96 54 53 20 72 58 24 28 10 
520-8-9 1?2.414 = 8 76 39 37 84 62 45 57 78 90 63 95 55 87 98 9 
520-8-12 1?2.308 = 8 87 55 90 63 74 70 96 54 77 17 69 65 31 99 16 52 12 
520-8-11 1?2.507 = 8 98 73 43 81 28 46 24 58 20 72 69 65 31 99 16 52 29 11 
520-7-15 1?2.616 = 7 37 89 90 63 74 70 27 96 54 77 50 25 83 61 40 60 21 36 47 15 
520-7-12 1?2.444 = 7 39 76 41 90 63 74 70 96 54 77 17 69 65 92 31 99 16 52 12 
520-7-14 1?2.545 = 7 39 76 41 90 63 74 70 96 54 77 17 69 65 31 80 64 68 93 75 14 
520-8-14 1?2.477 = 8 98 73 43 81 28 46 24 58 20 72 69 65 99 31 80 64 68 93 75 14 
520-7-13 1?2.321 = 7 39 76 41 90 63 74 70 96 54 77 17 69 65 99 31 80 64 68 13 
520-8-15 1?2.579 = 8 87 55 90 63 74 70 96 54 77 17 50 25 83 61 40 60 21 36 47 15 
520-8-13 1?2.266 = 8 98 73 43 81 28 46 24 58 20 72 17 69 65 99 31 80 64 68 13 
520-9-10 1?2.17 = 9 43 44 70 27 96 54 77 17 20 58 24 46 28 81 10 
520-10-13 1?1.548 = 10 81 28 46 24 58 20 72 69 65 99 31 80 64 68 13 
520-10-12 1?1.671 = 10 81 28 46 24 58 20 72 69 65 92 31 99 16 52 12 
520-9-12 1?1.912 = 9 81 28 46 24 58 20 72 69 65 92 31 99 16 52 12 
520-9-11 1?2.143 = 9 81 28 24 58 20 72 65 92 80 31 99 16 52 29 11 
520-10-11 1?1.902 = 10 81 28 24 58 20 72 65 92 80 31 99 16 52 29 11 
520-10-14 1?1.921 = 10 81 28 46 24 58 20 72 69 92 65 99 31 80 64 68 93 75 14 
520-10-15 1?2.072 = 10 81 28 46 24 58 72 20 53 54 77 50 25 83 61 40 60 21 36 47 15 
520-9-15 1?2.364 = 9 81 28 24 58 72 20 53 54 96 77 50 25 83 61 40 60 21 36 47 15 
520-9-13 1?2.078 = 9 81 28 46 24 58 72 20 53 54 77 17 69 65 99 31 80 64 68 13 
520-9-14 1?2.269 = 9 81 28 46 24 58 72 20 53 54 77 17 69 65 99 31 80 64 68 14 
520-13-15 1?1.459 = 13 68 64 80 31 92 33 67 83 61 40 60 21 36 47 15 
520-14-15 1?1.632 = 14 75 93 68 64 80 31 99 65 92 33 49 21 36 15 
520-13-14 1?1.516 = 13 68 64 80 31 99 65 92 69 67 33 93 49 75 14 
520-11-13 1?1.567 = 11 58 72 20 53 54 77 17 69 92 31 99 80 64 68 13 
520-12-13 1?1.6 = 12 16 52 58 20 72 17 69 92 65 99 31 80 64 68 13 
520-11-12 1?1.651 = 11 58 72 20 53 54 77 17 69 92 80 31 99 16 52 12 
520-12-15 1?1.696 = 12 52 16 65 99 31 80 64 68 93 49 61 40 60 21 36 47 15 
520-12-14 1?1.863 = 12 52 16 65 99 31 80 64 68 93 49 61 40 60 21 36 75 14 
520-11-15 1?1.981 = 11 29 52 16 99 31 80 64 68 93 49 83 61 40 97 21 36 47 15 
520-11-14 1?2.01 = 11 58 72 20 53 54 96 77 17 69 92 65 31 99 80 64 68 93 75 14 
stop
