start
919-0-3 1?2.471 = 0 91 70 42 98 33 26 72 85 55 71 86 60 92 58 66 3 
919-0-4 1?2.533 = 0 91 70 42 98 33 26 72 97 67 38 71 86 29 17 93 60 92 4 
919-0-1 1?2.425 = 0 91 70 42 98 33 26 72 85 28 83 45 31 94 79 77 1 
919-0-7 1?2.526 = 0 70 42 33 26 72 40 48 65 20 43 73 41 27 47 30 90 53 63 7 
919-0-2 1?2.553 = 0 70 42 98 26 72 40 48 16 23 97 85 28 83 45 31 2 
919-0-5 1?2.529 = 0 91 70 42 98 33 26 72 16 23 97 67 38 71 86 93 17 29 74 5 
919-0-6 1?2.68 = 0 91 70 42 98 33 26 72 16 23 97 67 38 71 86 17 29 74 6 
919-0-11 1?2.483 = 0 70 42 98 33 26 72 40 48 89 68 84 46 34 32 78 19 24 62 11 
919-0-10 1?2.7 = 0 70 42 98 26 72 40 48 65 20 43 73 41 27 99 57 96 54 80 10 
919-0-9 1?2.645 = 0 91 70 42 98 33 26 72 40 48 65 20 43 73 41 27 99 57 96 54 21 9 
919-0-8 1?2.616 = 0 70 42 33 26 72 40 48 65 20 43 73 41 27 99 57 96 82 44 61 8 
919-0-13 1?2.144 = 0 70 42 98 26 72 40 48 89 68 84 46 32 34 22 88 13 
919-0-15 1?2.446 = 0 70 42 98 26 72 40 48 89 68 46 32 34 22 18 81 15 
919-0-14 1?2.321 = 0 70 42 98 26 72 40 48 89 68 84 46 32 34 22 88 14 
919-1-3 1?2.251 = 1 77 79 28 55 71 86 29 17 93 60 92 58 66 3 
919-1-2 1?2.443 = 1 77 70 42 98 26 72 16 23 97 85 28 83 45 31 2 
919-1-4 1?2.461 = 1 77 70 42 98 33 26 72 85 55 71 86 29 74 17 93 60 4 
919-1-6 1?2.748 = 1 94 83 31 45 66 58 92 35 60 93 17 29 86 71 38 67 36 50 6 
919-1-7 1?2.541 = 1 77 70 42 98 26 72 16 65 20 43 73 41 27 47 30 90 53 63 7 
919-1-5 1?2.576 = 1 77 70 42 33 26 72 40 48 16 23 97 67 38 71 86 29 17 5 
919-1-8 1?2.641 = 1 77 70 42 33 26 72 40 48 65 20 43 73 41 27 99 57 82 44 61 8 
919-0-12 1?2.443 = 0 70 42 98 33 26 72 40 48 89 68 84 46 32 34 78 24 19 12 
919-1-15 1?2.416 = 1 77 70 42 98 33 26 72 40 48 89 68 84 87 95 15 
919-1-14 1?2.329 = 1 77 70 42 98 26 72 40 48 89 68 46 32 34 22 88 14 
919-2-5 1?1.907 = 2 31 45 66 58 92 35 52 55 71 86 93 17 29 74 5 
919-2-4 1?2.129 = 2 31 45 66 52 71 86 29 74 17 93 60 35 58 92 4 
919-2-3 1?2.195 = 2 31 45 66 52 71 86 29 74 17 93 60 35 92 58 3 
919-1-13 1?2.152 = 1 77 70 42 98 26 72 40 48 89 68 46 32 34 22 88 13 
919-1-10 1?2.76 = 1 77 70 42 98 33 26 72 97 23 73 41 47 27 99 57 96 54 21 80 10 
919-2-6 1?2.553 = 2 31 45 83 66 58 92 35 60 93 17 29 86 71 38 67 36 64 6 
919-1-11 1?2.719 = 1 77 79 42 98 33 26 72 40 48 89 68 84 46 32 34 22 78 24 62 11 
919-1-9 1?2.658 = 1 77 70 42 98 33 26 72 40 48 65 20 43 73 41 27 99 57 96 54 21 9 
919-1-12 1?2.659 = 1 77 70 42 98 33 26 72 40 48 89 68 84 46 32 34 22 78 24 19 12 
919-2-15 1?2.598 = 2 31 45 83 28 85 72 40 48 89 68 84 46 32 34 22 18 81 15 
919-3-4 1?2.089 = 3 58 35 52 55 67 38 71 86 17 29 74 5 93 60 92 4 
919-3-5 1?1.957 = 3 66 58 35 60 86 71 38 67 36 50 74 29 17 93 5 
919-2-14 1?2.661 = 2 31 45 83 28 85 97 23 16 40 48 89 68 84 46 32 34 22 88 14 
919-2-10 1?2.678 = 2 31 45 83 28 85 97 16 23 73 41 47 27 99 57 96 54 21 80 10 
919-2-7 1?2.514 = 2 31 45 83 28 85 97 23 16 65 20 43 73 41 27 47 90 53 69 7 
919-2-11 1?2.692 = 2 31 45 83 28 85 97 16 40 48 89 68 84 46 34 32 78 19 24 62 11 
919-2-8 1?2.543 = 2 31 45 83 28 85 97 23 16 65 20 43 73 41 27 99 57 96 82 44 8 
919-2-13 1?2.612 = 2 31 45 83 28 85 72 97 23 16 40 48 89 68 46 32 34 22 88 13 
919-2-9 1?2.651 = 2 31 45 83 28 85 97 23 16 65 20 43 73 41 47 27 99 57 96 54 21 9 
919-2-12 1?2.678 = 2 31 45 83 28 85 97 23 16 40 48 89 68 84 46 32 34 22 88 25 12 
919-4-5 1?2.001 = 4 92 35 60 93 17 29 86 71 38 67 49 36 64 50 74 5 
919-3-15 1?2.695 = 3 66 58 35 60 86 71 38 67 97 23 16 48 40 87 95 15 
919-3-14 1?2.709 = 3 66 58 52 55 85 72 40 48 89 68 84 46 32 34 22 88 18 14 
919-3-10 1?2.521 = 3 66 58 35 60 86 71 38 67 49 59 73 41 27 99 57 96 54 80 10 
919-3-7 1?2.265 = 3 66 58 92 35 60 93 17 29 86 71 38 67 49 59 30 90 53 69 7 
919-3-6 1?2.431 = 3 66 58 92 35 60 93 17 74 29 86 71 38 67 36 49 59 64 6 
919-3-8 1?2.316 = 3 66 58 35 60 86 71 38 67 49 59 73 41 27 99 57 96 82 44 8 
919-3-9 1?2.417 = 3 66 58 92 35 60 86 71 38 67 49 59 73 41 27 99 57 96 54 21 9 
919-3-13 1?2.57 = 3 66 58 52 55 38 67 97 23 16 40 48 84 46 32 34 22 88 13 
919-3-11 1?2.788 = 3 66 52 55 38 67 97 23 16 40 48 89 68 46 32 34 78 19 24 62 11 
919-3-12 1?2.766 = 3 66 58 35 60 86 71 38 67 97 16 40 48 89 68 46 32 34 78 25 12 
919-4-7 1?1.837 = 4 92 35 60 86 71 38 67 36 49 59 30 90 53 63 69 7 
919-5-6 1?1.985 = 5 74 29 17 86 71 38 67 36 49 59 30 90 53 69 63 6 
919-4-6 1?1.964 = 4 92 35 60 93 17 74 29 86 71 38 67 49 36 50 64 6 
919-4-14 1?2.544 = 4 92 60 86 71 38 67 97 23 16 40 48 84 46 32 34 22 18 14 
919-4-8 1?2.091 = 4 92 60 86 71 38 67 49 59 73 41 27 99 57 96 82 44 61 8 
919-4-15 1?2.675 = 4 60 86 71 38 67 97 23 16 40 48 84 46 32 34 22 18 81 15 
919-4-10 1?2.422 = 4 92 35 60 86 71 38 67 36 49 59 73 41 27 99 57 96 54 21 80 10 
919-4-9 1?2.267 = 4 92 60 93 17 74 29 86 71 38 67 49 59 73 41 27 99 57 96 9 
919-4-11 1?2.566 = 4 92 60 86 71 38 67 97 16 40 48 84 46 32 34 78 19 24 62 11 
919-4-13 1?2.482 = 4 92 35 60 86 71 38 67 97 23 16 40 48 89 68 46 32 34 22 88 13 
919-4-12 1?2.643 = 4 92 60 86 71 38 67 97 23 16 40 48 89 68 46 32 34 78 24 19 12 
919-5-8 1?1.714 = 5 74 29 17 86 71 38 67 36 49 59 30 90 61 44 8 
919-6-8 1?1.789 = 6 63 69 53 90 30 47 41 27 99 57 96 82 44 61 8 
919-6-7 1?1.903 = 6 63 53 90 30 47 41 27 99 57 96 82 44 61 69 7 
919-5-7 1?1.705 = 5 74 29 17 86 71 38 67 36 49 59 30 90 53 63 69 7 
919-5-15 1?2.605 = 5 74 29 17 86 71 38 67 97 16 40 48 84 46 32 34 22 18 81 15 
919-5-14 1?2.465 = 5 74 29 17 86 71 38 67 97 16 40 48 89 68 46 32 34 22 88 14 
919-5-10 1?2.197 = 5 74 29 17 86 71 38 67 49 59 73 41 27 99 57 96 54 21 80 10 
919-5-9 1?2.045 = 5 74 29 17 86 71 38 67 36 49 59 73 41 27 99 57 96 54 21 9 
919-5-11 1?2.432 = 5 74 29 17 86 71 38 67 97 16 48 84 46 32 34 78 24 62 11 
919-5-13 1?2.419 = 5 74 29 17 86 71 38 67 97 23 16 40 48 89 68 84 46 32 34 22 88 13 
919-5-12 1?2.416 = 5 74 29 17 86 71 38 67 97 23 16 40 48 84 46 32 34 78 19 12 
919-7-8 1?1.509 = 7 69 63 53 90 30 47 41 27 99 57 96 82 44 61 8 
919-7-9 1?2.016 = 7 63 53 90 30 59 73 41 27 47 99 57 96 54 37 80 21 9 
919-7-10 1?2.271 = 7 63 53 90 30 47 27 41 73 43 20 51 37 57 96 54 21 80 10 
919-6-9 1?2.273 = 6 74 29 17 93 86 71 38 67 36 49 59 73 41 27 99 57 96 9 
919-6-14 1?2.591 = 6 63 53 90 30 47 27 41 73 43 20 65 89 68 46 32 34 22 88 14 
919-6-15 1?2.732 = 6 63 53 90 30 47 41 73 43 20 65 89 68 46 32 34 22 18 81 15 
919-6-10 1?2.386 = 6 74 29 17 86 71 38 67 49 59 73 41 27 99 57 96 54 80 10 
919-7-11 1?2.202 = 7 69 63 53 90 30 47 41 27 99 57 96 54 21 80 75 39 62 11 
919-6-11 1?2.523 = 6 50 64 53 90 30 47 41 27 99 57 96 54 21 80 75 39 62 11 
919-6-13 1?2.603 = 6 63 53 90 30 47 27 41 73 43 20 65 76 68 89 84 46 32 34 22 88 13 
919-6-12 1?2.608 = 6 63 53 90 30 47 27 41 73 43 20 65 89 68 46 32 34 22 88 25 12 
919-8-9 1?1.649 = 8 44 61 69 63 53 90 30 47 27 99 57 96 54 21 9 
919-8-10 1?1.816 = 8 44 61 69 53 90 30 47 27 99 57 96 54 21 80 10 
919-8-14 1?2.346 = 8 44 82 96 57 99 27 41 73 43 20 65 89 68 46 32 34 22 88 14 
919-8-11 1?2.126 = 8 61 44 82 96 57 99 27 41 73 43 20 65 76 24 62 11 
919-7-15 1?2.619 = 7 69 53 90 30 47 27 41 73 43 20 65 76 89 68 32 34 22 18 81 15 
919-7-14 1?2.578 = 7 63 53 90 30 47 27 41 73 43 20 51 76 68 89 84 46 32 34 22 88 14 
919-8-15 1?2.609 = 8 44 82 96 57 99 27 41 73 43 20 65 89 68 84 46 32 34 22 18 81 15 
919-8-13 1?2.218 = 8 61 44 82 96 57 99 27 41 73 43 20 65 89 68 32 34 22 88 13 
919-8-12 1?2.266 = 8 44 82 96 57 99 27 41 73 43 20 65 89 68 46 32 34 78 25 12 
919-7-13 1?2.509 = 7 69 53 90 30 47 27 41 73 43 20 65 16 40 48 89 68 46 32 34 22 88 13 
919-7-12 1?2.402 = 7 63 53 90 30 47 27 41 73 43 20 65 89 68 46 32 34 78 24 19 12 
919-9-10 1?1.948 = 9 21 54 96 57 99 27 47 41 73 43 20 51 37 80 10 
919-10-13 1?2.164 = 10 80 37 51 43 20 65 76 68 89 84 46 32 34 22 88 13 
919-9-11 1?1.965 = 9 21 54 96 57 99 27 41 73 43 20 76 24 62 11 
919-10-11 1?2.153 = 10 80 54 96 57 99 27 41 73 43 20 76 24 62 11 
919-10-14 1?2.495 = 10 80 54 57 99 27 41 73 43 20 65 89 68 46 32 34 22 88 14 
919-10-12 1?2.14 = 10 80 54 96 57 99 27 41 73 43 20 76 24 19 12 
919-9-14 1?2.363 = 9 21 54 96 57 99 27 41 73 43 20 65 89 68 46 32 34 22 88 14 
919-10-15 1?2.626 = 10 80 21 54 96 57 99 27 41 73 43 20 65 89 68 84 87 95 15 
919-9-15 1?2.557 = 9 21 54 96 57 99 27 41 73 43 20 65 89 68 46 32 34 22 18 81 15 
919-9-13 1?2.181 = 9 21 54 96 57 99 27 41 73 43 20 76 89 68 32 34 22 88 13 
919-9-12 1?2.227 = 9 21 54 57 99 27 41 73 43 20 65 89 68 46 32 34 78 25 12 
919-11-14 1?2.321 = 11 62 24 19 78 34 32 46 68 89 48 40 87 95 81 14 
919-12-14 1?2.351 = 12 19 24 78 34 32 46 84 68 89 48 40 87 95 81 14 
919-13-14 1?2.383 = 13 88 22 34 32 46 68 89 48 40 72 26 33 95 81 14 
919-12-13 1?2.283 = 12 19 24 39 51 43 20 65 89 68 84 46 32 34 22 88 13 
919-11-13 1?2.267 = 11 62 19 24 76 51 43 20 65 89 68 32 34 22 88 13 
919-13-15 1?2.305 = 13 88 22 34 32 46 68 89 48 40 72 26 98 42 91 56 15 
919-14-15 1?2.48 = 14 18 22 34 32 46 84 48 40 72 26 98 42 70 91 56 15 
919-12-15 1?2.538 = 12 19 78 34 32 46 68 89 48 40 72 26 33 98 42 70 91 56 15 
919-11-12 1?2.344 = 11 39 51 43 20 65 48 89 68 84 46 32 34 22 88 25 12 
919-11-15 1?2.618 = 11 62 24 19 78 34 32 46 68 89 48 40 72 26 98 42 70 91 56 15 
stop
