start
887-0-3 1?2.071 = 0 58 40 54 99 97 73 29 61 62 36 80 75 22 38 48 3 
887-0-4 1?2.327 = 0 57 47 96 85 71 93 78 72 98 73 29 61 36 80 75 22 38 19 4 
887-0-6 1?2.54 = 0 58 40 54 99 97 24 98 73 29 61 36 80 22 75 20 33 95 53 43 6 
887-0-1 1?2.206 = 0 58 40 54 99 97 24 98 73 29 61 62 27 17 94 39 1 
887-0-7 1?2.595 = 0 57 47 96 85 71 79 78 72 52 55 23 26 70 68 49 50 87 88 60 7 
887-0-8 1?2.614 = 0 57 47 96 85 71 93 78 72 52 55 23 26 70 68 50 87 49 56 30 8 
887-0-5 1?2.478 = 0 57 47 96 85 71 79 78 72 98 73 29 61 80 36 22 75 20 33 5 
887-0-10 1?2.852 = 0 58 40 46 57 47 96 85 71 93 79 65 84 82 42 64 51 91 89 44 10 
887-0-2 1?2.079 = 0 58 40 54 99 62 29 61 36 80 75 22 38 31 37 2 
887-0-9 1?2.828 = 0 58 40 46 96 85 71 79 78 72 98 55 23 26 70 68 49 56 30 35 9 
887-0-11 1?2.777 = 0 58 40 46 57 47 96 85 66 93 79 71 18 77 41 82 65 84 64 51 11 
887-1-3 1?2.057 = 1 39 94 17 27 62 29 61 36 80 75 22 38 48 16 3 
887-0-13 1?1.96 = 0 58 40 46 96 85 71 79 65 84 82 42 41 77 74 13 
887-0-14 1?2.011 = 0 58 57 47 96 85 71 79 65 84 82 41 77 18 45 14 
887-0-15 1?2.258 = 0 58 57 47 96 85 71 79 65 84 82 41 77 18 45 15 
887-1-2 1?2.032 = 1 39 94 92 17 27 62 61 36 80 75 22 38 31 37 2 
887-0-12 1?2.564 = 0 58 40 46 57 47 96 85 71 93 79 65 84 82 41 42 64 51 12 
887-1-7 1?2.467 = 1 39 94 92 37 31 38 22 75 20 33 95 53 43 25 28 67 60 7 
887-1-6 1?2.361 = 1 39 94 17 92 37 31 38 22 75 20 33 95 53 28 25 43 6 
887-1-4 1?2.317 = 1 39 94 17 27 99 97 24 98 73 29 61 62 36 80 75 22 38 19 4 
887-1-5 1?2.517 = 1 39 94 17 27 99 97 24 98 73 29 61 62 36 80 22 75 20 33 86 5 
887-1-8 1?2.529 = 1 39 94 92 37 31 38 22 75 21 26 70 68 50 87 49 56 30 63 8 
887-1-15 1?2.09 = 1 39 94 17 27 99 97 24 98 72 78 93 71 85 96 57 47 15 
887-1-14 1?2.22 = 1 39 94 17 27 62 61 29 73 98 72 78 93 71 18 45 14 
887-2-3 1?2.139 = 2 37 31 17 27 62 61 36 80 75 22 38 19 48 3 
887-1-13 1?2.422 = 1 39 94 17 27 62 61 29 73 98 72 65 84 82 42 41 74 13 
887-2-4 1?1.947 = 2 37 31 92 17 27 62 36 80 75 22 38 48 19 4 
887-1-11 1?2.638 = 1 39 94 17 27 62 36 80 61 29 73 24 98 72 65 84 64 51 11 
887-1-9 1?2.745 = 1 39 94 17 92 37 31 36 80 61 62 29 23 55 59 69 32 35 9 
887-2-5 1?2.345 = 2 37 31 92 17 27 62 29 61 36 80 75 22 38 20 33 86 5 
887-2-6 1?2.397 = 2 37 31 92 17 27 62 29 61 80 22 75 20 33 95 53 43 6 
887-1-12 1?2.511 = 1 39 94 17 27 62 36 80 61 29 73 24 98 72 65 84 82 42 12 
887-1-10 1?2.76 = 1 39 94 17 92 37 31 36 80 61 29 23 55 52 83 34 89 44 10 
887-2-15 1?2.076 = 2 37 31 36 61 29 73 24 78 79 71 85 96 57 47 15 
887-3-4 1?2.009 = 3 16 31 37 92 17 27 62 61 36 80 75 22 38 19 4 
887-2-13 1?2.44 = 2 37 31 38 22 75 80 36 61 29 73 24 98 72 65 84 82 41 74 13 
887-3-5 1?2.206 = 3 16 31 37 92 17 27 62 61 80 36 22 75 20 33 86 5 
887-2-14 1?2.365 = 2 37 31 38 22 75 80 36 61 29 73 24 98 72 78 79 71 18 45 14 
887-2-9 1?2.599 = 2 37 31 38 22 75 20 33 95 53 25 28 67 50 87 49 56 30 35 9 
887-2-7 1?2.462 = 2 37 31 16 38 22 75 20 33 95 53 43 25 28 67 50 87 88 60 7 
887-2-11 1?2.732 = 2 37 31 38 22 75 80 36 61 29 73 24 98 72 65 84 82 42 64 51 11 
887-2-12 1?2.641 = 2 37 31 92 17 27 62 36 80 61 29 73 24 98 72 65 84 82 42 12 
887-2-8 1?2.546 = 2 37 31 38 22 75 20 33 95 53 43 25 28 67 60 88 50 87 49 56 30 8 
887-2-10 1?2.807 = 2 37 31 16 38 22 75 80 36 62 61 29 23 55 59 83 34 89 44 10 
887-4-5 1?2.164 = 4 19 48 38 22 75 80 36 62 61 29 21 20 33 86 5 
887-3-15 1?2.218 = 3 48 38 22 75 80 36 61 29 73 98 72 78 93 71 85 96 57 47 15 
887-3-13 1?2.42 = 3 48 38 22 75 80 36 61 29 73 24 98 72 65 84 82 41 77 74 13 
887-3-6 1?2.287 = 3 48 38 22 75 80 36 62 61 29 23 26 70 28 25 43 6 
887-3-14 1?2.384 = 3 48 38 22 75 80 36 62 61 29 73 24 98 72 78 93 79 71 18 45 14 
887-3-9 1?2.531 = 3 48 38 22 75 20 33 95 53 43 25 28 67 50 87 49 56 30 35 9 
887-3-7 1?2.477 = 3 48 38 22 75 20 33 95 53 43 25 28 67 50 87 49 56 88 60 7 
887-3-11 1?2.627 = 3 48 38 22 75 80 36 62 61 29 73 98 72 65 84 82 42 64 51 11 
887-3-8 1?2.486 = 3 48 38 22 75 20 33 95 53 43 25 28 67 60 88 50 49 56 30 63 8 
887-3-12 1?2.616 = 3 48 38 22 75 80 36 62 61 29 23 55 52 98 72 65 84 82 42 12 
887-3-10 1?2.781 = 3 48 19 20 33 95 53 43 25 28 67 88 87 50 49 56 30 35 76 10 
887-4-7 1?1.906 = 4 19 20 33 95 53 43 25 28 67 50 87 49 88 60 7 
887-4-6 1?2.021 = 4 19 20 33 81 26 70 68 50 87 88 60 67 25 43 6 
887-5-6 1?2.11 = 5 86 20 33 81 26 70 68 50 87 88 67 28 25 43 6 
887-4-15 1?2.348 = 4 19 20 22 75 80 36 61 29 73 24 98 72 78 93 71 85 96 57 47 15 
887-4-13 1?2.428 = 4 19 38 22 75 80 36 62 61 29 73 98 72 65 84 82 42 41 74 13 
887-4-8 1?1.986 = 4 19 20 33 95 53 25 28 67 60 88 87 50 49 56 30 63 8 
887-4-9 1?2.448 = 4 19 20 33 95 53 25 28 67 60 88 50 87 49 56 63 30 35 76 9 
887-4-11 1?2.612 = 4 19 38 22 75 80 36 62 61 29 73 98 72 65 84 82 42 64 51 11 
887-4-14 1?2.444 = 4 19 38 22 75 80 36 61 29 73 98 72 65 84 82 41 77 18 45 14 
887-4-10 1?2.594 = 4 19 20 33 95 53 43 25 28 67 88 87 50 49 56 30 35 76 44 10 
887-4-12 1?2.741 = 4 19 38 22 75 80 36 62 61 29 73 23 55 52 98 72 65 84 82 42 12 
887-6-7 1?1.714 = 6 43 53 95 28 25 67 60 88 87 50 49 56 30 63 7 
887-5-7 1?1.88 = 5 95 53 43 25 28 67 50 87 49 56 30 63 88 60 7 
887-6-8 1?1.496 = 6 43 53 95 28 25 67 60 88 87 50 49 56 30 63 8 
887-5-13 1?2.473 = 5 86 33 20 75 22 36 80 61 29 73 24 98 72 65 84 82 41 74 13 
887-5-15 1?2.417 = 5 33 20 22 75 80 36 61 29 73 24 98 72 78 79 71 85 96 57 47 15 
887-5-9 1?2.3 = 5 86 20 33 95 53 25 28 67 60 88 50 87 49 56 30 35 76 9 
887-5-8 1?2.055 = 5 86 20 33 95 53 25 28 67 60 88 87 50 49 56 30 63 8 
887-5-11 1?2.603 = 5 86 33 20 75 22 36 80 61 29 73 24 98 72 65 84 64 51 11 
887-5-14 1?2.464 = 5 86 33 20 75 22 36 80 61 29 73 24 98 72 78 93 79 71 18 45 14 
887-5-12 1?2.516 = 5 33 20 75 22 80 36 62 61 29 73 24 98 72 65 84 82 42 12 
887-5-10 1?2.5 = 5 86 20 33 95 53 25 28 67 60 88 87 50 49 56 30 35 76 10 
887-7-9 1?1.844 = 7 43 53 95 28 25 67 60 88 87 50 49 56 30 35 9 
887-6-9 1?1.638 = 6 43 53 95 28 25 67 60 88 87 50 49 56 30 35 9 
887-7-8 1?1.702 = 7 43 53 95 28 25 67 60 88 87 50 49 56 30 63 8 
887-6-13 1?2.623 = 6 43 53 95 33 20 75 22 36 61 29 73 98 72 65 84 82 41 74 13 
887-6-15 1?2.58 = 6 53 95 33 20 75 22 36 80 61 29 73 98 72 78 93 71 96 57 47 15 
887-7-11 1?2.628 = 7 43 53 95 28 25 67 60 88 87 50 49 56 30 35 76 44 89 91 11 
887-7-10 1?2.364 = 7 43 53 95 28 25 67 60 88 87 50 49 56 63 30 35 76 10 
887-6-11 1?2.674 = 6 43 53 25 28 67 60 88 87 50 49 56 30 35 76 44 89 91 64 51 11 
887-6-12 1?2.557 = 6 43 53 25 28 67 60 88 87 50 49 56 30 35 76 44 89 91 51 12 
887-6-10 1?2.398 = 6 43 53 95 28 25 67 60 88 87 50 49 56 63 30 90 32 44 10 
887-6-14 1?2.714 = 6 43 53 95 33 20 75 22 80 36 62 61 29 73 24 98 72 78 93 71 18 45 14 
887-8-9 1?1.96 = 8 63 88 60 67 25 28 68 50 87 49 56 30 35 76 9 
887-8-11 1?2.341 = 8 30 56 49 50 87 88 60 67 25 28 68 90 32 89 91 11 
887-7-13 1?2.496 = 7 60 88 87 50 49 68 70 26 23 55 98 72 65 84 82 41 74 13 
887-8-13 1?2.498 = 8 63 88 87 50 49 68 70 26 23 55 52 83 84 65 82 41 74 13 
887-7-15 1?2.537 = 7 60 88 87 50 49 68 70 26 23 55 52 72 78 93 79 71 85 96 57 47 15 
887-8-10 1?2.193 = 8 30 56 49 50 87 88 60 67 25 28 70 68 90 32 44 10 
887-8-15 1?2.49 = 8 30 56 49 87 50 68 70 26 23 55 52 72 78 93 71 85 96 57 47 15 
887-8-14 1?2.496 = 8 30 56 49 87 50 68 70 26 23 55 52 72 78 93 79 71 18 45 14 
887-7-14 1?2.55 = 7 60 88 87 50 49 68 70 26 23 55 52 98 24 72 78 93 71 18 45 14 
887-8-12 1?2.512 = 8 30 56 49 87 50 68 70 26 23 55 52 83 84 65 82 42 12 
887-7-12 1?2.647 = 7 60 88 87 50 49 68 70 26 23 55 52 98 24 72 65 84 82 42 12 
887-10-13 1?2.301 = 10 44 89 91 51 64 34 84 65 82 42 41 77 74 13 
887-10-11 1?2.587 = 10 44 89 34 84 65 82 41 77 74 42 64 51 91 11 
887-9-11 1?2.466 = 9 35 30 56 49 50 87 88 60 67 68 90 32 44 89 91 11 
887-9-13 1?2.541 = 9 35 30 56 49 87 50 68 70 26 59 83 84 65 41 74 13 
887-10-12 1?2.616 = 10 44 89 91 51 64 34 84 65 82 42 41 77 74 12 
887-9-10 1?2.303 = 9 35 30 56 49 50 87 88 67 25 28 68 90 32 44 10 
887-10-15 1?2.734 = 10 44 89 34 84 65 82 42 41 77 45 18 79 93 71 85 96 57 47 15 
887-10-14 1?2.81 = 10 44 89 34 83 52 55 23 29 73 24 98 72 78 93 79 71 18 45 14 
887-9-15 1?2.717 = 9 35 30 56 49 87 50 68 70 26 23 55 52 72 78 93 71 96 57 47 15 
887-9-12 1?2.669 = 9 76 35 30 56 49 87 50 68 70 26 59 83 84 65 82 42 12 
887-9-14 1?2.65 = 9 35 30 56 49 87 50 68 70 26 23 55 52 72 78 93 71 18 45 14 
887-12-13 1?2.264 = 12 51 64 42 82 84 65 78 93 71 79 41 77 74 13 
887-11-13 1?2.333 = 11 51 64 42 41 82 84 65 79 93 71 18 77 74 13 
887-14-15 1?1.904 = 14 45 18 77 41 42 82 84 65 79 71 85 96 57 47 15 
887-13-15 1?1.966 = 13 74 41 42 82 84 65 72 78 79 71 85 96 57 47 15 
887-12-15 1?2.288 = 12 51 64 42 41 82 84 65 78 93 79 71 85 96 57 47 15 
887-13-14 1?2.151 = 13 74 77 41 82 84 65 79 71 93 66 85 96 18 45 14 
887-12-14 1?2.461 = 12 51 64 42 82 65 84 83 52 72 78 93 79 71 18 45 14 
887-11-14 1?2.433 = 11 51 64 42 82 84 65 79 71 93 66 85 96 57 47 45 14 
887-11-12 1?2.534 = 11 51 64 42 82 84 65 78 93 71 79 77 41 74 12 
887-11-15 1?2.689 = 11 51 64 42 82 84 65 41 77 18 71 79 93 66 46 85 96 57 47 15 
stop
