start
928-0-4 1?1.911 = 0 72 77 71 23 95 47 50 89 64 79 17 59 68 35 90 81 4 
928-0-1 1?2.038 = 0 72 77 71 85 23 47 95 82 83 60 89 50 24 1 
928-0-5 1?2.175 = 0 72 77 71 85 24 23 95 47 50 89 64 79 17 59 35 90 68 5 
928-0-6 1?2.31 = 0 72 77 71 85 23 95 47 89 63 16 66 20 97 57 56 70 51 96 6 
928-0-11 1?2.49 = 0 72 77 71 23 47 95 60 82 83 88 44 46 43 25 76 40 62 11 
928-0-10 1?2.499 = 0 72 77 84 69 83 88 44 46 43 25 28 42 31 48 22 73 29 36 94 74 10 
928-0-3 1?1.971 = 0 72 77 71 85 23 95 47 89 63 64 79 17 59 45 3 
928-0-9 1?2.556 = 0 72 77 71 23 47 95 82 83 88 46 43 25 28 42 31 48 94 36 73 29 9 
928-0-8 1?2.547 = 0 72 77 71 23 95 47 89 63 16 66 20 97 57 56 70 75 19 55 37 8 
928-0-2 1?1.802 = 0 72 77 84 69 83 82 60 95 47 50 23 85 24 21 2 
928-0-7 1?2.363 = 0 72 77 71 23 95 47 50 89 63 16 66 97 57 56 70 75 19 55 7 
928-1-4 1?1.653 = 1 24 85 23 95 47 50 89 64 79 17 59 35 90 81 4 
928-0-13 1?2.205 = 0 72 77 84 69 83 88 44 46 43 76 40 41 26 86 13 
928-1-3 1?2.105 = 1 85 23 95 47 50 89 63 64 79 17 59 35 90 81 4 3 
928-0-15 1?1.885 = 0 72 77 71 85 23 47 95 60 82 83 69 39 30 53 15 
928-0-14 1?1.977 = 0 72 77 71 85 23 47 95 60 82 83 69 39 18 78 14 
928-1-5 1?2.039 = 1 24 85 23 95 47 50 89 64 79 17 59 35 90 68 54 34 5 
928-1-2 1?2.064 = 1 71 77 84 69 83 82 60 95 47 23 85 24 50 21 2 
928-0-12 1?2.335 = 0 72 77 71 23 47 95 82 83 88 44 46 43 25 76 40 93 12 
928-1-6 1?2.098 = 1 24 85 23 95 47 89 63 16 66 20 97 57 56 70 51 96 6 
928-1-7 1?2.237 = 1 85 23 95 47 89 63 16 66 20 97 57 56 70 75 19 55 37 7 
928-1-8 1?2.419 = 1 85 23 95 47 50 89 63 16 66 20 97 57 56 70 75 19 55 37 8 
928-1-12 1?2.252 = 1 24 85 23 95 47 60 82 83 88 44 46 43 25 76 40 93 12 
928-2-4 1?1.719 = 2 21 24 23 95 47 50 89 64 79 17 59 35 90 81 4 
928-2-5 1?1.894 = 2 21 24 23 95 47 89 63 64 17 59 35 90 68 5 
928-1-13 1?2.369 = 1 24 85 23 47 95 82 83 88 44 46 43 76 40 93 26 86 13 
928-2-3 1?1.927 = 2 21 24 85 23 95 47 50 89 63 64 79 17 59 45 3 
928-1-11 1?2.522 = 1 24 85 23 47 95 60 82 83 88 44 46 43 25 28 42 31 74 33 11 
928-2-6 1?2.006 = 2 21 24 85 23 95 47 89 63 16 66 97 70 51 96 6 
928-1-10 1?2.45 = 1 85 23 47 95 82 83 88 46 43 25 28 42 31 48 22 73 29 36 94 10 
928-1-14 1?2.126 = 1 21 24 85 23 50 47 95 60 82 83 69 39 18 78 14 
928-1-15 1?1.952 = 1 24 85 23 50 47 95 60 82 83 39 18 78 30 53 15 
928-1-9 1?2.428 = 1 85 23 47 95 60 82 83 88 44 46 43 25 28 42 31 48 22 73 29 9 
928-3-4 1?1.991 = 3 45 79 64 63 16 66 97 57 20 17 59 35 90 81 4 
928-3-5 1?2.026 = 3 45 59 17 79 64 63 16 66 20 57 70 56 54 34 5 
928-2-12 1?2.529 = 2 21 24 85 23 95 47 89 60 82 83 88 44 46 43 25 76 40 93 12 
928-2-13 1?2.452 = 2 21 24 85 23 47 95 82 83 88 44 46 43 76 40 93 26 86 13 
928-2-11 1?2.67 = 2 21 24 85 23 47 95 60 82 83 88 44 46 43 25 28 42 31 48 74 33 11 
928-2-10 1?2.578 = 2 21 24 85 23 47 95 82 83 88 46 43 25 28 42 31 48 22 73 29 36 94 10 
928-2-15 1?1.891 = 2 21 24 85 23 47 95 60 82 83 39 18 78 30 53 15 
928-2-7 1?2.188 = 2 21 24 85 23 95 47 89 63 16 66 20 57 56 70 75 19 55 7 
928-2-14 1?2.525 = 2 21 24 85 23 95 47 50 89 64 63 67 60 82 83 39 18 78 14 
928-2-9 1?2.471 = 2 21 24 85 23 47 95 82 83 88 46 43 25 28 42 31 48 94 36 73 29 9 
928-2-8 1?2.458 = 2 21 24 85 23 95 47 89 63 16 20 97 57 56 70 75 19 55 37 8 
928-4-5 1?1.804 = 4 81 90 35 59 17 79 64 16 66 20 57 56 54 34 5 
928-3-12 1?2.672 = 3 45 79 64 63 16 66 20 57 97 58 91 27 32 46 43 76 40 93 12 
928-3-13 1?2.755 = 3 21 24 85 23 47 95 82 83 88 44 46 43 76 40 93 26 86 13 
928-3-6 1?2.013 = 3 45 59 17 79 64 63 16 66 20 57 56 70 51 96 6 
928-3-11 1?2.708 = 3 21 24 85 23 47 95 60 82 83 88 44 46 43 25 76 40 62 11 
928-3-10 1?2.543 = 3 45 79 64 63 16 66 20 57 97 58 61 38 49 52 73 29 36 94 10 
928-3-7 1?2.079 = 3 45 79 64 63 16 66 20 97 57 56 70 75 19 55 37 7 
928-3-8 1?2.374 = 3 45 59 17 79 64 63 16 66 20 97 57 56 70 75 19 55 37 8 
928-3-9 1?2.575 = 3 45 79 64 63 16 66 97 57 56 70 58 91 61 38 49 52 73 29 9 
928-3-14 1?2.682 = 3 45 79 64 63 89 50 47 95 23 85 71 77 72 53 30 78 18 14 
928-3-15 1?2.399 = 3 45 59 17 79 64 63 89 50 47 95 23 85 71 77 84 30 53 15 
928-4-6 1?1.805 = 4 81 90 35 59 17 79 64 16 66 20 57 70 51 96 6 
928-5-6 1?2.026 = 5 34 54 56 57 20 97 70 75 19 37 55 92 96 6 
928-4-13 1?2.574 = 4 81 90 35 59 17 20 97 58 91 27 32 25 43 76 40 93 26 86 13 
928-4-11 1?2.502 = 4 81 90 35 59 17 20 57 56 70 97 58 91 27 32 25 43 76 62 11 
928-4-12 1?2.45 = 4 81 90 35 59 17 20 56 57 97 58 91 27 32 25 43 76 40 93 12 
928-4-7 1?1.865 = 4 90 35 68 59 17 20 97 57 56 70 75 19 55 37 7 
928-4-10 1?2.323 = 4 81 90 35 59 17 20 57 97 58 91 61 38 49 52 73 29 36 94 10 
928-4-8 1?2.145 = 4 81 90 35 59 17 79 64 63 16 66 20 57 70 75 19 55 37 8 
928-4-9 1?2.245 = 4 81 90 35 59 17 20 57 56 70 97 58 61 38 49 52 73 29 9 
928-4-15 1?2.123 = 4 81 90 35 59 17 79 64 89 47 95 23 85 71 77 84 30 53 15 
928-4-14 1?2.361 = 4 81 90 35 68 59 17 79 64 63 89 60 82 83 69 39 18 78 14 
928-6-8 1?2.072 = 6 96 51 70 56 57 97 58 91 61 38 49 52 80 98 8 
928-5-8 1?2.087 = 5 68 90 35 59 17 20 97 57 56 70 75 19 55 37 8 
928-5-10 1?2.264 = 5 34 54 56 70 57 97 58 91 61 38 49 52 73 29 36 94 74 10 
928-6-7 1?2.06 = 6 96 51 56 20 16 66 97 57 70 75 37 19 92 7 
928-5-13 1?2.576 = 5 34 54 56 70 57 97 58 91 27 32 25 43 46 76 40 93 26 86 13 
928-5-12 1?2.715 = 5 34 54 20 16 66 97 57 56 70 58 91 27 32 46 25 43 76 40 93 12 
928-5-11 1?2.48 = 5 34 54 56 70 57 97 58 91 61 38 49 52 73 29 36 94 74 33 11 
928-5-7 1?1.99 = 5 68 90 35 59 17 20 97 57 56 70 75 19 55 37 7 
928-5-9 1?2.208 = 5 34 54 56 70 57 97 58 91 61 38 49 52 22 73 36 29 9 
928-5-15 1?2.411 = 5 68 90 35 59 17 79 64 89 50 47 95 23 85 71 77 84 30 53 15 
928-5-14 1?2.657 = 5 34 54 68 90 35 59 17 79 64 63 89 60 82 83 69 39 18 78 14 
928-7-10 1?1.811 = 7 37 55 19 75 87 61 38 49 52 22 73 29 36 94 10 
928-7-8 1?2.036 = 7 55 19 75 70 56 57 97 58 91 61 38 49 80 98 8 
928-7-9 1?1.839 = 7 37 55 19 75 87 61 38 49 52 73 22 94 36 29 9 
928-6-12 1?2.316 = 6 96 51 70 56 57 20 97 58 91 27 32 25 43 76 40 93 12 
928-6-13 1?2.451 = 6 96 51 70 56 57 97 58 91 27 32 25 43 76 40 93 26 86 13 
928-7-11 1?2.257 = 7 37 98 80 49 52 73 29 36 94 48 31 42 28 25 43 76 62 11 
928-6-11 1?2.424 = 6 92 19 55 37 98 80 49 52 22 48 31 42 28 25 43 76 62 11 
928-6-10 1?2.251 = 6 96 51 70 56 57 97 58 91 61 38 49 52 73 29 36 94 74 10 
928-6-9 1?2.203 = 6 96 51 70 56 57 20 97 58 91 61 38 49 52 73 36 29 9 
928-6-14 1?2.543 = 6 96 51 70 56 57 97 66 16 63 67 60 82 83 69 39 18 78 14 
928-6-15 1?2.506 = 6 96 51 70 56 57 20 66 16 63 89 47 95 23 85 71 77 72 53 15 
928-8-10 1?1.908 = 8 37 55 19 75 87 61 38 49 52 22 73 29 36 94 10 
928-8-9 1?1.936 = 8 37 55 19 75 87 61 38 49 52 73 22 94 36 29 9 
928-7-12 1?2.177 = 7 55 19 37 98 80 49 22 48 31 42 28 25 43 76 40 93 12 
928-8-12 1?1.99 = 8 98 80 49 52 73 29 36 94 22 48 31 42 28 25 43 76 40 93 12 
928-7-13 1?2.456 = 7 37 98 80 52 73 29 36 94 48 31 42 28 25 43 76 40 93 26 86 13 
928-8-11 1?2.061 = 8 98 80 49 52 73 29 36 94 22 48 31 42 28 25 43 76 40 62 11 
928-8-13 1?2.24 = 8 98 80 49 52 73 29 36 94 22 48 31 42 28 25 43 76 40 41 26 86 13 
928-7-14 1?2.553 = 7 55 19 75 70 56 57 97 20 66 16 67 60 82 83 39 18 78 14 
928-7-15 1?2.483 = 7 37 55 19 75 70 56 57 97 66 16 67 60 82 83 39 30 53 15 
928-8-15 1?2.5 = 8 98 80 52 73 36 94 48 31 42 28 25 43 46 44 65 18 78 30 53 15 
928-8-14 1?2.582 = 8 98 80 49 52 73 29 36 94 22 48 31 42 28 25 43 76 46 44 41 65 14 
928-10-12 1?1.563 = 10 94 36 29 73 22 48 31 42 28 25 43 76 40 93 12 
928-9-10 1?1.811 = 9 29 73 36 94 48 31 42 28 25 43 76 40 62 33 74 10 
928-9-12 1?1.552 = 9 29 73 36 94 22 48 31 42 28 25 43 76 40 93 12 
928-10-11 1?1.634 = 10 94 36 29 73 22 48 31 42 28 25 43 76 40 62 11 
928-9-11 1?1.623 = 9 29 73 36 94 22 48 31 42 28 25 43 76 40 62 11 
928-10-13 1?1.936 = 10 94 36 29 73 22 48 31 42 28 25 43 46 76 40 93 26 86 13 
928-9-13 1?2.184 = 9 80 49 52 73 29 36 94 22 48 31 42 28 25 43 76 40 93 26 86 13 
928-10-14 1?2.263 = 10 74 94 36 29 73 52 22 48 31 42 28 25 43 76 46 44 65 14 
928-10-15 1?2.287 = 10 94 36 29 73 22 48 31 42 28 25 43 46 44 65 18 78 30 53 15 
928-9-14 1?2.541 = 9 29 73 36 94 22 48 31 42 28 25 43 46 44 76 40 93 26 86 65 14 
928-9-15 1?2.482 = 9 29 36 73 52 22 48 31 42 28 25 43 76 46 44 65 18 78 30 53 15 
928-11-12 1?1.797 = 11 33 74 94 36 22 48 31 42 28 25 43 76 40 93 12 
928-11-13 1?1.977 = 11 33 74 94 22 48 31 42 28 25 43 76 40 93 26 86 13 
928-12-13 1?2.366 = 12 11 33 74 94 22 48 31 42 28 25 43 76 40 93 26 86 13 
928-12-14 1?2.364 = 12 93 40 76 25 43 46 44 88 83 82 69 39 18 78 14 
928-14-15 1?2.161 = 14 78 18 39 69 82 60 95 47 23 85 71 77 72 53 15 
928-11-14 1?2.17 = 11 33 74 94 36 73 22 48 31 42 28 25 43 46 44 65 14 
928-13-14 1?2.393 = 13 86 26 93 40 76 25 43 46 44 88 83 39 18 78 14 
928-13-15 1?2.151 = 13 86 26 41 40 76 25 43 46 44 65 18 78 30 53 15 
928-12-15 1?2.169 = 12 93 40 76 28 25 43 46 44 41 65 18 78 30 53 15 
928-11-15 1?2.488 = 11 33 74 94 36 29 73 22 48 31 42 28 25 43 46 44 65 18 78 15 
stop
