start
363-0-3 1?1.835 = 0 18 27 90 37 87 34 24 80 42 75 69 58 74 60 3 
363-0-1 1?1.934 = 0 70 79 71 63 73 42 75 80 24 87 90 27 37 1 
363-0-6 1?2.603 = 0 18 27 90 37 87 34 24 80 42 73 58 69 75 60 74 82 29 56 6 
363-0-7 1?2.686 = 0 83 70 79 71 63 54 73 42 75 69 58 99 72 86 55 48 65 7 
363-0-8 1?2.737 = 0 70 83 77 33 44 57 16 66 67 41 85 39 88 45 89 36 52 93 30 8 
363-0-9 1?2.627 = 0 70 83 77 33 44 57 16 66 67 41 85 39 88 46 31 30 93 89 52 9 
363-0-2 1?1.955 = 0 83 70 79 71 63 54 73 42 69 75 80 24 34 2 
363-0-10 1?2.567 = 0 70 83 77 33 44 57 16 28 66 67 41 85 53 68 61 96 59 21 35 40 10 
363-0-5 1?2.271 = 0 18 27 90 37 87 34 24 80 75 42 73 58 69 74 60 49 50 5 
363-0-4 1?1.796 = 0 70 79 71 63 54 73 42 75 69 58 74 60 49 4 
363-0-11 1?2.537 = 0 70 77 33 44 16 57 98 81 19 26 20 22 64 76 32 47 43 11 
363-1-3 1?1.512 = 1 37 27 90 87 24 80 75 42 73 69 58 74 60 3 
363-1-2 1?1.702 = 1 27 90 37 87 34 24 80 42 75 69 58 74 60 51 2 
363-0-15 1?2.093 = 0 18 95 71 79 70 77 33 44 16 57 98 81 19 78 94 15 
363-0-14 1?2.028 = 0 18 95 71 79 70 83 77 33 44 57 98 81 19 26 20 14 
363-1-4 1?1.514 = 1 37 90 87 34 24 80 75 42 73 69 58 74 49 4 
363-0-12 1?2.238 = 0 70 83 77 33 44 16 57 98 81 19 26 20 22 64 76 32 25 12 
363-0-13 1?2.229 = 0 70 83 77 33 44 16 57 98 81 19 26 20 22 64 76 32 62 13 
363-1-5 1?1.992 = 1 37 90 87 34 24 80 54 63 73 42 75 69 58 74 49 50 5 
363-1-7 1?2.426 = 1 37 27 90 87 34 24 80 75 42 73 54 63 91 99 72 86 55 84 7 
363-1-8 1?2.455 = 1 37 27 90 87 34 24 80 42 75 69 58 99 72 86 55 48 65 23 8 
363-1-6 1?2.32 = 1 27 37 90 87 24 34 80 54 63 73 42 75 60 74 69 58 82 29 56 6 
363-2-3 1?1.553 = 2 34 24 80 54 63 73 42 75 69 58 74 60 51 3 
363-1-15 1?1.71 = 1 37 90 27 18 70 83 77 33 44 57 16 98 81 78 94 15 
363-2-4 1?1.483 = 2 34 24 80 54 63 73 42 75 69 58 74 60 49 4 
363-1-11 1?2.421 = 1 37 90 27 18 70 83 77 33 44 57 16 28 53 68 61 96 59 21 35 11 
363-2-5 1?1.777 = 2 34 24 80 54 63 73 42 75 69 58 74 60 49 50 5 
363-1-13 1?2.04 = 1 37 87 90 27 18 70 83 77 33 44 98 81 19 26 20 22 64 13 
363-1-9 1?2.501 = 1 27 90 87 34 24 80 75 42 73 63 91 99 72 39 88 45 89 52 9 
363-2-6 1?2.174 = 2 34 24 80 54 63 91 73 42 75 60 74 69 58 82 29 56 6 
363-1-12 1?2.279 = 1 37 90 27 18 70 83 77 33 44 16 57 98 81 19 26 22 64 62 25 12 
363-1-14 1?1.706 = 1 37 90 27 18 70 83 77 33 44 57 98 81 19 26 20 14 
363-1-10 1?2.407 = 1 37 90 27 18 70 83 77 33 44 57 16 28 53 68 61 96 59 21 35 40 10 
363-2-15 1?1.814 = 2 87 90 27 18 70 83 77 33 44 16 57 98 81 78 94 15 
363-3-4 1?1.596 = 3 51 34 24 80 54 63 73 42 75 69 58 74 49 4 
363-3-5 1?1.862 = 3 51 34 24 80 54 73 42 75 69 58 74 60 49 50 5 
363-2-11 1?2.548 = 2 34 24 80 75 42 73 54 63 91 67 41 85 53 68 61 96 59 21 35 11 
363-2-13 1?2.164 = 2 87 37 90 27 18 70 83 77 33 44 16 57 98 81 19 26 22 64 13 
363-2-12 1?2.383 = 2 87 90 27 18 70 83 77 33 44 16 57 98 81 19 26 22 64 62 25 12 
363-2-7 1?2.332 = 2 34 24 80 54 63 73 42 75 69 58 99 72 86 55 48 65 7 
363-2-9 1?2.52 = 2 34 24 80 75 42 73 54 63 91 99 72 86 39 88 46 31 30 93 52 9 
363-2-14 1?2.008 = 2 87 90 27 18 95 71 79 70 83 77 33 44 57 98 81 19 26 20 14 
363-2-10 1?2.468 = 2 34 24 80 75 42 73 54 63 91 41 85 53 68 61 96 59 21 35 40 10 
363-2-8 1?2.571 = 2 34 24 80 54 63 73 42 75 60 74 69 58 99 72 86 55 48 65 23 8 
363-3-15 1?2.039 = 3 51 60 74 58 69 75 42 73 54 63 71 79 70 83 77 78 94 15 
363-4-5 1?2.046 = 4 49 60 74 69 75 42 73 54 63 91 58 82 50 5 
363-3-6 1?2.06 = 3 51 34 24 80 54 63 73 42 75 74 69 58 82 29 56 6 
363-3-7 1?2.141 = 3 60 74 58 69 75 42 73 54 63 91 99 72 86 55 84 7 
363-3-9 1?2.371 = 3 60 74 58 69 75 42 73 54 63 91 99 72 86 39 88 45 89 52 9 
363-3-11 1?2.563 = 3 60 74 58 69 75 42 73 54 63 91 67 41 85 53 61 96 59 21 35 11 
363-3-13 1?2.287 = 3 60 74 58 69 75 42 73 63 71 79 33 44 98 81 19 26 22 13 
363-3-12 1?2.515 = 3 60 74 58 69 75 42 73 63 71 79 70 83 77 33 44 57 16 32 25 12 
363-3-14 1?2.084 = 3 60 74 58 69 75 42 73 63 71 79 70 83 77 81 19 26 20 14 
363-3-8 1?2.316 = 3 60 74 58 69 75 42 73 54 63 91 99 72 86 55 48 65 23 8 
363-3-10 1?2.39 = 3 60 74 58 69 75 42 73 54 63 91 41 85 53 68 61 96 59 40 10 
363-4-6 1?2.033 = 4 49 60 74 58 69 75 42 73 91 99 72 86 55 56 6 
363-4-7 1?2.071 = 4 49 60 74 58 69 75 42 73 91 99 72 86 55 84 7 
363-5-6 1?2.271 = 5 50 82 58 69 75 42 73 63 91 99 72 86 55 56 6 
363-4-15 1?2.165 = 4 49 74 58 69 75 42 73 54 63 71 79 70 83 77 81 19 78 94 15 
363-4-11 1?2.416 = 4 49 60 74 58 69 75 42 73 54 63 91 41 85 53 61 96 38 11 
363-4-9 1?2.326 = 4 49 60 74 58 69 75 42 73 63 91 99 72 39 88 45 89 52 9 
363-4-8 1?2.191 = 4 49 74 58 69 75 42 73 91 99 72 86 55 48 65 23 8 
363-4-12 1?2.425 = 4 49 60 74 58 69 75 42 73 63 71 79 33 44 57 16 32 25 12 
363-4-13 1?2.318 = 4 49 60 74 58 69 75 42 73 63 71 79 70 83 77 81 19 26 22 13 
363-4-10 1?2.359 = 4 49 74 58 69 75 42 73 91 41 85 53 68 61 96 59 21 35 40 10 
363-4-14 1?2.153 = 4 49 74 58 69 75 42 73 54 63 71 79 70 83 77 81 19 26 20 14 
363-5-15 1?2.263 = 5 50 49 60 74 58 69 75 42 73 54 63 71 79 70 83 77 78 94 15 
363-5-7 1?2.309 = 5 50 82 58 69 75 42 73 63 91 99 72 86 55 84 7 
363-5-9 1?2.463 = 5 50 82 58 69 75 42 73 91 99 72 86 39 88 45 89 52 9 
363-6-7 1?2.389 = 6 56 55 39 88 45 89 36 52 93 30 31 46 17 65 7 
363-5-11 1?2.576 = 5 50 49 60 74 58 69 75 42 73 91 41 85 53 68 61 96 38 11 
363-6-8 1?2.341 = 6 56 55 39 88 45 89 36 52 93 30 31 46 17 23 8 
363-5-12 1?2.639 = 5 50 82 58 69 75 42 73 54 63 71 79 33 44 16 32 25 12 
363-5-8 1?2.408 = 5 50 82 58 69 75 42 73 91 99 72 86 55 48 65 23 8 
363-5-13 1?2.514 = 5 50 82 58 69 75 42 73 63 71 79 33 44 98 81 19 26 22 13 
363-5-10 1?2.553 = 5 50 82 58 69 75 42 73 91 41 85 53 68 61 96 59 21 35 10 
363-5-14 1?2.311 = 5 50 82 58 69 75 42 73 63 71 79 70 83 77 81 19 26 20 14 
363-7-9 1?2.272 = 7 65 23 8 30 93 31 46 17 48 39 88 45 89 52 9 
363-6-9 1?2.58 = 6 56 29 82 58 69 75 42 73 91 99 72 39 88 45 89 52 9 
363-6-15 1?2.55 = 6 56 29 82 58 69 75 42 73 54 63 71 79 70 83 77 81 19 78 94 15 
363-7-8 1?2.388 = 7 65 17 48 39 88 46 31 30 93 52 89 45 36 9 8 
363-6-11 1?2.731 = 6 56 84 65 17 46 31 30 93 52 89 36 40 35 21 59 61 96 38 11 
363-7-11 1?2.404 = 7 65 23 17 46 31 30 93 52 89 36 40 35 21 59 61 96 38 11 
363-7-10 1?2.192 = 7 65 17 46 31 30 93 52 36 89 45 61 96 59 21 35 40 10 
363-6-12 1?2.643 = 6 84 65 17 46 31 30 93 52 89 36 40 35 21 59 38 43 25 12 
363-6-13 1?2.648 = 6 56 29 82 58 69 75 42 73 63 71 79 70 83 77 81 19 26 22 13 
363-6-10 1?2.552 = 6 56 55 48 39 88 46 31 30 93 52 89 36 40 59 21 35 10 
363-6-14 1?2.513 = 6 56 29 82 58 69 75 42 73 63 71 79 33 44 98 81 19 26 20 14 
363-8-9 1?2.092 = 8 30 93 31 46 17 23 65 48 39 88 45 89 52 9 
363-7-15 1?2.708 = 7 65 23 17 46 88 39 85 41 67 92 16 57 44 33 98 81 19 78 94 15 
363-8-15 1?2.59 = 8 30 93 52 89 45 88 39 85 41 67 66 16 57 44 98 81 19 78 94 15 
363-8-10 1?2.008 = 8 23 17 46 31 30 93 45 89 52 36 59 40 21 35 10 
363-8-11 1?2.415 = 8 23 17 46 31 30 93 52 36 89 45 61 96 59 40 35 21 38 11 
363-8-12 1?2.279 = 8 23 17 46 31 30 93 52 89 36 40 35 21 59 38 43 25 12 
363-7-12 1?2.405 = 7 65 17 46 31 30 93 52 89 36 40 35 21 59 38 43 47 25 12 
363-8-13 1?2.424 = 8 31 30 93 52 89 36 40 35 21 59 61 96 43 47 32 76 64 13 
363-7-13 1?2.52 = 7 65 17 46 31 30 93 52 89 36 40 35 21 38 43 47 32 76 64 13 
363-7-14 1?2.581 = 7 65 17 46 88 39 85 41 67 92 33 44 16 57 98 81 19 26 20 14 
363-8-14 1?2.503 = 8 31 30 93 52 89 36 40 35 21 59 38 43 47 32 76 64 22 20 14 
363-10-11 1?2.195 = 10 36 89 52 93 30 31 46 88 39 53 68 61 96 38 11 
363-9-11 1?1.963 = 9 52 93 30 31 45 89 36 40 35 21 59 61 96 38 11 
363-10-12 1?2.231 = 10 40 35 21 59 96 61 68 53 85 41 67 66 28 97 43 12 
363-10-13 1?2.06 = 10 40 35 21 59 38 96 61 53 68 97 43 47 32 76 64 13 
363-9-12 1?1.928 = 9 52 89 36 40 35 21 59 38 43 47 32 76 62 25 12 
363-9-15 1?2.446 = 9 52 93 30 31 46 88 39 85 41 67 66 16 57 44 98 81 19 78 94 15 
363-9-10 1?1.99 = 9 52 93 30 31 46 17 39 88 45 89 36 40 35 10 
363-10-15 1?2.392 = 10 40 35 21 59 96 61 68 53 85 41 67 92 16 57 44 98 81 19 78 94 15 
363-9-13 1?2.256 = 9 52 93 30 31 45 89 36 40 35 21 59 38 43 47 32 76 64 13 
363-10-14 1?2.233 = 10 40 35 21 59 96 61 68 53 28 16 57 44 33 98 81 19 26 20 14 
363-9-14 1?2.355 = 9 52 36 89 45 88 39 85 41 67 66 16 57 44 98 81 19 26 20 14 
363-12-15 1?2.043 = 12 25 32 76 64 22 26 19 81 98 44 33 77 78 94 15 
363-13-15 1?1.85 = 13 64 22 20 26 19 81 98 16 57 44 33 77 78 94 15 
363-14-15 1?2.121 = 14 20 22 64 76 32 26 19 81 98 44 33 77 78 94 15 
363-11-13 1?2.195 = 11 21 35 40 59 38 96 61 53 68 97 43 47 32 76 64 13 
363-12-13 1?2.218 = 12 25 32 16 57 44 33 98 81 19 26 20 22 76 64 13 
363-11-12 1?2.321 = 11 35 21 59 96 61 68 53 85 41 67 66 28 97 43 25 12 
363-11-15 1?2.329 = 11 21 35 40 59 38 43 47 32 76 64 22 20 26 19 81 78 94 15 
363-13-14 1?2.08 = 13 64 22 20 26 19 81 98 16 57 44 33 77 78 94 14 
363-12-14 1?2.256 = 12 25 62 64 22 20 26 19 81 98 44 33 77 78 94 14 
363-11-14 1?2.312 = 11 21 35 40 59 96 61 97 28 16 57 44 33 98 81 19 26 20 14 
stop
