start
486-0-2 1?2.42 = 0 32 56 18 50 99 92 90 87 72 36 53 17 49 96 95 2 
486-0-3 1?2.336 = 0 32 99 92 50 18 56 34 70 26 96 49 17 69 74 41 3 
486-0-11 1?2.305 = 0 32 99 92 90 87 72 58 46 42 67 52 23 59 62 54 21 63 44 11 
486-0-5 1?2.29 = 0 32 56 18 50 90 87 72 36 53 79 84 81 27 93 65 68 43 5 
486-0-1 1?1.986 = 0 24 32 99 92 90 50 18 56 49 96 26 70 34 1 
486-0-6 1?2.362 = 0 32 99 92 90 87 72 36 53 79 81 40 66 76 38 28 37 77 31 78 6 
486-0-9 1?2.502 = 0 32 56 18 50 90 72 87 67 52 23 59 62 54 21 88 39 35 48 85 9 
486-0-8 1?2.515 = 0 32 99 92 90 72 87 67 52 23 59 54 21 88 45 86 47 73 33 25 8 
486-0-4 1?2.371 = 0 32 56 18 50 90 87 72 36 53 79 84 81 27 71 51 64 4 
486-0-7 1?2.501 = 0 32 56 18 50 90 87 72 36 53 79 84 81 40 66 76 38 28 37 77 31 7 
486-0-10 1?2.542 = 0 32 56 18 50 90 87 72 58 42 67 52 23 59 62 54 21 88 39 20 10 
486-0-14 1?2.106 = 0 32 56 34 70 26 96 49 18 50 99 24 83 98 61 14 
486-1-2 1?2.055 = 1 34 56 18 50 90 87 72 36 53 69 17 49 96 95 2 
486-0-12 1?2.111 = 0 32 56 18 50 90 72 87 67 52 23 59 54 21 63 16 12 
486-0-13 1?2.181 = 0 32 56 18 50 90 72 87 67 52 23 59 62 54 21 75 13 
486-1-3 1?2.131 = 1 26 70 34 56 32 99 92 50 18 49 96 74 41 3 
486-1-5 1?2.147 = 1 34 56 18 50 90 87 72 36 53 79 81 27 93 65 68 43 5 
486-0-15 1?1.973 = 0 32 56 34 70 26 96 49 18 50 90 92 99 24 15 
486-1-6 1?2.244 = 1 70 26 96 49 17 69 53 79 84 81 40 66 76 38 28 37 77 31 78 6 
486-1-4 1?2.12 = 1 70 26 96 49 17 69 53 79 84 40 81 27 71 51 64 4 
486-1-8 1?2.448 = 1 70 26 96 49 17 69 79 84 81 40 66 76 38 28 37 60 73 33 25 82 8 
486-1-7 1?2.383 = 1 34 56 18 50 90 87 72 58 42 46 19 57 76 38 28 37 77 31 7 
486-1-14 1?1.915 = 1 34 70 26 96 49 18 50 56 32 99 24 83 98 61 14 
486-1-15 1?1.875 = 1 34 70 26 96 49 56 18 50 90 92 99 32 24 15 
486-2-5 1?2.067 = 2 95 96 49 17 69 53 79 84 40 81 27 93 65 68 43 5 
486-1-13 1?2.21 = 1 70 34 56 18 50 90 72 87 67 52 23 59 62 54 21 75 13 
486-2-3 1?2.304 = 2 95 96 49 18 50 56 32 99 92 90 17 69 74 41 3 
486-2-6 1?2.272 = 2 95 96 49 17 69 53 79 84 81 40 66 76 38 28 37 77 31 78 6 
486-2-4 1?2.243 = 2 95 96 49 18 50 90 36 53 79 81 27 71 51 64 4 
486-1-9 1?2.378 = 1 34 56 18 50 90 72 87 67 52 23 59 21 54 62 88 39 35 48 9 
486-1-10 1?2.549 = 1 34 56 18 50 90 87 72 58 46 42 67 52 23 62 59 54 21 88 39 20 10 
486-1-12 1?2.204 = 1 70 26 96 49 18 50 90 72 87 67 52 23 59 54 21 63 44 22 12 
486-1-11 1?2.417 = 1 70 26 96 49 18 50 90 87 72 58 42 67 52 23 59 62 54 21 63 44 11 
486-3-5 1?1.953 = 3 41 64 51 71 27 76 38 28 37 80 91 93 68 43 5 
486-2-15 1?2.561 = 2 95 96 49 18 50 90 72 58 46 42 52 67 87 92 99 24 15 
486-2-13 1?2.47 = 2 95 96 49 18 50 90 87 72 58 67 52 23 59 54 21 75 30 13 
486-2-8 1?2.432 = 2 95 96 49 17 69 79 84 40 66 76 38 28 37 60 73 33 25 82 8 
486-3-4 1?2.234 = 3 41 64 51 71 27 76 38 28 37 80 91 93 68 65 4 
486-2-7 1?2.342 = 2 95 96 49 17 69 79 81 40 84 19 57 76 38 28 37 77 31 7 
486-2-9 1?2.486 = 2 95 96 49 18 50 90 87 67 52 23 59 21 54 62 88 39 35 48 9 
486-2-14 1?2.538 = 2 95 96 49 18 50 90 72 87 67 52 23 59 62 54 21 75 30 61 14 
486-2-10 1?2.453 = 2 95 96 49 18 50 90 72 87 67 52 23 59 21 54 62 88 39 20 10 
486-2-11 1?2.455 = 2 95 96 49 18 50 90 72 87 67 52 23 59 62 54 21 63 44 16 22 11 
486-2-12 1?2.371 = 2 95 96 49 18 50 90 72 87 67 52 23 59 62 54 21 63 44 16 22 12 
486-4-5 1?1.858 = 4 64 51 71 27 76 38 28 37 80 91 93 65 68 43 5 
486-3-13 1?2.539 = 3 41 71 27 81 79 84 19 46 42 58 67 52 23 59 54 21 75 13 
486-3-14 1?2.563 = 3 41 64 51 71 27 81 40 84 19 46 42 58 67 52 55 97 98 61 14 
486-3-8 1?2.411 = 3 41 64 51 71 27 81 79 84 40 66 57 38 28 37 60 73 33 25 8 
486-3-15 1?2.634 = 3 41 64 51 71 27 81 84 19 46 42 58 72 87 90 92 99 24 15 
486-3-6 1?2.425 = 3 41 64 51 71 27 66 76 38 28 37 80 91 93 65 68 94 78 6 
486-3-7 1?2.363 = 3 41 64 51 71 27 81 79 84 40 66 57 76 38 28 37 80 77 31 7 
486-3-9 1?2.616 = 3 41 64 51 93 65 68 91 80 37 28 38 76 57 29 86 35 48 9 
486-3-10 1?2.676 = 3 41 64 51 71 27 81 84 19 46 42 58 67 52 23 59 62 88 39 20 10 
486-3-12 1?2.499 = 3 41 71 27 81 84 19 46 42 58 67 52 23 59 62 54 21 63 44 22 12 
486-3-11 1?2.582 = 3 41 64 51 71 27 81 79 84 19 46 42 67 52 23 59 62 54 21 63 44 11 
486-4-6 1?2.124 = 4 51 71 27 76 38 28 37 80 91 93 65 68 43 94 6 
486-5-6 1?1.78 = 5 43 68 65 93 91 80 28 76 57 38 37 77 31 78 6 
486-4-7 1?2.231 = 4 51 71 27 40 81 79 84 19 57 76 38 28 37 80 77 31 7 
486-4-8 1?2.288 = 4 64 51 93 65 68 94 91 80 76 38 28 37 60 73 33 25 82 8 
486-4-13 1?2.523 = 4 51 71 27 81 79 84 19 46 42 58 67 52 23 59 54 21 75 30 13 
486-4-14 1?2.594 = 4 51 71 27 81 84 19 46 42 58 67 52 23 59 62 54 21 75 30 14 
486-4-9 1?2.543 = 4 65 68 93 91 80 37 28 38 76 66 57 29 45 39 35 48 85 9 
486-4-15 1?2.556 = 4 51 71 27 40 81 79 84 19 46 42 58 72 87 90 92 99 24 15 
486-4-10 1?2.592 = 4 51 71 27 40 84 19 46 42 58 67 52 23 59 21 54 62 88 39 20 10 
486-4-12 1?2.496 = 4 51 71 27 81 79 84 19 46 42 58 67 52 23 59 62 54 21 63 44 16 12 
486-4-11 1?2.536 = 4 64 51 71 27 81 79 84 19 46 42 58 67 52 23 59 62 54 21 63 44 11 
486-5-8 1?1.639 = 5 43 68 65 93 91 80 28 38 37 60 73 33 25 82 8 
486-6-8 1?1.81 = 6 78 77 37 28 38 76 57 29 47 73 33 25 82 8 
486-5-7 1?1.881 = 5 43 68 65 93 27 81 79 84 40 66 76 28 37 77 7 
486-6-7 1?1.965 = 6 94 68 65 93 91 80 28 76 57 38 37 77 31 7 
486-5-9 1?2.121 = 5 43 68 65 93 91 80 37 28 38 76 57 29 45 35 48 85 9 
486-5-13 1?2.388 = 5 43 68 65 93 27 81 40 84 19 46 42 67 52 23 59 62 54 21 75 13 
486-5-10 1?2.225 = 5 43 68 65 93 91 80 37 28 38 76 66 57 29 89 45 39 20 10 
486-5-15 1?2.437 = 5 43 68 65 93 27 81 84 19 46 42 58 72 87 90 92 99 24 15 
486-5-14 1?2.496 = 5 43 68 93 91 80 37 28 38 76 57 19 46 42 58 67 55 97 98 61 14 
486-5-12 1?2.333 = 5 43 68 65 93 27 81 84 19 46 42 67 52 23 59 62 54 21 63 44 22 12 
486-5-11 1?2.347 = 5 43 68 65 93 27 81 79 84 19 46 42 67 52 23 59 54 21 63 44 11 
486-7-8 1?1.782 = 7 31 77 37 28 38 76 57 29 86 47 73 33 25 8 
486-7-9 1?2.099 = 7 31 77 37 28 38 76 57 29 86 47 73 33 25 82 9 
486-6-9 1?2.054 = 6 78 31 77 37 28 38 76 57 29 89 45 39 35 48 9 
486-7-10 1?2.178 = 7 31 77 37 28 38 76 66 57 29 89 45 35 48 20 10 
486-6-10 1?2.316 = 6 78 31 77 37 28 38 76 66 57 29 89 45 39 35 48 20 10 
486-6-13 1?2.368 = 6 78 31 77 37 28 38 76 57 19 46 42 67 52 23 59 54 21 75 13 
486-7-11 1?2.236 = 7 31 77 37 28 38 76 57 19 46 23 59 62 54 21 63 44 11 
486-6-11 1?2.27 = 6 78 77 37 28 38 76 57 19 46 42 67 52 59 54 21 63 44 11 
486-6-15 1?2.501 = 6 78 31 77 37 28 38 76 57 19 46 42 58 72 87 90 92 99 24 15 
486-6-12 1?2.282 = 6 78 77 37 28 38 76 57 19 46 42 67 52 23 59 54 21 63 16 12 
486-6-14 1?2.514 = 6 78 31 77 37 28 38 76 66 40 81 84 19 46 42 58 67 55 97 98 61 14 
486-8-9 1?2.057 = 8 82 25 33 60 37 28 38 76 57 29 86 35 48 9 
486-8-10 1?2.084 = 8 82 25 33 73 47 86 45 89 88 39 35 48 85 20 10 
486-8-13 1?2.389 = 8 25 33 73 47 29 46 42 58 67 52 23 59 62 54 21 75 30 13 
486-7-13 1?2.326 = 7 31 77 37 28 38 76 57 19 46 42 52 23 59 62 54 21 75 13 
486-8-11 1?2.124 = 8 82 25 33 73 47 86 45 39 88 62 23 59 54 21 63 44 11 
486-7-14 1?2.396 = 7 31 77 37 28 38 76 57 19 46 42 58 72 87 55 97 98 61 14 
486-8-14 1?2.448 = 8 25 33 73 47 86 45 39 88 21 54 62 59 23 52 67 55 97 98 61 14 
486-8-12 1?2.141 = 8 82 25 33 73 47 86 45 39 88 62 23 59 54 21 63 44 22 12 
486-7-12 1?2.256 = 7 31 77 37 28 38 76 57 19 46 42 52 23 59 54 21 63 16 12 
486-8-15 1?2.617 = 8 25 33 73 47 86 45 88 21 54 62 59 23 52 67 87 90 92 99 24 15 
486-7-15 1?2.633 = 7 31 77 37 28 38 76 57 66 40 81 84 79 53 36 72 87 90 92 99 24 15 
486-10-13 1?2.281 = 10 20 35 39 88 21 54 62 59 23 52 67 55 97 30 13 
486-9-10 1?2.318 = 9 48 35 45 89 46 42 67 52 59 62 54 21 88 39 20 10 
486-9-11 1?2.199 = 9 48 35 39 45 89 46 42 52 23 59 62 54 21 63 44 11 
486-10-14 1?2.338 = 10 20 35 45 39 88 21 54 62 59 23 52 67 55 97 98 61 14 
486-9-13 1?2.394 = 9 82 25 33 73 47 86 35 39 88 62 59 54 21 75 30 13 
486-9-14 1?2.316 = 9 85 48 35 39 88 21 54 62 59 23 52 67 55 97 83 98 61 14 
486-10-11 1?2.223 = 10 20 39 45 89 46 58 67 52 23 62 59 54 21 63 44 11 
486-10-12 1?2.057 = 10 20 48 35 39 88 62 23 59 54 21 63 44 16 22 12 
486-10-15 1?2.463 = 10 20 39 45 88 21 54 59 23 52 67 87 72 90 92 99 24 15 
486-9-12 1?2.155 = 9 85 48 35 45 39 88 62 59 54 21 75 63 44 22 12 
486-9-15 1?2.559 = 9 48 35 45 39 88 21 54 62 59 23 52 67 87 72 90 92 99 24 15 
486-11-14 1?2.07 = 11 22 44 63 21 54 62 59 23 52 67 55 97 83 98 61 14 
486-13-14 1?2.155 = 13 75 21 54 62 59 23 52 67 72 87 55 97 98 61 14 
486-12-14 1?1.986 = 12 22 44 63 21 54 62 59 23 52 67 55 97 83 98 61 14 
486-13-15 1?2.199 = 13 75 21 54 62 59 23 52 67 87 72 90 92 99 24 15 
486-14-15 1?2.24 = 14 61 98 83 92 50 18 49 96 26 70 34 32 99 24 15 
486-12-15 1?2.117 = 12 16 63 21 54 62 59 23 52 67 87 72 90 92 24 15 
486-11-13 1?2.256 = 11 44 63 21 54 62 59 23 52 42 46 58 67 55 97 30 13 
486-12-13 1?2.174 = 12 16 63 21 54 62 59 23 52 67 72 87 55 97 30 13 
486-11-12 1?2.334 = 11 44 63 21 54 62 59 23 52 67 72 87 55 75 16 12 
486-11-15 1?2.357 = 11 44 63 21 54 62 59 23 52 67 42 46 58 72 90 92 99 24 15 
stop
