start
854-0-2 1?1.695 = 0 19 35 46 32 82 42 51 34 81 40 77 92 36 2 
854-0-1 1?1.769 = 0 19 35 46 82 42 51 34 81 40 77 92 99 88 74 1 
854-0-4 1?2.237 = 0 19 35 46 42 51 34 81 40 77 92 36 41 60 90 50 64 4 
854-0-3 1?2.063 = 0 19 35 46 32 55 82 42 51 28 34 81 40 77 92 36 3 
854-0-11 1?2.316 = 0 19 35 46 32 55 45 93 25 24 53 80 65 67 56 48 98 59 23 11 
854-0-10 1?2.394 = 0 19 35 46 82 53 80 65 67 56 48 43 21 95 38 78 94 52 10 
854-0-6 1?2.559 = 0 19 35 46 82 42 51 28 75 18 96 76 58 49 57 84 69 63 30 6 
854-0-7 1?2.482 = 0 19 35 46 42 51 34 81 28 75 18 96 76 58 49 57 69 63 30 7 
854-0-5 1?2.344 = 0 19 35 46 42 51 28 75 18 76 58 49 57 83 33 44 26 5 
854-0-9 1?2.617 = 0 19 35 46 32 82 42 51 28 75 18 79 85 17 91 87 72 27 54 9 
854-0-8 1?2.528 = 0 19 35 46 32 82 42 51 28 75 18 76 58 49 39 70 61 16 89 8 
854-0-12 1?2.097 = 0 19 35 46 51 42 82 53 80 65 67 48 56 66 68 12 
854-0-13 1?1.757 = 0 19 35 46 32 55 82 53 80 65 67 56 48 66 68 13 
854-1-2 1?1.78 = 1 74 88 19 35 46 42 51 28 34 81 40 77 92 36 2 
854-0-14 1?1.829 = 0 19 35 46 32 55 25 24 53 80 65 67 56 48 66 14 
854-1-3 1?1.892 = 1 74 88 19 35 46 42 51 34 81 40 77 92 36 41 3 
854-0-15 1?1.777 = 0 19 35 31 81 34 51 42 46 32 55 25 45 93 47 15 
854-1-4 1?2.027 = 1 74 88 35 31 34 81 40 77 92 36 41 60 90 50 4 
854-1-6 1?2.469 = 1 99 92 77 40 81 34 28 75 18 96 76 58 49 57 84 69 63 30 6 
854-1-5 1?2.297 = 1 99 92 77 40 81 34 28 75 18 96 76 58 83 33 44 26 5 
854-1-7 1?2.364 = 1 74 88 99 92 77 40 81 34 28 75 18 96 58 49 57 69 63 30 7 
854-1-8 1?2.456 = 1 74 88 99 92 77 40 81 34 28 75 18 96 76 58 49 39 70 16 89 8 
854-1-15 1?1.726 = 1 74 88 99 92 77 40 81 34 51 42 82 24 25 93 15 
854-1-13 1?2.02 = 1 74 88 35 46 32 55 45 93 25 24 53 80 65 67 56 48 66 68 13 
854-2-3 1?2.167 = 2 36 92 77 40 31 46 32 82 42 51 34 81 60 41 3 
854-1-10 1?2.439 = 1 74 88 35 46 82 53 80 65 67 56 48 43 21 95 38 78 94 52 10 
854-2-4 1?2.174 = 2 36 92 77 40 81 34 28 79 75 18 96 76 33 64 4 
854-2-5 1?2.071 = 2 36 92 77 40 81 34 28 75 18 96 76 33 44 26 5 
854-2-6 1?2.34 = 2 36 92 77 40 81 34 28 75 18 96 76 58 49 57 69 63 30 6 
854-1-14 1?2.044 = 1 74 88 99 92 77 40 81 34 28 51 42 82 24 25 45 93 47 14 
854-1-12 1?2.309 = 1 74 88 99 92 77 40 81 34 51 42 82 53 65 67 56 48 98 12 
854-1-11 1?2.468 = 1 74 88 99 92 77 40 81 34 51 42 82 53 80 65 67 56 48 98 59 23 11 
854-1-9 1?2.599 = 1 74 88 99 92 77 40 81 34 28 75 18 79 85 17 91 72 87 27 54 9 
854-2-15 1?1.655 = 2 36 92 77 40 81 34 51 42 46 32 55 25 45 93 15 
854-2-13 1?2.109 = 2 36 92 77 40 81 34 28 51 42 82 53 80 65 67 56 48 66 68 13 
854-3-4 1?2.336 = 3 41 36 92 77 40 81 34 28 75 18 96 76 33 64 4 
854-3-5 1?2.244 = 3 36 92 77 40 81 34 28 75 18 96 76 33 44 26 5 
854-2-10 1?2.408 = 2 36 92 77 40 81 34 28 75 18 96 17 91 87 27 72 29 52 10 
854-2-14 1?2.229 = 2 36 41 92 77 40 81 34 28 51 42 82 46 32 55 25 45 93 47 14 
854-2-11 1?2.438 = 2 36 92 77 40 81 34 51 42 82 53 80 65 67 56 66 48 98 59 23 11 
854-2-8 1?2.383 = 2 36 92 77 40 81 34 28 75 18 96 76 58 49 39 70 61 16 89 8 
854-2-9 1?2.416 = 2 36 92 77 40 81 34 28 75 18 79 85 17 91 87 72 27 54 9 
854-2-12 1?2.451 = 2 36 92 77 40 81 34 28 51 42 82 53 80 65 67 66 56 48 98 12 
854-2-7 1?2.349 = 2 36 92 77 40 81 34 28 75 18 96 76 58 49 57 84 69 63 30 7 
854-3-6 1?2.288 = 3 36 92 77 40 81 34 28 75 18 96 76 58 57 84 6 
854-3-15 1?2.123 = 3 41 36 92 77 40 81 34 28 51 42 46 32 55 25 45 93 47 15 
854-4-5 1?2.328 = 4 64 33 44 83 57 49 39 70 16 61 63 69 84 26 5 
854-3-13 1?2.41 = 3 36 92 77 40 81 34 28 51 42 82 24 53 80 65 67 56 48 66 68 13 
854-3-10 1?2.602 = 3 36 92 77 40 81 34 28 97 85 17 91 87 27 72 29 94 52 71 10 
854-3-11 1?2.562 = 3 41 36 92 77 40 81 34 51 42 82 53 80 65 67 56 48 98 59 23 11 
854-3-14 1?2.282 = 3 36 92 77 40 81 34 28 51 42 82 53 80 65 67 56 48 66 14 
854-3-8 1?2.483 = 3 36 92 77 40 81 34 28 75 18 96 76 58 49 39 70 16 89 8 
854-3-7 1?2.458 = 3 41 36 92 77 40 81 34 28 75 18 96 58 49 57 69 63 30 7 
854-3-12 1?2.563 = 3 41 36 92 77 40 81 34 51 42 82 53 80 65 67 66 56 48 98 12 
854-3-9 1?2.665 = 3 36 92 77 40 81 34 28 97 85 17 91 87 72 27 37 22 73 9 
854-5-6 1?2.108 = 5 26 44 33 83 57 49 39 37 70 16 61 63 30 6 
854-4-6 1?2.247 = 4 64 26 44 33 83 84 57 49 39 70 16 61 63 30 6 
854-4-15 1?2.28 = 4 50 90 60 41 36 92 77 40 81 34 51 42 82 24 25 45 93 15 
854-4-7 1?2.026 = 4 64 50 33 44 83 84 69 63 30 61 70 16 89 7 
854-4-13 1?2.558 = 4 50 90 60 41 36 92 77 40 81 34 51 42 82 53 65 67 56 66 68 13 
854-4-10 1?2.618 = 4 64 33 44 83 57 49 39 87 27 72 20 86 43 21 95 38 78 71 10 
854-4-8 1?2.542 = 4 64 26 44 33 83 84 57 49 39 87 72 27 37 70 16 89 8 
854-4-14 1?2.492 = 4 64 50 41 36 92 77 40 81 34 28 51 42 82 24 25 45 93 47 14 
854-4-11 1?2.565 = 4 64 33 44 83 57 49 39 87 27 72 20 86 78 38 43 21 95 59 23 11 
854-4-12 1?2.588 = 4 64 33 44 83 57 49 39 87 27 72 91 20 86 78 38 21 95 98 12 
854-4-9 1?2.703 = 4 64 26 44 33 83 57 49 39 69 63 30 61 16 70 37 22 73 9 
854-6-8 1?2.144 = 6 30 63 69 84 57 49 39 37 70 61 16 22 73 8 
854-5-8 1?1.994 = 5 26 44 33 83 84 69 63 30 61 70 16 22 73 8 
854-5-13 1?2.498 = 5 26 44 33 76 96 18 75 28 51 42 82 53 80 65 67 56 66 68 13 
854-6-7 1?2.219 = 6 26 44 33 83 57 49 39 37 70 16 61 63 30 7 
854-5-7 1?2.022 = 5 26 44 33 83 57 49 39 69 30 61 70 16 89 7 
854-5-15 1?2.496 = 5 26 44 33 83 57 58 76 96 18 75 28 51 42 46 32 55 25 45 93 15 
854-5-10 1?2.529 = 5 26 44 33 83 57 49 39 87 27 72 20 86 43 21 95 38 78 71 10 
854-5-11 1?2.476 = 5 26 44 33 83 57 49 39 87 27 72 20 86 78 38 43 21 95 59 23 11 
854-5-14 1?2.551 = 5 26 44 33 83 58 96 18 75 28 51 42 46 32 55 25 45 93 47 14 
854-5-9 1?2.553 = 5 26 44 33 83 57 49 39 87 72 27 37 70 61 16 22 73 9 
854-5-12 1?2.499 = 5 26 44 33 83 57 49 39 87 27 72 91 20 86 78 38 21 95 98 12 
854-7-10 1?1.947 = 7 89 16 70 37 27 72 87 91 20 86 94 52 71 10 
854-6-13 1?2.486 = 6 84 57 58 76 18 75 28 51 42 82 53 80 65 67 56 66 68 13 
854-7-8 1?2.063 = 7 30 63 69 84 57 49 39 37 70 61 16 22 73 8 
854-7-9 1?2.035 = 7 89 16 61 70 37 27 72 87 91 20 86 94 52 9 
854-6-9 1?2.16 = 6 30 63 69 84 57 49 39 37 70 61 16 22 73 9 
854-7-11 1?2.093 = 7 89 16 61 70 37 27 87 72 86 78 38 43 21 95 59 23 11 
854-6-15 1?2.501 = 6 30 63 69 57 49 58 76 96 18 75 28 51 42 46 32 55 25 45 93 15 
854-6-10 1?2.442 = 6 30 61 70 37 27 72 87 91 20 43 21 95 38 78 94 52 71 10 
854-6-11 1?2.311 = 6 30 61 70 37 27 72 87 91 20 86 78 38 43 21 95 59 23 11 
854-6-14 1?2.508 = 6 84 57 49 58 76 96 18 75 28 51 42 46 32 55 25 45 93 47 14 
854-6-12 1?2.409 = 6 30 63 61 16 70 37 27 72 87 91 20 86 78 38 21 95 98 12 
854-8-10 1?1.933 = 8 89 16 61 70 37 87 27 72 20 86 94 52 71 10 
854-8-11 1?1.881 = 8 22 37 27 87 72 86 78 43 21 95 98 59 23 11 
854-8-13 1?2.375 = 8 22 37 27 72 87 91 20 86 78 38 95 21 43 48 56 66 68 13 
854-8-9 1?2.062 = 8 89 16 61 70 37 87 27 72 91 20 86 94 52 9 
854-7-13 1?2.453 = 7 61 70 37 27 72 87 91 20 86 78 38 95 21 48 56 66 68 13 
854-7-15 1?2.42 = 7 30 63 69 57 49 58 76 96 18 75 28 51 42 46 32 55 25 45 93 15 
854-8-15 1?2.43 = 8 89 16 61 70 39 49 58 76 18 75 28 51 42 82 24 25 45 93 15 
854-8-14 1?2.463 = 8 89 16 61 70 37 27 72 87 91 20 43 21 95 48 56 66 14 
854-8-12 1?2.14 = 8 89 16 70 37 27 72 87 91 20 86 78 38 43 21 95 98 12 
854-7-14 1?2.495 = 7 89 16 61 70 37 27 87 72 86 78 38 95 21 43 48 56 66 14 
854-7-12 1?2.303 = 7 89 16 61 70 37 27 72 87 91 20 86 78 38 43 21 95 59 98 12 
854-9-13 1?2.129 = 9 54 27 87 72 86 78 38 95 21 43 48 56 66 68 13 
854-10-13 1?2.138 = 10 52 29 27 87 72 86 78 38 95 21 48 56 66 68 13 
854-9-10 1?2.034 = 9 54 27 72 87 91 20 86 43 21 95 38 78 94 52 10 
854-10-11 1?1.895 = 10 52 94 29 72 27 87 91 20 43 21 95 98 59 23 11 
854-9-11 1?1.884 = 9 54 27 72 87 91 20 86 78 38 43 21 95 59 23 11 
854-10-12 1?1.908 = 10 71 52 94 29 27 87 72 86 78 38 43 21 95 98 12 
854-9-12 1?1.937 = 9 54 27 72 87 91 20 86 78 38 43 21 95 59 98 12 
854-10-15 1?2.228 = 10 52 94 78 38 95 21 43 48 56 66 67 65 53 24 25 45 93 15 
854-9-15 1?2.365 = 9 52 94 78 38 95 21 43 48 56 66 67 65 80 53 24 25 45 93 15 
854-10-14 1?2.236 = 10 71 78 38 95 21 43 48 56 67 65 80 53 24 25 45 93 47 14 
854-9-14 1?2.424 = 9 52 94 78 38 95 21 43 48 56 67 65 80 53 24 25 45 93 47 14 
854-13-15 1?1.689 = 13 68 66 56 48 67 65 80 53 82 24 25 45 93 47 15 
854-11-13 1?2.115 = 11 23 59 98 95 21 43 78 86 20 62 48 56 66 68 13 
854-12-13 1?2.103 = 12 98 59 95 21 43 38 78 86 20 62 48 56 66 68 13 
854-14-15 1?1.77 = 14 66 56 48 67 65 80 53 82 46 32 55 25 45 93 15 
854-12-15 1?1.953 = 12 98 95 21 43 48 56 66 67 65 53 24 25 45 93 15 
854-13-14 1?1.826 = 13 68 66 56 48 67 65 80 53 82 32 55 25 93 47 14 
854-11-12 1?1.962 = 11 23 59 38 78 86 72 27 87 91 20 43 21 95 98 12 
854-12-14 1?2.058 = 12 98 95 21 43 48 56 67 65 80 53 24 25 45 93 47 14 
854-11-15 1?2.098 = 11 23 59 98 95 21 43 48 56 67 65 80 53 24 25 45 93 47 15 
854-11-14 1?2.125 = 11 23 59 98 95 21 43 48 56 67 65 53 24 25 45 93 47 14 
stop
