start
787-0-2 1?1.717 = 0 87 82 91 68 92 52 47 66 55 18 45 70 96 2 
787-0-1 1?1.972 = 0 87 82 91 68 92 52 47 66 55 18 45 70 89 1 
787-0-3 1?1.83 = 0 64 48 58 36 91 68 92 52 47 66 55 18 45 23 41 3 
787-0-9 1?2.625 = 0 87 82 91 68 92 52 47 66 55 18 46 93 94 21 62 76 59 85 98 9 
787-0-8 1?2.399 = 0 64 48 58 36 91 68 92 52 47 66 55 46 93 94 21 62 76 59 8 
787-0-4 1?1.862 = 0 87 82 91 68 92 52 47 66 55 18 45 23 40 31 63 73 4 
787-0-10 1?2.59 = 0 64 48 58 71 60 19 57 80 67 43 74 78 72 16 77 95 42 37 25 10 
787-0-5 1?2.028 = 0 87 82 36 91 68 92 52 47 66 55 18 45 23 40 31 81 39 56 97 5 
787-0-11 1?2.366 = 0 64 48 58 71 60 19 57 80 67 43 74 78 72 16 77 95 42 37 11 
787-0-6 1?2.193 = 0 87 82 36 91 68 92 52 47 66 55 18 45 23 40 31 81 39 84 34 6 
787-0-7 1?2.353 = 0 64 48 36 91 68 92 52 47 66 55 46 93 94 21 62 76 38 24 7 
787-1-2 1?1.841 = 1 87 82 91 68 92 52 47 66 55 18 45 70 96 2 
787-0-15 1?1.88 = 0 64 48 58 36 91 68 92 52 66 47 75 86 30 71 15 
787-1-5 1?1.91 = 1 89 68 92 52 47 66 55 18 45 23 40 31 81 39 56 97 5 
787-1-3 1?1.952 = 1 89 68 92 52 47 66 55 18 45 23 40 31 63 73 41 3 
787-1-4 1?1.958 = 1 89 68 92 52 47 66 55 18 45 23 40 31 63 81 39 73 4 
787-0-12 1?2.126 = 0 64 48 58 71 60 19 57 67 83 78 72 16 77 42 95 79 12 
787-1-6 1?2.222 = 1 89 68 92 52 47 66 55 18 45 23 40 31 63 81 39 56 97 49 6 
787-0-14 1?1.975 = 0 64 48 58 36 91 69 75 86 99 30 53 71 60 19 29 14 
787-1-8 1?2.396 = 1 89 68 92 52 47 66 55 18 45 23 40 54 93 94 21 62 76 59 8 
787-0-13 1?2.317 = 0 64 48 58 36 91 68 92 52 66 47 75 50 26 67 43 74 65 13 
787-1-7 1?2.368 = 1 89 68 92 52 47 66 45 18 55 46 93 94 21 62 76 59 38 24 7 
787-2-5 1?1.749 = 2 96 70 52 92 47 66 55 18 40 31 81 39 56 5 
787-2-4 1?1.737 = 2 96 70 52 92 47 66 55 18 45 23 40 31 63 73 4 
787-2-3 1?1.824 = 2 96 70 52 92 47 66 55 18 45 23 40 31 63 41 3 
787-1-12 1?2.355 = 1 89 68 52 66 47 92 75 50 26 83 78 72 77 42 95 79 12 
787-1-11 1?2.49 = 1 89 68 92 52 47 66 45 18 55 46 28 83 78 72 77 95 42 11 
787-2-6 1?2.078 = 2 96 70 68 92 52 47 66 55 18 45 23 40 31 81 39 84 49 6 
787-1-15 1?1.895 = 1 89 68 92 52 66 47 75 86 69 99 30 53 71 60 15 
787-1-9 1?2.63 = 1 89 68 92 52 47 66 45 23 40 31 54 93 94 21 62 76 59 85 98 9 
787-1-10 1?2.665 = 1 89 68 92 52 47 66 55 18 46 28 83 78 72 77 16 37 25 10 
787-1-13 1?2.478 = 1 89 68 92 52 47 66 45 18 55 46 50 26 67 43 74 65 13 
787-1-14 1?2.294 = 1 89 68 92 52 66 47 50 75 86 69 99 30 53 71 60 19 29 14 
787-3-4 1?1.892 = 3 44 70 52 92 47 66 55 18 45 23 40 31 63 73 4 
787-3-5 1?1.921 = 3 44 23 45 66 52 92 47 55 18 40 31 81 39 56 5 
787-2-12 1?2.379 = 2 96 70 68 92 52 47 66 55 18 46 28 83 78 72 77 42 95 79 12 
787-2-15 1?1.828 = 2 96 70 52 66 47 92 68 91 36 99 30 53 71 60 15 
787-2-9 1?2.565 = 2 96 70 52 92 47 66 45 18 55 46 93 94 21 62 76 59 85 98 9 
787-2-11 1?2.496 = 2 96 70 68 92 52 47 66 45 18 55 46 28 83 78 72 77 16 37 11 
787-2-8 1?2.348 = 2 96 70 68 92 52 47 66 45 23 40 31 54 93 94 21 62 76 59 8 
787-2-10 1?2.611 = 2 96 70 68 92 52 47 66 55 46 28 83 78 72 77 16 37 25 10 
787-2-13 1?2.317 = 2 96 70 45 18 55 66 52 68 92 47 50 26 67 43 74 65 13 
787-2-7 1?2.293 = 2 96 70 68 92 52 47 66 55 18 46 93 94 21 62 76 59 38 24 7 
787-2-14 1?2.119 = 2 96 70 45 18 55 66 47 52 92 68 69 99 30 53 71 60 19 14 
787-4-5 1?1.985 = 4 73 63 23 45 66 52 47 55 18 40 31 81 39 56 5 
787-3-6 1?2.101 = 3 44 70 52 92 47 66 45 23 40 31 81 39 84 34 6 
787-3-11 1?2.525 = 3 44 23 45 18 55 66 47 52 92 68 75 50 26 83 78 72 16 37 11 
787-3-9 1?2.637 = 3 41 23 45 18 55 66 47 52 92 68 75 50 35 28 17 61 32 51 9 
787-3-12 1?2.441 = 3 41 23 45 18 55 66 52 92 47 50 26 83 78 72 77 42 95 79 12 
787-3-15 1?1.907 = 3 41 23 45 18 55 66 47 52 92 68 69 99 30 53 71 15 
787-3-10 1?2.654 = 3 41 23 45 18 55 66 52 92 47 50 26 83 78 72 16 37 25 10 
787-3-8 1?2.49 = 3 44 70 68 92 52 47 66 55 18 46 93 94 21 62 76 59 38 8 
787-3-7 1?2.281 = 3 41 23 40 31 63 73 39 81 54 93 94 21 62 76 59 38 24 22 7 
787-3-14 1?2.227 = 3 41 23 45 18 55 66 47 52 92 68 91 36 99 30 53 71 60 19 14 
787-3-13 1?2.456 = 3 44 23 45 18 55 66 47 52 92 68 75 86 50 26 67 43 74 65 13 
787-5-6 1?2.154 = 5 97 56 39 81 63 31 40 23 45 18 55 46 93 88 34 6 
787-4-6 1?2.024 = 4 73 63 81 39 54 93 94 21 62 76 59 38 24 22 20 6 
787-4-8 1?2.362 = 4 73 39 81 63 31 40 23 45 18 55 46 93 94 21 62 76 59 8 
787-4-11 1?2.522 = 4 73 63 31 40 23 45 66 52 92 47 50 26 83 78 72 77 42 95 11 
787-4-9 1?2.62 = 4 73 63 31 40 23 45 66 52 92 47 50 35 28 17 61 32 33 51 9 
787-4-7 1?2.216 = 4 73 63 31 40 23 45 18 55 46 93 94 21 62 76 59 38 24 7 
787-4-12 1?2.439 = 4 73 63 31 40 23 45 18 55 66 47 52 92 75 50 26 67 43 74 79 12 
787-4-10 1?2.578 = 4 73 63 31 40 23 45 18 55 46 28 83 78 72 77 16 37 25 10 
787-4-15 1?2.071 = 4 73 63 31 40 23 45 18 55 66 47 52 92 68 69 99 30 53 71 60 15 
787-4-13 1?2.361 = 4 73 63 31 40 23 45 18 55 66 47 52 92 68 75 50 26 80 57 13 
787-4-14 1?2.232 = 4 73 63 31 40 23 45 18 55 66 47 52 92 68 69 99 30 71 60 19 14 
787-6-8 1?2.275 = 6 20 34 49 97 56 39 81 54 93 21 62 76 59 38 8 
787-5-8 1?2.262 = 5 97 56 84 39 81 73 63 31 40 54 93 94 21 62 59 8 
787-5-11 1?2.42 = 5 97 56 39 81 31 40 23 45 18 55 46 28 83 78 72 16 37 11 
787-5-7 1?1.862 = 5 97 56 73 63 81 39 54 93 94 21 62 76 38 24 22 7 
787-6-7 1?2.252 = 6 5 97 56 73 63 81 39 54 93 94 21 62 76 38 24 22 7 
787-5-10 1?2.53 = 5 49 34 88 90 22 24 38 59 76 62 21 27 17 61 32 33 25 10 
787-5-12 1?2.39 = 5 56 39 81 31 40 23 45 18 55 46 28 83 78 72 77 42 95 79 12 
787-5-9 1?2.42 = 5 97 56 73 63 31 81 39 54 93 94 21 62 76 22 24 38 59 85 98 9 
787-5-13 1?2.352 = 5 56 39 81 31 40 23 45 18 55 66 52 92 47 50 26 80 57 13 
787-5-15 1?2.117 = 5 56 39 81 31 40 23 45 18 55 66 47 52 92 68 69 99 30 53 71 15 
787-5-14 1?2.244 = 5 56 39 81 31 40 18 55 66 47 52 92 68 69 99 30 71 60 19 14 
787-6-9 1?2.156 = 6 34 88 90 22 24 38 59 76 62 27 61 32 33 51 9 
787-7-9 1?2.175 = 7 22 24 38 59 62 76 90 94 21 27 61 32 33 51 9 
787-7-8 1?2.4 = 7 22 24 38 59 76 62 21 27 17 61 32 33 51 98 85 8 
787-6-11 1?2.436 = 6 20 22 24 38 59 76 62 27 17 83 78 72 77 95 42 37 11 
787-7-11 1?2.324 = 7 22 24 38 59 76 62 21 27 17 83 78 16 77 95 42 37 11 
787-6-12 1?2.445 = 6 20 22 24 38 59 76 62 21 27 17 83 78 16 77 42 95 79 12 
787-7-10 1?2.35 = 7 24 38 59 76 62 27 17 83 78 72 77 95 42 37 25 10 
787-6-10 1?2.552 = 6 49 34 88 90 22 24 38 59 76 62 21 27 17 61 32 33 25 10 
787-6-15 1?2.247 = 6 34 84 39 81 31 40 18 55 66 47 52 92 68 69 99 30 53 71 15 
787-6-14 1?2.425 = 6 34 84 39 81 31 40 23 18 55 66 47 52 92 68 69 99 30 53 19 14 
787-6-13 1?2.558 = 6 34 84 39 81 31 40 23 45 18 55 66 52 92 47 50 26 80 57 13 
787-8-9 1?2.314 = 8 24 22 38 59 62 76 90 94 21 27 61 32 33 51 9 
787-8-10 1?2.256 = 8 24 22 38 59 76 62 21 27 17 61 32 51 33 25 10 
787-8-11 1?2.291 = 8 24 22 38 59 76 62 21 27 17 83 78 72 77 95 42 11 
787-8-12 1?2.313 = 8 24 22 38 59 76 62 21 27 17 83 78 16 77 42 95 79 12 
787-7-12 1?2.338 = 7 22 24 38 59 76 62 21 27 17 28 83 78 16 77 42 95 79 12 
787-8-15 1?2.472 = 8 38 76 62 21 94 93 46 55 66 47 52 92 68 69 99 30 71 15 
787-8-13 1?2.608 = 8 24 22 38 59 76 62 27 17 83 78 72 16 77 42 95 79 65 13 
787-7-15 1?2.45 = 7 24 22 76 62 21 94 93 46 55 66 47 52 92 68 69 99 30 53 71 15 
787-8-14 1?2.631 = 8 38 76 62 21 94 93 46 55 66 47 52 92 68 69 99 30 53 19 14 
787-7-13 1?2.57 = 7 22 24 38 59 76 62 21 27 17 83 78 72 16 77 42 95 79 65 13 
787-7-14 1?2.621 = 7 24 22 76 62 21 94 93 46 18 55 66 47 52 92 68 69 99 30 53 19 14 
787-10-12 1?1.942 = 10 25 37 42 95 77 16 72 78 83 67 43 74 79 12 
787-9-12 1?2.134 = 9 51 32 16 72 78 83 67 43 74 77 42 95 79 12 
787-10-11 1?2.205 = 10 25 33 32 16 72 78 83 67 43 74 77 95 42 11 
787-9-11 1?2.278 = 9 51 33 32 16 77 72 78 83 67 43 74 79 95 11 
787-9-10 1?2.108 = 9 51 33 32 61 83 78 72 16 77 95 42 37 25 10 
787-9-15 1?2.643 = 9 51 32 61 17 28 35 50 47 66 52 92 68 69 99 30 53 71 60 15 
787-10-15 1?2.508 = 10 25 37 16 77 72 78 83 28 35 50 75 86 69 99 30 53 71 60 15 
787-10-13 1?2.734 = 10 25 33 32 61 83 78 72 16 77 42 95 79 74 43 67 80 57 13 
787-9-13 1?2.568 = 9 51 32 33 25 37 42 95 77 16 72 78 83 67 43 74 65 13 
787-10-14 1?2.569 = 10 25 37 42 95 77 72 78 74 43 67 80 57 53 30 71 60 19 14 
787-9-14 1?2.677 = 9 51 32 33 25 37 42 95 77 16 72 78 74 43 67 80 57 29 14 
787-11-12 1?1.896 = 11 37 42 95 77 16 72 78 83 67 43 74 65 79 12 
787-14-15 1?2.102 = 14 29 19 60 71 53 30 99 86 75 69 91 36 58 48 64 15 
787-12-13 1?1.847 = 12 79 95 42 77 16 72 78 83 67 80 57 43 74 65 13 
787-13-15 1?2.096 = 13 65 74 43 67 80 26 50 75 86 69 99 30 53 71 60 15 
787-11-13 1?1.973 = 11 37 42 95 77 16 72 78 83 67 57 43 74 65 13 
787-12-15 1?1.866 = 12 79 95 42 77 16 72 74 43 67 80 57 19 60 71 15 
787-13-14 1?1.983 = 13 65 79 95 42 77 16 72 78 83 67 80 57 29 14 
787-12-14 1?1.92 = 12 79 95 42 37 16 77 72 78 83 67 80 57 29 14 
787-11-14 1?1.824 = 11 37 42 95 77 16 72 78 74 43 67 80 57 29 14 
787-11-15 1?2.284 = 11 37 16 77 72 78 83 28 35 50 75 86 69 99 30 53 71 60 15 
stop
