start
484-0-1 1?2.344 = 0 37 63 82 74 62 29 84 68 66 39 38 44 34 75 1 
484-0-2 1?2.06 = 0 37 75 34 38 68 86 41 81 24 54 48 52 65 55 2 
484-0-3 1?2.067 = 0 37 75 34 38 68 86 41 81 24 54 48 52 55 65 3 
484-0-4 1?2.089 = 0 37 44 84 68 38 39 66 86 41 81 24 54 58 53 4 
484-0-5 1?2.53 = 0 37 63 82 74 62 36 77 30 33 19 25 32 59 95 26 43 31 5 
484-0-6 1?2.427 = 0 37 63 82 74 36 77 30 33 19 25 32 59 95 26 43 79 57 6 
484-0-7 1?2.605 = 0 37 75 34 38 68 84 29 62 36 77 30 33 19 32 59 26 43 79 16 7 
484-0-8 1?2.731 = 0 37 63 82 74 62 36 77 33 19 59 32 25 95 26 43 79 80 50 56 8 
484-0-9 1?2.774 = 0 37 63 82 74 62 36 77 30 33 19 32 59 26 43 79 80 50 56 9 
484-0-10 1?2.631 = 0 37 75 34 38 68 84 29 62 74 36 77 30 28 20 49 70 42 10 
484-0-11 1?2.673 = 0 37 34 38 68 84 29 62 74 85 51 22 40 90 69 64 97 45 60 46 11 
484-0-12 1?2.524 = 0 37 34 38 68 84 29 62 74 85 51 22 40 90 69 64 18 12 
484-0-13 1?2.34 = 0 37 75 34 38 68 84 29 62 74 85 51 40 22 23 13 
484-0-14 1?2.328 = 0 37 34 38 68 84 29 62 74 85 51 40 22 98 47 14 
484-0-15 1?2.239 = 0 37 75 34 38 68 84 29 62 74 82 63 35 92 71 15 
484-1-2 1?1.908 = 1 75 34 38 68 84 86 41 81 58 54 48 52 65 55 2 
484-1-3 1?1.915 = 1 75 34 38 68 84 86 41 81 58 54 48 52 55 65 3 
484-1-4 1?2.008 = 1 75 34 38 68 84 86 41 81 24 54 58 78 67 53 4 
484-1-5 1?2.494 = 1 75 34 38 68 84 29 62 74 36 77 30 33 19 32 59 95 17 61 5 
484-1-6 1?2.375 = 1 75 34 38 68 84 29 62 36 77 33 19 32 59 26 43 79 57 6 
484-1-7 1?2.4 = 1 75 34 38 68 84 29 62 36 77 33 19 32 59 95 26 43 79 16 7 
484-1-8 1?2.641 = 1 75 34 38 68 84 29 62 74 36 19 32 59 95 26 43 79 80 50 56 8 
484-1-9 1?2.733 = 1 75 34 38 66 86 41 81 78 67 17 95 59 32 19 33 28 20 49 70 9 
484-1-10 1?2.65 = 1 75 34 38 68 84 29 62 74 85 51 22 40 90 69 64 97 45 60 46 76 10 
484-1-11 1?2.466 = 1 75 34 38 68 84 29 62 74 85 51 22 40 90 69 64 87 97 45 60 11 
484-1-12 1?2.427 = 1 75 34 38 68 84 29 62 74 85 51 22 40 90 69 64 97 60 45 12 
484-1-13 1?2.497 = 1 75 34 44 38 68 84 29 62 74 85 51 22 40 90 69 18 13 
484-1-14 1?2.283 = 1 75 34 44 38 68 84 29 62 74 85 51 40 22 98 47 14 
484-1-15 1?2.089 = 1 75 34 38 68 84 29 62 74 82 63 96 35 92 71 15 
484-2-3 1?2.004 = 2 55 65 48 52 39 66 38 68 84 86 41 81 24 58 54 3 
484-2-4 1?1.888 = 2 55 65 52 48 54 58 24 81 41 86 27 78 67 61 53 4 
484-2-5 1?2.348 = 2 55 65 48 52 39 66 38 68 84 86 41 81 24 54 58 78 67 61 5 
484-2-6 1?2.25 = 2 55 65 52 48 54 24 41 81 78 67 17 95 32 59 26 43 79 57 6 
484-2-7 1?2.34 = 2 55 65 52 48 24 54 58 81 41 78 67 17 95 32 59 26 43 79 16 7 
484-2-8 1?2.411 = 2 55 65 52 48 24 41 81 78 67 17 95 32 59 26 43 79 80 50 56 8 
484-2-9 1?2.486 = 2 55 65 52 48 24 41 81 78 67 17 95 59 32 19 33 28 20 49 70 9 
484-2-10 1?2.559 = 2 55 65 52 48 24 81 78 67 17 95 59 32 25 19 33 28 20 91 42 10 
484-2-11 1?2.495 = 2 55 65 52 48 66 68 84 29 62 74 85 51 22 40 90 69 64 97 60 11 
484-2-12 1?2.525 = 2 55 65 52 48 24 81 41 86 68 84 29 62 74 85 51 40 90 69 64 12 
484-2-13 1?2.451 = 2 55 52 48 24 81 41 86 68 84 29 62 74 85 51 40 22 23 13 
484-2-14 1?2.352 = 2 55 65 52 39 66 68 84 29 62 74 85 51 40 22 98 47 14 
484-2-15 1?2.174 = 2 55 65 52 48 66 68 84 29 62 74 82 63 96 92 71 15 
484-3-4 1?1.895 = 3 65 55 52 48 54 58 24 81 41 86 27 78 67 61 53 4 
484-3-5 1?2.045 = 3 65 55 52 48 54 24 41 81 78 67 17 26 43 31 5 
484-3-6 1?1.936 = 3 65 55 52 48 24 41 81 78 67 17 26 43 79 57 6 
484-3-7 1?2.203 = 3 65 55 52 48 86 41 81 78 67 17 95 32 59 26 43 79 16 7 
484-3-8 1?2.277 = 3 54 24 41 81 78 67 17 95 25 32 59 26 43 79 80 50 56 8 
484-3-9 1?2.428 = 3 54 24 41 81 78 67 17 95 59 32 25 19 33 30 28 20 49 70 9 
484-3-10 1?2.536 = 3 65 52 48 54 24 41 81 78 67 17 95 59 32 19 33 28 20 91 42 10 
484-3-11 1?2.508 = 3 54 24 81 41 86 68 84 29 62 74 85 40 22 90 69 64 97 45 60 11 
484-3-12 1?2.532 = 3 65 55 52 48 24 81 41 86 68 84 29 62 74 85 51 40 90 69 64 12 
484-3-13 1?2.472 = 3 65 52 48 54 24 81 41 86 68 84 29 62 74 85 51 40 22 23 13 
484-3-14 1?2.437 = 3 65 52 48 24 81 41 86 68 84 29 62 74 85 51 40 22 98 47 14 
484-3-15 1?2.248 = 3 54 24 81 41 86 66 68 84 29 62 74 82 63 96 92 71 15 
484-4-5 1?2.059 = 4 53 58 54 24 81 41 27 25 32 59 95 17 67 61 5 
484-4-6 1?1.889 = 4 53 61 67 78 17 95 25 32 59 26 43 79 57 6 
484-4-7 1?2.064 = 4 53 58 54 24 41 81 78 67 17 95 32 59 26 43 79 16 7 
484-4-8 1?2.163 = 4 53 78 17 95 59 32 25 19 33 30 28 20 49 50 56 8 
484-4-9 1?2.406 = 4 58 54 24 41 81 78 67 17 95 59 32 25 19 33 28 20 49 70 9 
484-4-10 1?2.472 = 4 53 78 67 17 95 59 32 25 19 33 77 30 28 20 49 70 91 42 10 
484-4-11 1?2.53 = 4 54 24 81 41 86 68 84 29 62 74 85 51 22 40 90 69 64 97 45 60 11 
484-4-12 1?2.612 = 4 53 58 54 24 81 41 86 66 68 84 29 62 74 85 51 40 22 90 69 64 12 
484-4-13 1?2.497 = 4 53 58 54 24 81 41 86 66 68 84 29 62 74 85 51 40 22 23 13 
484-4-14 1?2.454 = 4 53 58 54 24 81 41 86 68 84 29 62 74 85 51 40 22 98 47 14 
484-4-15 1?2.28 = 4 53 58 54 24 41 86 68 84 29 62 74 82 63 96 92 71 15 
484-5-6 1?2 = 5 61 53 78 67 17 95 25 32 59 26 43 79 57 6 
484-5-7 1?2.06 = 5 61 67 78 17 95 59 32 25 19 21 26 43 79 16 7 
484-5-8 1?1.954 = 5 61 67 78 17 95 32 59 26 43 79 80 50 56 8 
484-5-9 1?2.431 = 5 61 67 78 17 95 59 32 25 19 33 28 20 49 70 50 56 9 
484-5-10 1?2.391 = 5 31 79 43 26 95 59 32 25 19 33 77 30 28 20 91 42 10 
484-5-11 1?2.437 = 5 31 43 26 95 59 32 25 19 33 30 77 89 88 93 87 97 45 60 11 
484-5-12 1?2.504 = 5 31 43 26 95 59 32 25 19 33 30 77 89 88 93 87 97 60 45 12 
484-5-13 1?2.636 = 5 31 43 26 59 32 25 19 33 30 77 36 62 74 85 51 40 22 23 13 
484-5-14 1?2.591 = 5 61 67 78 17 95 59 32 25 19 33 30 77 89 85 51 40 22 98 47 14 
484-5-15 1?2.522 = 5 31 43 26 95 59 32 19 33 30 77 36 62 74 82 63 96 92 71 15 
484-6-7 1?1.999 = 6 57 16 79 43 26 95 59 32 25 19 21 80 83 7 
484-6-8 1?1.897 = 6 57 79 43 26 59 32 19 33 28 20 49 50 56 8 
484-6-9 1?2.165 = 6 57 79 43 26 95 59 32 25 19 33 77 30 28 20 49 70 9 
484-6-10 1?2.278 = 6 57 79 43 26 95 59 32 25 19 33 28 20 49 70 91 42 10 
484-6-11 1?2.404 = 6 57 79 43 26 95 59 32 25 19 33 30 77 89 88 93 87 97 45 60 11 
484-6-12 1?2.394 = 6 57 79 43 26 95 59 32 25 19 33 77 30 88 93 87 97 60 45 12 
484-6-13 1?2.47 = 6 57 79 43 26 95 59 32 25 19 33 30 77 89 85 51 40 22 23 13 
484-6-14 1?2.434 = 6 57 79 43 26 95 59 32 19 33 30 77 89 85 51 40 22 98 47 14 
484-6-15 1?2.419 = 6 57 79 43 26 95 59 32 19 33 30 77 36 74 82 63 96 92 71 15 
484-7-8 1?1.862 = 7 16 79 43 26 59 32 19 33 28 20 49 50 56 8 
484-7-9 1?1.991 = 7 16 79 43 26 95 59 32 25 19 33 28 20 49 70 9 
484-7-10 1?1.98 = 7 16 79 43 26 95 59 32 19 33 28 20 91 42 10 
484-7-11 1?2.283 = 7 16 79 43 26 95 59 32 25 19 33 28 88 93 87 97 45 60 11 
484-7-12 1?2.429 = 7 16 79 43 26 59 32 25 19 33 77 30 28 88 93 87 97 60 45 12 
484-7-13 1?2.511 = 7 16 79 43 26 59 32 25 19 33 28 30 77 89 85 51 40 22 23 13 
484-7-14 1?2.44 = 7 16 79 43 26 95 59 32 25 19 33 30 89 85 51 40 22 98 47 14 
484-7-15 1?2.527 = 7 16 79 43 26 95 59 32 25 19 33 30 77 36 62 74 82 63 35 92 71 15 
484-8-9 1?2.074 = 8 83 80 79 43 26 59 32 19 33 28 20 49 70 9 
484-8-10 1?2.14 = 8 83 80 79 43 26 59 32 19 33 28 20 91 42 10 
484-8-11 1?2.146 = 8 56 50 49 20 28 30 77 89 88 93 87 64 97 45 60 11 
484-8-12 1?2.391 = 8 56 50 49 20 28 30 77 36 62 74 85 51 22 40 90 69 64 12 
484-8-13 1?2.539 = 8 56 50 80 79 43 26 59 32 19 33 77 89 85 51 40 22 23 13 
484-8-14 1?2.611 = 8 56 50 80 79 43 26 59 32 19 33 30 77 89 85 51 40 22 98 47 14 
484-8-15 1?2.656 = 8 56 50 80 79 43 26 95 59 32 19 33 30 77 36 74 82 63 96 92 71 15 
484-9-10 1?2.308 = 9 70 49 20 28 30 77 89 88 93 87 97 45 60 46 76 10 
484-9-11 1?2.301 = 9 70 49 20 28 30 77 89 88 93 87 97 45 60 46 76 11 
484-9-12 1?2.563 = 9 70 49 20 28 30 77 36 62 74 85 40 22 90 69 64 97 45 12 
484-9-13 1?2.593 = 9 70 49 20 28 30 77 36 62 74 85 51 22 40 90 69 64 18 13 
484-9-14 1?2.717 = 9 70 49 20 28 30 77 36 74 62 29 82 63 85 51 40 22 98 47 14 
484-9-15 1?2.694 = 9 70 49 20 28 33 19 59 32 25 36 62 74 82 63 96 35 92 71 15 
484-10-11 1?2.31 = 10 42 70 49 20 28 30 77 89 88 93 87 64 97 45 60 11 
484-10-12 1?2.271 = 10 42 76 46 60 45 97 64 69 90 40 51 22 98 23 18 12 
484-10-13 1?2.047 = 10 42 76 46 60 45 97 87 64 69 90 40 22 51 98 23 13 
484-10-14 1?2.443 = 10 76 46 60 45 97 87 64 69 90 40 22 51 98 35 92 71 94 47 14 
484-10-15 1?2.712 = 10 76 46 60 97 64 69 90 40 22 51 85 74 62 29 82 63 96 92 71 15 
484-11-12 1?2.24 = 11 76 46 60 45 97 87 64 69 90 40 51 22 98 23 18 12 
484-11-13 1?2.141 = 11 76 46 60 45 97 87 64 69 90 40 51 22 98 47 23 13 
484-11-14 1?2.197 = 11 76 46 60 45 97 87 64 69 90 40 22 98 35 92 94 47 14 
484-11-15 1?2.582 = 11 60 45 97 64 69 90 40 22 51 85 74 62 29 82 63 96 92 94 71 15 
484-12-13 1?2.298 = 12 45 60 97 64 69 90 40 22 98 35 92 71 94 47 23 13 
484-12-14 1?2.285 = 12 45 60 97 87 64 69 90 40 22 98 35 96 92 71 94 47 14 
484-12-15 1?2.435 = 12 18 64 69 90 40 22 51 85 74 62 29 82 63 96 92 71 15 
484-13-14 1?2.332 = 13 18 64 97 87 69 90 40 51 22 98 35 92 71 94 47 14 
484-13-15 1?2.221 = 13 18 64 97 45 60 87 69 90 40 22 98 35 92 94 71 15 
484-14-15 1?2.235 = 14 47 98 22 40 51 85 74 62 29 82 63 35 92 71 15 
stop
