start
473-0-2 1?1.962 = 0 67 42 97 78 71 58 38 44 28 98 41 77 87 62 2 
473-0-3 1?2.172 = 0 67 42 97 78 71 58 38 44 28 98 77 41 87 62 22 3 
473-0-4 1?2.352 = 0 67 42 78 71 58 17 61 50 36 93 51 47 53 46 65 80 81 4 
473-0-1 1?2.188 = 0 25 18 97 78 71 42 58 38 44 28 98 77 41 87 1 
473-0-5 1?2.559 = 0 25 18 97 78 71 58 17 61 23 35 50 36 93 51 47 53 46 27 5 
473-0-10 1?2.44 = 0 67 42 97 78 71 58 17 61 23 63 24 70 96 21 33 92 89 10 
473-0-8 1?2.458 = 0 25 18 97 78 71 58 17 61 50 93 51 47 53 90 86 45 49 37 8 
473-0-9 1?2.5 = 0 67 42 78 71 58 17 61 50 36 93 51 47 53 90 86 45 34 74 88 9 
473-0-7 1?2.529 = 0 67 42 78 71 58 17 61 23 35 50 36 93 51 47 53 90 30 32 19 7 
473-0-11 1?2.435 = 0 67 42 97 78 71 58 17 61 50 35 23 63 24 70 96 21 72 11 
473-0-6 1?2.445 = 0 67 38 58 17 61 23 35 50 36 93 51 47 53 90 30 32 68 84 6 
473-0-14 1?2.03 = 0 67 38 58 17 61 50 23 71 78 97 59 64 20 14 
473-1-2 1?2.045 = 1 67 42 97 78 71 58 38 44 28 98 77 41 62 87 2 
473-0-13 1?2.253 = 0 67 42 78 71 58 17 61 50 35 23 24 63 69 99 13 
473-0-12 1?2.24 = 0 67 42 78 71 58 17 61 50 35 23 24 70 96 21 12 
473-1-3 1?2.072 = 1 87 62 41 77 98 95 28 44 31 79 16 60 55 40 94 3 
473-0-15 1?2.157 = 0 67 38 58 17 61 50 35 23 71 42 78 97 18 25 15 
473-1-4 1?2.228 = 1 87 62 41 77 98 95 28 44 29 31 79 55 60 16 65 80 81 4 
473-1-5 1?2.403 = 1 87 62 41 77 98 95 28 44 29 79 55 60 16 65 80 81 5 
473-1-7 1?2.462 = 1 67 42 78 71 58 17 61 50 36 93 51 47 53 90 30 32 19 7 
473-1-8 1?2.468 = 1 87 41 77 98 28 44 29 93 51 47 53 90 86 45 34 74 85 8 
473-1-6 1?2.461 = 1 95 28 44 38 58 17 61 50 36 93 51 47 53 90 30 32 68 84 6 
473-1-14 1?1.889 = 1 87 41 77 98 28 44 38 58 71 78 97 59 64 20 14 
473-1-13 1?2.346 = 1 87 41 77 98 28 44 38 58 71 42 78 97 18 59 64 20 13 
473-1-12 1?2.454 = 1 87 41 77 98 28 44 38 58 17 61 23 63 24 70 96 21 12 
473-2-4 1?1.759 = 2 87 62 41 77 98 28 44 31 79 55 60 16 65 80 81 4 
473-1-11 1?2.513 = 1 87 41 77 98 28 44 38 58 17 61 23 63 24 70 96 21 72 11 
473-1-10 1?2.518 = 1 98 28 44 29 93 36 50 17 61 23 24 70 96 21 33 92 54 89 10 
473-2-3 1?1.869 = 2 87 62 41 77 98 95 28 44 31 79 16 60 55 40 94 3 
473-1-9 1?2.539 = 1 87 41 77 98 28 44 29 93 51 47 53 90 86 45 34 74 85 88 9 
473-2-5 1?2.116 = 2 87 62 41 77 98 28 44 29 31 79 55 60 16 65 80 81 5 
473-2-6 1?2.116 = 2 87 62 41 77 98 28 44 31 79 55 60 16 65 27 68 84 6 
473-1-15 1?1.92 = 1 87 62 41 77 98 28 44 38 58 71 78 97 18 25 15 
473-2-14 1?1.944 = 2 87 41 77 98 28 44 38 58 71 42 78 97 18 59 64 20 14 
473-2-13 1?2.301 = 2 62 41 77 98 28 44 29 36 50 17 61 71 78 97 59 64 20 13 
473-3-4 1?1.919 = 3 22 62 41 77 98 28 44 31 79 55 60 16 65 80 81 4 
473-2-12 1?2.376 = 2 87 41 77 98 28 44 38 58 17 61 50 35 23 63 24 70 96 21 12 
473-3-5 1?2.205 = 3 22 62 87 41 77 98 28 44 31 79 55 60 16 65 80 81 5 
473-2-10 1?2.37 = 2 87 41 77 98 28 44 38 58 17 61 23 24 70 96 33 92 54 89 10 
473-2-11 1?2.419 = 2 87 62 41 77 98 28 44 38 58 71 78 97 69 63 24 70 96 21 72 11 
473-2-9 1?2.411 = 2 87 41 77 98 28 44 29 36 93 51 47 53 90 86 45 34 74 85 88 9 
473-2-8 1?2.33 = 2 87 62 41 77 98 28 44 29 93 51 47 53 90 86 45 49 52 37 8 
473-2-7 1?2.372 = 2 87 41 77 98 28 44 38 58 17 61 50 51 47 53 90 30 32 19 7 
473-2-15 1?1.717 = 2 87 62 41 77 98 28 44 38 58 71 78 97 18 25 15 
473-3-6 1?2.19 = 3 22 62 41 77 98 28 44 31 79 55 60 16 65 27 48 6 
473-3-14 1?2.167 = 3 94 40 79 31 29 93 36 50 61 17 58 71 78 97 59 64 20 14 
473-4-5 1?2.34 = 4 81 80 65 16 60 55 79 31 29 93 51 47 53 46 27 5 
473-3-13 1?2.516 = 3 22 62 41 77 98 28 44 29 36 50 17 61 71 78 97 59 64 20 13 
473-3-10 1?2.499 = 3 94 40 79 29 36 50 17 61 23 63 24 70 96 21 33 92 54 89 10 
473-3-12 1?2.526 = 3 94 40 55 79 29 93 51 53 47 50 17 61 23 63 24 70 96 21 12 
473-3-11 1?2.599 = 3 22 62 41 77 98 28 44 38 58 17 61 50 35 23 91 70 96 21 72 11 
473-3-9 1?2.513 = 3 94 40 55 79 31 29 93 51 47 53 90 86 45 34 49 74 85 88 9 
473-3-7 1?2.458 = 3 22 62 41 77 98 28 44 29 93 51 47 53 90 30 32 82 19 7 
473-3-8 1?2.477 = 3 94 40 55 79 29 36 93 51 47 53 90 86 45 34 49 74 85 8 
473-3-15 1?1.948 = 3 22 62 87 41 77 98 28 44 38 58 71 78 97 18 25 15 
473-4-6 1?2.2 = 4 81 55 79 31 29 93 51 47 53 90 30 32 68 84 6 
473-5-6 1?2.363 = 5 48 84 68 32 30 86 45 39 34 49 52 82 19 83 6 
473-4-14 1?2.316 = 4 81 80 65 16 46 53 47 51 93 36 50 61 17 58 71 78 97 59 64 20 14 
473-4-7 1?2.226 = 4 81 80 55 79 31 29 93 51 47 53 90 30 32 19 7 
473-4-13 1?2.44 = 4 81 80 65 46 53 47 51 93 36 50 61 17 58 71 78 97 59 64 20 13 
473-4-12 1?2.528 = 4 81 55 79 29 53 47 51 93 36 50 17 61 23 63 24 70 96 21 12 
473-4-10 1?2.498 = 4 81 55 79 29 36 50 17 61 23 63 24 70 96 21 33 92 89 10 
473-4-11 1?2.522 = 4 81 55 79 29 53 47 51 93 36 50 17 61 23 24 70 96 21 72 11 
473-4-9 1?2.476 = 4 81 55 79 31 29 93 51 47 53 90 86 45 34 49 74 85 88 9 
473-4-8 1?2.418 = 4 81 80 65 16 60 79 29 93 51 47 53 90 86 45 34 74 85 8 
473-4-15 1?2.274 = 4 81 80 65 16 46 53 47 51 93 36 50 61 17 58 71 78 97 18 25 15 
473-6-8 1?1.892 = 6 84 68 32 30 86 45 34 39 75 57 26 74 85 8 
473-5-8 1?2.079 = 5 48 84 68 32 30 86 45 39 75 57 26 74 85 8 
473-5-14 1?2.462 = 5 27 46 53 47 51 93 50 35 23 61 17 58 42 71 78 97 59 64 20 14 
473-5-12 1?2.638 = 5 48 84 68 32 30 90 53 47 51 93 36 17 61 23 24 96 21 12 
473-5-13 1?2.529 = 5 27 46 53 47 51 93 36 50 23 61 17 58 71 78 97 59 64 20 13 
473-5-7 1?2.207 = 5 48 84 68 32 30 86 45 34 74 37 52 82 19 7 
473-6-7 1?2.031 = 6 84 68 32 30 86 45 34 49 74 37 52 82 19 7 
473-5-11 1?2.494 = 5 48 84 68 32 30 86 45 49 34 39 57 75 73 43 33 92 54 11 
473-5-10 1?2.319 = 5 48 84 68 32 30 86 45 34 39 57 75 73 43 33 92 54 89 10 
473-5-9 1?2.563 = 5 48 84 68 32 30 86 45 39 75 57 26 34 49 52 37 85 88 9 
473-5-15 1?2.421 = 5 80 65 16 60 55 79 29 93 36 50 61 17 58 71 78 97 18 25 15 
473-7-10 1?1.771 = 7 19 82 52 49 34 45 39 75 57 73 92 54 89 10 
473-6-9 1?1.866 = 6 84 68 32 30 86 45 39 75 57 26 74 85 88 9 
473-7-9 1?1.893 = 7 82 52 37 49 34 45 39 75 57 26 74 85 88 9 
473-7-8 1?1.93 = 7 82 52 37 74 49 34 45 39 75 57 26 88 85 8 
473-7-11 1?2.195 = 7 19 82 52 37 74 49 34 45 39 57 75 73 43 33 92 54 11 
473-6-14 1?2.434 = 6 84 68 32 30 90 53 47 51 93 50 35 23 61 17 58 71 78 97 59 64 20 14 
473-6-10 1?2.161 = 6 84 68 32 30 86 45 49 34 39 75 57 73 43 33 92 54 89 10 
473-6-11 1?2.385 = 6 84 68 32 30 86 45 49 34 39 57 75 73 43 33 92 89 54 11 
473-6-13 1?2.432 = 6 84 68 32 30 90 53 47 51 93 50 17 61 71 78 97 59 64 20 13 
473-6-12 1?2.466 = 6 84 68 32 30 90 53 47 51 93 50 17 61 23 63 24 70 96 21 12 
473-6-15 1?2.392 = 6 84 68 32 30 90 53 47 51 93 50 35 23 61 17 58 71 78 97 18 25 15 
473-8-10 1?1.692 = 8 85 88 74 49 34 45 39 57 75 73 92 54 89 10 
473-8-9 1?1.921 = 8 37 52 82 32 30 86 45 39 34 49 74 85 88 9 
473-8-12 1?2.138 = 8 85 74 49 34 45 39 75 57 73 66 70 96 21 76 12 
473-8-11 1?1.98 = 8 85 74 49 34 45 86 39 57 75 73 43 33 92 54 11 
473-8-14 1?2.245 = 8 37 49 45 86 90 53 47 51 93 50 17 61 71 78 97 59 64 20 14 
473-7-14 1?2.355 = 7 19 82 32 30 90 53 47 51 93 36 50 17 61 58 71 78 97 59 64 20 14 
473-8-13 1?2.407 = 8 37 52 49 34 45 39 75 57 73 66 70 96 21 24 63 69 99 13 
473-7-12 1?2.488 = 7 19 82 32 30 90 53 47 51 93 36 50 17 61 23 24 70 96 21 12 
473-7-13 1?2.446 = 7 19 32 30 90 53 47 51 93 36 50 61 17 58 71 78 97 59 64 20 13 
473-8-15 1?2.318 = 8 85 74 34 45 86 90 53 47 51 93 50 61 17 58 71 78 97 18 25 15 
473-7-15 1?2.376 = 7 19 32 30 90 53 47 51 93 36 50 35 23 61 17 58 71 78 97 18 25 15 
473-10-13 1?2.016 = 10 89 54 92 33 43 70 96 21 24 63 69 59 64 20 13 
473-9-10 1?1.653 = 9 88 85 74 49 34 45 39 57 75 73 92 54 89 10 
473-9-13 1?2.116 = 9 88 85 74 34 39 57 75 66 70 96 21 24 63 99 13 
473-10-12 1?2.05 = 10 89 54 92 33 43 73 57 75 66 91 70 96 21 76 12 
473-9-14 1?2.205 = 9 26 34 45 86 90 53 47 50 17 61 71 78 97 59 64 20 14 
473-10-11 1?2.087 = 10 89 54 92 33 43 73 57 39 75 66 91 70 96 21 72 11 
473-10-14 1?2.108 = 10 89 54 92 33 43 70 96 21 24 63 69 71 78 97 59 64 20 14 
473-9-12 1?2.138 = 9 88 85 74 49 34 45 86 39 57 75 66 70 96 21 12 
473-9-11 1?1.975 = 9 88 85 74 49 34 45 39 57 75 73 66 43 33 92 54 11 
473-10-15 1?2.216 = 10 89 92 33 21 96 70 24 63 23 61 17 58 71 78 97 18 25 15 
473-9-15 1?2.317 = 9 88 74 34 45 86 90 53 47 51 93 36 50 17 61 71 78 97 18 25 15 
473-11-14 1?1.988 = 11 72 21 96 70 24 63 69 71 78 42 97 59 64 20 14 
473-12-14 1?1.954 = 12 21 96 24 23 61 17 58 71 78 97 59 64 20 14 
473-13-14 1?1.952 = 13 99 69 63 23 61 17 58 71 78 97 59 64 20 14 
473-12-13 1?2.153 = 12 21 96 24 23 61 17 58 71 78 97 59 64 20 13 
473-11-13 1?2.187 = 11 72 21 96 70 24 63 69 71 78 42 97 59 64 20 13 
473-11-12 1?2.284 = 11 33 43 73 57 75 66 70 96 21 24 63 69 99 76 12 
473-13-15 1?2.005 = 13 99 69 63 23 35 50 17 61 71 78 97 18 25 15 
473-14-15 1?1.986 = 14 20 64 59 97 78 71 61 17 50 36 58 42 18 25 15 
473-12-15 1?1.958 = 12 21 96 70 91 23 61 17 58 71 78 97 18 25 15 
473-11-15 1?2.017 = 11 72 21 24 63 23 61 17 58 71 78 97 18 25 15 
stop
