start
523-0-2 1?2.019 = 0 40 73 85 47 39 63 65 86 48 42 88 96 30 90 2 
523-0-4 1?1.96 = 0 96 42 89 88 85 73 47 39 48 19 76 81 50 46 4 
523-0-1 1?1.956 = 0 40 73 47 39 63 58 65 86 48 42 89 88 96 30 1 
523-0-3 1?2.019 = 0 96 42 89 88 85 73 47 63 65 86 48 19 76 3 
523-0-5 1?2.291 = 0 96 42 89 88 85 73 47 39 86 72 27 62 20 97 70 43 83 74 5 
523-0-7 1?2.432 = 0 40 73 85 47 39 86 72 27 62 20 97 43 26 61 38 54 45 55 7 
523-0-6 1?2.299 = 0 40 73 85 47 39 86 72 27 62 20 87 70 97 43 26 61 38 54 68 6 
523-0-8 1?2.419 = 0 96 42 89 88 85 47 39 86 72 27 94 95 77 64 21 56 16 59 92 8 
523-0-10 1?2.536 = 0 96 42 89 88 85 73 47 39 86 65 41 67 69 53 29 35 10 
523-0-11 1?2.35 = 0 96 30 42 89 88 85 73 47 39 86 65 41 67 69 53 29 51 11 
523-0-9 1?2.6 = 0 96 42 89 88 85 73 47 39 86 72 27 94 95 77 64 21 56 31 9 
523-0-12 1?1.993 = 0 96 42 89 88 85 47 63 58 23 28 18 60 80 12 
523-0-13 1?1.71 = 0 40 73 85 47 39 86 65 58 23 28 18 60 91 82 13 
523-0-14 1?1.7 = 0 40 73 85 47 39 63 58 23 28 18 60 82 91 93 78 14 
523-0-15 1?1.81 = 0 96 30 42 89 88 85 73 47 39 86 65 58 98 71 15 
523-1-2 1?1.934 = 1 30 42 89 88 40 85 73 47 39 63 65 86 48 90 2 
523-1-3 1?1.922 = 1 30 42 89 88 85 73 47 39 63 65 86 48 19 76 3 
523-1-4 1?1.891 = 1 30 42 89 88 85 73 47 39 86 48 19 76 50 46 4 
523-1-7 1?2.313 = 1 30 42 89 88 85 73 47 39 86 72 27 94 95 77 64 21 84 7 
523-1-8 1?2.263 = 1 30 42 89 88 85 73 47 39 86 72 27 94 95 77 64 21 16 92 8 
523-1-6 1?2.124 = 1 30 42 89 88 85 47 39 86 72 27 62 20 87 61 38 68 54 6 
523-1-5 1?2.049 = 1 30 42 89 88 85 47 39 86 72 27 62 20 97 43 83 74 5 
523-1-10 1?2.347 = 1 30 42 89 88 85 47 39 86 65 41 67 69 53 29 35 10 
523-2-4 1?2.063 = 2 90 30 42 89 88 85 73 47 39 48 19 76 81 50 46 4 
523-2-3 1?2.06 = 2 90 30 42 89 88 96 40 73 85 47 39 48 19 76 3 
523-1-14 1?1.681 = 1 30 42 89 88 85 47 63 58 23 28 18 60 91 93 78 14 
523-2-6 1?2.363 = 2 90 30 42 89 88 85 47 39 86 72 27 62 20 87 61 38 54 6 
523-2-5 1?2.186 = 2 19 76 81 37 32 83 26 43 97 70 61 38 54 68 57 74 5 
523-1-12 1?2.182 = 1 30 42 89 88 85 73 47 39 86 65 58 23 28 18 60 91 82 80 12 
523-1-13 1?1.805 = 1 30 42 89 88 85 73 47 39 86 65 58 23 28 18 60 91 13 
523-1-15 1?1.672 = 1 30 42 89 88 85 73 47 39 86 65 58 23 98 71 15 
523-1-9 1?2.413 = 1 30 42 89 88 85 73 47 39 86 72 27 62 94 95 77 64 31 9 
523-1-11 1?2.338 = 1 30 42 89 88 85 73 47 39 63 58 23 28 18 60 80 69 53 29 51 11 
523-2-10 1?2.5 = 2 90 30 42 89 88 85 73 47 39 86 65 41 67 33 35 10 
523-3-4 1?1.899 = 3 76 81 37 97 43 70 26 61 38 54 68 57 74 25 4 
523-2-8 1?2.385 = 2 76 81 37 97 43 26 57 38 68 54 45 55 49 84 16 59 92 8 
523-3-5 1?1.814 = 3 76 81 37 32 83 43 97 70 26 61 38 54 68 57 74 5 
523-2-7 1?2.303 = 2 19 76 81 37 32 83 43 97 70 26 61 38 57 68 54 45 55 7 
523-2-14 1?1.931 = 2 90 30 42 89 88 85 73 63 58 23 28 18 60 91 93 78 14 
523-2-12 1?2.384 = 2 90 30 42 89 88 85 73 47 39 86 63 65 41 67 69 53 29 12 
523-2-13 1?2.066 = 2 90 30 42 89 88 85 73 47 39 86 65 58 23 28 18 60 91 82 13 
523-2-9 1?2.573 = 2 90 30 42 89 88 85 73 47 39 86 72 27 94 95 77 64 31 9 
523-2-15 1?2.026 = 2 90 30 42 89 88 85 73 47 39 86 65 63 58 23 98 71 15 
523-2-11 1?2.457 = 2 90 30 42 89 88 85 73 47 39 86 65 41 67 69 53 29 35 11 
523-3-6 1?1.806 = 3 76 81 37 32 83 26 43 97 70 61 38 57 68 54 45 6 
523-4-5 1?1.55 = 4 46 50 37 32 83 43 97 70 26 61 38 54 68 57 5 
523-3-14 1?2.354 = 3 2 90 30 42 89 88 85 73 63 58 23 28 18 60 82 91 93 78 14 
523-3-7 1?2.282 = 3 76 81 37 32 83 26 43 97 70 61 38 57 68 54 45 55 49 84 7 
523-3-10 1?2.738 = 3 76 81 37 97 43 26 38 68 54 45 55 84 16 92 59 52 31 22 10 
523-3-8 1?2.259 = 3 76 81 37 32 83 43 97 70 26 61 38 68 54 45 55 84 16 59 92 8 
523-3-12 1?2.816 = 3 2 90 30 42 89 88 85 73 47 39 48 86 65 41 67 69 53 29 51 12 
523-3-13 1?2.456 = 3 2 90 30 42 89 88 85 73 47 39 86 65 58 23 28 18 60 91 82 13 
523-3-11 1?2.735 = 3 2 90 42 89 88 85 73 47 39 86 65 41 67 69 53 29 51 11 
523-3-15 1?2.416 = 3 2 90 30 42 89 88 85 73 47 39 86 65 63 58 23 98 71 15 
523-3-9 1?2.465 = 3 76 81 37 97 43 70 26 61 38 68 54 45 55 84 16 59 52 31 9 
523-4-6 1?1.639 = 4 46 50 37 32 83 43 97 70 26 61 38 54 45 55 6 
523-5-6 1?1.582 = 5 74 32 83 26 43 97 70 61 38 57 68 54 45 55 6 
523-4-7 1?2.112 = 4 46 50 37 32 83 26 43 97 70 61 38 57 68 54 45 55 49 84 7 
523-4-10 1?2.505 = 4 46 50 37 97 43 26 38 68 54 45 55 84 16 59 52 31 22 10 
523-4-14 1?2.318 = 4 46 50 81 17 79 62 27 72 65 58 23 28 18 60 82 91 93 78 14 
523-4-8 1?2.145 = 4 46 50 37 97 43 70 26 61 38 57 68 54 45 55 49 84 16 59 92 8 
523-4-13 1?2.549 = 4 46 50 37 32 83 26 43 70 97 20 62 27 72 41 28 18 60 91 82 13 
523-4-11 1?2.696 = 4 50 46 32 83 26 43 97 20 62 27 72 41 67 69 53 29 51 11 
523-4-15 1?2.516 = 4 46 50 37 17 79 62 27 72 65 86 39 47 73 85 89 88 40 15 
523-4-9 1?2.251 = 4 46 50 37 97 43 26 61 38 68 54 45 55 84 16 59 52 31 9 
523-4-12 1?2.786 = 4 46 50 37 32 83 26 70 43 97 20 62 27 72 41 67 69 53 29 51 12 
523-6-8 1?1.663 = 6 54 68 57 38 61 34 77 64 21 56 16 92 59 52 8 
523-6-7 1?1.828 = 6 45 54 68 57 38 61 34 77 64 21 56 52 59 16 7 
523-5-7 1?2.022 = 5 74 83 43 97 70 26 57 68 54 38 61 49 84 16 59 92 7 
523-5-8 1?1.971 = 5 74 83 32 97 43 70 26 57 38 68 54 45 55 49 84 16 59 92 8 
523-5-10 1?2.455 = 5 74 83 32 43 97 70 26 38 68 54 45 55 84 16 59 52 31 22 10 
523-5-14 1?2.396 = 5 74 32 83 26 70 43 97 20 62 27 72 41 28 18 60 82 91 93 78 14 
523-5-13 1?2.515 = 5 57 68 54 38 61 26 70 43 97 20 62 27 72 41 28 18 60 91 82 13 
523-5-9 1?2.2 = 5 74 83 32 97 43 70 26 61 38 68 54 45 55 84 16 59 52 31 9 
523-5-12 1?2.693 = 5 57 68 54 38 61 26 70 43 97 20 62 27 72 41 67 69 53 29 12 
523-5-15 1?2.552 = 5 57 68 54 38 61 26 43 97 20 62 27 72 86 39 47 85 73 40 15 
523-5-11 1?2.718 = 5 57 68 54 38 61 26 43 97 70 87 34 77 64 66 36 75 99 35 11 
523-7-8 1?1.816 = 7 55 45 54 68 57 38 61 34 77 64 56 16 59 92 8 
523-7-9 1?1.961 = 7 55 45 54 68 57 38 61 49 84 16 92 59 52 31 9 
523-7-10 1?2.465 = 7 55 45 54 68 57 38 61 49 84 21 56 16 92 59 52 31 22 10 
523-6-10 1?2.386 = 6 54 68 38 61 26 43 97 70 87 34 77 64 21 56 52 31 22 10 
523-6-14 1?2.328 = 6 54 68 38 26 43 97 20 62 27 72 41 28 18 60 82 91 93 78 14 
523-6-9 1?2.131 = 6 54 68 57 38 61 26 43 97 70 87 34 77 64 21 56 31 9 
523-6-13 1?2.339 = 6 54 68 38 61 26 70 43 97 20 62 27 72 41 28 18 60 91 82 13 
523-7-11 1?2.442 = 7 84 16 92 59 56 21 64 34 77 66 36 75 99 35 53 29 51 11 
523-6-12 1?2.517 = 6 54 68 38 61 26 70 43 97 20 62 27 72 41 67 69 53 29 12 
523-6-11 1?2.585 = 6 54 68 38 26 70 43 97 20 62 27 72 41 67 69 53 29 51 11 
523-6-15 1?2.521 = 6 45 54 68 38 61 26 70 43 97 20 62 27 72 86 39 47 85 73 40 15 
523-8-10 1?2.068 = 8 92 16 59 52 56 21 64 77 34 95 66 36 75 44 22 10 
523-8-14 1?2.334 = 8 92 59 16 56 21 64 77 95 94 41 28 18 60 82 91 93 78 14 
523-8-9 1?1.987 = 8 92 16 59 52 56 21 64 34 77 95 66 36 75 44 22 9 
523-7-14 1?2.523 = 7 16 59 56 21 64 77 95 94 27 72 41 28 18 60 91 93 78 14 
523-8-11 1?2.032 = 8 92 59 16 56 21 64 77 66 75 99 35 53 29 51 11 
523-8-12 1?2.21 = 8 92 16 59 52 56 21 64 34 77 66 36 75 99 33 53 29 51 12 
523-8-13 1?2.354 = 8 92 59 16 56 21 64 34 77 66 36 75 99 33 53 29 69 80 13 
523-7-13 1?2.549 = 7 55 45 54 68 38 26 43 97 20 62 27 72 41 28 18 60 91 82 13 
523-7-12 1?2.513 = 7 84 16 92 59 52 56 21 64 77 95 66 36 75 99 35 53 29 51 12 
523-7-15 1?2.523 = 7 55 45 54 68 38 61 26 43 97 20 62 27 72 65 58 98 71 15 
523-8-15 1?2.607 = 8 92 59 16 56 21 64 77 66 36 94 27 72 86 39 47 85 73 40 15 
523-9-12 1?2.211 = 9 31 52 59 16 56 21 64 66 75 99 33 53 29 51 12 
523-10-12 1?2.449 = 10 22 31 52 59 16 56 21 64 66 75 99 33 53 29 12 
523-9-10 1?2.192 = 9 31 52 59 92 16 56 21 64 77 66 36 75 44 22 10 
523-10-11 1?2.467 = 10 22 31 52 59 92 16 56 21 64 77 66 75 99 35 11 
523-10-13 1?2.603 = 10 22 44 75 99 35 29 53 69 80 82 91 60 28 24 78 93 13 
523-9-14 1?2.474 = 9 22 44 75 99 33 35 29 53 69 67 18 28 60 82 91 93 78 14 
523-9-11 1?2.25 = 9 31 52 59 92 16 56 21 64 77 66 36 75 99 35 11 
523-10-14 1?2.631 = 10 22 44 75 99 33 35 29 53 69 80 82 91 60 18 28 24 93 78 14 
523-9-13 1?2.453 = 9 22 44 75 99 33 35 29 53 69 18 28 60 24 78 93 91 82 13 
523-10-15 1?2.473 = 10 35 51 29 53 69 80 82 91 93 78 24 60 18 28 23 98 71 15 
523-9-15 1?2.669 = 9 22 44 75 99 35 53 29 80 82 91 93 24 60 18 28 23 98 71 15 
523-12-14 1?1.898 = 12 29 53 69 80 82 91 93 78 24 60 18 28 23 98 14 
523-11-14 1?1.943 = 11 35 29 53 69 80 82 91 60 18 28 23 24 93 78 14 
523-13-14 1?2.113 = 13 82 91 93 78 24 60 18 28 41 65 63 58 23 98 14 
523-11-12 1?2.309 = 11 35 29 53 33 67 18 28 60 24 78 93 91 82 80 12 
523-11-13 1?2.08 = 11 51 29 53 69 80 82 91 60 18 28 23 98 24 93 13 
523-12-13 1?2.028 = 12 51 29 53 69 80 82 91 60 18 28 23 98 24 93 13 
523-13-15 1?1.949 = 13 82 91 60 18 28 23 58 65 86 39 47 85 73 40 15 
523-14-15 1?1.939 = 14 78 93 91 82 60 18 28 23 58 63 39 47 85 73 40 15 
523-12-15 1?1.833 = 12 29 53 69 80 82 91 93 24 60 18 28 23 98 71 15 
523-11-15 1?2.544 = 11 35 29 53 69 80 82 91 93 78 24 60 18 67 28 23 98 71 15 
stop
