start
732-0-3 1?2.045 = 0 46 71 66 57 19 88 98 43 58 16 76 22 72 40 56 17 3 
732-0-4 1?2.35 = 0 46 71 66 57 19 88 98 44 43 61 22 76 16 40 56 17 73 4 
732-0-1 1?1.836 = 0 94 39 23 53 36 31 45 57 19 88 98 43 67 18 27 1 
732-0-11 1?2.315 = 0 46 39 23 31 36 53 77 89 51 32 75 63 87 70 25 93 69 85 11 
732-0-7 1?2.674 = 0 46 71 66 57 19 88 98 43 44 74 41 82 52 50 29 68 20 7 
732-0-2 1?1.775 = 0 46 71 66 57 19 88 98 43 61 22 76 16 91 2 
732-0-8 1?2.773 = 0 94 39 23 53 36 31 45 57 19 88 43 44 98 79 35 30 28 34 8 
732-0-5 1?2.389 = 0 46 71 66 57 19 88 98 44 74 41 82 83 42 52 50 29 92 95 5 
732-0-6 1?2.501 = 0 46 71 66 57 19 88 98 44 74 41 82 83 42 29 50 52 68 20 6 
732-0-10 1?2.362 = 0 46 71 66 57 19 88 98 79 47 87 70 25 93 69 85 26 10 
732-0-9 1?2.527 = 0 46 78 66 57 19 88 98 79 47 87 70 25 93 69 85 26 62 9 
732-1-3 1?1.782 = 1 27 18 67 58 61 22 72 76 16 49 48 91 40 56 17 3 
732-0-15 1?1.693 = 0 46 71 66 57 19 45 31 36 53 77 54 51 89 24 15 
732-0-14 1?1.485 = 0 46 71 66 57 88 19 45 31 36 53 77 54 89 51 14 
732-1-2 1?1.925 = 1 27 18 78 66 57 19 88 98 43 61 22 76 16 91 2 
732-1-4 1?2.377 = 1 27 18 49 48 91 16 76 72 22 61 97 59 41 81 82 83 4 
732-1-7 1?2.532 = 1 48 49 16 76 72 22 61 97 59 83 82 52 50 29 92 95 20 7 
732-0-13 1?1.938 = 0 46 78 66 43 44 98 88 19 57 45 31 36 53 77 54 32 13 
732-1-8 1?2.741 = 1 27 18 49 16 76 72 22 61 97 59 83 82 52 50 29 68 37 80 8 
732-0-12 1?2.065 = 0 46 71 66 57 19 88 98 79 47 69 93 25 87 70 84 55 12 
732-1-5 1?2.11 = 1 48 49 16 76 72 22 61 97 59 83 82 52 50 29 92 95 5 
732-1-6 1?2.379 = 1 27 18 49 16 76 72 22 61 97 59 82 83 42 29 50 52 68 20 6 
732-1-15 1?1.862 = 1 27 18 67 43 98 88 19 57 45 31 36 53 77 54 89 24 15 
732-2-3 1?1.91 = 2 91 48 49 16 76 72 22 61 97 41 59 96 17 3 
732-2-4 1?1.934 = 2 91 48 49 16 76 72 22 61 97 41 81 82 83 4 
732-1-12 1?2.329 = 1 27 18 67 43 44 98 88 19 57 45 31 36 53 77 54 51 32 75 12 
732-1-13 1?2.063 = 1 27 18 67 43 44 98 88 19 57 45 31 36 53 77 89 51 32 13 
732-1-11 1?2.51 = 1 27 18 67 43 44 98 19 88 57 45 38 21 65 63 87 25 93 69 85 11 
732-2-5 1?1.836 = 2 91 16 76 72 22 61 97 59 83 82 52 50 29 92 95 5 
732-1-14 1?1.675 = 1 27 18 67 43 44 98 88 19 57 45 31 53 77 54 51 14 
732-2-6 1?2.037 = 2 91 16 76 72 22 61 97 59 82 83 42 29 50 52 68 20 6 
732-1-9 1?2.699 = 1 27 18 78 66 57 19 88 98 79 47 87 70 25 93 69 85 26 62 9 
732-1-10 1?2.582 = 1 27 18 78 66 57 19 88 98 79 47 87 70 25 93 69 85 90 26 10 
732-3-4 1?2.091 = 3 17 56 40 16 76 72 22 61 97 59 41 81 82 83 4 
732-2-15 1?1.842 = 2 91 16 76 72 22 61 43 44 98 19 57 45 31 36 53 15 
732-3-5 1?1.882 = 3 17 56 72 22 61 97 59 83 82 52 50 29 92 95 5 
732-2-12 1?2.305 = 2 91 16 76 22 61 43 44 98 79 47 87 70 25 93 69 84 55 12 
732-2-11 1?2.46 = 2 48 49 16 76 22 61 43 44 98 79 47 87 70 25 93 69 85 11 
732-2-13 1?2.133 = 2 91 16 76 72 22 61 43 98 88 19 57 45 31 36 53 77 54 32 13 
732-2-7 1?2.346 = 2 91 16 76 72 22 61 97 59 82 83 42 92 29 50 52 68 20 7 
732-2-14 1?1.812 = 2 91 16 76 22 61 43 98 88 19 57 45 31 36 53 77 54 51 14 
732-2-8 1?2.62 = 2 91 16 76 72 22 61 97 59 83 82 52 50 29 68 37 80 34 28 8 
732-2-9 1?2.708 = 2 91 16 76 22 61 43 98 79 47 87 70 25 93 69 85 26 62 9 
732-2-10 1?2.59 = 2 91 16 76 22 61 43 44 98 79 47 87 70 25 93 69 85 26 10 
732-3-11 1?2.502 = 3 17 56 40 72 22 61 43 44 98 79 47 69 93 25 87 70 84 11 
732-3-6 1?1.865 = 3 17 56 96 59 82 83 42 95 92 29 50 52 68 20 6 
732-4-5 1?2.116 = 4 73 17 56 40 16 76 72 22 61 97 59 82 83 33 5 
732-3-7 1?2.281 = 3 17 56 40 16 76 22 61 97 59 83 82 52 50 29 20 7 
732-3-15 1?2.046 = 3 17 56 40 16 76 22 61 43 44 98 88 19 57 45 31 36 53 15 
732-3-12 1?2.41 = 3 17 56 40 72 22 61 43 44 98 79 47 69 93 25 87 70 84 55 12 
732-3-8 1?2.593 = 3 17 56 40 16 76 22 61 97 59 83 82 52 50 29 68 37 80 8 
732-3-13 1?2.269 = 3 17 56 40 72 22 61 43 98 88 19 57 45 31 36 53 77 54 51 32 13 
732-3-14 1?2.042 = 3 17 56 40 72 22 61 43 44 98 88 19 57 45 31 36 53 77 89 51 14 
732-3-10 1?2.638 = 3 17 56 40 72 22 61 43 98 79 47 87 70 25 93 69 85 26 10 
732-3-9 1?2.771 = 3 17 56 96 59 82 83 42 52 50 29 92 95 20 68 37 80 34 28 9 
732-4-11 1?2.702 = 4 73 17 56 72 22 61 43 44 98 79 47 87 70 25 93 69 85 11 
732-5-6 1?2.063 = 5 33 95 92 29 50 52 82 83 59 41 81 68 37 20 6 
732-4-6 1?2.059 = 4 73 17 96 59 41 82 83 42 92 29 50 52 68 20 6 
732-4-8 1?2.579 = 4 83 82 41 81 52 50 29 42 92 95 20 68 37 80 34 28 8 
732-4-12 1?2.631 = 4 73 17 56 40 72 22 61 43 44 98 79 47 69 93 25 70 84 55 12 
732-4-7 1?2.481 = 4 73 17 56 96 59 41 82 83 42 95 92 29 50 52 68 20 7 
732-4-15 1?2.316 = 4 73 17 56 40 16 76 22 61 43 44 98 88 19 57 45 31 36 53 15 
732-4-13 1?2.506 = 4 83 82 41 74 44 98 88 19 57 45 31 36 53 77 89 51 32 13 
732-4-14 1?2.243 = 4 73 17 56 40 72 22 61 43 98 88 19 57 45 31 36 53 77 89 51 14 
732-4-9 1?2.823 = 4 83 82 41 81 52 50 29 42 92 95 20 68 37 80 34 28 62 9 
732-4-10 1?2.879 = 4 73 17 56 72 22 61 43 98 79 47 87 70 25 93 69 85 26 10 
732-6-7 1?2.195 = 6 20 29 92 95 42 83 82 59 41 81 52 50 68 37 7 
732-5-7 1?2.158 = 5 33 95 92 29 50 52 82 83 59 41 81 68 20 37 7 
732-6-8 1?2.195 = 6 20 95 92 42 83 82 52 50 29 68 37 80 34 28 8 
732-5-8 1?2.194 = 5 33 95 92 42 83 82 52 50 29 20 68 37 60 34 8 
732-5-11 1?2.514 = 5 33 95 92 29 50 52 81 64 30 35 99 90 85 69 93 25 87 70 84 11 
732-5-15 1?2.361 = 5 95 92 29 50 52 82 41 74 44 98 88 19 57 45 38 31 36 53 15 
732-5-12 1?2.422 = 5 33 95 92 29 50 52 81 64 30 35 99 90 85 69 93 25 87 70 84 55 12 
732-5-13 1?2.495 = 5 33 83 82 41 74 44 98 88 19 57 45 31 36 53 77 89 51 32 13 
732-5-9 1?2.657 = 5 33 95 92 42 83 82 52 50 29 20 68 37 80 60 34 28 62 9 
732-5-14 1?2.254 = 5 95 92 29 50 52 81 41 74 44 98 88 19 57 45 31 36 53 77 54 51 14 
732-5-10 1?2.817 = 5 95 92 29 50 52 81 64 30 35 99 90 69 93 25 70 84 85 26 10 
732-7-8 1?2.483 = 7 20 29 92 95 42 83 82 52 50 68 37 80 34 28 8 
732-7-11 1?2.525 = 7 37 80 34 28 26 99 90 85 69 93 25 70 87 63 55 84 11 
732-6-11 1?2.483 = 6 95 92 29 50 52 81 64 30 35 99 90 85 69 93 25 70 84 11 
732-6-12 1?2.429 = 6 20 68 29 50 52 81 64 30 35 99 90 85 69 93 25 70 84 55 12 
732-7-9 1?2.475 = 7 20 95 92 42 83 82 52 50 29 68 37 80 34 28 9 
732-6-9 1?2.258 = 6 20 95 92 42 83 82 52 50 29 68 37 80 34 28 9 
732-6-15 1?2.473 = 6 20 68 29 50 52 42 83 82 41 74 44 98 88 19 57 45 31 36 53 15 
732-6-13 1?2.567 = 6 20 29 50 52 81 41 74 44 98 88 19 57 45 31 36 53 77 54 32 13 
732-7-10 1?2.827 = 7 20 68 52 50 29 92 42 83 82 41 81 64 30 35 99 26 10 
732-6-10 1?2.712 = 6 20 68 52 50 29 92 95 42 83 82 41 81 64 30 35 99 26 10 
732-6-14 1?2.381 = 6 95 92 42 83 82 41 74 44 98 88 19 57 45 31 36 53 77 89 51 14 
732-8-11 1?2.224 = 8 34 28 30 35 99 90 85 69 93 25 87 70 55 84 11 
732-8-12 1?2.395 = 8 80 34 28 60 30 35 99 90 85 69 93 25 70 87 63 55 84 12 
732-7-12 1?2.609 = 7 20 68 29 50 52 81 64 30 35 99 90 85 69 93 25 70 55 12 
732-7-15 1?2.666 = 7 20 68 29 50 52 42 83 82 41 74 44 98 88 19 45 31 36 53 15 
732-8-9 1?2.539 = 8 28 99 90 69 93 25 70 87 63 55 84 85 26 62 9 
732-8-13 1?2.487 = 8 28 34 60 30 35 99 90 85 69 93 25 84 70 87 63 75 32 13 
732-8-15 1?2.634 = 8 34 28 99 90 85 69 93 25 70 87 63 75 32 51 54 77 89 24 15 
732-8-10 1?2.49 = 8 34 28 30 35 99 90 69 93 25 70 84 85 26 10 
732-7-13 1?2.64 = 7 80 34 28 30 35 99 90 85 69 93 25 87 70 84 55 63 75 32 13 
732-8-14 1?2.519 = 8 28 34 60 30 35 79 98 88 19 57 45 31 36 53 77 54 89 51 14 
732-7-14 1?2.53 = 7 20 68 29 50 52 81 74 44 98 88 19 57 45 31 36 53 77 54 51 14 
732-9-11 1?2.283 = 9 62 26 90 85 69 93 25 70 87 63 65 75 12 55 84 11 
732-10-11 1?2.289 = 10 26 85 69 93 25 70 87 63 65 21 32 75 12 55 84 11 
732-10-12 1?2.017 = 10 26 90 85 69 93 25 84 70 87 63 65 21 32 75 12 
732-10-13 1?1.734 = 10 26 99 90 85 69 93 25 87 70 84 55 63 75 32 13 
732-9-12 1?2.517 = 9 62 26 85 69 93 25 70 87 63 65 21 77 54 51 32 75 12 
732-10-14 1?1.764 = 10 26 85 69 93 25 70 87 63 65 21 54 77 89 51 14 
732-10-15 1?2.324 = 10 26 85 69 93 25 70 87 47 79 98 88 19 57 45 31 53 15 
732-9-10 1?2.606 = 9 28 34 60 30 35 99 90 85 69 93 25 70 84 11 10 
732-9-15 1?2.424 = 9 62 26 85 69 25 93 84 70 87 63 75 32 51 54 77 89 24 15 
732-9-13 1?2.486 = 9 62 26 85 69 93 25 70 87 63 65 21 54 77 89 51 32 75 13 
732-9-14 1?2.308 = 9 62 26 90 85 69 93 25 87 70 84 55 63 75 32 51 54 77 89 14 
732-11-12 1?2.084 = 11 85 69 93 25 70 87 63 65 21 77 54 51 32 75 12 
732-11-13 1?1.858 = 11 85 69 93 25 70 87 63 65 21 77 54 89 51 32 13 
732-14-15 1?1.654 = 14 51 54 77 89 24 53 36 31 45 57 66 71 39 23 15 
732-12-13 1?1.735 = 12 55 84 69 93 25 70 87 63 65 21 77 54 51 32 13 
732-12-14 1?1.479 = 12 55 84 69 93 25 70 87 63 65 21 77 54 89 51 14 
732-13-14 1?1.747 = 13 32 75 63 70 25 93 69 87 65 21 54 77 89 51 14 
732-11-14 1?1.611 = 11 84 69 93 25 70 87 63 75 32 54 77 89 51 14 
732-13-15 1?1.978 = 13 32 51 54 89 77 53 36 31 45 19 88 57 66 71 39 23 15 
732-12-15 1?1.997 = 12 55 84 69 93 25 70 87 63 75 32 51 54 77 53 36 31 23 15 
732-11-15 1?2.22 = 11 85 69 93 25 70 87 47 79 44 98 88 57 19 45 31 36 53 15 
stop
