start
943-0-3 1?2.223 = 0 31 40 20 19 87 75 64 58 77 96 89 78 57 73 42 3 
943-0-2 1?2.113 = 0 31 40 20 19 87 75 64 58 77 96 89 78 73 57 44 2 
943-0-6 1?2.428 = 0 31 19 87 75 77 58 71 80 59 27 23 54 95 90 72 33 99 6 
943-0-4 1?2.506 = 0 67 66 85 32 21 41 22 92 82 70 71 80 28 93 25 35 4 
943-0-5 1?2.598 = 0 67 66 85 32 21 41 22 92 82 70 71 80 59 28 93 34 17 5 
943-0-11 1?2.305 = 0 31 40 19 87 96 77 58 64 16 92 22 41 21 24 83 74 56 11 
943-0-1 1?1.937 = 0 31 40 19 87 75 64 58 77 96 89 78 73 57 44 20 1 
943-0-8 1?2.409 = 0 67 66 85 32 22 92 82 70 62 26 97 52 37 55 91 30 98 8 
943-0-7 1?2.541 = 0 31 40 19 87 75 96 77 80 59 27 23 54 95 90 72 63 51 7 
943-0-9 1?2.384 = 0 67 85 32 21 41 22 92 82 70 62 26 97 52 37 55 91 30 61 9 
943-0-10 1?2.436 = 0 31 19 87 96 77 58 64 16 22 92 82 70 62 26 97 45 65 76 10 
943-0-15 1?1.961 = 0 19 87 75 96 77 58 64 16 92 22 41 21 32 85 66 15 
943-1-3 1?2.391 = 1 40 19 87 75 64 58 77 96 89 78 28 93 25 35 48 43 3 
943-1-2 1?2.101 = 1 20 40 31 19 87 75 64 58 77 96 89 78 73 57 44 2 
943-0-14 1?1.796 = 0 31 19 87 96 77 58 64 16 92 22 41 21 69 47 14 
943-1-4 1?2.31 = 1 20 19 87 75 64 58 77 96 89 78 57 73 42 43 48 4 
943-0-12 1?2.026 = 0 31 40 19 87 75 96 77 58 64 16 92 22 41 21 83 86 39 12 
943-1-8 1?2.482 = 1 40 19 87 75 77 58 71 70 62 26 97 52 37 55 91 30 98 29 36 8 
943-1-6 1?2.49 = 1 40 19 87 75 96 77 58 71 80 59 27 23 94 54 95 90 72 33 99 6 
943-0-13 1?1.767 = 0 19 87 96 77 58 64 16 92 22 21 41 24 83 53 13 
943-1-7 1?2.59 = 1 40 19 87 75 77 58 71 80 59 27 23 94 54 95 90 72 63 51 7 
943-1-5 1?2.682 = 1 20 19 87 96 77 58 64 16 22 92 82 70 71 80 28 93 34 17 5 
943-1-14 1?1.758 = 1 20 19 87 75 77 58 64 16 92 22 41 21 69 47 14 
943-1-15 1?1.917 = 1 20 19 87 96 77 58 64 16 92 22 41 21 32 85 66 15 
943-1-13 1?1.923 = 1 20 44 57 78 89 96 77 58 64 16 92 22 21 41 24 83 53 13 
943-2-3 1?2.481 = 2 44 57 78 89 96 77 58 71 80 59 28 93 25 35 48 43 3 
943-2-4 1?2.429 = 2 44 57 78 89 96 77 58 71 80 59 27 28 93 25 35 4 
943-1-12 1?2.195 = 1 20 44 57 73 78 89 96 77 58 64 16 92 22 21 41 24 83 86 39 12 
943-1-11 1?2.389 = 1 20 19 87 75 77 58 64 16 92 22 41 21 24 83 86 39 74 56 11 
943-1-10 1?2.498 = 1 20 19 87 96 77 58 64 16 22 92 82 70 62 26 97 52 37 65 76 10 
943-2-6 1?2.495 = 2 44 57 78 89 96 77 58 71 80 59 27 23 54 95 90 72 33 99 6 
943-2-5 1?2.598 = 2 44 57 78 89 96 77 58 64 16 71 80 59 28 93 25 34 17 5 
943-1-9 1?2.417 = 1 40 19 87 75 96 77 58 64 16 82 70 62 26 97 52 37 55 91 61 9 
943-2-15 1?1.998 = 2 44 57 78 89 96 77 58 16 22 41 21 32 85 66 15 
943-2-13 1?1.942 = 2 44 57 78 89 96 77 58 64 16 92 22 21 41 24 83 86 53 13 
943-3-5 1?2.61 = 3 42 73 57 78 89 96 77 58 71 80 59 28 93 34 17 5 
943-2-14 1?2.076 = 2 44 57 78 89 96 77 58 64 16 92 22 41 21 32 85 66 47 14 
943-2-11 1?2.338 = 2 44 57 78 89 96 77 58 64 16 92 22 21 41 24 83 74 56 11 
943-3-4 1?2.565 = 3 42 73 57 78 89 96 77 58 71 80 28 93 25 35 48 4 
943-2-9 1?2.377 = 2 44 57 78 89 96 77 58 71 70 62 26 97 52 37 55 91 61 9 
943-2-8 1?2.509 = 2 57 78 89 96 77 71 62 26 97 52 37 55 91 30 98 29 36 8 
943-2-10 1?2.509 = 2 44 57 78 89 96 77 58 64 16 22 92 82 70 62 26 97 45 65 76 10 
943-2-12 1?2.422 = 2 44 57 78 89 87 75 96 77 58 64 16 92 22 21 41 24 83 86 74 56 12 
943-2-7 1?2.641 = 2 44 57 78 89 96 77 58 71 80 59 27 23 54 95 90 72 63 51 7 
943-3-6 1?2.352 = 3 43 48 35 34 88 33 63 72 90 95 54 18 51 99 6 
943-3-15 1?2.276 = 3 42 73 57 78 89 96 77 58 64 16 92 22 41 21 32 85 66 15 
943-4-5 1?2.614 = 4 17 88 72 90 95 54 94 79 68 18 51 63 99 33 5 
943-3-11 1?2.54 = 3 42 73 78 89 96 77 58 64 16 92 22 21 41 24 83 86 74 56 11 
943-3-10 1?2.621 = 3 42 73 78 89 96 77 58 16 22 92 82 70 62 26 97 45 65 76 10 
943-3-9 1?2.4 = 3 43 48 35 34 88 72 90 95 54 94 68 49 36 29 98 30 91 61 9 
943-3-8 1?2.549 = 3 43 48 35 34 88 33 99 51 63 72 90 95 54 94 68 46 49 36 8 
943-3-13 1?2.406 = 3 42 73 57 78 89 87 75 96 77 58 64 16 22 92 41 21 24 83 86 53 13 
943-3-14 1?2.451 = 3 42 73 78 89 96 77 58 64 16 92 22 21 41 24 83 86 53 69 47 14 
943-3-7 1?2.713 = 3 43 48 35 34 88 33 99 51 63 72 90 95 54 94 79 68 46 50 7 
943-3-12 1?2.56 = 3 42 73 57 78 89 87 75 77 58 64 16 82 92 22 41 21 24 83 86 39 12 
943-5-6 1?2.024 = 5 17 88 72 90 95 54 94 79 68 18 51 63 99 6 
943-4-6 1?2.253 = 4 17 88 72 90 95 54 94 79 68 18 51 63 99 6 
943-4-7 1?2.32 = 4 17 88 33 99 51 63 72 90 95 54 94 79 68 18 7 
943-4-15 1?2.384 = 4 48 35 25 93 28 59 80 71 70 82 92 22 41 21 32 85 66 15 
943-4-13 1?2.363 = 4 48 35 25 93 28 27 97 26 62 70 82 92 22 21 41 24 83 53 13 
943-4-11 1?2.675 = 4 35 25 93 28 27 97 26 62 70 82 92 22 21 41 24 74 56 11 
943-4-12 1?2.456 = 4 35 25 93 28 27 97 26 62 70 82 92 22 21 41 24 83 86 39 12 
943-4-10 1?2.69 = 4 17 88 72 90 95 54 94 79 68 46 49 36 29 98 30 61 91 55 10 
943-4-8 1?2.439 = 4 17 88 33 99 51 63 72 90 95 54 94 79 68 46 49 29 36 8 
943-4-14 1?2.383 = 4 48 35 25 93 23 27 97 26 62 70 82 92 22 41 21 69 47 14 
943-4-9 1?2.422 = 4 48 35 34 88 72 90 95 54 94 79 68 46 49 36 29 98 30 91 61 9 
943-5-7 1?2.091 = 5 17 88 33 99 51 63 72 90 95 54 94 79 68 18 7 
943-6-7 1?1.933 = 6 33 99 51 63 72 90 95 54 94 68 29 36 49 46 50 7 
943-6-8 1?1.748 = 6 99 51 63 33 72 90 95 54 94 79 68 46 49 29 36 8 
943-5-8 1?2.13 = 5 17 88 33 99 51 63 72 90 95 54 94 79 68 46 49 36 8 
943-5-10 1?2.396 = 5 17 88 72 90 95 54 94 79 68 49 36 29 98 30 61 91 55 10 
943-5-15 1?2.609 = 5 17 34 25 93 23 27 97 26 62 70 82 92 22 41 21 32 85 66 15 
943-5-13 1?2.466 = 5 17 34 25 93 28 27 59 80 71 70 82 92 22 21 41 24 83 86 53 13 
943-5-9 1?2.046 = 5 17 88 72 90 95 54 94 79 68 46 49 36 29 98 30 91 61 9 
943-5-12 1?2.553 = 5 17 34 93 23 27 97 26 62 70 82 92 22 41 21 24 83 86 39 12 
943-5-14 1?2.544 = 5 17 34 25 93 23 27 59 80 71 70 82 92 22 41 21 69 47 38 14 
943-5-11 1?2.655 = 5 17 88 72 90 95 54 94 79 68 46 49 36 29 98 30 91 55 76 84 11 
943-7-10 1?1.964 = 7 51 63 72 90 95 54 94 68 29 98 30 91 55 10 
943-7-9 1?1.669 = 7 51 63 72 90 95 54 94 68 29 98 30 91 61 9 
943-7-8 1?1.794 = 7 51 63 99 33 72 90 95 54 94 79 68 46 49 29 36 8 
943-6-9 1?1.791 = 6 99 63 72 90 95 54 94 79 68 46 49 36 29 98 30 91 61 9 
943-6-13 1?2.34 = 6 33 72 90 95 54 23 27 97 26 62 70 82 92 22 21 41 24 83 53 13 
943-6-10 1?2.184 = 6 99 51 63 72 90 95 54 94 79 68 46 49 36 29 98 30 91 55 10 
943-7-11 1?2.423 = 7 51 63 72 90 95 54 94 68 46 49 36 29 98 30 91 55 76 84 11 
943-6-15 1?2.525 = 6 99 63 72 90 95 54 94 23 27 97 26 62 70 82 92 22 32 85 66 15 
943-6-12 1?2.457 = 6 33 72 90 95 54 23 27 97 26 62 70 82 92 22 41 21 83 86 39 12 
943-6-11 1?2.498 = 6 99 51 63 72 90 95 54 94 79 68 46 49 36 29 98 30 91 55 76 84 11 
943-6-14 1?2.359 = 6 99 33 72 90 95 54 23 27 97 26 62 70 82 92 22 41 21 69 47 14 
943-8-10 1?2.086 = 8 46 49 36 29 98 30 61 91 55 37 52 45 65 76 84 10 
943-8-9 1?2.059 = 8 7 51 63 72 90 95 54 94 68 29 98 30 91 61 9 
943-7-13 1?2.34 = 7 18 54 23 27 97 26 62 70 82 92 22 21 41 24 83 86 53 13 
943-8-12 1?2.29 = 8 98 30 91 55 37 52 97 26 62 70 82 92 22 41 24 74 12 
943-7-12 1?2.43 = 7 18 54 23 27 97 26 62 70 82 92 22 21 41 24 83 86 39 12 
943-8-11 1?2.511 = 8 98 30 91 55 37 52 97 26 62 70 82 92 22 41 24 60 11 
943-8-13 1?2.192 = 8 98 30 91 55 37 52 97 26 62 70 82 92 22 21 41 24 83 53 13 
943-7-15 1?2.536 = 7 51 63 72 90 95 54 23 27 97 26 62 70 82 92 22 32 85 66 15 
943-8-15 1?2.381 = 8 36 29 98 30 91 55 37 52 97 26 62 70 82 92 22 41 21 32 85 66 15 
943-8-14 1?2.216 = 8 36 29 98 30 91 55 37 52 97 26 62 70 82 92 22 41 21 69 47 14 
943-7-14 1?2.505 = 7 51 63 72 90 95 54 23 27 97 26 62 70 82 92 22 41 21 69 47 14 
943-9-13 1?1.906 = 9 61 55 37 52 97 26 62 70 82 41 21 83 53 13 
943-10-13 1?1.817 = 10 76 65 45 81 82 92 22 21 41 24 83 86 53 13 
943-9-12 1?2.034 = 9 61 30 91 55 37 52 97 26 62 81 60 74 56 12 
943-10-12 1?1.971 = 10 76 65 45 81 70 82 92 22 21 41 24 83 86 39 12 
943-9-11 1?2.034 = 9 61 91 30 98 29 36 49 46 68 79 37 52 65 76 84 11 
943-10-11 1?2.26 = 10 76 65 45 81 62 70 82 92 22 21 41 24 74 56 11 
943-9-10 1?1.951 = 9 61 91 30 98 29 36 49 46 68 79 37 52 45 65 76 10 
943-10-14 1?2 = 10 76 65 37 52 97 26 62 70 82 92 22 41 21 69 47 14 
943-10-15 1?2.302 = 10 76 65 37 52 97 26 62 70 82 92 22 41 21 32 85 66 67 15 
943-9-15 1?2.341 = 9 61 30 91 55 37 52 97 26 62 70 82 92 22 41 21 32 85 66 67 15 
943-9-14 1?2.246 = 9 61 30 91 55 37 52 97 26 62 70 82 92 22 41 21 32 85 66 47 14 
943-11-13 1?2.151 = 11 56 74 83 24 41 21 22 92 16 85 66 69 53 13 
943-12-13 1?1.905 = 12 39 86 83 24 41 21 22 92 16 32 85 66 69 53 13 
943-11-12 1?2.306 = 11 56 60 81 62 70 82 41 21 24 83 86 53 39 12 
943-13-14 1?1.551 = 13 53 86 83 24 41 21 22 92 16 85 66 38 47 14 
943-14-15 1?1.869 = 14 38 47 69 21 41 22 92 16 64 58 77 96 75 67 15 
943-13-15 1?1.713 = 13 53 86 83 24 41 21 22 92 82 16 85 66 67 15 
943-12-14 1?1.834 = 12 39 86 83 24 41 21 22 92 16 32 85 66 69 47 38 14 
943-11-14 1?2.073 = 11 56 74 86 83 24 41 21 22 92 16 32 85 66 38 47 14 
943-12-15 1?2.151 = 12 56 74 39 86 83 24 41 21 22 92 82 70 71 16 85 66 15 
943-11-15 1?2.369 = 11 56 74 86 83 24 41 21 22 92 82 70 71 16 85 66 67 15 
stop
