start
503-0-1 1?1.789 = 0 34 43 93 75 16 47 82 54 22 55 46 98 57 56 1 
503-0-2 1?2.043 = 0 34 43 93 52 16 75 18 56 54 22 82 36 55 46 98 57 2 
503-0-3 1?1.932 = 0 34 43 93 75 16 47 36 82 54 22 55 98 46 78 91 44 3 
503-0-4 1?2.682 = 0 34 43 93 16 47 36 55 82 22 54 18 56 57 98 46 91 44 4 
503-0-5 1?2.446 = 0 34 93 75 16 82 54 22 55 46 91 78 79 92 80 62 64 5 
503-0-6 1?2.43 = 0 34 43 93 16 82 54 22 55 79 92 80 62 73 87 96 72 33 6 
503-0-7 1?2.55 = 0 34 43 93 75 16 82 54 22 55 79 92 80 62 73 87 96 72 33 89 7 
503-0-8 1?2.679 = 0 34 93 75 16 82 54 22 55 79 92 80 62 73 87 96 72 51 26 8 
503-0-9 1?2.56 = 0 34 43 93 52 67 53 35 68 71 25 63 27 30 61 97 66 74 99 76 9 
503-0-10 1?2.476 = 0 34 43 93 52 67 53 35 68 71 25 63 27 30 50 61 97 66 74 39 10 
503-0-11 1?2.562 = 0 34 43 93 52 67 53 35 71 25 63 27 30 50 61 83 77 65 84 69 11 
503-0-12 1?2.154 = 0 34 43 93 16 47 67 53 85 28 83 77 65 69 84 48 24 12 
503-0-13 1?1.917 = 0 34 43 93 75 16 47 53 85 28 86 42 31 21 41 13 
503-0-14 1?2.03 = 0 34 43 93 16 82 54 22 55 36 47 67 37 17 19 14 
503-0-15 1?1.93 = 0 34 43 93 16 82 54 22 55 36 47 67 37 17 19 15 
503-1-2 1?1.816 = 1 56 18 75 93 52 47 16 82 54 22 55 46 98 57 2 
503-1-3 1?1.868 = 1 56 18 75 93 52 16 82 54 22 55 98 46 91 44 3 
503-1-4 1?2.198 = 1 56 18 75 93 43 52 16 47 82 54 22 55 46 91 44 4 
503-1-5 1?2.241 = 1 56 18 82 54 22 55 46 91 78 79 92 80 62 64 5 
503-1-6 1?2.412 = 1 56 18 82 54 22 55 78 79 92 80 62 73 87 96 72 33 89 6 
503-1-7 1?2.501 = 1 56 18 54 22 55 46 78 79 92 80 62 58 73 87 96 72 33 89 7 
503-1-8 1?2.623 = 1 56 18 82 54 22 55 79 92 80 62 73 87 96 72 51 26 23 90 8 
503-1-9 1?2.6 = 1 56 18 75 93 52 67 53 35 45 68 71 25 63 27 50 30 59 76 99 9 
503-1-10 1?2.63 = 1 56 18 82 54 22 55 36 45 68 25 63 27 30 50 61 97 66 74 39 10 
503-1-11 1?2.509 = 1 56 18 54 22 82 16 75 93 52 67 53 85 28 83 77 65 84 48 69 11 
503-1-12 1?2.329 = 1 56 54 22 82 16 47 67 53 85 28 83 77 65 69 84 48 24 12 
503-1-13 1?2.311 = 1 56 54 22 82 16 75 93 52 67 53 85 28 86 42 31 21 41 13 
503-1-14 1?2.01 = 1 56 18 54 22 82 47 16 75 93 52 67 37 17 19 14 
503-1-15 1?1.91 = 1 56 18 54 22 82 47 16 75 93 52 67 37 17 19 15 
503-2-3 1?2.074 = 2 57 56 18 75 93 16 47 82 54 22 55 46 91 44 3 
503-2-4 1?2.343 = 2 57 56 18 75 93 16 82 54 22 55 98 46 91 44 4 
503-2-5 1?2.361 = 2 57 98 46 78 79 92 62 80 58 73 96 87 40 64 5 
503-2-6 1?2.419 = 2 57 22 54 82 55 46 78 79 92 80 62 73 87 96 72 33 6 
503-2-7 1?2.498 = 2 57 22 54 82 55 46 78 79 92 80 62 73 87 96 72 33 89 7 
503-2-8 1?2.505 = 2 98 46 78 79 92 80 62 73 87 96 72 51 26 23 90 94 20 8 
503-2-9 1?2.505 = 2 91 92 80 62 40 87 73 96 72 51 26 23 90 94 20 76 99 9 
503-2-10 1?2.617 = 2 57 22 54 82 36 45 68 71 25 63 27 30 50 61 97 66 74 39 10 
503-2-11 1?2.578 = 2 98 46 55 22 54 82 16 47 67 53 85 28 70 83 77 65 84 48 69 11 
503-2-12 1?2.411 = 2 57 22 54 82 16 47 67 53 85 28 83 77 65 69 84 48 24 12 
503-2-13 1?2.364 = 2 98 46 55 22 54 82 16 47 67 53 85 28 86 42 31 21 41 13 
503-2-14 1?2.523 = 2 57 98 46 55 22 54 82 36 47 16 75 93 43 52 67 37 17 19 14 
503-2-15 1?2.103 = 2 57 98 46 55 22 54 82 16 75 93 52 67 37 17 19 15 
503-3-4 1?2.603 = 3 44 91 78 79 92 80 62 73 96 72 87 40 81 64 5 4 
503-3-5 1?2.214 = 3 44 91 78 79 92 80 62 73 96 72 87 40 81 64 5 
503-3-6 1?2.12 = 3 44 91 78 79 92 62 80 58 73 87 96 72 89 33 6 
503-3-7 1?2.53 = 3 44 91 78 79 92 80 62 40 87 73 96 23 26 51 72 33 89 7 
503-3-8 1?2.435 = 3 44 91 92 80 62 58 73 87 96 72 51 26 23 90 94 20 8 
503-3-9 1?2.499 = 3 44 91 78 79 92 80 62 73 87 96 51 26 23 90 94 20 76 99 9 
503-3-10 1?2.651 = 3 44 92 62 80 58 73 87 96 72 51 26 23 90 94 20 76 99 39 10 
503-3-11 1?2.655 = 3 44 91 78 79 32 68 71 25 63 27 30 50 61 70 83 77 65 84 48 69 11 
503-3-12 1?2.57 = 3 44 91 78 79 32 68 71 27 30 50 61 70 83 77 65 69 84 48 24 12 
503-3-13 1?2.523 = 3 44 91 46 55 22 54 82 16 47 67 53 85 28 86 42 31 21 41 13 
503-3-14 1?2.634 = 3 44 91 78 46 55 22 54 82 16 75 93 43 52 67 53 38 37 17 19 14 
503-3-15 1?2.499 = 3 44 91 78 46 98 55 22 54 82 16 75 93 43 52 67 38 37 17 19 15 
503-4-5 1?2.321 = 4 92 62 80 58 73 87 96 26 51 72 89 33 81 64 5 
503-4-6 1?2.098 = 4 92 80 62 40 73 87 72 96 23 90 26 51 89 33 6 
503-4-7 1?2.421 = 4 92 80 62 58 23 90 26 51 72 96 73 87 40 81 33 89 7 
503-4-8 1?2.493 = 4 92 80 62 40 87 73 96 72 51 26 23 90 94 20 76 99 9 8 
503-4-9 1?2.579 = 4 92 80 62 40 87 73 96 72 51 26 23 90 94 20 59 74 76 99 9 
503-4-10 1?2.376 = 4 92 80 62 40 87 73 96 72 51 26 23 90 94 20 76 99 39 10 
503-4-11 1?2.505 = 4 92 80 62 58 95 25 63 27 30 50 61 70 83 77 65 84 69 11 
503-4-12 1?2.579 = 4 92 80 62 58 95 25 63 27 30 61 70 83 77 65 69 84 48 24 12 
503-4-13 1?2.597 = 4 92 80 62 58 95 25 63 27 30 50 60 28 86 42 31 21 41 13 
503-4-14 1?2.888 = 4 92 80 62 58 95 25 63 27 30 50 60 28 86 42 31 21 41 29 14 
503-4-15 1?2.762 = 4 44 91 78 46 98 55 22 54 82 16 75 93 43 52 67 38 37 17 19 15 
503-5-6 1?2.192 = 5 64 40 62 92 80 58 73 87 96 26 51 72 89 33 6 
503-5-7 1?2.405 = 5 64 40 87 73 58 95 63 27 50 30 59 20 94 90 26 7 
503-5-8 1?2.122 = 5 64 81 40 87 73 96 72 51 26 23 90 94 20 76 99 9 8 
503-5-9 1?2.414 = 5 64 40 73 87 96 72 51 26 23 90 95 25 63 27 50 30 59 76 99 9 
503-5-10 1?2.477 = 5 64 40 87 73 96 72 51 26 23 95 25 63 27 30 50 61 97 66 74 39 10 
503-5-11 1?2.372 = 5 64 40 87 96 73 58 95 63 27 30 50 61 70 83 77 65 84 69 11 
503-5-12 1?2.396 = 5 64 40 87 73 58 95 63 27 30 50 61 70 83 77 65 69 84 48 24 12 
503-5-13 1?2.464 = 5 64 40 87 96 73 58 95 63 27 30 50 60 28 86 42 31 21 41 13 
503-5-14 1?2.617 = 5 64 81 40 87 73 58 95 63 27 30 50 60 28 86 42 31 21 29 14 
503-5-15 1?2.667 = 5 64 40 87 96 73 58 95 63 27 30 50 60 85 38 17 19 15 
503-6-7 1?1.984 = 6 33 89 72 96 73 87 40 62 80 58 23 90 26 51 7 
503-6-8 1?1.95 = 6 81 40 87 73 96 72 51 26 23 90 94 20 76 99 9 8 
503-6-9 1?1.561 = 6 81 40 87 73 96 72 51 26 23 90 94 20 76 99 9 
503-6-10 1?2.332 = 6 81 40 87 73 96 72 51 26 23 95 25 63 27 30 50 61 97 66 39 10 
503-6-11 1?2.261 = 6 33 72 96 87 73 58 95 63 27 30 50 61 70 83 77 65 84 69 11 
503-6-12 1?2.306 = 6 33 72 96 87 73 58 95 63 27 30 50 61 70 83 77 65 84 48 24 12 
503-6-13 1?2.438 = 6 33 72 96 87 73 58 95 63 27 30 50 61 70 28 86 42 31 21 41 13 
503-6-14 1?2.601 = 6 33 72 96 87 73 58 95 25 63 27 30 50 60 28 86 42 31 21 29 14 
503-6-15 1?2.664 = 6 33 72 96 87 73 58 95 25 63 27 30 50 60 85 38 37 17 19 15 
503-7-8 1?2.027 = 7 89 33 72 87 73 96 51 26 23 90 94 20 76 99 9 8 
503-7-9 1?1.929 = 7 26 51 72 96 87 40 73 58 23 90 94 20 76 99 9 
503-7-10 1?1.889 = 7 51 26 23 90 95 63 27 30 50 61 97 66 74 39 10 
503-7-11 1?1.946 = 7 51 26 23 95 63 27 30 61 70 83 77 65 84 69 11 
503-7-12 1?2.163 = 7 51 26 23 90 95 63 27 30 50 61 70 83 77 65 69 84 48 24 12 
503-7-13 1?2.383 = 7 51 72 96 87 73 58 95 63 27 30 50 60 28 86 42 31 21 41 13 
503-7-14 1?2.618 = 7 51 26 23 90 95 63 27 30 50 61 70 83 77 49 88 41 31 21 29 14 
503-7-15 1?2.657 = 7 89 33 72 96 87 73 58 95 63 27 30 50 60 85 38 37 17 19 15 
503-8-9 1?1.945 = 8 20 94 90 23 95 25 63 27 50 30 59 76 99 9 
503-8-10 1?1.974 = 8 20 94 90 23 95 63 27 30 61 97 66 74 39 10 
503-8-11 1?1.981 = 8 94 20 95 63 27 30 50 61 70 83 77 65 84 69 11 
503-8-12 1?2.112 = 8 94 20 95 25 63 27 30 50 61 70 83 77 65 84 48 24 12 
503-8-13 1?2.352 = 8 20 94 90 23 95 25 63 27 30 50 60 28 86 42 31 21 41 13 
503-8-14 1?2.585 = 8 94 90 23 95 25 63 27 30 50 60 28 86 42 31 21 41 29 14 
503-8-15 1?2.695 = 8 20 94 90 23 95 25 63 27 30 50 60 28 85 38 37 17 19 15 
503-9-10 1?1.876 = 9 99 76 20 94 95 63 27 30 61 97 66 74 39 10 
503-9-11 1?1.954 = 9 76 99 74 66 97 61 70 83 77 49 24 65 84 69 11 
503-9-12 1?1.92 = 9 76 99 39 74 66 97 61 70 83 77 65 69 84 24 12 
503-9-13 1?2.243 = 9 76 99 74 66 97 61 70 83 77 65 69 84 48 24 88 31 21 41 13 
503-9-14 1?2.427 = 9 99 76 74 66 97 83 77 65 69 84 48 24 49 88 41 31 21 29 14 
503-9-15 1?2.57 = 9 99 76 20 94 90 23 95 63 27 30 50 60 85 38 37 17 19 15 
503-10-11 1?1.893 = 10 39 74 66 97 59 30 50 61 70 83 77 65 84 48 69 11 
503-10-12 1?1.87 = 10 39 74 66 97 61 70 83 77 65 84 48 24 49 88 12 
503-10-13 1?1.87 = 10 39 74 66 97 77 65 69 84 48 24 49 88 41 13 
503-10-14 1?2.25 = 10 39 74 66 97 77 65 69 84 48 24 49 88 41 31 21 29 14 
503-10-15 1?2.499 = 10 39 74 66 97 61 50 30 27 63 25 68 35 53 67 37 17 19 15 
503-11-12 1?2.119 = 11 69 48 84 65 77 83 70 61 30 50 60 28 86 49 24 12 
503-11-13 1?1.895 = 11 69 84 48 24 49 77 83 28 86 42 88 31 21 41 13 
503-11-14 1?2.463 = 11 69 84 48 24 49 88 41 21 31 42 86 28 85 38 37 17 19 14 
503-11-15 1?2.363 = 11 69 84 48 24 49 88 41 21 31 42 86 28 85 38 37 17 19 15 
503-12-13 1?1.835 = 12 24 48 84 69 65 77 83 70 28 86 42 49 88 41 13 
503-12-14 1?1.9 = 12 24 48 84 69 65 77 86 42 49 88 41 31 21 29 14 
503-12-15 1?2.042 = 12 24 48 84 69 65 49 88 41 21 31 38 37 17 19 15 
503-13-14 1?1.931 = 13 41 88 49 24 48 84 69 65 77 86 42 31 21 29 14 
503-13-15 1?2.153 = 13 41 21 31 88 49 77 83 70 28 85 38 37 17 19 15 
503-14-15 1?2.321 = 14 29 21 31 41 88 49 77 83 28 85 38 37 17 19 15 
stop
