start
802-0-2 1?2.17 = 0 67 40 76 43 69 36 88 31 51 93 63 49 37 79 2 
802-0-3 1?2.276 = 0 67 43 76 40 69 36 88 89 31 51 93 79 37 63 49 64 3 
802-0-4 1?2.422 = 0 67 43 76 40 36 88 89 61 91 33 57 73 17 84 90 49 64 4 
802-0-6 1?2.528 = 0 67 43 76 40 36 88 89 61 91 90 84 73 33 32 57 17 35 74 6 
802-0-7 1?2.668 = 0 67 40 36 88 89 61 91 73 57 32 33 60 83 41 66 47 52 7 
802-0-5 1?2.437 = 0 67 76 40 36 31 51 93 79 37 63 49 90 84 91 73 57 17 35 5 
802-0-1 1?2.198 = 0 25 97 78 24 62 30 96 27 46 88 36 40 76 43 1 
802-0-11 1?2.529 = 0 97 78 24 62 30 96 28 26 72 85 38 87 71 42 80 94 11 
802-0-10 1?2.488 = 0 97 78 24 62 30 28 26 72 59 85 38 87 71 45 92 86 80 10 
802-0-9 1?2.642 = 0 67 76 40 36 88 89 46 27 96 30 28 26 72 59 85 38 87 71 45 9 
802-0-8 1?2.564 = 0 97 78 24 62 30 28 26 72 85 38 87 71 23 44 58 18 81 8 
802-1-3 1?1.774 = 1 43 76 40 36 88 89 61 31 51 93 79 37 63 49 3 
802-0-13 1?2.197 = 0 97 78 24 62 30 96 28 26 72 99 50 53 54 70 75 13 
802-0-14 1?2.223 = 0 67 43 76 40 36 88 89 46 27 96 30 62 24 77 34 14 
802-0-15 1?2.303 = 0 67 40 36 88 89 46 27 96 30 62 24 78 97 25 15 
802-1-4 1?1.741 = 1 43 76 40 69 36 88 31 51 93 79 37 63 49 64 4 
802-1-2 1?2.053 = 1 43 76 40 69 36 88 89 61 91 84 90 49 63 79 2 
802-1-6 1?2.345 = 1 43 76 40 36 31 51 93 79 37 63 49 90 84 91 33 32 57 74 6 
802-1-8 1?2.306 = 1 43 76 40 36 88 89 82 19 98 21 83 41 66 47 58 18 81 8 
802-0-12 1?2.377 = 0 67 76 40 36 88 89 46 27 96 30 28 26 72 99 56 22 12 
802-1-7 1?2.391 = 1 43 76 40 36 88 89 61 91 84 17 73 57 32 33 60 83 39 95 7 
802-1-5 1?2.168 = 1 43 76 40 36 88 31 51 93 79 63 49 90 84 91 73 17 35 5 
802-1-14 1?2.032 = 1 43 76 40 36 88 89 46 27 96 30 62 24 68 77 34 14 
802-2-3 1?1.973 = 2 69 43 76 40 36 88 31 51 93 79 37 63 49 64 3 
802-2-4 1?1.939 = 2 69 43 76 40 36 88 31 51 93 79 37 63 49 64 4 
802-1-10 1?2.356 = 1 43 76 40 36 88 89 46 27 96 62 30 28 26 72 59 85 65 42 80 10 
802-2-5 1?1.916 = 2 79 37 63 49 90 84 91 73 33 60 32 57 17 35 5 
802-1-11 1?2.385 = 1 43 76 40 36 88 89 46 27 62 30 96 28 26 72 99 56 22 29 11 
802-2-6 1?2.378 = 2 43 76 40 36 88 89 61 90 84 91 33 32 57 73 17 35 74 6 
802-1-9 1?2.402 = 1 43 76 40 36 88 89 46 27 96 30 28 26 72 59 85 38 87 71 45 9 
802-1-13 1?2.086 = 1 43 76 40 36 88 89 46 27 96 30 62 24 50 54 53 75 13 
802-1-12 1?2.174 = 1 43 76 40 36 88 89 46 27 62 30 28 26 72 99 56 22 12 
802-1-15 1?2.039 = 1 43 76 40 36 88 46 27 96 30 62 24 78 97 25 15 
802-2-14 1?2.367 = 2 79 93 51 31 69 36 88 89 46 27 96 30 62 24 68 77 34 14 
802-3-4 1?2.124 = 3 37 49 63 79 93 51 31 36 88 89 61 91 84 90 4 
802-3-5 1?2.002 = 3 37 49 64 90 84 91 73 33 16 60 32 57 17 35 5 
802-2-8 1?2.171 = 2 79 63 90 84 17 73 57 32 33 60 83 41 66 47 58 18 81 8 
802-2-9 1?2.466 = 2 69 36 88 89 46 27 62 30 96 28 26 72 59 85 38 87 71 45 9 
802-2-10 1?2.524 = 2 69 36 88 89 46 27 62 30 96 28 26 72 59 85 38 87 71 42 80 10 
802-2-11 1?2.634 = 2 79 93 51 31 36 88 89 46 27 78 24 62 30 96 28 26 72 99 56 11 
802-2-7 1?2.274 = 2 79 63 49 90 84 17 73 57 32 33 60 83 41 66 52 39 95 7 
802-2-13 1?2.249 = 2 79 93 51 31 36 88 89 46 27 96 30 62 24 50 54 70 75 13 
802-2-15 1?2.127 = 2 79 93 51 31 61 89 88 36 40 76 43 67 97 25 15 
802-2-12 1?2.517 = 2 79 93 51 31 36 88 89 46 27 62 30 96 28 26 59 72 99 56 22 12 
802-3-6 1?2.03 = 3 37 63 49 90 84 35 17 73 57 32 33 60 83 74 6 
802-3-14 1?2.48 = 3 37 63 49 90 84 17 73 57 32 33 16 55 82 96 30 62 24 77 34 14 
802-4-5 1?1.998 = 4 64 49 37 63 90 84 91 73 33 60 32 57 17 35 5 
802-3-8 1?2 = 3 37 49 90 84 17 73 57 32 33 60 83 41 66 47 58 18 81 8 
802-3-10 1?2.28 = 3 49 90 84 17 73 57 32 33 60 83 41 66 47 44 23 87 71 86 10 
802-3-7 1?2.073 = 3 37 49 90 84 17 73 57 32 33 60 83 41 66 47 58 52 7 
802-3-9 1?2.261 = 3 49 90 91 73 57 32 33 60 83 41 66 47 44 23 87 71 45 9 
802-3-11 1?2.465 = 3 49 90 84 73 57 32 33 60 83 41 66 47 44 23 87 71 42 94 11 
802-3-13 1?2.363 = 3 37 79 93 51 31 36 88 89 46 27 96 30 62 24 50 53 54 70 75 13 
802-3-15 1?2.478 = 3 37 63 79 93 51 31 36 88 89 46 27 96 30 62 24 78 97 25 15 
802-3-12 1?2.476 = 3 37 79 93 51 31 36 88 89 46 27 62 30 96 28 26 72 99 56 22 12 
802-5-6 1?1.967 = 5 35 17 73 57 32 33 60 83 41 66 47 52 39 95 6 
802-4-6 1?2.023 = 4 35 17 73 57 32 33 60 83 41 66 47 52 39 95 6 
802-4-8 1?1.808 = 4 35 17 73 57 32 33 60 83 41 66 47 44 58 18 81 8 
802-4-14 1?2.452 = 4 64 49 90 84 17 73 57 32 33 60 55 82 96 30 62 24 77 34 14 
802-4-7 1?1.897 = 4 35 17 73 57 32 33 60 83 41 66 47 58 52 39 95 7 
802-4-9 1?2.065 = 4 35 17 73 57 32 33 60 83 41 66 47 44 23 87 71 45 9 
802-4-10 1?2.212 = 4 35 17 57 32 33 60 83 41 66 47 44 23 87 71 92 86 80 10 
802-4-11 1?2.384 = 4 35 17 73 57 32 60 83 41 66 47 44 23 87 71 42 80 94 11 
802-4-13 1?2.505 = 4 35 17 73 57 32 33 16 55 19 28 26 59 72 99 50 54 53 75 13 
802-4-12 1?2.517 = 4 35 17 73 57 32 33 60 83 41 66 47 44 23 38 65 56 22 12 
802-4-15 1?2.633 = 4 64 49 63 37 79 93 51 31 61 89 88 36 40 76 43 67 97 25 15 
802-5-8 1?1.653 = 5 35 17 73 57 33 60 83 41 66 47 58 18 81 8 
802-5-9 1?1.907 = 5 35 17 73 57 32 60 83 41 66 47 44 23 45 9 
802-6-8 1?1.839 = 6 74 17 73 57 33 60 83 41 66 47 58 18 81 8 
802-5-7 1?1.77 = 5 35 17 73 57 32 33 60 83 41 66 47 52 39 95 7 
802-6-7 1?1.956 = 6 74 17 73 57 32 33 60 83 41 66 47 52 39 95 7 
802-5-10 1?2.079 = 5 35 17 73 57 32 33 60 83 41 66 47 44 23 87 71 92 86 10 
802-5-14 1?2.649 = 5 35 17 73 57 32 33 60 83 41 66 21 98 19 28 30 62 24 77 34 14 
802-5-11 1?2.348 = 5 35 17 73 57 32 33 60 83 41 66 47 44 23 87 71 42 80 94 11 
802-5-12 1?2.395 = 5 35 17 73 57 32 33 60 16 55 19 28 26 59 72 99 56 22 29 12 
802-5-15 1?2.589 = 5 35 17 73 57 32 33 60 16 61 89 88 36 40 76 43 67 97 25 15 
802-5-13 1?2.57 = 5 35 17 73 57 32 33 60 16 55 19 28 96 30 62 78 24 50 54 53 75 13 
802-6-10 1?1.913 = 6 74 83 41 66 47 44 23 87 71 92 86 42 80 10 
802-7-10 1?1.805 = 7 39 83 41 66 47 44 23 87 71 92 86 42 80 10 
802-6-9 1?1.987 = 6 74 83 41 66 21 47 44 23 87 71 86 92 45 9 
802-7-8 1?1.965 = 7 95 39 83 41 66 21 47 44 23 58 52 18 81 8 
802-7-9 1?1.879 = 7 39 83 41 66 21 47 44 23 87 71 86 92 45 9 
802-6-14 1?2.777 = 6 74 83 41 66 47 44 23 38 85 72 26 28 30 62 24 77 34 14 
802-7-11 1?2.191 = 7 95 39 83 41 66 47 44 23 87 71 45 92 86 80 42 94 11 
802-6-11 1?2.432 = 6 74 17 73 57 32 33 60 83 41 66 47 44 23 87 71 42 94 11 
802-6-13 1?2.551 = 6 74 83 41 66 47 44 23 71 87 38 85 99 50 54 53 75 13 
802-6-12 1?2.537 = 6 74 83 41 66 47 44 23 71 87 38 85 72 99 56 22 29 12 
802-6-15 1?2.663 = 6 74 35 17 73 57 32 33 60 55 19 28 96 30 62 24 78 97 25 15 
802-8-10 1?1.717 = 8 81 18 52 58 44 23 87 71 45 92 86 42 80 10 
802-8-9 1?1.882 = 8 18 81 58 52 66 47 44 23 87 71 86 92 45 9 
802-8-11 1?2.22 = 8 81 18 52 66 41 21 47 44 23 87 71 92 86 80 42 94 11 
802-7-14 1?2.63 = 7 52 58 44 23 71 87 38 85 59 72 26 28 96 30 62 24 77 34 14 
802-8-14 1?2.493 = 8 81 18 58 44 23 71 87 38 85 72 26 28 96 30 62 24 77 34 14 
802-8-12 1?2.285 = 8 81 18 52 58 44 23 71 87 38 85 59 72 99 56 22 29 12 
802-8-13 1?2.304 = 8 81 18 58 44 23 71 87 38 85 59 72 99 50 53 54 70 75 13 
802-7-12 1?2.426 = 7 95 39 83 41 66 47 44 23 71 87 38 85 72 99 56 22 12 
802-7-13 1?2.457 = 7 39 83 41 66 47 44 23 71 87 38 85 99 50 53 54 70 75 13 
802-8-15 1?2.546 = 8 81 18 58 44 23 71 87 38 85 59 72 26 28 30 62 24 68 15 
802-7-15 1?2.67 = 7 95 39 52 58 44 47 66 41 21 98 19 96 30 62 24 78 97 25 15 
802-9-10 1?1.991 = 9 45 92 86 71 87 38 85 59 72 99 65 42 80 10 
802-10-11 1?2.008 = 10 80 86 92 71 87 38 85 59 72 99 56 22 29 11 
802-9-12 1?1.914 = 9 45 92 86 71 87 38 85 59 72 99 56 22 29 12 
802-9-11 1?2.272 = 9 45 92 86 71 87 38 48 20 59 26 72 99 56 22 29 11 
802-10-12 1?1.892 = 10 80 86 92 71 87 38 85 59 72 99 56 22 29 12 
802-10-13 1?1.856 = 10 80 86 92 71 87 38 85 99 50 53 54 70 75 13 
802-10-14 1?2.24 = 10 80 86 71 87 38 85 59 72 26 28 96 30 62 24 77 34 14 
802-9-14 1?2.503 = 9 45 92 86 71 87 23 38 85 59 72 26 28 96 30 62 24 77 34 14 
802-9-13 1?2.283 = 9 45 71 87 38 85 72 26 28 96 30 62 24 50 54 53 70 75 13 
802-10-15 1?2.325 = 10 80 86 92 71 87 38 85 59 72 26 28 96 30 62 24 68 15 
802-9-15 1?2.511 = 9 45 92 86 71 87 38 85 59 72 26 28 96 30 62 24 78 97 25 15 
802-11-14 1?2.278 = 11 94 42 71 87 38 85 72 26 28 30 62 24 77 34 14 
802-12-14 1?2.164 = 12 29 22 56 99 85 59 72 26 28 30 62 24 77 34 14 
802-13-14 1?2.048 = 13 75 70 54 53 50 99 72 26 28 30 62 24 77 34 14 
802-11-12 1?2.08 = 11 94 42 80 86 71 87 38 85 59 72 99 56 22 12 
802-12-13 1?2.035 = 12 22 56 99 72 26 28 30 62 24 50 53 54 70 75 13 
802-11-13 1?2.1 = 11 94 42 80 86 71 87 38 85 99 50 53 54 70 75 13 
802-14-15 1?2.467 = 14 34 77 50 99 72 59 26 28 30 62 24 78 97 25 15 
802-13-15 1?2.115 = 13 75 70 54 53 50 99 72 26 28 96 30 62 24 68 15 
802-12-15 1?2.127 = 12 29 22 56 99 72 26 28 96 30 62 24 78 97 25 15 
802-11-15 1?2.505 = 11 94 42 80 86 71 87 38 85 72 26 28 96 30 62 24 68 15 
stop
