start
935-0-3 1?1.905 = 0 29 77 46 31 61 76 43 20 97 56 64 52 75 93 36 3 
935-0-1 1?1.953 = 0 27 29 77 15 81 44 85 87 46 31 61 37 30 65 53 1 
935-0-11 1?2.57 = 0 29 77 46 87 44 81 85 17 50 94 23 48 92 49 24 98 68 11 
935-0-8 1?2.646 = 0 29 77 46 31 76 43 20 97 56 64 28 51 96 55 73 84 35 70 42 8 
935-0-4 1?2.224 = 0 29 77 46 31 61 76 43 20 28 64 56 97 52 93 75 67 54 4 
935-0-9 1?2.529 = 0 29 77 46 31 61 76 43 20 51 96 55 73 99 66 16 88 60 25 47 9 
935-0-2 1?2.04 = 0 29 77 46 31 61 76 43 20 28 64 56 97 52 83 22 2 
935-0-10 1?2.509 = 0 29 77 46 19 38 90 33 96 55 73 99 66 16 88 25 60 95 10 
935-0-5 1?2.504 = 0 29 77 46 31 61 76 43 20 97 56 64 28 58 52 75 67 54 78 5 
935-0-6 1?2.657 = 0 29 77 46 31 61 76 43 20 51 96 55 73 84 35 39 82 59 91 6 
935-0-7 1?2.649 = 0 29 77 46 31 19 38 90 69 99 73 55 96 79 84 35 39 82 59 7 
935-0-15 1?1.651 = 0 77 29 27 86 53 65 30 37 61 31 46 87 44 81 15 
935-1-2 1?1.75 = 1 86 27 29 77 46 31 61 37 30 65 34 83 22 74 2 
935-0-13 1?1.993 = 0 77 29 27 30 37 61 31 46 87 44 81 85 17 50 13 
935-0-14 1?1.875 = 0 77 29 27 86 53 65 30 37 61 31 46 87 44 85 14 
935-0-12 1?2.065 = 0 29 77 46 87 44 81 85 17 50 23 94 48 92 12 
935-1-3 1?1.794 = 1 53 65 30 37 61 76 43 20 97 56 64 52 75 67 36 3 
935-1-4 1?2.004 = 1 53 65 30 37 61 76 43 20 97 56 64 58 52 75 54 4 
935-1-8 1?2.567 = 1 53 65 30 37 76 43 20 97 56 64 28 51 96 55 73 84 35 70 42 8 
935-1-7 1?2.597 = 1 53 65 30 76 43 20 97 56 64 28 51 96 55 73 84 35 39 82 59 7 
935-1-6 1?2.545 = 1 53 86 27 29 77 46 31 61 76 43 20 97 56 64 58 21 57 63 6 
935-1-5 1?2.388 = 1 53 86 27 29 77 46 31 61 76 43 20 97 56 64 28 58 21 57 5 
935-1-14 1?1.886 = 1 53 34 65 30 86 27 29 77 46 87 44 81 85 17 14 
935-1-12 1?2.437 = 1 86 27 29 77 46 87 44 81 85 17 50 23 94 48 92 49 12 
935-2-3 1?1.894 = 2 22 83 43 20 28 58 64 56 97 52 93 75 67 36 3 
935-2-4 1?2.164 = 2 74 22 83 43 20 97 56 64 28 58 52 75 67 54 78 4 
935-1-10 1?2.501 = 1 53 34 65 30 37 76 43 20 51 96 55 73 99 16 88 25 60 95 10 
935-1-15 1?1.814 = 1 53 34 30 65 86 27 29 61 31 46 87 85 44 81 15 
935-2-5 1?2.522 = 2 22 83 52 64 56 97 20 51 96 55 99 73 84 71 26 63 5 
935-1-13 1?2.407 = 1 53 65 30 86 27 29 77 46 87 44 81 85 17 50 94 23 48 13 
935-1-11 1?2.622 = 1 86 27 29 77 46 87 44 81 85 17 50 94 23 48 92 24 98 68 11 
935-2-6 1?2.455 = 2 22 83 97 56 64 28 51 96 55 73 99 66 35 39 82 59 91 6 
935-1-9 1?2.474 = 1 53 65 30 37 61 76 43 20 51 96 55 73 99 66 16 88 60 25 47 9 
935-3-4 1?2.144 = 3 36 67 75 52 64 56 97 43 20 28 58 21 57 78 54 4 
935-2-12 1?2.676 = 2 22 83 52 64 56 97 20 51 33 90 19 38 18 23 94 48 92 12 
935-3-5 1?2.078 = 3 36 67 75 93 52 64 56 97 43 20 28 58 21 57 63 5 
935-2-11 1?2.476 = 2 22 83 52 58 64 56 97 20 51 96 55 73 99 41 32 98 68 11 
935-2-8 1?2.547 = 2 22 83 52 97 56 64 28 51 96 55 73 99 66 84 35 39 70 42 8 
935-2-14 1?2.489 = 2 74 22 83 34 65 30 86 27 29 77 46 87 44 81 85 17 50 14 
935-2-15 1?2.129 = 2 22 83 34 65 30 86 27 29 37 61 31 46 87 44 85 81 15 
935-2-10 1?2.412 = 2 22 83 52 64 56 97 20 51 96 55 73 99 66 16 88 25 60 95 10 
935-2-7 1?2.475 = 2 22 83 52 64 56 97 20 51 96 55 99 73 84 35 39 82 59 7 
935-2-13 1?2.632 = 2 74 22 83 34 65 30 86 27 29 77 46 31 19 38 18 23 94 13 
935-2-9 1?2.361 = 2 22 83 52 97 56 64 28 51 96 55 73 99 16 88 60 25 72 47 9 
935-4-5 1?2.109 = 4 54 67 75 93 52 64 56 97 20 28 58 21 57 63 5 
935-3-12 1?2.594 = 3 36 67 75 52 58 28 64 56 97 20 51 96 55 73 99 41 32 24 49 12 
935-3-8 1?2.264 = 3 36 67 75 52 64 56 97 20 51 96 55 99 73 84 35 70 42 8 
935-3-6 1?2.275 = 3 36 93 52 64 56 97 20 51 96 55 73 84 35 39 82 59 6 
935-3-7 1?2.253 = 3 36 67 75 52 97 56 64 28 51 96 55 73 84 35 39 82 59 7 
935-3-15 1?2.147 = 3 36 67 75 52 58 64 56 97 20 43 76 61 31 46 87 85 44 81 15 
935-3-10 1?2.422 = 3 36 67 75 52 64 56 97 20 51 96 55 73 99 66 16 88 25 60 80 95 10 
935-3-9 1?2.181 = 3 36 67 75 52 97 56 64 28 51 96 55 73 99 16 88 60 25 47 9 
935-3-14 1?2.458 = 3 36 67 75 52 58 28 64 56 97 20 43 76 61 31 46 87 44 81 85 14 
935-3-11 1?2.537 = 3 36 67 75 52 97 56 64 28 51 96 55 73 99 66 16 88 25 60 95 68 11 
935-3-13 1?2.488 = 3 36 67 75 52 97 56 64 28 20 51 33 90 19 38 18 23 48 94 13 
935-4-7 1?2.213 = 4 54 52 97 56 64 28 51 96 55 73 84 35 70 42 7 
935-4-12 1?2.623 = 4 54 67 75 52 97 56 64 28 20 51 96 55 73 99 41 32 24 49 12 
935-4-8 1?2.319 = 4 54 67 75 52 97 64 56 20 51 96 55 73 84 35 70 42 8 
935-5-6 1?2.342 = 5 57 21 58 64 56 97 20 51 96 55 73 79 71 26 91 6 
935-4-6 1?2.211 = 4 54 52 97 56 64 28 51 96 55 73 84 71 26 91 6 
935-4-10 1?2.384 = 4 54 67 75 52 97 56 64 28 51 96 55 73 99 16 88 25 60 95 10 
935-4-11 1?2.506 = 4 54 67 75 52 97 56 64 28 20 51 96 55 73 99 41 32 98 68 11 
935-4-15 1?2.305 = 4 54 67 75 52 97 56 64 28 20 43 76 61 31 46 87 44 85 81 15 
935-4-14 1?2.502 = 4 54 67 75 52 64 56 97 20 43 76 37 61 31 46 87 44 81 85 14 
935-4-9 1?2.26 = 4 54 75 52 97 56 64 28 51 96 55 73 99 16 88 60 25 47 9 
935-4-13 1?2.603 = 4 54 67 75 52 97 56 64 28 51 33 69 90 19 38 18 23 48 94 13 
935-6-8 1?2.228 = 6 91 26 71 79 96 55 73 99 16 88 60 25 47 72 8 
935-5-8 1?2.385 = 5 57 21 58 28 64 56 97 20 51 96 55 73 84 35 70 42 8 
935-6-7 1?2.268 = 6 59 82 39 71 79 96 55 73 99 66 84 35 70 42 7 
935-5-7 1?2.312 = 5 57 21 58 64 56 20 51 96 55 73 84 35 70 42 7 
935-5-12 1?2.781 = 5 78 54 67 75 52 97 56 64 28 51 96 55 73 99 41 32 24 49 12 
935-5-10 1?2.459 = 5 57 21 58 64 56 97 20 51 96 55 73 99 66 16 88 25 60 95 10 
935-5-11 1?2.605 = 5 57 21 58 28 64 56 97 43 20 51 96 55 73 99 41 32 98 68 11 
935-5-9 1?2.341 = 5 57 21 58 64 56 97 20 51 96 55 73 99 16 88 60 25 47 9 
935-5-14 1?2.712 = 5 57 21 58 28 56 64 97 20 43 76 30 37 61 31 46 87 44 81 85 14 
935-5-15 1?2.592 = 5 57 21 58 28 64 56 97 20 43 76 61 37 27 29 77 46 87 85 44 81 15 
935-5-13 1?2.797 = 5 57 21 58 28 64 56 97 20 51 96 55 73 99 69 90 18 23 48 94 13 
935-7-8 1?2.276 = 7 59 82 39 35 84 73 55 99 66 16 88 60 25 72 8 
935-7-10 1?2.073 = 7 59 82 26 71 79 96 55 73 99 16 88 25 60 95 10 
935-7-9 1?2.022 = 7 59 82 26 71 79 96 55 73 99 16 88 60 25 47 9 
935-6-9 1?1.961 = 6 91 26 71 79 96 55 73 99 16 88 25 60 80 47 9 
935-6-10 1?2.33 = 6 91 59 82 39 35 84 79 96 55 73 99 66 16 88 25 60 95 10 
935-6-12 1?2.759 = 6 91 26 71 79 96 55 73 99 69 90 19 38 18 23 94 48 92 49 12 
935-6-11 1?2.488 = 6 59 82 39 35 84 79 96 55 73 99 16 88 25 60 95 98 68 11 
935-7-11 1?2.512 = 7 59 82 39 35 84 79 96 55 73 99 66 16 88 25 60 95 98 68 11 
935-6-15 1?2.589 = 6 59 82 39 35 84 73 55 96 33 90 18 38 19 87 85 44 81 15 
935-6-14 1?2.676 = 6 91 26 71 79 96 55 73 99 69 90 19 38 18 23 48 94 50 17 14 
935-6-13 1?2.66 = 6 59 82 39 35 84 79 96 55 73 99 69 90 19 38 18 23 48 94 13 
935-8-10 1?2.02 = 8 42 70 35 84 79 96 55 73 99 16 88 25 60 95 10 
935-8-9 1?1.969 = 8 42 70 35 84 79 96 55 73 99 16 88 60 25 47 9 
935-7-12 1?2.625 = 7 59 82 39 35 84 73 55 96 33 90 19 38 18 23 48 92 12 
935-8-12 1?2.556 = 8 42 70 35 84 79 96 55 73 99 69 90 38 18 23 48 92 12 
935-8-11 1?2.325 = 8 42 70 35 84 79 96 55 73 99 16 88 25 60 95 98 68 11 
935-8-14 1?2.578 = 8 42 70 35 84 73 55 96 33 90 19 38 18 23 48 94 50 14 
935-8-15 1?2.426 = 8 42 70 35 84 73 55 96 33 90 18 38 19 87 85 44 81 15 
935-8-13 1?2.459 = 8 42 70 35 84 79 96 55 73 99 69 90 19 38 18 23 94 13 
935-7-15 1?2.566 = 7 59 82 39 35 84 79 96 55 73 99 69 90 19 38 87 44 85 81 15 
935-7-14 1?2.643 = 7 59 82 39 35 84 79 96 55 73 99 69 90 18 23 48 94 50 14 
935-7-13 1?2.556 = 7 42 70 35 84 79 96 55 73 99 69 90 19 38 18 23 48 94 13 
935-9-12 1?2.228 = 9 47 25 60 88 16 66 84 73 55 99 41 32 24 49 12 
935-10-12 1?2.287 = 10 95 60 25 88 16 66 73 55 99 41 62 45 24 49 12 
935-9-10 1?2.199 = 9 47 25 60 88 16 66 84 79 55 73 99 41 89 95 10 
935-10-11 1?2.162 = 10 95 60 25 88 16 66 84 73 55 99 41 32 98 68 11 
935-9-11 1?2.111 = 9 47 25 60 88 16 66 84 73 55 99 41 32 98 68 11 
935-10-13 1?2.271 = 10 95 60 25 88 16 99 73 55 33 90 18 23 48 13 
935-9-13 1?2.339 = 9 47 25 60 88 16 66 99 73 55 96 33 90 18 23 48 94 13 
935-10-15 1?2.399 = 10 95 60 25 88 16 99 73 55 96 33 90 19 38 87 85 44 81 15 
935-10-14 1?2.572 = 10 95 60 25 88 16 66 99 73 55 96 33 69 90 19 38 18 17 14 
935-9-15 1?2.433 = 9 47 25 60 88 16 99 73 55 96 33 69 90 19 38 87 85 44 81 15 
935-9-14 1?2.529 = 9 47 25 60 88 16 66 99 73 55 96 33 90 18 23 48 94 50 14 
935-11-12 1?2.371 = 11 68 98 32 41 99 73 55 96 33 69 62 45 24 49 12 
935-13-14 1?2.176 = 13 94 48 23 18 38 19 31 46 87 44 81 85 17 14 
935-12-14 1?2.294 = 12 49 24 45 62 69 90 19 38 18 23 48 94 50 17 14 
935-13-15 1?2.061 = 13 94 48 23 18 38 19 31 46 29 77 87 44 81 15 
935-14-15 1?2.001 = 14 17 50 94 48 23 18 38 19 46 87 85 44 81 15 
935-12-15 1?2.154 = 12 49 24 32 41 45 62 18 38 19 87 85 44 81 15 
935-11-13 1?2.287 = 11 68 98 95 60 25 88 89 32 24 49 92 48 23 94 13 
935-12-13 1?2.357 = 12 49 24 32 41 45 62 69 90 19 38 18 23 48 94 13 
935-11-14 1?2.619 = 11 68 98 32 41 99 73 55 96 33 90 38 18 23 48 94 50 14 
935-11-15 1?2.515 = 11 68 98 32 41 99 73 55 96 33 90 18 38 19 87 85 81 15 
stop
