start
464-0-5 1?2.479 = 0 25 63 19 47 39 56 44 70 60 43 86 87 72 59 83 91 55 5 
464-0-3 1?2.315 = 0 25 63 41 46 79 19 47 39 56 31 88 98 75 58 3 
464-0-2 1?2.323 = 0 25 97 51 24 16 39 47 19 63 41 46 79 98 65 2 
464-0-6 1?2.474 = 0 25 63 19 47 39 56 44 70 60 43 86 87 72 59 83 61 53 66 6 
464-0-9 1?2.648 = 0 25 63 41 46 79 19 47 39 56 44 96 23 64 38 37 48 77 78 9 
464-0-4 1?2.667 = 0 25 63 19 47 39 56 44 70 60 43 86 87 72 49 59 83 76 4 
464-0-7 1?2.578 = 0 25 63 19 47 39 56 44 70 60 43 86 87 42 69 21 73 67 17 7 
464-0-1 1?2.448 = 0 25 97 51 24 95 27 62 36 50 16 39 47 19 63 41 1 
464-0-11 1?2.573 = 0 25 97 51 32 16 24 95 27 36 62 90 34 22 84 30 28 92 29 11 
464-0-8 1?2.637 = 0 25 63 41 46 79 19 47 39 56 44 96 23 64 57 40 45 93 99 8 
464-0-10 1?2.8 = 0 25 63 41 46 79 19 47 39 56 44 96 23 64 38 37 48 77 78 85 10 
464-0-14 1?2.202 = 0 25 97 51 24 95 50 36 27 62 90 34 22 18 71 14 
464-0-13 1?2.147 = 0 25 97 51 32 16 24 95 27 36 62 90 34 22 30 84 13 
464-0-15 1?2.287 = 0 25 97 51 24 95 27 36 62 90 34 22 18 71 35 15 
464-1-5 1?2.27 = 1 41 63 19 47 39 56 44 81 49 72 87 59 83 76 91 55 5 
464-1-4 1?2.43 = 1 41 46 79 31 89 49 72 87 59 83 61 53 55 91 76 4 
464-1-2 1?2.232 = 1 41 46 79 19 47 39 56 31 88 98 75 58 65 20 2 
464-0-12 1?2.454 = 0 25 41 46 79 19 47 16 24 95 27 36 62 90 34 22 84 30 28 12 
464-1-3 1?2.339 = 1 41 63 46 79 19 47 16 39 56 31 88 98 75 58 3 
464-1-6 1?2.378 = 1 41 46 79 19 47 39 56 44 70 57 60 43 86 87 42 69 66 6 
464-1-8 1?2.498 = 1 41 46 79 19 47 39 56 44 96 23 70 60 57 40 45 93 99 8 
464-1-7 1?2.456 = 1 41 63 19 47 39 56 44 70 57 60 43 86 87 69 42 73 67 17 7 
464-1-14 1?2.192 = 1 41 46 79 19 47 16 24 95 27 62 90 34 18 71 14 
464-1-15 1?2.337 = 1 41 63 19 47 16 24 95 27 36 62 34 22 18 71 35 15 
464-2-4 1?2.222 = 2 20 65 98 88 89 49 72 87 59 83 61 53 55 91 76 4 
464-2-5 1?2.153 = 2 20 65 98 88 89 49 72 87 86 42 69 59 83 61 53 55 5 
464-1-11 1?2.519 = 1 41 46 79 19 47 39 16 24 95 36 27 62 34 22 30 28 92 29 11 
464-1-12 1?2.447 = 1 41 63 46 79 19 47 39 16 24 95 27 36 62 90 34 22 84 30 28 12 
464-2-6 1?2.386 = 2 20 65 98 88 31 56 44 70 60 43 86 87 72 49 59 61 53 66 6 
464-2-3 1?2.343 = 2 20 79 46 41 63 19 47 39 56 31 88 98 75 58 3 
464-1-13 1?2.076 = 1 41 46 79 19 47 39 16 24 95 27 62 90 34 22 13 
464-1-10 1?2.646 = 1 41 63 46 79 19 47 39 56 44 96 23 64 38 37 48 77 78 85 10 
464-1-9 1?2.714 = 1 41 63 19 47 39 56 44 96 23 64 70 60 57 40 38 37 48 77 78 9 
464-2-15 1?2.398 = 2 20 79 19 47 16 24 95 27 36 62 34 22 18 71 35 15 
464-3-5 1?1.982 = 3 94 74 89 49 72 87 86 42 69 59 83 61 53 55 5 
464-3-4 1?2.144 = 3 94 74 89 49 72 87 86 42 69 61 53 55 91 76 4 
464-2-14 1?2.405 = 2 20 79 19 47 39 16 24 50 36 27 62 90 34 22 18 71 14 
464-2-12 1?2.585 = 2 20 65 98 79 19 47 39 16 24 95 36 27 62 90 34 22 84 30 28 92 12 
464-2-11 1?2.66 = 2 20 79 19 47 39 16 24 95 27 36 62 90 34 22 84 30 28 92 29 11 
464-2-9 1?2.571 = 2 20 65 98 88 89 49 72 87 86 43 60 57 40 38 37 48 77 78 9 
464-2-8 1?2.515 = 2 20 65 98 88 89 49 72 87 86 43 60 70 57 40 45 93 99 82 8 
464-2-10 1?2.682 = 2 20 65 98 88 89 49 72 87 86 43 60 70 57 40 38 37 48 77 10 
464-2-13 1?2.461 = 2 20 79 46 41 63 19 47 39 16 24 95 36 27 62 90 34 22 84 13 
464-2-7 1?2.419 = 2 20 65 98 88 89 83 59 49 72 87 86 43 42 69 21 67 73 17 7 
464-3-6 1?1.9 = 3 94 74 89 49 72 87 86 42 69 59 83 61 53 66 6 
464-4-5 1?1.891 = 4 76 91 55 61 83 59 49 72 87 86 42 69 21 66 5 
464-3-15 1?2.612 = 3 58 75 98 79 19 47 39 16 24 95 27 62 34 18 71 35 15 
464-3-14 1?2.555 = 3 58 75 98 79 19 47 39 16 24 95 27 62 90 34 22 18 71 14 
464-3-12 1?2.668 = 3 58 75 65 98 79 19 47 16 24 95 27 36 62 90 34 22 84 30 28 92 12 
464-3-11 1?2.779 = 3 58 75 98 79 19 47 39 16 24 95 27 36 62 90 34 22 30 92 29 11 
464-3-8 1?2.344 = 3 94 74 89 49 72 87 86 43 60 70 57 40 45 93 99 82 8 
464-3-9 1?2.463 = 3 94 74 89 49 72 87 86 43 60 70 57 64 38 37 48 77 78 9 
464-3-7 1?2.192 = 3 74 76 91 55 53 61 83 59 49 72 87 86 42 69 21 73 67 17 7 
464-3-13 1?2.461 = 3 58 75 98 79 19 47 39 16 24 95 27 36 62 90 34 22 30 84 13 
464-3-10 1?2.629 = 3 94 74 89 49 72 87 86 43 60 70 57 40 38 37 48 77 78 85 10 
464-4-6 1?1.649 = 4 76 91 55 61 83 59 49 72 87 86 42 69 21 66 6 
464-5-6 1?1.547 = 5 55 91 83 59 49 72 87 86 43 42 69 61 53 66 6 
464-4-15 1?2.67 = 4 76 83 59 49 72 87 86 43 60 70 44 56 39 47 32 97 15 
464-4-7 1?1.678 = 4 76 91 83 59 49 72 87 86 42 69 21 67 73 17 7 
464-4-12 1?2.559 = 4 76 83 59 87 86 43 60 57 64 23 96 50 36 27 62 90 30 28 12 
464-4-14 1?2.636 = 4 76 83 59 87 86 43 60 57 64 23 50 36 27 62 34 18 71 14 
464-4-11 1?2.571 = 4 76 91 55 61 83 59 49 72 87 86 43 60 70 57 40 38 37 26 11 
464-4-8 1?2.092 = 4 76 91 55 53 61 83 59 49 72 87 86 42 69 21 67 17 80 82 8 
464-4-9 1?2.261 = 4 76 83 59 49 72 87 86 43 60 70 57 40 38 37 48 77 78 9 
464-4-10 1?2.374 = 4 76 91 83 59 49 72 87 86 43 60 57 40 38 37 48 77 78 85 10 
464-4-13 1?2.516 = 4 76 91 83 59 87 86 43 60 57 64 23 96 50 36 27 62 34 22 13 
464-6-8 1?1.585 = 6 66 53 61 59 49 72 87 86 43 73 67 17 80 82 8 
464-5-7 1?1.476 = 5 55 91 83 59 49 72 87 86 42 69 21 73 67 17 7 
464-6-7 1?1.419 = 6 66 53 61 59 49 72 87 86 42 69 21 73 67 17 7 
464-5-15 1?2.512 = 5 55 91 83 59 49 72 87 86 43 60 70 44 56 39 47 32 97 15 
464-5-8 1?1.822 = 5 55 91 76 83 59 49 72 87 86 42 69 21 73 67 17 80 82 8 
464-5-9 1?1.996 = 5 55 91 83 59 72 87 86 43 60 57 40 38 37 48 77 78 9 
464-5-11 1?2.391 = 5 55 91 83 59 49 72 87 86 43 60 57 40 38 37 48 77 33 54 11 
464-5-10 1?2.12 = 5 55 91 76 83 59 49 72 87 86 43 60 57 40 38 37 48 77 10 
464-5-12 1?2.401 = 5 55 91 83 59 87 86 43 60 57 64 23 96 50 36 27 62 90 30 28 12 
464-5-14 1?2.468 = 5 55 91 83 59 87 86 43 60 57 64 23 50 36 27 62 34 22 68 14 
464-5-13 1?2.32 = 5 55 91 83 59 87 86 43 60 57 64 23 96 50 36 27 62 34 22 13 
464-7-8 1?1.694 = 7 17 67 73 42 69 87 86 43 60 57 40 45 99 8 
464-7-10 1?1.904 = 7 17 67 73 43 60 70 57 40 38 37 48 77 85 10 
464-6-9 1?1.787 = 6 66 53 61 83 59 87 86 43 60 57 40 45 93 9 
464-7-9 1?1.853 = 7 17 67 73 42 69 87 86 43 60 57 40 45 93 9 
464-7-11 1?2.206 = 7 17 67 73 42 69 87 86 43 60 70 57 40 38 37 26 11 
464-6-11 1?2.176 = 6 66 53 61 59 49 72 87 86 43 60 70 57 40 38 37 26 11 
464-6-10 1?2.025 = 6 66 53 61 83 59 72 87 86 43 60 57 40 38 37 48 77 10 
464-6-12 1?2.268 = 6 66 69 42 87 86 43 60 57 64 23 96 50 36 27 62 90 92 12 
464-6-15 1?2.537 = 6 66 53 61 83 59 72 87 86 43 60 70 44 56 39 16 24 51 97 15 
464-6-14 1?2.417 = 6 66 69 42 87 86 43 60 57 64 23 96 50 36 27 62 34 18 71 14 
464-6-13 1?2.304 = 6 66 69 42 87 86 43 60 57 64 23 96 50 36 27 62 90 34 22 13 
464-8-10 1?1.974 = 8 99 93 45 40 57 60 70 64 38 37 48 77 78 85 10 
464-8-11 1?2.187 = 8 99 93 45 40 57 60 70 64 38 37 48 77 33 54 11 
464-8-12 1?2.067 = 8 99 93 45 40 64 23 96 50 36 27 62 90 30 28 12 
464-8-9 1?1.932 = 8 99 93 45 40 57 60 70 64 38 37 48 77 78 85 9 
464-7-12 1?2.256 = 7 17 67 73 43 60 57 64 23 96 50 36 27 62 34 22 30 28 12 
464-8-15 1?2.632 = 8 99 93 45 40 57 64 23 96 50 36 27 62 90 34 22 18 71 35 15 
464-8-14 1?2.45 = 8 99 93 45 40 57 60 70 23 96 50 36 27 62 34 22 18 71 14 
464-7-15 1?2.612 = 7 17 67 73 42 69 87 86 43 60 57 70 44 56 39 16 24 51 97 15 
464-7-14 1?2.45 = 7 17 67 73 43 60 70 57 64 23 96 50 36 27 62 34 22 18 71 14 
464-8-13 1?2.376 = 8 99 93 45 40 57 60 70 64 23 96 50 36 27 62 90 34 22 84 13 
464-7-13 1?2.364 = 7 17 73 42 69 87 86 43 60 57 64 23 96 50 36 27 62 34 22 13 
464-9-10 1?2.157 = 9 93 99 45 40 57 60 70 64 38 37 48 77 78 85 10 
464-10-11 1?2.219 = 10 33 54 26 50 36 27 62 90 34 22 30 28 92 29 11 
464-9-12 1?2.181 = 9 78 77 48 37 23 96 50 36 27 62 34 22 84 30 28 12 
464-9-11 1?2.328 = 9 78 77 48 37 38 23 96 50 36 27 62 90 92 29 11 
464-10-12 1?2.219 = 10 33 54 26 50 36 27 62 90 34 22 30 28 92 29 12 
464-10-13 1?2.281 = 10 85 78 77 48 37 38 64 23 96 50 36 27 62 34 22 84 13 
464-9-15 1?2.643 = 9 78 77 48 37 38 64 23 96 50 36 27 62 90 34 22 18 71 35 15 
464-9-14 1?2.532 = 9 85 78 77 48 37 38 64 23 96 50 36 27 62 90 34 22 18 71 14 
464-9-13 1?2.308 = 9 78 77 48 37 38 64 23 96 50 36 27 62 90 34 22 30 84 13 
464-10-14 1?2.574 = 10 85 78 77 48 37 38 64 23 96 50 36 27 62 90 34 22 18 71 14 
464-10-15 1?2.795 = 10 85 78 77 48 37 38 64 23 96 50 36 27 62 90 34 22 18 71 35 15 
464-13-14 1?2.187 = 13 84 30 22 34 90 62 27 36 95 24 32 97 51 71 14 
464-11-12 1?2.348 = 11 26 37 38 64 23 96 50 36 27 62 34 22 30 28 12 
464-12-14 1?2.098 = 12 29 92 28 30 84 22 34 90 62 36 27 95 18 71 14 
464-13-15 1?2.155 = 13 84 30 22 34 90 62 27 36 50 24 16 32 51 97 15 
464-14-15 1?2.212 = 14 71 18 22 34 90 62 36 27 95 24 16 32 51 97 15 
464-11-14 1?2.496 = 11 29 92 28 30 22 34 62 36 27 95 24 16 32 97 51 71 14 
464-12-13 1?2.184 = 12 92 28 30 84 22 34 90 62 27 36 50 95 18 71 68 13 
464-11-13 1?2.434 = 11 29 92 28 30 84 22 34 90 62 27 36 50 95 18 71 68 13 
464-12-15 1?2.479 = 12 28 30 22 34 90 62 36 27 95 24 16 39 47 19 32 51 97 15 
464-11-15 1?2.66 = 11 29 92 28 30 84 22 34 90 62 27 36 50 95 24 16 32 51 97 15 
stop
