start
902-0-5 1?2.4 = 0 21 91 20 66 80 45 63 97 42 92 41 49 64 86 38 36 28 5 
902-0-3 1?1.995 = 0 21 91 20 66 80 45 63 97 42 35 92 41 49 53 67 3 
902-0-6 1?2.412 = 0 79 33 70 27 71 52 44 78 68 83 87 24 84 43 50 75 46 57 51 61 6 
902-0-8 1?2.549 = 0 79 33 70 27 52 44 99 23 26 25 30 55 39 60 58 89 76 8 
902-0-7 1?2.643 = 0 79 33 70 27 71 52 44 78 68 69 83 87 24 84 50 43 75 46 74 7 
902-0-2 1?2.217 = 0 21 91 20 66 80 45 63 97 42 35 92 41 49 53 67 2 
902-0-1 1?2.092 = 0 79 33 70 27 71 52 44 78 17 63 45 66 20 91 1 
902-0-11 1?2.356 = 0 79 33 70 27 71 52 44 99 34 77 25 30 55 95 29 81 16 11 
902-0-9 1?2.481 = 0 79 33 70 27 52 44 99 23 26 25 30 55 39 60 58 22 89 76 9 
902-0-4 1?2.075 = 0 21 91 20 66 80 45 63 97 42 92 41 49 64 86 38 28 36 4 
902-0-10 1?2.453 = 0 79 33 70 27 71 52 44 99 23 26 25 30 55 62 95 29 16 81 48 10 
902-1-2 1?1.865 = 1 21 91 20 66 80 45 63 97 42 98 92 41 49 53 67 2 
902-1-3 1?1.643 = 1 21 91 20 66 80 45 63 97 42 98 92 41 49 53 67 3 
902-0-15 1?2.257 = 0 21 91 20 66 45 63 17 44 52 71 27 40 59 15 
902-1-5 1?2.049 = 1 91 20 66 45 63 97 42 98 92 41 49 64 86 38 36 28 5 
902-0-14 1?2.301 = 0 79 33 70 27 71 52 99 23 26 30 25 77 82 56 14 
902-0-12 1?2.361 = 0 79 33 40 27 71 52 44 99 23 26 30 25 77 82 73 72 12 
902-1-4 1?1.634 = 1 21 91 20 66 45 63 97 42 98 92 41 49 64 28 36 4 
902-0-13 1?2.007 = 0 79 33 70 27 71 52 44 99 23 19 77 82 73 72 13 
902-1-8 1?2.549 = 1 21 91 20 66 45 63 17 68 83 87 24 84 50 43 75 46 57 74 65 8 
902-1-6 1?2.124 = 1 21 91 20 66 45 63 17 68 83 87 24 84 43 75 46 57 51 61 6 
902-1-7 1?2.401 = 1 21 91 20 66 80 45 63 17 68 83 87 24 84 50 43 75 57 46 74 7 
902-1-13 1?1.957 = 1 21 91 20 66 45 80 79 33 70 27 94 56 73 72 13 
902-1-14 1?2.064 = 1 21 91 20 66 45 80 79 33 70 27 52 71 94 56 14 
902-1-15 1?1.958 = 1 20 91 21 66 45 63 17 27 70 79 33 40 59 15 
902-2-3 1?1.95 = 2 20 91 21 66 80 45 63 97 42 98 92 41 49 53 67 3 
902-2-5 1?2.225 = 2 37 35 42 98 69 68 83 87 24 84 43 75 46 57 51 54 5 
902-2-4 1?1.953 = 2 20 91 21 66 45 63 97 42 92 41 49 86 38 36 4 
902-2-6 1?2.155 = 2 37 35 42 98 93 69 68 83 87 24 84 50 43 75 46 57 51 61 6 
902-1-12 1?2.307 = 1 21 91 20 66 80 45 63 17 44 52 99 23 19 77 82 73 72 12 
902-1-11 1?2.352 = 1 21 91 20 66 45 80 79 33 70 27 52 44 99 23 26 25 30 85 11 
902-1-9 1?2.537 = 1 21 91 20 66 45 80 70 27 71 52 44 99 23 32 60 58 22 89 76 9 
902-1-10 1?2.426 = 1 21 91 20 66 80 45 63 17 44 52 99 23 26 25 30 55 95 29 48 10 
902-2-15 1?2.322 = 2 67 53 49 41 92 42 97 17 63 45 80 70 33 40 59 15 
902-2-14 1?2.505 = 2 20 91 21 66 45 63 17 44 52 71 27 70 33 40 59 14 
902-2-13 1?2.464 = 2 37 35 42 97 17 78 44 52 71 99 23 19 34 77 82 73 72 13 
902-3-5 1?2.075 = 3 67 53 86 38 36 28 64 96 50 84 43 75 46 57 51 54 5 
902-2-8 1?2.524 = 2 37 35 42 98 93 69 68 83 87 24 84 50 43 75 46 74 65 8 
902-3-4 1?2.19 = 3 67 53 37 35 45 80 63 17 97 42 92 41 49 64 28 4 
902-2-12 1?2.572 = 2 20 91 21 66 45 63 17 44 52 71 99 23 26 25 30 85 90 12 
902-2-11 1?2.659 = 2 20 91 21 66 45 80 79 33 70 27 52 44 99 23 26 25 30 85 11 
902-2-7 1?2.431 = 2 37 35 92 42 98 93 69 68 83 87 24 84 50 43 75 46 57 74 7 
902-2-9 1?2.693 = 2 37 35 42 97 17 78 44 99 23 26 25 30 39 60 58 22 89 76 9 
902-2-10 1?2.534 = 2 37 35 42 97 17 78 44 52 71 99 23 26 25 30 55 95 29 48 10 
902-3-15 1?2.278 = 3 67 53 49 41 92 35 42 97 63 45 80 79 33 70 27 40 59 15 
902-4-5 1?1.831 = 4 36 28 38 86 64 96 50 84 43 75 46 57 51 61 54 5 
902-3-6 1?1.874 = 3 67 53 86 38 36 28 64 96 50 84 43 75 46 57 51 61 6 
902-3-13 1?2.41 = 3 67 53 49 41 92 98 42 97 17 78 44 52 71 34 19 77 82 73 72 13 
902-3-14 1?2.458 = 3 67 53 49 41 92 35 42 98 97 63 45 80 79 33 70 27 40 59 14 
902-3-7 1?2.147 = 3 67 53 49 41 93 69 68 83 87 24 84 50 43 75 46 57 74 7 
902-3-8 1?2.472 = 3 67 53 49 41 92 42 98 69 68 83 87 24 84 50 43 75 46 74 65 8 
902-3-11 1?2.563 = 3 67 53 49 41 92 42 97 17 44 52 99 23 19 77 25 30 55 16 81 11 
902-3-12 1?2.502 = 3 67 53 49 41 92 98 42 97 17 78 44 52 71 99 23 26 25 30 85 90 12 
902-3-9 1?2.505 = 3 67 53 49 41 92 42 98 93 69 68 83 87 24 18 22 58 89 31 76 9 
902-3-10 1?2.398 = 3 67 53 49 41 92 42 97 17 44 99 23 26 25 30 55 95 29 48 10 
902-4-6 1?1.749 = 4 28 36 38 86 49 41 93 84 50 43 75 46 57 51 61 6 
902-5-6 1?2.064 = 5 28 36 38 86 49 41 93 84 50 43 75 46 57 51 61 6 
902-4-7 1?1.941 = 4 36 28 38 86 64 96 50 84 43 75 46 57 51 61 74 7 
902-4-8 1?2.346 = 4 36 28 64 49 41 93 69 83 87 24 84 43 75 57 46 74 65 8 
902-4-13 1?2.396 = 4 36 28 38 86 49 41 92 42 97 17 44 52 71 34 77 82 73 72 13 
902-4-14 1?2.372 = 4 36 28 38 86 64 49 41 92 98 42 97 63 45 80 79 33 70 40 59 14 
902-4-15 1?2.358 = 4 36 28 38 86 64 49 41 92 42 97 63 45 80 79 33 70 27 40 59 15 
902-4-11 1?2.471 = 4 36 28 64 49 41 92 98 42 97 17 78 44 52 99 23 26 25 30 85 11 
902-4-12 1?2.482 = 4 36 28 38 86 49 41 92 42 97 17 44 52 99 23 26 25 30 85 90 12 
902-4-9 1?2.394 = 4 36 28 38 86 64 49 41 93 69 68 83 87 18 22 58 89 31 76 9 
902-4-10 1?2.369 = 4 36 28 64 96 50 43 84 24 83 87 18 22 58 60 62 95 29 48 10 
902-6-8 1?1.869 = 6 61 51 57 46 75 43 84 24 83 87 18 22 58 89 76 8 
902-5-15 1?2.447 = 5 54 51 57 46 75 43 50 84 24 87 83 68 78 44 52 27 40 59 15 
902-6-7 1?1.904 = 6 61 51 57 46 75 43 50 84 24 83 87 18 88 65 74 7 
902-5-7 1?2.105 = 5 54 51 57 46 75 43 50 84 24 83 87 18 88 65 74 7 
902-5-8 1?2.3 = 5 54 51 57 46 75 43 84 24 83 87 18 22 58 89 76 88 65 8 
902-5-13 1?2.548 = 5 54 51 57 46 75 43 50 84 24 87 83 68 78 44 52 71 34 82 73 72 13 
902-5-11 1?2.345 = 5 54 51 57 46 75 43 50 84 24 83 87 18 22 58 60 62 95 29 81 16 11 
902-5-14 1?2.634 = 5 54 51 57 46 75 43 84 24 87 83 68 78 44 52 27 70 33 40 59 14 
902-5-12 1?2.542 = 5 54 51 57 46 75 43 50 84 24 83 87 18 22 89 58 60 39 55 85 90 12 
902-5-9 1?2.298 = 5 54 51 57 46 75 43 50 84 24 83 87 18 22 58 32 60 31 76 9 
902-5-10 1?2.204 = 5 54 51 57 46 75 43 50 84 24 83 87 18 22 58 60 62 95 29 48 10 
902-7-8 1?2.065 = 7 74 46 57 75 43 50 84 24 83 87 18 22 58 89 76 8 
902-6-9 1?1.761 = 6 61 51 57 46 75 43 84 24 83 87 18 22 58 89 76 9 
902-7-9 1?1.957 = 7 74 46 57 75 43 50 84 24 83 87 18 22 58 89 76 9 
902-6-15 1?2.29 = 6 61 51 57 46 75 43 50 84 24 87 83 68 78 44 52 71 27 40 59 15 
902-7-10 1?1.871 = 7 74 88 76 31 89 22 58 60 62 95 29 16 81 48 10 
902-7-11 1?2.306 = 7 74 46 57 75 43 50 84 24 87 18 22 58 60 62 95 29 81 16 11 
902-6-11 1?2.132 = 6 61 51 57 46 75 43 50 84 24 87 18 22 58 60 62 95 29 81 16 11 
902-6-13 1?2.347 = 6 61 51 57 46 75 43 50 84 24 87 83 68 78 44 52 71 34 82 73 72 13 
902-6-14 1?2.433 = 6 61 51 57 46 75 43 84 24 87 83 68 78 44 52 27 70 33 40 59 14 
902-6-12 1?2.341 = 6 61 51 57 46 75 43 50 84 24 83 87 18 22 89 58 60 39 55 85 90 12 
902-6-10 1?1.961 = 6 61 51 57 46 75 43 50 84 24 83 87 18 22 58 60 62 95 48 10 
902-8-11 1?1.888 = 8 65 88 76 31 89 22 58 60 32 39 62 95 29 81 11 
902-8-9 1?2.06 = 8 76 31 89 22 58 60 32 39 62 95 29 81 48 47 9 
902-8-10 1?1.77 = 8 76 31 89 22 58 60 32 39 62 95 29 16 81 48 10 
902-8-13 1?2.264 = 8 65 88 76 31 89 22 58 60 39 55 30 25 77 82 73 72 13 
902-8-15 1?2.555 = 8 76 89 58 60 39 55 30 25 26 23 99 44 52 27 70 33 40 59 15 
902-8-12 1?2.288 = 8 65 88 89 22 58 60 39 55 30 25 26 19 77 82 73 72 12 
902-7-15 1?2.578 = 7 74 46 57 75 43 50 84 24 87 83 68 78 44 52 71 27 70 33 40 59 15 
902-7-13 1?2.512 = 7 74 88 76 31 89 22 58 60 39 55 30 25 26 19 77 82 73 72 13 
902-7-14 1?2.629 = 7 74 46 57 75 43 50 84 24 87 83 68 78 44 52 27 70 33 40 59 14 
902-8-14 1?2.62 = 8 76 89 22 58 60 39 55 30 25 26 23 99 44 52 71 27 40 59 14 
902-7-12 1?2.52 = 7 74 46 57 51 75 43 50 84 24 83 87 18 22 58 60 39 55 85 90 12 
902-10-11 1?1.853 = 10 47 31 89 22 58 60 32 39 62 95 29 48 81 16 11 
902-10-13 1?1.792 = 10 48 81 16 29 95 62 55 30 25 77 82 73 72 13 
902-9-11 1?1.78 = 9 76 31 89 22 58 60 32 39 62 95 29 48 81 16 11 
902-9-12 1?1.899 = 9 76 89 22 58 60 39 55 30 25 77 82 73 72 12 
902-10-12 1?1.821 = 10 48 81 16 29 95 55 30 25 77 82 73 72 90 12 
902-9-10 1?1.662 = 9 76 31 89 22 58 60 32 39 62 95 29 16 81 48 10 
902-9-13 1?2.091 = 9 76 31 89 22 58 60 39 55 30 25 26 19 77 82 73 72 13 
902-10-15 1?2.167 = 10 48 29 95 55 30 25 26 23 99 44 52 71 27 70 33 40 59 15 
902-10-14 1?2.218 = 10 48 29 95 55 30 25 26 23 99 44 52 27 70 33 40 59 14 
902-9-15 1?2.417 = 9 76 89 22 58 60 39 55 30 25 26 23 99 44 52 71 27 40 59 15 
902-9-14 1?2.468 = 9 76 31 89 22 58 60 39 55 30 25 77 19 99 44 52 71 94 56 14 
902-12-15 1?1.955 = 12 72 73 82 77 19 99 44 52 27 70 33 40 59 15 
902-11-12 1?1.897 = 11 16 81 29 95 62 39 55 30 25 77 82 73 72 12 
902-11-13 1?1.862 = 11 16 81 29 95 62 39 55 30 25 77 82 73 72 13 
902-13-15 1?1.92 = 13 72 73 82 77 19 99 44 52 27 70 33 40 59 15 
902-12-13 1?1.96 = 12 90 85 30 25 26 23 99 44 52 71 34 82 73 72 13 
902-14-15 1?2.113 = 14 56 82 77 19 23 99 44 52 71 27 70 33 40 59 15 
902-11-14 1?2.057 = 11 81 29 95 55 30 25 26 23 99 44 52 71 94 56 14 
902-13-14 1?2.015 = 13 72 73 82 77 19 99 44 52 27 70 33 40 59 14 
902-12-14 1?2.05 = 12 72 73 82 77 19 99 44 52 27 70 33 40 59 14 
902-11-15 1?2.147 = 11 16 55 30 25 77 19 99 44 52 71 27 70 33 40 59 15 
stop
