start
573-0-3 1?2.114 = 0 20 47 93 29 43 48 65 23 51 42 57 67 53 27 22 3 
573-0-2 1?2.124 = 0 20 93 29 43 48 65 23 51 42 57 53 18 73 19 2 
573-0-4 1?2.485 = 0 20 47 40 46 88 89 37 94 29 48 65 57 42 23 51 79 84 4 
573-0-1 1?2.129 = 0 20 93 29 43 48 65 23 51 42 57 53 18 73 19 1 
573-0-5 1?2.524 = 0 20 47 88 89 37 68 94 29 43 48 65 57 42 51 23 80 97 81 5 
573-0-10 1?2.486 = 0 20 47 40 46 88 89 37 68 21 62 17 78 96 24 82 66 54 10 
573-0-9 1?2.488 = 0 20 47 88 89 37 68 21 62 25 99 17 96 24 98 35 59 91 28 9 
573-0-8 1?2.514 = 0 52 73 18 19 53 67 57 42 51 23 44 75 90 31 32 36 39 86 56 8 
573-0-7 1?2.416 = 0 52 73 19 18 67 57 42 51 23 44 75 90 31 32 36 39 86 72 92 7 
573-0-11 1?2.259 = 0 20 47 88 89 37 68 21 62 25 99 17 78 96 24 82 66 54 11 
573-0-6 1?2.609 = 0 52 73 19 18 67 48 43 65 57 42 51 23 44 75 90 31 32 87 33 6 
573-1-4 1?2.216 = 1 19 73 18 53 67 57 65 42 51 23 80 97 81 84 4 
573-0-15 1?2.212 = 0 52 73 19 18 67 57 65 48 43 29 93 20 47 40 46 15 
573-0-14 1?2.194 = 0 76 20 47 40 46 88 89 37 68 21 30 69 71 63 14 
573-1-8 1?2.338 = 1 73 18 67 57 42 51 23 44 75 90 31 32 36 39 86 56 60 70 8 
573-0-13 1?2.468 = 0 52 73 18 67 57 42 51 23 65 48 43 29 94 21 30 69 85 64 13 
573-1-2 1?2.135 = 1 19 18 53 67 48 43 65 23 42 57 51 95 22 27 26 2 
573-1-3 1?1.925 = 1 19 73 18 67 48 43 65 57 42 23 51 53 27 22 3 
573-1-7 1?2.272 = 1 19 73 18 53 57 42 51 23 44 75 90 31 32 36 39 86 72 92 7 
573-0-12 1?2.458 = 0 20 47 88 89 37 68 21 62 17 96 24 82 66 54 16 50 12 
573-1-5 1?2.302 = 1 19 73 18 67 48 43 65 57 42 51 23 44 75 90 31 97 81 5 
573-1-6 1?2.383 = 1 19 73 18 53 67 57 42 51 23 44 75 90 31 32 36 87 33 6 
573-1-13 1?2.383 = 1 19 18 53 67 57 42 51 23 65 48 43 29 94 21 30 69 85 64 13 
573-1-12 1?2.578 = 1 73 18 67 57 42 51 23 65 48 43 61 25 99 17 78 34 16 50 12 
573-2-4 1?2.183 = 2 26 19 73 18 53 67 57 42 51 23 80 97 81 84 4 
573-1-10 1?2.532 = 1 73 18 67 57 42 51 23 65 43 61 25 99 17 96 24 82 66 54 10 
573-2-3 1?2.144 = 2 26 19 73 18 53 67 57 42 51 23 80 79 95 22 3 
573-1-15 1?2.07 = 1 19 18 67 57 42 51 23 65 48 29 93 47 40 46 15 
573-1-9 1?2.492 = 1 73 18 67 57 42 51 23 44 75 83 32 36 39 86 56 60 59 91 28 9 
573-1-14 1?2.137 = 1 73 18 67 57 42 51 23 65 48 43 29 94 37 63 14 
573-2-5 1?2.139 = 2 26 19 73 18 53 67 48 43 65 57 42 51 23 80 97 81 5 
573-2-6 1?2.322 = 2 26 19 73 18 53 67 48 43 65 57 42 51 23 80 97 81 49 6 
573-1-11 1?2.374 = 1 73 18 67 57 42 51 23 65 43 94 62 17 96 24 82 66 54 11 
573-3-4 1?2.089 = 3 22 27 19 73 18 53 67 57 65 42 23 51 79 84 4 
573-2-13 1?2.386 = 2 19 73 18 53 57 42 51 23 65 48 43 29 94 21 30 69 85 64 13 
573-2-12 1?2.542 = 2 26 19 73 18 53 67 57 42 51 23 65 48 43 29 94 21 30 69 85 12 
573-3-5 1?2.085 = 3 22 27 53 67 48 43 65 57 42 51 23 44 90 97 81 5 
573-2-15 1?2.053 = 2 26 27 95 51 23 42 57 65 48 29 89 88 40 46 15 
573-2-8 1?2.371 = 2 26 27 53 67 57 42 51 23 44 75 90 31 32 36 39 86 56 60 70 8 
573-2-9 1?2.488 = 2 26 27 53 57 42 51 23 44 75 83 32 36 39 86 56 60 59 91 28 9 
573-2-10 1?2.519 = 2 26 27 95 51 23 42 57 65 43 29 94 62 17 96 24 82 66 54 10 
573-2-7 1?2.277 = 2 26 19 73 18 67 57 42 51 23 44 75 90 31 32 36 39 86 72 92 7 
573-2-14 1?2.279 = 2 26 19 73 18 67 57 42 51 23 65 48 43 29 94 37 63 77 14 
573-2-11 1?2.369 = 2 26 27 95 51 42 57 65 48 43 29 94 62 17 96 24 82 66 54 11 
573-3-13 1?2.433 = 3 22 27 53 67 57 42 51 23 65 48 43 29 94 21 68 30 69 85 64 13 
573-4-5 1?2.213 = 4 45 22 27 53 67 48 43 65 57 42 51 23 80 97 81 5 
573-3-12 1?2.565 = 3 22 95 51 23 42 57 65 48 43 29 94 62 17 96 78 34 16 50 12 
573-3-10 1?2.418 = 3 22 95 51 23 42 57 65 43 29 94 62 17 96 24 82 66 54 10 
573-3-7 1?2.184 = 3 22 27 53 67 57 42 51 23 44 75 90 31 32 36 39 86 72 92 7 
573-3-9 1?2.417 = 3 22 95 51 23 42 57 65 43 29 94 62 25 99 38 35 59 91 28 9 
573-3-8 1?2.305 = 3 22 27 53 67 57 42 51 23 44 75 31 32 36 39 86 56 60 70 8 
573-3-6 1?2.297 = 3 22 27 53 67 48 43 65 57 42 51 23 44 75 90 31 32 87 6 
573-3-15 1?2.24 = 3 22 27 53 67 57 42 51 23 65 48 43 29 94 37 89 88 40 46 15 
573-3-14 1?2.351 = 3 22 27 53 67 57 42 51 23 65 48 43 29 94 21 68 37 63 77 14 
573-3-11 1?2.369 = 3 22 95 51 23 42 57 65 48 43 61 25 99 17 78 96 24 82 66 54 11 
573-4-7 1?2.074 = 4 84 79 51 42 23 44 75 31 32 36 39 86 72 92 7 
573-5-6 1?2.121 = 5 81 97 31 90 75 83 32 36 39 86 72 92 58 33 87 6 
573-4-6 1?2.206 = 4 84 81 97 31 32 36 39 86 56 72 92 58 33 87 6 
573-4-12 1?2.604 = 4 84 79 51 23 42 57 65 43 29 94 62 17 96 24 34 16 50 12 
573-4-13 1?2.644 = 4 84 79 80 23 51 42 57 65 48 43 29 94 62 21 68 30 69 85 64 13 
573-4-10 1?2.479 = 4 84 80 23 51 42 65 43 29 94 62 17 96 24 82 66 54 10 
573-4-8 1?2.396 = 4 84 79 51 57 42 23 44 75 90 31 32 36 39 86 56 60 70 8 
573-4-9 1?2.508 = 4 84 79 51 23 42 57 65 43 29 94 62 25 99 38 35 59 91 28 9 
573-4-11 1?2.36 = 4 84 79 51 23 42 57 65 43 29 94 62 17 96 24 82 66 54 11 
573-4-14 1?2.491 = 4 84 79 51 23 42 57 65 48 43 29 94 21 68 37 89 41 63 77 14 
573-4-15 1?2.346 = 4 84 79 51 23 42 57 65 48 43 29 94 37 89 93 20 47 40 46 15 
573-5-8 1?1.985 = 5 81 97 31 90 75 83 32 36 39 72 86 56 60 70 8 
573-6-8 1?1.968 = 6 33 87 32 36 39 72 86 56 60 59 91 28 70 8 
573-6-7 1?2.21 = 6 87 32 36 39 86 56 60 59 91 28 70 8 72 92 7 
573-5-7 1?2.042 = 5 49 81 97 31 90 75 83 32 36 39 86 56 72 92 7 
573-5-13 1?2.64 = 5 81 97 80 23 51 42 57 65 48 43 29 94 62 21 68 30 69 85 64 13 
573-5-12 1?2.641 = 5 81 97 31 32 36 39 86 56 60 59 91 35 98 24 34 16 50 12 
573-5-10 1?2.375 = 5 81 97 31 32 36 39 86 56 60 70 28 59 91 35 98 74 10 
573-5-9 1?2.411 = 5 81 97 90 31 32 36 87 33 58 92 72 39 86 56 60 59 91 28 9 
573-5-11 1?2.397 = 5 81 97 31 32 36 39 86 56 60 59 91 35 98 24 82 66 54 11 
573-5-14 1?2.572 = 5 81 97 90 75 44 23 51 42 57 65 48 43 29 94 21 68 37 63 77 14 
573-5-15 1?2.445 = 5 81 97 80 23 51 42 57 65 48 43 29 94 37 89 93 20 47 40 46 15 
573-6-9 1?1.925 = 6 33 87 32 36 39 86 56 60 59 35 98 91 28 9 
573-7-9 1?1.67 = 7 92 33 87 32 36 39 86 56 60 70 59 91 28 9 
573-7-8 1?1.797 = 7 58 33 87 31 90 75 83 32 36 39 86 56 60 70 8 
573-6-12 1?2.419 = 6 87 32 36 39 86 56 60 59 91 35 98 96 24 34 16 50 12 
573-7-10 1?2.13 = 7 58 92 72 86 56 60 59 91 35 98 96 78 24 82 66 54 10 
573-6-13 1?2.693 = 6 49 81 97 80 23 51 42 57 65 48 43 29 94 62 21 30 69 85 64 13 
573-6-10 1?2.324 = 6 87 32 36 39 86 56 60 59 91 35 98 96 24 82 66 54 10 
573-7-11 1?2.099 = 7 58 33 87 36 39 86 56 60 59 91 35 98 96 24 82 66 54 11 
573-6-11 1?2.342 = 6 87 33 58 92 72 39 86 56 60 59 91 35 98 96 24 82 66 54 11 
573-6-15 1?2.472 = 6 49 81 97 80 23 51 42 57 65 48 43 29 94 37 89 88 40 46 15 
573-6-14 1?2.583 = 6 49 81 97 80 23 51 42 57 65 48 43 29 94 21 68 37 63 77 14 
573-8-9 1?1.935 = 8 70 60 56 86 39 36 32 83 38 35 59 91 28 9 
573-8-10 1?1.857 = 8 70 28 91 59 35 98 24 96 78 34 16 66 54 10 
573-8-12 1?2.396 = 8 70 28 59 91 35 98 24 96 17 78 34 16 82 66 54 11 50 12 
573-8-11 1?1.708 = 8 70 28 91 59 35 98 24 96 78 34 16 66 54 11 
573-7-12 1?2.231 = 7 58 92 72 39 86 56 60 59 91 35 98 24 96 78 34 16 50 12 
573-8-13 1?2.47 = 8 70 28 91 59 35 98 17 78 96 24 82 66 54 16 34 85 64 13 
573-7-13 1?2.512 = 7 58 92 72 56 60 59 91 35 98 96 24 82 66 54 16 34 85 64 13 
573-8-15 1?2.46 = 8 70 59 91 35 38 99 25 62 21 68 37 89 93 20 47 40 46 15 
573-8-14 1?2.584 = 8 56 86 39 36 32 31 75 44 23 51 42 57 65 43 29 94 37 63 14 
573-7-14 1?2.51 = 7 58 33 87 32 31 75 44 23 51 42 57 65 48 43 29 94 37 63 77 14 
573-7-15 1?2.427 = 7 58 33 87 32 83 75 44 23 51 42 57 65 48 43 29 93 20 47 40 46 15 
573-9-10 1?1.692 = 9 28 59 91 35 98 24 96 78 34 16 54 66 82 10 
573-10-12 1?1.906 = 10 74 91 59 35 98 96 78 24 82 66 54 16 50 12 
573-10-11 1?1.807 = 10 74 91 59 35 98 96 78 24 82 34 16 66 54 11 
573-9-12 1?1.955 = 9 28 59 35 98 17 78 96 24 82 66 54 16 34 50 12 
573-10-13 1?2.277 = 10 54 66 82 24 96 78 17 99 25 62 21 68 69 85 64 13 
573-9-11 1?1.522 = 9 28 91 59 35 98 24 96 78 34 16 82 66 54 11 
573-9-13 1?2.153 = 9 28 59 35 98 17 78 96 24 82 66 54 16 34 85 64 13 
573-10-15 1?2.163 = 10 54 66 82 24 96 78 17 62 21 68 37 89 88 40 46 15 
573-10-14 1?2.231 = 10 54 66 82 24 96 78 17 99 25 62 21 68 37 63 77 14 
573-9-15 1?2.241 = 9 28 91 59 35 38 99 25 62 21 68 37 89 93 20 47 40 46 15 
573-9-14 1?2.388 = 9 28 91 59 35 98 24 96 78 17 99 25 62 21 68 37 63 77 14 
573-12-13 1?2.103 = 12 50 34 16 54 66 82 24 96 78 17 30 69 85 64 13 
573-11-13 1?1.957 = 11 54 66 82 24 96 17 99 25 62 21 30 69 85 64 13 
573-11-12 1?2.098 = 11 54 66 82 24 96 78 17 99 25 62 21 30 69 85 12 
573-14-15 1?2.404 = 14 63 37 94 29 43 48 67 53 18 73 76 20 47 40 15 
573-12-14 1?2.156 = 12 34 16 54 66 82 24 96 17 78 69 71 77 63 14 
573-13-14 1?2.134 = 13 64 85 69 30 21 68 37 89 88 47 40 46 41 63 77 14 
573-11-14 1?1.95 = 11 54 66 82 24 96 78 17 62 21 68 71 63 14 
573-13-15 1?2.448 = 13 64 85 34 24 96 17 99 25 62 21 68 37 89 88 46 15 
573-12-15 1?2.212 = 12 50 16 54 66 82 24 96 78 30 68 37 89 88 40 46 15 
573-11-15 1?2.014 = 11 54 66 82 24 96 78 17 62 21 68 37 89 88 40 46 15 
stop
