start
581-0-1 1?2.026 = 0 45 28 70 97 68 47 29 37 64 39 76 56 63 74 1 
581-0-2 1?1.96 = 0 28 70 97 68 25 79 29 37 64 39 93 99 51 27 2 
581-0-3 1?2.237 = 0 45 28 70 97 68 25 79 29 37 64 39 93 51 99 85 34 3 
581-0-4 1?2.462 = 0 45 28 70 97 68 79 29 37 64 39 93 51 99 85 82 22 67 4 
581-0-5 1?2.423 = 0 45 63 56 74 76 27 51 99 85 22 61 58 78 21 33 41 84 5 
581-0-6 1?2.652 = 0 45 63 74 56 76 27 51 99 85 82 22 61 58 78 21 33 84 41 23 6 
581-0-7 1?2.567 = 0 45 63 56 76 51 99 85 22 61 58 78 21 33 41 23 87 49 7 
581-0-8 1?2.515 = 0 45 28 70 97 68 25 32 92 53 59 69 52 98 73 36 88 62 48 8 
581-0-9 1?2.572 = 0 45 28 70 97 68 25 32 92 53 59 69 52 98 16 31 36 88 91 9 
581-0-10 1?2.605 = 0 45 28 70 97 68 65 60 32 92 46 77 55 59 69 98 52 30 10 
581-0-11 1?2.482 = 0 45 72 28 70 97 68 65 26 60 32 92 46 77 55 75 24 80 11 
581-0-12 1?2.384 = 0 45 72 70 97 68 65 26 60 32 53 92 46 55 77 86 81 12 
581-0-13 1?2.142 = 0 45 72 28 70 97 68 25 32 92 46 60 26 54 96 94 89 13 
581-0-14 1?1.873 = 0 45 72 28 70 97 68 25 60 65 26 54 96 57 14 
581-0-15 1?1.976 = 0 45 72 28 70 97 68 25 60 26 54 96 57 83 15 
581-1-2 1?2.005 = 1 74 56 63 72 47 97 68 79 29 37 64 39 93 51 27 2 
581-1-3 1?1.962 = 1 74 63 56 76 27 51 99 93 39 64 37 19 82 85 34 3 
581-1-4 1?2.161 = 1 74 63 56 76 51 99 85 82 22 61 58 78 33 21 95 4 
581-1-5 1?2.33 = 1 74 63 56 76 27 51 99 85 22 61 58 78 21 33 44 41 84 5 
581-1-6 1?2.507 = 1 74 63 56 76 51 93 39 64 37 19 71 40 18 58 78 21 33 84 41 6 
581-1-7 1?2.486 = 1 74 63 56 76 51 99 85 22 61 58 78 21 33 84 41 23 87 49 7 
581-1-8 1?2.637 = 1 74 56 63 72 70 97 68 25 32 92 53 59 69 98 73 36 88 62 48 8 
581-1-9 1?2.689 = 1 74 56 63 72 70 97 68 25 32 92 53 59 69 52 98 16 31 36 91 9 
581-1-10 1?2.717 = 1 74 56 63 72 70 97 68 25 32 53 92 46 77 55 59 69 98 52 30 10 
581-1-11 1?2.576 = 1 74 63 56 76 51 93 39 64 37 29 79 25 32 92 46 55 75 24 80 11 
581-1-12 1?2.52 = 1 74 63 56 76 51 99 93 39 64 37 29 79 25 32 92 55 77 86 12 
581-1-13 1?2.32 = 1 74 63 56 76 51 93 39 64 37 29 79 25 60 26 96 54 94 89 13 
581-1-14 1?2.173 = 1 74 56 63 45 72 28 70 97 68 25 32 60 26 54 96 57 14 
581-1-15 1?1.915 = 1 74 56 76 39 64 37 29 79 25 68 97 70 28 66 15 
581-2-3 1?2.1 = 2 27 51 99 93 39 64 37 19 71 18 58 61 22 85 34 3 
581-2-4 1?2.119 = 2 27 51 93 39 64 37 19 71 40 18 58 78 33 21 95 4 
581-2-5 1?2.119 = 2 27 51 99 93 39 64 37 19 82 61 78 21 33 41 84 5 
581-2-6 1?2.203 = 2 27 51 93 39 64 37 19 71 18 58 78 21 33 84 41 23 6 
581-2-7 1?2.437 = 2 27 51 93 39 64 37 19 71 18 58 78 21 33 84 41 23 87 49 7 
581-2-8 1?2.638 = 2 27 51 93 39 64 37 19 71 40 20 50 69 52 98 16 31 36 88 62 48 8 
581-2-9 1?2.603 = 2 27 51 99 93 39 64 37 19 18 71 40 20 50 16 31 36 88 48 62 91 9 
581-2-10 1?2.771 = 2 27 51 93 39 64 37 29 79 25 32 53 92 46 77 55 59 69 98 52 30 10 
581-2-11 1?2.609 = 2 27 51 99 93 39 64 37 29 79 25 60 32 92 46 77 55 75 24 80 11 
581-2-12 1?2.624 = 2 27 51 99 93 39 64 37 29 79 25 60 32 53 92 46 55 77 86 81 12 
581-2-13 1?2.286 = 2 27 51 93 39 64 37 29 79 25 32 92 46 60 26 96 54 94 89 13 
581-2-14 1?2.108 = 2 27 51 99 93 39 64 37 29 79 25 32 60 26 54 96 57 14 
581-2-15 1?1.818 = 2 27 51 99 93 39 64 37 29 79 68 97 70 28 66 15 
581-3-4 1?2.23 = 3 34 51 99 93 39 64 37 19 18 58 78 33 21 95 4 
581-3-5 1?2.087 = 3 34 27 51 99 85 82 22 61 58 78 21 33 41 84 5 
581-3-6 1?2.248 = 3 34 27 51 99 85 82 22 61 58 78 21 33 84 41 23 6 
581-3-7 1?2.483 = 3 34 85 99 93 39 64 37 19 18 58 78 21 33 41 23 87 49 7 
581-3-8 1?2.636 = 3 34 85 99 51 93 39 64 37 19 71 40 20 50 16 31 36 88 62 48 8 
581-3-9 1?2.529 = 3 34 85 99 93 39 64 37 19 71 40 20 50 16 31 36 88 62 91 9 
581-3-10 1?2.726 = 3 34 51 99 93 39 64 37 29 79 25 32 92 53 59 69 98 52 30 10 
581-3-11 1?2.694 = 3 34 85 99 51 93 39 64 37 29 79 25 32 53 92 46 77 55 75 80 11 
581-3-12 1?2.743 = 3 34 85 99 51 93 39 64 37 29 79 25 60 32 53 92 46 55 77 86 12 
581-3-13 1?2.447 = 3 34 85 99 93 39 64 37 29 47 97 68 65 60 26 96 54 94 89 13 
581-3-14 1?2.318 = 3 34 85 99 93 39 64 37 29 79 53 92 32 60 26 54 96 57 14 
581-3-15 1?2.118 = 3 34 85 99 51 93 39 64 37 29 79 25 68 97 70 28 66 15 
581-4-5 1?2.261 = 4 67 85 99 93 39 64 37 19 61 78 21 33 41 84 5 
581-4-6 1?2.288 = 4 67 22 82 61 58 78 21 33 44 90 43 87 49 23 6 
581-4-7 1?2.357 = 4 95 21 33 84 41 23 49 87 90 43 42 35 17 7 
581-4-8 1?2.596 = 4 95 21 33 84 41 23 49 87 90 43 42 35 17 48 88 62 91 8 
581-4-9 1?2.776 = 4 95 21 33 44 90 43 42 35 31 16 50 69 59 52 98 73 36 88 91 9 
581-4-10 1?2.626 = 4 95 21 33 44 90 43 42 35 48 62 91 36 31 16 98 52 30 10 
581-4-11 1?2.58 = 4 95 21 33 44 90 43 42 35 31 16 50 59 69 98 52 24 80 11 
581-4-12 1?2.776 = 4 67 22 82 85 99 51 93 39 64 37 29 79 25 32 92 46 55 77 86 12 
581-4-13 1?2.694 = 4 95 21 33 78 58 18 71 40 20 53 92 32 60 65 26 54 96 94 89 13 
581-4-14 1?2.55 = 4 67 22 85 99 93 39 64 37 29 79 53 92 32 60 26 54 96 57 14 
581-4-15 1?2.485 = 4 67 22 82 85 99 51 93 39 64 37 29 79 47 68 97 70 28 66 15 
581-5-6 1?2.311 = 5 84 21 33 44 90 43 42 35 88 62 48 17 87 49 6 
581-5-7 1?2.345 = 5 84 41 23 49 87 90 43 42 35 31 36 88 48 17 7 
581-5-8 1?2.072 = 5 84 41 23 49 87 90 43 42 35 17 48 88 62 91 8 
581-5-9 1?2.73 = 5 84 41 23 49 87 90 43 42 35 31 16 50 69 52 98 73 36 91 9 
581-5-10 1?2.742 = 5 84 41 23 49 87 90 43 42 35 48 62 91 36 31 16 98 52 30 10 
581-5-11 1?2.54 = 5 84 41 23 49 87 90 43 42 35 31 16 98 52 69 59 24 80 11 
581-5-12 1?2.633 = 5 84 41 33 21 78 58 18 71 40 20 53 32 92 46 55 77 86 81 12 
581-5-13 1?2.519 = 5 84 41 33 21 78 58 18 71 40 20 53 92 32 60 26 96 94 89 13 
581-5-14 1?2.387 = 5 84 33 21 78 58 18 71 40 20 53 92 32 60 26 54 96 57 14 
581-5-15 1?2.497 = 5 84 33 21 78 58 18 71 40 20 53 92 32 25 68 97 70 28 66 15 
581-6-7 1?2.303 = 6 41 84 33 21 78 44 90 43 42 35 17 87 49 7 
581-6-8 1?2.019 = 6 23 41 84 21 33 44 90 43 42 35 17 48 88 62 8 
581-6-9 1?2.447 = 6 49 87 23 41 84 21 33 44 90 43 42 35 17 48 88 62 91 9 
581-6-10 1?2.556 = 6 23 49 87 90 43 42 35 17 48 88 62 91 36 31 16 98 52 30 10 
581-6-11 1?2.411 = 6 23 49 87 17 48 88 62 91 36 31 16 98 52 69 59 24 80 11 
581-6-12 1?2.529 = 6 23 49 87 90 43 42 35 31 16 98 52 69 59 55 77 86 81 12 
581-6-13 1?2.508 = 6 41 84 33 21 78 58 18 71 40 20 53 92 32 60 26 54 94 13 
581-6-14 1?2.6 = 6 23 41 84 33 21 78 18 71 40 20 53 92 32 60 26 54 96 57 14 
581-6-15 1?2.709 = 6 41 33 21 78 58 18 71 40 20 53 92 32 60 25 68 97 70 28 66 15 
581-7-8 1?2.059 = 7 49 87 90 43 42 35 31 16 98 52 73 36 88 62 48 8 
581-7-9 1?2.089 = 7 49 87 90 43 42 35 31 16 98 52 73 36 88 62 91 9 
581-7-10 1?2.179 = 7 49 87 90 43 42 35 48 62 88 36 31 16 98 52 30 10 
581-7-11 1?2.375 = 7 49 87 90 43 42 35 31 16 98 52 69 59 55 75 24 80 11 
581-7-12 1?2.65 = 7 49 87 17 48 62 88 36 31 16 98 52 69 59 55 77 75 86 81 12 
581-7-13 1?2.645 = 7 17 48 62 88 36 31 16 98 52 69 59 53 92 32 60 26 54 94 89 13 
581-7-14 1?2.686 = 7 49 87 90 43 42 35 31 16 98 52 69 59 53 32 60 26 54 96 57 14 
581-7-15 1?2.615 = 7 49 87 23 41 84 33 21 78 58 18 71 40 79 68 97 70 28 66 15 
581-8-9 1?2.054 = 8 17 35 31 16 50 59 69 52 98 73 36 88 48 62 91 9 
581-8-10 1?2.231 = 8 17 35 48 88 62 91 36 31 16 50 59 69 98 52 30 10 
581-8-11 1?1.989 = 8 48 62 88 36 31 16 98 52 69 59 55 77 75 80 11 
581-8-12 1?2.043 = 8 48 62 91 36 31 16 98 52 69 59 55 77 86 81 12 
581-8-13 1?2.374 = 8 48 62 88 36 31 16 98 52 69 59 53 92 32 60 26 54 94 89 13 
581-8-14 1?2.416 = 8 48 62 91 36 31 16 98 52 69 59 53 92 32 60 26 54 96 57 14 
581-8-15 1?2.499 = 8 48 62 88 36 31 16 98 52 69 59 55 92 32 25 68 97 70 28 66 15 
581-9-10 1?2.233 = 9 91 62 48 88 36 31 16 50 98 52 69 59 75 24 30 10 
581-9-11 1?1.985 = 9 91 62 48 88 36 31 16 98 52 69 59 55 75 80 11 
581-9-12 1?2.046 = 9 91 62 48 88 36 31 16 98 52 69 59 55 75 86 12 
581-9-13 1?2.312 = 9 91 36 31 16 98 52 69 59 53 92 32 60 26 54 94 89 13 
581-9-14 1?2.374 = 9 91 62 88 36 31 16 98 52 69 59 53 92 32 60 26 54 96 57 14 
581-9-15 1?2.453 = 9 91 88 36 31 16 98 52 69 59 53 92 32 25 68 97 70 28 66 15 
581-10-11 1?2.212 = 10 30 73 36 31 16 50 98 52 69 59 55 77 75 80 11 
581-10-12 1?2.273 = 10 30 73 36 31 16 50 98 52 69 59 55 77 75 86 12 
581-10-13 1?2.102 = 10 30 52 98 69 59 53 92 32 60 26 54 96 94 89 13 
581-10-14 1?2.447 = 10 30 73 36 31 16 98 52 69 59 55 77 46 60 26 54 96 57 14 
581-10-15 1?2.42 = 10 30 52 98 69 59 55 77 46 92 53 32 25 68 97 70 28 66 15 
581-11-12 1?2.216 = 11 80 75 77 55 92 32 60 26 96 54 94 89 81 12 
581-11-13 1?1.917 = 11 80 24 75 77 55 92 32 60 26 96 54 94 89 13 
581-11-14 1?1.875 = 11 80 24 75 55 77 46 92 32 60 26 54 96 57 14 
581-11-15 1?2.277 = 11 80 24 75 55 77 46 92 32 60 26 65 68 97 70 28 66 15 
581-12-13 1?1.996 = 12 81 86 77 55 46 92 53 32 60 26 54 96 94 89 13 
581-12-14 1?1.92 = 12 81 86 77 55 46 92 32 60 65 26 54 96 57 14 
581-12-15 1?2.191 = 12 86 77 55 46 92 53 32 60 26 65 68 97 70 28 66 15 
581-13-14 1?1.961 = 13 89 94 54 96 26 60 25 68 97 70 28 66 83 14 
581-13-15 1?1.795 = 13 89 94 57 96 54 26 60 65 68 97 70 28 66 15 
581-14-15 1?1.786 = 14 57 96 54 26 65 60 32 25 68 97 70 28 66 15 
stop
