start
376-0-2 1?1.901 = 0 39 78 58 24 89 44 22 68 31 87 86 67 59 2 
376-0-3 1?2.048 = 0 62 52 39 78 58 24 89 44 22 68 31 87 59 60 67 3 
376-0-1 1?1.798 = 0 62 52 96 85 27 74 34 23 22 44 89 58 78 1 
376-0-5 1?2.301 = 0 39 78 58 24 89 44 22 93 92 97 65 80 79 70 95 45 5 
376-0-8 1?2.597 = 0 39 78 58 24 89 44 49 74 34 77 36 83 50 35 40 17 46 8 
376-0-6 1?2.569 = 0 39 58 78 24 89 31 68 44 22 92 97 65 80 79 70 95 45 82 6 
376-0-7 1?2.624 = 0 39 58 78 24 89 31 68 44 22 93 92 97 65 61 80 79 70 75 7 
376-0-11 1?2.343 = 0 62 52 96 85 74 34 77 81 18 36 83 50 94 29 43 69 90 19 72 11 
376-0-4 1?2.201 = 0 39 78 58 24 89 31 68 38 48 86 87 59 60 67 55 4 
376-0-9 1?2.667 = 0 39 78 58 89 44 22 23 34 77 81 18 36 83 50 35 40 17 91 9 
376-0-10 1?2.495 = 0 39 78 58 24 89 52 96 85 74 34 77 36 83 50 94 30 16 53 10 
376-0-13 1?1.918 = 0 39 78 58 24 89 96 85 74 27 20 51 73 33 13 
376-1-2 1?1.855 = 1 39 78 58 24 89 44 22 68 31 87 86 67 59 2 
376-0-15 1?1.887 = 0 39 78 58 89 96 85 27 20 51 73 28 21 26 15 
376-0-12 1?2.246 = 0 39 78 58 89 44 22 23 34 74 27 20 57 98 66 12 
376-0-14 1?1.771 = 0 39 78 58 89 96 85 27 20 51 73 28 26 21 14 
376-1-3 1?2.005 = 1 39 78 58 24 89 31 68 38 48 86 87 59 60 67 55 3 
376-1-7 1?2.565 = 1 78 58 24 89 44 22 93 92 97 65 80 79 70 95 45 82 42 7 
376-1-8 1?2.504 = 1 78 58 24 89 44 22 23 34 77 81 18 36 83 50 35 40 17 46 8 
376-1-4 1?2.155 = 1 39 78 58 24 89 31 68 38 48 86 87 59 60 67 55 4 
376-1-5 1?2.234 = 1 78 58 24 89 44 22 93 92 97 65 61 80 79 70 95 45 5 
376-1-6 1?2.332 = 1 39 78 58 24 89 44 22 93 92 97 65 80 79 70 95 45 82 6 
376-1-15 1?1.836 = 1 78 58 24 89 52 96 85 27 20 51 73 28 21 26 15 
376-2-3 1?2.028 = 2 54 24 78 58 89 44 22 68 31 87 86 59 60 3 
376-1-12 1?2.403 = 1 78 58 24 89 44 22 23 81 18 36 83 50 94 29 43 69 41 32 98 66 12 
376-2-4 1?2.157 = 2 54 87 86 48 38 47 61 80 79 70 95 45 37 4 
376-1-14 1?1.714 = 1 78 58 89 96 85 74 27 20 51 73 28 26 21 14 
376-2-5 1?2.23 = 2 54 59 60 67 86 48 38 47 61 65 80 79 70 95 45 5 
376-1-9 1?2.539 = 1 78 58 24 89 96 85 74 34 77 81 18 36 83 50 35 40 17 91 9 
376-1-11 1?2.4 = 1 78 58 24 89 52 96 85 74 34 77 81 18 36 83 94 29 43 69 90 72 11 
376-2-6 1?2.404 = 2 59 60 67 86 48 38 47 61 65 80 79 70 95 45 82 42 6 
376-1-13 1?2.34 = 1 78 58 24 89 52 62 96 49 44 22 23 34 74 27 20 51 73 33 13 
376-1-10 1?2.521 = 1 78 58 24 89 96 85 74 34 77 81 18 36 83 50 94 29 43 69 90 71 53 10 
376-2-15 1?2.189 = 2 54 87 31 44 22 23 34 74 27 20 51 73 28 21 26 15 
376-3-4 1?2.147 = 3 60 59 86 48 38 47 61 80 79 70 95 45 37 4 
376-2-12 1?2.573 = 2 59 60 67 48 38 97 56 76 18 36 83 50 94 29 43 69 41 32 98 66 12 
376-3-5 1?2.006 = 3 60 59 67 86 48 38 47 61 80 79 70 95 45 5 
376-2-7 1?2.496 = 2 59 60 67 86 48 38 47 61 65 80 79 70 95 45 82 42 7 
376-2-8 1?2.467 = 2 59 60 67 86 48 38 47 61 45 95 80 79 70 25 99 46 63 8 
376-2-9 1?2.59 = 2 59 60 67 86 48 38 47 61 45 95 80 79 70 25 99 46 91 9 
376-2-14 1?2.174 = 2 60 59 87 31 44 22 23 34 74 27 20 51 73 28 26 21 14 
376-2-10 1?2.706 = 2 60 59 87 68 31 44 49 74 34 77 81 18 36 83 50 94 30 16 53 10 
376-2-13 1?2.443 = 2 59 60 67 86 87 68 44 22 23 34 74 85 27 20 51 73 33 13 
376-2-11 1?2.64 = 2 59 60 67 86 87 68 31 44 22 23 81 18 36 83 50 94 29 43 69 90 72 11 
376-3-15 1?2.27 = 3 60 59 87 31 68 22 23 34 74 27 20 51 73 28 21 26 15 
376-3-12 1?2.588 = 3 60 59 67 48 38 97 56 76 18 36 83 50 94 29 43 69 41 32 98 66 12 
376-4-5 1?2.318 = 4 55 67 60 59 87 86 48 38 65 80 79 70 95 45 5 
376-3-7 1?2.372 = 3 67 60 59 87 86 48 38 47 61 45 95 80 79 70 84 7 
376-3-6 1?2.039 = 3 60 59 67 86 48 38 47 61 65 80 95 45 82 6 
376-3-8 1?2.482 = 3 60 59 67 86 48 38 47 61 45 95 80 79 70 25 99 46 63 8 
376-3-9 1?2.624 = 3 67 60 59 87 86 48 38 47 61 95 80 79 70 25 99 46 63 91 9 
376-3-14 1?2.22 = 3 67 60 59 87 31 68 22 23 34 74 27 20 51 73 28 26 21 14 
376-3-10 1?2.661 = 3 60 59 87 68 31 44 22 23 34 77 81 18 36 83 50 94 30 16 53 10 
376-3-11 1?2.587 = 3 60 59 87 68 31 44 49 74 34 77 36 83 50 94 29 43 69 90 72 11 
376-3-13 1?2.505 = 3 60 59 67 86 48 38 68 31 44 22 23 34 74 27 20 51 73 33 13 
376-4-15 1?2.514 = 4 55 88 48 38 92 93 22 23 34 74 27 20 51 73 28 21 26 15 
376-4-7 1?2.492 = 4 55 67 60 59 87 86 48 38 47 61 65 80 79 70 75 7 
376-4-8 1?2.497 = 4 37 47 65 61 45 95 80 70 79 64 40 17 25 99 46 63 8 
376-4-12 1?2.626 = 4 37 45 95 80 70 79 64 40 35 30 16 29 43 69 41 32 98 66 12 
376-4-6 1?2.298 = 4 55 67 60 59 86 48 38 65 80 79 70 95 45 82 6 
376-5-6 1?2.333 = 5 37 47 61 45 95 80 79 70 25 99 84 75 42 82 6 
376-4-9 1?2.796 = 4 55 67 60 59 86 48 38 47 61 65 80 79 70 25 99 46 63 91 9 
376-4-14 1?2.443 = 4 88 48 38 68 31 44 22 23 34 74 27 20 51 73 28 26 21 14 
376-4-10 1?2.714 = 4 37 47 61 45 95 80 70 79 64 40 35 30 94 29 43 69 90 71 53 10 
376-4-13 1?2.585 = 4 55 67 60 59 87 68 31 44 22 23 34 74 27 20 51 73 33 13 
376-4-11 1?2.706 = 4 37 45 95 80 70 79 64 40 35 30 94 29 43 69 41 32 98 66 19 72 11 
376-6-7 1?2.309 = 6 82 45 47 61 95 80 70 79 64 40 17 25 99 84 7 
376-6-8 1?2.192 = 6 82 45 95 80 70 79 64 40 17 25 99 46 63 91 8 
376-5-7 1?2.616 = 5 37 47 65 61 45 95 80 70 79 64 40 17 25 99 84 75 7 
376-5-8 1?2.487 = 5 37 47 65 61 45 95 80 70 79 64 40 17 25 99 46 63 8 
376-5-15 1?2.645 = 5 45 95 70 79 80 56 93 23 34 74 27 20 51 73 28 21 26 15 
376-5-12 1?2.605 = 5 45 95 80 70 79 64 40 35 50 94 30 29 43 69 90 41 32 98 66 12 
376-5-9 1?2.693 = 5 37 47 61 45 95 80 70 79 64 35 40 17 25 99 46 63 91 9 
376-5-10 1?2.477 = 5 45 95 80 70 79 64 40 35 94 30 16 29 43 69 90 71 53 10 
376-5-11 1?2.522 = 5 45 95 80 70 79 64 40 35 30 94 29 43 69 41 32 98 66 19 72 11 
376-5-13 1?2.495 = 5 45 95 80 70 79 64 40 35 30 29 43 69 41 32 66 98 57 33 13 
376-5-14 1?2.57 = 5 45 95 70 79 80 65 97 92 93 23 34 74 27 20 51 28 26 21 14 
376-7-10 1?2.233 = 7 84 25 17 40 35 30 94 29 43 69 90 19 72 71 53 10 
376-7-11 1?2.111 = 7 84 25 17 40 35 94 29 43 69 41 32 98 66 19 72 11 
376-6-9 1?2.117 = 6 82 45 95 80 70 79 64 40 17 25 99 46 63 91 9 
376-7-9 1?2.437 = 7 42 82 45 95 70 79 64 40 17 25 99 46 63 91 9 
376-7-8 1?2.424 = 7 75 95 45 61 65 80 70 79 64 40 17 25 99 46 63 8 
376-6-12 1?2.519 = 6 82 45 95 80 70 79 64 40 35 30 16 29 43 69 41 32 98 66 12 
376-6-11 1?2.411 = 6 42 75 84 25 17 40 35 30 94 29 43 69 41 32 98 66 19 72 11 
376-6-15 1?2.649 = 6 82 45 61 65 97 92 93 22 23 34 74 27 20 51 73 28 21 26 15 
376-6-10 1?2.36 = 6 82 45 95 80 70 79 64 40 35 30 94 29 43 69 90 71 53 10 
376-6-13 1?2.523 = 6 82 45 95 80 70 79 64 40 35 94 29 43 69 41 32 66 98 57 33 13 
376-6-14 1?2.608 = 6 82 45 95 70 79 80 65 97 92 93 23 34 74 27 20 51 73 28 21 14 
376-8-10 1?2.107 = 8 46 99 25 17 40 35 30 94 29 43 69 41 90 71 53 10 
376-8-11 1?2.073 = 8 46 99 25 17 40 35 94 29 43 69 41 32 66 19 72 11 
376-8-9 1?2.447 = 8 46 99 25 17 40 35 30 94 29 43 69 41 90 71 53 9 
376-8-12 1?2.277 = 8 63 46 99 25 17 40 35 94 30 16 29 43 69 41 32 98 66 12 
376-7-12 1?2.706 = 7 42 75 45 95 80 70 79 64 40 35 94 29 43 69 41 32 98 66 12 
376-7-15 1?2.614 = 7 84 25 17 40 35 94 29 43 69 41 32 66 98 57 51 73 28 21 26 15 
376-8-15 1?2.58 = 8 46 17 40 35 30 94 29 43 69 41 32 66 98 57 51 73 28 21 26 15 
376-8-13 1?2.321 = 8 46 99 25 17 40 35 30 94 29 43 69 90 41 32 66 98 57 33 13 
376-7-14 1?2.498 = 7 84 25 17 40 35 94 29 43 69 41 32 66 98 57 51 73 28 26 21 14 
376-8-14 1?2.425 = 8 63 46 17 40 35 94 29 43 69 41 32 66 98 57 51 73 28 26 21 14 
376-7-13 1?2.504 = 7 75 84 99 25 17 40 35 30 94 29 43 69 90 41 32 66 98 57 33 13 
376-10-12 1?1.904 = 10 53 71 16 30 94 29 43 69 41 32 66 98 57 33 12 
376-9-10 1?2.109 = 9 91 63 46 99 25 17 40 35 30 94 29 43 69 16 53 10 
376-10-11 1?1.961 = 10 53 71 16 30 94 29 43 69 41 32 98 66 19 90 72 11 
376-9-11 1?1.99 = 9 91 63 46 99 25 17 40 35 30 94 29 43 69 90 72 11 
376-10-13 1?1.678 = 10 53 71 16 30 94 29 43 69 41 32 66 98 57 33 13 
376-9-12 1?2.221 = 9 91 63 46 99 25 17 40 35 30 94 29 43 69 41 32 98 66 12 
376-9-13 1?2.242 = 9 91 63 46 17 40 35 30 29 43 69 41 32 66 98 57 33 13 
376-10-15 1?2.164 = 10 53 71 16 30 94 29 43 69 41 32 66 98 57 51 73 28 21 26 15 
376-10-14 1?2.048 = 10 53 71 16 30 94 29 43 69 41 32 66 98 57 51 73 28 26 21 14 
376-9-15 1?2.577 = 9 91 16 30 94 29 43 69 90 41 32 66 98 57 33 51 73 28 21 26 15 
376-9-14 1?2.359 = 9 91 16 30 94 29 43 69 41 32 66 98 57 33 51 73 28 26 21 14 
376-14-15 1?1.983 = 14 21 28 73 51 20 27 74 34 23 22 44 49 85 15 
376-11-12 1?2.237 = 11 71 16 30 29 43 69 41 32 66 98 57 51 73 33 12 
376-13-15 1?2.097 = 13 33 73 51 20 27 74 34 23 22 44 49 96 85 15 
376-11-13 1?1.887 = 11 72 19 90 16 30 94 29 43 69 41 32 66 98 57 33 13 
376-12-13 1?2.001 = 12 19 72 90 69 16 30 94 29 43 41 32 66 98 57 33 13 
376-11-14 1?1.75 = 11 72 90 69 29 43 41 32 66 98 57 51 73 28 26 21 14 
376-12-14 1?1.844 = 12 19 90 69 29 43 41 32 66 98 57 51 73 28 26 21 14 
376-12-15 1?2.172 = 12 19 72 90 69 29 43 41 32 66 98 57 33 51 73 28 21 26 15 
376-13-14 1?2.058 = 13 33 73 51 20 27 74 34 49 96 85 26 21 28 14 
376-11-15 1?2.285 = 11 72 90 69 43 29 30 94 41 32 66 98 57 33 51 73 28 21 26 15 
stop
