start
512-0-3 1?1.921 = 0 58 49 62 93 21 48 29 43 54 65 42 30 16 90 3 
512-0-1 1?1.703 = 0 58 49 62 93 21 87 64 97 48 29 43 54 65 77 1 
512-0-4 1?2.16 = 0 58 49 62 93 21 29 43 54 65 42 30 90 96 18 56 46 37 4 
512-0-2 1?1.731 = 0 49 62 93 21 29 43 54 65 42 30 90 16 71 2 
512-0-10 1?2.386 = 0 58 54 43 29 21 48 97 24 17 85 70 82 81 67 66 80 92 39 10 
512-0-7 1?2.48 = 0 58 49 62 93 21 87 64 97 24 17 85 98 59 25 94 36 86 20 7 
512-0-11 1?2.338 = 0 58 49 43 29 21 48 97 24 17 53 52 40 23 84 69 31 45 11 
512-0-9 1?2.556 = 0 58 43 29 21 48 87 64 97 24 17 85 70 82 81 22 72 34 33 9 
512-0-8 1?2.648 = 0 49 58 54 43 29 21 87 64 97 24 17 85 70 82 81 22 72 34 33 8 
512-0-5 1?2.283 = 0 58 49 43 29 21 48 74 61 78 96 18 56 46 35 26 88 41 73 5 
512-0-6 1?2.494 = 0 58 49 43 29 21 48 74 61 78 96 18 56 46 35 26 73 41 38 6 
512-1-4 1?1.873 = 1 77 65 54 44 74 61 28 78 96 18 56 46 37 4 
512-1-3 1?1.951 = 1 77 65 54 43 29 21 48 74 61 28 78 96 18 3 
512-1-2 1?1.828 = 1 77 65 54 43 29 21 48 44 74 61 30 16 71 2 
512-0-15 1?1.838 = 0 58 43 29 21 48 44 74 97 87 64 93 60 68 15 
512-0-14 1?1.927 = 0 49 58 54 43 29 48 97 64 87 21 93 60 68 75 14 
512-0-13 1?2.205 = 0 49 58 54 43 29 48 97 64 87 21 93 60 68 75 50 83 32 13 
512-0-12 1?2.272 = 0 49 62 93 21 48 97 24 17 53 52 40 23 84 69 31 45 12 
512-1-5 1?2.183 = 1 77 65 54 43 29 48 74 61 78 96 18 56 46 35 26 41 73 5 
512-1-7 1?2.374 = 1 77 65 54 43 29 21 48 97 24 17 85 98 59 25 94 86 20 7 
512-1-6 1?2.453 = 1 77 65 54 43 29 21 48 97 24 17 85 98 59 25 94 36 86 20 6 
512-1-8 1?2.459 = 1 77 65 54 43 29 21 48 97 24 17 85 82 81 22 72 34 33 8 
512-1-15 1?1.849 = 1 77 65 54 43 29 21 48 74 97 87 64 93 60 68 15 
512-1-14 1?1.946 = 1 77 65 54 43 29 44 74 97 48 21 93 60 68 75 14 
512-2-3 1?2.181 = 2 71 77 65 54 43 29 21 48 74 61 78 96 18 3 
512-2-4 1?1.903 = 2 71 16 30 90 78 96 18 56 46 35 26 88 41 73 4 
512-2-5 1?1.701 = 2 71 16 30 90 78 47 18 56 46 35 26 88 41 73 5 
512-1-9 1?2.465 = 1 77 65 54 43 29 48 97 24 17 85 70 82 81 22 72 34 33 99 9 
512-1-12 1?2.243 = 1 77 65 54 43 29 21 87 64 89 53 52 40 23 84 69 31 45 12 
512-1-11 1?2.47 = 1 77 65 54 43 29 21 87 64 97 24 17 53 52 40 84 69 31 45 11 
512-1-13 1?2.156 = 1 77 65 54 43 29 48 97 64 87 21 93 60 68 75 50 83 32 13 
512-2-6 1?2.644 = 2 71 16 30 90 96 18 56 46 35 26 73 41 88 59 98 25 36 86 20 6 
512-1-10 1?2.424 = 1 77 65 54 43 29 21 48 97 24 17 85 70 82 81 67 66 80 92 39 10 
512-2-15 1?1.95 = 2 71 16 90 30 42 65 54 43 29 21 93 60 68 62 15 
512-3-4 1?2.238 = 3 16 30 90 96 78 28 47 18 56 46 35 26 41 73 4 
512-2-14 1?2.301 = 2 71 16 30 61 74 44 42 65 54 43 29 48 21 93 60 68 14 
512-3-5 1?1.926 = 3 71 16 30 90 96 47 18 56 46 35 26 88 41 73 5 
512-2-9 1?2.634 = 2 71 77 65 54 43 29 21 48 97 24 17 85 70 82 81 67 99 9 
512-2-11 1?2.592 = 2 71 16 30 42 65 54 43 29 21 48 87 64 24 53 52 40 84 69 11 
512-2-7 1?2.594 = 2 71 16 30 90 96 18 56 46 35 26 73 41 88 59 98 25 36 86 20 7 
512-2-12 1?2.528 = 2 71 77 65 54 43 29 21 48 97 24 53 52 40 84 69 31 45 12 
512-2-8 1?2.68 = 2 71 16 30 90 96 18 56 46 35 26 73 41 38 20 86 94 36 27 63 8 
512-2-13 1?2.351 = 2 71 16 90 30 42 65 54 43 29 48 21 93 60 68 75 50 83 32 13 
512-2-10 1?2.582 = 2 71 16 30 42 65 54 43 29 21 87 64 89 52 40 23 66 80 92 39 10 
512-3-15 1?2.208 = 3 18 96 90 16 30 42 65 54 43 29 48 21 93 60 68 15 
512-4-5 1?1.796 = 4 37 46 56 18 47 96 78 28 95 35 26 88 41 73 5 
512-3-14 1?2.488 = 3 37 46 56 18 96 90 16 30 42 65 54 43 29 21 93 60 68 14 
512-3-9 1?2.677 = 3 37 46 35 26 41 38 20 86 36 94 25 59 98 22 72 34 33 99 9 
512-3-7 1?2.147 = 3 37 46 56 18 96 47 95 79 98 59 25 94 36 86 20 7 
512-3-6 1?2.123 = 3 71 16 30 90 78 96 18 56 46 35 26 73 41 38 6 
512-3-11 1?2.694 = 3 90 16 30 42 65 54 43 29 21 87 64 89 53 52 40 23 84 69 11 
512-3-8 1?2.755 = 3 37 46 56 35 88 26 73 41 38 20 86 36 94 59 98 25 55 27 63 8 
512-3-10 1?2.617 = 3 37 46 56 18 47 95 79 98 59 25 55 22 72 67 66 80 92 39 10 
512-3-12 1?2.701 = 3 90 30 42 65 54 43 29 21 87 64 89 52 40 84 69 31 45 12 
512-3-13 1?2.63 = 3 90 16 30 42 65 54 43 29 48 97 87 21 93 60 68 75 50 83 32 13 
512-5-6 1?2.136 = 5 41 26 35 46 56 47 95 79 98 59 25 94 36 86 20 6 
512-4-7 1?1.968 = 4 37 46 56 18 96 47 95 79 98 59 25 94 36 86 20 7 
512-4-6 1?2.007 = 4 37 46 56 18 47 96 78 28 95 35 26 73 41 38 6 
512-4-9 1?2.417 = 4 37 46 56 18 96 47 95 79 98 59 25 55 22 72 34 33 99 9 
512-4-15 1?2.353 = 4 37 46 56 18 96 78 28 61 74 44 42 65 54 43 29 21 93 62 15 
512-4-14 1?2.387 = 4 37 46 56 18 96 90 16 30 42 65 54 43 29 21 93 60 68 75 14 
512-4-8 1?2.361 = 4 37 46 56 35 26 73 41 38 20 86 36 94 59 98 25 27 63 8 
512-4-11 1?2.632 = 4 37 46 56 18 47 95 79 98 59 25 55 22 72 34 67 66 80 92 39 11 
512-4-10 1?2.411 = 4 37 46 56 18 47 95 79 98 59 25 55 72 34 67 66 80 92 39 10 
512-4-12 1?2.604 = 4 37 46 56 18 96 78 28 61 19 76 17 53 52 40 84 69 31 45 12 
512-4-13 1?2.542 = 4 46 56 18 96 90 30 42 65 54 43 29 21 93 60 68 75 50 83 32 13 
512-5-9 1?2.249 = 5 73 41 26 35 88 59 98 25 55 72 67 66 92 80 51 9 
512-5-7 1?2.093 = 5 73 26 35 46 56 18 47 95 79 59 25 94 36 86 20 7 
512-6-7 1?2.211 = 6 20 86 36 94 25 59 98 55 22 72 67 34 33 27 63 7 
512-5-14 1?2.398 = 5 73 41 26 35 46 56 18 96 78 28 61 74 48 21 93 60 68 14 
512-6-8 1?2.22 = 6 20 86 36 94 25 59 98 55 22 72 67 34 33 27 63 8 
512-5-8 1?2.251 = 5 73 41 38 20 86 36 94 25 59 98 55 22 72 34 33 27 8 
512-5-15 1?2.379 = 5 73 41 26 35 46 56 18 96 90 30 42 65 54 43 29 21 93 62 15 
512-5-10 1?2.224 = 5 73 41 38 20 86 36 94 25 59 98 22 72 34 67 66 80 92 39 10 
512-5-11 1?2.499 = 5 73 41 38 20 86 36 94 25 59 98 22 72 34 67 66 80 92 39 91 11 
512-5-12 1?2.493 = 5 73 41 26 88 59 98 25 55 72 67 66 80 92 91 84 69 45 12 
512-5-13 1?2.58 = 5 73 41 26 35 46 56 18 96 78 61 74 97 87 64 89 50 83 32 13 
512-6-9 1?1.999 = 6 20 86 36 94 25 59 98 22 72 67 66 92 80 51 9 
512-7-9 1?1.949 = 7 20 86 36 94 25 59 98 22 72 67 66 92 80 51 9 
512-7-8 1?2.17 = 7 20 86 36 94 25 59 98 55 22 72 67 34 33 27 63 8 
512-6-14 1?2.607 = 6 38 41 73 26 35 46 56 18 96 78 61 74 48 21 93 60 68 14 
512-7-11 1?2.215 = 7 20 86 36 94 25 59 98 22 72 34 67 66 80 92 91 84 69 11 
512-6-15 1?2.592 = 6 38 41 26 35 46 56 18 96 90 30 42 65 54 43 29 21 93 62 15 
512-7-10 1?1.796 = 7 20 86 36 25 59 98 22 72 34 67 66 92 80 51 10 
512-6-10 1?2.189 = 6 20 86 36 94 25 59 98 55 22 72 33 34 67 66 80 92 39 51 10 
512-6-11 1?2.44 = 6 20 86 36 94 25 59 98 55 22 72 34 67 66 80 92 39 91 84 69 11 
512-6-13 1?2.591 = 6 20 86 36 94 25 59 98 22 72 34 67 66 80 92 91 84 69 31 57 13 
512-6-12 1?2.485 = 6 20 86 36 94 25 59 98 22 72 34 67 66 80 92 39 91 84 69 31 45 12 
512-8-11 1?2.083 = 8 27 55 22 72 67 66 80 92 91 84 69 31 45 11 
512-8-9 1?2.129 = 8 63 27 36 86 20 94 25 59 98 55 22 72 34 33 99 9 
512-7-14 1?2.577 = 7 20 86 36 94 25 59 98 85 17 24 97 64 87 21 93 60 68 14 
512-8-10 1?2.003 = 8 63 20 86 36 94 25 59 98 22 72 67 66 80 92 39 10 
512-8-12 1?2.046 = 8 27 55 22 72 67 66 80 92 91 84 69 31 45 12 
512-8-14 1?2.643 = 8 33 34 72 22 81 82 70 85 17 76 24 97 48 21 93 60 68 14 
512-7-15 1?2.617 = 7 20 86 36 94 25 59 98 22 81 70 85 17 24 97 48 21 93 60 68 15 
512-8-15 1?2.62 = 8 33 34 72 22 81 82 70 85 17 76 24 64 87 48 21 93 60 68 15 
512-8-13 1?2.647 = 8 63 27 55 22 72 33 34 67 66 80 92 39 91 84 69 31 57 32 13 
512-7-12 1?2.354 = 7 20 86 36 94 25 59 98 22 72 34 67 66 80 92 91 84 69 31 45 12 
512-7-13 1?2.617 = 7 20 86 36 94 25 59 98 22 72 34 67 66 80 92 91 84 69 31 57 32 13 
512-10-11 1?2.043 = 10 51 39 92 80 66 67 81 70 82 23 84 69 31 45 11 
512-9-11 1?1.991 = 9 99 33 34 72 67 66 80 92 39 91 84 69 31 45 11 
512-10-14 1?2.266 = 10 39 92 80 66 23 40 52 53 89 64 87 21 93 60 68 14 
512-10-12 1?1.997 = 10 51 99 33 72 67 66 80 92 91 84 69 31 45 12 
512-9-10 1?2.161 = 9 33 34 72 22 70 81 82 40 23 66 80 92 39 51 10 
512-9-12 1?1.954 = 9 99 33 34 72 67 66 80 92 39 91 84 69 31 45 12 
512-9-14 1?2.573 = 9 99 33 34 72 22 81 82 85 17 24 97 48 21 93 60 68 14 
512-9-15 1?2.541 = 9 99 33 34 72 22 81 82 70 85 17 24 97 48 29 21 93 62 15 
512-10-13 1?2.142 = 10 51 39 92 80 66 67 81 70 82 23 40 52 50 83 32 13 
512-10-15 1?2.41 = 10 39 92 80 66 67 81 82 70 85 17 24 97 87 48 21 93 62 15 
512-9-13 1?2.532 = 9 51 80 92 66 67 34 72 22 81 70 82 23 40 52 50 83 32 13 
512-12-15 1?2.128 = 12 45 69 84 23 40 52 53 89 64 87 21 93 60 68 15 
512-14-15 1?2.091 = 14 75 68 60 93 21 87 97 48 29 43 54 58 49 62 15 
512-13-15 1?2.025 = 13 32 83 50 89 64 87 97 48 21 29 43 93 62 15 
512-11-15 1?2.223 = 11 69 84 23 40 52 53 17 24 97 64 87 21 93 62 15 
512-12-14 1?2.252 = 12 45 69 84 23 40 52 53 89 64 87 21 93 60 68 14 
512-13-14 1?2.188 = 13 32 83 50 89 64 87 97 48 21 29 93 60 68 75 14 
512-11-14 1?2.349 = 11 45 31 69 84 23 40 52 53 24 97 48 21 93 60 68 14 
512-11-12 1?2.16 = 11 91 39 92 80 66 67 81 70 82 23 84 69 31 45 12 
512-12-13 1?2.242 = 12 45 31 69 84 91 92 80 66 23 40 52 50 83 32 13 
512-11-13 1?2.286 = 11 39 92 80 66 67 72 22 81 82 40 52 50 83 32 13 
stop
