start
483-0-1 1?1.94 = 0 68 63 32 72 52 76 50 66 82 71 21 84 75 97 1 
483-0-5 1?2.57 = 0 51 68 63 75 84 21 32 72 52 76 50 82 57 66 44 61 64 79 49 5 
483-0-11 1?2.38 = 0 51 35 90 31 55 38 91 16 92 93 46 18 77 56 94 74 40 11 
483-0-4 1?2.384 = 0 51 35 53 25 63 68 97 62 75 84 21 32 72 76 50 66 29 24 4 
483-0-2 1?1.845 = 0 68 63 75 84 21 72 52 76 82 50 66 57 71 73 2 
483-0-9 1?2.67 = 0 51 35 90 58 91 16 92 93 46 18 77 94 56 40 74 65 28 96 9 
483-0-6 1?2.589 = 0 51 68 97 62 75 84 21 32 72 52 76 82 50 66 44 61 64 26 80 6 
483-0-8 1?2.764 = 0 51 68 63 75 84 21 72 52 76 82 50 66 44 61 86 43 42 88 39 8 
483-0-7 1?2.823 = 0 68 63 75 84 21 72 52 76 82 50 66 44 61 47 86 45 34 81 67 7 
483-0-3 1?1.798 = 0 51 68 63 75 84 21 72 52 76 82 50 66 57 29 17 3 
483-0-10 1?2.482 = 0 51 35 90 31 55 38 91 16 92 93 46 18 77 56 94 40 74 20 10 
483-0-14 1?2.219 = 0 68 63 75 84 21 72 98 36 60 78 99 16 91 55 14 
483-0-15 1?2.258 = 0 51 68 97 62 75 84 21 72 32 25 53 35 90 31 15 
483-1-2 1?1.595 = 1 97 62 75 84 21 72 52 76 82 50 66 57 71 73 2 
483-0-13 1?2.323 = 0 51 68 63 75 84 21 32 36 60 78 99 16 91 38 13 
483-0-12 1?2.392 = 0 51 35 90 58 91 16 92 93 18 77 94 74 40 56 27 22 23 12 
483-1-3 1?1.598 = 1 97 62 75 84 21 72 71 52 76 50 82 66 57 17 3 
483-1-4 1?1.639 = 1 97 62 75 84 21 32 72 76 82 50 66 57 29 24 4 
483-1-5 1?1.875 = 1 97 75 84 21 32 72 52 76 82 50 66 44 79 49 5 
483-1-8 1?2.675 = 1 97 62 75 84 21 72 52 76 82 50 66 44 61 86 47 37 43 42 88 39 8 
483-1-7 1?2.602 = 1 97 62 75 84 21 32 72 52 76 82 50 66 44 47 86 45 34 81 67 7 
483-1-6 1?2.439 = 1 97 62 75 84 21 32 72 52 76 82 50 66 44 61 45 34 81 67 80 6 
483-1-15 1?1.983 = 1 97 62 75 84 21 72 32 63 68 25 53 35 90 31 15 
483-1-12 1?2.447 = 1 97 62 75 84 21 72 98 36 60 78 33 30 46 18 77 27 22 23 12 
483-2-4 1?1.706 = 2 73 62 97 75 84 21 72 52 82 50 66 57 29 24 4 
483-2-3 1?1.629 = 2 73 62 97 75 84 21 72 52 76 82 50 66 57 17 3 
483-1-11 1?2.406 = 1 97 62 75 84 21 72 98 36 60 78 33 30 46 18 77 74 40 94 56 11 
483-1-13 1?2.419 = 1 97 62 75 84 21 32 72 98 36 60 78 54 16 91 55 38 19 13 
483-2-5 1?1.96 = 2 73 62 97 75 84 21 72 52 82 50 66 44 79 49 5 
483-2-6 1?2.159 = 2 73 62 97 75 84 21 72 52 76 82 50 66 44 79 26 80 6 
483-1-14 1?1.868 = 1 97 62 75 68 63 25 53 35 90 58 91 16 38 19 14 
483-1-10 1?2.434 = 1 97 62 75 84 21 72 98 36 60 78 33 30 46 18 77 94 56 40 20 10 
483-1-9 1?2.579 = 1 97 62 75 84 21 72 32 98 36 60 41 59 47 86 43 42 88 39 96 9 
483-2-15 1?2.135 = 2 73 71 82 66 50 76 52 72 21 84 75 63 25 53 35 90 15 
483-3-4 1?1.963 = 3 17 73 62 97 75 84 21 72 52 76 50 66 29 24 4 
483-2-12 1?2.566 = 2 73 84 21 32 36 60 78 33 30 46 18 77 74 94 56 27 22 23 12 
483-3-5 1?2.152 = 3 17 57 66 50 82 71 21 32 72 52 76 44 79 49 5 
483-2-13 1?2.54 = 2 73 71 57 66 50 82 76 52 72 98 36 60 78 99 54 16 91 38 13 
483-2-11 1?2.496 = 2 73 84 21 72 98 36 41 95 33 30 46 93 18 77 56 94 74 40 11 
483-2-8 1?2.646 = 2 73 62 97 75 84 21 72 52 76 82 50 66 44 61 45 43 42 88 39 8 
483-2-7 1?2.536 = 2 73 62 97 75 84 21 72 52 76 82 50 66 44 61 45 34 81 67 7 
483-2-14 1?2.294 = 2 73 71 57 66 50 82 52 76 98 36 60 78 99 16 91 38 19 14 
483-2-10 1?2.488 = 2 73 84 21 72 98 36 60 78 33 30 46 93 18 77 56 94 40 20 10 
483-2-9 1?2.682 = 2 73 62 97 75 84 21 72 98 36 60 41 59 47 86 43 42 88 39 96 9 
483-3-8 1?2.461 = 3 17 57 66 50 82 76 98 36 60 41 59 47 86 43 42 88 39 8 
483-3-15 1?2.214 = 3 17 57 66 50 82 76 52 72 32 21 84 75 68 63 25 53 35 90 15 
483-4-5 1?2.227 = 4 24 29 57 82 50 66 44 61 45 34 81 67 80 26 5 
483-3-11 1?2.42 = 3 17 57 66 50 82 76 98 36 60 78 33 30 46 93 18 77 94 56 11 
483-3-7 1?2.367 = 3 17 57 66 50 82 76 98 36 60 41 59 47 86 45 34 81 7 
483-3-12 1?2.575 = 3 17 57 66 50 76 98 36 60 78 33 30 46 18 77 94 56 27 22 23 12 
483-3-6 1?2.274 = 3 17 29 57 66 50 82 52 76 44 47 86 45 34 81 67 80 6 
483-3-13 1?2.493 = 3 17 29 57 66 50 82 76 52 72 98 36 60 78 99 54 16 91 38 19 13 
483-3-10 1?2.424 = 3 17 57 66 50 76 98 41 95 33 30 46 18 77 94 56 40 20 10 
483-3-9 1?2.52 = 3 17 57 66 50 82 76 98 36 60 41 59 47 86 43 42 88 39 96 9 
483-3-14 1?2.328 = 3 17 57 66 50 82 76 52 72 21 32 36 60 78 99 16 91 38 19 14 
483-4-8 1?2.428 = 4 24 29 57 66 50 82 52 76 44 47 86 45 43 42 88 39 8 
483-4-7 1?2.414 = 4 24 29 57 66 50 82 52 76 44 61 47 86 45 34 81 67 7 
483-5-6 1?2.411 = 5 49 79 24 29 57 66 50 82 52 76 44 61 64 26 80 6 
483-4-6 1?2.075 = 4 24 29 57 66 50 82 52 76 44 61 64 79 49 26 80 6 
483-4-15 1?2.409 = 4 24 29 57 66 50 82 76 52 72 21 84 75 62 97 68 63 25 53 35 90 15 
483-4-11 1?2.515 = 4 24 29 57 66 50 82 52 76 98 36 60 78 33 30 46 18 77 94 56 11 
483-4-12 1?2.629 = 4 24 29 57 66 50 82 76 98 36 60 78 33 30 46 18 77 27 22 23 12 
483-4-10 1?2.506 = 4 24 29 66 50 76 98 41 95 33 30 46 18 77 94 56 40 20 10 
483-4-9 1?2.505 = 4 24 29 57 82 50 66 44 61 86 47 59 37 43 42 88 39 96 9 
483-4-13 1?2.631 = 4 24 29 57 66 50 82 76 52 72 21 32 98 36 60 78 99 16 91 38 19 13 
483-4-14 1?2.5 = 4 24 29 57 66 50 82 76 52 72 21 32 98 36 60 78 99 16 91 38 19 14 
483-5-8 1?2.207 = 5 49 26 80 67 81 34 45 86 47 37 43 42 88 39 8 
483-6-8 1?2.105 = 6 80 26 67 81 34 45 86 47 59 37 43 42 88 39 8 
483-5-7 1?2.31 = 5 26 80 67 81 34 45 86 47 37 43 42 39 88 70 7 
483-6-7 1?2.196 = 6 67 81 34 45 86 47 37 83 69 48 42 88 39 70 7 
483-5-15 1?2.591 = 5 49 79 44 66 50 82 76 52 72 32 21 84 75 68 63 25 53 35 90 15 
483-5-12 1?2.538 = 5 26 80 67 81 34 43 42 48 28 65 74 40 56 94 77 27 22 23 12 
483-5-11 1?2.483 = 5 26 80 67 81 34 43 42 48 83 69 28 65 74 40 94 56 27 23 22 11 
483-5-9 1?2.433 = 5 49 26 80 67 81 34 45 86 47 59 37 83 48 42 88 39 96 9 
483-5-10 1?2.466 = 5 49 26 80 67 81 34 45 43 42 48 69 28 65 74 94 40 20 10 
483-5-13 1?2.79 = 5 49 79 44 66 50 82 76 52 72 98 36 60 78 99 54 16 91 38 19 13 
483-5-14 1?2.64 = 5 49 26 80 67 81 34 45 86 47 59 95 33 30 54 16 91 38 19 14 
483-7-8 1?2.279 = 7 67 81 34 45 86 47 37 83 69 48 42 88 39 70 8 
483-7-9 1?2.145 = 7 67 81 34 45 86 47 59 37 83 48 42 88 39 96 9 
483-7-10 1?2.14 = 7 70 39 88 42 43 83 69 28 65 74 77 94 40 20 10 
483-6-9 1?1.977 = 6 80 67 81 34 45 86 47 37 43 42 88 39 96 9 
483-6-15 1?2.619 = 6 80 26 79 44 66 50 82 76 52 72 21 84 75 68 63 25 53 35 90 15 
483-6-12 1?2.33 = 6 80 67 81 34 43 42 48 83 69 28 65 74 40 94 56 27 22 23 12 
483-7-11 1?2.25 = 7 70 88 39 42 43 48 83 69 28 65 74 40 56 94 77 27 23 22 11 
483-6-11 1?2.295 = 6 80 67 81 34 43 42 48 83 69 28 65 74 40 56 94 77 27 22 11 
483-6-10 1?2.302 = 6 80 67 81 34 43 42 48 69 28 65 74 94 77 56 40 20 10 
483-6-13 1?2.714 = 6 80 67 81 34 45 86 47 59 95 33 30 46 93 92 16 91 38 19 13 
483-6-14 1?2.637 = 6 80 67 81 34 45 86 47 59 41 98 36 60 78 99 54 16 91 38 19 14 
483-8-11 1?1.845 = 8 39 88 42 43 83 69 28 65 74 40 94 56 27 22 11 
483-8-9 1?2.324 = 8 39 88 42 43 48 69 89 77 94 40 74 65 28 96 9 
483-8-10 1?2.203 = 8 39 88 42 48 83 69 28 65 74 40 56 94 77 27 11 10 
483-7-12 1?2.318 = 7 70 88 39 42 43 48 83 69 28 65 74 40 56 94 77 27 22 23 12 
483-8-13 1?2.435 = 8 39 88 42 48 69 28 65 74 40 56 94 77 18 46 93 87 13 
483-8-15 1?2.665 = 8 96 28 65 74 40 56 94 77 18 46 93 92 16 91 38 55 31 15 
483-7-15 1?2.888 = 7 81 67 64 61 44 66 50 82 76 52 72 21 84 75 68 63 25 53 35 90 15 
483-8-12 1?2.553 = 8 39 88 42 43 86 47 37 83 69 28 65 74 40 56 94 77 27 23 12 
483-7-13 1?2.596 = 7 70 88 42 48 83 69 28 65 74 40 56 94 77 18 46 93 87 13 
483-8-14 1?2.52 = 8 96 28 65 74 40 56 94 77 18 46 93 87 92 16 91 38 19 14 
483-7-14 1?2.669 = 7 67 81 34 45 86 47 59 41 95 33 30 46 93 92 16 91 38 19 14 
483-10-11 1?1.888 = 10 20 40 56 94 74 65 89 46 93 18 77 27 23 22 11 
483-9-11 1?1.765 = 9 96 39 88 42 48 83 69 28 65 74 40 94 56 27 11 
483-10-12 1?1.956 = 10 20 40 56 94 74 65 89 46 93 18 77 27 22 23 12 
483-9-12 1?1.971 = 9 96 39 88 42 48 83 69 28 65 74 40 56 27 23 12 
483-10-13 1?1.838 = 10 20 40 74 94 56 77 18 93 92 16 91 38 19 13 
483-9-10 1?1.925 = 9 96 39 88 42 43 48 83 69 28 65 74 94 56 40 20 10 
483-9-13 1?2.267 = 9 96 28 65 74 40 56 94 77 18 93 92 16 91 38 19 13 
483-9-15 1?2.567 = 9 96 28 65 74 40 56 94 77 18 46 93 87 92 16 91 38 55 31 15 
483-10-15 1?2.377 = 10 20 40 74 94 56 27 22 23 77 18 46 93 92 16 91 38 55 31 15 
483-10-14 1?2.232 = 10 20 40 74 94 56 27 22 23 77 18 46 93 87 92 16 91 38 19 14 
483-9-14 1?2.314 = 9 96 28 65 74 40 56 94 77 18 46 93 87 92 16 91 38 19 14 
483-11-12 1?1.884 = 11 22 27 77 94 56 40 74 65 89 18 46 93 87 12 
483-12-15 1?1.985 = 12 23 22 27 77 18 46 93 92 16 91 38 55 31 15 
483-14-15 1?2.284 = 14 19 38 91 16 92 93 46 30 54 78 99 58 31 15 
483-13-15 1?2.375 = 13 12 23 22 27 77 18 46 93 92 16 91 38 55 31 15 
483-11-13 1?1.807 = 11 27 56 94 40 74 77 18 93 92 16 91 38 19 13 
483-12-13 1?1.94 = 12 23 22 27 56 94 40 74 77 18 93 92 38 19 13 
483-13-14 1?2.199 = 13 12 23 22 27 56 94 40 74 77 18 93 92 38 19 14 
483-12-14 1?1.809 = 12 23 22 27 56 94 40 74 77 18 93 92 38 19 14 
483-11-14 1?1.676 = 11 27 56 94 40 74 77 18 93 92 16 91 38 19 14 
483-11-15 1?2.168 = 11 22 23 27 56 94 40 74 77 18 46 93 92 16 91 38 55 31 15 
stop
