start
680-0-3 1?1.951 = 0 29 50 72 71 63 76 48 82 34 64 99 91 88 57 3 
680-0-6 1?2.332 = 0 29 50 72 71 63 76 48 82 34 37 83 28 79 61 30 90 46 6 
680-0-5 1?2.293 = 0 29 50 53 69 23 72 71 63 76 48 82 34 64 16 81 79 21 5 
680-0-1 1?1.996 = 0 29 50 53 69 42 23 94 95 72 71 63 66 36 1 
680-0-4 1?2.118 = 0 29 50 53 42 23 72 71 63 76 48 82 34 64 99 55 77 4 
680-0-9 1?2.512 = 0 29 50 53 69 42 23 72 71 63 76 56 89 60 97 87 44 20 35 9 
680-0-11 1?2.601 = 0 29 50 53 69 42 23 94 95 18 85 22 93 27 17 54 51 96 32 11 
680-0-8 1?2.522 = 0 29 50 72 71 63 76 56 89 60 59 37 83 28 92 67 80 26 25 8 
680-0-2 1?1.972 = 0 29 50 53 69 42 23 94 72 71 66 36 43 47 2 
680-0-10 1?2.474 = 0 29 50 53 42 23 72 71 63 56 89 60 97 87 44 75 41 24 10 
680-0-7 1?2.46 = 0 29 50 72 71 63 56 89 60 59 37 83 28 31 30 46 90 40 58 7 
680-0-15 1?2.243 = 0 29 50 53 69 42 23 94 95 18 17 27 85 93 22 15 
680-0-14 1?2.015 = 0 29 50 42 53 69 23 94 95 18 17 27 85 22 93 14 
680-1-3 1?2.132 = 1 36 66 63 76 48 82 34 64 16 62 99 55 77 57 3 
680-1-5 1?2.381 = 1 36 66 63 76 48 34 82 56 89 60 59 37 83 28 81 79 21 5 
680-1-2 1?2.282 = 1 36 66 63 76 48 82 34 64 99 55 57 88 91 47 2 
680-1-6 1?2.325 = 1 36 66 63 76 48 82 34 37 83 28 81 79 61 31 30 90 46 6 
680-1-4 1?2.305 = 1 36 66 76 56 89 60 59 37 83 28 31 61 79 81 39 65 4 
680-0-13 1?2.204 = 0 29 50 53 69 42 23 94 95 18 85 93 27 17 54 51 96 13 
680-1-8 1?2.531 = 1 36 66 63 76 56 89 60 59 37 83 28 92 86 67 80 26 33 25 8 
680-0-12 1?2.259 = 0 29 50 53 69 42 23 94 95 18 85 22 93 27 17 54 51 96 12 
680-1-7 1?2.52 = 1 36 66 63 76 56 89 60 59 37 83 28 81 79 61 30 90 40 58 7 
680-1-11 1?2.616 = 1 36 66 63 76 56 89 60 59 98 97 87 44 75 74 45 73 11 
680-1-10 1?2.558 = 1 36 66 63 76 48 34 82 56 89 60 97 87 44 75 74 38 24 10 
680-2-3 1?2.006 = 2 47 43 36 66 63 76 48 82 34 64 99 91 88 57 3 
680-2-5 1?2.294 = 2 47 52 34 82 48 76 56 89 60 59 37 83 28 81 79 61 21 5 
680-2-4 1?2.063 = 2 47 52 43 36 66 63 76 48 82 34 64 99 55 77 4 
680-2-6 1?2.222 = 2 47 52 34 82 48 76 56 89 60 59 37 83 28 31 30 90 46 6 
680-1-15 1?1.978 = 1 36 43 52 34 82 48 76 63 71 72 23 42 53 69 15 
680-1-13 1?2.574 = 1 36 66 63 71 72 50 53 69 42 23 94 95 22 85 93 27 13 
680-1-14 1?2.15 = 1 36 66 71 72 50 42 53 69 23 94 95 22 93 14 
680-1-12 1?2.57 = 1 78 29 50 53 69 42 23 94 95 22 93 85 18 17 54 51 96 12 
680-1-9 1?2.623 = 1 36 66 63 76 48 82 34 83 28 37 59 98 97 87 44 20 35 70 9 
680-3-5 1?2.236 = 3 57 88 91 52 34 82 48 76 56 89 60 59 37 28 79 21 5 
680-2-11 1?2.539 = 2 47 52 34 82 48 76 56 89 60 87 97 98 44 75 74 45 73 11 
680-2-10 1?2.527 = 2 47 52 34 82 48 76 56 89 60 59 98 97 87 44 75 74 38 24 10 
680-3-4 1?2.033 = 3 57 88 91 99 64 34 48 82 37 83 28 79 81 39 65 4 
680-2-15 1?1.93 = 2 47 52 34 82 48 76 63 66 71 72 50 53 69 15 
680-2-9 1?2.555 = 2 47 52 34 82 48 76 56 89 60 59 98 97 87 44 20 35 70 49 9 
680-2-13 1?2.622 = 2 47 91 99 62 16 64 34 82 48 76 63 71 72 94 95 18 85 27 13 
680-2-14 1?2.402 = 2 47 52 34 82 48 76 63 71 72 50 53 69 42 23 22 85 93 14 
680-2-7 1?2.476 = 2 47 52 34 82 48 56 89 60 59 37 83 28 31 61 30 46 90 40 58 7 
680-2-8 1?2.468 = 2 47 52 34 82 48 76 56 89 60 59 37 83 28 92 86 67 80 26 25 8 
680-2-12 1?2.698 = 2 47 91 99 64 34 82 48 76 63 71 72 94 95 18 17 54 51 96 12 
680-4-5 1?2.16 = 4 77 55 99 62 16 81 79 61 31 30 40 90 46 84 5 
680-3-6 1?2.054 = 3 57 88 91 99 62 16 83 37 28 81 79 61 31 30 90 46 6 
680-3-10 1?2.504 = 3 57 88 91 99 64 34 82 48 76 56 89 60 97 87 44 74 75 41 24 10 
680-3-11 1?2.614 = 3 57 88 91 99 64 34 82 48 76 56 89 60 97 87 44 75 74 45 73 11 
680-3-15 1?1.874 = 3 57 88 91 52 43 36 66 63 71 72 23 42 53 69 15 
680-3-7 1?2.373 = 3 57 88 91 99 64 34 48 82 37 83 28 81 79 61 30 90 40 58 7 
680-3-8 1?2.397 = 3 57 88 91 52 34 82 48 76 56 89 60 59 92 86 67 80 26 25 8 
680-3-13 1?2.487 = 3 57 88 91 99 64 34 82 48 76 63 71 72 94 95 22 85 93 27 13 
680-3-14 1?2.229 = 3 57 88 91 99 64 34 82 48 76 63 71 72 94 95 22 85 93 14 
680-3-9 1?2.449 = 3 57 88 91 99 62 16 28 83 37 92 86 67 98 97 87 44 20 35 70 9 
680-3-12 1?2.626 = 3 57 55 62 16 28 83 37 59 97 87 44 75 74 45 73 32 51 96 12 
680-4-6 1?2.01 = 4 77 55 99 62 16 83 37 28 81 79 61 31 30 90 6 
680-5-6 1?2.035 = 5 21 39 81 79 61 31 92 86 67 80 26 33 40 90 46 6 
680-4-7 1?2.19 = 4 77 55 99 62 16 83 37 28 81 79 61 31 30 90 40 58 7 
680-4-11 1?2.534 = 4 77 55 62 16 28 83 37 92 86 67 98 97 87 44 75 74 45 73 11 
680-4-10 1?2.417 = 4 65 39 81 79 61 31 28 83 37 59 98 97 87 44 75 74 38 24 10 
680-4-8 1?2.362 = 4 77 55 99 64 34 82 48 56 89 60 59 92 86 67 80 26 25 8 
680-4-9 1?2.349 = 4 77 55 99 64 34 82 48 76 56 89 60 97 87 44 20 35 70 9 
680-4-15 1?2.2 = 4 77 55 62 99 64 34 82 48 76 63 71 72 23 42 50 53 69 15 
680-4-14 1?2.348 = 4 77 55 99 64 34 82 48 76 63 66 71 72 94 95 18 85 93 14 
680-4-13 1?2.686 = 4 77 55 99 64 34 82 48 76 63 71 72 50 42 53 69 23 22 85 27 13 
680-4-12 1?2.68 = 4 65 39 81 79 61 31 92 86 67 98 97 87 44 75 74 45 73 32 51 96 12 
680-6-7 1?2.057 = 6 46 90 30 61 79 81 28 83 37 59 92 86 26 33 7 
680-6-8 1?1.982 = 6 46 90 40 33 26 80 67 98 97 44 20 35 70 49 8 
680-5-11 1?2.502 = 5 21 39 81 79 28 83 37 92 86 67 98 97 87 44 75 74 45 73 11 
680-5-10 1?2.413 = 5 21 39 81 79 61 31 28 83 37 59 98 97 87 44 75 74 38 24 10 
680-5-7 1?2.232 = 5 21 39 81 79 61 31 28 83 37 92 86 67 80 26 33 40 58 7 
680-5-8 1?2.268 = 5 21 39 81 79 61 31 28 83 37 59 92 86 67 80 26 33 25 8 
680-5-9 1?2.312 = 5 21 39 81 79 61 31 28 83 37 59 98 97 87 44 20 35 70 9 
680-5-15 1?2.362 = 5 21 61 79 81 28 83 37 59 60 89 56 76 63 71 72 50 53 69 15 
680-5-13 1?2.661 = 5 21 79 81 28 83 37 59 60 89 56 76 63 71 72 94 95 18 85 27 13 
680-5-14 1?2.509 = 5 21 79 81 28 83 37 59 60 89 56 76 63 71 72 94 95 18 85 93 14 
680-5-12 1?2.676 = 5 21 39 81 79 61 31 92 86 67 98 97 87 44 75 74 45 73 32 51 96 12 
680-7-10 1?1.951 = 7 58 40 33 26 80 67 98 97 87 44 75 74 38 24 10 
680-7-9 1?1.979 = 7 58 40 33 26 80 67 98 97 87 44 20 35 70 49 9 
680-7-11 1?2.278 = 7 58 40 90 46 30 26 80 67 98 97 87 44 74 45 73 11 
680-7-8 1?1.959 = 7 58 40 33 26 80 67 98 97 87 44 20 35 70 49 8 
680-6-11 1?2.299 = 6 90 30 40 58 33 26 80 67 98 97 87 44 75 74 45 73 11 
680-6-10 1?2.179 = 6 46 90 30 40 58 33 26 80 67 98 97 87 44 75 74 38 24 10 
680-6-9 1?2.078 = 6 46 90 30 40 58 33 26 80 67 98 97 87 44 20 35 70 9 
680-6-12 1?2.385 = 6 46 90 40 33 26 80 67 98 97 87 44 75 74 45 73 32 51 96 12 
680-6-15 1?2.282 = 6 46 90 30 61 31 28 83 37 34 82 48 76 63 71 72 23 42 53 69 15 
680-6-13 1?2.541 = 6 46 90 40 58 33 26 80 67 98 97 87 44 75 74 45 73 32 51 96 13 
680-6-14 1?2.527 = 6 46 90 30 61 79 81 62 16 64 34 82 48 76 63 71 72 94 95 22 93 14 
680-8-11 1?2.099 = 8 25 26 80 67 98 97 87 44 20 75 74 45 73 11 
680-8-10 1?2.044 = 8 25 26 80 67 98 97 87 44 45 74 75 41 38 24 10 
680-8-9 1?2.072 = 8 25 33 26 80 67 98 97 87 44 74 75 41 35 70 9 
680-8-12 1?2.109 = 8 25 26 80 67 98 97 87 44 74 45 73 32 51 96 12 
680-8-15 1?2.345 = 8 25 26 80 67 86 92 59 60 89 56 76 63 71 72 23 42 53 69 15 
680-7-15 1?2.34 = 7 58 40 30 31 28 83 37 34 82 48 76 63 71 72 50 42 53 69 15 
680-8-13 1?2.516 = 8 25 33 26 80 67 98 97 87 44 75 74 45 73 32 96 51 54 17 13 
680-7-12 1?2.451 = 7 58 40 33 26 80 67 98 97 87 44 75 74 73 32 54 51 96 12 
680-8-14 1?2.584 = 8 25 26 80 67 86 92 28 83 37 34 82 48 76 63 71 72 94 22 93 14 
680-7-13 1?2.504 = 7 58 40 33 26 80 67 98 97 87 44 75 74 45 73 32 51 96 17 13 
680-7-14 1?2.544 = 7 58 40 90 46 30 31 28 83 37 34 82 48 76 63 71 72 94 22 93 14 
680-9-10 1?2.242 = 9 70 35 20 44 98 97 87 45 73 74 75 41 38 24 10 
680-10-11 1?2.411 = 10 24 38 41 20 35 70 80 67 98 97 87 44 45 73 11 
680-9-11 1?2.295 = 9 35 20 80 67 98 97 87 44 45 74 75 41 24 38 11 
680-10-13 1?2.19 = 10 24 41 20 98 97 87 44 75 74 45 73 32 51 96 13 
680-10-12 1?2.116 = 10 24 41 20 98 97 87 44 75 74 45 73 32 51 96 12 
680-9-12 1?2.053 = 9 70 35 20 98 97 87 44 75 74 45 73 32 51 96 12 
680-9-13 1?2.32 = 9 70 35 20 98 97 87 44 75 74 45 73 32 96 51 54 17 13 
680-10-15 1?2.253 = 10 24 41 75 44 87 60 89 56 76 63 71 72 23 42 53 69 15 
680-9-15 1?2.285 = 9 70 35 20 44 87 97 60 89 56 76 63 71 72 23 42 53 69 15 
680-10-14 1?2.479 = 10 38 74 75 44 87 97 60 89 56 76 63 71 72 94 22 93 14 
680-9-14 1?2.483 = 9 70 35 20 44 87 97 60 89 56 76 63 71 72 94 95 22 93 14 
680-11-12 1?2.317 = 11 38 41 20 98 97 87 44 75 74 45 73 32 51 96 12 
680-14-15 1?1.96 = 14 93 85 17 96 51 54 18 95 94 23 50 53 69 15 
680-13-15 1?1.87 = 13 17 96 51 32 54 18 95 94 23 42 50 53 69 15 
680-11-13 1?2.374 = 11 38 24 41 35 20 75 74 45 73 32 96 51 54 17 13 
680-12-13 1?2.266 = 12 96 51 54 17 18 95 94 23 42 53 69 15 22 85 27 13 
680-13-14 1?2.211 = 13 17 96 51 54 18 95 94 23 42 53 69 15 22 85 93 14 
680-12-14 1?2.114 = 12 96 51 54 17 18 95 94 23 42 53 69 15 22 85 93 14 
680-11-14 1?2.257 = 11 38 24 41 75 74 45 73 32 96 51 54 17 85 93 14 
680-12-15 1?2.138 = 12 96 51 54 17 27 93 22 85 18 95 94 23 50 53 69 15 
680-11-15 1?2.393 = 11 38 75 44 87 97 60 89 56 76 63 71 72 50 53 69 15 
stop
