start
451-0-2 1?2.02 = 0 84 61 46 29 75 88 86 71 92 57 93 55 90 60 2 
451-0-5 1?2.518 = 0 75 88 89 56 53 20 73 19 97 48 22 98 80 43 62 64 16 5 
451-0-1 1?2.35 = 0 84 61 46 29 75 39 33 91 28 21 34 89 92 71 86 1 
451-0-10 1?2.477 = 0 84 61 46 29 75 88 89 34 95 76 45 23 78 52 32 59 38 10 
451-0-9 1?2.449 = 0 84 61 46 29 88 89 34 95 76 45 23 78 52 40 67 63 30 44 9 
451-0-8 1?2.544 = 0 84 61 46 29 86 71 57 93 41 65 62 43 80 98 22 48 97 85 87 37 79 8 
451-0-7 1?2.551 = 0 84 61 46 29 86 71 57 93 41 65 62 43 80 98 22 48 97 51 82 35 7 
451-0-4 1?2.36 = 0 84 61 46 29 75 88 86 71 92 57 55 90 60 70 74 77 18 4 
451-0-3 1?1.866 = 0 84 61 46 29 75 88 86 71 92 57 55 90 60 70 3 
451-0-11 1?2.457 = 0 84 61 46 29 75 88 89 34 95 76 45 23 66 69 31 24 27 72 11 
451-0-6 1?2.458 = 0 84 61 46 29 86 71 92 96 22 98 80 43 62 64 16 94 47 83 6 
451-1-4 1?1.937 = 1 46 61 84 29 86 71 92 57 55 93 58 77 74 18 4 
451-0-13 1?2.206 = 0 84 61 46 29 75 39 33 91 28 21 81 17 42 99 50 13 
451-0-14 1?2.149 = 0 84 61 46 29 75 88 86 71 92 89 34 21 28 91 33 14 
451-1-2 1?2.084 = 1 84 61 46 29 75 88 86 71 92 57 93 55 90 60 2 
451-1-5 1?2.472 = 1 46 61 84 29 86 71 57 55 90 60 70 77 58 64 16 5 
451-1-3 1?1.93 = 1 84 61 46 29 75 88 86 71 92 57 55 90 60 70 3 
451-0-12 1?2.397 = 0 84 61 46 29 75 88 89 34 95 76 45 23 66 69 31 27 12 
451-1-6 1?2.46 = 1 46 61 84 29 86 71 92 57 55 93 41 65 62 64 16 94 47 83 6 
451-0-15 1?2.149 = 0 84 61 46 29 86 71 92 88 89 34 21 28 91 33 54 15 
451-1-8 1?2.587 = 1 46 61 84 29 86 71 57 93 41 65 62 43 80 98 22 48 97 85 87 79 8 
451-1-7 1?2.597 = 1 46 61 29 86 71 57 93 41 65 62 43 80 98 22 48 97 51 82 35 7 
451-1-15 1?2.213 = 1 84 61 46 29 86 71 92 88 89 34 21 28 91 33 54 15 
451-1-13 1?2.276 = 1 46 61 84 29 75 39 33 91 28 21 81 17 42 99 50 13 
451-2-4 1?2.138 = 2 60 90 55 57 68 98 80 43 62 65 58 77 74 18 4 
451-1-14 1?2.213 = 1 84 61 46 29 75 88 86 71 92 89 34 21 28 91 33 14 
451-2-6 1?2.128 = 2 60 90 55 93 41 65 62 43 80 98 22 48 49 94 47 83 6 
451-2-3 1?2.286 = 2 60 90 55 57 68 22 98 80 43 62 65 58 77 74 3 
451-2-5 1?2.265 = 2 60 90 55 93 41 65 62 43 80 98 22 48 49 64 16 5 
451-1-9 1?2.558 = 1 46 61 84 29 75 88 89 34 45 76 23 78 52 40 67 63 30 44 9 
451-1-10 1?2.575 = 1 46 61 84 29 75 88 89 34 45 76 69 66 23 78 52 32 59 10 
451-1-11 1?2.49 = 1 84 61 46 29 75 88 89 34 95 76 45 23 66 69 31 24 27 11 
451-1-12 1?2.472 = 1 84 61 46 29 75 88 89 34 95 76 45 23 66 69 31 24 27 12 
451-2-15 1?2.379 = 2 60 90 55 57 92 71 86 88 89 34 21 28 91 33 54 15 
451-3-4 1?2.167 = 3 70 60 90 55 57 68 98 80 43 62 65 58 77 74 4 
451-2-14 1?2.414 = 2 60 90 55 93 57 92 71 86 88 89 34 21 28 91 14 
451-3-5 1?2.083 = 3 70 77 58 65 62 43 80 98 22 48 49 64 16 5 
451-2-13 1?2.632 = 2 60 90 93 41 65 62 43 80 98 22 19 73 20 45 76 95 81 13 
451-2-9 1?2.423 = 2 60 90 55 57 93 41 65 62 43 80 98 22 48 97 51 85 87 37 30 44 9 
451-2-10 1?2.548 = 2 60 90 55 57 93 41 65 62 43 80 98 22 48 97 85 87 63 67 40 10 
451-2-8 1?2.406 = 2 60 90 55 57 93 41 65 62 43 80 98 22 48 19 97 85 87 37 79 8 
451-2-12 1?2.509 = 2 60 90 55 57 93 41 68 96 53 45 76 23 66 69 31 24 27 12 
451-2-11 1?2.494 = 2 60 90 55 93 41 65 62 43 80 98 22 19 73 23 78 32 72 11 
451-2-7 1?2.397 = 2 60 90 55 93 41 65 62 43 80 98 22 48 49 94 47 83 26 7 
451-3-6 1?1.911 = 3 70 60 90 55 93 41 65 62 64 16 94 47 83 6 
451-4-5 1?1.983 = 4 18 74 77 58 65 62 43 80 98 22 48 49 64 16 5 
451-3-15 1?2.6 = 3 74 77 58 65 62 43 80 98 22 19 73 20 53 56 34 39 54 15 
451-3-14 1?2.559 = 3 74 77 58 65 62 43 80 98 22 19 73 20 53 56 34 28 91 33 14 
451-3-13 1?2.631 = 3 74 77 58 65 62 43 80 98 22 19 73 20 23 66 69 17 99 50 13 
451-3-9 1?2.372 = 3 70 60 90 55 57 93 41 65 62 43 80 98 22 48 97 36 63 30 44 9 
451-3-10 1?2.459 = 3 70 60 90 55 57 93 41 65 62 43 80 98 22 48 97 36 63 67 10 
451-3-8 1?2.287 = 3 70 60 90 55 57 93 41 65 62 43 80 98 22 48 97 85 87 37 79 8 
451-3-7 1?2.231 = 3 70 60 90 55 57 93 41 65 62 43 80 98 22 48 25 26 7 
451-3-12 1?2.452 = 3 74 77 58 65 62 43 80 98 22 19 73 20 23 66 69 31 24 27 12 
451-3-11 1?2.501 = 3 74 77 58 65 62 43 80 98 22 19 73 20 23 66 69 31 24 27 72 11 
451-5-6 1?1.903 = 5 16 64 62 43 80 98 22 19 48 49 94 47 83 6 
451-4-6 1?1.821 = 4 74 77 58 65 62 43 80 98 22 48 49 94 47 83 6 
451-4-9 1?2.258 = 4 18 74 77 58 65 62 43 80 98 22 48 19 97 51 85 87 37 30 44 9 
451-4-8 1?1.996 = 4 18 74 77 58 65 62 43 80 98 22 48 97 51 85 87 37 79 8 
451-4-13 1?2.501 = 4 18 74 77 58 65 62 43 80 98 22 19 73 20 23 66 69 42 99 50 13 
451-4-14 1?2.482 = 4 74 77 58 65 62 43 80 98 22 19 73 20 53 56 89 34 28 91 33 14 
451-4-15 1?2.523 = 4 74 77 58 65 62 43 80 98 22 19 73 20 53 56 89 34 39 54 15 
451-4-10 1?2.275 = 4 18 74 77 58 65 62 43 80 98 22 19 73 20 23 78 52 59 10 
451-4-7 1?2.093 = 4 18 74 77 58 65 62 43 80 98 22 48 97 25 51 82 26 7 
451-4-12 1?2.326 = 4 18 74 77 58 65 62 43 80 98 22 19 73 23 66 69 31 24 27 12 
451-4-11 1?2.307 = 4 18 74 77 58 65 62 43 80 98 22 19 73 20 23 78 52 32 72 11 
451-5-8 1?1.911 = 5 16 64 62 43 80 98 22 48 19 97 85 87 37 79 8 
451-6-8 1?1.814 = 6 83 47 94 49 43 80 98 22 48 97 36 87 37 79 8 
451-5-9 1?2.237 = 5 16 64 65 62 43 80 98 22 48 97 85 87 37 30 63 67 44 9 
451-5-7 1?1.991 = 5 16 64 65 62 43 80 98 22 48 19 97 51 82 35 7 
451-5-14 1?2.42 = 5 16 64 62 43 80 98 22 19 73 20 53 56 89 34 21 28 91 33 14 
451-5-13 1?2.417 = 5 16 64 62 43 80 98 22 19 73 20 23 66 69 31 42 99 50 13 
451-5-10 1?2.251 = 5 16 64 62 43 80 98 22 48 97 19 73 20 23 78 32 59 10 
451-6-7 1?1.885 = 6 83 47 94 16 64 62 43 80 98 22 48 25 82 35 7 
451-5-15 1?2.522 = 5 16 64 62 43 80 98 22 48 97 19 73 20 53 56 89 34 39 54 15 
451-5-11 1?2.317 = 5 16 64 62 43 80 98 22 48 19 73 20 23 66 69 31 24 27 72 11 
451-5-12 1?2.408 = 5 16 64 65 62 43 80 98 22 48 97 19 73 20 23 66 69 31 24 27 12 
451-7-9 1?2.054 = 7 26 49 43 80 98 22 48 97 25 51 85 87 37 30 44 9 
451-7-8 1?1.987 = 7 35 82 25 49 43 80 98 22 48 97 51 85 87 37 79 8 
451-6-9 1?1.977 = 6 83 47 94 49 43 80 98 22 48 19 97 85 87 37 30 44 9 
451-7-10 1?2.068 = 7 26 35 79 37 44 30 63 67 40 52 78 32 59 38 10 
451-6-10 1?2.157 = 6 83 47 94 49 43 80 98 22 19 73 20 23 78 52 32 59 10 
451-6-13 1?2.452 = 6 83 47 94 49 43 80 98 22 48 97 19 73 20 23 66 69 42 99 50 13 
451-6-14 1?2.461 = 6 83 47 94 49 43 80 98 22 48 19 73 20 53 56 89 34 21 28 91 33 14 
451-6-15 1?2.454 = 6 83 47 94 49 43 80 98 22 19 73 20 53 56 89 34 21 28 91 33 15 
451-6-11 1?2.172 = 6 83 47 94 49 43 80 98 22 19 73 20 23 66 31 24 27 11 
451-7-11 1?2.242 = 7 35 79 37 30 63 67 40 52 32 78 23 66 69 31 24 27 72 11 
451-6-12 1?2.312 = 6 83 47 94 49 43 80 98 22 48 97 19 73 20 23 66 69 31 24 27 12 
451-8-9 1?2.169 = 8 79 37 87 85 51 25 97 48 98 22 19 36 63 30 44 9 
451-8-10 1?1.927 = 8 79 37 44 30 63 67 40 52 78 23 66 32 59 38 10 
451-8-11 1?1.761 = 8 79 37 63 67 40 52 78 23 66 69 31 24 27 72 11 
451-8-14 1?2.466 = 8 79 37 44 30 63 67 40 52 78 23 66 69 17 81 21 28 91 33 14 
451-8-13 1?2.235 = 8 79 37 44 30 63 67 40 52 32 78 23 66 69 31 24 42 99 50 13 
451-7-13 1?2.516 = 7 35 79 37 30 63 67 40 52 32 78 23 66 69 31 24 42 17 50 13 
451-7-14 1?2.553 = 7 26 49 43 80 98 22 48 97 19 73 20 53 56 89 34 21 28 91 33 14 
451-8-15 1?2.596 = 8 79 37 44 30 63 67 40 52 78 23 66 69 42 17 81 21 28 91 33 15 
451-7-15 1?2.707 = 7 26 49 43 80 98 22 48 97 19 73 20 53 56 89 34 21 28 91 33 54 15 
451-7-12 1?2.337 = 7 26 49 43 80 98 22 48 97 19 73 20 23 66 69 31 24 27 12 
451-8-12 1?2.194 = 8 79 37 44 30 63 67 40 52 32 78 23 66 69 31 24 42 17 99 12 
451-9-10 1?1.781 = 9 44 30 63 67 40 52 78 66 69 31 24 27 72 38 10 
451-10-11 1?1.702 = 10 67 63 40 52 32 78 23 66 69 31 24 27 72 11 
451-10-12 1?1.817 = 10 38 59 32 52 78 23 66 69 31 27 24 42 17 99 12 
451-9-11 1?1.51 = 9 44 30 63 67 40 52 78 23 66 69 31 24 27 72 11 
451-10-13 1?2.332 = 10 9 44 30 63 67 40 52 32 78 23 66 69 31 24 27 99 50 13 
451-9-12 1?1.571 = 9 44 30 63 67 40 52 32 78 23 66 69 31 24 27 12 
451-10-14 1?2.245 = 10 38 59 32 52 78 23 66 69 31 24 42 17 81 21 28 91 33 14 
451-9-13 1?2.162 = 9 44 30 63 67 40 59 52 32 78 23 66 69 31 24 42 17 99 50 13 
451-9-14 1?2.311 = 9 44 30 63 67 40 52 78 23 66 69 31 24 42 17 81 21 28 91 33 14 
451-10-15 1?2.399 = 10 38 59 32 52 78 23 66 69 31 24 42 17 81 21 28 91 33 54 15 
451-9-15 1?2.368 = 9 44 30 63 67 40 52 78 23 66 69 31 24 42 17 81 21 28 91 33 15 
451-12-13 1?2.106 = 12 27 11 72 32 52 78 23 66 69 31 24 42 17 99 50 13 
451-11-13 1?1.74 = 11 72 38 59 32 52 78 23 66 69 31 24 42 99 50 13 
451-12-15 1?2.126 = 12 27 24 31 69 66 23 45 76 95 81 21 28 91 33 54 15 
451-13-15 1?2.223 = 13 50 17 42 24 31 69 66 23 45 76 95 21 28 91 33 15 
451-12-14 1?2.117 = 12 27 24 31 42 17 69 66 23 45 76 95 21 28 91 33 14 
451-14-15 1?2.485 = 14 33 91 28 21 34 89 88 92 71 86 29 61 46 84 0 54 15 
451-11-14 1?2.021 = 11 72 27 24 31 69 66 23 45 76 95 81 21 28 91 33 14 
451-13-14 1?2.166 = 13 50 17 42 24 31 69 66 23 45 76 95 21 28 91 33 14 
451-11-12 1?1.699 = 11 72 38 59 32 52 78 23 66 69 31 24 42 17 99 12 
451-11-15 1?2.347 = 11 72 38 59 32 52 78 23 66 69 31 24 42 17 81 21 91 33 15 
stop
