start
341-0-2 1?2.037 = 0 98 17 80 19 34 45 86 24 72 96 42 81 25 35 2 
341-0-4 1?1.908 = 0 98 80 19 34 45 86 24 96 42 81 25 58 57 69 4 
341-0-1 1?1.86 = 0 97 98 17 45 86 24 96 42 81 25 72 60 34 19 80 1 
341-0-3 1?1.842 = 0 97 98 17 80 19 34 86 45 24 96 42 81 25 35 3 
341-0-9 1?2.616 = 0 97 59 77 94 89 74 87 47 28 33 27 26 65 70 41 31 51 9 
341-0-6 1?2.494 = 0 98 80 19 34 45 86 24 96 42 81 58 57 36 44 71 64 95 82 6 
341-0-8 1?2.585 = 0 98 17 45 86 72 25 81 58 57 44 71 64 95 82 52 67 38 54 8 
341-0-10 1?2.642 = 0 97 59 77 94 89 74 87 47 28 33 27 26 65 70 41 75 51 31 10 
341-0-5 1?2.338 = 0 98 80 19 34 45 86 24 96 42 81 58 57 36 44 71 64 95 40 99 5 
341-0-7 1?2.476 = 0 98 17 45 86 24 96 42 81 58 57 36 44 71 64 95 82 49 84 7 
341-0-11 1?2.736 = 0 98 17 45 86 24 96 42 76 53 56 21 43 50 62 85 61 27 16 11 
341-0-14 1?2.2 = 0 98 80 19 34 45 86 24 92 22 59 77 94 79 14 
341-1-4 1?1.764 = 1 80 19 34 45 86 24 72 96 42 81 25 58 57 69 4 
341-0-13 1?2.391 = 0 98 80 19 34 45 86 24 92 22 90 37 87 47 83 13 
341-1-3 1?1.805 = 1 80 19 34 45 86 24 96 42 76 53 58 81 25 35 3 
341-0-15 1?2.244 = 0 97 98 17 80 19 34 86 45 24 92 22 59 77 15 
341-1-2 1?1.921 = 1 80 19 34 45 86 24 96 42 76 53 58 81 25 35 2 
341-0-12 1?2.59 = 0 98 17 80 19 34 45 86 24 92 22 90 37 74 87 47 28 12 
341-1-5 1?1.947 = 1 80 19 34 45 86 24 96 42 76 53 36 44 71 64 95 40 99 5 
341-1-6 1?2.208 = 1 80 19 34 45 86 24 96 42 81 25 58 57 36 44 71 64 95 82 6 
341-1-8 1?2.403 = 1 80 19 34 45 86 72 25 81 58 36 44 71 64 95 82 52 67 38 54 8 
341-1-7 1?2.326 = 1 80 19 34 45 86 24 96 42 81 58 57 36 44 71 64 95 82 49 84 7 
341-1-15 1?2.143 = 1 80 19 34 45 86 72 25 81 42 96 24 92 22 59 77 15 
341-1-14 1?2.139 = 1 80 19 34 45 86 24 96 42 76 92 22 77 94 79 14 
341-1-13 1?2.317 = 1 80 19 34 45 86 24 92 22 90 37 89 74 87 47 83 13 
341-2-5 1?1.769 = 2 60 34 45 86 72 25 81 58 57 44 71 64 95 99 5 
341-2-4 1?1.852 = 2 60 34 86 72 25 81 58 36 44 71 64 95 40 69 4 
341-2-3 1?1.955 = 2 60 34 45 86 24 96 42 76 53 36 57 58 81 25 35 3 
341-2-6 1?1.997 = 2 60 34 86 72 25 81 58 57 36 44 71 64 95 82 6 
341-1-10 1?2.528 = 1 80 19 34 86 24 96 42 76 53 56 21 43 50 62 85 30 70 41 31 10 
341-1-9 1?2.526 = 1 80 19 34 45 86 24 96 42 76 53 56 66 39 23 73 55 48 93 9 
341-1-11 1?2.586 = 1 80 19 34 45 86 24 96 42 76 53 56 21 43 50 62 85 61 27 16 11 
341-1-12 1?2.498 = 1 80 19 34 45 86 72 25 81 42 96 24 92 22 90 37 87 47 28 12 
341-2-15 1?2.391 = 2 60 72 25 81 42 96 24 86 45 34 19 80 17 59 77 94 15 
341-3-5 1?1.855 = 3 35 25 81 96 42 58 57 36 44 71 64 95 40 78 99 5 
341-3-4 1?1.863 = 3 35 25 81 96 42 76 53 36 44 71 64 95 40 69 4 
341-2-14 1?2.496 = 2 60 72 25 81 42 96 24 86 45 34 19 80 98 97 59 77 94 79 14 
341-2-13 1?2.588 = 2 60 34 45 86 72 81 42 96 24 92 22 90 37 74 87 47 83 13 
341-2-10 1?2.524 = 2 60 34 86 24 96 42 76 53 56 21 43 50 62 85 30 70 41 31 10 
341-2-11 1?2.582 = 2 60 34 45 86 24 96 42 76 53 56 21 43 50 62 85 61 27 16 11 
341-2-9 1?2.545 = 2 60 34 45 86 24 96 42 76 53 56 21 66 39 23 55 93 48 9 
341-2-8 1?2.454 = 2 60 34 45 86 24 96 42 76 53 56 66 29 39 20 88 46 67 38 54 8 
341-2-7 1?2.361 = 2 60 34 45 86 24 96 42 81 25 58 57 36 44 71 64 95 82 49 84 7 
341-2-12 1?2.587 = 2 60 34 45 86 72 25 81 42 96 24 92 22 90 37 74 87 47 28 12 
341-3-15 1?2.438 = 3 35 25 81 42 96 24 86 45 34 19 80 17 98 97 59 77 94 15 
341-4-5 1?1.987 = 4 69 57 58 25 81 42 96 76 53 36 44 71 64 95 99 5 
341-3-6 1?2.071 = 3 35 25 81 58 57 36 44 71 64 95 82 52 49 84 6 
341-3-10 1?2.614 = 3 35 25 81 96 42 76 53 56 21 43 50 62 85 30 26 65 70 41 31 10 
341-3-14 1?2.638 = 3 35 25 81 42 96 24 86 45 34 60 19 80 17 98 97 59 77 94 79 14 
341-3-13 1?2.734 = 3 35 25 81 42 96 72 86 45 24 92 22 90 37 89 74 87 47 83 13 
341-3-11 1?2.637 = 3 35 25 81 96 42 76 53 56 21 43 50 62 30 85 61 27 33 16 11 
341-3-9 1?2.6 = 3 35 25 81 42 96 76 53 56 21 43 50 62 85 30 91 55 93 48 9 
341-3-7 1?2.371 = 3 35 25 81 58 57 36 44 71 64 95 29 39 20 88 18 46 63 67 38 54 7 
341-3-8 1?2.425 = 3 35 25 81 58 57 36 44 71 64 95 29 39 20 88 18 46 63 67 38 54 8 
341-3-12 1?2.703 = 3 35 25 81 96 42 76 53 56 21 43 50 62 30 85 61 27 33 28 12 
341-4-15 1?2.465 = 4 69 40 95 64 71 44 36 57 58 81 25 72 86 45 17 98 97 15 
341-4-7 1?2.034 = 4 69 40 44 71 64 95 29 39 20 88 46 63 54 38 67 7 
341-4-6 1?2.068 = 4 69 40 95 64 71 44 36 53 56 21 66 29 82 6 
341-5-6 1?2.055 = 5 99 40 64 95 29 39 20 88 46 63 54 38 67 52 49 6 
341-4-14 1?2.584 = 4 69 57 58 25 81 42 96 24 86 45 19 80 98 97 59 77 94 79 14 
341-4-13 1?2.732 = 4 69 40 95 64 71 44 36 53 76 92 22 90 37 74 87 47 83 13 
341-4-10 1?2.562 = 4 69 40 95 64 71 44 36 53 56 21 43 50 62 85 30 70 41 31 10 
341-4-9 1?2.677 = 4 69 40 95 64 71 44 36 53 56 21 43 32 85 30 70 41 75 9 
341-4-11 1?2.669 = 4 69 40 95 64 71 44 36 53 56 21 43 50 62 85 61 27 33 16 11 
341-4-8 1?2.394 = 4 69 40 95 64 71 44 36 53 56 66 39 20 88 46 63 67 38 54 8 
341-4-12 1?2.735 = 4 69 40 95 64 71 44 36 53 56 21 43 50 62 85 61 27 33 28 12 
341-5-8 1?2.002 = 5 99 40 95 64 71 66 39 20 88 18 63 46 67 38 54 8 
341-6-7 1?1.973 = 6 49 52 20 39 23 73 91 55 93 48 18 88 46 63 38 67 7 
341-5-7 1?1.948 = 5 99 40 95 64 71 66 39 20 88 18 63 46 67 38 54 7 
341-6-8 1?1.966 = 6 49 52 20 23 73 91 55 93 48 18 88 46 63 67 38 54 8 
341-5-14 1?2.482 = 5 99 95 64 71 44 57 58 81 25 72 86 45 17 59 77 94 79 14 
341-5-15 1?2.494 = 5 99 40 95 64 71 44 36 57 58 25 81 42 96 24 86 45 17 59 15 
341-5-10 1?2.393 = 5 99 95 64 71 44 36 53 56 21 43 50 62 85 30 70 41 31 10 
341-5-9 1?2.44 = 5 99 40 64 95 82 49 52 67 38 54 63 46 88 18 48 55 93 9 
341-5-11 1?2.487 = 5 99 40 95 64 71 44 36 53 56 21 43 50 62 85 61 27 16 11 
341-5-13 1?2.689 = 5 99 95 64 71 44 36 53 56 21 43 50 62 85 61 47 87 74 83 13 
341-5-12 1?2.656 = 5 99 40 95 64 71 44 36 53 56 21 43 50 62 85 61 27 33 28 12 
341-7-9 1?1.995 = 7 67 38 54 63 46 88 20 39 23 73 55 48 93 75 51 9 
341-6-9 1?2.098 = 6 84 49 52 67 38 54 63 46 88 18 48 55 93 75 51 9 
341-7-8 1?2.098 = 7 67 38 54 63 46 18 88 23 73 62 85 30 91 55 48 8 
341-6-15 1?2.741 = 6 82 95 64 71 44 36 57 58 25 81 42 96 24 86 45 17 59 77 15 
341-7-10 1?2.347 = 7 67 38 54 63 46 88 18 48 93 55 91 62 50 32 85 30 70 41 10 
341-6-14 1?2.707 = 6 49 52 67 38 54 63 46 18 48 93 55 91 30 85 61 47 87 74 89 14 
341-6-10 1?2.589 = 6 84 49 52 67 38 54 63 46 88 18 48 55 93 75 51 31 41 70 65 10 
341-7-11 1?2.221 = 7 67 38 54 63 46 88 18 48 55 93 75 41 70 65 26 27 33 16 11 
341-6-11 1?2.509 = 6 49 52 67 38 54 63 46 18 48 55 93 75 51 31 41 70 65 26 16 11 
341-6-13 1?2.81 = 6 49 52 67 38 54 63 46 88 18 48 93 55 91 30 85 61 47 87 74 89 13 
341-6-12 1?2.694 = 6 49 52 67 38 54 63 46 88 18 48 55 93 75 41 70 65 26 27 33 28 12 
341-8-10 1?1.885 = 8 54 38 67 63 46 18 88 23 73 55 48 93 75 51 31 10 
341-8-9 1?2.045 = 8 54 38 67 63 46 18 88 23 73 55 48 93 75 31 51 9 
341-8-11 1?2.021 = 8 54 38 67 63 46 18 48 93 75 41 70 65 26 27 16 11 
341-8-15 1?2.633 = 8 54 38 67 63 46 18 48 93 55 91 30 85 61 47 87 74 89 79 94 15 
341-7-15 1?2.643 = 7 67 38 54 63 46 88 18 48 93 55 91 30 85 61 47 87 74 89 79 94 15 
341-8-14 1?2.569 = 8 54 38 67 63 46 18 48 93 55 91 30 85 61 47 87 74 89 94 79 14 
341-7-14 1?2.579 = 7 67 38 54 63 46 88 18 48 93 55 91 30 85 61 47 87 74 89 94 79 14 
341-8-13 1?2.588 = 8 54 38 67 63 46 88 18 48 93 55 91 30 62 85 61 47 87 74 83 13 
341-7-13 1?2.561 = 7 67 38 54 63 46 18 48 93 55 91 30 85 62 32 61 47 87 74 83 13 
341-8-12 1?2.269 = 8 54 38 67 63 46 88 18 48 93 55 91 70 65 26 27 33 28 12 
341-7-12 1?2.342 = 7 38 54 63 46 88 18 48 93 75 51 31 41 70 65 26 27 33 28 12 
341-9-10 1?2.201 = 9 48 55 91 30 85 61 27 26 65 70 41 75 51 31 10 
341-10-13 1?2.145 = 10 31 51 75 41 70 65 26 27 33 28 47 87 74 83 13 
341-10-11 1?2.087 = 10 31 51 75 41 70 65 26 27 47 87 83 28 33 16 11 
341-9-11 1?2.143 = 9 51 31 41 70 65 26 27 47 87 74 83 28 33 16 11 
341-10-12 1?2.16 = 10 31 51 75 41 70 65 26 27 33 28 47 87 74 83 12 
341-10-14 1?2.468 = 10 31 51 75 41 70 65 26 27 33 28 83 47 87 74 89 94 79 14 
341-9-13 1?2.635 = 9 51 31 41 70 65 26 27 33 28 83 47 87 74 37 90 89 13 
341-9-14 1?2.782 = 9 75 51 31 41 70 65 26 27 33 28 83 47 87 74 37 90 94 79 14 
341-10-15 1?2.602 = 10 31 51 75 41 70 65 26 27 33 28 47 87 74 89 94 77 59 15 
341-9-15 1?2.779 = 9 51 31 41 70 65 26 27 33 28 83 47 87 74 89 79 94 77 59 15 
341-9-12 1?2.491 = 9 75 51 31 41 70 65 26 30 85 62 32 61 27 33 28 12 
341-11-14 1?2.282 = 11 16 33 27 26 65 70 30 85 61 47 87 74 89 14 
341-12-14 1?2.348 = 12 28 33 27 26 30 85 61 47 87 74 89 94 79 14 
341-13-14 1?2.601 = 13 83 47 87 74 37 90 22 92 17 59 77 94 79 14 
341-13-15 1?2.624 = 13 83 28 33 16 27 47 87 74 89 79 94 77 59 15 
341-12-15 1?2.398 = 12 28 33 16 65 26 27 47 87 74 89 79 94 77 15 
341-14-15 1?2.499 = 14 79 94 77 22 92 24 86 45 34 19 80 17 97 15 
341-12-13 1?2.317 = 12 28 33 27 26 65 70 30 85 61 47 87 74 83 13 
341-11-13 1?2.301 = 11 16 33 27 26 65 70 30 85 61 47 87 74 89 13 
341-11-15 1?2.681 = 11 16 33 27 26 65 70 30 85 61 47 87 74 89 79 94 77 15 
341-11-12 1?2.336 = 11 16 33 27 26 65 70 30 85 61 47 87 74 83 28 12 
stop
