start
344-0-2 1?1.935 = 0 68 78 36 56 67 90 73 66 49 16 71 84 69 2 
344-0-3 1?2.254 = 0 68 78 36 56 99 81 90 67 30 73 66 49 16 71 93 25 3 
344-0-1 1?1.899 = 0 68 78 36 56 30 73 66 49 16 71 84 23 44 57 1 
344-0-4 1?2.412 = 0 68 78 36 56 67 90 30 73 66 49 16 71 54 75 70 96 85 4 
344-0-7 1?2.34 = 0 68 78 23 84 71 54 70 96 88 42 40 21 83 45 76 37 98 50 87 7 
344-0-8 1?2.478 = 0 68 78 23 63 16 54 70 96 88 42 41 48 31 43 39 35 60 32 29 8 
344-0-9 1?2.729 = 0 68 78 36 56 30 90 67 81 26 20 38 86 33 72 53 77 97 47 9 
344-0-6 1?2.356 = 0 68 78 23 84 16 71 54 70 96 88 42 40 21 83 45 76 37 98 50 6 
344-0-5 1?2.558 = 0 68 78 36 56 99 67 90 30 73 66 49 16 71 54 70 96 88 79 5 
344-0-10 1?2.584 = 0 68 78 36 56 67 90 81 26 20 38 86 33 72 53 77 97 10 
344-0-11 1?2.318 = 0 68 78 36 56 30 90 67 99 81 26 20 24 82 38 86 33 22 11 
344-1-2 1?2.072 = 1 57 78 36 56 67 90 30 73 66 49 16 71 84 69 2 
344-0-15 1?1.725 = 0 68 78 36 56 30 73 90 67 99 81 26 91 28 15 
344-1-3 1?2.061 = 1 57 78 36 56 67 90 30 73 66 49 16 71 25 93 3 
344-1-4 1?2.053 = 1 57 44 23 84 71 16 75 54 70 96 88 42 40 21 79 4 
344-1-8 1?2.221 = 1 57 44 84 71 54 70 96 88 42 41 31 48 43 39 35 60 32 29 8 
344-0-14 1?1.994 = 0 68 78 36 56 30 73 90 67 99 81 26 20 18 92 14 
344-0-13 1?1.915 = 0 68 78 36 56 30 90 67 99 81 26 20 24 82 51 13 
344-0-12 1?2.309 = 0 68 78 36 56 30 73 90 67 99 81 26 20 24 82 38 86 12 
344-1-6 1?2.202 = 1 57 44 23 84 71 16 75 54 70 96 88 42 40 21 83 45 76 37 98 50 6 
344-1-7 1?2.233 = 1 57 44 23 84 71 16 75 54 70 96 88 42 40 21 83 45 76 37 98 50 87 7 
344-1-5 1?2.372 = 1 57 44 23 63 16 54 70 96 88 21 40 41 31 48 43 39 76 45 83 5 
344-1-14 1?2.125 = 1 57 44 23 84 71 16 49 66 73 30 90 67 99 81 26 14 
344-2-3 1?2.035 = 2 69 44 23 78 36 56 30 73 66 49 16 71 93 25 3 
344-2-4 1?2.109 = 2 69 84 63 16 71 54 75 70 96 88 42 40 21 79 85 4 
344-2-6 1?1.961 = 2 69 84 16 71 54 70 96 88 42 40 21 83 45 76 37 98 50 6 
344-2-5 1?2.205 = 2 69 84 16 71 54 70 96 88 42 41 31 48 43 39 76 45 83 5 
344-1-13 1?2.307 = 1 57 44 78 36 56 30 73 90 67 99 81 26 20 18 24 82 51 13 
344-1-12 1?2.521 = 1 57 44 23 78 36 56 30 73 90 67 99 81 26 20 18 24 82 51 12 
344-1-15 1?1.877 = 1 68 78 36 56 30 73 90 67 99 81 26 91 28 15 
344-1-10 1?2.662 = 1 57 44 84 71 54 70 96 88 42 41 31 43 48 34 94 46 58 52 47 10 
344-1-9 1?2.541 = 1 57 44 23 63 16 54 70 96 88 42 41 31 43 48 34 94 58 52 46 9 
344-1-11 1?2.581 = 1 57 44 78 36 56 30 90 67 99 81 26 20 18 24 82 38 86 33 22 11 
344-3-4 1?2.079 = 3 25 93 71 16 49 75 54 70 96 88 42 40 21 79 85 4 
344-2-14 1?2.384 = 2 69 84 23 44 57 78 36 56 30 90 67 99 81 26 20 92 14 
344-3-5 1?1.993 = 3 25 93 71 16 49 75 54 70 96 88 42 21 40 45 83 5 
344-2-7 1?2.043 = 2 69 84 16 71 54 70 96 88 42 40 21 83 45 76 37 98 50 87 61 7 
344-2-8 1?2.318 = 2 69 84 71 54 70 96 88 42 40 21 83 45 76 37 98 50 87 61 60 32 29 8 
344-2-12 1?2.498 = 2 69 84 71 16 49 66 73 30 90 67 99 81 26 20 18 24 82 51 12 
344-2-10 1?2.564 = 2 69 84 16 71 54 70 96 88 42 41 31 43 48 34 94 58 52 47 97 10 
344-2-15 1?1.859 = 2 69 44 78 36 56 30 90 67 99 81 26 91 28 15 
344-2-13 1?2.442 = 2 69 44 57 78 36 56 30 73 90 67 99 81 26 20 18 24 82 51 13 
344-2-9 1?2.507 = 2 69 84 63 16 71 54 70 96 88 42 21 40 41 31 43 48 34 94 46 9 
344-2-11 1?2.57 = 2 69 44 57 78 36 56 30 90 67 99 81 26 20 24 82 86 33 22 11 
344-3-6 1?1.753 = 3 93 25 54 70 96 88 42 40 21 83 45 76 37 98 50 6 
344-4-5 1?1.874 = 4 85 70 96 88 42 41 48 43 39 35 98 37 45 83 5 
344-3-14 1?2.353 = 3 25 93 71 16 49 66 73 30 90 67 99 81 26 20 24 18 92 14 
344-3-7 1?1.918 = 3 93 25 54 75 70 96 88 42 40 21 83 45 76 37 98 50 87 61 7 
344-3-8 1?2.116 = 3 93 25 54 70 96 88 21 40 83 45 76 37 98 50 87 61 60 32 29 8 
344-3-12 1?2.449 = 3 25 93 71 16 49 66 73 30 90 67 99 81 26 20 18 24 82 51 12 
344-3-10 1?2.472 = 3 93 25 54 70 96 88 21 40 41 31 43 48 34 94 46 58 52 47 97 10 
344-3-15 1?2.253 = 3 25 93 71 16 49 66 73 30 90 67 99 81 26 91 59 27 28 15 
344-3-13 1?2.581 = 3 25 93 71 16 49 66 73 30 56 99 67 90 81 26 20 24 38 82 51 13 
344-3-11 1?2.453 = 3 25 93 71 16 49 66 73 30 90 67 81 26 20 38 86 33 22 11 
344-3-9 1?2.462 = 3 25 93 71 16 54 70 96 88 21 40 41 31 43 48 34 94 58 52 46 9 
344-5-6 1?1.593 = 5 79 21 40 41 31 48 43 39 35 61 87 50 98 37 6 
344-4-6 1?1.59 = 4 85 70 96 88 21 40 83 45 76 37 98 61 87 50 6 
344-4-7 1?1.929 = 4 85 70 96 88 42 21 40 41 31 48 43 39 76 45 37 50 87 7 
344-4-8 1?2.024 = 4 85 70 96 88 42 40 21 83 45 76 37 98 50 87 61 35 60 32 29 8 
344-4-14 1?2.692 = 4 85 96 70 75 54 71 16 49 66 73 30 90 67 99 81 26 20 18 92 14 
344-4-12 1?2.655 = 4 85 70 54 75 49 66 73 30 90 67 99 81 26 20 18 24 82 51 12 
344-4-13 1?2.608 = 4 85 96 70 54 75 49 66 73 30 90 67 99 81 26 20 18 24 82 51 13 
344-4-11 1?2.408 = 4 79 21 40 41 31 43 48 34 94 46 52 58 77 53 72 33 22 11 
344-4-9 1?2.286 = 4 79 21 40 83 45 76 37 98 35 39 43 31 48 34 94 58 52 46 9 
344-4-10 1?2.419 = 4 79 21 40 83 45 76 37 98 35 39 43 31 48 34 94 46 58 52 97 10 
344-4-15 1?2.423 = 4 85 96 70 75 54 71 16 49 66 73 30 90 67 99 81 26 91 28 15 
344-5-8 1?1.627 = 5 79 21 40 83 45 76 37 98 50 87 61 60 32 29 8 
344-6-8 1?1.561 = 6 37 50 87 61 35 39 43 31 48 34 60 32 29 8 
344-5-7 1?1.649 = 5 79 21 40 41 31 48 43 39 35 61 98 37 50 87 7 
344-6-7 1?1.683 = 6 95 45 37 50 87 61 35 39 43 31 48 34 60 7 
344-5-14 1?2.697 = 5 83 45 40 21 42 88 96 70 54 75 49 66 73 30 90 67 99 81 26 14 
344-5-12 1?2.527 = 5 83 45 76 37 98 39 43 31 48 34 94 58 52 77 53 72 33 12 
344-5-9 1?2.03 = 5 83 45 37 98 50 87 61 35 39 43 31 48 34 94 58 52 46 9 
344-5-10 1?2.158 = 5 83 45 76 37 98 50 87 61 35 39 43 31 48 34 94 58 52 47 10 
344-5-13 1?2.655 = 5 79 88 96 70 54 75 49 66 73 30 90 67 99 81 26 20 24 82 51 13 
344-5-15 1?2.457 = 5 79 88 96 70 54 71 16 49 66 73 30 90 67 99 81 26 91 28 15 
344-5-11 1?2.332 = 5 83 45 76 37 98 35 39 43 31 48 34 94 58 52 77 53 72 22 11 
344-7-8 1?1.543 = 7 61 87 50 98 37 76 41 48 43 39 35 60 32 29 8 
344-7-10 1?1.703 = 7 87 61 35 39 43 31 48 34 94 46 58 52 47 97 10 
344-7-9 1?1.631 = 7 61 87 50 37 98 35 39 43 31 48 34 94 46 9 
344-6-14 1?2.479 = 6 50 87 61 35 39 43 31 48 64 62 73 30 90 67 99 81 26 14 
344-6-9 1?1.624 = 6 37 98 50 87 61 35 39 43 31 48 34 94 46 9 
344-6-10 1?1.991 = 6 37 50 87 61 35 39 43 31 48 34 94 46 52 58 77 53 10 
344-7-11 1?2.018 = 7 87 61 35 39 43 31 48 34 94 46 52 58 77 53 72 22 11 
344-6-11 1?2.103 = 6 50 87 61 35 39 43 31 48 34 94 46 52 58 77 53 72 22 11 
344-6-13 1?2.535 = 6 95 37 98 50 87 61 35 39 43 31 48 64 55 80 17 89 38 82 51 13 
344-6-12 1?2.425 = 6 37 98 50 87 61 35 39 43 31 48 34 94 58 52 77 53 72 33 12 
344-6-15 1?2.402 = 6 37 50 87 61 35 39 43 31 48 64 62 73 90 67 99 91 28 15 
344-8-10 1?1.793 = 8 29 32 60 35 39 43 31 48 34 94 58 52 47 97 10 
344-8-9 1?1.668 = 8 29 32 60 35 39 43 31 48 34 94 58 52 46 9 
344-7-14 1?2.458 = 7 87 50 98 35 39 43 31 48 64 62 73 90 67 99 81 26 14 
344-8-14 1?2.535 = 8 29 32 60 35 39 43 31 48 64 62 73 30 90 67 99 81 26 14 
344-8-11 1?1.826 = 8 29 32 60 94 46 58 52 97 77 53 72 33 22 11 
344-8-12 1?2.389 = 8 29 32 60 35 39 43 31 48 34 94 46 52 77 53 72 33 12 
344-8-13 1?2.58 = 8 29 32 60 94 46 58 52 47 97 77 53 72 33 86 38 82 51 13 
344-7-12 1?2.357 = 7 87 50 61 35 39 43 48 34 94 46 52 58 77 53 72 33 12 
344-7-13 1?2.488 = 7 61 87 50 98 37 76 39 43 31 48 64 55 80 17 89 38 82 24 51 13 
344-8-15 1?2.425 = 8 29 32 60 35 39 43 31 48 64 62 73 90 67 81 26 91 28 15 
344-7-15 1?2.392 = 7 61 87 50 98 35 39 43 31 48 64 62 73 30 90 67 99 91 28 15 
344-9-10 1?2.182 = 9 8 29 32 60 35 39 43 31 48 34 94 58 52 47 97 10 
344-10-12 1?2.237 = 10 97 47 46 52 58 77 53 72 33 86 38 82 24 51 12 
344-10-14 1?2.54 = 10 47 46 52 58 77 53 72 22 33 86 38 82 51 24 18 92 14 
344-10-13 1?2.113 = 10 97 47 46 52 58 77 53 72 33 86 38 82 24 51 13 
344-9-11 1?2.203 = 9 46 58 52 47 97 77 53 17 89 38 86 33 22 11 
344-10-11 1?2.302 = 10 53 77 97 47 52 58 46 94 65 80 17 72 33 22 11 
344-9-14 1?2.665 = 9 46 58 52 47 97 77 53 72 33 86 38 82 51 24 20 81 26 14 
344-9-12 1?2.705 = 9 46 58 52 47 97 77 53 72 22 33 86 38 82 24 18 92 51 12 
344-9-13 1?2.465 = 9 46 58 52 47 97 77 53 72 22 33 86 38 82 51 24 18 92 13 
344-10-15 1?2.517 = 10 97 77 53 72 33 86 38 82 24 20 26 81 90 67 99 91 28 15 
344-9-15 1?2.623 = 9 46 52 58 77 53 72 33 86 38 82 24 18 20 26 81 99 91 28 15 
344-13-14 1?2.181 = 13 51 82 24 18 20 26 81 67 90 73 30 56 99 91 14 
344-12-14 1?2.338 = 12 51 82 24 18 20 26 81 67 90 30 73 56 99 91 14 
344-11-14 1?2.261 = 11 22 33 86 38 82 24 18 20 26 81 67 99 91 28 14 
344-11-12 1?2.42 = 11 22 33 72 53 77 58 52 46 94 65 17 89 86 12 
344-12-13 1?2.473 = 12 86 89 74 90 67 99 81 26 20 18 24 38 82 51 13 
344-11-13 1?2.321 = 11 22 33 72 53 77 52 58 65 80 17 89 38 82 51 13 
344-14-15 1?2.053 = 14 26 81 99 67 90 73 30 56 36 78 68 59 27 15 
344-13-15 1?1.994 = 13 51 82 24 20 26 81 67 90 73 30 56 99 91 28 15 
344-12-15 1?2.083 = 12 86 38 82 51 24 18 20 26 81 90 67 99 91 28 15 
344-11-15 1?2.467 = 11 22 33 86 38 82 24 18 20 26 81 67 90 73 30 56 99 91 28 15 
stop
