start
136-0-2 1?2.335 = 0 26 95 23 27 69 42 93 76 87 48 79 40 77 64 53 2 
136-0-1 1?2.359 = 0 26 95 23 27 69 42 93 76 87 45 48 79 40 77 64 1 
136-0-5 1?2.408 = 0 21 79 40 28 86 34 63 32 58 92 29 38 70 71 88 43 31 5 
136-0-11 1?2.491 = 0 52 26 76 87 45 57 22 35 39 62 46 98 80 56 50 25 11 
136-0-8 1?2.682 = 0 52 26 76 87 45 89 94 47 39 35 57 22 63 32 58 92 65 61 91 8 
136-0-6 1?2.435 = 0 52 26 79 40 28 86 34 63 32 58 92 29 38 70 71 88 6 
136-0-10 1?2.391 = 0 52 26 76 87 48 83 57 22 35 39 62 51 46 98 80 56 68 10 
136-0-3 1?2.415 = 0 52 26 95 76 87 48 83 34 86 54 33 81 72 67 18 3 
136-0-9 1?2.622 = 0 52 26 76 87 45 57 22 35 39 62 46 98 80 56 50 68 44 9 
136-0-7 1?2.635 = 0 52 26 76 87 48 45 89 39 35 57 22 63 32 58 92 74 20 73 7 
136-0-4 1?2.626 = 0 52 26 95 23 27 69 42 93 76 87 48 83 34 86 54 33 81 19 4 
136-1-2 1?2.502 = 1 64 77 40 28 86 34 63 32 58 92 29 54 82 53 2 
136-1-4 1?2.367 = 1 64 77 40 28 54 29 38 70 71 88 43 31 99 49 4 
136-0-15 1?2.334 = 0 21 79 40 28 86 34 83 48 87 76 93 42 69 27 23 15 
136-1-5 1?2.256 = 1 64 77 40 28 86 63 32 58 92 29 38 70 71 88 43 99 31 5 
136-0-12 1?2.408 = 0 52 21 79 40 28 86 34 22 57 35 39 47 94 75 41 16 12 
136-0-14 1?2.363 = 0 21 79 28 86 34 22 57 83 48 87 76 93 42 69 27 23 14 
136-0-13 1?2.202 = 0 52 26 95 23 27 69 42 93 76 87 48 45 66 97 78 55 59 13 
136-1-7 1?2.734 = 1 64 77 40 28 86 34 57 22 63 32 58 92 29 38 70 71 30 73 7 
136-1-3 1?2.36 = 1 64 77 40 28 86 34 63 32 58 92 29 33 90 18 3 
136-1-8 1?2.674 = 1 64 77 40 28 86 34 22 57 35 39 62 46 98 37 60 17 61 91 8 
136-1-6 1?2.41 = 1 64 77 40 28 86 34 57 22 63 32 58 92 29 38 70 71 88 6 
136-1-15 1?2.2 = 1 64 77 40 28 86 34 83 48 87 76 93 42 69 27 23 15 
136-2-5 1?2.292 = 2 53 18 67 72 81 85 36 38 30 71 88 43 31 99 49 5 
136-2-4 1?2.266 = 2 53 18 67 72 81 85 36 38 70 71 88 43 31 99 49 4 
136-1-12 1?2.459 = 1 64 77 40 28 86 34 63 32 22 57 35 39 47 94 75 41 16 12 
136-1-11 1?2.497 = 1 64 77 40 28 86 34 22 57 35 39 62 46 98 80 56 50 25 11 
136-2-3 1?2.323 = 2 53 64 77 21 79 40 28 86 54 33 81 72 67 90 18 3 
136-2-6 1?2.272 = 2 53 64 77 40 28 86 34 63 32 58 92 29 38 70 71 88 6 
136-1-14 1?2.141 = 1 64 77 40 28 86 34 83 45 48 87 76 93 42 69 27 23 14 
136-1-13 1?2.273 = 1 64 77 40 28 86 34 22 57 35 39 89 66 97 78 55 13 
136-1-9 1?2.522 = 1 64 77 40 28 86 34 22 57 35 39 62 46 98 80 56 68 44 9 
136-1-10 1?2.549 = 1 64 77 40 28 86 34 63 58 32 22 57 35 39 62 46 98 80 56 68 10 
136-3-5 1?2.381 = 3 18 67 72 81 33 54 86 34 63 32 58 92 29 38 36 99 5 
136-3-4 1?2.035 = 3 18 67 72 81 85 36 38 70 71 88 43 31 99 49 19 4 
136-2-15 1?2.312 = 2 53 64 77 40 28 86 34 83 48 87 76 93 42 69 27 23 15 
136-2-7 1?2.513 = 2 53 18 90 67 72 81 85 36 99 31 43 88 71 70 38 30 20 73 7 
136-2-12 1?2.53 = 2 53 82 28 86 34 63 92 58 32 22 57 35 39 47 94 75 41 16 12 
136-2-8 1?2.628 = 2 53 82 28 86 34 22 57 35 39 62 46 98 37 60 17 61 91 8 
136-2-11 1?2.609 = 2 53 64 77 40 28 86 34 22 57 35 39 62 46 98 80 56 50 25 11 
136-2-14 1?2.219 = 2 53 64 77 40 28 86 34 83 45 48 87 76 93 42 69 27 14 
136-2-9 1?2.553 = 2 53 64 77 40 28 86 34 22 57 35 39 62 46 98 80 37 60 9 
136-2-13 1?2.46 = 2 53 64 77 40 28 86 34 22 57 35 39 47 94 75 41 16 59 55 13 
136-2-10 1?2.552 = 2 53 64 77 40 28 86 34 22 57 35 39 62 51 46 98 80 56 50 68 10 
136-4-5 1?1.944 = 4 19 18 67 72 81 85 36 70 38 30 71 88 43 31 5 
136-3-15 1?2.462 = 3 18 67 72 81 33 54 86 34 83 48 87 76 93 42 69 27 23 95 15 
136-3-6 1?2.26 = 3 18 67 90 33 54 86 34 63 32 58 92 29 38 70 71 88 6 
136-3-7 1?2.461 = 3 18 90 67 72 19 85 36 99 31 43 88 71 70 38 30 74 20 73 7 
136-3-8 1?2.513 = 3 18 67 72 81 85 36 99 31 43 88 71 70 38 30 74 20 61 91 8 
136-3-12 1?2.548 = 3 18 90 67 72 81 33 54 86 34 22 57 35 39 47 94 75 41 16 96 12 
136-3-11 1?2.751 = 3 18 67 72 81 29 92 58 32 63 22 57 35 62 46 98 80 56 50 25 11 
136-3-9 1?2.538 = 3 18 67 72 81 85 36 99 31 43 88 71 70 38 30 20 61 91 17 24 9 
136-3-14 1?2.518 = 3 18 67 72 81 33 54 86 34 22 57 35 39 89 66 97 42 69 27 23 14 
136-3-13 1?2.586 = 3 18 67 72 81 29 92 58 32 63 22 57 35 39 47 94 75 41 16 59 13 
136-3-10 1?2.594 = 3 18 90 67 72 81 29 92 58 32 63 22 57 35 39 62 46 98 80 56 68 10 
136-4-7 1?2.228 = 4 19 18 67 72 81 85 36 99 31 43 88 71 70 38 30 73 7 
136-5-6 1?2.059 = 5 31 99 43 88 71 70 38 29 63 32 58 92 74 30 6 
136-4-6 1?2.127 = 4 19 18 90 67 72 81 85 36 99 31 43 88 71 70 38 30 6 
136-4-8 1?2.381 = 4 19 49 99 31 43 88 71 70 38 30 74 65 61 91 17 24 8 
136-4-11 1?2.461 = 4 49 99 31 43 88 71 70 30 74 65 51 46 98 80 56 50 25 11 
136-4-15 1?2.624 = 4 19 81 29 92 58 32 63 22 57 83 48 87 76 93 42 69 27 23 15 
136-4-12 1?2.652 = 4 49 99 31 43 88 71 70 38 29 92 58 32 22 57 35 39 47 75 41 16 12 
136-4-9 1?2.501 = 4 19 49 99 31 43 88 71 70 38 30 20 61 91 17 24 60 37 44 9 
136-4-14 1?2.575 = 4 19 81 29 92 58 32 63 22 57 35 39 47 94 89 66 97 42 69 27 23 14 
136-4-10 1?2.457 = 4 19 49 99 31 43 88 71 70 38 30 74 65 51 46 98 80 56 50 68 10 
136-4-13 1?2.656 = 4 19 72 67 18 90 33 54 86 34 22 57 35 39 47 94 75 41 16 59 55 13 
136-6-7 1?2.224 = 6 43 88 71 70 38 29 63 32 58 92 65 74 20 73 7 
136-5-7 1?1.962 = 5 31 43 88 71 70 38 29 63 32 58 92 74 20 73 7 
136-5-8 1?1.971 = 5 31 99 36 43 88 71 70 38 30 74 65 61 17 91 8 
136-6-8 1?2.137 = 6 88 71 30 74 65 51 46 98 80 37 60 17 91 8 
136-5-12 1?2.293 = 5 31 43 88 71 70 38 29 92 58 32 22 35 39 47 94 75 41 16 12 
136-5-11 1?2.173 = 5 31 99 43 88 71 70 38 30 74 65 51 46 98 80 56 50 25 11 
136-5-15 1?2.389 = 5 31 43 88 71 70 38 29 92 58 32 63 22 57 45 48 87 76 95 15 
136-5-9 1?2.198 = 5 31 99 43 88 71 70 38 30 74 65 51 46 98 80 56 68 44 9 
136-5-10 1?2.106 = 5 31 99 43 88 71 70 38 30 20 61 91 17 24 60 37 80 56 68 10 
136-5-14 1?2.332 = 5 31 43 88 71 70 38 29 92 58 32 22 57 45 87 76 93 42 69 27 23 14 
136-5-13 1?2.418 = 5 31 43 88 71 70 38 29 92 58 32 22 57 35 39 47 94 75 41 16 59 13 
136-7-8 1?2.207 = 7 73 61 91 17 60 37 51 46 98 80 56 68 44 9 8 
136-7-9 1?1.818 = 7 73 61 91 17 60 37 51 46 98 80 56 68 44 9 
136-6-9 1?1.973 = 6 88 71 70 38 30 74 65 51 46 98 80 37 60 9 
136-6-12 1?2.201 = 6 88 71 70 38 29 92 58 32 22 57 35 39 47 94 75 41 16 12 
136-6-11 1?2.285 = 6 88 71 70 38 30 20 61 91 17 60 51 46 98 80 56 50 25 11 
136-7-11 1?2.348 = 7 73 20 61 91 17 24 60 37 51 46 98 80 44 68 56 50 25 11 
136-7-10 1?2.119 = 7 73 20 61 91 17 24 60 37 51 46 98 80 44 56 50 68 10 
136-6-15 1?2.458 = 6 88 71 70 38 29 92 58 32 63 22 57 35 39 89 45 87 76 95 15 
136-6-10 1?2.026 = 6 88 71 70 38 30 20 61 91 17 60 51 46 98 80 56 68 10 
136-6-14 1?2.272 = 6 88 71 70 38 29 92 58 32 63 22 57 45 87 76 93 42 69 27 23 14 
136-6-13 1?2.345 = 6 88 71 70 38 29 92 58 32 22 57 35 39 47 94 75 41 16 59 55 13 
136-8-9 1?1.679 = 8 91 61 17 24 60 37 51 46 98 80 56 68 44 9 
136-8-10 1?1.501 = 8 91 61 17 24 60 37 51 46 98 80 56 50 68 10 
136-8-12 1?2.17 = 8 91 61 17 24 60 51 46 98 80 50 25 84 75 41 16 12 
136-8-11 1?1.945 = 8 91 61 17 24 60 37 51 46 98 80 44 68 56 50 25 11 
136-7-12 1?2.335 = 7 73 61 91 17 60 51 46 98 80 56 50 25 84 75 41 16 12 
136-7-15 1?2.662 = 7 73 20 74 92 58 32 63 22 57 35 39 47 94 89 66 97 42 69 27 93 95 15 
136-8-15 1?2.625 = 8 91 61 65 92 58 32 63 22 57 35 39 47 94 89 66 97 42 69 27 23 15 
136-8-14 1?2.419 = 8 91 61 65 92 58 32 63 22 57 35 89 45 87 76 93 42 69 27 23 14 
136-8-13 1?2.299 = 8 91 61 17 24 60 51 46 98 80 56 50 25 84 75 41 16 59 13 
136-7-13 1?2.479 = 7 73 61 91 17 60 51 46 98 80 56 50 25 84 75 41 16 59 55 13 
136-7-14 1?2.519 = 7 73 20 74 92 58 32 63 22 57 35 39 47 89 45 87 76 93 42 69 27 23 14 
136-10-11 1?2.02 = 10 68 44 37 60 51 46 98 80 56 50 25 84 96 11 
136-9-11 1?1.771 = 9 24 17 60 37 51 46 98 80 44 68 56 50 25 11 
136-10-12 1?1.803 = 10 68 44 37 60 51 46 98 80 56 50 25 84 96 12 
136-9-12 1?1.896 = 9 60 37 51 46 98 80 56 50 25 84 75 41 16 12 
136-9-10 1?1.788 = 9 24 17 60 37 51 46 98 80 44 68 56 50 25 10 
136-10-13 1?1.807 = 10 68 50 56 80 98 51 46 84 75 41 16 59 55 13 
136-10-15 1?2.321 = 10 68 50 56 80 98 46 51 62 39 35 22 57 83 48 87 76 95 15 
136-9-15 1?2.534 = 9 44 56 80 98 46 62 39 35 22 57 45 87 76 93 42 69 27 23 15 
136-10-14 1?2.097 = 10 68 56 80 98 46 62 39 35 22 57 45 87 76 93 42 69 27 14 
136-9-14 1?2.315 = 9 44 80 98 46 62 39 35 22 57 83 48 87 76 93 42 69 27 23 14 
136-9-13 1?2.245 = 9 24 17 60 37 51 46 98 80 56 50 25 84 75 41 16 59 55 13 
136-11-12 1?2.007 = 11 25 50 56 80 37 51 46 98 84 75 41 16 96 12 
136-14-15 1?2.149 = 14 23 27 69 42 97 66 89 35 22 57 83 48 87 76 95 15 
136-12-13 1?2.114 = 12 16 41 75 94 47 39 35 22 57 45 66 97 78 55 13 
136-11-13 1?1.957 = 11 25 50 68 56 80 98 46 84 75 41 16 59 55 13 
136-13-14 1?1.907 = 13 55 59 16 41 75 66 45 48 87 76 93 42 69 27 23 14 
136-13-15 1?2.076 = 13 55 59 16 41 75 94 89 45 87 76 93 42 69 27 23 15 
136-12-15 1?2.165 = 12 16 41 75 94 47 89 45 48 87 76 93 42 69 27 23 95 15 
136-12-14 1?2.007 = 12 16 41 75 94 47 39 35 57 45 87 76 93 42 69 27 14 
136-11-14 1?2.137 = 11 25 50 56 80 98 46 62 47 94 89 66 97 42 69 27 23 14 
136-11-15 1?2.445 = 11 25 50 56 80 98 46 62 39 35 22 57 83 48 87 76 93 95 15 
stop
