start
836-0-2 1?2.211 = 0 87 60 90 25 41 36 50 88 44 72 58 18 21 83 2 
836-0-11 1?2.114 = 0 53 28 40 94 99 69 45 64 47 61 38 67 62 34 26 51 29 11 
836-0-5 1?2.444 = 0 87 60 81 90 25 41 36 50 58 72 88 77 44 73 43 46 23 5 
836-0-3 1?2.674 = 0 87 60 81 90 25 41 36 50 77 88 44 72 58 18 21 83 49 3 
836-0-1 1?2.348 = 0 87 60 81 90 25 68 77 88 50 41 36 18 21 83 1 
836-0-10 1?2.32 = 0 53 28 40 94 99 69 45 64 47 61 38 34 26 51 91 42 95 10 
836-0-8 1?2.48 = 0 53 25 41 36 50 72 44 85 27 96 74 20 24 48 30 93 98 8 
836-0-4 1?2.551 = 0 87 60 81 90 25 41 36 50 58 72 88 77 44 73 46 57 89 4 
836-0-9 1?2.513 = 0 87 60 90 25 41 36 50 88 77 85 27 96 80 74 20 24 48 82 9 
836-0-7 1?2.617 = 0 87 60 81 90 25 41 36 50 58 72 88 77 44 73 43 56 31 7 
836-0-6 1?2.71 = 0 87 60 90 25 41 36 50 72 88 77 78 92 27 85 44 73 46 6 
836-0-13 1?2.065 = 0 87 60 90 25 22 63 40 94 99 69 45 64 61 13 
836-1-4 1?2.207 = 1 81 90 25 41 36 50 72 88 77 44 73 46 57 89 4 
836-0-15 1?2.142 = 0 53 28 40 94 99 69 45 61 64 47 16 37 66 39 17 15 
836-1-2 1?2.191 = 1 81 60 90 25 41 36 50 77 88 72 58 18 97 49 2 
836-0-14 1?1.98 = 0 15 71 28 40 63 94 99 69 45 61 64 47 16 37 66 14 
836-1-3 1?2.209 = 1 81 60 90 25 68 77 88 72 50 41 36 18 97 33 3 
836-1-5 1?2.264 = 1 81 60 90 25 41 36 50 58 72 88 77 44 73 43 46 23 5 
836-0-12 1?2.405 = 0 53 28 40 63 94 99 69 45 64 47 61 38 67 34 26 51 29 70 12 
836-1-8 1?2.385 = 1 81 90 25 41 36 50 88 77 85 27 96 74 20 24 48 30 93 98 8 
836-1-6 1?2.443 = 1 81 60 90 25 41 36 50 58 72 88 77 44 73 43 46 23 6 
836-1-7 1?2.598 = 1 81 90 25 41 36 50 88 77 85 27 96 74 20 24 48 30 93 52 79 7 
836-1-15 1?2.176 = 1 81 60 90 25 41 36 50 68 84 22 63 40 28 71 15 
836-1-14 1?2.054 = 1 81 60 87 53 28 40 94 99 69 45 64 61 47 16 37 14 
836-1-13 1?2.182 = 1 60 81 90 25 68 84 22 63 40 94 99 69 45 61 64 47 13 
836-2-4 1?2.225 = 2 83 21 18 36 41 50 58 72 88 77 44 73 46 57 89 4 
836-1-10 1?2.417 = 1 81 90 25 41 50 88 77 85 27 96 74 20 24 48 30 82 19 95 10 
836-1-12 1?2.407 = 1 60 87 53 28 40 94 99 69 45 64 47 61 38 34 26 51 29 70 12 
836-2-5 1?2.328 = 2 83 21 18 36 41 50 58 72 88 77 85 27 44 73 46 23 5 
836-2-3 1?2.419 = 2 49 18 36 41 50 88 77 78 92 27 85 44 72 58 33 3 
836-2-6 1?2.502 = 2 83 21 18 36 41 50 72 88 77 78 92 27 85 44 73 46 6 
836-1-9 1?2.429 = 1 81 90 25 41 36 50 72 88 77 85 27 96 74 20 24 48 30 93 82 9 
836-1-11 1?2.28 = 1 81 60 87 53 28 40 94 99 69 45 64 47 61 38 34 26 51 29 11 
836-2-15 1?2.342 = 2 83 21 18 36 41 50 58 72 88 77 78 84 22 63 40 28 71 15 
836-2-14 1?2.266 = 2 83 21 18 36 41 68 84 35 69 45 61 64 47 16 37 66 14 
836-3-4 1?2.331 = 3 49 18 36 41 50 58 72 88 77 44 73 43 46 57 89 4 
836-2-12 1?2.364 = 2 83 21 18 36 41 68 84 22 63 94 99 69 45 64 47 61 38 12 
836-2-13 1?2.287 = 2 83 21 18 36 41 68 84 22 63 40 94 99 69 45 64 61 47 16 13 
836-3-5 1?2.434 = 3 49 18 36 41 50 58 72 88 77 85 27 44 73 43 46 23 5 
836-2-10 1?2.439 = 2 83 21 18 36 41 50 88 77 85 27 96 74 20 24 48 30 82 19 95 10 
836-2-8 1?2.331 = 2 83 21 18 36 41 50 77 85 27 96 74 20 24 48 30 93 98 8 
836-2-7 1?2.375 = 2 83 21 18 36 41 50 58 72 88 77 44 73 43 56 31 79 7 
836-2-9 1?2.447 = 2 83 21 18 36 41 50 58 72 88 77 85 27 96 74 20 24 48 30 93 82 9 
836-2-11 1?2.364 = 2 83 21 18 36 50 58 72 88 77 78 59 75 55 54 62 34 26 51 29 11 
836-3-14 1?2.364 = 3 49 18 36 41 68 84 22 63 94 99 69 45 64 47 16 37 66 14 
836-3-15 1?2.494 = 3 49 18 36 41 50 58 72 88 77 78 84 22 35 63 40 28 71 15 
836-4-5 1?2.23 = 4 76 33 97 18 36 41 50 58 72 88 77 44 73 46 23 5 
836-3-10 1?2.447 = 3 33 58 72 88 77 85 27 96 80 74 20 24 48 30 93 82 19 95 10 
836-3-12 1?2.564 = 3 49 18 36 41 50 88 77 78 59 75 55 54 62 34 26 51 29 70 12 
836-3-13 1?2.511 = 3 49 18 36 41 50 58 72 88 77 78 84 22 63 94 99 69 45 64 47 13 
836-3-8 1?2.376 = 3 49 18 36 50 72 44 85 27 96 74 20 24 48 30 93 98 8 
836-3-7 1?2.411 = 3 49 18 36 41 50 58 72 88 77 44 73 43 56 31 79 7 
836-3-9 1?2.397 = 3 49 18 36 41 50 58 72 44 85 27 96 74 20 24 48 30 82 9 
836-3-6 1?2.586 = 3 49 18 36 41 50 58 72 88 77 78 92 27 85 44 73 46 6 
836-3-11 1?2.484 = 3 49 18 36 41 50 72 44 85 27 96 80 75 55 54 62 34 26 51 29 11 
836-4-15 1?2.592 = 4 76 33 97 18 36 41 50 72 88 77 78 84 22 35 63 40 28 71 15 
836-4-10 1?2.467 = 4 76 33 58 72 88 77 44 85 27 96 74 20 24 48 30 82 19 95 10 
836-4-12 1?2.624 = 4 76 33 97 18 36 41 68 84 22 63 40 94 99 69 45 64 47 61 38 12 
836-4-13 1?2.558 = 4 76 33 97 18 36 41 50 68 84 22 63 40 94 99 69 45 64 61 47 16 13 
836-5-6 1?2.63 = 5 23 46 73 44 85 27 96 74 20 48 30 93 52 31 6 
836-4-8 1?2.417 = 4 76 33 58 72 44 85 27 92 96 80 74 20 24 48 30 93 98 8 
836-4-14 1?2.51 = 4 76 33 97 18 36 41 68 84 22 63 94 99 69 45 64 47 16 37 66 14 
836-4-7 1?2.425 = 4 76 33 97 18 36 41 50 72 88 77 44 73 43 56 31 7 
836-4-6 1?2.479 = 4 76 33 97 18 36 41 50 58 72 88 77 44 73 43 46 23 6 
836-4-9 1?2.437 = 4 76 33 97 58 72 88 77 44 85 27 96 80 74 20 24 48 30 82 9 
836-4-11 1?2.452 = 4 76 33 97 58 72 88 77 85 27 96 80 75 55 54 67 62 34 26 51 29 11 
836-6-8 1?2.385 = 6 23 46 43 73 44 85 27 96 74 20 48 30 93 98 8 
836-5-8 1?2.157 = 5 23 46 73 44 85 27 96 74 20 24 48 30 93 98 8 
836-5-10 1?2.381 = 5 23 46 73 44 27 96 80 74 20 24 48 30 93 82 19 95 10 
836-5-9 1?2.297 = 5 23 46 43 73 44 85 27 92 96 74 20 24 48 30 93 82 9 
836-5-7 1?2.349 = 5 23 46 73 44 85 27 96 74 20 48 30 93 52 79 7 
836-5-15 1?2.684 = 5 23 46 73 44 77 88 72 58 50 36 41 68 84 22 35 63 28 71 15 
836-5-12 1?2.556 = 5 23 46 43 73 44 85 27 96 80 75 55 54 67 62 34 26 51 29 70 12 
836-6-7 1?2.482 = 6 46 43 73 44 85 27 96 74 20 48 30 93 52 79 7 
836-5-13 1?2.573 = 5 23 46 73 44 85 92 59 75 55 54 62 67 32 45 69 64 61 47 16 13 
836-5-14 1?2.606 = 5 23 46 43 27 85 92 59 75 55 54 32 45 69 64 61 47 16 37 66 14 
836-5-11 1?2.357 = 5 23 46 73 44 85 27 96 80 59 75 55 54 67 62 34 26 51 29 11 
836-7-8 1?2.3 = 7 79 31 56 96 80 59 75 55 86 24 48 93 98 8 
836-7-9 1?2.213 = 7 31 79 52 93 30 48 24 20 86 42 95 19 82 9 
836-7-10 1?2.274 = 7 79 52 93 30 48 24 86 55 75 54 62 26 51 91 42 95 10 
836-6-10 1?2.451 = 6 46 43 73 44 85 27 96 74 20 24 48 30 93 82 19 95 10 
836-6-9 1?2.369 = 6 46 73 44 85 27 92 96 80 74 20 24 48 30 93 82 9 
836-6-12 1?2.665 = 6 31 52 93 30 48 24 20 74 80 75 55 54 62 34 26 51 29 70 12 
836-6-13 1?2.587 = 6 31 52 93 30 48 24 20 86 55 75 54 67 32 45 69 64 61 47 13 
836-6-14 1?2.647 = 6 31 79 52 93 30 48 24 86 54 67 32 45 69 64 47 16 37 66 14 
836-6-15 1?2.825 = 6 31 79 52 93 30 48 24 86 54 55 75 65 35 63 40 28 71 15 
836-7-11 1?2.154 = 7 31 79 52 93 30 48 24 86 55 75 54 62 34 26 51 29 70 11 
836-6-11 1?2.444 = 6 31 79 52 93 30 48 24 20 86 55 75 54 67 62 34 26 51 29 11 
836-8-10 1?1.947 = 8 98 93 30 48 24 86 54 62 34 26 51 91 42 95 10 
836-8-9 1?2.092 = 8 98 93 30 48 20 74 96 80 75 55 86 24 82 9 
836-8-11 1?1.72 = 8 98 93 30 48 24 86 55 75 54 62 34 26 51 29 11 
836-8-12 1?2.171 = 8 98 93 30 48 24 20 74 80 75 55 54 62 34 26 51 29 70 12 
836-7-12 1?2.382 = 7 79 52 93 30 48 24 86 55 75 54 62 67 32 45 69 64 47 61 12 
836-7-14 1?2.349 = 7 79 52 93 30 48 24 86 54 67 32 45 69 64 61 47 16 37 66 14 
836-7-13 1?2.362 = 7 79 52 93 30 48 24 86 55 75 54 62 67 32 45 69 64 61 47 16 13 
836-7-15 1?2.636 = 7 79 52 93 30 48 24 20 74 96 80 55 75 65 35 63 40 28 71 15 
836-8-13 1?2.184 = 8 98 93 30 48 24 20 86 55 75 54 62 67 38 61 64 45 69 47 13 
836-8-14 1?2.214 = 8 98 93 30 48 24 86 55 75 54 32 45 69 64 61 47 16 37 66 14 
836-8-15 1?2.579 = 8 98 93 30 48 24 86 55 75 54 32 45 64 47 69 99 94 40 28 71 15 
836-10-12 1?1.657 = 10 95 42 91 29 51 26 34 62 67 32 69 64 61 12 
836-10-13 1?1.549 = 10 95 91 51 29 70 26 34 62 67 32 45 64 47 13 
836-9-10 1?1.961 = 9 82 93 30 48 24 20 86 55 75 54 62 42 95 10 
836-10-11 1?1.766 = 10 95 19 82 30 48 24 86 55 75 54 62 51 29 11 
836-9-11 1?1.708 = 9 82 93 30 48 24 86 55 75 54 62 34 26 51 29 11 
836-9-12 1?2.076 = 9 82 93 30 48 24 20 86 55 75 54 67 62 34 26 51 29 70 12 
836-9-13 1?2.033 = 9 19 95 42 91 51 29 70 26 34 62 67 38 32 45 64 47 13 
836-9-14 1?2.071 = 9 19 95 42 91 29 51 26 34 38 61 64 45 69 47 16 37 66 14 
836-10-14 1?1.948 = 10 95 42 91 51 29 70 26 34 62 67 32 38 61 64 47 16 37 66 14 
836-10-15 1?2.079 = 10 95 91 29 51 26 34 38 61 47 64 45 69 99 94 40 28 71 15 
836-9-15 1?2.373 = 9 19 95 42 91 29 51 26 34 38 61 64 45 69 99 94 40 28 71 15 
836-12-13 1?1.706 = 12 34 26 62 67 32 38 61 47 64 45 69 99 16 13 
836-11-13 1?1.529 = 11 29 51 26 34 38 32 45 61 64 47 69 99 16 13 
836-11-12 1?1.801 = 11 29 51 26 34 38 32 45 64 69 99 16 47 61 12 
836-11-14 1?1.505 = 11 29 51 26 34 38 32 45 61 64 69 47 16 37 66 14 
836-12-14 1?1.662 = 12 34 26 62 67 32 38 61 64 45 69 47 16 37 66 14 
836-13-14 1?1.666 = 13 16 47 64 61 45 69 99 94 63 40 28 71 17 39 14 
836-12-15 1?1.841 = 12 38 32 69 45 61 64 47 16 37 99 40 28 71 15 
836-13-15 1?1.697 = 13 16 47 64 61 45 69 99 94 63 40 28 39 17 71 15 
836-14-15 1?1.589 = 14 66 37 16 47 64 61 45 69 99 94 63 40 28 71 15 
836-11-15 1?2.09 = 11 29 51 26 34 38 32 69 45 61 64 47 16 99 94 63 40 28 71 15 
stop
