start
471-0-2 1?1.973 = 0 38 17 33 60 78 20 91 34 92 32 87 26 36 48 2 
471-0-5 1?2.401 = 0 38 84 34 91 20 89 22 72 99 55 19 83 21 68 88 57 58 27 5 
471-0-1 1?1.983 = 0 38 84 17 60 78 20 91 34 87 32 26 36 48 2 92 1 
471-0-3 1?2.527 = 0 38 84 17 33 60 78 20 91 34 92 32 87 89 22 26 36 48 3 
471-0-4 1?2.427 = 0 38 84 17 33 60 78 20 91 34 92 32 87 26 36 48 39 90 4 
471-0-7 1?2.49 = 0 38 84 17 60 94 97 44 16 77 65 47 59 35 53 86 29 46 76 7 
471-0-6 1?2.703 = 0 38 84 34 91 20 78 89 22 72 99 55 19 83 21 98 96 57 58 27 6 
471-0-9 1?2.514 = 0 38 34 91 20 89 22 72 99 40 16 77 65 47 54 49 93 50 61 9 
471-0-10 1?2.673 = 0 38 84 34 91 20 89 22 72 99 19 55 65 47 18 82 69 41 43 10 
471-0-11 1?2.673 = 0 38 84 34 91 20 89 22 72 99 19 55 65 47 18 82 69 41 43 11 
471-0-8 1?2.384 = 0 38 84 17 60 94 44 16 77 65 47 59 35 53 86 29 76 46 37 8 
471-1-4 1?2.123 = 1 92 32 87 89 22 72 99 55 19 83 21 67 39 90 4 
471-1-2 1?2.002 = 1 92 32 87 91 20 78 79 99 72 22 26 36 48 2 
471-0-14 1?2.194 = 0 38 84 60 17 33 45 64 28 70 42 95 63 71 74 75 14 
471-0-15 1?2.199 = 0 38 84 34 91 20 89 22 72 99 79 78 60 17 33 45 15 
471-1-3 1?2.028 = 1 92 32 87 91 20 78 79 99 72 22 26 36 48 3 
471-1-6 1?2.559 = 1 92 32 87 91 20 89 22 72 99 55 19 83 21 68 88 57 58 27 6 
471-0-13 1?2.075 = 0 38 84 60 17 33 45 64 28 70 85 42 51 81 63 71 13 
471-1-5 1?2.287 = 1 92 32 87 91 20 89 22 72 99 55 19 83 21 96 57 58 5 
471-1-8 1?2.503 = 1 92 32 87 89 22 72 99 40 16 77 65 47 59 35 53 86 29 76 46 8 
471-0-12 1?2.522 = 0 38 84 17 60 33 45 64 25 28 70 85 42 51 95 71 63 81 66 12 
471-1-7 1?2.54 = 1 92 32 87 89 22 72 99 40 16 77 65 47 59 35 86 29 46 76 7 
471-1-13 1?2.055 = 1 92 32 87 20 91 34 38 84 60 17 33 64 25 75 13 
471-2-5 1?2.161 = 2 92 32 87 26 36 48 39 90 98 96 57 58 27 5 
471-2-4 1?2.177 = 2 48 36 26 32 87 34 91 20 78 89 22 67 39 90 4 
471-1-15 1?2.13 = 1 92 2 48 36 26 87 20 91 34 38 84 60 17 33 45 15 
471-2-6 1?2.53 = 2 48 36 26 32 87 89 22 72 99 55 19 83 21 96 58 27 6 
471-2-3 1?2.166 = 2 92 32 87 91 20 78 79 99 72 22 26 36 48 3 
471-1-11 1?2.534 = 1 92 32 87 89 22 72 99 40 16 77 65 47 18 82 69 41 11 
471-1-9 1?2.342 = 1 92 32 87 89 22 72 99 40 77 65 47 54 49 93 23 50 61 9 
471-1-14 1?1.954 = 1 92 32 87 20 91 34 38 84 60 17 33 64 25 75 14 
471-1-12 1?2.526 = 1 92 32 87 20 91 34 38 84 60 17 33 45 64 25 75 74 71 63 12 
471-1-10 1?2.566 = 1 92 32 87 89 22 72 99 40 16 77 65 47 18 82 69 41 10 
471-3-4 1?2.203 = 3 48 36 26 32 87 34 91 20 78 89 22 67 39 90 4 
471-2-15 1?2.42 = 2 48 36 26 32 87 34 91 20 78 89 79 94 60 17 33 45 15 
471-3-5 1?2.215 = 3 48 36 26 32 87 89 22 72 83 21 96 57 58 5 
471-2-7 1?2.426 = 2 32 87 89 22 72 99 40 77 65 47 59 35 53 29 46 76 7 
471-2-13 1?2.527 = 2 48 36 26 32 87 20 91 34 38 84 60 17 33 45 64 25 75 74 13 
471-2-8 1?2.459 = 2 32 87 89 22 72 99 40 77 65 47 59 35 53 86 29 76 46 37 8 
471-2-11 1?2.725 = 2 92 32 87 89 22 72 99 40 16 77 65 47 18 82 69 41 43 11 
471-2-9 1?2.558 = 2 32 87 89 22 72 99 19 55 40 16 77 65 47 54 49 93 50 61 9 
471-2-12 1?2.693 = 2 48 36 26 32 87 20 91 34 38 84 17 33 64 25 75 74 71 63 12 
471-2-14 1?2.419 = 2 48 36 26 32 87 20 91 34 38 84 60 17 33 64 28 25 75 14 
471-2-10 1?2.725 = 2 92 32 87 89 22 72 99 40 16 77 65 47 18 82 69 41 43 10 
471-3-6 1?2.32 = 3 39 67 21 83 68 88 56 80 86 53 29 46 76 73 6 
471-4-5 1?2.277 = 4 90 39 67 22 72 99 55 19 83 21 98 96 58 27 5 
471-3-7 1?2.458 = 3 39 67 21 83 19 55 65 47 54 49 93 53 86 29 46 76 7 
471-3-8 1?2.457 = 3 48 36 26 22 72 99 40 77 65 47 59 35 53 86 29 46 37 8 
471-3-15 1?2.598 = 3 48 36 26 32 87 34 91 20 89 22 72 99 79 94 30 33 45 15 
471-3-9 1?2.473 = 3 48 36 26 22 72 99 40 16 77 65 47 54 49 93 23 61 9 
471-3-11 1?2.751 = 3 48 36 26 22 72 99 19 55 40 77 65 47 18 82 69 41 43 11 
471-3-13 1?2.702 = 3 48 36 26 32 87 20 91 34 38 84 60 17 33 45 64 28 25 75 74 13 
471-3-12 1?2.741 = 3 48 36 26 32 87 91 20 78 60 17 33 45 64 25 75 74 71 63 81 12 
471-3-14 1?2.638 = 3 48 36 26 32 87 20 91 34 38 84 60 17 33 30 85 70 28 25 75 14 
471-3-10 1?2.835 = 3 48 36 26 32 87 89 22 72 99 19 55 65 47 18 82 69 41 43 10 
471-4-7 1?2 = 4 90 39 67 21 83 68 88 56 80 86 53 29 46 76 7 
471-5-6 1?2.243 = 5 27 58 96 21 83 68 88 56 80 86 29 46 76 73 6 
471-4-6 1?2.274 = 4 90 98 21 83 68 88 56 80 86 53 29 46 76 73 6 
471-4-8 1?2.349 = 4 90 39 67 21 83 19 55 65 47 59 35 53 86 29 76 46 37 8 
471-4-15 1?2.749 = 4 90 3 48 36 26 2 92 32 87 91 20 78 34 38 84 60 17 33 45 15 
471-4-9 1?2.42 = 4 90 98 21 83 19 55 40 16 77 65 47 54 49 93 23 50 61 9 
471-4-13 1?2.702 = 4 90 39 67 21 83 19 55 40 77 16 24 31 51 42 95 63 71 13 
471-4-11 1?2.765 = 4 90 98 21 83 68 88 56 80 86 53 35 93 49 54 18 82 69 41 43 11 
471-4-12 1?2.819 = 4 90 39 67 21 83 68 88 56 80 59 47 65 77 16 24 31 51 66 12 
471-4-10 1?2.671 = 4 90 39 67 21 83 19 55 40 16 77 65 47 18 82 69 41 43 10 
471-4-14 1?2.646 = 4 90 39 48 36 26 32 87 20 91 34 38 84 17 33 64 25 75 14 
471-6-8 1?2.038 = 6 27 58 96 21 83 68 88 56 80 86 53 29 76 46 8 
471-6-7 1?2.091 = 6 27 58 96 21 83 68 88 56 80 86 53 29 46 76 7 
471-5-8 1?1.879 = 5 27 58 96 21 83 68 88 56 80 86 53 29 76 46 8 
471-5-7 1?1.932 = 5 27 58 96 21 83 68 88 56 80 86 53 29 46 76 7 
471-5-15 1?2.594 = 5 58 96 21 83 19 55 99 72 22 89 20 91 34 38 84 17 33 45 15 
471-5-11 1?2.704 = 5 27 58 57 96 21 83 19 55 40 16 77 65 47 18 82 69 41 43 11 
471-5-9 1?2.422 = 5 27 58 57 56 80 73 76 46 29 86 53 35 49 93 23 50 61 9 
471-5-13 1?2.735 = 5 27 58 57 96 21 83 19 55 40 77 16 24 31 51 42 95 63 71 13 
471-5-12 1?2.714 = 5 27 58 57 56 80 59 47 65 77 16 24 31 51 42 95 71 63 81 12 
471-5-14 1?2.612 = 5 27 58 57 56 80 59 47 65 77 16 40 44 97 85 70 28 25 75 14 
471-5-10 1?2.617 = 5 27 58 57 56 80 86 53 29 76 46 50 93 49 54 18 69 82 10 
471-7-8 1?2.005 = 7 76 37 46 29 86 53 35 59 65 47 54 49 93 50 8 
471-7-9 1?1.983 = 7 76 46 29 86 53 93 49 54 18 69 82 23 61 9 
471-7-10 1?1.861 = 7 76 46 29 86 53 93 49 54 18 82 69 41 43 10 
471-6-9 1?2.364 = 6 73 76 46 29 86 53 35 59 65 47 54 49 93 23 50 61 9 
471-7-11 1?2.478 = 7 76 46 29 86 53 35 59 47 65 77 16 24 31 51 81 66 11 
471-6-15 1?2.774 = 6 27 58 57 96 21 83 19 55 99 72 22 89 20 91 78 60 17 33 45 15 
471-6-11 1?2.758 = 6 73 76 46 29 86 53 35 59 47 65 77 16 24 31 51 66 11 
471-6-13 1?2.675 = 6 73 86 29 53 93 49 54 47 65 77 16 24 31 51 95 63 71 13 
471-6-10 1?2.382 = 6 73 76 46 29 86 53 35 54 49 93 23 82 69 41 43 10 
471-6-12 1?2.645 = 6 73 86 29 53 35 93 49 54 47 65 77 16 24 31 42 95 63 12 
471-6-14 1?2.78 = 6 73 86 29 53 35 93 49 54 47 65 77 16 44 97 85 70 28 25 75 14 
471-8-9 1?1.845 = 8 37 46 76 29 53 35 59 65 47 54 49 93 50 61 9 
471-8-11 1?1.808 = 8 46 76 29 86 53 93 49 54 18 82 69 41 43 11 
471-8-10 1?1.808 = 8 46 76 29 86 53 93 49 54 18 82 69 41 43 10 
471-8-13 1?2.256 = 8 37 46 76 29 53 93 49 54 18 82 69 52 51 95 63 71 13 
471-8-15 1?2.418 = 8 37 46 76 29 86 53 35 59 47 65 77 16 24 85 70 28 64 45 15 
471-8-12 1?2.176 = 8 37 46 76 29 86 53 35 59 47 65 77 16 24 31 51 81 12 
471-7-15 1?2.622 = 7 76 46 29 86 53 93 49 54 47 65 77 16 44 94 60 17 33 45 15 
471-7-13 1?2.507 = 7 76 46 29 86 53 35 93 49 54 18 82 69 52 51 42 95 63 71 13 
471-7-12 1?2.435 = 7 76 46 29 86 53 35 93 49 54 47 65 77 16 24 31 51 66 12 
471-8-14 1?2.276 = 8 46 76 29 86 53 35 59 47 65 77 16 24 85 70 28 25 75 14 
471-7-14 1?2.462 = 7 76 46 29 86 53 93 49 54 47 65 77 16 24 85 70 28 25 75 14 
471-9-11 1?2.097 = 9 61 50 29 86 53 35 93 49 54 18 82 69 41 43 11 
471-10-11 1?2.34 = 10 43 41 82 69 52 31 51 42 95 71 63 81 66 11 
471-9-12 1?2.069 = 9 61 23 93 49 54 47 65 77 16 24 31 51 66 12 
471-10-12 1?2.187 = 10 43 41 82 69 52 31 51 42 95 71 63 81 66 12 
471-9-10 1?2.097 = 9 61 50 29 86 53 35 93 49 54 18 82 69 41 43 10 
471-9-13 1?2.392 = 9 61 50 23 93 49 54 47 65 77 16 24 31 51 42 95 63 71 13 
471-9-15 1?2.668 = 9 61 50 23 93 49 54 47 65 77 16 40 44 97 94 30 60 17 33 45 15 
471-10-13 1?2.526 = 10 43 41 69 82 18 54 47 65 77 16 24 31 42 95 63 71 13 
471-10-15 1?2.748 = 10 43 41 69 82 23 93 49 54 47 65 77 16 44 94 30 33 45 15 
471-10-14 1?2.583 = 10 43 41 69 82 18 47 65 77 16 40 44 97 85 70 28 25 75 14 
471-9-14 1?2.428 = 9 61 50 23 93 49 54 47 65 77 16 40 44 97 85 70 28 25 75 14 
471-12-13 1?2.262 = 12 63 71 95 81 66 51 42 31 85 70 28 25 75 74 13 
471-14-15 1?2.358 = 14 25 75 74 71 63 95 42 70 28 64 30 60 17 33 45 15 
471-13-15 1?2.269 = 13 71 63 81 66 51 42 95 74 75 25 28 64 33 45 15 
471-12-15 1?2.216 = 12 66 81 51 42 95 63 71 74 75 25 28 64 33 45 15 
471-11-12 1?2.266 = 11 43 41 69 82 18 47 65 77 16 24 31 51 66 12 
471-12-14 1?2.275 = 12 63 71 95 42 51 31 24 97 85 70 28 64 25 75 14 
471-13-14 1?2.401 = 13 71 63 95 42 31 24 16 77 40 44 97 85 28 25 14 
471-11-13 1?2.448 = 11 43 41 69 82 18 47 65 77 16 24 31 51 95 63 71 13 
471-11-15 1?2.697 = 11 43 41 69 82 18 47 65 77 16 40 44 97 94 60 17 33 45 15 
471-11-14 1?2.536 = 11 41 69 82 23 93 49 54 47 65 77 16 24 85 70 28 25 14 
stop
