start
181-0-2 1?1.672 = 0 21 80 37 69 36 19 75 95 62 27 38 26 98 50 2 
181-0-3 1?2.201 = 0 24 21 80 37 69 36 34 26 98 50 38 62 95 75 27 96 58 3 
181-0-4 1?2.159 = 0 24 21 80 37 69 36 34 26 98 50 38 62 95 75 27 41 96 58 4 
181-0-1 1?1.968 = 0 24 21 80 37 69 36 19 75 95 62 27 38 26 34 1 
181-0-11 1?2.794 = 0 24 21 80 37 69 20 94 87 45 74 53 82 67 70 32 56 17 11 
181-0-10 1?2.679 = 0 80 37 69 36 59 72 89 64 48 85 86 33 54 97 63 30 57 10 
181-0-5 1?2.32 = 0 24 21 80 37 69 36 19 95 75 72 89 85 48 64 51 42 84 55 88 5 
181-0-8 1?2.416 = 0 80 37 69 36 59 72 89 48 85 86 33 91 77 25 92 71 90 22 8 
181-0-7 1?2.432 = 0 21 80 37 69 36 59 72 89 85 48 64 51 42 84 55 65 76 35 7 
181-0-9 1?2.722 = 0 24 21 80 37 69 20 94 87 46 29 40 31 54 97 63 79 30 43 9 
181-0-6 1?2.385 = 0 80 37 69 36 19 95 62 75 72 89 85 48 64 51 42 84 55 65 76 16 6 
181-1-2 1?2.013 = 1 0 24 21 80 37 69 36 19 75 95 62 27 38 26 98 2 
181-1-4 1?1.797 = 1 80 37 69 34 26 98 50 38 62 95 75 27 96 58 4 
181-1-3 1?1.801 = 1 80 37 69 36 19 75 95 62 34 26 98 50 38 27 3 
181-0-15 1?1.994 = 0 24 21 80 37 69 36 20 94 87 45 74 53 82 67 15 
181-1-5 1?2.1 = 1 34 26 98 50 38 62 95 75 72 89 85 48 64 51 47 88 5 
181-0-14 1?1.965 = 0 24 21 80 37 69 36 20 94 87 45 74 53 82 67 14 
181-0-13 1?2.317 = 0 24 21 80 37 69 36 20 94 87 45 74 53 82 67 70 44 23 13 
181-1-7 1?2.363 = 1 69 36 59 72 89 85 48 64 51 42 84 55 65 76 35 77 25 49 92 7 
181-1-6 1?2.237 = 1 34 26 98 50 38 62 95 75 72 89 64 51 42 84 55 65 76 16 6 
181-1-8 1?2.44 = 1 69 36 59 72 89 85 48 64 51 42 84 55 65 77 25 49 92 71 90 22 8 
181-0-12 1?2.633 = 0 24 21 80 37 69 36 20 94 87 45 74 53 82 67 70 32 56 83 12 
181-1-14 1?2.11 = 1 34 62 95 75 19 36 20 94 87 45 74 53 82 67 14 
181-2-4 1?1.62 = 2 98 50 26 62 95 75 72 89 85 48 64 41 96 58 4 
181-2-3 1?1.722 = 2 98 26 50 38 62 95 75 72 89 85 48 64 41 27 3 
181-2-5 1?1.791 = 2 98 26 50 38 62 95 75 72 89 85 48 64 51 42 84 55 88 5 
181-1-10 1?2.675 = 1 69 36 19 95 75 72 89 64 48 85 86 33 54 97 63 30 57 10 
181-1-12 1?2.642 = 1 34 26 98 50 38 62 95 75 72 89 68 46 40 29 60 56 83 12 
181-1-13 1?2.478 = 1 34 26 98 50 38 62 95 75 19 36 20 94 87 45 74 32 23 13 
181-1-11 1?2.693 = 1 34 26 98 50 38 62 95 75 72 89 68 28 31 40 29 60 17 11 
181-1-15 1?1.961 = 1 34 26 98 50 38 62 95 19 36 69 37 80 21 24 66 15 
181-2-6 1?1.927 = 2 98 26 50 38 62 95 75 72 89 85 48 64 51 42 84 65 76 16 6 
181-1-9 1?2.673 = 1 69 36 59 72 89 64 48 85 86 33 91 77 25 49 71 90 22 73 9 
181-3-4 1?1.809 = 3 50 98 26 38 62 95 75 72 89 48 64 41 96 58 4 
181-3-5 1?1.782 = 3 38 62 95 19 75 72 89 85 48 64 51 42 84 55 88 5 
181-2-14 1?2.054 = 2 98 26 38 62 95 75 19 36 69 20 94 87 45 74 53 82 67 14 
181-2-10 1?2.361 = 2 98 26 62 95 75 72 89 64 48 85 86 33 54 97 63 30 57 10 
181-2-12 1?2.464 = 2 98 26 62 95 75 72 89 64 48 85 86 33 31 40 29 60 56 83 12 
181-2-15 1?1.623 = 2 98 50 26 62 95 75 19 36 69 37 80 21 24 66 61 15 
181-2-13 1?2.278 = 2 98 26 50 38 62 95 75 19 36 20 94 87 45 74 53 82 67 44 23 13 
181-2-11 1?2.568 = 2 98 26 38 62 95 75 72 89 64 48 85 86 33 31 40 29 60 17 11 
181-2-7 1?2.106 = 2 98 26 50 38 62 95 75 72 89 85 48 64 51 42 84 55 65 76 35 7 
181-2-9 1?2.354 = 2 98 26 62 95 75 72 89 64 48 85 86 33 54 97 63 79 30 43 9 
181-2-8 1?2.225 = 2 98 26 62 95 75 72 89 64 51 42 84 55 65 76 77 25 49 71 90 22 8 
181-3-6 1?1.786 = 3 38 62 95 75 72 89 64 51 42 84 55 65 76 16 6 
181-4-5 1?1.949 = 4 52 47 42 51 64 48 85 86 33 91 65 76 16 88 5 
181-3-14 1?2.384 = 3 50 98 26 38 62 95 75 19 34 36 69 20 94 87 45 74 53 82 67 14 
181-3-12 1?2.596 = 3 50 98 26 38 62 95 75 72 89 68 28 46 31 40 29 60 56 83 12 
181-3-10 1?2.57 = 3 50 98 26 38 62 95 75 72 89 48 85 86 33 54 97 63 30 57 10 
181-3-7 1?2.149 = 3 38 62 95 75 72 89 85 48 64 51 42 84 65 76 35 77 25 7 
181-3-11 1?2.664 = 3 50 98 26 38 62 95 75 19 59 72 89 68 28 31 40 29 60 17 11 
181-3-8 1?2.259 = 3 38 62 95 75 27 41 51 42 84 55 65 76 35 77 25 49 71 90 22 8 
181-3-15 1?2.173 = 3 27 75 95 62 38 50 98 26 34 36 20 69 37 80 21 24 66 61 15 
181-3-13 1?2.5 = 3 50 98 26 38 62 95 75 19 36 20 94 87 45 74 53 82 67 70 44 23 13 
181-3-9 1?2.501 = 3 58 96 47 84 55 65 76 35 77 25 49 71 90 22 39 99 73 43 9 
181-4-6 1?1.848 = 4 58 96 41 89 85 48 64 51 42 84 55 65 76 16 6 
181-4-7 1?1.849 = 4 58 96 47 84 55 65 76 35 77 25 49 92 71 90 7 
181-5-6 1?1.894 = 5 88 47 51 64 48 85 86 33 91 84 55 65 76 16 6 
181-4-14 1?2.547 = 4 58 96 27 38 62 95 75 19 36 20 94 87 45 74 53 82 67 70 44 14 
181-4-12 1?2.738 = 4 52 47 55 84 42 51 64 48 85 86 33 54 31 40 29 60 56 83 12 
181-4-10 1?2.432 = 4 52 47 84 55 65 76 77 25 49 71 90 39 99 18 63 30 79 57 10 
181-4-11 1?2.681 = 4 52 47 84 55 65 76 77 25 92 71 90 39 99 18 63 30 79 93 11 
181-4-8 1?2.181 = 4 58 96 51 42 84 55 65 76 35 77 25 49 92 71 90 22 39 99 73 8 
181-4-13 1?2.599 = 4 58 96 27 38 62 95 75 19 36 20 94 87 45 74 53 82 67 44 23 13 
181-4-15 1?2.246 = 4 58 96 27 75 95 62 38 50 98 26 34 36 69 37 80 21 24 66 15 
181-4-9 1?2.285 = 4 52 47 84 55 65 76 35 77 25 49 92 71 90 22 39 99 73 43 9 
181-6-8 1?1.714 = 6 16 55 65 76 35 77 25 49 92 71 90 39 99 73 8 
181-5-7 1?1.851 = 5 88 47 84 55 65 76 35 77 25 49 92 71 90 22 7 
181-6-7 1?1.933 = 6 16 55 84 65 76 35 77 25 49 92 71 90 39 22 7 
181-5-14 1?2.663 = 5 88 55 84 42 51 64 48 85 89 72 59 36 20 94 87 45 74 53 82 67 14 
181-5-10 1?2.262 = 5 88 16 76 35 77 25 49 92 71 90 22 39 99 18 63 30 79 57 10 
181-5-8 1?2.077 = 5 88 47 42 84 55 65 76 35 77 25 49 92 71 90 22 39 99 73 8 
181-5-12 1?2.683 = 5 88 16 76 65 55 84 42 51 64 48 85 86 33 31 40 29 60 56 83 12 
181-5-11 1?2.519 = 5 88 16 76 35 77 25 49 92 71 90 22 39 99 18 63 30 79 93 11 
181-5-9 1?2.141 = 5 88 16 35 77 25 49 92 71 90 22 39 99 18 63 79 30 43 9 
181-5-15 1?2.458 = 5 88 47 51 64 48 85 89 72 75 95 19 36 69 37 80 21 24 66 61 15 
181-5-13 1?2.748 = 5 88 55 84 42 51 64 48 85 89 68 28 46 45 74 53 82 67 70 44 23 13 
181-7-8 1?1.992 = 7 25 49 92 71 90 39 99 18 63 79 30 43 73 22 8 
181-7-10 1?2.387 = 7 6 16 35 77 25 49 71 90 22 39 99 18 63 79 30 57 10 
181-6-12 1?2.516 = 6 16 76 55 84 42 51 64 48 85 86 33 31 40 29 60 56 83 12 
181-6-10 1?2.207 = 6 16 35 77 25 49 92 71 90 22 73 39 99 18 63 79 30 57 10 
181-7-9 1?2.245 = 7 6 35 77 25 49 92 71 90 22 39 99 18 63 79 30 43 9 
181-6-14 1?2.682 = 6 16 76 65 55 84 42 51 64 48 85 89 72 59 20 94 87 45 53 82 67 14 
181-6-9 1?1.855 = 6 35 77 25 49 92 71 90 22 39 99 18 63 79 30 43 9 
181-6-11 1?2.496 = 6 16 76 35 77 25 49 71 90 22 39 99 18 63 30 79 57 93 11 
181-6-13 1?2.61 = 6 16 76 65 55 84 42 51 64 48 85 68 28 46 45 74 70 44 23 13 
181-7-11 1?2.535 = 7 92 49 71 90 22 39 99 18 63 97 54 31 40 29 60 17 11 
181-6-15 1?2.473 = 6 16 76 65 55 84 42 51 64 48 85 89 72 59 36 69 37 80 21 24 66 15 
181-8-10 1?2.064 = 8 22 90 71 92 25 49 39 99 73 43 18 63 30 57 10 
181-8-11 1?2.221 = 8 22 90 39 99 18 63 97 54 31 40 29 60 17 11 
181-8-12 1?2.259 = 8 22 90 71 39 99 18 63 97 54 31 40 29 60 56 83 12 
181-8-9 1?1.856 = 8 22 90 71 92 25 49 39 99 73 18 63 79 30 43 9 
181-7-14 1?2.601 = 7 71 90 22 39 99 18 63 97 54 31 40 29 45 74 53 82 67 14 
181-7-12 1?2.463 = 7 71 90 22 73 39 99 18 63 97 54 31 40 29 60 56 83 12 
181-8-14 1?2.561 = 8 22 90 71 39 99 18 63 97 54 31 40 29 45 74 53 82 67 14 
181-8-13 1?2.548 = 8 73 22 90 71 39 99 18 63 97 54 31 40 29 60 32 23 13 
181-7-13 1?2.619 = 7 71 90 22 39 99 18 63 30 79 97 54 31 40 29 60 56 13 
181-7-15 1?2.575 = 7 35 76 65 55 84 42 51 64 89 72 59 36 69 37 80 21 24 66 61 15 
181-8-15 1?2.59 = 8 22 90 71 39 99 18 63 97 54 31 40 29 45 74 53 82 67 15 
181-10-12 1?2.329 = 10 57 30 79 63 97 54 31 40 29 78 60 17 56 83 12 
181-9-10 1?2.19 = 9 43 73 99 39 22 90 71 92 25 49 18 63 30 57 10 
181-10-13 1?2.407 = 10 57 30 63 97 54 31 40 29 74 53 82 67 44 23 13 
181-9-12 1?2.42 = 9 43 73 39 99 18 63 97 54 31 40 29 60 56 83 12 
181-9-11 1?2.356 = 9 43 73 22 90 71 49 39 99 18 63 30 79 57 93 11 
181-10-11 1?2.525 = 10 57 43 73 22 90 71 49 39 99 18 63 30 79 93 11 
181-10-14 1?2.502 = 10 57 30 79 63 97 54 31 40 29 45 74 53 82 67 70 44 14 
181-9-14 1?2.462 = 9 43 30 79 63 97 54 31 40 29 45 74 53 82 67 70 44 14 
181-9-13 1?2.472 = 9 43 30 79 63 97 54 31 40 29 74 53 82 67 70 44 23 13 
181-10-15 1?2.631 = 10 57 30 79 63 97 54 31 40 29 46 45 74 53 70 67 82 61 15 
181-9-15 1?2.591 = 9 43 30 79 63 97 54 31 40 29 46 45 74 53 70 67 82 61 15 
181-13-14 1?2.483 = 13 23 32 74 45 87 94 20 69 37 80 21 81 82 67 14 
181-11-12 1?2.586 = 11 93 79 30 63 97 54 31 40 29 78 60 17 56 83 12 
181-12-14 1?2.297 = 12 83 56 60 29 40 31 46 45 74 53 82 70 44 14 
181-11-14 1?2.544 = 11 17 56 60 29 40 31 46 45 74 53 82 70 44 14 
181-11-13 1?2.489 = 11 17 60 29 40 31 46 45 74 53 82 67 70 44 23 13 
181-12-13 1?2.322 = 12 83 56 60 29 40 46 45 74 53 82 67 70 44 23 13 
181-13-15 1?2.228 = 13 23 44 70 74 45 87 94 20 69 37 80 21 24 66 61 15 
181-12-15 1?2.346 = 12 83 56 60 29 40 31 46 45 74 53 70 67 82 61 15 
181-14-15 1?2.078 = 14 67 82 53 74 45 87 94 20 69 37 80 21 24 66 61 15 
181-11-15 1?2.769 = 11 17 60 29 40 31 46 87 94 20 36 69 37 80 21 24 66 15 
stop
