start
273-0-1 1?1.985 = 0 71 19 21 26 29 87 33 38 20 77 18 53 67 40 83 1 
273-0-2 1?2.103 = 0 19 21 26 29 20 87 33 38 41 72 44 62 96 42 17 2 
273-0-3 1?2.068 = 0 19 21 26 29 20 87 33 38 72 44 62 36 78 59 46 3 
273-0-4 1?2.289 = 0 19 21 26 18 77 29 20 87 33 38 41 72 44 62 36 78 59 95 4 
273-0-5 1?2.378 = 0 71 19 21 26 18 77 29 20 87 33 38 41 72 44 62 36 76 24 5 
273-0-6 1?2.429 = 0 71 19 21 26 18 77 29 20 87 33 38 72 44 62 99 97 91 80 6 
273-0-7 1?2.495 = 0 71 19 21 26 18 77 29 20 87 33 38 72 44 62 99 97 91 80 66 7 
273-0-8 1?2.624 = 0 71 19 21 26 18 77 29 20 87 33 38 41 72 44 62 99 64 22 54 61 8 
273-0-9 1?2.416 = 0 19 21 26 29 20 87 33 38 41 23 28 27 69 75 70 49 85 56 58 9 
273-0-10 1?2.212 = 0 19 21 26 29 20 87 33 38 41 23 28 69 75 70 49 85 56 58 10 
273-0-11 1?2.192 = 0 19 21 26 29 20 87 33 38 41 23 28 69 75 70 45 81 48 11 
273-0-12 1?2.316 = 0 19 21 26 29 20 87 33 38 41 23 28 27 69 75 70 86 52 89 12 
273-0-13 1?2.377 = 0 71 19 21 18 77 29 20 38 33 87 73 63 98 68 37 51 35 13 
273-0-14 1?1.953 = 0 71 19 21 26 18 77 29 73 25 63 68 37 51 35 14 
273-0-15 1?2.04 = 0 19 21 26 18 53 77 29 20 38 33 87 73 25 30 15 
273-1-2 1?2.07 = 1 83 40 67 53 18 77 29 87 33 38 20 96 42 17 2 
273-1-3 1?2.106 = 1 83 40 67 18 77 20 87 33 38 72 44 62 78 59 46 3 
273-1-4 1?2.117 = 1 83 40 67 18 77 20 87 33 38 72 44 62 36 76 79 4 
273-1-5 1?2.257 = 1 83 40 67 18 77 29 20 87 33 38 41 72 44 62 36 76 24 5 
273-1-6 1?2.349 = 1 83 40 67 18 77 29 20 87 33 38 44 72 99 97 91 80 66 6 
273-1-7 1?2.342 = 1 83 40 67 18 77 29 20 87 33 41 32 22 64 97 91 80 66 7 
273-1-8 1?2.503 = 1 83 40 67 18 77 29 20 87 33 38 41 72 44 62 99 64 22 54 61 8 
273-1-9 1?2.418 = 1 83 40 67 18 77 29 20 87 33 38 41 23 28 69 75 70 49 56 58 9 
273-1-10 1?2.321 = 1 83 40 67 18 77 29 20 87 33 38 41 23 28 69 75 70 49 85 56 58 10 
273-1-11 1?2.228 = 1 83 40 67 18 77 29 87 33 38 41 23 28 27 69 75 70 86 48 11 
273-1-12 1?2.341 = 1 40 67 18 77 29 20 87 33 38 41 23 28 69 75 70 86 52 89 12 
273-1-13 1?2.364 = 1 83 40 67 18 77 29 20 38 33 87 73 25 63 98 68 37 51 35 13 
273-1-14 1?1.894 = 1 83 40 67 18 77 29 73 25 30 68 98 51 37 14 
273-1-15 1?1.949 = 1 83 40 67 53 18 77 29 20 38 33 87 73 25 30 15 
273-2-3 1?2.247 = 2 17 42 96 20 87 33 38 41 72 44 62 36 78 59 46 3 
273-2-4 1?2.214 = 2 17 42 96 20 87 33 38 72 44 62 36 78 59 95 4 
273-2-5 1?2.404 = 2 17 42 31 53 18 77 29 87 33 38 72 44 62 36 76 24 5 
273-2-6 1?2.469 = 2 17 42 31 53 18 77 29 20 87 33 38 44 72 99 97 91 80 6 
273-2-7 1?2.568 = 2 17 42 31 53 18 77 29 20 87 33 41 32 22 64 97 91 80 66 7 
273-2-8 1?2.679 = 2 17 42 31 53 18 77 29 20 87 33 38 72 44 62 99 64 22 54 61 8 
273-2-9 1?2.586 = 2 31 53 18 77 29 20 87 33 38 41 23 28 69 75 70 49 85 56 58 9 
273-2-10 1?2.466 = 2 17 42 31 53 18 77 29 87 33 38 41 23 28 69 75 70 49 56 58 10 
273-2-11 1?2.428 = 2 17 42 31 53 18 77 29 20 87 33 38 41 23 28 69 75 70 86 48 11 
273-2-12 1?2.541 = 2 31 53 18 77 29 20 87 33 38 41 23 28 27 69 75 70 86 52 89 12 
273-2-13 1?2.484 = 2 17 42 31 53 18 77 29 20 33 87 73 63 98 68 37 51 35 13 
273-2-14 1?2.329 = 2 17 42 31 53 18 77 29 20 38 33 87 73 25 63 98 68 37 14 
273-2-15 1?2.082 = 2 17 42 31 53 18 77 29 20 38 33 87 73 25 30 15 
273-3-4 1?2.399 = 3 46 17 42 96 20 87 33 38 72 44 62 36 76 79 4 
273-3-5 1?2.476 = 3 46 59 78 36 62 44 72 99 64 22 54 97 91 80 50 5 
273-3-6 1?2.557 = 3 46 59 78 36 62 44 72 38 33 41 32 22 64 97 91 80 66 6 
273-3-7 1?2.633 = 3 46 59 78 36 62 44 20 87 33 38 41 32 22 64 97 91 80 66 7 
273-3-8 1?2.69 = 3 46 59 78 36 62 44 72 32 23 28 69 75 70 49 85 94 8 
273-3-9 1?2.627 = 3 46 59 78 36 62 44 72 64 22 65 27 28 69 70 75 49 56 58 9 
273-3-10 1?2.518 = 3 46 59 78 36 62 44 72 99 64 22 65 27 28 69 75 70 49 56 58 10 
273-3-11 1?2.511 = 3 46 59 78 36 62 44 72 41 23 28 27 69 75 70 49 55 45 81 48 11 
273-3-12 1?2.556 = 3 46 59 78 36 62 44 72 64 22 65 27 28 69 75 70 86 52 89 12 
273-3-13 1?2.631 = 3 46 59 78 36 62 44 72 38 33 87 20 29 73 63 98 68 37 51 35 13 
273-3-14 1?2.42 = 3 46 59 78 36 62 44 72 41 38 33 87 20 29 73 63 98 68 37 14 
273-3-15 1?2.402 = 3 46 59 78 36 62 44 72 41 38 33 87 20 29 77 26 21 19 71 15 
273-4-5 1?2.453 = 4 95 59 78 36 62 44 72 99 64 54 97 91 80 50 5 
273-4-6 1?2.212 = 4 95 59 78 36 62 44 72 99 64 22 54 97 91 80 6 
273-4-7 1?2.605 = 4 79 76 36 62 44 20 87 33 38 41 32 22 64 97 91 80 66 7 
273-4-8 1?2.687 = 4 95 59 78 36 62 44 72 41 23 28 69 75 70 49 85 94 8 
273-4-9 1?2.462 = 4 95 59 78 36 62 44 72 41 23 28 69 75 70 49 56 58 9 
273-4-10 1?2.33 = 4 79 76 36 62 44 72 32 65 27 28 69 75 70 49 56 58 10 
273-4-11 1?2.556 = 4 95 59 78 36 62 44 72 41 23 28 69 75 70 49 56 55 45 81 48 11 
273-4-12 1?2.573 = 4 95 59 78 36 62 44 72 64 22 65 27 28 69 75 70 86 52 89 12 
273-4-13 1?2.532 = 4 95 59 78 36 62 44 72 41 38 33 87 73 63 98 68 37 51 35 13 
273-4-14 1?2.477 = 4 95 59 78 36 62 44 72 38 33 87 20 29 73 25 63 98 68 37 14 
273-4-15 1?2.451 = 4 95 59 78 36 62 44 72 38 33 87 20 29 77 18 26 21 19 71 15 
273-5-6 1?2.391 = 5 79 76 36 62 44 72 99 64 22 54 97 91 80 66 6 
273-5-7 1?2.351 = 5 79 76 36 62 44 72 99 64 22 54 97 91 80 66 7 
273-5-8 1?2.667 = 5 50 16 97 54 74 65 27 28 69 75 70 49 85 56 94 8 
273-5-9 1?2.378 = 5 50 16 97 54 74 65 27 28 69 75 70 49 85 56 58 9 
273-5-10 1?2.364 = 5 50 80 91 97 54 74 65 27 28 69 75 70 49 85 56 58 10 
273-5-11 1?2.543 = 5 50 16 97 54 74 65 27 28 69 75 70 49 56 58 55 45 81 48 11 
273-5-12 1?2.649 = 5 24 76 36 62 44 72 99 64 22 65 27 28 69 75 70 86 52 89 12 
273-5-13 1?2.711 = 5 24 76 36 62 44 72 41 38 33 87 20 29 73 63 98 68 37 51 35 13 
273-5-14 1?2.688 = 5 24 76 36 62 44 72 41 38 33 87 20 29 73 63 98 68 37 51 35 14 
273-5-15 1?2.629 = 5 24 76 78 36 62 44 72 41 38 33 87 20 29 77 18 26 21 19 71 15 
273-6-7 1?2.494 = 6 50 24 76 36 62 44 72 99 64 22 54 97 91 80 66 7 
273-6-8 1?2.39 = 6 80 91 97 54 74 65 28 69 75 70 49 85 94 8 
273-6-9 1?2.141 = 6 80 91 97 54 74 65 27 69 75 70 49 56 58 9 
273-6-10 1?2.189 = 6 66 80 91 97 54 74 65 27 28 69 75 70 49 85 56 58 10 
273-6-11 1?2.274 = 6 80 91 97 54 74 65 27 28 69 75 70 49 56 55 45 81 48 11 
273-6-12 1?2.592 = 6 80 91 97 54 74 65 27 28 69 75 70 49 55 45 81 48 52 89 12 
273-6-13 1?2.752 = 6 66 80 91 97 99 62 44 72 41 38 33 87 73 63 98 68 37 51 35 13 
273-6-14 1?2.665 = 6 80 91 97 99 62 44 72 41 38 33 87 20 29 73 63 68 98 51 37 14 
273-6-15 1?2.716 = 6 66 80 91 16 36 62 44 72 38 33 87 20 29 77 18 26 21 19 71 15 
273-7-8 1?2.432 = 7 66 80 91 97 54 74 65 27 69 75 70 49 85 94 8 
273-7-9 1?2.155 = 7 66 80 91 97 54 74 65 27 75 70 49 56 58 9 
273-7-10 1?2.006 = 7 66 80 91 97 54 74 65 27 75 70 49 56 58 10 
273-7-11 1?2.207 = 7 66 80 91 97 54 74 65 27 28 69 75 70 49 45 81 48 11 
273-7-12 1?2.607 = 7 66 80 91 97 99 64 22 54 74 65 27 28 69 75 70 86 52 89 12 
273-7-13 1?2.652 = 7 66 80 91 97 99 62 44 72 38 33 20 87 73 63 68 98 51 35 13 
273-7-14 1?2.612 = 7 66 80 91 16 36 62 44 72 38 33 87 20 29 73 63 98 68 37 14 
273-7-15 1?2.676 = 7 66 80 91 16 36 62 44 72 38 33 87 20 29 77 18 26 21 19 71 15 
273-8-9 1?2.028 = 8 61 84 74 65 27 28 69 75 70 49 85 56 58 9 
273-8-10 1?1.902 = 8 61 84 74 65 27 28 69 70 75 49 85 56 58 10 
273-8-11 1?2.122 = 8 61 84 74 65 27 28 69 75 70 49 85 56 55 45 81 48 11 
273-8-12 1?2.443 = 8 61 74 65 27 28 69 75 70 49 85 56 55 45 81 48 52 89 12 
273-8-13 1?2.566 = 8 94 85 49 70 75 69 27 28 92 60 47 34 93 98 37 51 35 13 
273-8-14 1?2.506 = 8 94 56 85 49 70 75 69 27 28 92 60 47 34 93 98 68 37 14 
273-8-15 1?2.711 = 8 94 56 85 49 70 75 69 27 28 92 60 47 34 93 98 68 30 15 
273-9-10 1?1.806 = 9 58 56 85 49 70 75 69 86 52 48 81 45 55 10 
273-9-11 1?1.817 = 9 58 55 56 85 49 70 75 69 57 52 86 81 48 11 
273-9-12 1?1.888 = 9 58 56 85 49 70 75 69 57 47 60 34 90 39 12 
273-9-13 1?2.076 = 9 58 55 56 85 49 70 75 69 28 92 60 47 34 88 90 13 
273-9-14 1?2.342 = 9 58 55 56 85 49 70 75 69 27 28 92 60 47 34 93 98 68 37 14 
273-9-15 1?2.367 = 9 58 56 85 49 70 75 69 28 92 60 47 34 93 98 68 30 15 
273-10-11 1?1.67 = 10 58 55 56 85 49 70 75 69 57 86 52 48 81 11 
273-10-12 1?1.765 = 10 58 55 56 85 49 75 70 45 81 48 86 52 89 12 
273-10-13 1?1.867 = 10 58 55 56 85 49 70 75 69 27 28 92 60 47 34 88 13 
273-10-14 1?2.013 = 10 58 56 85 49 70 75 69 28 92 60 47 34 93 98 68 37 14 
273-10-15 1?2.218 = 10 58 56 85 49 70 75 69 28 92 60 47 34 93 98 68 30 15 
273-11-12 1?1.651 = 11 48 81 45 55 58 56 49 70 75 69 86 52 89 12 
273-11-13 1?1.877 = 11 48 81 45 55 56 49 70 75 69 57 47 60 34 88 90 13 
273-11-14 1?1.939 = 11 48 81 45 55 56 49 70 75 69 57 47 60 93 98 37 14 
273-11-15 1?2.146 = 11 48 81 45 55 49 70 75 69 57 47 60 93 98 68 30 15 
273-12-13 1?1.906 = 12 89 52 86 70 75 69 27 28 92 60 47 34 88 90 13 
273-12-14 1?1.861 = 12 89 52 86 70 75 69 57 47 60 34 93 98 37 14 
273-12-15 1?2.051 = 12 39 90 88 34 47 60 92 43 93 98 51 37 68 30 15 
273-13-14 1?2.071 = 13 35 51 37 98 93 34 47 60 92 43 73 25 63 68 14 
273-13-15 1?2.033 = 13 35 51 37 68 98 93 34 47 60 92 43 63 25 30 15 
273-14-15 1?2.01 = 14 35 51 37 68 98 93 34 47 60 92 43 63 25 30 15 
stop
