start
279-0-1 1?2.017 = 0 25 19 98 44 60 34 93 42 49 45 68 52 17 87 1 
279-0-2 1?1.965 = 0 19 98 44 60 34 93 42 45 68 95 87 17 52 51 2 
279-0-3 1?2.121 = 0 19 98 44 60 34 42 45 68 95 87 17 52 51 78 3 
279-0-4 1?2.248 = 0 19 98 44 60 34 16 80 99 21 85 58 38 40 73 43 36 4 
279-0-5 1?2.402 = 0 25 49 45 68 95 87 17 52 51 78 73 43 40 38 58 22 92 5 
279-0-6 1?2.502 = 0 25 49 45 68 95 87 17 52 51 78 73 43 40 38 58 22 92 82 6 
279-0-7 1?2.599 = 0 25 19 98 44 60 93 34 16 80 99 24 20 77 61 57 72 90 37 7 
279-0-8 1?2.616 = 0 19 98 44 60 16 80 99 24 20 69 97 91 79 18 53 76 39 63 8 
279-0-9 1?2.516 = 0 19 98 44 60 34 16 80 99 24 20 69 86 97 91 79 18 53 76 39 9 
279-0-10 1?2.463 = 0 19 98 44 81 96 89 30 86 97 91 18 79 70 41 48 47 28 54 27 10 
279-0-11 1?2.528 = 0 25 49 93 34 16 80 99 24 20 69 59 89 30 88 56 46 64 11 
279-0-12 1?2.472 = 0 19 98 60 16 80 99 24 20 69 59 89 96 29 31 33 74 12 
279-0-13 1?2.133 = 0 25 49 45 42 93 34 60 44 81 65 50 62 83 71 13 
279-0-14 1?2.286 = 0 25 95 68 45 42 93 34 60 44 81 65 50 83 94 14 
279-0-15 1?2.364 = 0 25 49 45 68 95 87 17 52 42 34 93 60 44 98 19 15 
279-1-2 1?2.179 = 1 25 19 98 44 60 34 42 45 68 95 87 17 52 51 2 
279-1-3 1?2.304 = 1 95 68 45 42 34 16 80 99 21 85 40 36 43 73 3 
279-1-4 1?2.015 = 1 95 68 45 42 34 16 80 99 21 85 58 38 40 36 4 
279-1-5 1?2.369 = 1 87 95 68 45 42 93 34 16 80 99 21 85 40 38 58 22 92 5 
279-1-6 1?2.422 = 1 87 68 45 42 93 34 16 80 99 21 85 40 38 58 22 92 82 6 
279-1-7 1?2.392 = 1 87 95 68 45 42 93 34 16 80 99 24 20 77 61 57 72 90 37 7 
279-1-8 1?2.561 = 1 95 68 45 49 93 34 16 80 99 24 20 97 91 79 18 53 76 39 63 8 
279-1-9 1?2.415 = 1 87 95 68 45 42 34 16 80 99 24 20 69 97 91 79 18 53 76 39 9 
279-1-10 1?2.414 = 1 95 68 45 42 34 16 80 99 24 20 97 91 18 79 70 41 48 47 27 10 
279-1-11 1?2.521 = 1 95 68 45 49 93 34 16 80 99 24 20 69 59 89 30 88 56 46 64 11 
279-1-12 1?2.301 = 1 87 95 68 45 42 93 34 60 44 81 65 50 29 31 33 74 12 
279-1-13 1?2.306 = 1 87 17 52 68 45 42 93 34 60 44 81 65 50 62 83 71 13 
279-1-14 1?2.1 = 1 87 95 68 45 49 93 34 60 44 81 65 50 83 94 14 
279-1-15 1?2.209 = 1 87 17 52 68 45 49 42 93 34 60 81 44 98 19 15 
279-2-3 1?2.366 = 2 51 52 17 87 95 68 45 49 93 34 16 80 99 66 78 3 
279-2-4 1?2.173 = 2 17 52 42 34 16 80 99 21 85 58 38 40 36 4 
279-2-5 1?2.44 = 2 17 52 42 93 34 16 80 99 21 85 40 38 58 22 92 5 
279-2-6 1?2.586 = 2 52 17 87 95 68 45 42 93 34 16 80 99 21 85 58 22 92 82 6 
279-2-7 1?2.581 = 2 17 87 95 68 45 42 93 34 16 80 99 24 20 77 61 57 72 90 37 7 
279-2-8 1?2.564 = 2 52 42 34 16 80 99 24 20 97 91 79 18 53 76 39 63 8 
279-2-9 1?2.48 = 2 52 68 45 42 34 16 80 99 24 20 69 97 91 79 18 53 76 39 9 
279-2-10 1?2.495 = 2 52 42 34 16 80 99 24 20 69 97 91 18 79 70 41 48 47 27 10 
279-2-11 1?2.634 = 2 52 42 93 34 16 80 99 24 20 69 59 89 30 26 88 56 64 11 
279-2-12 1?2.565 = 2 51 52 17 87 95 68 45 42 93 34 60 44 65 50 29 31 33 74 12 
279-2-13 1?2.381 = 2 52 17 87 95 68 45 42 93 34 60 44 81 65 50 62 83 71 13 
279-2-14 1?2.391 = 2 51 52 17 87 95 68 45 42 34 60 44 65 50 62 83 94 14 
279-2-15 1?1.965 = 2 51 52 17 87 95 68 45 42 93 34 60 44 98 19 15 
279-3-4 1?2.355 = 3 51 52 17 87 95 68 45 42 66 85 58 38 40 36 4 
279-3-5 1?2.421 = 3 51 52 17 87 95 68 45 42 66 85 38 58 22 92 5 
279-3-6 1?2.31 = 3 51 52 78 73 43 36 40 38 58 22 92 32 82 6 
279-3-7 1?2.724 = 3 73 43 36 40 38 58 85 21 99 16 80 24 20 77 61 90 37 7 
279-3-8 1?2.581 = 3 73 43 40 38 58 85 21 24 20 97 91 79 18 53 76 39 63 8 
279-3-9 1?2.436 = 3 73 43 40 38 58 22 92 82 32 61 77 91 79 18 53 76 39 9 
279-3-10 1?2.466 = 3 73 43 40 38 58 85 21 24 20 97 91 18 79 70 41 48 47 27 10 
279-3-11 1?2.613 = 3 73 43 40 38 58 85 21 24 20 69 59 89 30 26 88 56 46 64 11 
279-3-12 1?2.663 = 3 73 43 36 40 38 58 85 21 24 20 69 59 89 96 29 31 33 74 12 
279-3-13 1?2.577 = 3 78 51 52 17 87 95 68 45 42 93 34 60 44 65 50 62 83 71 13 
279-3-14 1?2.59 = 3 78 51 52 17 87 95 68 45 49 93 34 60 44 65 50 83 94 14 
279-3-15 1?2.509 = 3 73 43 36 40 38 58 85 21 99 80 16 34 60 44 98 19 15 
279-4-5 1?2.331 = 4 36 43 40 38 58 85 21 61 77 57 72 90 32 92 5 
279-4-6 1?2.174 = 4 36 43 40 38 58 22 92 32 61 77 57 72 90 37 6 
279-4-7 1?1.979 = 4 36 43 40 38 58 22 92 32 61 77 57 72 90 37 7 
279-4-8 1?2.048 = 4 36 43 40 38 58 22 92 82 32 61 77 57 72 35 8 
279-4-9 1?2.239 = 4 36 43 73 40 38 58 85 21 24 20 69 97 91 18 53 76 39 9 
279-4-10 1?2.364 = 4 36 43 40 38 58 85 21 24 20 69 97 91 79 18 53 41 48 47 27 10 
279-4-11 1?2.483 = 4 36 43 73 40 38 58 85 21 24 20 69 59 89 30 26 88 56 46 64 11 
279-4-12 1?2.548 = 4 36 43 73 40 38 58 85 21 24 20 69 59 96 89 30 29 31 33 74 12 
279-4-13 1?2.408 = 4 36 43 73 40 38 58 85 21 24 20 69 59 89 96 50 62 71 13 
279-4-14 1?2.421 = 4 36 43 73 40 38 58 85 21 99 80 16 81 65 50 83 94 14 
279-4-15 1?2.381 = 4 36 43 73 40 38 58 85 21 99 80 16 34 93 60 44 98 19 15 
279-5-6 1?2.328 = 5 92 22 58 38 40 85 21 24 20 77 61 32 82 6 
279-5-7 1?2.204 = 5 36 43 40 38 58 22 92 32 61 77 57 72 90 37 7 
279-5-8 1?2.182 = 5 92 22 58 38 85 21 24 20 77 61 57 72 90 35 8 
279-5-9 1?2.138 = 5 92 22 58 38 85 21 24 20 97 91 18 53 76 39 9 
279-5-10 1?2.327 = 5 92 22 58 38 85 21 24 20 69 97 91 18 79 70 41 48 47 27 10 
279-5-11 1?2.487 = 5 92 22 58 38 40 85 21 24 20 69 59 89 30 88 56 46 64 11 
279-5-12 1?2.617 = 5 92 22 58 38 85 21 99 80 24 20 69 59 89 96 29 31 33 74 12 
279-5-13 1?2.57 = 5 92 22 58 38 85 21 24 20 69 59 89 96 29 31 33 74 67 13 
279-5-14 1?2.615 = 5 92 22 58 38 85 21 24 20 69 59 89 96 65 50 62 83 94 14 
279-5-15 1?2.601 = 5 92 22 58 38 40 43 73 85 21 99 80 16 34 60 44 98 19 15 
279-6-7 1?2.156 = 6 82 92 22 58 85 21 24 20 77 61 57 72 90 37 7 
279-6-8 1?2.098 = 6 82 32 61 77 91 18 79 70 41 48 28 54 76 39 63 8 
279-6-9 1?1.994 = 6 82 32 61 77 91 18 79 55 70 41 48 47 28 54 76 39 9 
279-6-10 1?2.167 = 6 82 32 90 72 57 61 77 91 79 18 53 41 70 47 48 54 28 27 10 
279-6-11 1?2.456 = 6 82 92 22 58 38 85 21 24 20 69 59 89 30 88 56 46 64 11 
279-6-12 1?2.401 = 6 82 92 22 58 85 21 24 20 69 59 89 96 29 31 33 74 12 
279-6-13 1?2.66 = 6 82 92 22 58 38 40 85 21 24 20 69 59 89 96 50 62 83 71 13 
279-6-14 1?2.656 = 6 82 92 22 58 38 85 21 24 20 69 59 89 96 65 50 83 94 14 
279-6-15 1?2.69 = 6 82 92 22 58 38 85 21 24 20 69 59 89 96 81 44 98 19 15 
279-7-8 1?1.914 = 7 37 90 72 57 61 77 91 79 18 53 41 48 76 39 63 8 
279-7-9 1?1.754 = 7 37 90 72 57 91 79 18 53 41 48 47 28 54 76 39 9 
279-7-10 1?2.139 = 7 37 90 72 57 61 77 91 18 53 79 70 41 48 47 28 54 27 75 10 
279-7-11 1?2.258 = 7 37 90 72 57 61 77 91 18 79 70 41 48 47 28 27 75 26 56 46 64 11 
279-7-12 1?2.308 = 7 37 90 72 57 77 91 79 18 53 41 70 55 26 88 29 31 33 74 12 
279-7-13 1?2.603 = 7 37 90 72 57 61 77 91 79 18 53 41 48 47 75 26 88 29 31 33 67 13 
279-7-14 1?2.709 = 7 37 90 72 57 61 77 91 18 79 41 70 55 26 88 29 31 33 62 83 94 14 
279-7-15 1?2.766 = 7 37 90 72 57 61 77 24 20 69 59 89 96 81 44 60 34 93 98 19 15 
279-8-9 1?1.711 = 8 35 53 18 79 55 70 41 48 47 75 27 28 54 76 39 9 
279-8-10 1?1.843 = 8 35 63 39 76 54 28 47 48 41 70 55 26 88 56 75 27 10 
279-8-11 1?1.857 = 8 63 39 76 53 18 79 70 41 48 47 28 27 75 56 46 64 11 
279-8-12 1?2.034 = 8 63 39 76 54 28 27 47 48 41 70 55 26 88 29 31 33 74 12 
279-8-13 1?2.346 = 8 63 39 76 54 28 47 48 41 70 55 26 56 88 29 31 33 74 67 71 13 
279-8-14 1?2.444 = 8 63 39 76 54 28 47 48 41 70 55 26 56 88 29 31 33 62 83 94 14 
279-8-15 1?2.615 = 8 63 39 76 54 28 47 48 41 70 55 26 88 29 31 33 62 83 94 84 15 
279-9-10 1?1.516 = 9 39 76 54 28 47 48 41 70 55 26 88 56 46 75 27 10 
279-9-11 1?1.512 = 9 39 76 54 28 47 48 41 70 55 26 88 56 46 64 23 11 
279-9-12 1?1.567 = 9 39 76 48 47 41 70 55 26 88 29 31 33 74 12 
279-9-13 1?2.003 = 9 39 76 54 28 47 48 41 70 55 26 88 29 31 33 74 67 71 13 
279-9-14 1?2.386 = 9 39 76 54 28 47 48 41 70 55 26 56 46 64 23 29 31 33 62 83 94 14 
279-9-15 1?2.44 = 9 39 76 53 18 79 91 97 69 20 24 99 80 16 34 60 44 98 19 15 
279-10-11 1?1.615 = 10 27 28 47 48 41 53 18 79 70 55 26 88 56 46 64 11 
279-10-12 1?1.584 = 10 27 54 28 47 48 41 70 55 26 88 29 31 33 74 12 
279-10-13 1?1.925 = 10 27 47 48 41 70 55 26 88 56 46 64 23 29 31 33 67 13 
279-10-14 1?2.179 = 10 27 47 48 41 70 55 26 56 46 64 23 29 31 33 62 83 94 14 
279-10-15 1?2.371 = 10 27 28 47 48 41 70 79 18 91 97 86 30 89 96 81 44 98 19 15 
279-11-12 1?1.744 = 11 64 46 75 47 48 41 70 55 26 88 29 31 33 74 12 
279-11-13 1?1.881 = 11 64 46 75 47 48 41 70 55 26 88 29 31 33 67 13 
279-11-14 1?2.185 = 11 23 64 46 56 26 88 29 31 33 74 67 71 62 83 94 14 
279-11-15 1?2.497 = 11 64 46 56 26 30 89 59 20 24 99 80 16 60 44 98 19 15 
279-12-13 1?2.092 = 12 74 33 31 29 30 59 89 96 65 50 62 83 71 13 
279-12-14 1?2.369 = 12 23 64 46 56 26 88 29 31 33 74 67 71 62 83 94 14 
279-12-15 1?2.359 = 12 74 33 31 29 30 89 96 81 44 60 34 93 98 19 15 
279-13-14 1?2.332 = 13 71 67 74 33 31 29 30 89 96 50 62 83 94 14 
279-13-15 1?2.306 = 13 67 74 33 31 29 50 65 44 60 34 93 98 19 15 
279-14-15 1?2.479 = 14 94 50 96 89 59 20 24 99 80 16 60 98 19 15 
stop
