start
491-0-2 1?1.93 = 0 90 45 72 67 88 95 27 56 64 93 75 54 89 38 2 
491-0-3 1?2.09 = 0 33 56 64 93 81 65 19 83 17 37 82 57 99 3 
491-0-4 1?2.428 = 0 91 64 56 81 93 75 65 19 83 17 37 82 57 99 76 98 4 
491-0-1 1?1.927 = 0 90 45 72 67 88 30 95 27 56 64 93 81 75 78 1 
491-0-8 1?2.732 = 0 91 64 56 93 81 65 83 17 59 97 69 16 25 32 44 84 61 8 
491-0-9 1?2.79 = 0 33 56 64 93 81 62 26 80 63 28 42 87 29 85 77 18 58 39 9 
491-0-7 1?2.569 = 0 33 56 64 93 81 65 83 17 59 97 69 16 25 32 48 44 84 46 7 
491-0-5 1?2.431 = 0 91 64 56 93 81 65 19 83 17 59 97 69 16 51 43 49 24 5 
491-0-6 1?2.472 = 0 33 56 64 93 81 65 19 83 17 59 97 69 16 51 25 70 22 6 
491-0-11 1?2.527 = 0 90 45 72 67 88 27 95 30 53 36 42 87 29 60 85 77 41 11 
491-0-10 1?2.622 = 0 91 64 56 93 81 62 26 80 63 28 42 87 29 85 77 41 74 10 
491-1-4 1?1.817 = 1 78 91 64 56 93 81 65 19 83 57 99 76 98 4 
491-0-14 1?1.892 = 0 33 56 64 93 81 96 27 95 30 88 67 72 45 47 14 
491-1-3 1?1.985 = 1 78 91 64 56 93 81 65 54 92 68 57 82 99 3 
491-1-2 1?1.799 = 1 78 91 64 56 93 81 65 83 19 68 92 38 89 2 
491-0-15 1?1.769 = 0 91 64 56 93 81 96 27 95 88 67 72 45 73 15 
491-0-12 1?2.302 = 0 91 64 93 81 62 26 80 63 28 42 87 29 77 85 21 71 12 
491-0-13 1?2.223 = 0 90 45 72 67 88 30 53 36 42 87 29 77 85 21 71 40 13 
491-1-5 1?2.185 = 1 78 91 64 56 93 81 65 83 17 59 97 69 16 51 43 24 5 
491-1-8 1?2.589 = 1 78 91 64 93 81 65 19 83 17 59 97 69 16 25 32 44 84 61 8 
491-1-6 1?2.279 = 1 78 91 64 56 93 81 65 19 83 17 59 97 69 16 25 70 22 6 
491-1-7 1?2.362 = 1 78 91 64 56 93 81 65 83 17 59 97 69 16 25 32 44 84 7 
491-1-15 1?1.522 = 1 78 91 64 93 81 56 27 95 88 67 72 45 73 15 
491-2-5 1?1.943 = 2 89 38 92 68 83 17 59 97 69 16 51 43 49 24 5 
491-2-4 1?1.981 = 2 38 89 54 75 64 93 81 65 19 83 57 99 76 98 4 
491-2-3 1?1.968 = 2 89 38 92 54 75 93 64 56 81 65 19 68 57 99 3 
491-1-13 1?2.169 = 1 78 91 64 93 81 62 26 80 63 28 42 87 29 60 55 13 
491-2-6 1?2.296 = 2 38 89 54 75 93 81 65 19 83 17 59 97 69 16 25 70 22 6 
491-1-9 1?2.576 = 1 78 91 64 56 93 81 62 26 63 80 20 79 52 66 18 58 39 9 
491-1-14 1?1.685 = 1 78 91 64 93 81 56 27 95 30 88 67 72 45 47 14 
491-1-11 1?2.379 = 1 78 91 64 93 81 62 26 80 63 28 42 87 29 85 77 41 11 
491-1-12 1?2.212 = 1 78 91 64 93 81 62 26 80 63 28 42 87 29 77 85 21 71 12 
491-1-10 1?2.528 = 1 78 91 64 93 81 62 26 80 63 28 42 87 29 60 85 77 41 74 10 
491-2-15 1?1.627 = 2 38 89 54 75 93 64 56 27 95 88 67 72 45 73 15 
491-3-4 1?2.021 = 3 99 57 82 17 59 97 69 16 51 43 24 50 98 76 4 
491-3-5 1?2.032 = 3 99 82 57 68 19 83 17 37 97 69 16 51 43 24 5 
491-2-13 1?2.4 = 2 38 92 54 75 93 81 62 26 80 63 28 42 87 29 77 85 55 13 
491-2-8 1?2.535 = 2 89 38 92 68 19 83 17 59 97 69 16 51 25 32 48 44 84 61 8 
491-2-9 1?2.554 = 2 89 38 92 54 75 93 81 62 26 80 20 79 52 66 18 58 39 9 
491-2-7 1?2.329 = 2 89 38 92 68 19 83 17 59 97 69 16 51 25 32 48 44 84 46 7 
491-2-14 1?2.132 = 2 89 38 92 54 75 81 93 64 56 27 95 30 88 67 72 45 73 47 14 
491-2-12 1?2.395 = 2 89 38 92 54 75 93 81 62 26 80 63 28 42 87 29 77 85 21 71 12 
491-2-11 1?2.645 = 2 89 38 92 54 75 93 81 62 26 80 63 28 35 42 87 60 85 77 41 11 
491-2-10 1?2.615 = 2 89 38 92 54 75 93 81 62 26 80 63 28 42 87 29 85 77 41 74 10 
491-3-15 1?2.153 = 3 99 57 68 19 65 81 93 64 56 27 95 30 88 67 72 45 73 15 
491-4-5 1?1.889 = 4 98 76 99 57 82 83 17 59 97 69 16 51 43 24 5 
491-3-6 1?2.226 = 3 99 82 57 68 19 83 17 59 97 69 16 51 43 24 49 22 6 
491-3-13 1?2.522 = 3 99 57 82 17 59 26 80 63 28 42 87 29 77 85 21 71 40 13 
491-3-8 1?2.669 = 3 99 57 82 83 17 59 97 69 16 51 22 70 25 32 44 48 84 61 8 
491-3-7 1?2.463 = 3 99 57 82 83 17 59 97 69 16 51 22 70 25 32 44 48 84 46 7 
491-3-9 1?2.804 = 3 99 57 82 17 59 26 80 63 28 42 87 29 85 77 18 58 39 9 
491-3-10 1?2.679 = 3 99 57 82 17 59 26 80 63 28 35 42 87 60 85 77 41 74 10 
491-3-14 1?2.444 = 3 99 57 82 17 59 26 80 63 28 35 96 27 95 30 88 67 72 45 47 14 
491-3-11 1?2.79 = 3 99 57 82 37 97 59 26 80 63 28 42 87 29 60 85 77 41 11 
491-3-12 1?2.645 = 3 99 57 82 17 83 62 26 80 63 28 35 36 42 87 29 77 85 21 71 12 
491-5-6 1?2.186 = 5 24 43 37 17 59 97 69 16 25 32 48 44 70 22 6 
491-4-15 1?2.235 = 4 98 76 82 57 68 19 65 81 93 64 56 27 95 88 67 72 45 73 15 
491-4-6 1?2.115 = 4 98 76 99 57 82 37 17 59 97 69 16 51 25 70 22 6 
491-4-13 1?2.547 = 4 76 98 37 97 59 26 80 63 28 42 87 29 77 85 21 71 40 13 
491-4-7 1?2.229 = 4 98 76 99 57 82 17 59 97 69 16 51 25 32 48 44 84 46 7 
491-4-8 1?2.565 = 4 98 76 82 57 68 19 83 17 59 97 69 16 51 25 32 44 84 61 8 
491-4-9 1?2.764 = 4 98 76 99 57 82 17 59 26 80 63 28 20 52 66 18 58 39 9 
491-4-10 1?2.645 = 4 98 76 82 57 83 62 26 80 63 28 42 87 29 85 77 41 74 10 
491-4-14 1?2.393 = 4 98 76 82 57 83 19 65 81 93 64 56 27 95 88 67 72 45 47 14 
491-4-11 1?2.73 = 4 98 76 99 57 82 17 83 26 80 63 28 42 87 29 85 77 41 11 
491-4-12 1?2.591 = 4 98 76 99 57 82 17 59 26 80 63 28 35 42 87 29 77 85 21 71 12 
491-6-7 1?2.109 = 6 22 49 24 43 51 37 97 69 16 25 32 44 84 46 7 
491-5-7 1?2.034 = 5 24 43 37 17 59 97 69 16 25 32 48 44 84 46 7 
491-6-8 1?2.217 = 6 70 22 49 24 43 51 16 69 34 25 32 44 48 84 61 8 
491-5-15 1?2.226 = 5 24 43 51 16 69 97 59 26 80 63 28 35 53 30 88 67 72 45 73 15 
491-5-8 1?2.604 = 5 24 43 37 17 59 97 69 16 51 22 70 25 32 48 44 84 61 8 
491-5-9 1?2.59 = 5 24 43 51 16 69 97 59 26 80 20 79 52 66 18 58 39 9 
491-5-13 1?2.577 = 5 24 43 51 16 69 97 59 26 80 63 28 42 87 29 77 85 21 71 40 13 
491-5-10 1?2.515 = 5 24 43 51 16 69 97 59 26 80 20 52 66 18 58 41 74 10 
491-5-11 1?2.668 = 5 24 43 51 16 69 97 59 26 80 63 28 35 42 87 29 85 77 41 11 
491-5-12 1?2.501 = 5 24 43 51 16 69 97 59 26 80 63 28 35 42 87 29 77 85 21 71 12 
491-5-14 1?2.425 = 5 24 43 51 16 69 97 59 26 80 63 28 35 96 27 95 30 88 67 72 47 14 
491-7-8 1?2.345 = 7 46 84 44 32 25 70 22 49 51 16 69 34 86 48 61 8 
491-6-9 1?2.455 = 6 22 49 24 43 51 16 69 97 79 52 66 18 58 39 9 
491-7-9 1?2.413 = 7 84 44 32 25 51 16 69 34 79 52 66 18 58 39 9 
491-6-15 1?2.366 = 6 22 70 25 16 69 97 59 26 80 63 28 35 96 27 88 67 72 45 73 15 
491-7-10 1?2.26 = 7 46 84 44 32 25 16 69 34 79 52 66 18 58 74 10 
491-6-13 1?2.533 = 6 22 70 25 16 69 97 59 26 80 63 28 42 87 29 77 85 55 13 
491-7-11 1?2.532 = 7 46 84 44 32 25 51 16 69 97 79 52 66 18 58 41 11 
491-6-10 1?2.513 = 6 22 70 25 16 69 97 59 26 80 20 79 52 66 58 74 10 
491-6-11 1?2.576 = 6 22 70 25 16 69 97 59 26 80 63 28 42 87 29 77 41 11 
491-6-12 1?2.478 = 6 22 70 25 16 69 97 59 26 80 63 28 42 87 29 77 85 21 71 12 
491-6-14 1?2.384 = 6 22 70 25 16 69 97 59 26 80 63 28 35 53 30 88 67 72 45 47 14 
491-8-9 1?2.62 = 8 61 84 44 32 25 16 69 97 79 52 66 18 58 39 9 
491-8-15 1?2.576 = 8 61 94 79 66 52 20 80 63 28 35 96 27 95 30 88 67 72 45 73 15 
491-8-10 1?2.503 = 8 61 94 79 66 52 42 87 29 60 85 77 41 74 10 
491-7-15 1?2.403 = 7 84 44 32 25 16 69 97 59 26 80 63 28 35 53 30 88 67 72 45 73 15 
491-8-13 1?2.762 = 8 61 84 44 32 25 16 69 97 59 26 80 63 28 42 87 60 55 13 
491-7-13 1?2.614 = 7 84 44 32 25 16 69 97 59 26 63 28 42 87 29 77 85 55 13 
491-8-11 1?2.678 = 8 61 84 44 48 32 25 16 69 97 79 52 66 18 58 41 11 
491-8-12 1?2.55 = 8 61 94 58 18 66 52 79 20 42 87 29 77 85 21 71 12 
491-7-12 1?2.431 = 7 46 84 44 48 86 79 66 52 42 87 29 60 85 77 21 71 12 
491-7-14 1?2.44 = 7 84 44 32 25 16 69 97 59 26 80 63 28 35 53 30 88 67 72 47 14 
491-8-14 1?2.633 = 8 61 94 58 18 77 85 29 87 42 36 53 95 27 88 67 72 45 47 14 
491-9-13 1?2.593 = 9 39 58 18 66 52 20 80 63 28 42 87 29 85 21 71 40 13 
491-10-13 1?2.479 = 10 74 41 77 85 60 29 87 42 36 53 30 88 67 72 45 47 13 
491-9-11 1?2.604 = 9 39 58 18 66 52 20 80 63 28 42 87 29 77 41 11 
491-10-11 1?2.454 = 10 39 58 18 66 52 79 20 42 87 29 85 77 41 11 
491-9-10 1?2.495 = 9 39 58 18 66 52 42 36 87 29 60 85 77 41 74 10 
491-10-12 1?2.225 = 10 74 41 58 18 66 52 42 87 60 29 77 85 21 71 12 
491-9-12 1?2.296 = 9 39 58 18 66 52 42 87 36 60 29 77 85 21 71 12 
491-10-15 1?2.421 = 10 74 41 58 18 77 85 60 29 87 42 36 53 95 27 88 67 72 45 73 15 
491-9-15 1?2.578 = 9 39 58 18 66 52 20 80 26 63 28 35 96 27 95 30 88 67 72 45 73 15 
491-10-14 1?2.361 = 10 74 41 58 18 77 85 29 87 36 53 95 27 88 67 72 45 47 14 
491-9-14 1?2.504 = 9 39 58 18 77 85 60 29 87 42 36 53 95 27 88 67 72 45 47 14 
491-13-15 1?1.845 = 13 40 71 21 85 77 29 87 36 53 30 88 67 72 45 73 15 
491-12-15 1?1.749 = 12 71 21 77 85 60 87 36 53 30 88 67 72 45 73 15 
491-14-15 1?1.986 = 14 47 72 67 88 95 27 56 81 93 64 33 90 45 73 15 
491-11-13 1?2.317 = 11 41 18 58 66 52 42 36 87 29 77 85 21 71 40 13 
491-12-13 1?2.163 = 12 71 21 85 77 29 87 42 36 53 30 88 67 72 45 47 13 
491-11-15 1?2.132 = 11 41 77 85 60 29 87 42 36 53 95 27 88 67 72 45 73 15 
491-11-12 1?2.264 = 11 41 18 58 66 52 20 42 87 60 85 77 21 71 12 
491-13-14 1?1.956 = 13 40 71 21 85 77 29 87 36 53 30 88 67 72 45 47 14 
491-12-14 1?1.885 = 12 71 21 85 77 29 87 42 36 53 30 88 67 72 45 47 14 
491-11-14 1?2.072 = 11 41 77 85 29 87 36 53 95 27 88 67 72 45 47 14 
stop
