start
834-0-2 1?1.904 = 0 80 65 20 75 18 34 46 68 67 29 61 70 52 99 2 
834-0-3 1?1.939 = 0 80 65 75 34 46 39 94 42 50 59 43 72 91 47 3 
834-0-1 1?2.048 = 0 80 65 20 75 34 46 68 67 29 61 70 52 99 93 1 
834-0-4 1?2.26 = 0 80 65 88 51 29 67 68 46 34 39 94 42 50 59 43 72 90 4 
834-0-6 1?2.299 = 0 88 51 29 61 67 68 46 34 39 94 42 50 59 97 24 78 53 95 44 6 
834-0-9 1?2.608 = 0 80 65 20 18 34 68 46 39 94 30 21 23 96 85 62 48 36 54 9 
834-0-5 1?2.45 = 0 80 65 88 51 29 61 67 46 34 39 94 42 50 59 43 72 90 92 5 
834-0-8 1?2.421 = 0 88 51 29 67 46 39 30 21 22 82 64 63 66 27 41 17 31 28 8 
834-0-11 1?2.464 = 0 80 65 20 18 34 68 46 39 94 30 21 96 85 33 57 76 11 
834-0-10 1?2.415 = 0 88 51 29 67 46 34 39 94 30 21 96 85 62 36 48 81 32 10 
834-0-7 1?2.414 = 0 88 51 29 67 68 46 34 39 94 30 21 22 82 64 63 66 27 40 45 87 7 
834-0-12 1?2.182 = 0 80 65 20 18 30 21 96 85 33 57 76 77 55 12 
834-0-13 1?2.019 = 0 88 51 29 61 67 68 46 34 18 37 83 16 49 79 13 
834-1-2 1?1.922 = 1 88 51 29 61 67 46 34 39 94 42 60 52 70 99 2 
834-0-15 1?2.269 = 0 80 65 20 75 68 46 34 18 37 83 71 49 16 25 15 
834-1-3 1?1.878 = 1 88 51 29 67 68 46 39 94 42 50 59 43 72 91 47 3 
834-0-14 1?2.125 = 0 80 65 88 51 29 67 46 34 18 37 83 71 49 16 14 
834-1-5 1?2.117 = 1 88 51 29 67 68 46 34 39 94 42 50 59 43 72 90 92 5 
834-1-4 1?2.069 = 1 88 51 29 61 67 68 46 34 39 94 42 50 59 43 72 91 4 
834-1-8 1?2.408 = 1 88 51 29 67 46 39 94 30 21 22 82 64 63 66 27 41 17 31 28 8 
834-1-6 1?2.232 = 1 88 51 29 61 67 68 46 34 39 94 42 50 59 97 24 78 53 95 44 6 
834-1-7 1?2.295 = 1 88 51 29 67 68 46 34 39 94 42 50 97 82 64 63 66 27 40 45 87 7 
834-2-6 1?1.997 = 2 99 70 52 60 39 94 42 50 59 97 24 78 53 95 44 6 
834-1-12 1?2.279 = 1 88 51 29 67 46 39 94 30 21 96 85 33 57 76 77 55 12 
834-2-4 1?1.977 = 2 93 61 67 68 46 34 39 94 42 50 43 72 90 4 
834-2-5 1?2.014 = 2 93 61 67 68 46 34 39 94 42 50 59 73 26 89 5 
834-2-3 1?1.93 = 2 93 61 67 68 46 34 39 94 42 50 43 72 91 47 3 
834-1-13 1?2.362 = 1 88 51 29 61 67 68 46 34 18 20 75 65 80 25 16 49 79 13 
834-1-10 1?2.348 = 1 88 51 29 67 46 34 39 94 30 21 96 85 62 36 48 81 32 10 
834-1-9 1?2.537 = 1 88 51 29 61 67 46 34 39 94 30 21 23 96 85 62 48 36 54 9 
834-1-14 1?2.118 = 1 88 51 29 61 67 68 46 34 75 18 37 83 71 49 14 
834-1-15 1?2.134 = 1 93 99 70 61 29 67 68 46 34 18 20 75 65 80 15 
834-1-11 1?2.427 = 1 88 51 29 61 67 68 46 34 39 94 30 21 96 85 33 57 76 11 
834-3-4 1?2.182 = 3 47 91 72 43 59 50 42 39 94 97 24 73 26 90 4 
834-3-5 1?2.157 = 3 47 91 72 43 59 97 82 64 63 66 27 78 53 58 89 5 
834-2-12 1?2.348 = 2 99 70 52 60 42 94 39 30 21 23 96 85 33 57 76 77 55 12 
834-2-13 1?2.48 = 2 93 51 88 29 61 67 46 34 68 75 20 18 37 83 71 16 49 79 13 
834-2-8 1?2.367 = 2 99 70 52 60 42 94 39 30 21 22 82 63 66 27 41 17 31 28 8 
834-2-9 1?2.677 = 2 93 61 29 67 68 46 34 39 94 30 21 96 85 23 19 62 48 36 54 9 
834-2-7 1?2.341 = 2 99 70 52 60 42 94 39 30 21 22 82 64 63 66 27 41 40 45 87 7 
834-2-14 1?2.445 = 2 93 51 88 29 61 67 46 34 68 75 20 18 37 83 71 49 16 14 
834-2-10 1?2.619 = 2 93 61 29 67 68 46 34 39 94 30 21 22 56 69 86 36 48 81 32 10 
834-2-15 1?2.279 = 2 93 99 70 61 51 88 29 67 68 46 34 18 20 75 65 80 15 
834-2-11 1?2.648 = 2 93 61 29 67 68 46 34 39 94 30 21 96 85 33 57 76 77 55 11 
834-3-6 1?1.949 = 3 47 91 72 43 59 97 82 64 63 66 27 78 53 95 44 6 
834-4-5 1?2.232 = 4 90 26 73 24 63 64 66 27 41 40 53 78 58 89 5 
834-3-13 1?2.449 = 3 47 91 72 43 59 50 42 94 39 46 68 34 18 37 83 16 49 79 13 
834-3-12 1?2.432 = 3 47 91 72 43 59 50 42 94 39 30 21 23 96 85 33 57 76 77 55 12 
834-3-7 1?2.201 = 3 47 91 72 43 50 42 94 30 21 22 82 64 63 66 27 40 45 87 7 
834-3-8 1?2.361 = 3 47 91 72 43 50 42 94 30 21 22 82 64 63 66 27 41 17 31 28 8 
834-3-9 1?2.648 = 3 47 91 72 43 50 42 94 39 30 21 22 23 96 85 33 62 48 36 54 9 
834-3-10 1?2.473 = 3 47 91 72 43 59 50 42 94 39 30 21 22 56 69 86 36 48 81 32 10 
834-3-14 1?2.405 = 3 47 91 72 43 59 50 42 94 39 46 68 34 18 37 83 16 49 14 
834-3-15 1?2.244 = 3 47 91 72 43 59 50 42 94 39 46 68 34 18 20 75 65 80 15 
834-3-11 1?2.585 = 3 47 91 72 43 59 50 42 94 39 30 21 23 96 85 33 57 76 77 55 11 
834-4-6 1?2.016 = 4 90 26 73 24 63 64 66 27 41 40 78 53 95 44 6 
834-5-6 1?2.028 = 5 89 26 73 24 63 64 66 27 41 17 40 53 95 44 6 
834-4-9 1?2.474 = 4 90 72 43 59 50 42 94 39 30 21 23 96 85 62 36 54 9 
834-4-7 1?2.138 = 4 47 91 72 43 59 97 82 64 63 66 27 40 41 17 45 87 7 
834-4-12 1?2.461 = 4 91 72 43 59 50 42 94 39 30 21 23 96 85 33 57 76 77 55 12 
834-4-8 1?2.304 = 4 90 26 73 24 97 82 64 63 66 27 40 41 17 31 35 28 74 8 
834-4-10 1?2.467 = 4 91 72 43 59 50 42 94 39 30 21 23 96 85 62 48 36 81 32 10 
834-4-13 1?2.689 = 4 90 72 43 59 50 42 94 39 30 21 96 85 33 57 76 77 84 79 13 
834-4-14 1?2.6 = 4 47 91 72 43 59 50 42 94 39 46 68 34 18 37 83 71 49 16 14 
834-4-15 1?2.411 = 4 90 72 43 59 50 42 94 39 34 46 67 61 29 51 88 65 80 15 
834-4-11 1?2.632 = 4 90 72 43 59 50 42 94 39 30 21 23 96 85 33 57 76 77 55 11 
834-5-7 1?1.953 = 5 92 90 26 73 24 63 64 66 27 40 41 17 45 87 7 
834-6-7 1?1.762 = 6 44 95 53 58 78 24 63 66 27 40 41 17 45 87 7 
834-5-8 1?1.947 = 5 89 26 73 24 63 64 66 27 40 41 17 31 35 28 74 8 
834-6-8 1?1.74 = 6 44 95 53 78 24 63 64 66 27 41 17 31 35 28 74 8 
834-5-9 1?2.446 = 5 89 58 53 78 27 66 63 64 56 69 86 36 62 48 81 32 54 9 
834-5-13 1?2.695 = 5 89 58 53 78 27 66 63 64 56 19 23 96 85 33 57 76 77 84 79 13 
834-5-10 1?2.349 = 5 89 58 78 53 95 40 27 66 63 64 56 69 86 36 62 48 81 32 10 
834-5-12 1?2.55 = 5 89 58 53 78 27 66 63 64 56 69 86 36 48 62 85 33 57 76 77 55 12 
834-5-11 1?2.555 = 5 89 58 53 78 27 66 63 64 56 19 23 96 85 33 57 76 77 55 11 
834-5-14 1?2.723 = 5 89 26 73 24 97 59 50 42 94 39 46 34 18 37 83 71 49 16 14 
834-5-15 1?2.549 = 5 89 26 73 43 59 50 42 94 39 34 46 68 67 61 29 51 88 65 80 15 
834-7-8 1?1.933 = 7 87 45 17 41 27 66 63 64 56 69 86 35 31 28 74 8 
834-7-10 1?1.769 = 7 87 45 40 27 66 63 64 56 69 86 36 62 48 81 32 10 
834-7-9 1?1.938 = 7 87 17 31 41 27 66 63 64 56 69 86 62 48 36 54 9 
834-6-9 1?2.238 = 6 44 95 53 78 27 66 63 64 56 69 86 36 62 48 81 32 54 9 
834-6-10 1?2.067 = 6 44 95 53 78 40 27 66 63 64 56 69 86 36 62 48 81 32 10 
834-7-11 1?2.1 = 7 87 17 41 27 66 63 64 56 69 86 36 48 62 33 57 76 11 
834-6-11 1?2.294 = 6 44 95 53 78 27 66 63 64 56 69 86 36 48 62 85 33 57 76 11 
834-6-13 1?2.617 = 6 44 95 53 78 27 66 63 64 56 69 86 36 62 85 33 57 76 77 84 79 13 
834-6-12 1?2.491 = 6 44 95 53 78 27 66 63 64 56 69 86 36 48 62 85 33 57 76 77 84 55 12 
834-6-15 1?2.625 = 6 44 95 53 78 27 66 63 82 22 21 30 94 39 46 34 18 20 65 80 15 
834-6-14 1?2.675 = 6 44 95 53 78 24 97 59 50 42 94 39 46 68 34 18 37 83 71 49 16 14 
834-8-9 1?1.915 = 8 28 31 17 41 40 27 66 63 64 56 69 86 36 54 9 
834-8-10 1?1.809 = 8 28 31 17 41 27 66 63 64 56 69 86 36 81 32 10 
834-8-12 1?2.131 = 8 28 35 31 17 41 27 66 63 64 56 19 85 33 57 76 77 55 12 
834-7-12 1?2.122 = 7 87 45 40 27 66 63 64 56 69 86 36 48 62 33 57 76 77 55 12 
834-8-13 1?2.337 = 8 28 35 31 17 41 27 66 63 64 56 19 85 33 57 76 77 84 13 
834-7-13 1?2.328 = 7 87 45 40 27 66 63 64 56 69 86 36 48 62 33 57 76 77 84 13 
834-8-11 1?2.107 = 8 28 31 17 41 40 27 66 63 64 56 69 86 36 48 62 38 11 
834-8-14 1?2.472 = 8 28 31 17 41 27 66 63 64 56 19 23 96 85 33 98 71 49 16 14 
834-7-14 1?2.439 = 7 87 17 41 27 66 63 64 56 69 86 36 48 62 85 33 98 71 49 14 
834-8-15 1?2.492 = 8 28 31 17 41 27 66 63 64 82 22 21 30 39 34 75 65 80 15 
834-7-15 1?2.488 = 7 87 45 40 27 66 63 64 82 22 21 30 94 39 46 34 75 20 65 80 15 
834-9-12 1?1.962 = 9 54 36 48 62 19 23 96 85 33 98 57 76 77 55 12 
834-10-12 1?1.862 = 10 32 81 48 36 62 19 23 96 85 33 57 76 77 55 12 
834-10-13 1?2.068 = 10 32 81 48 36 62 19 23 96 85 33 57 76 77 84 13 
834-9-10 1?2.148 = 9 74 28 31 17 41 27 66 64 56 69 86 36 81 32 10 
834-9-11 1?2.115 = 9 54 36 48 62 19 23 96 85 33 98 57 76 77 55 11 
834-9-13 1?2.481 = 9 54 32 81 48 36 62 19 23 96 85 33 57 76 77 84 79 13 
834-10-11 1?1.999 = 10 32 81 36 62 19 23 96 85 33 57 76 77 55 11 
834-10-14 1?2.523 = 10 32 81 48 36 62 19 23 96 85 33 57 76 77 84 71 49 16 14 
834-9-14 1?2.732 = 9 54 36 48 62 19 23 96 85 33 57 76 77 55 84 71 16 49 14 
834-10-15 1?2.465 = 10 32 81 48 36 62 85 96 21 30 39 34 46 68 75 65 80 15 
834-9-15 1?2.613 = 9 54 36 48 62 85 96 21 30 94 39 46 68 34 18 20 65 80 15 
834-11-12 1?2.088 = 11 32 81 48 36 62 19 23 96 85 33 57 76 77 55 12 
834-11-13 1?2.261 = 11 38 48 36 62 19 23 96 85 33 57 76 77 84 79 13 
834-12-13 1?2.113 = 12 55 77 76 57 33 85 23 96 37 83 71 49 79 13 
834-13-14 1?2.348 = 13 79 49 16 83 37 18 34 46 68 75 20 65 80 25 14 
834-11-14 1?2.36 = 11 55 77 76 57 98 33 85 23 96 37 83 71 49 16 14 
834-12-14 1?2.207 = 12 55 77 76 57 98 33 85 23 96 37 83 71 49 16 14 
834-14-15 1?2.169 = 14 49 16 83 37 18 34 46 68 67 29 51 88 65 80 15 
834-13-15 1?2.118 = 13 79 49 16 71 83 37 18 34 46 68 75 20 65 80 15 
834-12-15 1?2.27 = 12 55 77 76 57 33 85 96 21 30 18 20 65 80 15 
834-11-15 1?2.524 = 11 76 57 33 85 96 21 30 94 39 34 46 68 75 20 65 80 15 
stop
