start
672-0-2 1?1.829 = 0 46 28 49 26 56 60 70 91 54 23 25 92 58 90 2 
672-0-1 1?1.857 = 0 79 51 55 61 40 94 36 32 87 20 56 26 76 39 1 
672-0-4 1?2.377 = 0 79 46 28 49 26 85 18 71 90 58 92 25 23 54 78 34 4 
672-0-9 1?2.545 = 0 79 46 28 32 87 20 97 38 16 47 83 74 30 21 35 67 57 81 22 37 9 
672-0-3 1?1.974 = 0 79 28 46 49 26 56 85 18 71 90 58 92 25 77 3 
672-0-8 1?2.639 = 0 79 51 55 94 36 32 87 20 97 38 16 47 83 74 30 44 73 41 93 8 
672-0-6 1?2.396 = 0 79 46 28 49 26 56 60 70 91 31 29 69 63 48 27 89 43 64 6 
672-0-11 1?2.485 = 0 46 28 79 51 55 61 40 94 36 87 20 97 38 16 47 24 68 66 11 
672-0-10 1?2.57 = 0 79 51 55 61 40 94 36 32 20 97 38 16 47 24 68 33 59 84 10 
672-0-5 1?2.4 = 0 79 46 28 49 26 85 18 71 58 92 25 23 54 78 88 75 99 5 
672-0-7 1?2.659 = 0 79 46 28 49 26 56 60 70 91 31 29 69 63 48 72 27 89 42 50 65 7 
672-0-15 1?1.856 = 0 79 46 28 32 87 20 97 38 16 47 98 94 40 61 15 
672-0-14 1?1.872 = 0 79 51 55 61 40 94 36 87 20 97 38 16 98 52 14 
672-1-2 1?1.849 = 1 39 76 26 56 60 70 91 54 23 25 92 58 71 90 2 
672-1-3 1?2.004 = 1 39 76 26 56 60 70 91 54 23 25 71 90 58 92 3 
672-0-13 1?2.071 = 0 79 51 55 61 40 94 36 32 87 20 97 38 16 98 52 86 13 
672-1-5 1?2.288 = 1 82 39 76 26 85 18 71 58 92 25 23 54 78 88 75 99 5 
672-1-8 1?2.754 = 1 39 82 90 58 92 25 23 54 91 70 60 53 69 95 42 50 62 19 8 
672-0-12 1?2.22 = 0 79 51 55 61 40 94 36 32 87 20 97 38 16 47 24 68 66 12 
672-1-4 1?2.418 = 1 82 39 76 26 85 18 71 90 58 92 25 23 54 78 88 34 4 
672-1-6 1?2.487 = 1 82 39 76 49 26 56 60 70 91 31 29 69 63 48 72 27 89 43 64 6 
672-1-7 1?2.695 = 1 39 82 90 58 92 25 23 54 78 88 48 27 89 42 50 62 19 65 7 
672-1-15 1?1.842 = 1 39 76 26 49 32 87 20 97 38 36 94 55 40 61 15 
672-1-14 1?2.268 = 1 39 46 79 51 55 61 40 94 36 87 20 97 38 16 98 52 14 
672-2-5 1?1.965 = 2 90 58 92 25 23 54 91 70 60 31 88 75 99 5 
672-2-3 1?2.016 = 2 90 58 92 71 18 85 26 56 60 70 91 54 23 25 3 
672-1-11 1?2.566 = 1 39 46 28 79 51 55 94 36 87 20 97 38 16 47 24 68 66 11 
672-1-10 1?2.7 = 1 82 39 76 26 49 32 87 20 97 38 16 47 83 74 30 21 35 57 81 10 
672-2-4 1?2.124 = 2 58 92 25 23 54 91 70 60 53 29 63 48 88 34 4 
672-1-9 1?2.593 = 1 39 76 26 49 32 87 20 97 38 16 47 83 74 30 21 35 57 81 22 37 9 
672-1-13 1?2.339 = 1 82 39 46 28 79 51 55 94 36 32 87 20 97 38 16 47 80 86 13 
672-2-6 1?2.286 = 2 58 92 25 23 54 91 70 60 53 29 69 63 48 27 89 43 64 6 
672-1-12 1?2.527 = 1 82 39 46 28 79 51 55 94 36 87 20 97 38 16 47 24 68 66 12 
672-3-5 1?2.1 = 3 25 23 54 91 70 60 53 29 63 48 72 88 75 99 5 
672-2-14 1?2.204 = 2 58 92 25 23 54 91 70 60 17 38 97 20 87 36 94 98 52 14 
672-2-15 1?1.987 = 2 58 92 25 23 54 91 70 60 17 20 87 32 36 94 40 61 15 
672-2-11 1?2.533 = 2 90 58 92 25 23 54 91 70 60 17 97 38 16 47 24 68 66 11 
672-3-4 1?2.299 = 3 58 92 25 23 54 91 70 60 53 29 63 48 88 34 4 
672-2-8 1?2.598 = 2 90 58 92 25 23 54 91 70 60 53 29 63 27 89 42 50 62 19 8 
672-2-9 1?2.529 = 2 58 92 25 23 54 91 70 60 17 96 83 74 30 21 35 57 81 22 37 9 
672-2-10 1?2.753 = 2 90 58 92 25 23 54 91 70 60 17 96 83 74 30 21 35 57 81 22 10 
672-2-13 1?2.345 = 2 58 92 25 23 54 91 70 60 17 97 20 87 32 36 94 98 52 86 13 
672-2-12 1?2.541 = 2 90 71 58 92 25 23 54 91 70 60 17 97 38 16 47 24 68 66 12 
672-2-7 1?2.458 = 2 90 58 92 25 23 54 91 70 60 53 69 95 42 50 62 19 65 7 
672-4-5 1?2.307 = 4 77 25 92 58 90 71 18 23 54 78 34 88 75 99 5 
672-3-14 1?2.295 = 3 92 25 23 54 91 70 60 17 38 97 20 32 87 36 94 98 52 14 
672-3-11 1?2.738 = 3 25 92 58 71 18 54 91 70 60 17 97 38 16 47 24 68 66 11 
672-3-15 1?2.095 = 3 25 23 54 91 70 60 17 38 97 20 87 32 36 94 55 40 61 15 
672-3-10 1?2.789 = 3 25 23 54 91 70 60 17 97 38 16 47 83 74 30 21 35 57 22 81 10 
672-3-8 1?2.626 = 3 25 23 54 91 70 60 53 29 69 63 48 72 27 89 42 50 62 19 8 
672-3-9 1?2.618 = 3 25 23 54 91 70 60 17 97 38 16 47 83 74 21 35 57 22 37 9 
672-3-6 1?2.27 = 3 25 23 54 91 70 60 53 29 69 63 48 72 27 89 43 64 6 
672-3-7 1?2.361 = 3 25 23 54 91 70 60 53 29 69 63 48 27 89 42 50 65 7 
672-3-13 1?2.557 = 3 92 71 25 23 54 91 70 60 17 38 97 20 87 32 36 94 98 52 86 13 
672-3-12 1?2.772 = 3 25 92 58 90 71 18 54 91 70 60 17 97 38 16 47 24 68 66 12 
672-5-6 1?1.986 = 5 99 75 72 48 27 89 42 50 62 19 65 43 64 6 
672-4-6 1?2.185 = 4 34 88 48 27 89 95 42 50 62 19 65 43 64 6 
672-4-7 1?2.31 = 4 34 75 99 64 43 89 27 95 42 50 62 19 65 7 
672-4-8 1?2.823 = 4 77 25 23 54 91 70 60 53 29 69 63 48 27 89 42 50 62 19 8 
672-4-15 1?2.32 = 4 77 25 23 54 91 70 60 17 97 20 87 32 36 94 55 40 61 15 
672-4-11 1?3.021 = 4 77 25 92 58 71 18 54 91 70 60 17 97 38 16 47 24 68 66 11 
672-4-10 1?2.853 = 4 34 88 48 27 89 42 95 44 30 21 35 67 41 93 57 22 81 10 
672-4-14 1?2.769 = 4 77 25 92 58 71 23 54 91 70 60 17 97 20 87 32 36 94 98 52 14 
672-4-9 1?2.628 = 4 34 88 48 27 89 95 42 50 65 19 62 41 93 57 81 22 37 9 
672-4-13 1?2.705 = 4 34 88 78 54 91 70 60 17 38 97 20 87 32 36 94 98 52 86 13 
672-4-12 1?2.98 = 4 77 25 92 58 71 18 85 26 49 32 87 20 97 38 16 47 24 68 66 12 
672-6-8 1?2.072 = 6 43 64 99 75 88 72 48 27 89 95 42 50 62 19 8 
672-6-7 1?1.855 = 6 43 64 99 75 72 48 27 89 42 50 62 19 65 7 
672-5-7 1?2.001 = 5 99 75 34 88 72 48 27 89 95 42 50 62 19 65 7 
672-5-8 1?2.539 = 5 99 75 88 48 27 89 42 95 44 30 21 35 67 41 93 8 
672-5-10 1?2.633 = 5 99 75 34 88 72 48 27 89 42 50 62 19 93 37 57 22 81 10 
672-5-9 1?2.381 = 5 99 75 88 72 48 27 89 42 50 62 19 93 41 57 22 37 9 
672-5-14 1?2.561 = 5 99 75 88 78 54 91 70 60 17 38 97 20 87 32 36 94 98 52 14 
672-5-11 1?2.9 = 5 99 75 34 88 72 48 27 89 42 95 44 73 67 35 21 33 59 84 11 
672-5-15 1?2.373 = 5 99 75 88 31 91 70 60 17 38 97 20 87 32 36 94 55 40 61 15 
672-5-13 1?2.579 = 5 99 75 88 31 91 70 60 17 38 97 20 87 32 36 94 98 52 86 13 
672-5-12 1?2.832 = 5 99 75 88 78 91 70 60 17 38 97 20 87 32 36 94 98 80 45 12 
672-7-9 1?1.99 = 7 65 19 62 93 41 67 30 21 35 57 81 22 37 9 
672-7-8 1?2.231 = 7 65 19 62 50 42 95 44 30 21 35 67 41 93 8 
672-6-9 1?2.163 = 6 43 64 99 75 72 48 27 89 42 41 93 57 22 37 9 
672-7-10 1?2.481 = 7 65 19 62 50 42 95 44 30 67 41 93 37 57 22 81 10 
672-6-10 1?2.481 = 6 43 64 99 75 88 72 48 27 89 42 41 93 37 57 81 10 
672-7-11 1?2.674 = 7 65 19 62 50 42 95 44 67 41 93 37 22 57 81 59 11 
672-6-11 1?2.719 = 6 43 64 99 75 88 48 27 89 42 95 44 30 21 35 59 84 11 
672-6-14 1?2.64 = 6 64 43 89 27 48 31 91 70 60 17 38 97 20 87 32 36 94 98 52 14 
672-6-15 1?2.427 = 6 64 43 89 27 48 31 91 70 60 17 97 20 87 32 36 94 40 61 15 
672-6-13 1?2.597 = 6 64 43 89 27 48 31 91 70 60 17 20 87 36 94 98 52 86 13 
672-6-12 1?2.764 = 6 64 43 89 27 63 29 31 91 70 60 17 97 38 16 47 24 68 66 12 
672-8-10 1?2.322 = 8 19 62 50 42 95 44 30 67 41 93 57 22 81 10 
672-8-9 1?2.066 = 8 19 62 50 42 95 44 67 41 93 57 81 22 37 9 
672-8-11 1?2.401 = 8 9 37 22 81 57 93 41 67 44 30 21 35 59 84 11 
672-8-14 1?2.551 = 8 93 41 73 44 30 74 83 47 16 38 97 20 87 32 36 94 98 52 14 
672-7-14 1?2.695 = 7 65 50 42 89 27 48 31 91 70 60 17 20 87 32 36 94 98 52 14 
672-8-15 1?2.484 = 8 93 41 73 44 30 74 83 47 16 38 97 20 87 32 36 94 55 40 61 15 
672-7-15 1?2.603 = 7 65 50 42 95 69 29 31 91 70 60 17 38 97 20 87 32 36 94 40 61 15 
672-8-13 1?2.632 = 8 93 41 67 30 74 83 47 16 38 97 20 87 32 36 94 98 52 86 13 
672-8-12 1?2.829 = 8 93 41 73 44 30 74 83 47 16 38 97 20 87 36 94 98 80 45 12 
672-7-13 1?2.761 = 7 65 62 50 42 95 69 53 17 38 97 20 87 32 36 94 98 52 86 13 
672-7-12 1?2.82 = 7 65 50 42 95 69 29 31 91 70 60 17 97 38 16 47 24 68 66 12 
672-9-10 1?2.025 = 9 37 22 81 57 93 41 67 44 30 21 35 59 84 10 
672-10-11 1?2.174 = 10 81 57 22 37 93 41 67 44 30 21 35 59 84 11 
672-9-11 1?2.012 = 9 37 22 81 57 93 41 67 44 30 21 35 59 84 11 
672-10-13 1?2.304 = 10 81 57 22 37 93 41 73 67 35 21 24 68 80 86 13 
672-10-14 1?2.367 = 10 84 59 33 68 24 47 16 38 97 20 87 32 36 94 98 52 14 
672-10-12 1?2.288 = 10 81 57 22 37 93 41 67 44 30 21 24 68 66 12 
672-9-14 1?2.311 = 9 37 22 81 57 35 21 74 83 38 97 20 87 32 36 94 98 52 14 
672-10-15 1?2.356 = 10 81 22 57 35 21 30 74 83 47 16 38 97 20 87 36 94 40 61 15 
672-9-12 1?2.126 = 9 37 22 81 57 93 41 67 44 30 21 24 68 66 12 
672-9-13 1?2.39 = 9 37 22 81 57 35 21 74 83 38 97 20 87 36 94 98 52 86 13 
672-9-15 1?2.289 = 9 37 22 81 57 35 21 30 74 83 47 16 38 97 20 87 32 55 40 61 15 
672-14-15 1?1.917 = 14 52 98 94 36 20 87 32 28 46 79 51 55 40 61 15 
672-13-15 1?1.79 = 13 86 52 98 16 38 97 20 87 32 36 94 55 40 61 15 
672-13-14 1?1.946 = 13 86 52 98 16 38 97 20 87 32 36 94 55 61 40 14 
672-12-14 1?2.006 = 12 66 68 24 47 16 38 97 20 87 32 36 94 98 52 14 
672-11-13 1?2.176 = 11 66 68 24 47 16 38 97 20 87 36 94 98 52 86 13 
672-12-13 1?2.085 = 12 66 68 24 47 16 38 97 20 87 36 94 98 52 86 13 
672-11-14 1?2.281 = 11 59 33 68 24 47 16 38 97 20 32 87 36 94 98 52 14 
672-12-15 1?2.318 = 12 66 68 24 47 16 38 97 20 87 32 36 94 98 52 40 61 15 
672-11-15 1?2.335 = 11 59 35 21 74 83 47 16 38 97 20 87 32 36 94 55 40 61 15 
672-11-12 1?2.424 = 11 66 68 24 47 16 38 97 20 32 36 94 98 80 45 12 
stop
