start
744-0-2 1?2.096 = 0 24 31 78 41 73 44 34 90 84 58 93 77 82 22 19 2 
744-0-1 1?2.117 = 0 24 31 59 37 92 80 51 90 34 44 73 41 95 78 1 
744-0-5 1?2.159 = 0 24 31 78 41 73 44 34 90 51 30 48 58 93 28 17 74 97 5 
744-0-3 1?2.028 = 0 24 31 78 41 73 44 34 90 51 30 48 58 93 77 82 22 3 
744-0-4 1?2.256 = 0 24 31 78 95 41 73 44 34 90 51 48 30 20 58 93 77 82 4 
744-0-11 1?2.501 = 0 24 31 59 21 27 40 55 63 70 62 64 23 69 94 85 66 88 52 11 
744-0-9 1?2.484 = 0 24 31 78 41 73 44 34 90 51 30 32 57 36 16 56 18 61 91 9 
744-0-10 1?2.63 = 0 24 78 41 73 44 34 90 51 30 32 57 36 16 56 96 46 42 86 10 
744-0-8 1?2.427 = 0 24 31 78 41 73 44 34 90 51 30 32 57 29 81 75 26 35 87 8 
744-0-6 1?2.287 = 0 24 31 78 41 73 44 34 90 51 48 30 32 20 38 25 47 53 50 67 6 
744-0-7 1?2.324 = 0 24 31 78 41 73 44 34 90 51 30 32 20 38 25 47 75 26 39 72 7 
744-1-3 1?1.937 = 1 78 41 73 44 34 90 51 30 48 58 93 77 82 22 3 
744-1-2 1?2.128 = 1 78 41 73 44 34 90 51 48 58 93 77 82 22 19 2 
744-1-4 1?1.996 = 1 78 95 41 73 44 34 90 51 30 48 58 93 77 82 4 
744-0-15 1?1.99 = 0 24 31 78 41 73 44 90 34 37 89 59 21 27 40 15 
744-0-14 1?1.992 = 0 24 31 59 21 27 40 83 94 85 69 23 62 70 63 14 
744-1-6 1?2.26 = 1 78 95 41 73 44 34 90 51 48 30 32 20 38 25 47 53 50 67 6 
744-0-12 1?2.564 = 0 24 31 78 41 73 44 34 90 51 80 92 68 79 83 64 62 70 12 
744-1-5 1?2.179 = 1 49 73 44 34 90 51 30 32 20 38 25 47 53 50 54 74 97 5 
744-1-8 1?2.43 = 1 49 73 44 34 90 51 30 32 57 29 81 75 26 60 39 72 35 87 8 
744-0-13 1?2.342 = 0 24 31 78 95 41 73 44 90 34 92 37 89 68 79 94 64 70 13 
744-1-7 1?2.349 = 1 78 41 73 44 34 90 51 48 30 32 20 38 25 47 53 50 60 39 72 7 
744-2-3 1?2.013 = 2 49 41 73 44 34 90 51 30 48 58 93 77 82 22 3 
744-1-13 1?2.304 = 1 78 41 73 44 90 34 92 37 89 68 79 94 69 85 23 64 62 70 13 
744-1-11 1?2.569 = 1 78 41 73 44 34 90 51 30 32 57 36 16 56 96 46 42 99 52 11 
744-2-4 1?2.114 = 2 49 41 73 44 34 90 51 32 30 48 58 93 77 82 4 
744-1-12 1?2.576 = 1 78 41 73 44 34 90 51 80 92 37 89 68 79 94 69 23 62 70 12 
744-2-5 1?2.202 = 2 49 73 44 34 90 51 30 32 20 38 25 47 53 50 54 74 97 5 
744-2-6 1?2.36 = 2 49 73 44 34 90 51 48 30 32 20 38 25 47 53 50 54 98 6 
744-1-9 1?2.549 = 1 78 95 41 73 44 34 90 51 30 32 57 36 16 56 18 65 61 91 9 
744-1-14 1?2.104 = 1 78 95 37 92 68 79 94 69 85 23 64 62 70 63 14 
744-1-10 1?2.693 = 1 78 95 41 73 44 34 90 51 30 32 57 36 16 56 96 46 42 99 86 10 
744-1-15 1?2.103 = 1 78 41 73 44 34 90 51 80 92 37 89 59 21 27 15 
744-3-5 1?1.773 = 3 22 82 77 93 58 20 38 25 47 53 50 54 74 97 5 
744-3-4 1?2.011 = 3 22 82 77 93 58 20 38 25 47 53 50 54 74 17 4 
744-2-13 1?2.339 = 2 49 73 44 34 90 51 80 92 37 89 68 79 94 69 23 62 70 13 
744-2-12 1?2.563 = 2 49 73 44 34 90 51 80 92 37 89 68 79 94 69 23 64 62 70 12 
744-2-11 1?2.651 = 2 49 73 44 90 34 37 89 68 79 94 69 85 23 64 62 70 66 88 52 11 
744-2-8 1?2.406 = 2 49 73 44 34 90 51 30 20 38 25 47 53 50 60 39 72 35 87 8 
744-2-7 1?2.299 = 2 49 73 44 34 90 51 30 32 20 38 25 47 53 50 75 26 39 72 7 
744-2-15 1?2.133 = 2 49 73 44 34 90 51 80 92 37 89 59 21 27 40 15 
744-2-14 1?2.329 = 2 49 73 44 34 92 37 89 68 79 94 69 85 23 64 62 70 63 14 
744-2-9 1?2.73 = 2 49 73 44 34 90 51 30 32 20 38 25 47 29 81 16 56 18 61 91 9 
744-2-10 1?2.807 = 2 49 41 73 44 34 90 51 48 30 32 57 36 16 56 96 46 99 42 86 10 
744-3-6 1?1.878 = 3 22 82 77 93 58 48 30 20 38 25 47 53 50 67 6 
744-4-5 1?1.949 = 4 82 77 93 58 20 38 25 47 53 50 54 98 74 97 5 
744-3-12 1?2.532 = 3 22 82 77 93 58 48 30 32 80 76 79 94 69 23 62 70 12 
744-3-13 1?2.386 = 3 22 82 77 93 58 48 30 51 80 92 79 94 69 23 64 62 70 13 
744-3-11 1?2.6 = 3 22 82 77 93 58 20 48 30 32 57 36 16 56 96 46 42 99 52 11 
744-3-9 1?2.477 = 3 22 82 77 93 28 43 25 47 75 26 39 72 35 87 71 91 61 9 
744-3-7 1?2.176 = 3 22 82 77 93 28 17 74 54 50 53 47 29 81 75 26 60 39 72 7 
744-3-10 1?2.484 = 3 22 82 77 93 58 48 30 32 57 36 16 56 96 46 99 42 86 10 
744-3-8 1?2.287 = 3 22 82 77 93 58 20 38 25 47 53 50 75 26 39 72 35 87 71 8 
744-3-14 1?2.431 = 3 22 82 77 93 58 48 30 32 80 76 94 69 23 62 70 63 14 
744-3-15 1?2.301 = 3 22 82 77 93 58 48 30 32 80 92 37 89 59 21 27 40 15 
744-4-7 1?1.865 = 4 82 77 93 58 20 38 25 47 53 50 75 26 39 72 7 
744-4-6 1?2.006 = 4 82 77 93 58 48 30 20 38 25 47 53 50 54 67 6 
744-5-6 1?1.956 = 5 97 74 17 28 93 58 20 38 25 47 53 50 54 98 6 
744-4-8 1?2.211 = 4 82 77 93 28 17 43 25 47 53 50 75 26 39 72 35 87 8 
744-4-12 1?2.607 = 4 28 93 58 48 30 32 80 92 37 89 68 79 94 69 23 62 70 12 
744-4-13 1?2.472 = 4 77 93 58 48 30 32 80 92 37 89 68 79 94 69 23 64 62 70 13 
744-4-11 1?2.725 = 4 77 93 28 17 74 54 50 53 25 47 81 16 56 96 46 42 99 52 11 
744-4-9 1?2.481 = 4 17 74 54 50 53 47 29 81 75 26 39 72 35 87 71 91 61 9 
744-4-10 1?2.532 = 4 82 77 93 58 20 38 25 47 29 81 16 56 96 46 42 99 86 10 
744-4-14 1?2.503 = 4 82 77 93 58 48 30 32 80 92 79 94 69 23 64 62 70 63 14 
744-4-15 1?2.556 = 4 82 77 93 58 48 30 32 51 90 34 44 73 41 95 59 21 27 40 15 
744-6-7 1?1.905 = 6 67 98 97 74 54 50 53 25 47 75 26 60 39 72 7 
744-5-7 1?1.772 = 5 97 74 54 50 53 47 25 38 29 81 75 26 60 39 7 
744-6-8 1?2.046 = 6 67 54 50 53 47 25 38 29 81 75 26 60 39 72 35 87 8 
744-5-8 1?2.067 = 5 97 74 98 54 50 53 25 47 29 81 75 26 39 72 35 87 8 
744-5-9 1?2.223 = 5 97 74 54 50 53 47 81 75 26 39 72 35 87 71 91 61 9 
744-5-13 1?2.482 = 5 97 74 17 28 93 58 48 30 32 80 92 79 94 69 23 64 62 70 13 
744-5-10 1?2.357 = 5 97 74 54 50 53 47 25 38 57 36 16 56 96 46 99 42 86 10 
744-5-12 1?2.658 = 5 97 74 54 50 53 47 25 38 20 30 32 76 94 69 23 64 62 70 12 
744-5-11 1?2.676 = 5 97 74 54 50 53 47 25 38 20 30 32 57 36 16 56 96 46 42 99 52 11 
744-5-14 1?2.543 = 5 97 74 54 50 53 47 25 38 20 30 32 80 92 37 59 21 27 40 14 
744-5-15 1?2.495 = 5 97 74 54 50 53 47 25 38 20 30 32 80 92 37 59 21 27 40 15 
744-7-8 1?1.947 = 7 35 72 39 60 26 75 81 16 56 18 61 91 71 87 8 
744-7-9 1?2.049 = 7 39 72 26 75 60 50 53 47 81 16 56 18 61 91 9 
744-6-9 1?2.154 = 6 67 50 53 47 29 81 75 26 60 39 72 35 87 71 91 61 9 
744-7-11 1?2.313 = 7 39 72 35 87 71 91 61 65 18 16 56 96 33 46 42 99 52 11 
744-6-10 1?2.355 = 6 67 98 54 50 53 25 47 29 81 16 56 96 46 42 99 86 10 
744-6-12 1?2.616 = 6 67 50 53 47 25 38 20 30 32 76 79 94 69 85 23 64 62 70 12 
744-6-11 1?2.602 = 6 67 60 75 26 39 72 35 87 71 91 61 18 56 96 46 42 99 52 11 
744-7-10 1?2.228 = 7 39 72 35 87 71 91 61 18 16 56 96 46 33 99 42 86 10 
744-6-13 1?2.482 = 6 67 50 53 47 25 38 20 30 32 80 92 79 94 69 85 23 64 62 70 13 
744-6-14 1?2.578 = 6 67 50 53 47 25 38 20 32 80 92 79 94 69 85 23 64 62 70 63 14 
744-6-15 1?2.537 = 6 67 50 53 47 25 38 20 30 51 90 34 44 73 41 95 59 21 27 40 15 
744-8-11 1?2.036 = 8 87 35 72 39 26 75 81 16 56 96 46 42 99 52 11 
744-8-10 1?2.027 = 8 87 35 72 39 26 75 81 16 56 96 46 42 86 10 
744-8-9 1?1.952 = 8 87 35 72 39 26 75 81 16 56 18 65 61 91 9 
744-8-12 1?2.455 = 8 87 71 91 61 65 18 16 56 96 46 33 85 69 23 64 62 70 12 
744-8-13 1?2.638 = 8 87 35 72 39 26 75 81 16 56 96 46 33 85 69 23 62 64 70 13 
744-7-12 1?2.588 = 7 39 72 35 87 71 91 61 18 16 56 96 33 46 42 99 52 88 66 12 
744-7-13 1?2.511 = 7 72 39 60 50 53 47 25 38 20 30 32 76 94 69 85 23 64 62 70 13 
744-8-14 1?2.495 = 8 87 71 91 61 65 18 16 56 96 46 33 85 69 94 23 62 70 63 14 
744-7-14 1?2.53 = 7 72 39 60 50 53 47 25 38 20 30 32 80 92 37 59 21 27 40 14 
744-8-15 1?2.583 = 8 87 35 72 39 26 75 47 25 38 20 30 32 80 92 37 59 21 15 
744-7-15 1?2.508 = 7 72 39 26 75 50 53 47 25 38 20 30 32 80 92 37 59 21 27 15 
744-9-13 1?2.079 = 9 91 61 18 16 56 96 46 33 85 69 23 64 62 70 13 
744-9-11 1?2.417 = 9 91 61 65 18 56 16 45 96 46 33 99 42 86 52 11 
744-10-11 1?2.22 = 10 86 42 99 46 33 85 69 23 64 62 70 66 88 52 11 
744-10-13 1?2.195 = 10 86 42 99 46 33 85 94 69 23 62 70 64 55 63 13 
744-9-10 1?2.401 = 9 65 61 91 18 16 56 96 33 46 42 99 88 52 86 10 
744-10-12 1?2.424 = 10 65 61 91 18 16 56 96 33 46 42 99 52 88 66 12 
744-9-12 1?2.262 = 9 91 61 18 16 56 96 46 33 85 69 23 64 62 70 12 
744-10-14 1?2.615 = 10 86 42 99 88 66 62 64 23 69 94 79 68 89 59 21 27 40 14 
744-9-14 1?2.469 = 9 91 61 18 16 56 96 46 33 85 94 69 23 64 62 70 63 55 14 
744-9-15 1?2.604 = 9 91 61 18 56 96 46 33 85 69 23 64 62 70 63 55 40 27 15 
744-10-15 1?2.513 = 10 86 42 99 46 33 85 94 69 23 64 62 70 63 55 40 27 21 15 
744-12-13 1?2.23 = 12 70 62 23 69 94 79 68 89 59 21 27 40 55 63 13 
744-11-13 1?2.236 = 11 52 88 66 70 62 64 23 85 69 94 79 68 83 55 63 13 
744-11-12 1?2.504 = 11 52 86 42 99 46 33 85 69 23 64 62 70 66 88 12 
744-12-14 1?2.043 = 12 70 62 64 23 85 69 94 79 68 89 59 21 27 40 14 
744-13-14 1?1.86 = 13 70 62 64 23 85 69 94 79 68 89 59 21 27 40 14 
744-14-15 1?1.92 = 14 63 70 62 64 23 69 94 79 68 89 59 21 27 40 15 
744-13-15 1?1.812 = 13 70 62 64 23 85 69 94 79 68 89 59 21 27 40 15 
744-12-15 1?1.995 = 12 70 62 64 23 85 69 94 79 68 89 59 21 27 40 15 
744-11-14 1?2.321 = 11 52 88 66 70 62 64 23 69 94 79 68 89 59 21 27 40 14 
744-11-15 1?2.322 = 11 52 88 66 70 62 64 23 85 69 94 79 68 89 59 21 27 40 15 
stop
