start
856-0-1 1?1.765 = 0 50 98 28 23 52 53 41 42 65 87 19 31 79 32 1 
856-0-2 1?1.708 = 0 50 98 28 23 52 19 43 68 73 92 17 37 35 2 
856-0-8 1?2.622 = 0 50 98 28 23 52 19 87 65 41 42 85 49 74 96 39 82 95 55 8 
856-0-4 1?2.081 = 0 50 98 28 23 52 19 43 68 73 92 17 35 37 66 45 59 4 
856-0-10 1?2.614 = 0 50 98 28 23 52 19 87 65 41 42 85 49 74 33 63 44 84 57 10 
856-0-3 1?1.93 = 0 50 98 28 23 52 19 43 68 73 92 17 35 37 66 45 3 
856-0-6 1?2.556 = 0 50 98 28 52 19 43 68 73 92 37 66 45 59 97 46 67 40 6 
856-0-7 1?2.635 = 0 50 98 28 23 75 86 48 51 49 74 96 54 39 82 95 55 77 56 7 
856-0-5 1?2.203 = 0 50 98 28 52 19 43 68 73 92 37 66 45 59 97 25 5 
856-0-9 1?2.663 = 0 50 98 28 23 52 19 87 65 41 42 85 49 74 33 63 44 84 57 29 9 
856-0-11 1?2.518 = 0 50 98 28 23 52 53 41 42 48 51 86 38 62 64 93 60 26 20 21 11 
856-0-13 1?1.859 = 0 50 28 23 75 86 48 51 76 71 91 38 62 93 64 83 13 
856-0-15 1?1.973 = 0 50 28 98 27 31 19 87 65 41 53 52 23 81 72 15 
856-1-4 1?1.736 = 1 32 79 31 19 43 68 73 92 17 37 66 45 59 4 
856-1-3 1?1.709 = 1 32 79 31 27 19 43 68 73 92 17 37 66 45 3 
856-0-14 1?1.887 = 0 50 98 28 23 52 53 48 51 86 38 62 93 64 24 14 
856-1-2 1?1.778 = 1 32 79 31 27 19 87 43 68 73 92 17 37 66 35 2 
856-1-8 1?2.444 = 1 32 79 31 43 19 87 65 41 42 85 49 74 96 39 82 95 55 8 
856-1-6 1?2.344 = 1 32 18 27 31 43 68 73 92 37 66 45 59 97 46 67 40 6 
856-1-5 1?2.07 = 1 32 18 27 31 43 68 73 92 17 37 66 45 59 97 25 5 
856-1-7 1?2.458 = 1 32 79 31 19 87 65 41 42 85 49 96 39 82 95 55 77 56 7 
856-0-12 1?2.335 = 0 50 98 28 52 23 75 86 48 51 76 71 91 38 62 64 93 60 26 12 
856-1-15 1?1.906 = 1 32 18 27 31 19 87 65 42 41 53 52 23 81 72 15 
856-2-3 1?2.098 = 2 1 32 79 31 27 19 43 68 73 92 17 37 66 45 3 
856-1-14 1?2.067 = 1 32 79 31 43 19 87 65 41 42 48 51 86 38 62 93 64 24 14 
856-2-4 1?1.998 = 2 79 31 27 19 43 68 73 92 17 37 66 45 59 4 
856-1-9 1?2.559 = 1 32 18 27 31 19 87 65 41 42 85 49 74 33 63 44 84 57 29 9 
856-1-10 1?2.609 = 1 32 79 31 43 19 87 65 41 42 85 49 74 96 54 39 70 84 44 10 
856-2-6 1?2.513 = 2 17 92 73 68 43 19 87 65 41 42 85 80 88 16 22 90 40 6 
856-2-5 1?2.477 = 2 1 32 79 31 19 43 68 73 92 17 37 66 45 59 97 25 5 
856-1-13 1?1.973 = 1 32 79 31 43 19 87 65 41 42 48 51 86 38 62 93 64 83 13 
856-1-12 1?2.314 = 1 32 79 31 43 19 87 65 41 42 85 51 48 86 38 62 91 60 26 12 
856-1-11 1?2.476 = 1 32 79 31 27 19 87 65 41 42 85 51 48 86 91 60 26 20 21 11 
856-2-15 1?2.146 = 2 35 66 37 17 92 73 68 43 19 52 23 28 98 50 81 72 15 
856-3-4 1?2.349 = 3 35 2 79 31 27 19 43 68 73 92 37 66 45 59 4 
856-3-5 1?2.283 = 3 66 37 35 17 92 73 68 80 88 16 22 90 67 46 5 
856-2-14 1?2.201 = 2 17 92 73 68 43 19 87 65 53 48 51 86 38 62 93 64 24 14 
856-2-9 1?2.562 = 2 35 37 92 73 68 43 19 87 65 41 42 85 49 74 33 70 29 69 9 
856-2-8 1?2.545 = 2 17 92 73 68 43 19 87 65 41 42 85 49 74 96 39 95 55 8 
856-2-10 1?2.557 = 2 17 92 73 68 43 19 87 65 41 42 85 49 74 33 63 84 44 10 
856-2-7 1?2.569 = 2 17 92 73 68 87 65 41 42 85 49 74 96 39 95 55 77 56 7 
856-2-13 1?2.132 = 2 17 92 73 68 43 19 87 65 41 53 48 51 86 38 62 93 64 83 13 
856-2-12 1?2.354 = 2 17 37 92 73 68 43 19 87 65 41 42 48 51 86 91 60 26 12 
856-2-11 1?2.526 = 2 17 92 73 68 43 19 87 65 42 41 53 86 48 51 71 76 89 20 21 11 
856-4-5 1?2.464 = 4 59 45 66 37 35 17 92 73 68 80 78 97 25 5 
856-3-15 1?2.216 = 3 66 37 35 17 92 73 68 43 19 87 65 41 53 52 23 28 81 72 15 
856-3-9 1?2.424 = 3 66 37 92 73 68 43 19 87 65 41 42 85 49 74 33 70 29 9 
856-3-10 1?2.53 = 3 66 37 92 73 68 43 87 65 41 42 85 49 74 33 63 84 44 10 
856-3-6 1?2.432 = 3 66 37 92 73 68 87 65 41 42 85 80 88 16 22 90 40 6 
856-3-8 1?2.509 = 3 66 37 92 73 68 43 19 87 65 41 42 85 49 74 96 39 82 8 
856-3-14 1?2.281 = 3 66 37 92 73 68 43 19 87 65 41 42 48 51 86 38 62 93 64 24 14 
856-3-7 1?2.497 = 3 66 37 92 73 68 43 19 87 65 42 85 80 88 16 22 34 7 
856-3-11 1?2.364 = 3 66 37 92 73 68 43 19 87 65 42 48 51 71 76 89 20 21 11 
856-3-13 1?2.266 = 3 66 37 17 92 73 68 43 19 87 65 41 42 48 51 86 38 62 93 64 83 13 
856-3-12 1?2.414 = 3 66 37 92 73 68 43 19 87 65 41 42 48 51 86 38 62 91 60 26 12 
856-4-6 1?2.415 = 4 45 66 37 35 17 92 73 68 30 59 97 67 46 40 6 
856-5-6 1?2.316 = 5 25 97 67 40 90 16 22 61 95 55 77 56 34 94 6 
856-4-15 1?2.32 = 4 59 45 66 35 37 17 92 73 68 43 19 31 27 98 28 81 72 15 
856-4-8 1?2.636 = 4 25 97 46 67 90 22 16 88 54 96 39 82 95 55 56 77 8 
856-4-14 1?2.445 = 4 45 66 37 92 73 68 87 65 41 53 48 51 86 38 62 93 64 24 14 
856-4-10 1?2.577 = 4 25 97 78 16 22 34 56 77 55 95 82 70 29 57 84 44 10 
856-4-7 1?2.501 = 4 25 5 46 67 90 22 16 88 54 96 39 82 95 55 77 56 7 
856-4-9 1?2.562 = 4 25 97 78 16 22 34 56 77 55 95 82 70 84 44 57 29 9 
856-4-13 1?2.393 = 4 59 45 66 37 92 73 68 87 65 41 42 48 51 86 38 62 93 83 13 
856-4-12 1?2.515 = 4 59 45 66 37 92 73 68 87 65 41 42 48 51 86 91 60 26 12 
856-4-11 1?2.664 = 4 45 66 37 92 73 68 43 19 87 65 42 48 51 71 76 89 20 21 11 
856-6-8 1?2.046 = 6 40 90 22 16 88 54 96 39 82 95 55 56 77 8 
856-6-7 1?1.966 = 6 40 90 22 16 88 54 96 39 82 95 55 77 56 7 
856-5-8 1?2.285 = 5 25 97 46 67 40 90 16 88 54 96 39 82 95 55 8 
856-5-14 1?2.554 = 5 25 97 59 45 66 37 17 92 73 68 43 19 52 23 75 14 
856-5-7 1?2.342 = 5 25 97 46 67 90 22 16 88 54 96 39 82 95 56 7 
856-5-15 1?2.447 = 5 25 97 59 45 66 37 17 92 73 68 43 19 52 23 28 81 72 15 
856-5-10 1?2.444 = 5 25 97 78 16 22 34 56 77 55 95 82 70 29 57 84 44 10 
856-5-9 1?2.429 = 5 25 97 78 16 22 34 56 77 55 95 82 70 84 44 57 29 9 
856-5-13 1?2.664 = 5 25 97 59 30 92 73 68 87 65 41 42 48 51 86 38 62 93 64 83 13 
856-5-12 1?2.781 = 5 25 97 59 30 92 73 68 43 87 65 41 53 48 51 86 91 60 26 12 
856-5-11 1?2.71 = 5 46 67 40 90 16 22 34 56 77 55 95 82 70 29 57 84 44 99 36 11 
856-7-9 1?1.85 = 7 56 77 55 95 82 39 33 63 44 84 57 29 69 9 
856-6-9 1?1.998 = 6 40 46 67 90 16 22 34 56 77 55 95 82 29 69 9 
856-7-8 1?1.986 = 7 56 77 55 95 82 39 33 63 44 84 57 29 69 8 
856-6-15 1?2.607 = 6 40 67 46 97 59 45 66 37 92 73 68 43 19 52 23 81 72 15 
856-6-14 1?2.541 = 6 40 90 22 16 88 54 96 74 49 51 48 86 38 62 93 64 24 47 14 
856-6-10 1?2.321 = 6 40 46 67 90 16 22 34 56 55 95 82 70 29 57 84 44 10 
856-7-10 1?2.44 = 7 56 77 55 95 61 22 16 88 54 96 39 33 63 44 84 57 10 
856-6-12 1?2.677 = 6 40 90 22 16 88 54 96 74 49 51 48 86 38 62 64 93 60 26 12 
856-6-11 1?2.578 = 6 40 46 67 90 16 22 34 56 77 55 95 82 70 57 84 44 99 36 11 
856-6-13 1?2.664 = 6 40 67 90 22 16 88 54 96 74 49 51 48 86 38 62 93 64 24 47 83 13 
856-7-11 1?2.685 = 7 56 77 55 95 82 70 57 84 44 63 58 76 71 91 60 26 20 21 11 
856-8-9 1?1.938 = 8 55 77 56 95 82 39 33 63 44 84 57 29 69 9 
856-8-10 1?2.176 = 8 55 77 56 34 22 16 88 54 96 33 63 84 44 10 
856-8-11 1?2.193 = 8 55 95 82 70 29 57 44 84 63 58 89 20 21 11 
856-7-15 1?2.663 = 7 56 77 55 95 82 39 96 74 49 85 42 41 53 52 23 28 81 72 15 
856-8-15 1?2.708 = 8 55 95 82 39 54 96 74 49 85 42 41 65 87 19 52 23 81 72 15 
856-7-14 1?2.595 = 7 56 77 55 95 82 70 57 84 44 63 58 76 71 91 60 62 93 64 24 14 
856-8-14 1?2.616 = 8 55 95 82 29 57 84 44 63 58 76 71 60 91 38 62 93 64 24 47 14 
856-8-13 1?2.323 = 8 69 29 57 84 44 63 58 76 71 60 91 38 62 93 64 24 47 83 13 
856-8-12 1?2.5 = 8 77 55 95 82 70 29 57 84 44 63 58 76 71 91 60 26 12 
856-7-13 1?2.455 = 7 56 77 55 95 82 70 84 44 63 58 76 71 91 60 62 38 64 83 13 
856-7-12 1?2.616 = 7 56 77 55 95 82 70 57 84 44 63 58 76 71 91 38 62 60 26 12 
856-9-10 1?2.395 = 9 29 57 84 44 63 58 76 71 91 60 26 20 21 36 10 
856-10-14 1?2.265 = 10 44 57 84 63 58 76 71 51 48 86 38 62 93 64 24 47 14 
856-10-11 1?2.198 = 10 44 84 57 29 70 82 39 54 96 33 63 99 36 11 
856-10-15 1?2.519 = 10 44 84 63 58 76 71 51 48 86 75 23 52 98 28 81 72 15 
856-10-13 1?2.005 = 10 57 84 44 63 58 76 71 60 91 38 62 93 64 24 47 13 
856-9-11 1?2.116 = 9 69 29 57 84 44 63 58 76 71 91 60 26 20 21 11 
856-10-12 1?2.317 = 10 44 84 57 70 63 58 76 71 51 48 86 91 60 26 12 
856-9-15 1?2.568 = 9 29 57 84 44 63 58 76 71 51 48 86 75 23 52 28 81 72 15 
856-9-13 1?2.116 = 9 29 57 84 44 63 58 76 71 60 91 38 62 93 64 24 47 83 13 
856-9-12 1?2.264 = 9 29 57 84 44 63 58 76 71 51 48 86 38 62 60 26 12 
856-9-14 1?2.45 = 9 29 57 84 44 63 58 76 71 51 48 86 91 60 62 38 64 24 47 14 
856-12-15 1?2.044 = 12 26 60 62 38 91 71 76 51 48 86 75 23 81 72 15 
856-14-15 1?1.996 = 14 24 64 93 62 38 86 51 48 42 41 53 52 23 81 15 
856-13-15 1?1.943 = 13 83 64 93 62 38 86 51 48 42 41 53 52 23 81 72 15 
856-12-14 1?2.044 = 12 20 89 76 71 51 48 86 38 62 91 60 93 64 24 47 14 
856-13-14 1?2.121 = 13 83 47 24 64 93 62 38 91 60 71 76 51 48 86 75 14 
856-11-15 1?2.327 = 11 21 20 89 76 71 51 48 86 75 23 52 98 50 28 81 72 15 
856-11-13 1?1.862 = 11 21 20 89 76 71 51 48 86 91 60 62 38 64 93 83 13 
856-12-13 1?1.841 = 12 26 60 91 71 76 51 48 86 38 62 93 64 24 47 83 13 
856-11-14 1?2.325 = 11 21 20 89 76 71 51 48 86 38 62 91 60 83 93 64 24 47 14 
856-11-12 1?2.032 = 11 21 20 89 76 71 51 48 86 38 64 93 62 91 60 26 12 
stop
