start
80-0-3 1?1.59 = 0 42 68 86 52 43 72 38 32 94 80 99 29 71 3 
80-0-1 1?2.092 = 0 42 68 86 52 34 82 32 94 80 99 29 71 20 36 1 
80-0-4 1?2.401 = 0 42 63 26 46 77 33 81 45 66 58 78 28 27 38 32 94 80 99 4 
80-0-6 1?2.652 = 0 42 31 63 26 46 77 33 81 45 66 58 78 61 48 39 62 70 95 21 6 
80-0-5 1?2.636 = 0 42 68 86 52 43 66 58 78 61 37 27 28 38 32 94 80 99 23 5 
80-0-10 1?2.564 = 0 42 68 76 63 26 46 77 33 81 45 16 44 57 24 88 54 40 51 10 
80-0-2 1?1.847 = 0 42 68 86 52 43 72 38 32 94 80 99 29 71 2 
80-0-8 1?2.599 = 0 42 68 86 52 43 66 58 78 28 27 61 48 39 64 19 18 17 83 50 8 
80-0-9 1?2.669 = 0 42 68 76 63 26 46 77 33 81 45 16 44 57 24 88 54 40 90 89 9 
80-0-7 1?2.726 = 0 42 68 86 52 43 66 58 78 61 27 37 48 39 64 19 18 17 22 59 7 
80-0-11 1?2.626 = 0 42 68 76 63 26 46 77 33 49 92 81 45 16 44 57 24 88 41 11 
80-1-3 1?1.901 = 1 42 68 86 52 43 72 38 32 94 80 99 29 71 3 
80-0-15 1?1.858 = 0 42 31 63 76 86 52 92 81 33 77 46 26 73 15 
80-0-14 1?1.847 = 0 42 68 63 76 49 81 33 77 46 73 96 60 84 14 
80-0-13 1?1.828 = 0 42 68 76 49 77 46 26 73 96 60 84 69 65 75 13 
80-1-6 1?2.694 = 1 36 20 82 94 32 38 27 28 66 58 78 61 48 39 62 70 95 21 6 
80-1-5 1?2.639 = 1 36 20 71 29 79 99 80 94 32 38 72 28 27 61 37 23 5 
80-1-4 1?2.432 = 1 86 52 43 66 58 78 61 37 27 38 32 94 80 99 29 79 4 
80-1-2 1?2.125 = 1 86 52 43 34 72 38 32 94 80 99 79 29 71 20 2 
80-1-7 1?2.769 = 1 36 82 94 32 38 27 28 66 58 78 61 48 39 64 19 18 17 22 7 
80-0-12 1?2.364 = 0 42 68 63 76 49 33 77 46 26 73 96 60 84 69 65 75 53 55 12 
80-1-8 1?2.735 = 1 36 34 72 38 27 28 66 58 78 61 37 48 39 64 19 18 17 50 8 
80-1-15 1?2.327 = 1 68 76 63 26 46 77 33 25 69 65 75 84 60 96 73 15 
80-2-3 1?1.837 = 2 20 36 34 43 72 38 32 82 94 80 99 79 29 71 3 
80-2-4 1?2.242 = 2 20 36 34 72 28 66 58 78 61 27 38 32 94 80 99 4 
80-2-5 1?2.385 = 2 71 29 79 99 80 94 32 38 72 28 58 78 61 37 23 5 
80-2-6 1?2.407 = 2 20 71 29 79 99 80 94 32 38 27 61 48 39 62 70 95 21 6 
80-1-14 1?2.282 = 1 42 68 86 52 92 81 33 77 46 26 73 96 60 84 14 
80-1-9 1?2.788 = 1 86 52 43 66 58 78 28 27 37 61 48 39 64 19 18 17 83 89 9 
80-1-10 1?2.75 = 1 68 76 63 26 46 77 33 81 45 16 44 57 24 88 41 54 51 10 
80-1-11 1?2.737 = 1 86 52 43 66 58 78 28 27 37 61 35 74 97 85 24 88 41 11 
80-1-13 1?2.557 = 1 42 68 63 76 49 81 33 77 46 26 73 96 60 84 69 65 75 13 
80-1-12 1?2.608 = 1 42 68 63 76 49 33 77 46 73 96 60 84 69 65 75 53 91 55 12 
80-2-15 1?2.088 = 2 20 94 32 38 27 28 78 58 66 45 81 33 77 46 73 15 
80-3-4 1?2.041 = 3 71 29 99 80 94 32 38 27 28 58 78 61 37 23 4 
80-3-5 1?2.004 = 3 71 29 99 80 94 32 38 27 28 58 78 61 37 23 5 
80-2-7 1?2.519 = 2 71 29 79 99 80 94 32 38 27 61 48 39 64 19 18 17 22 7 
80-2-9 1?2.619 = 2 20 71 29 79 99 80 94 32 38 27 61 48 39 19 18 17 83 89 9 
80-2-14 1?2.329 = 2 20 82 94 32 38 27 28 78 58 66 45 81 33 77 46 73 96 14 
80-2-10 1?2.661 = 2 20 71 29 79 99 80 94 32 72 38 27 61 35 74 97 67 54 51 10 
80-2-11 1?2.643 = 2 20 71 29 79 99 80 94 32 38 27 61 35 74 97 85 24 88 41 11 
80-2-12 1?2.622 = 2 20 36 52 86 68 76 63 26 46 77 33 25 69 65 75 53 91 55 12 
80-2-13 1?2.517 = 2 20 82 94 32 38 27 28 78 58 66 45 81 33 77 46 60 84 65 75 13 
80-2-8 1?2.544 = 2 71 29 79 99 80 94 32 38 27 61 48 39 64 19 18 17 83 50 8 
80-3-6 1?1.986 = 3 71 29 79 99 80 94 32 38 27 61 48 39 62 21 6 
80-4-5 1?2.253 = 4 79 99 80 94 32 38 27 28 66 58 78 61 37 23 5 
80-3-7 1?2.262 = 3 71 29 79 99 80 94 32 38 27 61 48 39 64 19 18 17 22 7 
80-3-15 1?2.092 = 3 29 99 80 94 32 38 27 28 78 58 66 45 81 33 77 46 73 15 
80-3-9 1?2.364 = 3 71 29 79 99 80 94 32 72 38 27 37 61 35 74 56 47 87 89 9 
80-3-14 1?2.186 = 3 71 29 99 80 94 32 38 27 28 78 58 66 45 81 33 77 46 96 14 
80-3-10 1?2.442 = 3 71 29 79 99 80 94 32 38 27 28 58 78 30 35 74 97 67 54 51 10 
80-3-8 1?2.252 = 3 71 29 79 99 80 94 32 38 27 37 61 48 39 64 19 18 17 50 8 
80-3-11 1?2.434 = 3 71 29 79 99 80 94 32 38 27 37 61 35 74 97 85 88 24 41 11 
80-3-12 1?2.416 = 3 71 29 79 99 80 94 32 38 27 28 78 58 66 45 16 44 98 55 12 
80-3-13 1?2.305 = 3 71 29 99 80 94 32 38 27 61 78 58 66 45 16 44 25 69 65 75 13 
80-5-6 1?2.475 = 5 23 99 80 94 32 72 38 27 61 48 62 70 95 21 6 
80-4-6 1?2.225 = 4 79 29 99 80 94 32 38 27 61 48 62 70 95 21 6 
80-4-7 1?2.426 = 4 99 80 94 32 72 38 27 28 66 58 78 61 48 39 64 22 7 
80-4-9 1?2.557 = 4 79 99 80 94 32 38 27 28 66 58 78 30 35 74 56 47 87 89 9 
80-4-10 1?2.598 = 4 99 80 94 32 38 27 28 66 58 78 61 35 74 97 67 40 54 51 10 
80-4-15 1?2.396 = 4 79 29 99 80 94 32 38 27 28 78 58 66 45 81 33 77 46 73 15 
80-4-14 1?2.457 = 4 79 29 99 80 94 32 38 27 28 78 58 66 45 81 33 77 46 96 14 
80-4-8 1?2.399 = 4 99 80 94 32 38 72 66 58 78 61 48 39 19 18 17 50 8 
80-4-11 1?2.631 = 4 99 80 94 32 38 27 28 66 58 78 30 35 74 97 85 24 88 41 11 
80-4-12 1?2.572 = 4 99 80 94 32 38 28 58 66 45 16 44 25 69 65 75 53 91 55 12 
80-4-13 1?2.541 = 4 99 80 94 32 38 27 28 78 58 66 45 81 33 77 46 60 84 65 75 13 
80-6-7 1?2.192 = 6 21 62 39 35 74 56 47 83 17 18 19 64 22 59 7 
80-5-7 1?2.417 = 5 93 21 62 39 35 74 56 47 83 17 18 19 64 22 59 7 
80-5-9 1?2.42 = 5 93 21 95 70 62 64 19 18 17 83 87 40 54 51 90 89 9 
80-6-8 1?2.229 = 6 93 95 70 21 59 22 64 18 17 19 56 47 83 50 8 
80-5-10 1?2.448 = 5 93 21 95 70 62 64 19 18 17 83 47 56 97 67 40 54 51 10 
80-5-8 1?2.304 = 5 93 21 95 70 62 39 64 19 18 17 83 87 89 50 8 
80-5-15 1?2.507 = 5 23 99 80 94 32 38 27 28 78 58 66 45 81 33 77 46 73 15 
80-5-12 1?2.602 = 5 93 95 70 62 64 19 18 17 83 47 56 97 85 88 24 57 12 
80-5-11 1?2.679 = 5 93 21 95 70 62 64 19 18 17 83 47 56 74 97 85 24 88 41 11 
80-5-14 1?2.746 = 5 23 99 80 94 32 38 27 28 78 58 66 45 16 81 33 77 46 60 84 14 
80-5-13 1?2.688 = 5 23 37 61 27 28 78 58 66 45 81 33 77 46 60 84 69 65 75 13 
80-7-9 1?1.991 = 7 59 21 95 70 62 39 64 19 18 17 83 87 90 89 9 
80-6-9 1?2.195 = 6 21 95 70 62 64 19 18 17 83 87 40 54 51 90 89 9 
80-7-10 1?2.186 = 7 22 64 19 18 17 83 47 56 97 85 24 88 54 40 51 10 
80-6-10 1?2.296 = 6 21 62 64 19 18 17 83 47 56 97 85 24 88 54 51 10 
80-7-8 1?2.19 = 7 59 21 95 70 62 39 64 18 17 19 56 47 83 50 8 
80-7-11 1?2.245 = 7 59 22 64 19 18 17 83 47 56 74 97 85 88 24 41 11 
80-6-14 1?2.587 = 6 21 95 70 62 39 48 37 61 78 58 66 45 81 33 77 46 60 84 14 
80-6-15 1?2.613 = 6 21 95 70 62 39 48 61 37 27 28 78 58 66 45 81 33 77 46 73 15 
80-6-11 1?2.588 = 6 21 59 22 64 19 18 17 83 47 56 35 74 97 85 24 88 41 11 
80-6-13 1?2.631 = 6 21 95 70 62 64 19 18 17 83 47 56 97 85 24 57 98 53 13 
80-6-12 1?2.675 = 6 21 95 70 62 64 19 18 17 83 47 56 74 97 85 88 24 57 12 
80-8-9 1?2 = 8 50 83 17 18 19 35 74 97 56 47 87 90 89 9 
80-8-10 1?1.974 = 8 50 17 18 19 47 56 97 85 24 88 54 40 51 10 
80-8-11 1?2.141 = 8 50 83 17 18 19 47 56 35 74 97 85 24 88 41 11 
80-7-15 1?2.526 = 7 22 17 18 19 64 39 48 61 78 58 66 45 81 33 77 46 73 15 
80-7-14 1?2.551 = 7 22 64 19 18 17 83 47 56 97 85 88 24 57 98 69 65 84 14 
80-8-14 1?2.513 = 8 50 17 18 19 39 48 61 78 58 66 45 81 33 77 46 73 96 14 
80-8-15 1?2.522 = 8 50 17 18 19 64 39 48 61 78 58 66 45 81 33 77 46 26 73 15 
80-8-12 1?2.565 = 8 50 17 18 19 56 97 85 88 24 57 98 69 65 75 53 91 55 12 
80-7-12 1?2.562 = 7 22 64 19 18 17 83 47 56 97 85 88 24 57 98 53 91 55 12 
80-8-13 1?2.555 = 8 50 83 17 18 19 56 97 85 88 24 57 98 25 69 65 75 53 13 
80-7-13 1?2.644 = 7 59 22 64 19 18 17 83 47 56 97 85 88 24 57 98 25 69 65 75 13 
80-9-10 1?2.042 = 9 89 90 87 83 17 18 19 47 56 97 67 54 51 10 
80-10-11 1?2.247 = 10 51 54 40 87 83 17 18 19 56 97 85 88 41 11 
80-9-11 1?2.255 = 9 89 90 87 83 17 18 19 35 74 97 85 88 24 41 11 
80-10-12 1?2.192 = 10 51 54 40 67 85 88 24 57 98 69 65 75 53 91 55 12 
80-10-15 1?2.503 = 10 51 54 88 24 85 97 74 35 30 45 81 33 77 46 26 73 15 
80-10-13 1?2.161 = 10 51 54 40 67 97 85 88 24 57 98 69 65 75 53 13 
80-9-12 1?2.322 = 9 89 90 87 40 54 88 24 57 98 25 69 65 75 53 91 55 12 
80-10-14 1?2.404 = 10 51 54 88 24 57 44 16 45 81 33 77 46 73 96 60 84 14 
80-9-13 1?2.251 = 9 89 90 87 40 54 67 85 88 24 57 98 69 65 75 53 13 
80-9-14 1?2.625 = 9 89 90 40 54 88 24 57 44 16 45 81 33 77 46 73 96 60 84 14 
80-9-15 1?2.636 = 9 89 83 17 18 19 64 39 48 61 78 58 66 45 81 33 77 46 73 15 
80-13-15 1?2.003 = 13 53 75 65 69 84 60 96 73 46 77 33 49 76 63 15 
80-14-15 1?2.044 = 14 84 60 46 77 33 81 92 52 86 76 63 26 73 15 
80-12-14 1?1.973 = 12 55 91 53 75 65 69 25 33 77 46 26 73 96 60 84 14 
80-13-14 1?2.034 = 13 53 65 69 25 44 16 45 81 33 77 46 26 73 96 14 
80-11-14 1?2.163 = 11 41 88 24 57 44 45 81 33 77 46 26 73 96 14 
80-11-15 1?2.472 = 11 41 88 24 85 97 74 35 30 44 16 45 81 33 77 46 73 15 
80-12-15 1?2.325 = 12 55 91 53 75 65 69 84 60 96 46 77 33 49 76 63 26 73 15 
80-11-12 1?2.393 = 11 41 88 24 57 44 16 81 33 25 69 65 75 53 91 55 12 
80-12-13 1?2.108 = 12 55 91 53 69 25 33 77 46 26 73 96 60 84 65 75 13 
80-11-13 1?2.192 = 11 41 88 24 57 44 16 81 33 77 46 60 84 65 75 13 
stop
