start
146-0-1 1?1.869 = 0 21 34 57 27 78 16 26 72 22 99 77 93 81 1 
146-0-2 1?1.803 = 0 21 89 60 81 93 31 77 22 99 55 69 20 88 2 
146-0-3 1?1.679 = 0 89 60 81 93 31 77 22 99 36 88 20 84 94 3 
146-0-4 1?2.376 = 0 89 60 81 93 31 77 99 22 64 34 57 16 26 72 55 69 84 4 
146-0-5 1?2.569 = 0 89 60 81 93 31 77 99 22 64 34 57 16 26 72 55 69 97 45 5 
146-0-6 1?2.702 = 0 89 60 81 93 31 77 22 99 55 69 75 17 18 96 37 80 49 23 90 6 
146-0-7 1?2.532 = 0 89 60 81 93 31 77 22 99 55 69 75 17 18 96 37 80 49 7 
146-0-8 1?2.647 = 0 89 60 81 93 31 77 22 99 55 69 75 17 18 96 74 85 19 44 67 50 8 
146-0-9 1?2.44 = 0 63 61 54 53 41 30 82 98 71 40 25 28 73 43 76 32 58 65 48 9 
146-0-10 1?2.44 = 0 63 61 54 53 41 30 82 98 39 71 40 25 28 73 43 76 32 58 65 10 
146-0-11 1?2.377 = 0 21 34 57 27 35 53 41 30 82 98 39 71 40 25 28 73 95 11 
146-0-12 1?2.309 = 0 89 60 31 77 99 22 64 34 57 35 53 41 30 82 39 79 38 12 
146-0-13 1?1.938 = 0 21 34 57 27 35 53 41 30 82 98 39 66 79 13 
146-0-14 1?1.9 = 0 89 60 31 77 99 22 64 34 57 35 53 41 30 82 14 
146-0-15 1?1.868 = 0 89 60 93 77 99 22 64 34 57 27 35 54 61 15 
146-1-2 1?1.633 = 1 60 89 31 77 93 81 36 99 22 55 69 20 88 2 
146-1-3 1?1.517 = 1 89 60 81 93 31 77 99 22 55 69 20 88 94 3 
146-1-4 1?1.893 = 1 60 89 31 77 93 81 36 99 22 55 69 20 84 86 4 
146-1-5 1?2.307 = 1 89 60 81 93 31 77 99 22 64 34 16 26 72 55 69 97 45 5 
146-1-6 1?2.525 = 1 89 60 81 93 31 77 99 22 64 34 16 26 72 55 69 97 45 70 51 6 
146-1-7 1?2.479 = 1 60 89 31 93 77 22 99 55 69 75 17 18 96 37 80 49 23 90 47 7 
146-1-8 1?2.489 = 1 89 60 81 93 31 77 99 22 64 72 16 26 75 17 18 96 74 19 44 67 50 8 
146-1-9 1?2.466 = 1 60 81 93 31 77 99 22 72 26 16 78 42 46 83 52 29 68 48 9 
146-1-10 1?2.428 = 1 60 89 21 61 54 53 41 30 82 98 71 40 25 28 73 43 76 32 10 
146-1-11 1?2.29 = 1 81 93 31 77 64 34 57 27 35 53 41 30 82 98 71 40 25 95 11 
146-1-12 1?2.131 = 1 81 93 77 99 22 64 34 57 27 35 53 41 30 82 39 79 38 12 
146-1-13 1?1.925 = 1 81 93 77 99 22 64 34 57 27 35 53 41 30 82 39 66 13 
146-1-14 1?1.829 = 1 60 81 93 31 77 99 22 64 34 57 27 35 53 41 30 82 14 
146-1-15 1?1.707 = 1 60 81 93 31 77 99 22 64 34 57 27 35 54 61 15 
146-2-3 1?1.671 = 2 92 81 60 89 31 77 22 99 55 69 20 88 94 3 
146-2-4 1?1.907 = 2 92 81 93 60 89 31 77 22 99 36 88 20 84 86 4 
146-2-5 1?2.163 = 2 92 81 93 31 77 22 99 55 69 20 84 97 45 70 5 
146-2-6 1?2.481 = 2 92 81 93 60 89 31 77 22 99 36 88 20 84 97 45 70 59 51 6 
146-2-7 1?2.528 = 2 92 81 93 31 77 22 99 55 69 75 17 18 80 37 49 23 90 47 7 
146-2-8 1?2.557 = 2 92 81 93 60 89 31 77 22 99 55 69 75 17 18 96 74 19 44 67 50 8 
146-2-9 1?2.647 = 2 92 81 93 77 99 22 64 34 57 27 78 42 46 83 52 29 68 48 9 
146-2-10 1?2.545 = 2 36 99 22 64 34 57 35 53 41 30 82 98 71 40 25 28 73 43 10 
146-2-11 1?2.498 = 2 92 81 93 77 99 22 64 34 57 27 35 53 41 30 82 98 71 40 95 11 
146-2-12 1?2.341 = 2 92 81 93 31 77 99 22 64 34 57 35 53 41 30 82 39 66 79 38 12 
146-2-13 1?2.233 = 2 92 81 93 31 77 99 22 64 34 57 27 35 53 41 30 82 98 39 66 13 
146-2-14 1?2.067 = 2 92 81 93 77 99 22 64 34 57 27 35 53 41 30 82 91 33 14 
146-2-15 1?1.808 = 2 92 81 93 31 77 99 22 64 34 57 27 35 54 61 15 
146-3-4 1?2.13 = 3 94 88 36 93 81 60 89 31 77 22 55 69 84 4 
146-3-5 1?2.275 = 3 94 20 88 36 93 31 77 22 99 55 69 97 45 5 
146-3-6 1?2.258 = 3 94 88 20 69 55 75 17 18 96 37 80 23 90 6 
146-3-7 1?2.506 = 3 94 88 20 69 55 72 26 75 17 18 96 74 19 44 67 50 7 
146-3-8 1?2.402 = 3 94 88 20 69 55 72 16 26 75 17 18 96 74 19 44 67 50 8 
146-3-9 1?2.475 = 3 94 84 97 45 70 87 80 49 67 44 19 74 85 52 29 68 48 9 
146-3-10 1?2.558 = 3 94 84 97 45 70 87 80 49 67 44 19 74 85 52 29 68 65 58 32 10 
146-3-11 1?2.477 = 3 94 20 55 72 26 16 57 35 53 41 30 82 98 71 40 25 95 11 
146-3-12 1?2.409 = 3 94 20 69 55 72 26 16 57 27 35 53 41 30 82 39 66 79 38 12 
146-3-13 1?2.263 = 3 94 88 20 69 55 72 26 16 57 35 53 41 30 82 98 39 66 13 
146-3-14 1?2.41 = 3 94 20 88 36 93 31 77 99 22 64 34 57 27 35 53 41 30 82 14 
146-3-15 1?2.146 = 3 94 88 20 69 55 72 16 57 27 35 53 41 30 82 91 33 15 
146-4-5 1?2.453 = 4 86 97 45 70 87 80 37 19 44 67 49 23 90 51 59 5 
146-4-6 1?2.244 = 4 86 97 45 70 87 80 37 96 74 19 44 67 49 23 90 6 
146-4-7 1?2.166 = 4 86 97 45 70 87 80 49 37 96 74 85 19 44 67 50 7 
146-4-8 1?2.431 = 4 86 97 45 70 59 51 6 47 90 23 49 80 37 96 74 19 44 67 50 8 
146-4-9 1?2.319 = 4 86 97 45 70 87 80 37 49 67 44 19 74 85 52 29 68 48 9 
146-4-10 1?2.317 = 4 86 97 45 70 87 80 49 67 44 19 74 85 52 29 68 65 58 10 
146-4-11 1?2.544 = 4 86 45 70 87 80 37 96 74 85 52 29 68 65 58 32 76 43 11 
146-4-12 1?2.507 = 4 84 20 69 55 72 16 57 35 53 41 30 82 39 66 79 38 12 
146-4-13 1?2.374 = 4 84 20 69 55 72 26 16 57 35 53 41 30 82 98 39 66 13 
146-4-14 1?2.601 = 4 84 20 88 36 93 31 77 99 22 64 34 57 27 35 53 41 30 82 14 
146-4-15 1?2.492 = 4 84 20 88 36 99 22 64 34 57 27 35 53 41 30 82 91 33 15 
146-5-6 1?2.251 = 5 59 51 90 23 49 80 37 96 74 85 19 44 67 50 7 47 6 
146-5-7 1?1.968 = 5 59 51 6 47 90 23 49 80 37 96 74 85 19 44 67 50 7 
146-5-8 1?1.812 = 5 59 51 6 47 90 23 49 80 37 96 74 85 19 44 67 50 8 
146-5-9 1?2.122 = 5 59 51 90 23 49 80 37 96 74 19 44 67 24 52 29 68 48 9 
146-5-10 1?2.324 = 5 59 51 90 23 49 80 37 96 74 85 19 44 67 24 52 29 68 65 58 32 10 
146-5-11 1?2.28 = 5 59 51 90 23 49 80 37 19 85 52 29 68 65 58 32 76 43 11 
146-5-12 1?2.494 = 5 59 51 90 23 49 80 37 19 74 85 52 29 68 76 43 73 95 12 
146-5-13 1?2.568 = 5 45 97 69 55 72 26 16 57 27 35 53 41 30 82 98 39 66 13 
146-5-14 1?2.662 = 5 59 70 45 97 69 55 72 26 16 57 27 35 53 41 30 82 91 33 14 
146-5-15 1?2.575 = 5 86 84 20 69 55 72 26 16 57 27 35 53 41 30 82 91 33 15 
146-6-7 1?1.978 = 6 47 90 23 49 37 80 96 62 74 19 85 24 44 67 50 7 
146-6-8 1?1.786 = 6 47 90 23 49 80 37 96 62 74 85 19 44 67 50 24 8 
146-6-9 1?1.868 = 6 47 90 23 80 37 49 50 67 44 19 74 85 52 29 68 48 9 
146-6-10 1?2.104 = 6 47 90 23 49 80 37 96 74 85 19 44 67 50 24 52 29 68 65 58 32 10 
146-6-11 1?2.178 = 6 47 90 23 49 80 37 96 74 19 85 52 29 68 65 58 32 76 43 73 11 
146-6-12 1?2.351 = 6 90 23 49 80 37 96 74 19 85 52 29 68 65 58 32 76 43 73 95 12 
146-6-13 1?2.542 = 6 90 23 49 80 37 19 74 85 52 29 68 76 43 28 25 40 56 79 13 
146-6-14 1?2.732 = 6 51 59 70 45 97 69 55 72 26 16 57 27 35 53 41 30 82 91 33 14 
146-6-15 1?2.644 = 6 51 70 45 97 69 55 72 26 16 57 27 35 53 41 30 82 91 33 15 
146-7-8 1?1.746 = 7 47 90 23 49 80 37 96 62 74 85 19 44 67 50 24 8 
146-7-9 1?1.626 = 7 47 90 23 49 80 37 44 19 74 85 52 29 68 48 9 
146-7-10 1?1.886 = 7 47 90 23 49 80 37 96 74 19 44 67 24 52 29 68 65 58 32 10 
146-7-11 1?2.121 = 7 50 67 44 19 74 62 85 52 29 68 65 58 32 76 43 28 73 95 11 
146-7-12 1?2.339 = 7 90 23 49 80 37 96 74 19 85 52 29 68 65 58 32 76 43 73 95 12 
146-7-13 1?2.44 = 7 50 67 44 19 74 85 52 29 68 65 58 32 76 43 73 28 25 40 56 79 13 
146-7-14 1?2.721 = 7 50 67 44 19 74 85 52 29 68 65 58 32 76 43 28 25 40 71 39 66 14 
146-7-15 1?2.769 = 7 47 90 23 49 37 80 96 18 17 78 27 57 35 53 41 30 82 91 33 15 
146-8-9 1?1.6 = 8 50 67 44 19 74 62 83 52 29 68 76 32 58 65 48 9 
146-8-10 1?1.527 = 8 50 67 44 19 74 62 85 52 29 68 48 65 58 32 10 
146-8-11 1?1.616 = 8 50 67 44 19 74 85 52 29 68 65 58 32 76 43 73 11 
146-8-12 1?2.168 = 8 50 67 44 19 74 85 52 29 68 65 58 32 76 43 73 95 25 40 56 12 
146-8-13 1?2.23 = 8 50 67 44 19 74 85 52 29 68 65 58 32 76 43 28 25 40 56 79 13 
146-8-14 1?2.45 = 8 50 67 44 19 74 85 52 29 68 76 43 28 25 40 71 39 66 14 
146-8-15 1?2.751 = 8 50 67 44 19 74 96 18 17 75 72 26 16 57 27 35 53 41 30 82 91 33 15 
146-9-10 1?1.708 = 9 24 50 67 44 19 74 85 62 83 52 29 68 65 58 32 10 
146-9-11 1?1.851 = 9 24 67 44 19 74 85 52 29 68 65 58 32 76 43 73 11 
146-9-12 1?2.236 = 9 24 50 67 44 19 74 85 52 29 68 65 58 32 76 43 28 73 95 12 
146-9-13 1?2.294 = 9 48 52 29 68 65 58 32 76 43 73 28 25 40 71 39 66 79 38 13 
146-9-14 1?2.525 = 9 48 52 29 68 65 58 32 76 43 28 25 40 71 98 82 30 41 91 33 14 
146-9-15 1?2.436 = 9 48 65 58 32 76 43 28 25 40 71 39 98 30 82 41 53 54 61 15 
146-10-11 1?2.001 = 10 32 58 65 48 52 29 68 76 43 73 28 25 40 56 95 11 
146-10-12 1?1.992 = 10 32 58 65 48 52 29 68 76 43 73 95 28 25 40 56 12 
146-10-13 1?2.031 = 10 65 58 32 76 43 73 95 28 25 40 71 39 66 79 38 13 
146-10-14 1?2.432 = 10 65 58 32 76 43 28 25 40 71 98 82 30 41 53 54 61 33 14 
146-10-15 1?2.488 = 10 32 76 43 73 28 25 40 71 98 82 30 41 53 35 27 57 54 61 15 
146-11-12 1?2.16 = 11 95 73 28 25 40 71 98 30 41 82 39 66 79 38 12 
146-11-13 1?2.186 = 11 95 73 28 25 40 71 39 98 30 41 82 66 79 38 13 
146-11-14 1?2.295 = 11 95 73 28 25 40 71 39 98 82 30 41 53 54 61 33 91 14 
146-11-15 1?2.264 = 11 95 25 40 71 39 98 82 30 41 53 35 27 57 54 61 15 
146-12-13 1?2.324 = 12 95 73 28 25 40 71 39 98 30 41 82 66 79 38 13 
146-12-14 1?2.136 = 12 38 79 66 39 98 30 82 41 53 35 54 61 33 14 
146-12-15 1?1.981 = 12 38 79 66 39 82 30 41 53 35 27 57 54 61 15 
146-13-14 1?1.99 = 13 66 39 82 30 41 53 35 27 57 54 61 33 91 14 
146-13-15 1?1.951 = 13 38 79 66 39 82 30 41 53 35 27 57 54 61 15 
146-14-15 1?2.058 = 14 82 30 41 53 35 27 57 16 26 72 64 34 54 61 15 
stop
