start
723-0-1 1?2.095 = 0 84 50 93 81 80 90 37 70 51 36 85 64 29 19 1 
723-0-4 1?2.241 = 0 84 58 42 23 90 80 51 36 81 64 85 57 47 91 16 53 31 4 
723-0-7 1?2.545 = 0 84 50 93 81 36 51 80 90 23 37 52 40 46 96 26 73 69 33 7 
723-0-8 1?2.559 = 0 84 50 93 81 36 51 80 90 23 37 52 40 46 54 78 35 56 32 8 
723-0-10 1?2.54 = 0 84 50 93 81 36 51 80 90 23 37 52 46 40 49 71 98 89 82 61 30 10 
723-0-6 1?2.613 = 0 84 50 93 81 36 51 80 90 23 37 52 40 46 96 26 73 69 33 66 6 
723-0-3 1?2.041 = 0 84 50 93 81 80 90 23 37 70 51 36 64 85 20 3 
723-0-9 1?2.673 = 0 84 50 93 81 36 51 80 90 23 37 52 40 49 71 98 89 82 61 30 76 9 
723-0-2 1?1.984 = 0 84 50 93 81 80 90 23 37 70 51 36 85 64 95 2 
723-0-11 1?2.488 = 0 84 50 93 81 36 51 80 90 23 63 72 92 67 48 65 27 59 62 88 11 
723-0-5 1?2.542 = 0 84 50 93 81 80 90 23 37 70 51 36 64 85 57 47 91 16 53 31 5 
723-1-2 1?1.998 = 1 38 50 93 81 36 51 80 90 23 37 70 85 64 95 2 
723-1-3 1?2.059 = 1 19 29 81 80 90 37 70 51 36 64 85 57 47 60 3 
723-1-4 1?1.851 = 1 38 50 93 81 51 36 64 85 57 47 91 16 53 31 4 
723-0-15 1?2.042 = 0 84 50 93 81 36 51 80 90 37 23 42 24 55 15 
723-0-14 1?2.152 = 0 84 50 93 81 36 51 80 90 37 23 63 72 22 77 14 
723-0-12 1?2.322 = 0 84 50 93 81 36 51 80 90 23 97 63 72 92 67 48 65 27 59 12 
723-0-13 1?2.387 = 0 84 50 93 81 36 51 80 70 37 23 97 63 72 22 77 39 13 
723-1-5 1?2.323 = 1 19 29 81 80 70 51 36 64 85 57 60 47 91 16 53 31 5 
723-1-8 1?2.506 = 1 19 29 81 36 51 80 90 23 37 52 40 46 54 68 78 35 56 32 8 
723-1-6 1?2.496 = 1 19 29 81 36 51 80 90 23 37 52 40 46 96 26 73 69 33 66 6 
723-1-7 1?2.585 = 1 19 29 81 36 51 80 90 23 37 70 34 41 26 73 69 33 66 7 
723-1-15 1?2.028 = 1 19 29 81 36 51 80 90 37 23 42 24 83 55 15 
723-2-3 1?1.971 = 2 95 29 81 80 90 37 70 51 36 64 85 57 60 3 
723-2-4 1?1.821 = 2 19 29 81 51 36 64 85 57 60 91 16 53 31 4 
723-2-5 1?1.937 = 2 19 29 81 51 36 64 85 57 60 91 16 53 31 5 
723-1-12 1?2.411 = 1 38 50 93 81 36 51 80 90 23 37 52 63 72 92 67 48 65 27 59 12 
723-1-13 1?2.46 = 1 38 50 93 81 36 51 80 90 23 37 52 46 40 63 72 22 77 39 13 
723-2-6 1?2.333 = 2 95 64 85 36 51 80 90 23 37 52 96 26 73 69 33 66 6 
723-1-9 1?2.592 = 1 19 29 81 36 51 80 90 23 37 52 46 49 71 98 89 82 61 30 76 9 
723-1-10 1?2.51 = 1 38 50 93 81 36 51 80 90 23 37 52 46 40 49 71 98 89 82 61 30 10 
723-1-14 1?2.093 = 1 19 29 81 36 51 80 90 23 37 52 63 72 22 77 14 
723-1-11 1?2.501 = 1 19 29 81 36 51 80 90 37 23 63 72 92 67 48 65 27 59 62 88 11 
723-3-4 1?2.052 = 3 20 64 81 80 51 36 85 57 60 47 91 16 53 31 4 
723-2-15 1?2.209 = 2 95 64 85 36 51 80 90 23 37 52 63 72 97 24 83 55 15 
723-3-5 1?2.106 = 3 20 64 81 80 51 36 85 57 60 91 16 53 31 5 
723-2-12 1?2.383 = 2 95 19 29 81 36 51 80 90 23 37 52 63 72 92 67 48 65 27 59 12 
723-2-13 1?2.413 = 2 95 19 29 64 81 36 51 80 90 23 37 52 63 72 22 77 39 13 
723-2-7 1?2.446 = 2 95 64 81 36 51 80 90 23 37 70 34 41 26 73 69 33 7 
723-2-9 1?2.487 = 2 95 64 36 51 80 90 23 37 52 46 40 49 71 98 89 82 61 30 76 9 
723-2-10 1?2.482 = 2 95 19 29 81 36 51 80 90 23 37 52 46 40 49 71 98 89 82 61 30 10 
723-2-8 1?2.501 = 2 95 19 29 81 36 51 80 90 23 37 52 40 46 54 78 35 56 32 8 
723-2-14 1?2.279 = 2 95 19 29 81 36 51 80 90 23 37 52 63 72 97 24 83 14 
723-2-11 1?2.402 = 2 19 29 81 36 51 80 90 23 97 63 72 92 67 48 65 27 59 62 88 11 
723-4-5 1?2.219 = 4 31 53 91 47 57 85 64 36 51 80 70 34 41 45 5 
723-3-6 1?2.052 = 3 60 57 47 91 53 16 34 41 26 73 69 33 66 6 
723-3-15 1?2.344 = 3 60 47 57 85 64 36 51 80 90 23 37 52 63 72 97 24 55 15 
723-3-10 1?2.36 = 3 20 85 64 36 51 80 90 23 37 52 40 49 71 98 89 82 61 30 10 
723-3-9 1?2.545 = 3 20 85 64 36 51 80 90 23 37 52 40 49 71 98 89 82 61 30 76 9 
723-3-7 1?2.507 = 3 60 57 85 36 51 80 90 23 37 70 34 41 26 73 69 33 7 
723-3-12 1?2.533 = 3 60 57 85 64 81 36 51 80 90 23 37 52 63 72 92 67 48 65 27 59 12 
723-3-8 1?2.539 = 3 60 57 85 64 36 51 80 90 23 37 52 40 46 54 78 35 56 32 8 
723-3-13 1?2.649 = 3 60 47 57 85 64 81 36 51 80 90 23 37 52 63 97 24 22 77 39 13 
723-3-11 1?2.41 = 3 20 85 64 36 51 80 90 23 37 52 46 40 49 71 28 44 99 17 43 11 
723-3-14 1?2.569 = 3 60 47 57 85 64 81 36 51 80 90 23 37 52 46 40 63 97 24 83 14 
723-5-6 1?2.059 = 5 31 53 91 16 34 41 26 25 73 69 33 66 86 6 
723-4-6 1?1.943 = 4 31 53 91 16 34 41 26 25 73 69 33 66 86 6 
723-4-7 1?2.254 = 4 31 53 16 91 60 57 47 34 41 26 25 73 69 33 66 7 
723-4-12 1?2.368 = 4 31 53 91 47 57 85 36 51 80 90 23 63 72 92 67 48 65 27 59 12 
723-4-9 1?2.451 = 4 31 53 16 34 41 26 18 68 78 79 89 82 61 30 75 76 9 
723-4-8 1?2.343 = 4 31 53 91 16 34 41 26 25 73 18 68 78 35 56 32 8 
723-4-15 1?2.299 = 4 31 53 16 91 47 57 85 64 36 51 80 90 37 23 42 24 55 15 
723-4-10 1?2.492 = 4 31 53 91 47 57 85 36 51 80 37 52 40 49 71 98 89 82 61 10 
723-4-13 1?2.504 = 4 31 53 16 91 47 57 85 64 81 36 51 80 90 23 63 72 22 77 39 13 
723-4-11 1?2.394 = 4 31 53 91 16 34 41 26 18 68 78 79 89 82 99 17 43 11 
723-4-14 1?2.443 = 4 31 53 16 91 60 57 85 64 36 51 80 90 23 97 63 72 22 77 14 
723-6-7 1?2.388 = 6 45 16 53 91 60 57 47 34 41 26 73 69 33 7 
723-5-7 1?2.131 = 5 31 53 16 91 60 57 47 34 41 26 73 69 33 7 
723-5-8 1?2.235 = 5 31 53 91 16 34 41 26 18 68 78 35 56 32 8 
723-6-8 1?2.131 = 6 86 66 33 69 73 18 87 94 68 78 79 35 56 32 8 
723-5-12 1?2.484 = 5 31 53 91 47 57 85 36 51 80 90 23 63 72 92 67 48 65 27 59 12 
723-5-9 1?2.542 = 5 31 53 91 16 34 41 26 18 68 78 79 98 89 82 75 76 9 
723-5-13 1?2.449 = 5 31 53 16 91 47 57 85 64 36 51 80 90 23 97 22 77 39 13 
723-5-15 1?2.415 = 5 31 53 16 91 47 57 85 64 36 51 80 90 37 23 42 24 55 15 
723-5-10 1?2.608 = 5 31 53 91 47 57 85 36 51 80 37 52 40 49 71 98 89 82 61 10 
723-5-14 1?2.464 = 5 31 53 16 91 47 57 85 64 36 51 80 90 23 97 63 72 22 77 14 
723-5-11 1?2.593 = 5 31 53 91 16 34 41 26 18 68 78 79 89 82 61 99 17 43 11 
723-7-10 1?2.032 = 7 66 33 69 73 18 94 35 78 79 89 82 61 30 10 
723-6-9 1?2.035 = 6 86 66 33 69 73 18 68 78 79 98 89 82 75 76 9 
723-7-9 1?2.105 = 7 33 69 73 18 87 94 68 78 79 98 89 82 75 76 9 
723-7-8 1?2.172 = 7 33 69 73 18 68 78 79 98 89 82 75 76 56 32 8 
723-6-10 1?2.243 = 6 86 66 33 69 73 18 87 94 35 78 79 89 82 75 61 30 10 
723-6-12 1?2.335 = 6 66 33 69 73 18 68 78 79 82 89 98 44 28 67 48 65 27 59 12 
723-6-15 1?2.654 = 6 45 16 53 91 47 57 85 64 81 36 51 80 90 23 42 24 55 15 
723-6-13 1?2.634 = 6 66 33 69 87 94 68 78 79 89 82 99 17 88 62 59 27 65 13 
723-7-11 1?2.25 = 7 33 69 73 18 87 94 35 78 79 98 89 82 61 99 17 43 11 
723-6-11 1?2.287 = 6 66 33 69 73 18 68 78 79 98 89 82 75 30 61 99 17 43 11 
723-6-14 1?2.778 = 6 66 33 69 73 26 41 34 85 64 36 51 80 90 23 63 72 22 77 14 
723-8-10 1?1.909 = 8 32 56 35 78 79 75 30 61 82 89 99 17 43 10 
723-8-9 1?2.125 = 8 32 56 35 78 79 82 89 98 99 17 43 61 30 76 9 
723-8-11 1?1.73 = 8 32 56 35 78 79 89 82 75 30 61 99 17 43 11 
723-7-12 1?2.302 = 7 33 69 73 18 68 78 79 89 82 61 99 17 43 88 62 59 12 
723-7-15 1?2.634 = 7 33 69 73 26 41 34 47 57 85 64 36 51 80 90 23 42 55 15 
723-8-12 1?2.17 = 8 32 56 35 78 79 75 30 61 82 89 98 44 28 67 48 65 27 59 12 
723-8-15 1?2.625 = 8 32 56 35 78 79 82 89 98 71 49 92 72 63 97 42 24 55 15 
723-7-13 1?2.576 = 7 87 94 35 78 79 89 82 61 99 17 43 88 62 59 27 65 13 
723-8-13 1?2.349 = 8 32 56 35 78 79 89 82 61 99 17 43 88 62 59 27 65 13 
723-7-14 1?2.715 = 7 33 69 73 26 41 34 70 36 51 80 90 23 97 63 72 22 77 14 
723-8-14 1?2.553 = 8 32 56 35 78 79 89 82 99 17 88 62 59 27 65 48 67 21 39 14 
723-9-10 1?2.009 = 9 32 56 35 78 79 75 30 61 82 89 99 17 43 10 
723-9-11 1?1.798 = 9 76 30 61 82 89 98 44 28 67 48 65 27 59 62 88 11 
723-9-12 1?2.021 = 9 76 75 82 89 98 28 44 99 17 43 88 62 59 27 48 65 12 
723-10-12 1?1.93 = 10 30 61 82 89 98 28 44 99 17 43 88 62 59 27 48 65 12 
723-10-11 1?1.751 = 10 30 61 75 82 89 98 44 28 67 48 65 27 59 62 88 11 
723-10-13 1?2.029 = 10 30 61 82 89 99 17 43 88 62 59 27 65 48 67 21 13 
723-10-15 1?2.448 = 10 30 61 82 89 99 17 88 62 59 27 65 48 67 21 77 83 55 15 
723-9-15 1?2.623 = 9 76 75 82 89 99 17 43 88 62 59 27 65 48 67 21 77 22 83 15 
723-9-13 1?2.296 = 9 76 30 61 82 89 99 17 43 88 62 59 27 65 48 67 21 39 13 
723-10-14 1?2.247 = 10 30 61 82 89 98 99 17 43 88 62 59 27 65 48 67 21 39 14 
723-9-14 1?2.432 = 9 76 30 61 82 89 98 99 17 43 88 62 59 27 65 48 67 21 39 14 
723-11-12 1?1.77 = 11 43 17 99 61 30 75 82 89 98 44 28 48 27 59 12 
723-12-15 1?2.094 = 12 59 62 88 27 65 48 67 92 72 63 97 24 83 55 15 
723-13-15 1?2.321 = 13 39 77 22 97 23 37 70 36 51 80 90 42 55 15 
723-14-15 1?2.325 = 14 77 22 72 63 23 37 70 51 80 90 42 24 55 15 
723-11-13 1?1.97 = 11 43 17 99 61 82 89 98 44 28 27 65 48 21 39 13 
723-12-13 1?2.023 = 12 59 62 88 43 17 99 61 82 89 98 44 28 48 65 13 
723-11-15 1?2.256 = 11 43 17 99 88 62 59 27 65 48 67 21 39 77 22 24 55 15 
723-12-14 1?2.179 = 12 59 62 88 43 17 99 82 89 98 44 28 67 21 39 14 
723-13-14 1?2.461 = 13 39 77 22 72 63 97 23 37 70 80 90 42 24 83 14 
723-11-14 1?2.283 = 11 43 17 99 61 30 75 82 89 98 44 28 27 65 48 67 21 39 14 
stop
