start
600-0-3 1?2.182 = 0 82 35 51 49 96 30 66 93 97 22 65 47 68 60 3 
600-0-1 1?2.229 = 0 54 72 48 98 20 34 75 67 40 27 51 35 82 62 1 
600-0-6 1?2.628 = 0 82 35 51 27 40 96 49 30 24 66 93 97 22 65 45 43 39 53 6 
600-0-4 1?2.204 = 0 82 35 51 27 40 96 49 30 24 66 93 97 22 65 47 68 4 
600-0-9 1?2.656 = 0 72 48 98 20 80 50 78 88 77 32 92 19 83 57 36 38 90 33 58 9 
600-0-8 1?2.67 = 0 82 35 51 27 40 96 49 30 24 66 93 97 64 76 41 31 71 85 8 
600-0-2 1?2.258 = 0 62 82 35 51 27 40 96 49 30 24 93 97 66 46 17 2 
600-0-11 1?2.108 = 0 54 72 48 98 20 80 50 78 88 77 32 92 19 83 57 36 38 90 11 
600-0-5 1?2.417 = 0 82 35 51 49 96 30 24 66 93 97 64 42 22 65 45 43 53 39 5 
600-0-7 1?2.585 = 0 62 82 35 51 27 40 24 66 93 97 64 76 31 41 81 59 28 25 7 
600-0-10 1?2.367 = 0 54 72 48 98 20 80 50 78 88 77 32 92 19 83 57 36 38 90 33 10 
600-0-15 1?2 = 0 62 82 35 51 27 40 67 75 34 20 98 48 72 54 15 
600-0-14 1?1.74 = 0 62 82 35 51 27 40 67 75 34 20 80 50 78 16 14 
600-1-3 1?2.325 = 1 86 49 96 30 24 66 93 97 64 42 22 65 47 68 60 3 
600-1-4 1?2.198 = 1 62 82 35 51 49 96 30 24 93 97 22 65 47 68 4 
600-1-6 1?2.6 = 1 62 82 35 51 27 40 49 96 30 24 66 93 97 64 42 84 63 6 
600-1-5 1?2.513 = 1 62 82 35 51 49 96 30 24 66 93 97 22 65 47 68 45 43 5 
600-0-13 1?2.139 = 0 62 82 35 51 49 30 96 40 27 67 75 34 20 80 50 78 88 13 
600-1-8 1?2.797 = 1 62 82 35 51 27 40 87 23 44 56 37 70 99 74 55 71 85 8 
600-0-12 1?2.11 = 0 54 72 48 98 20 80 50 78 88 77 32 92 19 83 57 36 91 12 
600-1-7 1?2.646 = 1 62 82 35 51 49 96 30 24 66 93 97 64 76 31 41 81 28 25 7 
600-1-2 1?2.387 = 1 62 82 35 51 27 40 96 49 30 24 93 97 66 46 17 2 
600-1-14 1?1.869 = 1 62 82 35 51 27 40 67 75 34 20 80 50 78 16 14 
600-2-5 1?2.214 = 2 17 86 49 96 30 24 66 93 97 22 65 45 43 53 39 5 
600-1-15 1?2.129 = 1 62 82 35 51 27 40 67 75 34 20 98 48 72 54 15 
600-1-13 1?2.371 = 1 86 49 96 30 24 44 23 37 70 29 89 75 34 20 80 50 78 88 13 
600-1-12 1?2.357 = 1 62 82 35 48 98 20 80 50 78 88 77 32 92 19 83 57 36 91 12 
600-2-4 1?2.17 = 2 17 86 49 96 30 24 66 93 97 64 42 22 65 47 68 4 
600-2-3 1?2.3 = 2 17 86 49 96 30 24 66 93 97 42 22 65 47 68 60 3 
600-2-6 1?2.653 = 2 17 86 49 96 30 24 66 93 97 22 65 47 68 45 43 39 53 6 
600-1-9 1?2.784 = 1 62 82 35 51 27 40 96 30 24 44 23 37 70 99 74 55 71 73 9 
600-1-10 1?2.549 = 1 62 82 35 48 98 80 50 88 77 32 92 19 83 57 36 38 90 33 10 
600-1-11 1?2.309 = 1 62 82 35 48 98 80 50 78 88 77 32 92 19 83 57 36 38 90 11 
600-2-14 1?1.936 = 2 17 86 49 30 96 40 27 67 75 34 20 80 50 78 16 14 
600-3-5 1?2.237 = 3 60 21 46 66 93 97 64 42 22 65 47 68 45 43 5 
600-2-15 1?2.193 = 2 17 46 66 97 93 24 30 96 40 27 51 35 72 54 15 
600-2-12 1?2.4 = 2 17 86 49 30 96 24 44 23 37 70 94 61 79 57 83 19 92 32 77 12 
600-2-13 1?2.4 = 2 17 86 49 30 24 44 23 37 70 29 89 75 34 20 80 50 78 88 13 
600-3-4 1?2.103 = 3 60 21 46 49 96 30 24 66 93 97 22 65 47 68 4 
600-2-8 1?2.787 = 2 17 86 49 96 30 24 66 97 93 44 23 37 70 99 74 55 71 85 8 
600-2-7 1?2.715 = 2 17 46 66 97 93 24 44 23 37 70 99 95 31 41 81 59 28 25 7 
600-2-9 1?2.727 = 2 17 86 49 96 30 24 66 97 93 44 23 37 70 99 74 55 71 73 9 
600-2-10 1?2.645 = 2 17 86 49 96 30 24 66 97 93 44 23 37 70 99 74 69 58 33 10 
600-2-11 1?2.454 = 2 17 86 49 96 30 24 44 23 37 70 94 61 79 83 57 36 38 90 11 
600-4-5 1?2.212 = 4 68 47 26 22 42 97 66 93 64 76 84 53 39 43 5 
600-3-14 1?2.223 = 3 60 21 17 86 49 30 96 40 27 67 89 75 34 20 80 50 78 16 14 
600-3-13 1?2.399 = 3 60 26 22 97 93 66 24 44 23 87 67 75 34 20 80 50 78 88 13 
600-3-12 1?2.454 = 3 60 26 22 97 93 66 24 44 23 37 70 61 79 57 83 19 92 32 77 12 
600-3-6 1?2.602 = 3 60 21 46 66 93 97 64 42 22 65 47 68 45 43 39 53 6 
600-3-15 1?2.409 = 3 60 68 47 65 22 97 93 66 24 30 96 40 27 51 35 72 54 15 
600-3-8 1?2.706 = 3 60 68 47 65 22 97 93 24 44 23 37 70 99 95 31 41 18 8 
600-3-9 1?2.586 = 3 60 68 47 65 22 97 93 66 24 44 23 37 70 99 74 55 73 9 
600-3-7 1?2.615 = 3 60 21 46 49 96 30 24 66 93 97 64 76 31 41 81 59 28 25 7 
600-3-10 1?2.566 = 3 60 26 22 42 97 93 66 24 44 23 37 70 99 74 69 58 33 10 
600-3-11 1?2.498 = 3 60 21 46 49 96 30 24 44 23 37 70 61 79 83 57 36 38 90 11 
600-5-6 1?2.455 = 5 39 43 45 68 47 26 65 22 42 84 63 81 28 25 6 
600-4-8 1?2.407 = 4 68 47 65 22 97 66 93 44 23 37 99 95 31 41 18 8 
600-4-6 1?2.445 = 4 68 47 65 22 66 93 97 64 76 31 41 81 59 28 25 6 
600-4-7 1?2.283 = 4 68 47 65 22 66 93 97 64 76 31 41 81 59 28 25 7 
600-4-14 1?2.198 = 4 68 47 65 22 97 66 93 44 23 87 67 75 34 20 80 50 78 16 14 
600-4-9 1?2.381 = 4 68 47 65 22 97 93 66 24 44 23 37 70 99 74 55 73 9 
600-4-12 1?2.36 = 4 68 47 65 22 97 66 93 44 23 37 70 61 79 57 83 19 92 32 77 12 
600-4-15 1?2.348 = 4 68 47 65 22 42 97 93 66 24 30 49 96 40 27 51 35 72 54 15 
600-4-13 1?2.44 = 4 68 47 65 22 97 93 66 24 44 23 87 29 89 75 34 20 80 50 78 88 13 
600-4-10 1?2.375 = 4 68 47 65 22 97 66 93 44 23 37 70 99 74 69 58 33 10 
600-4-11 1?2.378 = 4 68 47 65 22 97 93 44 23 37 70 61 79 83 57 36 38 90 11 
600-6-8 1?2.544 = 6 63 84 42 64 97 93 66 24 44 56 95 31 41 18 8 
600-5-8 1?2.361 = 5 39 43 45 68 47 26 22 65 84 63 25 28 59 52 8 
600-5-7 1?2.303 = 5 39 43 45 68 47 26 22 65 42 84 63 25 28 59 7 
600-6-7 1?2.522 = 6 39 43 45 68 47 26 22 65 42 84 63 25 28 59 7 
600-5-9 1?2.44 = 5 43 45 65 22 97 93 66 24 44 23 37 70 99 74 55 73 9 
600-5-12 1?2.439 = 5 43 45 65 22 97 93 66 24 44 23 37 70 61 79 57 83 19 92 91 12 
600-5-13 1?2.426 = 5 43 45 65 22 97 93 66 24 44 23 87 67 75 34 20 80 50 78 88 13 
600-5-14 1?2.319 = 5 43 45 65 22 97 93 66 24 44 23 87 67 75 34 20 80 50 78 16 14 
600-5-10 1?2.496 = 5 43 45 65 22 97 93 66 24 44 23 37 70 99 74 69 58 33 10 
600-5-15 1?2.523 = 5 39 53 43 45 68 47 65 22 97 93 66 24 30 96 49 51 35 72 54 15 
600-5-11 1?2.478 = 5 43 45 65 22 97 66 93 44 23 37 70 61 79 83 57 36 38 90 11 
600-7-8 1?2.521 = 7 25 28 81 41 31 95 56 37 70 99 74 55 71 85 8 
600-7-9 1?2.384 = 7 25 28 81 41 31 95 56 44 23 37 99 74 55 73 9 
600-6-9 1?2.435 = 6 63 84 42 97 66 93 44 23 37 70 99 74 55 73 9 
600-7-10 1?2.193 = 7 25 28 59 52 18 41 31 95 74 55 71 73 58 33 10 
600-6-12 1?2.336 = 6 25 28 59 52 18 71 55 69 90 38 36 57 83 19 91 92 32 77 12 
600-6-13 1?2.429 = 6 25 28 59 52 18 71 55 69 90 38 36 57 83 19 92 32 77 13 
600-6-14 1?2.493 = 6 63 84 42 97 93 24 44 23 37 70 29 89 75 34 20 80 50 78 16 14 
600-7-11 1?2.484 = 7 25 28 59 52 18 41 31 95 74 79 57 83 19 91 36 38 90 11 
600-6-10 1?2.628 = 6 63 84 42 64 97 93 66 24 44 23 37 70 99 74 69 58 33 10 
600-6-11 1?2.596 = 6 63 84 42 97 66 93 44 23 37 70 94 61 79 83 57 36 38 90 11 
600-6-15 1?2.746 = 6 63 84 42 64 97 93 66 24 44 23 37 70 87 40 27 51 35 72 54 15 
600-8-9 1?2.448 = 8 18 41 31 95 56 44 23 87 37 70 99 74 55 73 9 
600-8-10 1?2.362 = 8 18 31 95 56 44 23 37 70 99 74 69 58 33 10 
600-8-12 1?2.019 = 8 85 71 55 58 33 69 90 38 36 57 83 19 91 92 32 77 12 
600-7-12 1?2.159 = 7 25 28 59 52 18 71 55 69 90 36 57 83 19 91 92 32 77 12 
600-8-11 1?2.08 = 8 85 71 55 69 90 38 36 57 83 19 92 32 77 12 11 
600-7-13 1?2.336 = 7 25 28 59 52 18 71 55 69 90 38 36 57 83 19 91 92 32 77 13 
600-8-13 1?2.309 = 8 85 71 55 58 33 69 90 38 36 57 83 19 91 92 32 77 88 13 
600-8-14 1?2.343 = 8 85 71 55 69 90 38 36 57 83 19 92 32 77 88 78 50 80 16 14 
600-7-14 1?2.462 = 7 25 28 81 41 31 95 56 44 23 37 70 29 89 75 34 20 80 50 78 16 14 
600-7-15 1?2.567 = 7 25 28 59 81 41 31 76 64 97 93 66 24 40 27 51 35 72 54 15 
600-8-15 1?2.691 = 8 18 41 31 95 99 70 37 23 44 24 30 49 96 40 27 51 35 72 54 15 
600-9-12 1?1.551 = 9 58 33 69 90 38 36 57 83 19 91 92 32 77 12 
600-10-12 1?1.245 = 10 33 58 69 90 38 36 57 83 19 91 92 32 77 12 
600-9-10 1?2.33 = 9 58 33 69 90 38 36 57 83 19 91 92 32 77 12 11 10 
600-10-11 1?1.634 = 10 33 58 69 90 38 36 57 83 19 91 92 32 77 12 11 
600-9-11 1?1.94 = 9 58 33 69 90 38 36 57 83 19 91 92 32 77 12 11 
600-10-13 1?1.9 = 10 33 58 69 90 38 36 57 83 19 91 92 32 77 88 50 78 13 
600-9-13 1?2.298 = 9 58 33 69 90 38 36 57 83 19 91 92 32 77 88 50 80 78 13 
600-9-14 1?2.087 = 9 58 33 90 38 36 57 83 19 91 92 32 77 88 78 50 80 16 14 
600-10-14 1?1.858 = 10 33 58 69 90 38 36 57 83 19 91 32 77 88 78 50 80 16 14 
600-10-15 1?2.121 = 10 58 33 90 38 36 57 83 19 92 32 77 88 78 50 80 20 98 15 
600-9-15 1?2.415 = 9 58 33 90 38 36 57 83 19 91 32 77 88 78 50 80 20 98 15 
600-11-12 1?1.635 = 11 10 33 58 69 90 38 36 57 83 19 91 92 32 77 12 
600-11-13 1?1.599 = 11 90 38 36 57 83 19 91 92 32 77 88 50 80 78 13 
600-11-14 1?1.435 = 11 90 38 36 57 83 19 92 32 77 88 78 50 80 16 14 
600-12-14 1?1.66 = 12 91 92 19 83 57 79 61 94 29 89 75 34 80 16 14 
600-13-14 1?1.864 = 13 77 32 92 19 83 57 79 61 94 29 89 75 34 80 16 14 
600-12-13 1?1.799 = 12 77 32 92 19 83 57 79 94 29 89 75 34 80 50 78 13 
600-11-15 1?1.756 = 11 90 38 36 57 83 19 92 32 77 88 78 50 80 98 15 
600-13-15 1?1.829 = 13 88 78 50 80 20 34 75 67 40 27 51 35 72 54 15 
600-12-15 1?1.775 = 12 91 19 83 92 32 77 88 78 50 80 20 48 72 54 15 
600-14-15 1?1.693 = 14 16 78 50 80 20 34 75 89 67 27 51 35 72 54 15 
stop
