start
342-0-2 1?2.246 = 0 72 83 61 88 57 35 30 55 69 22 45 67 40 37 48 17 2 
342-0-4 1?1.985 = 0 72 83 61 88 57 30 35 69 45 67 40 37 84 70 63 4 
342-0-1 1?1.858 = 0 72 83 28 86 55 22 69 35 30 57 82 88 61 29 1 
342-0-3 1?2.057 = 0 72 83 61 88 82 57 35 30 55 69 22 45 67 48 16 3 
342-0-5 1?2.433 = 0 83 61 88 82 57 35 30 55 69 22 45 67 40 37 84 70 65 90 5 
342-0-11 1?2.396 = 0 72 83 43 28 86 68 49 24 74 51 19 44 58 77 60 66 75 97 11 
342-0-10 1?2.435 = 0 72 56 20 85 31 98 49 24 74 51 19 44 93 58 18 36 46 80 10 
342-0-9 1?2.515 = 0 72 83 43 28 86 68 49 24 74 51 19 44 77 60 18 36 46 95 9 
342-0-6 1?2.579 = 0 72 83 61 88 57 35 30 55 69 67 40 37 84 70 65 90 27 76 87 6 
342-0-8 1?2.56 = 0 72 83 43 30 35 69 22 41 21 73 94 32 42 92 25 39 71 91 8 
342-0-7 1?2.504 = 0 72 83 61 88 57 35 30 55 69 22 41 21 73 94 32 42 92 47 54 7 
342-1-4 1?1.743 = 1 82 88 57 30 35 69 22 45 67 40 37 84 70 63 4 
342-0-14 1?2.137 = 0 72 83 61 88 82 57 35 30 43 86 28 20 56 23 14 
342-1-2 1?2.055 = 1 29 88 82 57 30 35 69 22 45 67 40 37 48 17 2 
342-0-15 1?1.909 = 0 72 83 61 88 82 57 35 30 43 86 28 20 56 23 15 
342-1-3 1?1.821 = 1 82 88 57 35 30 55 69 22 45 67 40 37 48 16 3 
342-0-12 1?2.368 = 0 72 83 43 28 86 68 49 24 74 51 93 58 77 60 66 75 97 12 
342-1-5 1?2.227 = 1 29 88 82 57 35 30 55 69 22 45 67 40 37 84 70 65 90 5 
342-1-6 1?2.357 = 1 82 88 57 30 35 69 22 45 67 40 37 84 70 65 90 27 76 87 6 
342-0-13 1?2.154 = 0 72 83 61 29 82 88 43 28 86 68 31 89 38 13 
342-1-7 1?2.513 = 1 29 61 88 82 57 35 30 55 69 22 41 21 73 94 32 42 92 62 47 54 7 
342-1-8 1?2.448 = 1 82 88 57 35 30 55 69 22 41 21 73 94 32 42 92 25 39 71 91 8 
342-1-14 1?2.315 = 1 29 61 88 82 57 30 35 69 22 55 43 28 86 68 31 85 14 
342-1-13 1?2.4 = 1 29 61 88 82 57 30 35 69 55 43 86 28 68 31 89 38 13 
342-2-4 1?1.922 = 2 82 88 57 30 35 69 22 45 67 40 37 84 70 63 4 
342-2-3 1?2 = 2 82 88 57 35 30 55 69 22 45 67 40 37 48 16 3 
342-2-5 1?2.414 = 2 82 88 57 35 30 55 69 22 45 67 40 37 84 70 65 90 27 5 
342-1-11 1?2.355 = 1 82 88 57 35 30 55 69 22 21 41 24 74 51 19 44 77 60 75 66 11 
342-1-12 1?2.401 = 1 82 57 35 30 55 69 22 41 24 74 51 19 44 77 60 66 75 97 12 
342-2-6 1?2.529 = 2 82 88 57 35 30 55 69 22 45 40 37 84 70 65 90 27 76 87 6 
342-1-15 1?1.92 = 1 29 61 88 82 57 30 35 55 43 28 86 68 20 56 23 15 
342-1-9 1?2.516 = 1 82 88 57 35 30 55 69 22 41 21 73 94 32 42 92 25 39 71 91 9 
342-1-10 1?2.498 = 1 82 88 57 35 30 55 69 22 21 41 49 24 74 51 19 44 77 60 18 36 80 10 
342-2-14 1?2.641 = 2 57 35 30 55 69 22 41 21 99 33 74 24 49 98 31 89 38 14 
342-2-13 1?2.651 = 2 57 30 35 69 22 41 24 74 51 44 77 60 66 75 97 81 52 13 
342-3-5 1?2.195 = 3 48 16 70 84 37 40 67 45 59 79 65 90 27 76 5 
342-3-4 1?2.071 = 3 16 48 17 57 30 35 69 22 45 67 40 37 84 70 63 4 
342-2-7 1?2.403 = 2 82 88 57 35 30 55 69 22 41 21 73 94 32 42 92 47 54 7 
342-2-12 1?2.489 = 2 57 35 30 55 69 22 41 49 24 74 51 19 44 77 60 66 75 97 12 
342-2-11 1?2.517 = 2 82 88 57 30 35 69 22 41 24 74 51 19 44 77 60 66 75 97 11 
342-2-15 1?2.481 = 2 17 48 37 40 67 45 22 69 55 35 30 43 28 86 68 20 56 23 15 
342-2-9 1?2.614 = 2 57 35 30 55 69 22 21 41 24 74 51 19 44 77 60 18 36 46 95 9 
342-2-8 1?2.561 = 2 57 30 35 69 22 41 21 73 94 32 42 92 47 64 25 39 71 91 8 
342-2-10 1?2.629 = 2 82 88 57 35 30 55 69 22 21 41 24 74 51 19 44 93 58 18 36 80 10 
342-4-5 1?2.003 = 4 63 70 84 16 48 37 40 59 79 65 90 27 76 87 5 
342-3-14 1?2.512 = 3 16 84 70 65 79 59 94 73 99 33 74 24 49 98 31 85 14 
342-3-13 1?2.581 = 3 16 70 84 37 40 67 45 69 35 30 43 28 86 68 31 89 38 13 
342-3-6 1?2.55 = 3 16 70 84 37 40 67 45 69 22 41 21 73 94 32 42 92 62 78 6 
342-3-7 1?2.571 = 3 16 48 37 40 67 45 21 41 33 99 73 94 32 42 92 62 47 54 7 
342-3-12 1?2.537 = 3 16 37 40 67 45 21 41 49 24 74 51 19 44 77 60 66 75 97 12 
342-3-11 1?2.493 = 3 16 84 70 65 79 59 94 73 99 33 24 74 19 44 77 60 75 66 11 
342-3-15 1?2.304 = 3 16 48 37 40 67 45 22 69 35 57 30 43 86 28 20 56 23 15 
342-3-8 1?2.556 = 3 16 84 70 65 79 59 94 73 32 42 92 62 47 64 25 39 71 91 8 
342-3-9 1?2.626 = 3 16 70 84 37 79 59 94 73 32 42 92 47 64 25 39 71 91 9 
342-3-10 1?2.615 = 3 16 84 70 65 79 59 94 73 99 33 24 74 51 19 44 77 60 18 36 80 10 
342-5-6 1?2.281 = 5 4 63 70 84 16 48 37 40 59 79 65 90 27 76 87 6 
342-4-6 1?1.892 = 4 63 70 84 16 48 37 40 59 79 65 90 27 76 87 6 
342-4-14 1?2.611 = 4 63 70 84 37 79 59 94 73 99 33 51 74 24 49 98 31 85 14 
342-4-7 1?2.351 = 4 63 70 84 37 40 67 69 22 41 21 73 94 32 42 92 47 54 7 
342-4-13 1?2.667 = 4 63 70 84 37 40 67 45 94 73 99 33 74 24 49 98 31 89 38 13 
342-4-12 1?2.517 = 4 63 70 84 37 40 67 45 21 41 24 74 51 19 44 77 60 66 75 97 12 
342-4-11 1?2.5 = 4 63 70 84 37 40 67 45 21 41 49 24 74 51 19 44 77 60 66 75 97 11 
342-4-8 1?2.4 = 4 63 70 84 65 79 59 94 73 32 42 92 47 64 25 39 71 91 8 
342-4-9 1?2.468 = 4 63 70 84 65 79 59 94 73 32 42 92 47 64 25 39 71 91 9 
342-4-10 1?2.369 = 4 65 79 59 94 73 99 33 24 74 51 19 44 58 18 36 46 80 10 
342-4-15 1?2.421 = 4 63 70 84 37 40 67 45 21 41 22 69 55 35 30 43 86 28 20 56 23 15 
342-6-7 1?2.163 = 6 87 76 27 90 65 79 59 94 73 32 42 92 47 54 7 
342-5-7 1?2.346 = 5 76 27 79 59 94 73 99 33 53 96 32 42 92 47 54 7 
342-5-14 1?2.543 = 5 27 76 87 50 32 94 73 99 33 74 24 49 98 89 31 85 14 
342-6-8 1?2.16 = 6 87 76 27 90 65 79 59 50 42 92 25 39 71 91 8 
342-5-13 1?2.655 = 5 27 76 87 50 32 94 73 99 33 51 74 24 49 98 31 89 38 13 
342-5-11 1?2.415 = 5 90 65 79 59 94 73 99 33 24 74 51 93 58 77 60 66 75 97 11 
342-5-12 1?2.442 = 5 90 79 59 94 73 99 33 24 74 51 19 44 77 60 66 75 97 12 
342-5-8 1?2.364 = 5 90 65 79 59 94 73 32 42 92 62 47 64 25 39 71 91 8 
342-5-9 1?2.415 = 5 90 79 59 94 73 99 33 24 74 51 93 58 18 36 46 95 9 
342-5-10 1?2.286 = 5 90 79 59 94 73 99 33 24 74 51 93 58 18 36 46 80 10 
342-5-15 1?2.494 = 5 90 79 59 94 73 99 33 74 24 49 98 89 31 85 20 56 23 15 
342-7-9 1?2.158 = 7 54 47 64 25 39 71 91 26 34 58 77 60 18 36 95 9 
342-7-8 1?2.17 = 7 54 47 62 92 42 32 94 73 99 96 39 25 71 91 8 
342-6-9 1?2.169 = 6 87 76 27 50 42 92 62 47 64 25 39 71 91 26 9 
342-7-10 1?1.927 = 7 54 47 64 25 39 71 91 26 95 46 36 18 66 80 10 
342-6-13 1?2.647 = 6 87 50 94 73 99 33 24 74 19 44 77 60 66 75 97 81 52 13 
342-7-11 1?2.106 = 7 54 47 64 25 39 71 91 26 34 95 46 80 36 18 60 66 75 97 11 
342-6-11 1?2.347 = 6 87 50 32 94 73 99 33 24 74 51 19 44 77 60 66 75 97 11 
342-6-14 1?2.876 = 6 78 62 92 42 32 94 73 99 33 51 74 24 49 98 89 31 85 20 56 23 14 
342-6-12 1?2.427 = 6 87 50 32 94 73 99 33 24 74 51 93 58 77 60 66 75 97 12 
342-6-10 1?2.314 = 6 87 50 32 94 73 99 33 24 74 51 19 44 77 18 36 80 10 
342-6-15 1?2.473 = 6 78 62 92 42 32 94 73 99 33 74 24 49 98 31 85 20 56 23 15 
342-8-9 1?2.192 = 8 91 71 39 25 92 42 32 94 73 99 33 53 34 26 9 
342-8-10 1?1.929 = 8 25 39 71 91 26 95 46 36 18 77 60 75 66 80 10 
342-8-11 1?2.085 = 8 64 25 39 71 91 26 95 46 80 36 18 58 77 60 66 75 97 11 
342-8-13 1?2.382 = 8 64 25 39 71 91 26 34 95 46 80 36 18 66 75 97 81 52 13 
342-7-13 1?2.359 = 7 54 47 64 25 39 71 91 26 95 46 80 36 18 66 75 97 81 52 13 
342-8-12 1?2.266 = 8 64 25 39 71 91 26 95 46 80 36 18 77 60 66 75 97 81 12 
342-8-14 1?2.572 = 8 91 71 39 25 92 42 32 94 73 99 33 74 24 49 98 89 31 85 14 
342-7-14 1?2.622 = 7 54 47 64 25 39 71 91 26 95 46 36 18 60 66 75 97 81 52 38 14 
342-7-12 1?2.214 = 7 54 47 64 25 39 71 34 26 95 46 80 36 18 77 60 66 75 97 12 
342-7-15 1?2.417 = 7 54 47 92 42 32 94 73 99 33 74 24 49 98 31 85 20 56 23 15 
342-8-15 1?2.563 = 8 64 47 92 42 32 94 73 99 33 74 24 49 98 89 31 85 20 56 23 15 
342-10-11 1?1.79 = 10 80 36 18 58 93 51 74 24 19 44 77 60 75 66 11 
342-9-11 1?1.868 = 9 95 46 80 36 18 58 93 44 19 77 60 66 75 97 11 
342-10-13 1?1.943 = 10 80 46 36 18 58 93 44 77 60 66 75 97 81 52 13 
342-10-12 1?1.906 = 10 80 36 18 58 93 51 74 24 19 44 77 60 75 97 12 
342-9-10 1?2.05 = 9 91 25 39 71 26 95 46 36 18 77 60 75 66 80 10 
342-9-13 1?2.368 = 9 91 71 25 39 34 26 95 46 80 36 18 60 66 75 97 81 52 13 
342-10-14 1?2.245 = 10 80 36 18 60 77 58 93 44 19 51 74 24 49 98 89 31 85 14 
342-9-12 1?2.167 = 9 95 46 36 18 58 93 51 74 24 19 44 77 60 66 75 97 12 
342-9-14 1?2.464 = 9 95 46 80 36 66 75 60 77 44 19 51 74 24 49 98 31 85 14 
342-9-15 1?2.372 = 9 95 46 36 18 58 44 19 51 74 24 49 98 89 31 85 20 56 23 15 
342-10-15 1?2.314 = 10 80 36 18 60 77 58 93 44 19 51 74 24 49 98 31 85 20 56 23 15 
342-11-13 1?1.956 = 11 97 75 66 60 77 44 19 74 24 49 98 89 38 13 
342-12-13 1?2.039 = 12 97 75 66 60 77 44 19 74 24 49 98 89 38 13 
342-12-14 1?2.01 = 12 97 75 66 60 77 44 19 74 24 49 98 31 85 14 
342-13-14 1?2.263 = 13 52 81 97 75 77 44 51 74 24 49 98 31 85 14 
342-11-12 1?2.014 = 11 97 75 66 60 77 44 19 74 24 49 98 52 81 12 
342-14-15 1?2.344 = 14 23 56 20 28 86 43 30 35 57 88 29 61 83 72 15 
342-13-15 1?2.183 = 13 52 81 19 44 51 74 24 49 98 31 85 20 56 23 15 
342-11-14 1?2.158 = 11 97 75 66 60 77 58 93 44 19 51 74 24 49 98 31 85 14 
342-12-15 1?2.024 = 12 97 75 66 60 77 44 19 98 89 31 85 20 56 23 15 
342-11-15 1?2.051 = 11 66 75 60 77 44 19 51 74 24 49 98 31 85 20 56 23 15 
stop
