start
640-0-2 1?2.046 = 0 27 80 50 99 85 67 78 36 44 25 43 29 26 2 
640-0-3 1?1.957 = 0 27 80 50 99 85 67 78 36 79 26 29 43 68 3 
640-0-1 1?2.052 = 0 27 55 50 80 21 19 16 70 74 67 78 36 79 1 
640-0-4 1?2.529 = 0 27 50 80 21 19 16 70 74 67 78 36 26 29 43 88 35 61 4 
640-0-6 1?2.495 = 0 27 80 50 85 74 18 49 71 82 17 84 62 53 20 41 39 64 96 6 
640-0-9 1?2.493 = 0 27 80 50 85 74 49 71 82 56 65 40 72 93 48 92 34 59 9 
640-0-7 1?2.72 = 0 27 80 50 85 67 78 36 44 25 49 18 71 82 17 28 53 20 41 7 
640-0-8 1?2.637 = 0 27 80 50 85 74 49 71 82 56 65 40 72 93 48 92 34 76 90 8 
640-0-10 1?2.411 = 0 27 80 50 85 74 49 71 82 56 65 40 72 33 47 30 52 89 10 
640-0-11 1?2.483 = 0 27 80 50 85 74 18 49 71 82 56 65 72 33 47 30 52 77 11 
640-0-5 1?2.283 = 0 27 80 50 85 67 78 36 26 29 43 88 35 81 69 24 22 97 94 5 
640-0-13 1?1.978 = 0 27 55 99 85 50 80 21 75 86 54 83 37 87 13 
640-0-15 1?2.08 = 0 27 80 50 85 67 74 70 16 19 21 75 54 86 15 
640-0-14 1?1.878 = 0 27 80 50 85 67 74 70 16 19 21 75 86 54 14 
640-1-3 1?2.169 = 1 55 27 80 50 85 67 78 36 79 26 29 43 68 3 
640-1-2 1?2.173 = 1 55 27 80 50 99 85 67 78 36 44 43 29 26 2 
640-1-4 1?2.465 = 1 55 27 80 50 85 67 78 36 79 26 29 43 68 58 61 4 
640-1-8 1?2.725 = 1 79 36 78 67 74 18 49 71 82 56 65 40 72 93 48 92 76 90 8 
640-1-6 1?2.699 = 1 55 27 80 50 85 74 49 71 82 17 28 53 20 41 39 64 96 6 
640-0-12 1?2.518 = 0 27 55 99 85 50 80 21 75 86 54 83 37 87 91 46 51 66 12 
640-1-7 1?2.83 = 1 79 26 29 43 88 35 81 69 57 24 22 97 94 45 96 64 39 20 41 7 
640-1-5 1?2.514 = 1 55 99 85 67 78 36 44 26 29 43 88 35 81 69 24 22 97 94 5 
640-1-15 1?2.4 = 1 79 26 29 44 36 78 67 85 50 80 21 75 54 86 15 
640-1-14 1?2.198 = 1 79 26 29 44 36 78 67 85 50 80 21 75 86 54 14 
640-1-13 1?2.436 = 1 79 36 78 67 85 50 80 21 19 75 86 54 83 37 87 13 
640-2-4 1?2.461 = 2 79 26 29 43 88 35 81 69 24 97 94 22 61 58 4 
640-2-3 1?2.407 = 2 79 99 85 67 78 36 26 29 43 88 35 61 58 68 3 
640-1-12 1?2.523 = 1 79 36 78 67 85 50 80 21 75 86 54 83 37 91 46 51 12 
640-1-10 1?2.505 = 1 79 36 78 67 74 18 71 82 56 65 40 72 33 47 30 52 89 10 
640-1-9 1?2.602 = 1 79 36 78 67 74 49 71 82 56 65 40 72 93 48 92 34 59 9 
640-1-11 1?2.639 = 1 79 36 78 67 74 18 49 71 82 56 65 40 72 33 47 30 52 77 11 
640-2-5 1?2.145 = 2 26 29 43 68 58 61 88 35 81 69 57 24 22 97 94 5 
640-2-6 1?2.626 = 2 26 29 43 63 32 28 53 20 41 39 57 69 24 22 97 94 45 96 6 
640-2-15 1?2.491 = 2 26 29 43 44 36 78 67 85 99 50 80 21 75 54 86 15 
640-3-4 1?2.389 = 3 58 61 22 24 69 57 53 20 41 39 96 45 97 94 5 4 
640-2-14 1?2.544 = 2 26 29 43 25 44 36 78 67 85 99 50 80 21 75 54 86 14 
640-2-13 1?2.593 = 2 26 29 43 44 36 78 67 85 99 50 80 21 75 86 54 83 13 
640-3-5 1?2 = 3 58 61 22 24 69 57 53 20 41 39 96 45 97 94 5 
640-2-12 1?2.769 = 2 79 36 78 67 85 50 80 21 75 86 54 83 37 87 91 46 51 66 12 
640-2-10 1?2.551 = 2 79 36 78 67 74 18 49 71 82 56 65 72 33 47 30 52 89 10 
640-2-8 1?2.708 = 2 79 36 78 67 74 49 71 82 56 65 40 72 93 48 92 34 76 8 
640-2-9 1?2.808 = 2 26 29 43 88 35 81 22 24 69 57 39 41 20 62 84 42 48 92 34 59 9 
640-2-11 1?2.845 = 2 26 29 44 36 78 67 74 18 49 71 82 56 65 72 33 47 30 52 77 11 
640-2-7 1?2.673 = 2 26 29 43 88 35 61 81 69 24 22 97 94 45 96 64 39 53 20 41 7 
640-3-15 1?2.469 = 3 68 58 61 35 88 43 29 26 44 36 78 67 85 99 50 80 15 
640-3-13 1?2.545 = 3 68 43 29 26 36 78 67 85 99 50 80 21 75 86 54 83 13 
640-3-6 1?2.313 = 3 68 58 61 88 35 81 69 24 22 97 94 45 96 39 53 20 41 64 6 
640-3-14 1?2.486 = 3 68 58 88 35 43 29 26 36 78 67 85 50 80 21 75 86 54 14 
640-4-5 1?1.958 = 4 61 88 35 81 69 24 57 53 20 41 39 96 45 97 94 5 
640-3-12 1?2.819 = 3 68 43 29 26 36 78 67 85 50 80 21 75 86 54 83 37 87 12 
640-3-8 1?2.5 = 3 68 58 61 22 24 69 57 39 41 20 53 62 84 48 92 34 76 90 8 
640-3-10 1?2.527 = 3 68 58 88 35 63 23 17 56 65 40 72 33 47 30 52 77 38 89 10 
640-3-9 1?2.549 = 3 68 58 61 22 24 69 57 39 41 20 53 62 84 42 93 48 92 34 59 9 
640-3-11 1?2.684 = 3 68 58 61 88 35 63 23 17 56 65 40 72 33 47 30 52 89 38 11 
640-3-7 1?2.517 = 3 68 58 61 88 35 32 81 69 24 22 97 94 45 96 64 39 53 20 41 7 
640-4-6 1?2.022 = 4 61 88 35 81 22 24 69 57 39 53 20 41 64 96 45 6 
640-5-6 1?1.882 = 5 94 97 22 24 69 57 39 20 53 62 84 31 41 64 96 6 
640-4-7 1?2.324 = 4 61 35 81 69 24 22 97 94 45 96 64 39 57 53 20 41 7 
640-4-12 1?2.765 = 4 5 94 97 22 24 69 57 28 17 56 65 40 72 33 60 95 51 46 12 
640-4-13 1?2.659 = 4 61 35 88 43 29 26 36 78 67 85 50 80 21 75 86 54 83 13 
640-4-8 1?2.435 = 4 61 81 69 24 22 97 94 45 96 64 39 41 20 53 62 84 31 90 8 
640-4-10 1?2.403 = 4 61 88 35 63 23 17 56 65 40 72 33 47 30 52 77 38 89 10 
640-4-15 1?2.683 = 4 61 35 88 43 29 26 36 78 67 85 99 50 80 21 75 54 86 15 
640-4-11 1?2.624 = 4 61 22 24 69 57 39 20 53 62 84 42 48 92 34 59 47 30 52 77 11 
640-4-14 1?2.63 = 4 61 58 68 43 29 26 36 78 67 85 50 80 21 75 86 54 83 14 
640-4-9 1?2.439 = 4 61 22 97 94 45 96 64 39 41 20 53 62 84 42 48 92 34 59 9 
640-6-7 1?2.04 = 6 96 64 39 41 20 53 62 84 42 93 48 92 34 76 90 7 
640-6-8 1?1.824 = 6 96 64 39 41 20 53 62 84 42 93 48 92 34 76 90 8 
640-5-8 1?1.941 = 5 94 97 22 24 69 57 39 41 20 53 62 84 48 92 34 76 8 
640-5-7 1?2.146 = 5 94 97 22 24 69 57 45 96 64 39 20 53 28 84 62 41 7 
640-5-13 1?2.566 = 5 94 97 22 24 69 57 28 17 56 65 40 72 33 60 51 46 91 87 13 
640-5-14 1?2.549 = 5 94 97 22 81 32 63 25 44 36 78 67 85 50 80 21 75 86 54 14 
640-5-15 1?2.48 = 5 94 97 22 24 69 81 35 88 43 29 26 36 78 67 85 50 80 21 15 
640-5-9 1?2.228 = 5 94 97 22 24 69 57 39 41 20 53 28 62 84 42 93 48 92 34 59 9 
640-5-10 1?2.201 = 5 94 97 22 24 69 57 28 17 56 65 72 33 47 30 77 52 89 10 
640-5-12 1?2.565 = 5 94 97 22 24 69 57 39 41 20 53 28 17 56 65 40 72 33 60 51 46 12 
640-5-11 1?2.417 = 5 94 97 22 24 69 57 39 20 53 28 17 56 65 72 33 47 30 52 77 11 
640-6-9 1?1.82 = 6 96 64 39 41 20 53 62 31 84 42 93 48 92 34 59 9 
640-7-10 1?1.835 = 7 41 20 53 62 84 42 48 92 34 59 47 30 52 89 10 
640-7-9 1?1.974 = 7 41 20 53 28 17 56 65 40 72 93 92 34 59 9 
640-7-8 1?2.063 = 7 41 20 53 62 84 17 56 65 40 72 93 48 76 90 8 
640-7-11 1?2.208 = 7 41 20 53 28 17 56 65 40 72 33 47 30 77 52 89 38 11 
640-6-10 1?1.995 = 6 96 64 39 41 20 53 62 84 48 92 34 59 47 30 52 38 89 10 
640-6-11 1?2.158 = 6 96 64 39 41 20 53 28 17 56 65 40 72 33 47 30 52 77 11 
640-6-14 1?2.563 = 6 96 64 39 41 20 53 28 17 82 71 49 18 70 16 19 75 86 54 14 
640-6-12 1?2.441 = 6 96 64 39 41 20 53 28 17 56 65 40 72 33 47 30 52 77 66 12 
640-6-13 1?2.621 = 6 96 64 39 41 20 53 28 17 56 65 40 72 33 60 95 51 46 91 87 13 
640-6-15 1?2.675 = 6 96 45 94 97 22 24 69 81 35 88 43 29 26 36 78 67 85 50 80 15 
640-8-9 1?2.083 = 8 76 31 62 84 17 56 65 40 72 93 48 92 34 59 9 
640-8-11 1?1.999 = 8 76 34 92 48 42 56 65 40 72 33 47 30 52 77 11 
640-8-10 1?1.874 = 8 90 76 34 92 48 93 72 65 40 33 47 30 52 89 10 
640-7-12 1?2.489 = 7 41 20 53 28 17 56 65 40 72 33 47 30 52 77 66 51 46 12 
640-8-12 1?2.495 = 8 90 76 34 92 48 42 17 56 65 40 72 33 47 30 52 77 66 12 
640-8-14 1?2.625 = 8 90 76 48 93 72 65 56 82 71 49 18 70 16 19 75 86 54 14 
640-8-13 1?2.675 = 8 90 76 34 92 48 42 17 56 65 40 72 33 60 95 51 46 91 87 13 
640-7-14 1?2.711 = 7 41 20 53 28 17 82 71 49 74 67 85 50 80 21 75 86 54 14 
640-7-13 1?2.786 = 7 41 20 53 28 17 56 65 40 72 33 47 30 52 77 66 51 46 91 87 13 
640-8-15 1?2.693 = 8 90 76 34 92 48 93 72 40 65 56 82 71 49 74 85 50 80 15 
640-7-15 1?2.869 = 7 41 20 53 62 84 42 93 72 40 65 56 82 71 49 74 67 85 50 80 15 
640-10-11 1?2.053 = 10 89 47 30 52 77 60 33 72 65 40 95 46 51 66 11 
640-9-11 1?1.893 = 9 59 34 92 48 42 56 65 40 72 33 47 30 52 77 11 
640-9-10 1?1.8 = 9 59 34 92 48 93 72 65 40 33 47 30 52 38 89 10 
640-9-12 1?2.054 = 9 59 34 92 48 93 72 65 40 33 47 30 52 77 66 12 
640-10-12 1?2.026 = 10 38 89 47 30 52 77 60 33 72 65 40 95 46 51 12 
640-9-13 1?2.202 = 9 59 34 92 48 42 56 65 72 33 60 51 46 91 87 13 
640-10-13 1?2.151 = 10 89 47 30 52 77 60 33 72 65 40 95 46 91 87 13 
640-9-14 1?2.507 = 9 59 34 92 48 42 56 82 71 49 74 70 16 19 75 86 54 14 
640-10-14 1?2.335 = 10 89 38 52 30 47 77 60 95 51 46 91 87 37 83 54 75 86 14 
640-10-15 1?2.452 = 10 89 38 52 30 47 33 72 40 65 56 82 71 18 70 16 19 21 15 
640-9-15 1?2.549 = 9 59 34 92 48 93 72 40 65 56 82 71 49 74 85 50 80 15 
640-11-12 1?2.048 = 11 38 89 47 30 52 77 60 33 72 65 40 95 46 51 12 
640-13-14 1?2.224 = 13 87 37 98 16 70 74 67 85 50 80 21 75 86 54 14 
640-12-14 1?2.303 = 12 66 77 52 30 47 60 95 51 46 91 87 37 83 54 86 14 
640-12-13 1?2.443 = 12 46 51 95 98 16 70 19 21 75 86 54 83 37 87 13 
640-11-13 1?2.259 = 11 38 89 52 77 30 47 33 72 65 40 95 51 46 91 87 13 
640-14-15 1?2.06 = 14 54 86 75 21 19 16 70 74 67 85 99 50 80 15 
640-13-15 1?2.238 = 13 83 54 86 75 21 19 16 70 74 67 85 50 80 15 
640-12-15 1?2.567 = 12 46 51 60 33 72 40 65 56 82 71 49 74 85 50 80 15 
640-11-14 1?2.414 = 11 38 89 47 30 52 77 60 95 51 46 91 87 37 83 54 75 86 14 
640-11-15 1?2.573 = 11 77 52 30 47 33 72 40 65 56 82 71 49 74 67 85 50 80 15 
stop
