start
61-0-1 1?2.207 = 0 89 81 66 33 39 99 97 45 51 80 16 41 63 1 
61-0-4 1?2.542 = 0 94 89 81 66 33 39 44 99 97 45 64 32 96 67 17 61 4 
61-0-6 1?2.689 = 0 94 89 81 66 33 39 44 27 42 77 29 38 91 75 56 21 76 25 6 
61-0-7 1?2.581 = 0 63 41 16 80 51 32 64 70 24 75 56 26 21 76 83 74 69 53 7 
61-0-11 1?2.33 = 0 87 89 94 60 81 66 33 39 99 44 46 62 47 82 49 98 22 37 11 
61-0-2 1?2.258 = 0 89 94 60 81 66 33 39 97 45 51 80 16 36 2 
61-0-3 1?2.287 = 0 94 89 81 66 33 39 99 97 45 51 79 18 55 3 
61-0-9 1?2.495 = 0 94 89 81 66 33 39 99 44 46 62 47 43 54 50 28 93 86 9 
61-0-5 1?2.673 = 0 63 41 16 80 51 32 64 70 24 75 56 21 76 57 26 19 95 72 5 
61-0-10 1?2.404 = 0 94 89 81 66 33 39 99 44 46 62 27 42 38 29 77 28 93 71 10 
61-0-8 1?2.637 = 0 89 94 60 97 45 34 70 24 75 56 21 76 83 69 74 53 88 35 23 8 
61-0-14 1?1.837 = 0 94 89 81 66 33 39 99 44 46 62 31 65 59 58 14 
61-0-13 1?1.838 = 0 89 94 60 81 66 33 39 99 44 46 62 47 31 13 
61-0-15 1?2.174 = 0 94 89 81 66 33 39 99 44 46 62 31 65 59 58 15 
61-1-3 1?2.147 = 1 63 41 16 80 51 32 85 79 18 55 48 67 17 61 3 
61-1-2 1?2.186 = 1 63 41 16 80 51 79 85 96 67 17 61 48 18 55 30 2 
61-1-7 1?2.463 = 1 63 41 16 80 51 32 64 70 24 75 56 21 57 76 83 69 74 53 88 7 
61-1-6 1?2.365 = 1 63 41 16 80 51 32 64 70 24 75 56 26 21 76 83 69 74 6 
61-1-4 1?2.369 = 1 63 41 16 36 30 55 18 79 80 51 64 32 96 67 17 61 4 
61-0-12 1?2.193 = 0 89 94 60 81 66 33 39 99 44 46 62 27 42 47 82 49 98 12 
61-1-5 1?2.348 = 1 63 41 16 80 51 32 64 70 24 75 56 21 76 57 19 95 72 5 
61-1-8 1?2.533 = 1 63 41 16 80 51 32 64 70 24 75 56 21 76 83 69 74 53 88 35 23 8 
61-1-14 1?1.897 = 1 63 60 81 66 33 39 99 44 46 92 59 65 58 14 
61-1-15 1?2.22 = 1 63 41 16 80 51 45 97 99 39 33 66 81 87 15 
61-2-3 1?2.155 = 2 30 36 16 80 51 64 32 85 79 18 48 67 17 61 3 
61-1-10 1?2.508 = 1 63 60 81 66 33 39 99 44 46 62 47 43 54 50 28 93 71 10 
61-2-4 1?2.224 = 2 30 36 16 80 51 79 18 55 48 61 17 67 20 95 4 
61-1-13 1?2.47 = 1 63 94 89 60 81 66 33 39 99 44 46 62 47 31 92 59 65 13 
61-2-6 1?2.4 = 2 30 36 41 16 80 51 32 64 70 24 75 56 21 76 83 69 74 6 
61-2-5 1?2.036 = 2 30 36 16 80 51 79 18 48 61 17 67 20 95 72 5 
61-1-11 1?2.619 = 1 41 63 94 89 60 81 66 33 39 99 44 46 62 47 82 49 98 22 37 11 
61-1-12 1?2.437 = 1 63 41 16 80 51 60 81 66 33 39 99 44 46 62 47 82 98 49 12 
61-1-9 1?2.815 = 1 63 94 89 81 66 33 39 99 44 46 62 27 42 38 29 77 28 93 86 9 
61-2-15 1?2.206 = 2 30 36 16 41 63 94 89 81 66 33 92 59 65 58 15 
61-2-7 1?2.261 = 2 30 36 16 80 51 32 64 70 24 75 56 21 76 83 74 69 53 7 
61-3-4 1?2.326 = 3 61 67 96 32 64 70 24 75 56 21 76 57 19 95 4 
61-2-14 1?2.334 = 2 30 36 16 41 63 60 81 66 33 39 99 44 46 92 59 65 58 14 
61-2-13 1?2.518 = 2 30 36 41 63 60 81 66 33 39 99 44 46 62 47 82 98 49 13 
61-3-5 1?2.201 = 3 61 17 67 20 19 26 57 21 76 83 69 74 25 72 5 
61-2-11 1?2.63 = 2 30 36 16 41 63 60 81 66 33 39 99 44 46 62 47 82 98 22 37 11 
61-2-10 1?2.757 = 2 30 36 41 16 80 51 32 64 70 24 75 91 38 29 77 28 93 50 78 71 10 
61-2-12 1?2.476 = 2 30 36 16 41 63 94 89 60 81 66 33 39 99 44 46 62 47 82 98 12 
61-2-9 1?2.789 = 2 30 36 16 80 51 32 64 70 24 75 91 38 29 77 54 50 28 93 86 9 
61-2-8 1?2.449 = 2 30 18 79 85 32 64 70 24 75 56 21 76 83 69 74 53 88 35 23 8 
61-3-15 1?2.543 = 3 48 85 32 64 70 24 75 91 38 29 42 27 99 39 33 66 15 
61-3-6 1?2.15 = 3 61 17 67 96 32 64 70 24 75 56 26 21 76 25 6 
61-3-7 1?2.252 = 3 55 18 79 85 32 64 70 24 75 56 21 57 76 83 69 74 53 7 
61-3-10 1?2.661 = 3 61 17 67 96 32 64 70 24 75 91 38 29 77 84 28 54 50 78 71 10 
61-3-14 1?2.448 = 3 55 18 79 80 51 32 64 45 97 99 44 39 33 92 59 65 58 14 
61-4-5 1?2.204 = 4 61 17 67 20 19 26 57 21 76 83 69 74 25 72 5 
61-3-13 1?2.581 = 3 55 18 79 85 32 64 70 24 75 91 38 29 77 42 27 44 46 62 31 13 
61-3-11 1?2.703 = 3 55 18 79 51 60 81 66 33 39 99 44 46 62 47 82 98 22 37 11 
61-3-12 1?2.574 = 3 61 17 67 96 32 64 70 24 75 91 38 29 77 42 27 46 62 47 82 98 12 
61-3-8 1?2.393 = 3 55 18 79 85 32 64 70 24 75 56 21 76 83 69 74 53 88 23 8 
61-3-9 1?2.744 = 3 61 17 67 96 32 64 70 24 75 56 21 76 83 69 74 53 88 23 9 
61-4-7 1?1.996 = 4 17 61 67 20 19 26 21 57 76 83 69 74 53 88 7 
61-5-6 1?2.139 = 5 72 95 19 26 52 70 24 75 56 21 76 83 69 74 6 
61-4-6 1?2.153 = 4 61 17 67 96 32 64 70 24 75 56 26 21 76 25 6 
61-4-15 1?2.596 = 4 17 67 96 32 64 70 24 75 91 38 29 77 42 27 99 39 33 15 
61-4-10 1?2.51 = 4 61 17 67 96 32 64 70 24 75 91 38 29 77 54 50 28 93 71 10 
61-4-11 1?2.612 = 4 61 17 67 96 32 64 70 24 75 91 38 29 77 54 28 93 50 78 11 
61-4-14 1?2.52 = 4 61 17 67 96 32 64 70 24 75 91 38 42 27 62 46 92 59 65 58 14 
61-4-13 1?2.627 = 4 61 17 67 96 32 64 70 24 75 91 38 29 42 27 99 44 46 62 31 13 
61-4-12 1?2.504 = 4 61 17 67 96 32 64 70 24 75 91 38 29 77 42 47 82 98 49 12 
61-4-8 1?2.276 = 4 61 17 67 20 95 19 26 57 21 76 83 69 74 53 88 35 23 8 
61-4-9 1?2.682 = 4 61 17 67 96 32 64 70 24 75 56 21 57 76 68 90 40 86 9 
61-5-7 1?2.047 = 5 72 95 19 26 52 70 24 75 56 21 76 83 69 74 7 
61-6-7 1?2.069 = 6 74 69 83 76 57 26 21 56 68 90 73 35 88 53 7 
61-5-15 1?2.586 = 5 72 19 52 70 24 75 91 38 29 77 42 27 62 46 44 39 33 66 15 
61-5-10 1?2.565 = 5 72 19 26 57 76 21 56 75 24 70 34 91 38 29 77 28 93 71 10 
61-6-8 1?2.15 = 6 72 95 19 26 57 21 76 83 74 69 53 88 73 35 23 8 
61-5-14 1?2.489 = 5 72 19 52 70 24 75 91 38 29 77 42 27 99 39 33 92 59 65 58 14 
61-5-13 1?2.59 = 5 72 19 57 76 21 26 52 70 24 75 91 38 29 77 42 27 46 62 31 13 
61-5-8 1?1.949 = 5 72 95 19 26 57 21 76 83 69 74 53 88 73 35 23 8 
61-5-11 1?2.667 = 5 72 95 19 52 70 24 75 91 38 29 42 27 46 62 47 82 98 22 37 11 
61-5-12 1?2.552 = 5 72 19 52 70 24 75 91 38 29 77 42 27 99 44 46 62 47 82 49 12 
61-5-9 1?2.569 = 5 72 95 19 26 21 76 57 25 74 69 83 53 88 35 73 40 86 9 
61-7-10 1?2.155 = 7 53 74 69 83 76 21 26 56 68 90 84 28 93 71 10 
61-6-10 1?2.406 = 6 74 69 83 76 21 26 52 70 24 75 91 38 29 77 28 93 71 10 
61-7-9 1?2.125 = 7 74 69 83 76 21 26 52 70 24 75 68 90 40 86 9 
61-6-15 1?2.603 = 6 25 76 21 56 75 91 38 29 77 42 27 62 46 44 99 39 33 66 15 
61-6-9 1?2.217 = 6 74 69 83 76 21 26 52 70 24 75 68 90 40 86 9 
61-7-11 1?2.358 = 7 53 69 83 76 21 26 52 70 24 75 91 38 29 77 54 50 78 11 
61-6-14 1?2.44 = 6 74 69 83 76 21 56 75 24 70 34 45 97 66 33 92 59 65 58 14 
61-7-8 1?1.911 = 7 88 53 74 69 83 76 21 26 56 68 90 73 35 23 8 
61-6-13 1?2.521 = 6 74 69 83 76 21 26 52 70 24 75 91 38 29 42 27 46 62 31 13 
61-6-11 1?2.532 = 6 74 69 83 76 21 57 26 52 70 24 75 91 38 29 77 54 50 78 11 
61-6-12 1?2.463 = 6 74 69 83 76 21 56 75 91 38 29 77 42 27 46 62 47 82 98 12 
61-8-10 1?2.222 = 8 23 88 53 74 69 83 76 21 56 68 90 40 86 71 10 
61-8-11 1?2.321 = 8 23 35 73 90 68 75 24 70 34 38 29 77 54 50 78 11 
61-8-9 1?2.046 = 8 23 35 88 53 74 69 83 76 21 56 68 90 40 86 9 
61-8-12 1?2.232 = 8 23 35 73 90 68 91 38 29 77 42 27 46 62 47 82 49 12 
61-7-15 1?2.541 = 7 53 74 69 83 76 21 56 75 91 38 29 77 42 27 44 99 39 33 15 
61-7-12 1?2.311 = 7 53 74 69 83 76 21 56 75 24 70 34 38 29 77 43 82 98 12 
61-8-14 1?2.369 = 8 23 35 73 90 68 91 38 29 77 42 27 62 46 44 39 92 59 65 58 14 
61-7-14 1?2.348 = 7 74 69 83 76 21 56 75 24 70 34 45 97 66 33 92 59 65 58 14 
61-8-15 1?2.698 = 8 23 88 53 74 69 83 76 21 56 75 24 70 34 45 97 99 39 33 15 
61-7-13 1?2.439 = 7 53 69 74 83 76 21 26 52 70 24 75 91 38 42 27 62 46 31 13 
61-8-13 1?2.5 = 8 23 35 73 90 68 91 38 29 42 27 62 46 44 99 39 92 59 65 13 
61-9-10 1?2.311 = 9 86 40 84 77 29 38 27 42 43 54 50 28 93 71 10 
61-10-12 1?1.943 = 10 71 93 28 77 29 42 27 99 44 46 62 47 82 98 12 
61-10-11 1?2.084 = 10 71 50 54 43 42 27 46 62 47 82 49 98 22 37 11 
61-9-11 1?2.261 = 9 86 93 28 54 43 42 27 46 62 47 82 98 22 37 11 
61-10-14 1?2.076 = 10 71 93 28 50 54 43 47 62 46 44 99 39 33 92 59 65 58 14 
61-9-12 1?2.232 = 9 86 93 28 54 43 42 27 99 44 46 62 47 82 98 49 12 
61-10-13 1?2.088 = 10 71 50 54 43 47 62 46 44 99 39 33 92 59 65 31 13 
61-9-13 1?2.295 = 9 86 93 28 54 43 47 62 46 44 99 39 33 92 59 65 13 
61-9-14 1?2.324 = 9 86 40 84 77 29 38 42 27 62 46 44 99 39 33 92 59 65 58 14 
61-9-15 1?2.612 = 9 86 93 28 54 43 42 27 62 46 44 99 39 33 92 59 65 58 15 
61-10-15 1?2.476 = 10 71 93 28 54 43 47 62 46 44 99 39 33 66 81 60 94 89 87 15 
61-13-14 1?1.626 = 13 31 47 62 46 44 99 39 66 33 92 65 59 58 14 
61-12-14 1?1.479 = 12 49 98 82 47 62 46 44 99 39 92 59 65 58 14 
61-12-13 1?1.669 = 12 49 98 82 47 62 46 44 99 39 33 92 59 65 13 
61-13-15 1?1.953 = 13 31 47 62 46 44 99 39 66 33 92 59 65 58 15 
61-11-12 1?2.14 = 11 37 22 98 82 47 62 46 44 99 39 92 59 65 31 49 12 
61-14-15 1?1.785 = 14 58 59 65 92 31 47 62 46 44 99 39 33 66 15 
61-11-14 1?1.865 = 11 37 22 98 49 82 47 62 46 44 99 39 33 92 59 65 58 14 
61-11-13 1?1.947 = 11 37 22 98 82 47 62 46 44 99 39 33 92 59 65 31 13 
61-12-15 1?2.023 = 12 49 98 82 47 62 46 44 99 39 33 66 81 60 94 89 87 15 
61-11-15 1?2.227 = 11 37 22 98 82 47 62 46 44 99 39 33 66 81 60 94 89 87 15 
stop
