start
67-0-1 1?2.078 = 0 41 45 54 61 70 53 74 20 99 36 47 23 97 43 1 
67-0-2 1?2.119 = 0 37 43 97 16 46 27 55 69 56 17 50 84 77 34 2 
67-0-3 1?2.029 = 0 37 43 97 16 46 27 55 69 56 17 50 84 77 34 3 
67-0-4 1?1.911 = 0 37 43 97 16 46 27 55 69 56 17 86 82 44 31 66 4 
67-0-5 1?2.441 = 0 37 43 97 16 46 27 55 69 56 17 86 82 44 31 66 81 51 65 22 5 
67-0-6 1?2.504 = 0 37 43 97 16 46 27 55 69 56 17 86 82 44 31 66 81 51 65 63 6 
67-0-7 1?2.723 = 0 37 43 16 46 27 55 69 56 17 44 31 66 81 51 65 63 18 60 7 
67-0-8 1?2.645 = 0 39 23 47 35 25 96 79 24 33 68 93 19 71 40 62 87 83 72 32 90 8 
67-0-9 1?2.463 = 0 41 45 54 61 70 53 74 29 49 58 80 33 68 93 62 67 30 9 
67-0-10 1?2.327 = 0 41 45 54 61 70 53 74 29 49 58 80 33 68 93 62 71 40 67 10 
67-0-11 1?2.347 = 0 39 23 47 57 35 25 96 79 24 33 68 93 19 71 62 40 75 73 76 11 
67-0-12 1?2.448 = 0 41 88 39 23 47 36 99 20 70 53 74 29 49 58 80 98 89 12 
67-0-13 1?2.426 = 0 88 41 45 54 61 70 53 74 57 25 96 79 80 58 49 13 
67-0-14 1?1.944 = 0 15 45 54 41 88 39 23 47 36 99 20 74 53 70 61 14 
67-0-15 1?2.052 = 0 37 43 97 23 47 36 99 20 74 53 70 61 54 45 15 
67-1-2 1?1.897 = 1 37 43 97 16 46 27 55 69 56 17 50 84 77 34 2 
67-1-3 1?1.807 = 1 37 43 97 16 46 27 55 69 56 17 50 84 77 34 3 
67-1-4 1?1.689 = 1 37 43 97 16 46 27 55 69 56 17 86 82 44 31 66 4 
67-1-5 1?2.15 = 1 43 97 16 46 27 55 69 56 17 86 82 44 31 66 81 51 65 22 5 
67-1-6 1?2.186 = 1 2 77 34 84 55 69 56 17 86 82 44 31 66 81 51 65 63 18 60 6 
67-1-7 1?2.437 = 1 2 77 34 84 55 69 56 17 86 82 44 31 66 81 51 65 63 18 60 7 
67-1-8 1?2.737 = 1 43 97 42 35 25 96 79 24 33 68 93 19 71 62 87 83 59 90 8 
67-1-9 1?2.383 = 1 43 97 23 47 57 35 25 96 79 24 33 68 93 19 62 71 40 67 30 9 
67-1-10 1?2.401 = 1 37 43 97 23 47 57 35 25 96 79 24 33 68 93 19 62 71 40 67 30 10 
67-1-11 1?2.437 = 1 43 97 23 47 35 25 96 79 24 33 68 93 19 62 71 40 75 73 76 11 
67-1-12 1?2.559 = 1 37 43 97 23 47 36 99 20 70 53 74 29 49 58 80 91 98 89 12 
67-1-13 1?2.543 = 1 37 43 97 23 47 36 99 88 41 45 54 61 70 20 74 53 94 13 
67-1-14 1?2.131 = 1 37 43 97 42 23 47 36 99 20 88 41 45 54 61 14 
67-1-15 1?1.83 = 1 37 43 97 23 47 36 99 20 74 53 70 61 54 45 15 
67-2-3 1?1.915 = 2 34 77 84 27 55 69 50 56 17 86 82 44 31 81 66 4 3 
67-2-4 1?1.525 = 2 34 77 84 27 55 69 50 56 17 86 82 44 31 81 66 4 
67-2-5 1?1.916 = 2 77 34 84 27 55 69 50 56 17 86 82 44 66 31 81 51 65 22 5 
67-2-6 1?1.872 = 2 77 34 84 55 69 56 17 86 82 44 31 66 81 51 22 65 63 18 60 6 
67-2-7 1?2.121 = 2 77 34 84 55 69 56 17 86 82 44 31 66 81 51 65 63 18 60 85 7 
67-2-8 1?2.405 = 2 77 34 84 55 86 44 31 66 81 51 65 63 18 60 85 72 32 90 8 
67-2-9 1?2.439 = 2 48 43 97 42 35 25 96 79 24 68 93 19 62 71 40 67 30 9 
67-2-10 1?2.364 = 2 48 43 97 23 47 35 25 96 79 24 33 68 93 19 62 71 40 67 10 
67-2-11 1?2.563 = 2 48 43 97 42 35 25 96 79 24 33 68 93 19 62 71 40 75 73 76 11 
67-2-12 1?2.746 = 2 34 77 84 27 46 16 42 23 47 57 35 25 96 79 80 58 49 89 12 
67-2-13 1?2.598 = 2 77 34 84 50 56 69 55 27 46 16 42 23 47 36 99 20 70 94 13 
67-2-14 1?2.352 = 2 77 34 84 55 27 46 16 42 23 47 36 99 20 74 53 70 61 14 
67-2-15 1?1.925 = 2 48 43 97 23 47 36 99 20 74 53 70 61 54 45 15 
67-3-4 1?1.41 = 3 34 77 84 27 55 69 50 56 17 86 82 44 81 31 66 4 
67-3-5 1?1.501 = 3 34 77 84 55 69 56 17 86 82 44 31 66 81 51 22 5 
67-3-6 1?1.71 = 3 34 77 84 55 69 56 17 86 82 44 31 66 81 51 65 63 18 60 6 
67-3-7 1?1.961 = 3 34 77 84 55 69 56 17 86 82 44 31 66 81 51 65 63 18 60 7 
67-3-8 1?2.16 = 3 50 56 69 86 82 44 31 66 81 51 65 63 18 60 85 72 32 90 8 
67-3-9 1?2.381 = 3 50 56 69 86 82 44 31 66 81 51 65 63 18 60 85 72 32 59 9 
67-3-10 1?2.337 = 3 50 56 69 55 27 92 64 28 21 78 87 93 19 62 71 40 67 10 
67-3-11 1?2.549 = 3 50 56 69 55 27 92 64 28 21 78 87 93 19 62 71 40 75 76 11 
67-3-12 1?2.59 = 3 34 77 84 27 46 16 42 23 47 36 99 20 70 53 74 29 49 89 12 
67-3-13 1?2.511 = 3 34 77 84 50 56 69 55 27 46 16 42 47 36 99 20 53 70 94 13 
67-3-14 1?2.348 = 3 34 77 84 50 17 56 69 55 27 46 16 42 23 47 36 99 20 61 14 
67-3-15 1?1.861 = 3 34 77 84 46 16 42 23 47 36 99 88 41 45 54 15 
67-4-5 1?1.727 = 4 17 56 50 69 55 27 86 82 44 31 66 81 51 65 22 5 
67-4-6 1?1.467 = 4 17 56 69 86 82 44 31 66 81 51 22 65 63 18 60 6 
67-4-7 1?1.897 = 4 17 56 69 55 86 82 44 31 66 81 51 22 65 63 18 60 85 7 
67-4-8 1?2.067 = 4 66 31 44 82 81 51 22 65 63 18 60 85 83 72 32 59 90 8 
67-4-9 1?2.264 = 4 66 31 44 82 81 51 22 65 63 18 60 85 83 72 32 90 59 9 
67-4-10 1?2.318 = 4 66 31 44 82 86 92 64 28 21 78 87 93 19 62 71 40 67 30 10 
67-4-11 1?2.499 = 4 66 31 44 82 92 64 95 38 79 24 33 68 93 19 62 71 40 75 73 76 11 
67-4-12 1?2.511 = 4 66 31 44 82 86 69 55 27 92 64 95 38 79 80 58 49 89 12 
67-4-13 1?2.373 = 4 66 31 44 17 56 69 55 27 46 16 42 23 47 36 99 74 53 94 13 
67-4-14 1?2.348 = 4 66 31 44 82 86 17 56 69 55 27 46 16 42 23 47 36 99 20 53 70 61 14 
67-4-15 1?2.152 = 4 66 31 44 82 86 69 55 27 46 16 42 23 47 36 99 88 41 45 54 15 
67-5-6 1?1.749 = 5 66 31 44 17 56 69 86 82 81 51 22 65 63 18 60 6 
67-5-7 1?1.998 = 5 66 31 44 17 56 69 86 82 81 51 65 63 18 60 85 7 
67-5-8 1?2.2 = 5 22 51 65 63 18 60 85 28 21 78 83 72 32 8 
67-5-9 1?2.153 = 5 22 65 63 18 60 85 83 87 93 19 62 71 40 67 30 9 
67-5-10 1?2.102 = 5 22 65 63 18 60 85 83 87 93 19 62 71 40 67 30 10 
67-5-11 1?2.345 = 5 22 51 65 63 18 60 85 83 87 62 40 71 19 93 68 73 76 11 
67-5-12 1?2.476 = 5 22 65 63 18 60 85 83 87 93 19 62 71 40 75 73 91 12 
67-5-13 1?2.531 = 5 66 31 44 17 56 69 55 27 46 16 42 47 36 99 20 53 94 13 
67-5-14 1?2.393 = 5 81 66 31 44 17 56 69 55 27 46 16 42 23 47 36 99 20 61 14 
67-5-15 1?2.35 = 5 81 66 31 44 82 86 69 55 27 46 16 42 47 36 99 88 41 45 54 15 
67-6-7 1?2.388 = 6 5 66 31 44 17 56 69 86 82 81 51 65 63 18 60 85 7 
67-6-8 1?2.155 = 6 60 18 63 65 22 51 28 21 78 87 83 72 32 8 
67-6-9 1?2.193 = 6 18 60 85 72 32 90 59 83 87 93 62 71 40 67 30 9 
67-6-10 1?2.105 = 6 63 18 60 85 72 32 90 59 83 87 93 62 71 40 67 10 
67-6-11 1?2.343 = 6 63 18 60 85 72 32 90 59 83 87 93 19 62 71 40 75 73 76 11 
67-6-12 1?2.462 = 6 63 18 60 85 83 87 93 19 62 40 71 68 73 76 91 98 89 12 
67-6-13 1?2.691 = 6 18 60 85 83 87 62 40 71 19 93 68 33 24 80 58 49 29 94 13 
67-6-14 1?2.571 = 6 60 18 63 65 51 92 52 26 42 23 47 36 99 20 74 53 70 61 14 
67-6-15 1?2.596 = 6 63 65 51 81 66 31 44 86 69 55 27 46 16 42 23 39 88 41 45 54 15 
67-7-8 1?2.377 = 7 32 59 72 83 87 62 19 93 68 71 40 67 30 9 90 8 
67-7-9 1?2.295 = 7 32 72 83 87 62 40 71 19 93 68 33 73 75 67 30 9 
67-7-10 1?2.244 = 7 32 72 83 87 62 40 71 19 93 68 33 73 75 67 30 10 
67-7-11 1?2.06 = 7 8 90 59 32 72 83 87 93 19 62 40 71 68 75 73 76 11 
67-7-12 1?2.395 = 7 32 90 59 72 83 87 93 19 62 40 71 68 75 73 76 91 98 89 12 
67-7-13 1?2.489 = 7 32 72 83 87 62 40 71 19 93 68 33 24 79 80 58 49 94 13 
67-7-14 1?2.629 = 7 72 32 90 59 83 87 78 21 38 96 25 35 57 74 53 70 61 14 
67-7-15 1?2.66 = 7 32 72 59 83 87 78 21 38 96 25 35 57 36 99 88 41 45 54 15 
67-8-9 1?1.789 = 8 90 32 72 83 87 62 40 71 19 93 68 75 67 30 9 
67-8-10 1?1.56 = 8 90 59 32 72 83 87 93 68 19 62 71 40 67 30 10 
67-8-11 1?1.595 = 8 90 32 72 83 87 62 40 71 19 93 68 75 73 76 11 
67-8-12 1?1.908 = 8 90 32 72 83 87 62 40 71 19 93 68 73 76 91 98 89 12 
67-8-13 1?2.196 = 8 90 32 72 83 87 62 40 71 19 93 68 33 24 80 58 49 29 94 13 
67-8-14 1?2.414 = 8 90 32 72 83 87 62 40 71 19 93 68 33 80 58 49 29 74 53 70 14 
67-8-15 1?2.485 = 8 90 59 32 72 83 87 78 21 38 96 25 35 57 47 36 99 88 41 45 54 15 
67-9-10 1?2.078 = 9 8 90 32 59 72 83 87 93 62 19 68 71 40 67 30 10 
67-9-11 1?1.811 = 9 30 67 40 71 62 19 93 68 33 24 80 58 98 91 76 11 
67-9-12 1?1.823 = 9 30 67 40 71 62 19 93 68 33 24 79 80 58 49 98 89 12 
67-9-13 1?2.163 = 9 30 67 40 71 62 19 93 68 75 73 33 24 79 80 58 49 29 94 13 
67-9-14 1?2.143 = 9 30 67 40 71 62 19 93 68 33 24 79 80 58 49 29 74 53 70 61 14 
67-9-15 1?2.162 = 9 30 67 40 71 62 19 93 68 33 24 79 96 25 57 36 99 88 41 45 54 15 
67-10-11 1?1.746 = 10 67 40 71 62 19 93 68 33 24 80 58 49 98 91 76 11 
67-10-12 1?1.542 = 10 30 67 40 71 62 19 93 68 33 24 80 58 49 89 12 
67-10-13 1?1.619 = 10 30 67 40 71 62 19 93 68 33 24 80 58 49 94 13 
67-10-14 1?1.801 = 10 67 40 71 62 93 68 33 80 58 49 29 74 53 70 14 
67-10-15 1?2.011 = 10 67 40 71 62 19 93 68 33 80 58 49 29 74 53 70 61 54 45 15 
67-11-12 1?1.688 = 11 76 73 75 40 71 62 19 93 68 33 24 80 58 49 89 12 
67-11-13 1?1.765 = 11 76 73 75 40 71 62 19 93 68 33 24 80 58 49 94 13 
67-11-14 1?1.961 = 11 76 73 68 33 24 79 80 58 49 29 74 53 70 61 14 
67-11-15 1?2.166 = 11 75 40 71 62 19 93 68 24 79 96 25 57 36 99 88 41 45 54 15 
67-12-13 1?1.967 = 12 89 98 91 73 75 71 62 19 93 68 33 80 58 49 13 
67-12-14 1?1.949 = 12 89 49 29 58 80 79 96 25 35 57 74 53 70 61 14 
67-12-15 1?1.894 = 12 89 98 80 58 49 29 74 53 70 20 99 88 41 45 15 
67-13-14 1?1.975 = 13 94 70 53 20 99 36 47 23 39 88 41 45 54 61 14 
67-13-15 1?1.684 = 13 94 70 53 74 20 99 36 47 23 39 88 41 45 54 15 
67-14-15 1?1.53 = 14 61 70 53 74 20 99 36 47 23 39 88 41 45 54 15 
stop
