start
955-0-3 1?2.256 = 0 54 86 96 51 57 22 50 74 19 84 63 85 75 3 
955-0-2 1?2.303 = 0 54 86 51 57 22 50 74 19 84 73 63 85 65 2 
955-0-1 1?2.255 = 0 54 86 96 68 38 51 57 22 49 31 99 93 88 92 1 
955-0-4 1?2.348 = 0 54 86 96 51 57 22 50 74 19 84 73 45 90 69 34 46 4 
955-0-6 1?2.606 = 0 54 86 96 51 57 22 50 89 72 26 80 76 64 47 36 71 91 78 6 
955-0-5 1?2.444 = 0 54 86 96 51 57 22 17 50 89 72 19 84 73 45 90 69 34 5 
955-0-7 1?2.764 = 0 54 88 93 31 23 19 84 73 30 45 90 69 71 36 47 64 76 20 29 7 
955-0-11 1?2.333 = 0 54 86 96 51 57 22 18 28 87 27 21 52 95 39 58 41 55 56 11 
955-0-8 1?2.652 = 0 54 88 93 31 23 84 73 45 90 44 71 36 47 64 76 20 82 40 8 
955-0-9 1?2.633 = 0 54 86 96 51 57 22 18 28 27 39 58 41 55 53 59 70 77 42 9 
955-0-10 1?2.492 = 0 54 86 96 51 57 22 18 28 87 21 52 39 58 41 55 53 59 70 77 10 
955-1-4 1?2.027 = 1 92 88 93 31 23 19 84 73 45 90 69 34 46 4 
955-1-3 1?2.266 = 1 92 88 93 31 23 84 73 45 90 30 63 85 75 3 
955-0-15 1?1.905 = 0 54 86 96 51 57 22 18 28 27 21 87 97 38 68 15 
955-0-13 1?1.619 = 0 54 86 96 51 57 22 18 28 87 27 21 52 39 95 13 
955-0-14 1?1.811 = 0 54 86 96 68 38 51 57 22 18 28 87 27 21 52 14 
955-1-6 1?2.378 = 1 92 88 93 31 23 84 73 45 90 44 71 36 47 64 91 78 6 
955-1-7 1?2.476 = 1 92 88 93 31 23 84 73 45 90 44 71 36 47 64 76 20 29 7 
955-1-2 1?2.359 = 1 92 88 93 31 74 89 72 19 84 73 63 85 65 2 
955-1-8 1?2.595 = 1 92 88 93 31 63 30 45 90 44 71 36 47 64 76 20 82 81 79 40 8 
955-1-5 1?2.406 = 1 92 88 93 31 23 19 84 73 63 30 45 90 44 69 34 46 5 
955-0-12 1?2.235 = 0 54 86 96 51 57 22 18 28 87 27 21 52 95 39 58 37 41 55 12 
955-1-15 1?1.98 = 1 92 88 86 96 51 57 22 18 28 27 87 97 38 68 15 
955-2-3 1?2.411 = 2 65 85 63 23 19 84 73 45 90 44 69 30 75 3 
955-2-4 1?2.048 = 2 65 85 63 23 19 84 73 30 45 90 69 34 46 4 
955-1-13 1?2.027 = 1 92 99 93 88 86 96 51 57 22 18 28 87 27 21 52 95 13 
955-1-14 1?2.284 = 1 92 88 86 96 68 38 51 57 22 18 28 87 27 39 21 52 14 
955-2-6 1?2.399 = 2 65 85 63 23 84 73 30 45 90 44 71 36 47 64 91 78 6 
955-1-11 1?2.547 = 1 92 88 86 96 51 57 22 18 28 87 27 21 52 39 58 41 55 56 11 
955-1-10 1?2.665 = 1 92 88 93 31 23 84 73 19 24 26 80 43 33 94 48 42 77 10 
955-2-5 1?2.096 = 2 65 85 63 23 19 84 73 30 45 90 69 34 46 5 
955-1-12 1?2.449 = 1 92 88 86 96 51 57 22 18 28 87 27 21 52 39 58 37 41 55 12 
955-1-9 1?2.767 = 1 92 88 93 31 23 84 73 45 90 44 71 36 47 64 20 82 79 67 9 
955-2-15 1?2.218 = 2 25 99 93 88 86 96 51 57 22 18 28 87 97 38 68 15 
955-3-4 1?2.04 = 3 75 85 63 23 19 84 73 30 45 90 69 34 46 4 
955-2-14 1?2.491 = 2 65 85 63 73 84 19 72 89 50 17 66 18 28 87 27 21 52 14 
955-3-5 1?2.088 = 3 75 85 63 23 19 84 73 30 45 90 69 34 46 5 
955-2-10 1?2.671 = 2 65 85 30 45 90 44 71 36 47 64 76 20 60 43 33 94 48 42 10 
955-2-11 1?2.731 = 2 65 25 99 93 49 57 22 18 28 87 27 21 52 39 58 41 55 56 11 
955-2-13 1?2.422 = 2 65 25 99 93 88 86 96 51 57 22 18 28 87 27 21 52 39 58 95 13 
955-2-8 1?2.551 = 2 65 85 63 23 84 73 45 90 44 71 36 47 64 76 20 82 40 8 
955-2-7 1?2.48 = 2 65 85 63 23 84 73 45 90 44 71 36 47 64 76 20 62 29 7 
955-2-12 1?2.511 = 2 65 25 99 93 88 86 96 51 57 22 18 28 87 27 21 52 39 58 35 12 
955-2-9 1?2.707 = 2 65 85 63 30 45 90 69 44 71 36 47 64 76 20 82 81 79 40 67 9 
955-3-7 1?2.041 = 3 75 30 45 90 69 44 71 36 47 64 76 20 62 29 7 
955-3-6 1?2.067 = 3 75 85 63 30 45 90 69 44 71 36 47 64 91 6 
955-3-15 1?2.444 = 3 75 85 63 73 84 19 72 89 74 50 17 22 57 51 38 68 15 
955-3-14 1?2.483 = 3 75 85 63 73 84 19 72 89 50 17 66 18 28 87 27 21 52 14 
955-4-5 1?2.245 = 4 46 34 69 30 45 90 44 71 36 47 64 91 78 6 16 5 
955-3-8 1?2.485 = 3 75 85 63 30 45 90 69 44 71 36 64 47 76 20 82 81 79 40 8 
955-3-10 1?2.633 = 3 75 30 45 90 44 71 36 47 64 76 20 60 43 33 94 48 42 77 10 
955-3-13 1?2.475 = 3 75 85 63 73 84 19 72 89 50 17 66 18 28 87 27 21 52 95 13 
955-3-11 1?2.868 = 3 75 85 63 73 84 19 72 89 74 50 17 66 37 41 55 53 59 70 11 
955-3-9 1?2.722 = 3 75 85 63 30 45 90 69 44 71 36 64 47 76 20 82 81 79 40 67 9 
955-3-12 1?2.732 = 3 75 85 63 73 84 19 74 50 17 66 18 28 87 21 52 39 58 35 12 
955-4-7 1?1.823 = 4 46 34 69 90 45 44 71 36 47 64 76 20 62 29 7 
955-4-6 1?1.939 = 4 46 34 69 30 45 90 44 71 36 47 76 64 91 78 6 
955-5-6 1?1.991 = 5 46 34 69 90 45 44 71 36 47 64 76 20 91 78 6 
955-4-8 1?1.894 = 4 46 34 69 90 45 44 71 36 47 64 76 20 82 40 8 
955-4-14 1?2.37 = 4 46 34 69 90 45 73 84 19 74 50 17 66 18 27 21 52 14 
955-4-15 1?2.365 = 4 46 34 69 90 45 30 73 84 19 72 89 50 22 57 51 38 68 15 
955-4-10 1?2.445 = 4 46 34 69 90 45 44 71 36 47 64 76 20 60 43 33 94 48 42 10 
955-4-11 1?2.55 = 4 46 34 69 90 45 73 84 19 72 89 74 50 17 32 83 98 59 11 
955-4-13 1?2.362 = 4 46 34 69 90 45 73 84 19 74 50 17 66 18 27 21 52 95 13 
955-4-12 1?2.475 = 4 46 34 69 44 90 45 73 84 19 72 89 50 17 66 37 41 55 12 
955-4-9 1?2.541 = 4 46 34 69 30 45 90 44 71 36 47 64 76 20 60 82 81 79 40 67 9 
955-5-7 1?1.918 = 5 34 69 30 45 90 44 71 36 47 64 76 20 62 29 7 
955-6-7 1?1.999 = 6 78 91 71 36 47 64 76 20 60 43 81 82 62 29 7 
955-5-8 1?1.884 = 5 34 69 90 45 44 71 36 47 64 76 20 82 79 40 8 
955-6-8 1?1.911 = 6 78 91 71 36 47 64 76 20 29 62 82 81 79 67 40 8 
955-5-10 1?2.49 = 5 34 69 90 45 44 71 36 47 64 76 20 60 43 33 94 48 42 77 10 
955-5-9 1?2.496 = 5 34 69 90 45 44 71 36 47 64 76 20 60 43 33 94 48 42 9 
955-5-15 1?2.483 = 5 34 69 90 45 30 73 84 19 72 89 74 50 17 22 57 51 38 68 15 
955-5-11 1?2.708 = 5 34 69 90 45 44 71 36 47 64 76 20 60 43 33 94 48 42 77 11 
955-5-14 1?2.441 = 5 34 69 90 45 73 84 19 72 89 50 17 66 18 28 87 27 21 52 14 
955-5-13 1?2.433 = 5 34 69 90 45 73 84 19 72 89 50 17 66 18 28 87 27 21 52 95 13 
955-5-12 1?2.66 = 5 34 69 90 45 73 84 19 72 89 50 17 66 18 28 87 27 39 58 35 12 
955-7-8 1?1.864 = 7 29 78 91 71 36 47 64 76 20 60 82 81 79 67 40 8 
955-7-9 1?1.971 = 7 29 78 91 71 36 47 64 76 20 60 43 33 94 48 9 
955-6-9 1?1.994 = 6 78 91 71 36 47 64 76 20 82 81 43 33 94 48 9 
955-7-10 1?2.149 = 7 29 78 91 71 36 47 64 76 20 60 43 33 94 48 42 77 10 
955-6-10 1?2.24 = 6 78 91 71 36 47 64 76 20 82 79 81 43 33 94 48 42 77 10 
955-7-11 1?2.475 = 7 78 91 71 36 64 47 76 20 60 43 33 94 48 42 77 70 59 11 
955-6-13 1?2.498 = 6 78 91 64 47 76 80 26 24 72 89 17 66 18 28 87 27 21 52 95 13 
955-6-11 1?2.54 = 6 78 91 71 36 47 64 76 20 60 43 33 94 48 42 77 70 59 53 11 
955-6-14 1?2.522 = 6 78 91 64 47 76 80 26 72 89 50 17 66 18 28 87 27 21 52 14 
955-6-15 1?2.58 = 6 78 91 71 36 47 64 76 80 26 24 72 89 50 17 22 57 51 38 68 15 
955-6-12 1?2.632 = 6 78 91 71 36 47 64 76 20 60 43 33 94 48 42 77 70 59 53 56 12 
955-8-10 1?2.045 = 8 40 79 82 20 64 47 76 60 43 33 94 48 42 77 10 
955-8-9 1?2.179 = 8 40 79 81 82 20 76 64 47 61 80 26 33 43 48 9 
955-8-11 1?2.332 = 8 40 79 81 43 33 94 48 42 77 70 59 53 98 83 41 55 56 11 
955-7-13 1?2.48 = 7 29 62 82 60 80 26 24 72 89 50 17 66 18 28 87 27 21 52 95 13 
955-8-13 1?2.469 = 8 40 79 81 43 33 80 26 72 89 50 17 66 18 28 87 27 21 52 95 13 
955-8-14 1?2.477 = 8 40 79 81 43 33 80 26 72 89 50 17 66 18 28 87 27 21 52 14 
955-7-14 1?2.569 = 7 78 91 64 47 61 80 26 24 72 89 50 17 66 18 28 87 21 52 14 
955-7-12 1?2.651 = 7 29 62 82 40 79 81 43 33 94 48 42 77 70 59 53 98 83 41 55 56 12 
955-8-12 1?2.65 = 8 40 79 81 82 60 43 33 94 48 42 77 70 59 53 98 83 37 41 55 56 12 
955-7-15 1?2.667 = 7 29 78 91 64 47 76 61 73 84 19 72 89 50 22 57 51 38 68 15 
955-8-15 1?2.643 = 8 40 79 81 43 33 80 26 24 72 89 50 17 66 18 22 57 51 38 68 15 
955-9-10 1?2.182 = 9 67 79 82 20 64 47 76 60 43 33 94 48 42 77 10 
955-10-12 1?2.079 = 10 77 70 59 98 83 37 66 18 28 87 27 39 58 35 12 
955-10-11 1?2.404 = 10 42 48 43 33 94 77 70 59 53 98 83 37 41 55 56 11 
955-9-12 1?2.306 = 9 67 79 81 43 33 94 48 42 77 70 59 98 83 37 41 55 12 
955-9-11 1?2.469 = 9 67 79 81 43 33 94 48 42 77 70 59 53 98 83 41 55 56 11 
955-10-13 1?2.241 = 10 77 70 59 53 55 41 37 66 18 28 87 27 21 52 39 58 95 13 
955-9-13 1?2.392 = 9 42 77 70 59 53 55 41 37 66 18 28 87 27 21 52 39 95 13 
955-9-14 1?2.562 = 9 42 77 70 59 53 55 41 35 58 39 95 52 21 27 18 28 87 14 
955-9-15 1?2.474 = 9 42 77 70 59 53 55 41 58 39 95 52 21 27 87 97 38 68 15 
955-10-14 1?2.371 = 10 77 70 59 53 98 83 37 41 55 35 58 39 95 52 21 27 28 87 14 
955-10-15 1?2.348 = 10 77 70 59 53 55 41 58 39 52 21 87 28 18 22 57 51 38 68 15 
955-12-13 1?1.868 = 12 35 41 37 66 18 28 87 27 21 52 39 58 95 13 
955-11-13 1?1.939 = 11 56 55 41 37 66 18 28 87 27 21 52 39 58 95 13 
955-11-12 1?2.028 = 11 56 55 41 37 66 18 28 87 27 21 52 39 58 35 12 
955-13-15 1?1.54 = 13 95 52 21 27 87 28 18 22 57 86 96 38 68 15 
955-14-15 1?1.725 = 14 21 52 39 27 87 28 18 22 57 86 96 38 68 15 
955-13-14 1?1.741 = 13 95 52 21 27 87 28 18 22 57 51 86 96 38 97 14 
955-12-14 1?1.875 = 12 35 58 39 52 21 27 87 28 18 22 57 51 38 97 14 
955-11-14 1?2.062 = 11 59 53 55 41 37 58 39 95 52 21 27 18 28 87 14 
955-12-15 1?1.967 = 12 35 58 39 52 21 27 87 28 18 22 57 51 86 96 38 68 15 
955-11-15 1?2.273 = 11 56 55 41 37 39 95 52 21 27 87 28 18 22 57 51 38 68 15 
stop
