start
599-0-2 1?2.563 = 0 44 29 69 52 83 56 79 24 28 49 46 74 31 89 62 77 2 
599-0-3 1?2.41 = 0 26 39 44 29 69 52 83 56 79 62 77 50 42 64 59 66 3 
599-0-5 1?2.501 = 0 26 39 44 29 69 52 83 79 56 77 50 59 42 64 63 57 87 98 5 
599-0-1 1?2.104 = 0 26 97 38 36 49 28 24 79 56 83 52 69 44 29 1 
599-0-11 1?2.496 = 0 44 29 69 24 28 49 46 74 31 53 96 70 23 61 94 60 11 
599-0-6 1?2.676 = 0 26 39 44 29 69 52 83 79 56 77 50 59 42 64 63 57 87 68 6 
599-0-8 1?2.738 = 0 39 24 28 49 46 74 31 53 96 21 65 16 47 34 81 86 93 8 
599-0-9 1?2.456 = 0 39 24 28 49 46 74 31 53 96 70 23 41 32 40 18 81 34 86 9 
599-0-10 1?2.444 = 0 39 24 28 49 46 74 31 53 96 70 23 41 32 40 18 34 81 10 
599-0-4 1?2.549 = 0 44 29 69 52 83 79 56 77 50 59 42 64 63 57 87 37 48 4 
599-0-7 1?2.718 = 0 44 29 69 52 83 56 79 24 28 49 46 74 31 53 25 90 72 19 7 
599-0-13 1?2.138 = 0 26 39 24 28 49 36 76 85 33 92 82 75 84 20 13 
599-1-2 1?2.269 = 1 29 69 52 83 56 79 24 28 49 46 74 31 89 62 77 2 
599-0-15 1?2.348 = 0 44 29 69 52 83 56 79 24 28 49 36 38 85 33 15 
599-1-3 1?2.169 = 1 29 44 69 52 83 56 79 24 28 62 77 50 59 66 3 
599-0-14 1?2.061 = 0 26 39 24 28 49 36 38 76 85 33 75 84 20 55 14 
599-1-5 1?2.401 = 1 29 44 69 52 83 56 79 62 50 59 42 64 63 57 87 68 98 5 
599-1-4 1?2.059 = 1 29 44 69 52 83 56 79 24 28 62 77 50 59 48 4 
599-1-8 1?2.615 = 1 29 44 24 28 49 46 74 31 53 96 70 23 99 21 65 16 47 35 8 
599-1-6 1?2.551 = 1 29 44 69 52 83 56 79 62 77 50 59 42 64 63 57 87 58 68 6 
599-0-12 1?2.339 = 0 26 97 38 76 85 33 92 82 55 20 84 75 73 17 51 91 27 12 
599-1-7 1?2.559 = 1 29 44 69 52 83 56 79 24 28 49 46 74 31 53 25 90 72 19 7 
599-1-15 1?2.115 = 1 29 44 39 36 38 76 85 33 75 84 20 55 82 92 15 
599-1-14 1?1.741 = 1 29 44 39 36 38 76 85 33 92 82 75 84 20 55 14 
599-1-13 1?2.235 = 1 29 69 52 83 56 79 24 28 49 36 38 76 85 33 92 82 84 20 13 
599-1-12 1?2.476 = 1 29 44 39 36 38 85 33 92 82 55 20 84 75 73 78 17 51 91 27 12 
599-2-3 1?2.221 = 2 83 52 69 29 44 24 79 56 77 50 42 64 59 66 3 
599-2-5 1?2.323 = 2 83 52 69 29 44 24 79 56 77 50 42 64 63 57 87 98 5 
599-2-4 1?2.111 = 2 83 52 69 29 44 24 79 56 77 50 42 64 59 48 4 
599-1-11 1?2.522 = 1 29 69 44 39 24 28 49 89 31 74 46 53 96 70 23 61 94 60 11 
599-2-6 1?2.692 = 2 83 52 69 29 44 39 24 79 56 77 50 42 64 63 57 87 58 68 6 
599-1-10 1?2.49 = 1 29 44 24 28 49 46 74 31 53 96 21 65 16 47 54 40 34 81 10 
599-1-9 1?2.421 = 1 29 69 24 28 49 46 74 31 53 96 70 23 41 32 40 18 81 34 86 93 9 
599-2-14 1?2.017 = 2 83 56 79 24 28 49 36 38 85 33 92 82 75 84 20 55 14 
599-2-15 1?2.391 = 2 83 56 79 24 28 49 36 38 85 33 75 84 20 55 82 92 15 
599-2-13 1?2.376 = 2 52 83 56 79 24 28 49 36 38 76 85 33 92 82 75 84 20 55 13 
599-2-12 1?2.495 = 2 83 56 79 24 28 49 46 74 31 53 96 70 23 61 94 51 73 17 12 
599-2-8 1?2.384 = 2 83 56 79 24 28 49 46 74 31 53 96 21 65 16 47 35 8 
599-3-5 1?2.448 = 3 66 77 56 79 24 28 49 46 74 31 89 30 95 57 87 98 5 
599-3-4 1?2.226 = 3 66 77 56 79 62 50 59 42 64 63 57 87 37 48 4 
599-2-10 1?2.351 = 2 83 56 79 24 28 49 46 74 31 53 96 21 65 16 47 34 81 10 
599-2-11 1?2.484 = 2 83 56 79 24 28 49 89 31 74 46 53 96 71 70 23 61 94 60 11 
599-2-7 1?2.683 = 2 83 56 79 24 28 49 89 31 74 46 53 96 21 65 22 72 19 7 
599-2-9 1?2.39 = 2 83 56 79 24 28 49 46 74 31 53 96 21 65 16 47 34 81 86 9 
599-4-5 1?2.323 = 4 48 59 50 77 56 79 24 28 49 89 30 95 57 87 98 5 
599-3-15 1?2.522 = 3 66 77 56 79 24 28 49 36 38 85 33 75 84 55 82 92 15 
599-3-13 1?2.49 = 3 66 50 77 56 79 24 28 49 36 38 76 85 33 92 82 75 84 20 55 13 
599-3-14 1?2.383 = 3 66 50 77 56 79 24 28 49 36 38 76 85 33 92 82 75 84 20 55 14 
599-3-12 1?2.563 = 3 66 77 56 79 24 28 49 46 74 31 53 96 70 23 61 94 51 91 27 12 
599-3-6 1?2.49 = 3 66 77 56 79 24 28 49 46 74 31 53 96 25 90 80 6 
599-3-8 1?2.533 = 3 66 77 56 79 24 28 49 46 74 31 53 96 21 65 16 47 35 8 
599-3-7 1?2.618 = 3 66 50 77 56 79 24 28 49 46 74 31 53 96 25 90 72 19 7 
599-3-11 1?2.633 = 3 66 77 56 79 24 28 49 89 31 74 46 53 96 71 70 23 61 94 60 11 
599-3-9 1?2.449 = 3 66 77 56 79 24 28 49 46 74 31 53 96 21 65 16 47 86 93 9 
599-3-10 1?2.531 = 3 66 77 56 79 24 28 49 46 74 31 53 96 70 23 41 32 40 18 81 10 
599-4-6 1?2.277 = 4 48 59 50 42 64 63 57 87 98 68 58 80 72 19 6 
599-5-6 1?2.617 = 5 37 48 59 50 77 56 79 62 42 64 57 87 58 68 6 
599-4-7 1?2.145 = 4 48 59 50 42 64 63 87 57 58 68 80 19 72 88 7 
599-4-12 1?2.625 = 4 48 59 50 62 28 49 46 74 31 53 96 70 23 61 94 51 91 27 12 
599-4-13 1?2.484 = 4 48 59 50 77 56 79 24 28 49 36 38 76 85 33 82 75 84 20 55 13 
599-4-14 1?2.377 = 4 48 59 50 77 56 79 24 28 49 36 38 76 85 33 82 75 84 20 55 14 
599-4-15 1?2.645 = 4 48 59 50 77 56 79 24 28 49 36 38 76 85 33 75 84 82 92 15 
599-4-8 1?2.542 = 4 37 87 57 58 90 21 65 16 47 54 40 32 18 81 34 86 93 8 
599-4-11 1?2.636 = 4 48 59 50 77 56 79 24 28 49 46 74 31 53 96 70 23 61 94 60 11 
599-4-9 1?2.321 = 4 37 87 57 58 90 22 21 65 16 47 54 40 18 81 34 86 93 9 
599-4-10 1?2.546 = 4 37 87 57 58 68 80 19 72 22 21 65 16 47 54 40 32 18 34 81 10 
599-6-8 1?2.044 = 6 19 72 22 65 16 47 54 40 32 18 34 81 86 93 8 
599-6-7 1?2.41 = 6 19 72 22 65 16 47 54 40 34 81 86 93 8 88 7 
599-5-7 1?2.397 = 5 37 48 59 42 64 63 87 57 58 68 80 19 72 88 7 
599-5-8 1?2.37 = 5 98 68 80 72 22 21 65 16 47 54 40 18 34 81 86 93 8 
599-5-12 1?2.64 = 5 98 68 80 19 72 22 21 65 16 47 34 81 18 40 41 94 91 27 12 
599-5-14 1?2.651 = 5 98 87 57 63 64 42 62 28 49 36 38 76 85 33 92 82 75 84 20 55 14 
599-5-13 1?2.72 = 5 87 57 63 64 42 50 77 56 79 24 28 49 36 38 76 85 33 82 84 20 13 
599-5-15 1?2.652 = 5 87 57 63 64 42 59 50 77 56 79 83 52 69 29 44 39 26 97 15 
599-5-9 1?2.153 = 5 98 68 80 19 72 22 21 65 16 47 54 40 32 18 81 34 86 93 9 
599-5-11 1?2.673 = 5 98 68 80 19 72 22 21 65 16 47 54 34 81 18 40 32 41 94 60 11 
599-5-10 1?2.549 = 5 87 57 58 68 80 19 72 22 21 65 16 47 86 34 81 18 40 32 43 10 
599-7-10 1?1.741 = 7 19 72 22 21 65 16 47 54 34 81 18 40 32 43 10 
599-7-8 1?1.866 = 7 88 22 21 65 16 47 54 40 32 18 81 34 86 93 8 
599-7-9 1?1.597 = 7 88 22 21 65 16 47 54 40 32 18 81 34 86 93 9 
599-6-9 1?1.748 = 6 19 72 22 65 16 47 54 40 32 18 81 34 86 93 9 
599-6-13 1?2.541 = 6 19 72 22 65 16 47 34 81 18 40 32 41 94 91 17 73 13 
599-6-14 1?2.603 = 6 19 72 90 25 96 53 31 74 46 76 85 33 92 82 75 84 20 55 14 
599-6-12 1?2.483 = 6 19 72 22 21 65 16 47 54 34 81 18 40 32 41 61 94 91 27 12 
599-6-15 1?2.78 = 6 68 87 57 63 64 42 50 77 56 79 83 52 69 29 44 39 26 97 15 
599-6-10 1?2.543 = 6 19 72 22 21 65 16 47 35 93 86 34 81 18 32 40 54 41 43 10 
599-7-11 1?2.302 = 7 19 72 22 21 65 16 47 86 34 81 18 40 32 41 61 94 60 11 
599-6-11 1?2.574 = 6 80 19 72 22 21 65 16 47 54 34 81 18 40 32 41 61 94 60 11 
599-8-10 1?1.852 = 8 22 21 65 16 35 93 86 34 81 18 40 41 43 10 
599-8-9 1?1.67 = 8 22 21 65 16 47 54 40 32 18 81 34 86 35 93 9 
599-8-12 1?2.118 = 8 22 21 65 16 47 86 34 81 18 40 32 41 61 94 91 27 12 
599-8-14 1?2.294 = 8 93 86 34 81 18 40 32 41 94 91 17 73 75 84 20 55 14 
599-7-13 1?2.415 = 7 19 72 22 65 16 47 34 81 18 40 32 41 94 91 51 17 78 13 
599-7-14 1?2.494 = 7 19 72 90 25 53 31 74 46 45 76 85 33 92 82 75 84 20 55 14 
599-7-12 1?2.257 = 7 19 72 22 21 65 16 47 34 81 18 40 32 41 61 94 91 27 12 
599-8-13 1?2.288 = 8 35 65 16 47 34 81 18 40 32 41 61 94 91 51 73 17 78 13 
599-8-11 1?2.156 = 8 35 22 21 65 16 47 54 34 81 18 40 32 41 61 94 60 11 
599-7-15 1?2.868 = 7 19 72 90 25 53 31 74 46 45 76 85 33 75 84 20 55 82 92 15 
599-8-15 1?2.653 = 8 93 86 34 81 18 40 32 41 60 91 51 17 73 75 84 82 92 15 
599-10-12 1?1.818 = 10 81 34 18 40 32 41 61 94 51 91 27 17 73 78 12 
599-9-12 1?1.588 = 9 93 86 34 81 18 40 32 41 94 91 51 73 17 12 
599-9-10 1?1.653 = 9 93 35 22 65 16 47 54 34 81 18 40 32 41 43 10 
599-10-11 1?1.893 = 10 81 34 40 54 47 16 65 21 99 70 23 61 94 60 11 
599-9-11 1?1.698 = 9 93 86 34 81 18 40 32 41 99 70 23 61 94 60 11 
599-10-13 1?2.083 = 10 81 34 18 40 32 41 99 70 23 61 94 91 51 73 17 78 13 
599-10-14 1?2.167 = 10 81 34 18 40 32 41 61 94 91 51 17 78 73 75 84 20 55 14 
599-10-15 1?2.403 = 10 81 34 18 40 32 41 61 94 91 51 17 73 75 84 82 92 15 
599-9-14 1?2.074 = 9 93 86 34 81 18 40 32 41 94 91 51 17 73 75 84 20 55 14 
599-9-13 1?2.145 = 9 93 86 34 81 18 40 32 41 61 94 91 51 17 73 75 84 20 13 
599-9-15 1?2.384 = 9 93 86 34 81 18 40 32 41 60 91 51 17 73 75 84 82 92 15 
599-12-13 1?2.154 = 12 27 17 78 73 51 91 60 94 61 67 75 84 20 55 13 
599-11-13 1?2.09 = 11 43 18 81 34 40 32 41 61 94 91 51 73 17 78 13 
599-11-12 1?2.019 = 11 43 18 81 34 40 32 41 61 94 91 51 73 78 17 12 
599-13-14 1?2.153 = 13 78 17 73 51 91 27 60 94 61 67 75 84 20 55 14 
599-12-14 1?2.017 = 12 27 91 60 94 61 67 51 17 78 73 75 84 20 55 14 
599-13-15 1?2.277 = 13 78 17 73 75 84 20 55 82 92 33 85 76 38 97 15 
599-14-15 1?2.245 = 14 55 20 84 75 33 85 38 36 49 28 24 39 26 97 15 
599-11-14 1?2.282 = 11 43 18 40 32 41 61 94 91 51 17 78 73 75 84 20 55 14 
599-12-15 1?2.429 = 12 27 91 51 17 78 73 75 84 20 55 82 92 33 85 76 38 97 15 
599-11-15 1?2.654 = 11 43 18 40 32 41 61 94 91 51 17 73 75 84 55 82 92 15 
stop
