start
269-0-3 1?2.192 = 0 99 38 78 66 76 81 23 93 24 20 88 79 36 84 17 49 3 
269-0-5 1?2.51 = 0 99 38 78 66 81 67 48 53 25 61 92 22 73 96 75 31 5 
269-0-1 1?2.025 = 0 99 38 78 66 81 76 94 68 67 48 23 93 24 1 
269-0-6 1?2.483 = 0 99 38 78 66 81 67 48 53 39 42 47 18 37 56 96 75 86 6 
269-0-8 1?2.541 = 0 99 38 78 66 81 67 48 53 39 42 47 18 45 77 95 41 43 27 8 
269-0-7 1?2.503 = 0 99 38 78 66 81 76 67 48 53 39 42 47 18 37 57 97 28 51 7 
269-0-2 1?1.83 = 0 98 99 38 78 66 81 23 93 24 20 88 79 36 2 
269-0-4 1?2.415 = 0 99 38 78 66 81 23 93 24 20 88 79 36 84 17 49 70 33 4 
269-0-11 1?2.072 = 0 99 38 78 66 81 76 67 68 94 90 59 16 72 29 80 82 30 11 
269-0-10 1?2.31 = 0 99 38 78 66 81 67 68 94 90 59 16 72 29 80 63 83 26 10 
269-0-9 1?2.531 = 0 99 38 78 66 81 76 67 48 53 65 39 42 47 18 37 77 95 41 46 9 
269-0-15 1?1.496 = 0 99 38 78 66 81 76 67 68 59 90 94 89 91 15 
269-1-2 1?2.194 = 1 0 99 38 78 66 76 81 23 93 24 20 88 79 36 2 
269-0-14 1?1.694 = 0 98 99 38 78 66 76 81 67 68 94 59 72 16 90 89 14 
269-1-3 1?2.485 = 1 98 99 38 78 66 81 23 60 52 20 79 88 36 17 49 3 
269-0-13 1?1.582 = 0 98 99 38 78 66 81 76 67 68 94 90 59 72 16 64 13 
269-1-4 1?2.538 = 1 93 24 20 88 79 36 84 17 49 85 34 61 92 22 58 70 33 4 
269-1-8 1?2.699 = 1 88 79 36 84 17 49 85 34 61 92 22 73 55 96 75 28 51 40 8 
269-1-6 1?2.393 = 1 88 79 36 84 17 49 85 34 61 92 22 73 55 96 75 31 86 6 
269-1-7 1?2.605 = 1 88 79 36 84 17 49 85 34 92 22 73 55 96 19 57 97 28 51 7 
269-1-5 1?2.523 = 1 24 20 88 79 36 84 17 49 85 34 22 73 55 96 75 31 5 
269-0-12 1?1.839 = 0 99 38 78 66 81 76 67 68 94 90 59 16 72 29 80 87 82 12 
269-2-4 1?2.013 = 2 36 79 88 20 52 25 61 92 22 34 85 58 70 33 4 
269-2-3 1?2.147 = 2 88 79 36 84 17 20 52 85 34 92 22 58 70 33 3 
269-1-15 1?1.896 = 1 98 99 38 78 66 81 76 68 59 72 16 90 94 89 91 15 
269-1-9 1?2.666 = 1 24 20 52 85 34 92 61 54 44 42 47 18 37 77 95 41 46 9 
269-1-14 1?2.169 = 1 24 93 23 99 38 78 66 81 76 67 48 68 94 59 90 89 14 
269-2-6 1?2.019 = 2 88 79 36 84 17 49 85 34 61 92 22 73 55 96 75 86 6 
269-2-5 1?2.079 = 2 36 79 88 20 52 85 34 61 92 22 73 55 96 75 31 5 
269-1-10 1?2.62 = 1 98 99 38 78 66 81 76 68 94 90 59 72 29 80 63 83 26 10 
269-1-12 1?2.045 = 1 98 99 38 78 66 81 76 94 90 59 16 72 29 80 87 82 12 
269-1-13 1?1.976 = 1 98 99 38 78 66 81 76 68 94 90 59 16 72 29 80 87 13 
269-1-11 1?2.278 = 1 98 99 38 78 66 81 76 94 90 59 16 72 29 80 82 30 11 
269-3-4 1?2.097 = 3 49 17 84 36 79 88 20 52 34 92 22 58 70 33 4 
269-2-15 1?1.941 = 2 84 36 79 88 20 24 93 23 99 38 78 66 81 76 91 15 
269-3-5 1?2.172 = 3 84 36 79 88 20 52 34 92 22 73 55 96 75 31 5 
269-2-14 1?2.072 = 2 36 79 88 20 24 93 98 99 38 78 66 81 76 68 94 89 14 
269-2-7 1?2.292 = 2 36 79 88 20 52 85 34 92 22 55 73 56 19 57 97 28 51 7 
269-2-9 1?2.408 = 2 36 79 88 20 52 34 92 61 54 44 42 47 18 45 77 95 41 46 9 
269-2-10 1?2.531 = 2 36 79 88 20 52 85 34 92 61 54 44 42 47 18 37 77 95 41 10 
269-2-8 1?2.408 = 2 36 79 88 20 52 85 34 61 92 22 73 55 96 19 57 97 69 40 8 
269-2-12 1?2.249 = 2 36 79 20 24 93 23 67 68 94 90 59 16 72 29 80 82 12 
269-2-13 1?2.158 = 2 36 79 88 24 93 98 99 38 78 66 81 76 94 90 59 16 72 64 13 
269-2-11 1?2.454 = 2 36 79 88 20 52 34 61 54 44 47 42 39 65 35 83 74 30 11 
269-3-6 1?2.052 = 3 33 70 58 85 34 61 92 22 73 55 96 75 31 86 6 
269-4-5 1?2.094 = 4 33 70 58 85 34 92 22 55 73 56 19 96 75 31 5 
269-3-15 1?2.178 = 3 49 17 84 36 79 88 20 24 93 98 99 38 78 66 81 76 91 15 
269-3-7 1?2.359 = 3 33 70 58 85 34 61 92 22 73 55 96 19 57 97 28 51 7 
269-3-14 1?2.348 = 3 84 36 79 88 20 24 93 98 99 38 78 66 81 76 68 94 89 14 
269-3-13 1?2.289 = 3 49 17 84 36 79 88 24 93 23 67 68 94 90 59 72 16 64 13 
269-3-12 1?2.458 = 3 84 36 79 88 24 93 23 48 68 94 90 59 16 72 29 80 82 12 
269-3-8 1?2.566 = 3 49 85 34 92 61 54 44 42 47 18 37 45 77 95 41 32 43 27 8 
269-3-9 1?2.618 = 3 33 70 58 85 34 92 61 54 44 42 39 47 18 37 77 95 41 46 9 
269-3-10 1?2.763 = 3 84 36 79 88 20 52 34 92 61 54 44 42 47 18 37 45 77 95 41 10 
269-3-11 1?2.611 = 3 33 70 58 85 34 92 61 54 44 47 42 39 65 35 83 63 74 30 11 
269-4-6 1?1.93 = 4 33 70 58 85 34 61 92 22 73 55 96 75 31 86 6 
269-4-7 1?2.066 = 4 33 70 58 85 34 61 92 22 73 55 96 75 28 51 7 
269-4-8 1?2.127 = 4 33 70 58 85 34 92 22 55 73 56 19 97 57 69 40 8 
269-5-6 1?2.299 = 5 31 75 96 55 73 22 92 61 54 56 19 97 28 86 6 
269-4-15 1?2.182 = 4 33 70 49 17 84 36 79 88 20 24 93 98 99 38 78 66 15 
269-4-14 1?2.372 = 4 33 70 58 85 34 92 61 54 44 47 42 39 65 21 68 94 89 14 
269-4-10 1?2.41 = 4 33 70 58 85 34 92 61 54 44 42 47 18 37 45 77 95 41 10 
269-4-9 1?2.413 = 4 33 70 58 85 34 92 61 54 44 42 47 18 37 45 77 95 41 46 9 
269-4-13 1?2.314 = 4 33 70 58 85 34 61 54 44 42 39 65 35 83 63 80 29 64 13 
269-4-12 1?2.413 = 4 33 70 58 85 34 92 61 54 44 47 42 39 65 35 83 74 82 12 
269-4-11 1?2.381 = 4 33 70 58 85 34 92 61 54 44 42 39 65 35 83 74 30 11 
269-5-7 1?2.255 = 5 31 75 96 55 73 22 92 61 54 56 19 57 97 28 7 
269-6-7 1?2.162 = 6 86 75 96 55 73 22 92 61 54 56 19 57 97 28 7 
269-5-8 1?2.294 = 5 31 75 96 55 73 56 19 57 97 28 51 69 40 43 27 8 
269-6-8 1?2.144 = 6 86 31 75 96 55 73 56 19 57 97 28 51 69 40 27 8 
269-5-15 1?2.372 = 5 31 75 96 73 22 92 61 54 44 42 39 53 48 67 81 66 15 
269-5-10 1?2.487 = 5 31 75 96 55 73 22 92 61 54 44 42 47 18 45 77 95 41 10 
269-5-14 1?2.514 = 5 31 75 96 56 37 18 71 35 83 63 80 29 72 16 59 90 94 89 14 
269-5-9 1?2.49 = 5 31 75 96 55 73 22 92 61 54 44 42 47 18 45 77 95 41 46 9 
269-5-13 1?2.485 = 5 31 75 96 73 22 92 61 54 44 42 39 65 35 83 63 80 29 64 13 
269-5-12 1?2.493 = 5 31 75 96 55 73 22 92 61 54 44 47 42 39 65 35 83 63 82 12 
269-5-11 1?2.54 = 5 31 75 96 55 73 22 92 61 54 44 42 39 65 35 83 74 30 11 
269-6-9 1?1.997 = 6 86 75 96 55 73 56 19 97 57 69 40 27 43 32 46 9 
269-7-9 1?2.173 = 7 28 75 96 55 73 56 19 97 57 69 40 27 43 32 46 9 
269-6-10 1?2.247 = 6 86 75 96 55 73 22 92 61 54 44 37 77 95 41 10 
269-7-10 1?2.44 = 7 51 28 97 57 19 56 44 42 47 18 37 45 77 95 41 10 
269-7-8 1?2.323 = 7 51 28 75 96 55 73 56 19 97 57 69 40 27 43 62 8 
269-6-14 1?2.438 = 6 86 75 96 55 73 22 92 61 54 44 47 42 39 65 21 68 94 89 14 
269-7-11 1?2.349 = 7 51 28 97 57 37 18 47 42 39 65 35 83 63 74 30 11 
269-6-12 1?2.4 = 6 86 75 96 55 73 22 92 61 54 44 47 42 39 65 35 83 63 82 12 
269-6-13 1?2.392 = 6 86 75 96 73 22 92 61 54 44 42 39 65 35 83 63 80 29 64 13 
269-6-15 1?2.494 = 6 86 75 96 55 73 22 92 61 54 44 47 42 39 65 53 48 67 76 81 66 15 
269-6-11 1?2.447 = 6 86 75 96 55 73 22 92 61 54 44 42 39 65 35 83 74 30 11 
269-8-9 1?2.398 = 8 27 40 69 57 97 19 56 37 45 77 95 41 32 43 62 9 
269-8-10 1?2.535 = 8 27 43 32 41 95 77 45 18 47 42 39 65 35 83 26 10 
269-8-12 1?2.381 = 8 27 43 32 41 95 77 45 37 18 47 42 39 65 35 83 63 82 12 
269-8-14 1?2.37 = 8 27 43 32 41 95 77 45 71 35 83 63 80 29 72 16 90 94 89 14 
269-8-13 1?2.339 = 8 27 43 41 95 77 45 18 47 42 39 65 35 83 63 80 29 64 13 
269-7-12 1?2.418 = 7 28 97 57 37 18 47 42 39 65 35 83 63 80 29 87 82 12 
269-7-14 1?2.464 = 7 28 97 57 37 18 47 42 39 65 35 63 80 29 72 16 59 94 89 14 
269-8-11 1?2.357 = 8 27 43 50 95 77 45 18 47 42 39 65 35 83 74 30 11 
269-7-13 1?2.523 = 7 28 97 57 37 18 47 42 39 65 35 83 63 80 29 72 59 90 64 13 
269-8-15 1?2.487 = 8 27 43 50 77 45 71 35 83 63 80 29 72 16 90 94 68 76 81 66 15 
269-7-15 1?2.583 = 7 28 97 57 37 18 71 35 83 63 80 29 72 59 90 94 68 76 81 66 15 
269-10-13 1?2.129 = 10 41 95 45 18 47 42 39 65 35 83 63 80 29 64 13 
269-9-13 1?2.047 = 9 46 41 95 77 45 71 35 83 63 80 29 72 16 64 13 
269-9-12 1?2.122 = 9 46 41 95 77 37 18 47 42 39 65 35 83 63 82 12 
269-9-10 1?2.402 = 9 46 41 95 77 45 37 18 47 42 39 65 35 83 26 10 
269-10-12 1?2.163 = 10 41 95 77 45 37 18 47 42 39 65 35 83 63 82 12 
269-10-15 1?2.226 = 10 26 35 83 63 80 29 72 16 59 90 94 68 48 67 76 81 66 15 
269-10-14 1?2.309 = 10 41 95 77 45 71 35 83 63 80 29 72 16 90 59 68 94 89 14 
269-10-11 1?2.236 = 10 41 95 77 45 18 47 42 39 65 35 83 63 74 30 11 
269-9-11 1?2.172 = 9 46 41 95 77 45 18 47 42 39 65 35 83 74 30 11 
269-9-14 1?2.277 = 9 46 32 41 95 77 45 71 35 83 63 80 29 72 16 59 90 94 89 14 
269-9-15 1?2.375 = 9 46 41 95 77 45 71 35 83 63 80 29 72 16 59 90 94 76 81 66 15 
269-14-15 1?1.425 = 14 89 94 90 16 72 59 68 21 53 48 67 76 81 66 15 
269-13-15 1?1.344 = 13 87 80 29 72 16 59 90 94 68 67 81 66 15 
269-13-14 1?1.522 = 13 64 72 16 59 90 94 68 48 67 76 81 66 91 89 14 
269-12-14 1?1.667 = 12 82 87 80 29 72 16 59 90 94 68 67 81 76 89 14 
269-12-13 1?1.818 = 12 82 87 80 29 72 16 59 68 67 76 94 90 64 13 
269-11-13 1?1.887 = 11 30 74 26 35 83 63 80 29 72 16 59 94 90 64 13 
269-11-12 1?1.992 = 11 30 74 83 63 80 29 72 16 59 94 90 64 87 12 
269-11-14 1?1.998 = 11 30 82 87 80 29 72 16 59 90 94 68 67 81 76 89 14 
269-12-15 1?1.697 = 12 82 80 29 72 16 59 90 94 68 21 53 48 67 76 81 66 15 
269-11-15 1?1.939 = 11 30 74 83 35 63 80 29 72 16 59 90 94 68 67 81 66 15 
stop
