start
651-0-2 1?1.97 = 0 87 75 17 45 48 58 37 52 67 41 46 97 61 59 65 95 2 
651-0-3 1?1.722 = 0 87 75 17 45 48 58 37 52 67 41 46 97 61 59 65 95 3 
651-0-1 1?1.847 = 0 52 67 37 87 75 58 48 45 17 76 66 89 97 41 1 
651-0-6 1?2.457 = 0 87 75 58 48 45 17 76 26 53 57 80 39 47 60 92 32 73 91 6 
651-0-5 1?2.213 = 0 87 75 37 52 67 41 46 97 61 59 69 19 49 44 36 96 71 5 
651-0-9 1?2.542 = 0 87 75 58 48 45 17 77 85 86 42 98 78 29 22 30 64 68 9 
651-0-10 1?2.383 = 0 87 75 58 48 45 17 76 77 85 86 51 42 98 78 29 22 30 33 63 10 
651-0-11 1?2.298 = 0 87 75 58 48 45 17 76 66 26 77 85 86 42 98 78 29 38 28 50 11 
651-0-8 1?2.589 = 0 52 67 37 87 75 58 48 45 76 26 53 57 80 39 47 74 23 8 
651-0-7 1?2.452 = 0 87 75 58 48 45 17 76 26 53 57 80 39 47 60 54 84 27 40 7 
651-0-4 1?2.159 = 0 87 75 17 45 48 58 37 52 67 41 46 97 61 69 59 65 95 19 4 
651-1-2 1?1.546 = 1 67 52 37 87 75 58 48 45 17 76 66 89 97 46 2 
651-0-15 1?1.891 = 0 52 67 37 87 75 58 48 45 17 77 85 86 51 70 15 
651-1-3 1?1.413 = 1 67 52 37 87 75 58 48 17 45 89 69 59 65 95 3 
651-0-13 1?1.958 = 0 87 75 58 48 45 17 76 66 26 77 85 86 42 93 20 82 88 13 
651-1-7 1?2.348 = 1 52 67 41 46 97 61 59 69 19 24 49 44 36 21 91 99 40 7 
651-1-5 1?2.071 = 1 67 52 37 87 75 58 48 45 89 61 59 69 19 44 49 24 71 5 
651-1-6 1?2.313 = 1 52 67 41 97 61 59 69 19 24 49 44 36 62 32 73 91 6 
651-0-14 1?1.765 = 0 87 75 58 48 45 17 76 66 26 77 85 86 51 70 43 14 
651-1-8 1?2.307 = 1 52 37 87 75 58 48 45 17 76 26 53 57 80 39 47 74 23 8 
651-0-12 1?2.092 = 0 87 75 58 48 45 17 76 77 85 86 51 70 43 93 82 25 79 12 
651-1-4 1?1.951 = 1 67 52 37 87 75 58 48 45 89 61 59 69 19 44 49 24 4 
651-1-15 1?1.639 = 1 67 52 37 87 75 58 48 45 17 77 85 86 51 70 15 
651-2-3 1?1.555 = 2 46 41 67 37 87 75 58 48 45 89 69 59 65 95 3 
651-1-13 1?1.788 = 1 67 52 37 58 48 45 17 76 77 85 86 42 93 20 82 88 13 
651-2-5 1?2.039 = 2 46 41 67 52 37 58 48 45 89 36 44 49 24 96 71 5 
651-2-6 1?2.275 = 2 61 59 69 19 24 49 44 36 62 16 32 73 91 99 27 40 6 
651-2-4 1?1.815 = 2 46 41 67 52 87 75 58 48 45 89 69 59 19 4 
651-1-10 1?2.246 = 1 52 37 87 75 58 48 45 17 76 77 85 86 42 98 78 29 22 30 33 10 
651-1-12 1?1.97 = 1 67 52 37 87 75 58 48 45 17 76 77 85 86 42 93 20 82 25 79 12 
651-1-9 1?2.363 = 1 67 52 37 87 75 58 48 45 17 76 26 53 57 39 80 56 31 34 9 
651-1-11 1?2.17 = 1 67 52 37 87 75 58 48 45 17 76 77 85 86 42 98 78 29 38 50 11 
651-1-14 1?1.58 = 1 67 52 37 87 75 58 48 45 17 77 85 86 51 70 14 
651-3-5 1?1.791 = 3 95 65 59 69 19 24 49 44 36 62 21 96 71 18 5 
651-2-15 1?2.006 = 2 46 41 67 52 37 87 75 58 48 45 17 76 26 77 85 86 51 70 15 
651-2-7 1?2.325 = 2 46 97 61 59 69 19 24 49 44 36 62 32 73 91 99 27 40 7 
651-2-13 1?2.079 = 2 46 41 67 52 37 58 48 45 17 76 77 85 86 42 93 20 82 25 88 13 
651-3-4 1?1.775 = 3 95 65 59 69 19 24 49 44 36 62 21 96 71 18 4 
651-2-10 1?2.452 = 2 46 41 67 52 37 58 48 45 17 77 85 42 98 78 29 22 30 33 10 
651-2-9 1?2.474 = 2 61 59 69 19 49 44 36 62 16 92 60 47 39 80 56 31 34 9 
651-2-12 1?2.153 = 2 46 41 67 52 37 58 48 45 17 76 77 85 86 42 93 20 82 25 79 12 
651-2-11 1?2.353 = 2 46 41 67 52 37 58 48 45 17 76 77 85 86 42 98 78 29 38 50 11 
651-2-8 1?2.514 = 2 46 41 67 52 37 58 48 45 17 76 26 53 57 39 47 74 23 8 
651-2-14 1?1.922 = 2 46 41 67 52 37 87 75 58 48 45 17 76 77 85 86 51 70 43 14 
651-4-5 1?2.181 = 4 3 95 65 59 69 19 24 49 44 36 62 21 96 71 18 5 
651-3-6 1?1.872 = 3 95 65 59 69 19 24 49 44 36 21 91 99 27 40 6 
651-3-15 1?1.963 = 3 95 65 59 69 61 97 41 67 52 37 87 75 58 48 45 17 72 94 15 
651-3-7 1?2.121 = 3 95 65 59 69 19 24 49 44 36 21 62 16 32 73 91 99 27 40 7 
651-3-13 1?2.377 = 3 95 65 61 97 41 67 52 37 87 75 58 48 45 17 77 85 86 51 43 13 
651-3-10 1?2.371 = 3 95 65 59 69 44 36 62 16 92 60 47 39 80 56 35 83 30 33 10 
651-3-9 1?2.339 = 3 95 65 59 69 19 49 44 36 62 16 92 60 47 39 80 56 31 34 9 
651-3-12 1?2.488 = 3 95 65 59 61 97 45 48 58 17 76 77 85 86 51 42 93 20 82 25 79 12 
651-3-11 1?2.454 = 3 95 19 49 44 36 62 16 92 60 47 39 80 56 35 83 30 22 11 
651-3-8 1?2.297 = 3 95 65 59 69 19 24 49 44 36 21 62 16 92 60 47 74 23 8 
651-3-14 1?2.227 = 3 95 65 59 61 97 41 67 52 37 58 48 45 17 77 85 86 51 70 14 
651-4-7 1?1.906 = 4 24 49 44 36 96 21 62 16 92 32 73 91 99 40 27 7 
651-4-6 1?1.992 = 4 24 49 44 36 96 21 62 16 92 32 73 91 99 27 40 6 
651-5-6 1?1.973 = 5 71 96 24 49 44 36 62 16 92 32 73 91 99 40 6 
651-4-15 1?2.171 = 4 19 69 59 61 97 41 67 52 37 87 75 58 48 45 17 72 94 15 
651-4-12 1?2.459 = 4 24 49 44 36 62 16 92 60 47 39 80 56 35 83 22 38 28 12 
651-4-13 1?2.511 = 4 24 49 44 36 62 16 92 60 47 39 80 57 81 78 20 82 25 88 13 
651-4-8 1?2.287 = 4 24 49 44 36 62 16 92 60 47 39 57 80 56 31 23 8 
651-4-10 1?2.244 = 4 24 49 44 36 62 16 92 60 47 39 80 56 35 83 22 30 33 10 
651-4-9 1?2.448 = 4 24 49 44 36 21 62 16 92 60 47 39 80 56 35 83 64 68 9 
651-4-11 1?2.347 = 4 24 49 44 36 62 16 92 60 47 39 80 56 35 83 22 30 33 11 
651-4-14 1?2.479 = 4 19 69 59 61 97 41 67 52 37 58 48 17 76 77 85 86 51 70 14 
651-6-7 1?2 = 6 91 73 32 92 60 47 39 57 80 74 54 84 27 40 7 
651-5-7 1?1.883 = 5 71 96 24 49 44 36 62 16 92 32 73 91 99 40 7 
651-6-8 1?2.051 = 6 40 27 99 91 73 32 92 60 47 39 57 80 74 23 8 
651-5-15 1?2.351 = 5 71 24 49 44 36 69 59 61 97 41 67 52 37 87 75 72 94 15 
651-5-9 1?2.199 = 5 71 96 24 49 44 36 62 16 92 60 47 39 80 56 31 34 9 
651-5-13 1?2.53 = 5 91 73 32 92 60 47 39 80 56 35 83 22 38 55 79 25 88 13 
651-5-8 1?2.183 = 5 71 24 49 44 36 21 62 16 92 60 47 39 80 74 23 8 
651-5-12 1?2.503 = 5 71 96 21 62 16 92 60 47 39 80 56 35 83 30 22 38 28 12 
651-5-10 1?2.249 = 5 71 24 49 44 36 16 92 60 47 39 80 56 35 83 30 33 10 
651-5-11 1?2.362 = 5 71 96 24 49 44 36 62 16 92 60 47 39 80 56 35 83 30 11 
651-5-14 1?2.528 = 5 71 24 49 44 36 89 45 48 58 17 76 77 85 86 51 70 43 14 
651-7-10 1?1.813 = 7 40 27 84 54 60 47 39 80 56 35 83 30 33 10 
651-6-9 1?2.044 = 6 40 27 99 91 73 32 92 60 47 39 80 56 35 68 9 
651-7-9 1?1.954 = 7 40 27 99 91 73 32 92 60 47 39 80 56 35 68 9 
651-7-8 1?1.961 = 7 40 27 99 91 73 32 92 60 47 39 57 80 74 23 8 
651-6-15 1?2.692 = 6 91 21 36 44 49 19 69 59 61 97 41 67 52 37 87 72 94 15 
651-6-10 1?2.068 = 6 91 73 32 92 60 47 39 80 56 35 83 22 30 33 64 63 10 
651-6-12 1?2.374 = 6 40 27 99 91 73 32 92 60 47 39 80 56 35 83 22 38 28 12 
651-7-11 1?2.153 = 7 40 99 91 73 32 92 60 47 39 80 56 35 83 22 30 33 11 
651-6-13 1?2.458 = 6 91 73 32 92 60 47 39 80 56 35 83 30 22 38 55 79 25 88 13 
651-6-11 1?2.347 = 6 91 73 32 92 60 47 39 57 80 56 35 83 30 22 38 28 50 11 
651-6-14 1?2.554 = 6 40 27 99 91 73 32 92 60 47 39 80 57 53 85 86 51 70 43 14 
651-8-9 1?2.212 = 8 23 74 54 60 47 39 80 56 35 83 30 64 68 9 
651-8-10 1?1.961 = 8 23 74 54 60 47 39 80 56 35 83 30 33 63 10 
651-8-15 1?2.669 = 8 23 74 47 39 80 57 53 26 66 76 17 45 48 58 75 87 72 94 15 
651-8-11 1?2.29 = 8 23 74 54 60 47 39 80 56 35 83 30 22 38 28 50 11 
651-7-15 1?2.687 = 7 40 27 84 54 60 47 39 80 57 53 26 76 45 48 58 75 72 94 15 
651-7-13 1?2.336 = 7 40 27 99 91 73 32 92 60 47 39 80 57 81 78 20 82 25 88 13 
651-7-12 1?2.284 = 7 40 27 99 91 73 32 92 60 47 39 80 56 35 83 22 38 28 12 
651-8-12 1?2.57 = 8 23 74 54 60 47 39 80 56 35 83 30 22 38 55 25 79 12 
651-8-13 1?2.693 = 8 23 74 54 60 47 39 80 56 35 83 30 22 38 28 55 79 25 88 13 
651-8-14 1?2.728 = 8 34 68 64 33 30 83 22 38 29 78 98 42 85 86 51 70 43 14 
651-7-14 1?2.536 = 7 40 99 91 73 32 92 60 47 39 80 57 53 85 86 42 51 70 43 14 
651-9-10 1?1.917 = 9 34 31 23 74 47 39 80 56 35 83 30 33 63 10 
651-9-12 1?2.155 = 9 34 31 68 64 33 30 83 22 38 55 25 88 79 12 
651-10-12 1?2.032 = 10 63 64 33 30 83 22 38 55 82 20 93 88 79 12 
651-10-13 1?1.944 = 10 63 64 30 83 22 38 55 79 25 82 20 93 88 13 
651-9-11 1?2.058 = 9 34 31 23 74 47 39 80 56 35 83 22 30 33 11 
651-10-11 1?2.133 = 10 63 33 30 83 22 38 29 78 93 82 55 28 50 11 
651-9-15 1?2.669 = 9 34 31 56 80 39 57 53 26 66 76 17 45 48 58 75 87 72 94 15 
651-9-13 1?2.611 = 9 34 23 74 47 39 57 80 56 35 83 30 22 38 55 79 25 88 13 
651-10-14 1?1.999 = 10 63 33 30 83 22 38 55 79 25 82 20 93 43 14 
651-10-15 1?2.555 = 10 33 30 22 29 78 98 42 86 85 77 76 17 45 48 58 75 87 72 94 15 
651-9-14 1?2.536 = 9 34 68 64 33 30 83 22 38 29 78 98 42 85 86 51 43 14 
651-12-15 1?2.135 = 12 79 25 82 20 93 42 86 85 77 17 48 58 75 72 94 15 
651-14-15 1?1.92 = 14 43 70 51 86 85 77 76 17 45 48 58 75 87 72 94 15 
651-11-12 1?2.174 = 11 33 30 83 22 38 29 78 93 82 20 55 25 79 12 
651-13-15 1?2.057 = 13 88 82 20 93 42 86 85 77 17 48 58 75 87 72 94 15 
651-11-13 1?2.134 = 11 33 30 83 22 38 29 78 93 82 20 55 79 88 13 
651-12-13 1?2.144 = 12 28 38 29 78 98 42 86 51 70 43 93 20 82 25 88 13 
651-11-15 1?2.415 = 11 50 28 55 82 20 93 42 86 85 77 17 45 48 58 75 87 72 94 15 
651-13-14 1?2.008 = 13 88 25 79 55 82 20 93 78 98 42 51 86 85 70 43 14 
651-12-14 1?2.125 = 12 55 79 25 88 82 20 93 78 98 42 51 86 85 70 43 14 
651-11-14 1?2.166 = 11 50 28 55 79 25 82 20 78 98 42 51 86 85 70 43 14 
stop
