start
450-0-2 1?1.857 = 0 51 48 75 77 32 26 43 76 54 99 63 40 80 93 2 
450-0-3 1?2.222 = 0 51 48 75 32 77 43 76 54 99 26 44 40 80 64 93 3 
450-0-4 1?2.185 = 0 51 48 75 77 32 26 43 54 46 87 52 81 36 27 37 45 4 
450-0-1 1?1.917 = 0 51 48 75 77 32 26 43 76 54 99 63 40 64 80 1 
450-0-6 1?2.464 = 0 51 48 75 32 26 43 76 54 46 87 52 81 36 27 86 56 31 68 6 
450-0-5 1?2.303 = 0 51 48 75 77 32 26 43 76 54 46 87 52 81 36 27 86 56 35 5 
450-0-11 1?2.393 = 0 51 48 75 32 26 43 54 76 57 85 22 91 28 69 33 21 47 70 18 11 
450-0-8 1?2.64 = 0 51 48 75 77 32 26 43 76 50 55 41 58 73 39 59 88 89 60 97 8 
450-0-7 1?2.522 = 0 51 48 75 77 32 26 43 54 76 50 55 41 58 73 39 59 88 82 38 7 
450-0-10 1?2.529 = 0 51 48 75 32 26 43 54 76 57 85 22 91 30 21 47 70 18 49 95 10 
450-0-9 1?2.594 = 0 51 48 75 77 32 26 43 76 50 55 41 58 73 39 59 88 89 60 74 9 
450-0-15 1?2.016 = 0 51 48 75 32 77 65 29 17 20 16 19 53 25 83 15 
450-1-4 1?2.096 = 1 80 40 44 32 26 43 54 46 87 52 36 27 37 45 4 
450-0-13 1?2.004 = 0 51 48 75 32 26 43 76 57 65 29 17 20 16 19 42 24 13 
450-1-3 1?2.345 = 1 80 64 40 44 75 77 32 26 43 76 54 99 61 90 96 3 
450-1-2 1?1.926 = 1 75 77 32 26 43 76 54 99 63 44 40 80 64 93 2 
450-0-14 1?1.918 = 0 51 48 75 32 26 43 76 57 65 29 17 20 16 19 53 14 
450-1-7 1?2.41 = 1 80 40 44 32 26 43 76 50 55 41 58 73 39 59 88 82 38 7 
450-0-12 1?2.278 = 0 51 48 75 32 26 43 76 57 65 29 17 20 19 16 24 92 98 12 
450-1-5 1?2.209 = 1 80 40 44 32 26 43 54 46 87 52 81 36 27 86 56 35 5 
450-1-6 1?2.383 = 1 80 40 44 32 26 43 76 54 46 87 52 81 36 27 86 68 6 
450-1-8 1?2.589 = 1 80 40 44 32 77 26 43 76 50 55 41 73 58 62 89 60 97 8 
450-1-15 1?2.042 = 1 80 40 44 32 77 65 29 17 20 16 19 25 83 15 
450-1-14 1?2.002 = 1 80 40 44 32 77 65 29 17 20 19 16 24 42 53 14 
450-2-5 1?1.935 = 2 93 64 40 44 32 26 43 54 46 52 81 86 56 35 5 
450-2-4 1?1.967 = 2 93 64 40 44 26 43 54 46 87 52 36 27 37 45 4 
450-1-13 1?2.123 = 1 40 44 32 26 43 54 76 57 65 29 17 20 16 19 42 24 13 
450-2-3 1?1.989 = 2 93 64 80 40 44 32 77 26 43 76 54 61 90 96 3 
450-1-12 1?2.348 = 1 75 77 32 26 43 76 57 65 29 17 20 16 19 42 24 92 98 12 
450-2-6 1?2.278 = 2 93 64 40 44 32 77 26 43 54 46 87 52 36 27 86 68 6 
450-1-10 1?2.548 = 1 75 32 26 43 54 76 57 85 22 91 28 69 33 21 47 70 18 49 95 10 
450-1-11 1?2.446 = 1 80 40 44 32 77 26 43 76 57 85 22 91 28 69 21 47 70 18 11 
450-1-9 1?2.605 = 1 80 40 44 32 26 43 54 50 55 41 58 73 39 59 88 89 60 74 9 
450-2-15 1?1.969 = 2 93 64 40 44 32 26 99 43 77 75 48 51 34 66 15 
450-3-5 1?2.209 = 3 96 90 37 45 79 27 36 52 81 86 68 56 31 35 5 
450-2-14 1?2.054 = 2 93 64 40 44 32 77 26 43 76 57 65 29 17 20 16 19 53 14 
450-3-4 1?2.216 = 3 96 61 46 87 52 81 36 27 86 56 31 35 79 45 4 
450-2-7 1?2.328 = 2 93 64 40 44 32 26 43 76 50 41 58 73 39 59 88 82 38 7 
450-2-10 1?2.445 = 2 93 64 40 44 26 43 76 57 85 22 91 28 69 33 21 47 70 49 95 10 
450-2-12 1?2.461 = 2 93 64 40 44 32 26 43 54 76 57 65 29 17 20 16 19 42 24 92 98 12 
450-2-11 1?2.389 = 2 93 64 40 44 32 77 26 43 76 57 85 22 91 28 69 21 47 70 18 11 
450-2-13 1?2.238 = 2 93 64 40 44 32 77 26 43 54 76 57 65 29 17 20 19 16 42 24 13 
450-2-8 1?2.527 = 2 93 64 40 44 32 77 26 43 76 50 55 41 58 73 39 89 60 97 8 
450-2-9 1?2.523 = 2 93 64 40 44 32 26 43 76 50 55 41 58 73 39 59 88 89 60 74 9 
450-4-5 1?2.317 = 4 45 37 27 36 81 52 87 73 39 59 94 86 56 35 5 
450-3-14 1?2.381 = 3 93 64 40 44 32 77 26 43 76 57 65 29 17 20 16 19 53 14 
450-3-15 1?2.611 = 3 93 64 40 44 32 77 65 29 17 20 19 16 24 42 53 25 83 15 
450-3-6 1?2.546 = 3 93 64 40 44 32 26 43 54 46 87 52 81 86 56 31 68 6 
450-3-7 1?2.607 = 3 93 64 40 44 32 26 43 76 50 55 41 73 39 59 88 82 38 7 
450-3-10 1?2.698 = 3 96 61 99 43 76 57 85 22 91 30 69 33 21 47 70 18 49 95 10 
450-3-12 1?2.69 = 3 93 64 40 44 32 26 43 76 57 65 29 17 20 16 19 42 24 92 98 12 
450-3-13 1?2.565 = 3 93 64 40 44 32 77 26 43 54 76 57 65 29 17 20 19 16 42 24 13 
450-3-11 1?2.651 = 3 93 64 40 44 32 26 43 76 57 85 22 91 28 69 33 21 47 70 18 11 
450-3-9 1?2.759 = 3 93 64 40 44 32 26 43 76 50 55 41 58 73 39 59 88 60 74 9 
450-3-8 1?2.772 = 3 93 64 40 44 32 26 43 54 50 55 41 58 73 39 89 60 97 8 
450-5-6 1?2.121 = 5 35 31 56 86 27 36 52 81 94 59 88 82 38 23 6 
450-4-14 1?2.357 = 4 45 37 27 36 52 87 50 41 55 67 57 65 29 17 20 16 19 53 14 
450-4-7 1?2.373 = 4 45 37 79 35 31 56 86 27 36 52 94 59 88 82 38 7 
450-4-6 1?2.312 = 4 45 37 79 35 31 56 86 27 36 52 81 94 82 38 23 6 
450-4-15 1?2.462 = 4 45 79 37 27 36 52 87 46 54 76 43 26 32 77 34 66 15 
450-4-12 1?2.624 = 4 45 37 27 36 81 52 87 50 41 55 67 85 22 91 30 21 47 70 98 12 
450-4-10 1?2.617 = 4 45 37 27 36 52 87 50 41 55 22 91 30 21 47 70 18 49 95 10 
450-4-13 1?2.462 = 4 45 37 27 36 81 52 87 50 41 55 67 57 65 29 17 20 19 16 24 13 
450-4-8 1?2.413 = 4 45 79 35 31 56 86 27 36 81 94 59 88 89 60 97 8 
450-4-11 1?2.556 = 4 45 37 27 36 81 52 87 50 41 55 22 91 28 69 33 21 47 70 18 11 
450-4-9 1?2.618 = 4 45 37 79 35 31 56 86 27 36 52 81 94 59 88 89 60 74 9 
450-6-7 1?2.282 = 6 68 31 56 35 79 45 37 27 36 52 81 94 82 38 7 
450-5-7 1?2.109 = 5 35 56 31 68 86 27 36 81 52 94 59 88 82 38 7 
450-5-12 1?2.485 = 5 35 56 86 36 81 52 87 73 58 71 91 28 69 33 21 47 70 98 12 
450-6-8 1?2.323 = 6 31 56 86 27 36 52 81 94 59 88 89 60 97 8 
450-5-15 1?2.531 = 5 35 56 86 27 36 81 52 87 46 54 76 43 26 32 75 48 34 66 15 
450-5-8 1?2.147 = 5 35 31 56 86 27 36 52 94 59 88 89 60 97 8 
450-5-10 1?2.521 = 5 35 56 86 36 52 87 73 58 71 91 30 21 47 70 18 49 95 10 
450-5-14 1?2.499 = 5 35 31 56 27 36 81 52 87 50 41 55 67 57 65 29 17 20 16 19 53 14 
450-5-13 1?2.362 = 5 35 56 86 81 52 87 50 41 55 67 57 65 29 17 20 16 19 42 24 13 
450-5-11 1?2.462 = 5 35 56 27 36 81 52 87 73 58 71 91 28 69 33 21 47 70 18 11 
450-5-9 1?2.482 = 5 35 56 86 81 52 87 50 55 41 58 73 39 59 88 89 60 74 9 
450-6-10 1?2.453 = 6 23 38 82 88 59 39 58 71 91 30 21 47 70 49 95 10 
450-7-10 1?2.338 = 7 38 82 88 59 39 58 71 91 30 21 47 70 49 95 10 
450-6-14 1?2.484 = 6 23 38 82 88 59 39 73 58 41 55 67 57 65 29 17 20 16 19 53 14 
450-6-12 1?2.586 = 6 23 38 82 88 59 39 73 58 71 22 91 28 69 33 21 47 70 98 12 
450-7-11 1?2.398 = 7 38 82 88 59 39 73 58 71 91 78 28 69 33 21 47 70 18 11 
450-7-8 1?2.438 = 7 23 38 82 88 59 39 73 58 71 62 84 89 60 97 8 
450-7-9 1?2.35 = 7 38 82 88 59 39 73 58 41 55 71 62 89 60 74 9 
450-6-15 1?2.682 = 6 68 31 56 86 81 52 87 46 54 43 26 32 77 75 48 51 34 66 15 
450-6-13 1?2.456 = 6 68 86 81 52 87 50 41 55 67 57 65 29 17 20 19 16 42 24 13 
450-6-9 1?2.277 = 6 31 56 86 27 36 52 81 94 59 88 89 60 74 9 
450-6-11 1?2.513 = 6 23 38 82 88 59 39 73 58 71 91 78 28 69 33 21 47 70 18 11 
450-8-10 1?2.443 = 8 97 60 89 84 62 71 91 28 69 21 47 70 18 49 95 10 
450-8-12 1?2.517 = 8 97 60 89 88 59 39 73 58 71 91 30 47 21 69 33 98 12 
450-8-11 1?2.412 = 8 97 60 89 88 59 39 73 58 71 91 30 21 47 70 18 11 
450-7-12 1?2.539 = 7 38 82 88 59 39 73 58 41 55 50 67 85 22 91 28 69 33 98 12 
450-8-15 1?2.688 = 8 97 88 59 39 73 58 41 55 67 85 29 65 17 20 16 19 25 83 15 
450-8-13 1?2.392 = 8 97 60 89 62 71 91 22 85 29 65 17 20 19 16 42 24 13 
450-8-9 1?2.414 = 8 97 60 89 84 30 21 47 70 18 49 95 72 74 9 
450-8-14 1?2.52 = 8 97 88 59 39 73 58 71 91 22 85 57 65 29 17 20 16 19 53 14 
450-7-14 1?2.502 = 7 38 82 88 59 39 73 58 41 55 22 85 57 65 29 17 20 16 19 53 14 
450-7-15 1?2.716 = 7 38 82 88 59 39 73 58 71 91 22 85 29 65 17 20 16 19 25 83 15 
450-7-13 1?2.43 = 7 38 82 88 59 39 73 41 55 22 85 29 65 17 20 16 19 42 24 13 
450-10-12 1?1.981 = 10 95 49 18 70 47 21 33 69 16 19 42 24 92 98 12 
450-9-10 1?2.323 = 9 74 60 89 62 71 91 28 69 21 47 70 18 49 95 10 
450-9-11 1?2.28 = 9 74 60 89 39 73 58 71 91 28 69 21 47 70 18 11 
450-10-11 1?2.37 = 10 95 49 18 70 47 21 33 69 16 19 42 24 92 98 12 11 
450-10-13 1?1.95 = 10 95 49 18 70 47 21 33 69 28 78 17 20 16 19 42 24 13 
450-9-12 1?2.345 = 9 74 72 95 49 70 47 21 33 69 16 19 42 24 92 98 12 
450-9-13 1?2.235 = 9 74 60 89 84 70 47 21 33 69 17 20 16 19 42 24 13 
450-10-14 1?2.246 = 10 95 49 18 70 47 21 33 69 28 78 17 20 19 16 24 42 53 25 14 
450-9-15 1?2.498 = 9 74 72 95 49 18 70 47 21 33 69 28 17 20 16 19 25 83 15 
450-9-14 1?2.399 = 9 74 72 95 49 18 70 47 21 33 69 17 20 19 16 24 42 53 14 
450-10-15 1?2.442 = 10 95 49 18 70 47 21 33 69 28 78 17 20 19 16 24 42 53 25 83 15 
450-11-13 1?1.709 = 11 18 70 47 21 33 69 28 78 17 20 16 19 42 24 13 
450-11-12 1?1.923 = 11 18 70 47 21 33 69 17 20 16 19 42 24 92 98 12 
450-12-13 1?1.734 = 12 98 70 47 21 33 69 28 78 17 20 16 19 42 24 13 
450-13-14 1?1.964 = 13 24 42 19 16 33 47 21 69 28 78 17 20 25 53 14 
450-14-15 1?2.069 = 14 53 19 16 20 17 29 65 77 32 75 48 51 34 66 15 
450-13-15 1?2.035 = 13 24 16 19 20 17 29 65 77 32 75 48 34 66 15 
450-11-14 1?2.104 = 11 18 70 47 21 30 91 22 85 57 65 29 17 20 16 19 53 14 
450-12-14 1?2.124 = 12 98 33 69 21 47 30 91 22 85 29 65 17 20 16 19 53 14 
450-11-15 1?2.307 = 11 95 49 18 70 47 21 33 69 17 20 19 16 24 42 53 25 83 15 
450-12-15 1?2.347 = 12 98 33 69 21 47 30 28 78 17 20 19 16 24 42 53 25 83 15 
stop
