start
962-0-2 1?1.552 = 0 45 63 87 41 47 27 52 76 80 75 69 53 2 
962-0-1 1?1.603 = 0 45 63 27 52 76 69 80 75 41 47 87 67 1 
962-0-3 1?1.773 = 0 45 63 87 41 47 27 52 76 80 75 69 53 3 
962-0-9 1?2.376 = 0 45 87 47 75 80 76 27 36 96 19 68 98 33 20 66 74 81 9 
962-0-11 1?2.236 = 0 45 87 47 80 76 27 96 40 18 56 35 43 93 32 21 11 
962-0-5 1?2.17 = 0 45 87 47 41 75 80 76 52 27 36 73 72 23 46 22 59 62 5 
962-0-4 1?1.926 = 0 45 87 47 41 75 80 76 71 23 46 22 59 94 4 
962-0-6 1?2.275 = 0 45 87 47 41 75 80 76 27 36 73 72 88 60 84 42 65 49 6 
962-0-10 1?2.272 = 0 45 87 47 80 76 27 96 19 40 18 30 39 86 34 64 89 44 10 
962-0-8 1?2.464 = 0 45 87 47 75 80 76 27 36 96 19 68 98 33 20 70 17 37 97 91 8 
962-0-7 1?2.313 = 0 45 87 47 41 75 80 76 27 36 73 72 88 54 82 77 29 16 92 7 
962-1-2 1?1.742 = 1 67 41 47 80 75 69 76 52 27 96 36 71 53 2 
962-0-14 1?1.947 = 0 45 87 47 41 75 80 69 76 27 63 38 78 14 
962-0-15 1?1.713 = 0 45 87 47 41 75 80 69 76 52 27 63 38 15 
962-1-5 1?1.888 = 1 41 75 80 76 27 36 73 72 23 46 22 59 62 5 
962-0-13 1?2.276 = 0 45 87 47 80 76 27 36 96 19 40 18 56 35 79 83 13 
962-1-3 1?1.963 = 1 67 41 47 80 75 69 76 52 27 96 36 71 53 3 
962-0-12 1?2.22 = 0 45 87 47 27 36 96 19 40 18 56 35 43 93 32 21 12 
962-1-4 1?1.813 = 1 75 80 76 52 27 36 73 72 23 46 22 59 94 4 
962-1-6 1?2.077 = 1 41 47 75 80 76 27 36 73 72 88 60 84 42 65 49 6 
962-1-8 1?2.302 = 1 41 75 80 76 27 36 96 19 68 98 33 20 70 66 17 37 97 91 8 
962-1-7 1?2.159 = 1 41 47 75 80 76 52 27 36 73 72 88 54 82 77 29 16 92 7 
962-1-13 1?2.169 = 1 75 80 76 52 27 36 96 19 40 18 56 35 43 99 79 83 13 
962-1-12 1?2.124 = 1 75 80 76 52 27 36 96 19 40 18 56 35 43 93 32 21 12 
962-2-5 1?1.973 = 2 69 75 80 76 27 36 73 72 23 46 22 59 62 5 
962-2-6 1?2.072 = 2 69 76 27 96 36 73 72 88 60 84 42 65 49 6 
962-2-3 1?2.173 = 2 69 76 52 27 96 36 73 72 23 46 22 59 94 3 
962-1-11 1?2.148 = 1 41 47 75 80 76 27 36 96 19 40 18 56 35 43 93 32 21 11 
962-2-4 1?1.899 = 2 69 76 52 27 96 36 73 72 23 46 22 59 94 4 
962-1-10 1?2.223 = 1 41 47 75 80 76 52 27 36 96 19 40 18 30 39 34 86 64 89 44 10 
962-1-15 1?1.684 = 1 67 41 47 80 75 69 76 52 27 87 63 38 15 
962-1-9 1?2.353 = 1 41 47 75 80 76 52 27 36 96 19 40 68 98 33 20 70 66 74 81 9 
962-1-14 1?2.095 = 1 41 47 75 80 76 52 27 36 96 19 40 18 56 35 24 14 
962-3-5 1?2.187 = 3 94 59 22 46 23 88 54 82 77 95 60 84 42 55 61 5 
962-2-13 1?2.305 = 2 69 75 80 76 52 27 36 96 19 40 18 56 35 43 99 79 83 13 
962-2-12 1?2.305 = 2 53 69 75 80 76 52 27 36 19 40 18 56 35 43 93 32 21 12 
962-3-4 1?2.139 = 3 53 69 76 27 96 36 73 72 23 46 22 59 94 4 
962-2-11 1?2.282 = 2 53 69 75 80 76 52 27 36 19 40 18 56 35 43 93 32 21 11 
962-2-9 1?2.398 = 2 69 75 80 76 52 27 36 96 19 40 68 98 33 20 70 66 74 81 9 
962-2-15 1?1.704 = 2 53 69 76 52 27 80 75 41 47 87 63 38 15 
962-2-8 1?2.387 = 2 69 75 80 76 27 36 96 19 68 98 33 20 70 66 17 37 97 91 8 
962-2-10 1?2.383 = 2 69 75 80 76 52 27 36 96 19 40 18 56 35 30 39 34 86 64 89 44 10 
962-2-14 1?2.389 = 2 53 69 75 41 47 80 76 52 27 36 19 40 18 56 35 24 14 
962-2-7 1?2.247 = 2 69 75 80 76 52 27 96 36 73 72 88 54 82 77 29 16 92 7 
962-4-5 1?1.913 = 4 94 59 22 46 23 88 54 77 82 95 60 84 42 55 61 5 
962-3-6 1?2.1 = 3 94 59 22 46 23 84 60 88 54 77 82 95 65 49 6 
962-3-12 1?2.482 = 3 53 69 75 80 76 27 36 19 40 18 56 35 43 93 32 21 12 
962-3-10 1?2.459 = 3 53 69 76 52 27 36 96 19 40 18 30 39 34 86 64 89 44 10 
962-3-13 1?2.545 = 3 53 69 75 80 76 27 36 96 19 40 18 56 35 43 99 79 83 13 
962-3-11 1?2.459 = 3 53 69 75 80 76 27 36 19 40 18 56 35 43 93 32 21 11 
962-3-8 1?2.477 = 3 94 59 22 46 42 84 60 88 54 77 82 95 29 16 90 37 97 91 8 
962-3-9 1?2.47 = 3 94 59 22 46 84 60 88 54 82 77 29 16 90 37 97 51 48 58 81 9 
962-3-15 1?2.397 = 3 53 71 52 27 76 69 75 80 47 41 67 87 63 45 38 15 
962-3-14 1?2.577 = 3 53 69 75 41 47 80 76 52 27 36 96 19 40 18 56 24 14 
962-3-7 1?2.277 = 3 94 59 22 46 23 84 42 60 88 54 77 82 95 29 16 92 7 
962-5-6 1?1.953 = 5 62 59 22 46 23 88 54 77 82 95 60 84 42 65 49 6 
962-4-6 1?1.826 = 4 94 59 22 46 23 84 60 88 54 77 82 95 65 49 6 
962-4-7 1?1.754 = 4 94 59 22 46 42 84 60 88 54 82 77 29 16 92 7 
962-4-10 1?2.255 = 4 94 59 22 46 23 72 73 68 98 33 20 70 66 86 34 64 89 44 10 
962-4-12 1?2.478 = 4 94 59 22 46 23 88 54 82 77 70 66 20 57 39 93 43 99 32 21 12 
962-4-13 1?2.478 = 4 94 59 22 46 84 60 95 82 77 70 66 20 57 30 39 93 43 99 79 83 13 
962-4-8 1?2.207 = 4 94 59 22 46 84 60 88 54 82 77 29 16 92 90 37 51 97 91 8 
962-4-15 1?2.331 = 4 94 59 22 46 23 72 73 36 27 76 80 75 41 47 87 63 38 15 
962-4-11 1?2.407 = 4 94 59 22 46 84 60 95 82 77 70 66 20 57 39 86 34 64 89 44 85 11 
962-4-9 1?2.225 = 4 94 59 22 46 84 60 95 82 77 29 16 92 90 37 97 51 48 58 81 9 
962-4-14 1?2.569 = 4 94 59 22 46 23 72 73 36 27 76 80 75 47 87 63 38 78 14 
962-5-8 1?2.012 = 5 26 42 84 60 88 54 82 77 29 16 90 37 51 97 91 8 
962-6-8 1?2.011 = 6 61 55 42 84 60 95 82 77 29 16 92 90 37 97 91 8 
962-5-10 1?2.227 = 5 62 59 22 46 84 60 95 82 77 70 20 57 39 34 86 64 89 44 10 
962-6-7 1?1.864 = 6 49 65 55 42 84 60 88 54 77 82 95 29 16 92 7 
962-5-7 1?1.866 = 5 62 94 59 22 46 23 84 60 95 82 77 29 16 92 7 
962-5-12 1?2.552 = 5 62 59 22 46 84 60 95 82 77 70 66 20 57 30 39 93 43 99 32 21 12 
962-5-11 1?2.388 = 5 26 42 84 60 95 82 77 70 66 20 57 39 86 34 31 64 89 44 85 11 
962-5-13 1?2.609 = 5 62 59 22 46 84 60 95 77 82 54 33 98 20 57 39 93 43 99 79 83 13 
962-5-9 1?2.221 = 5 26 42 84 60 88 54 82 77 29 16 92 90 37 97 51 48 58 81 9 
962-5-15 1?2.399 = 5 62 59 22 46 23 72 73 36 27 76 80 75 41 47 87 63 38 15 
962-5-14 1?2.637 = 5 62 59 22 46 23 72 73 36 27 76 80 75 47 87 63 38 78 14 
962-7-8 1?2.064 = 7 92 16 29 77 82 54 33 98 20 70 66 17 37 97 91 8 
962-6-10 1?2.142 = 6 49 65 95 77 82 54 33 98 20 70 66 86 34 31 64 89 44 10 
962-6-9 1?2.058 = 6 49 65 42 60 88 54 82 77 29 90 37 97 51 48 58 81 9 
962-7-10 1?2.095 = 7 92 16 29 77 82 54 33 98 20 57 39 86 34 64 89 44 10 
962-7-9 1?2.143 = 7 92 16 29 77 82 54 33 98 20 70 66 17 51 48 58 81 9 
962-7-11 1?2.262 = 7 92 16 29 17 66 70 20 57 30 39 86 34 31 64 89 44 85 11 
962-6-11 1?2.392 = 6 61 55 42 84 60 88 54 82 77 70 66 20 57 86 34 64 89 44 85 11 
962-6-13 1?2.551 = 6 49 65 42 84 60 88 54 82 77 70 66 20 57 30 39 93 43 99 79 83 13 
962-6-12 1?2.557 = 6 49 65 42 84 60 88 54 82 77 70 66 20 57 30 39 93 43 99 32 21 12 
962-6-15 1?2.473 = 6 61 55 42 84 23 72 73 36 27 76 80 75 41 47 87 63 38 15 
962-6-14 1?2.696 = 6 49 65 42 84 60 95 82 77 70 66 20 57 30 39 93 43 99 79 24 14 
962-8-10 1?1.784 = 8 91 97 37 17 66 70 20 57 30 39 34 86 64 89 44 10 
962-8-9 1?1.951 = 8 91 90 37 17 66 70 20 57 39 34 86 64 89 44 28 9 
962-8-12 1?2.156 = 8 91 97 51 48 58 81 28 44 89 64 86 34 93 43 99 79 21 12 
962-7-12 1?2.379 = 7 92 16 29 77 82 54 33 98 20 70 66 57 39 93 43 99 21 12 
962-8-11 1?2.125 = 8 91 97 90 37 17 66 70 20 57 30 39 86 34 31 64 89 44 85 11 
962-7-13 1?2.484 = 7 92 16 29 77 82 54 33 98 20 70 66 57 30 39 93 43 99 79 83 13 
962-8-13 1?2.362 = 8 91 97 51 48 58 81 28 44 89 64 31 34 86 39 30 93 43 99 79 83 13 
962-8-15 1?2.578 = 8 91 97 37 17 66 70 20 33 98 68 40 19 96 36 27 63 38 15 
962-8-14 1?2.434 = 8 91 97 51 48 58 81 28 44 89 64 34 86 39 93 43 99 79 24 14 
962-7-15 1?2.512 = 7 92 16 29 77 82 54 88 72 73 36 27 76 80 47 87 63 38 15 
962-7-14 1?2.696 = 7 92 16 29 77 82 95 60 88 54 33 98 68 19 40 18 56 35 24 14 
962-10-12 1?1.826 = 10 44 89 64 31 34 86 66 70 20 57 39 93 32 21 12 
962-9-12 1?1.9 = 9 28 44 89 64 31 34 86 39 30 93 43 99 32 21 12 
962-10-11 1?1.71 = 10 44 89 64 31 34 86 39 30 93 43 99 79 21 50 11 
962-9-10 1?1.79 = 9 81 58 48 51 17 66 70 20 57 39 34 86 64 89 44 10 
962-9-11 1?1.855 = 9 28 44 89 64 31 34 86 39 93 43 99 32 21 50 11 
962-10-13 1?1.973 = 10 44 89 64 31 34 86 66 70 20 57 39 93 43 99 79 83 13 
962-9-13 1?2.162 = 9 81 58 48 51 97 37 17 66 70 20 57 30 39 93 43 99 79 83 13 
962-10-14 1?2.272 = 10 44 89 64 31 34 86 66 70 20 57 30 39 93 43 99 79 24 14 
962-10-15 1?2.413 = 10 44 89 64 31 34 86 39 30 18 40 19 96 36 27 63 38 15 
962-9-14 1?2.445 = 9 81 58 48 97 90 37 17 66 70 20 57 30 39 93 43 99 79 24 14 
962-9-15 1?2.6 = 9 81 58 48 51 97 90 37 17 66 70 20 57 39 93 43 99 79 24 78 15 
962-12-13 1?2.159 = 12 21 32 31 34 86 66 20 57 39 93 43 99 79 83 13 
962-11-13 1?1.872 = 11 85 44 89 64 31 34 86 39 30 93 43 99 79 83 13 
962-11-12 1?1.878 = 11 85 44 89 64 31 34 86 39 30 93 43 99 32 21 12 
962-12-14 1?2.385 = 12 21 32 31 34 86 66 20 57 39 93 43 99 79 24 14 
962-13-14 1?2.453 = 13 83 79 99 43 93 32 21 50 31 34 86 39 30 35 24 14 
962-11-14 1?2.098 = 11 85 44 89 64 31 34 86 39 30 93 43 99 79 24 14 
962-13-15 1?2.372 = 13 83 79 99 93 43 35 56 18 40 19 96 63 38 15 
962-14-15 1?2.376 = 14 24 56 18 40 19 96 27 76 80 47 87 63 38 15 
962-12-15 1?2.349 = 12 21 32 93 43 35 56 18 40 19 96 36 27 63 38 15 
962-11-15 1?2.38 = 11 21 32 93 43 99 79 35 56 18 40 19 36 96 63 38 15 
stop
