start
505-0-1 1?2.269 = 0 63 76 39 19 51 98 30 87 21 42 97 24 82 47 84 1 
505-0-10 1?2.398 = 0 63 76 39 19 88 16 78 48 55 62 28 43 35 59 33 81 10 
505-0-9 1?2.642 = 0 63 76 39 19 88 16 78 48 77 49 85 73 83 89 66 96 91 71 9 
505-0-2 1?2.03 = 0 63 39 76 19 51 98 30 87 21 42 24 82 47 84 93 2 
505-0-3 1?1.984 = 0 76 39 19 51 30 27 80 32 70 68 36 25 26 58 3 
505-0-7 1?2.485 = 0 63 76 39 19 51 30 27 80 32 70 36 68 72 79 34 54 38 69 57 7 
505-0-4 1?2.172 = 0 63 76 39 19 51 98 30 27 80 32 70 68 36 25 26 94 52 4 
505-0-8 1?2.653 = 0 63 76 39 19 51 30 56 50 23 49 85 73 83 89 66 96 91 40 99 37 8 
505-0-11 1?2.388 = 0 63 76 39 19 88 95 16 78 48 55 62 28 43 35 59 33 11 
505-0-5 1?2.322 = 0 63 76 39 19 51 30 27 80 32 70 36 68 72 79 46 53 20 41 5 
505-0-6 1?2.301 = 0 63 76 39 19 51 98 30 27 80 32 70 36 68 72 79 46 53 20 41 6 
505-0-14 1?1.742 = 0 63 76 39 19 29 88 95 90 16 78 48 86 61 14 
505-1-4 1?2.113 = 1 63 76 39 19 51 98 30 27 80 32 25 26 52 94 4 
505-1-3 1?2.143 = 1 63 76 39 19 51 30 27 80 32 70 36 25 26 58 3 
505-0-13 1?1.848 = 0 63 76 39 19 29 88 95 90 16 78 48 86 61 13 
505-1-2 1?2.119 = 1 21 87 27 80 32 70 68 36 25 26 58 82 47 93 2 
505-0-15 1?2.002 = 0 63 76 39 19 29 88 16 78 48 86 61 90 95 15 
505-1-7 1?2.5 = 1 84 93 47 82 58 26 25 36 70 68 72 79 46 53 20 41 18 60 17 7 
505-1-8 1?2.739 = 1 84 93 47 82 58 26 25 36 70 68 72 79 34 54 38 69 17 57 75 8 
505-1-5 1?2.252 = 1 84 93 47 82 58 26 25 36 68 72 79 34 38 53 20 41 5 
505-0-12 1?2.258 = 0 63 76 39 19 51 29 88 95 90 61 86 78 48 55 62 28 12 
505-1-6 1?2.295 = 1 84 93 47 82 58 26 25 36 70 68 72 79 34 38 53 20 41 18 6 
505-1-15 1?2.133 = 1 63 76 39 19 29 88 16 78 48 86 61 90 95 15 
505-2-4 1?2.043 = 2 93 47 82 58 26 25 36 68 72 79 38 46 22 4 
505-2-3 1?2.172 = 2 93 47 82 24 97 80 32 67 92 70 36 25 26 58 3 
505-1-13 1?2.388 = 1 21 87 30 51 98 39 76 19 29 88 95 90 16 78 48 86 61 13 
505-1-10 1?2.586 = 1 63 76 39 19 88 95 16 78 48 55 62 28 43 35 59 33 81 10 
505-1-9 1?2.789 = 1 63 76 39 19 88 95 16 78 48 77 49 85 73 83 66 96 91 71 9 
505-2-5 1?1.755 = 2 47 82 58 26 25 36 68 72 79 46 53 20 41 5 
505-1-14 1?2.192 = 1 21 42 87 30 51 98 39 19 29 88 95 16 78 48 86 61 14 
505-2-6 1?1.988 = 2 93 47 82 58 26 25 36 68 72 79 34 54 38 53 20 41 18 6 
505-1-11 1?2.587 = 1 63 76 39 19 29 88 95 16 78 48 55 62 28 43 35 59 33 11 
505-1-12 1?2.454 = 1 63 76 39 19 98 51 29 88 95 90 61 86 78 48 55 62 28 12 
505-2-15 1?2.064 = 2 47 93 84 21 42 87 30 98 39 76 19 51 29 88 95 15 
505-3-4 1?2.048 = 3 52 94 26 25 36 68 72 79 34 54 38 46 22 4 
505-2-13 1?2.369 = 2 93 84 21 87 30 98 51 19 39 76 88 95 90 16 78 48 55 13 
505-2-10 1?2.617 = 2 93 47 82 58 26 25 36 70 68 72 79 34 54 65 96 91 44 64 10 
505-3-5 1?1.722 = 3 52 94 26 25 36 70 68 72 79 38 53 20 41 5 
505-2-9 1?2.598 = 2 93 47 82 58 26 25 36 68 72 79 34 54 65 31 96 91 40 99 71 9 
505-2-14 1?2.249 = 2 93 84 42 87 30 98 51 19 39 76 88 95 16 78 48 86 61 14 
505-2-7 1?2.305 = 2 93 47 82 58 26 25 36 70 68 72 79 46 53 20 41 18 60 69 57 17 7 
505-2-11 1?2.567 = 2 93 47 82 58 26 25 36 68 70 92 45 89 83 73 85 35 59 33 11 
505-2-8 1?2.522 = 2 93 47 82 58 26 25 36 70 68 72 79 46 53 20 41 18 60 69 57 75 8 
505-2-12 1?2.463 = 2 93 84 42 87 30 98 51 19 39 76 88 95 16 78 48 55 62 28 12 
505-3-15 1?2.315 = 3 58 26 25 36 68 70 32 80 27 30 98 51 19 39 76 88 95 15 
505-3-13 1?2.519 = 3 82 47 93 84 21 42 87 30 98 51 19 39 76 88 95 90 61 86 13 
505-4-5 1?1.635 = 4 94 52 58 26 25 36 68 72 79 46 53 20 41 5 
505-3-7 1?2.02 = 3 52 94 26 25 36 68 72 79 46 53 20 41 18 60 69 57 7 
505-3-6 1?1.621 = 3 52 94 26 25 36 68 72 79 46 53 20 41 18 6 
505-3-10 1?2.666 = 3 52 94 26 25 36 70 68 72 79 34 38 54 65 91 96 74 44 64 10 
505-3-9 1?2.603 = 3 52 94 26 25 36 70 68 72 79 34 38 54 65 31 96 91 40 99 71 9 
505-3-14 1?2.388 = 3 58 26 25 36 68 70 32 80 27 30 51 19 39 76 88 95 90 14 
505-3-8 1?2.462 = 3 52 94 26 25 36 70 68 72 79 46 53 20 41 18 60 69 17 57 75 8 
505-3-11 1?2.614 = 3 52 94 26 25 36 68 70 92 45 66 89 83 73 85 49 35 59 33 11 
505-3-12 1?2.642 = 3 52 94 26 25 36 68 70 92 67 45 66 89 83 73 85 59 35 43 12 
505-4-7 1?1.852 = 4 94 52 26 25 36 70 68 72 79 34 54 38 69 57 17 7 
505-4-15 1?2.283 = 4 94 52 26 25 36 68 70 32 80 27 30 51 19 39 76 88 95 15 
505-4-9 1?2.269 = 4 94 52 26 25 36 68 72 79 38 54 65 91 40 99 71 9 
505-4-8 1?2.168 = 4 94 52 26 25 36 70 68 72 79 34 54 38 69 17 57 75 8 
505-4-6 1?1.555 = 4 94 52 58 26 25 36 68 72 79 46 53 20 41 6 
505-5-6 1?1.784 = 5 41 20 53 46 72 79 34 54 38 69 57 17 60 18 6 
505-4-10 1?2.464 = 4 94 52 26 25 36 70 68 72 79 34 54 65 31 96 91 44 64 10 
505-4-13 1?2.537 = 4 94 52 26 25 36 70 32 80 27 30 51 29 88 95 90 61 86 13 
505-4-14 1?2.415 = 4 94 52 26 25 36 68 70 32 80 27 30 51 19 39 76 88 95 90 14 
505-4-11 1?2.552 = 4 94 52 58 26 25 36 68 70 92 67 45 66 89 83 73 85 59 35 11 
505-4-12 1?2.608 = 4 94 52 58 26 25 36 68 70 92 67 45 66 83 73 85 59 35 43 12 
505-6-8 1?1.86 = 6 18 41 20 53 46 72 79 34 54 38 69 17 57 75 8 
505-6-7 1?1.7 = 6 18 41 20 53 46 72 79 34 54 38 69 17 57 75 7 
505-5-7 1?1.995 = 5 22 46 72 79 34 54 38 53 20 41 18 60 69 17 57 75 7 
505-5-8 1?2.305 = 5 41 20 53 46 72 79 34 38 54 65 31 96 91 71 99 37 8 
505-5-9 1?2.342 = 5 41 20 53 46 72 79 34 54 38 69 17 57 75 37 99 40 71 9 
505-5-13 1?2.566 = 5 41 20 53 46 72 79 34 54 65 31 66 89 83 73 85 49 62 28 13 
505-5-10 1?2.484 = 5 41 20 53 46 79 34 54 65 31 66 89 83 73 85 35 59 33 81 10 
505-5-15 1?2.497 = 5 41 20 53 46 79 34 72 68 36 70 32 80 27 30 98 51 19 39 76 15 
505-5-14 1?2.497 = 5 22 46 79 72 68 36 70 32 80 27 30 51 19 39 76 88 95 90 14 
505-5-11 1?2.637 = 5 41 20 53 46 72 79 34 54 65 31 66 89 83 73 85 35 59 81 33 11 
505-5-12 1?2.681 = 5 41 20 53 46 72 79 34 54 65 31 66 89 83 73 85 59 35 43 28 12 
505-7-8 1?2.006 = 7 17 60 18 41 20 53 46 79 34 54 38 69 57 75 8 
505-7-9 1?2.112 = 7 17 60 18 41 20 53 46 79 34 54 65 40 99 71 9 
505-6-9 1?2.045 = 6 18 41 20 53 46 72 79 34 54 65 96 91 40 99 71 9 
505-7-10 1?2.405 = 7 57 69 60 18 41 20 53 46 79 38 54 65 91 96 74 10 
505-6-10 1?2.293 = 6 18 41 20 53 46 72 79 34 38 54 65 91 96 74 44 64 10 
505-6-15 1?2.385 = 6 18 41 20 53 46 79 72 68 36 70 32 80 27 30 98 51 19 39 76 15 
505-6-13 1?2.627 = 6 18 41 20 53 46 72 79 34 54 31 66 89 83 73 85 59 35 43 28 13 
505-7-11 1?2.445 = 7 57 69 38 79 72 34 54 65 31 66 89 83 73 85 59 35 11 
505-6-14 1?2.494 = 6 41 20 53 38 79 72 68 36 70 32 80 27 30 51 19 88 95 90 14 
505-6-11 1?2.436 = 6 18 41 20 53 46 79 34 38 54 65 31 66 89 83 73 85 59 35 11 
505-6-12 1?2.497 = 6 18 41 20 53 46 72 79 34 54 65 31 66 89 83 73 85 59 35 43 12 
505-8-9 1?2.14 = 8 37 99 40 91 96 66 89 83 73 85 59 33 81 74 44 9 
505-8-10 1?1.983 = 8 37 99 40 91 96 66 89 83 73 85 49 35 59 33 81 10 
505-7-15 1?2.501 = 7 17 69 38 54 34 79 72 68 36 70 32 80 27 30 51 19 39 76 15 
505-8-15 1?2.557 = 8 37 99 40 71 44 74 81 33 59 35 43 28 62 55 48 78 16 95 15 
505-7-13 1?2.707 = 7 57 69 38 79 34 54 31 66 89 83 73 85 59 35 43 28 62 55 13 
505-8-11 1?2.057 = 8 37 99 40 71 91 96 66 89 83 73 85 49 35 59 33 11 
505-8-12 1?2.102 = 8 37 99 40 71 91 96 66 83 73 85 59 35 43 28 12 
505-8-13 1?2.477 = 8 37 99 40 71 91 96 66 83 73 85 49 77 48 78 16 90 61 86 13 
505-7-14 1?2.606 = 7 57 69 38 79 72 68 36 70 32 80 27 30 98 39 19 88 95 90 14 
505-7-12 1?2.618 = 7 17 57 69 38 79 72 34 54 65 31 66 89 83 73 85 59 35 43 12 
505-8-14 1?2.476 = 8 37 99 40 91 96 66 89 83 73 85 59 35 43 28 62 55 48 78 16 90 14 
505-9-10 1?1.923 = 9 71 99 40 91 96 66 89 83 73 85 35 59 33 81 10 
505-10-13 1?1.971 = 10 81 33 59 35 43 62 55 48 78 16 90 61 86 13 
505-10-15 1?2.309 = 10 64 44 74 81 33 59 35 43 28 62 55 48 78 16 88 95 15 
505-10-11 1?2.247 = 10 64 44 71 91 96 66 83 73 85 49 35 59 81 33 11 
505-9-11 1?1.998 = 9 71 99 40 91 96 66 89 83 73 85 35 59 81 33 11 
505-10-14 1?2.208 = 10 64 44 74 81 33 59 35 43 28 62 55 48 78 86 61 90 14 
505-10-12 1?2.108 = 10 81 33 35 59 73 85 49 77 78 48 55 62 28 12 
505-9-13 1?2.321 = 9 44 74 81 33 59 35 43 28 62 55 48 78 16 90 61 86 13 
505-9-15 1?2.478 = 9 71 99 40 91 96 66 89 83 73 85 49 62 55 48 78 16 88 95 15 
505-9-12 1?2.031 = 9 71 99 40 91 96 66 89 83 73 49 85 59 35 43 12 
505-9-14 1?2.351 = 9 71 99 40 91 96 66 89 83 73 85 49 62 28 55 48 78 16 90 14 
505-13-15 1?2.059 = 13 28 62 55 48 78 16 95 88 29 51 98 19 39 76 15 
505-12-14 1?2.052 = 12 28 43 35 59 73 85 49 77 48 78 86 61 90 14 
505-13-14 1?2.002 = 13 55 62 28 43 35 59 73 85 49 77 48 78 90 14 
505-14-15 1?1.993 = 14 61 86 48 78 16 90 95 88 29 19 51 98 39 76 15 
505-11-13 1?1.958 = 11 33 59 35 43 28 62 55 48 78 16 90 61 86 13 
505-12-13 1?2.185 = 12 28 43 35 59 73 85 49 77 48 78 16 90 61 13 
505-11-14 1?2.333 = 11 33 81 59 35 85 73 49 43 28 62 55 48 78 86 61 90 14 
505-11-15 1?2.559 = 11 33 81 59 35 85 73 49 43 28 62 55 48 78 16 90 95 88 15 
505-12-15 1?2.525 = 12 28 43 35 59 73 85 49 77 62 55 48 78 16 90 95 88 15 
505-11-12 1?2.254 = 11 33 81 59 35 85 49 77 78 48 55 62 28 43 12 
stop
