start
910-0-3 1?2.064 = 0 49 73 90 21 85 35 98 66 86 19 43 92 78 28 3 
910-0-2 1?2.161 = 0 49 73 90 21 85 35 66 86 78 28 55 61 65 96 2 
910-0-4 1?2.311 = 0 49 73 90 21 85 74 98 35 61 55 66 86 19 43 92 27 4 
910-0-1 1?2.359 = 0 49 73 90 21 85 35 98 86 66 55 61 65 96 40 1 
910-0-8 1?2.724 = 0 49 90 73 20 26 70 63 16 59 83 22 41 18 91 50 23 44 75 34 8 
910-0-9 1?2.609 = 0 49 73 20 26 70 81 95 87 62 17 88 60 30 33 68 38 80 9 
910-0-11 1?2.249 = 0 49 90 73 20 26 70 63 81 95 87 62 17 88 60 30 46 47 11 
910-0-10 1?2.407 = 0 90 73 20 26 70 63 81 95 87 62 17 88 60 30 33 68 38 31 77 10 
910-0-5 1?2.671 = 0 49 73 90 21 48 40 96 65 61 35 98 66 86 19 43 52 51 71 5 
910-0-6 1?2.655 = 0 49 73 90 21 85 35 66 86 19 43 92 27 71 51 52 79 36 67 53 6 
910-0-7 1?2.589 = 0 49 90 73 20 70 26 16 59 83 22 41 18 91 50 23 44 75 34 7 
910-0-14 1?2.234 = 0 49 90 73 20 26 70 63 32 93 60 88 17 62 87 14 
910-1-4 1?1.956 = 1 40 96 65 61 55 35 98 66 86 19 43 92 78 4 
910-0-15 1?2.326 = 0 49 90 73 20 26 70 63 32 62 56 87 95 99 89 15 
910-1-3 1?1.933 = 1 40 96 65 61 35 98 66 86 19 43 92 27 78 28 3 
910-1-2 1?2.323 = 1 40 96 65 61 35 98 66 86 19 43 92 27 78 28 3 2 
910-0-12 1?2.121 = 0 49 90 73 20 26 70 63 81 95 87 62 17 93 88 60 64 12 
910-1-5 1?2.648 = 1 40 96 65 61 35 98 66 55 28 78 27 92 86 19 43 52 51 71 5 
910-1-8 1?2.603 = 1 40 96 65 61 35 98 66 86 19 43 52 79 36 37 44 75 34 8 
910-0-13 1?2.007 = 0 49 90 73 20 26 70 63 81 95 32 93 17 62 87 56 13 
910-1-7 1?2.462 = 1 40 96 65 61 55 35 98 66 86 19 43 71 51 79 36 37 7 
910-1-6 1?2.565 = 1 40 96 65 61 35 98 66 86 19 43 92 27 71 51 52 79 36 67 53 6 
910-1-15 1?2.446 = 1 40 96 65 61 35 85 21 20 26 70 63 81 95 99 15 
910-1-14 1?2.625 = 1 90 73 49 20 26 70 63 81 95 32 93 60 88 17 62 87 14 
910-2-5 1?1.824 = 2 40 96 65 61 35 98 66 86 19 43 52 51 71 5 
910-2-4 1?1.806 = 2 96 65 61 55 35 98 66 86 19 43 92 78 28 4 
910-2-3 1?1.782 = 2 96 65 61 55 35 98 66 86 19 43 92 78 28 3 
910-1-12 1?2.611 = 1 90 73 49 20 26 70 63 81 95 87 62 17 93 88 60 30 97 64 12 
910-1-9 1?2.631 = 1 40 96 65 61 55 66 86 43 19 29 69 54 25 18 91 94 58 9 
910-1-11 1?2.563 = 1 90 73 49 20 26 70 63 81 95 87 62 17 88 60 30 97 46 47 11 
910-1-10 1?2.47 = 1 90 73 49 20 26 70 63 32 93 17 88 60 30 33 68 38 31 77 10 
910-2-6 1?2.309 = 2 96 65 61 35 98 66 86 19 43 92 27 71 51 52 79 36 67 53 6 
910-1-13 1?2.61 = 1 90 73 49 20 26 70 63 81 95 32 93 30 60 88 17 62 87 56 13 
910-2-15 1?2.27 = 2 96 65 48 21 90 73 20 26 70 63 81 95 99 89 15 
910-2-14 1?2.543 = 2 96 65 61 55 66 86 98 35 85 21 20 26 70 81 95 14 
910-3-5 1?1.994 = 3 55 61 35 98 66 86 19 43 92 78 27 71 51 5 
910-3-4 1?1.94 = 3 55 61 35 98 66 86 19 43 51 71 92 27 78 4 
910-2-12 1?2.623 = 2 65 96 40 48 21 20 26 70 63 81 95 87 62 17 88 60 97 64 12 
910-2-11 1?2.532 = 2 65 61 55 66 86 43 19 29 69 54 25 22 41 84 42 68 47 11 
910-2-10 1?2.512 = 2 65 61 55 66 86 43 19 29 69 54 25 22 41 84 72 38 31 77 10 
910-2-9 1?2.562 = 2 96 65 61 35 98 66 86 19 43 52 79 36 37 44 75 76 45 58 9 
910-2-8 1?2.457 = 2 96 65 61 35 66 86 43 19 29 69 54 25 18 91 50 23 44 75 8 
910-2-7 1?2.477 = 2 65 61 55 66 86 43 19 29 69 54 25 18 91 50 23 44 75 34 7 
910-2-13 1?2.752 = 2 96 65 61 55 66 98 35 85 21 20 26 70 63 81 95 87 62 56 13 
910-4-5 1?1.792 = 4 27 78 28 55 61 35 98 66 86 19 43 51 71 5 
910-3-14 1?2.459 = 3 28 78 27 92 43 19 86 66 98 74 16 26 70 63 81 95 14 
910-3-15 1?2.47 = 3 28 78 27 92 43 19 86 66 98 35 85 21 20 26 70 99 15 
910-3-12 1?2.491 = 3 28 78 86 43 19 29 69 54 25 22 41 84 42 33 30 60 64 12 
910-3-11 1?2.439 = 3 28 78 86 43 19 29 69 54 82 25 22 41 84 72 68 46 47 11 
910-3-10 1?2.377 = 3 28 78 86 43 19 29 69 54 82 25 22 41 84 42 68 38 31 77 10 
910-3-9 1?2.442 = 3 28 78 86 43 19 29 69 54 25 18 91 50 23 44 75 76 45 58 9 
910-3-8 1?2.295 = 3 28 78 66 86 43 19 29 69 54 82 25 18 91 50 23 44 75 8 
910-3-6 1?2.17 = 3 28 55 61 35 98 66 86 19 43 71 51 52 79 36 67 53 6 
910-3-7 1?2.314 = 3 28 78 66 86 43 19 29 69 54 25 18 91 50 23 44 75 34 7 
910-3-13 1?2.509 = 3 28 78 86 66 98 35 85 21 20 26 70 63 81 95 87 56 13 
910-4-6 1?1.789 = 4 78 28 55 66 86 19 43 71 51 79 36 67 53 6 
910-4-15 1?2.464 = 4 27 92 43 19 86 66 35 85 21 20 26 70 63 81 95 99 89 15 
910-4-14 1?2.611 = 4 27 78 92 43 19 86 66 98 35 85 21 20 70 26 63 81 95 14 
910-5-6 1?1.903 = 5 71 92 27 78 28 66 86 19 43 52 79 36 67 53 6 
910-4-8 1?2.131 = 4 27 92 43 19 86 66 98 29 69 54 82 39 50 23 44 75 8 
910-4-9 1?2.301 = 4 27 92 43 19 29 69 54 82 25 18 91 50 23 44 75 76 45 58 9 
910-4-12 1?2.605 = 4 27 92 86 43 19 29 69 54 25 22 41 84 72 68 33 30 60 88 64 12 
910-4-10 1?2.318 = 4 27 92 43 19 86 66 98 29 69 54 25 22 41 84 72 38 31 77 10 
910-4-11 1?2.511 = 4 27 92 43 19 86 66 98 29 69 54 25 22 41 84 72 42 68 46 47 11 
910-4-7 1?2.12 = 4 27 92 43 19 29 69 54 25 18 91 39 50 23 44 75 34 7 
910-4-13 1?2.51 = 4 27 92 43 19 86 66 98 35 85 21 20 26 70 63 81 95 87 56 13 
910-6-8 1?1.997 = 6 53 67 79 36 37 34 75 44 23 50 91 94 45 76 8 
910-5-8 1?2.026 = 5 71 43 19 29 69 54 82 25 18 91 50 23 44 75 8 
910-5-12 1?2.466 = 5 71 43 19 29 69 54 82 25 22 41 84 42 33 30 60 88 64 12 
910-5-11 1?2.421 = 5 71 43 19 86 66 98 29 69 54 25 22 41 84 72 68 47 11 
910-5-10 1?2.307 = 5 71 43 19 29 69 54 82 25 22 41 84 72 68 38 80 77 10 
910-5-14 1?2.73 = 5 51 71 27 92 43 19 86 66 98 35 85 21 20 26 70 63 81 95 14 
910-5-7 1?2.045 = 5 71 43 19 29 69 54 25 18 91 50 23 44 75 34 7 
910-6-7 1?2.101 = 6 53 67 36 37 39 82 54 25 18 91 50 23 44 34 7 
910-5-9 1?2.381 = 5 71 43 19 86 66 98 29 69 54 25 18 91 50 76 45 58 9 
910-5-15 1?2.775 = 5 51 71 43 19 86 66 98 35 85 21 20 70 26 63 81 95 99 89 15 
910-5-13 1?2.493 = 5 71 43 19 86 66 98 35 85 21 20 26 70 81 95 87 56 13 
910-6-10 1?1.959 = 6 53 67 36 37 39 18 22 41 84 42 68 38 31 77 10 
910-7-10 1?1.805 = 7 34 75 44 23 50 91 18 41 84 42 68 38 31 77 10 
910-6-9 1?2.026 = 6 53 67 36 37 34 75 44 23 50 39 91 94 45 58 9 
910-7-9 1?1.984 = 7 34 75 44 23 50 39 91 18 22 41 84 94 45 58 9 
910-7-8 1?1.973 = 7 34 75 44 23 50 39 91 18 22 41 84 94 45 76 8 
910-6-14 1?2.61 = 6 53 67 79 52 43 19 86 66 98 35 85 21 20 26 70 81 95 14 
910-6-15 1?2.543 = 6 53 67 36 79 52 43 19 86 66 98 35 85 21 90 73 49 89 15 
910-6-12 1?2.427 = 6 53 67 36 37 34 75 44 23 50 94 24 72 68 33 30 60 88 64 12 
910-7-11 1?2.27 = 7 34 75 44 23 50 39 91 18 22 41 84 72 38 68 33 46 47 11 
910-6-11 1?2.388 = 6 53 67 36 37 34 75 44 23 50 91 18 22 41 84 42 68 46 47 11 
910-6-13 1?2.463 = 6 53 67 36 37 39 91 84 42 68 33 30 60 88 17 62 87 56 13 
910-8-10 1?1.785 = 8 75 44 23 50 91 18 22 41 84 42 68 38 31 77 10 
910-8-9 1?2.001 = 8 34 75 44 23 50 39 91 18 22 41 84 94 45 58 9 
910-8-11 1?1.918 = 8 34 75 44 23 50 91 18 22 41 84 42 68 46 47 11 
910-7-15 1?2.597 = 7 34 75 44 23 50 91 84 41 22 83 59 16 63 70 26 20 89 15 
910-7-14 1?2.582 = 7 34 75 44 23 50 94 24 72 38 68 47 46 97 60 88 17 62 87 14 
910-8-14 1?2.597 = 8 75 44 23 50 91 18 22 41 84 42 68 33 30 60 88 17 62 87 14 
910-8-12 1?2.33 = 8 75 44 23 50 39 91 18 22 41 84 42 68 47 46 97 60 88 64 12 
910-8-15 1?2.747 = 8 75 44 23 50 91 18 25 82 54 83 59 16 26 70 63 81 95 99 89 15 
910-7-12 1?2.384 = 7 34 75 44 23 50 39 91 18 22 41 84 72 68 33 30 60 88 64 12 
910-7-13 1?2.295 = 7 34 75 44 23 50 94 24 72 42 68 33 30 60 88 17 62 87 56 13 
910-8-13 1?2.351 = 8 76 45 94 24 72 80 77 31 38 68 33 30 60 88 17 62 87 56 13 
910-9-10 1?1.88 = 9 58 45 76 75 44 23 50 94 24 72 68 38 80 77 10 
910-10-12 1?1.631 = 10 77 31 80 38 68 47 46 33 30 60 88 17 64 12 
910-9-11 1?1.956 = 9 58 45 76 75 44 23 50 94 24 72 38 68 46 47 11 
910-10-11 1?1.758 = 10 77 80 72 38 68 33 30 60 88 64 97 46 47 11 
910-9-12 1?2.242 = 9 58 45 76 75 44 23 50 94 24 72 42 68 33 30 60 88 64 12 
910-10-13 1?1.481 = 10 77 31 80 38 68 33 30 60 88 17 62 87 56 13 
910-9-14 1?2.633 = 9 58 45 76 75 44 23 50 94 24 72 68 33 30 60 88 17 62 87 14 
910-9-15 1?2.605 = 9 80 38 68 33 30 60 88 17 62 87 95 81 63 70 26 20 89 15 
910-10-14 1?2.489 = 10 77 31 38 68 33 30 60 88 17 62 87 95 81 63 70 26 20 99 14 
910-10-15 1?2.33 = 10 77 31 38 68 33 30 60 88 17 62 87 95 81 63 70 26 20 89 15 
910-9-13 1?2.198 = 9 80 77 31 38 68 72 42 33 30 60 88 93 17 62 87 56 13 
910-11-12 1?1.733 = 11 46 47 38 31 77 80 72 68 33 30 60 88 64 12 
910-14-15 1?2.283 = 14 87 62 17 88 60 30 93 32 63 70 26 20 89 15 
910-13-14 1?2.082 = 13 56 87 62 17 88 60 93 57 32 63 26 70 81 95 14 
910-13-15 1?2.001 = 13 56 87 62 17 93 57 32 95 81 63 70 26 20 89 15 
910-12-14 1?2.022 = 12 64 97 46 47 68 33 30 60 88 93 17 62 87 56 14 
910-12-15 1?2.032 = 12 64 60 88 17 62 87 95 81 63 70 26 20 99 89 15 
910-11-15 1?2.18 = 11 47 46 97 60 88 93 17 62 87 95 81 63 70 26 20 89 15 
910-11-14 1?2.319 = 11 46 47 38 31 77 80 72 68 33 30 60 88 17 62 87 56 14 
910-12-13 1?1.713 = 12 64 97 46 47 38 68 33 30 60 88 17 62 87 56 13 
910-11-13 1?1.66 = 11 46 47 38 68 33 30 60 88 93 17 62 87 56 13 
stop
