start
198-0-1 1?1.912 = 0 24 41 87 98 65 36 96 56 51 44 95 32 81 63 1 
198-0-2 1?1.841 = 0 24 62 54 63 81 32 95 44 51 99 88 22 91 72 37 2 
198-0-3 1?2.188 = 0 24 62 54 81 32 95 44 51 99 88 22 50 53 71 40 75 35 3 
198-0-4 1?2.161 = 0 24 62 54 81 32 95 44 51 99 88 72 91 76 22 75 71 40 26 4 
198-0-5 1?2.313 = 0 24 62 54 81 32 95 44 51 99 88 91 76 22 75 50 53 71 40 85 5 
198-0-6 1?2.398 = 0 24 62 54 81 32 95 44 51 99 88 22 75 40 71 53 30 66 78 93 6 
198-0-7 1?2.535 = 0 24 62 54 81 32 95 44 51 99 88 22 75 71 53 30 64 42 80 84 92 7 
198-0-8 1?2.557 = 0 41 87 65 36 98 18 55 69 70 28 49 68 25 60 97 79 90 82 8 
198-0-9 1?2.553 = 0 41 87 65 36 98 18 55 69 70 28 49 68 25 60 97 79 90 82 9 
198-0-10 1?2.718 = 0 24 62 54 81 32 95 44 51 99 27 55 69 70 28 49 68 31 20 52 10 
198-0-11 1?2.5 = 0 24 62 54 81 32 95 44 34 65 36 18 39 61 46 57 73 38 11 
198-0-12 1?2.423 = 0 24 62 54 81 32 95 44 34 65 36 98 18 39 61 46 57 73 12 
198-0-13 1?2.276 = 0 24 62 54 81 32 95 44 51 56 65 36 98 18 47 13 
198-0-14 1?2.132 = 0 24 62 54 81 32 95 44 51 56 96 36 65 98 67 14 
198-0-15 1?2.074 = 0 24 62 54 81 32 95 44 51 56 96 36 65 87 41 15 
198-1-2 1?1.784 = 1 54 81 32 95 44 51 99 88 22 75 76 91 72 37 2 
198-1-3 1?1.846 = 1 54 81 32 95 44 51 99 88 22 75 76 91 72 37 3 
198-1-4 1?1.723 = 1 54 81 32 95 44 51 99 88 22 76 75 71 40 26 4 
198-1-5 1?2.149 = 1 54 81 32 95 44 51 99 88 72 91 76 22 75 50 53 71 40 85 5 
198-1-6 1?2.282 = 1 54 81 32 95 44 51 99 88 22 75 50 53 66 78 93 83 74 59 6 
198-1-7 1?2.328 = 1 54 81 32 95 44 51 99 88 22 75 71 53 66 78 93 83 74 59 7 
198-1-8 1?2.381 = 1 54 81 32 95 44 51 99 88 22 75 53 30 64 42 80 84 92 19 8 
198-1-9 1?2.48 = 1 54 81 32 95 44 51 99 88 22 75 53 30 64 42 80 16 79 97 9 
198-1-10 1?2.613 = 1 54 81 32 95 44 34 65 36 98 18 55 69 70 28 49 68 31 20 52 10 
198-1-11 1?2.541 = 1 54 81 32 95 44 51 99 56 96 36 65 98 18 39 61 46 57 73 11 
198-1-12 1?2.453 = 1 54 63 81 32 95 44 51 56 96 36 65 98 18 39 61 46 57 73 12 
198-1-13 1?2.388 = 1 54 81 32 95 37 72 91 88 99 56 96 36 65 98 18 47 13 
198-1-14 1?2.274 = 1 54 81 32 95 37 72 91 88 99 51 56 96 36 65 98 67 14 
198-1-15 1?2 = 1 54 81 32 95 44 51 88 99 56 96 65 87 41 15 
198-2-3 1?1.93 = 2 32 95 44 51 99 88 22 50 53 71 40 75 76 35 3 
198-2-4 1?1.816 = 2 63 81 32 95 44 51 99 88 22 75 53 71 40 26 4 
198-2-5 1?1.844 = 2 63 81 32 95 44 51 99 88 22 75 53 71 40 85 5 
198-2-6 1?2.044 = 2 32 95 44 51 99 88 22 75 40 71 53 30 66 78 93 6 
198-2-7 1?2.327 = 2 63 81 32 95 44 51 99 88 22 75 71 53 30 64 42 80 84 92 7 
198-2-8 1?2.431 = 2 37 72 88 99 27 55 69 70 28 49 68 25 60 97 79 90 82 8 
198-2-9 1?2.531 = 2 32 95 44 51 99 88 22 75 71 53 30 64 42 80 16 60 79 97 9 
198-2-10 1?2.726 = 2 37 72 91 88 99 56 96 36 65 98 18 55 70 28 49 68 31 20 52 10 
198-2-11 1?2.678 = 2 32 95 37 72 91 88 99 56 96 36 65 98 18 39 61 46 57 73 38 11 
198-2-12 1?2.708 = 2 63 81 32 95 37 72 91 88 99 56 96 36 65 98 18 39 61 46 57 73 12 
198-2-13 1?2.627 = 2 37 72 91 88 99 56 96 36 65 98 18 39 61 46 57 73 23 89 13 
198-2-14 1?2.337 = 2 37 72 91 88 99 51 44 95 32 81 54 62 24 41 17 94 67 14 
198-2-15 1?2.161 = 2 37 72 91 88 99 51 44 95 32 81 54 62 24 41 17 94 15 
198-3-4 1?1.998 = 3 37 32 95 44 51 99 88 72 91 76 75 71 40 26 4 
198-3-5 1?2.02 = 3 37 32 95 44 51 99 88 91 22 50 53 71 40 85 5 
198-3-6 1?2.119 = 3 37 72 91 22 75 40 71 53 30 66 78 93 83 74 59 6 
198-3-7 1?2.314 = 3 37 72 91 88 99 22 75 40 71 53 66 78 93 83 74 59 7 
198-3-8 1?2.37 = 3 35 75 40 71 53 30 64 80 42 48 16 60 97 79 90 82 8 
198-3-9 1?2.422 = 3 35 75 71 53 58 43 69 70 28 49 68 25 60 97 79 90 82 9 
198-3-10 1?2.583 = 3 37 72 91 88 99 50 53 58 43 69 70 28 49 68 31 20 52 10 
198-3-11 1?2.596 = 3 37 72 91 88 99 51 56 96 36 65 98 18 39 61 46 57 73 38 11 
198-3-12 1?2.79 = 3 37 72 91 88 99 51 56 96 36 65 98 18 39 61 21 77 29 46 57 73 12 
198-3-13 1?2.679 = 3 37 72 88 99 51 44 95 32 81 54 62 24 41 17 94 67 47 13 
198-3-14 1?2.397 = 3 37 72 91 88 99 51 44 95 32 81 63 54 62 24 41 17 94 14 
198-3-15 1?2.447 = 3 37 72 91 88 99 51 44 95 32 81 54 62 24 41 87 17 94 15 
198-4-5 1?2.077 = 4 26 35 37 72 91 88 99 22 75 50 53 71 40 85 5 
198-4-6 1?1.974 = 4 26 40 71 75 50 53 58 30 66 78 93 83 74 59 6 
198-4-7 1?2.05 = 4 26 40 71 75 50 53 58 30 66 78 93 83 74 59 7 
198-4-8 1?2.31 = 4 26 40 71 53 58 43 69 70 28 49 68 25 60 97 79 90 82 8 
198-4-9 1?2.4 = 4 26 40 71 75 50 53 30 64 80 42 48 16 60 97 79 90 82 9 
198-4-10 1?2.534 = 4 26 35 76 22 75 40 71 53 58 43 69 70 28 49 68 31 20 52 10 
198-4-11 1?2.739 = 4 26 35 76 22 91 88 99 51 56 96 36 65 98 18 39 61 46 57 73 38 11 
198-4-12 1?2.723 = 4 26 35 76 22 91 72 88 99 51 56 96 36 65 98 18 39 61 46 57 73 12 
198-4-13 1?2.748 = 4 26 35 76 22 88 99 56 96 36 65 98 18 39 61 46 57 73 23 89 13 
198-4-14 1?2.542 = 4 26 35 76 22 91 88 99 51 44 95 32 81 54 62 24 41 17 94 67 14 
198-4-15 1?2.433 = 4 26 40 71 53 50 75 22 88 99 51 44 95 32 81 54 62 24 41 15 
198-5-6 1?2.002 = 5 85 40 71 75 50 53 58 30 66 78 93 83 74 59 6 
198-5-7 1?2.026 = 5 85 40 71 75 50 53 30 66 78 93 83 74 84 92 7 
198-5-8 1?1.996 = 5 85 78 93 83 74 84 92 19 33 16 60 97 79 90 8 
198-5-9 1?2.429 = 5 85 40 71 53 30 58 43 69 70 28 49 68 25 60 97 79 90 82 9 
198-5-10 1?2.449 = 5 85 78 93 83 74 80 42 48 43 69 70 28 49 68 31 20 52 10 
198-5-11 1?2.619 = 5 85 93 83 74 80 42 48 43 69 70 28 49 21 77 29 46 57 73 11 
198-5-12 1?2.627 = 5 85 78 93 83 74 80 42 48 43 69 70 28 49 21 77 29 46 57 73 12 
198-5-13 1?2.763 = 5 85 40 71 53 30 58 43 69 70 28 49 21 77 29 46 57 73 23 89 13 
198-5-14 1?2.56 = 5 85 40 71 75 22 88 99 51 44 95 32 81 54 62 24 41 17 94 14 
198-5-15 1?2.528 = 5 85 40 71 53 50 22 76 91 88 99 51 44 95 32 81 54 62 24 41 15 
198-6-7 1?1.93 = 6 59 74 83 93 78 66 30 58 43 48 42 80 84 92 7 
198-6-8 1?1.808 = 6 59 83 74 92 84 80 42 48 16 60 97 79 90 8 
198-6-9 1?2.147 = 6 59 83 74 80 42 48 43 69 70 28 49 68 25 60 79 97 9 
198-6-10 1?2.296 = 6 59 83 74 92 84 80 42 48 43 69 70 28 49 68 31 20 52 10 
198-6-11 1?2.485 = 6 59 83 74 80 42 48 43 69 70 28 68 49 21 77 29 46 57 73 11 
198-6-12 1?2.589 = 6 59 83 74 92 84 80 42 48 43 69 70 28 68 49 21 77 29 46 57 73 12 
198-6-13 1?2.565 = 6 59 74 80 42 48 43 69 70 28 49 21 77 29 46 57 73 23 89 13 
198-6-14 1?2.714 = 6 93 78 66 53 71 40 75 22 88 99 56 96 65 36 98 18 67 14 
198-6-15 1?2.65 = 6 93 78 66 53 71 40 75 22 88 99 51 44 95 32 81 54 62 24 41 15 
198-7-8 1?1.755 = 7 19 92 84 80 42 48 16 60 25 45 97 79 90 82 8 
198-7-9 1?1.751 = 7 19 92 84 80 42 48 16 60 25 45 97 79 90 82 9 
198-7-10 1?1.931 = 7 92 84 80 42 48 43 69 70 28 49 68 31 20 52 10 
198-7-11 1?2.317 = 7 19 92 84 80 42 48 43 69 70 28 49 21 77 29 46 57 73 38 11 
198-7-12 1?2.455 = 7 92 84 33 90 82 79 97 60 25 68 49 21 77 29 46 57 73 23 89 12 
198-7-13 1?2.521 = 7 92 84 80 42 48 43 69 70 28 68 49 21 77 29 46 57 73 23 89 13 
198-7-14 1?2.78 = 7 92 84 80 42 48 43 69 70 28 49 21 77 29 46 57 73 89 23 47 14 
198-7-15 1?2.78 = 7 92 84 80 42 64 30 53 50 22 88 99 51 44 95 32 81 54 62 24 41 15 
198-8-9 1?1.825 = 8 19 92 84 80 42 48 16 60 25 45 97 79 90 82 9 
198-8-10 1?1.858 = 8 82 90 79 97 60 25 45 68 49 21 77 29 20 52 10 
198-8-11 1?1.828 = 8 82 90 79 97 60 25 68 49 21 77 29 46 57 73 11 
198-8-12 1?2.416 = 8 82 90 79 97 60 25 45 68 49 28 86 39 61 21 77 29 46 57 73 12 
198-8-13 1?2.56 = 8 82 90 79 97 60 25 68 49 28 86 39 61 21 77 29 46 57 23 13 
198-8-14 1?2.563 = 8 82 90 79 97 60 25 68 49 21 77 29 46 57 73 89 23 47 67 14 
198-8-15 1?2.618 = 8 82 90 79 97 60 25 68 49 21 46 57 73 89 23 47 67 94 17 15 
198-9-10 1?1.854 = 9 82 90 79 97 60 25 45 68 49 21 77 29 20 52 10 
198-9-11 1?1.824 = 9 82 90 79 97 60 25 68 49 21 77 29 46 57 73 11 
198-9-12 1?1.743 = 9 82 90 79 97 60 25 68 49 21 77 29 46 57 73 12 
198-9-13 1?2.04 = 9 82 90 79 97 60 25 68 49 21 77 29 46 57 73 23 89 13 
198-9-14 1?2.388 = 9 82 90 79 97 60 25 68 49 21 77 29 46 57 73 23 47 14 
198-9-15 1?2.551 = 9 82 90 79 97 60 25 68 49 28 70 69 55 18 98 87 41 15 
198-10-11 1?2.202 = 10 52 20 31 68 49 28 70 86 21 77 29 46 57 73 38 11 
198-10-12 1?2.133 = 10 9 82 90 79 97 60 25 68 49 21 77 29 46 57 73 12 
198-10-13 1?2.43 = 10 9 82 90 79 97 60 25 68 49 21 77 29 46 57 73 23 89 13 
198-10-14 1?2.693 = 10 52 20 31 68 49 28 86 21 77 29 46 57 73 89 23 47 67 14 
198-10-15 1?2.76 = 10 52 20 31 68 49 28 70 69 55 27 96 65 36 18 98 87 41 15 
198-11-12 1?2.148 = 11 38 29 77 21 49 68 28 86 39 61 46 57 73 23 89 12 
198-11-13 1?2.259 = 11 38 29 77 21 49 68 28 86 39 61 46 57 73 23 89 13 
198-11-14 1?2.633 = 11 38 29 77 21 49 68 28 86 39 61 46 57 73 89 23 47 14 
198-11-15 1?2.678 = 11 52 20 31 68 49 21 77 29 46 57 73 89 23 47 67 94 17 15 
198-12-13 1?2.367 = 12 73 57 46 21 29 77 31 68 49 28 86 39 61 23 89 13 
198-12-14 1?2.399 = 12 73 57 46 61 39 18 98 36 65 87 17 94 67 14 
198-12-15 1?2.64 = 12 73 57 46 29 77 21 49 28 86 39 18 98 36 65 87 41 15 
198-13-14 1?2.575 = 13 89 23 73 57 46 29 77 21 49 28 86 39 47 67 14 
198-13-15 1?2.482 = 13 47 18 98 36 65 34 44 95 32 81 54 62 24 41 15 
198-14-15 1?2.372 = 14 67 18 98 36 65 34 44 95 32 81 54 62 24 41 15 
stop
