start
976-0-1 1?2.128 = 0 63 79 32 71 35 30 80 43 42 40 20 48 49 1 
976-0-5 1?2.513 = 0 63 79 20 48 98 77 82 87 52 37 31 34 97 51 90 70 93 5 
976-0-4 1?2.462 = 0 63 79 20 48 98 77 82 87 52 37 31 34 97 51 90 70 93 4 
976-0-7 1?2.585 = 0 63 48 98 77 82 87 52 34 97 51 90 70 46 92 89 88 85 94 7 
976-0-8 1?2.563 = 0 32 71 42 40 38 68 57 78 95 96 44 74 47 61 86 50 29 18 8 
976-0-10 1?2.554 = 0 32 71 35 30 80 43 36 62 33 23 60 41 21 69 75 91 73 10 
976-0-11 1?2.484 = 0 32 71 35 30 80 43 36 62 33 23 60 41 81 69 83 27 26 11 
976-0-3 1?2.196 = 0 32 71 42 40 38 68 57 97 51 34 82 52 87 3 
976-0-2 1?2.175 = 0 32 71 42 40 38 68 57 97 51 34 82 52 87 2 
976-0-9 1?2.679 = 0 63 79 32 71 35 30 80 43 36 33 23 60 41 21 56 47 61 86 9 
976-0-6 1?2.408 = 0 63 48 98 77 82 87 52 34 97 51 90 70 46 19 92 89 88 6 
976-1-4 1?2.061 = 1 28 77 82 87 52 37 31 34 51 97 90 70 84 93 4 
976-1-2 1?2.202 = 1 49 48 63 79 32 71 35 30 42 40 65 98 28 2 
976-1-3 1?2.168 = 1 49 48 98 77 82 87 52 34 97 51 90 70 84 31 37 3 
976-0-14 1?2.238 = 0 32 79 63 48 98 65 40 42 71 35 30 80 43 54 14 
976-0-15 1?2.227 = 0 63 79 32 71 42 66 23 33 62 36 43 80 30 15 
976-0-13 1?2.394 = 0 32 71 42 40 38 68 39 76 21 41 60 23 33 62 36 22 13 
976-1-6 1?2.288 = 1 28 77 82 87 52 37 31 34 97 51 90 70 19 92 89 88 85 6 
976-1-5 1?2.633 = 1 49 48 63 79 32 71 42 40 38 68 57 97 51 90 70 84 93 5 
976-0-12 1?2.356 = 0 63 20 79 32 71 35 30 80 43 54 22 36 62 33 55 16 12 
976-1-8 1?2.535 = 1 28 77 82 87 52 34 97 51 90 78 95 96 44 74 72 29 18 99 8 
976-1-7 1?2.431 = 1 28 77 82 87 52 37 31 34 97 51 90 70 46 92 89 88 85 94 7 
976-1-14 1?2.475 = 1 28 77 87 52 82 98 48 20 63 79 32 71 35 30 80 43 54 14 
976-2-4 1?2.073 = 2 77 82 87 52 37 31 34 97 51 90 70 19 46 93 4 
976-1-13 1?2.528 = 1 48 63 79 32 71 42 40 38 68 39 41 60 23 33 62 22 13 
976-2-3 1?2.224 = 2 28 77 82 87 52 34 97 51 90 70 93 84 31 37 3 
976-2-5 1?2.118 = 2 28 77 82 87 52 37 31 34 97 51 90 70 84 93 5 
976-1-10 1?2.552 = 1 28 77 82 87 52 34 97 51 90 78 95 96 44 74 56 75 91 73 10 
976-2-6 1?2.173 = 2 77 82 87 52 37 31 34 97 51 90 70 46 19 92 89 88 85 6 
976-1-15 1?2.006 = 1 28 77 87 52 82 98 48 63 79 32 71 35 30 15 
976-1-11 1?2.577 = 1 49 48 63 79 32 71 35 30 80 43 54 36 62 33 55 16 26 11 
976-1-12 1?2.557 = 1 49 48 20 63 79 32 71 35 30 80 43 54 22 36 62 33 55 16 12 
976-1-9 1?2.605 = 1 28 77 82 87 52 34 97 51 90 78 95 96 44 74 72 50 47 61 86 9 
976-3-4 1?2.332 = 3 87 77 82 52 37 31 34 51 97 90 70 19 46 93 4 
976-2-14 1?2.506 = 2 28 77 87 52 82 98 48 20 63 79 32 71 35 30 80 43 54 14 
976-3-5 1?2.336 = 3 87 82 52 37 31 34 97 51 90 70 46 19 24 92 5 
976-2-13 1?2.449 = 2 77 82 87 52 34 51 97 57 68 39 41 60 23 33 62 36 22 13 
976-2-10 1?2.668 = 2 77 82 87 52 37 31 34 97 51 90 78 95 96 44 74 47 50 86 61 45 10 
976-2-15 1?2.034 = 2 87 52 82 77 28 1 49 48 63 79 32 71 35 30 15 
976-2-8 1?2.358 = 2 77 82 87 52 34 97 51 90 78 95 96 44 74 47 50 29 18 8 
976-2-7 1?2.262 = 2 77 82 87 52 37 31 34 97 51 90 70 19 92 89 88 85 94 7 
976-2-11 1?2.624 = 2 77 82 87 52 37 31 34 97 51 90 78 95 96 44 74 56 75 58 27 26 11 
976-2-12 1?2.525 = 2 77 82 87 52 34 97 51 90 78 95 64 21 41 60 23 33 55 16 12 
976-2-9 1?2.582 = 2 77 82 87 52 37 31 34 97 51 90 78 95 96 44 74 56 75 47 61 86 9 
976-3-14 1?2.307 = 3 37 52 87 82 77 98 48 63 79 32 71 35 30 80 43 54 14 
976-4-5 1?2.4 = 4 31 37 52 87 82 34 97 51 90 70 46 19 24 92 5 
976-3-13 1?2.474 = 3 37 31 34 97 51 90 78 95 76 64 21 41 60 23 33 36 62 22 13 
976-3-7 1?2.034 = 3 37 31 34 97 51 90 70 19 92 89 88 85 24 94 7 
976-3-6 1?2.008 = 3 87 82 52 37 31 34 97 51 90 19 92 89 85 88 6 
976-3-10 1?2.722 = 3 52 87 82 34 97 51 90 78 95 96 44 74 56 75 47 50 86 61 45 10 
976-3-8 1?2.286 = 3 37 31 34 97 51 90 78 95 96 44 74 47 61 86 50 29 18 8 
976-3-15 1?2.447 = 3 87 82 52 37 31 34 90 51 97 57 68 38 40 42 32 71 35 15 
976-3-11 1?2.706 = 3 87 82 52 37 31 34 97 51 90 78 95 96 44 74 56 75 91 58 27 26 11 
976-3-12 1?2.68 = 3 52 87 82 34 51 97 78 95 76 64 21 41 60 23 33 36 62 55 16 12 
976-3-9 1?2.669 = 3 87 82 52 37 31 34 97 51 90 78 95 96 44 74 56 75 91 47 61 86 9 
976-4-14 1?2.425 = 4 31 37 52 87 82 77 98 48 63 79 32 71 35 30 80 43 54 14 
976-4-6 1?2.074 = 4 31 37 52 87 82 34 97 51 90 70 46 19 92 89 6 
976-5-6 1?2.153 = 5 93 31 37 34 97 51 90 19 92 89 24 85 88 6 
976-4-7 1?2.118 = 4 93 84 34 97 51 90 70 46 92 89 88 85 24 94 7 
976-4-13 1?2.534 = 4 37 31 34 51 97 78 95 76 64 21 41 60 23 33 62 36 22 13 
976-4-10 1?2.569 = 4 31 37 52 87 82 34 97 51 90 78 95 96 44 74 56 75 91 73 10 
976-4-8 1?2.384 = 4 37 31 34 97 51 90 78 95 96 44 74 47 61 86 50 29 18 8 
976-4-15 1?2.525 = 4 93 84 70 90 51 97 34 52 82 77 98 48 63 79 32 71 35 15 
976-4-9 1?2.628 = 4 93 84 31 37 52 87 82 34 97 51 90 78 95 96 44 74 47 61 86 9 
976-4-11 1?2.77 = 4 31 37 52 87 82 34 97 51 90 78 95 96 44 74 56 75 91 58 27 26 11 
976-4-12 1?2.707 = 4 37 31 34 97 51 90 78 95 76 64 21 41 60 23 33 36 62 55 16 12 
976-6-7 1?2.193 = 6 92 89 88 85 24 59 78 95 96 44 74 67 25 53 7 
976-5-7 1?2.169 = 5 93 84 34 97 51 90 70 46 92 89 88 85 24 94 7 
976-6-8 1?1.899 = 6 92 89 88 85 24 94 53 99 29 50 47 61 86 18 8 
976-5-14 1?2.613 = 5 93 31 37 52 87 82 77 98 48 63 79 32 71 35 30 80 43 14 
976-5-10 1?2.473 = 5 92 89 88 85 24 94 53 99 18 29 50 86 61 47 75 91 73 10 
976-5-13 1?2.744 = 5 92 89 88 85 24 59 17 78 95 76 64 21 41 81 60 23 33 36 62 22 13 
976-5-9 1?2.468 = 5 46 19 92 89 88 85 24 94 53 99 18 29 50 47 61 86 45 9 
976-5-8 1?2.53 = 5 93 84 34 97 51 90 70 46 19 92 89 88 85 24 94 53 99 8 
976-5-15 1?2.576 = 5 93 84 70 90 51 97 34 52 82 77 98 48 63 79 32 71 35 15 
976-5-11 1?2.674 = 5 92 89 88 85 24 94 53 99 18 29 50 86 61 47 75 91 58 27 26 11 
976-5-12 1?2.683 = 5 92 89 88 85 24 17 78 95 76 64 21 41 60 23 33 36 62 55 16 12 
976-7-8 1?2.053 = 7 85 88 89 92 24 94 53 99 29 50 47 61 86 18 8 
976-7-10 1?2.277 = 7 85 88 89 92 24 94 25 53 99 18 29 50 47 61 86 45 10 
976-6-14 1?2.507 = 6 92 89 88 85 24 59 78 95 64 21 41 60 23 33 62 36 43 54 14 
976-6-10 1?2.307 = 6 92 89 88 85 24 94 53 99 18 29 50 86 61 47 75 91 73 10 
976-6-13 1?2.463 = 6 92 89 88 85 24 59 17 78 95 76 64 21 41 60 23 33 62 36 22 13 
976-7-9 1?2.055 = 7 85 88 89 92 24 94 53 99 18 29 50 86 61 47 45 9 
976-6-9 1?1.901 = 6 92 89 88 85 24 94 53 99 18 29 50 86 61 47 45 9 
976-7-11 1?2.527 = 7 94 85 88 89 92 24 59 17 78 95 96 44 74 56 75 58 27 26 11 
976-6-11 1?2.387 = 6 92 89 85 24 94 53 99 18 29 50 86 61 47 75 58 27 26 11 
976-6-15 1?2.59 = 6 88 85 24 89 92 19 46 70 90 51 97 57 68 38 40 42 71 32 35 15 
976-6-12 1?2.515 = 6 92 89 88 85 24 59 17 78 95 64 21 41 60 23 33 36 62 55 16 12 
976-8-10 1?2.078 = 8 18 29 50 86 61 47 75 56 69 83 58 27 26 73 10 
976-8-11 1?2.025 = 8 99 18 29 50 86 61 47 91 75 56 69 83 58 27 26 11 
976-8-9 1?2.069 = 8 99 18 29 72 67 59 17 78 95 96 44 74 47 61 86 9 
976-8-13 1?2.279 = 8 18 29 50 86 61 47 74 44 96 64 21 41 60 23 33 36 62 22 13 
976-8-14 1?2.462 = 8 18 29 50 86 61 47 74 44 96 64 21 41 60 23 33 62 36 43 54 14 
976-7-13 1?2.626 = 7 53 99 18 29 50 86 61 47 75 56 69 21 41 60 23 33 62 36 22 13 
976-7-14 1?2.747 = 7 53 99 18 29 50 86 61 47 75 56 69 81 41 60 23 33 62 36 43 14 
976-8-12 1?2.302 = 8 99 18 29 50 86 61 47 75 56 69 21 41 60 23 33 55 16 12 
976-7-12 1?2.552 = 7 53 25 67 59 17 78 95 76 64 21 41 60 23 33 36 62 55 16 12 
976-7-15 1?2.672 = 7 94 24 85 88 89 92 19 70 90 51 97 57 68 38 40 42 32 71 35 15 
976-8-15 1?2.567 = 8 18 29 50 86 61 47 56 21 41 60 23 33 62 36 54 43 80 30 35 15 
976-10-13 1?2.106 = 10 73 91 75 56 74 44 64 21 41 60 23 33 36 62 22 13 
976-9-10 1?2.192 = 9 86 61 50 29 18 99 53 25 67 74 56 75 91 73 10 
976-10-11 1?2.165 = 10 73 91 75 69 21 41 60 23 33 36 62 55 16 26 11 
976-9-11 1?2.137 = 9 86 61 47 74 44 96 64 76 21 41 60 81 83 27 26 11 
976-9-13 1?2.289 = 9 86 61 47 74 44 96 95 78 76 64 21 41 60 23 33 36 22 13 
976-10-14 1?2.404 = 10 73 91 75 56 74 44 96 64 76 21 41 60 23 33 62 36 54 14 
976-9-14 1?2.406 = 9 86 61 47 74 44 96 95 78 76 64 21 41 60 23 33 62 36 54 14 
976-10-12 1?2.046 = 10 73 91 75 56 69 21 41 60 23 33 36 62 55 16 12 
976-9-12 1?2.049 = 9 86 61 47 75 56 69 81 60 23 33 36 62 55 16 12 
976-10-15 1?2.53 = 10 73 91 75 56 69 81 21 41 60 23 33 62 36 54 43 80 30 35 15 
976-9-15 1?2.547 = 9 86 61 47 74 44 96 64 21 41 60 23 33 62 36 54 43 80 30 35 15 
976-13-14 1?2.172 = 13 22 36 62 33 23 66 42 32 71 35 30 80 43 14 
976-11-14 1?2.089 = 11 26 27 58 83 81 21 41 60 23 33 36 62 22 54 43 14 
976-12-14 1?2.088 = 12 16 55 83 69 81 41 60 23 33 62 36 54 43 80 14 
976-11-13 1?2.218 = 11 26 27 58 83 81 21 41 60 23 33 36 62 55 16 22 13 
976-12-13 1?2.354 = 12 16 26 27 58 75 56 64 76 41 60 23 33 62 22 13 
976-13-15 1?2.072 = 13 22 62 33 23 60 41 39 68 38 40 42 71 35 15 
976-14-15 1?2.156 = 14 54 36 62 33 23 60 39 68 38 40 42 71 35 15 
976-12-15 1?2.095 = 12 16 55 83 81 41 60 23 33 62 36 54 43 80 30 15 
976-11-12 1?2.033 = 11 26 27 58 83 69 81 21 41 60 23 33 36 62 55 16 12 
976-11-15 1?2.42 = 11 26 27 58 83 81 21 41 60 23 33 62 36 22 54 43 80 30 35 15 
stop
