start
220-0-2 1?1.925 = 0 70 97 28 61 72 58 42 69 18 55 41 79 30 68 2 
220-0-3 1?2.402 = 0 70 40 76 17 72 58 42 69 55 18 60 50 46 88 43 85 3 
220-0-1 1?1.949 = 0 70 40 64 99 44 23 35 49 42 58 72 61 97 28 1 
220-0-4 1?2.335 = 0 40 64 99 44 23 35 49 42 69 18 60 50 46 88 21 87 74 4 
220-0-8 1?2.594 = 0 70 61 72 58 55 69 18 60 29 25 53 31 94 57 84 45 66 63 8 
220-0-9 1?2.682 = 0 70 76 17 23 35 49 56 26 71 73 80 62 90 65 51 52 82 95 9 
220-0-11 1?2.259 = 0 70 76 17 35 49 56 26 71 73 80 62 90 65 51 52 83 38 98 11 
220-0-10 1?2.379 = 0 40 64 99 44 23 35 49 56 26 71 73 80 62 67 51 52 83 38 10 
220-0-7 1?2.686 = 0 70 61 72 58 55 69 18 29 60 50 46 88 21 34 89 33 19 37 24 7 
220-0-6 1?2.542 = 0 70 61 72 58 42 69 55 18 29 60 50 46 88 21 34 89 33 19 54 6 
220-0-5 1?2.515 = 0 40 64 99 44 23 35 49 42 69 18 29 60 50 46 88 21 34 47 5 
220-0-15 1?1.982 = 0 70 61 72 58 55 18 69 42 35 49 56 23 44 64 15 
220-0-14 1?1.883 = 0 70 40 64 99 44 23 35 49 56 26 71 80 73 93 14 
220-0-12 1?2.065 = 0 70 40 64 99 44 23 35 49 56 26 71 73 80 39 59 22 12 
220-1-4 1?1.965 = 1 28 97 61 58 42 69 18 60 50 46 88 21 87 74 4 
220-1-3 1?2.086 = 1 28 97 61 72 58 42 69 18 60 50 46 88 43 85 3 
220-0-13 1?2.08 = 0 70 17 76 40 64 99 44 23 35 49 56 26 71 73 80 39 13 
220-1-2 1?1.921 = 1 28 97 70 61 72 58 42 69 18 55 41 79 30 68 2 
220-1-8 1?2.548 = 1 28 97 61 72 58 42 69 18 29 25 78 31 94 86 84 45 66 63 8 
220-1-5 1?2.269 = 1 28 97 61 72 58 42 69 55 18 29 60 50 46 88 21 34 47 5 
220-1-6 1?2.409 = 1 28 97 61 58 42 69 18 60 50 46 88 21 34 89 33 19 54 6 
220-1-7 1?2.539 = 1 28 61 72 58 69 18 60 50 46 88 21 34 89 33 19 37 24 7 
220-1-15 1?1.81 = 1 28 97 61 72 58 42 49 26 56 35 23 44 99 64 15 
220-2-6 1?1.986 = 2 68 30 79 41 20 50 46 88 21 34 89 33 19 54 6 
220-1-14 1?2.227 = 1 28 97 61 72 58 55 69 42 35 49 26 56 23 44 64 99 93 14 
220-2-5 1?1.927 = 2 68 30 79 41 55 69 18 60 50 46 88 21 87 47 5 
220-2-4 1?1.831 = 2 68 30 79 41 55 69 18 60 50 46 88 21 87 74 4 
220-2-3 1?2.029 = 2 68 30 16 79 41 55 69 18 60 50 46 88 43 85 3 
220-1-12 1?2.362 = 1 28 16 79 41 55 69 42 49 35 56 26 71 73 80 39 59 92 22 12 
220-1-11 1?2.381 = 1 28 97 61 72 58 42 49 35 56 71 73 80 62 90 65 83 38 98 11 
220-1-9 1?2.741 = 1 28 97 61 72 58 42 49 35 56 26 71 73 80 62 67 51 52 95 9 
220-1-10 1?2.462 = 1 28 97 61 72 58 42 49 35 56 71 73 80 62 67 51 52 83 38 10 
220-1-13 1?2.26 = 1 28 16 79 41 55 69 42 49 35 56 26 71 73 80 39 59 92 13 
220-2-15 1?1.763 = 2 68 30 79 41 55 69 42 49 35 56 23 44 99 64 15 
220-3-5 1?2.17 = 3 85 43 46 88 21 74 87 47 34 89 33 19 54 96 5 
220-2-14 1?2.195 = 2 68 30 79 41 55 69 42 49 35 56 26 71 23 44 64 99 93 14 
220-3-4 1?2.198 = 3 30 79 41 55 69 18 29 60 50 46 88 21 87 74 4 
220-2-10 1?2.401 = 2 30 79 41 55 69 42 49 35 56 71 73 80 62 67 51 83 38 10 
220-2-9 1?2.659 = 2 68 30 79 41 55 69 18 60 29 25 53 31 94 57 84 86 82 95 9 
220-2-11 1?2.446 = 2 30 79 41 55 69 42 49 35 56 26 71 73 80 62 90 65 83 38 98 11 
220-2-12 1?2.41 = 2 68 30 79 41 55 69 42 49 35 56 26 71 73 80 62 90 59 92 22 12 
220-2-8 1?2.554 = 2 68 30 79 41 20 50 46 88 21 34 89 33 19 37 24 45 66 63 8 
220-2-13 1?2.172 = 2 30 79 41 55 18 69 42 49 35 56 26 71 73 80 39 92 13 
220-2-7 1?2.457 = 2 68 30 79 41 55 69 18 60 50 46 88 21 34 33 19 37 24 7 
220-4-5 1?2.043 = 4 74 85 43 46 88 21 87 47 34 89 33 19 54 96 5 
220-3-6 1?2.085 = 3 85 43 46 88 21 74 87 47 34 89 33 19 37 54 6 
220-3-14 1?2.464 = 3 43 88 46 50 60 18 69 42 49 35 56 26 71 80 73 93 14 
220-3-15 1?2.347 = 3 48 20 18 55 69 42 49 35 56 26 80 73 71 23 44 99 64 15 
220-3-10 1?2.617 = 3 43 88 46 50 60 29 25 53 75 77 36 62 90 65 51 83 38 10 
220-3-11 1?2.617 = 3 85 88 46 50 60 29 25 53 75 77 36 62 90 65 51 52 83 38 98 11 
220-3-9 1?2.574 = 3 85 43 46 88 21 34 89 33 19 37 24 45 84 66 63 82 95 9 
220-3-8 1?2.493 = 3 85 43 46 88 21 87 47 34 89 33 19 54 37 24 45 66 63 8 
220-3-12 1?2.618 = 3 85 43 88 46 50 60 18 69 42 49 35 56 71 73 80 39 59 22 12 
220-3-13 1?2.516 = 3 85 43 88 46 50 60 18 69 42 49 35 56 26 71 73 80 39 13 
220-3-7 1?2.669 = 3 85 43 46 88 21 74 87 47 34 89 33 19 54 37 24 45 66 7 
220-4-6 1?1.958 = 4 74 85 43 46 88 21 87 47 34 89 33 19 37 54 6 
220-5-6 1?1.958 = 5 47 87 74 85 43 46 88 21 34 89 33 19 37 54 6 
220-4-11 1?2.36 = 4 74 21 88 46 50 60 29 25 53 75 77 36 62 67 51 83 38 98 11 
220-4-14 1?2.346 = 4 74 21 88 46 50 60 18 69 42 49 35 56 26 71 80 73 93 14 
220-4-10 1?2.431 = 4 74 21 88 46 50 60 29 25 53 75 77 36 62 90 65 83 38 10 
220-4-9 1?2.434 = 4 74 21 88 46 34 89 33 19 37 24 45 84 86 66 63 82 95 9 
220-4-15 1?2.308 = 4 74 21 88 46 50 60 18 55 69 42 35 49 26 56 23 44 99 64 15 
220-4-8 1?2.381 = 4 74 87 21 85 43 88 46 34 89 33 19 37 24 45 84 86 66 63 8 
220-4-12 1?2.528 = 4 74 21 88 46 50 60 18 69 42 49 35 56 26 71 73 80 39 59 22 12 
220-4-7 1?2.331 = 4 74 85 43 46 88 21 34 89 33 19 37 24 45 84 86 66 7 
220-4-13 1?2.512 = 4 74 87 21 88 46 50 60 29 18 69 42 49 35 56 26 71 73 80 39 13 
220-6-8 1?2.103 = 6 54 19 33 89 34 21 88 46 27 57 84 66 63 8 
220-5-7 1?2.012 = 5 47 87 74 85 43 46 88 21 34 89 33 19 37 24 7 
220-6-7 1?2.262 = 6 96 47 87 74 85 43 88 46 34 89 33 19 37 24 7 
220-5-11 1?2.46 = 5 47 34 21 88 46 50 60 29 25 53 75 77 36 67 51 83 38 98 11 
220-5-8 1?2.316 = 5 47 34 21 85 43 88 46 89 33 19 54 37 24 45 66 63 8 
220-5-9 1?2.472 = 5 47 87 74 21 88 46 34 89 33 19 37 24 45 84 86 82 95 9 
220-5-12 1?2.485 = 5 47 34 21 88 46 50 60 29 25 53 75 77 36 62 90 59 81 22 12 
220-5-14 1?2.452 = 5 47 34 21 88 46 50 60 18 69 42 49 35 56 71 80 73 93 14 
220-5-10 1?2.562 = 5 47 87 21 88 46 50 60 29 25 53 75 77 36 67 51 52 83 38 10 
220-5-15 1?2.431 = 5 47 34 21 88 46 50 60 29 25 53 75 77 26 56 35 23 44 99 64 15 
220-5-13 1?2.532 = 5 47 34 21 88 46 50 60 18 69 42 49 35 56 26 71 73 80 39 13 
220-7-8 1?2.224 = 7 24 37 54 19 33 34 89 27 57 84 45 66 63 8 
220-6-9 1?2.21 = 6 54 19 33 89 27 57 45 84 86 66 63 82 95 9 
220-7-9 1?2.52 = 7 24 37 19 33 27 57 45 66 84 86 63 82 95 9 
220-7-11 1?2.468 = 7 45 84 86 94 31 75 77 36 62 67 65 51 52 83 38 98 11 
220-6-11 1?2.514 = 6 54 19 33 89 27 32 78 25 53 75 77 36 67 51 52 83 38 98 11 
220-7-10 1?2.616 = 7 45 84 57 94 31 78 25 53 75 77 36 67 51 52 83 38 10 
220-6-12 1?2.546 = 6 54 19 33 34 21 88 46 50 60 25 53 75 77 36 62 90 81 12 
220-6-14 1?2.564 = 6 54 19 33 34 21 88 46 50 60 18 69 42 49 35 23 44 93 14 
220-6-10 1?2.621 = 6 54 19 33 27 32 78 25 53 75 77 36 62 90 65 51 83 38 10 
220-6-15 1?2.452 = 6 54 19 33 34 21 88 46 50 60 18 69 42 49 35 23 44 99 64 15 
220-6-13 1?2.597 = 6 54 19 33 89 27 32 60 18 69 42 49 35 56 71 73 80 39 13 
220-8-9 1?2.342 = 8 63 66 45 24 37 19 33 27 57 84 86 82 95 9 
220-8-11 1?2.286 = 8 63 66 45 57 94 31 75 77 36 67 51 83 38 98 11 
220-8-10 1?2.429 = 8 63 66 45 57 94 31 75 77 36 62 90 65 83 38 10 
220-8-12 1?2.446 = 8 63 66 45 57 94 31 78 25 53 75 77 36 62 90 59 22 12 
220-7-12 1?2.604 = 7 24 37 19 33 89 27 32 78 25 53 75 77 36 62 90 59 22 12 
220-7-14 1?2.699 = 7 45 84 86 94 31 78 25 53 75 77 36 26 56 49 35 23 44 93 14 
220-8-14 1?2.548 = 8 63 66 45 84 57 94 31 53 26 56 49 35 23 44 64 99 93 14 
220-8-13 1?2.507 = 8 63 66 45 84 86 94 31 78 25 53 75 77 36 62 90 59 92 13 
220-7-13 1?2.699 = 7 45 84 57 94 31 75 77 36 26 49 35 56 71 73 80 39 92 13 
220-7-15 1?2.6 = 7 45 84 57 94 31 75 77 36 80 73 71 26 56 49 35 23 44 99 64 15 
220-8-15 1?2.549 = 8 63 66 45 57 94 31 75 77 36 80 73 71 56 49 35 23 44 99 15 
220-10-11 1?2.43 = 10 38 83 52 51 65 67 90 62 80 73 39 59 81 91 98 11 
220-9-11 1?2.27 = 9 95 82 63 66 45 84 57 94 52 51 83 38 98 11 
220-10-12 1?2.202 = 10 38 83 52 51 65 90 62 80 71 73 39 59 92 22 12 
220-9-12 1?2.422 = 9 95 82 52 51 83 38 98 65 67 62 90 59 92 22 12 
220-9-10 1?2.556 = 9 95 82 63 66 45 84 57 94 52 51 83 98 38 10 
220-10-13 1?2.244 = 10 38 83 52 51 65 90 62 80 71 73 39 59 22 92 13 
220-10-14 1?2.209 = 10 38 83 51 67 62 80 73 71 56 49 35 23 44 64 99 93 14 
220-9-13 1?2.464 = 9 95 82 52 51 83 38 98 65 67 62 90 59 22 92 13 
220-9-14 1?2.575 = 9 95 52 51 65 90 62 80 73 71 56 49 35 23 44 64 99 93 14 
220-10-15 1?2.115 = 10 38 83 52 51 67 62 80 73 71 26 56 49 35 23 44 99 64 15 
220-9-15 1?2.498 = 9 95 82 52 51 65 90 62 80 73 71 26 56 49 35 23 44 99 64 15 
220-11-14 1?1.974 = 11 98 38 83 51 67 62 80 73 71 23 44 64 99 93 14 
220-13-14 1?1.954 = 13 92 39 80 73 71 56 49 35 17 76 40 64 99 93 14 
220-12-14 1?1.865 = 12 22 59 39 80 73 71 56 49 35 23 44 64 99 93 14 
220-11-12 1?2.029 = 11 98 38 83 52 51 65 67 62 80 71 73 39 59 22 12 
220-14-15 1?1.797 = 14 93 71 73 80 26 56 49 35 23 17 76 44 99 64 15 
220-12-15 1?1.731 = 12 22 92 39 80 73 71 26 56 49 35 23 44 99 64 15 
220-13-15 1?1.796 = 13 92 59 90 62 80 73 71 56 49 35 23 44 99 64 15 
220-11-13 1?2.054 = 11 98 38 83 52 51 65 90 62 80 71 73 39 59 92 13 
220-11-15 1?1.943 = 11 98 38 83 51 67 62 80 73 71 56 49 35 23 44 99 64 15 
220-12-13 1?2.096 = 12 22 59 90 62 36 77 75 26 56 71 73 80 39 92 13 
stop
