start
185-0-2 1?2.348 = 0 17 99 93 45 88 78 35 28 63 34 21 16 43 72 47 2 
185-0-3 1?2.585 = 0 17 45 88 78 35 28 63 34 21 92 84 81 53 40 46 19 33 3 
185-0-4 1?2.622 = 0 17 99 93 45 88 78 35 28 63 34 21 92 84 81 40 46 24 4 
185-0-1 1?2.431 = 0 17 45 93 88 78 35 28 63 34 21 44 98 72 43 99 1 
185-0-10 1?2.382 = 0 17 45 88 78 35 28 63 56 67 62 85 80 71 60 69 48 41 49 10 
185-0-6 1?2.555 = 0 17 45 78 88 35 28 63 34 21 92 84 81 74 36 51 52 79 42 55 6 
185-0-7 1?2.716 = 0 17 45 93 88 78 35 28 63 34 21 68 32 29 74 36 51 79 52 7 
185-0-9 1?2.445 = 0 17 45 88 78 35 28 63 34 21 32 18 61 94 27 87 20 26 96 9 
185-0-8 1?2.683 = 0 17 45 88 78 35 28 63 34 21 32 18 61 94 27 87 20 26 39 8 
185-0-5 1?2.738 = 0 17 45 88 78 35 28 63 34 21 68 32 29 92 84 81 53 73 90 25 5 
185-0-11 1?2.368 = 0 17 45 88 78 35 28 63 56 67 62 85 37 71 80 95 64 38 77 11 
185-0-14 1?2.117 = 0 17 45 88 78 35 28 63 56 67 62 85 83 86 76 14 
185-0-15 1?2.124 = 0 17 45 88 78 35 28 63 56 62 85 67 86 66 89 15 
185-1-2 1?2.321 = 1 99 17 45 93 88 78 35 28 63 34 21 16 43 72 47 2 
185-1-3 1?2.236 = 1 99 93 45 88 78 35 28 63 34 21 16 43 72 47 33 3 
185-1-7 1?2.583 = 1 99 93 45 88 78 35 28 63 34 21 68 32 29 74 36 51 79 52 7 
185-0-13 1?1.987 = 0 17 45 88 78 35 28 63 56 67 62 85 80 95 54 13 
185-1-4 1?2.24 = 1 99 45 88 78 35 28 63 34 21 92 84 81 40 24 4 
185-0-12 1?2.059 = 0 17 45 88 78 35 28 63 56 67 62 85 80 95 31 64 38 77 12 
185-1-8 1?2.586 = 1 99 45 88 78 35 28 63 56 67 62 37 82 57 22 65 20 87 39 8 
185-1-5 1?2.492 = 1 99 93 45 88 78 35 28 63 34 21 92 84 81 40 53 73 90 25 5 
185-1-6 1?2.4 = 1 99 17 45 88 78 35 28 63 34 21 92 84 81 53 73 90 59 42 55 6 
185-1-15 1?2.076 = 1 99 45 88 78 35 28 63 56 67 62 85 83 86 66 15 
185-1-14 1?2.294 = 1 99 93 45 88 78 35 28 63 56 67 62 37 85 83 86 76 14 
185-1-9 1?2.396 = 1 99 45 88 78 35 28 63 34 21 32 18 61 94 27 87 20 26 96 9 
185-1-11 1?2.304 = 1 99 93 45 88 78 35 28 63 56 67 85 80 71 95 31 64 38 77 11 
185-1-10 1?2.39 = 1 99 93 45 88 78 35 28 63 56 67 62 85 80 71 60 69 48 41 49 10 
185-2-3 1?2.445 = 2 43 93 45 88 78 35 28 63 34 21 98 72 47 33 3 
185-2-4 1?2.468 = 2 43 93 45 88 78 35 28 63 34 21 98 44 46 24 4 
185-2-5 1?2.422 = 2 47 19 46 24 40 53 81 74 36 51 52 79 42 55 59 5 
185-2-6 1?2.616 = 2 43 93 45 88 78 35 28 63 34 21 92 84 81 53 73 90 59 55 42 6 
185-1-13 1?2.095 = 1 99 93 45 88 78 35 28 63 56 67 62 37 71 80 95 54 23 13 
185-1-12 1?2.14 = 1 99 93 45 88 78 35 28 63 56 67 62 85 80 71 95 31 64 38 77 12 
185-2-15 1?2.018 = 2 47 72 43 93 45 88 78 35 28 63 75 30 66 89 15 
185-2-14 1?2.492 = 2 47 72 43 93 45 88 78 35 28 63 56 67 62 85 83 86 14 
185-2-11 1?2.494 = 2 43 93 45 88 78 35 28 63 56 67 62 85 80 95 64 38 77 11 
185-2-10 1?2.481 = 2 43 72 98 44 84 92 29 18 61 94 27 87 20 26 96 97 91 10 
185-2-9 1?2.584 = 2 47 19 46 40 53 81 74 36 51 58 61 18 94 27 87 20 26 96 97 9 
185-3-4 1?2.484 = 3 33 19 46 40 53 81 74 36 51 52 79 42 55 59 25 4 
185-3-5 1?2.266 = 3 33 19 46 40 53 81 74 36 51 52 79 42 55 59 25 5 
185-2-7 1?2.817 = 2 43 93 45 88 78 35 28 63 34 21 92 84 81 74 51 79 52 7 
185-2-8 1?2.711 = 2 47 19 46 40 53 81 74 36 51 58 61 18 94 27 87 20 26 39 8 
185-2-12 1?2.463 = 2 43 93 45 88 78 35 28 63 56 67 62 85 37 71 80 95 64 38 77 12 
185-2-13 1?2.573 = 2 43 93 45 88 78 35 28 63 56 67 62 85 80 95 77 38 64 31 13 
185-3-14 1?2.612 = 3 33 47 72 43 93 45 88 78 35 28 63 56 67 62 37 85 83 14 
185-3-15 1?2.622 = 3 33 47 72 43 93 45 88 78 35 28 63 75 30 66 86 76 89 15 
185-3-11 1?2.661 = 3 33 47 72 16 35 28 63 56 67 62 37 71 80 95 31 64 38 77 11 
185-3-10 1?2.367 = 3 33 46 40 53 81 74 36 51 58 27 94 87 20 26 96 97 91 10 
185-3-7 1?2.569 = 3 33 19 46 40 53 81 74 36 51 58 61 18 94 27 87 39 70 7 
185-4-5 1?2.165 = 4 24 40 53 81 74 36 51 52 79 42 55 59 90 73 25 5 
185-3-6 1?2.022 = 3 33 19 46 24 40 53 81 74 36 51 52 79 59 42 55 6 
185-3-8 1?2.49 = 3 33 46 40 81 74 36 51 58 61 18 94 27 87 20 26 96 39 8 
185-3-9 1?2.452 = 3 33 19 46 24 40 53 81 74 36 51 58 61 18 94 27 87 20 26 96 9 
185-3-12 1?2.497 = 3 33 47 72 43 93 45 88 78 35 28 63 56 67 85 80 95 31 64 12 
185-3-13 1?2.597 = 3 33 47 72 43 93 45 88 78 35 28 63 56 67 62 85 80 95 54 13 
185-4-7 1?2.369 = 4 24 46 40 81 74 36 51 58 61 18 94 27 87 39 70 7 
185-4-14 1?2.745 = 4 24 46 19 72 43 93 45 88 78 35 28 63 56 67 62 85 83 14 
185-4-11 1?2.582 = 4 24 40 81 74 36 51 58 27 94 87 20 65 22 57 60 69 48 11 
185-4-10 1?2.286 = 4 24 40 53 81 74 36 51 58 61 18 94 27 87 26 96 97 91 10 
185-4-15 1?2.706 = 4 24 46 40 53 81 84 92 21 34 63 28 35 88 78 75 30 66 89 15 
185-4-8 1?2.312 = 4 24 40 53 81 74 36 51 58 61 18 94 27 87 20 26 39 8 
185-4-6 1?2.139 = 4 24 40 53 81 84 92 29 74 36 51 52 79 59 42 55 6 
185-5-6 1?2.135 = 5 25 90 73 53 40 81 84 92 29 74 36 51 79 42 55 6 
185-4-9 1?2.469 = 4 24 46 40 53 81 74 36 51 58 61 18 94 27 87 20 26 50 97 9 
185-4-12 1?2.612 = 4 24 40 81 74 36 51 58 61 18 82 57 69 60 77 38 64 31 12 
185-4-13 1?2.837 = 4 24 40 53 81 74 36 51 58 61 18 82 57 69 60 71 80 95 54 23 13 
185-6-8 1?1.761 = 6 55 42 79 52 51 36 74 58 61 18 94 27 87 39 8 
185-6-7 1?1.986 = 6 55 42 79 52 51 36 74 58 61 18 94 87 27 70 7 
185-5-9 1?1.983 = 5 25 73 90 36 74 51 58 61 18 94 27 87 20 26 96 97 9 
185-5-7 1?2.236 = 5 25 90 73 53 81 74 36 51 58 61 18 94 87 27 70 7 
185-5-14 1?2.774 = 5 25 40 53 81 84 92 21 34 63 28 35 88 78 75 30 66 89 76 14 
185-5-8 1?2.159 = 5 25 73 90 36 74 51 58 61 18 94 27 87 20 26 96 39 8 
185-5-10 1?2.221 = 5 25 73 90 36 74 58 61 18 94 27 87 20 26 96 97 50 91 10 
185-5-11 1?2.44 = 5 25 73 90 36 74 58 27 94 87 20 26 96 97 50 49 41 48 11 
185-5-15 1?2.754 = 5 25 73 90 36 74 81 84 92 21 34 63 28 35 88 78 75 30 66 15 
185-5-12 1?2.487 = 5 25 73 90 36 74 58 27 94 87 20 65 22 57 60 77 38 64 12 
185-5-13 1?2.71 = 5 25 73 90 36 74 51 58 61 18 65 22 57 69 60 71 80 95 54 23 13 
185-7-9 1?1.842 = 7 52 51 74 58 61 18 94 27 87 20 26 96 97 9 
185-6-9 1?1.61 = 6 55 42 79 52 58 61 18 94 27 87 26 96 97 9 
185-7-8 1?2.036 = 7 52 51 36 74 58 61 18 94 27 87 20 26 96 39 8 
185-7-10 1?2.087 = 7 52 79 51 36 74 58 61 18 94 27 87 20 26 96 97 91 10 
185-6-10 1?1.918 = 6 55 42 79 52 58 61 18 94 27 87 20 26 97 50 91 10 
185-7-11 1?2.169 = 7 70 39 27 94 87 20 26 96 97 50 65 22 57 60 69 48 11 
185-6-14 1?2.659 = 6 55 42 79 52 58 27 94 87 20 65 22 57 82 37 62 85 83 14 
185-6-11 1?2.223 = 6 55 42 79 52 58 61 94 27 87 20 26 96 97 50 49 41 48 11 
185-6-15 1?2.77 = 6 42 55 59 79 52 51 36 74 81 84 92 21 34 63 28 35 88 78 75 30 15 
185-6-12 1?2.305 = 6 55 42 79 52 58 61 94 27 87 20 65 22 57 69 60 77 38 64 12 
185-6-13 1?2.515 = 6 55 42 79 52 58 27 94 87 20 65 22 57 69 60 71 80 95 54 23 13 
185-8-9 1?1.929 = 8 39 27 94 87 20 26 96 97 50 65 41 49 91 9 
185-8-10 1?1.782 = 8 39 27 94 87 20 26 96 97 50 65 41 49 91 10 
185-8-11 1?1.717 = 8 39 27 94 87 20 26 96 97 50 91 49 41 48 11 
185-7-14 1?2.609 = 7 70 27 94 87 26 96 97 50 65 22 57 82 37 62 85 83 14 
185-8-14 1?2.446 = 8 39 27 94 87 20 26 96 97 50 65 22 57 82 37 62 85 83 14 
185-7-15 1?2.685 = 7 70 27 94 87 20 65 22 57 69 60 71 80 85 62 67 86 76 89 15 
185-8-12 1?2.077 = 8 39 27 87 20 26 96 97 50 49 41 48 69 60 77 38 64 31 12 
185-8-15 1?2.597 = 8 39 27 94 87 20 26 96 97 50 65 22 57 82 37 62 67 86 66 15 
185-7-12 1?2.332 = 7 70 27 87 20 26 96 97 50 65 22 57 60 69 48 77 38 64 12 
185-8-13 1?2.227 = 8 39 27 94 87 20 26 96 97 50 49 41 69 60 71 80 95 54 23 13 
185-7-13 1?2.458 = 7 70 27 94 87 26 96 97 50 49 41 48 69 60 71 80 95 54 23 13 
185-9-11 1?1.631 = 9 96 26 87 27 94 20 65 22 57 82 60 69 48 11 
185-9-10 1?1.672 = 9 96 26 87 27 94 20 65 22 57 69 48 41 49 10 
185-10-11 1?1.73 = 10 91 97 96 26 87 27 94 20 65 22 57 69 48 11 
185-10-12 1?1.629 = 10 49 41 48 69 60 57 82 71 80 95 64 38 77 12 
185-10-14 1?2.29 = 10 91 97 96 26 87 27 94 20 65 22 57 82 37 85 83 14 
185-9-12 1?1.825 = 9 96 26 87 27 94 20 65 22 57 69 60 71 80 95 31 64 12 
185-9-14 1?2.389 = 9 96 26 87 27 94 20 65 22 57 69 60 71 37 85 62 67 83 14 
185-10-13 1?2.032 = 10 91 49 41 48 69 60 57 82 71 80 95 77 38 64 31 13 
185-10-15 1?2.482 = 10 91 97 96 26 87 27 94 20 65 22 57 82 37 62 67 86 66 15 
185-9-15 1?2.446 = 9 96 26 87 27 94 20 65 22 57 69 60 71 80 85 62 67 86 66 15 
185-9-13 1?2.167 = 9 96 26 87 27 94 20 65 22 57 82 71 80 95 77 38 64 31 13 
185-13-14 1?1.963 = 13 23 54 31 64 38 77 95 80 71 37 85 62 67 83 14 
185-12-14 1?1.758 = 12 77 38 64 31 95 80 71 37 85 62 67 83 86 14 
185-12-15 1?1.771 = 12 77 38 64 31 95 80 71 37 85 62 67 86 76 89 15 
185-14-15 1?2.116 = 14 83 85 62 67 56 63 28 35 88 78 75 30 66 89 15 
185-13-15 1?1.998 = 13 31 64 38 77 95 80 71 37 85 62 67 86 76 89 15 
185-11-12 1?1.684 = 11 48 41 69 60 57 82 71 80 95 77 38 64 31 12 
185-11-14 1?2.221 = 11 48 69 60 77 38 64 31 95 80 71 37 85 62 67 83 14 
185-12-13 1?1.773 = 12 31 64 38 77 60 69 22 57 82 71 80 95 54 23 13 
185-11-13 1?2.128 = 11 48 69 60 57 82 37 62 85 80 71 95 77 38 64 31 13 
185-11-15 1?2.414 = 11 77 38 64 31 95 80 71 37 85 62 67 56 63 28 75 30 66 89 15 
stop
