start
479-0-1 1?2.018 = 0 39 24 94 21 62 86 56 67 79 90 35 26 96 1 
479-0-3 1?2.308 = 0 39 24 41 20 34 33 19 95 92 94 21 62 86 90 79 56 3 
479-0-4 1?2.323 = 0 39 24 41 20 34 33 45 84 19 95 92 28 48 70 57 50 4 
479-0-5 1?2.496 = 0 39 24 41 20 44 45 84 19 95 92 28 48 52 18 43 89 83 5 
479-0-8 1?2.384 = 0 39 24 41 20 34 33 19 95 65 93 51 59 46 27 69 73 99 64 8 
479-0-9 1?2.453 = 0 39 24 41 20 34 33 19 95 97 65 93 51 88 80 72 46 27 69 73 9 
479-0-10 1?2.314 = 0 39 24 41 44 20 34 33 19 95 97 65 93 51 88 80 42 30 22 54 49 10 
479-0-2 1?1.97 = 0 39 24 41 20 34 19 95 92 94 21 62 86 79 67 2 
479-0-11 1?2.186 = 0 39 24 41 20 34 33 19 95 97 65 93 51 88 80 22 42 30 58 78 37 11 
479-0-7 1?2.648 = 0 39 24 41 20 34 19 95 65 93 88 80 51 59 46 27 29 76 23 7 
479-0-6 1?2.627 = 0 39 24 41 20 34 33 19 95 92 28 48 52 18 43 89 83 71 31 6 
479-0-15 1?1.718 = 0 39 24 41 44 20 34 33 45 84 17 66 40 91 36 60 15 
479-1-2 1?1.983 = 1 26 35 90 86 62 28 48 52 70 57 56 79 67 2 
479-1-3 1?2.063 = 1 26 35 90 79 67 56 86 62 28 48 52 70 57 3 
479-1-4 1?2.002 = 1 26 35 90 79 67 56 86 62 28 48 70 57 50 4 
479-0-14 1?1.884 = 0 39 24 41 20 34 19 95 84 45 17 66 40 91 36 47 14 
479-0-13 1?1.841 = 0 39 24 41 44 20 34 33 45 84 17 91 40 66 63 98 16 13 
479-1-6 1?2.552 = 1 26 35 90 79 67 56 86 62 28 48 70 52 18 43 89 71 31 6 
479-1-5 1?2.418 = 1 96 26 35 90 79 67 56 86 62 28 48 52 18 43 89 83 71 5 
479-1-7 1?2.606 = 1 26 35 90 79 67 56 86 62 48 52 18 38 25 74 32 76 23 7 
479-1-8 1?2.56 = 1 96 39 24 41 20 34 33 19 95 65 93 51 59 46 27 73 99 64 8 
479-0-12 1?2.208 = 0 39 24 41 20 34 33 19 95 97 65 93 51 88 80 42 30 78 58 75 12 
479-1-15 1?1.846 = 1 96 39 24 41 20 34 33 45 84 17 66 40 91 36 60 15 
479-1-13 1?1.969 = 1 96 39 24 41 20 34 33 45 84 17 91 40 66 63 98 16 13 
479-1-14 1?1.902 = 1 26 96 39 24 41 20 34 33 45 84 17 40 91 36 47 14 
479-2-3 1?2.059 = 2 67 56 79 35 90 86 62 48 28 18 52 70 57 3 
479-2-4 1?2.029 = 2 67 56 79 35 90 86 62 21 28 48 70 57 50 4 
479-1-9 1?2.538 = 1 26 96 39 24 41 20 34 19 95 97 65 93 51 59 46 27 69 73 9 
479-2-5 1?2.028 = 2 67 56 79 35 90 86 62 28 48 52 18 43 89 83 5 
479-1-10 1?2.319 = 1 96 39 24 41 20 34 33 19 95 97 65 93 88 80 42 30 54 49 10 
479-2-6 1?2.497 = 2 67 56 79 35 90 86 62 28 48 52 18 43 89 83 71 31 85 6 
479-1-11 1?2.247 = 1 96 39 24 41 20 34 33 19 95 97 65 93 88 80 42 30 58 78 37 11 
479-1-12 1?2.293 = 1 26 96 39 24 41 44 20 34 33 45 84 17 91 40 66 63 82 61 75 12 
479-2-15 1?1.892 = 2 67 79 86 62 21 94 24 41 20 34 33 84 45 36 60 15 
479-2-14 1?2.045 = 2 67 79 56 86 21 94 24 41 20 34 33 45 84 17 91 36 47 14 
479-2-13 1?2.171 = 2 67 79 56 86 62 21 94 24 41 44 20 34 33 45 84 17 40 66 98 13 
479-3-4 1?2.132 = 3 56 79 35 90 86 62 21 94 28 48 70 57 50 4 
479-3-5 1?2.136 = 3 56 67 79 35 90 86 62 28 48 52 18 43 89 83 5 
479-2-10 1?2.467 = 2 67 79 86 62 21 94 92 19 95 65 93 51 88 80 42 30 54 49 10 
479-2-9 1?2.693 = 2 67 79 56 86 62 21 94 92 19 95 97 65 93 51 59 46 27 69 73 9 
479-2-7 1?2.546 = 2 67 56 79 35 90 86 62 48 52 18 38 25 74 32 29 76 23 7 
479-2-8 1?2.543 = 2 67 56 79 35 90 86 62 48 52 18 38 25 74 32 76 23 64 8 
479-2-11 1?2.425 = 2 35 90 21 94 24 41 20 34 33 19 95 65 93 88 80 42 30 58 78 37 11 
479-2-12 1?2.385 = 2 67 79 56 86 62 21 94 24 41 20 44 45 84 17 40 66 63 82 61 75 12 
479-3-15 1?2.19 = 3 56 67 79 86 62 21 94 41 20 34 33 45 84 17 91 36 60 15 
479-3-14 1?2.265 = 3 56 79 86 62 21 94 24 41 20 34 33 45 84 17 40 91 36 47 14 
479-3-13 1?2.36 = 3 56 67 79 86 21 94 24 41 20 34 33 45 84 17 91 40 66 98 16 13 
479-3-9 1?2.639 = 3 56 67 79 86 62 28 48 52 18 55 68 59 46 27 69 73 9 
479-4-5 1?2.372 = 4 50 57 86 62 21 94 28 48 52 18 43 89 83 71 5 
479-3-6 1?2.439 = 3 56 67 79 35 90 86 62 28 48 52 18 43 89 83 71 31 6 
479-3-7 1?2.552 = 3 56 67 79 35 90 86 62 48 52 18 38 25 74 32 76 23 7 
479-3-10 1?2.652 = 3 56 79 86 62 21 94 92 19 95 97 65 93 51 88 80 42 30 54 49 10 
479-3-8 1?2.568 = 3 56 67 79 35 90 86 62 28 48 52 18 38 32 76 23 64 8 
479-3-11 1?2.528 = 3 56 79 86 62 21 94 92 19 95 97 65 93 88 80 42 30 58 78 37 11 
479-3-12 1?2.466 = 3 56 79 86 62 21 94 24 41 20 34 33 45 84 17 40 66 63 82 61 75 12 
479-5-6 1?2.394 = 5 71 83 89 43 70 48 28 52 18 38 25 74 85 31 6 
479-4-6 1?2.333 = 4 50 53 57 70 48 28 52 18 43 89 83 71 31 85 6 
479-4-15 1?2.443 = 4 50 57 70 48 28 21 94 24 41 20 34 33 84 45 17 91 36 60 15 
479-4-13 1?2.512 = 4 50 57 70 48 28 21 94 24 41 20 34 33 84 45 17 40 66 98 16 13 
479-4-14 1?2.488 = 4 50 57 70 48 62 21 94 24 41 44 20 34 33 45 84 17 91 36 47 14 
479-4-7 1?2.659 = 4 50 57 70 52 18 43 89 83 71 31 85 74 32 76 23 7 
479-4-9 1?2.718 = 4 50 57 48 28 92 19 95 97 65 93 88 51 59 46 27 69 9 
479-4-10 1?2.611 = 4 50 57 48 28 92 19 95 65 93 51 88 80 42 30 22 54 49 10 
479-4-8 1?2.544 = 4 50 53 57 70 52 18 38 55 68 59 46 27 69 73 99 64 8 
479-4-11 1?2.492 = 4 50 57 70 52 18 38 55 81 59 46 27 72 22 42 30 58 78 37 11 
479-4-12 1?2.67 = 4 50 57 48 28 21 94 24 41 20 34 33 45 84 17 40 66 63 82 61 75 12 
479-5-7 1?2.481 = 5 71 83 89 43 70 48 52 18 38 25 74 32 29 76 23 7 
479-6-7 1?2.563 = 6 31 71 83 53 57 70 52 18 38 25 74 32 76 23 7 
479-5-15 1?2.522 = 5 83 89 43 52 48 62 21 94 24 41 20 34 33 45 84 17 91 36 60 15 
479-6-8 1?2.288 = 6 31 85 25 74 32 76 29 46 27 69 73 99 64 8 
479-5-13 1?2.553 = 5 83 89 43 18 52 48 28 92 95 19 33 45 84 17 40 66 98 16 13 
479-5-8 1?2.326 = 5 31 85 25 74 32 76 29 46 27 69 73 99 64 8 
479-5-14 1?2.584 = 5 83 89 43 18 52 48 28 21 94 24 41 44 20 34 33 45 84 17 91 47 14 
479-5-9 1?2.786 = 5 31 85 25 74 32 29 46 27 72 22 42 30 54 49 77 69 73 9 
479-5-10 1?2.682 = 5 83 89 43 52 28 92 19 95 97 65 93 51 88 80 42 30 54 49 10 
479-5-11 1?2.514 = 5 31 85 25 74 32 68 46 27 72 77 49 54 22 42 30 58 78 37 11 
479-5-12 1?2.697 = 5 31 85 25 74 32 68 59 46 27 72 77 49 54 22 42 30 78 58 75 12 
479-6-10 1?2.236 = 6 85 25 74 32 68 59 46 27 72 22 42 30 54 49 10 
479-6-9 1?2.437 = 6 85 74 32 68 59 46 27 72 22 54 49 77 69 73 9 
479-7-9 1?2.224 = 7 23 76 29 46 27 72 22 42 30 54 49 77 69 73 9 
479-7-10 1?2.228 = 7 23 76 29 46 27 77 49 54 22 42 30 58 78 37 87 10 
479-7-8 1?2.365 = 7 23 76 29 27 46 59 72 22 54 49 77 69 73 99 64 8 
479-6-13 1?2.668 = 6 85 25 38 18 52 28 21 94 24 41 20 34 33 84 45 17 40 66 98 13 
479-6-15 1?2.68 = 6 85 25 38 18 52 28 21 94 24 41 20 34 33 45 84 17 91 36 60 15 
479-6-14 1?2.614 = 6 85 25 38 18 52 48 28 21 94 24 41 20 34 33 45 84 17 91 47 14 
479-7-11 1?2.363 = 7 23 76 29 73 69 27 46 72 77 49 54 22 42 30 58 78 37 87 11 
479-6-11 1?2.386 = 6 85 25 74 32 68 59 46 27 72 77 49 54 22 42 30 58 78 37 11 
479-6-12 1?2.659 = 6 31 85 25 74 32 68 59 46 27 72 77 49 54 22 42 30 78 58 75 12 
479-8-10 1?1.924 = 8 64 99 73 69 27 46 72 22 42 30 58 78 37 87 10 
479-8-9 1?2.255 = 8 23 76 29 46 27 72 22 42 30 54 49 77 69 73 9 
479-8-11 1?1.688 = 8 64 99 73 69 27 46 72 77 49 54 30 58 78 37 11 
479-7-15 1?2.651 = 7 23 76 29 46 27 72 80 88 93 65 97 63 66 40 17 91 36 60 15 
479-8-13 1?2.362 = 8 64 99 73 69 77 49 54 30 42 80 88 51 93 65 97 82 61 16 13 
479-7-14 1?2.63 = 7 23 76 29 46 27 72 77 49 54 30 42 82 63 66 40 17 91 47 14 
479-8-15 1?2.368 = 8 64 99 73 69 27 46 59 51 93 65 97 63 66 40 17 91 36 60 15 
479-7-13 1?2.645 = 7 23 76 29 46 27 72 22 30 42 80 88 51 93 65 97 82 61 16 98 13 
479-8-14 1?2.4 = 8 64 99 73 69 27 46 59 51 80 88 93 65 97 63 66 40 17 91 47 14 
479-8-12 1?2.344 = 8 64 99 73 69 77 49 54 30 42 80 88 51 93 65 97 82 61 75 12 
479-7-12 1?2.657 = 7 23 76 29 46 27 72 77 54 30 42 80 88 93 65 97 82 61 75 12 
479-9-10 1?1.923 = 9 69 27 46 72 77 49 54 22 42 30 58 78 37 87 10 
479-9-11 1?1.745 = 9 69 27 46 72 77 49 54 22 42 30 58 78 37 87 11 
479-10-11 1?1.787 = 10 49 54 77 69 27 46 72 22 42 30 58 78 37 87 11 
479-10-13 1?2.22 = 10 49 54 30 42 80 88 93 65 95 19 84 45 91 40 66 98 13 
479-9-13 1?2.282 = 9 69 27 46 72 22 30 42 80 88 51 93 65 97 82 61 16 98 13 
479-9-12 1?2.079 = 9 69 27 46 59 72 77 22 42 30 54 49 87 37 78 58 75 12 
479-10-14 1?2.039 = 10 49 54 22 30 42 80 88 51 93 65 97 63 66 40 17 91 47 14 
479-9-14 1?2.294 = 9 73 69 27 46 59 51 93 65 97 95 19 33 45 84 17 91 47 14 
479-10-12 1?2.132 = 10 49 54 77 69 27 46 59 72 22 42 30 87 37 78 58 75 12 
479-9-15 1?2.54 = 9 73 69 27 46 59 51 80 88 93 65 97 95 19 84 45 17 91 36 60 15 
479-10-15 1?2.373 = 10 49 54 30 42 80 88 93 65 97 95 19 33 45 84 17 40 91 36 60 15 
479-12-13 1?1.848 = 12 37 78 58 30 42 80 88 51 93 65 97 82 61 16 13 
479-11-13 1?1.678 = 11 37 78 58 30 42 80 88 51 93 65 97 82 61 16 13 
479-13-15 1?1.794 = 13 16 98 66 40 91 17 84 45 33 34 20 41 24 44 60 15 
479-13-14 1?1.812 = 13 16 61 82 80 88 51 93 65 97 63 66 40 17 91 14 
479-14-15 1?1.744 = 14 47 36 91 40 66 17 84 45 33 34 20 41 24 44 60 15 
479-12-14 1?1.957 = 12 75 61 82 80 88 51 93 65 97 63 66 40 17 91 36 47 14 
479-11-14 1?1.828 = 11 37 78 30 42 80 88 93 65 97 63 66 40 17 91 47 14 
479-12-15 1?1.954 = 12 75 61 82 63 66 40 17 84 45 33 34 20 41 24 39 60 15 
479-11-12 1?1.767 = 11 37 78 58 30 42 22 80 88 51 93 65 97 82 61 75 12 
479-11-15 1?2.187 = 11 37 78 58 30 42 80 88 93 65 97 95 19 33 45 84 17 91 36 60 15 
stop
