start
705-0-3 1?1.736 = 0 28 35 60 24 96 31 93 38 61 23 26 43 74 84 3 
705-0-2 1?1.907 = 0 28 35 60 20 24 16 88 77 78 23 61 93 31 38 2 
705-0-1 1?1.735 = 0 28 35 60 20 24 16 88 77 78 23 61 38 93 31 1 
705-0-4 1?2.523 = 0 20 24 60 35 28 31 93 38 61 23 16 88 77 78 62 87 72 39 4 
705-0-11 1?2.277 = 0 28 35 60 20 58 79 50 59 55 18 64 30 99 27 81 85 49 11 
705-0-8 1?2.692 = 0 28 35 60 24 16 88 77 78 19 89 71 37 34 68 94 98 45 54 8 
705-0-5 1?2.555 = 0 28 35 60 24 96 31 93 38 61 23 16 77 78 62 87 72 39 83 5 
705-0-7 1?2.593 = 0 35 60 28 31 93 38 61 23 26 43 87 80 47 67 44 21 40 7 
705-0-10 1?2.368 = 0 28 35 60 24 16 88 77 89 71 37 34 68 94 98 45 57 91 10 
705-0-6 1?2.575 = 0 28 35 60 24 96 31 38 61 23 26 43 87 80 47 67 44 21 6 
705-0-9 1?2.518 = 0 28 35 60 24 16 88 77 78 19 89 71 37 34 68 94 98 45 57 66 9 
705-0-14 1?2.111 = 0 35 60 28 31 93 38 61 96 24 20 58 79 50 59 14 
705-1-3 1?1.796 = 1 28 35 60 24 96 31 93 38 61 23 26 43 74 84 3 
705-1-2 1?1.967 = 1 28 35 60 20 24 16 88 77 78 23 61 93 31 38 2 
705-0-15 1?2.112 = 0 28 35 60 96 31 93 38 61 23 78 77 16 20 58 15 
705-1-5 1?2.259 = 1 28 35 60 24 96 31 93 38 61 26 43 87 72 39 83 5 
705-1-4 1?2.15 = 1 28 35 60 20 24 96 31 93 38 61 23 26 43 74 84 4 
705-0-12 1?2.216 = 0 28 35 60 24 20 58 79 50 59 55 18 64 17 30 99 27 81 85 12 
705-0-13 1?2.385 = 0 28 35 60 96 24 20 58 79 50 59 55 18 64 42 30 17 13 
705-1-7 1?2.631 = 1 31 93 38 61 23 16 88 77 78 19 89 71 92 73 41 56 22 65 7 
705-1-8 1?2.779 = 1 31 93 38 61 23 62 78 77 19 89 71 37 34 68 94 98 45 66 54 8 
705-1-6 1?2.554 = 1 31 93 38 61 23 16 88 77 78 62 87 72 39 80 47 67 44 21 6 
705-1-15 1?1.956 = 1 31 93 38 61 23 78 77 88 16 96 60 35 20 58 15 
705-2-3 1?2.015 = 2 38 61 93 31 28 35 60 24 96 23 26 43 74 84 3 
705-1-12 1?2.245 = 1 31 93 38 61 23 78 77 19 71 37 34 33 70 82 69 99 27 12 
705-2-5 1?2.447 = 2 38 93 31 28 35 60 24 16 88 77 78 62 87 72 39 83 5 
705-2-4 1?2.369 = 2 38 61 93 31 28 35 60 20 24 96 23 26 43 74 84 4 
705-1-11 1?2.411 = 1 31 93 61 23 78 77 19 71 37 33 70 82 69 99 27 81 85 49 11 
705-2-6 1?2.683 = 2 38 93 31 28 35 60 24 16 77 78 62 87 80 47 67 44 21 6 
705-1-14 1?1.975 = 1 31 93 38 61 96 28 35 60 24 20 58 79 50 59 14 
705-1-13 1?2.376 = 1 31 93 38 61 96 28 35 60 24 20 58 79 50 59 55 18 64 17 13 
705-1-9 1?2.491 = 1 31 93 38 61 23 16 88 77 78 19 89 71 37 34 68 94 98 45 66 9 
705-1-10 1?2.661 = 1 28 35 60 24 96 16 88 77 78 19 89 71 37 34 68 94 98 45 57 91 10 
705-3-5 1?2.333 = 3 74 84 72 39 83 47 80 36 97 53 21 44 67 75 5 
705-3-4 1?2.453 = 3 74 43 26 38 93 61 23 16 88 77 78 62 87 72 39 4 
705-2-12 1?2.393 = 2 38 61 23 78 77 19 89 71 37 34 33 70 82 69 85 81 99 27 12 
705-2-15 1?2.591 = 2 38 61 93 31 28 35 60 96 23 62 78 77 88 16 24 20 58 15 
705-2-11 1?2.552 = 2 38 61 23 78 77 89 71 37 34 33 70 82 69 25 99 85 49 11 
705-2-7 1?2.706 = 2 38 31 93 61 23 78 77 19 89 71 92 73 41 52 56 22 65 7 
705-2-8 1?2.822 = 2 38 31 93 61 23 78 77 19 89 71 37 34 68 94 98 45 66 54 8 
705-2-9 1?2.585 = 2 38 31 93 61 23 78 77 19 89 71 37 34 68 94 98 45 57 66 9 
705-2-13 1?2.61 = 2 38 31 93 61 96 28 35 60 20 58 79 50 59 55 17 18 64 30 13 
705-2-10 1?2.644 = 2 38 31 93 61 23 62 78 77 19 71 37 34 68 94 98 45 57 91 10 
705-2-14 1?2.637 = 2 43 26 23 61 38 93 31 96 28 35 60 24 20 58 79 50 59 14 
705-4-5 1?2.398 = 4 39 83 47 80 36 97 53 56 90 40 21 44 67 75 5 
705-3-12 1?2.457 = 3 74 43 26 23 78 77 19 71 37 34 33 70 82 69 85 81 99 27 12 
705-3-11 1?2.481 = 3 74 43 26 62 19 71 37 34 33 70 82 69 99 27 81 85 49 11 
705-3-15 1?2.863 = 3 74 43 26 23 61 38 93 31 28 35 60 20 24 96 16 88 63 79 15 
705-3-7 1?2.767 = 3 84 74 43 26 23 78 77 19 89 71 92 73 41 52 56 22 65 7 
705-3-6 1?2.569 = 3 74 43 26 87 72 39 83 47 80 36 97 53 90 40 21 44 6 
705-3-8 1?2.842 = 3 84 74 43 26 62 78 77 19 89 71 37 34 68 94 98 45 66 54 8 
705-3-9 1?2.539 = 3 84 74 43 26 23 78 77 19 89 71 37 34 68 94 98 45 66 9 
705-3-10 1?2.576 = 3 84 74 43 26 62 78 77 19 89 71 37 34 68 94 98 45 57 91 10 
705-3-13 1?2.618 = 3 74 43 26 62 19 89 71 37 34 33 70 82 69 25 42 64 18 17 13 
705-3-14 1?2.499 = 3 84 74 43 26 23 61 38 93 31 96 28 35 60 24 20 58 79 50 14 
705-4-6 1?2.335 = 4 39 83 47 80 36 97 53 56 22 65 90 40 21 44 6 
705-5-6 1?2.269 = 5 75 83 47 80 36 97 53 56 22 65 90 40 21 6 
705-4-15 1?3.078 = 4 39 80 36 29 73 92 37 34 33 70 82 42 64 18 55 59 50 15 
705-4-7 1?2.865 = 4 83 47 80 36 29 73 92 71 37 34 68 48 95 52 22 65 7 
705-4-11 1?2.63 = 4 83 47 80 36 29 73 92 37 34 33 70 82 69 25 99 85 49 11 
705-4-12 1?2.552 = 4 39 83 47 80 36 29 73 92 71 37 34 33 70 82 69 85 81 99 27 12 
705-4-8 1?2.791 = 4 39 83 47 80 36 97 53 90 22 56 52 95 48 98 45 66 54 8 
705-4-9 1?2.55 = 4 39 83 47 80 36 97 53 90 56 52 95 48 98 45 57 91 66 9 
705-4-13 1?2.624 = 4 39 80 36 29 73 92 37 34 33 70 82 69 25 42 64 18 17 13 
705-4-10 1?2.699 = 4 39 83 47 80 36 29 73 92 71 37 34 68 94 48 98 45 57 91 10 
705-4-14 1?2.721 = 4 84 74 43 26 23 61 38 93 31 96 28 35 60 24 20 58 79 50 14 
705-5-8 1?2.198 = 5 75 83 47 80 36 97 67 44 21 40 90 56 22 86 8 
705-6-8 1?2.261 = 6 21 44 67 97 53 90 56 52 95 48 98 45 66 54 8 
705-5-7 1?2.213 = 5 75 83 39 72 80 47 67 44 21 40 90 56 22 65 7 
705-6-7 1?2.246 = 6 21 44 67 83 47 80 36 97 53 90 56 22 86 65 7 
705-5-15 1?2.681 = 5 83 39 72 84 74 43 26 23 61 38 93 31 28 35 60 24 20 58 15 
705-5-12 1?2.488 = 5 75 67 97 36 29 73 92 71 37 34 33 70 82 69 25 99 85 81 12 
705-5-11 1?2.508 = 5 83 47 80 36 29 73 92 37 34 33 70 82 69 25 99 85 49 11 
705-5-9 1?2.468 = 5 75 83 47 80 36 29 73 92 71 37 34 68 94 98 45 66 9 
705-5-13 1?2.534 = 5 83 47 80 36 29 73 92 71 37 34 33 70 82 42 64 18 17 13 
705-5-10 1?2.706 = 5 83 47 80 36 29 73 92 71 37 34 33 68 94 48 98 45 57 91 10 
705-5-14 1?2.715 = 5 83 47 80 36 29 73 92 37 34 33 70 82 42 64 18 17 55 59 14 
705-7-8 1?2.197 = 7 40 21 44 67 83 47 80 36 97 53 90 56 22 86 8 
705-6-15 1?2.665 = 6 21 44 67 47 80 87 43 26 38 93 31 28 35 60 24 20 58 15 
705-7-9 1?2.192 = 7 65 22 52 41 73 92 71 37 34 68 94 98 45 66 9 
705-6-12 1?2.342 = 6 44 21 97 36 29 73 92 71 37 34 33 70 82 69 25 99 81 27 12 
705-6-11 1?2.37 = 6 21 40 90 56 52 95 48 94 68 33 70 82 69 99 27 81 85 49 11 
705-7-11 1?2.309 = 7 65 22 56 52 95 48 98 45 57 91 46 94 68 33 82 70 49 11 
705-7-10 1?2.238 = 7 65 22 56 41 73 92 71 37 34 68 94 98 45 57 91 10 
705-6-9 1?2.303 = 6 21 44 67 47 80 36 97 53 90 56 52 95 48 98 45 66 9 
705-6-10 1?2.514 = 6 21 44 67 47 80 36 97 53 90 22 56 52 95 48 98 45 57 91 10 
705-6-13 1?2.49 = 6 44 21 40 90 56 52 95 48 94 68 33 70 82 69 25 42 64 18 17 13 
705-6-14 1?2.594 = 6 44 21 40 90 56 52 95 48 94 68 33 70 82 42 64 18 55 59 14 
705-8-11 1?1.952 = 8 54 45 98 94 68 33 70 82 69 25 99 27 81 85 49 11 
705-8-12 1?1.971 = 8 54 66 45 98 57 91 46 94 68 33 70 82 69 85 81 12 
705-8-9 1?2.118 = 8 86 22 56 41 73 92 71 37 34 68 94 98 45 66 9 
705-7-15 1?2.714 = 7 65 22 52 95 48 68 33 70 82 69 25 42 64 18 55 59 50 15 
705-8-10 1?2.129 = 8 86 52 41 73 92 71 37 34 68 94 98 45 57 91 10 
705-7-12 1?2.26 = 7 65 22 52 95 48 98 45 57 91 46 76 33 82 70 69 85 81 27 99 12 
705-8-15 1?2.74 = 8 54 45 98 94 68 33 70 82 69 85 81 27 99 30 17 18 55 59 50 15 
705-8-13 1?2.315 = 8 54 66 45 98 94 68 33 70 82 69 85 81 27 99 30 17 18 55 13 
705-7-14 1?2.478 = 7 65 22 56 52 95 48 94 68 33 70 82 69 25 42 64 18 17 55 59 14 
705-7-13 1?2.47 = 7 65 22 52 95 48 94 68 33 70 82 69 85 81 27 99 25 42 64 18 17 13 
705-8-14 1?2.477 = 8 54 66 45 98 94 68 33 70 82 69 85 81 27 99 30 64 18 55 59 14 
705-9-12 1?1.591 = 9 54 66 45 98 94 68 33 70 82 69 85 81 99 27 12 
705-10-12 1?1.491 = 10 91 57 45 98 94 68 33 70 82 69 85 81 99 27 12 
705-10-11 1?1.671 = 10 91 57 45 98 94 68 33 70 82 69 99 85 49 11 
705-9-11 1?1.615 = 9 66 45 98 94 68 33 70 82 69 99 27 81 85 49 11 
705-10-13 1?1.761 = 10 91 46 94 68 33 70 82 69 25 42 64 18 17 55 13 
705-9-10 1?2.005 = 9 66 45 98 48 95 41 73 92 71 37 34 68 94 46 10 
705-10-15 1?2.353 = 10 91 57 45 98 94 68 33 70 82 69 25 42 64 18 55 59 50 15 
705-9-15 1?2.459 = 9 66 45 98 94 68 33 70 82 69 85 81 27 99 30 17 18 55 59 50 15 
705-9-13 1?2.014 = 9 66 45 98 94 68 33 70 82 69 85 81 27 99 25 42 64 18 17 13 
705-10-14 1?2.107 = 10 91 46 94 68 33 70 82 69 85 81 27 99 30 64 18 17 55 59 14 
705-9-14 1?2.228 = 9 66 45 98 94 68 33 70 82 69 85 81 27 99 25 42 64 18 55 59 14 
705-11-12 1?1.728 = 11 49 85 81 99 25 69 70 82 42 64 18 55 17 30 12 
705-14-15 1?2.265 = 14 59 55 18 17 30 99 81 85 69 25 42 32 51 79 15 
705-13-15 1?2.287 = 13 17 18 64 30 99 27 81 85 69 70 82 25 42 32 51 79 15 
705-11-13 1?1.637 = 11 49 85 81 27 99 25 69 70 82 42 30 64 18 55 13 
705-12-13 1?1.722 = 12 27 81 85 99 25 69 82 70 33 42 64 18 55 59 13 
705-13-14 1?1.791 = 13 17 30 99 27 81 85 69 70 82 25 42 64 18 55 59 14 
705-12-14 1?1.551 = 12 27 99 81 85 69 70 82 25 42 64 18 55 59 50 14 
705-12-15 1?2.094 = 12 27 99 81 85 69 70 82 25 42 64 30 17 18 55 59 50 79 15 
705-11-15 1?2.5 = 11 49 85 81 27 99 25 69 70 82 33 42 30 64 18 55 59 50 79 15 
705-11-14 1?2.218 = 11 49 85 81 27 99 25 69 70 82 33 42 30 64 18 17 55 59 50 14 
stop
