start
773-0-3 1?2.261 = 0 83 31 72 25 44 53 95 18 80 58 60 75 78 59 3 
773-0-1 1?1.852 = 0 83 86 99 49 31 25 72 80 18 53 95 44 93 1 
773-0-9 1?2.649 = 0 83 86 99 88 69 19 34 23 77 90 94 17 47 84 89 64 73 96 21 9 
773-0-2 1?1.95 = 0 83 86 99 49 31 25 72 30 80 18 53 44 93 2 
773-0-6 1?2.562 = 0 83 31 25 72 80 18 95 53 78 59 26 32 85 42 81 29 20 45 6 
773-0-11 1?2.319 = 0 83 86 99 54 88 69 19 34 23 77 90 94 33 63 62 36 16 91 41 11 
773-0-10 1?2.598 = 0 83 86 99 54 69 19 34 23 77 90 33 63 62 36 91 16 48 52 40 10 
773-0-8 1?2.61 = 0 83 31 72 25 44 53 95 18 75 60 79 22 35 39 97 82 98 74 8 
773-0-7 1?2.613 = 0 83 31 72 25 95 53 78 59 26 32 85 42 81 29 20 45 37 24 51 7 
773-0-5 1?2.524 = 0 83 31 49 72 25 44 95 53 78 59 26 32 85 42 81 20 29 70 5 
773-0-4 1?2.296 = 0 83 86 99 49 72 25 44 95 53 75 60 27 32 26 28 76 4 
773-1-2 1?2.183 = 1 31 25 72 49 86 99 67 30 80 18 95 44 93 2 
773-0-14 1?1.931 = 0 83 31 25 72 49 30 99 86 54 69 56 23 34 14 
773-1-4 1?1.964 = 1 31 72 25 44 95 53 75 60 27 32 26 28 76 4 
773-1-3 1?2.216 = 1 93 44 25 72 31 49 30 80 18 95 53 75 78 59 3 
773-0-15 1?1.998 = 0 83 31 72 25 44 53 95 18 80 30 67 99 86 15 
773-0-13 1?1.828 = 0 83 31 25 72 49 86 99 88 69 19 34 23 77 90 13 
773-1-5 1?2.393 = 1 93 44 95 53 78 59 76 28 26 32 85 42 81 20 29 70 5 
773-1-6 1?2.508 = 1 31 25 72 30 80 18 95 53 78 59 26 32 85 42 81 29 20 6 
773-0-12 1?2.369 = 0 83 31 25 72 49 86 99 88 69 19 34 23 77 90 94 33 63 62 36 12 
773-1-8 1?2.562 = 1 31 72 25 44 95 53 75 60 79 22 66 35 39 97 82 98 74 8 
773-1-7 1?2.578 = 1 31 25 72 30 80 18 95 53 75 60 79 22 35 39 97 82 98 51 7 
773-1-15 1?2.127 = 1 93 44 25 72 31 49 86 99 88 69 19 23 34 54 15 
773-2-4 1?2.063 = 2 93 44 25 72 80 18 75 60 27 32 26 28 76 4 
773-1-13 1?2.224 = 1 93 44 53 95 25 72 31 49 86 99 88 69 19 34 23 77 90 13 
773-2-3 1?2.248 = 2 93 44 25 72 31 49 30 80 18 95 53 75 78 59 3 
773-1-11 1?2.488 = 1 31 25 72 49 86 99 54 69 19 34 23 77 90 63 62 36 91 41 11 
773-1-10 1?2.693 = 1 31 25 72 49 86 99 88 69 19 23 77 90 63 62 36 16 91 41 10 
773-2-5 1?2.425 = 2 93 44 95 53 78 59 76 28 26 32 85 42 81 20 29 70 5 
773-2-6 1?2.547 = 2 93 44 25 72 49 30 80 18 75 60 27 32 85 42 81 29 20 6 
773-1-12 1?2.381 = 1 93 44 25 72 31 49 86 99 54 69 19 34 23 77 90 33 63 62 12 
773-1-14 1?1.983 = 1 93 44 53 95 25 72 49 86 99 54 88 69 19 23 34 14 
773-1-9 1?2.63 = 1 93 44 25 72 49 30 67 43 68 47 84 89 73 64 96 21 9 
773-2-15 1?2.138 = 2 93 44 53 95 18 80 25 72 31 49 86 99 88 54 15 
773-3-4 1?2.276 = 3 59 26 32 27 65 57 42 81 20 29 70 85 28 76 4 
773-3-5 1?2.347 = 3 59 26 32 85 42 81 57 65 79 22 45 20 29 70 5 
773-2-13 1?2.395 = 2 93 44 53 95 18 80 25 72 49 86 99 88 69 19 34 23 77 90 13 
773-2-11 1?2.627 = 2 93 44 25 72 49 86 99 88 69 19 34 23 77 90 63 62 36 91 41 11 
773-2-10 1?2.847 = 2 93 44 25 72 49 86 99 88 69 19 23 77 90 63 62 36 16 91 41 10 
773-2-12 1?2.536 = 2 93 44 53 95 25 72 49 86 99 54 69 19 34 23 77 90 33 63 62 12 
773-2-8 1?2.541 = 2 71 59 26 28 32 85 42 81 29 20 45 37 24 51 98 82 97 74 8 
773-2-7 1?2.664 = 2 93 44 95 53 78 59 76 28 26 32 85 42 81 29 20 45 37 24 7 
773-2-14 1?2.157 = 2 93 44 53 95 18 80 25 72 49 86 99 88 69 19 23 34 14 
773-2-9 1?2.697 = 2 71 59 26 32 85 42 81 29 20 45 37 24 51 98 82 97 55 87 21 9 
773-3-15 1?2.513 = 3 59 26 32 27 60 75 18 95 53 44 25 72 49 99 86 15 
773-3-6 1?2.194 = 3 59 26 32 85 42 81 29 20 45 37 82 97 98 51 24 6 
773-4-5 1?2.108 = 4 76 28 85 42 81 57 65 22 35 39 45 20 29 70 5 
773-3-13 1?2.564 = 3 59 78 53 95 44 25 72 31 49 86 99 88 69 19 34 23 77 90 13 
773-3-10 1?2.767 = 3 59 26 28 85 42 81 29 20 45 37 24 51 98 82 97 55 87 21 10 
773-3-11 1?2.797 = 3 59 26 32 85 42 81 57 65 79 61 50 47 84 89 40 52 16 91 41 11 
773-3-12 1?2.717 = 3 59 78 53 95 25 72 49 86 99 88 69 19 34 23 77 90 33 63 62 12 
773-3-8 1?2.349 = 3 59 76 28 26 32 85 42 81 29 20 45 37 24 51 82 97 98 74 8 
773-3-7 1?2.442 = 3 4 76 28 26 32 85 42 81 57 65 79 22 66 35 39 97 82 98 51 7 
773-3-14 1?2.426 = 3 59 78 53 95 44 25 72 31 49 86 99 54 88 69 19 23 34 14 
773-3-9 1?2.53 = 3 59 26 28 85 42 81 29 20 45 37 24 51 98 82 97 55 87 21 9 
773-5-6 1?2.139 = 5 28 26 32 57 65 22 35 39 97 82 98 51 24 37 6 
773-4-6 1?1.967 = 4 76 28 26 32 85 42 81 29 20 45 37 82 51 24 6 
773-4-7 1?1.723 = 4 76 28 26 32 85 42 81 20 45 37 24 82 98 51 7 
773-4-15 1?2.455 = 4 76 28 26 32 27 60 75 18 95 53 44 25 72 31 49 99 86 15 
773-4-8 1?1.843 = 4 76 28 26 32 85 42 81 20 45 37 24 82 97 98 74 8 
773-4-13 1?2.64 = 4 76 28 26 59 78 53 95 25 72 49 86 99 88 69 19 34 23 77 90 13 
773-4-11 1?2.552 = 4 76 28 26 32 85 42 81 57 65 79 22 66 61 50 47 84 89 40 41 11 
773-4-10 1?2.506 = 4 76 28 26 32 85 42 81 29 20 45 37 24 51 98 82 97 55 87 21 10 
773-4-12 1?2.561 = 4 76 28 26 32 85 42 81 57 65 79 61 50 47 84 89 40 52 16 91 36 12 
773-4-14 1?2.48 = 4 76 28 26 32 27 75 53 95 25 72 49 86 99 88 69 19 23 34 14 
773-4-9 1?2.269 = 4 76 28 26 32 85 42 81 29 20 45 37 24 51 98 82 97 55 87 21 9 
773-5-7 1?1.909 = 5 28 26 32 85 42 81 29 20 45 37 24 82 97 98 51 7 
773-6-7 1?1.874 = 6 20 29 81 57 65 79 22 35 39 97 82 98 51 24 7 
773-5-8 1?2.02 = 5 28 26 32 85 42 81 29 20 45 37 24 51 98 82 97 74 8 
773-5-15 1?2.617 = 5 70 29 20 81 42 85 32 26 59 78 53 95 44 25 72 49 99 86 15 
773-6-8 1?2.121 = 6 20 29 81 42 85 57 65 79 22 66 35 39 97 82 98 74 8 
773-5-11 1?2.494 = 5 70 29 20 45 37 24 51 98 82 39 35 66 61 50 47 84 89 40 41 11 
773-5-13 1?2.756 = 5 28 26 59 78 53 95 25 72 49 86 99 88 69 19 34 23 77 90 13 
773-5-12 1?2.541 = 5 85 42 81 57 65 79 22 66 61 50 47 84 89 40 52 16 91 36 12 
773-5-10 1?2.668 = 5 70 29 20 45 37 24 51 98 97 39 35 66 61 50 47 84 89 64 73 10 
773-5-9 1?2.535 = 5 28 26 32 85 42 81 29 20 45 37 24 51 98 82 97 39 35 55 87 9 
773-5-14 1?2.645 = 5 28 26 59 78 53 95 44 25 72 49 86 99 54 69 19 23 34 14 
773-7-11 1?1.836 = 7 51 98 82 97 39 35 66 61 50 47 84 89 40 41 11 
773-7-10 1?2.072 = 7 51 98 82 97 39 35 22 79 61 50 47 84 89 40 10 
773-7-8 1?2.013 = 7 24 37 45 20 29 81 57 65 22 35 97 82 98 74 8 
773-6-10 1?2.409 = 6 45 37 24 51 98 82 97 39 35 66 61 50 47 84 89 64 73 10 
773-6-15 1?2.653 = 6 45 20 29 81 42 85 32 26 59 78 53 95 25 72 31 49 99 86 15 
773-6-13 1?2.625 = 6 24 51 98 82 97 39 35 66 61 50 47 84 52 91 16 36 62 63 13 
773-7-9 1?2.103 = 7 51 98 82 39 35 66 61 50 47 84 89 64 73 96 21 9 
773-6-11 1?2.323 = 6 45 37 24 51 98 82 97 39 35 22 79 61 50 47 84 89 40 41 11 
773-6-12 1?2.341 = 6 24 51 98 82 97 39 35 66 61 50 47 84 89 40 52 16 91 36 12 
773-6-9 1?2.376 = 6 37 24 51 98 82 97 39 35 22 66 61 50 46 64 73 96 21 9 
773-6-14 1?2.621 = 6 37 24 51 98 82 97 39 35 22 66 61 50 68 92 56 69 19 23 34 14 
773-8-11 1?1.897 = 8 87 38 96 73 64 46 47 84 89 40 52 16 91 41 11 
773-8-10 1?2.082 = 8 74 98 82 97 39 35 66 61 50 47 84 89 64 73 10 
773-8-15 1?2.63 = 8 74 98 82 97 39 35 22 79 58 18 53 95 25 72 49 99 86 15 
773-7-13 1?2.387 = 7 51 98 82 39 35 66 61 50 47 84 89 40 52 91 16 36 62 63 13 
773-8-9 1?2.169 = 8 74 98 82 97 39 35 66 22 79 61 46 64 73 96 21 9 
773-7-15 1?2.643 = 7 51 98 82 97 39 35 22 79 60 75 53 95 44 25 72 49 99 86 15 
773-8-13 1?2.353 = 8 87 55 38 96 73 64 46 47 84 89 40 52 48 16 91 36 62 63 13 
773-8-12 1?2.193 = 8 74 98 82 39 35 22 66 61 50 47 84 89 40 52 16 91 36 12 
773-7-12 1?2.125 = 7 51 98 82 97 39 35 22 79 61 50 47 84 89 40 52 16 91 36 12 
773-8-14 1?2.536 = 8 87 38 96 73 64 46 84 89 40 52 16 91 36 62 63 90 77 23 34 14 
773-7-14 1?2.678 = 7 24 51 98 82 97 39 35 66 22 79 61 50 68 17 92 56 69 19 23 34 14 
773-10-11 1?1.896 = 10 73 64 46 47 84 89 40 52 48 33 63 36 16 91 11 
773-9-11 1?1.69 = 9 21 96 73 64 46 47 84 89 40 52 48 16 91 41 11 
773-9-12 1?1.615 = 9 21 96 73 64 46 47 84 89 40 52 48 16 91 36 12 
773-9-10 1?1.969 = 9 21 96 73 64 46 47 84 89 40 52 48 16 91 41 10 
773-10-12 1?1.699 = 10 73 64 46 47 84 89 40 52 48 16 91 36 63 62 12 
773-10-13 1?2.183 = 10 73 64 46 47 84 89 40 52 48 16 91 36 62 63 33 90 13 
773-9-13 1?1.987 = 9 21 96 73 64 46 47 84 89 40 52 48 16 91 36 62 63 13 
773-10-15 1?2.515 = 10 73 64 46 47 84 89 40 52 16 91 36 62 63 90 77 23 19 54 15 
773-9-15 1?2.536 = 9 21 96 73 64 89 40 52 16 91 36 62 63 90 77 23 34 19 69 54 15 
773-10-14 1?2.186 = 10 73 64 46 47 84 89 40 52 16 91 36 62 63 90 77 23 34 14 
773-9-14 1?2.291 = 9 21 96 73 64 46 47 84 40 52 16 91 36 62 63 90 77 23 34 14 
773-12-13 1?1.875 = 12 36 16 91 52 40 89 73 64 46 84 48 33 63 62 13 
773-12-15 1?1.879 = 12 36 62 63 33 90 77 23 34 19 69 56 88 99 86 15 
773-14-15 1?2.161 = 14 34 23 19 69 88 67 30 80 18 95 25 72 49 86 15 
773-13-15 1?2.08 = 13 90 77 23 34 19 69 88 99 86 49 72 25 31 83 15 
773-11-13 1?1.738 = 11 41 91 16 36 62 63 33 94 56 69 19 34 23 77 13 
773-11-12 1?1.666 = 11 41 40 89 73 64 46 47 84 52 16 91 36 63 62 12 
773-13-14 1?2.141 = 13 63 62 36 91 16 52 40 89 84 48 33 90 77 34 14 
773-12-14 1?1.884 = 12 36 91 16 48 52 40 89 84 47 17 92 56 23 34 14 
773-11-15 1?2.261 = 11 41 40 52 16 91 36 62 63 33 90 77 23 34 19 69 56 88 54 15 
773-11-14 1?2.079 = 11 41 40 89 84 52 48 16 91 36 62 63 33 94 56 23 34 14 
stop
