start
210-0-1 1?1.893 = 0 67 83 81 97 99 30 38 37 62 50 96 23 56 1 
210-0-2 1?1.814 = 0 67 83 91 61 81 97 99 30 38 37 62 50 28 41 2 
210-0-3 1?2.069 = 0 20 31 23 96 26 41 28 50 90 52 48 25 69 65 32 24 75 3 
210-0-4 1?2.191 = 0 67 83 20 31 23 96 26 41 28 50 90 52 48 25 69 65 24 75 4 
210-0-5 1?2.39 = 0 20 31 23 96 26 41 28 50 90 52 48 25 69 32 24 33 53 72 85 5 
210-0-6 1?2.54 = 0 67 83 42 79 99 30 38 37 17 19 66 22 58 84 29 68 40 44 6 
210-0-7 1?2.553 = 0 67 83 42 79 30 38 37 17 19 66 58 84 94 29 68 35 64 73 71 7 
210-0-8 1?2.572 = 0 67 83 42 79 30 38 37 17 19 66 58 84 94 29 68 35 64 73 49 8 
210-0-9 1?2.605 = 0 67 83 42 79 99 30 38 19 66 22 95 43 89 92 76 86 57 18 9 
210-0-10 1?2.676 = 0 67 83 42 79 30 38 37 17 19 66 22 43 95 27 34 55 51 88 10 
210-0-11 1?2.583 = 0 67 83 42 79 99 80 16 82 27 34 55 59 45 93 51 98 63 11 
210-0-12 1?2.493 = 0 67 83 91 61 81 97 80 16 82 27 34 55 59 93 45 78 39 12 
210-0-13 1?2.46 = 0 67 83 91 61 81 97 16 82 27 45 87 77 46 54 13 
210-0-14 1?2.333 = 0 67 83 20 31 42 79 30 99 97 81 91 61 70 74 14 
210-0-15 1?2.206 = 0 20 31 23 96 26 50 62 38 30 99 97 81 91 61 15 
210-1-2 1?1.669 = 1 56 23 96 26 50 90 48 25 69 65 32 52 28 41 2 
210-1-3 1?1.529 = 1 56 23 96 26 41 28 50 90 48 62 25 69 32 52 3 
210-1-4 1?1.511 = 1 56 23 96 26 41 28 50 90 52 48 69 32 24 75 4 
210-1-5 1?2.125 = 1 56 23 96 26 41 28 50 90 52 48 62 25 69 65 33 53 72 85 5 
210-1-6 1?2.337 = 1 56 23 96 26 41 28 50 90 52 48 69 65 53 94 29 68 40 44 6 
210-1-7 1?2.277 = 1 56 23 96 26 50 90 48 69 65 53 94 29 68 35 64 73 71 7 
210-1-8 1?2.372 = 1 56 23 96 26 41 28 50 90 48 69 65 53 94 29 68 35 64 73 49 8 
210-1-9 1?2.488 = 1 56 23 96 26 41 28 50 48 69 25 17 19 66 58 89 92 76 86 18 9 
210-1-10 1?2.581 = 1 56 23 96 26 41 28 50 48 25 17 19 66 22 43 95 27 34 55 88 10 
210-1-11 1?2.556 = 1 56 23 96 26 50 48 69 25 17 19 66 22 95 27 34 55 51 11 
210-1-12 1?2.559 = 1 56 23 96 50 48 69 25 17 19 66 58 43 95 82 87 39 12 
210-1-13 1?2.485 = 1 56 23 96 26 28 50 62 37 38 30 99 97 81 91 61 70 74 54 13 
210-1-14 1?2.164 = 1 56 23 96 26 41 28 50 62 37 38 30 99 97 70 14 
210-1-15 1?1.955 = 1 56 23 96 26 50 62 37 38 30 99 97 81 91 61 15 
210-2-3 1?1.67 = 2 23 96 26 41 28 50 90 52 48 62 25 69 32 24 75 3 
210-2-4 1?1.555 = 2 23 96 26 41 28 50 90 52 48 62 25 69 32 24 75 4 
210-2-5 1?1.698 = 2 96 26 41 28 50 90 52 48 62 25 69 32 24 75 60 5 
210-2-6 1?1.987 = 2 41 28 50 48 69 25 17 19 66 47 94 29 68 40 44 6 
210-2-7 1?2.157 = 2 96 26 41 28 50 90 48 25 69 65 53 94 29 68 35 64 73 7 
210-2-8 1?2.4 = 2 96 26 41 28 50 90 52 69 25 17 19 66 47 94 68 29 35 64 73 49 8 
210-2-9 1?2.439 = 2 41 28 50 90 52 69 25 17 19 66 22 95 43 89 92 76 86 57 18 9 
210-2-10 1?2.434 = 2 41 28 50 48 69 25 17 19 66 58 43 95 27 34 55 59 51 88 10 
210-2-11 1?2.415 = 2 41 28 50 48 69 25 17 19 66 22 43 95 27 34 55 51 98 63 11 
210-2-12 1?2.432 = 2 41 28 50 90 48 69 25 17 19 66 22 43 95 82 87 39 78 12 
210-2-13 1?2.439 = 2 96 26 50 90 48 69 25 37 38 30 99 97 81 91 61 70 74 54 13 
210-2-14 1?2.234 = 2 41 28 50 90 48 69 25 17 37 38 30 99 97 81 91 61 70 14 
210-2-15 1?2.034 = 2 96 26 41 28 50 90 48 69 25 37 38 30 99 97 81 91 61 15 
210-3-4 1?1.625 = 3 52 90 28 41 26 96 50 62 48 69 25 65 32 24 75 4 
210-3-5 1?1.768 = 3 52 90 28 41 26 96 50 62 48 25 69 32 24 75 60 5 
210-3-6 1?1.962 = 3 52 90 50 62 48 25 69 65 53 94 29 68 40 44 6 
210-3-7 1?2.023 = 3 52 90 50 48 25 69 65 53 94 29 68 35 64 73 71 7 
210-3-8 1?2.214 = 3 52 90 50 62 48 69 25 17 19 66 47 94 29 68 35 64 73 49 8 
210-3-9 1?2.326 = 3 52 90 48 69 25 17 19 66 58 22 95 43 89 92 76 86 57 18 9 
210-3-10 1?2.465 = 3 52 90 48 69 25 17 19 66 22 43 95 82 27 34 55 59 51 98 88 10 
210-3-11 1?2.502 = 3 52 90 48 69 25 17 19 66 58 43 95 82 27 34 55 59 51 98 63 11 
210-3-12 1?2.474 = 3 52 90 48 69 25 17 19 66 22 43 95 27 34 55 59 93 45 78 12 
210-3-13 1?2.432 = 3 52 90 50 48 69 25 17 37 38 30 99 97 81 91 61 70 74 54 13 
210-3-14 1?2.246 = 3 52 90 50 48 69 25 17 37 38 30 99 97 81 91 61 70 74 14 
210-3-15 1?2.1 = 3 52 90 50 62 48 25 69 65 17 37 38 30 99 97 81 91 61 15 
210-4-5 1?1.889 = 4 75 24 32 52 90 50 48 25 69 65 33 53 72 85 5 
210-4-6 1?2.055 = 4 75 24 32 69 25 17 19 66 58 84 94 29 68 40 44 6 
210-4-7 1?2.098 = 4 75 24 32 69 25 17 19 66 47 84 94 29 68 35 64 73 7 
210-4-8 1?2.069 = 4 75 24 32 69 25 17 19 66 47 94 29 68 35 64 73 49 8 
210-4-9 1?2.342 = 4 75 24 32 69 25 17 19 66 58 22 95 43 89 92 76 86 57 18 9 
210-4-10 1?2.451 = 4 75 24 32 69 25 17 19 66 58 22 43 95 27 34 59 51 98 88 10 
210-4-11 1?2.495 = 4 75 24 32 69 25 17 19 66 58 22 43 95 27 34 55 59 51 63 11 
210-4-12 1?2.549 = 4 75 24 32 69 25 17 19 66 22 43 95 27 34 55 59 93 45 78 39 12 
210-4-13 1?2.702 = 4 75 24 32 69 25 48 52 90 50 62 37 38 30 99 97 81 91 61 70 74 54 13 
210-4-14 1?2.516 = 4 75 24 32 69 25 48 52 90 50 62 37 38 30 99 97 81 91 61 70 74 14 
210-4-15 1?2.387 = 4 75 24 32 69 48 52 90 50 28 41 26 96 23 31 20 67 83 91 61 15 
210-5-6 1?2.169 = 5 85 72 53 17 19 66 58 84 94 29 68 40 44 6 
210-5-7 1?2.182 = 5 85 72 53 17 19 66 58 84 29 68 35 64 73 7 
210-5-8 1?2.143 = 5 85 72 53 94 29 68 35 64 73 21 76 86 57 49 8 
210-5-9 1?2.427 = 5 85 72 68 29 94 47 84 58 22 95 43 89 92 76 86 57 18 9 
210-5-10 1?2.444 = 5 85 72 94 68 29 84 58 22 43 95 27 34 55 59 51 88 10 
210-5-11 1?2.552 = 5 85 72 94 68 29 84 58 22 43 95 82 27 34 55 59 51 63 11 
210-5-12 1?2.694 = 5 85 72 94 68 29 84 58 22 43 95 82 27 34 55 59 93 45 78 39 12 
210-5-13 1?2.813 = 5 85 72 94 47 84 58 43 95 82 27 34 55 59 93 45 87 77 46 54 13 
210-5-14 1?2.636 = 5 60 75 24 32 69 48 90 50 62 37 38 30 99 97 81 91 61 70 74 14 
210-5-15 1?2.584 = 5 60 75 24 32 69 25 48 62 50 28 41 26 96 23 31 20 67 83 91 61 15 
210-6-7 1?2.064 = 6 44 40 68 29 84 58 43 95 89 35 64 73 71 7 
210-6-8 1?2.001 = 6 44 40 35 68 29 94 47 84 89 92 76 86 21 49 8 
210-6-9 1?2.223 = 6 44 40 68 29 94 84 58 22 95 43 89 92 76 86 57 18 9 
210-6-10 1?2.292 = 6 44 40 68 29 94 47 84 58 43 95 27 34 55 51 98 88 10 
210-6-11 1?2.392 = 6 44 40 68 29 94 47 84 58 43 95 82 27 34 55 51 98 63 11 
210-6-12 1?2.503 = 6 44 40 68 29 84 58 22 43 95 27 34 55 59 93 45 87 39 12 
210-6-13 1?2.646 = 6 44 40 68 29 94 84 58 43 95 27 34 55 59 93 45 78 39 36 13 
210-6-14 1?2.72 = 6 44 40 68 29 84 58 43 95 27 34 55 59 93 45 87 77 46 74 14 
210-6-15 1?2.616 = 6 44 40 68 29 94 47 84 58 66 19 17 37 38 30 99 97 81 91 61 15 
210-7-8 1?2.005 = 7 71 73 64 35 68 29 94 47 84 89 92 76 86 21 49 8 
210-7-9 1?1.985 = 7 71 73 64 35 68 29 94 84 89 92 76 86 57 18 9 
210-7-10 1?2.17 = 7 71 73 64 35 68 29 89 92 55 34 59 51 88 10 
210-7-11 1?2.331 = 7 71 73 64 35 68 29 84 58 43 95 27 34 59 51 98 63 11 
210-7-12 1?2.43 = 7 71 73 64 35 68 29 84 58 43 95 27 34 55 59 93 45 78 12 
210-7-13 1?2.559 = 7 71 73 64 35 68 29 94 84 58 43 95 82 27 87 77 46 54 13 
210-7-14 1?2.643 = 7 71 73 64 35 29 68 94 84 58 22 43 95 82 87 77 46 74 14 
210-7-15 1?2.542 = 7 71 73 64 35 68 29 94 47 66 19 17 37 38 30 99 97 81 91 61 15 
210-8-9 1?2.004 = 8 49 73 64 35 68 29 94 84 89 92 76 86 57 18 9 
210-8-10 1?2.122 = 8 49 21 86 76 92 89 43 95 27 34 59 51 98 88 10 
210-8-11 1?2.29 = 8 49 73 64 35 68 29 84 58 43 95 27 34 55 51 63 11 
210-8-12 1?2.331 = 8 49 73 64 35 68 29 94 84 58 43 95 82 87 39 78 12 
210-8-13 1?2.574 = 8 49 73 64 35 68 29 94 47 84 58 43 95 82 87 77 46 54 13 
210-8-14 1?2.728 = 8 49 21 86 76 92 89 43 95 82 27 34 55 59 93 45 87 77 46 74 14 
210-8-15 1?2.561 = 8 49 73 64 35 68 29 94 47 66 19 17 37 38 30 99 97 81 91 61 15 
210-9-10 1?2.084 = 9 18 57 86 76 92 55 34 45 93 59 51 63 98 88 10 
210-9-11 1?2.241 = 9 18 57 86 76 92 89 43 95 82 27 34 55 51 98 63 11 
210-9-12 1?2.298 = 9 18 57 86 76 92 89 43 95 27 34 55 59 93 45 78 12 
210-9-13 1?2.564 = 9 18 57 86 76 92 89 43 95 27 34 55 59 93 45 78 39 36 13 
210-9-14 1?2.705 = 9 18 57 86 76 92 89 43 95 27 34 55 59 93 45 87 77 46 74 14 
210-9-15 1?2.63 = 9 18 86 76 92 89 43 95 22 66 19 37 38 30 99 97 81 91 61 15 
210-10-11 1?2.461 = 10 88 98 63 51 93 59 55 34 27 45 87 77 39 78 11 
210-10-12 1?2.235 = 10 88 63 98 51 93 45 59 55 34 27 82 87 39 78 12 
210-10-13 1?2.165 = 10 88 98 51 55 34 59 93 45 78 39 87 77 46 54 13 
210-10-14 1?2.882 = 10 88 98 51 59 34 27 82 95 43 58 22 80 97 81 91 61 70 74 14 
210-10-15 1?2.716 = 10 88 98 51 55 34 27 95 43 22 66 19 38 30 99 97 81 91 61 15 
210-11-12 1?2.44 = 11 63 88 98 51 55 34 59 93 45 87 77 46 36 39 78 12 
210-11-13 1?2.355 = 11 63 98 88 51 55 34 59 93 45 87 77 70 74 54 13 
210-11-14 1?2.448 = 11 63 88 98 51 55 34 59 93 45 87 77 46 54 74 70 14 
210-11-15 1?2.589 = 11 63 98 51 59 55 34 27 95 43 58 22 80 97 81 91 61 15 
210-12-13 1?2.344 = 12 39 78 45 93 59 51 55 34 27 82 87 77 46 54 13 
210-12-14 1?2.556 = 12 39 78 45 93 59 51 55 34 27 82 87 77 46 54 74 14 
210-12-15 1?2.516 = 12 39 87 45 93 59 51 55 34 27 82 16 97 81 91 61 15 
210-13-14 1?2.601 = 13 36 39 78 45 93 59 55 34 27 82 87 77 46 54 74 14 
210-13-15 1?2.513 = 13 54 74 70 61 91 81 97 99 30 38 79 42 83 67 15 
210-14-15 1?2.581 = 14 74 70 61 91 81 97 99 30 38 79 42 31 20 67 15 
stop
