start
217-0-1 1?1.949 = 0 23 18 79 66 27 61 71 51 36 84 94 87 65 46 1 
217-0-2 1?1.934 = 0 23 18 79 66 61 71 51 36 87 28 95 38 47 53 2 
217-0-3 1?1.837 = 0 23 18 79 66 27 61 71 51 36 87 28 53 47 38 3 
217-0-4 1?2.277 = 0 23 69 18 79 66 27 61 71 51 36 84 94 43 39 85 54 21 4 
217-0-5 1?2.267 = 0 23 69 18 79 66 27 61 71 51 36 84 94 43 32 62 78 93 5 
217-0-6 1?2.446 = 0 23 18 79 66 27 61 71 51 36 84 94 43 45 44 91 22 73 6 
217-0-7 1?2.471 = 0 23 18 79 66 61 71 25 56 55 49 57 30 40 24 33 26 67 19 7 
217-0-8 1?2.382 = 0 23 18 79 66 27 61 71 25 86 56 55 49 57 30 40 24 33 42 8 
217-0-9 1?2.239 = 0 23 18 79 66 27 61 71 25 86 56 55 49 57 30 77 58 9 
217-0-10 1?2.521 = 0 23 18 79 66 27 61 36 51 71 25 86 56 55 49 34 35 41 50 10 
217-0-11 1?2.465 = 0 23 18 79 66 61 71 51 84 75 25 86 56 55 49 34 35 41 50 11 
217-0-12 1?2.336 = 0 23 69 18 79 66 27 61 52 90 29 74 70 76 63 60 17 31 12 
217-0-13 1?2.11 = 0 23 18 79 66 27 61 36 51 71 52 90 29 74 70 64 13 
217-0-14 1?1.826 = 0 23 69 18 79 66 27 61 52 90 29 74 70 64 20 14 
217-0-15 1?2.065 = 0 23 69 18 79 66 27 61 52 90 29 74 70 64 96 15 
217-1-2 1?2.201 = 1 98 18 79 66 27 61 71 51 36 87 28 95 38 47 53 2 
217-1-3 1?2.063 = 1 98 18 79 66 27 61 71 51 36 87 28 53 47 38 3 
217-1-4 1?2.443 = 1 98 18 69 79 66 27 61 71 51 36 84 94 43 85 54 21 4 
217-1-5 1?2.526 = 1 98 18 69 79 66 27 61 71 51 36 84 94 43 32 62 78 93 5 
217-1-6 1?2.657 = 1 98 18 79 66 27 61 71 51 36 84 94 43 45 32 44 91 6 
217-1-7 1?2.534 = 1 46 65 36 51 71 25 86 56 55 49 57 30 40 24 33 26 67 19 7 
217-1-8 1?2.489 = 1 46 65 36 51 71 84 75 25 86 56 55 49 57 30 40 24 33 42 8 
217-1-9 1?2.627 = 1 98 18 79 66 27 61 71 51 84 75 25 86 56 55 49 57 30 77 58 9 
217-1-10 1?2.68 = 1 98 79 66 27 61 71 51 84 75 25 86 56 55 49 34 35 72 41 10 
217-1-11 1?2.548 = 1 46 65 36 51 71 75 25 86 56 55 49 34 35 41 72 50 48 59 11 
217-1-12 1?2.556 = 1 46 65 36 51 71 61 27 66 79 18 69 74 29 90 76 97 31 12 
217-1-13 1?2.331 = 1 46 65 36 51 71 61 27 66 79 18 69 74 29 90 76 97 13 
217-1-14 1?2.15 = 1 46 65 36 51 71 61 27 66 79 18 69 74 29 70 64 20 14 
217-1-15 1?2.23 = 1 46 65 36 51 71 61 27 66 79 18 69 74 70 96 15 
217-2-3 1?2.227 = 2 46 65 66 27 61 71 51 36 87 28 53 47 95 38 3 
217-2-4 1?2.321 = 2 53 47 38 95 85 39 32 45 88 44 78 37 21 4 
217-2-5 1?2.664 = 2 53 47 38 54 85 39 21 37 62 32 45 88 91 44 78 93 5 
217-2-6 1?2.645 = 2 53 47 38 95 85 39 54 21 37 62 32 45 88 44 91 22 73 6 
217-2-7 1?2.643 = 2 53 47 38 95 85 39 32 45 88 89 16 57 30 40 24 33 26 67 7 
217-2-8 1?2.523 = 2 28 87 36 51 71 84 75 25 86 56 55 49 57 30 40 24 33 42 8 
217-2-9 1?2.693 = 2 53 47 38 95 85 43 94 84 51 71 25 86 56 55 49 57 30 77 58 9 
217-2-10 1?2.739 = 2 53 47 38 95 85 43 75 25 86 56 55 49 57 34 35 41 72 50 10 
217-2-11 1?2.656 = 2 53 47 38 95 85 43 75 25 86 56 55 49 34 35 41 72 50 48 59 11 
217-2-12 1?2.618 = 2 28 87 36 51 71 61 27 66 79 18 69 74 70 76 63 60 17 31 12 
217-2-13 1?2.471 = 2 53 28 87 36 51 71 61 27 66 79 18 69 74 29 90 76 97 13 
217-2-14 1?2.22 = 2 46 65 36 51 71 61 27 66 79 18 69 74 29 70 64 20 14 
217-2-15 1?1.944 = 2 53 47 38 95 28 87 36 51 71 61 66 79 18 69 15 
217-3-4 1?2.339 = 3 38 47 53 28 87 36 51 71 84 94 43 39 85 54 21 4 
217-3-5 1?2.232 = 3 38 47 95 54 21 37 62 32 45 88 44 78 93 5 
217-3-6 1?2.197 = 3 38 47 53 95 85 39 21 37 62 78 44 91 22 73 6 
217-3-7 1?2.565 = 3 38 47 95 85 39 32 45 88 89 16 57 30 40 24 33 26 67 7 
217-3-8 1?2.541 = 3 38 47 53 28 87 36 51 71 25 56 55 49 57 30 40 24 33 42 8 
217-3-9 1?2.55 = 3 38 47 53 28 87 36 51 84 75 25 86 56 55 49 57 30 77 58 9 
217-3-10 1?2.756 = 3 38 47 53 28 87 36 51 71 75 25 86 56 55 49 34 35 41 72 50 10 
217-3-11 1?2.655 = 3 38 47 53 28 87 36 51 71 25 86 56 55 49 34 35 41 72 50 59 11 
217-3-12 1?2.608 = 3 38 47 53 28 87 36 51 71 61 27 74 29 90 81 63 60 17 31 12 
217-3-13 1?2.555 = 3 38 47 53 28 87 36 51 71 61 66 79 18 69 74 29 90 76 97 13 
217-3-14 1?2.298 = 3 38 47 53 28 87 36 51 71 61 66 79 18 69 74 70 64 20 14 
217-3-15 1?2.244 = 3 38 47 53 95 85 43 94 84 51 36 71 61 27 66 79 18 69 15 
217-4-5 1?2.354 = 4 21 37 62 32 45 88 89 16 80 91 44 78 93 5 
217-4-6 1?2.409 = 4 21 37 32 45 88 89 16 40 24 33 26 19 67 22 6 
217-4-7 1?2.147 = 4 21 37 32 45 88 89 16 30 40 24 33 26 67 19 7 
217-4-8 1?2.342 = 4 21 37 62 32 45 88 99 55 49 57 30 77 40 24 33 42 8 
217-4-9 1?2.617 = 4 21 37 62 32 45 88 99 55 49 57 30 77 40 24 33 42 58 9 
217-4-10 1?2.735 = 4 21 37 62 32 45 88 89 80 33 24 40 30 57 34 35 41 72 50 10 
217-4-11 1?2.675 = 4 21 37 62 32 45 88 89 80 33 24 40 30 57 34 35 41 50 59 11 
217-4-12 1?2.673 = 4 21 37 62 32 45 88 89 16 30 57 34 35 41 72 50 48 17 31 12 
217-4-13 1?2.714 = 4 21 39 43 94 84 36 51 71 61 27 66 79 18 69 74 29 90 76 97 13 
217-4-14 1?2.492 = 4 21 39 43 94 84 36 51 71 61 66 79 18 69 74 29 70 64 20 14 
217-4-15 1?2.455 = 4 21 39 85 95 38 47 53 28 87 36 51 71 61 27 66 79 18 69 15 
217-5-6 1?2.314 = 5 93 78 62 32 45 88 89 16 80 68 26 19 67 22 73 6 
217-5-7 1?2.163 = 5 93 78 62 32 45 88 89 80 68 33 24 42 26 67 19 7 
217-5-8 1?1.982 = 5 78 62 32 45 88 89 16 57 30 40 24 33 42 8 
217-5-9 1?2.56 = 5 93 78 62 32 45 88 99 55 49 57 30 77 40 24 33 42 58 9 
217-5-10 1?2.6 = 5 93 78 44 91 68 33 24 40 77 30 57 34 35 41 72 48 50 10 
217-5-11 1?2.515 = 5 93 78 44 91 68 33 24 40 77 30 57 34 35 41 72 50 48 59 11 
217-5-12 1?2.553 = 5 93 78 44 91 68 33 24 40 30 57 34 35 41 72 50 48 17 31 12 
217-5-13 1?2.775 = 5 78 62 32 43 94 84 51 71 61 66 79 18 69 74 29 90 76 97 13 
217-5-14 1?2.621 = 5 93 78 62 32 43 94 84 51 71 61 27 66 79 18 69 74 70 64 20 14 
217-5-15 1?2.586 = 5 78 62 32 45 88 99 55 56 75 84 36 51 71 61 66 79 18 69 15 
217-6-7 1?2.289 = 6 73 22 91 44 45 88 89 16 40 24 33 42 26 67 7 
217-6-8 1?2.162 = 6 73 22 91 44 32 45 88 89 16 30 40 24 42 8 
217-6-9 1?2.414 = 6 73 22 67 19 26 68 80 89 16 57 30 77 40 24 33 42 58 9 
217-6-10 1?2.472 = 6 73 22 67 19 26 33 24 40 77 30 57 34 35 41 72 82 48 50 10 
217-6-11 1?2.339 = 6 73 22 67 19 26 42 33 24 40 77 30 57 34 35 41 50 48 59 11 
217-6-12 1?2.416 = 6 73 22 67 19 26 33 24 40 77 30 57 34 35 41 72 50 48 17 31 12 
217-6-13 1?2.639 = 6 22 67 19 26 33 24 40 30 57 34 35 41 72 50 48 17 60 63 97 13 
217-6-14 1?2.647 = 6 93 78 62 32 43 94 84 36 51 71 61 66 27 29 74 70 64 20 14 
217-6-15 1?2.575 = 6 73 22 91 44 32 45 43 94 84 51 36 71 61 66 79 18 69 15 
217-7-8 1?2.221 = 7 19 67 26 68 80 89 16 33 24 40 30 77 83 58 42 8 
217-7-9 1?2.022 = 7 19 67 26 33 24 40 16 99 55 49 57 30 77 58 9 
217-7-10 1?2.346 = 7 19 67 26 33 24 40 77 30 57 34 35 41 72 82 17 48 50 10 
217-7-11 1?2.156 = 7 19 67 26 42 33 24 40 77 30 57 34 35 41 50 72 82 48 59 11 
217-7-12 1?2.258 = 7 19 67 26 42 33 24 40 77 30 57 34 35 41 72 50 48 82 17 31 12 
217-7-13 1?2.384 = 7 19 67 26 42 33 24 40 77 30 57 34 35 41 72 50 48 17 97 13 
217-7-14 1?2.481 = 7 19 67 26 33 24 40 30 57 34 35 41 72 50 48 82 60 63 76 64 20 14 
217-7-15 1?2.47 = 7 19 67 26 68 80 89 99 55 56 86 25 71 51 36 61 66 79 18 69 15 
217-8-9 1?1.973 = 8 42 24 33 26 19 67 68 80 89 16 57 30 77 83 58 9 
217-8-10 1?1.873 = 8 42 33 24 40 77 30 57 34 35 41 72 82 48 50 10 
217-8-11 1?1.664 = 8 42 33 24 40 77 30 57 34 35 41 72 50 48 59 11 
217-8-12 1?2.237 = 8 42 33 24 40 30 57 34 35 41 72 50 48 82 81 63 60 17 31 12 
217-8-13 1?2.314 = 8 42 33 24 40 77 30 57 34 35 41 50 48 17 60 81 63 97 13 
217-8-14 1?2.372 = 8 42 33 24 40 30 57 34 35 41 72 50 48 17 60 63 76 70 64 20 14 
217-8-15 1?2.392 = 8 42 33 24 40 30 57 49 55 56 86 25 71 61 27 66 79 18 69 15 
217-9-10 1?2.058 = 9 58 24 33 40 77 30 57 34 35 41 72 82 48 50 10 
217-9-11 1?1.849 = 9 58 24 33 40 77 30 57 34 35 41 72 50 48 59 11 
217-9-12 1?1.857 = 9 58 24 40 77 30 57 34 35 41 72 50 48 17 31 12 
217-9-13 1?2.368 = 9 58 77 30 16 57 34 35 41 72 50 48 17 60 81 63 97 13 
217-9-14 1?2.292 = 9 58 77 30 57 34 35 41 72 50 48 17 60 63 81 76 64 20 14 
217-9-15 1?2.277 = 9 58 77 30 57 49 55 56 75 84 51 71 61 27 66 79 18 69 15 
217-10-11 1?2.083 = 10 83 77 40 30 57 34 35 41 72 50 48 82 17 59 11 
217-10-12 1?2.211 = 10 83 77 30 34 35 41 72 50 48 82 81 60 17 31 12 
217-10-13 1?2.186 = 10 41 35 72 50 48 17 60 63 81 90 29 74 70 64 13 
217-10-14 1?2.404 = 10 41 35 72 50 48 82 17 60 63 81 90 29 74 70 76 64 20 14 
217-10-15 1?2.439 = 10 35 41 72 50 48 17 60 63 76 70 74 29 27 66 79 18 69 15 
217-11-12 1?2.207 = 11 59 48 50 72 41 35 34 49 55 92 81 60 17 31 12 
217-11-13 1?2.165 = 11 50 41 35 72 48 17 60 63 76 90 29 74 70 64 13 
217-11-14 1?1.965 = 11 59 50 41 35 72 48 17 60 63 81 76 70 64 20 14 
217-11-15 1?2.308 = 11 59 50 41 35 72 48 17 60 63 81 76 90 29 74 96 15 
217-12-13 1?2.205 = 12 31 17 48 50 41 35 72 82 81 90 29 74 70 64 13 
217-12-14 1?2.022 = 12 31 17 48 50 41 35 72 82 60 63 81 76 64 20 14 
217-12-15 1?2.316 = 12 31 17 60 63 81 90 29 27 61 71 51 36 66 79 69 15 
217-13-14 1?2.179 = 13 64 70 74 29 90 52 61 27 66 79 18 69 96 20 14 
217-13-15 1?2.153 = 13 97 76 70 74 29 90 52 61 71 51 36 66 79 18 69 15 
217-14-15 1?1.841 = 14 20 64 70 74 29 27 61 71 51 36 66 79 18 69 15 
stop
