start
817-0-2 1?1.7 = 0 34 81 28 55 89 64 62 26 70 85 47 78 22 94 2 
817-0-1 1?1.853 = 0 34 81 28 55 89 64 26 70 85 47 78 22 57 67 1 
817-0-8 1?2.659 = 0 34 86 67 57 85 47 70 26 62 69 98 93 59 97 76 61 54 74 8 
817-0-6 1?2.495 = 0 34 86 81 67 57 22 78 99 79 50 23 73 25 87 30 39 68 66 6 
817-0-4 1?1.953 = 0 34 86 81 67 57 71 22 78 99 79 50 23 73 25 87 30 56 4 
817-0-7 1?2.567 = 0 34 86 67 57 85 47 70 26 89 64 62 69 93 59 97 76 88 41 7 
817-0-10 1?2.416 = 0 34 86 81 55 18 37 42 48 33 53 77 83 95 31 96 27 17 10 
817-0-5 1?2.233 = 0 34 86 81 67 57 71 22 78 99 79 50 23 73 25 87 30 39 58 5 
817-0-11 1?2.203 = 0 34 86 81 55 18 37 42 48 33 53 77 95 31 96 27 52 11 
817-0-3 1?1.974 = 0 34 86 81 28 89 64 62 26 70 85 47 22 78 99 79 50 23 3 
817-0-9 1?2.537 = 0 34 81 55 18 37 42 48 40 63 24 45 82 43 32 92 84 29 9 
817-0-15 1?1.892 = 0 34 86 67 57 85 47 70 26 62 64 89 55 18 72 15 
817-0-13 1?1.705 = 0 34 86 81 55 18 37 42 48 33 53 77 51 36 13 
817-1-2 1?1.789 = 1 57 67 86 34 81 28 70 85 47 99 78 22 71 94 2 
817-0-14 1?1.877 = 0 34 86 81 28 55 18 37 42 48 40 33 20 80 14 
817-1-3 1?1.769 = 1 86 34 81 28 67 57 71 94 22 78 99 79 50 23 3 
817-0-12 1?1.988 = 0 34 81 18 37 42 48 33 53 77 95 31 96 27 52 12 
817-1-8 1?2.579 = 1 67 57 22 47 85 70 26 89 64 62 69 93 59 97 61 54 74 8 
817-1-7 1?2.495 = 1 67 57 71 22 78 47 85 70 26 62 69 98 93 59 97 76 88 41 7 
817-1-4 1?1.85 = 1 67 57 85 47 78 22 71 94 50 23 73 25 87 30 56 4 
817-1-6 1?2.423 = 1 67 57 71 22 78 99 79 50 23 38 16 73 25 87 30 39 68 66 6 
817-1-5 1?2.219 = 1 67 57 71 22 78 99 79 50 23 38 16 73 25 87 30 56 39 58 5 
817-2-3 1?1.738 = 2 94 71 22 78 99 79 50 23 73 21 25 30 87 16 38 3 
817-1-15 1?1.835 = 1 67 57 22 78 47 85 70 26 62 64 89 55 18 72 15 
817-1-14 1?1.883 = 1 67 57 85 47 70 26 62 64 89 48 42 37 46 80 14 
817-1-9 1?2.514 = 1 67 57 85 47 70 26 62 69 65 60 45 82 43 32 92 84 19 29 9 
817-1-10 1?2.636 = 1 67 57 85 47 70 26 62 64 40 63 24 35 83 95 31 96 27 17 10 
817-2-4 1?1.753 = 2 94 71 22 78 47 85 70 99 79 50 73 25 87 30 56 4 
817-2-5 1?1.84 = 2 94 71 22 78 99 79 50 23 73 25 87 30 56 39 58 5 
817-2-6 1?2.343 = 2 94 71 22 78 99 79 50 23 38 16 73 25 87 30 56 39 68 66 6 
817-1-12 1?2.285 = 1 86 34 81 55 18 37 42 48 33 53 77 83 95 31 96 27 52 12 
817-1-11 1?2.443 = 1 86 34 81 28 55 18 37 42 48 33 53 77 95 83 31 96 27 52 11 
817-1-13 1?2.182 = 1 67 57 71 22 47 85 70 26 62 64 63 40 33 53 77 51 36 13 
817-3-5 1?1.857 = 3 23 50 94 71 22 78 99 79 73 25 30 87 56 58 5 
817-3-4 1?1.57 = 3 23 50 94 71 22 78 99 79 21 73 25 87 30 56 4 
817-2-9 1?2.411 = 2 94 71 22 78 47 85 70 26 62 69 65 60 43 32 92 84 19 29 9 
817-2-7 1?2.23 = 2 94 71 22 78 47 85 70 26 62 69 93 59 97 76 88 41 7 
817-2-8 1?2.395 = 2 94 71 22 78 99 47 85 70 26 62 69 93 59 97 61 54 74 8 
817-2-10 1?2.534 = 2 94 22 78 47 85 70 26 62 69 65 60 45 82 43 32 92 84 91 75 10 
817-2-15 1?2.044 = 2 94 71 22 78 99 47 85 70 26 89 64 63 40 48 42 37 15 
817-2-14 1?2.042 = 2 94 71 22 78 47 85 70 26 89 64 63 40 48 42 37 46 80 14 
817-2-12 1?2.341 = 2 94 71 22 78 47 85 70 26 62 64 63 24 35 83 95 31 96 27 52 12 
817-2-13 1?2.028 = 2 94 22 78 99 47 85 70 26 62 64 63 40 33 53 77 51 36 13 
817-2-11 1?2.368 = 2 94 71 22 78 99 47 85 70 26 62 64 40 63 24 35 96 27 52 11 
817-3-6 1?1.958 = 3 23 50 79 21 73 38 16 25 87 30 56 39 68 66 6 
817-4-5 1?1.985 = 4 16 38 23 50 79 21 73 25 87 30 56 39 68 66 5 
817-3-10 1?2.538 = 3 23 50 79 99 47 85 70 26 62 65 60 43 82 32 92 84 91 75 10 
817-3-9 1?2.488 = 3 23 50 79 99 47 85 70 26 62 69 65 60 43 32 92 84 19 29 9 
817-3-7 1?2.373 = 3 23 50 79 99 47 85 70 26 62 69 98 93 59 97 76 88 41 7 
817-3-8 1?2.472 = 3 23 50 79 99 47 85 70 26 62 69 98 93 59 97 61 54 74 8 
817-3-15 1?2.144 = 3 23 50 79 94 71 22 78 99 47 85 70 26 62 64 89 55 18 72 15 
817-3-14 1?2.234 = 3 23 50 94 71 22 78 99 47 85 70 26 62 64 89 48 42 37 46 80 14 
817-3-11 1?2.369 = 3 23 50 79 99 47 85 70 26 89 64 40 63 24 35 96 27 52 11 
817-3-12 1?2.454 = 3 23 50 79 99 47 85 70 26 62 64 40 63 24 35 83 95 31 27 52 12 
817-3-13 1?2.334 = 3 23 50 79 99 47 85 70 26 89 64 62 69 65 63 40 33 53 51 36 13 
817-4-7 1?2.203 = 4 56 30 87 16 38 73 25 21 49 44 97 76 88 41 7 
817-4-8 1?2.284 = 4 56 30 87 25 73 21 49 44 41 88 76 61 54 74 8 
817-4-6 1?2.022 = 4 16 38 23 50 79 21 73 25 87 30 56 39 68 66 6 
817-5-6 1?2.407 = 5 58 39 30 87 16 38 23 50 73 25 21 49 44 68 66 6 
817-4-9 1?2.519 = 4 56 30 87 16 38 73 25 21 49 44 97 76 61 54 74 19 29 9 
817-4-10 1?2.682 = 4 56 30 87 25 73 79 99 47 85 70 26 62 69 65 60 45 82 90 10 
817-4-15 1?2.15 = 4 56 30 87 25 73 21 79 99 47 85 70 26 62 64 89 55 18 72 15 
817-4-14 1?2.292 = 4 56 30 87 25 73 79 99 47 85 70 26 62 64 89 48 42 37 46 80 14 
817-4-11 1?2.52 = 4 87 25 73 79 99 47 85 70 26 89 64 63 24 35 96 27 52 11 
817-4-12 1?2.442 = 4 56 30 87 25 73 79 99 47 85 70 26 62 64 63 24 35 31 12 
817-4-13 1?2.375 = 4 56 30 87 25 73 79 99 47 85 70 26 62 64 63 40 33 53 51 36 13 
817-5-7 1?2.394 = 5 58 39 56 30 87 25 73 21 49 44 97 76 88 41 7 
817-6-7 1?2.598 = 6 66 68 39 30 87 25 73 21 49 44 97 76 88 41 7 
817-5-8 1?2.451 = 5 58 39 30 87 25 73 21 49 59 97 76 61 54 74 8 
817-5-9 1?2.544 = 5 58 39 30 87 25 73 21 49 44 88 76 61 54 74 19 29 9 
817-6-8 1?2.697 = 6 66 68 39 30 87 25 73 21 49 44 97 61 54 74 8 
817-5-10 1?2.624 = 5 58 66 68 44 41 88 76 97 61 54 32 92 84 19 29 91 75 10 
817-5-15 1?2.366 = 5 58 39 30 87 25 73 79 99 47 85 70 26 62 64 89 55 18 72 15 
817-5-14 1?2.469 = 5 58 39 30 87 25 73 79 99 47 85 70 26 62 64 89 42 37 46 80 14 
817-5-12 1?2.674 = 5 56 30 87 25 73 79 99 47 85 70 26 89 64 63 24 35 31 12 
817-5-11 1?2.731 = 5 58 39 49 98 69 65 63 40 33 53 77 83 95 31 96 27 52 11 
817-5-13 1?2.512 = 5 56 30 87 25 73 79 99 47 85 70 26 64 40 33 53 51 36 13 
817-7-9 1?2.358 = 7 41 88 76 97 61 54 74 19 29 84 92 90 75 91 9 
817-6-9 1?2.411 = 6 41 88 76 97 61 54 74 19 29 84 92 90 75 91 9 
817-7-8 1?2.747 = 7 41 88 76 97 61 54 74 19 29 84 92 90 75 91 9 8 
817-7-10 1?2.744 = 7 41 88 76 61 43 82 45 24 35 96 27 17 90 92 84 75 10 
817-6-10 1?2.809 = 6 41 88 76 61 43 82 45 24 35 83 95 31 96 27 17 90 75 10 
817-7-11 1?2.532 = 7 41 88 76 61 32 43 82 45 24 35 83 95 31 96 27 52 11 
817-6-14 1?2.669 = 6 41 88 76 97 59 93 69 62 26 89 64 63 40 48 42 37 46 80 14 
817-6-11 1?2.694 = 6 41 88 76 97 59 93 65 63 24 35 83 95 31 96 27 52 11 
817-6-12 1?2.746 = 6 41 88 97 59 93 69 62 26 89 64 40 63 24 35 83 95 31 12 
817-6-13 1?2.578 = 6 41 88 97 59 93 69 62 26 89 64 63 40 33 53 77 51 36 13 
817-6-15 1?2.753 = 6 66 68 39 30 87 25 73 21 79 99 47 85 70 26 62 64 89 55 18 72 15 
817-8-9 1?2.553 = 8 74 54 32 43 82 45 24 35 96 27 17 90 92 84 29 9 
817-8-10 1?2.582 = 8 74 32 43 82 45 24 35 83 95 31 96 17 90 75 91 10 
817-8-11 1?2.382 = 8 74 19 84 92 32 43 82 45 35 83 95 31 96 27 52 11 
817-8-14 1?2.635 = 8 74 54 32 43 82 45 96 27 31 95 83 77 53 33 48 42 37 46 80 14 
817-8-15 1?2.715 = 8 74 54 32 43 82 45 96 27 31 95 77 53 33 48 42 37 18 72 15 
817-8-12 1?2.727 = 8 74 19 29 84 92 32 43 82 45 24 35 83 95 31 96 27 17 52 12 
817-7-12 1?2.624 = 7 41 88 97 59 93 65 63 40 24 35 83 95 31 96 27 52 12 
817-8-13 1?2.565 = 8 74 19 29 84 92 32 43 82 45 24 35 96 27 31 95 83 77 51 36 13 
817-7-14 1?2.656 = 7 41 88 76 97 59 93 98 69 62 26 64 63 40 48 42 37 46 80 14 
817-7-13 1?2.491 = 7 41 88 76 97 59 93 69 62 64 63 40 33 53 77 51 36 13 
817-7-15 1?2.883 = 7 41 88 76 97 59 93 69 62 26 89 64 63 40 33 48 42 37 18 72 15 
817-9-10 1?2.275 = 9 29 19 84 92 32 43 82 45 24 35 83 95 31 96 17 10 
817-9-12 1?2.007 = 9 29 19 84 92 32 43 82 45 35 83 95 31 96 27 52 12 
817-10-12 1?2.049 = 10 75 91 29 19 84 92 32 43 82 45 24 35 83 95 31 12 
817-10-14 1?2.226 = 10 75 84 92 32 43 82 45 24 63 40 48 42 37 46 80 14 
817-10-11 1?2.121 = 10 75 91 84 92 32 43 82 45 35 83 95 31 96 27 52 11 
817-9-11 1?2.07 = 9 29 19 84 92 32 43 82 45 35 83 95 31 96 27 52 11 
817-10-13 1?1.91 = 10 75 91 29 19 84 92 90 17 27 96 31 95 51 36 13 
817-10-15 1?2.365 = 10 75 91 29 19 84 92 32 43 82 45 24 63 40 48 42 37 15 
817-9-14 1?2.405 = 9 29 19 84 92 90 17 27 96 31 95 77 53 33 48 42 37 46 20 80 14 
817-9-15 1?2.418 = 9 29 19 84 92 90 17 27 96 31 95 83 35 24 63 40 48 42 37 15 
817-9-13 1?2.268 = 9 29 19 84 92 32 43 82 45 24 35 96 27 31 95 83 77 53 51 36 13 
817-13-15 1?1.834 = 13 36 51 53 77 95 31 83 35 24 63 40 48 42 37 15 
817-13-14 1?1.726 = 13 36 51 77 95 83 35 24 63 40 48 42 37 46 80 14 
817-14-15 1?1.979 = 14 80 20 53 77 95 31 83 35 24 63 40 48 42 37 15 
817-11-14 1?1.903 = 11 52 27 31 95 83 35 24 63 40 48 42 37 46 80 14 
817-12-14 1?1.84 = 12 52 27 31 95 83 35 24 63 40 48 42 37 46 80 14 
817-12-15 1?1.966 = 12 52 27 96 31 95 83 35 24 63 40 33 48 42 37 15 
817-11-12 1?2.161 = 11 17 27 96 35 24 63 40 48 33 53 77 95 83 31 12 
817-11-15 1?2.215 = 11 52 27 96 31 95 83 35 24 63 40 33 48 42 37 18 72 15 
817-11-13 1?1.857 = 11 52 27 96 31 95 83 35 24 40 33 53 77 51 36 13 
817-12-13 1?1.794 = 12 52 27 96 31 95 83 35 24 40 33 53 77 51 36 13 
stop
