start
526-0-1 1?2.142 = 0 70 94 26 30 65 31 24 16 72 40 54 83 79 1 
526-0-4 1?2.691 = 0 77 79 83 54 40 59 17 92 38 50 34 49 67 53 44 52 88 4 
526-0-11 1?2.283 = 0 77 79 83 54 40 59 17 92 38 48 56 21 85 63 35 84 95 11 
526-0-7 1?2.709 = 0 70 83 54 40 59 17 92 38 50 34 49 76 66 60 45 78 20 29 7 
526-0-8 1?2.539 = 0 77 79 83 54 40 59 17 92 38 48 56 21 46 25 96 22 74 93 51 8 
526-0-2 1?2.222 = 0 77 79 83 54 75 47 73 33 90 81 64 19 58 2 
526-0-3 1?2.035 = 0 77 79 83 54 75 47 73 33 90 64 19 58 41 3 
526-0-5 1?2.642 = 0 77 79 83 54 75 71 67 49 76 66 60 45 78 36 39 23 91 57 5 
526-0-10 1?2.547 = 0 77 79 83 54 40 59 17 92 38 50 48 56 21 85 63 87 35 84 18 10 
526-0-6 1?2.627 = 0 70 83 54 40 59 17 92 38 50 34 49 76 66 60 45 78 36 91 6 
526-0-9 1?2.561 = 0 77 79 83 54 40 59 17 92 38 48 21 46 25 96 22 74 61 27 9 
526-0-15 1?1.772 = 0 77 70 83 54 94 40 72 16 24 31 26 30 65 15 
526-1-3 1?2.425 = 1 0 77 79 83 54 75 47 73 33 90 64 19 58 41 3 
526-1-2 1?2.534 = 1 79 83 54 40 59 17 38 50 71 73 33 90 64 2 
526-0-14 1?1.827 = 0 77 70 83 54 94 40 72 16 24 31 26 30 65 14 
526-0-13 1?2.154 = 0 77 70 94 26 30 65 31 24 16 72 40 59 17 92 32 13 
526-1-4 1?2.612 = 1 81 90 33 73 53 99 76 66 60 45 78 36 91 39 23 89 52 88 4 
526-0-12 1?2.322 = 0 77 79 83 54 94 26 30 65 31 24 16 72 59 17 92 82 12 
526-1-7 1?2.777 = 1 81 33 90 64 19 58 41 55 42 52 88 89 23 39 36 97 29 7 
526-1-8 1?2.637 = 1 79 83 54 40 59 17 92 38 48 56 21 46 25 96 22 74 93 51 8 
526-1-6 1?2.767 = 1 79 83 54 40 59 17 92 38 50 34 49 76 66 60 45 78 36 91 6 
526-1-5 1?2.614 = 1 81 33 90 64 19 58 55 42 52 88 89 37 23 39 36 91 57 5 
526-1-13 1?2.419 = 1 79 83 54 94 26 30 65 31 24 16 72 59 17 92 82 32 13 
526-2-3 1?2.308 = 2 64 90 33 73 53 99 66 60 45 78 89 52 42 41 3 
526-1-12 1?2.529 = 1 79 83 54 94 26 30 65 31 24 16 72 40 59 17 92 82 12 
526-2-4 1?2.387 = 2 58 19 64 90 33 73 53 99 76 66 60 45 78 89 88 4 
526-1-9 1?2.72 = 1 77 79 83 54 40 59 17 92 38 50 48 56 21 85 62 61 27 9 
526-1-10 1?2.645 = 1 79 83 54 40 59 17 92 38 50 48 56 21 85 63 87 35 84 18 10 
526-1-15 1?1.868 = 1 77 70 83 54 40 59 72 16 24 31 26 65 30 15 
526-2-5 1?2.262 = 2 58 19 64 90 33 73 53 99 66 60 45 78 36 91 57 5 
526-1-14 1?2.375 = 1 77 70 79 83 54 40 59 72 24 16 94 26 30 65 31 14 
526-2-6 1?2.432 = 2 58 19 64 90 33 73 53 99 76 66 60 45 78 36 39 23 91 6 
526-1-11 1?2.51 = 1 77 79 83 54 40 59 17 92 38 48 56 21 85 63 69 43 95 11 
526-2-13 1?2.487 = 2 58 19 64 90 33 47 75 83 54 94 26 30 65 31 24 13 
526-3-4 1?2.182 = 3 41 55 44 53 99 76 66 60 45 78 39 23 89 52 88 4 
526-2-12 1?2.766 = 2 64 90 33 73 67 49 34 21 85 63 87 35 84 18 95 43 80 12 
526-2-9 1?2.724 = 2 64 90 33 73 53 99 76 66 60 45 78 20 98 86 74 22 61 27 9 
526-2-8 1?2.652 = 2 19 58 41 42 52 88 89 23 39 36 78 45 98 86 22 74 93 51 8 
526-2-7 1?2.554 = 2 58 19 64 90 33 73 53 99 76 66 60 45 78 36 91 97 29 7 
526-3-5 1?1.982 = 3 41 58 19 68 55 42 52 88 89 37 23 39 36 91 57 5 
526-2-15 1?2 = 2 58 19 64 90 33 47 75 83 54 94 26 65 30 15 
526-2-14 1?2.212 = 2 64 90 33 47 75 83 54 40 72 16 24 31 26 30 65 14 
526-2-10 1?2.843 = 2 64 90 33 47 75 83 54 40 59 17 92 38 48 56 21 85 63 87 10 
526-2-11 1?2.64 = 2 64 90 33 47 75 83 54 40 59 17 92 38 48 56 69 80 43 95 11 
526-3-13 1?2.566 = 3 41 58 19 64 90 33 47 75 83 54 94 40 59 72 16 24 13 
526-3-12 1?2.76 = 3 41 58 19 64 90 33 47 75 83 54 40 72 59 17 92 38 82 12 
526-4-5 1?2.061 = 4 88 52 89 44 53 99 76 66 60 45 78 39 36 91 57 5 
526-3-9 1?2.627 = 3 58 19 64 90 33 73 53 99 76 66 60 98 86 22 74 28 61 27 9 
526-3-8 1?2.55 = 3 41 58 19 64 90 33 73 53 99 66 60 45 98 86 74 93 51 8 
526-3-7 1?2.417 = 3 41 58 19 64 90 33 73 53 99 76 66 60 45 78 20 97 29 7 
526-3-6 1?2.233 = 3 58 19 64 90 33 73 53 99 76 66 60 45 78 39 36 91 6 
526-3-10 1?2.683 = 3 41 58 19 64 90 33 73 67 49 34 46 85 63 87 35 84 18 10 
526-3-15 1?2.251 = 3 58 19 64 90 81 79 83 54 40 72 16 24 31 26 30 65 15 
526-3-14 1?2.444 = 3 41 58 19 64 90 33 47 75 83 54 94 16 24 31 26 30 65 14 
526-3-11 1?2.722 = 3 41 58 19 64 90 33 73 67 49 34 21 85 63 87 35 84 69 43 95 11 
526-4-13 1?2.645 = 4 88 52 89 78 45 60 66 76 49 34 50 38 92 17 59 72 16 24 13 
526-5-6 1?2.11 = 5 37 88 52 89 44 99 76 66 60 45 78 36 39 23 91 6 
526-4-6 1?2.087 = 4 88 52 89 44 53 99 76 66 60 45 78 36 39 23 91 6 
526-4-12 1?2.744 = 4 88 52 89 23 39 78 45 60 66 76 67 49 34 21 85 63 69 43 80 12 
526-4-8 1?2.404 = 4 88 52 89 23 39 36 20 78 45 60 66 98 86 22 74 93 51 8 
526-4-7 1?2.475 = 4 88 52 89 44 53 99 66 60 45 78 39 23 91 36 20 97 29 7 
526-4-9 1?2.617 = 4 88 52 89 37 23 39 91 36 78 45 60 66 98 86 22 74 28 61 27 9 
526-4-10 1?2.665 = 4 88 52 89 23 39 78 45 60 66 76 67 49 34 21 85 63 87 35 18 10 
526-4-15 1?2.499 = 4 42 55 68 90 33 47 75 83 54 40 72 16 24 31 26 65 30 15 
526-4-14 1?2.495 = 4 88 52 89 78 45 60 66 76 49 34 50 38 92 17 59 72 16 24 31 14 
526-4-11 1?2.739 = 4 88 52 89 37 23 39 78 45 60 66 76 67 49 34 21 85 63 69 80 43 95 11 
526-6-7 1?2.258 = 6 91 36 39 23 37 88 52 89 78 45 60 66 98 20 29 7 
526-5-7 1?2.209 = 5 37 88 52 89 23 39 91 36 78 45 60 66 98 20 29 7 
526-5-8 1?2.112 = 5 37 88 52 89 23 39 36 78 45 98 86 22 74 93 51 8 
526-6-8 1?2.149 = 6 91 23 39 36 78 45 60 66 98 86 22 74 28 93 51 8 
526-5-13 1?2.54 = 5 57 91 36 78 45 60 66 76 49 34 50 38 92 17 59 72 16 24 13 
526-5-12 1?2.761 = 5 57 91 36 78 45 60 66 76 67 49 34 21 85 63 87 35 84 95 43 80 12 
526-5-9 1?2.491 = 5 57 91 36 78 45 60 66 76 67 49 34 46 25 96 22 74 61 27 9 
526-5-10 1?2.499 = 5 57 91 23 39 78 45 60 66 76 67 49 34 21 85 63 87 35 84 18 10 
526-5-15 1?2.441 = 5 57 91 36 78 45 60 66 76 49 34 50 17 59 40 94 26 65 30 15 
526-5-14 1?2.375 = 5 57 23 39 78 45 60 66 76 49 34 50 38 92 17 59 72 16 24 31 14 
526-5-11 1?2.601 = 5 57 91 36 78 45 60 66 76 67 49 34 21 85 63 87 35 69 80 43 95 11 
526-7-9 1?2.222 = 7 29 97 36 91 23 39 78 45 60 66 98 86 22 74 61 9 
526-7-8 1?2.177 = 7 29 97 36 91 23 39 78 45 60 66 98 86 22 74 93 51 8 
526-6-13 1?2.514 = 6 91 36 78 45 60 66 76 67 49 34 50 38 92 17 59 72 16 24 13 
526-6-9 1?2.376 = 6 91 23 39 78 45 60 66 76 67 49 46 25 96 22 74 61 27 9 
526-6-12 1?2.669 = 6 91 36 39 78 45 60 66 76 67 49 34 21 85 63 35 84 95 43 80 12 
526-7-10 1?2.437 = 7 29 20 78 45 60 66 76 67 49 34 21 85 63 87 35 84 18 10 
526-6-10 1?2.418 = 6 91 23 39 78 45 60 66 76 67 49 34 21 85 63 87 35 84 18 10 
526-7-11 1?2.49 = 7 29 97 20 78 45 60 66 76 67 49 34 21 85 63 87 35 84 95 11 
526-6-15 1?2.412 = 6 91 36 78 45 60 66 76 49 34 50 38 92 17 59 40 94 26 30 15 
526-6-14 1?2.427 = 6 91 23 39 78 45 60 66 76 67 49 34 50 38 92 17 59 72 16 24 31 14 
526-6-11 1?2.479 = 6 91 23 39 36 78 45 60 66 76 67 49 34 21 85 63 69 80 43 95 11 
526-8-9 1?2.127 = 8 51 93 74 22 96 25 46 21 85 63 87 62 61 27 9 
526-8-10 1?1.991 = 8 51 93 74 22 96 25 46 85 63 69 80 43 95 84 18 10 
526-7-13 1?2.541 = 7 29 20 78 45 60 66 76 49 34 50 38 92 17 59 72 16 24 13 
526-8-11 1?1.917 = 8 51 93 74 22 96 25 46 85 63 87 35 84 69 43 95 11 
526-7-12 1?2.707 = 7 29 20 78 45 60 66 76 49 34 21 85 63 87 35 84 95 43 80 12 
526-8-12 1?2.643 = 8 51 93 74 22 96 25 46 85 21 56 48 38 92 17 59 72 32 82 12 
526-8-13 1?2.392 = 8 51 93 74 22 96 25 46 85 56 48 38 92 17 59 72 16 24 13 
526-7-14 1?2.391 = 7 29 20 78 45 60 66 76 49 34 50 38 92 17 59 72 16 24 31 14 
526-8-14 1?2.239 = 8 51 93 74 22 96 25 46 85 21 48 38 92 17 59 72 16 24 31 14 
526-7-15 1?2.494 = 7 29 20 78 45 60 66 76 49 34 50 38 92 17 59 40 94 26 30 15 
526-8-15 1?2.368 = 8 51 93 74 22 96 25 46 21 48 38 92 17 59 72 16 24 31 26 65 30 15 
526-10-13 1?2.028 = 10 87 63 85 21 56 48 38 92 17 59 72 16 24 13 
526-9-10 1?1.968 = 9 27 61 28 74 22 96 25 46 85 63 87 35 84 18 10 
526-10-12 1?2.158 = 10 18 84 35 87 63 85 21 56 48 38 50 17 92 82 12 
526-10-11 1?2.04 = 10 18 84 35 87 62 96 25 46 21 85 63 69 80 43 95 11 
526-9-11 1?1.935 = 9 27 61 28 93 74 22 96 62 87 35 84 69 80 43 95 11 
526-9-13 1?2.344 = 9 27 61 62 85 63 56 48 38 92 17 59 40 72 16 24 13 
526-9-12 1?2.362 = 9 27 61 28 93 74 22 96 25 46 85 63 87 35 84 95 43 80 12 
526-10-14 1?2.064 = 10 18 84 35 87 63 85 21 56 48 38 92 17 59 72 16 24 31 14 
526-9-14 1?2.194 = 9 27 61 62 85 63 56 48 38 92 17 59 40 72 16 24 31 14 
526-10-15 1?2.22 = 10 18 35 63 85 21 56 48 38 92 17 59 72 16 24 31 26 30 65 15 
526-9-15 1?2.316 = 9 27 61 62 85 56 48 38 92 17 59 40 72 16 24 31 26 65 30 15 
526-11-13 1?1.934 = 11 95 43 80 69 56 48 38 92 17 59 40 72 16 24 13 
526-11-12 1?2.142 = 11 95 18 84 35 87 63 85 21 56 48 38 17 92 82 12 
526-12-13 1?2.171 = 12 80 43 69 56 48 50 38 92 17 59 40 72 16 24 13 
526-12-15 1?1.891 = 12 82 32 92 17 59 40 72 16 24 31 94 26 30 15 
526-13-15 1?1.771 = 13 32 82 38 92 17 59 40 72 16 24 31 26 65 30 15 
526-14-15 1?1.591 = 14 31 24 16 72 32 92 17 59 40 94 26 65 30 15 
526-12-14 1?1.898 = 12 80 43 69 56 48 38 92 17 59 40 72 16 24 31 14 
526-13-14 1?1.826 = 13 32 92 17 59 40 72 16 24 31 94 26 30 65 14 
526-11-14 1?1.675 = 11 95 43 80 69 56 48 38 92 17 59 72 16 24 31 14 
526-11-15 1?1.921 = 11 95 69 56 48 38 92 17 59 40 72 16 24 31 26 65 30 15 
stop
