start
742-0-2 1?2.181 = 0 31 43 89 27 67 44 34 29 88 92 19 70 33 65 76 2 
742-0-3 1?2.064 = 0 69 31 43 89 27 67 76 65 33 70 19 39 93 22 91 3 
742-0-4 1?2.39 = 0 69 31 43 89 27 44 67 76 65 33 70 19 39 93 72 84 22 91 4 
742-0-10 1?2.54 = 0 31 89 27 44 34 88 52 83 47 45 61 90 75 94 24 99 74 81 10 
742-0-1 1?2.193 = 0 69 31 89 27 44 34 29 88 92 19 70 33 65 76 18 1 
742-0-11 1?2.568 = 0 69 43 89 27 44 34 29 95 53 78 68 86 80 51 79 28 71 62 11 
742-0-7 1?2.601 = 0 69 31 43 89 27 44 34 29 88 52 77 83 47 45 61 90 37 16 7 
742-0-8 1?2.54 = 0 31 89 27 44 34 88 52 83 47 45 90 75 94 24 99 73 41 32 8 
742-0-9 1?2.511 = 0 31 89 27 34 88 52 83 47 45 61 90 75 94 24 99 73 41 58 9 
742-0-5 1?2.445 = 0 69 31 89 27 67 76 65 33 70 19 39 93 22 72 84 56 87 26 5 
742-0-6 1?2.603 = 0 69 31 89 27 44 34 29 88 52 83 47 45 61 90 37 16 20 98 6 
742-1-3 1?2.234 = 1 18 67 27 44 34 66 29 88 92 19 72 39 93 22 91 3 
742-0-13 1?2.499 = 0 31 43 89 27 44 34 29 66 30 23 80 51 79 28 82 85 13 
742-1-2 1?2.161 = 1 18 67 89 27 44 34 66 29 88 92 19 70 33 65 76 2 
742-0-15 1?2.605 = 0 69 31 43 89 27 67 44 34 29 66 30 23 97 63 35 15 
742-0-14 1?2.561 = 0 69 31 43 89 27 67 44 34 29 66 30 23 54 97 21 14 
742-1-4 1?2.598 = 1 18 31 43 89 27 44 67 76 65 33 70 19 39 93 72 84 22 91 4 
742-0-12 1?2.547 = 0 31 89 27 44 34 29 95 53 78 68 86 80 51 79 28 71 36 12 
742-1-6 1?2.603 = 1 18 76 65 33 70 19 39 93 91 22 72 84 56 46 87 26 42 98 20 6 
742-1-5 1?2.497 = 1 31 89 27 67 76 65 33 70 19 39 93 91 22 72 84 56 87 26 5 
742-1-8 1?2.525 = 1 18 67 44 34 29 88 52 83 47 45 90 75 94 24 99 73 41 32 8 
742-1-7 1?2.572 = 1 18 76 65 33 70 19 39 93 91 22 72 84 56 87 26 42 98 20 16 7 
742-1-15 1?2.428 = 1 18 76 65 33 70 19 92 88 29 34 44 27 89 31 69 15 
742-2-4 1?2.211 = 2 65 33 76 67 27 44 34 29 88 92 72 93 39 91 22 4 
742-2-3 1?2.283 = 2 76 67 27 44 34 29 88 92 19 70 39 93 72 22 91 3 
742-1-13 1?2.564 = 1 18 67 27 44 34 29 95 53 78 68 86 51 80 28 82 85 13 
742-1-11 1?2.574 = 1 18 67 27 44 34 29 95 53 78 68 86 80 51 79 96 38 71 62 11 
742-1-12 1?2.589 = 1 18 67 27 44 34 29 95 53 78 68 86 80 51 79 96 38 71 36 12 
742-2-5 1?1.923 = 2 76 65 33 70 19 72 39 93 91 22 56 46 87 26 5 
742-1-10 1?2.525 = 1 18 67 44 34 29 88 52 83 47 45 61 90 75 94 24 99 74 81 10 
742-1-9 1?2.496 = 1 18 67 44 34 29 88 52 83 47 45 61 90 94 24 99 73 41 58 9 
742-2-6 1?2.584 = 2 18 76 65 33 70 19 39 93 91 22 72 84 46 87 26 42 98 20 6 
742-1-14 1?2.46 = 1 18 76 65 33 70 19 92 88 29 66 30 23 97 60 21 14 
742-3-4 1?2.26 = 3 33 65 76 67 27 44 34 29 88 92 19 39 93 22 91 4 
742-3-5 1?2.168 = 3 91 93 72 92 88 52 47 83 77 46 87 26 5 
742-2-15 1?2.553 = 2 76 65 33 70 19 92 88 29 66 34 44 27 89 31 43 69 35 15 
742-2-13 1?2.597 = 2 65 33 70 19 92 88 29 95 53 78 68 86 51 79 28 82 85 13 
742-2-12 1?2.536 = 2 65 33 70 19 92 88 29 95 53 78 68 86 80 51 79 28 71 36 12 
742-2-9 1?2.369 = 2 65 33 70 19 92 88 52 83 47 45 61 90 75 94 24 99 73 41 58 9 
742-2-11 1?2.6 = 2 65 33 70 19 92 52 77 83 47 45 61 90 75 94 24 64 55 59 17 57 11 
742-2-10 1?2.479 = 2 65 33 70 19 92 88 52 77 83 47 45 61 90 75 94 24 99 74 81 10 
742-2-7 1?2.464 = 2 76 65 33 70 19 39 93 91 22 72 84 46 87 26 42 98 20 16 7 
742-2-8 1?2.343 = 2 65 33 70 19 92 52 83 47 45 61 90 75 94 24 99 73 41 32 8 
742-2-14 1?2.711 = 2 65 33 70 19 92 88 29 66 30 23 80 51 79 28 85 82 21 14 
742-4-5 1?2.137 = 4 91 93 72 92 88 52 47 83 77 46 87 26 5 
742-3-9 1?2.261 = 3 91 22 84 46 77 83 47 45 61 90 75 94 24 99 73 41 58 9 
742-3-11 1?2.481 = 3 39 93 72 84 46 77 83 47 45 61 90 75 94 24 64 59 55 17 57 11 
742-3-13 1?2.663 = 3 39 93 72 84 46 77 83 47 53 78 68 86 80 51 79 28 82 85 13 
742-3-15 1?2.654 = 3 91 22 84 72 93 39 19 70 33 65 76 67 44 27 89 43 69 35 15 
742-3-6 1?2.311 = 3 91 93 39 72 84 46 77 83 47 45 61 90 37 16 20 98 6 
742-3-12 1?2.633 = 3 39 93 72 84 46 77 83 47 53 78 68 86 80 51 79 96 38 71 36 12 
742-3-10 1?2.467 = 3 91 93 39 72 84 46 77 83 47 45 61 90 75 94 24 64 59 55 17 57 10 
742-3-7 1?2.399 = 3 91 22 93 39 72 84 46 77 52 83 47 45 61 90 37 16 7 
742-3-8 1?2.275 = 3 39 93 72 84 46 77 83 47 90 75 94 24 99 73 41 32 8 
742-3-14 1?2.75 = 3 91 93 39 72 84 46 77 83 47 53 78 68 86 51 80 54 21 14 
742-4-6 1?2.109 = 4 91 22 93 39 72 84 46 77 83 47 45 61 40 42 6 
742-5-6 1?1.96 = 5 26 87 46 77 83 47 45 61 90 37 16 20 98 6 
742-4-9 1?2.189 = 4 56 46 77 83 47 45 61 90 75 94 24 99 73 41 58 25 9 
742-4-7 1?2.189 = 4 91 22 93 39 72 84 46 77 83 47 45 61 90 37 16 7 
742-4-13 1?2.634 = 4 56 46 77 83 47 45 61 90 75 53 78 68 86 51 79 28 82 85 13 
742-4-15 1?2.683 = 4 91 22 93 39 72 19 70 33 65 76 18 67 27 89 31 43 63 35 15 
742-4-8 1?2.051 = 4 56 46 77 83 47 45 90 75 94 24 99 73 41 32 8 
742-4-11 1?2.527 = 4 22 93 39 72 84 46 77 83 47 45 61 90 75 94 24 64 59 55 17 57 11 
742-4-10 1?2.391 = 4 91 93 72 84 46 77 83 47 45 61 90 75 94 24 64 59 55 17 57 10 
742-4-12 1?2.573 = 4 56 46 77 83 47 45 61 90 75 53 78 68 86 80 51 79 28 71 36 12 
742-4-14 1?2.692 = 4 56 46 77 83 47 45 61 90 75 94 50 68 86 51 80 54 21 14 
742-6-7 1?2.118 = 6 42 26 87 46 77 83 47 45 61 90 37 49 48 7 
742-5-9 1?1.997 = 5 26 87 46 77 83 47 45 61 90 94 24 99 73 41 58 9 
742-6-8 1?1.928 = 6 98 20 16 37 61 45 90 94 24 99 73 41 32 8 
742-5-7 1?2.193 = 5 26 87 46 77 83 47 45 90 75 94 24 99 49 48 7 
742-5-10 1?2.116 = 5 26 87 46 77 83 47 45 61 90 75 94 24 64 59 55 17 57 10 
742-5-13 1?2.48 = 5 26 87 46 77 83 47 53 78 50 68 86 80 51 79 28 82 85 13 
742-5-8 1?1.98 = 5 26 87 46 77 83 47 45 61 90 75 94 99 73 32 8 
742-5-11 1?2.297 = 5 26 87 46 77 83 47 45 61 90 75 94 99 24 64 59 55 17 57 11 
742-5-15 1?2.597 = 5 26 87 56 84 72 93 39 19 70 33 65 76 67 44 27 89 63 35 15 
742-5-12 1?2.495 = 5 26 87 46 77 83 47 45 61 90 75 50 68 86 80 51 79 28 71 36 12 
742-5-14 1?2.656 = 5 26 87 46 77 83 47 45 61 90 75 53 78 68 86 51 80 54 21 14 
742-7-9 1?1.877 = 7 16 37 61 45 83 47 75 94 24 99 73 41 58 9 
742-7-10 1?1.893 = 7 16 48 49 73 41 58 25 81 74 64 59 55 17 57 10 
742-6-9 1?2.041 = 6 98 20 40 77 83 47 45 61 90 94 24 99 73 41 58 9 
742-7-8 1?1.922 = 7 16 37 61 45 83 47 75 94 24 99 73 41 32 8 
742-6-11 1?2.326 = 6 42 40 77 83 47 45 61 90 75 94 24 99 74 64 59 55 17 57 11 
742-6-10 1?2.238 = 6 42 40 77 83 47 45 61 90 75 94 24 99 74 64 59 55 17 57 10 
742-6-13 1?2.531 = 6 98 20 16 37 61 45 83 47 53 78 68 86 80 51 79 28 82 85 13 
742-7-11 1?2.388 = 7 48 49 37 90 61 45 83 47 53 78 68 86 80 51 79 96 38 62 11 
742-6-12 1?2.459 = 6 98 20 16 37 90 45 61 83 47 53 78 68 86 80 51 79 28 71 12 
742-6-15 1?2.77 = 6 98 20 16 37 90 61 45 47 83 52 88 29 34 44 27 89 63 35 15 
742-6-14 1?2.718 = 6 98 20 40 61 45 90 75 53 78 68 86 80 51 79 28 85 82 21 14 
742-8-9 1?1.906 = 8 32 41 73 49 37 61 45 90 75 94 24 74 81 25 9 
742-8-11 1?1.791 = 8 32 41 73 99 24 50 68 86 80 51 79 38 62 11 
742-8-10 1?1.885 = 8 32 41 58 25 73 99 24 74 81 64 59 55 17 57 10 
742-8-12 1?2.109 = 8 32 41 73 99 24 50 68 86 51 80 28 79 96 38 71 36 12 
742-7-12 1?2.345 = 7 16 37 90 61 45 83 47 53 78 68 86 80 51 79 28 71 36 12 
742-8-13 1?2.381 = 8 32 41 58 25 81 74 24 99 94 50 68 86 80 51 79 28 85 13 
742-7-13 1?2.539 = 7 16 37 90 45 61 83 47 53 78 50 68 86 80 51 79 28 82 85 13 
742-7-15 1?2.794 = 7 16 37 90 61 45 47 83 77 52 88 29 66 34 44 27 89 63 35 15 
742-8-15 1?2.726 = 8 32 41 73 99 24 94 75 90 61 45 47 83 52 95 30 23 97 60 15 
742-7-14 1?2.701 = 7 16 37 90 61 45 83 47 53 78 68 86 51 79 28 85 82 21 14 
742-8-14 1?2.583 = 8 32 41 58 25 81 74 99 24 50 68 86 80 51 79 28 85 82 21 14 
742-10-11 1?1.851 = 10 57 17 55 59 64 24 50 68 86 80 51 79 38 62 11 
742-9-11 1?1.746 = 9 58 41 73 99 24 50 68 86 80 51 79 38 62 11 
742-9-12 1?1.803 = 9 58 41 73 99 24 50 68 86 51 80 28 71 36 12 
742-9-10 1?1.834 = 9 58 41 73 25 81 74 99 94 24 64 59 55 17 57 10 
742-10-12 1?1.883 = 10 57 17 55 59 64 50 68 86 51 79 96 38 71 36 12 
742-10-13 1?2.001 = 10 57 17 55 59 64 38 96 79 51 80 28 71 85 82 13 
742-9-13 1?2.227 = 9 58 41 73 99 24 50 68 86 80 51 79 96 38 28 82 85 13 
742-10-15 1?2.626 = 10 57 17 55 59 64 81 74 99 24 94 50 68 86 51 80 54 97 60 15 
742-10-14 1?2.441 = 10 57 17 55 59 64 74 99 24 50 68 86 51 80 28 85 82 21 14 
742-9-15 1?2.612 = 9 58 41 73 99 24 94 75 90 61 45 47 83 52 88 29 66 63 35 15 
742-9-14 1?2.497 = 9 25 58 41 73 99 24 94 50 68 86 80 51 79 28 85 82 21 14 
742-11-12 1?1.971 = 11 57 17 55 59 64 50 68 86 51 79 96 38 71 36 12 
742-11-13 1?2.043 = 11 57 17 55 59 64 96 79 51 80 28 38 71 85 82 13 
742-12-13 1?2.271 = 12 36 11 57 17 55 59 64 96 38 79 51 80 28 82 85 13 
742-12-15 1?2.457 = 12 36 71 28 79 51 80 86 68 50 53 78 23 97 60 15 
742-14-15 1?2.693 = 14 21 82 85 28 71 38 96 79 51 80 54 97 60 35 15 
742-13-15 1?2.546 = 13 85 82 28 79 51 86 68 78 53 95 23 97 60 15 
742-12-14 1?2.405 = 12 36 11 57 17 55 59 64 96 79 51 80 28 85 82 21 14 
742-13-14 1?2.537 = 13 85 82 28 79 51 86 68 78 53 95 23 54 21 14 
742-11-14 1?2.169 = 11 57 17 55 59 64 96 38 79 51 80 28 85 82 21 14 
742-11-15 1?2.674 = 11 57 17 55 59 64 81 74 99 24 50 68 86 51 80 54 97 35 15 
stop
