start
153-0-1 1?2.419 = 0 71 52 82 18 17 89 33 99 80 84 21 77 76 92 1 
153-0-2 1?2.346 = 0 98 48 21 59 77 76 51 38 92 23 90 69 41 46 2 
153-0-3 1?2.598 = 0 51 38 92 76 77 59 31 93 50 32 74 67 87 24 41 46 3 
153-0-4 1?2.445 = 0 51 38 92 76 77 59 31 93 50 32 67 74 91 37 88 45 4 
153-0-5 1?2.493 = 0 51 38 92 76 77 59 31 93 22 50 32 74 67 91 37 88 54 5 
153-0-6 1?2.541 = 0 51 38 92 76 77 59 31 93 50 32 67 74 91 60 79 44 25 26 6 
153-0-7 1?2.599 = 0 51 38 92 76 77 59 31 50 32 22 66 75 70 42 78 49 83 62 57 7 
153-0-8 1?2.422 = 0 98 48 77 59 31 93 22 66 75 70 42 78 49 83 62 57 65 58 30 8 
153-0-9 1?2.704 = 0 98 48 77 59 31 93 22 66 75 70 42 78 49 83 62 57 65 58 30 9 
153-0-10 1?2.571 = 0 51 38 92 76 77 59 21 84 80 99 33 89 17 20 27 47 28 85 10 
153-0-11 1?2.423 = 0 51 38 92 76 77 59 21 84 80 99 33 89 17 39 43 20 27 47 11 
153-0-12 1?2.233 = 0 51 38 92 76 77 59 21 84 80 99 18 55 94 56 86 39 43 12 
153-0-13 1?1.962 = 0 51 38 92 76 77 59 21 84 80 99 18 55 94 73 56 86 13 
153-0-14 1?1.779 = 0 51 38 92 76 77 21 84 80 99 18 55 94 73 63 14 
153-0-15 1?2.071 = 0 98 48 77 59 21 84 80 99 18 55 94 56 73 63 53 15 
153-1-2 1?2.422 = 1 92 76 77 59 31 50 32 95 74 67 87 24 41 2 
153-1-3 1?2.346 = 1 38 51 98 48 21 77 59 76 92 23 90 69 41 46 3 
153-1-4 1?2.413 = 1 92 76 77 59 31 93 50 32 95 74 67 91 37 88 45 4 
153-1-5 1?2.381 = 1 92 76 77 59 31 93 22 50 32 67 74 91 37 88 54 5 
153-1-6 1?2.545 = 1 92 38 51 76 68 24 87 29 37 88 54 60 79 36 44 25 26 6 
153-1-7 1?2.579 = 1 92 76 77 59 31 93 50 32 22 66 75 70 42 78 49 83 62 57 7 
153-1-8 1?2.483 = 1 92 76 77 59 31 93 22 66 75 70 42 78 49 83 62 57 65 58 30 8 
153-1-9 1?2.707 = 1 92 76 77 59 31 93 22 66 75 70 42 78 49 83 62 65 58 30 9 
153-1-10 1?2.73 = 1 38 92 76 77 59 21 84 80 99 33 89 17 39 43 20 27 47 28 85 10 
153-1-11 1?2.656 = 1 92 76 38 51 98 48 77 59 21 84 80 99 33 89 17 39 43 20 27 47 11 
153-1-12 1?2.503 = 1 92 38 51 76 77 59 21 84 80 99 18 55 94 63 73 56 86 39 43 12 
153-1-13 1?2.288 = 1 92 38 51 76 77 59 21 84 80 99 33 89 17 18 55 94 56 86 13 
153-1-14 1?1.783 = 1 92 76 77 59 21 84 80 99 18 55 94 56 73 63 14 
153-1-15 1?2.054 = 1 92 76 77 59 21 84 80 99 18 55 94 73 63 53 15 
153-2-3 1?2.366 = 2 69 90 23 76 92 38 51 98 48 77 59 68 41 46 3 
153-2-4 1?2.237 = 2 69 90 23 68 24 87 67 74 91 37 88 54 45 4 
153-2-5 1?2.396 = 2 90 23 92 38 76 68 24 87 67 74 91 37 88 54 5 
153-2-6 1?2.442 = 2 90 23 68 24 87 67 74 91 37 88 54 60 79 44 25 26 6 
153-2-7 1?2.654 = 2 90 23 68 24 87 67 74 91 37 88 54 60 79 44 26 25 96 7 
153-2-8 1?2.534 = 2 41 24 87 67 74 32 22 66 75 70 42 78 49 83 62 65 58 30 8 
153-2-9 1?2.806 = 2 41 46 16 81 37 88 54 60 44 26 25 35 61 62 57 65 58 30 9 
153-2-10 1?2.751 = 2 69 23 92 76 77 59 21 84 80 99 33 89 17 20 27 47 28 85 10 
153-2-11 1?2.59 = 2 90 23 92 76 77 21 84 80 99 33 89 17 39 43 20 27 47 11 
153-2-12 1?2.474 = 2 69 23 76 92 38 51 98 48 77 59 21 84 80 99 33 89 17 39 43 12 
153-2-13 1?2.34 = 2 90 23 76 92 38 51 98 48 77 21 84 80 99 18 55 94 56 86 13 
153-2-14 1?2.167 = 2 90 23 92 76 77 59 21 84 80 99 33 89 17 94 73 63 14 
153-2-15 1?2.201 = 2 90 23 92 38 51 98 48 82 18 55 94 73 63 53 15 
153-3-4 1?2.229 = 3 46 41 69 23 68 24 87 67 74 91 37 88 45 4 
153-3-5 1?2.133 = 3 46 41 69 23 68 24 87 67 74 91 37 88 54 5 
153-3-6 1?2.161 = 3 46 41 68 24 87 29 37 88 54 60 79 44 26 6 
153-3-7 1?2.566 = 3 46 41 24 87 67 74 32 22 66 75 70 42 78 49 83 62 57 7 
153-3-8 1?2.243 = 3 16 81 37 88 54 60 79 44 26 25 35 61 62 57 65 58 30 8 
153-3-9 1?2.548 = 3 16 81 37 88 54 60 79 44 26 25 35 61 62 83 65 58 30 9 
153-3-10 1?2.765 = 3 46 41 24 87 67 74 95 32 50 22 66 75 70 42 78 72 85 10 
153-3-11 1?2.713 = 3 46 41 69 23 92 76 77 59 21 84 80 99 33 89 17 20 27 47 11 
153-3-12 1?2.64 = 3 46 41 69 23 92 38 51 76 77 59 21 84 80 99 33 89 17 39 43 12 
153-3-13 1?2.472 = 3 46 41 69 90 23 92 76 77 59 21 84 80 99 18 55 94 56 86 13 
153-3-14 1?2.355 = 3 46 41 69 23 92 76 77 59 21 84 80 99 18 55 94 56 73 63 14 
153-3-15 1?2.589 = 3 46 41 69 23 92 76 77 21 84 80 99 18 55 94 73 63 53 15 
153-4-5 1?2.338 = 4 45 88 37 60 79 36 61 83 62 65 57 96 25 44 5 
153-4-6 1?2.007 = 4 45 88 37 60 79 36 35 61 62 65 57 96 25 26 6 
153-4-7 1?2.258 = 4 45 37 88 54 60 79 36 44 26 25 96 35 61 62 65 57 7 
153-4-8 1?2.406 = 4 45 88 37 91 74 67 32 22 66 75 70 42 78 49 83 65 30 8 
153-4-9 1?2.437 = 4 45 88 37 91 67 74 95 32 50 22 66 75 70 42 78 49 9 
153-4-10 1?2.539 = 4 45 54 88 37 91 67 74 95 32 50 22 66 75 70 42 78 72 10 
153-4-11 1?2.567 = 4 45 88 37 91 67 74 95 32 50 22 66 75 70 78 42 19 85 11 
153-4-12 1?2.571 = 4 45 88 37 91 74 32 50 93 40 84 80 99 33 89 17 39 43 12 
153-4-13 1?2.48 = 4 45 88 37 91 74 32 50 22 66 40 84 80 99 18 55 94 56 86 13 
153-4-14 1?2.321 = 4 45 88 37 91 74 67 32 50 93 84 80 99 18 55 94 73 63 14 
153-4-15 1?2.595 = 4 45 88 37 91 74 67 32 50 22 66 40 84 80 99 18 55 53 15 
153-5-6 1?1.911 = 5 54 88 37 60 79 36 35 61 62 65 57 96 25 26 6 
153-5-7 1?1.869 = 5 54 88 37 60 79 44 26 25 96 35 61 83 62 57 7 
153-5-8 1?1.69 = 5 54 88 37 60 79 36 35 61 57 62 83 65 30 58 8 
153-5-9 1?2.259 = 5 54 88 37 60 79 44 26 25 96 35 61 57 62 83 65 58 30 9 
153-5-10 1?2.351 = 5 54 88 37 91 67 74 32 22 66 75 70 78 42 19 85 10 
153-5-11 1?2.486 = 5 54 88 37 91 67 74 32 50 22 66 75 70 78 42 19 28 85 11 
153-5-12 1?2.43 = 5 54 88 37 91 74 32 22 66 40 84 80 99 33 89 17 39 43 12 
153-5-13 1?2.509 = 5 54 88 37 91 67 74 95 32 50 22 66 40 84 80 99 18 55 94 56 86 13 
153-5-14 1?2.368 = 5 54 88 37 91 74 67 32 50 22 66 40 84 80 99 18 55 94 73 63 14 
153-5-15 1?2.499 = 5 54 88 37 91 74 67 32 50 22 66 40 84 80 99 18 55 53 15 
153-6-7 1?1.946 = 6 26 25 44 60 79 36 35 96 61 57 62 83 65 30 58 7 
153-6-8 1?1.891 = 6 26 25 44 54 88 37 60 79 36 61 62 65 58 30 8 
153-6-9 1?2.383 = 6 26 25 44 54 88 37 60 79 36 35 61 83 62 57 65 30 9 
153-6-10 1?2.367 = 6 26 44 79 60 91 74 67 32 50 22 66 75 70 42 78 72 10 
153-6-11 1?2.647 = 6 26 25 35 61 57 58 30 65 62 83 49 78 42 70 75 97 19 28 85 11 
153-6-12 1?2.479 = 6 26 25 44 79 60 91 74 32 22 66 40 64 89 17 39 43 12 
153-6-13 1?2.442 = 6 44 79 60 91 74 67 32 22 66 40 84 80 99 18 55 94 56 86 13 
153-6-14 1?2.452 = 6 26 44 79 60 91 74 67 32 22 66 40 84 80 99 18 55 94 73 63 14 
153-6-15 1?2.616 = 6 26 25 44 79 60 91 74 67 32 22 66 40 84 80 99 18 55 53 15 
153-7-8 1?1.777 = 7 96 25 26 44 60 79 36 35 61 57 62 83 65 30 58 8 
153-7-9 1?2.435 = 7 26 25 44 54 88 37 60 79 36 61 62 57 65 30 9 
153-7-10 1?2.348 = 7 96 35 61 57 65 62 83 49 78 42 70 75 97 19 85 10 
153-7-11 1?2.624 = 7 57 62 83 49 78 42 70 75 66 22 32 50 93 40 97 19 28 11 
153-7-12 1?2.467 = 7 57 62 83 49 78 42 70 75 66 40 84 80 99 33 89 17 39 43 12 
153-7-13 1?2.432 = 7 57 62 83 49 78 42 70 75 22 66 40 84 80 99 18 55 94 56 86 13 
153-7-14 1?2.423 = 7 57 62 83 49 78 42 70 75 22 66 40 64 80 99 18 55 94 73 63 14 
153-7-15 1?2.633 = 7 57 62 83 49 78 42 70 75 66 40 84 80 99 18 55 94 73 63 53 15 
153-8-9 1?2.35 = 8 30 58 65 57 62 83 34 95 32 50 22 75 70 49 9 
153-8-10 1?2.01 = 8 30 58 65 57 62 83 49 78 42 70 75 97 19 85 10 
153-8-11 1?1.977 = 8 30 58 65 57 62 83 49 78 42 70 75 97 19 85 11 
153-8-12 1?2.103 = 8 30 58 65 57 62 83 49 78 42 70 75 97 19 47 27 12 
153-8-13 1?2.32 = 8 30 58 65 83 49 78 42 70 75 66 40 84 80 99 18 55 94 86 13 
153-8-14 1?2.287 = 8 30 58 65 57 62 83 49 78 42 70 75 66 40 84 80 99 18 55 63 14 
153-8-15 1?2.482 = 8 30 58 65 57 62 83 49 78 42 70 75 66 22 93 31 59 77 48 52 15 
153-9-10 1?2.292 = 9 30 58 65 57 62 83 49 78 42 70 75 97 19 85 10 
153-9-11 1?2.259 = 9 30 58 65 57 62 83 49 78 42 70 75 97 19 85 11 
153-9-12 1?2.265 = 9 49 78 42 70 75 66 40 64 33 89 17 39 43 12 
153-9-13 1?2.386 = 9 49 78 42 70 75 22 66 40 84 80 99 18 55 94 73 56 86 13 
153-9-14 1?2.371 = 9 49 78 42 70 75 22 66 40 64 80 99 18 55 94 56 73 63 14 
153-9-15 1?2.581 = 9 49 78 42 70 75 66 40 84 80 99 18 55 94 56 73 63 53 15 
153-10-11 1?2.394 = 10 85 19 97 64 80 99 33 89 17 39 43 20 27 47 11 
153-10-12 1?2.213 = 10 85 28 47 27 20 17 18 55 94 73 56 86 39 43 12 
153-10-13 1?2.278 = 10 85 28 47 27 20 43 39 17 89 33 99 18 55 94 73 56 86 13 
153-10-14 1?2.382 = 10 72 78 42 70 75 66 22 32 50 93 84 80 99 18 55 94 73 63 14 
153-10-15 1?2.559 = 10 85 28 47 27 20 43 39 17 89 33 99 18 55 94 56 73 63 53 15 
153-11-12 1?2.059 = 11 47 27 20 17 89 33 99 18 55 94 56 86 39 43 12 
153-11-13 1?1.905 = 11 47 27 20 17 89 33 99 18 55 94 63 73 56 86 13 
153-11-14 1?2.183 = 11 28 19 97 64 84 80 99 33 89 17 18 55 94 56 73 63 14 
153-11-15 1?2.489 = 11 28 47 27 20 43 39 86 17 89 33 99 18 55 94 73 63 53 15 
153-12-13 1?1.766 = 12 20 43 39 17 89 33 99 18 55 94 63 73 56 86 13 
153-12-14 1?2.225 = 12 20 17 89 33 99 80 84 21 59 77 48 82 18 55 94 73 63 14 
153-12-15 1?2.355 = 12 20 43 39 17 89 33 64 84 80 99 18 55 94 56 73 63 53 15 
153-13-14 1?1.8 = 13 39 43 20 17 89 33 99 80 84 82 18 55 94 63 14 
153-13-15 1?2.138 = 13 43 39 17 89 33 64 80 99 18 55 94 56 73 63 53 15 
153-14-15 1?1.863 = 14 63 73 56 94 55 18 99 80 84 21 59 77 48 52 53 15 
stop
