start
647-0-3 1?2.072 = 0 96 44 51 41 32 50 64 18 20 23 43 73 40 3 
647-0-2 1?1.967 = 0 48 96 44 51 41 32 50 28 64 18 20 26 63 49 2 
647-0-4 1?2.334 = 0 96 79 64 18 20 23 43 73 33 62 92 55 77 89 84 71 39 76 4 
647-0-1 1?1.826 = 0 48 96 44 51 41 32 50 28 64 18 20 26 60 45 1 
647-0-8 1?2.477 = 0 96 79 64 18 20 23 43 73 62 92 55 77 65 52 91 24 31 97 8 
647-0-9 1?2.572 = 0 96 79 64 18 20 23 43 73 62 92 55 65 52 91 24 31 97 9 
647-0-7 1?2.428 = 0 96 79 64 18 20 23 43 73 33 62 92 84 89 77 65 52 91 16 7 
647-0-11 1?2.478 = 0 96 79 44 32 51 41 94 81 82 67 56 93 57 80 37 86 95 17 11 
647-0-6 1?2.375 = 0 96 79 64 18 20 23 43 73 33 62 92 84 89 77 65 52 91 16 6 
647-0-5 1?2.283 = 0 96 79 64 18 20 23 43 73 33 62 92 55 77 89 84 88 19 5 
647-0-10 1?2.505 = 0 96 79 50 32 51 41 94 81 67 56 93 57 80 37 86 17 95 29 10 
647-0-13 1?1.862 = 0 96 79 50 32 51 41 94 81 82 67 56 93 46 13 
647-1-2 1?1.993 = 1 45 49 63 26 18 20 23 33 62 73 43 70 72 74 2 
647-1-4 1?1.976 = 1 45 49 63 72 70 23 43 73 62 92 84 71 39 76 4 
647-0-15 1?2.139 = 0 96 79 64 18 20 23 43 73 33 22 28 50 32 51 15 
647-0-14 1?1.884 = 0 48 96 79 18 20 64 50 32 51 41 94 67 81 14 
647-1-3 1?2.071 = 1 45 49 63 72 70 23 43 73 33 62 92 84 71 40 3 
647-0-12 1?2.431 = 0 48 96 79 18 20 64 50 32 51 41 94 81 82 67 56 93 98 12 
647-1-8 1?2.447 = 1 45 49 63 72 70 23 43 73 33 62 92 84 89 77 65 52 91 24 97 8 
647-1-5 1?2.25 = 1 45 49 63 72 70 23 43 73 62 92 55 77 89 84 88 21 19 5 
647-1-6 1?2.286 = 1 45 49 63 72 70 23 43 73 33 62 92 55 77 89 65 52 91 16 6 
647-1-7 1?2.439 = 1 45 60 49 63 72 70 23 43 73 33 62 92 84 89 77 65 52 91 16 7 
647-2-4 1?2.029 = 2 74 72 70 23 43 33 62 92 55 77 89 84 71 39 76 4 
647-2-3 1?2.089 = 2 74 72 70 23 43 73 33 62 92 55 77 89 84 71 40 3 
647-1-14 1?1.744 = 1 45 49 63 26 20 18 64 50 32 51 41 94 81 14 
647-1-12 1?2.417 = 1 45 60 26 20 18 64 28 50 32 51 41 94 81 82 67 56 93 98 12 
647-2-5 1?1.991 = 2 74 72 70 23 43 73 62 92 55 77 84 89 88 19 5 
647-1-13 1?2.187 = 1 45 60 49 63 26 20 18 64 28 50 32 51 41 94 81 82 46 13 
647-1-9 1?2.535 = 1 45 49 63 72 70 23 43 73 62 92 84 89 77 65 52 91 24 97 9 
647-1-11 1?2.528 = 1 45 60 26 23 43 73 62 92 55 83 38 25 47 90 35 87 95 17 86 11 
647-2-6 1?2.18 = 2 49 63 72 70 23 43 73 62 92 84 89 65 52 91 16 6 
647-1-15 1?1.75 = 1 45 60 49 63 26 20 18 64 79 50 32 41 51 15 
647-1-10 1?2.574 = 1 45 49 63 72 70 23 43 73 84 89 52 65 53 83 38 78 54 10 
647-3-4 1?2.066 = 3 72 70 23 43 73 33 62 92 55 77 89 84 71 39 76 4 
647-3-5 1?2.015 = 3 72 70 23 43 73 33 62 92 55 77 89 84 88 19 5 
647-2-12 1?2.596 = 2 74 72 70 23 43 73 62 92 55 83 38 25 47 59 27 75 80 57 85 12 
647-2-8 1?2.414 = 2 74 72 70 23 43 73 33 62 92 84 89 77 55 65 52 91 24 31 97 8 
647-2-9 1?2.552 = 2 74 72 70 23 43 73 33 62 92 84 89 77 55 65 52 91 24 31 97 9 
647-2-11 1?2.522 = 2 74 72 70 23 43 73 33 62 92 55 83 38 25 47 90 35 87 95 17 86 11 
647-2-13 1?2.335 = 2 74 72 70 23 43 73 33 20 18 64 50 32 51 41 94 81 82 46 13 
647-2-14 1?2.195 = 2 74 72 70 23 43 73 62 33 20 18 64 50 32 51 41 94 81 14 
647-2-15 1?2.053 = 2 74 72 70 23 43 73 92 62 33 20 18 64 50 32 41 51 15 
647-2-7 1?2.375 = 2 49 63 72 70 23 43 73 33 62 92 84 77 89 65 52 91 16 7 
647-2-10 1?2.52 = 2 74 72 70 23 43 73 84 89 52 65 53 83 38 25 47 90 35 29 10 
647-3-8 1?2.387 = 3 72 70 23 33 43 73 62 92 84 89 77 65 52 91 24 31 97 8 
647-4-5 1?2.051 = 4 58 40 73 43 23 33 62 92 55 77 89 84 88 19 5 
647-3-9 1?2.467 = 3 72 70 23 43 73 33 62 92 84 89 77 65 52 91 24 31 97 9 
647-3-12 1?2.578 = 3 40 71 84 89 52 65 53 83 38 25 47 59 27 75 37 80 57 85 12 
647-3-11 1?2.504 = 3 40 71 84 89 77 65 52 91 53 83 38 25 47 90 35 87 95 17 86 11 
647-3-6 1?2.214 = 3 72 70 23 43 73 33 62 92 84 89 77 55 65 52 91 16 6 
647-3-7 1?2.34 = 3 40 72 70 23 43 73 33 62 92 84 89 77 65 52 91 16 7 
647-3-15 1?2.255 = 3 40 72 70 23 43 73 92 62 33 20 18 64 50 32 41 51 15 
647-3-13 1?2.467 = 3 72 70 23 43 73 33 20 18 64 50 32 51 41 94 81 67 82 46 13 
647-3-14 1?2.391 = 3 72 70 23 43 73 33 20 18 64 50 32 41 51 94 67 82 81 14 
647-3-10 1?2.517 = 3 40 71 84 89 77 65 52 91 53 83 38 25 47 90 87 95 17 29 10 
647-4-8 1?2.175 = 4 58 76 39 71 84 77 89 65 52 91 53 83 31 97 8 
647-4-9 1?2.449 = 4 58 40 73 43 23 33 62 92 84 89 77 65 52 91 24 97 9 
647-5-6 1?2.253 = 5 19 88 39 71 73 43 23 33 62 92 84 89 65 52 16 6 
647-4-6 1?2.1 = 4 58 40 73 43 23 33 62 92 84 89 65 52 91 16 6 
647-4-7 1?2.153 = 4 58 40 73 43 23 33 62 92 84 89 65 52 91 16 7 
647-4-12 1?2.54 = 4 76 39 71 84 89 65 52 91 53 83 38 25 47 59 27 75 80 57 85 12 
647-4-11 1?2.459 = 4 76 39 71 84 89 77 65 52 91 53 83 38 25 47 90 35 87 95 17 86 11 
647-4-13 1?2.393 = 4 58 40 73 43 23 33 20 18 64 50 32 51 41 94 81 82 46 13 
647-4-15 1?2.378 = 4 76 39 71 84 89 77 55 92 73 43 23 20 18 64 50 32 41 51 15 
647-4-14 1?2.462 = 4 58 40 72 70 23 43 73 62 33 20 18 64 50 32 41 51 94 81 14 
647-4-10 1?2.438 = 4 58 76 39 71 84 89 52 65 53 83 38 25 47 90 87 95 17 29 10 
647-5-8 1?2.151 = 5 61 19 21 34 16 91 52 65 53 83 38 31 24 97 8 
647-6-8 1?2.27 = 6 61 19 21 34 16 91 52 65 53 83 38 31 24 97 8 
647-5-9 1?2.401 = 5 19 88 84 89 77 65 52 91 53 83 38 25 47 90 35 54 9 
647-6-7 1?2.413 = 6 21 34 16 91 52 65 89 77 55 53 83 38 31 24 7 
647-5-7 1?2.247 = 5 19 88 39 71 84 89 77 65 52 91 53 83 31 24 7 
647-5-13 1?2.365 = 5 19 21 34 16 91 52 65 53 83 38 25 68 27 75 80 93 56 46 13 
647-5-12 1?2.639 = 5 61 19 21 34 16 91 52 65 53 83 38 25 68 59 27 75 37 80 57 85 98 12 
647-5-11 1?2.556 = 5 19 21 34 16 91 52 65 53 83 38 25 68 27 75 59 90 35 87 95 17 86 11 
647-5-15 1?2.391 = 5 19 88 84 89 77 55 92 62 33 73 43 23 20 18 64 50 32 41 51 15 
647-5-14 1?2.491 = 5 19 88 89 84 92 62 33 73 43 23 20 18 64 50 32 51 41 94 81 14 
647-5-10 1?2.297 = 5 19 21 34 16 91 52 65 53 83 38 25 47 90 87 95 86 17 29 10 
647-7-8 1?2.31 = 7 24 91 52 65 53 83 38 25 47 90 35 78 97 8 
647-6-9 1?2.198 = 6 21 34 16 91 52 65 53 83 38 25 47 90 35 54 9 
647-7-9 1?2.255 = 7 24 91 52 65 53 83 38 25 68 59 90 35 78 9 
647-7-11 1?2.354 = 7 16 91 52 65 53 83 38 25 47 59 27 75 80 37 86 95 17 11 
647-7-10 1?2.041 = 7 16 91 52 65 53 83 38 25 47 90 87 95 17 29 10 
647-6-10 1?1.988 = 6 16 91 52 65 53 83 38 25 47 90 87 95 17 29 10 
647-6-12 1?2.616 = 6 61 19 21 34 16 91 52 65 53 83 38 25 47 59 27 75 37 80 57 85 12 
647-6-11 1?2.565 = 6 16 91 52 65 53 83 38 25 47 59 27 75 37 80 57 85 86 95 17 11 
647-6-15 1?2.39 = 6 16 91 52 65 89 84 92 62 73 43 23 20 18 64 50 32 41 51 15 
647-6-13 1?2.609 = 6 16 91 52 65 53 83 38 25 68 59 27 75 80 57 93 56 67 82 46 13 
647-6-14 1?2.55 = 6 16 91 52 65 77 55 92 62 73 43 23 20 18 64 50 32 41 94 81 14 
647-8-11 1?1.909 = 8 97 31 24 53 83 38 25 47 90 87 95 17 86 11 
647-8-9 1?2.161 = 8 97 24 91 52 65 53 83 38 25 47 90 35 78 9 
647-8-10 1?2.014 = 8 97 31 53 83 38 25 47 90 35 87 95 86 17 29 10 
647-7-12 1?2.345 = 7 16 91 52 65 53 83 38 25 47 59 27 75 37 80 57 85 98 12 
647-8-12 1?2.294 = 8 97 31 24 91 52 65 53 83 38 25 68 59 27 75 37 85 12 
647-7-13 1?2.431 = 7 24 91 52 65 53 83 38 25 68 59 27 75 37 80 57 93 56 46 13 
647-8-13 1?2.3 = 8 97 31 24 53 83 38 25 47 59 27 75 37 80 57 93 56 46 13 
647-8-15 1?2.461 = 8 97 24 91 52 65 89 84 73 43 23 20 18 64 50 32 41 51 15 
647-7-15 1?2.443 = 7 16 91 52 65 89 84 92 62 73 43 23 20 18 64 50 32 41 51 15 
647-7-14 1?2.562 = 7 16 91 52 65 77 89 84 73 43 23 20 18 64 50 32 51 41 94 14 
647-8-14 1?2.522 = 8 97 31 53 83 38 25 47 59 27 75 37 80 57 93 56 67 82 81 14 
647-10-11 1?1.995 = 10 29 17 86 95 87 35 90 47 59 27 75 37 80 57 85 11 
647-9-11 1?2.107 = 9 54 78 35 90 59 27 75 37 80 57 85 86 95 17 11 
647-9-12 1?2.071 = 9 54 29 17 86 95 87 35 90 59 27 75 37 80 57 85 12 
647-10-12 1?1.852 = 10 29 17 86 95 87 35 90 47 59 27 75 37 80 57 85 12 
647-9-10 1?2.05 = 9 54 78 35 90 47 59 27 75 80 37 86 17 95 29 10 
647-10-13 1?2.134 = 10 29 17 86 95 87 35 90 47 25 68 59 27 75 80 93 56 46 13 
647-9-13 1?2.318 = 9 54 29 17 86 95 87 35 90 47 59 27 75 37 80 57 93 56 46 13 
647-9-15 1?2.531 = 9 54 35 90 59 27 75 37 80 57 93 56 67 81 94 41 32 51 15 
647-10-15 1?2.404 = 10 29 17 95 86 37 80 57 93 56 46 82 67 81 94 41 32 51 15 
647-10-14 1?2.325 = 10 29 17 95 87 35 90 47 25 68 59 27 75 80 57 93 56 67 81 14 
647-9-14 1?2.545 = 9 54 29 17 86 95 87 35 90 59 27 75 37 80 57 93 56 67 82 81 14 
647-11-12 1?1.813 = 11 86 17 95 87 35 90 47 59 27 75 37 80 57 85 98 12 
647-11-13 1?1.736 = 11 86 17 95 87 35 90 59 27 75 37 80 57 93 56 46 13 
647-12-14 1?2.055 = 12 85 86 17 95 87 59 27 75 80 57 93 56 67 81 14 
647-11-14 1?1.892 = 11 86 17 95 87 90 59 27 75 80 93 56 67 82 81 14 
647-12-13 1?1.925 = 12 85 86 17 95 87 35 90 59 27 75 80 57 93 56 46 13 
647-13-14 1?1.982 = 13 46 56 93 57 80 37 75 27 42 36 99 69 67 81 14 
647-13-15 1?1.946 = 13 46 82 67 81 94 41 51 32 50 44 79 48 96 30 15 
647-14-15 1?1.981 = 14 81 67 94 41 51 32 50 64 20 18 79 96 30 15 
647-12-15 1?2.06 = 12 98 93 56 46 82 67 81 94 41 51 32 50 44 30 15 
647-11-15 1?2.341 = 11 86 17 95 87 90 59 27 75 80 93 56 67 82 81 94 41 51 15 
stop
