start
734-0-2 1?2.255 = 0 15 57 28 42 89 51 88 59 24 50 37 31 99 60 44 2 
734-0-3 1?2.434 = 0 15 42 89 51 88 59 24 50 31 99 60 44 91 74 78 3 
734-0-4 1?2.457 = 0 50 37 24 59 88 34 93 92 49 43 64 96 65 29 94 58 4 
734-0-5 1?2.549 = 0 50 24 59 88 34 93 92 49 43 64 96 65 29 94 58 81 5 
734-0-1 1?2.024 = 0 50 24 89 42 57 28 56 34 88 59 37 31 99 1 
734-0-6 1?2.582 = 0 50 24 59 77 92 32 20 72 26 41 40 61 53 27 63 62 83 6 
734-0-7 1?2.495 = 0 50 37 24 59 77 92 32 20 72 26 40 41 19 61 53 27 87 7 
734-0-8 1?2.556 = 0 50 24 59 88 34 93 92 32 20 72 26 41 19 61 53 76 86 33 8 
734-0-10 1?2.608 = 0 50 37 24 59 88 51 89 42 57 28 56 55 45 47 30 90 18 25 10 
734-0-9 1?2.703 = 0 50 24 59 88 34 93 92 32 20 72 26 41 40 61 19 76 86 33 16 9 
734-0-11 1?2.435 = 0 50 37 24 59 88 51 89 42 57 28 56 55 45 38 47 30 90 95 11 
734-0-14 1?1.786 = 0 31 37 50 24 59 88 34 51 89 42 57 28 22 14 
734-0-13 1?1.734 = 0 50 37 24 59 88 51 89 42 57 28 22 75 17 13 
734-0-15 1?1.987 = 0 50 37 24 59 88 89 42 51 34 93 56 28 57 15 
734-1-2 1?2.059 = 1 99 31 37 50 24 89 51 88 59 97 74 91 44 2 
734-1-3 1?2.351 = 1 99 31 37 50 24 59 88 34 77 97 74 91 78 3 
734-1-4 1?2.33 = 1 99 31 50 24 59 77 70 73 64 96 65 29 94 58 4 
734-1-7 1?2.492 = 1 99 31 37 50 24 59 77 92 20 72 26 41 19 61 53 87 7 
734-1-5 1?2.59 = 1 99 31 37 50 24 59 77 70 73 64 96 65 29 94 58 81 5 
734-1-6 1?2.585 = 1 99 31 37 50 24 59 88 34 93 92 49 43 64 96 36 83 6 
734-1-8 1?2.547 = 1 99 31 50 24 59 77 92 32 20 72 26 41 40 61 19 76 86 33 8 
734-0-12 1?2.458 = 0 50 37 24 59 88 51 89 42 57 28 56 34 93 68 84 38 45 12 
734-2-3 1?2.544 = 2 44 60 99 31 50 24 89 51 88 59 97 74 78 3 
734-2-4 1?2.35 = 2 44 91 74 97 70 49 43 73 64 96 65 29 58 94 98 4 
734-1-14 1?2.257 = 1 99 31 37 50 24 59 88 34 93 68 84 38 45 35 17 75 22 14 
734-1-15 1?1.669 = 1 99 31 37 50 24 59 88 34 51 89 42 28 57 15 
734-1-12 1?2.383 = 1 99 31 37 50 24 59 88 51 89 42 57 28 56 55 45 35 17 12 
734-1-11 1?2.522 = 1 99 31 37 50 24 59 88 51 89 42 28 56 55 45 38 47 30 90 95 11 
734-1-9 1?2.629 = 1 99 31 37 50 24 59 88 34 93 92 32 20 72 26 82 54 67 9 
734-2-5 1?2.621 = 2 44 91 74 97 70 49 32 20 72 82 26 41 40 52 36 69 5 
734-2-6 1?2.598 = 2 91 74 97 70 49 32 20 72 26 41 61 53 27 63 62 83 6 
734-1-10 1?2.655 = 1 99 31 50 24 59 88 51 89 42 28 56 55 45 38 47 30 90 18 25 10 
734-1-13 1?2.093 = 1 99 31 37 50 24 59 88 51 89 42 57 28 56 55 45 35 17 13 
734-2-14 1?2.139 = 2 44 60 99 31 37 50 24 59 88 34 51 89 42 57 28 22 14 
734-3-5 1?2.426 = 3 98 94 58 29 48 65 64 96 52 36 63 62 83 71 5 
734-3-4 1?2.506 = 3 78 91 74 97 70 49 43 73 64 96 65 29 58 81 4 
734-2-12 1?2.496 = 2 60 99 31 37 50 24 59 88 51 89 42 28 56 55 45 35 12 
734-2-11 1?2.639 = 2 44 60 99 31 37 50 24 59 88 34 93 68 84 38 47 30 90 95 11 
734-2-15 1?1.864 = 2 44 60 99 31 37 50 24 59 88 51 89 42 28 57 15 
734-2-7 1?2.492 = 2 44 91 74 97 70 49 32 20 72 82 26 40 41 19 61 53 87 7 
734-2-10 1?2.778 = 2 44 91 74 48 65 96 64 43 49 32 20 72 26 40 41 82 54 67 46 10 
734-2-9 1?2.851 = 2 44 91 74 97 70 49 32 20 72 82 26 40 41 19 61 53 76 86 33 16 9 
734-2-8 1?2.551 = 2 44 91 74 97 70 49 32 20 72 82 26 41 40 61 19 76 86 33 8 
734-2-13 1?2.284 = 2 44 60 99 31 37 50 24 59 88 51 89 42 57 28 22 75 17 13 
734-3-14 1?2.272 = 3 78 74 91 60 99 31 37 50 24 59 88 51 89 42 28 22 14 
734-3-6 1?2.331 = 3 98 94 58 81 69 71 83 62 63 27 53 87 39 21 6 
734-4-5 1?2.227 = 4 81 58 94 29 65 64 96 52 36 63 62 83 71 5 
734-3-12 1?2.707 = 3 78 74 91 44 60 99 31 37 50 24 59 88 34 56 55 45 35 12 
734-3-11 1?2.646 = 3 98 94 58 29 65 96 64 43 49 32 20 72 82 54 85 79 18 90 95 11 
734-3-7 1?2.368 = 3 98 94 58 29 69 83 62 63 27 53 61 19 80 33 86 76 87 7 
734-3-9 1?2.728 = 3 98 94 58 29 65 64 96 52 36 62 63 27 53 61 19 86 33 16 9 
734-3-15 1?2.14 = 3 78 74 91 60 99 31 37 50 24 59 88 51 89 42 57 15 
734-3-13 1?2.511 = 3 78 74 91 44 60 99 31 50 24 59 88 34 56 55 45 35 17 13 
734-3-8 1?2.477 = 3 98 94 58 29 69 71 83 62 63 27 53 61 19 80 86 76 33 16 8 
734-3-10 1?2.744 = 3 98 94 58 29 65 96 64 43 49 32 20 72 26 40 41 82 54 67 46 25 10 
734-4-14 1?2.517 = 4 58 94 29 48 97 37 50 24 59 88 51 89 42 57 28 22 14 
734-4-7 1?1.981 = 4 58 94 29 36 62 63 27 53 61 19 86 76 87 7 
734-4-6 1?2.12 = 4 81 69 83 62 63 27 53 61 19 86 76 87 39 21 6 
734-5-6 1?1.915 = 5 71 83 62 63 27 53 61 19 80 86 76 87 39 21 6 
734-4-15 1?2.388 = 4 58 94 29 65 96 64 43 49 92 77 59 88 51 89 42 57 15 
734-4-12 1?2.757 = 4 58 29 65 96 64 43 49 32 20 72 26 82 54 85 79 18 90 95 66 12 
734-4-11 1?2.663 = 4 58 29 65 96 64 43 49 32 20 72 26 40 41 82 54 85 79 18 90 95 11 
734-4-9 1?2.569 = 4 81 58 94 29 69 36 83 62 63 27 53 61 19 80 86 76 33 16 9 
734-4-8 1?2.37 = 4 58 94 29 65 64 96 36 62 63 27 53 61 19 76 86 33 16 8 
734-4-10 1?2.706 = 4 81 58 94 29 48 65 96 64 73 43 49 32 20 72 26 82 54 67 46 10 
734-4-13 1?2.816 = 4 81 69 83 62 63 27 53 61 19 41 40 26 72 20 68 84 38 45 35 17 13 
734-6-7 1?1.805 = 6 71 83 62 63 27 53 61 19 80 33 86 76 87 39 7 
734-5-7 1?1.862 = 5 71 83 62 63 27 53 61 19 80 33 86 76 87 39 7 
734-5-14 1?2.665 = 5 81 58 94 29 65 96 64 43 49 92 93 34 51 89 42 57 28 22 14 
734-5-8 1?2.056 = 5 71 69 36 83 62 63 27 53 61 19 80 86 76 33 16 8 
734-6-8 1?1.999 = 6 71 69 36 83 62 63 27 53 61 19 80 86 76 33 16 8 
734-5-12 1?2.573 = 5 71 83 62 63 27 53 61 19 41 40 26 82 54 85 79 18 95 66 12 
734-5-9 1?2.617 = 5 71 83 62 63 27 53 61 19 41 40 26 72 82 80 86 76 33 16 9 
734-5-15 1?2.563 = 5 81 58 94 29 65 96 64 43 49 92 93 34 88 51 89 42 57 15 
734-5-11 1?2.48 = 5 71 83 62 63 27 53 61 19 80 41 40 26 82 54 85 79 18 90 95 11 
734-5-10 1?2.571 = 5 71 83 62 63 27 53 61 19 76 86 80 41 40 26 82 54 67 46 25 10 
734-5-13 1?2.537 = 5 71 83 62 63 27 53 61 19 41 40 26 72 20 68 84 38 45 35 17 13 
734-7-9 1?2.081 = 7 87 27 63 53 61 19 41 40 26 82 54 67 46 9 
734-7-10 1?1.902 = 7 87 39 27 53 61 19 41 40 26 82 54 67 46 25 10 
734-7-8 1?1.875 = 7 87 39 21 83 62 63 27 53 61 19 80 86 76 33 16 8 
734-6-14 1?2.592 = 6 21 62 63 27 53 61 19 41 40 26 72 20 32 92 93 34 56 22 14 
734-7-11 1?2.181 = 7 87 39 27 53 61 19 80 41 40 26 82 54 85 79 18 90 95 11 
734-6-9 1?2.082 = 6 71 83 62 63 27 53 61 19 41 40 26 82 54 67 9 
734-6-10 1?2.048 = 6 71 83 62 63 27 53 61 19 41 26 82 54 67 46 10 
734-6-11 1?2.286 = 6 71 83 62 63 27 53 61 19 41 40 26 82 54 85 79 18 90 95 11 
734-6-12 1?2.521 = 6 71 83 62 63 27 53 61 19 41 26 82 54 85 79 18 90 95 66 12 
734-6-15 1?2.541 = 6 83 62 63 27 53 61 19 41 26 72 20 92 93 34 51 89 42 15 
734-6-13 1?2.48 = 6 71 83 62 63 27 53 61 19 41 40 26 72 20 68 84 38 45 35 17 13 
734-8-11 1?1.889 = 8 33 86 76 19 61 41 26 82 54 85 79 18 90 95 11 
734-8-9 1?2.039 = 8 16 33 86 76 53 61 19 41 40 26 72 82 54 67 9 
734-8-10 1?1.945 = 8 16 33 86 76 53 61 19 41 40 26 82 54 67 46 25 10 
734-8-12 1?2.291 = 8 33 86 76 53 61 19 41 40 26 82 54 85 79 18 90 95 66 12 
734-8-14 1?2.445 = 8 33 86 76 19 61 40 41 26 72 20 32 92 93 34 51 89 42 57 14 
734-7-14 1?2.488 = 7 87 27 53 61 19 41 40 26 72 20 32 92 93 34 51 89 42 57 14 
734-7-12 1?2.474 = 7 87 39 27 53 61 19 41 40 26 72 82 54 85 79 18 90 95 66 12 
734-8-13 1?2.28 = 8 33 86 76 53 61 19 41 26 82 72 20 68 84 38 45 35 17 13 
734-8-15 1?2.467 = 8 16 33 86 80 19 61 40 41 26 72 20 32 92 93 34 51 89 42 57 15 
734-7-13 1?2.386 = 7 87 27 53 61 19 41 40 26 82 72 32 20 68 84 38 45 35 17 13 
734-7-15 1?2.538 = 7 39 27 53 61 19 41 40 26 82 72 20 32 92 93 34 51 89 42 57 15 
734-10-11 1?2.001 = 10 25 46 67 54 82 26 72 20 23 85 79 18 90 95 11 
734-9-11 1?2.046 = 9 16 33 86 19 61 40 41 26 82 54 85 79 18 90 95 11 
734-9-10 1?2.079 = 9 16 33 86 76 53 61 19 41 40 26 82 54 67 46 25 10 
734-10-13 1?1.987 = 10 46 67 54 82 26 72 20 68 84 38 45 35 17 13 
734-10-12 1?2.218 = 10 46 67 54 82 26 72 20 23 85 79 18 90 95 66 12 
734-9-12 1?2.394 = 9 16 33 86 80 19 61 40 41 26 82 54 85 79 18 90 95 66 12 
734-9-14 1?2.55 = 9 67 54 82 26 41 40 72 20 32 92 93 34 51 89 42 28 22 14 
734-10-14 1?2.525 = 10 25 46 67 54 82 26 41 40 72 20 68 84 38 45 35 17 75 22 14 
734-10-15 1?2.453 = 10 25 18 90 30 47 38 45 35 55 56 34 88 51 89 42 28 57 15 
734-9-13 1?2.348 = 9 16 33 86 19 61 40 41 26 82 72 20 68 84 38 45 35 17 13 
734-9-15 1?2.601 = 9 16 33 86 80 19 61 40 41 26 72 20 32 92 93 34 51 89 42 57 15 
734-12-14 1?2.012 = 12 35 45 38 84 68 93 34 88 51 89 42 57 28 22 14 
734-13-14 1?1.726 = 13 17 35 45 55 56 34 88 51 89 42 57 28 22 14 
734-11-14 1?1.962 = 11 95 90 30 47 68 93 34 51 89 42 57 28 22 14 
734-12-13 1?2.103 = 12 66 95 18 79 90 30 47 68 84 38 45 55 35 17 13 
734-13-15 1?1.801 = 13 17 35 45 38 84 68 93 34 88 51 89 42 28 57 15 
734-12-15 1?2.091 = 12 17 35 45 38 84 68 93 34 88 51 89 42 28 57 15 
734-11-13 1?1.926 = 11 95 90 18 79 30 47 68 84 38 45 35 55 75 17 13 
734-14-15 1?1.964 = 14 22 28 57 42 89 51 56 34 88 59 24 37 50 15 
734-11-12 1?2.172 = 11 95 90 18 79 85 54 82 26 72 20 23 47 30 66 12 
734-11-15 1?2.262 = 11 95 18 90 30 47 38 45 35 17 75 22 28 51 89 42 57 15 
stop
