start
58-0-1 1?2.355 = 0 41 81 30 96 99 82 80 53 65 83 45 52 32 54 1 
58-0-2 1?2.166 = 0 41 30 16 99 59 88 56 80 53 65 83 45 70 2 
58-0-3 1?2.186 = 0 41 30 96 99 82 59 88 56 80 53 65 87 24 73 3 
58-0-4 1?2.437 = 0 41 30 16 99 82 88 56 80 53 65 83 87 24 73 90 47 4 
58-0-5 1?2.463 = 0 41 81 30 71 32 52 45 83 65 53 80 56 95 18 63 93 5 
58-0-6 1?2.606 = 0 41 30 71 32 52 83 65 53 80 56 17 67 85 37 61 29 79 6 
58-0-7 1?2.646 = 0 41 30 71 32 52 45 83 65 53 80 56 17 67 85 37 61 29 94 7 
58-0-8 1?2.489 = 0 41 30 16 31 39 43 50 60 55 64 92 57 48 75 46 23 42 8 
58-0-9 1?2.406 = 0 41 30 16 44 31 39 43 50 89 60 55 64 92 57 48 75 62 46 9 
58-0-10 1?2.486 = 0 41 30 16 44 31 39 43 50 89 60 55 64 92 57 48 75 62 10 
58-0-11 1?2.483 = 0 41 30 96 99 82 88 59 39 43 50 89 60 55 77 98 38 11 
58-0-12 1?2.324 = 0 41 30 16 44 31 39 43 50 89 60 55 77 98 28 33 12 
58-0-13 1?2.225 = 0 41 30 16 44 31 39 43 50 60 89 91 66 22 13 
58-0-14 1?2.317 = 0 41 81 30 16 44 31 39 43 50 89 91 66 21 76 14 
58-0-15 1?2.477 = 0 41 30 16 44 31 39 43 50 89 91 66 21 76 68 15 
58-1-2 1?2.271 = 1 54 32 72 82 99 59 88 56 80 53 65 83 52 70 2 
58-1-3 1?2.409 = 1 54 32 52 45 83 65 53 80 56 95 69 47 90 24 73 3 
58-1-4 1?2.428 = 1 54 32 52 45 83 65 53 80 56 17 67 85 95 69 47 4 
58-1-5 1?2.487 = 1 54 32 52 45 83 65 53 80 56 17 67 85 37 18 63 93 5 
58-1-6 1?2.57 = 1 54 32 52 45 83 65 53 80 56 17 67 85 37 40 61 94 29 6 
58-1-7 1?2.56 = 1 54 32 52 45 83 65 53 80 56 17 67 85 37 61 29 94 86 58 7 
58-1-8 1?2.505 = 1 54 32 52 45 83 65 53 80 56 17 67 85 37 40 74 25 26 8 
58-1-9 1?2.464 = 1 71 96 99 82 88 59 39 43 50 60 55 64 92 57 48 75 62 46 9 
58-1-10 1?2.58 = 1 81 30 16 44 31 39 43 50 89 60 55 64 92 57 48 75 62 10 
58-1-11 1?2.725 = 1 54 32 52 45 83 65 53 80 56 88 59 39 43 50 60 55 77 38 11 
58-1-12 1?2.523 = 1 54 32 52 83 65 53 80 56 88 59 39 43 50 89 84 28 12 
58-1-13 1?2.507 = 1 54 32 72 82 99 59 88 39 43 50 60 89 91 66 22 13 
58-1-14 1?2.503 = 1 71 96 99 82 88 59 39 43 50 60 89 91 66 21 76 14 
58-1-15 1?2.509 = 1 54 32 52 83 65 53 80 56 88 59 39 31 19 68 15 
58-2-3 1?2.086 = 2 70 54 32 52 45 83 65 53 80 95 69 47 90 73 3 
58-2-4 1?2.065 = 2 70 54 32 52 45 83 65 53 80 56 95 69 90 47 4 
58-2-5 1?2.292 = 2 70 45 83 65 53 80 56 17 67 40 37 85 18 63 93 5 
58-2-6 1?2.341 = 2 70 54 32 52 45 83 65 53 80 56 17 67 85 37 61 29 79 6 
58-2-7 1?2.29 = 2 70 54 32 52 45 83 65 53 80 56 17 67 85 37 61 29 94 7 
58-2-8 1?2.557 = 2 70 54 32 52 45 83 65 53 80 56 17 67 85 37 40 74 86 58 25 26 8 
58-2-9 1?2.449 = 2 70 54 32 72 82 99 59 39 43 50 60 55 64 92 57 48 75 62 46 9 
58-2-10 1?2.534 = 2 70 45 83 65 53 80 56 85 67 17 34 92 64 57 48 75 62 10 
58-2-11 1?2.637 = 2 70 54 32 52 83 65 53 80 82 99 59 88 39 43 50 60 55 77 38 11 
58-2-12 1?2.488 = 2 70 45 83 65 53 80 56 82 99 59 88 39 43 50 89 84 28 12 
58-2-13 1?2.447 = 2 70 45 83 65 53 80 56 88 59 39 43 50 89 91 66 22 13 
58-2-14 1?2.429 = 2 70 45 83 65 53 80 56 88 59 82 99 44 31 19 21 76 14 
58-2-15 1?2.309 = 2 70 52 83 65 53 80 56 88 59 99 44 31 19 68 15 
58-3-4 1?2.059 = 3 49 45 83 65 53 80 56 17 67 85 95 69 47 4 
58-3-5 1?1.96 = 3 73 24 87 45 83 65 53 80 56 95 18 63 93 5 
58-3-6 1?2.277 = 3 73 24 87 83 65 53 80 56 17 67 85 37 61 94 29 79 6 
58-3-7 1?2.245 = 3 73 24 87 65 53 80 56 17 67 85 37 40 74 86 25 58 7 
58-3-8 1?2.261 = 3 49 45 83 65 53 80 56 17 67 85 37 40 74 86 58 25 26 8 
58-3-9 1?2.22 = 3 49 45 83 65 53 80 56 17 67 34 92 57 48 75 62 46 9 
58-3-10 1?2.509 = 3 73 24 87 65 53 80 56 85 17 67 34 92 64 57 48 75 62 10 
58-3-11 1?2.605 = 3 73 24 87 65 53 80 56 82 99 59 88 39 43 50 60 89 77 38 11 
58-3-12 1?2.55 = 3 49 45 83 65 53 80 56 82 99 59 88 39 43 50 60 89 84 28 12 
58-3-13 1?2.414 = 3 73 24 87 65 53 80 56 88 59 39 43 50 89 91 66 22 13 
58-3-14 1?2.479 = 3 73 24 87 83 65 53 80 56 88 59 82 99 44 31 19 21 76 14 
58-3-15 1?2.331 = 3 49 45 83 65 53 80 56 88 59 82 99 44 31 19 68 15 
58-4-5 1?1.986 = 4 47 90 73 24 87 45 83 65 53 80 95 18 63 93 5 
58-4-6 1?2.168 = 4 47 90 73 24 87 45 83 65 53 80 56 95 18 63 79 6 
58-4-7 1?2.135 = 4 47 90 73 24 87 65 53 80 56 17 67 37 61 29 94 7 
58-4-8 1?2.233 = 4 47 90 73 24 87 65 53 80 56 17 67 40 74 86 25 26 8 
58-4-9 1?2.173 = 4 47 69 95 85 67 17 20 34 92 64 57 48 75 62 46 9 
58-4-10 1?2.509 = 4 47 90 73 24 87 65 53 80 56 17 67 34 92 57 48 75 62 10 
58-4-11 1?2.563 = 4 47 90 73 24 87 83 65 53 80 56 88 59 39 43 50 89 77 38 11 
58-4-12 1?2.532 = 4 47 90 73 24 87 65 53 80 56 88 59 39 43 50 89 77 98 28 12 
58-4-13 1?2.525 = 4 73 24 87 65 53 80 56 88 59 39 43 50 89 91 66 22 13 
58-4-14 1?2.469 = 4 47 90 73 24 87 65 53 80 56 88 59 82 99 44 31 19 76 14 
58-4-15 1?2.623 = 4 47 90 73 24 87 83 65 53 80 56 88 59 82 99 44 31 19 68 15 
58-5-6 1?2.229 = 5 93 63 18 95 85 17 67 37 40 74 86 94 61 29 6 
58-5-7 1?2.103 = 5 93 18 85 17 67 37 61 29 94 86 74 26 25 58 7 
58-5-8 1?2.02 = 5 93 63 18 85 17 67 37 61 29 94 86 74 25 26 8 
58-5-9 1?2.113 = 5 93 63 18 37 85 67 17 34 92 64 57 48 75 62 46 9 
58-5-10 1?2.464 = 5 93 18 85 67 17 20 43 50 60 55 64 92 57 48 75 62 10 
58-5-11 1?2.641 = 5 93 63 18 85 67 17 34 92 64 57 48 75 46 62 78 35 51 11 
58-5-12 1?2.774 = 5 93 63 18 85 67 17 20 43 50 60 55 89 91 84 77 98 28 33 12 
58-5-13 1?2.786 = 5 93 18 85 67 17 20 88 59 39 43 50 60 55 89 91 66 22 13 
58-5-14 1?2.811 = 5 93 63 18 85 37 40 67 17 20 43 50 60 55 89 91 66 21 76 14 
58-5-15 1?2.81 = 5 93 63 18 85 67 17 34 60 43 50 89 91 66 21 76 68 15 
58-6-7 1?2.134 = 6 29 94 74 27 57 48 75 62 46 23 42 26 25 58 7 
58-6-8 1?1.964 = 6 29 94 86 74 27 92 64 57 48 75 62 46 23 42 8 
58-6-9 1?1.891 = 6 29 61 37 85 67 17 34 92 57 48 75 62 46 9 
58-6-10 1?2.52 = 6 29 61 37 85 67 17 20 43 50 60 34 64 57 48 75 62 10 
58-6-11 1?2.567 = 6 29 94 86 25 26 42 23 46 62 75 48 57 92 64 78 35 51 38 11 
58-6-12 1?2.596 = 6 79 29 61 37 85 67 17 20 43 50 60 55 89 91 84 28 33 12 
58-6-13 1?2.697 = 6 29 61 37 85 67 17 20 88 59 39 43 50 60 89 91 66 22 13 
58-6-14 1?2.784 = 6 29 94 86 74 40 37 85 67 17 20 43 50 60 89 91 66 21 76 14 
58-6-15 1?2.88 = 6 79 29 61 37 85 67 17 20 43 50 60 55 89 91 66 21 76 68 15 
58-7-8 1?1.953 = 7 29 94 86 74 27 92 64 57 48 75 62 46 23 42 8 
58-7-9 1?1.959 = 7 58 86 74 40 37 85 67 17 34 92 57 48 62 9 
58-7-10 1?2.403 = 7 58 25 26 42 23 46 62 75 48 57 64 92 34 60 55 78 35 10 
58-7-11 1?2.349 = 7 58 25 26 42 23 46 62 75 48 57 92 64 55 60 89 77 38 11 
58-7-12 1?2.282 = 7 58 25 26 42 23 46 62 75 48 57 92 64 78 35 51 38 98 28 12 
58-7-13 1?2.397 = 7 58 25 26 42 23 46 62 75 48 57 92 64 55 60 89 91 22 13 
58-7-14 1?2.528 = 7 58 25 26 42 23 46 75 48 57 92 64 55 60 89 91 66 21 76 14 
58-7-15 1?2.713 = 7 58 25 26 42 23 75 48 57 92 64 55 60 89 91 66 21 76 68 15 
58-8-9 1?1.978 = 8 26 25 74 40 37 85 67 17 34 92 57 48 62 9 
58-8-10 1?1.828 = 8 25 26 42 23 46 62 75 48 57 92 64 78 51 35 10 
58-8-11 1?2.146 = 8 42 23 46 62 75 48 57 92 64 55 60 43 50 89 77 38 11 
58-8-12 1?2.064 = 8 42 23 46 62 75 48 57 92 64 55 60 50 89 84 28 12 
58-8-13 1?2.26 = 8 42 23 46 62 75 48 57 92 64 55 60 43 50 89 91 66 22 13 
58-8-14 1?2.382 = 8 42 23 46 62 75 48 57 92 64 55 60 43 50 89 91 66 21 76 14 
58-8-15 1?2.48 = 8 42 23 46 62 75 48 57 92 64 55 60 50 43 39 31 19 68 15 
58-9-10 1?1.899 = 9 46 62 75 48 57 64 92 34 60 55 78 51 35 10 
58-9-11 1?1.825 = 9 62 75 48 57 92 64 55 60 43 50 89 77 38 11 
58-9-12 1?1.861 = 9 46 62 75 48 57 92 64 55 60 43 50 89 84 28 12 
58-9-13 1?2.001 = 9 46 62 75 48 57 92 64 55 60 43 50 89 91 66 22 13 
58-9-14 1?2.292 = 9 46 62 75 48 57 64 92 34 55 60 43 50 89 91 66 21 76 14 
58-9-15 1?2.377 = 9 46 62 75 48 57 92 64 55 60 43 50 89 91 66 21 76 68 15 
58-10-11 1?1.967 = 10 62 75 48 57 92 64 55 60 43 50 89 77 38 11 
58-10-12 1?1.911 = 10 62 75 48 57 92 64 78 35 51 38 77 98 33 28 12 
58-10-13 1?2.015 = 10 62 75 48 57 92 64 55 60 43 50 89 91 22 13 
58-10-14 1?2.458 = 10 35 78 62 75 48 57 92 64 55 60 43 50 89 91 66 21 76 14 
58-10-15 1?2.457 = 10 62 75 48 57 92 64 55 60 43 50 89 91 66 21 76 68 15 
58-11-12 1?2.086 = 11 51 35 78 48 57 64 55 60 43 50 89 84 28 12 
58-11-13 1?2.17 = 11 51 35 78 48 57 64 55 60 50 89 91 66 22 13 
58-11-14 1?2.237 = 11 51 78 48 57 92 64 55 60 89 91 66 21 76 14 
58-11-15 1?2.581 = 11 51 35 78 48 57 92 64 55 60 89 50 43 39 31 19 68 15 
58-12-13 1?2.239 = 12 28 33 98 77 55 60 89 50 43 39 97 91 66 22 13 
58-12-14 1?2.178 = 12 28 33 98 38 77 55 60 43 50 89 91 66 21 76 14 
58-12-15 1?2.466 = 12 28 84 89 60 50 43 39 59 88 82 99 44 31 19 68 15 
58-13-14 1?2.345 = 13 22 91 89 50 43 39 59 88 82 99 44 31 19 76 14 
58-13-15 1?2.416 = 13 22 91 89 50 43 39 59 88 82 99 44 31 19 68 15 
58-14-15 1?2.466 = 14 76 21 66 91 89 55 60 50 43 39 44 31 19 68 15 
stop
