start
234-0-2 1?1.774 = 0 40 57 29 50 78 54 79 27 32 34 80 55 49 38 2 
234-0-1 1?1.895 = 0 40 57 29 50 78 54 79 27 34 80 55 38 49 85 1 
234-0-5 1?2.579 = 0 40 57 29 50 78 54 79 56 24 27 32 34 37 68 35 20 39 43 5 
234-0-7 1?2.667 = 0 40 57 29 50 78 54 79 56 24 71 58 73 96 59 74 69 66 76 7 
234-0-6 1?2.717 = 0 40 57 29 50 70 22 93 81 78 54 79 27 32 37 68 35 20 39 43 6 
234-0-11 1?2.339 = 0 40 29 50 78 54 81 93 21 95 51 99 28 26 84 98 97 17 52 72 11 
234-0-10 1?2.544 = 0 40 57 29 50 78 54 79 56 21 95 51 99 28 64 65 17 97 98 52 10 
234-0-3 1?2.22 = 0 40 57 29 50 78 54 79 56 24 27 32 34 80 55 49 38 33 3 
234-0-8 1?2.601 = 0 40 29 50 78 54 79 56 24 71 58 73 96 59 74 69 83 86 82 67 8 
234-0-4 1?2.403 = 0 40 29 50 78 54 79 56 24 27 32 34 80 55 19 89 45 16 31 4 
234-0-9 1?2.585 = 0 40 57 29 50 78 54 79 56 24 71 58 73 96 59 74 69 83 86 82 9 
234-0-14 1?1.743 = 0 40 57 77 29 50 78 79 54 81 93 22 70 91 61 75 14 
234-0-15 1?1.675 = 0 40 57 29 50 78 79 54 81 93 22 70 91 61 75 25 15 
234-1-2 1?1.87 = 1 77 57 40 29 50 78 54 79 27 32 34 80 55 38 2 
234-1-3 1?2.037 = 1 77 57 29 50 78 54 79 27 32 34 80 55 49 38 33 3 
234-0-13 1?1.733 = 0 40 50 78 54 81 93 22 70 91 61 75 87 46 48 13 
234-0-12 1?2.189 = 0 40 57 29 50 78 54 81 93 22 70 91 61 75 87 46 48 63 12 
234-1-8 1?2.598 = 1 57 29 50 78 54 79 56 24 71 58 73 96 59 74 69 83 86 67 8 
234-1-7 1?2.645 = 1 57 29 50 78 54 79 56 24 71 58 73 96 59 74 69 66 76 7 
234-1-4 1?2.325 = 1 77 57 29 50 78 54 79 27 32 34 80 55 19 89 45 16 31 4 
234-1-6 1?2.718 = 1 77 57 29 50 70 22 93 81 78 54 79 27 32 37 68 35 20 39 43 6 
234-1-5 1?2.519 = 1 77 57 40 29 50 78 54 79 27 32 34 37 68 35 20 39 43 5 
234-1-15 1?1.662 = 1 77 57 40 29 50 78 54 93 22 70 91 61 75 25 15 
234-1-13 1?2.06 = 1 77 57 29 50 78 79 54 81 93 22 70 91 61 75 87 46 48 63 13 
234-1-14 1?2.169 = 1 77 57 40 29 50 78 54 79 56 21 93 22 70 91 25 61 75 14 
234-2-3 1?2.095 = 2 38 49 55 80 34 32 37 68 35 20 31 16 45 3 
234-2-4 1?2.168 = 2 33 38 49 55 80 34 27 32 37 19 89 45 16 31 4 
234-2-6 1?2.77 = 2 38 49 55 80 34 32 27 24 71 60 58 23 53 18 88 92 6 
234-1-11 1?2.429 = 1 77 57 29 50 78 54 79 56 21 95 51 99 28 26 84 98 17 97 52 72 11 
234-2-5 1?2.523 = 2 38 49 55 80 34 32 37 23 53 18 68 35 20 39 43 5 
234-1-9 1?2.502 = 1 77 57 29 50 78 54 79 56 24 71 58 73 96 59 36 47 86 82 9 
234-1-10 1?2.401 = 1 77 29 50 78 54 79 56 21 95 51 99 28 26 84 98 17 97 52 10 
234-1-12 1?2.396 = 1 77 57 29 50 78 54 81 93 22 70 91 61 75 87 46 48 63 90 64 12 
234-2-15 1?1.71 = 2 38 49 55 80 34 32 27 79 54 81 93 22 70 91 25 15 
234-2-13 1?2.228 = 2 38 49 55 80 34 32 27 79 54 81 93 22 70 91 61 75 87 46 13 
234-3-4 1?2.331 = 3 33 38 49 55 80 34 27 32 37 19 89 45 16 31 4 
234-2-14 1?2.086 = 2 33 38 49 55 80 34 32 27 79 54 78 81 93 22 70 91 61 75 14 
234-3-5 1?2.393 = 3 45 16 31 20 35 68 23 53 18 88 92 39 43 5 
234-2-8 1?2.548 = 2 38 49 55 80 34 32 27 24 71 58 73 96 59 36 47 86 67 8 
234-2-11 1?2.521 = 2 38 49 55 80 34 32 27 24 71 58 73 96 59 44 98 17 97 52 72 11 
234-2-7 1?2.596 = 2 38 49 55 80 34 32 27 23 58 73 96 59 74 69 66 76 7 
234-2-9 1?2.591 = 2 38 49 55 80 34 32 27 24 71 58 30 73 96 59 36 47 86 82 9 
234-2-12 1?2.463 = 2 38 49 55 80 34 32 27 79 54 81 93 21 95 51 99 28 64 90 12 
234-2-10 1?2.554 = 2 38 49 55 80 34 32 27 23 58 30 73 96 59 44 98 17 97 52 10 
234-3-6 1?2.514 = 3 33 38 49 55 80 34 27 32 37 68 35 20 39 43 6 
234-3-15 1?2.146 = 3 33 38 49 85 55 80 34 32 27 79 54 78 81 93 22 70 91 25 15 
234-3-11 1?2.385 = 3 45 16 31 20 35 68 18 53 30 96 59 44 98 97 17 52 72 11 
234-3-13 1?2.369 = 3 33 38 55 80 78 54 81 93 22 70 91 61 75 87 46 48 63 13 
234-4-5 1?2.483 = 4 16 45 89 19 55 80 34 32 37 68 35 20 39 43 5 
234-3-8 1?2.504 = 3 45 16 31 20 35 18 53 30 73 96 59 74 69 83 86 67 8 
234-3-7 1?2.6 = 3 45 16 31 20 35 68 18 53 30 73 96 59 74 69 66 76 7 
234-3-14 1?2.352 = 3 33 38 49 85 55 80 34 32 27 79 54 78 81 93 22 70 91 61 75 14 
234-3-9 1?2.518 = 3 45 16 31 20 35 68 18 53 30 73 96 59 74 69 83 86 82 9 
234-3-12 1?2.618 = 3 33 38 49 55 34 80 78 54 79 56 21 95 51 99 28 64 90 12 
234-3-10 1?2.496 = 3 45 16 31 20 35 68 18 53 30 73 96 59 44 98 97 17 52 10 
234-5-6 1?2.64 = 5 43 39 20 35 68 18 53 30 73 96 59 74 88 92 6 
234-4-6 1?2.58 = 4 16 31 20 35 68 18 53 30 73 96 59 74 88 92 6 
234-4-8 1?2.277 = 4 16 31 20 35 68 18 53 30 96 59 36 47 86 67 8 
234-4-7 1?2.408 = 4 16 31 20 35 68 18 53 30 96 59 74 69 66 76 7 
234-4-15 1?2.26 = 4 31 16 45 89 19 55 80 34 32 27 79 54 81 93 22 70 91 25 15 
234-4-13 1?2.513 = 4 16 31 20 35 68 18 53 23 71 60 26 28 99 90 63 48 46 13 
234-4-11 1?2.438 = 4 16 31 20 35 68 18 53 23 58 73 96 59 44 98 17 97 52 72 11 
234-4-14 1?2.533 = 4 16 45 89 19 38 49 55 80 34 32 27 79 54 93 22 70 91 61 75 14 
234-4-9 1?2.508 = 4 16 31 20 35 68 18 53 23 58 30 73 96 59 36 47 86 82 9 
234-4-12 1?2.693 = 4 16 31 20 35 68 18 53 23 58 30 73 94 26 28 99 51 90 12 
234-4-10 1?2.476 = 4 16 31 20 35 68 18 53 23 58 73 96 59 44 98 17 97 52 10 
234-5-8 1?2.345 = 5 43 39 88 18 53 30 73 96 59 74 69 83 86 67 8 
234-6-8 1?2.321 = 6 92 88 18 53 23 58 73 96 59 74 69 83 86 67 8 
234-5-7 1?2.468 = 5 43 39 20 35 68 18 53 30 96 59 74 69 66 76 7 
234-6-7 1?2.446 = 6 92 88 18 53 23 58 30 73 96 59 74 69 66 76 7 
234-5-15 1?2.441 = 5 43 39 20 35 68 37 32 27 24 56 79 54 78 81 93 22 70 91 25 15 
234-5-11 1?2.492 = 5 43 39 20 35 68 18 53 30 73 96 59 42 44 98 97 17 52 72 11 
234-5-13 1?2.634 = 5 43 39 20 35 68 18 53 23 58 71 60 26 28 99 64 90 63 48 13 
234-5-9 1?2.525 = 5 43 39 20 35 18 53 23 58 73 96 59 74 69 83 86 82 9 
234-5-14 1?2.576 = 5 43 39 20 35 68 37 32 27 24 56 79 54 81 93 22 70 91 61 75 14 
234-5-10 1?2.481 = 5 43 39 88 18 53 23 58 30 73 96 59 44 98 97 17 52 10 
234-5-12 1?2.675 = 5 43 39 20 35 68 18 53 23 58 71 60 26 28 99 51 90 12 
234-7-8 1?2.3 = 7 76 66 69 74 59 96 73 94 44 42 62 47 86 82 67 8 
234-7-9 1?2.291 = 7 76 66 69 74 30 58 73 94 96 59 36 47 86 82 9 
234-6-9 1?2.28 = 6 92 88 18 53 23 58 30 73 96 59 36 47 86 82 9 
234-7-11 1?2.472 = 7 76 66 69 74 59 96 73 30 58 71 60 26 84 98 97 52 72 11 
234-6-11 1?2.521 = 6 92 88 18 53 23 58 30 73 94 96 59 42 44 98 97 17 52 72 11 
234-7-10 1?2.213 = 7 76 66 69 74 30 58 73 96 59 44 98 17 97 52 10 
234-6-10 1?2.253 = 6 92 88 18 53 23 58 30 96 59 44 98 17 97 52 10 
234-6-15 1?2.721 = 6 43 39 20 35 68 37 34 32 27 79 54 81 93 22 70 91 61 75 25 15 
234-6-13 1?2.682 = 6 92 88 18 53 23 58 30 73 94 60 51 99 28 64 90 63 48 46 13 
234-6-14 1?2.603 = 6 92 88 18 53 23 58 71 60 51 99 28 64 90 63 48 46 87 14 
234-6-12 1?2.749 = 6 43 39 20 35 68 18 53 23 58 71 60 51 28 99 64 90 12 
234-8-11 1?1.909 = 8 67 86 83 69 74 59 96 73 94 44 98 17 97 52 72 11 
234-8-9 1?2.15 = 8 67 82 86 47 36 83 69 74 59 96 73 94 44 42 62 9 
234-8-10 1?2.049 = 8 67 82 86 83 69 74 59 96 73 94 44 98 97 17 52 10 
234-7-13 1?2.506 = 7 76 66 69 74 59 96 73 94 60 26 51 99 28 64 90 63 48 46 13 
234-7-15 1?2.603 = 7 76 66 69 74 59 96 73 58 71 24 56 79 54 81 93 22 70 91 25 15 
234-8-13 1?2.401 = 8 67 82 86 83 69 74 59 96 73 94 26 51 99 28 64 90 63 48 46 13 
234-8-15 1?2.55 = 8 67 86 47 36 59 96 73 30 58 71 24 56 79 54 81 93 22 70 91 25 15 
234-7-14 1?2.496 = 7 76 66 69 74 59 96 73 94 60 51 28 99 90 63 48 46 87 14 
234-8-14 1?2.4 = 8 67 82 86 83 69 74 59 96 73 94 26 28 99 64 90 63 48 46 87 14 
234-8-12 1?2.415 = 8 67 82 86 83 69 74 59 96 73 58 71 60 51 28 99 90 12 
234-7-12 1?2.587 = 7 76 66 69 74 59 96 94 73 30 58 71 60 26 28 99 64 90 12 
234-10-13 1?1.738 = 10 52 97 17 98 84 26 51 99 28 64 90 63 48 46 13 
234-9-11 1?1.852 = 9 82 86 83 69 74 59 96 73 94 84 98 17 97 52 72 11 
234-10-11 1?2.054 = 10 41 62 47 36 74 59 96 73 94 44 98 17 97 52 72 11 
234-10-12 1?2.053 = 10 52 97 17 98 44 59 96 73 94 26 28 99 51 90 12 
234-9-12 1?2.091 = 9 82 86 83 69 74 59 96 73 94 26 28 99 51 90 12 
234-9-10 1?2.025 = 9 82 86 83 69 74 59 96 73 94 84 98 17 97 52 72 10 
234-9-13 1?2.259 = 9 82 86 47 36 69 74 59 96 73 94 26 28 99 64 90 63 48 46 13 
234-9-15 1?2.432 = 9 82 86 47 36 59 96 73 58 71 24 79 54 78 81 93 22 70 91 25 15 
234-10-15 1?2.282 = 10 52 97 17 98 84 26 28 99 64 90 63 48 46 87 75 61 91 25 15 
234-10-14 1?2.257 = 10 52 17 97 98 44 59 96 73 94 26 28 99 64 90 63 48 46 87 14 
234-9-14 1?2.413 = 9 82 86 47 36 83 69 74 59 96 73 94 26 28 99 90 63 48 46 87 14 
234-12-13 1?1.966 = 12 65 17 97 52 98 84 26 51 99 28 64 90 63 48 13 
234-13-15 1?1.744 = 13 48 63 90 64 28 99 51 95 21 93 22 70 91 25 15 
234-11-13 1?1.644 = 11 72 52 97 17 98 84 26 28 99 51 90 63 48 46 13 
234-13-14 1?1.872 = 13 46 48 63 90 99 28 51 95 21 93 61 75 14 
234-14-15 1?1.811 = 14 87 46 48 63 90 64 28 99 51 75 61 91 25 15 
234-12-14 1?2.075 = 12 64 28 99 51 95 21 56 79 54 81 93 22 70 91 61 75 14 
234-11-14 1?1.843 = 11 72 52 97 17 98 84 26 51 99 28 64 90 63 48 46 87 14 
234-11-12 1?1.967 = 11 72 52 97 17 98 44 42 59 96 73 94 26 28 99 90 12 
234-12-15 1?2.042 = 12 90 64 28 99 51 95 21 56 79 54 78 81 93 22 70 91 25 15 
234-11-15 1?2.088 = 11 72 52 97 98 84 26 28 99 90 63 48 46 87 75 61 25 15 
stop
