start
1-0-1 1?1.582 = 0 45 49 82 66 69 46 89 78 62 39 43 55 28 67 1 
1-0-2 1?1.843 = 0 49 82 66 69 46 89 78 62 39 43 55 67 28 92 2 
1-0-3 1?1.995 = 0 45 49 82 66 69 46 89 78 62 39 43 33 94 20 21 3 
1-0-4 1?2.202 = 0 49 82 66 69 46 25 89 78 62 93 38 63 22 59 81 60 4 
1-0-5 1?2.26 = 0 45 49 82 66 69 46 89 78 62 93 38 63 22 44 36 42 5 
1-0-6 1?2.4 = 0 45 49 82 66 69 46 78 62 93 38 63 22 44 95 87 32 65 27 6 
1-0-7 1?2.498 = 0 49 82 66 69 46 25 89 78 62 93 38 63 71 75 74 76 83 7 
1-0-8 1?2.48 = 0 49 82 66 69 46 78 89 47 26 91 77 84 23 17 29 56 52 50 8 
1-0-9 1?2.416 = 0 45 49 82 66 69 46 78 89 47 26 99 80 35 72 40 30 86 54 9 
1-0-10 1?2.328 = 0 45 49 39 82 66 69 46 78 89 25 47 26 99 70 80 35 72 40 10 
1-0-11 1?2.032 = 0 45 49 82 66 69 46 78 89 47 26 99 80 35 72 51 31 18 11 
1-0-12 1?1.966 = 0 45 49 39 82 66 69 46 78 89 47 53 97 73 85 90 58 12 
1-0-13 1?1.477 = 0 49 82 66 69 46 78 89 25 47 53 97 73 90 13 
1-0-14 1?1.442 = 0 49 39 82 66 69 46 78 89 47 53 97 73 85 14 
1-0-15 1?1.639 = 0 45 49 39 82 66 69 46 78 89 47 25 41 19 68 15 
1-1-2 1?1.925 = 1 92 28 55 49 82 66 69 46 78 62 39 43 33 94 20 2 
1-1-3 1?2.073 = 1 67 45 49 82 66 69 46 78 62 39 43 33 94 20 21 3 
1-1-4 1?2.175 = 1 92 28 67 55 43 33 24 94 16 38 63 22 59 81 60 4 
1-1-5 1?2.31 = 1 67 45 49 82 66 69 46 78 93 38 63 22 44 36 42 5 
1-1-6 1?2.49 = 1 92 28 67 45 55 43 33 16 38 63 22 44 95 57 87 32 65 27 6 
1-1-7 1?2.534 = 1 92 28 55 49 82 66 69 46 78 62 93 64 71 75 74 76 83 7 
1-1-8 1?2.597 = 1 67 28 55 49 82 66 69 46 78 93 64 71 75 74 76 88 52 50 8 
1-1-9 1?2.515 = 1 67 28 55 43 39 82 66 69 46 78 89 47 26 99 80 35 72 40 96 9 
1-1-10 1?2.355 = 1 67 28 55 49 82 66 69 46 78 89 47 26 99 70 80 35 72 40 10 
1-1-11 1?2.118 = 1 67 28 55 49 82 66 69 46 78 89 47 26 99 70 51 31 18 11 
1-1-12 1?2.192 = 1 92 28 67 55 43 39 82 66 69 46 78 89 47 53 97 85 73 90 58 12 
1-1-13 1?1.786 = 1 67 28 55 49 82 66 69 46 78 89 25 47 53 97 73 85 90 13 
1-1-14 1?1.467 = 1 67 28 55 43 39 82 66 69 46 78 89 25 19 68 14 
1-1-15 1?1.509 = 1 67 28 55 43 39 82 66 69 46 78 89 25 19 68 15 
1-2-3 1?2.34 = 2 92 28 55 49 82 66 69 46 78 93 16 94 20 21 3 
1-2-4 1?2.431 = 2 92 28 67 55 43 33 24 94 16 38 63 22 59 81 60 4 
1-2-5 1?2.319 = 2 20 94 16 38 63 22 44 95 34 57 87 32 65 27 5 
1-2-6 1?2.73 = 2 21 81 59 44 95 34 57 48 75 61 37 76 74 98 87 32 65 27 6 
1-2-7 1?2.773 = 2 21 81 59 44 36 42 32 65 87 57 48 75 74 76 83 88 52 50 7 
1-2-8 1?2.733 = 2 21 81 59 44 95 34 48 75 74 76 61 37 23 17 30 86 29 52 50 8 
1-2-9 1?2.679 = 2 21 81 59 44 36 42 32 65 87 57 48 75 74 76 88 52 50 56 79 54 9 
1-2-10 1?2.644 = 2 92 28 55 43 39 82 66 69 46 78 89 47 26 99 70 80 35 72 40 10 
1-2-11 1?2.482 = 2 92 28 55 49 82 66 69 46 78 89 47 26 99 80 35 72 51 31 18 11 
1-2-12 1?2.445 = 2 20 94 33 43 39 82 66 69 46 78 89 25 47 53 97 73 85 90 58 12 
1-2-13 1?2.182 = 2 20 94 33 43 39 82 66 69 46 78 89 25 47 53 97 73 85 90 58 13 
1-2-14 1?1.984 = 2 92 24 33 43 39 82 66 69 46 78 89 25 47 53 97 73 85 14 
1-2-15 1?1.777 = 2 20 94 33 43 39 82 66 69 46 78 89 47 25 19 15 
1-3-4 1?2.38 = 3 60 81 59 22 44 95 34 48 98 57 87 65 32 42 4 
1-3-5 1?2.236 = 3 60 81 59 44 95 34 57 48 75 74 98 87 32 65 27 5 
1-3-6 1?2.115 = 3 81 59 44 95 57 48 75 74 76 98 87 32 65 27 6 
1-3-7 1?2.476 = 3 60 81 59 44 95 34 57 87 32 65 27 98 48 75 74 76 83 7 
1-3-8 1?2.546 = 3 60 81 59 44 36 42 32 65 87 57 48 75 74 76 61 37 88 52 50 8 
1-3-9 1?2.46 = 3 81 59 44 95 57 87 32 65 98 75 74 76 88 52 50 56 79 54 9 
1-3-10 1?2.716 = 3 81 59 44 95 34 57 48 75 74 76 88 52 50 56 79 54 29 86 96 10 
1-3-11 1?2.639 = 3 21 20 94 33 43 39 82 66 69 46 89 47 26 99 80 35 72 51 31 18 11 
1-3-12 1?2.498 = 3 21 20 94 33 43 39 82 66 69 46 78 89 47 53 97 85 73 58 12 
1-3-13 1?2.224 = 3 21 20 94 33 43 39 82 66 69 46 78 89 25 19 97 73 85 90 13 
1-3-14 1?2.167 = 3 21 20 94 33 43 39 82 66 69 46 78 89 25 47 53 97 73 85 14 
1-3-15 1?2.284 = 3 21 20 24 33 43 39 49 41 82 66 69 46 78 89 47 25 19 68 15 
1-4-5 1?2.133 = 4 36 44 95 34 48 75 74 76 98 57 87 32 65 27 5 
1-4-6 1?2.215 = 4 60 81 59 44 95 34 57 48 75 74 76 98 87 65 27 6 
1-4-7 1?2.102 = 4 60 81 59 44 36 42 32 65 87 57 48 75 74 76 83 7 
1-4-8 1?2.186 = 4 60 81 59 44 36 42 32 65 87 57 48 75 74 76 88 52 50 8 
1-4-9 1?2.353 = 4 36 42 32 65 87 57 48 75 74 76 88 52 50 56 79 29 86 54 9 
1-4-10 1?2.622 = 4 36 42 32 65 87 57 48 75 74 76 88 52 50 56 79 54 29 86 96 10 
1-4-11 1?2.638 = 4 42 32 65 87 57 48 75 74 76 37 23 84 80 35 72 51 31 18 11 
1-4-12 1?2.641 = 4 60 59 22 63 38 93 62 66 82 69 46 78 89 25 47 53 58 12 
1-4-13 1?2.362 = 4 60 59 22 63 38 93 62 66 82 69 46 78 89 47 53 97 73 90 13 
1-4-14 1?2.346 = 4 60 81 59 22 63 38 64 93 62 66 82 69 46 78 89 47 25 19 68 14 
1-4-15 1?2.258 = 4 60 81 59 22 63 38 93 62 66 82 69 46 78 89 47 25 19 68 15 
1-5-6 1?2.222 = 5 27 65 32 87 42 36 44 95 34 48 75 74 76 98 6 
1-5-7 1?2.06 = 5 27 65 32 87 57 48 75 74 76 61 37 88 52 50 7 
1-5-8 1?1.806 = 5 27 65 32 87 57 48 75 74 76 61 37 88 52 50 8 
1-5-9 1?2.106 = 5 27 65 32 87 57 48 75 74 76 61 37 88 52 50 56 79 54 9 
1-5-10 1?2.36 = 5 27 65 32 87 57 48 75 74 76 88 52 50 56 79 54 29 86 96 10 
1-5-11 1?2.47 = 5 65 32 87 57 48 75 74 76 61 37 23 84 80 35 72 51 18 11 
1-5-12 1?2.74 = 5 42 36 44 22 63 38 93 62 66 69 46 78 89 25 47 53 58 12 
1-5-13 1?2.408 = 5 42 36 44 22 63 38 93 62 69 46 89 47 53 97 85 73 90 13 
1-5-14 1?2.436 = 5 65 32 87 95 44 22 63 38 93 62 66 82 69 46 78 89 25 19 68 14 
1-5-15 1?2.35 = 5 42 36 44 22 63 38 93 62 66 82 69 46 78 89 47 25 19 68 15 
1-6-7 1?2.007 = 6 27 65 32 87 57 48 75 74 76 61 37 88 52 50 7 
1-6-8 1?1.753 = 6 27 65 32 87 57 48 75 74 76 61 37 88 52 50 8 
1-6-9 1?1.718 = 6 27 65 32 87 57 48 75 74 76 88 52 50 56 79 9 
1-6-10 1?2.306 = 6 27 65 32 87 57 48 75 74 76 83 88 52 50 56 79 54 96 10 
1-6-11 1?2.373 = 6 27 65 32 87 57 48 75 74 76 61 37 23 35 72 51 31 18 11 
1-6-12 1?2.574 = 6 27 65 32 87 57 48 75 74 76 37 61 84 80 35 72 51 31 12 
1-6-13 1?2.495 = 6 27 65 32 87 95 44 22 63 38 64 91 26 53 97 73 90 13 
1-6-14 1?2.398 = 6 27 65 32 87 57 48 71 63 38 93 62 66 69 46 89 25 19 68 14 
1-6-15 1?2.419 = 6 27 65 32 87 57 48 71 64 93 62 66 82 69 46 78 89 25 41 15 
1-7-8 1?2.143 = 7 6 27 65 32 87 57 48 75 74 76 61 37 88 52 50 8 
1-7-9 1?2.106 = 7 50 52 88 76 74 75 61 37 17 30 86 29 79 54 9 
1-7-10 1?2.56 = 7 83 76 74 75 61 37 88 52 50 56 79 54 86 29 17 30 96 10 
1-7-11 1?2.393 = 7 50 52 56 79 54 86 30 17 23 84 80 35 72 51 31 18 11 
1-7-12 1?2.7 = 7 50 52 56 79 54 29 30 17 23 84 80 35 72 51 18 31 12 
1-7-13 1?2.573 = 7 83 76 74 75 71 63 38 93 62 69 46 89 47 53 97 73 90 13 
1-7-14 1?2.497 = 7 83 76 74 75 71 63 38 93 62 66 69 46 78 89 47 25 19 68 14 
1-7-15 1?2.554 = 7 83 76 74 75 71 63 38 93 62 66 82 69 46 78 89 47 25 19 68 15 
1-8-9 1?1.852 = 8 50 52 88 76 74 75 61 37 17 30 86 29 79 54 9 
1-8-10 1?2.138 = 8 50 52 56 79 54 29 86 30 17 23 35 72 40 10 
1-8-11 1?1.889 = 8 50 52 56 79 54 29 17 30 86 96 40 51 31 18 11 
1-8-12 1?2.523 = 8 50 52 56 79 54 29 86 30 96 40 72 35 80 70 51 18 31 12 
1-8-13 1?2.368 = 8 50 52 56 29 86 96 40 72 35 80 70 99 53 97 73 85 90 13 
1-8-14 1?2.483 = 8 50 52 17 23 84 64 93 62 66 82 69 46 78 89 47 25 19 68 14 
1-8-15 1?2.518 = 8 50 52 56 29 30 17 23 84 77 91 26 47 89 46 78 69 66 82 41 15 
1-9-10 1?2.04 = 9 54 79 56 50 52 88 76 74 61 37 17 30 86 96 10 
1-9-11 1?1.961 = 9 54 79 56 29 86 96 40 72 35 80 70 51 31 18 11 
1-9-12 1?2.185 = 9 54 79 56 50 52 29 86 30 40 72 51 18 31 12 
1-9-13 1?2.322 = 9 54 79 56 29 86 30 40 72 35 80 99 53 97 85 73 90 13 
1-9-14 1?2.337 = 9 54 86 30 17 23 84 64 93 62 66 69 46 78 89 25 19 68 14 
1-9-15 1?2.324 = 9 54 29 17 23 84 77 91 26 47 25 89 78 46 69 66 82 41 15 
1-10-11 1?2.237 = 10 96 54 79 56 50 52 29 86 30 17 40 51 31 18 11 
1-10-12 1?2.395 = 10 18 31 51 72 35 80 70 99 53 97 73 85 90 58 12 
1-10-13 1?2.13 = 10 18 31 51 72 35 80 70 99 53 97 85 73 90 58 13 
1-10-14 1?2.256 = 10 40 72 35 80 99 26 78 69 46 89 47 53 97 73 85 14 
1-10-15 1?2.214 = 10 40 72 35 80 99 26 47 89 78 46 69 66 82 39 49 41 15 
1-11-12 1?2.088 = 11 18 31 51 72 35 80 70 99 53 97 73 85 90 58 12 
1-11-13 1?1.823 = 11 18 31 51 72 35 80 70 99 53 97 85 73 90 58 13 
1-11-14 1?1.885 = 11 18 31 51 72 35 80 70 99 26 47 89 25 19 68 14 
1-11-15 1?1.923 = 11 18 31 51 72 35 80 99 26 47 89 78 46 69 66 82 41 15 
1-12-13 1?2.045 = 12 58 53 47 89 78 69 46 25 19 68 97 85 73 90 13 
1-12-14 1?1.85 = 12 58 73 85 97 53 47 89 78 69 46 25 19 68 14 
1-12-15 1?1.988 = 12 58 90 73 85 97 53 47 89 78 46 69 66 82 39 49 41 15 
1-13-14 1?1.5 = 13 90 73 85 97 53 47 89 78 69 46 25 19 68 14 
1-13-15 1?1.474 = 13 90 73 85 97 53 47 25 89 78 46 69 66 82 41 15 
1-14-15 1?1.475 = 14 85 90 73 97 53 47 25 89 78 46 69 66 82 41 15 
stop
