start
104-0-1 1?2.036 = 0 20 93 19 53 21 73 33 55 84 28 87 97 64 95 1 
104-0-2 1?2.159 = 0 20 93 19 53 21 48 73 33 55 84 28 87 97 26 56 2 
104-0-3 1?2.568 = 0 20 93 19 53 21 48 73 33 55 84 69 28 87 97 26 56 42 3 
104-0-4 1?2.332 = 0 44 95 64 26 56 42 78 45 88 51 63 22 91 52 79 17 4 
104-0-5 1?2.218 = 0 44 95 64 56 42 78 45 88 51 63 22 91 17 52 79 58 85 5 
104-0-6 1?2.387 = 0 44 95 64 56 42 78 45 88 51 22 63 17 52 79 90 58 85 6 
104-0-7 1?2.429 = 0 44 95 64 26 56 42 78 45 88 51 63 22 37 92 60 98 25 27 67 7 
104-0-8 1?2.597 = 0 44 95 64 26 78 45 88 51 63 22 37 92 60 98 25 27 38 49 8 
104-0-9 1?2.647 = 0 44 97 87 69 61 23 41 18 71 30 74 46 47 62 35 34 32 89 99 9 
104-0-10 1?2.506 = 0 44 97 87 69 61 23 41 18 71 30 74 46 47 62 66 39 76 81 10 
104-0-11 1?2.647 = 0 44 97 87 28 69 61 23 41 18 71 30 74 46 62 66 39 76 77 11 
104-0-12 1?2.4 = 0 44 95 64 26 97 87 28 84 55 33 73 53 21 48 75 83 70 43 12 
104-0-13 1?2.082 = 0 44 95 64 26 97 87 28 84 55 33 73 53 21 94 13 
104-0-14 1?2.053 = 0 44 95 64 26 97 87 28 84 55 33 73 48 21 53 31 14 
104-0-15 1?2.131 = 0 44 95 64 26 97 87 28 84 55 33 73 21 53 19 15 
104-1-2 1?2.216 = 1 95 64 56 26 97 87 28 69 61 68 24 45 78 42 2 
104-1-3 1?2.229 = 1 95 64 26 56 42 78 45 88 51 63 22 91 52 17 3 
104-1-4 1?1.778 = 1 95 64 56 42 78 45 88 51 22 63 17 52 79 4 
104-1-5 1?2.017 = 1 95 64 97 26 56 42 78 45 88 51 22 63 17 52 79 58 85 5 
104-1-6 1?2.226 = 1 95 64 26 56 42 78 45 88 51 22 63 17 52 79 90 58 85 50 6 
104-1-7 1?2.369 = 1 95 64 56 42 26 97 87 78 45 88 51 63 22 37 92 60 98 25 27 67 7 
104-1-8 1?2.438 = 1 95 64 26 56 42 78 45 88 51 63 22 37 92 60 98 25 27 38 49 8 
104-1-9 1?2.484 = 1 95 64 26 97 87 69 61 23 41 18 71 30 74 46 62 35 34 32 89 99 9 
104-1-10 1?2.609 = 1 95 64 56 42 26 97 87 28 69 61 23 41 18 71 30 74 46 62 66 39 81 10 
104-1-11 1?2.528 = 1 95 64 26 97 87 28 69 84 55 33 73 53 21 48 75 83 70 59 36 86 11 
104-1-12 1?2.166 = 1 95 64 26 97 87 28 69 84 55 33 73 53 21 48 75 83 70 43 12 
104-1-13 1?1.841 = 1 95 64 26 97 87 28 84 55 33 73 48 21 53 94 13 
104-1-14 1?1.819 = 1 95 64 26 97 87 28 69 84 55 33 73 48 21 53 31 14 
104-1-15 1?1.933 = 1 95 64 26 97 87 28 84 55 33 73 48 21 53 31 96 15 
104-2-3 1?2.369 = 2 56 42 26 97 87 78 45 88 51 63 22 91 52 17 3 
104-2-4 1?1.944 = 2 56 42 26 97 78 45 88 51 22 63 17 52 79 4 
104-2-5 1?1.635 = 2 42 78 45 88 51 22 63 17 52 79 90 58 85 5 
104-2-6 1?2.085 = 2 56 42 78 45 88 51 63 22 37 92 60 98 27 25 54 50 6 
104-2-7 1?2.336 = 2 56 42 78 45 88 51 22 63 17 79 52 91 92 60 98 25 27 67 7 
104-2-8 1?2.467 = 2 56 42 78 45 88 51 22 63 91 37 92 60 98 25 27 38 49 65 8 
104-2-9 1?2.456 = 2 42 78 45 88 51 63 22 37 92 60 98 25 27 38 49 65 99 9 
104-2-10 1?2.59 = 2 56 42 26 97 87 28 69 61 23 41 18 71 30 74 46 47 62 66 39 76 81 10 
104-2-11 1?2.609 = 2 56 42 26 97 87 28 84 55 33 73 48 21 53 94 70 83 75 36 86 11 
104-2-12 1?2.498 = 2 56 42 26 97 87 28 69 61 23 41 18 71 30 74 82 16 75 83 70 59 12 
104-2-13 1?2.434 = 2 56 42 26 97 87 28 69 61 23 41 18 71 30 74 82 16 75 83 70 94 13 
104-2-14 1?2.404 = 2 56 42 26 97 87 28 69 61 23 41 18 71 30 74 82 48 21 53 31 14 
104-2-15 1?2.439 = 2 56 26 97 87 28 69 61 23 41 18 71 30 74 55 84 93 20 15 
104-3-4 1?2.189 = 3 42 78 45 88 51 22 63 17 52 79 58 85 5 90 4 
104-3-5 1?1.941 = 3 42 78 45 88 51 63 22 91 17 52 79 58 85 5 
104-3-6 1?2.29 = 3 88 51 22 63 17 79 52 91 37 92 60 98 25 27 80 50 6 
104-3-7 1?2.221 = 3 88 51 22 63 17 52 79 90 58 85 54 25 27 67 7 
104-3-8 1?2.596 = 3 88 51 22 63 17 79 52 91 92 60 98 25 27 38 49 65 8 
104-3-9 1?2.589 = 3 88 51 22 63 91 37 92 60 98 25 27 67 38 49 65 99 9 
104-3-10 1?2.624 = 3 88 51 63 22 37 92 60 98 40 72 32 34 35 62 66 39 76 81 10 
104-3-11 1?2.713 = 3 42 26 97 87 28 84 55 33 73 53 21 48 75 83 70 59 36 86 11 
104-3-12 1?2.683 = 3 42 56 26 97 87 28 69 61 23 41 18 71 30 74 82 16 75 83 70 43 12 
104-3-13 1?2.673 = 3 42 56 26 97 87 28 69 61 23 41 18 71 30 74 82 16 75 83 70 94 13 
104-3-14 1?2.643 = 3 42 56 26 97 87 28 69 61 23 41 18 71 30 74 82 48 21 53 31 14 
104-3-15 1?2.651 = 3 88 45 78 42 56 26 97 87 28 69 84 55 33 73 48 21 53 19 15 
104-4-5 1?1.803 = 4 79 52 17 63 22 37 92 60 98 54 85 58 90 5 
104-4-6 1?2.105 = 4 5 85 58 79 52 17 51 63 22 37 92 60 98 25 27 80 6 
104-4-7 1?2.025 = 4 90 5 85 58 79 52 17 63 22 91 92 60 98 25 27 67 7 
104-4-8 1?2.305 = 4 90 5 85 58 79 52 17 63 22 37 92 60 98 25 27 38 49 8 
104-4-9 1?2.294 = 4 79 52 17 51 63 22 37 92 60 98 25 27 38 49 65 99 9 
104-4-10 1?2.322 = 4 79 52 91 37 92 60 98 40 72 32 34 35 62 66 39 76 81 10 
104-4-11 1?2.53 = 4 17 79 52 91 37 92 60 98 40 72 32 34 35 62 66 39 76 77 11 
104-4-12 1?2.541 = 4 79 52 17 63 22 51 24 68 23 41 18 71 30 74 82 16 75 83 70 43 12 
104-4-13 1?2.531 = 4 79 52 17 63 22 51 24 68 23 41 18 71 30 74 82 16 75 83 70 94 13 
104-4-14 1?2.446 = 4 79 52 17 63 22 51 24 68 71 18 41 30 74 82 48 21 53 31 14 
104-4-15 1?2.524 = 4 79 52 17 63 22 51 88 45 78 42 56 26 97 87 28 93 20 15 
104-5-6 1?1.503 = 5 85 58 90 79 52 91 37 92 60 98 25 27 80 50 6 
104-5-7 1?1.4 = 5 85 58 90 79 52 91 37 92 60 98 25 27 67 7 
104-5-8 1?1.668 = 5 85 58 90 79 52 91 92 60 98 25 27 38 49 8 
104-5-9 1?2.009 = 5 85 58 90 79 52 91 37 92 60 98 25 27 38 49 65 99 9 
104-5-10 1?2.212 = 5 85 58 79 52 91 37 92 60 98 40 72 32 34 35 62 66 39 76 10 
104-5-11 1?2.361 = 5 85 58 79 52 91 92 60 98 40 72 32 34 35 62 66 39 76 77 11 
104-5-12 1?2.344 = 5 85 58 79 52 17 63 22 51 24 68 18 71 30 74 82 16 36 86 59 12 
104-5-13 1?2.406 = 5 85 58 90 79 52 17 63 22 51 24 68 71 30 74 82 16 75 83 70 94 13 
104-5-14 1?2.33 = 5 85 58 90 79 52 17 63 22 24 68 71 30 74 82 48 21 53 31 14 
104-5-15 1?2.361 = 5 85 58 90 79 52 17 63 22 51 88 78 26 97 87 28 93 20 15 
104-6-7 1?1.729 = 6 50 85 58 90 79 52 91 37 92 60 98 25 27 67 7 
104-6-8 1?1.936 = 6 85 58 90 79 52 91 92 60 98 25 27 38 49 8 
104-6-9 1?2.207 = 6 50 54 92 60 98 40 72 32 34 35 62 66 39 76 81 99 9 
104-6-10 1?2.197 = 6 50 80 27 25 98 92 60 40 72 32 34 35 62 47 66 39 76 81 10 
104-6-11 1?2.426 = 6 50 54 25 27 98 92 60 40 72 32 34 35 62 47 66 39 76 77 11 
104-6-12 1?2.33 = 6 50 54 98 60 40 72 32 34 35 62 47 29 86 36 75 83 70 43 12 
104-6-13 1?2.471 = 6 50 54 92 60 98 40 72 32 34 35 62 47 29 86 36 59 75 83 70 94 13 
104-6-14 1?2.519 = 6 50 54 98 60 92 37 22 63 51 24 68 18 30 74 82 48 21 53 31 14 
104-6-15 1?2.484 = 6 85 58 79 52 17 63 22 51 88 45 78 97 87 28 93 20 15 
104-7-8 1?1.847 = 7 67 27 25 98 60 40 72 34 35 32 89 65 49 8 
104-7-9 1?2.028 = 7 67 27 25 98 92 60 40 72 34 35 89 65 99 9 
104-7-10 1?2.017 = 7 67 27 25 98 92 60 40 72 32 34 35 62 66 39 76 81 10 
104-7-11 1?2.155 = 7 67 27 25 98 92 60 40 72 32 34 35 62 66 39 76 77 11 
104-7-12 1?2.228 = 7 67 27 25 98 92 60 40 72 32 34 35 62 47 29 86 36 59 12 
104-7-13 1?2.338 = 7 67 38 49 65 89 32 34 35 62 47 29 86 36 59 75 83 70 94 13 
104-7-14 1?2.571 = 7 67 27 25 98 60 92 37 22 63 51 24 68 18 30 74 82 48 21 53 31 14 
104-7-15 1?2.487 = 7 67 27 25 98 60 92 37 22 63 51 88 45 78 97 87 28 93 20 15 
104-8-9 1?1.911 = 8 49 65 89 32 34 35 62 46 47 66 39 76 81 99 9 
104-8-10 1?1.79 = 8 49 65 57 89 32 34 35 62 46 47 66 39 76 81 10 
104-8-11 1?1.916 = 8 49 38 57 89 32 34 35 62 46 47 66 39 76 77 11 
104-8-12 1?2.108 = 8 49 65 89 32 34 35 62 46 47 29 86 36 59 75 83 70 43 12 
104-8-13 1?2.236 = 8 49 65 57 89 32 34 35 62 46 47 29 86 36 59 75 83 70 94 13 
104-8-14 1?2.488 = 8 49 65 89 32 34 35 62 47 29 86 36 59 70 83 75 48 21 53 31 14 
104-8-15 1?2.506 = 8 49 65 89 32 34 35 62 46 71 18 30 74 82 48 21 53 73 19 15 
104-9-10 1?1.867 = 9 99 65 49 38 57 89 32 34 35 62 66 39 76 81 10 
104-9-11 1?2.005 = 9 99 65 49 38 57 89 32 34 35 62 66 39 76 77 11 
104-9-12 1?1.924 = 9 99 89 32 34 35 62 47 29 86 59 75 83 70 43 12 
104-9-13 1?2.218 = 9 99 65 89 32 34 35 62 46 47 29 86 36 59 75 83 70 94 13 
104-9-14 1?2.514 = 9 99 89 32 34 35 62 47 29 86 36 59 75 83 70 94 21 53 31 14 
104-9-15 1?2.549 = 9 99 89 32 34 35 62 47 29 86 36 59 70 83 21 53 73 33 19 15 
104-10-11 1?2.247 = 10 81 76 39 66 62 35 34 46 47 29 16 75 36 86 11 
104-10-12 1?1.919 = 10 81 76 39 66 62 46 47 29 86 36 59 75 83 70 43 12 
104-10-13 1?1.893 = 10 81 76 39 66 62 46 47 29 86 36 59 75 83 94 13 
104-10-14 1?2.126 = 10 81 76 39 29 86 36 59 75 83 70 94 21 53 31 14 
104-10-15 1?2.463 = 10 81 76 39 29 86 36 59 75 83 70 94 21 53 73 48 33 19 15 
104-11-12 1?2.057 = 11 77 76 39 66 62 46 47 29 86 36 59 75 83 70 43 12 
104-11-13 1?2.031 = 11 77 76 39 66 62 46 47 29 86 36 59 75 83 94 13 
104-11-14 1?2.092 = 11 86 36 59 75 83 70 94 53 21 48 73 33 19 96 31 14 
104-11-15 1?2.654 = 11 77 76 39 29 16 36 86 59 75 83 70 94 21 53 73 33 19 15 
104-12-13 1?2.17 = 12 43 59 36 86 29 47 62 35 46 16 75 83 70 94 13 
104-12-14 1?1.96 = 12 59 86 36 75 83 70 94 53 21 48 73 33 19 96 31 14 
104-12-15 1?2.306 = 12 43 70 83 75 59 86 36 16 48 21 53 73 33 55 84 93 20 15 
104-13-14 1?2.034 = 13 94 70 83 59 86 36 16 75 21 53 73 33 19 96 31 14 
104-13-15 1?2.142 = 13 94 70 83 75 59 86 36 16 48 73 21 53 19 31 96 15 
104-14-15 1?2.257 = 14 31 53 73 33 55 84 28 87 97 64 95 44 93 20 15 
stop
