start
982-0-3 1?1.94 = 0 51 26 59 74 23 29 84 65 39 20 41 61 48 3 
982-0-2 1?1.675 = 0 51 26 59 74 23 29 84 65 39 20 41 61 79 2 
982-0-1 1?1.989 = 0 51 26 59 74 23 29 84 65 39 20 41 61 79 1 
982-0-5 1?2.176 = 0 51 59 74 23 29 84 65 38 28 18 71 92 56 58 86 76 5 
982-0-11 1?2.266 = 0 51 59 74 23 29 84 65 36 35 67 27 52 16 43 31 90 66 11 
982-0-9 1?2.479 = 0 51 59 74 23 29 84 65 38 35 36 67 52 27 82 64 85 89 68 63 9 
982-0-10 1?2.358 = 0 51 59 74 29 84 65 38 35 36 67 52 42 45 98 19 93 88 54 83 10 
982-0-4 1?2.117 = 0 51 59 74 29 84 65 38 28 18 92 56 58 86 96 46 4 
982-0-8 1?2.359 = 0 51 59 74 29 84 65 36 35 67 27 82 64 69 40 50 47 32 37 8 
982-0-6 1?2.595 = 0 51 59 74 23 29 84 65 38 36 35 60 28 18 92 56 58 86 76 49 95 6 
982-0-7 1?2.619 = 0 51 59 74 23 29 84 65 38 28 18 71 92 56 58 86 76 49 95 44 30 7 
982-1-2 1?2.009 = 1 55 51 59 74 23 29 84 65 39 21 20 41 61 79 2 
982-0-15 1?2.01 = 0 51 59 74 29 84 65 38 35 36 33 97 26 77 15 
982-1-3 1?2.306 = 1 23 59 74 29 84 65 39 20 41 61 73 62 99 48 3 
982-0-14 1?2.203 = 0 51 59 74 23 29 84 65 38 35 36 67 25 70 14 
982-0-13 1?2.168 = 0 51 59 74 29 84 65 38 35 67 27 52 16 25 13 
982-1-5 1?2.389 = 1 23 59 74 29 84 65 38 28 18 92 56 58 75 22 72 96 5 
982-1-6 1?2.589 = 1 23 59 74 29 84 65 38 28 18 71 87 92 56 58 86 76 49 95 6 
982-0-12 1?2.061 = 0 51 59 74 29 84 65 38 35 67 27 52 16 81 12 
982-1-4 1?2.338 = 1 23 59 74 29 84 65 38 28 18 92 56 75 22 72 96 46 4 
982-1-8 1?2.46 = 1 23 29 84 65 36 35 67 52 27 82 64 69 40 50 47 32 37 8 
982-1-7 1?2.658 = 1 23 59 74 29 84 65 38 28 18 92 56 58 86 76 49 95 44 30 7 
982-2-3 1?2.137 = 2 79 61 41 73 94 22 75 58 86 72 96 46 17 99 3 
982-2-5 1?2.189 = 2 79 61 41 20 39 28 18 71 87 92 56 58 75 22 72 96 5 
982-2-4 1?1.957 = 2 79 61 41 20 39 28 18 92 56 75 22 72 96 46 4 
982-1-11 1?2.674 = 1 23 59 74 29 84 65 38 35 36 67 16 52 42 45 19 93 54 88 11 
982-1-9 1?2.712 = 1 55 51 59 74 23 29 84 65 38 35 36 67 27 82 64 85 89 68 63 9 
982-1-10 1?2.552 = 1 23 59 74 29 84 65 38 35 36 67 52 42 45 98 19 93 88 54 83 10 
982-2-6 1?2.419 = 2 79 61 41 73 62 99 17 46 96 72 22 75 56 58 86 76 49 95 6 
982-1-13 1?2.643 = 1 55 51 59 74 23 29 84 65 38 35 36 67 27 52 16 25 13 
982-1-12 1?2.699 = 1 55 51 26 59 74 23 29 84 65 38 35 36 67 27 52 16 81 12 
982-1-15 1?2.081 = 1 79 61 41 20 39 65 84 29 23 59 74 26 77 24 15 
982-1-14 1?2.401 = 1 79 61 41 20 39 65 84 29 23 74 59 26 97 77 24 14 
982-3-5 1?2.232 = 3 48 99 17 46 96 72 22 75 86 58 56 92 87 49 76 5 
982-3-4 1?2.347 = 3 2 79 61 41 20 39 28 18 92 56 75 22 72 96 46 4 
982-2-11 1?2.583 = 2 79 61 41 20 39 21 29 84 65 38 35 36 67 27 52 16 43 31 91 66 11 
982-2-9 1?2.594 = 2 79 61 41 20 39 21 84 65 38 35 36 67 52 27 82 64 85 89 68 63 9 
982-2-10 1?2.496 = 2 79 61 41 20 39 21 84 65 36 35 67 52 42 45 98 19 93 88 54 83 10 
982-2-15 1?1.739 = 2 79 61 41 20 39 65 84 29 23 74 59 26 77 24 15 
982-2-14 1?2.087 = 2 79 61 41 20 39 65 84 29 23 74 59 26 97 77 24 14 
982-2-13 1?2.549 = 2 79 61 41 20 39 38 35 36 65 84 29 74 59 26 97 33 70 13 
982-2-12 1?2.584 = 2 79 61 41 20 39 21 84 65 38 35 36 67 27 52 16 43 31 90 81 12 
982-2-8 1?2.38 = 2 79 61 41 20 39 84 65 38 60 80 34 69 40 50 47 32 37 8 
982-2-7 1?2.544 = 2 79 61 41 73 62 99 17 46 96 72 22 75 58 86 76 49 95 44 30 7 
982-4-5 1?2.336 = 4 17 46 96 72 22 75 86 58 56 92 87 49 44 95 76 5 
982-3-6 1?2.354 = 3 48 99 62 17 46 96 72 22 75 86 58 56 92 87 49 95 44 6 
982-3-11 1?2.609 = 3 48 99 62 22 75 58 56 92 87 78 34 69 40 89 19 93 54 88 11 
982-3-9 1?2.576 = 3 99 17 46 96 72 22 75 58 56 92 87 78 34 69 40 85 89 68 63 9 
982-3-10 1?2.517 = 3 99 62 22 75 58 56 92 87 78 80 82 64 85 89 19 93 88 54 83 10 
982-3-13 1?2.686 = 3 48 79 61 41 20 21 39 65 84 29 23 74 59 26 97 33 70 13 
982-3-12 1?2.738 = 3 48 79 61 41 20 39 21 29 84 65 36 35 67 27 52 16 81 12 
982-3-7 1?2.357 = 3 48 99 62 17 46 96 72 22 75 92 56 58 86 76 49 95 44 30 7 
982-3-8 1?2.224 = 3 17 46 96 72 22 75 56 92 87 78 34 69 40 50 47 32 37 8 
982-3-14 1?2.462 = 3 48 79 61 41 20 39 65 84 29 23 74 59 26 97 77 24 14 
982-3-15 1?2.526 = 3 17 46 96 72 22 75 56 92 18 28 38 65 84 74 59 26 77 15 
982-4-6 1?2.175 = 4 46 96 72 22 75 86 58 56 92 87 78 34 53 57 44 6 
982-5-6 1?2.277 = 5 96 72 22 75 56 92 87 78 34 69 53 57 30 44 6 
982-4-9 1?2.198 = 4 46 96 72 22 75 58 56 92 87 78 34 69 40 85 89 68 63 9 
982-4-11 1?2.473 = 4 46 96 72 22 75 58 56 92 87 78 34 69 40 89 45 19 93 54 88 11 
982-4-10 1?2.353 = 4 46 96 72 22 75 56 92 87 78 34 69 40 85 89 19 93 88 54 83 10 
982-4-7 1?2.225 = 4 46 96 72 22 75 56 92 87 78 34 69 40 50 47 32 37 7 
982-4-8 1?1.971 = 4 46 96 72 22 75 58 56 92 87 78 34 69 40 50 47 32 37 8 
982-4-13 1?2.693 = 4 46 96 72 22 75 86 58 56 92 87 78 34 64 82 27 52 16 25 13 
982-4-14 1?2.5 = 4 46 96 86 58 56 92 18 28 38 65 84 29 74 59 26 97 33 14 
982-4-12 1?2.585 = 4 46 96 72 22 75 56 92 87 78 34 69 40 85 89 45 98 31 81 12 
982-4-15 1?2.374 = 4 46 96 72 22 75 58 56 92 18 28 38 65 84 29 23 74 59 26 77 15 
982-5-9 1?2.15 = 5 96 72 22 75 86 58 56 92 87 78 34 69 40 50 68 63 9 
982-5-10 1?2.195 = 5 76 86 58 56 92 87 78 80 82 64 85 89 19 93 88 54 83 10 
982-6-8 1?1.892 = 6 76 86 58 56 92 87 78 34 69 40 50 47 32 37 8 
982-6-7 1?2.172 = 6 95 49 76 86 96 72 22 75 58 56 92 87 78 57 30 7 
982-5-7 1?2.035 = 5 46 96 72 22 75 92 87 56 58 86 76 49 95 44 30 7 
982-5-8 1?1.791 = 5 76 86 58 56 92 87 78 34 69 40 50 47 32 37 8 
982-5-11 1?2.485 = 5 96 72 22 75 58 56 92 87 78 34 69 40 85 89 19 93 54 88 11 
982-5-13 1?2.732 = 5 76 86 58 56 92 18 28 38 65 84 29 23 74 59 26 97 33 70 13 
982-5-15 1?2.421 = 5 96 72 22 75 56 92 71 18 28 38 65 84 29 23 59 74 26 77 15 
982-5-14 1?2.578 = 5 96 72 22 75 58 56 92 18 28 38 65 84 29 74 59 26 97 33 14 
982-5-12 1?2.669 = 5 76 86 58 56 92 87 78 80 82 64 85 89 19 93 54 88 91 66 12 
982-7-9 1?2.203 = 7 30 57 53 47 50 40 69 34 80 82 64 85 89 68 63 9 
982-6-9 1?2.176 = 6 95 49 76 86 58 56 92 87 78 80 82 64 85 89 68 63 9 
982-7-10 1?1.974 = 7 37 32 47 50 40 69 85 89 45 98 19 93 88 54 83 10 
982-7-11 1?2.157 = 7 37 32 47 50 40 69 85 89 45 98 19 93 54 88 91 11 
982-7-8 1?1.961 = 7 30 57 53 34 80 82 64 85 69 40 50 47 32 37 8 
982-6-10 1?2.3 = 6 95 76 86 58 56 92 87 78 34 69 40 89 19 93 88 54 83 10 
982-6-11 1?2.542 = 6 95 49 76 86 58 56 92 87 78 80 82 64 85 89 45 19 93 54 88 11 
982-6-13 1?2.76 = 6 76 86 58 56 92 18 28 38 65 84 29 74 59 26 97 33 70 13 
982-6-14 1?2.597 = 6 95 49 76 86 58 56 92 18 28 38 65 84 29 74 59 26 97 33 14 
982-6-15 1?2.53 = 6 76 86 58 56 92 18 28 60 35 36 38 65 84 29 74 59 26 77 15 
982-6-12 1?2.705 = 6 95 49 76 86 58 56 92 87 78 34 69 40 89 19 93 91 90 81 12 
982-8-9 1?1.75 = 8 37 32 47 40 69 34 80 82 64 85 89 68 63 9 
982-8-10 1?1.511 = 8 37 32 47 50 40 69 85 89 19 93 88 54 83 10 
982-8-11 1?1.665 = 8 37 32 47 50 40 69 85 89 45 19 93 54 88 11 
982-7-15 1?2.532 = 7 30 44 95 76 86 58 56 92 18 28 38 65 84 29 74 59 26 77 15 
982-7-12 1?2.581 = 7 37 32 47 50 40 69 85 89 45 19 93 54 88 91 66 90 81 12 
982-7-14 1?2.72 = 7 30 44 95 49 58 56 92 18 28 38 65 84 29 74 59 26 97 33 14 
982-7-13 1?2.842 = 7 30 37 32 47 50 40 69 85 89 45 19 93 54 88 91 90 81 13 
982-8-12 1?2.312 = 8 37 32 47 50 40 69 85 89 45 98 19 93 54 88 91 66 81 12 
982-8-15 1?2.411 = 8 37 32 47 50 40 69 34 80 60 38 65 84 29 23 74 59 26 77 15 
982-8-13 1?2.56 = 8 37 32 47 50 40 69 85 89 45 98 19 93 54 88 91 66 81 13 
982-8-14 1?2.621 = 8 37 32 47 50 40 69 34 80 60 38 65 84 29 74 59 26 97 33 14 
982-9-10 1?1.718 = 9 63 68 89 85 64 82 42 45 98 19 93 88 54 83 10 
982-10-11 1?1.854 = 10 83 54 88 93 19 89 85 64 82 42 45 98 31 91 11 
982-9-11 1?1.847 = 9 63 68 40 69 85 89 45 98 19 93 54 88 91 11 
982-10-12 1?2.01 = 10 83 54 88 93 19 89 85 64 82 42 45 98 31 81 12 
982-9-12 1?2.047 = 9 63 68 89 42 45 98 19 93 54 88 91 31 90 81 12 
982-10-13 1?2.363 = 10 83 54 88 93 19 98 45 89 85 64 82 27 52 16 25 70 13 
982-10-15 1?2.227 = 10 83 54 93 19 45 42 27 67 35 36 65 84 29 74 59 26 77 15 
982-10-14 1?2.37 = 10 83 54 88 93 19 98 45 89 85 64 82 27 52 16 25 70 14 
982-9-13 1?2.598 = 9 63 68 40 69 85 89 45 98 19 93 54 88 91 66 90 81 13 
982-9-15 1?2.353 = 9 63 68 89 85 64 82 27 67 35 36 65 84 29 74 59 26 77 15 
982-9-14 1?2.62 = 9 63 68 89 85 64 82 27 67 35 38 65 84 29 74 59 26 97 33 14 
982-14-15 1?2.384 = 14 24 33 25 36 35 38 65 84 29 74 59 26 77 15 
982-11-13 1?2.228 = 11 91 88 54 93 19 89 85 64 82 27 52 16 25 13 
982-12-13 1?2.398 = 12 81 90 91 88 54 93 19 98 45 42 27 52 16 25 13 
982-13-15 1?2.179 = 13 25 36 35 38 65 84 29 23 74 59 26 97 77 15 
982-12-15 1?2.09 = 12 81 16 52 67 35 36 65 84 74 59 26 77 15 
982-11-12 1?2.121 = 11 91 88 54 93 19 89 85 64 82 27 52 16 81 12 
982-13-14 1?2.34 = 13 25 67 36 35 38 65 84 29 74 59 26 97 33 14 
982-11-15 1?2.063 = 11 91 31 43 52 67 36 65 84 29 74 59 26 77 15 
982-12-14 1?2.321 = 12 81 25 36 35 38 65 84 29 74 59 26 97 33 14 
982-11-14 1?2.299 = 11 88 54 93 19 89 85 64 82 27 52 16 25 70 14 
stop
