start
545-0-3 1?2.319 = 0 93 17 28 19 95 67 79 47 96 45 97 66 44 83 35 81 3 
545-0-2 1?2.275 = 0 93 17 28 19 95 67 79 47 96 97 66 44 83 98 2 
545-0-1 1?2.29 = 0 90 91 23 61 88 37 63 43 69 82 64 95 19 84 1 
545-0-7 1?2.461 = 0 93 17 28 19 95 67 66 73 85 80 57 58 59 46 71 33 89 7 
545-0-11 1?2.508 = 0 17 28 90 91 23 61 88 37 63 38 25 74 42 53 31 54 99 12 11 
545-0-6 1?2.522 = 0 93 17 28 19 95 67 66 79 47 96 45 97 68 80 57 58 24 26 52 70 6 
545-0-10 1?2.487 = 0 93 17 19 28 90 91 23 61 88 37 63 38 43 94 55 40 34 48 10 
545-0-5 1?2.405 = 0 93 17 28 19 95 67 66 79 47 96 45 97 68 80 57 58 24 26 27 5 
545-0-4 1?2.382 = 0 17 28 19 95 67 66 47 96 97 68 80 57 58 24 26 29 78 4 
545-0-8 1?2.511 = 0 17 28 90 91 23 61 88 37 63 38 43 94 55 22 60 30 50 76 8 
545-0-9 1?2.508 = 0 17 28 90 91 23 61 88 37 63 38 43 94 55 60 22 92 77 32 9 
545-0-14 1?1.904 = 0 17 19 95 28 90 91 23 61 88 37 42 39 51 14 
545-0-15 1?2.237 = 0 17 19 95 28 90 91 23 61 88 37 42 39 51 15 
545-0-13 1?1.726 = 0 17 19 95 28 90 91 23 61 88 37 42 53 31 20 13 
545-0-12 1?1.879 = 0 93 17 28 90 91 23 61 88 37 42 53 31 54 99 12 
545-1-2 1?2.302 = 1 93 17 28 19 95 67 79 47 96 97 66 44 83 98 2 
545-1-3 1?2.093 = 1 62 84 17 28 19 95 67 79 66 44 98 83 35 81 3 
545-1-5 1?2.213 = 1 93 17 19 95 67 66 79 47 96 97 68 80 57 58 24 26 27 5 
545-1-6 1?2.379 = 1 93 17 28 19 95 67 66 79 47 96 97 68 80 57 58 24 26 52 70 6 
545-1-4 1?2.341 = 1 84 93 17 28 19 95 67 66 79 47 96 97 68 80 85 78 4 
545-1-8 1?2.543 = 1 93 17 28 90 91 23 61 88 37 63 43 94 55 22 60 30 50 76 8 
545-1-7 1?2.477 = 1 62 67 66 79 47 96 97 68 80 57 58 59 46 86 36 21 89 33 7 
545-1-15 1?2.221 = 1 62 84 17 19 95 28 91 23 61 88 37 39 51 15 
545-1-14 1?1.854 = 1 84 93 17 19 95 28 90 91 23 61 88 37 39 51 14 
545-2-3 1?2.216 = 2 98 83 44 66 79 47 96 97 68 80 85 78 35 81 3 
545-1-13 1?2.019 = 1 93 17 28 90 91 23 61 88 37 63 43 38 25 74 42 53 31 20 13 
545-1-12 1?2.224 = 1 93 17 28 90 91 23 61 88 37 63 43 38 25 42 53 31 54 99 12 
545-1-11 1?2.613 = 1 93 17 28 90 91 23 61 88 37 63 43 38 25 42 53 31 54 99 12 11 
545-2-4 1?2.11 = 2 98 44 66 79 47 96 97 68 80 57 58 24 26 29 78 4 
545-2-5 1?2.188 = 2 98 44 66 79 47 96 97 73 85 80 57 58 24 26 27 52 5 
545-2-6 1?2.334 = 2 98 44 66 79 47 96 97 73 85 80 57 58 24 26 29 27 52 70 6 
545-1-9 1?2.538 = 1 93 17 28 90 91 23 61 88 37 63 38 43 94 55 22 92 77 32 9 
545-1-10 1?2.515 = 1 93 17 19 95 28 90 91 23 61 88 37 63 43 38 25 87 18 48 10 
545-2-15 1?2.284 = 2 98 44 66 79 47 96 45 75 41 82 69 88 61 23 15 
545-2-14 1?2.015 = 2 62 84 17 19 95 28 91 23 61 88 37 39 51 14 
545-2-13 1?2.253 = 2 62 84 17 28 90 91 23 61 88 37 63 43 38 25 42 53 31 20 13 
545-3-5 1?1.833 = 3 81 35 83 44 66 79 47 96 97 68 57 58 24 26 27 5 
545-2-12 1?2.426 = 2 62 84 17 19 95 28 90 91 23 61 88 37 42 53 31 20 54 99 12 
545-3-4 1?2.016 = 3 81 35 83 44 66 79 47 96 97 68 80 85 73 78 4 
545-2-11 1?2.874 = 2 98 44 66 79 47 96 45 75 41 82 69 88 37 42 53 31 54 99 12 11 
545-2-9 1?2.666 = 2 98 83 44 66 79 47 96 97 45 75 41 94 55 60 22 92 77 32 9 
545-2-8 1?2.548 = 2 98 44 73 85 29 27 26 24 58 57 59 72 86 36 21 71 33 89 8 
545-2-7 1?2.382 = 2 98 44 66 47 96 97 68 80 57 58 59 46 86 36 21 89 33 7 
545-2-10 1?2.859 = 2 62 84 17 19 95 28 90 91 23 61 88 37 63 38 43 94 55 40 34 48 10 
545-3-15 1?2.265 = 3 81 35 83 44 66 79 47 96 45 75 41 82 69 88 61 23 15 
545-3-12 1?2.279 = 3 81 35 83 44 66 47 96 45 75 41 82 69 43 63 38 25 74 99 12 
545-3-13 1?2.172 = 3 83 44 66 47 96 45 75 41 82 69 43 63 38 25 74 99 54 31 20 13 
545-3-14 1?2.186 = 3 81 35 83 44 66 79 47 96 45 75 41 82 69 88 37 39 51 14 
545-4-5 1?2.059 = 4 35 83 44 66 79 47 96 97 68 80 57 58 24 26 27 5 
545-3-6 1?2.053 = 3 81 35 83 44 66 79 47 96 97 68 80 57 24 26 27 52 70 6 
545-3-11 1?2.706 = 3 81 35 83 44 66 79 47 96 97 45 75 41 94 55 40 34 48 18 87 11 
545-3-9 1?2.371 = 3 81 35 83 44 66 79 47 96 45 75 41 94 55 22 92 77 32 9 
545-3-7 1?2.1 = 3 81 35 78 29 27 26 24 57 58 59 46 86 36 21 71 33 89 7 
545-3-8 1?2.211 = 3 81 35 78 29 27 26 24 58 57 59 46 86 36 21 71 33 89 8 
545-3-10 1?2.67 = 3 81 35 83 44 66 79 47 96 45 75 41 82 69 43 63 38 25 87 18 48 10 
545-5-6 1?1.838 = 5 27 29 26 24 58 57 59 46 86 36 21 89 33 71 6 
545-4-6 1?1.975 = 4 78 29 26 24 58 57 59 46 86 36 21 89 33 71 6 
545-4-7 1?1.722 = 4 78 29 27 26 24 58 57 59 72 86 36 21 89 33 7 
545-4-15 1?2.444 = 4 78 73 97 96 45 75 41 82 69 43 38 63 37 88 61 23 15 
545-4-14 1?2.387 = 4 78 85 80 68 97 47 96 45 75 41 82 69 43 63 37 39 51 14 
545-4-12 1?2.473 = 4 78 73 97 96 45 75 41 82 69 43 63 38 25 42 53 31 54 99 12 
545-4-13 1?2.28 = 4 78 73 97 47 96 45 75 41 82 69 43 63 38 25 74 99 54 31 20 13 
545-4-11 1?2.626 = 4 78 29 26 24 58 57 59 46 86 36 56 30 60 22 92 77 40 34 87 18 11 
545-4-9 1?2.415 = 4 78 29 26 24 58 59 46 71 33 89 21 36 56 60 22 92 77 32 9 
545-4-8 1?2.34 = 4 78 27 26 24 29 85 80 57 58 59 46 86 36 21 71 33 89 76 8 
545-4-10 1?2.587 = 4 78 85 80 57 58 59 46 71 33 89 21 36 56 30 60 22 92 77 32 10 
545-5-7 1?1.615 = 5 27 29 26 24 58 57 59 46 86 36 21 71 33 89 7 
545-6-7 1?1.595 = 6 70 52 27 26 24 58 57 59 72 86 36 21 89 33 7 
545-5-8 1?1.728 = 5 27 29 26 24 58 57 59 46 86 36 21 71 33 89 8 
545-6-8 1?1.744 = 6 70 52 26 24 58 57 59 72 86 36 21 71 33 89 8 
545-5-15 1?2.393 = 5 27 26 24 58 57 80 68 97 47 96 45 75 41 82 69 88 61 23 15 
545-5-14 1?2.314 = 5 27 26 24 58 57 80 68 97 47 96 45 75 41 82 69 88 37 39 51 14 
545-5-13 1?2.259 = 5 27 26 24 80 68 97 96 45 75 41 82 69 43 38 25 74 99 54 31 20 13 
545-5-11 1?2.491 = 5 27 26 24 58 57 59 46 71 33 89 21 36 56 30 60 22 40 34 87 11 
545-5-12 1?2.389 = 5 27 26 24 58 57 80 68 97 96 45 75 41 82 69 43 63 38 25 74 99 12 
545-5-9 1?2.192 = 5 27 26 24 58 59 46 71 33 89 21 36 56 60 22 92 77 32 9 
545-5-10 1?2.308 = 5 27 26 24 58 57 59 72 86 71 21 36 56 30 60 22 92 77 32 10 
545-7-9 1?1.736 = 7 33 71 21 36 86 16 49 56 30 60 22 92 77 32 9 
545-7-8 1?1.773 = 7 33 89 21 36 86 72 16 49 56 60 22 30 50 76 8 
545-6-15 1?2.393 = 6 70 52 26 24 80 68 97 96 45 75 41 82 69 88 61 23 15 
545-6-13 1?2.287 = 6 70 52 26 24 80 68 97 45 75 82 69 43 38 25 74 99 54 31 20 13 
545-7-11 1?2.195 = 7 33 89 21 71 86 36 56 30 60 22 92 77 40 34 48 18 87 11 
545-6-12 1?2.385 = 6 70 52 26 24 80 68 97 96 45 75 41 82 69 43 63 38 25 74 12 
545-6-11 1?2.432 = 6 70 46 86 71 33 89 21 36 56 30 60 22 92 77 34 87 18 11 
545-6-9 1?2.092 = 6 70 52 27 26 24 58 57 59 72 16 56 30 60 22 92 77 32 9 
545-6-14 1?2.383 = 6 70 52 26 24 58 57 80 68 97 96 45 75 41 82 69 88 37 39 51 14 
545-7-10 1?1.958 = 7 89 33 71 21 36 56 30 60 22 92 77 40 34 87 18 48 10 
545-6-10 1?2.181 = 6 71 33 89 21 36 56 30 60 22 92 77 40 34 87 18 48 10 
545-8-9 1?1.837 = 8 76 89 33 71 21 36 86 56 30 60 22 92 77 32 9 
545-8-12 1?2.234 = 8 76 50 30 60 22 55 94 43 63 38 25 42 53 31 54 99 12 
545-8-11 1?2.125 = 8 76 89 33 71 21 36 56 30 60 22 92 77 40 34 87 18 11 
545-7-15 1?2.374 = 7 33 21 36 56 30 60 22 55 94 43 38 63 37 88 61 23 15 
545-8-13 1?2.318 = 8 76 50 30 60 22 92 77 34 40 55 94 43 63 38 25 74 42 53 20 13 
545-8-10 1?1.882 = 8 89 33 71 21 36 56 30 60 22 92 77 40 34 48 10 
545-8-14 1?2.443 = 8 76 50 30 60 22 55 94 43 63 38 25 74 99 54 31 53 42 39 51 14 
545-7-13 1?2.319 = 7 33 89 21 36 56 30 60 22 55 94 43 63 38 25 74 42 53 31 54 20 13 
545-7-12 1?2.403 = 7 33 21 36 56 30 60 22 55 94 43 63 38 25 42 53 31 54 99 12 
545-8-15 1?2.565 = 8 76 50 30 56 60 22 92 77 40 55 94 43 38 63 37 88 61 23 15 
545-7-14 1?2.442 = 7 89 33 71 21 36 56 30 60 22 55 94 43 38 63 88 37 39 51 14 
545-10-13 1?2.009 = 10 48 18 87 25 38 43 63 88 37 42 53 31 54 20 13 
545-10-12 1?2.177 = 10 48 18 87 25 38 43 63 88 37 42 53 31 54 99 12 
545-10-11 1?2.406 = 10 32 77 92 22 60 30 56 16 49 55 94 40 34 87 18 11 
545-9-13 1?1.99 = 9 32 77 92 22 60 55 94 43 63 38 25 74 99 54 31 20 13 
545-9-12 1?2.225 = 9 32 77 92 22 55 94 43 63 38 25 74 42 53 31 54 99 12 
545-9-11 1?2.33 = 9 65 50 76 89 33 71 21 36 56 30 60 22 40 34 87 18 11 
545-9-10 1?2.059 = 9 65 76 89 33 71 21 36 56 30 60 22 92 77 32 10 
545-10-14 1?2.437 = 10 48 18 87 34 40 55 94 41 82 69 43 63 88 37 39 51 14 
545-10-15 1?2.532 = 10 48 34 40 55 94 41 75 82 69 43 38 63 37 88 61 23 15 
545-9-14 1?2.44 = 9 32 77 92 22 60 55 94 43 63 38 25 74 99 54 31 53 42 39 51 14 
545-9-15 1?2.521 = 9 32 77 92 22 60 55 94 41 82 69 43 38 63 37 88 61 23 15 
545-11-13 1?2.041 = 11 18 87 25 38 43 63 88 37 42 53 99 54 31 20 13 
545-12-13 1?1.858 = 12 99 74 25 38 43 63 88 37 39 42 53 54 31 20 13 
545-12-14 1?1.823 = 12 99 54 20 31 53 42 74 25 38 63 88 37 39 51 14 
545-11-12 1?2.258 = 11 18 48 34 94 43 63 38 25 74 42 53 31 54 99 12 
545-11-14 1?2.212 = 11 12 99 54 20 31 53 42 74 25 38 63 88 37 39 51 14 
545-13-14 1?1.61 = 13 20 54 31 53 42 74 25 38 43 63 88 37 39 51 14 
545-14-15 1?1.935 = 14 51 39 53 31 54 99 74 25 38 63 37 88 61 23 15 
545-13-15 1?1.895 = 13 20 31 54 99 74 25 38 43 63 37 88 61 23 91 90 15 
545-11-15 1?2.438 = 11 12 99 54 31 53 42 25 38 43 63 37 88 61 23 91 15 
545-12-15 1?2.049 = 12 99 54 31 53 42 25 38 43 63 37 88 61 23 91 15 
stop
