start
456-0-2 1?1.981 = 0 18 74 73 26 21 83 42 66 57 51 49 54 77 92 2 
456-0-3 1?2.385 = 0 18 74 73 26 21 83 42 51 49 57 66 45 33 56 19 17 3 
456-0-6 1?2.563 = 0 18 74 20 89 22 84 85 50 58 93 97 90 63 80 81 60 52 6 
456-0-10 1?2.342 = 0 18 74 20 37 96 16 72 55 43 99 70 38 25 94 32 69 65 10 
456-0-1 1?2.056 = 0 18 74 20 29 21 83 42 51 49 57 77 92 54 26 1 
456-0-9 1?2.532 = 0 18 74 20 37 96 16 72 55 87 71 62 84 50 58 93 44 88 78 9 
456-0-11 1?2.244 = 0 18 74 20 37 96 16 72 55 87 71 41 23 61 24 32 94 25 79 46 11 
456-0-5 1?2.566 = 0 18 74 73 26 21 83 42 51 49 57 66 19 56 45 33 40 5 
456-0-4 1?2.457 = 0 18 74 20 89 22 91 48 53 29 21 83 42 51 49 57 66 19 17 4 
456-0-7 1?2.481 = 0 18 74 20 89 91 22 84 85 50 58 93 86 80 81 60 52 47 7 
456-0-8 1?2.48 = 0 18 74 20 37 16 72 55 87 71 62 84 50 58 93 44 88 78 28 8 
456-1-2 1?2.278 = 1 0 18 20 74 73 26 21 83 42 66 57 51 49 77 92 2 
456-0-15 1?2.285 = 0 18 73 26 54 49 51 42 83 21 29 89 96 37 76 15 
456-1-3 1?2.258 = 1 0 18 74 73 26 54 92 77 49 51 42 57 66 19 17 3 
456-0-12 1?2.135 = 0 18 74 20 37 96 16 72 55 87 71 41 23 94 25 38 70 12 
456-0-14 1?2.465 = 0 18 74 73 26 54 51 49 57 42 83 21 29 89 37 14 
456-1-4 1?2.355 = 1 26 54 92 77 57 49 51 42 83 21 29 53 45 33 56 4 
456-1-6 1?2.558 = 1 26 54 49 51 42 83 21 29 53 67 59 97 90 63 80 81 60 52 6 
456-1-5 1?2.707 = 1 54 49 51 42 83 21 29 53 67 59 97 90 63 80 81 60 52 82 5 
456-0-13 1?2.279 = 0 18 74 20 37 96 16 72 55 87 71 41 61 23 43 30 13 
456-1-7 1?2.524 = 1 26 54 49 51 42 83 21 29 53 67 59 90 63 80 81 60 52 47 7 
456-1-8 1?2.605 = 1 26 54 49 51 42 83 21 29 53 67 59 90 63 80 86 75 35 39 28 8 
456-1-15 1?2.258 = 1 54 49 51 42 83 21 29 53 48 91 22 89 96 37 76 15 
456-1-14 1?2.533 = 1 54 49 51 42 83 21 29 53 48 91 22 62 71 87 55 72 16 14 
456-2-5 1?2.148 = 2 92 77 49 51 57 66 42 83 21 29 53 45 33 64 5 
456-2-3 1?1.996 = 2 92 77 57 49 51 42 83 21 29 53 45 33 56 19 17 3 
456-1-12 1?2.392 = 1 73 18 74 20 37 96 16 72 55 87 71 41 23 94 25 38 70 12 
456-2-4 1?2.131 = 2 92 77 57 49 51 42 83 21 29 53 45 33 56 19 17 4 
456-1-13 1?2.462 = 1 26 54 49 51 42 83 21 53 48 91 22 62 71 87 43 30 13 
456-1-11 1?2.427 = 1 73 18 74 20 37 96 16 72 55 87 71 41 23 24 32 94 25 79 46 11 
456-1-10 1?2.561 = 1 26 73 18 74 20 37 96 16 72 55 87 71 41 23 94 32 69 65 10 
456-2-6 1?2.35 = 2 92 77 57 49 51 42 83 21 29 53 67 59 97 90 63 80 81 60 52 6 
456-1-9 1?2.74 = 1 26 73 18 74 20 37 96 16 72 55 87 71 62 84 85 50 58 95 31 34 9 
456-2-15 1?2.074 = 2 92 77 57 49 51 42 83 21 29 53 48 91 22 96 37 76 15 
456-2-14 1?2.298 = 2 92 77 49 51 42 83 21 53 48 91 22 62 71 87 55 72 16 14 
456-3-5 1?2.178 = 3 17 19 66 57 49 51 42 83 21 29 53 45 33 64 5 
456-2-12 1?2.231 = 2 92 77 49 51 42 83 21 53 48 91 22 62 71 87 43 99 70 12 
456-3-4 1?2.188 = 3 17 19 66 57 49 51 42 83 21 29 53 45 33 56 40 4 
456-2-10 1?2.331 = 2 92 77 49 51 42 83 21 29 53 48 91 22 62 71 41 23 24 69 65 10 
456-2-13 1?2.263 = 2 92 77 49 51 42 83 21 29 53 48 91 22 62 71 87 55 43 30 13 
456-2-11 1?2.291 = 2 92 77 49 51 42 83 21 29 53 48 91 22 62 71 41 23 94 25 79 46 11 
456-2-9 1?2.428 = 2 92 77 49 51 42 83 21 29 53 67 59 97 90 63 80 86 75 88 78 9 
456-2-7 1?2.316 = 2 92 77 57 49 51 42 83 21 29 53 67 59 90 63 80 81 60 52 47 7 
456-2-8 1?2.361 = 2 92 77 49 51 42 83 21 29 53 67 59 97 90 63 80 86 75 35 39 28 8 
456-3-15 1?2.239 = 3 19 66 57 49 51 42 83 21 53 48 91 22 89 96 37 76 15 
456-3-6 1?2.205 = 3 17 19 56 33 45 67 59 97 90 63 86 80 81 60 52 6 
456-4-5 1?2.313 = 4 17 19 66 57 49 51 42 83 21 29 53 45 33 64 5 
456-3-14 1?2.514 = 3 19 66 57 49 51 42 83 21 53 48 91 22 62 71 87 55 72 16 14 
456-3-10 1?2.484 = 3 57 49 51 42 83 21 29 53 48 91 22 62 71 41 23 61 24 69 65 10 
456-3-12 1?2.532 = 3 17 19 66 57 49 51 42 83 21 29 53 48 91 22 16 72 55 43 99 70 12 
456-3-13 1?2.471 = 3 17 19 66 57 49 51 42 83 21 29 53 48 91 22 62 71 87 43 30 13 
456-3-11 1?2.425 = 3 57 49 51 42 83 21 29 53 48 91 22 62 87 71 41 23 94 25 79 46 11 
456-3-7 1?2.348 = 3 19 66 57 49 51 42 83 21 29 53 67 59 90 63 80 81 47 7 
456-3-9 1?2.585 = 3 19 66 57 49 51 42 83 21 29 53 67 59 90 63 80 86 75 88 78 9 
456-3-8 1?2.381 = 3 57 49 51 42 83 21 29 53 67 59 90 63 80 86 75 35 39 28 8 
456-4-15 1?2.557 = 4 17 19 66 57 49 51 42 83 21 53 48 91 22 72 16 96 37 76 15 
456-4-6 1?2.362 = 4 40 56 33 45 67 59 97 90 63 80 86 75 81 60 52 6 
456-5-6 1?2.272 = 5 64 27 63 90 97 85 50 58 93 86 80 81 60 52 6 
456-4-14 1?2.601 = 4 17 19 66 57 77 49 51 42 83 21 29 53 48 91 22 72 16 14 
456-4-7 1?2.284 = 4 17 19 56 33 45 67 59 97 90 63 80 81 60 52 47 7 
456-4-12 1?2.615 = 4 17 19 66 57 49 51 42 83 21 29 89 96 16 72 43 99 38 70 12 
456-4-13 1?2.578 = 4 17 19 66 57 49 51 42 83 21 53 48 91 22 62 71 87 43 30 13 
456-4-10 1?2.653 = 4 40 64 27 90 63 80 86 93 58 50 61 41 23 94 32 69 65 10 
456-4-11 1?2.56 = 4 40 64 27 90 63 80 86 93 58 50 61 41 23 24 32 94 25 79 11 
456-4-9 1?2.695 = 4 17 19 66 57 49 51 42 83 21 29 53 48 84 85 50 58 95 31 34 9 
456-4-8 1?2.41 = 4 56 33 45 67 59 97 90 63 80 81 60 52 47 75 35 39 28 8 
456-5-15 1?2.583 = 5 64 27 80 86 93 58 50 62 71 87 55 72 16 96 37 76 15 
456-5-14 1?2.58 = 5 82 27 63 90 97 93 58 50 85 84 62 71 87 55 72 16 14 
456-5-7 1?2.243 = 5 64 27 63 90 97 85 50 58 93 86 80 81 60 52 7 
456-6-7 1?2.118 = 6 52 60 81 27 90 63 80 75 88 78 28 39 35 7 
456-6-8 1?1.944 = 6 52 60 81 27 90 63 80 75 35 39 88 78 28 8 
456-5-8 1?2.035 = 5 82 60 52 47 81 27 90 63 80 75 88 78 28 8 
456-5-9 1?2.565 = 5 82 60 52 47 81 27 90 97 63 80 86 93 58 50 68 36 31 34 9 
456-5-10 1?2.482 = 5 82 60 52 47 81 80 63 90 97 85 50 58 93 44 95 36 69 65 10 
456-5-13 1?2.606 = 5 82 27 90 63 80 86 93 58 50 85 84 62 71 87 55 43 30 13 
456-5-12 1?2.548 = 5 64 27 90 63 80 86 93 58 50 61 41 23 24 32 94 25 38 70 12 
456-5-11 1?2.415 = 5 82 27 90 63 80 86 93 58 50 61 41 23 24 32 94 25 79 46 11 
456-6-9 1?2.079 = 6 52 60 81 80 63 90 97 85 50 58 93 44 88 78 9 
456-7-9 1?2.005 = 7 47 52 60 81 27 90 97 63 80 86 75 88 78 34 9 
456-6-15 1?2.474 = 6 52 60 81 80 86 93 58 50 84 62 71 87 55 72 16 96 37 76 15 
456-7-10 1?2.099 = 7 47 52 60 81 27 90 63 80 86 93 58 50 68 36 69 65 10 
456-6-14 1?2.477 = 6 52 60 81 80 86 44 93 58 50 85 84 62 71 87 55 72 16 14 
456-7-8 1?1.821 = 7 47 52 60 81 27 90 97 63 80 86 75 35 39 28 8 
456-7-11 1?2.033 = 7 47 52 60 81 80 86 93 58 50 61 24 32 94 25 79 46 11 
456-6-10 1?2.29 = 6 52 60 81 27 90 63 80 86 93 58 50 61 41 23 24 69 65 10 
456-6-12 1?2.366 = 6 52 60 81 80 86 93 58 50 41 23 24 32 94 25 79 98 38 70 12 
456-6-11 1?2.246 = 6 52 60 81 80 63 90 97 93 58 50 61 41 23 24 32 94 25 79 11 
456-6-13 1?2.59 = 6 52 60 81 27 90 63 80 86 93 58 50 85 84 62 71 87 55 43 30 13 
456-8-11 1?1.768 = 8 28 78 88 44 93 58 50 61 41 23 94 25 79 11 
456-8-10 1?1.847 = 8 28 78 88 44 93 58 50 61 41 23 24 69 65 10 
456-8-9 1?1.963 = 8 28 39 35 47 52 60 27 90 63 80 75 88 78 9 
456-7-15 1?2.43 = 7 47 52 60 81 80 86 93 58 50 62 71 87 55 72 16 96 37 76 15 
456-7-14 1?2.485 = 7 47 52 60 81 27 80 86 93 58 50 84 62 71 87 55 72 16 14 
456-8-15 1?2.488 = 8 28 39 78 88 44 93 58 50 85 84 62 71 87 55 72 16 96 37 76 15 
456-7-12 1?2.242 = 7 47 52 60 81 80 86 93 58 50 41 23 94 25 79 98 38 70 12 
456-8-14 1?2.577 = 8 28 78 88 75 80 86 44 93 58 50 85 84 62 71 87 55 72 16 14 
456-8-12 1?2.174 = 8 28 78 88 44 93 58 50 61 41 23 24 32 94 25 98 38 70 12 
456-7-13 1?2.393 = 7 47 52 60 81 27 80 86 93 58 50 85 84 62 71 87 43 30 13 
456-8-13 1?2.355 = 8 28 39 35 75 80 86 93 58 50 85 84 62 71 87 55 43 30 13 
456-9-11 1?1.87 = 9 34 31 36 68 61 41 23 24 32 94 25 38 98 79 46 11 
456-10-11 1?1.95 = 10 65 69 36 31 95 44 93 58 50 41 23 94 25 46 11 
456-9-10 1?1.992 = 9 78 88 44 93 58 50 61 41 23 24 32 69 65 10 
456-10-12 1?1.916 = 10 65 69 36 68 61 41 23 24 32 94 25 46 79 98 38 70 12 
456-10-15 1?2.33 = 10 65 69 32 94 25 79 98 38 70 99 43 55 72 16 96 37 76 15 
456-10-14 1?2.392 = 10 65 69 32 94 25 79 98 38 70 99 43 55 72 16 96 37 14 
456-10-13 1?2.182 = 10 65 69 31 36 24 32 94 25 46 79 98 38 70 99 30 13 
456-9-12 1?2.191 = 9 34 31 36 68 58 50 61 41 23 24 32 94 25 79 98 38 70 12 
456-9-14 1?2.596 = 9 78 88 75 86 80 63 90 97 93 58 50 62 71 87 55 72 16 14 
456-9-15 1?2.642 = 9 78 88 75 80 86 93 58 50 85 84 62 71 87 55 72 16 96 37 76 15 
456-9-13 1?2.422 = 9 78 88 75 80 86 93 58 50 85 84 62 71 87 55 43 30 13 
456-12-15 1?2.015 = 12 98 79 25 94 23 41 71 87 55 72 16 96 37 76 15 
456-11-12 1?1.829 = 11 46 79 25 94 32 24 61 23 41 71 87 43 99 70 12 
456-13-15 1?2.405 = 13 12 98 79 25 94 23 41 71 87 55 72 16 96 37 76 15 
456-14-15 1?2.561 = 14 16 72 55 87 71 62 50 58 85 84 22 96 37 76 15 
456-11-13 1?1.912 = 11 46 79 25 94 32 24 23 41 71 87 55 72 43 30 13 
456-12-13 1?1.975 = 12 70 38 98 25 94 32 24 61 23 41 71 87 43 30 13 
456-13-14 1?2.396 = 13 30 70 38 98 79 25 94 23 41 71 87 55 72 16 14 
456-12-14 1?2.04 = 12 70 38 98 25 94 32 24 23 41 71 87 55 72 16 14 
456-11-15 1?2.053 = 11 46 79 25 94 32 24 61 23 41 71 87 55 72 16 96 37 76 15 
456-11-14 1?2.253 = 11 46 79 25 94 32 24 61 23 41 62 71 87 55 72 16 96 37 14 
stop
