start
441-0-3 1?1.951 = 0 19 39 32 46 78 67 37 86 23 33 89 47 45 24 35 3 
441-0-2 1?1.856 = 0 19 39 32 78 67 37 86 23 33 89 47 45 24 54 2 
441-0-4 1?2.416 = 0 19 39 32 78 67 37 86 23 33 89 47 45 24 40 55 97 16 4 
441-0-5 1?2.55 = 0 19 39 32 78 67 37 86 23 33 89 47 45 40 55 65 26 81 5 
441-0-6 1?2.569 = 0 19 39 37 86 23 33 89 47 45 24 40 55 65 26 81 74 29 22 6 
441-0-8 1?2.506 = 0 19 39 32 78 67 82 38 52 34 48 18 42 94 57 91 43 53 21 8 
441-0-11 1?2.446 = 0 19 39 32 78 67 82 44 95 70 71 85 52 34 48 18 42 80 64 27 11 
441-0-7 1?2.713 = 0 23 33 89 47 45 24 40 55 65 26 61 66 17 50 58 25 60 30 83 7 
441-0-1 1?2.075 = 0 19 39 32 78 67 37 86 23 33 89 45 47 54 31 1 
441-0-9 1?2.601 = 0 19 39 32 78 67 82 44 95 70 85 71 28 34 48 18 42 94 20 76 9 
441-0-10 1?2.557 = 0 19 39 32 78 67 82 38 95 70 85 71 28 52 34 48 18 42 94 20 76 10 
441-0-15 1?2.301 = 0 19 39 32 78 67 82 38 44 95 70 84 59 41 90 46 15 
441-1-3 1?2.051 = 1 23 33 89 75 26 65 55 40 24 45 47 54 35 3 
441-0-14 1?2.267 = 0 19 39 32 46 78 67 37 86 88 82 38 95 44 90 41 14 
441-1-2 1?1.996 = 1 23 33 89 75 61 26 65 55 40 45 24 47 54 2 
441-1-5 1?2.468 = 1 31 54 47 45 24 40 55 65 26 61 66 17 50 98 29 93 5 
441-1-7 1?2.555 = 1 31 54 47 45 24 40 55 65 26 61 66 17 98 50 58 25 60 30 83 7 
441-1-8 1?2.578 = 1 31 47 45 40 55 65 26 61 66 17 50 58 25 68 92 43 53 21 8 
441-0-12 1?2.533 = 0 19 39 32 78 67 82 38 95 70 71 85 52 34 48 18 42 80 64 87 12 
441-1-4 1?2.476 = 1 23 33 89 75 26 65 55 40 24 45 47 54 35 97 16 4 
441-0-13 1?2.372 = 0 19 39 32 78 67 82 38 44 95 70 85 71 28 80 73 77 99 13 
441-1-6 1?2.499 = 1 31 54 47 45 40 55 65 26 61 66 17 50 58 25 98 29 22 6 
441-1-15 1?2.138 = 1 31 54 24 45 47 89 33 23 86 37 19 39 32 78 46 15 
441-1-14 1?2.455 = 1 23 33 86 37 19 39 32 78 67 82 38 95 44 90 41 14 
441-1-13 1?2.653 = 1 23 33 86 37 19 39 32 78 67 82 38 44 95 70 84 59 77 99 13 
441-2-3 1?2.134 = 2 31 23 33 89 75 26 65 55 40 45 47 54 35 3 
441-2-4 1?2.119 = 2 54 47 24 45 40 55 75 61 26 65 81 97 16 4 
441-2-5 1?2.12 = 2 54 47 45 40 55 26 65 81 74 17 50 98 29 93 5 
441-1-12 1?2.789 = 1 31 54 47 45 40 55 65 26 66 56 49 57 94 42 18 80 87 12 
441-1-11 1?2.718 = 1 23 33 63 72 56 96 51 49 57 94 42 18 48 34 28 80 64 27 11 
441-2-6 1?2.251 = 2 54 47 45 40 55 65 26 61 66 17 50 98 60 30 83 62 22 6 
441-1-9 1?2.61 = 1 31 47 45 40 55 26 66 17 50 58 25 68 92 53 43 91 36 9 
441-1-10 1?2.658 = 1 31 47 45 40 55 26 66 17 50 58 25 68 92 53 43 36 76 10 
441-2-15 1?1.964 = 2 54 47 45 89 33 23 86 37 67 78 32 39 19 46 15 
441-3-5 1?2.076 = 3 35 24 45 40 55 65 26 61 66 17 50 98 29 93 5 
441-2-14 1?2.231 = 2 54 47 45 89 33 23 86 37 39 19 32 78 90 41 14 
441-2-13 1?2.491 = 2 54 47 45 40 55 65 26 61 63 38 95 70 84 59 77 99 13 
441-3-4 1?2.233 = 3 35 24 45 40 55 65 26 61 66 50 17 74 81 16 4 
441-2-12 1?2.55 = 2 54 47 45 40 55 65 26 61 66 56 49 57 94 42 18 80 87 12 
441-2-7 1?2.258 = 2 54 47 45 24 40 55 65 26 61 66 17 98 50 58 25 60 30 83 7 
441-2-11 1?2.497 = 2 54 47 45 40 55 65 26 61 66 56 49 57 94 42 18 80 64 27 11 
441-2-8 1?2.344 = 2 54 47 45 40 55 65 26 61 66 17 50 58 25 68 92 43 53 21 8 
441-2-10 1?2.424 = 2 54 47 45 40 55 26 66 17 50 58 25 68 92 53 43 36 76 10 
441-2-9 1?2.376 = 2 54 47 45 40 55 26 66 17 50 58 25 68 92 53 43 91 36 9 
441-4-5 1?2.21 = 4 16 97 40 55 65 26 61 66 17 50 98 29 22 5 
441-3-7 1?2.104 = 3 35 24 45 40 55 26 65 81 74 17 50 58 25 60 30 83 7 
441-3-8 1?2.213 = 3 35 24 40 55 65 26 66 17 50 58 25 68 92 43 53 21 8 
441-3-13 1?2.681 = 3 35 24 40 55 65 26 61 66 56 49 57 94 42 18 80 73 77 99 13 
441-3-12 1?2.605 = 3 35 24 45 40 55 65 26 61 66 56 49 51 57 94 42 18 80 87 12 
441-3-6 1?1.883 = 3 35 24 45 40 55 65 26 66 17 50 98 29 22 6 
441-3-15 1?2.533 = 3 35 24 47 45 40 55 65 26 61 75 89 33 23 86 67 78 32 46 15 
441-3-11 1?2.552 = 3 35 24 45 40 55 65 26 61 66 56 49 51 57 94 42 18 80 64 27 11 
441-3-14 1?2.737 = 3 35 24 45 47 89 33 23 86 37 39 19 32 78 67 82 44 90 41 14 
441-3-10 1?2.439 = 3 35 24 40 55 65 26 66 17 50 58 25 68 92 53 43 91 36 76 10 
441-3-9 1?2.405 = 3 35 24 45 40 55 65 26 66 17 50 58 25 68 92 53 43 91 36 9 
441-4-7 1?2.07 = 4 16 97 55 65 26 61 66 17 98 50 58 25 60 30 83 7 
441-4-8 1?2.182 = 4 16 81 74 29 98 17 50 58 25 68 92 91 43 53 21 8 
441-4-13 1?2.623 = 4 16 81 74 17 50 58 25 96 51 49 57 94 42 18 80 73 77 99 13 
441-5-6 1?2.055 = 5 93 29 98 17 50 58 25 92 68 60 30 83 62 22 6 
441-4-12 1?2.498 = 4 16 81 74 17 50 58 25 96 51 49 57 94 42 18 80 64 87 12 
441-4-6 1?1.954 = 4 16 97 40 55 65 26 61 66 17 50 98 29 22 6 
441-4-11 1?2.463 = 4 16 81 74 17 98 50 58 25 96 51 49 57 94 42 18 80 64 27 11 
441-4-15 1?2.643 = 4 16 97 55 65 26 61 75 40 45 47 89 33 86 37 67 78 32 46 15 
441-4-14 1?2.792 = 4 16 81 74 17 50 58 25 96 51 57 94 42 18 28 71 85 70 41 14 
441-4-9 1?2.505 = 4 16 97 55 26 65 81 74 17 98 50 58 25 68 92 53 43 91 36 9 
441-4-10 1?2.594 = 4 16 97 55 26 65 81 74 17 50 58 25 68 92 53 43 91 36 20 76 10 
441-6-7 1?1.861 = 6 22 29 98 17 50 58 25 92 53 68 60 30 83 7 
441-6-8 1?1.684 = 6 22 29 98 17 50 58 25 68 92 91 43 53 21 8 
441-5-7 1?2.299 = 5 93 74 81 65 26 55 75 61 66 17 50 98 60 30 83 7 
441-5-8 1?2.114 = 5 22 62 83 30 60 98 17 50 58 25 68 92 43 53 21 8 
441-5-13 1?2.427 = 5 93 29 98 17 50 58 25 96 51 49 48 34 52 71 73 77 99 13 
441-5-15 1?2.521 = 5 93 74 81 65 26 55 40 45 47 89 33 86 37 67 78 32 46 15 
441-5-9 1?2.193 = 5 22 29 98 17 50 58 25 68 92 53 43 91 36 20 76 9 
441-5-14 1?2.569 = 5 93 29 98 17 50 58 25 96 51 49 48 34 52 85 95 44 41 14 
441-5-12 1?2.531 = 5 93 29 98 17 50 58 25 96 51 49 57 94 42 18 28 80 64 27 87 12 
441-5-11 1?2.419 = 5 93 29 98 17 50 58 25 68 92 53 43 91 57 94 42 18 80 64 27 11 
441-5-10 1?2.34 = 5 22 62 83 30 60 98 17 50 58 25 68 92 53 43 91 36 76 10 
441-7-8 1?1.723 = 7 83 30 60 98 17 50 58 25 68 92 91 43 53 21 8 
441-7-10 1?1.766 = 7 83 30 60 98 17 50 58 25 68 92 53 43 36 76 10 
441-7-11 1?1.982 = 7 83 30 60 68 92 53 43 91 51 49 57 42 18 80 64 27 11 
441-7-9 1?1.718 = 7 83 30 60 98 17 50 58 25 68 92 53 43 91 36 9 
441-6-9 1?1.679 = 6 22 29 98 17 50 58 25 68 92 53 43 91 36 9 
441-6-13 1?2.343 = 6 22 29 98 17 50 58 25 96 51 49 57 94 42 18 80 73 77 99 13 
441-6-11 1?2.086 = 6 22 29 98 17 50 58 25 96 51 49 57 94 42 18 80 64 27 11 
441-6-15 1?2.565 = 6 22 93 74 81 65 26 55 40 45 47 89 33 23 86 67 78 32 46 15 
441-6-12 1?2.337 = 6 22 29 98 17 50 58 25 68 92 53 43 91 57 94 42 18 80 87 12 
441-6-10 1?2.068 = 6 62 83 30 60 98 17 50 58 25 68 92 53 43 91 36 20 76 10 
441-6-14 1?2.482 = 6 22 29 98 17 50 58 25 96 51 49 57 48 34 52 95 44 41 14 
441-8-9 1?1.846 = 8 21 53 43 91 96 51 49 57 18 42 94 20 76 9 
441-8-10 1?1.831 = 8 21 53 43 91 51 49 57 48 18 42 94 20 76 10 
441-8-11 1?1.851 = 8 21 53 43 91 96 51 49 57 94 42 18 28 80 64 27 11 
441-8-12 1?2.061 = 8 21 53 43 91 96 51 49 57 94 42 18 28 80 64 27 87 12 
441-7-12 1?2.233 = 7 83 30 60 68 92 53 43 91 96 51 49 57 94 42 18 80 64 87 12 
441-7-13 1?2.349 = 7 83 30 60 68 92 53 43 91 51 49 57 94 42 18 28 71 73 77 99 13 
441-8-13 1?2.224 = 8 21 53 43 91 96 51 49 57 94 42 18 48 34 52 85 71 73 77 99 13 
441-7-15 1?2.678 = 7 83 30 60 68 92 53 43 91 57 94 42 18 48 34 52 85 95 44 90 46 15 
441-8-15 1?2.567 = 8 21 53 43 91 96 51 49 57 94 42 18 34 52 38 82 67 78 32 46 15 
441-7-14 1?2.549 = 7 83 30 60 68 92 53 43 91 51 49 57 94 42 18 80 28 71 70 41 14 
441-8-14 1?2.413 = 8 21 53 43 91 96 51 49 57 94 42 18 48 34 52 85 70 95 44 41 14 
441-10-13 1?1.85 = 10 76 20 94 42 18 80 28 71 85 70 84 59 77 99 13 
441-9-11 1?1.815 = 9 21 53 43 91 51 49 57 94 42 18 80 64 27 11 
441-10-11 1?1.771 = 10 76 20 57 94 42 18 48 34 52 71 28 80 64 27 11 
441-10-12 1?1.871 = 10 76 20 94 42 18 48 34 52 85 71 28 80 64 27 87 12 
441-10-14 1?1.989 = 10 76 20 94 42 18 48 34 28 71 85 70 95 44 41 14 
441-9-10 1?1.946 = 9 36 91 43 53 68 92 96 51 49 57 94 20 76 10 
441-9-12 1?2.124 = 9 21 53 43 91 96 51 49 57 94 42 18 28 80 64 87 12 
441-9-13 1?2.226 = 9 36 53 43 91 51 49 57 94 42 18 48 34 52 85 71 73 77 99 13 
441-9-15 1?2.489 = 9 76 20 94 42 18 48 34 28 71 85 70 95 44 82 67 78 32 46 15 
441-10-15 1?2.48 = 10 76 20 94 42 18 48 34 28 71 85 70 95 44 38 82 67 78 32 46 15 
441-9-14 1?2.439 = 9 36 53 43 91 51 49 57 94 42 18 80 28 71 85 70 95 44 41 14 
441-11-13 1?1.829 = 11 27 64 80 18 42 94 57 48 34 52 85 71 73 77 99 13 
441-12-13 1?1.961 = 12 87 64 80 18 42 94 57 48 34 52 85 71 73 77 99 13 
441-11-12 1?1.885 = 11 27 64 80 42 18 48 34 52 85 71 70 84 59 99 77 12 
441-13-15 1?2.033 = 13 99 77 59 84 70 41 44 95 38 82 67 78 32 46 15 
441-11-14 1?1.983 = 11 27 64 80 28 18 42 94 57 48 34 52 85 70 41 14 
441-14-15 1?2.247 = 14 41 59 99 77 73 84 70 95 44 82 67 78 32 46 15 
441-12-14 1?2.115 = 12 87 64 80 28 18 42 94 57 48 34 52 85 70 41 14 
441-13-14 1?2.109 = 13 99 77 73 87 64 80 28 71 85 70 95 44 90 41 14 
441-12-15 1?2.386 = 12 87 80 18 42 94 57 48 34 52 71 85 95 44 90 78 32 46 15 
441-11-15 1?2.267 = 11 27 64 80 18 42 94 57 48 34 52 85 95 44 90 78 32 46 15 
stop
