start
795-0-3 1?1.859 = 0 96 57 49 98 33 55 42 19 31 84 89 72 93 25 3 
795-0-2 1?2.022 = 0 96 57 49 98 33 55 42 19 31 84 89 72 93 25 2 
795-0-1 1?2.074 = 0 96 57 49 63 67 46 91 22 58 71 21 33 55 44 1 
795-0-11 1?2.466 = 0 96 57 49 40 71 58 28 47 74 82 56 97 61 95 41 51 59 54 11 
795-0-10 1?2.519 = 0 96 57 49 40 71 21 35 77 24 74 82 56 85 45 34 95 41 43 80 90 10 
795-0-9 1?2.705 = 0 96 57 49 40 71 58 28 47 74 82 56 85 45 34 95 41 43 80 90 9 
795-0-5 1?2.519 = 0 96 57 63 49 40 71 33 55 42 19 31 84 72 89 18 26 52 5 
795-0-6 1?2.499 = 0 96 57 49 98 33 42 19 84 72 89 75 78 36 62 92 37 65 70 6 
795-0-7 1?2.687 = 0 96 57 49 98 33 19 84 72 89 75 78 36 62 92 73 88 30 48 69 7 
795-0-4 1?2.382 = 0 96 57 67 46 63 49 98 33 55 42 19 31 84 72 89 18 16 4 
795-0-8 1?2.722 = 0 96 57 49 40 71 58 28 47 97 61 41 43 95 85 45 60 34 79 20 8 
795-1-3 1?1.925 = 1 44 55 33 42 19 31 76 75 84 89 72 93 25 3 
795-1-2 1?2.078 = 1 44 42 55 33 19 31 76 75 89 72 84 93 25 2 
795-0-15 1?1.99 = 0 44 42 55 33 19 31 21 71 40 49 57 63 46 67 15 
795-0-12 1?2.534 = 0 96 57 49 40 71 58 28 47 74 82 56 95 41 43 51 54 12 
795-0-13 1?2.467 = 0 96 57 49 40 71 58 28 22 91 63 67 46 39 83 64 99 13 
795-0-14 1?2.16 = 0 96 57 49 98 55 42 19 33 71 58 22 91 83 39 14 
795-1-4 1?1.965 = 1 44 55 33 42 19 31 76 84 89 72 93 18 16 4 
795-1-5 1?2.218 = 1 44 55 33 42 19 84 72 89 75 78 36 62 92 73 37 52 5 
795-1-6 1?2.251 = 1 44 55 33 42 19 84 72 89 75 78 36 62 92 73 37 65 68 70 6 
795-1-7 1?2.437 = 1 44 55 33 42 19 84 72 89 75 78 36 62 92 73 88 30 27 69 7 
795-1-8 1?2.514 = 1 44 55 33 42 19 31 84 72 89 75 78 36 62 92 73 88 30 27 17 8 
795-1-14 1?1.935 = 1 44 55 42 33 98 96 57 49 63 67 46 91 83 39 14 
795-2-3 1?2.039 = 2 29 42 55 33 19 31 21 35 76 84 89 72 93 25 3 
795-1-15 1?1.668 = 1 44 55 33 42 19 31 21 71 40 49 57 63 46 67 15 
795-1-13 1?2.237 = 1 44 55 42 19 33 98 49 57 63 67 46 39 83 64 99 81 13 
795-1-12 1?2.431 = 1 44 55 33 19 31 76 77 24 74 82 56 95 41 51 54 59 12 
795-2-4 1?2.067 = 2 29 42 55 33 19 31 21 35 76 84 72 89 18 16 4 
795-2-5 1?2.09 = 2 29 42 55 33 19 31 84 89 72 93 18 26 52 5 
795-2-6 1?2.124 = 2 25 93 84 72 89 75 78 36 62 92 73 88 30 48 68 65 70 6 
795-1-11 1?2.439 = 1 44 55 33 19 31 76 77 24 74 82 56 61 95 41 43 51 59 54 11 
795-1-9 1?2.518 = 1 44 55 33 42 19 31 21 35 77 24 74 82 56 85 45 60 34 79 20 9 
795-1-10 1?2.452 = 1 44 55 33 42 19 31 21 35 77 24 74 82 56 97 61 95 41 43 80 90 10 
795-2-15 1?2.026 = 2 25 93 72 89 84 19 33 55 98 49 63 46 67 15 
795-2-14 1?2.475 = 2 29 42 55 33 19 31 21 71 40 49 57 63 67 46 91 83 39 64 14 
795-2-13 1?2.472 = 2 29 19 42 55 33 98 49 57 63 67 46 91 83 39 64 99 81 13 
795-2-12 1?2.689 = 2 25 93 72 89 75 78 36 50 24 74 82 56 95 41 43 51 54 59 12 
795-3-5 1?1.953 = 3 25 93 84 72 89 75 78 36 62 92 37 68 65 52 5 
795-3-4 1?2.137 = 3 25 93 84 72 89 75 78 36 62 92 37 26 18 16 4 
795-2-11 1?2.524 = 2 29 42 55 33 19 31 76 77 24 74 82 56 61 95 41 51 59 54 11 
795-2-7 1?2.41 = 2 29 42 55 33 19 84 72 89 75 78 36 62 92 73 88 30 69 7 
795-2-9 1?2.522 = 2 29 42 55 33 19 31 76 77 24 74 82 56 85 45 60 34 79 20 9 
795-2-10 1?2.548 = 2 25 93 84 72 89 75 78 36 62 50 24 74 82 56 95 41 43 80 90 10 
795-2-8 1?2.541 = 2 29 42 55 33 19 84 72 89 75 78 36 62 92 73 88 30 27 17 8 
795-3-15 1?1.863 = 3 25 93 72 89 84 19 33 55 98 49 63 46 67 15 
795-3-14 1?2.482 = 3 25 93 72 89 84 19 33 42 55 98 49 63 67 46 91 83 39 14 
795-3-13 1?2.52 = 3 25 93 72 89 75 78 36 50 24 74 82 56 97 38 87 66 99 81 13 
795-3-6 1?1.826 = 3 25 93 84 72 89 75 78 36 62 92 73 37 65 68 70 6 
795-3-12 1?2.455 = 3 25 93 72 89 75 78 36 50 24 74 82 56 95 41 51 54 59 12 
795-4-5 1?1.994 = 4 16 18 72 89 75 78 92 73 88 30 48 68 65 52 5 
795-3-7 1?2.146 = 3 25 93 84 72 89 75 78 36 62 92 73 86 88 30 48 69 7 
795-3-11 1?2.444 = 3 25 93 72 89 75 78 36 50 24 74 82 56 97 61 95 41 51 59 54 11 
795-3-10 1?2.373 = 3 25 93 84 72 89 75 78 36 50 24 74 82 56 61 95 41 43 80 90 10 
795-3-9 1?2.463 = 3 93 84 72 89 75 78 36 50 24 74 82 56 85 34 45 60 79 20 9 
795-3-8 1?2.409 = 3 93 72 89 75 78 36 62 50 24 74 82 56 85 45 34 79 20 8 
795-4-6 1?1.832 = 4 16 18 89 72 84 75 78 36 62 92 37 65 68 70 6 
795-5-6 1?2.018 = 5 52 26 18 72 89 75 78 36 62 92 37 65 68 70 6 
795-4-7 1?1.961 = 4 16 18 89 72 84 75 78 36 62 92 73 88 30 69 7 
795-4-13 1?2.57 = 4 16 18 72 89 75 78 36 50 24 74 82 56 97 38 87 66 99 81 13 
795-4-14 1?2.564 = 4 16 18 72 89 84 31 19 33 42 55 98 96 57 49 63 91 83 39 14 
795-4-12 1?2.505 = 4 16 18 72 89 75 78 36 50 24 74 82 56 95 41 51 54 59 12 
795-4-11 1?2.452 = 4 16 18 72 89 75 78 36 50 24 74 82 56 95 41 43 51 59 54 11 
795-4-15 1?2.49 = 4 16 18 89 72 84 31 19 42 55 33 98 71 40 49 96 57 63 67 46 15 
795-4-9 1?2.361 = 4 16 18 72 89 75 78 36 50 24 74 82 56 85 45 34 79 20 9 
795-4-10 1?2.322 = 4 16 18 72 89 75 78 36 50 24 74 82 56 61 95 41 43 80 90 10 
795-4-8 1?2.416 = 4 16 18 72 89 75 78 36 50 24 74 82 56 85 45 34 79 20 8 
795-5-7 1?2.147 = 5 52 26 18 72 89 75 78 36 62 92 73 88 30 69 7 
795-6-7 1?2.008 = 6 70 65 68 48 30 88 73 92 62 50 94 86 27 69 7 
795-5-14 1?2.757 = 5 52 26 18 89 72 84 19 33 55 98 49 63 67 46 91 83 39 14 
795-5-13 1?2.73 = 5 52 65 68 48 30 88 86 60 45 34 95 43 41 23 38 87 66 99 81 13 
795-6-8 1?1.961 = 6 70 65 68 48 30 88 86 60 45 85 34 79 20 17 8 
795-5-12 1?2.633 = 5 52 65 68 48 30 88 86 60 45 34 95 41 43 80 90 53 54 59 12 
795-5-11 1?2.442 = 5 52 65 68 48 30 88 86 60 45 34 95 41 43 80 53 51 59 54 11 
795-5-15 1?2.564 = 5 52 26 18 89 72 84 31 19 42 55 33 71 40 49 57 63 67 46 15 
795-5-10 1?2.361 = 5 52 37 92 62 50 24 74 82 56 85 45 60 34 95 41 43 80 90 10 
795-5-9 1?2.469 = 5 52 37 73 92 78 36 62 50 24 74 82 56 85 60 45 34 79 20 9 
795-5-8 1?2.41 = 5 52 65 68 48 30 88 86 94 74 82 85 45 60 34 79 20 8 
795-7-10 1?1.913 = 7 69 27 20 79 34 60 45 85 95 41 43 80 90 10 
795-6-10 1?1.785 = 6 70 68 48 30 88 86 60 45 34 95 41 43 80 90 10 
795-7-9 1?2.096 = 7 69 48 30 88 86 94 74 82 56 85 45 34 79 20 9 
795-6-9 1?1.98 = 6 70 68 48 30 88 86 94 74 82 56 85 45 34 79 9 
795-7-11 1?2.302 = 7 69 27 30 88 86 60 45 34 95 41 43 80 53 51 59 54 11 
795-7-8 1?2.151 = 7 69 48 30 88 86 94 74 82 56 85 45 34 79 20 8 
795-6-14 1?2.624 = 6 70 65 68 48 30 88 86 60 45 34 43 41 95 61 97 38 87 66 64 14 
795-6-13 1?2.539 = 6 70 65 68 48 30 88 86 60 45 34 95 43 41 23 38 87 66 99 81 13 
795-6-12 1?2.465 = 6 70 65 68 48 30 88 86 60 45 34 85 95 41 43 80 53 51 54 59 12 
795-6-11 1?2.311 = 6 70 65 68 48 30 88 86 94 74 82 56 97 61 95 41 43 51 59 54 11 
795-6-15 1?2.601 = 6 70 65 68 48 30 88 73 92 62 50 24 77 35 21 71 40 49 57 63 46 67 15 
795-8-10 1?1.836 = 8 20 79 34 45 85 82 56 97 61 95 41 43 80 90 10 
795-8-9 1?2.065 = 8 20 79 34 45 85 82 56 97 61 95 41 43 80 90 9 
795-8-11 1?2.206 = 8 20 79 34 60 45 85 82 74 56 61 95 41 43 51 59 54 11 
795-8-12 1?2.372 = 8 20 79 34 60 45 85 82 56 97 61 95 41 43 80 53 54 59 12 
795-7-12 1?2.515 = 7 69 27 60 45 34 85 82 56 97 61 95 41 43 80 53 51 54 59 12 
795-7-13 1?2.68 = 7 69 48 30 88 86 60 45 34 85 95 41 43 51 54 59 32 81 99 13 
795-8-13 1?2.65 = 8 17 20 79 34 60 45 85 95 41 43 80 53 51 54 59 32 81 99 13 
795-7-14 1?2.797 = 7 69 48 30 88 86 60 45 34 85 56 82 74 47 28 58 22 91 83 39 14 
795-8-14 1?2.792 = 8 20 79 60 45 34 43 41 95 61 56 82 74 47 28 58 22 91 83 39 14 
795-7-15 1?2.726 = 7 69 27 60 45 34 85 56 82 74 47 28 58 71 40 49 57 63 46 67 15 
795-8-15 1?2.708 = 8 20 79 34 45 60 85 56 82 74 24 77 35 21 71 40 49 57 63 46 67 15 
795-9-11 1?1.904 = 9 20 79 34 60 45 85 95 41 43 80 53 51 59 54 11 
795-10-13 1?2.05 = 10 90 80 43 41 95 34 45 85 82 56 97 38 87 66 99 13 
795-10-11 1?1.879 = 10 90 80 43 41 95 34 45 85 82 56 97 23 59 54 11 
795-10-12 1?2.024 = 10 90 80 43 41 95 56 82 74 97 61 23 51 54 59 12 
795-9-10 1?1.781 = 9 20 79 34 45 85 82 56 97 61 95 41 43 80 90 10 
795-9-12 1?2.252 = 9 20 79 34 45 60 85 56 82 74 97 61 95 41 51 54 59 12 
795-10-14 1?2.305 = 10 90 80 43 41 95 61 97 56 82 74 47 28 58 22 91 83 39 14 
795-9-13 1?2.468 = 9 20 79 34 45 60 85 82 56 97 61 95 41 23 38 87 66 99 81 13 
795-9-14 1?2.688 = 9 20 79 60 45 34 43 41 95 61 97 56 82 74 47 28 22 91 83 39 14 
795-9-15 1?2.6 = 9 20 79 34 60 45 85 56 82 74 24 77 35 71 40 49 57 63 46 67 15 
795-10-15 1?2.456 = 10 90 80 43 41 95 34 60 45 85 56 82 74 47 28 58 22 91 46 67 15 
795-14-15 1?1.964 = 14 39 83 91 22 28 58 71 40 98 49 57 63 46 67 15 
795-11-13 1?2.085 = 11 54 59 51 53 80 43 41 95 61 97 38 87 32 81 13 
795-12-13 1?2.219 = 12 54 51 53 80 43 41 95 61 23 38 87 66 99 81 13 
795-13-14 1?2.358 = 13 81 99 64 83 91 22 28 58 71 40 49 63 46 39 14 
795-11-12 1?2.193 = 11 53 80 43 34 60 45 85 95 41 61 23 51 54 59 12 
795-13-15 1?2.148 = 13 81 99 64 39 83 91 22 28 58 71 40 49 63 46 67 15 
795-12-14 1?2.257 = 12 59 54 51 43 41 95 61 23 38 87 66 83 39 64 14 
795-12-15 1?2.409 = 12 59 54 51 43 41 95 61 56 82 74 47 28 22 91 46 67 15 
795-11-15 1?2.337 = 11 54 59 51 43 41 95 61 97 56 82 74 47 28 22 91 46 67 15 
795-11-14 1?2.409 = 11 54 59 51 43 41 95 34 60 45 85 82 56 97 38 87 66 64 14 
stop
