start
533-0-2 1?2.156 = 0 40 22 73 70 50 32 27 61 66 38 21 42 79 23 30 2 
533-0-1 1?2.066 = 0 22 92 56 96 51 84 27 32 50 73 70 33 39 65 1 
533-0-4 1?2.105 = 0 73 70 50 27 84 96 51 80 41 67 66 61 38 21 45 4 
533-0-11 1?2.583 = 0 40 22 73 70 50 32 27 84 96 51 25 83 71 43 29 91 89 11 
533-0-9 1?2.508 = 0 73 70 50 32 27 84 96 51 85 81 26 37 93 77 63 78 98 9 
533-0-6 1?2.481 = 0 73 70 50 32 27 84 96 51 80 41 67 61 66 38 44 87 69 55 6 
533-0-7 1?2.431 = 0 73 70 50 32 27 84 96 51 80 41 54 87 69 16 57 64 58 72 7 
533-0-5 1?2.318 = 0 73 70 50 32 27 84 96 51 80 41 67 61 66 38 21 34 20 5 
533-0-8 1?2.435 = 0 73 70 50 32 27 61 66 67 41 80 85 81 26 37 93 77 63 78 31 8 
533-0-3 1?2.143 = 0 73 70 50 27 84 51 80 41 67 66 61 38 21 42 52 3 
533-0-10 1?2.561 = 0 73 70 50 32 27 61 66 67 41 80 85 48 26 37 75 97 28 88 10 
533-0-15 1?2.136 = 0 40 22 73 70 50 32 27 84 51 96 56 92 17 94 15 
533-0-12 1?2.321 = 0 40 22 73 70 50 27 84 96 51 25 83 71 53 68 36 12 
533-1-3 1?1.995 = 1 65 39 33 70 73 50 32 27 86 23 79 42 21 52 3 
533-1-4 1?1.915 = 1 65 39 33 73 50 32 86 23 79 42 21 52 45 4 
533-1-2 1?2.08 = 1 65 39 33 70 73 50 27 61 66 38 21 42 23 30 2 
533-0-13 1?2.49 = 0 40 22 73 70 50 32 27 84 51 96 25 83 71 35 46 13 
533-0-14 1?2.433 = 0 40 22 73 70 50 32 27 84 51 96 56 92 18 17 94 14 
533-1-6 1?2.338 = 1 65 39 95 86 23 79 42 21 38 66 61 67 41 80 54 44 47 55 6 
533-1-7 1?2.243 = 1 65 39 95 86 38 66 61 67 41 80 85 81 48 16 57 58 72 7 
533-1-8 1?2.326 = 1 65 39 95 86 38 66 61 67 41 80 85 81 26 37 93 77 63 78 31 8 
533-1-5 1?2.249 = 1 33 70 73 50 32 27 84 96 51 80 41 67 61 66 38 34 20 5 
533-1-12 1?2.379 = 1 65 39 33 70 73 50 32 27 84 51 96 25 60 91 43 29 68 36 12 
533-2-3 1?2.127 = 2 95 39 33 70 73 50 32 27 86 23 79 42 21 52 3 
533-1-11 1?2.486 = 1 65 39 95 33 70 73 50 32 27 84 51 96 25 60 43 29 89 11 
533-2-4 1?1.988 = 2 30 23 79 42 21 38 66 67 41 80 54 44 34 45 4 
533-2-6 1?2.303 = 2 30 23 79 42 21 38 66 61 67 41 80 54 44 87 69 16 57 64 6 
533-2-5 1?1.95 = 2 30 23 79 42 21 38 66 61 67 41 80 54 44 19 20 5 
533-1-14 1?2.164 = 1 65 39 33 70 73 50 32 27 84 51 96 56 92 18 17 14 
533-1-13 1?2.24 = 1 65 39 33 70 73 50 27 84 51 96 56 92 18 49 46 13 
533-1-9 1?2.438 = 1 65 39 95 86 61 66 67 41 80 85 81 26 37 93 77 63 78 98 9 
533-1-10 1?2.451 = 1 65 39 95 86 61 66 67 41 80 85 81 48 26 37 75 97 28 88 10 
533-1-15 1?2.032 = 1 65 39 33 70 50 27 84 51 96 56 92 17 94 15 
533-2-12 1?2.419 = 2 30 23 79 42 21 38 66 61 67 41 80 85 81 90 60 43 29 68 36 12 
533-3-4 1?1.946 = 3 76 52 42 21 38 66 61 67 41 80 54 44 34 45 4 
533-2-11 1?2.512 = 2 30 23 79 42 38 66 61 67 41 80 85 81 26 37 75 97 28 62 89 11 
533-3-5 1?1.96 = 3 79 42 21 38 66 61 67 41 80 54 44 87 47 19 20 5 
533-2-7 1?2.106 = 2 30 23 79 42 21 38 66 61 67 41 80 54 87 16 57 58 72 7 
533-2-8 1?2.22 = 2 30 23 79 42 38 66 61 67 41 80 85 81 26 37 93 77 63 78 31 8 
533-2-9 1?2.376 = 2 30 23 79 42 38 66 61 67 41 80 85 81 26 37 93 77 63 78 98 9 
533-2-14 1?2.394 = 2 30 23 79 42 21 38 66 67 41 80 51 96 84 56 92 17 14 
533-2-10 1?2.352 = 2 30 23 79 42 21 38 66 61 67 41 80 85 81 26 37 75 97 28 88 10 
533-2-15 1?2.164 = 2 95 39 33 70 50 27 84 51 96 56 92 17 94 15 
533-2-13 1?2.491 = 2 30 23 42 21 38 66 61 67 41 80 51 96 56 92 18 49 46 13 
533-3-12 1?2.354 = 3 52 42 21 38 66 61 67 41 80 85 81 90 60 91 43 29 68 36 12 
533-3-6 1?2.143 = 3 79 42 21 38 66 61 67 41 80 54 44 87 69 16 57 64 6 
533-3-7 1?1.991 = 3 79 42 21 38 66 61 67 41 80 54 87 69 16 57 58 72 7 
533-4-5 1?1.844 = 4 45 52 42 21 38 66 61 67 80 41 54 44 19 20 5 
533-3-11 1?2.555 = 3 79 42 21 38 66 61 67 41 80 85 81 48 26 37 75 97 28 88 62 89 11 
533-3-8 1?2.18 = 3 52 42 21 38 66 61 67 41 80 85 81 26 37 93 77 63 59 78 31 8 
533-3-14 1?2.358 = 3 52 79 42 21 38 66 61 67 41 80 51 96 84 56 92 17 14 
533-3-15 1?2.183 = 3 79 42 21 38 66 61 67 41 80 51 96 56 92 17 94 15 
533-3-9 1?2.32 = 3 79 42 21 38 66 61 67 41 80 85 81 26 37 93 77 63 59 78 98 9 
533-3-13 1?2.466 = 3 52 42 21 38 66 61 67 41 80 51 96 84 56 92 18 49 46 13 
533-3-10 1?2.497 = 3 79 42 21 38 66 61 67 41 80 85 81 48 26 37 75 97 28 88 62 24 10 
533-4-7 1?1.84 = 4 45 52 21 38 61 66 44 87 69 16 57 58 72 7 
533-5-6 1?2.089 = 5 20 34 21 42 38 66 61 67 41 80 54 44 19 47 55 6 
533-4-6 1?1.901 = 4 45 52 42 21 38 66 61 67 41 80 54 44 47 55 6 
533-4-8 1?2.004 = 4 45 21 38 66 67 41 80 85 81 26 37 93 77 98 31 8 
533-4-12 1?2.515 = 4 45 52 42 21 38 66 61 67 80 85 81 90 60 91 43 29 53 68 36 12 
533-4-11 1?2.437 = 4 45 21 38 66 61 67 41 80 85 48 26 37 75 97 28 88 62 89 11 
533-4-9 1?2.183 = 4 45 52 42 21 38 66 61 67 41 80 85 81 26 37 93 77 98 9 
533-4-13 1?2.495 = 4 45 52 42 21 38 66 61 67 41 80 51 96 84 56 92 18 49 46 13 
533-4-10 1?2.321 = 4 45 52 42 21 38 66 61 67 41 80 85 81 48 26 37 75 97 28 88 10 
533-4-14 1?2.478 = 4 45 52 42 21 38 66 61 67 41 80 51 96 84 56 92 18 49 17 14 
533-4-15 1?2.397 = 4 45 21 38 66 61 67 41 80 51 96 84 27 32 50 70 73 22 40 15 
533-5-8 1?1.907 = 5 20 19 47 87 69 16 57 99 59 78 63 77 98 31 8 
533-6-8 1?1.858 = 6 64 57 99 74 26 37 75 93 77 63 59 78 98 31 8 
533-5-7 1?1.953 = 5 20 34 38 66 61 67 41 80 54 87 16 57 58 72 7 
533-6-7 1?1.908 = 6 64 57 99 74 26 37 75 93 77 63 78 59 58 72 7 
533-5-12 1?2.587 = 5 20 19 34 21 42 38 66 61 67 41 80 85 81 90 60 91 43 29 68 36 12 
533-5-11 1?2.562 = 5 20 34 38 66 61 67 41 80 85 81 48 26 37 75 97 28 88 62 89 11 
533-5-9 1?2.27 = 5 20 34 38 66 61 67 41 80 85 81 26 37 93 77 63 78 98 9 
533-5-10 1?2.283 = 5 20 34 38 66 61 67 41 80 85 81 48 26 37 75 97 28 88 10 
533-5-14 1?2.591 = 5 20 19 34 21 42 38 66 61 67 41 80 51 96 84 56 92 18 17 14 
533-5-13 1?2.596 = 5 20 19 34 21 42 38 66 61 67 41 80 51 96 56 92 18 49 46 13 
533-5-15 1?2.451 = 5 20 34 21 42 38 66 61 67 41 80 51 96 84 56 92 17 94 15 
533-7-8 1?1.631 = 7 72 58 57 99 74 26 37 75 93 77 63 78 31 8 
533-6-9 1?1.944 = 6 64 58 57 99 74 26 37 75 93 77 63 78 98 9 
533-7-9 1?1.787 = 7 72 58 57 99 74 26 37 75 93 77 63 78 98 9 
533-7-11 1?2.179 = 7 72 58 64 57 99 74 59 78 63 77 93 75 97 28 88 62 89 11 
533-6-11 1?2.56 = 6 64 57 99 74 26 37 75 93 77 63 59 78 98 82 88 62 89 11 
533-6-12 1?2.613 = 6 55 47 19 34 21 38 66 61 67 41 80 85 81 90 60 71 53 68 36 12 
533-7-10 1?2.001 = 7 72 58 57 99 74 59 78 63 77 93 37 75 97 28 88 10 
533-6-10 1?2.367 = 6 64 58 57 99 74 26 37 75 93 77 63 59 78 98 82 88 10 
533-6-15 1?2.614 = 6 55 47 19 34 21 38 66 61 67 41 80 51 96 84 56 92 17 94 15 
533-6-14 1?2.725 = 6 55 47 19 34 21 42 38 66 61 67 41 80 51 96 84 56 92 18 17 14 
533-6-13 1?2.73 = 6 55 47 19 34 21 42 38 66 61 67 41 80 51 96 56 92 18 49 46 13 
533-8-12 1?1.997 = 8 31 98 78 59 63 77 93 75 97 28 91 43 29 68 36 12 
533-8-11 1?1.936 = 8 31 98 78 59 63 77 93 75 97 28 82 88 62 89 11 
533-8-9 1?1.986 = 8 31 72 58 57 99 26 37 93 77 63 59 78 98 9 
533-8-10 1?1.88 = 8 31 98 78 59 63 77 93 37 75 97 28 88 62 24 10 
533-7-12 1?2.327 = 7 72 58 64 57 99 74 59 78 63 77 93 75 97 91 43 29 68 36 12 
533-8-14 1?2.557 = 8 31 98 78 63 77 93 75 37 26 48 81 85 51 96 56 92 17 14 
533-8-13 1?2.521 = 8 31 98 78 59 63 77 93 75 37 26 48 85 81 90 60 71 35 13 
533-8-15 1?2.552 = 8 31 78 63 77 93 37 26 81 85 80 41 67 51 96 56 92 17 94 15 
533-7-15 1?2.515 = 7 72 58 57 16 69 87 44 66 61 67 41 80 51 96 56 92 17 94 15 
533-7-13 1?2.595 = 7 72 58 57 16 69 87 44 66 61 67 41 80 51 96 25 83 35 13 
533-7-14 1?2.529 = 7 72 58 64 57 16 69 87 44 66 61 67 41 80 51 96 56 92 17 14 
533-10-11 1?2.276 = 10 82 98 78 59 63 77 93 37 75 97 28 88 62 89 11 
533-9-12 1?2.143 = 9 98 78 59 63 77 93 37 75 97 91 43 29 68 36 12 
533-9-11 1?2.133 = 9 98 77 63 78 59 74 26 37 75 97 28 88 62 89 11 
533-10-12 1?2.32 = 10 88 28 97 75 37 26 48 85 81 90 60 43 29 68 36 12 
533-9-10 1?2.066 = 9 98 78 59 63 77 93 37 75 97 28 88 62 89 24 10 
533-10-13 1?2.485 = 10 88 28 97 75 37 26 48 85 81 90 60 83 71 35 13 
533-9-13 1?2.578 = 9 98 78 59 63 77 93 75 37 26 48 85 81 90 60 71 35 13 
533-10-14 1?2.628 = 10 88 28 97 75 37 26 48 85 80 41 67 51 96 56 92 17 14 
533-9-14 1?2.614 = 9 98 78 63 77 93 75 37 26 48 81 85 51 96 56 92 17 14 
533-9-15 1?2.624 = 9 98 78 59 63 77 93 37 26 48 81 85 51 96 56 92 17 94 15 
533-10-15 1?2.678 = 10 88 28 97 75 37 26 48 85 80 41 67 51 96 56 92 17 94 15 
533-11-12 1?2.463 = 11 89 62 88 28 97 75 37 26 90 60 91 43 29 68 36 12 
533-13-14 1?2.595 = 13 46 49 18 92 56 96 51 84 27 50 70 73 22 94 14 
533-11-14 1?2.528 = 11 89 91 29 43 71 83 25 96 51 84 56 92 18 17 14 
533-12-14 1?2.415 = 12 36 68 53 71 60 25 96 51 84 56 92 18 49 17 14 
533-12-13 1?2.485 = 12 36 68 29 43 91 60 25 96 51 84 56 92 18 49 46 13 
533-14-15 1?2.292 = 14 17 18 92 56 96 51 84 27 32 50 70 73 22 40 15 
533-11-13 1?2.531 = 11 89 91 29 43 60 25 96 51 84 56 92 18 49 46 13 
533-13-15 1?2.368 = 13 46 49 18 92 56 96 51 84 27 50 70 73 22 40 15 
533-12-15 1?2.348 = 12 36 68 29 43 60 25 96 51 84 56 92 18 17 94 15 
533-11-15 1?2.658 = 11 89 91 29 43 71 83 25 96 51 84 27 32 50 70 73 22 40 15 
stop
