start
332-0-1 1?2.236 = 0 17 64 95 70 67 71 86 98 63 88 72 59 27 1 
332-0-3 1?2.424 = 0 79 64 95 70 67 71 86 98 63 72 88 18 47 32 99 65 3 
332-0-4 1?2.714 = 0 79 64 73 20 58 36 67 70 86 98 63 88 18 47 32 99 65 4 
332-0-6 1?2.651 = 0 27 59 72 88 63 98 86 71 89 56 28 91 96 90 25 34 6 
332-0-5 1?2.763 = 0 27 59 72 88 63 98 86 71 89 56 28 77 91 90 25 61 5 
332-0-2 1?2.195 = 0 17 64 95 70 67 71 86 98 63 88 57 43 45 2 
332-0-10 1?2.634 = 0 27 59 72 88 63 98 86 71 92 87 30 68 53 29 38 69 76 10 
332-0-9 1?2.558 = 0 27 59 72 88 63 98 86 71 92 87 30 53 29 40 80 33 51 82 9 
332-0-11 1?2.41 = 0 27 59 72 88 63 98 86 71 70 67 36 37 94 83 66 97 22 11 
332-0-8 1?2.621 = 0 27 59 72 88 63 98 86 71 92 87 30 29 38 33 62 52 35 8 
332-0-7 1?2.735 = 0 27 59 72 88 63 98 86 71 92 87 89 56 28 91 96 41 48 7 
332-1-2 1?2.301 = 1 27 59 17 95 70 71 86 98 63 88 57 43 45 2 
332-0-14 1?2.001 = 0 27 59 72 88 63 98 86 70 67 36 58 73 54 14 
332-0-15 1?2.077 = 0 27 59 72 88 63 98 86 70 67 36 58 54 60 15 
332-1-3 1?2.267 = 1 27 59 72 98 86 63 88 57 43 47 32 99 65 3 
332-1-6 1?2.607 = 1 27 59 72 88 63 98 86 71 21 49 28 77 91 90 25 34 6 
332-1-5 1?2.675 = 1 27 59 72 88 63 98 86 71 89 56 28 77 90 25 61 5 
332-0-13 1?2.363 = 0 27 59 72 88 63 98 86 71 67 36 58 20 73 54 93 13 
332-1-8 1?2.573 = 1 27 59 72 88 63 98 86 71 92 87 30 29 80 62 52 35 8 
332-1-4 1?2.65 = 1 27 59 72 88 63 98 86 71 21 39 18 47 32 99 65 4 
332-0-12 1?2.249 = 0 27 59 72 88 63 98 86 71 70 67 36 37 81 94 83 55 12 
332-1-7 1?2.673 = 1 27 59 72 88 63 98 86 71 89 56 28 77 91 96 41 84 48 7 
332-1-15 1?2.1 = 1 27 59 72 88 63 98 86 70 67 36 58 54 60 15 
332-1-14 1?2.152 = 1 27 59 72 88 63 98 86 71 70 67 36 58 20 73 54 14 
332-1-13 1?2.43 = 1 27 59 72 88 63 98 86 71 70 67 36 58 20 73 54 93 13 
332-2-5 1?2.266 = 2 45 43 57 47 32 99 65 31 50 44 90 25 61 5 
332-2-3 1?2.174 = 2 43 57 72 98 86 71 63 88 18 47 32 99 65 3 
332-2-4 1?2.339 = 2 45 43 57 47 32 99 65 24 18 39 78 31 50 46 4 
332-2-6 1?2.491 = 2 45 43 57 47 32 99 65 31 50 44 90 96 41 48 84 34 6 
332-1-10 1?2.657 = 1 27 59 72 88 63 98 86 71 92 87 30 68 53 29 38 69 76 10 
332-1-11 1?2.486 = 1 27 59 72 88 63 98 86 71 70 67 36 37 94 83 55 66 97 22 11 
332-1-9 1?2.667 = 1 27 59 72 88 63 98 86 71 89 87 30 29 40 80 62 33 51 82 9 
332-1-12 1?2.375 = 1 59 72 88 63 98 86 71 70 67 36 37 94 83 66 22 97 12 
332-2-15 1?2.073 = 2 45 43 57 72 88 63 98 86 71 67 70 95 64 15 
332-2-14 1?2.111 = 2 45 43 57 88 63 98 86 71 70 67 36 58 20 73 54 14 
332-3-5 1?2.284 = 3 65 99 32 47 24 18 39 78 31 50 44 90 25 61 5 
332-2-13 1?2.456 = 2 45 43 57 72 88 63 98 86 71 70 67 36 58 20 73 54 93 13 
332-3-4 1?2.371 = 3 65 99 32 47 43 57 72 88 63 39 78 31 46 4 
332-2-10 1?2.683 = 2 45 43 57 72 88 63 98 86 71 92 87 30 68 53 29 38 69 76 10 
332-2-11 1?2.494 = 2 45 43 57 72 88 63 98 86 70 67 36 37 81 94 83 55 66 97 22 11 
332-2-8 1?2.563 = 2 45 43 57 72 88 63 98 86 71 92 87 30 29 40 80 62 52 8 
332-2-9 1?2.579 = 2 45 43 57 88 63 98 86 71 92 87 30 29 40 80 62 33 51 82 9 
332-2-7 1?2.655 = 2 45 43 57 47 32 99 65 24 78 31 50 44 90 25 34 84 48 7 
332-2-12 1?2.523 = 2 43 57 72 88 63 98 86 71 70 67 36 37 81 94 83 55 66 22 97 12 
332-3-6 1?2.113 = 3 65 99 32 47 24 78 16 44 90 96 41 48 84 34 6 
332-4-5 1?2.517 = 4 65 99 32 47 18 39 78 31 50 44 90 34 25 61 5 
332-3-15 1?2.31 = 3 99 32 47 18 88 72 63 98 86 70 67 36 58 20 73 54 60 15 
332-3-13 1?2.553 = 3 65 99 32 47 18 88 72 63 98 86 70 67 36 58 20 73 54 93 13 
332-3-14 1?2.291 = 3 65 99 32 47 18 88 63 98 86 71 70 67 36 58 20 73 54 14 
332-3-10 1?2.599 = 3 99 32 47 18 88 72 63 98 86 71 92 87 30 29 38 69 76 10 
332-3-11 1?2.448 = 3 99 32 47 18 88 63 98 86 70 67 36 37 94 83 55 66 97 22 11 
332-3-8 1?2.493 = 3 99 65 31 50 44 90 96 41 26 74 19 52 62 33 51 82 75 35 8 
332-3-9 1?2.537 = 3 65 99 32 47 24 78 16 77 91 26 74 19 52 35 62 33 51 82 9 
332-3-7 1?2.579 = 3 65 99 32 47 18 39 78 16 49 28 77 91 90 25 34 84 48 7 
332-3-12 1?2.441 = 3 65 99 32 47 18 88 72 63 98 86 71 67 36 37 81 94 83 55 12 
332-4-6 1?2.503 = 4 3 65 99 32 47 24 78 16 44 90 96 41 48 84 34 6 
332-5-6 1?2.52 = 5 61 25 90 91 80 33 51 82 35 52 19 74 41 84 6 
332-4-13 1?2.711 = 4 65 99 32 47 18 88 63 98 86 70 67 36 58 20 73 54 93 13 
332-4-15 1?2.555 = 4 65 99 32 47 18 88 63 98 86 70 67 36 58 20 73 54 60 15 
332-4-14 1?2.523 = 4 65 99 32 47 18 88 63 98 86 71 70 67 36 58 20 73 54 14 
332-4-7 1?2.451 = 4 46 50 44 90 96 41 26 74 19 52 62 33 51 35 8 7 
332-4-10 1?2.59 = 4 46 31 50 44 25 90 96 41 26 74 19 52 62 33 51 82 69 76 10 
332-4-11 1?2.678 = 4 46 31 78 39 63 98 86 71 70 67 36 37 81 94 83 66 97 22 11 
332-4-8 1?2.456 = 4 46 50 44 90 25 34 84 48 41 26 74 19 52 62 33 51 35 8 
332-4-9 1?2.564 = 4 46 31 50 44 90 25 34 84 48 41 26 74 19 52 35 62 33 51 82 9 
332-4-12 1?2.673 = 4 65 99 32 47 18 88 72 63 98 86 71 67 36 37 81 94 83 55 12 
332-5-8 1?1.867 = 5 61 25 90 96 41 26 74 19 52 62 33 51 35 75 8 
332-6-8 1?1.709 = 6 34 84 48 41 26 74 19 52 62 33 51 82 35 75 8 
332-5-15 1?2.68 = 5 50 31 78 39 88 63 98 86 71 70 67 36 58 20 73 54 60 15 
332-5-13 1?2.815 = 5 46 31 78 39 88 63 98 86 71 70 67 36 58 20 73 54 93 13 
332-5-7 1?2.257 = 5 61 25 90 96 41 26 74 19 52 62 33 51 35 75 8 7 
332-6-7 1?2.099 = 6 34 84 48 41 26 74 19 52 62 33 51 82 35 75 8 7 
332-5-14 1?2.632 = 5 50 31 78 39 88 72 63 98 86 71 70 67 36 58 20 73 54 14 
332-5-10 1?2.343 = 5 61 25 34 84 48 41 74 19 52 62 33 51 35 75 82 69 76 10 
332-5-11 1?2.609 = 5 61 25 90 96 41 26 74 19 52 35 62 33 51 82 69 38 23 85 11 
332-5-9 1?2.507 = 5 61 25 90 96 41 26 74 19 52 35 82 51 33 80 40 29 38 69 9 
332-5-12 1?2.784 = 5 61 25 90 91 77 28 56 89 87 30 68 42 81 94 83 66 22 97 55 12 
332-6-9 1?1.658 = 6 34 25 90 96 41 26 74 19 52 35 62 33 51 82 9 
332-7-9 1?1.753 = 7 48 84 41 26 74 19 52 35 62 33 51 82 69 76 9 
332-7-8 1?1.813 = 7 48 84 41 26 74 19 52 35 62 33 51 69 82 75 8 
332-6-15 1?2.724 = 6 34 25 90 77 28 56 21 63 98 86 71 67 36 58 20 73 54 60 15 
332-6-13 1?2.754 = 6 34 25 90 96 41 26 74 19 52 62 33 38 29 53 68 42 81 94 13 
332-7-10 1?2.182 = 7 48 41 26 74 19 52 35 75 82 51 33 80 40 29 38 69 76 10 
332-6-11 1?2.331 = 6 34 25 90 96 41 26 74 19 52 62 33 51 82 69 38 23 85 11 
332-7-11 1?2.385 = 7 48 41 26 74 19 52 35 62 33 51 82 69 38 29 53 23 85 11 
332-6-10 1?2.357 = 6 34 25 90 96 41 26 74 19 52 35 62 33 51 82 69 38 23 85 10 
332-6-14 1?2.646 = 6 34 25 90 77 28 56 21 63 98 86 71 70 67 36 58 20 73 54 14 
332-6-12 1?2.594 = 6 34 25 90 91 77 28 56 89 87 30 68 42 81 94 83 55 66 97 22 12 
332-8-9 1?1.947 = 8 52 35 75 82 51 33 62 80 40 29 53 23 38 69 9 
332-8-11 1?2.037 = 8 35 52 62 33 51 82 69 38 29 53 68 66 22 11 
332-8-10 1?1.941 = 8 75 35 52 62 33 51 82 69 76 38 29 53 23 85 10 
332-7-15 1?2.709 = 7 48 41 96 91 28 49 21 63 98 86 71 70 67 36 58 20 73 54 60 15 
332-7-13 1?2.601 = 7 48 41 26 74 19 52 62 33 51 82 69 76 85 22 97 66 55 83 13 
332-8-15 1?2.635 = 8 35 52 62 33 51 82 69 38 29 53 68 42 36 58 20 73 54 60 15 
332-8-13 1?2.508 = 8 75 35 52 62 33 51 82 69 38 29 53 30 87 92 42 81 94 83 13 
332-8-12 1?2.233 = 8 35 52 62 33 51 82 69 38 29 30 87 92 42 81 94 83 55 12 
332-7-14 1?2.682 = 7 48 41 96 91 77 28 56 21 63 98 86 71 70 67 36 58 20 73 54 14 
332-8-14 1?2.623 = 8 35 52 62 33 51 82 69 38 29 87 92 42 37 36 58 20 73 54 14 
332-7-12 1?2.41 = 7 48 41 26 74 19 52 62 33 51 82 69 76 85 22 97 66 83 55 12 
332-9-10 1?1.934 = 9 69 51 82 75 35 52 62 33 80 40 29 38 23 85 10 
332-10-11 1?2.05 = 10 85 23 53 68 30 87 92 42 81 94 83 55 66 97 22 11 
332-9-11 1?1.965 = 9 82 51 33 80 40 29 53 30 87 92 68 66 97 22 11 
332-10-13 1?2.394 = 10 76 69 82 51 33 62 80 40 29 53 30 87 92 42 81 94 13 
332-9-13 1?2.288 = 9 82 75 35 52 62 33 80 40 29 53 30 87 92 42 81 94 13 
332-10-14 1?2.375 = 10 76 69 38 29 53 30 87 92 42 37 36 58 20 73 54 60 14 
332-10-12 1?2.045 = 10 85 23 53 68 30 87 92 42 81 94 83 55 66 22 97 12 
332-10-15 1?2.593 = 10 76 69 38 29 30 87 92 71 86 70 67 36 58 20 73 54 60 15 
332-9-14 1?2.343 = 9 82 51 33 80 40 29 53 30 87 92 42 37 36 58 20 73 54 14 
332-9-12 1?2.088 = 9 82 35 52 62 33 51 69 38 23 85 22 97 66 83 55 12 
332-9-15 1?2.655 = 9 82 51 33 38 29 53 30 87 92 71 86 70 67 36 58 20 73 54 60 15 
332-14-15 1?2.062 = 14 54 73 20 58 36 67 70 71 86 63 98 95 64 15 
332-12-15 1?2.002 = 12 22 97 66 55 83 94 81 42 37 36 58 20 73 54 60 15 
332-13-15 1?2.231 = 13 93 37 36 67 70 71 86 98 63 88 72 95 64 15 
332-12-13 1?2.158 = 12 22 97 66 55 83 94 81 42 37 36 58 20 73 54 93 13 
332-11-13 1?2.163 = 11 22 97 66 55 83 94 81 42 37 36 58 20 73 54 93 13 
332-11-14 1?1.954 = 11 22 97 66 55 83 94 81 37 36 67 58 20 73 54 14 
332-12-14 1?1.949 = 12 22 97 66 55 83 94 81 37 36 67 58 20 73 54 14 
332-13-14 1?2.212 = 13 55 97 22 66 83 94 81 42 37 36 58 20 73 54 60 14 
332-11-12 1?2.312 = 11 85 23 38 29 30 87 92 68 81 94 83 55 66 22 97 12 
332-11-15 1?2.47 = 11 22 97 66 83 94 81 37 36 67 70 86 98 63 88 72 95 64 15 
stop
