start
538-0-1 1?1.947 = 0 33 49 95 96 40 45 27 19 58 42 89 36 26 44 1 
538-0-4 1?2.235 = 0 60 79 26 36 89 42 58 19 91 82 62 84 55 61 73 90 63 22 4 
538-0-11 1?2.285 = 0 60 79 26 36 89 42 58 45 27 16 46 66 68 87 38 11 
538-0-5 1?2.277 = 0 60 79 26 36 89 42 58 19 91 75 23 25 82 62 84 55 93 24 5 
538-0-10 1?2.456 = 0 60 79 26 36 89 42 58 45 27 65 41 74 57 64 29 80 70 10 
538-0-6 1?2.33 = 0 60 79 26 36 89 42 58 19 91 82 25 97 62 84 55 93 24 71 6 
538-0-7 1?2.483 = 0 60 79 26 36 89 42 58 45 27 65 88 75 23 25 97 32 83 20 7 
538-0-3 1?1.914 = 0 33 30 40 27 45 19 58 42 89 36 86 52 47 81 3 
538-0-2 1?1.84 = 0 60 33 30 40 45 27 19 58 42 89 36 86 52 37 2 
538-0-9 1?2.473 = 0 60 79 26 36 89 42 58 45 27 65 88 41 74 57 64 48 34 9 
538-0-8 1?2.617 = 0 60 79 26 86 36 89 42 58 19 91 75 23 82 25 97 32 98 39 8 
538-0-13 1?2.105 = 0 60 79 26 51 58 45 27 16 46 56 66 59 50 72 13 
538-1-3 1?2.022 = 1 44 26 36 89 58 45 27 19 42 86 52 37 47 81 3 
538-0-15 1?1.869 = 0 60 79 26 36 89 42 58 45 27 40 96 49 95 92 15 
538-1-4 1?2.029 = 1 44 79 26 86 36 89 42 58 19 53 17 73 90 63 22 4 
538-0-12 1?2.253 = 0 60 79 26 36 89 42 58 45 27 16 46 56 66 68 28 12 
538-1-6 1?2.197 = 1 44 26 36 89 42 58 19 91 82 25 97 62 84 55 93 24 71 6 
538-0-14 1?1.989 = 0 60 79 26 36 89 42 58 45 40 96 49 95 18 35 14 
538-1-7 1?2.344 = 1 44 26 86 36 89 42 58 19 75 91 23 82 25 97 32 83 20 7 
538-1-2 1?2.003 = 1 44 26 86 36 89 58 45 27 19 42 47 52 37 31 2 
538-1-5 1?2.066 = 1 44 79 26 86 36 89 42 58 19 53 17 61 55 93 24 5 
538-1-8 1?2.538 = 1 44 26 36 89 42 58 45 27 65 88 75 91 82 25 97 32 98 39 8 
538-2-5 1?1.807 = 2 37 52 86 36 89 42 58 19 53 17 61 55 93 5 
538-1-15 1?1.814 = 1 44 26 36 89 42 58 19 27 45 40 96 49 95 92 15 
538-2-3 1?1.943 = 2 37 52 86 36 89 42 53 17 61 73 90 63 22 99 3 
538-2-4 1?1.83 = 2 37 52 86 36 89 42 58 19 53 17 73 90 63 22 4 
538-1-12 1?2.376 = 1 44 79 26 86 36 89 42 58 19 45 27 16 46 56 66 68 28 12 
538-2-6 1?2.13 = 2 31 86 36 89 42 58 19 91 82 25 97 62 84 55 93 24 71 6 
538-1-14 1?1.904 = 1 44 26 36 89 42 58 45 27 40 96 49 95 18 35 14 
538-1-10 1?2.512 = 1 44 26 86 36 89 42 58 45 27 65 88 77 41 74 57 64 29 80 70 10 
538-1-13 1?2.191 = 1 44 79 26 86 36 89 42 58 45 27 16 46 56 66 59 50 72 13 
538-1-11 1?2.361 = 1 44 79 26 86 36 89 42 58 45 27 16 46 56 66 68 87 38 11 
538-1-9 1?2.469 = 1 44 26 36 89 42 58 45 27 65 88 77 41 74 57 64 29 48 34 9 
538-3-5 1?1.818 = 3 99 22 63 90 73 17 61 55 84 62 97 32 71 24 5 
538-2-15 1?1.713 = 2 37 52 86 36 89 42 58 45 27 40 96 49 95 92 15 
538-3-4 1?1.923 = 3 81 47 52 86 36 89 42 58 19 53 17 73 63 22 4 
538-2-7 1?2.183 = 2 37 52 86 36 89 42 58 19 91 75 23 25 97 32 83 20 7 
538-2-12 1?2.531 = 2 31 37 52 86 36 89 42 58 19 45 27 88 65 16 46 56 66 68 28 12 
538-2-10 1?2.347 = 2 37 52 86 36 89 42 58 45 27 65 88 41 74 57 64 29 80 70 10 
538-2-14 1?1.959 = 2 37 52 86 36 89 42 58 19 27 45 40 96 49 95 18 35 14 
538-2-8 1?2.374 = 2 37 52 86 36 89 42 58 19 45 27 65 88 41 74 57 39 8 
538-2-13 1?2.167 = 2 37 52 86 36 89 42 58 19 45 27 16 46 56 66 68 59 50 72 13 
538-2-9 1?2.331 = 2 37 52 86 36 89 42 58 45 27 65 41 74 57 64 29 48 34 9 
538-2-11 1?2.408 = 2 37 52 86 36 89 42 58 19 45 27 65 16 46 56 66 68 87 38 11 
538-4-5 1?1.749 = 4 22 63 73 17 61 55 84 62 82 25 97 32 93 24 5 
538-3-15 1?2.111 = 3 81 47 52 86 36 89 42 58 19 27 45 40 30 33 49 95 92 15 
538-3-6 1?2.115 = 3 99 22 63 90 73 17 61 55 84 62 82 25 97 32 93 24 71 6 
538-3-7 1?2.255 = 3 99 22 63 73 17 61 55 84 62 82 91 75 23 25 97 32 83 20 7 
538-3-12 1?2.539 = 3 81 47 52 86 36 89 42 58 19 45 27 16 46 56 66 68 59 50 72 12 
538-3-10 1?2.395 = 3 99 22 63 90 73 61 55 84 62 97 25 23 54 74 57 64 29 80 70 10 
538-3-9 1?2.352 = 3 99 22 63 90 73 61 55 84 62 82 25 23 77 41 74 57 48 34 9 
538-3-14 1?2.346 = 3 81 47 52 37 86 36 89 42 58 19 45 27 16 40 96 49 95 18 35 14 
538-3-8 1?2.397 = 3 99 22 63 73 17 61 55 84 62 82 91 75 23 25 97 32 98 39 8 
538-3-13 1?2.415 = 3 81 47 52 37 86 36 89 42 58 19 45 27 16 46 56 66 68 59 50 72 13 
538-3-11 1?2.468 = 3 81 47 52 86 36 89 42 58 45 27 65 16 46 56 66 68 87 38 11 
538-5-6 1?1.861 = 5 24 93 90 73 63 22 17 61 55 84 62 97 32 71 6 
538-4-6 1?1.775 = 4 22 63 90 73 17 61 55 84 62 97 32 93 24 71 6 
538-4-7 1?1.886 = 4 22 63 73 17 61 55 84 62 82 23 25 97 32 83 20 7 
538-4-15 1?2.285 = 4 22 63 73 61 55 84 62 97 25 82 91 75 88 65 16 96 49 95 92 15 
538-4-12 1?2.486 = 4 63 90 73 61 55 84 62 97 25 23 91 75 88 65 56 66 68 28 12 
538-4-10 1?2.258 = 4 63 22 17 61 55 84 62 97 25 23 77 41 74 57 64 29 80 70 10 
538-4-8 1?2.206 = 4 22 63 73 17 61 55 84 62 82 91 75 23 25 97 32 98 39 8 
538-4-14 1?2.35 = 4 22 63 73 61 55 84 62 82 91 75 88 65 16 96 49 95 18 35 14 
538-4-9 1?2.211 = 4 63 90 73 61 55 84 62 97 25 23 75 77 41 74 57 48 34 9 
538-4-13 1?2.346 = 4 22 63 90 73 61 55 84 62 97 25 23 75 88 65 56 66 59 50 72 13 
538-4-11 1?2.376 = 4 22 63 73 17 61 55 84 62 97 25 23 91 75 77 41 21 85 76 38 11 
538-5-7 1?1.9 = 5 24 93 55 84 62 82 91 75 23 25 97 32 83 20 7 
538-6-7 1?1.963 = 6 71 24 93 55 84 62 82 91 23 25 97 32 83 20 7 
538-5-12 1?2.416 = 5 24 93 55 84 62 97 25 82 91 75 88 65 46 56 66 68 28 12 
538-5-10 1?2.176 = 5 93 55 84 62 97 25 23 91 75 77 41 74 57 64 29 70 10 
538-6-8 1?2.059 = 6 71 24 93 90 73 17 61 55 84 62 97 32 98 39 8 
538-5-15 1?2.257 = 5 24 93 55 84 62 97 25 23 91 75 88 65 16 40 96 49 95 92 15 
538-5-8 1?2.005 = 5 24 93 90 73 61 55 84 62 82 25 97 32 98 39 8 
538-5-9 1?2.089 = 5 93 55 84 62 97 25 82 91 75 77 41 74 57 48 34 9 
538-5-11 1?2.274 = 5 24 93 55 84 62 97 25 82 23 91 75 77 41 21 85 76 38 11 
538-5-14 1?2.362 = 5 24 93 55 84 62 97 25 23 75 88 65 16 40 96 49 95 18 35 14 
538-5-13 1?2.492 = 5 24 93 61 55 84 62 97 25 23 91 75 88 65 46 56 66 68 59 50 72 13 
538-6-10 1?2.189 = 6 71 24 93 55 84 62 82 25 23 54 74 57 64 29 80 70 10 
538-7-8 1?2.295 = 7 20 83 32 84 62 97 25 23 91 75 77 54 98 39 8 
538-7-10 1?2.309 = 7 20 83 32 97 25 82 91 75 77 41 74 57 64 29 80 70 10 
538-6-12 1?2.489 = 6 71 24 93 55 84 62 97 25 82 91 75 88 65 56 66 68 28 12 
538-7-9 1?2.204 = 7 20 83 32 97 25 82 91 75 77 41 74 57 48 34 9 
538-6-15 1?2.425 = 6 71 24 93 55 61 84 62 97 25 23 91 75 88 65 16 96 49 95 92 15 
538-6-9 1?2.153 = 6 71 24 93 55 84 62 82 25 23 77 41 74 57 48 34 9 
538-6-11 1?2.323 = 6 71 24 93 55 84 62 97 25 82 91 75 77 41 21 85 76 38 11 
538-7-11 1?2.492 = 7 20 83 32 84 62 97 25 82 23 91 75 77 41 21 85 76 38 11 
538-6-14 1?2.49 = 6 71 24 93 55 84 62 97 25 23 75 88 65 16 40 96 49 95 18 35 14 
538-6-13 1?2.508 = 6 71 24 93 61 55 84 62 97 25 82 91 75 88 65 46 56 66 59 50 72 13 
538-8-10 1?2.37 = 8 39 98 32 97 25 23 75 77 41 74 57 64 29 70 10 
538-8-9 1?538-7-15 1?2.304 = 8 39 98 32 97 25 23 77 41 74 57 64 48 34 9 
2.537 = 7 20 83 32 84 62 97 25 82 23 91 75 88 65 16 40 96 49 95 92 15 
538-7-12 1?2.621 = 7 20 83 32 97 25 82 23 91 75 88 65 16 46 56 66 68 28 12 
538-8-12 1?2.763 = 8 39 98 32 97 25 82 23 91 75 88 65 16 46 56 66 68 28 12 
538-8-15 1?2.679 = 8 39 98 32 84 62 97 25 82 23 91 75 88 65 16 40 96 49 95 92 15 
538-8-11 1?2.521 = 8 39 98 32 97 25 23 91 75 77 41 21 85 76 87 38 11 
538-7-13 1?2.454 = 7 20 83 32 97 25 23 91 75 88 65 16 46 56 66 59 50 72 13 
538-8-13 1?2.62 = 8 39 98 32 97 25 23 91 75 88 65 46 56 66 68 59 50 72 13 
538-8-14 1?2.622 = 8 39 98 32 97 25 23 91 75 88 65 16 40 96 49 95 18 35 14 
538-7-14 1?2.565 = 7 20 83 32 97 25 23 91 75 88 65 27 45 40 96 49 95 18 35 14 
538-10-13 1?2.131 = 10 70 80 29 64 57 74 41 94 56 66 68 59 50 72 13 
538-10-12 1?2.294 = 10 70 80 29 48 34 43 57 64 21 85 76 38 87 28 12 
538-9-12 1?2.189 = 9 43 34 80 70 29 48 57 64 21 85 76 38 87 28 12 
538-9-10 1?2.235 = 9 34 80 70 29 48 57 64 21 85 76 87 28 38 69 10 
538-10-15 1?2.42 = 10 70 80 29 64 57 74 41 77 88 65 16 40 30 49 95 92 15 
538-10-11 1?2.137 = 10 70 80 29 48 34 43 57 64 21 85 76 87 28 38 11 
538-9-11 1?2.032 = 9 43 34 80 70 29 48 57 64 21 85 76 87 28 38 11 
538-9-15 1?2.613 = 9 34 48 29 64 57 74 41 77 88 65 27 45 40 96 30 49 95 92 15 
538-10-14 1?2.426 = 10 70 29 64 57 74 41 77 88 65 16 96 49 95 18 35 14 
538-9-14 1?2.591 = 9 34 48 29 64 57 74 41 77 88 65 46 16 96 49 95 18 35 14 
538-9-13 1?2.592 = 9 43 34 48 29 64 57 74 41 77 88 65 16 46 56 66 59 50 72 13 
538-11-13 1?2.245 = 11 38 76 85 21 64 57 74 41 94 56 66 59 50 72 13 
538-12-13 1?2.427 = 12 28 87 76 85 21 64 74 41 94 56 66 59 50 72 13 
538-14-15 1?2.115 = 14 35 18 59 68 66 56 46 16 40 96 30 49 95 92 15 
538-11-12 1?2.456 = 11 38 69 70 29 48 64 57 74 41 21 85 76 87 28 12 
538-13-15 1?1.995 = 13 72 50 59 68 66 56 46 16 40 96 30 49 95 92 15 
538-12-15 1?2.397 = 12 28 68 66 56 46 16 27 45 19 58 51 30 49 95 92 15 
538-11-15 1?2.349 = 11 38 87 68 66 56 46 16 27 45 40 30 33 49 95 92 15 
538-13-14 1?2.003 = 13 72 50 59 68 66 56 46 16 40 96 49 95 18 35 14 
538-12-14 1?2.318 = 12 72 50 59 68 66 56 46 16 40 30 49 95 18 35 14 
538-11-14 1?2.258 = 11 38 87 68 66 56 46 16 40 30 33 49 95 18 35 14 
stop
