start
542-0-1 1?2.085 = 0 16 40 56 35 58 86 48 17 95 88 98 90 75 99 1 
542-0-2 1?1.927 = 0 38 45 16 60 32 99 75 30 90 98 88 92 95 17 2 
542-0-3 1?1.895 = 0 38 45 16 67 32 99 75 30 88 90 98 95 17 29 3 
542-0-4 1?2.305 = 0 38 45 16 67 32 99 75 30 90 88 98 95 17 48 81 19 27 4 
542-0-5 1?2.279 = 0 38 45 16 67 99 32 30 90 88 98 95 17 29 27 19 72 97 46 5 
542-0-6 1?2.504 = 0 67 32 99 75 90 88 98 95 17 29 27 19 72 97 46 61 79 69 6 
542-0-7 1?2.664 = 0 38 45 16 60 62 35 56 70 34 91 47 82 41 76 68 53 25 7 
542-0-8 1?2.599 = 0 38 45 64 28 36 39 18 63 34 91 20 47 82 41 31 54 94 80 8 
542-0-9 1?2.564 = 0 38 45 16 67 60 62 35 56 70 34 91 20 47 82 41 31 54 94 52 9 
542-0-10 1?2.526 = 0 38 45 16 60 62 35 56 70 34 91 47 82 41 31 54 22 44 10 
542-0-11 1?2.454 = 0 38 45 16 60 62 35 56 70 21 34 91 24 78 57 23 74 51 11 
542-0-12 1?2.443 = 0 38 45 16 64 39 28 36 59 43 87 77 84 71 37 85 65 93 12 
542-0-13 1?2.065 = 0 38 45 64 39 28 36 59 87 43 89 84 71 37 85 65 93 13 
542-0-14 1?1.746 = 0 38 45 64 39 28 36 59 77 37 71 84 87 43 89 14 
542-0-15 1?2.086 = 0 38 45 16 64 39 28 36 59 77 37 71 84 87 43 15 
542-1-2 1?1.834 = 1 99 32 75 90 98 88 30 92 62 35 58 86 95 17 2 
542-1-3 1?1.772 = 1 99 32 75 90 98 88 30 92 62 35 58 86 95 17 3 
542-1-4 1?2.21 = 1 99 32 75 90 98 88 30 92 62 35 56 58 86 48 95 17 29 4 
542-1-5 1?2.276 = 1 99 32 75 90 98 88 30 92 62 35 58 86 48 81 19 27 72 97 46 5 
542-1-6 1?2.311 = 1 99 32 75 90 88 98 95 17 29 27 19 72 97 46 42 61 79 69 6 
542-1-7 1?2.49 = 1 99 32 60 62 35 56 70 34 91 47 82 41 31 80 53 25 7 
542-1-8 1?2.36 = 1 99 32 30 92 62 35 56 70 34 91 47 82 41 31 54 94 80 8 
542-1-9 1?2.443 = 1 99 75 90 98 88 30 92 62 35 56 70 34 91 47 82 41 31 54 94 52 9 
542-1-10 1?2.477 = 1 99 75 90 98 88 30 92 62 35 56 70 34 91 24 78 57 23 96 33 10 
542-1-11 1?2.424 = 1 99 32 75 90 98 88 30 92 62 35 56 70 34 91 24 78 57 23 74 51 11 
542-1-12 1?2.328 = 1 99 32 60 62 35 56 40 39 28 36 59 77 37 71 65 85 73 12 
542-1-13 1?2.118 = 1 99 32 30 92 62 35 56 40 39 28 36 59 77 84 37 71 13 
542-1-14 1?1.824 = 1 99 32 30 92 62 35 56 40 39 28 36 59 87 43 14 
542-1-15 1?1.998 = 1 99 32 75 90 98 88 30 92 62 35 56 40 39 28 64 15 
542-2-3 1?1.819 = 2 98 88 90 75 99 32 60 62 35 58 86 48 95 17 3 
542-2-4 1?1.936 = 2 98 88 90 30 92 62 35 56 58 86 48 95 17 29 4 
542-2-5 1?1.82 = 2 98 88 90 30 92 95 17 48 81 27 19 72 97 46 5 
542-2-6 1?2.248 = 2 98 88 90 30 92 86 48 81 27 19 72 97 46 42 61 79 69 6 
542-2-7 1?2.38 = 2 98 88 30 92 62 35 56 70 34 91 47 82 41 76 68 25 7 
542-2-8 1?2.237 = 2 98 88 90 30 92 62 35 56 70 34 91 47 82 41 31 80 8 
542-2-9 1?2.189 = 2 98 88 90 30 92 62 35 56 70 34 91 47 82 41 31 54 94 52 9 
542-2-10 1?2.589 = 2 98 88 90 30 92 62 35 56 70 34 91 20 47 82 41 31 54 22 83 96 33 10 
542-2-11 1?2.628 = 2 98 90 88 92 30 75 99 32 60 62 35 56 70 34 91 24 78 57 23 74 51 11 
542-2-12 1?2.357 = 2 98 88 90 30 92 62 35 56 40 39 28 59 77 84 37 71 65 85 73 12 
542-2-13 1?2.086 = 2 98 88 90 30 92 62 35 56 70 34 91 24 49 37 71 93 13 
542-2-14 1?1.924 = 2 98 88 90 30 92 62 35 56 70 63 18 39 36 59 87 43 14 
542-2-15 1?2.117 = 2 98 88 90 30 92 62 35 56 70 21 91 34 63 18 39 64 15 
542-3-4 1?2.153 = 3 17 95 98 88 90 30 92 62 58 86 48 81 19 27 4 
542-3-5 1?1.968 = 3 17 95 98 88 90 30 92 86 48 81 19 72 97 46 5 
542-3-6 1?2.445 = 3 17 95 98 88 90 30 92 86 48 81 19 72 97 46 61 79 69 6 
542-3-7 1?2.581 = 3 17 95 86 58 35 56 70 34 91 47 82 41 31 76 68 25 7 
542-3-8 1?2.445 = 3 17 95 86 58 35 56 70 34 91 47 82 41 31 54 94 80 8 
542-3-9 1?2.423 = 3 17 95 48 86 58 62 35 56 70 34 91 47 82 41 31 54 94 52 9 
542-3-10 1?2.54 = 3 17 95 86 58 62 35 56 70 34 91 47 82 41 31 54 22 44 10 
542-3-11 1?2.54 = 3 17 95 98 88 90 30 92 62 35 56 70 34 91 24 78 57 23 74 51 11 
542-3-12 1?2.491 = 3 17 95 98 88 90 30 92 62 35 56 70 34 91 24 49 85 65 73 12 
542-3-13 1?2.476 = 3 17 95 98 88 90 30 92 62 35 56 70 34 91 24 49 37 71 93 13 
542-3-14 1?2.346 = 3 17 95 98 88 90 30 92 62 35 56 70 63 18 36 28 59 87 43 89 14 
542-3-15 1?2.393 = 3 17 95 48 86 58 62 35 56 70 21 91 34 63 18 36 28 64 15 
542-4-5 1?2.211 = 4 29 17 95 98 88 90 30 92 86 48 81 19 72 97 5 
542-4-6 1?2.562 = 4 29 17 95 98 88 90 30 92 86 48 81 19 72 97 46 42 6 
542-4-7 1?2.514 = 4 27 19 72 97 46 42 69 79 50 76 31 54 94 80 53 7 
542-4-8 1?2.519 = 4 27 19 72 97 46 42 69 79 50 82 41 31 54 22 94 80 8 
542-4-9 1?2.536 = 4 27 19 72 97 46 42 61 69 79 50 76 82 41 31 54 22 94 52 9 
542-4-10 1?2.591 = 4 27 19 72 97 46 42 69 79 50 76 82 41 31 54 22 83 96 33 10 
542-4-11 1?2.624 = 4 29 17 95 86 58 62 35 56 70 34 91 24 78 57 23 74 51 11 
542-4-12 1?2.725 = 4 27 19 81 66 21 91 34 63 18 36 28 59 77 84 37 65 85 73 12 
542-4-13 1?2.668 = 4 29 17 95 48 86 58 62 35 56 70 63 18 36 28 59 77 37 71 13 
542-4-14 1?2.486 = 4 29 17 95 98 88 90 30 92 62 35 56 40 39 28 36 59 87 43 14 
542-4-15 1?2.576 = 4 27 19 81 48 17 95 98 90 88 92 30 75 99 32 67 16 45 38 15 
542-5-6 1?2.467 = 5 97 72 19 81 48 86 58 35 56 21 26 55 79 69 6 
542-5-7 1?2.212 = 5 46 42 69 79 50 76 41 31 54 94 80 68 53 25 7 
542-5-8 1?2.524 = 5 46 42 61 79 69 25 68 50 76 41 31 54 22 94 80 53 8 
542-5-9 1?2.541 = 5 46 97 72 19 27 81 66 21 34 91 20 47 82 41 31 94 52 9 
542-5-10 1?2.536 = 5 46 42 61 79 69 25 53 80 76 82 41 31 54 22 83 96 33 10 
542-5-11 1?2.533 = 5 46 97 72 19 81 66 21 91 34 63 18 24 78 57 23 74 51 11 
542-5-12 1?2.604 = 5 46 97 72 19 81 48 86 58 35 56 70 34 91 24 49 85 65 73 12 
542-5-13 1?2.566 = 5 97 72 19 81 66 21 91 34 63 18 39 36 28 59 77 84 37 71 13 
542-5-14 1?2.528 = 5 46 97 72 19 81 48 86 58 35 56 70 63 18 39 36 28 59 87 43 89 14 
542-5-15 1?2.438 = 5 46 97 72 19 27 29 17 95 98 88 90 30 32 99 67 16 45 38 15 
542-6-7 1?2.284 = 6 69 79 50 76 82 41 31 22 54 94 80 53 68 25 7 
542-6-8 1?2.407 = 6 69 79 50 76 82 41 31 22 54 94 52 80 68 53 8 
542-6-9 1?2.138 = 6 69 79 25 53 68 50 76 41 31 54 22 94 80 52 9 
542-6-10 1?2.519 = 6 42 61 79 69 25 53 68 80 94 54 31 41 22 83 96 33 10 
542-6-11 1?2.638 = 6 42 46 97 72 19 81 66 21 91 34 24 78 57 23 74 51 11 
542-6-12 1?2.621 = 6 69 79 55 26 21 91 34 63 18 36 77 84 37 71 65 85 73 12 
542-6-13 1?2.707 = 6 69 79 55 26 21 91 34 63 18 36 59 77 84 71 37 85 65 93 13 
542-6-14 1?2.675 = 6 69 79 55 26 21 91 34 63 18 39 28 36 59 77 37 71 84 87 43 14 
542-6-15 1?2.673 = 6 42 46 97 72 27 29 17 95 98 88 90 75 99 32 67 16 45 38 15 
542-7-8 1?2.35 = 7 25 53 68 50 76 41 31 54 22 83 96 33 44 94 80 8 
542-7-9 1?2.168 = 7 25 53 80 76 82 41 31 54 22 83 96 33 44 52 9 
542-7-10 1?2.391 = 7 25 53 68 50 76 80 94 54 31 41 22 83 23 74 96 33 10 
542-7-11 1?2.464 = 7 25 53 68 50 76 80 94 54 31 41 82 47 20 57 23 74 51 11 
542-7-12 1?2.588 = 7 25 53 68 80 94 54 31 41 82 47 20 78 24 49 85 65 73 12 
542-7-13 1?2.609 = 7 25 50 76 80 94 54 31 41 82 47 20 78 24 49 37 71 93 13 
542-7-14 1?2.543 = 7 25 53 68 76 41 31 54 22 83 23 57 85 65 71 37 84 87 43 14 
542-7-15 1?2.734 = 7 25 53 68 76 31 54 22 41 82 47 91 34 63 18 39 36 28 64 15 
542-8-9 1?2.24 = 8 53 68 50 76 80 94 54 31 41 22 83 96 33 44 52 9 
542-8-10 1?2.085 = 8 53 68 50 76 80 94 31 54 22 41 82 83 96 33 10 
542-8-11 1?2.306 = 8 53 68 76 80 94 54 31 41 82 47 20 57 23 74 51 11 
542-8-12 1?2.383 = 8 80 94 54 31 41 82 47 20 78 24 49 37 71 65 73 12 
542-8-13 1?2.496 = 8 80 94 54 31 41 82 47 91 34 63 18 36 28 59 87 43 89 13 
542-8-14 1?2.422 = 8 80 94 54 31 41 82 47 20 78 24 63 18 36 28 59 87 43 89 14 
542-8-15 1?2.598 = 8 80 94 54 31 41 82 47 20 78 24 91 34 63 18 39 36 28 64 15 
542-9-10 1?2.054 = 9 52 94 54 31 41 82 47 20 57 23 74 51 96 33 10 
542-9-11 1?2.025 = 9 52 94 54 22 31 41 82 47 20 78 57 23 74 51 11 
542-9-12 1?2.2 = 9 52 94 54 22 31 41 82 47 20 78 24 49 85 65 73 12 
542-9-13 1?2.216 = 9 52 94 54 31 41 82 47 20 78 24 49 85 65 37 71 13 
542-9-14 1?2.205 = 9 52 94 54 31 41 82 47 91 34 63 18 36 28 59 87 43 89 14 
542-9-15 1?2.41 = 9 52 94 54 31 41 82 47 20 78 24 91 34 63 18 36 39 64 15 
542-10-11 1?2.064 = 10 33 96 83 22 54 31 41 82 47 20 57 23 74 51 11 
542-10-12 1?2.166 = 10 33 96 83 22 54 31 41 82 47 20 23 74 51 73 12 
542-10-13 1?2.087 = 10 33 96 74 51 85 65 37 71 84 77 59 43 89 13 
542-10-14 1?2.384 = 10 33 96 23 57 78 24 91 34 63 18 39 36 28 59 77 87 43 14 
542-10-15 1?2.552 = 10 33 96 83 22 54 31 41 82 47 91 34 63 18 36 59 28 64 15 
542-11-12 1?2.21 = 11 51 74 23 57 78 24 91 34 63 18 49 85 65 73 12 
542-11-13 1?2.006 = 11 51 74 85 65 37 71 84 77 36 28 59 87 43 89 13 
542-11-14 1?1.871 = 11 51 74 85 65 37 71 84 77 36 28 59 87 43 89 14 
542-11-15 1?2.401 = 11 51 74 23 57 85 65 37 71 84 77 36 39 28 59 87 43 15 
542-12-13 1?1.826 = 12 73 65 85 37 71 84 77 36 39 28 59 87 43 89 13 
542-12-14 1?1.691 = 12 73 65 85 37 71 84 77 36 39 28 59 87 43 89 14 
542-12-15 1?1.906 = 12 73 65 85 37 71 84 43 87 77 59 28 36 39 64 15 
542-13-14 1?1.706 = 13 93 65 85 37 71 84 77 36 39 28 59 87 43 89 14 
542-13-15 1?1.921 = 13 93 65 85 37 71 84 43 87 77 59 28 36 39 64 15 
542-14-15 1?2.013 = 14 43 87 84 71 37 77 59 36 28 39 64 16 45 38 15 
stop
