start
23-0-4 1?2.065 = 0 33 45 31 73 60 42 83 26 84 35 59 41 87 72 74 47 95 4 
23-0-1 1?2.313 = 0 33 45 31 73 81 44 52 28 21 46 56 60 27 93 1 
23-0-5 1?2.245 = 0 33 45 31 73 60 42 83 26 84 41 35 59 32 72 74 47 29 70 5 
23-0-11 1?2.555 = 0 33 45 31 73 81 44 52 21 64 98 82 89 63 62 50 68 69 11 
23-0-8 1?2.549 = 0 33 45 31 73 46 64 98 82 89 63 54 34 30 65 36 48 97 75 8 
23-0-6 1?2.397 = 0 33 45 31 73 60 42 83 77 88 37 55 61 22 51 49 86 85 94 6 
23-0-7 1?2.518 = 0 45 31 73 60 42 77 88 37 55 61 22 51 49 86 85 94 96 92 7 
23-0-2 1?2.084 = 0 33 45 31 73 27 60 42 83 88 67 26 84 35 59 39 2 
23-0-10 1?2.66 = 0 33 45 31 73 81 44 52 21 64 98 82 80 89 63 54 62 50 10 
23-0-9 1?2.618 = 0 33 45 31 73 81 44 52 21 64 98 82 80 91 58 99 34 30 65 9 
23-0-3 1?1.884 = 0 33 45 31 73 60 42 83 26 84 41 35 59 39 32 76 3 
23-1-2 1?2.326 = 1 93 83 42 78 77 88 67 26 84 41 35 59 39 32 76 2 
23-1-4 1?2.102 = 1 93 27 60 42 83 26 84 41 35 59 39 32 72 74 47 95 4 
23-0-13 1?2.601 = 0 33 45 31 73 27 60 56 46 81 44 52 21 28 64 98 71 13 
23-1-5 1?2.097 = 1 93 26 84 41 35 59 39 32 72 74 47 29 70 53 16 79 5 
23-0-15 1?2.173 = 0 33 45 31 73 27 60 56 46 21 64 28 52 44 81 15 
23-1-3 1?2.222 = 1 93 83 26 84 41 35 59 39 32 87 72 74 47 95 40 3 
23-0-12 1?2.713 = 0 45 31 73 81 44 52 21 64 98 82 89 63 62 50 68 69 12 
23-1-8 1?2.644 = 1 93 26 84 41 87 72 74 47 29 70 53 16 23 85 96 92 75 8 
23-0-14 1?2.225 = 0 33 45 31 73 27 60 56 46 81 44 21 64 28 52 14 
23-1-7 1?2.433 = 1 93 26 84 35 41 87 72 74 47 29 70 53 16 23 85 94 96 92 7 
23-1-6 1?2.277 = 1 93 26 84 41 35 59 39 32 72 74 47 29 70 53 16 23 94 6 
23-1-13 1?2.678 = 1 93 27 60 56 73 31 45 81 44 52 21 64 98 71 28 18 13 
23-1-12 1?2.993 = 1 93 83 26 84 35 59 41 67 88 77 78 38 80 82 98 64 71 57 12 
23-2-4 1?2.001 = 2 39 59 35 41 84 26 67 88 37 90 87 72 74 47 29 95 4 
23-1-14 1?2.417 = 1 2 39 59 35 41 84 26 83 42 60 73 31 45 81 44 52 14 
23-2-3 1?2.027 = 2 39 59 35 41 84 26 67 87 72 74 47 29 95 40 76 3 
23-2-5 1?1.946 = 2 39 59 35 41 84 67 88 90 72 74 47 29 70 53 16 79 5 
23-1-15 1?2.334 = 1 93 39 59 35 41 84 67 26 83 42 60 27 73 31 45 15 
23-2-6 1?2.022 = 2 39 59 35 84 41 32 72 74 47 29 70 53 16 23 86 85 94 6 
23-1-9 1?2.825 = 1 93 83 26 84 35 59 41 67 88 37 20 91 58 99 34 30 65 48 36 9 
23-1-11 1?2.808 = 1 93 59 35 84 67 88 37 20 91 58 99 54 63 89 62 50 68 11 
23-1-10 1?2.813 = 1 93 83 26 84 35 59 41 67 88 37 20 91 58 99 34 30 65 43 10 
23-3-4 1?1.693 = 3 76 39 59 35 41 84 26 67 88 90 87 72 74 47 95 4 
23-2-12 1?2.707 = 2 39 59 35 41 84 26 67 88 90 37 77 78 38 80 82 98 71 57 12 
23-3-5 1?1.757 = 3 76 39 59 35 41 84 67 87 72 74 47 29 70 53 16 79 5 
23-2-13 1?2.428 = 2 39 59 35 41 84 26 83 42 60 73 31 45 81 44 52 21 28 18 13 
23-2-15 1?2.078 = 2 39 59 35 41 84 26 67 88 77 83 42 60 73 31 45 15 
23-2-7 1?2.177 = 2 39 59 35 41 32 72 74 47 29 70 53 16 23 85 86 49 96 92 7 
23-2-14 1?2.318 = 2 39 59 35 41 84 26 83 42 60 27 45 31 73 81 44 21 52 14 
23-2-8 1?2.444 = 2 39 59 35 41 87 72 74 47 29 70 53 16 23 85 49 96 92 75 8 
23-2-9 1?2.575 = 2 39 59 35 41 84 26 67 88 37 20 91 58 99 34 30 65 48 36 97 66 9 
23-2-11 1?2.607 = 2 39 59 35 41 84 26 67 88 37 20 91 58 99 54 63 89 62 50 68 11 
23-2-10 1?2.833 = 2 39 59 35 41 84 26 67 88 37 55 61 22 25 91 58 99 54 63 89 62 10 
23-4-5 1?1.771 = 4 40 32 59 35 41 87 72 74 47 29 70 53 16 79 5 
23-3-6 1?1.866 = 3 76 39 59 35 41 87 72 74 47 29 70 53 16 23 86 85 94 6 
23-3-12 1?2.754 = 3 76 39 59 35 84 67 88 37 20 91 58 99 54 63 89 62 50 68 69 12 
23-3-7 1?2.046 = 3 76 39 59 35 41 87 72 74 47 29 70 53 16 23 85 94 96 92 7 
23-3-9 1?2.391 = 3 76 39 59 35 41 84 26 67 88 37 20 91 58 99 34 30 65 48 36 9 
23-3-8 1?2.228 = 3 76 32 72 74 47 29 70 53 16 79 17 23 86 85 96 92 75 8 
23-3-13 1?2.563 = 3 76 39 59 35 41 84 26 83 42 60 73 31 45 81 44 52 21 64 28 18 13 
23-3-15 1?2.228 = 3 76 32 39 59 35 41 84 26 67 88 77 83 42 60 73 31 45 15 
23-3-14 1?2.572 = 3 76 39 59 35 41 84 26 67 88 77 83 42 60 73 31 45 81 44 21 52 14 
23-3-11 1?2.504 = 3 76 39 59 35 41 84 67 88 37 20 91 58 99 54 63 89 62 50 68 11 
23-3-10 1?2.642 = 3 76 39 59 35 41 84 26 67 88 37 55 61 25 91 58 99 34 30 65 43 10 
23-5-6 1?1.909 = 5 79 16 53 70 29 47 74 72 55 61 22 51 49 85 94 6 
23-4-6 1?1.639 = 4 40 72 74 47 29 70 53 16 79 17 23 86 85 94 6 
23-4-7 1?2.101 = 4 40 32 87 72 74 47 29 70 53 16 79 17 23 85 94 96 92 7 
23-4-8 1?2.036 = 4 95 74 47 29 70 53 16 79 17 23 85 86 49 96 92 75 8 
23-4-12 1?2.689 = 4 95 47 74 72 87 41 59 35 84 26 67 88 77 78 38 80 82 98 71 57 12 
23-4-9 1?2.249 = 4 95 47 29 70 53 16 23 85 86 49 96 92 75 97 48 36 66 9 
23-4-13 1?2.58 = 4 40 32 39 59 35 41 84 26 83 42 60 73 31 81 44 52 21 28 18 13 
23-4-15 1?2.284 = 4 95 47 74 72 32 39 59 35 41 84 26 83 42 60 56 73 31 45 15 
23-4-11 1?2.516 = 4 95 47 29 70 53 61 22 25 91 58 99 54 63 89 62 50 68 11 
23-4-10 1?2.491 = 4 95 29 70 53 16 23 85 86 49 51 22 61 25 91 58 99 34 43 10 
23-4-14 1?2.453 = 4 95 47 74 72 32 39 59 35 41 84 26 83 42 60 27 31 73 81 44 52 14 
23-5-7 1?1.7 = 5 95 47 29 70 53 16 79 23 85 86 49 96 92 7 
23-6-7 1?1.792 = 6 17 23 79 16 53 61 22 51 49 86 85 94 96 92 7 
23-6-8 1?1.901 = 6 94 85 86 49 51 22 61 25 91 58 99 19 24 75 8 
23-5-8 1?2.208 = 5 17 23 86 49 51 22 25 91 58 99 34 30 65 48 36 97 75 8 
23-5-12 1?2.651 = 5 70 29 47 74 72 87 41 35 84 26 83 42 78 38 80 82 98 71 57 12 
23-5-9 1?2.218 = 5 70 53 16 79 17 23 94 85 86 49 96 92 75 97 36 66 9 
23-5-13 1?2.608 = 5 70 29 47 74 72 32 59 35 41 84 26 83 42 60 56 46 21 28 18 13 
23-5-10 1?2.312 = 5 70 53 16 23 85 86 49 51 22 61 25 91 58 99 34 43 10 
23-5-14 1?2.462 = 5 70 29 47 74 72 32 39 59 35 41 84 26 83 42 60 73 31 81 44 14 
23-5-15 1?2.343 = 5 70 29 47 74 72 32 39 59 35 41 84 26 83 42 60 27 73 31 45 15 
23-5-11 1?2.467 = 5 79 53 16 23 86 49 51 22 61 25 91 58 99 34 43 62 50 68 11 
23-7-8 1?1.981 = 7 92 96 85 86 49 51 19 99 34 30 65 36 97 75 8 
23-7-9 1?1.937 = 7 96 85 86 49 51 22 61 25 91 58 99 34 30 65 9 
23-6-9 1?2.036 = 6 94 85 86 49 51 22 61 25 91 58 99 34 30 65 48 36 66 9 
23-7-10 1?2.011 = 7 92 96 85 86 49 51 22 61 25 91 58 99 34 43 10 
23-6-12 1?2.578 = 6 94 85 86 49 51 22 61 25 91 58 99 34 54 63 89 62 50 68 69 12 
23-6-13 1?2.652 = 6 94 85 86 49 51 22 61 55 37 88 77 78 38 80 82 98 64 28 18 13 
23-6-10 1?2.23 = 6 94 85 86 49 51 22 61 25 91 58 99 54 63 89 62 50 10 
23-6-11 1?2.229 = 6 94 85 86 49 51 22 61 25 91 58 99 34 30 65 43 62 50 68 11 
23-7-11 1?2.303 = 7 92 96 85 86 49 51 22 61 25 58 99 54 63 89 62 50 68 11 
23-6-15 1?2.409 = 6 94 85 86 49 51 22 61 55 37 88 67 26 83 42 60 73 31 45 15 
23-6-14 1?2.651 = 6 17 23 16 53 70 29 47 74 72 87 41 35 84 26 83 42 56 46 21 52 14 
23-8-9 1?2.019 = 8 75 97 36 48 65 30 34 99 58 54 63 89 62 43 9 
23-8-10 1?1.898 = 8 75 97 36 48 65 30 34 99 58 91 54 63 89 62 10 
23-8-12 1?2.288 = 8 75 97 36 48 65 30 34 99 58 91 54 63 89 62 50 68 69 12 
23-7-12 1?2.556 = 7 92 96 49 51 22 61 25 91 58 99 54 63 89 62 50 68 69 12 
23-8-13 1?2.378 = 8 75 97 36 48 65 30 34 99 58 91 80 82 98 64 21 28 18 13 
23-8-11 1?1.769 = 8 75 97 36 48 65 30 34 54 63 89 62 50 68 69 11 
23-7-13 1?2.592 = 7 92 96 85 86 49 51 22 61 55 37 20 38 80 82 98 64 28 18 13 
23-8-14 1?2.418 = 8 75 97 36 48 65 30 43 54 63 89 80 82 98 64 21 52 44 14 
23-7-14 1?2.635 = 7 92 96 94 85 49 51 22 61 55 37 20 38 80 82 98 64 21 52 14 
23-7-15 1?2.563 = 7 92 96 85 86 49 51 22 61 55 37 88 67 26 83 42 60 73 31 45 15 
23-8-15 1?2.557 = 8 75 97 36 48 65 30 34 99 58 54 63 89 82 98 64 21 52 44 81 15 
23-10-12 1?2.231 = 10 43 65 30 34 99 58 91 54 63 89 62 50 68 69 12 
23-9-12 1?2.095 = 9 66 36 48 65 30 34 99 54 63 89 62 50 68 69 12 
23-9-13 1?2.364 = 9 66 36 48 65 30 34 99 58 54 63 89 82 98 64 28 18 13 
23-10-13 1?2.518 = 10 50 62 89 63 54 34 99 58 91 80 82 98 64 28 18 13 
23-10-11 1?2.045 = 10 43 65 30 34 99 58 91 54 63 89 62 50 68 69 11 
23-9-10 1?2.036 = 9 66 36 48 65 30 34 99 58 91 54 63 89 62 50 10 
23-9-11 1?1.88 = 9 66 36 48 65 30 34 99 58 54 63 89 62 50 68 11 
23-10-14 1?2.479 = 10 62 89 63 54 34 99 58 91 80 82 98 64 21 52 44 14 
23-9-14 1?2.443 = 9 66 36 48 65 30 34 99 58 91 54 63 89 82 98 64 21 52 14 
23-10-15 1?2.623 = 10 43 65 30 34 99 58 54 63 89 80 82 98 64 21 52 44 81 15 
23-9-15 1?2.597 = 9 66 36 48 65 30 34 99 58 91 80 82 98 64 28 21 52 44 81 15 
23-11-12 1?2.231 = 11 69 68 50 62 43 65 30 34 99 58 54 63 89 57 12 
23-12-13 1?2.39 = 12 69 68 50 62 63 89 80 82 98 64 21 28 18 13 
23-13-14 1?2.591 = 13 71 89 63 54 34 99 58 91 80 98 64 21 52 14 
23-12-14 1?2.255 = 12 69 68 50 62 54 63 89 80 82 98 64 21 52 14 
23-11-13 1?2.317 = 11 68 50 62 63 54 99 58 91 80 82 98 64 28 18 13 
23-13-15 1?2.299 = 13 18 28 52 44 21 64 98 82 80 56 73 31 45 15 
23-14-15 1?2.274 = 14 52 44 81 21 28 64 98 82 80 56 73 31 45 15 
23-12-15 1?2.353 = 12 57 71 18 28 64 21 52 44 81 46 56 73 31 45 15 
23-11-14 1?2.201 = 11 69 68 50 62 54 63 89 80 82 98 64 21 52 44 14 
23-11-15 1?2.454 = 11 68 50 62 54 63 89 82 98 64 21 52 44 81 73 31 45 15 
stop
