start
669-0-3 1?2.104 = 0 91 64 80 68 23 57 78 88 48 62 72 58 43 40 45 3 
669-0-4 1?2.177 = 0 91 64 80 68 87 23 57 78 88 31 48 62 72 96 76 92 94 4 
669-0-1 1?1.961 = 0 91 64 80 47 59 48 62 72 58 43 40 77 29 61 1 
669-0-6 1?2.418 = 0 91 64 80 68 87 23 57 78 88 48 62 18 30 34 55 51 46 56 6 
669-0-7 1?2.528 = 0 91 64 80 68 87 23 57 78 88 85 63 25 65 50 69 70 81 67 7 
669-0-11 1?2.488 = 0 91 64 80 68 87 23 57 78 85 25 63 89 33 28 95 26 73 11 
669-0-2 1?1.976 = 0 91 64 68 80 57 78 88 48 62 72 58 43 40 97 2 
669-0-8 1?2.371 = 0 91 64 80 68 87 23 57 78 85 25 65 35 74 20 24 27 37 90 8 
669-0-5 1?2.332 = 0 91 68 80 57 78 88 31 48 62 72 96 76 92 94 38 60 49 5 
669-0-10 1?2.551 = 0 91 64 80 68 87 23 57 78 88 85 25 63 65 35 33 28 26 95 10 
669-0-9 1?2.599 = 0 91 64 80 68 87 23 57 78 88 85 25 63 89 33 20 24 37 27 9 
669-0-15 1?2.157 = 0 91 64 80 68 87 23 57 47 59 88 78 36 82 93 15 
669-1-4 1?1.839 = 1 61 29 77 40 43 58 72 96 76 92 94 38 60 49 4 
669-1-3 1?2.071 = 1 61 29 77 40 43 58 96 72 62 18 76 92 94 45 3 
669-1-2 1?2.008 = 1 79 91 64 80 68 87 23 57 47 59 58 43 40 97 2 
669-0-14 1?2.26 = 0 91 64 80 68 87 23 57 78 88 85 25 63 21 86 66 14 
669-0-13 1?2.135 = 0 91 64 80 68 87 23 57 78 85 25 63 21 16 22 75 13 
669-0-12 1?2.323 = 0 91 64 80 68 87 23 57 78 85 25 63 21 16 22 99 41 12 
669-1-6 1?2.266 = 1 61 29 77 43 58 96 76 92 94 38 60 49 42 39 54 51 46 56 6 
669-1-8 1?2.468 = 1 61 29 77 40 43 58 72 62 48 31 84 65 35 74 20 24 27 37 90 8 
669-1-7 1?2.541 = 1 61 29 77 43 58 96 76 92 94 38 60 49 42 39 54 34 55 70 81 67 7 
669-1-5 1?2.191 = 1 61 29 77 40 43 58 48 62 72 96 76 92 94 38 60 49 42 5 
669-1-15 1?1.945 = 1 61 29 77 43 58 72 62 48 59 47 80 68 87 93 15 
669-2-4 1?1.856 = 2 97 77 40 43 58 96 72 62 18 76 92 94 38 60 4 
669-2-3 1?2.114 = 2 97 29 77 40 43 58 96 72 62 18 76 92 94 45 3 
669-1-13 1?2.31 = 1 79 91 64 80 68 87 23 57 78 85 25 63 21 16 22 75 13 
669-2-6 1?2.142 = 2 97 40 43 58 96 76 92 94 38 60 49 42 39 54 51 46 56 6 
669-2-5 1?1.86 = 2 97 29 77 40 43 58 96 76 92 94 38 60 49 42 5 
669-1-12 1?2.487 = 1 61 29 77 40 43 58 72 62 48 31 88 85 25 63 21 16 99 12 
669-1-14 1?2.124 = 1 61 29 77 40 43 58 72 62 48 88 78 36 82 66 14 
669-1-11 1?2.578 = 1 61 29 77 40 43 58 72 62 48 88 85 25 63 89 28 26 73 11 
669-1-9 1?2.613 = 1 61 29 77 40 43 58 72 62 48 31 88 85 25 65 35 74 20 24 53 9 
669-1-10 1?2.552 = 1 61 29 77 40 43 58 96 72 62 48 31 88 85 25 63 89 28 95 10 
669-2-15 1?1.928 = 2 97 40 43 58 96 72 62 48 88 78 57 23 87 93 15 
669-3-4 1?1.962 = 3 45 40 43 58 96 72 62 18 76 92 94 38 60 49 4 
669-3-5 1?1.983 = 3 94 92 38 60 49 42 39 54 34 55 51 46 56 6 19 5 
669-2-13 1?2.334 = 2 97 40 43 58 96 72 62 48 31 88 85 25 63 21 16 22 75 13 
669-2-7 1?2.353 = 2 97 40 43 58 96 76 92 94 38 60 49 42 39 54 51 46 81 67 7 
669-2-8 1?2.363 = 2 97 40 43 58 96 72 62 48 31 84 65 35 74 20 24 27 37 90 8 
669-2-12 1?2.478 = 2 97 40 43 58 96 72 62 48 88 85 25 63 21 16 22 99 41 12 
669-2-9 1?2.534 = 2 97 40 43 58 96 72 62 48 31 88 85 25 63 89 33 20 24 53 9 
669-2-14 1?2.235 = 2 97 40 43 58 72 62 48 31 88 78 57 80 68 87 82 66 14 
669-2-10 1?2.547 = 2 97 40 43 58 96 72 62 48 31 88 85 63 25 65 35 33 28 95 10 
669-2-11 1?2.59 = 2 97 40 43 58 96 72 62 48 31 88 85 25 63 89 28 95 26 73 11 
669-3-15 1?2.081 = 3 45 40 43 58 72 62 48 31 88 78 57 80 68 87 93 15 
669-3-6 1?1.713 = 3 45 94 92 38 60 49 42 39 44 34 55 51 46 56 6 
669-4-5 1?1.79 = 4 94 92 38 60 49 42 39 54 34 55 51 46 56 6 19 5 
669-3-13 1?2.51 = 3 97 40 43 58 96 72 62 48 31 88 85 25 63 21 16 22 75 13 
669-3-12 1?2.571 = 3 45 40 43 58 96 72 62 48 88 85 25 63 21 16 22 99 41 12 
669-3-8 1?2.219 = 3 94 92 38 60 49 42 39 54 34 55 70 81 32 52 37 27 90 8 
669-3-7 1?2.315 = 3 45 94 92 38 60 49 42 39 44 34 55 54 51 46 70 81 32 67 7 
669-3-9 1?2.336 = 3 94 92 38 60 49 42 39 54 34 55 70 81 32 52 90 37 27 9 
669-3-11 1?2.596 = 3 45 40 43 58 72 62 48 31 88 85 25 63 89 28 95 26 73 11 
669-3-10 1?2.537 = 3 94 92 38 60 49 42 39 54 34 55 69 50 74 20 71 28 26 10 
669-3-14 1?2.379 = 3 45 40 43 58 72 62 48 88 78 57 80 68 87 23 36 82 66 14 
669-4-6 1?1.535 = 4 94 92 38 60 49 42 39 44 34 55 54 51 46 56 6 
669-4-7 1?1.611 = 4 38 60 49 42 39 54 34 55 51 56 46 70 81 67 7 
669-5-6 1?1.772 = 5 49 60 38 94 92 42 39 44 34 55 54 51 46 56 6 
669-4-15 1?2.358 = 4 60 49 38 94 92 76 96 58 72 62 48 88 78 57 80 68 87 93 15 
669-4-8 1?2.132 = 4 38 60 49 42 39 44 34 55 51 46 70 81 32 52 37 27 90 8 
669-4-12 1?2.602 = 4 60 38 94 92 76 96 72 62 48 88 85 25 63 21 16 22 99 41 12 
669-4-13 1?2.559 = 4 60 38 94 92 76 96 58 72 62 48 31 88 85 25 63 21 16 22 75 13 
669-4-9 1?2.239 = 4 94 92 38 60 49 42 39 54 34 55 70 81 67 32 52 90 37 27 9 
669-4-14 1?2.497 = 4 60 38 94 92 76 96 72 62 48 88 78 57 80 68 87 23 36 82 66 14 
669-4-11 1?2.536 = 4 94 92 38 60 49 42 39 54 34 55 69 50 74 20 71 28 95 26 73 11 
669-4-10 1?2.598 = 4 38 60 49 42 39 54 34 55 70 81 32 52 90 37 27 24 20 71 95 10 
669-5-7 1?1.764 = 5 49 60 38 42 39 54 34 55 51 56 46 70 81 67 7 
669-6-7 1?1.968 = 6 56 46 51 54 55 34 44 30 17 50 69 70 81 67 7 
669-6-8 1?1.769 = 6 56 46 51 54 34 55 70 81 67 32 52 37 27 90 8 
669-5-8 1?2.121 = 5 49 60 38 42 39 54 34 55 51 46 81 32 52 37 27 90 8 
669-5-15 1?2.426 = 5 42 49 60 38 94 92 76 96 58 72 62 48 31 88 78 57 23 87 93 15 
669-5-9 1?2.332 = 5 49 60 38 42 39 54 34 55 51 46 70 81 32 52 90 37 27 9 
669-5-12 1?2.714 = 5 49 60 38 94 92 76 96 72 62 48 31 88 85 25 63 21 16 99 41 12 
669-5-13 1?2.67 = 5 49 60 38 94 92 76 96 58 72 62 48 88 85 25 63 21 16 22 75 13 
669-5-10 1?2.534 = 5 19 51 46 70 81 67 32 52 90 37 27 24 20 71 28 95 26 10 
669-5-11 1?2.676 = 5 49 60 38 94 92 42 39 54 34 55 69 50 74 20 71 95 26 73 11 
669-5-14 1?2.581 = 5 49 60 38 94 92 76 96 58 72 62 48 31 88 78 57 23 36 82 83 14 
669-7-8 1?1.906 = 7 67 56 46 51 54 34 55 70 81 32 52 37 27 90 8 
669-7-9 1?2.004 = 7 67 81 32 52 90 27 37 24 20 74 35 33 71 53 9 
669-6-15 1?2.58 = 6 56 46 51 54 34 55 30 18 72 62 48 31 88 78 57 23 80 68 87 93 15 
669-6-12 1?2.68 = 6 56 51 46 70 81 67 32 52 90 37 27 24 20 71 95 26 73 41 12 
669-7-10 1?2.341 = 7 67 56 51 46 70 81 32 52 90 37 27 24 71 28 26 95 10 
669-6-9 1?2.335 = 6 56 46 51 54 34 55 69 70 81 67 32 52 90 37 27 24 53 9 
669-6-10 1?2.277 = 6 56 51 46 70 81 67 32 52 90 37 27 24 20 71 28 26 95 10 
669-6-13 1?2.76 = 6 56 46 51 54 34 55 30 18 72 62 48 31 88 85 25 63 21 16 22 75 13 
669-7-11 1?2.494 = 7 67 81 70 32 52 90 37 27 24 20 74 35 33 71 28 95 26 73 11 
669-6-14 1?2.613 = 6 56 46 51 55 34 30 18 62 48 31 88 78 57 80 68 87 82 83 14 
669-6-11 1?2.585 = 6 56 51 46 70 81 32 52 90 37 27 24 20 74 35 33 28 95 26 73 11 
669-8-9 1?2.145 = 8 90 27 37 52 32 67 81 70 69 50 74 24 53 9 
669-8-10 1?2.14 = 8 32 52 90 37 27 24 20 74 35 33 71 28 26 95 10 
669-8-15 1?2.379 = 8 90 37 27 24 20 33 89 63 25 85 88 78 57 80 68 87 93 15 
669-8-13 1?2.487 = 8 90 37 27 24 20 74 35 33 89 65 25 63 21 86 16 22 75 13 
669-8-12 1?2.591 = 8 90 37 27 24 20 74 35 33 89 63 25 85 21 16 22 99 41 12 
669-7-13 1?2.552 = 7 67 32 52 90 37 27 24 71 33 35 65 25 63 21 16 22 75 13 
669-7-12 1?2.622 = 7 67 81 32 52 90 37 27 24 20 74 35 33 71 28 26 73 41 12 
669-7-15 1?2.689 = 7 67 32 52 90 37 27 24 20 74 35 65 25 63 85 78 57 23 68 87 93 15 
669-8-11 1?2.468 = 8 90 27 37 52 32 67 81 70 69 50 74 20 71 95 26 73 11 
669-8-14 1?2.484 = 8 90 37 27 24 20 33 89 63 25 85 88 78 57 23 36 82 66 14 
669-7-14 1?2.574 = 7 67 81 70 69 50 98 31 88 78 57 80 68 87 23 36 82 83 14 
669-10-13 1?2.332 = 10 95 26 28 71 33 35 65 25 63 21 86 16 22 75 13 
669-9-12 1?2.454 = 9 27 90 37 24 74 35 65 25 63 21 16 22 99 41 12 
669-10-15 1?2.426 = 10 95 71 20 74 35 65 25 63 85 88 78 57 80 68 87 93 15 
669-10-12 1?2.433 = 10 95 26 28 71 33 89 65 25 63 21 16 22 99 41 12 
669-9-10 1?2.232 = 9 53 27 37 90 52 24 20 74 35 33 71 28 26 95 10 
669-9-15 1?2.522 = 9 27 37 24 20 74 35 65 25 63 85 88 78 57 23 68 87 93 15 
669-10-11 1?2.64 = 10 9 27 37 90 52 24 20 74 35 33 71 28 95 26 73 11 
669-9-11 1?2.25 = 9 27 37 90 52 24 20 74 35 33 71 28 95 26 73 11 
669-9-13 1?2.642 = 9 53 27 90 37 24 20 74 35 65 25 63 21 86 22 16 99 75 13 
669-10-14 1?2.307 = 10 26 28 89 63 25 85 88 78 57 23 36 82 83 14 
669-9-14 1?2.581 = 9 53 24 20 33 89 63 25 85 78 57 80 68 87 23 36 82 83 14 
669-13-15 1?2.063 = 13 75 22 16 86 82 36 23 57 80 64 91 68 87 93 15 
669-14-15 1?2.198 = 14 66 82 36 23 57 78 85 88 59 47 80 68 87 93 15 
669-12-15 1?2.297 = 12 41 99 16 21 63 25 85 88 78 57 23 80 68 87 93 15 
669-12-13 1?2.428 = 12 41 99 16 22 86 36 57 80 64 68 87 82 66 75 13 
669-11-13 1?2.372 = 11 73 26 95 28 71 33 89 65 25 63 21 16 22 75 13 
669-11-15 1?2.45 = 11 73 26 95 28 33 89 63 25 85 78 57 23 80 68 87 93 15 
669-11-12 1?2.486 = 11 73 26 95 71 20 74 35 65 25 63 21 16 22 99 41 12 
669-12-14 1?2.199 = 12 41 99 16 22 86 36 23 57 80 64 68 87 82 83 14 
669-13-14 1?2.222 = 13 75 22 16 21 63 25 85 88 78 57 23 36 82 66 14 
669-11-14 1?2.379 = 11 73 26 95 28 89 63 25 85 78 57 23 36 82 66 14 
stop
