start
186-0-1 1?2.263 = 0 26 48 43 45 24 96 38 55 50 31 63 64 83 16 1 
186-0-5 1?2.486 = 0 26 48 43 45 24 96 38 50 55 93 47 95 71 25 78 79 86 5 
186-0-4 1?2.577 = 0 26 48 43 45 24 96 31 64 63 50 55 93 47 71 25 78 79 4 
186-0-8 1?2.502 = 0 26 48 43 45 24 96 38 47 25 71 22 98 74 18 40 67 77 8 
186-0-2 1?1.991 = 0 26 48 43 45 24 96 38 55 50 63 64 31 76 16 2 
186-0-11 1?2.355 = 0 17 52 28 33 84 19 37 57 23 97 46 91 81 29 66 11 
186-0-3 1?2.306 = 0 26 48 43 45 24 96 38 47 71 25 93 55 50 63 64 3 
186-0-7 1?2.539 = 0 26 48 43 76 64 63 50 55 47 25 71 95 22 51 92 34 7 
186-0-9 1?2.666 = 0 26 48 43 45 24 96 38 47 25 71 95 22 98 74 18 40 72 9 
186-0-6 1?2.508 = 0 26 48 43 76 64 63 50 55 93 47 25 71 95 22 51 21 6 
186-0-10 1?2.611 = 0 17 32 36 73 35 37 57 23 97 19 84 33 91 46 81 90 61 10 
186-1-5 1?1.953 = 1 48 43 45 24 96 38 31 64 63 50 55 93 78 79 86 5 
186-1-4 1?1.936 = 1 48 43 45 24 96 38 31 64 63 50 55 93 78 79 4 
186-0-12 1?2.39 = 0 17 32 36 73 35 37 19 84 91 46 97 23 57 56 39 12 
186-0-14 1?2.285 = 0 26 48 43 45 65 53 58 44 62 28 54 73 36 32 14 
186-1-2 1?1.812 = 1 26 48 43 45 24 96 38 55 50 31 63 64 83 16 2 
186-1-7 1?2.35 = 1 48 43 45 24 96 38 47 25 71 22 98 74 18 40 67 30 49 7 
186-0-15 1?2.368 = 0 26 48 43 45 65 53 58 44 62 28 54 52 17 69 15 
186-1-3 1?2.052 = 1 26 48 43 45 24 96 38 55 50 31 63 64 76 83 3 
186-0-13 1?2.299 = 0 65 58 44 82 99 33 91 46 84 19 97 23 57 56 39 13 
186-1-8 1?2.449 = 1 48 43 76 64 63 50 55 93 47 25 71 95 22 98 18 40 67 77 8 
186-1-6 1?2.324 = 1 26 48 43 76 64 63 50 55 93 47 25 71 95 22 51 21 6 
186-2-5 1?1.945 = 2 16 83 64 63 31 96 24 38 55 50 93 78 79 86 5 
186-2-4 1?1.993 = 2 83 64 63 31 50 55 93 47 95 71 25 78 79 4 
186-1-12 1?2.18 = 1 48 43 45 65 58 44 82 99 33 84 19 46 97 57 23 56 12 
186-2-3 1?2.118 = 2 16 43 48 45 24 96 38 55 50 63 64 31 76 83 3 
186-1-11 1?2.442 = 1 26 48 43 45 65 58 44 62 28 54 33 84 19 37 57 23 97 80 66 11 
186-1-13 1?2.211 = 1 48 43 45 65 58 44 82 99 33 84 19 37 57 23 56 39 13 
186-2-6 1?1.936 = 2 83 64 63 50 55 93 47 25 71 95 22 51 21 6 
186-1-9 1?2.474 = 1 48 45 24 96 38 47 25 71 95 22 98 74 18 40 67 77 72 9 
186-1-14 1?2.053 = 1 48 43 45 65 58 44 62 28 54 52 17 32 36 14 
186-1-10 1?2.487 = 1 26 48 43 45 65 58 44 62 28 54 33 84 19 46 91 81 90 61 10 
186-1-15 1?2.184 = 1 26 48 43 45 65 53 58 44 62 28 54 52 17 69 15 
186-3-5 1?1.927 = 3 64 63 31 38 50 55 93 47 71 25 78 79 86 5 
186-3-4 1?2.005 = 3 64 63 31 38 50 55 93 47 95 71 25 78 79 4 
186-2-12 1?2.28 = 2 83 64 63 50 55 47 59 27 68 85 87 91 46 97 23 57 56 12 
186-2-7 1?2.208 = 2 83 64 63 50 55 47 25 71 95 22 98 74 18 40 67 30 49 7 
186-2-11 1?2.416 = 2 83 64 63 50 55 47 71 95 27 89 68 85 87 91 46 97 80 66 11 
186-2-13 1?2.384 = 2 16 83 64 63 50 55 38 96 24 53 58 44 62 28 54 35 20 13 
186-2-10 1?2.385 = 2 83 64 63 50 55 47 25 71 95 27 89 68 85 87 41 90 61 10 
186-2-8 1?2.422 = 2 83 64 63 31 38 50 55 93 47 25 71 95 22 98 74 18 40 67 77 8 
186-2-15 1?2.152 = 2 16 83 64 63 31 38 96 24 53 58 44 62 52 17 15 
186-2-14 1?2.269 = 2 83 64 63 31 38 96 24 53 58 44 62 28 54 73 36 32 14 
186-2-9 1?2.483 = 2 83 64 63 50 55 93 47 25 71 95 22 88 98 74 18 40 67 77 72 9 
186-4-5 1?2.119 = 4 63 64 31 38 50 55 93 47 71 25 78 79 86 5 
186-3-7 1?2.048 = 3 64 63 50 55 47 25 71 22 98 74 18 40 67 30 49 7 
186-3-11 1?2.406 = 3 64 63 50 55 47 25 71 95 27 89 68 85 87 91 46 81 29 80 66 11 
186-3-12 1?2.252 = 3 64 63 50 55 47 25 71 95 27 68 85 87 91 46 97 23 57 56 12 
186-3-6 1?1.954 = 3 64 63 50 55 47 25 71 95 22 88 92 51 21 6 
186-3-8 1?2.31 = 3 64 63 31 38 50 55 47 25 71 95 22 88 98 74 18 40 67 77 8 
186-3-13 1?2.354 = 3 64 63 50 55 47 95 27 68 85 87 91 46 97 23 57 56 39 13 
186-3-9 1?2.454 = 3 64 63 31 50 55 93 47 71 25 22 88 98 74 18 40 67 77 72 9 
186-3-10 1?2.445 = 3 64 63 50 55 47 25 71 22 98 74 18 40 67 77 72 75 60 10 
186-3-15 1?2.253 = 3 64 63 31 38 96 24 53 58 44 62 28 54 52 17 69 15 
186-3-14 1?2.418 = 3 64 63 31 50 55 38 96 24 53 58 44 62 28 54 52 17 32 14 
186-4-7 1?2.15 = 4 79 78 25 71 95 22 88 98 74 18 40 67 77 30 49 7 
186-4-8 1?2.202 = 4 79 78 93 47 25 71 95 22 88 98 74 18 40 67 30 94 8 
186-5-6 1?2.126 = 5 86 79 78 93 47 25 71 95 22 98 88 92 51 21 6 
186-4-6 1?2.159 = 4 63 64 31 50 55 93 47 25 71 95 22 51 21 6 
186-4-9 1?2.405 = 4 50 55 93 47 25 71 95 22 88 98 74 18 40 67 77 72 9 
186-4-10 1?2.417 = 4 79 78 25 71 95 27 68 85 87 33 84 19 46 91 81 90 61 10 
186-4-11 1?2.49 = 4 79 78 25 71 95 27 89 68 85 87 91 46 84 19 37 57 23 97 80 66 11 
186-4-13 1?2.327 = 4 79 78 25 71 95 27 68 85 87 33 84 19 97 57 23 56 39 13 
186-4-12 1?2.535 = 4 50 55 47 25 71 95 27 68 89 85 87 33 91 46 84 19 97 23 57 56 12 
186-4-14 1?2.503 = 4 79 78 25 71 95 27 89 68 85 87 91 46 19 84 35 73 36 14 
186-4-15 1?2.605 = 4 79 78 93 55 50 63 64 31 38 96 24 53 58 44 62 52 17 15 
186-6-8 1?2.081 = 6 21 51 34 92 88 98 74 18 40 72 77 67 30 49 8 
186-5-7 1?1.985 = 5 86 79 78 25 71 95 22 98 74 18 40 67 30 49 7 
186-6-7 1?1.913 = 6 21 51 34 92 88 98 74 18 40 72 77 67 30 49 7 
186-5-8 1?2.069 = 5 86 79 78 93 47 25 71 95 22 98 74 18 40 67 77 8 
186-5-11 1?2.282 = 5 86 79 78 25 71 95 27 89 68 85 87 91 46 81 29 80 66 11 
186-5-9 1?2.296 = 5 86 79 78 93 47 25 71 95 22 98 74 18 40 67 77 72 9 
186-5-10 1?2.434 = 5 86 79 78 25 71 95 27 68 85 87 33 84 19 46 91 81 90 61 10 
186-5-12 1?2.569 = 5 86 79 78 25 71 95 27 89 68 85 87 91 46 84 19 97 23 57 37 56 39 12 
186-5-13 1?2.442 = 5 86 79 78 25 71 95 27 89 68 85 87 91 46 84 19 97 23 57 56 39 13 
186-5-14 1?2.567 = 5 86 79 78 25 71 95 27 89 68 85 87 91 46 84 19 37 35 73 36 14 
186-5-15 1?2.598 = 5 86 79 78 93 47 25 71 95 27 89 68 85 99 28 54 52 17 15 
186-7-8 1?2.077 = 7 34 21 51 92 88 98 74 18 40 72 77 67 30 49 8 
186-6-9 1?2.233 = 6 21 51 92 88 98 74 18 40 67 30 94 77 72 75 60 9 
186-7-9 1?2.108 = 7 49 30 77 67 40 18 74 42 70 41 81 90 61 60 75 9 
186-6-11 1?2.295 = 6 21 51 88 98 42 70 41 81 91 46 19 37 57 23 97 80 66 11 
186-7-11 1?2.088 = 7 49 30 67 40 18 74 42 70 41 81 91 46 84 19 97 80 66 11 
186-6-12 1?2.339 = 6 21 51 22 25 71 95 27 89 68 85 87 91 46 84 19 37 57 23 12 
186-6-13 1?2.301 = 6 21 51 92 88 98 42 70 41 81 91 46 84 19 37 57 23 56 39 13 
186-7-10 1?2.296 = 7 49 30 67 40 18 74 42 70 41 81 91 46 84 19 97 80 66 10 
186-6-10 1?2.486 = 6 21 51 92 88 98 42 70 41 81 91 46 84 19 97 29 90 61 10 
186-6-15 1?2.776 = 6 21 51 92 88 22 25 71 95 59 27 89 68 85 99 28 54 52 17 15 
186-6-14 1?2.563 = 6 21 51 92 88 98 74 42 70 41 81 91 46 97 23 57 37 35 73 36 14 
186-8-9 1?2.068 = 8 94 30 77 67 40 18 74 42 70 41 81 90 61 60 75 9 
186-8-10 1?2.066 = 8 77 67 40 18 74 42 70 41 81 91 46 97 80 66 10 
186-8-11 1?1.944 = 8 77 67 40 18 74 42 70 41 81 91 46 19 97 80 66 11 
186-8-12 1?1.813 = 8 77 67 40 18 74 42 70 41 81 91 46 97 23 57 56 12 
186-7-12 1?2.002 = 7 49 30 67 40 18 74 42 70 41 81 91 46 84 19 37 57 23 12 
186-8-13 1?2.038 = 8 77 67 40 18 74 42 70 41 81 91 46 19 37 57 23 56 39 13 
186-7-13 1?2.26 = 7 49 30 67 40 18 74 42 70 41 81 46 91 33 84 19 37 57 23 56 39 13 
186-8-14 1?2.272 = 8 77 67 40 18 74 42 70 41 81 91 46 97 23 57 37 35 73 36 14 
186-7-14 1?2.387 = 7 49 30 67 40 18 74 42 70 41 81 91 46 97 23 57 37 35 73 36 14 
186-8-15 1?2.48 = 8 77 40 18 74 42 70 41 81 91 46 19 84 35 73 36 32 69 15 
186-7-15 1?2.56 = 7 49 30 67 40 18 74 42 70 41 81 91 46 19 84 33 54 52 17 15 
186-10-12 1?1.649 = 10 60 61 90 81 46 91 33 84 19 97 23 57 37 56 12 
186-9-11 1?1.765 = 9 75 60 61 90 81 91 46 19 37 57 23 97 80 66 11 
186-10-11 1?1.648 = 10 61 90 81 46 91 33 84 19 37 57 23 97 80 66 11 
186-10-13 1?1.693 = 10 61 90 81 46 91 33 84 19 97 23 57 37 56 39 13 
186-9-10 1?1.973 = 9 75 60 61 90 81 91 46 19 37 57 23 97 80 66 10 
186-9-12 1?1.934 = 9 75 60 61 90 81 46 91 33 84 19 97 23 57 37 56 39 12 
186-9-13 1?2.183 = 9 75 60 61 90 81 91 46 84 19 97 23 57 56 39 20 73 36 13 
186-10-14 1?2.063 = 10 61 90 81 46 91 33 84 19 97 23 57 56 39 20 73 36 32 14 
186-9-14 1?2.208 = 9 75 60 61 90 81 46 91 33 84 19 97 23 57 37 35 73 36 32 14 
186-10-15 1?2.281 = 10 61 90 29 81 91 46 84 19 97 23 57 37 35 73 36 32 69 15 
186-9-15 1?2.382 = 9 75 60 61 90 81 91 46 84 19 97 23 57 37 35 73 36 32 69 15 
186-11-12 1?1.619 = 11 66 29 80 97 46 91 33 84 19 37 57 23 56 39 12 
186-12-13 1?1.698 = 12 56 57 23 97 46 91 33 84 19 37 35 73 36 20 13 
186-11-13 1?1.602 = 11 66 29 80 97 46 91 33 84 19 37 57 23 56 39 13 
186-12-14 1?1.651 = 12 56 57 23 97 46 91 33 84 19 37 35 73 36 32 14 
186-13-14 1?1.709 = 13 39 56 57 23 97 46 91 33 84 19 37 35 73 36 14 
186-11-14 1?1.706 = 11 66 29 81 91 46 19 97 23 57 37 35 73 36 14 
186-14-15 1?2.106 = 14 36 73 35 37 57 23 97 19 84 33 28 54 52 17 15 
186-13-15 1?1.942 = 13 39 56 57 23 97 46 91 84 19 37 35 73 32 69 15 
186-12-15 1?2.073 = 12 39 56 57 23 97 46 91 33 84 19 37 35 73 36 32 69 15 
186-11-15 1?2.058 = 11 66 80 29 81 91 46 84 19 97 23 57 37 35 73 32 69 15 
stop
