start
847-0-2 1?1.864 = 0 61 70 85 94 95 29 31 49 97 27 23 46 40 74 2 
847-0-3 1?2.354 = 0 61 70 85 94 95 29 55 19 40 46 31 49 97 27 23 47 76 3 
847-0-1 1?1.825 = 0 61 38 85 94 95 29 55 19 46 40 74 60 57 62 1 
847-0-4 1?2.254 = 0 61 38 62 60 57 55 19 40 46 31 49 97 27 23 47 76 93 4 
847-0-6 1?2.452 = 0 61 70 85 94 29 31 49 97 27 36 48 96 75 18 90 42 86 6 
847-0-5 1?2.464 = 0 61 70 85 94 95 29 55 19 40 46 31 49 97 27 23 76 93 32 5 
847-0-9 1?2.462 = 0 61 70 85 94 95 29 31 49 97 36 54 35 52 78 28 71 80 50 9 
847-0-10 1?2.615 = 0 61 70 85 94 29 31 49 97 36 54 35 52 78 28 53 92 84 63 10 
847-0-7 1?2.485 = 0 61 70 85 94 95 29 31 49 97 36 54 35 20 26 52 73 18 75 90 7 
847-0-8 1?2.489 = 0 61 70 85 94 95 29 31 49 97 36 54 69 35 52 78 28 39 65 8 
847-0-11 1?2.609 = 0 61 70 85 94 95 29 31 49 97 36 54 35 26 20 59 33 37 43 11 
847-1-2 1?1.89 = 1 38 62 60 57 55 19 31 49 97 27 23 46 40 74 2 
847-1-3 1?2.059 = 1 60 57 38 85 94 95 29 31 49 97 27 23 46 40 77 3 
847-0-15 1?1.894 = 0 38 62 60 57 55 19 29 95 94 85 45 21 87 79 15 
847-1-5 1?2.147 = 1 60 62 57 55 19 40 46 31 49 97 27 36 41 16 47 32 5 
847-0-14 1?1.962 = 0 38 62 60 57 29 95 94 85 45 21 87 79 25 58 14 
847-1-6 1?2.289 = 1 60 62 57 55 19 31 49 97 27 16 41 48 96 75 18 90 42 86 6 
847-1-4 1?2.004 = 1 60 62 57 55 19 40 46 31 49 97 36 41 16 47 76 93 4 
847-0-13 1?2.335 = 0 38 62 60 57 55 19 29 94 85 45 21 87 79 25 58 17 13 
847-0-12 1?2.474 = 0 61 70 85 94 95 91 45 21 87 79 25 58 17 67 44 89 51 12 
847-1-8 1?2.292 = 1 60 62 57 55 19 31 49 97 36 54 35 20 26 52 78 28 39 65 8 
847-1-7 1?2.374 = 1 60 62 57 55 19 31 49 97 36 54 69 35 52 28 78 73 18 75 42 7 
847-1-15 1?1.767 = 1 60 62 57 55 40 46 19 29 94 85 45 21 87 79 15 
847-2-4 1?1.859 = 2 74 55 19 40 46 31 49 97 27 16 47 76 93 4 
847-2-3 1?1.993 = 2 74 60 62 57 55 19 40 46 31 49 97 27 23 77 3 
847-1-13 1?2.13 = 1 60 62 57 55 19 29 95 94 85 45 91 21 87 79 25 58 17 13 
847-1-12 1?2.308 = 1 60 62 57 38 85 94 95 45 21 87 79 25 58 17 67 51 12 
847-1-11 1?2.411 = 1 60 62 57 55 19 31 49 97 36 54 35 26 20 64 59 33 37 43 11 
847-2-5 1?2.223 = 2 74 55 19 40 46 31 49 97 27 36 48 41 16 47 32 5 
847-2-6 1?2.23 = 2 74 55 19 40 46 31 49 97 36 48 96 75 18 90 42 86 6 
847-1-9 1?2.291 = 1 60 62 57 55 19 31 49 97 36 54 35 26 52 78 28 71 80 50 9 
847-1-10 1?2.407 = 1 60 62 57 55 19 31 49 97 36 54 35 52 78 28 53 92 84 63 10 
847-1-14 1?1.749 = 1 60 62 57 55 19 29 95 94 85 70 87 79 25 58 14 
847-2-15 1?2.027 = 2 74 40 46 19 55 57 60 62 38 85 94 95 45 21 87 79 15 
847-3-4 1?1.968 = 3 77 40 46 19 55 29 31 49 97 27 47 76 93 4 
847-3-5 1?2.248 = 3 77 40 46 19 55 29 31 49 97 27 23 76 93 32 5 
847-2-13 1?2.256 = 2 77 40 46 19 55 29 95 94 85 45 91 21 87 79 25 58 17 13 
847-2-12 1?2.436 = 2 74 40 46 19 55 29 95 94 85 45 21 87 79 25 58 17 67 12 
847-2-11 1?2.497 = 2 74 40 46 19 31 49 97 36 54 35 26 20 59 33 37 30 99 11 
847-2-10 1?2.451 = 2 74 40 46 31 49 97 36 54 35 20 26 52 78 28 53 92 84 63 10 
847-2-7 1?2.29 = 2 74 40 46 19 31 49 97 36 54 35 20 26 52 73 18 75 42 7 
847-2-9 1?2.437 = 2 74 40 46 19 31 49 97 36 54 35 20 26 52 78 28 71 80 98 50 9 
847-2-8 1?2.326 = 2 74 40 46 19 31 49 97 36 54 35 20 26 52 78 28 39 65 8 
847-2-14 1?1.913 = 2 74 40 46 19 55 29 95 94 85 45 91 21 87 79 25 58 14 
847-4-5 1?2.147 = 4 93 47 16 41 48 54 35 20 26 52 73 18 75 82 5 
847-3-15 1?2.207 = 3 77 40 46 19 55 57 60 62 38 85 94 95 91 45 21 87 79 15 
847-3-6 1?2.257 = 3 77 40 46 19 31 49 97 36 48 96 75 90 42 86 6 
847-3-7 1?2.31 = 3 77 40 46 31 49 97 36 54 35 20 26 52 73 18 75 90 7 
847-3-13 1?2.45 = 3 77 40 46 19 55 29 95 94 85 45 91 21 87 79 25 58 17 67 13 
847-3-11 1?2.639 = 3 77 40 46 19 31 49 97 36 54 35 26 20 64 59 33 37 30 99 11 
847-3-12 1?2.611 = 3 77 40 46 19 55 29 95 94 85 45 21 87 79 25 58 17 67 51 12 
847-3-8 1?2.387 = 3 77 40 46 19 31 49 97 36 54 35 20 26 28 78 39 65 8 
847-3-9 1?2.475 = 3 77 40 46 31 49 97 36 54 69 35 20 26 52 78 28 53 98 50 9 
847-3-10 1?2.623 = 3 77 40 46 31 49 97 36 54 69 35 20 26 52 78 28 53 92 84 63 10 
847-3-14 1?2.417 = 3 77 40 46 19 55 57 60 62 38 85 94 95 91 45 21 87 79 25 58 14 
847-4-7 1?2.003 = 4 93 76 47 16 41 48 54 35 52 73 18 75 90 42 7 
847-4-6 1?2.036 = 4 93 76 47 16 41 48 54 35 52 73 18 75 42 86 6 
847-5-6 1?2.136 = 5 32 47 16 41 48 54 35 52 73 18 75 90 42 86 6 
847-4-15 1?2.351 = 4 93 76 23 27 97 49 31 46 40 19 55 29 95 94 85 70 87 79 15 
847-4-13 1?2.622 = 4 93 76 23 27 97 49 31 29 95 94 85 45 91 21 87 79 25 58 17 13 
847-4-11 1?2.475 = 4 93 47 16 41 48 54 69 35 20 26 52 73 78 28 53 92 72 30 99 11 
847-4-12 1?2.638 = 4 93 76 47 16 41 48 96 75 18 73 78 28 52 26 20 59 33 89 51 12 
847-4-8 1?2.198 = 4 93 76 47 16 41 48 96 75 18 73 52 26 20 28 78 39 65 8 
847-4-9 1?2.346 = 4 93 76 47 16 41 48 54 69 35 20 26 52 28 78 39 71 98 50 9 
847-4-10 1?2.492 = 4 93 76 47 16 41 48 54 69 35 20 26 52 73 78 28 53 98 84 63 10 
847-4-14 1?2.479 = 4 93 76 23 27 97 49 31 19 29 95 94 85 45 21 87 79 25 58 14 
847-6-7 1?2.007 = 6 86 42 90 18 75 96 73 52 26 20 28 78 39 65 7 
847-5-7 1?2.096 = 5 32 47 16 41 48 54 35 20 26 52 73 18 75 90 7 
847-5-8 1?2.076 = 5 32 47 16 41 48 96 75 18 73 52 28 39 65 8 
847-6-8 1?1.915 = 6 86 42 90 18 75 96 73 52 26 20 28 78 39 65 8 
847-5-15 1?2.501 = 5 32 47 23 27 97 49 31 46 40 19 55 29 95 94 85 45 21 87 15 
847-5-9 1?2.394 = 5 32 47 16 41 48 54 69 35 20 26 52 78 28 39 71 98 50 9 
847-5-13 1?2.725 = 5 32 47 23 27 97 49 31 29 95 94 85 45 21 87 79 25 58 17 13 
847-5-11 1?2.585 = 5 32 47 16 41 48 96 75 18 73 52 26 20 64 59 33 37 34 30 99 11 
847-5-10 1?2.532 = 5 32 47 16 41 48 96 75 18 73 52 78 28 39 71 80 98 84 63 10 
847-5-12 1?2.774 = 5 32 47 16 41 48 54 69 35 20 26 52 73 78 28 64 59 33 89 51 12 
847-5-14 1?2.555 = 5 32 47 23 27 97 49 31 29 95 94 85 45 91 21 87 79 25 58 14 
847-6-9 1?1.99 = 6 86 42 90 18 75 96 73 52 78 28 39 71 80 98 50 9 
847-7-9 1?1.98 = 7 42 90 18 75 96 73 52 26 20 28 78 39 71 80 50 9 
847-7-8 1?2.076 = 7 42 90 75 18 73 52 35 20 26 28 78 39 71 65 8 
847-7-10 1?2.087 = 7 42 75 96 18 73 52 28 78 39 71 80 98 84 63 10 
847-6-15 1?2.513 = 6 86 42 90 75 18 73 52 26 20 35 24 56 68 83 88 25 79 87 15 
847-7-11 1?2.321 = 7 42 90 18 75 96 73 78 28 52 26 20 64 59 33 37 34 30 99 11 
847-6-10 1?2.457 = 6 86 42 75 18 96 35 20 26 52 73 78 28 39 71 80 98 84 63 10 
847-6-13 1?2.718 = 6 86 42 90 18 75 96 73 78 28 52 26 20 35 69 24 56 68 66 44 67 13 
847-6-11 1?2.443 = 6 86 42 90 18 75 96 73 78 28 52 35 26 20 64 59 33 37 30 99 11 
847-6-12 1?2.681 = 6 86 42 90 18 75 96 73 78 28 52 26 20 64 59 33 37 30 99 43 51 12 
847-6-14 1?2.524 = 6 86 42 90 18 75 96 73 78 28 52 26 20 24 56 68 83 88 25 58 14 
847-8-9 1?2.053 = 8 65 39 18 75 96 73 52 35 20 26 28 53 98 50 9 
847-8-10 1?2.06 = 8 65 39 18 75 96 73 52 78 28 71 80 98 84 63 10 
847-7-15 1?2.573 = 7 42 90 75 18 73 52 78 28 20 26 35 69 24 56 68 91 45 21 87 15 
847-7-13 1?2.559 = 7 42 90 18 75 96 73 78 28 52 26 20 35 24 56 68 66 44 67 13 
847-8-15 1?2.559 = 8 65 39 28 78 73 52 26 20 35 69 24 56 68 83 88 25 79 87 15 
847-8-11 1?2.243 = 8 65 39 18 75 96 73 78 28 26 20 64 59 33 37 30 99 11 
847-8-12 1?2.454 = 8 65 39 18 75 96 73 78 28 52 26 20 64 59 33 37 89 51 12 
847-8-13 1?2.626 = 8 65 39 18 75 96 73 52 26 20 35 54 69 24 56 68 66 44 67 13 
847-7-12 1?2.521 = 7 42 90 18 75 96 73 78 28 52 35 26 20 64 59 33 37 89 51 12 
847-8-14 1?2.506 = 8 65 39 18 75 96 73 78 28 52 26 20 24 56 68 83 88 17 58 14 
847-7-14 1?2.553 = 7 42 90 18 75 96 73 78 28 52 26 20 35 24 56 68 83 88 17 58 14 
847-10-12 1?2.321 = 10 63 84 92 53 28 78 52 26 20 64 59 33 37 43 51 12 
847-10-13 1?2.43 = 10 63 84 98 80 71 28 78 52 26 20 64 59 66 44 67 13 
847-9-10 1?2.097 = 9 50 98 80 71 39 18 75 96 73 78 28 53 92 84 63 10 
847-10-11 1?2.219 = 10 63 84 92 53 28 78 52 26 20 64 59 33 37 30 99 11 
847-9-11 1?2.11 = 9 50 80 71 39 18 75 96 73 78 28 53 92 72 30 99 11 
847-10-15 1?2.592 = 10 63 84 92 53 28 78 73 52 26 20 24 56 68 83 88 25 79 87 15 
847-9-15 1?2.558 = 9 50 98 80 71 28 78 73 52 26 20 35 69 24 56 68 91 45 21 87 15 
847-9-12 1?2.47 = 9 50 98 80 71 39 18 75 96 73 52 78 28 64 59 33 89 51 12 
847-9-13 1?2.54 = 9 50 98 53 28 78 73 52 26 20 35 69 24 56 68 66 44 67 13 
847-10-14 1?2.537 = 10 63 84 92 53 28 78 52 26 20 35 24 56 68 83 88 17 58 14 
847-9-14 1?2.502 = 9 50 98 80 71 28 78 52 26 20 35 69 24 56 68 83 88 25 58 14 
847-14-15 1?2.166 = 14 58 25 79 87 21 45 95 85 94 57 60 62 38 61 15 
847-13-15 1?2.367 = 13 17 25 79 87 21 45 95 85 94 57 60 62 38 61 15 
847-11-12 1?2.376 = 11 99 30 72 92 53 28 78 52 26 20 59 33 37 43 51 12 
847-11-13 1?2.446 = 11 99 30 72 92 53 28 78 73 52 26 20 59 66 44 67 13 
847-12-13 1?2.599 = 12 51 43 99 30 72 34 37 33 66 83 88 25 58 17 13 
847-12-15 1?2.623 = 12 51 43 99 30 34 37 33 89 44 67 17 58 25 79 87 15 
847-11-15 1?2.568 = 11 99 30 72 92 53 28 78 73 52 26 20 24 56 68 91 45 21 87 15 
847-12-14 1?2.376 = 12 51 43 99 30 72 34 37 33 66 89 44 67 17 58 14 
847-13-14 1?2.654 = 13 17 25 21 45 85 94 57 60 62 38 70 87 79 58 14 
847-11-14 1?2.366 = 11 99 30 37 33 66 83 91 45 21 87 79 25 17 58 14 
stop
