start
408-0-3 1?1.896 = 0 50 79 78 31 60 40 64 82 54 76 61 29 42 59 38 81 41 3 
408-0-4 1?2.067 = 0 50 79 78 31 60 47 40 64 82 88 54 76 61 29 59 42 93 4 
408-0-1 1?1.798 = 0 50 79 78 31 60 94 47 40 64 82 88 54 69 85 1 
408-0-11 1?2.548 = 0 50 79 78 31 60 40 64 47 94 77 32 90 17 39 73 70 11 
408-0-7 1?2.616 = 0 50 79 78 31 60 40 64 82 54 88 96 24 25 97 20 83 80 72 48 7 
408-0-8 1?2.66 = 0 50 79 78 31 60 40 64 82 54 88 47 96 24 25 97 20 83 80 44 68 8 
408-0-2 1?1.633 = 0 50 79 78 31 60 40 64 82 88 54 38 81 41 37 2 
408-0-5 1?2.286 = 0 50 79 78 31 60 47 40 64 82 88 54 76 61 29 59 42 93 28 5 
408-0-6 1?2.502 = 0 50 79 78 31 60 40 64 47 24 25 97 20 83 45 53 84 34 23 6 
408-0-9 1?2.583 = 0 50 79 78 31 60 40 64 47 24 25 20 83 80 44 68 98 51 33 66 9 
408-0-10 1?2.617 = 0 50 79 78 31 60 40 64 82 88 47 94 77 49 56 92 58 35 21 10 
408-0-13 1?1.852 = 0 50 79 78 31 60 94 77 39 17 90 86 87 18 89 13 
408-0-15 1?1.863 = 0 50 79 40 64 82 54 88 47 94 60 31 78 57 95 15 
408-0-12 1?2.046 = 0 50 79 78 31 60 94 77 32 63 90 17 39 73 12 
408-1-3 1?1.9 = 1 85 50 79 78 31 60 40 64 82 54 76 61 29 42 59 55 3 
408-1-2 1?1.751 = 1 85 50 79 78 31 60 40 64 82 54 38 81 41 37 2 
408-0-14 1?1.999 = 0 50 79 78 31 60 94 77 32 63 90 17 86 87 18 14 
408-1-4 1?2.161 = 1 85 50 79 78 60 31 94 47 64 82 88 54 76 61 29 93 4 
408-1-7 1?2.451 = 1 52 65 37 41 81 38 59 42 29 61 16 74 62 53 84 36 34 23 7 
408-1-8 1?2.545 = 1 52 65 37 41 81 38 59 42 29 61 76 16 25 97 20 83 80 44 68 8 
408-1-5 1?2.281 = 1 85 50 79 78 31 60 40 64 82 88 54 76 61 29 59 42 93 28 5 
408-1-6 1?2.41 = 1 52 65 37 41 81 38 59 42 29 61 16 74 62 53 84 36 34 23 6 
408-1-15 1?2.033 = 1 85 50 79 78 31 60 40 64 47 94 77 32 63 57 95 15 
408-1-14 1?2.112 = 1 69 82 64 40 60 31 94 77 32 63 90 17 86 87 18 89 14 
408-2-3 1?1.911 = 2 65 37 41 81 38 59 42 29 61 76 16 74 75 93 55 3 
408-2-4 1?1.96 = 2 52 65 37 41 81 38 59 42 29 61 76 16 74 75 93 4 
408-1-13 1?1.956 = 1 69 82 64 40 60 31 94 77 32 63 90 17 86 87 18 89 13 
408-1-12 1?2.357 = 1 85 69 54 82 64 40 60 31 94 77 32 63 90 17 39 73 12 
408-2-5 1?2.356 = 2 37 41 81 38 54 88 82 64 47 24 96 16 76 61 29 93 28 5 
408-1-9 1?2.471 = 1 69 82 64 40 60 31 94 77 49 56 92 35 58 19 98 51 33 66 9 
408-1-10 1?2.673 = 1 52 65 37 41 81 38 59 42 29 61 16 25 97 49 56 92 58 35 21 10 
408-2-6 1?2.271 = 2 37 41 81 38 59 42 29 61 16 25 97 20 83 45 53 84 34 23 6 
408-1-11 1?2.564 = 1 69 54 88 82 64 40 60 31 94 77 32 63 90 17 39 73 70 11 
408-2-15 1?1.912 = 2 37 41 81 38 59 29 61 76 54 82 64 40 60 31 78 27 15 
408-2-14 1?2.054 = 2 37 41 81 38 59 42 29 61 76 54 82 64 40 60 31 78 57 14 
408-3-4 1?2.153 = 3 37 41 81 38 54 88 82 64 47 24 96 76 61 29 93 4 
408-3-5 1?2.194 = 3 37 41 81 38 55 59 42 29 61 76 16 74 75 93 28 5 
408-2-13 1?2.113 = 2 37 41 81 38 54 82 64 40 60 31 77 32 90 17 86 87 18 89 13 
408-2-12 1?2.381 = 2 37 41 81 38 54 88 82 40 60 31 94 77 32 90 17 39 73 12 
408-2-8 1?2.403 = 2 37 41 81 38 59 42 29 61 16 25 20 83 80 44 98 51 33 66 8 
408-2-7 1?2.318 = 2 37 41 81 38 59 42 29 61 76 16 25 97 20 45 53 84 36 34 23 7 
408-2-9 1?2.318 = 2 37 41 81 38 59 42 29 61 16 25 97 20 83 80 44 98 51 66 9 
408-2-10 1?2.439 = 2 37 41 81 38 59 42 29 61 16 25 97 49 56 92 58 35 99 21 10 
408-2-11 1?2.435 = 2 37 41 81 38 59 42 29 61 76 16 25 97 49 56 92 58 35 99 30 11 
408-3-15 1?2.015 = 3 41 81 38 59 42 29 61 76 54 88 82 64 40 60 31 78 57 95 15 
408-3-14 1?2.177 = 3 41 81 38 59 42 29 61 76 54 88 82 64 40 60 31 78 57 95 14 
408-3-8 1?2.292 = 3 37 41 81 38 59 42 29 61 76 16 25 97 20 83 80 44 68 8 
408-3-7 1?2.301 = 3 37 41 81 38 59 42 29 61 76 16 74 62 45 53 84 36 34 23 7 
408-4-5 1?2.336 = 4 55 3 37 41 81 38 59 42 29 61 76 16 74 75 93 28 5 
408-3-6 1?2.074 = 3 37 41 81 38 59 42 29 61 74 62 53 84 36 34 23 6 
408-3-12 1?2.44 = 3 55 59 42 29 61 76 54 82 64 40 60 31 77 32 90 17 39 73 12 
408-3-13 1?2.215 = 3 55 59 42 29 61 76 54 88 82 64 40 60 31 77 32 90 17 86 87 13 
408-3-9 1?2.385 = 3 41 81 38 59 42 29 61 76 16 25 97 20 83 80 44 98 51 33 66 9 
408-3-10 1?2.655 = 3 55 59 42 29 61 76 16 25 97 20 83 80 44 68 98 51 33 66 26 67 10 
408-3-11 1?2.598 = 3 37 41 81 38 59 42 29 61 76 16 25 97 49 56 92 58 35 99 43 70 11 
408-4-7 1?2.337 = 4 93 42 59 29 61 16 25 97 20 83 45 53 84 34 23 7 
408-4-15 1?2.304 = 4 93 42 59 29 61 76 54 88 82 64 40 60 31 94 77 32 63 57 95 15 
408-4-14 1?2.398 = 4 93 42 59 29 61 76 54 88 82 64 40 60 31 94 77 32 17 90 14 
408-4-12 1?2.505 = 4 93 29 61 76 54 88 82 64 40 60 31 77 32 90 17 39 73 12 
408-4-8 1?2.528 = 4 55 59 42 29 61 76 16 25 97 20 83 80 44 68 98 51 33 8 
408-5-6 1?2.386 = 5 46 22 62 53 45 83 80 44 68 91 72 36 34 23 6 
408-4-6 1?2.302 = 4 93 42 59 29 61 76 16 25 97 20 45 53 84 36 34 23 6 
408-4-13 1?2.389 = 4 93 29 61 76 54 88 82 64 40 60 31 94 77 32 90 17 86 87 89 13 
408-4-9 1?2.539 = 4 93 42 59 29 61 16 25 97 49 56 92 35 58 19 98 51 33 66 9 
408-4-10 1?2.691 = 4 93 42 59 29 61 16 25 97 20 83 80 44 68 33 51 98 26 67 10 
408-4-11 1?2.778 = 4 93 42 59 29 61 76 16 25 97 71 49 56 92 58 35 99 43 70 30 11 
408-5-8 1?2.272 = 5 28 22 62 45 53 84 36 72 91 44 68 98 51 33 66 8 
408-6-8 1?2.315 = 6 23 34 36 84 53 45 83 80 71 92 35 58 19 44 68 8 
408-5-7 1?2.443 = 5 28 93 42 59 29 61 76 16 74 62 45 53 84 36 34 23 7 
408-6-7 1?2.41 = 6 23 34 36 84 53 45 83 71 92 35 58 19 44 91 48 7 
408-5-14 1?2.595 = 5 28 93 42 59 29 61 76 54 82 64 40 60 31 94 77 32 17 90 14 
408-5-15 1?2.495 = 5 28 93 42 59 29 61 76 54 88 82 64 40 47 94 60 31 78 57 95 15 
408-5-12 1?2.702 = 5 28 93 29 61 76 54 82 64 40 60 31 77 32 90 17 39 73 12 
408-5-13 1?2.524 = 5 28 93 29 61 76 54 82 64 40 60 31 77 32 90 17 86 87 18 89 13 
408-5-9 1?2.653 = 5 28 22 62 53 45 83 80 71 49 56 92 35 58 19 98 51 33 66 9 
408-5-10 1?2.826 = 5 28 22 62 45 53 84 34 23 36 72 91 44 68 98 51 33 66 26 67 10 
408-5-11 1?2.997 = 5 28 93 42 59 29 61 76 16 25 97 71 49 56 92 58 35 99 43 70 30 11 
408-7-8 1?2.332 = 7 23 34 36 84 53 45 83 71 92 35 58 19 98 51 33 8 
408-7-9 1?2.076 = 7 23 34 36 48 72 91 44 68 98 51 33 66 26 67 9 
408-6-9 1?2.035 = 6 23 34 36 48 72 91 44 68 98 51 33 66 26 67 9 
408-6-13 1?2.459 = 6 23 34 84 53 45 83 71 58 92 56 49 39 17 90 86 87 18 89 13 
408-6-15 1?2.644 = 6 23 34 36 84 53 45 83 80 71 58 35 92 56 49 77 32 63 57 95 15 
408-6-14 1?2.647 = 6 23 34 84 53 45 83 80 71 58 35 92 56 49 39 17 90 18 89 14 
408-6-12 1?2.528 = 6 23 34 36 84 53 62 45 83 80 71 49 56 92 58 35 99 43 70 12 
408-7-10 1?2.559 = 7 23 34 36 84 53 62 45 83 80 72 91 44 68 51 98 26 67 10 
408-7-11 1?2.608 = 7 23 34 36 84 53 62 45 83 80 71 49 56 92 58 35 99 43 70 11 
408-6-10 1?2.531 = 6 23 34 36 84 53 45 83 80 72 91 44 68 98 51 33 66 26 67 10 
408-6-11 1?2.685 = 6 23 34 36 84 53 62 45 83 80 71 49 56 92 58 35 99 43 70 30 11 
408-8-9 1?2.08 = 8 91 72 36 84 53 62 45 83 80 44 68 98 51 66 9 
408-8-10 1?2.231 = 8 66 33 51 98 19 58 35 92 56 49 43 99 21 67 10 
408-8-12 1?2.463 = 8 66 33 51 98 68 44 19 58 35 92 56 49 43 99 70 73 12 
408-8-13 1?2.379 = 8 66 33 51 98 68 44 19 58 35 92 56 49 39 17 90 18 89 13 
408-7-13 1?2.409 = 7 48 72 91 68 44 19 58 35 92 56 49 39 17 90 86 87 18 89 13 
408-7-14 1?2.656 = 7 48 72 91 68 33 51 98 19 58 35 92 56 49 39 17 90 18 89 14 
408-7-15 1?2.644 = 7 48 72 91 68 44 19 58 35 92 56 49 39 17 90 32 63 57 95 15 
408-7-12 1?2.6 = 7 23 34 36 84 53 45 83 80 71 49 56 92 58 35 99 43 70 73 12 
408-8-14 1?2.708 = 8 33 51 98 19 58 35 92 56 49 77 32 63 90 17 39 86 87 18 89 14 
408-8-11 1?2.501 = 8 33 51 98 68 44 80 83 71 49 56 92 58 35 99 43 70 11 
408-8-15 1?2.809 = 8 68 44 80 83 20 97 25 24 96 47 88 54 82 64 40 60 31 78 79 27 15 
408-9-13 1?1.94 = 9 66 33 51 98 19 58 92 56 49 39 86 87 18 89 13 
408-10-13 1?2.021 = 10 21 99 35 58 92 56 49 39 17 90 86 87 18 89 13 
408-9-12 1?2.053 = 9 66 33 51 98 19 71 49 56 92 58 35 99 43 70 12 
408-10-12 1?2.161 = 10 67 26 66 33 51 98 19 58 92 35 99 43 70 73 12 
408-9-10 1?2.114 = 9 66 33 51 98 19 58 35 92 56 49 43 99 21 67 10 
408-10-14 1?2.304 = 10 67 26 66 33 51 98 19 58 35 92 56 49 39 17 90 14 
408-10-11 1?2.178 = 10 67 26 66 33 51 98 19 58 92 35 99 43 70 30 11 
408-9-11 1?2.092 = 9 66 33 51 98 19 71 49 56 92 58 35 99 43 70 11 
408-9-14 1?2.398 = 9 26 66 33 51 98 19 58 92 56 49 39 17 90 86 87 18 89 14 
408-10-15 1?2.548 = 10 67 26 66 33 51 98 19 58 92 56 49 39 17 90 63 57 95 15 
408-9-15 1?2.704 = 9 26 66 33 51 68 44 19 58 35 92 56 49 39 17 90 32 63 57 95 15 
408-11-15 1?2.22 = 11 30 99 35 58 92 56 49 39 17 90 32 63 57 95 15 
408-11-14 1?2.141 = 11 30 99 35 58 92 56 49 39 17 90 86 87 18 89 14 
408-12-15 1?2.158 = 12 73 39 17 90 63 32 77 94 31 60 78 57 95 15 
408-13-15 1?1.914 = 13 89 87 86 17 90 63 32 77 94 31 60 78 27 15 
408-12-13 1?1.992 = 12 70 99 35 58 92 56 49 39 17 90 86 87 18 89 13 
408-13-14 1?2.062 = 13 89 18 87 86 17 90 63 32 77 94 31 60 78 57 14 
408-11-13 1?1.985 = 11 30 99 35 58 92 56 49 39 17 90 86 87 18 89 13 
408-14-15 1?2.07 = 14 89 87 86 17 90 63 32 77 94 31 60 78 27 15 
408-12-14 1?2.138 = 12 70 43 99 35 58 92 56 49 39 17 90 86 87 18 14 
408-11-12 1?2.362 = 11 30 21 67 26 66 33 51 98 19 58 35 99 43 70 12 
stop
