start
422-0-2 1?2.253 = 0 63 66 19 62 83 37 51 45 95 67 36 34 90 47 2 
422-0-1 1?2.243 = 0 94 61 38 41 30 70 60 69 73 74 84 68 19 66 63 1 
422-0-6 1?2.207 = 0 63 66 19 62 83 72 37 45 95 67 36 17 71 31 32 88 89 6 
422-0-5 1?2.35 = 0 63 66 19 62 83 72 37 51 45 95 67 36 34 90 27 17 71 31 5 
422-0-7 1?2.401 = 0 63 66 19 62 72 37 51 45 95 67 36 17 71 31 32 88 89 7 
422-0-3 1?1.993 = 0 63 66 19 62 83 72 37 51 45 95 67 36 34 90 3 
422-0-4 1?2.416 = 0 94 63 66 19 62 83 72 37 33 51 45 95 67 36 34 90 27 17 4 
422-0-8 1?2.567 = 0 94 61 38 41 30 70 60 69 73 74 22 39 98 23 50 43 76 21 8 
422-0-11 1?2.323 = 0 94 61 38 41 30 84 74 73 22 39 20 69 60 80 35 58 59 11 
422-0-9 1?2.548 = 0 94 61 68 38 41 30 84 18 74 73 20 22 39 98 50 23 76 43 77 9 
422-0-10 1?2.532 = 0 94 61 68 38 41 30 70 60 69 20 22 73 74 18 39 91 52 28 49 87 10 
422-1-4 1?1.631 = 1 63 66 19 62 83 72 37 45 95 67 36 34 90 27 4 
422-1-3 1?1.82 = 1 63 66 19 62 83 72 37 51 45 95 67 36 34 90 3 
422-1-2 1?2.08 = 1 63 66 19 62 83 37 51 45 95 67 36 34 90 47 2 
422-0-15 1?2.145 = 0 94 61 38 41 30 84 74 73 22 20 69 60 70 86 97 15 
422-0-14 1?2.141 = 0 94 61 68 38 41 30 70 69 60 80 35 54 26 48 64 81 14 
422-1-6 1?2.068 = 1 63 66 19 62 72 37 51 45 95 67 36 17 71 31 32 88 89 6 
422-0-13 1?1.969 = 0 94 61 68 38 41 30 84 74 73 69 60 80 35 54 48 64 13 
422-1-7 1?2.228 = 1 63 66 19 62 72 37 51 45 95 67 36 17 71 31 32 88 89 7 
422-0-12 1?2.12 = 0 94 61 38 41 30 84 74 73 69 60 80 35 54 64 48 26 56 44 12 
422-1-5 1?2.041 = 1 63 66 19 62 83 72 37 51 45 95 67 36 34 17 71 31 5 
422-1-8 1?2.463 = 1 63 66 19 62 83 37 45 95 67 36 17 71 31 32 88 93 78 55 8 
422-1-15 1?2.139 = 1 63 66 19 68 38 41 30 84 74 73 69 60 70 86 97 15 
422-1-14 1?2.192 = 1 63 66 61 38 41 30 84 74 73 69 60 80 35 54 64 81 14 
422-2-4 1?1.939 = 2 83 62 19 72 37 33 51 45 95 67 36 34 90 27 4 
422-2-3 1?2.132 = 2 83 62 19 72 37 33 51 45 95 67 36 34 27 90 3 
422-1-13 1?2.01 = 1 63 66 19 68 38 41 30 84 74 73 69 60 80 35 54 64 13 
422-2-5 1?2.015 = 2 83 62 72 37 51 45 95 67 36 34 90 27 17 71 5 
422-1-12 1?2.145 = 1 66 63 94 61 68 38 41 30 70 69 60 80 35 54 64 48 26 56 44 12 
422-2-6 1?2.076 = 2 83 62 72 37 51 45 95 67 36 71 31 32 46 16 88 89 6 
422-1-11 1?2.426 = 1 66 63 94 61 68 38 41 30 70 60 69 73 74 22 20 39 91 52 28 49 11 
422-1-10 1?2.391 = 1 63 66 19 61 68 38 41 30 84 74 73 20 22 39 91 52 28 49 87 10 
422-1-9 1?2.5 = 1 66 63 94 61 68 38 41 30 84 74 73 20 22 39 91 79 43 76 77 9 
422-2-15 1?2.479 = 2 83 62 19 66 63 94 61 68 38 41 30 84 74 73 69 70 86 97 15 
422-3-4 1?2.272 = 3 47 2 83 62 72 37 51 45 95 67 36 17 34 90 27 4 
422-2-14 1?2.404 = 2 83 62 19 66 63 94 61 68 38 41 30 70 60 80 35 54 64 81 14 
422-3-5 1?2.121 = 3 47 45 95 67 36 34 17 71 31 32 46 16 88 89 6 5 
422-2-11 1?2.458 = 2 83 62 19 66 63 94 61 68 38 41 30 70 69 60 80 35 58 59 11 
422-2-13 1?2.307 = 2 83 62 19 66 63 94 61 68 38 41 30 70 69 60 80 35 54 48 64 13 
422-2-10 1?2.502 = 2 83 62 19 68 38 41 30 70 60 69 73 74 22 39 91 52 28 87 10 
422-2-12 1?2.353 = 2 83 62 19 66 61 68 38 41 30 70 60 80 35 54 64 48 26 56 44 12 
422-2-7 1?2.315 = 2 83 62 72 37 51 45 95 34 36 17 71 31 32 46 16 88 89 7 
422-2-8 1?2.414 = 2 37 51 45 95 67 36 17 71 31 32 46 16 88 89 93 78 55 8 
422-2-9 1?2.506 = 2 37 51 45 95 67 36 17 71 31 32 88 93 78 55 21 99 9 
422-3-6 1?1.731 = 3 47 45 95 67 36 34 17 71 31 32 46 16 88 89 6 
422-3-15 1?2.454 = 3 90 34 36 67 95 45 51 37 72 83 62 19 66 63 94 61 42 15 
422-3-14 1?2.561 = 3 47 45 51 33 53 18 74 73 22 39 20 69 60 80 35 54 40 14 
422-4-5 1?2.075 = 4 27 90 34 45 95 67 36 71 31 32 46 16 88 89 6 5 
422-3-13 1?2.415 = 3 47 45 51 33 53 18 74 73 69 60 80 35 54 64 48 26 56 13 
422-3-7 1?2.296 = 3 47 45 51 95 67 36 34 17 71 31 32 46 16 88 93 78 85 7 
422-3-12 1?2.492 = 3 47 45 95 51 33 53 18 74 73 69 60 80 35 54 64 48 26 56 44 12 
422-3-11 1?2.695 = 3 47 45 95 51 33 53 18 74 73 22 39 20 69 60 80 35 58 59 11 
422-3-10 1?2.724 = 3 90 34 36 17 71 31 32 88 16 46 92 29 24 23 50 76 43 77 65 10 
422-3-8 1?2.431 = 3 47 45 95 67 36 34 90 27 17 71 31 46 16 32 88 89 93 78 55 8 
422-3-9 1?2.469 = 3 47 45 95 67 36 34 17 71 31 32 46 16 88 93 78 55 21 99 9 
422-5-6 1?1.94 = 5 17 27 90 34 45 95 67 36 71 31 32 16 88 89 6 
422-4-6 1?1.685 = 4 27 90 34 45 95 67 36 71 31 32 46 16 88 89 6 
422-4-7 1?1.765 = 4 27 90 34 36 17 71 31 32 46 16 88 93 78 85 7 
422-4-15 1?2.299 = 4 27 90 34 36 67 95 45 51 37 72 62 19 66 63 94 61 42 15 
422-4-14 1?2.447 = 4 27 90 34 36 67 95 51 33 53 18 74 73 69 60 80 35 54 40 14 
422-4-11 1?2.495 = 4 27 90 34 36 67 95 51 33 53 18 74 73 69 60 80 35 58 59 11 
422-4-12 1?2.352 = 4 27 90 34 67 75 53 18 74 73 69 60 80 35 54 64 48 26 56 44 12 
422-4-13 1?2.406 = 4 27 90 34 36 67 95 45 51 33 53 18 74 73 69 60 80 35 54 48 64 13 
422-4-10 1?2.558 = 4 27 90 34 17 71 31 32 88 16 46 92 29 24 23 50 76 43 77 65 10 
422-4-8 1?2.256 = 4 27 90 34 45 95 67 36 17 71 31 32 46 16 88 89 93 78 55 8 
422-4-9 1?2.392 = 4 27 90 34 67 36 17 71 31 32 46 16 88 89 93 78 85 55 21 99 9 
422-5-7 1?1.943 = 5 71 31 32 88 16 46 92 57 29 82 24 78 85 7 
422-6-7 1?1.874 = 6 89 88 32 46 16 92 57 29 82 24 78 55 85 7 
422-5-14 1?2.48 = 5 31 32 46 16 92 25 53 18 74 73 69 60 80 35 54 40 14 
422-5-8 1?1.962 = 5 71 31 32 46 16 88 89 93 78 85 55 21 99 8 
422-6-8 1?1.918 = 6 89 88 32 31 71 46 16 92 29 57 78 55 21 8 
422-5-15 1?2.569 = 5 17 27 90 34 36 67 95 45 51 37 72 62 19 66 63 94 61 42 15 
422-5-12 1?2.395 = 5 71 31 46 16 92 25 53 18 74 73 69 60 80 35 26 56 44 12 
422-5-10 1?2.427 = 5 71 31 32 88 16 46 92 29 24 23 50 76 43 79 91 52 28 49 87 10 
422-5-11 1?2.569 = 5 71 31 32 88 16 46 92 57 29 82 24 23 50 76 43 79 91 28 49 11 
422-5-13 1?2.422 = 5 71 31 32 46 16 92 25 53 18 74 73 69 60 80 35 54 48 64 13 
422-5-9 1?2.45 = 5 71 31 32 88 16 46 92 57 29 82 24 23 50 79 43 76 77 99 9 
422-7-10 1?2.099 = 7 93 88 32 46 16 92 29 24 23 50 76 43 77 65 10 
422-7-8 1?2.009 = 7 93 89 88 32 46 16 92 25 82 29 57 78 55 8 
422-6-15 1?2.483 = 6 89 88 32 46 16 92 29 82 98 39 22 73 74 84 30 41 38 42 15 
422-7-11 1?2.38 = 7 93 88 32 46 16 92 29 82 24 23 50 43 79 91 52 28 49 11 
422-6-14 1?2.448 = 6 89 88 32 46 16 92 29 82 98 18 74 73 69 60 80 35 54 40 14 
422-7-9 1?2.043 = 7 89 88 32 16 46 92 29 24 23 50 79 43 76 77 9 
422-6-12 1?2.274 = 6 89 88 16 46 92 25 53 18 74 73 69 60 80 35 26 56 44 12 
422-6-11 1?2.265 = 6 89 88 32 46 16 92 29 82 24 23 50 76 43 79 91 52 28 49 11 
422-6-10 1?2.209 = 6 89 88 32 46 16 92 29 24 23 50 76 43 79 91 52 28 49 87 10 
422-6-13 1?2.337 = 6 89 88 32 46 16 92 29 82 98 39 22 74 73 69 60 80 35 54 64 13 
422-6-9 1?2.236 = 6 89 88 32 46 16 92 29 25 82 24 23 50 76 43 77 99 9 
422-8-10 1?2.298 = 8 21 55 78 57 92 29 24 23 50 76 43 79 77 65 10 
422-8-11 1?2.382 = 8 55 78 57 92 29 82 24 23 50 76 43 79 91 52 28 49 11 
422-7-12 1?2.368 = 7 85 78 24 82 53 18 74 73 69 60 80 35 54 26 56 44 12 
422-8-12 1?2.283 = 8 21 76 43 79 91 39 22 74 73 69 60 80 35 54 26 56 44 12 
422-7-15 1?2.617 = 7 89 88 32 46 16 92 25 53 18 74 73 69 70 30 41 38 42 15 
422-7-14 1?2.604 = 7 93 88 32 46 16 92 29 82 98 18 74 73 69 60 80 35 54 40 14 
422-8-9 1?2.217 = 8 55 78 93 88 32 46 16 92 29 24 23 76 43 77 9 
422-8-15 1?2.635 = 8 21 99 77 43 76 23 50 98 39 22 20 73 74 84 30 41 38 42 15 
422-8-14 1?2.64 = 8 21 76 43 79 50 23 98 39 20 22 74 73 69 60 80 35 54 48 64 81 14 
422-7-13 1?2.41 = 7 89 88 32 46 16 92 25 53 18 74 73 69 60 80 35 54 64 13 
422-8-13 1?2.409 = 8 21 76 43 79 91 39 22 74 73 69 60 80 35 54 64 48 26 56 13 
422-9-12 1?2.024 = 9 77 43 79 91 39 22 20 69 60 80 35 26 56 44 12 
422-10-12 1?1.922 = 10 87 49 28 52 91 39 22 20 69 60 80 35 26 56 44 12 
422-9-11 1?2.213 = 9 77 43 79 91 39 22 74 73 69 60 80 35 58 59 11 
422-10-11 1?2.111 = 10 87 49 28 52 91 39 22 74 73 69 60 80 35 58 59 11 
422-9-10 1?2.244 = 9 99 21 55 78 24 23 50 76 43 79 91 52 28 49 87 10 
422-10-13 1?1.913 = 10 87 49 28 52 91 39 22 74 73 69 60 80 35 54 64 13 
422-9-15 1?2.485 = 9 77 43 76 23 50 98 39 20 22 74 73 69 60 70 30 41 38 42 15 
422-9-13 1?2.182 = 9 77 43 76 23 50 98 39 22 74 73 69 60 80 35 54 48 64 13 
422-10-15 1?2.543 = 10 87 49 28 52 91 39 20 22 74 73 69 60 80 35 54 48 64 40 97 15 
422-9-14 1?2.554 = 9 77 76 43 79 50 23 98 39 20 22 74 73 69 60 80 35 54 48 64 81 14 
422-10-14 1?2.446 = 10 87 49 28 52 91 39 22 74 73 69 60 80 35 58 56 26 48 64 81 14 
422-11-12 1?1.895 = 11 49 28 52 91 39 22 73 69 60 80 35 26 56 44 12 
422-13-14 1?1.927 = 13 64 54 35 80 60 69 73 74 84 30 41 38 86 40 14 
422-11-14 1?2.073 = 11 49 28 52 91 39 22 74 73 69 60 80 35 54 64 81 14 
422-14-15 1?2.059 = 14 81 64 54 35 80 60 69 73 74 84 30 41 38 42 15 
422-13-15 1?1.882 = 13 64 48 54 35 80 60 69 73 74 84 30 41 38 42 15 
422-12-14 1?1.869 = 12 44 56 26 48 54 35 80 60 70 30 41 38 86 40 14 
422-12-13 1?1.782 = 12 44 56 26 35 80 20 22 74 73 69 60 54 48 64 13 
422-11-13 1?1.896 = 11 49 28 52 91 39 22 74 73 69 60 80 35 54 48 64 13 
422-11-15 1?2.378 = 11 59 58 35 54 80 60 69 20 39 22 73 74 84 30 41 38 42 15 
422-12-15 1?2.152 = 12 44 56 26 48 54 35 80 60 69 20 22 73 74 84 30 41 38 42 15 
stop
