start
69-0-3 1?1.638 = 0 65 33 83 99 95 44 80 52 76 24 45 91 97 86 3 
69-0-2 1?1.682 = 0 27 26 49 65 33 83 99 95 44 80 52 76 24 45 2 
69-0-5 1?2.068 = 0 65 83 99 95 44 52 80 82 88 67 60 90 17 53 96 66 89 5 
69-0-1 1?1.736 = 0 27 26 49 22 35 95 99 83 33 44 80 52 76 24 1 
69-0-6 1?2.21 = 0 65 33 83 99 95 44 52 80 82 88 67 60 90 17 53 87 46 74 6 
69-0-7 1?2.426 = 0 65 83 99 95 44 52 80 30 72 23 98 61 63 57 94 59 40 70 84 7 
69-0-9 1?2.38 = 0 65 83 99 95 44 52 80 30 72 23 98 61 63 57 20 29 55 69 9 
69-0-8 1?2.519 = 0 65 33 83 99 95 44 52 80 30 72 23 98 61 63 57 94 59 40 70 50 8 
69-0-10 1?2.479 = 0 65 33 83 99 95 35 30 72 23 98 61 63 57 20 28 41 39 68 10 
69-0-4 1?2.055 = 0 27 26 49 65 33 83 99 95 44 80 52 76 24 45 91 86 47 4 
69-0-11 1?2.52 = 0 65 83 99 95 44 52 80 30 72 23 98 61 63 20 29 28 85 11 
69-1-4 1?1.799 = 1 33 83 99 95 44 80 52 76 24 45 91 97 62 47 4 
69-1-3 1?1.821 = 1 33 65 83 99 95 44 80 52 76 24 45 91 97 86 3 
69-1-2 1?1.951 = 1 33 83 65 27 26 49 99 95 44 52 80 76 24 45 2 
69-0-15 1?1.649 = 0 65 33 83 99 95 44 76 52 80 35 22 49 26 56 15 
69-0-14 1?1.915 = 0 27 65 33 83 99 95 44 52 80 35 22 48 54 42 14 
69-1-5 1?2.152 = 1 33 83 99 95 44 52 80 82 88 67 18 60 90 17 53 96 66 89 5 
69-0-13 1?2.163 = 0 27 26 49 65 33 83 99 95 22 48 73 34 92 43 93 13 
69-1-8 1?2.552 = 1 33 83 99 95 44 52 80 30 72 23 75 98 61 63 57 20 29 71 16 8 
69-1-6 1?2.21 = 1 44 80 52 76 24 45 91 97 62 81 78 17 53 96 87 46 74 6 
69-0-12 1?2.321 = 0 27 26 49 65 33 83 99 95 35 22 48 73 34 92 43 19 12 
69-1-7 1?2.467 = 1 33 83 99 95 44 52 80 30 72 23 98 61 63 57 94 59 40 70 84 7 
69-1-15 1?1.58 = 1 24 76 52 80 44 95 99 83 33 65 49 26 27 56 15 
69-2-5 1?1.87 = 2 24 45 91 97 62 81 78 90 17 53 96 66 89 5 
69-2-4 1?2.15 = 2 45 91 97 62 81 78 90 17 53 96 87 46 89 66 4 
69-2-3 1?2.148 = 2 24 76 52 44 83 33 65 99 95 80 45 91 97 86 3 
69-1-14 1?2.172 = 1 24 76 52 80 44 95 99 83 33 65 27 26 49 22 48 42 14 
69-1-13 1?2.261 = 1 76 52 80 44 95 99 83 33 65 49 26 27 56 54 42 21 93 13 
69-1-11 1?2.657 = 1 33 83 99 95 44 52 80 30 72 23 98 75 63 57 20 29 28 85 11 
69-1-10 1?2.589 = 1 33 83 99 95 35 30 72 23 75 98 61 63 57 20 29 28 41 39 68 10 
69-1-12 1?2.527 = 1 76 52 80 44 95 99 83 33 65 27 26 56 54 42 21 93 43 19 12 
69-1-9 1?2.572 = 1 33 83 99 95 44 52 80 30 72 23 98 75 63 57 20 29 55 32 79 9 
69-2-6 1?2.353 = 2 24 76 44 52 80 45 91 97 62 81 78 90 17 53 96 87 46 74 6 
69-2-15 1?1.545 = 2 24 76 52 80 44 95 99 83 33 65 49 26 27 56 15 
69-3-5 1?1.807 = 3 86 97 62 88 31 67 18 60 78 17 53 96 66 89 5 
69-3-4 1?1.991 = 3 86 97 62 88 31 67 18 60 90 17 53 78 81 47 4 
69-2-13 1?2.323 = 2 24 76 52 80 44 95 99 83 33 65 49 26 27 56 54 42 21 93 13 
69-2-14 1?2.314 = 2 24 76 52 80 44 95 99 83 33 65 27 56 26 49 22 48 54 42 14 
69-2-8 1?2.37 = 2 24 76 44 52 80 30 72 23 98 61 63 57 94 59 40 70 50 8 
69-2-11 1?2.676 = 2 24 76 44 52 80 30 72 23 75 98 61 63 57 20 29 28 41 85 11 
69-2-9 1?2.38 = 2 24 76 44 52 80 30 72 23 98 61 63 57 20 29 55 32 79 9 
69-2-12 1?2.529 = 2 24 76 52 80 44 99 83 33 65 27 26 49 48 73 92 43 19 12 
69-2-10 1?2.577 = 2 24 76 44 52 80 30 72 23 98 75 63 57 20 29 28 41 39 68 10 
69-2-7 1?2.429 = 2 24 76 44 52 80 30 72 23 75 98 61 63 57 94 59 40 37 84 7 
69-4-5 1?1.863 = 4 47 62 88 31 67 18 60 90 78 17 53 96 66 89 5 
69-3-15 1?1.949 = 3 86 91 45 24 76 52 80 44 95 99 83 33 65 49 26 27 56 15 
69-3-13 1?2.479 = 3 86 91 45 24 76 52 80 44 99 95 35 22 48 73 92 43 93 13 
69-3-14 1?2.286 = 3 86 91 45 24 76 52 80 44 99 83 33 65 27 26 56 54 42 14 
69-3-6 1?2.009 = 3 86 97 62 88 31 67 18 60 90 78 17 53 96 87 46 74 6 
69-3-11 1?2.637 = 3 86 97 62 81 78 53 17 90 60 67 18 58 63 57 20 29 28 85 11 
69-3-7 1?2.214 = 3 86 97 62 81 78 53 17 90 60 37 40 59 70 50 84 7 
69-3-8 1?2.427 = 3 86 97 62 81 78 53 17 90 60 67 18 58 57 20 29 71 16 8 
69-3-12 1?2.63 = 3 86 91 45 76 52 80 44 99 95 35 22 48 73 34 92 43 19 12 
69-3-9 1?2.436 = 3 86 97 62 81 78 53 17 90 60 67 18 58 63 20 29 55 79 9 
69-3-10 1?2.596 = 3 86 97 62 81 78 53 17 90 60 67 18 58 57 20 29 28 41 39 68 10 
69-5-6 1?2.138 = 5 89 66 96 53 17 78 90 60 37 40 70 50 84 6 
69-4-6 1?1.911 = 4 47 62 81 78 67 18 60 90 17 53 96 87 46 74 6 
69-4-7 1?2.092 = 4 47 97 62 81 78 53 17 90 37 40 70 50 84 7 
69-4-13 1?2.457 = 4 66 96 53 17 90 60 18 67 31 75 98 61 25 77 34 92 43 13 
69-4-14 1?2.385 = 4 47 62 97 91 45 24 76 52 80 44 99 95 35 22 48 54 42 14 
69-4-8 1?2.364 = 4 47 81 78 53 17 90 60 58 57 20 29 94 59 40 70 50 8 
69-4-15 1?2.15 = 4 47 62 97 91 45 24 76 52 80 44 95 99 83 33 65 49 26 56 15 
69-4-9 1?2.294 = 4 47 81 78 53 17 90 60 67 18 58 57 20 29 55 32 79 9 
69-4-11 1?2.687 = 4 47 81 78 53 17 90 60 67 18 58 63 57 20 29 28 41 39 68 11 
69-4-10 1?2.524 = 4 47 81 78 53 17 90 60 67 18 58 63 57 20 29 28 41 39 68 10 
69-4-12 1?2.618 = 4 66 96 53 17 90 60 18 67 31 75 98 61 25 77 34 92 43 19 12 
69-6-8 1?2.072 = 6 74 46 87 96 53 17 90 60 18 58 57 20 29 71 16 8 
69-5-7 1?1.83 = 5 89 66 96 53 17 78 90 60 37 40 70 50 84 7 
69-6-7 1?1.924 = 6 74 46 87 96 53 17 90 60 37 40 59 70 50 84 7 
69-5-9 1?2.005 = 5 66 96 53 17 90 60 67 18 58 57 20 29 55 32 79 9 
69-5-8 1?2.007 = 5 89 66 96 53 17 90 60 67 18 58 57 94 59 40 70 50 8 
69-5-15 1?2.273 = 5 89 66 96 53 17 90 60 67 88 82 80 52 44 95 99 49 26 56 15 
69-5-10 1?2.154 = 5 89 66 96 53 17 90 60 67 18 58 57 20 29 28 41 39 68 10 
69-5-14 1?2.391 = 5 89 66 96 53 17 90 60 67 18 58 63 61 98 23 72 36 48 54 42 14 
69-5-13 1?2.379 = 5 89 66 96 53 17 90 60 67 31 75 98 61 25 38 77 34 92 43 93 13 
69-5-11 1?2.555 = 5 89 66 96 53 17 90 60 67 18 58 63 57 20 29 55 32 39 68 41 11 
69-5-12 1?2.424 = 5 89 66 96 53 17 90 60 18 67 31 75 98 61 25 77 34 92 43 19 12 
69-7-8 1?2.366 = 7 6 74 46 87 89 66 96 53 17 90 60 37 40 70 50 8 
69-7-9 1?2.124 = 7 84 37 40 59 70 50 16 71 69 55 32 39 68 10 79 9 
69-6-9 1?2.013 = 6 74 46 87 96 53 17 90 60 18 58 57 20 29 55 69 9 
69-6-11 1?2.469 = 6 74 46 87 96 53 17 90 60 58 63 57 20 29 28 41 39 68 11 
69-7-11 1?2.404 = 7 84 37 40 59 70 50 16 71 69 55 79 32 39 68 41 28 85 11 
69-6-15 1?2.378 = 6 74 46 87 53 17 78 88 82 80 52 44 95 99 83 65 27 26 56 15 
69-7-10 1?2.441 = 7 84 37 40 70 50 16 71 94 20 29 55 69 79 32 39 68 10 
69-6-10 1?2.238 = 6 74 46 87 53 17 90 60 67 18 58 57 20 29 28 41 39 68 10 
69-6-12 1?2.416 = 6 74 46 87 53 17 90 60 67 31 75 98 61 25 77 34 92 19 12 
69-6-13 1?2.435 = 6 74 46 87 96 53 17 90 60 18 67 31 75 98 61 25 77 34 92 93 13 
69-6-14 1?2.511 = 6 74 46 87 96 53 17 90 60 67 18 58 63 61 98 23 72 36 48 42 14 
69-8-9 1?2.217 = 8 50 70 37 40 59 16 71 69 55 32 39 41 68 10 79 9 
69-8-10 1?1.901 = 8 50 70 37 40 59 16 71 69 55 79 32 39 41 68 10 
69-8-13 1?2.389 = 8 50 70 40 59 16 71 69 55 32 39 68 41 85 64 92 43 13 
69-8-11 1?2.341 = 8 50 70 37 40 59 16 71 69 55 79 32 39 68 41 28 85 11 
69-8-12 1?2.338 = 8 50 70 40 59 16 71 69 55 79 32 39 68 41 85 64 19 12 
69-7-13 1?2.519 = 7 84 70 40 59 16 71 69 55 79 32 39 68 41 85 64 92 43 93 13 
69-8-15 1?2.548 = 8 50 70 40 59 94 57 63 61 98 23 72 30 35 22 49 26 27 56 15 
69-7-15 1?2.558 = 7 84 37 40 59 94 29 20 57 63 61 98 23 72 36 22 49 26 56 15 
69-7-12 1?2.448 = 7 84 37 40 70 50 16 71 69 55 79 32 39 41 85 64 19 12 
69-8-14 1?2.648 = 8 50 70 40 59 16 71 29 20 57 63 61 98 75 23 72 36 48 42 14 
69-7-14 1?2.667 = 7 84 37 40 59 16 71 29 20 57 63 61 98 75 23 72 36 48 54 42 14 
69-10-13 1?2.259 = 10 32 79 55 39 68 41 85 28 38 77 34 92 43 93 13 
69-9-11 1?2.279 = 9 8 50 70 40 59 16 71 69 55 79 32 39 68 41 85 11 
69-10-11 1?2.534 = 10 68 39 41 28 29 20 57 63 61 75 98 25 38 64 11 
69-9-12 1?2.039 = 9 79 32 39 68 41 85 64 77 34 73 92 43 19 12 
69-10-12 1?2.146 = 10 68 39 41 85 28 38 77 34 73 92 93 43 19 12 
69-9-10 1?2.29 = 9 8 50 70 37 40 59 16 71 69 55 79 32 39 41 68 10 
69-9-13 1?2.592 = 9 69 55 29 20 57 63 75 98 61 25 38 77 34 73 92 43 93 13 
69-10-14 1?2.675 = 10 68 39 41 85 28 29 20 57 63 61 98 75 23 72 36 48 54 42 14 
69-9-15 1?2.55 = 9 79 55 29 20 57 63 61 98 75 23 72 30 35 22 49 26 27 56 15 
69-10-15 1?2.614 = 10 68 39 41 28 38 25 51 36 22 35 95 99 83 33 65 27 26 56 15 
69-9-14 1?2.79 = 9 79 69 55 29 20 57 63 61 98 75 23 72 51 77 34 92 43 93 21 14 
69-12-13 1?2.504 = 12 19 43 92 34 77 25 98 75 23 72 36 73 93 13 
69-11-13 1?2.396 = 11 68 39 41 85 28 38 25 51 77 34 73 92 43 93 13 
69-13-14 1?2.325 = 13 93 43 92 34 77 25 98 75 23 72 36 48 54 42 14 
69-13-15 1?2.026 = 13 93 92 73 48 22 95 99 83 33 65 27 26 56 15 
69-11-14 1?2.496 = 11 85 28 29 20 57 63 61 98 75 23 72 36 48 54 42 14 
69-12-15 1?2.118 = 12 19 43 92 73 48 22 95 99 83 33 65 27 56 15 
69-14-15 1?1.967 = 14 42 54 48 22 35 80 52 44 95 99 83 65 27 56 15 
69-12-14 1?2.423 = 12 19 43 92 34 77 25 98 75 23 72 36 48 54 42 14 
69-11-12 1?2.296 = 11 85 41 68 39 28 38 77 34 73 92 93 43 19 12 
69-11-15 1?2.631 = 11 85 28 38 25 61 98 23 72 30 35 95 99 83 65 27 26 56 15 
stop
