start
666-0-3 1?2.284 = 0 25 63 27 35 93 55 32 80 43 41 45 70 88 65 99 3 
666-0-5 1?2.589 = 0 25 63 27 35 93 55 32 86 80 39 43 41 45 70 88 31 96 5 
666-0-6 1?2.615 = 0 25 63 27 35 55 93 86 80 39 43 41 45 70 88 31 96 75 6 
666-0-1 1?2.286 = 0 25 63 77 28 84 51 17 93 55 86 32 35 82 1 
666-0-8 1?2.63 = 0 25 63 76 83 91 37 42 69 79 71 61 46 33 52 87 66 8 
666-0-4 1?2.426 = 0 25 63 27 35 93 55 32 86 80 43 41 45 70 88 65 99 24 4 
666-0-10 1?2.458 = 0 25 63 76 83 91 37 42 69 79 71 16 47 95 61 46 33 52 87 10 
666-0-9 1?2.53 = 0 25 63 76 83 91 37 42 69 79 71 16 97 47 61 46 33 52 87 9 
666-0-2 1?2.181 = 0 25 63 27 35 55 93 17 51 45 41 43 80 32 2 
666-0-11 1?2.47 = 0 25 63 76 83 91 37 42 69 79 71 16 61 46 95 47 97 74 11 
666-0-7 1?2.667 = 0 25 63 27 35 93 55 32 80 43 41 45 94 59 49 29 36 58 7 
666-0-13 1?1.924 = 0 25 63 62 56 23 89 34 98 21 22 38 90 73 13 
666-0-14 1?2.103 = 0 25 63 76 83 21 22 38 90 34 89 23 62 56 14 
666-1-3 1?2.054 = 1 82 35 93 55 32 86 80 43 41 45 70 88 65 99 3 
666-1-4 1?1.889 = 1 82 35 93 55 32 86 80 43 41 45 70 88 31 24 4 
666-0-15 1?2.136 = 0 25 63 76 83 21 22 38 90 34 89 23 56 57 15 
666-1-2 1?2.113 = 1 82 35 55 93 17 51 45 70 41 43 80 86 32 18 2 
666-0-12 1?2.691 = 0 25 63 27 35 55 93 77 28 84 85 54 37 91 21 22 38 90 64 12 
666-1-5 1?2.581 = 1 82 35 93 55 32 80 43 41 70 45 17 51 30 49 59 94 96 5 
666-1-6 1?2.806 = 1 82 35 55 93 86 32 80 39 43 41 70 45 17 51 30 49 59 94 75 6 
666-1-7 1?2.738 = 1 82 35 93 55 86 80 43 41 45 94 59 49 29 92 67 81 50 36 58 7 
666-1-8 1?2.797 = 1 82 35 93 55 86 80 43 41 45 49 59 29 92 67 60 78 53 26 40 8 
666-1-15 1?2.174 = 1 82 35 55 93 77 28 76 83 72 98 23 56 57 15 
666-1-14 1?2.093 = 1 82 35 55 93 77 28 76 83 72 98 89 23 56 14 
666-1-13 1?2.243 = 1 82 35 55 93 77 28 84 85 54 37 91 21 22 38 90 73 13 
666-2-3 1?2.125 = 2 18 32 80 86 55 93 77 28 84 17 45 41 43 39 3 
666-2-4 1?2.066 = 2 32 80 86 55 93 77 28 84 17 45 70 88 31 24 4 
666-2-5 1?2.358 = 2 18 32 80 86 55 93 77 28 84 51 17 45 70 88 31 5 
666-1-9 1?2.543 = 1 82 35 55 93 77 28 68 54 42 69 79 71 61 46 33 52 87 9 
666-1-12 1?2.569 = 1 82 35 55 93 77 28 84 20 85 54 68 37 91 21 22 38 90 64 12 
666-2-6 1?2.732 = 2 18 32 55 93 86 80 43 41 70 45 17 51 30 49 59 94 96 75 6 
666-1-10 1?2.55 = 1 82 35 55 93 77 28 84 85 54 42 69 79 19 97 47 61 46 95 10 
666-1-11 1?2.607 = 1 82 35 55 93 77 28 84 85 54 42 69 79 71 16 47 97 19 74 11 
666-2-14 1?2.374 = 2 32 80 86 55 93 77 28 84 85 54 37 91 21 98 23 56 14 
666-2-13 1?2.374 = 2 18 32 55 93 77 28 84 85 54 68 37 91 21 22 38 90 73 13 
666-3-4 1?2.121 = 3 99 65 39 80 32 55 93 86 43 41 45 70 88 31 24 4 
666-3-5 1?2.431 = 3 65 39 80 86 32 55 93 77 28 84 17 45 70 88 31 5 
666-2-9 1?2.571 = 2 32 55 93 77 28 68 54 69 79 71 16 47 61 46 33 52 87 9 
666-2-15 1?2.469 = 2 18 32 80 86 55 93 77 28 68 37 91 21 98 23 56 57 15 
666-2-12 1?2.569 = 2 18 32 80 86 55 93 77 28 76 83 72 98 21 22 38 90 64 12 
666-2-10 1?2.538 = 2 32 55 93 77 28 84 85 54 42 69 79 71 61 46 33 52 87 10 
666-2-7 1?2.746 = 2 32 86 80 43 41 45 70 94 59 49 29 92 67 60 78 81 50 36 58 7 
666-2-11 1?2.595 = 2 32 55 93 77 28 84 85 54 42 69 79 71 61 46 95 47 97 11 
666-2-8 1?2.762 = 2 32 80 86 55 93 77 28 84 85 54 42 69 79 71 53 26 40 8 
666-3-15 1?2.534 = 3 65 39 80 86 55 93 77 28 76 83 21 98 89 23 56 57 15 
666-4-5 1?2.301 = 4 24 99 65 39 80 32 55 93 86 43 41 45 70 88 31 5 
666-3-14 1?2.534 = 3 65 39 43 41 70 45 17 51 20 85 54 68 37 91 21 98 23 56 14 
666-3-13 1?2.523 = 3 65 39 43 41 45 17 51 20 85 54 37 91 83 21 22 38 90 73 13 
666-3-6 1?2.534 = 3 99 65 39 80 86 55 93 77 28 84 17 51 30 49 59 75 6 
666-3-9 1?2.592 = 3 39 43 41 45 51 20 85 54 42 69 79 16 47 61 46 33 52 87 9 
666-3-7 1?2.589 = 3 65 39 43 41 45 70 94 59 49 29 92 67 60 78 81 50 36 58 7 
666-3-10 1?2.574 = 3 39 43 41 45 49 59 29 92 67 60 78 53 26 52 87 33 61 46 95 10 
666-3-12 1?2.729 = 3 99 65 39 43 41 45 17 51 30 20 85 54 37 91 21 22 38 90 64 12 
666-3-8 1?2.652 = 3 99 65 39 43 41 45 70 94 59 49 29 92 67 60 78 53 26 40 8 
666-3-11 1?2.599 = 3 39 43 41 45 49 59 29 92 67 60 78 53 52 87 33 46 61 47 97 11 
666-4-7 1?2.236 = 4 24 31 96 94 59 49 29 92 67 60 78 81 50 36 58 7 
666-5-6 1?2.576 = 5 31 88 41 43 80 86 55 93 17 51 30 49 59 94 75 6 
666-4-6 1?2.346 = 4 24 31 88 43 41 70 45 17 51 30 49 59 94 96 75 6 
666-4-15 1?2.594 = 4 24 31 88 70 45 17 51 20 85 54 37 91 21 98 89 23 56 57 15 
666-4-13 1?2.488 = 4 24 31 88 70 45 17 51 30 20 85 54 68 37 91 21 22 38 90 73 13 
666-4-14 1?2.495 = 4 24 31 88 70 45 17 51 20 85 54 68 37 91 21 98 89 23 56 14 
666-4-9 1?2.604 = 4 24 31 88 70 45 51 20 85 54 42 69 71 16 47 61 46 33 87 9 
666-4-8 1?2.388 = 4 24 31 88 70 45 49 59 29 92 67 81 78 53 26 40 8 
666-4-10 1?2.471 = 4 24 31 88 70 45 51 20 85 54 42 69 79 71 16 47 61 46 95 10 
666-4-12 1?2.659 = 4 24 31 88 43 41 70 45 51 20 85 54 68 37 91 21 22 38 90 64 12 
666-4-11 1?2.529 = 4 24 31 96 94 59 49 29 92 67 60 78 53 52 87 33 46 61 47 97 74 11 
666-5-9 1?2.37 = 5 96 94 59 49 29 92 67 60 78 53 26 52 61 33 87 9 
666-5-7 1?2.333 = 5 96 94 59 29 92 67 60 78 53 26 40 50 36 58 7 
666-6-7 1?2.389 = 6 75 59 49 29 92 67 81 78 53 26 40 50 36 58 7 
666-5-15 1?2.768 = 5 96 94 49 30 20 85 54 37 91 21 22 38 90 34 89 23 56 57 15 
666-6-8 1?2.447 = 6 75 96 94 59 49 29 92 67 60 81 78 53 26 40 66 8 
666-5-14 1?2.694 = 5 96 94 59 49 30 20 85 54 68 37 91 21 22 38 90 34 89 23 56 14 
666-5-8 1?2.461 = 5 96 94 59 49 29 92 67 81 78 53 52 33 87 26 40 8 
666-5-10 1?2.341 = 5 96 94 59 49 29 92 67 60 78 53 26 87 52 33 46 61 47 95 10 
666-5-13 1?2.846 = 5 96 94 59 29 92 67 60 78 71 79 69 42 37 91 21 22 38 90 73 13 
666-5-12 1?2.589 = 5 96 94 59 29 92 67 60 78 53 52 87 33 46 61 95 47 97 74 12 
666-5-11 1?2.405 = 5 96 94 59 49 29 92 67 60 78 53 52 87 33 46 61 95 47 97 74 11 
666-6-9 1?2.214 = 6 75 96 94 59 49 29 92 67 60 81 78 53 26 40 66 9 
666-7-9 1?2.113 = 7 58 36 50 81 67 60 78 53 52 33 87 26 40 66 9 
666-7-10 1?1.846 = 7 58 36 50 40 26 53 52 33 46 61 47 97 95 10 
666-6-15 1?2.709 = 6 75 94 59 49 30 20 85 54 68 37 91 83 72 98 89 23 56 57 15 
666-7-8 1?2.272 = 7 58 36 50 81 92 67 60 69 79 71 53 26 40 8 
666-6-10 1?2.28 = 6 75 59 49 29 92 67 60 78 53 26 87 52 33 46 61 47 95 10 
666-6-14 1?2.789 = 6 75 94 59 49 30 20 85 54 37 91 83 21 22 38 90 34 89 23 56 14 
666-6-13 1?2.78 = 6 58 36 50 40 26 87 52 33 46 61 71 79 44 48 22 38 90 73 13 
666-6-12 1?2.582 = 6 75 94 59 49 29 92 67 60 78 53 52 87 33 46 61 47 97 74 12 
666-7-11 1?2.143 = 7 58 36 50 81 78 53 26 87 52 33 46 61 95 47 97 19 74 11 
666-6-11 1?2.419 = 6 75 94 59 49 29 92 67 60 78 53 52 87 33 46 61 95 47 97 74 11 
666-8-9 1?2.349 = 8 40 26 52 33 46 61 47 16 71 79 19 97 95 10 9 
666-8-10 1?1.898 = 8 40 26 53 52 87 33 46 61 71 79 16 47 95 10 
666-7-15 1?2.704 = 7 58 36 50 40 26 53 71 79 44 48 22 38 21 98 23 56 57 15 
666-8-15 1?2.622 = 8 40 26 52 33 46 61 47 97 19 44 48 22 38 21 98 23 56 57 15 
666-8-11 1?2.158 = 8 40 26 53 52 87 33 46 61 95 47 16 71 79 19 97 74 11 
666-7-14 1?2.564 = 7 58 36 50 40 26 53 71 79 44 48 22 38 90 34 89 23 56 14 
666-8-12 1?2.334 = 8 40 26 87 52 33 46 61 47 16 71 79 44 22 38 90 64 12 
666-7-13 1?2.538 = 7 58 36 50 40 26 87 52 33 46 61 47 97 19 44 48 22 38 90 73 13 
666-8-14 1?2.509 = 8 40 26 87 52 33 46 61 71 79 44 48 22 38 90 34 89 23 56 14 
666-7-12 1?2.388 = 7 58 36 50 81 78 53 26 87 52 33 46 61 95 47 97 19 74 12 
666-8-13 1?2.39 = 8 40 26 53 52 87 33 46 61 95 47 16 71 79 44 48 22 38 90 73 13 
666-10-13 1?1.651 = 10 87 52 33 46 61 71 79 44 48 22 38 90 73 13 
666-9-10 1?1.619 = 9 66 40 26 53 52 87 33 46 61 47 16 19 97 95 10 
666-9-11 1?1.562 = 9 66 40 26 52 87 33 46 61 95 47 16 19 97 74 11 
666-10-12 1?1.815 = 10 87 52 33 46 61 47 97 19 44 48 22 38 90 64 12 
666-10-11 1?1.846 = 10 87 52 33 46 61 95 47 16 71 79 44 19 97 74 11 
666-9-13 1?1.888 = 9 87 52 33 46 61 95 47 16 71 79 44 48 22 38 90 73 13 
666-10-14 1?2.083 = 10 87 52 33 46 61 95 47 97 19 44 48 22 38 34 89 23 56 14 
666-9-12 1?2.058 = 9 87 52 33 46 61 47 97 16 71 79 44 48 22 38 90 64 12 
666-10-15 1?2.308 = 10 87 52 33 46 61 95 47 97 19 44 48 22 38 21 98 23 56 57 15 
666-9-15 1?2.354 = 9 87 52 33 46 61 95 47 97 19 44 48 22 38 21 98 23 56 57 15 
666-9-14 1?2.214 = 9 87 52 33 46 61 95 47 97 19 44 48 22 38 90 34 89 23 56 14 
666-11-13 1?1.787 = 11 74 19 97 47 61 71 79 44 48 22 38 90 73 13 
666-12-13 1?2.022 = 12 19 97 47 61 16 71 79 44 48 22 38 90 73 13 
666-13-14 1?1.787 = 13 73 90 38 22 21 91 37 83 72 98 89 23 56 14 
666-12-14 1?2.033 = 12 64 90 38 22 21 91 83 72 98 34 89 23 62 56 14 
666-14-15 1?2.067 = 14 56 23 89 34 90 38 22 21 91 37 83 72 62 57 15 
666-11-14 1?1.889 = 11 97 47 16 71 79 44 48 22 38 21 98 23 56 14 
666-13-15 1?1.924 = 13 73 64 90 38 22 21 91 83 72 98 89 23 56 57 15 
666-11-12 1?1.912 = 11 74 97 47 95 46 61 16 19 44 48 22 38 90 64 12 
666-11-15 1?2.286 = 11 74 19 97 47 16 71 79 44 48 22 38 90 34 89 23 56 57 15 
666-12-15 1?2.565 = 12 74 97 47 61 46 33 87 52 71 79 44 48 21 98 23 56 57 15 
stop
