start
724-0-2 1?2.169 = 0 72 88 29 47 94 73 39 26 95 23 18 51 80 2 
724-0-3 1?2.221 = 0 72 88 47 94 73 26 39 46 83 76 53 81 25 3 
724-0-4 1?2.62 = 0 72 88 47 94 73 26 39 46 83 76 90 53 81 25 41 99 4 
724-0-5 1?2.526 = 0 72 88 47 94 73 26 39 46 83 76 53 90 59 82 92 57 5 
724-0-1 1?2.337 = 0 72 88 47 94 73 26 39 46 83 16 30 18 95 23 1 
724-0-11 1?2.202 = 0 72 47 73 89 60 20 85 43 77 22 42 75 52 24 40 31 70 87 11 
724-0-9 1?2.535 = 0 72 47 94 20 85 43 77 22 42 75 52 24 40 31 70 87 64 61 9 
724-0-6 1?2.666 = 0 72 88 47 94 73 26 39 46 83 76 53 59 55 92 82 96 66 97 6 
724-0-10 1?2.315 = 0 72 88 29 44 17 56 86 21 77 22 42 75 52 24 40 31 70 64 10 
724-0-8 1?2.719 = 0 72 88 47 94 73 26 39 27 49 74 78 50 67 65 68 79 33 58 91 8 
724-0-7 1?2.582 = 0 72 88 47 94 73 89 60 71 74 78 32 62 28 38 48 34 45 7 
724-0-15 1?2.31 = 0 72 26 39 27 49 71 60 89 73 94 47 88 29 15 
724-0-14 1?2.214 = 0 72 47 94 73 89 60 20 85 43 86 56 54 17 44 14 
724-0-13 1?2.297 = 0 72 88 29 47 94 73 39 89 60 20 85 43 21 86 56 54 13 
724-1-2 1?2.194 = 1 23 18 30 16 83 76 53 81 41 99 25 84 19 80 2 
724-1-3 1?2.218 = 1 23 95 18 30 16 83 46 93 90 76 53 81 25 84 3 
724-0-12 1?2.454 = 0 72 88 29 47 94 73 89 60 20 85 43 86 21 77 75 42 22 12 
724-1-5 1?2.51 = 1 23 95 18 51 19 84 25 81 53 76 90 59 55 82 92 57 5 
724-1-4 1?2.236 = 1 23 95 18 30 16 83 93 90 76 53 81 25 41 99 4 
724-1-8 1?2.615 = 1 23 95 18 30 16 83 46 27 49 74 78 67 65 68 79 33 58 91 8 
724-1-7 1?2.493 = 1 23 95 18 30 16 76 53 90 59 82 92 96 66 98 48 63 34 45 7 
724-1-6 1?2.643 = 1 23 95 18 51 80 19 84 25 81 53 76 90 59 82 66 96 97 6 
724-1-15 1?2.197 = 1 23 95 18 30 16 83 46 39 26 73 94 47 88 29 15 
724-2-3 1?2.118 = 2 80 19 84 25 81 53 76 90 59 82 55 41 99 3 
724-1-9 1?2.676 = 1 23 95 18 30 16 83 46 27 49 74 78 67 65 68 79 33 58 69 9 
724-1-13 1?2.428 = 1 23 95 26 39 89 60 20 85 43 75 42 22 77 21 86 56 54 13 
724-1-12 1?2.645 = 1 23 95 26 39 89 60 20 85 43 52 24 40 31 70 87 42 22 12 
724-2-4 1?2.083 = 2 80 19 84 25 81 53 76 90 59 82 55 41 99 4 
724-2-5 1?2.293 = 2 80 37 19 84 25 81 53 76 90 59 55 92 82 96 66 97 5 
724-1-11 1?2.322 = 1 23 95 26 39 89 60 85 43 77 22 42 75 52 24 40 31 70 87 11 
724-1-10 1?2.383 = 1 23 95 26 39 89 60 20 85 43 77 22 42 75 52 24 40 31 61 10 
724-2-6 1?2.385 = 2 80 37 19 84 25 99 41 81 53 76 90 59 55 92 82 96 97 6 
724-1-14 1?2.262 = 1 23 95 26 39 89 60 20 85 43 21 86 56 54 17 14 
724-2-15 1?2.261 = 2 80 37 84 19 51 18 23 95 26 39 73 94 47 88 29 15 
724-3-5 1?2.099 = 3 84 19 25 81 53 76 90 59 55 92 82 96 66 97 5 
724-2-13 1?2.388 = 2 80 51 18 23 95 26 39 73 89 60 20 85 43 21 86 56 54 13 
724-2-9 1?2.517 = 2 80 37 19 84 25 81 53 76 90 74 78 65 68 79 33 58 69 9 
724-3-4 1?2.161 = 3 37 19 84 25 81 53 76 90 59 82 92 55 41 99 4 
724-2-12 1?2.664 = 2 80 37 19 84 25 81 53 76 90 93 27 49 89 60 85 43 21 12 
724-2-10 1?2.543 = 2 80 51 30 46 27 49 71 43 77 22 42 75 52 24 40 31 64 10 
724-2-8 1?2.466 = 2 80 19 84 25 81 53 76 90 74 78 67 65 68 79 33 58 91 8 
724-2-11 1?2.524 = 2 18 95 26 39 89 60 20 85 43 77 22 42 75 52 24 40 31 70 87 11 
724-2-7 1?2.352 = 2 80 37 84 25 81 53 76 90 59 82 96 66 98 48 63 34 45 7 
724-2-14 1?2.5 = 2 80 19 84 25 81 53 76 83 46 39 73 94 47 88 29 44 14 
724-4-5 1?2.158 = 4 99 25 41 81 53 76 90 59 55 92 82 96 66 97 5 
724-3-6 1?2.004 = 3 84 19 25 81 53 76 90 59 55 92 82 96 66 97 6 
724-3-15 1?2.441 = 3 84 19 25 81 53 90 76 83 46 39 26 73 94 47 88 29 15 
724-3-8 1?2.369 = 3 25 81 55 59 82 96 66 98 38 28 62 32 65 68 79 33 58 91 8 
724-3-9 1?2.465 = 3 25 81 53 59 82 96 66 98 38 28 62 32 65 68 79 33 58 69 9 
724-3-13 1?2.599 = 3 84 19 25 81 53 76 90 93 27 49 89 60 85 43 21 86 56 54 13 
724-3-7 1?2.278 = 3 84 19 25 81 53 76 90 59 82 96 97 66 98 48 34 45 7 
724-3-12 1?2.739 = 3 84 19 25 81 53 76 90 93 27 49 71 89 60 20 85 43 86 21 12 
724-3-11 1?2.582 = 3 25 81 53 76 93 27 49 71 43 77 22 42 75 52 24 40 31 70 87 11 
724-3-10 1?2.627 = 3 25 81 53 76 93 27 49 71 43 77 22 42 75 52 24 40 31 61 10 
724-3-14 1?2.655 = 3 84 19 25 81 53 76 90 93 27 49 89 73 94 47 88 29 44 14 
724-5-6 1?2.223 = 5 57 41 25 81 53 76 90 59 55 92 82 96 66 97 6 
724-4-6 1?2.063 = 4 99 25 41 81 53 76 90 59 55 92 82 96 66 97 6 
724-4-7 1?2.026 = 4 99 25 81 53 90 59 82 96 66 98 48 34 45 7 
724-4-15 1?2.53 = 4 99 25 81 53 76 90 93 27 49 71 89 73 94 47 88 29 15 
724-4-8 1?2.311 = 4 99 41 55 59 82 96 66 98 38 28 62 32 65 79 33 58 91 8 
724-4-9 1?2.476 = 4 57 92 55 59 82 96 66 98 38 35 28 62 32 65 68 79 33 58 69 9 
724-4-13 1?2.66 = 4 99 25 81 53 76 90 93 27 49 71 89 60 20 85 43 21 86 56 54 13 
724-4-12 1?2.75 = 4 99 25 81 53 76 90 93 27 49 89 60 20 85 43 21 77 75 42 22 12 
724-4-11 1?2.681 = 4 99 25 81 53 76 93 27 49 71 43 77 22 42 75 24 40 31 70 87 11 
724-4-10 1?2.594 = 4 99 25 81 53 76 90 93 27 49 71 52 24 40 31 70 87 64 61 10 
724-4-14 1?2.633 = 4 99 25 81 53 76 90 93 27 49 89 60 73 94 47 88 29 44 14 
724-6-8 1?1.751 = 6 97 96 66 98 38 35 28 62 32 65 68 79 33 58 91 8 
724-5-7 1?2.063 = 5 57 55 82 96 66 98 38 32 62 28 35 48 63 34 45 7 
724-6-7 1?1.998 = 6 97 96 66 98 38 35 28 62 32 65 68 79 33 34 45 7 
724-5-8 1?2.092 = 5 57 92 82 96 66 98 38 35 28 62 32 65 68 79 33 58 91 8 
724-5-9 1?2.153 = 5 57 92 82 96 66 98 38 35 28 62 32 65 68 79 33 58 69 9 
724-5-15 1?2.647 = 5 57 92 82 55 59 53 76 90 93 27 49 89 60 73 94 47 88 29 15 
724-5-13 1?2.577 = 5 96 66 98 38 62 28 68 79 65 67 50 24 52 75 42 22 77 21 86 56 54 13 
724-5-11 1?2.541 = 5 96 66 98 38 32 62 28 68 79 65 67 50 24 52 75 40 31 70 64 87 11 
724-5-12 1?2.591 = 5 96 66 98 38 62 28 65 67 50 31 64 87 70 40 24 52 75 42 22 77 12 
724-5-10 1?2.484 = 5 57 96 66 97 98 38 28 62 32 65 67 50 40 31 70 87 64 61 10 
724-5-14 1?2.791 = 5 57 92 82 59 53 76 90 93 27 49 71 89 73 94 47 88 29 44 14 
724-7-9 1?1.68 = 7 45 34 63 48 38 35 28 62 32 65 68 79 33 58 69 9 
724-7-8 1?1.619 = 7 45 34 63 48 38 35 28 62 32 65 68 79 33 58 91 8 
724-6-9 1?1.974 = 6 97 96 66 98 38 35 28 62 32 65 67 79 68 33 58 69 9 
724-7-10 1?1.817 = 7 45 34 33 79 68 65 67 50 40 31 70 87 64 61 10 
724-6-13 1?2.365 = 6 63 48 35 28 62 32 65 67 50 24 52 75 42 22 77 21 86 56 54 13 
724-6-10 1?2.195 = 6 63 48 35 28 62 32 65 68 79 67 50 40 31 70 87 64 61 10 
724-6-15 1?2.768 = 6 97 66 96 82 59 53 76 90 93 27 49 71 60 89 73 94 47 88 29 15 
724-7-11 1?2.216 = 7 45 34 63 48 35 38 32 62 28 68 79 65 67 50 40 31 70 87 64 11 
724-6-11 1?2.462 = 6 97 96 66 98 38 32 62 28 68 79 65 67 50 24 52 75 40 31 70 87 11 
724-6-12 1?2.483 = 6 63 48 35 28 62 32 65 67 50 31 64 87 70 40 24 52 75 42 22 77 12 
724-6-14 1?2.591 = 6 97 96 82 59 90 53 76 83 46 39 26 73 94 47 88 29 44 14 
724-8-9 1?1.877 = 8 91 58 33 79 68 65 67 50 40 31 70 87 64 61 9 
724-8-10 1?1.57 = 8 91 58 33 79 68 65 67 50 40 31 70 87 64 61 10 
724-8-11 1?1.764 = 8 91 58 33 79 68 65 67 50 24 52 75 40 31 70 64 87 11 
724-7-13 1?2.292 = 7 45 34 58 33 68 65 67 50 40 24 52 75 42 22 77 21 86 56 54 13 
724-8-13 1?2.2 = 8 91 58 33 79 68 65 67 50 31 70 40 24 52 75 42 22 77 21 86 56 54 13 
724-8-15 1?2.486 = 8 91 58 33 79 68 65 67 78 74 49 27 39 26 73 94 47 88 29 15 
724-7-15 1?2.639 = 7 45 34 63 48 38 28 62 32 78 74 49 27 39 26 73 94 47 88 29 15 
724-8-12 1?2.007 = 8 91 58 33 79 68 65 67 50 31 64 87 70 40 24 52 75 42 22 77 12 
724-7-12 1?2.28 = 7 45 34 58 33 79 68 65 67 50 31 64 87 70 40 24 52 75 42 22 12 
724-8-14 1?2.282 = 8 91 58 33 79 68 65 67 50 40 24 52 75 42 22 77 21 86 56 54 17 14 
724-7-14 1?2.51 = 7 45 34 35 28 62 32 65 67 50 24 52 75 42 22 77 21 86 56 54 17 14 
724-10-13 1?1.348 = 10 64 70 31 40 24 52 75 42 22 77 21 86 56 54 13 
724-10-11 1?1.755 = 10 61 31 40 24 52 43 21 77 22 42 75 87 70 64 11 
724-10-12 1?1.419 = 10 61 64 87 70 31 40 24 52 75 42 22 77 43 21 12 
724-9-12 1?1.829 = 9 61 64 87 70 31 40 24 52 75 42 22 77 43 86 21 12 
724-9-10 1?1.631 = 9 69 58 33 79 68 65 67 50 40 31 70 87 64 61 10 
724-9-11 1?1.788 = 9 69 33 79 68 65 67 50 24 52 75 40 31 64 70 87 11 
724-9-13 1?2.042 = 9 69 58 33 79 68 65 67 50 40 24 52 75 42 22 77 21 86 56 54 13 
724-9-15 1?2.329 = 9 69 58 33 79 68 65 78 74 71 60 89 73 94 47 88 29 15 
724-10-15 1?2.144 = 10 61 64 87 70 31 40 24 52 75 42 22 77 21 86 56 54 17 44 29 15 
724-10-14 1?1.842 = 10 61 64 87 70 31 40 24 52 75 42 22 77 21 86 56 54 17 44 14 
724-9-14 1?2.251 = 9 69 58 33 79 68 65 67 50 24 52 75 42 22 77 21 86 56 54 17 14 
724-12-13 1?1.655 = 12 11 87 70 31 40 24 52 75 42 22 77 21 86 56 54 13 
724-11-13 1?1.266 = 11 87 70 31 40 24 52 75 42 22 77 21 86 56 54 13 
724-11-12 1?1.41 = 11 87 70 64 31 40 24 52 75 42 22 77 43 86 21 12 
724-14-15 1?2.067 = 14 17 54 56 86 21 43 85 20 60 89 73 94 47 88 15 
724-13-15 1?1.959 = 13 54 56 86 21 43 85 20 60 89 39 26 47 88 29 15 
724-12-15 1?2.166 = 12 77 22 42 75 24 52 43 85 20 60 89 73 94 47 88 29 15 
724-13-14 1?1.945 = 13 54 56 86 43 85 60 89 73 94 47 88 29 44 14 
724-12-14 1?1.956 = 12 11 87 70 31 40 24 52 75 42 22 77 21 86 56 54 17 14 
724-11-15 1?2.026 = 11 87 70 64 31 40 24 75 42 22 77 21 86 56 54 17 44 29 15 
724-11-14 1?1.73 = 11 87 70 64 31 40 24 52 75 42 22 77 21 86 56 54 17 44 14 
stop
