start
580-0-1 1?2.271 = 0 39 58 40 88 77 84 98 83 85 64 59 67 35 74 94 1 
580-0-4 1?2.571 = 0 39 58 40 94 74 45 35 67 59 56 50 75 97 81 22 95 4 
580-0-2 1?2.161 = 0 39 58 40 88 77 46 84 98 83 85 64 59 67 35 45 2 
580-0-7 1?2.657 = 0 39 58 40 88 77 46 84 78 27 21 90 42 65 34 62 91 73 69 54 7 
580-0-8 1?2.767 = 0 39 58 40 88 83 85 17 52 92 78 27 21 90 42 65 34 79 60 33 8 
580-0-3 1?2.417 = 0 39 58 40 88 77 83 85 64 47 75 81 97 50 56 72 3 
580-0-11 1?2.416 = 0 39 58 40 88 77 84 48 20 71 36 24 37 61 49 18 68 70 11 
580-0-10 1?2.531 = 0 39 58 40 88 77 98 78 27 21 90 42 65 34 79 60 89 25 51 44 23 10 
580-0-5 1?2.662 = 0 39 58 40 88 77 98 78 27 21 90 42 65 34 62 91 99 82 26 57 5 
580-0-9 1?2.695 = 0 39 58 40 88 77 98 78 27 21 90 42 65 34 79 60 89 25 32 23 44 9 
580-0-6 1?2.638 = 0 39 58 40 88 77 98 78 27 21 90 42 65 34 62 91 99 82 26 57 43 6 
580-0-14 1?1.921 = 0 39 58 40 88 77 84 48 20 63 36 71 53 76 14 
580-0-13 1?1.798 = 0 39 58 40 88 77 84 48 20 53 76 71 36 24 13 
580-0-12 1?2.035 = 0 39 58 40 88 77 84 48 20 53 76 71 36 24 12 
580-1-3 1?2.676 = 1 94 74 35 67 40 88 77 84 98 83 85 64 50 56 72 3 
580-1-5 1?2.299 = 1 94 74 45 35 67 59 64 56 50 47 75 81 97 22 95 5 
580-1-4 1?2.469 = 1 74 35 67 59 56 50 47 16 99 82 26 57 81 75 97 4 
580-0-15 1?2.31 = 0 39 58 40 88 77 84 48 20 63 36 71 53 76 14 15 
580-1-2 1?2.31 = 1 74 94 40 88 77 46 84 98 83 85 64 59 67 35 45 2 
580-1-7 1?2.559 = 1 74 35 67 59 56 50 75 81 97 22 95 57 26 82 99 69 73 54 7 
580-1-8 1?2.816 = 1 74 35 67 83 85 17 52 92 78 27 21 90 42 65 34 79 60 33 8 
580-1-6 1?2.652 = 1 74 35 67 59 56 50 75 97 22 95 57 26 82 99 69 73 54 43 6 
580-1-14 1?2.046 = 1 94 40 88 77 84 48 20 63 36 24 71 53 76 14 
580-1-15 1?2.435 = 1 94 40 88 77 84 48 20 63 36 24 71 53 76 14 15 
580-2-5 1?2.125 = 2 45 35 67 59 56 50 75 97 81 16 99 82 26 57 5 
580-2-4 1?2.306 = 2 45 35 67 59 56 50 47 16 99 82 26 57 95 22 4 
580-2-3 1?2.533 = 2 45 35 67 59 64 47 16 99 82 26 81 75 50 56 72 3 
580-1-13 1?2.532 = 1 74 35 67 59 64 17 52 92 78 27 21 41 31 38 63 71 36 24 13 
580-1-12 1?2.688 = 1 94 40 88 77 84 48 20 53 71 36 24 37 61 49 18 70 68 12 
580-1-9 1?2.74 = 1 74 35 67 59 64 17 52 92 78 27 21 90 42 65 79 60 89 25 51 9 
580-1-11 1?2.596 = 1 94 40 88 77 46 84 48 20 53 76 71 36 24 37 61 49 68 70 11 
580-2-6 1?2.415 = 2 45 35 67 59 56 50 75 97 81 57 26 82 99 69 73 54 43 6 
580-1-10 1?2.73 = 1 94 40 88 77 46 84 98 78 27 21 90 42 65 34 79 60 89 29 86 87 10 
580-3-5 1?1.995 = 3 72 56 50 47 16 99 82 26 57 81 75 97 22 95 5 
580-3-4 1?2.156 = 3 72 56 50 47 75 97 81 16 99 82 26 57 95 22 4 
580-2-15 1?2.7 = 2 45 35 67 40 88 77 46 84 48 20 63 36 71 53 76 14 15 
580-2-14 1?2.425 = 2 45 35 67 40 88 77 46 84 48 20 63 36 24 71 53 76 14 
580-2-8 1?2.653 = 2 45 35 67 59 56 50 75 97 81 57 26 82 99 69 73 93 33 8 
580-2-7 1?2.422 = 2 45 35 67 59 56 50 75 97 22 95 57 26 82 99 69 73 54 7 
580-2-13 1?2.525 = 2 45 35 67 83 85 17 52 92 78 27 21 41 31 38 63 71 36 24 13 
580-2-9 1?2.67 = 2 45 35 67 59 64 17 52 92 78 27 21 90 42 79 60 89 25 96 9 
580-2-12 1?2.664 = 2 45 35 67 74 94 40 88 77 46 84 48 20 53 76 71 36 24 37 12 
580-2-11 1?2.604 = 2 45 35 67 59 64 17 52 92 78 27 21 90 55 28 18 49 61 68 70 11 
580-2-10 1?2.672 = 2 45 35 67 59 64 17 52 92 78 27 21 90 42 65 79 60 89 29 86 87 10 
580-4-5 1?1.998 = 4 22 97 75 81 16 99 69 73 54 82 26 57 95 5 
580-3-14 1?2.609 = 3 72 56 64 17 52 92 78 27 21 41 31 63 36 71 53 76 14 
580-3-15 1?2.887 = 3 72 56 50 75 97 81 16 30 62 34 65 42 21 27 48 19 15 
580-3-13 1?2.678 = 3 72 56 50 75 81 16 30 62 34 65 42 90 21 41 31 38 36 24 13 
580-3-6 1?1.972 = 3 72 56 50 75 97 81 57 26 99 82 69 73 54 43 6 
580-3-7 1?2.503 = 3 72 56 50 75 81 97 22 95 57 26 82 99 16 30 91 73 69 54 7 
580-3-8 1?2.589 = 3 72 56 50 47 75 81 97 22 95 57 26 82 99 69 73 91 93 8 
580-3-12 1?2.692 = 3 72 56 50 75 97 81 16 30 62 34 65 42 90 55 28 18 49 61 12 
580-3-9 1?2.641 = 3 72 56 50 47 75 81 97 22 95 57 26 82 99 69 73 93 33 96 9 
580-3-11 1?2.718 = 3 72 56 50 75 97 81 16 30 62 34 65 79 60 89 29 80 70 68 11 
580-3-10 1?2.753 = 3 72 56 50 47 16 99 82 69 73 91 62 34 65 79 60 89 29 86 87 10 
580-4-7 1?1.981 = 4 22 97 75 81 57 26 82 99 16 30 91 73 54 7 
580-4-14 1?2.492 = 4 22 97 75 47 52 17 92 78 27 41 31 38 63 20 53 76 14 
580-4-15 1?2.72 = 4 22 97 81 75 47 16 30 62 34 65 42 90 21 27 48 19 15 
580-5-6 1?1.739 = 5 95 22 97 75 81 16 26 57 82 99 69 73 54 6 
580-4-6 1?1.848 = 4 22 97 75 81 16 99 69 73 54 82 26 57 43 6 
580-4-13 1?2.473 = 4 22 97 75 47 52 17 92 78 27 21 41 31 38 63 71 36 24 13 
580-4-8 1?2.529 = 4 22 97 75 81 26 82 99 69 73 91 62 34 65 79 60 33 8 
580-4-9 1?2.539 = 4 22 95 57 26 82 99 69 73 91 62 34 65 79 60 89 25 96 9 
580-4-12 1?2.613 = 4 22 95 57 26 82 99 69 73 91 62 34 65 42 55 28 18 49 61 12 
580-4-11 1?2.593 = 4 22 97 75 81 16 30 62 34 65 42 79 60 89 29 80 70 68 11 
580-4-10 1?2.511 = 4 22 95 57 26 82 99 69 73 91 66 34 65 79 60 89 29 86 87 10 
580-6-7 1?2.061 = 6 43 5 95 22 81 97 75 47 30 16 99 82 69 73 54 7 
580-5-7 1?1.702 = 5 95 22 97 75 81 16 26 57 82 99 69 73 54 7 
580-5-8 1?1.933 = 5 95 22 97 75 81 57 26 99 82 54 69 73 93 8 
580-6-8 1?2.07 = 6 43 57 26 82 99 69 73 91 66 34 65 79 60 33 8 
580-5-13 1?2.361 = 5 57 26 82 99 69 73 91 62 34 65 42 90 21 41 31 38 36 24 13 
580-5-14 1?2.47 = 5 57 26 82 99 69 73 91 62 34 65 42 90 21 27 48 20 53 76 14 
580-5-15 1?2.805 = 5 95 22 97 81 75 47 16 30 62 34 65 42 90 21 27 78 84 19 15 
580-5-12 1?2.47 = 5 95 22 97 81 75 47 16 30 62 34 65 42 90 55 28 18 49 61 12 
580-5-9 1?2.413 = 5 95 22 81 97 75 47 16 26 57 82 99 69 73 91 93 33 96 9 
580-5-10 1?2.384 = 5 95 22 97 75 81 16 30 62 34 65 42 79 60 89 29 86 87 10 
580-5-11 1?2.433 = 5 57 26 82 99 69 73 91 66 62 34 65 79 60 89 29 80 70 68 11 
580-7-8 1?2.196 = 7 54 73 69 99 82 26 16 30 62 34 65 79 60 33 8 
580-6-9 1?2.014 = 6 43 57 26 82 99 16 30 62 34 65 79 60 25 51 9 
580-7-9 1?2.105 = 7 54 69 73 91 62 34 65 79 60 25 32 23 44 51 9 
580-7-10 1?1.969 = 7 54 69 73 91 62 34 65 79 60 89 25 51 44 23 10 
580-7-11 1?2.246 = 7 54 69 73 91 62 34 65 42 90 55 28 18 49 61 68 70 11 
580-6-10 1?2.089 = 6 43 57 26 82 99 16 30 62 34 65 79 60 89 29 86 87 10 
580-6-15 1?2.632 = 6 43 57 26 82 99 69 73 91 62 34 65 42 90 21 27 78 84 46 15 
580-6-13 1?2.365 = 6 43 57 26 82 99 69 73 91 62 34 65 42 90 41 31 38 63 36 24 13 
580-6-11 1?2.281 = 6 43 57 26 82 99 69 73 91 62 34 79 60 89 29 80 70 68 11 
580-6-14 1?2.517 = 6 43 57 26 82 99 69 73 91 62 34 65 42 90 41 31 38 63 20 53 76 14 
580-6-12 1?2.468 = 6 43 57 26 82 99 69 73 91 62 34 65 79 60 89 29 28 18 49 61 12 
580-8-9 1?2.368 = 8 93 73 69 91 62 34 65 42 79 60 89 25 96 9 
580-8-10 1?2.194 = 8 93 73 69 91 62 34 65 79 60 89 29 86 87 10 
580-8-11 1?2.441 = 8 33 60 79 34 65 42 90 21 27 41 55 28 18 49 61 68 70 11 
580-7-15 1?2.728 = 7 54 69 73 91 62 34 65 42 90 21 27 41 31 38 63 20 48 19 15 
580-7-13 1?2.329 = 7 54 69 73 91 62 34 65 42 90 21 27 41 31 38 63 71 36 24 13 
580-8-15 1?2.845 = 8 33 60 79 65 42 90 21 27 41 31 38 63 36 24 71 53 76 14 15 
580-8-13 1?2.503 = 8 96 25 89 60 79 34 65 42 90 21 27 41 31 38 63 36 71 24 13 
580-8-14 1?2.624 = 8 33 60 79 34 65 42 90 21 27 41 31 38 63 36 37 24 71 53 76 14 
580-8-12 1?2.599 = 8 33 25 60 79 34 65 42 90 21 41 31 38 63 36 71 24 37 12 
580-7-14 1?2.522 = 7 54 69 73 91 62 34 65 42 90 21 41 31 38 37 24 36 71 53 76 14 
580-7-12 1?2.512 = 7 54 73 69 99 82 26 16 30 62 34 65 79 60 89 29 80 70 68 12 
580-10-13 1?1.911 = 10 23 32 25 60 79 65 42 90 21 41 31 38 36 24 13 
580-10-11 1?1.961 = 10 87 86 29 89 60 79 65 42 90 55 28 18 70 68 11 
580-10-12 1?1.973 = 10 87 86 29 89 60 79 34 65 42 55 28 18 49 61 12 
580-9-10 1?2.097 = 9 96 25 89 60 79 34 65 42 90 55 28 80 86 87 10 
580-9-12 1?2.26 = 9 96 25 89 60 79 65 42 90 21 27 41 55 28 18 49 61 12 
580-9-11 1?2.209 = 9 51 25 89 60 79 34 65 42 90 55 28 18 49 61 68 70 11 
580-9-15 1?2.702 = 9 51 44 23 87 86 80 70 68 49 61 37 24 36 71 53 76 19 15 
580-10-15 1?2.606 = 10 87 86 29 89 60 79 65 42 90 21 27 41 31 38 63 20 48 19 15 
580-9-14 1?2.436 = 9 96 25 89 60 79 65 42 90 21 27 41 31 38 63 36 71 53 76 14 
580-10-14 1?2.37 = 10 87 86 29 89 60 79 34 65 42 90 21 27 41 31 38 63 20 53 76 14 
580-9-13 1?2.316 = 9 96 25 89 60 79 34 65 42 90 21 27 41 31 38 63 71 36 24 13 
580-11-14 1?1.799 = 11 70 68 18 49 61 37 24 36 71 63 20 53 76 14 
580-13-14 1?1.884 = 13 24 36 71 63 38 31 41 21 27 48 20580 -1253- 14 176? 14 
1.89 = 12 68 70 18 49 61 37 24 36 71 63 20 53 76 14 
580-12-13 1?1.977 = 12 68 70 18 49 61 38 63 48 20 71 36 37 24 13 
580-11-13 1?1.943 = 11 68 18 28 55 90 21 27 41 31 38 63 71 36 24 13 
580-11-12 1?2.058 = 11 68 70 80 29 89 60 79 65 42 55 28 18 49 61 12 
580-12-15 1?2.211 = 12 68 70 18 49 61 37 24 36 71 63 20 48 19 15 
580-13-15 1?2.1 = 13 24 36 71 76 53 20 48 84 46 77 88 40 58 15 
580-14-15 1?2.166 = 14 76 53 71 36 24 37 61 49 31 38 63 20 48 19 15 
580-11-15 1?2.554 = 11 70 68 18 49 61 37 24 36 71 76 53 20 48 84 46 19 15 
stop
