start
698-0-2 698-1?0-3 1?2.3092.36 =  = 00  9191 58 28  5654  18 75 48 72 3353  4277 72 53 42 31 61 51 60 99 49 3  
74 77 33 56 45 26 80 2 
698-0-1 1?2.204 = 0 91 54 18 23 75 48 72 74 77 33 56 45 21 19 85 1 
698-0-6 1?2.627 = 0 91 54 18 23 75 48 33 77 72 74 53 42 31 61 29 79 35 81 6 
698-0-7 1?2.569 = 0 91 58 28 56 33 77 72 74 53 42 25 44 73 67 24 59 92 32 70 7 
698-0-11 1?2.648 = 0 91 54 18 23 75 48 77 72 53 42 25 44 71 97 90 78 83 11 
698-0-8 1?2.619 = 0 91 54 18 75 48 77 72 53 42 25 44 73 67 24 59 92 32 62 8 
698-0-4 1?2.263 = 0 91 58 28 56 33 77 72 74 31 61 29 51 60 55 17 47 68 4 
698-0-10 1?2.517 = 0 91 54 18 23 75 48 77 72 74 53 42 25 44 93 52 89 64 10 
698-0-5 1?2.499 = 0 85 19 21 45 28 56 33 77 72 74 53 42 31 61 29 79 34 16 5 
698-0-9 1?2.709 = 0 91 54 18 23 48 75 28 56 33 77 72 74 53 42 25 44 93 52 95 9 
698-0-13 1?2.223 = 0 91 54 18 75 48 23 94 87 84 57 46 86 50 98 13 
698-1-2 1?2.271 = 1 85 19 21 45 82 65 43 51 60 55 17 68 49 80 2 
698-0-15 1?2.138 = 0 91 58 28 56 33 77 74 72 48 75 23 94 87 84 15 
698-0-14 1?2.143 = 0 91 58 28 56 33 77 48 75 23 18 54 94 87 57 14 
698-1-3 1?2.232 = 1 85 19 21 45 33 77 72 74 31 61 29 51 60 99 49 3 
698-1-4 1?2.16 = 1 85 19 21 45 56 33 77 72 74 31 61 51 60 55 17 68 4 
698-0-12 1?2.515 = 0 91 54 18 23 75 48 33 77 72 74 42 53 37 96 76 38 12 
698-1-6 1?2.476 = 1 85 19 21 45 56 33 77 72 74 53 42 31 61 29 79 40 36 6 
698-1-7 1?2.476 = 1 85 19 21 45 56 33 77 72 53 42 31 61 40 20 41 69 66 70 7 
698-1-8 1?2.62 = 1 85 19 21 45 82 65 43 60 51 29 40 20 41 69 32 92 59 24 73 67 8 
698-1-5 1?2.291 = 1 85 19 21 45 56 33 77 72 74 53 42 31 61 29 79 34 16 5 
698-1-15 1?2.066 = 1 85 19 21 45 28 56 33 77 48 75 23 94 87 84 15 
698-2-3 1?2.077 = 2 80 26 21 45 82 65 43 51 60 99 55 17 68 47 49 3 
698-1-11 1?2.579 = 1 85 19 21 45 28 56 33 77 72 74 53 42 25 44 71 27 78 83 11 
698-1-10 1?2.496 = 1 85 19 21 45 28 56 33 77 72 74 53 42 25 44 93 52 89 64 10 
698-1-14 1?2.233 = 1 85 19 21 45 28 56 33 77 48 75 23 18 54 94 87 57 14 
698-2-4 1?2.11 = 2 80 26 82 65 43 60 51 61 29 40 79 55 17 68 4 
698-1-13 1?2.412 = 1 85 19 21 45 56 48 75 23 18 54 94 87 84 57 46 86 50 13 
698-2-5 1?2.068 = 2 80 82 65 43 51 60 99 47 68 17 55 34 35 81 16 5 
698-1-12 1?2.552 = 1 85 19 21 45 33 77 72 74 42 53 37 88 78 83 76 38 12 
698-2-6 1?2.38 = 2 80 82 65 43 60 51 29 40 20 41 69 59 24 92 32 66 36 6 
698-1-9 1?2.692 = 1 30 26 82 65 43 60 51 29 79 40 20 41 69 32 92 59 24 73 67 39 95 9 
698-2-15 1?2.189 = 2 80 26 45 56 33 77 72 48 75 23 18 54 94 87 84 15 
698-3-4 1?2.102 = 3 49 47 99 43 60 51 29 61 20 40 79 55 17 68 4 
698-2-14 1?2.374 = 2 80 26 45 21 28 56 33 77 48 75 23 18 54 94 87 84 57 14 
698-2-11 1?2.686 = 2 80 26 45 28 56 33 77 72 74 53 42 25 44 71 97 90 78 83 11 
698-2-10 1?2.547 = 2 80 82 65 43 60 51 29 40 20 41 69 59 24 67 73 93 52 89 10 
698-3-5 1?1.868 = 3 49 47 68 17 55 99 43 60 51 29 79 35 81 16 5 
698-2-13 1?2.536 = 2 80 26 45 56 33 77 72 74 42 53 37 48 75 23 63 46 86 50 13 
698-2-12 1?2.615 = 2 80 26 45 56 33 77 72 74 42 53 37 88 27 78 83 76 38 12 
698-2-7 1?2.305 = 2 80 82 65 43 60 51 29 40 20 41 69 59 73 67 24 92 32 70 7 
698-2-8 1?2.474 = 2 80 26 82 65 43 60 51 29 79 40 20 41 69 32 92 59 24 73 67 8 
698-2-9 1?2.434 = 2 80 82 65 43 60 51 79 40 20 41 69 32 92 24 59 73 67 39 95 9 
698-3-15 1?2.281 = 3 49 99 43 60 51 61 31 74 72 77 48 75 23 94 87 15 
698-4-5 1?1.791 = 4 68 47 17 55 99 43 60 51 29 79 34 35 81 16 5 
698-3-11 1?2.645 = 3 49 47 68 17 55 79 40 20 41 69 32 92 24 59 73 67 93 97 90 11 
698-3-10 1?2.448 = 3 49 47 68 17 55 79 40 20 41 69 32 92 24 59 73 67 93 52 89 10 
698-3-14 1?2.415 = 3 49 99 43 60 51 61 31 74 72 77 48 75 18 54 94 87 57 14 
698-3-13 1?2.507 = 3 49 99 43 60 51 29 61 31 42 53 37 48 75 23 22 98 50 13 
698-3-7 1?2.153 = 3 49 99 60 51 29 40 20 41 69 59 73 67 24 92 32 66 70 7 
698-3-6 1?2.194 = 3 49 99 43 60 51 29 40 20 41 69 59 24 92 32 66 36 6 
698-3-12 1?2.689 = 3 49 47 68 17 55 60 51 29 61 31 42 53 74 72 37 96 76 38 12 
698-3-8 1?2.322 = 3 49 47 68 17 55 60 51 29 79 40 20 41 69 32 92 59 24 73 67 8 
698-3-9 1?2.321 = 3 49 99 43 60 51 29 79 40 20 41 69 32 92 24 59 73 67 39 95 9 
698-5-6 1?1.983 = 5 16 34 55 17 68 47 99 43 60 51 29 79 35 81 6 
698-4-6 1?1.828 = 4 68 47 17 55 99 43 60 51 29 79 40 20 41 36 6 
698-4-8 1?1.971 = 4 68 17 55 60 51 79 40 20 41 69 32 92 24 59 73 67 8 
698-4-15 1?2.283 = 4 68 47 17 55 60 51 61 31 42 53 72 48 75 23 94 87 84 15 
698-4-7 1?1.96 = 4 68 17 55 60 51 29 79 40 20 41 69 59 24 92 32 70 7 
698-4-11 1?2.549 = 4 68 17 55 79 40 20 41 69 32 92 24 59 73 67 93 97 90 78 83 11 
698-4-10 1?2.402 = 4 68 17 55 60 51 29 40 20 41 69 32 92 24 59 73 67 93 52 89 64 10 
698-4-14 1?2.383 = 4 68 47 17 55 60 51 29 61 31 42 53 37 48 75 23 94 87 57 14 
698-4-13 1?2.466 = 4 68 47 17 55 60 51 29 61 31 74 72 77 48 75 23 63 46 86 50 13 
698-4-12 1?2.627 = 4 68 47 17 55 99 43 60 51 29 61 31 42 53 74 72 37 96 76 38 12 
698-4-9 1?2.214 = 4 68 17 55 60 51 29 79 40 20 41 69 32 92 24 59 73 67 39 95 9 
698-5-7 1?2.021 = 5 16 34 55 17 99 43 60 51 29 40 20 41 69 66 70 7 
698-6-7 1?2.2 = 6 81 35 79 40 20 41 69 32 92 59 24 73 67 62 70 7 
698-6-8 1?2.103 = 6 36 66 32 92 24 59 73 67 93 52 64 89 95 39 8 
698-5-8 1?2.205 = 5 16 34 17 55 60 51 29 40 20 41 69 32 92 24 59 73 67 8 
698-5-15 1?2.334 = 5 16 34 79 29 61 31 42 53 72 77 48 75 18 54 94 87 84 15 
698-5-11 1?2.611 = 5 16 81 36 66 32 92 24 59 73 67 39 95 89 64 97 90 78 83 11 
698-5-10 1?2.599 = 5 16 34 17 55 60 51 29 40 20 41 69 32 92 24 59 73 67 93 52 64 10 
698-5-14 1?2.439 = 5 16 34 79 29 61 31 42 53 74 72 77 48 75 18 54 94 87 57 14 
698-5-13 1?2.583 = 5 16 34 79 29 61 31 42 53 74 72 77 48 75 23 63 46 86 98 50 13 
698-5-12 1?2.598 = 5 16 35 81 36 66 32 92 59 24 67 73 44 71 97 90 78 83 76 38 12 
698-5-9 1?2.375 = 5 16 34 17 55 60 51 29 40 20 41 69 32 92 24 59 73 67 39 95 9 
698-7-8 1?1.977 = 7 70 66 32 92 24 59 73 67 93 52 64 89 95 39 8 
698-7-10 1?2.248 = 7 70 36 66 32 92 59 24 67 73 44 93 52 95 89 64 10 
698-7-11 1?2.209 = 7 70 66 32 92 24 59 73 67 93 52 89 64 97 90 78 83 11 
698-7-9 1?1.881 = 7 70 66 41 69 32 92 24 59 73 67 93 52 95 39 9 
698-6-11 1?2.503 = 6 81 36 66 32 92 24 59 73 67 93 52 89 64 97 90 78 83 11 
698-6-10 1?2.457 = 6 81 35 79 40 20 41 69 32 92 24 59 73 67 93 52 95 89 64 10 
698-6-15 1?2.489 = 6 81 35 79 29 61 31 42 53 74 72 77 48 75 18 54 94 87 84 15 
698-6-9 1?1.942 = 6 36 66 32 92 24 59 73 67 93 52 64 89 95 39 9 
698-6-14 1?2.494 = 6 81 35 79 29 61 31 42 53 72 77 48 75 23 18 94 87 57 14 
698-6-13 1?2.59 = 6 81 35 79 29 61 31 42 53 74 72 77 48 75 23 63 46 86 50 13 
698-6-12 1?2.559 = 6 36 66 32 92 24 59 73 67 93 52 89 64 97 90 78 83 76 12 
698-8-10 1?2.447 = 8 62 32 92 24 59 73 67 93 44 71 27 78 83 90 97 64 10 
698-8-11 1?2.176 = 8 62 32 92 24 59 73 67 93 52 89 64 97 90 78 83 11 
698-8-9 1?2.028 = 8 62 70 66 32 92 59 24 73 67 93 52 89 95 39 9 
698-8-15 1?2.524 = 8 62 32 92 59 24 67 73 44 25 42 53 72 48 75 23 94 87 15 
698-8-12 1?2.318 = 8 62 32 92 24 59 73 67 93 44 71 97 90 78 83 76 38 12 
698-8-14 1?2.537 = 8 62 32 92 59 24 67 73 44 25 42 53 72 48 75 23 63 46 14 
698-7-15 1?2.518 = 7 70 32 92 59 24 67 73 44 25 42 53 72 77 48 75 23 94 87 15 
698-8-13 1?2.605 = 8 62 32 92 59 24 67 73 25 42 53 72 48 75 23 22 98 50 13 
698-7-12 1?2.326 = 7 70 66 32 92 59 24 67 73 44 71 27 97 90 78 83 76 38 12 
698-7-14 1?2.533 = 7 70 32 92 59 24 67 73 44 25 42 53 72 48 75 23 94 87 57 14 
698-7-13 1?2.643 = 7 70 32 92 59 24 67 73 44 25 42 53 72 77 48 75 23 22 98 50 13 
698-9-10 1?2.281 = 9 95 39 67 73 59 24 92 32 69 25 44 93 52 64 10 
698-10-11 1?2.29 = 10 64 89 95 39 52 93 44 71 88 27 97 90 78 83 11 
698-9-11 1?2.241 = 9 39 95 89 64 52 93 44 71 88 27 97 90 78 83 11 
698-10-12 1?2.127 = 10 64 89 95 52 93 44 71 97 90 78 83 76 38 12 
698-10-13 1?2.327 = 10 64 89 95 52 93 44 71 97 90 78 83 76 38 13 
698-10-15 1?2.386 = 10 64 89 52 93 44 25 42 53 72 77 48 75 23 94 87 84 15 
698-10-14 1?2.421 = 10 64 89 52 93 44 25 42 53 37 48 75 18 54 94 87 57 14 
698-9-12 1?2.484 = 9 39 95 89 64 52 93 44 71 88 27 97 90 78 83 76 38 12 
698-9-15 1?2.403 = 9 95 52 93 44 25 42 53 74 72 77 48 75 23 18 54 94 87 84 15 
698-9-13 1?2.44 = 9 95 52 93 44 25 42 53 74 72 77 48 75 23 63 46 86 50 13 
698-9-14 1?2.384 = 9 95 52 93 44 25 42 53 72 77 48 75 23 18 54 94 87 57 14 
698-13-15 1?2.184 = 13 50 86 22 23 75 48 33 56 28 18 54 94 87 84 15 
698-14-15 1?2.126 = 14 57 87 94 54 18 23 75 48 77 33 56 28 58 91 15 
698-12-13 1?2.248 = 12 38 76 96 48 75 23 18 94 87 57 46 86 50 13 
698-11-14 1?2.168 = 11 83 78 27 88 96 48 75 23 18 54 94 87 57 14 
698-11-13 1?2.308 = 11 83 78 27 88 37 48 75 18 54 94 63 46 86 50 13 
698-12-14 1?2.229 = 12 38 76 83 78 27 88 37 48 75 23 94 87 57 14 
698-11-12 1?2.486 = 11 83 78 27 88 37 48 75 23 63 46 86 98 76 38 12 
698-13-14 1?2.168 = 13 50 98 22 23 48 75 18 54 94 87 84 57 46 86 14 
698-12-15 1?2.377 = 12 38 76 96 37 53 42 74 72 77 48 75 18 54 94 87 84 15 
698-11-15 1?2.42 = 11 83 78 27 88 37 53 42 74 72 77 48 75 23 94 87 84 15 
stop
