start
26-0-1 1?2.01 = 0 28 90 96 17 81 84 91 99 16 59 68 22 27 1 
26-0-2 1?1.85 = 0 28 90 96 17 81 84 91 59 68 27 22 33 57 2 
26-0-3 1?2.225 = 0 28 90 96 17 81 84 91 99 16 59 68 27 22 57 33 92 38 3 
26-0-4 1?2.287 = 0 28 73 45 64 50 54 97 24 47 86 41 55 66 26 76 70 85 35 4 
26-0-5 1?2.131 = 0 28 73 45 64 50 54 97 24 47 86 41 55 66 26 76 70 85 5 
26-0-6 1?2.239 = 0 28 73 45 64 50 54 97 24 47 86 41 55 66 26 70 76 95 6 
26-0-7 1?2.452 = 0 28 73 45 64 50 54 97 24 41 86 47 36 55 66 72 46 29 39 7 
26-0-8 1?2.79 = 0 90 96 17 81 84 45 64 50 54 97 24 86 47 41 89 78 25 42 94 8 
26-0-9 1?2.58 = 0 28 73 45 64 50 54 97 24 36 47 86 41 89 51 19 88 31 34 79 9 
26-0-10 1?2.319 = 0 28 73 45 64 50 54 98 48 71 40 61 44 83 30 58 56 82 93 10 
26-0-11 1?2.27 = 0 28 73 45 64 50 54 98 48 71 61 40 21 87 83 44 30 58 56 74 11 
26-0-12 1?2.255 = 0 96 17 81 84 45 64 50 54 98 48 71 61 40 21 87 12 
26-0-13 1?2.402 = 0 28 90 96 17 81 84 45 64 50 54 97 98 48 60 63 13 
26-0-14 1?2.188 = 0 90 96 17 81 84 45 64 50 54 98 48 60 63 23 14 
26-0-15 1?2.193 = 0 96 17 81 68 27 22 16 91 59 84 45 73 49 15 
26-1-2 1?2.06 = 1 17 27 22 68 59 91 16 99 20 43 38 92 33 57 2 
26-1-3 1?1.792 = 1 96 17 81 59 91 99 16 68 27 22 33 92 38 3 
26-1-4 1?2.263 = 1 17 81 84 64 50 54 97 24 86 47 41 55 66 26 76 70 85 4 
26-1-5 1?2.21 = 1 27 22 68 59 91 36 47 86 41 37 55 66 26 70 76 85 65 5 
26-1-6 1?2.373 = 1 17 81 84 64 50 54 97 24 41 86 47 36 55 66 26 70 76 95 6 
26-1-7 1?2.583 = 1 17 81 84 64 50 54 97 24 41 86 47 36 55 66 26 72 46 29 39 7 
26-1-8 1?2.649 = 1 17 81 84 45 64 50 54 97 24 36 47 86 41 89 78 25 42 94 8 
26-1-9 1?2.615 = 1 17 81 84 45 64 50 54 97 24 47 86 41 89 51 19 88 34 79 9 
26-1-10 1?2.421 = 1 17 81 84 45 64 50 54 98 48 71 40 44 83 30 58 56 82 93 10 
26-1-11 1?2.351 = 1 17 81 84 45 64 50 54 98 48 71 40 21 87 83 44 30 58 56 74 11 
26-1-12 1?2.298 = 1 96 17 81 84 45 64 50 54 97 98 48 71 40 21 87 12 
26-1-13 1?2.46 = 1 96 17 81 84 45 64 50 54 97 98 48 71 40 21 87 13 
26-1-14 1?2.202 = 1 96 17 81 84 45 64 50 54 98 77 48 60 63 23 14 
26-1-15 1?2.014 = 1 27 22 68 16 59 91 84 81 17 96 90 28 49 15 
26-2-3 1?1.83 = 2 57 33 22 27 68 81 84 91 59 16 99 20 38 92 3 
26-2-4 1?2.054 = 2 22 27 68 59 91 36 47 86 41 37 55 66 26 76 70 85 4 
26-2-5 1?1.987 = 2 22 27 68 59 91 36 47 86 41 55 66 26 76 70 85 65 5 
26-2-6 1?2.216 = 2 22 27 68 59 91 36 47 86 41 37 55 66 26 70 85 76 95 6 
26-2-7 1?2.391 = 2 22 27 68 59 16 99 36 47 86 41 37 55 66 26 72 46 29 39 7 
26-2-8 1?2.589 = 2 57 33 22 27 68 59 91 16 99 36 47 86 41 89 78 25 42 94 8 
26-2-9 1?2.531 = 2 22 27 68 59 16 99 36 47 86 41 55 37 42 25 88 31 34 79 9 
26-2-10 1?2.467 = 2 22 27 68 81 84 64 50 54 98 75 52 44 83 30 58 56 74 82 93 10 
26-2-11 1?2.387 = 2 22 27 68 81 84 64 50 54 98 48 71 40 21 87 83 30 58 56 74 11 
26-2-12 1?2.523 = 2 22 27 68 59 91 36 47 86 41 24 97 54 98 48 71 40 21 87 12 
26-2-13 1?2.436 = 2 22 27 68 59 16 99 36 47 86 41 24 97 54 98 48 60 63 13 
26-2-14 1?2.385 = 2 22 27 68 59 16 99 36 47 86 41 24 97 54 98 77 23 14 
26-2-15 1?2.239 = 2 57 33 22 27 68 59 16 99 91 84 81 17 96 90 28 49 15 
26-3-4 1?1.824 = 3 38 92 33 57 22 27 68 59 91 16 99 20 43 35 4 
26-3-5 1?1.887 = 3 38 92 20 99 36 47 86 41 55 66 26 70 76 65 5 
26-3-6 1?2.052 = 3 38 92 20 43 36 47 86 41 37 55 66 26 70 76 95 6 
26-3-7 1?2.359 = 3 38 92 33 22 27 68 59 91 36 47 86 41 55 37 46 29 39 7 
26-3-8 1?2.493 = 3 38 92 33 22 27 68 59 91 36 47 86 41 89 78 25 42 94 8 
26-3-9 1?2.535 = 3 38 92 20 43 69 85 70 76 26 66 55 37 42 25 88 31 34 80 79 9 
26-3-10 1?2.528 = 3 38 92 20 99 36 47 86 41 89 67 75 52 44 83 30 58 56 82 93 10 
26-3-11 1?2.522 = 3 38 20 99 16 59 91 36 47 86 41 89 51 19 52 44 83 30 58 56 74 11 
26-3-12 1?2.547 = 3 38 92 33 57 22 27 68 81 84 45 64 50 54 98 48 71 40 21 87 12 
26-3-13 1?2.48 = 3 38 92 33 22 27 68 81 84 45 64 50 54 97 98 48 60 63 13 
26-3-14 1?2.461 = 3 38 92 33 57 22 27 68 81 84 45 64 50 54 98 48 60 63 23 14 
26-3-15 1?2.314 = 3 38 92 33 22 27 68 59 16 99 91 84 81 17 96 90 28 49 15 
26-4-5 1?2.035 = 4 35 43 20 99 36 47 86 41 55 66 26 70 76 65 5 
26-4-6 1?2.092 = 4 35 43 36 47 86 41 37 55 66 26 70 85 76 95 6 
26-4-7 1?2.211 = 4 85 76 70 69 36 47 86 41 55 66 26 72 46 29 39 7 
26-4-8 1?2.303 = 4 35 85 70 26 66 55 36 47 86 41 89 78 25 42 94 8 
26-4-9 1?2.445 = 4 85 70 76 26 66 55 37 41 86 47 24 89 78 25 88 31 34 79 9 
26-4-10 1?2.542 = 4 85 70 76 26 66 55 36 47 86 41 89 67 75 52 44 83 30 58 56 82 10 
26-4-11 1?2.354 = 4 85 70 76 26 66 55 36 47 86 41 89 67 75 52 44 83 30 58 56 74 11 
26-4-12 1?2.535 = 4 85 70 76 26 66 55 37 41 86 47 24 97 54 98 48 71 40 21 87 12 
26-4-13 1?2.417 = 4 85 70 76 26 66 37 55 36 47 86 41 24 97 54 98 48 60 13 
26-4-14 1?2.4 = 4 35 85 70 76 26 66 55 37 41 86 47 24 97 54 98 77 32 14 
26-4-15 1?2.296 = 4 85 70 76 26 66 55 36 47 86 41 24 97 54 50 64 45 73 49 15 
26-5-6 1?2.207 = 5 65 85 69 36 47 86 41 37 55 66 26 70 76 95 72 6 
26-5-7 1?2.151 = 5 65 76 70 69 36 47 86 41 55 66 26 72 46 29 39 7 
26-5-8 1?2.239 = 5 65 85 70 76 26 66 55 41 86 47 24 89 78 42 94 8 
26-5-9 1?2.375 = 5 65 85 70 76 26 66 55 41 86 47 24 89 51 19 88 34 79 9 
26-5-10 1?2.405 = 5 65 76 70 85 69 26 66 37 55 36 47 86 41 89 51 19 18 93 10 
26-5-11 1?2.307 = 5 65 76 70 26 66 55 36 47 86 41 89 67 75 52 44 83 30 58 56 74 11 
26-5-12 1?2.468 = 5 65 85 70 76 26 66 55 41 86 47 24 97 54 98 48 71 40 21 87 12 
26-5-13 1?2.365 = 5 65 85 70 76 26 66 55 36 47 86 41 24 97 54 98 48 60 63 13 
26-5-14 1?2.367 = 5 65 85 70 76 26 66 55 36 47 86 41 24 97 54 50 98 77 32 14 
26-5-15 1?2.232 = 5 65 85 70 76 26 66 55 41 86 24 97 54 50 64 45 73 49 15 
26-6-7 1?2.219 = 6 95 76 85 70 26 66 55 37 78 25 42 94 29 39 7 
26-6-8 1?2.287 = 6 95 76 70 26 66 37 55 36 47 86 41 89 78 42 94 8 
26-6-9 1?2.213 = 6 95 76 70 85 69 26 66 55 37 42 25 88 31 34 79 9 
26-6-10 1?2.356 = 6 53 39 29 94 42 25 88 31 18 44 83 30 58 56 74 82 93 10 
26-6-11 1?2.404 = 6 95 76 70 26 66 55 36 47 86 41 89 67 75 52 44 83 30 58 74 11 
26-6-12 1?2.528 = 6 95 76 70 26 66 55 41 86 47 24 97 54 98 48 71 40 21 87 12 
26-6-13 1?2.425 = 6 95 76 70 26 66 55 36 47 86 41 24 97 54 98 48 60 63 13 
26-6-14 1?2.495 = 6 95 76 70 26 66 55 36 47 86 41 24 97 54 98 48 60 63 23 14 
26-6-15 1?2.448 = 6 95 76 70 26 66 37 55 36 47 86 41 24 97 54 50 64 45 73 49 15 
26-7-8 1?2.383 = 7 39 29 46 37 55 41 86 47 24 89 78 25 42 94 8 
26-7-9 1?2.299 = 7 39 29 46 72 66 55 37 42 25 88 31 34 80 79 9 
26-7-10 1?1.953 = 7 39 29 94 25 88 31 18 44 83 30 58 56 82 93 10 
26-7-11 1?2.228 = 7 39 29 94 42 25 88 19 52 61 40 21 87 83 30 58 56 74 11 
26-7-12 1?2.61 = 7 39 29 94 42 25 88 19 52 61 40 21 87 83 44 30 58 56 74 62 12 
26-7-13 1?2.71 = 7 39 29 94 42 25 88 31 18 56 58 30 83 44 61 40 21 87 60 63 13 
26-7-14 1?2.705 = 7 39 29 46 72 26 66 55 36 47 86 41 24 97 54 98 48 60 63 23 14 
26-7-15 1?2.658 = 7 39 29 46 72 26 66 55 36 47 86 41 24 97 54 50 64 45 73 28 49 15 
26-8-9 1?2.4 = 8 80 34 31 18 19 52 44 83 30 58 56 82 93 79 9 
26-8-10 1?2.105 = 8 80 34 31 88 19 52 61 40 21 87 83 30 58 56 82 10 
26-8-11 1?2.094 = 8 80 34 31 88 19 52 61 40 21 87 62 83 44 30 58 56 74 11 
26-8-12 1?2.433 = 8 80 79 34 31 88 19 52 61 40 21 87 83 44 30 58 56 74 62 12 
26-8-13 1?2.57 = 8 80 34 79 93 82 56 58 30 44 83 87 21 40 71 48 60 63 13 
26-8-14 1?2.612 = 8 80 34 31 88 18 82 74 56 58 30 83 44 61 40 21 87 60 63 23 14 
26-8-15 1?2.772 = 8 80 34 31 88 19 51 89 41 86 47 24 97 54 50 64 45 73 28 49 15 
26-9-10 1?1.868 = 9 79 31 88 19 52 61 40 44 83 30 58 56 82 93 10 
26-9-11 1?1.935 = 9 79 93 82 74 56 58 30 83 44 52 61 40 21 87 62 11 
26-9-12 1?1.868 = 9 79 80 34 31 88 18 82 56 58 30 83 44 21 87 12 
26-9-13 1?2.299 = 9 79 34 31 88 18 56 58 30 83 44 52 61 40 21 87 60 63 13 
26-9-14 1?2.413 = 9 80 34 79 93 82 56 58 30 83 44 52 61 40 21 87 60 63 23 14 
26-9-15 1?2.537 = 9 79 34 31 88 19 51 89 41 86 47 24 97 54 50 64 45 73 49 15 
26-10-11 1?1.809 = 10 93 82 56 58 30 83 44 52 61 71 40 21 87 62 11 
26-10-12 1?1.82 = 10 93 82 56 58 30 83 44 52 61 71 40 21 87 62 12 
26-10-13 1?2.105 = 10 93 82 74 56 58 30 44 83 62 87 21 40 61 71 48 60 63 13 
26-10-14 1?2.175 = 10 93 82 74 56 58 30 44 83 62 87 21 40 61 71 48 60 63 23 14 
26-10-15 1?2.381 = 10 93 82 56 58 30 83 44 61 40 71 48 98 54 50 64 45 73 49 15 
26-11-12 1?1.941 = 11 74 56 58 30 83 44 18 31 88 19 52 61 40 21 87 12 
26-11-13 1?1.819 = 11 74 56 58 30 44 83 62 87 21 40 61 71 48 60 63 13 
26-11-14 1?1.724 = 11 74 82 56 58 30 83 44 52 61 40 21 87 60 63 23 14 
26-11-15 1?2.152 = 11 74 56 58 30 83 44 61 40 71 48 98 54 50 64 45 73 49 15 
26-12-13 1?1.994 = 12 62 74 56 58 30 83 44 52 61 40 21 87 60 63 23 13 
26-12-14 1?1.896 = 12 62 74 56 58 30 83 44 52 61 40 21 87 60 63 23 14 
26-12-15 1?2.104 = 12 87 21 40 61 71 48 98 54 50 64 45 73 28 49 15 
26-13-14 1?2.259 = 13 87 21 83 30 58 56 44 52 61 40 71 48 60 63 23 14 
26-13-15 1?2.266 = 13 87 21 40 61 71 48 98 54 50 64 45 73 28 49 15 
26-14-15 1?2.235 = 14 23 63 60 48 98 97 54 50 64 45 73 90 28 49 15 
stop
