start
825-0-3 1?2.394 = 0 29 83 61 33 81 25 50 52 91 77 71 89 44 37 47 26 3 
825-0-11 1?2.119 = 0 29 61 33 81 25 78 43 70 63 31 20 36 54 42 40 73 94 11 
825-0-1 1?2.146 = 0 74 29 83 61 33 81 25 50 52 93 90 80 60 68 19 1 
825-0-8 1?2.659 = 0 29 83 93 91 77 71 89 27 56 35 58 39 32 28 95 67 51 8 
825-0-9 1?2.778 = 0 29 83 93 90 85 66 44 89 27 56 35 58 39 32 28 95 69 38 18 9 
825-0-4 1?2.492 = 0 74 29 83 61 33 81 25 50 52 93 90 80 60 26 47 79 55 4 
825-0-10 1?2.539 = 0 29 83 61 33 81 25 78 43 70 63 31 20 36 54 40 42 94 73 11 10 
825-0-6 1?2.66 = 0 29 83 61 33 81 25 50 64 96 77 71 89 27 56 35 58 53 86 6 
825-0-7 1?2.772 = 0 29 83 93 90 80 85 66 44 77 71 89 27 56 35 58 39 32 48 62 7 
825-0-2 1?2.156 = 0 74 29 83 61 33 81 25 50 52 91 93 90 80 60 68 2 
825-0-5 1?2.615 = 0 29 83 93 90 80 85 66 44 77 71 89 27 56 35 58 53 24 21 88 5 
825-1-2 1?2.177 = 1 74 29 83 61 33 81 25 50 52 91 93 90 80 60 68 2 
825-1-3 1?2.199 = 1 19 68 60 80 85 66 44 71 89 56 27 37 47 26 3 
825-0-14 1?2.01 = 0 29 83 61 33 81 25 78 59 82 87 45 22 16 65 14 
825-0-13 1?1.907 = 0 29 83 61 33 81 25 78 43 70 63 31 20 36 54 13 
825-0-15 1?2.19 = 0 74 29 83 61 33 81 25 78 59 82 45 22 16 65 15 
825-1-4 1?2.407 = 1 19 68 60 80 85 66 44 89 27 56 35 58 53 24 21 88 4 
825-1-6 1?2.55 = 1 19 68 60 80 85 66 44 77 71 89 27 56 35 39 32 48 86 6 
825-1-7 1?2.783 = 1 19 60 80 85 66 44 77 71 89 27 56 35 58 39 34 95 28 48 62 7 
825-0-12 1?1.934 = 0 29 83 61 33 81 25 78 43 70 63 36 31 20 73 94 40 42 12 
825-1-8 1?2.688 = 1 19 68 60 80 85 66 44 77 71 89 27 56 35 39 32 28 95 67 51 8 
825-1-5 1?2.316 = 1 19 68 60 80 85 66 44 77 71 89 27 56 35 58 53 24 88 5 
825-1-15 1?2.211 = 1 74 29 83 61 33 81 25 78 59 82 45 22 16 65 15 
825-1-13 1?2.267 = 1 74 29 83 61 33 81 25 41 57 98 70 63 36 31 20 40 42 54 13 
825-2-4 1?2.122 = 2 68 60 80 85 66 44 89 56 27 37 47 26 79 55 4 
825-2-3 1?2.088 = 2 68 60 80 85 66 44 77 71 89 56 27 37 47 26 3 
825-2-5 1?1.966 = 2 68 60 80 85 66 44 77 71 89 27 56 21 24 88 5 
825-2-6 1?2.259 = 2 68 19 60 80 85 66 44 77 71 89 27 56 35 58 53 86 6 
825-1-11 1?2.55 = 1 74 29 61 33 81 25 78 41 57 98 43 70 63 31 36 54 40 42 94 73 11 
825-1-12 1?2.321 = 1 74 29 83 61 33 81 25 78 41 57 98 70 63 31 36 54 42 40 73 94 12 
825-1-10 1?2.699 = 1 74 29 83 61 33 81 25 78 43 70 63 31 20 36 54 40 42 94 73 11 10 
825-1-9 1?2.677 = 1 19 68 60 80 85 66 44 89 27 56 35 58 39 32 28 95 69 38 18 9 
825-1-14 1?2.043 = 1 74 29 83 61 33 81 25 78 43 59 82 45 22 16 14 
825-3-4 1?2.239 = 3 26 47 37 44 77 71 89 27 56 35 58 53 24 88 4 
825-3-5 1?2.055 = 3 26 47 37 44 77 71 89 27 56 35 58 53 24 88 5 
825-2-15 1?2.599 = 2 68 60 80 90 93 52 50 25 78 59 82 87 45 22 16 65 15 
825-2-12 1?2.285 = 2 60 80 85 66 44 71 77 96 64 49 30 57 98 70 63 31 20 36 54 40 42 12 
825-2-11 1?2.538 = 2 60 80 85 66 44 77 96 64 49 30 98 70 63 31 20 36 54 42 40 94 11 
825-2-13 1?2.469 = 2 68 60 80 85 66 44 89 71 77 96 64 49 30 98 70 63 31 36 87 13 
825-2-10 1?2.637 = 2 68 60 80 85 66 44 77 71 89 27 56 35 39 32 28 95 69 38 92 10 
825-2-7 1?2.496 = 2 68 60 80 90 85 66 44 77 71 89 27 56 35 58 39 32 48 62 7 
825-2-9 1?2.495 = 2 60 80 85 66 44 77 71 89 27 56 35 39 32 28 95 69 38 18 9 
825-2-8 1?2.554 = 2 68 60 80 85 66 44 77 71 89 27 56 35 58 39 32 48 62 51 8 
825-2-14 1?2.461 = 2 60 80 85 66 44 71 77 96 64 49 30 57 41 78 59 82 45 22 14 
825-4-5 1?2.053 = 4 55 79 47 37 44 89 27 56 35 58 53 24 21 88 5 
825-3-7 1?2.433 = 3 26 47 37 44 77 71 89 27 56 35 58 39 32 28 48 62 7 
825-3-15 1?2.673 = 3 26 47 37 44 71 77 96 64 41 78 59 82 45 22 16 65 15 
825-3-6 1?2.473 = 3 26 47 37 44 77 71 89 27 56 35 39 32 48 62 46 86 6 
825-3-8 1?2.541 = 3 26 47 37 44 77 71 89 27 56 35 58 39 32 28 95 67 51 8 
825-3-11 1?2.539 = 3 26 47 37 44 77 96 64 49 30 98 70 63 31 20 36 54 42 40 94 73 11 
825-3-13 1?2.499 = 3 26 47 37 44 71 77 96 64 49 30 98 70 63 31 20 36 84 82 45 87 13 
825-3-10 1?2.763 = 3 26 47 37 66 44 77 71 89 27 56 35 58 39 32 28 95 69 38 92 10 
825-3-12 1?2.433 = 3 26 47 37 44 71 77 96 64 49 30 98 70 63 31 20 36 54 42 40 73 94 12 
825-3-9 1?2.684 = 3 26 47 85 66 44 71 89 27 56 35 58 39 32 28 95 69 38 18 9 
825-3-14 1?2.481 = 3 26 47 37 44 71 77 96 64 49 30 57 41 78 59 82 45 22 16 14 
825-4-7 1?2.123 = 4 55 79 26 47 37 27 56 35 58 39 32 48 62 7 
825-5-6 1?2.301 = 5 88 21 75 37 44 77 71 89 27 56 35 58 48 86 6 
825-4-6 1?2.054 = 4 55 79 47 37 44 77 71 89 27 56 35 58 53 86 6 
825-4-10 1?2.623 = 4 55 79 26 47 37 27 56 35 58 39 32 28 95 34 69 38 92 10 
825-4-8 1?2.414 = 4 55 79 26 47 37 44 77 71 89 27 56 35 39 32 28 51 8 
825-4-11 1?2.597 = 4 55 75 37 44 77 96 64 49 30 98 70 63 31 20 36 54 42 40 94 73 11 
825-4-13 1?2.483 = 4 55 79 26 47 37 44 71 77 96 64 49 30 98 70 63 31 36 87 13 
825-4-9 1?2.42 = 4 55 79 26 47 37 27 56 35 58 39 32 28 95 69 38 18 9 
825-4-12 1?2.446 = 4 55 79 47 37 44 71 77 96 64 49 30 98 70 63 31 36 20 73 94 40 42 12 
825-4-15 1?2.762 = 4 55 79 47 26 85 66 44 89 71 77 91 93 83 29 61 33 81 97 15 
825-4-14 1?2.572 = 4 55 79 47 37 44 71 77 96 64 49 30 57 41 78 59 82 45 22 16 14 
825-5-7 1?2.196 = 5 88 24 21 75 37 44 89 27 56 35 39 32 48 62 7 
825-6-7 1?2.477 = 6 24 21 75 37 44 89 27 56 35 58 39 32 48 62 7 
825-5-8 1?2.188 = 5 88 24 21 75 27 56 35 58 39 32 28 95 67 51 8 
825-6-8 1?2.409 = 6 86 53 58 35 39 32 28 95 34 69 38 18 67 51 8 
825-5-11 1?2.528 = 5 88 21 56 27 89 71 77 96 64 49 30 98 70 63 31 36 20 73 11 
825-5-12 1?2.275 = 5 88 21 56 27 89 71 96 64 49 30 98 70 63 31 20 36 54 40 42 12 
825-5-9 1?2.383 = 5 88 24 21 75 27 56 35 58 39 32 28 95 34 69 38 18 9 
825-5-10 1?2.776 = 5 88 21 24 53 58 35 56 27 89 71 77 96 64 49 23 17 38 92 10 
825-5-13 1?2.391 = 5 88 21 56 27 89 71 77 96 64 49 30 98 70 63 31 20 36 87 13 
825-5-15 1?2.677 = 5 88 21 24 53 58 35 56 27 89 71 77 91 52 50 25 81 33 97 15 
825-5-14 1?2.56 = 5 88 21 56 27 89 71 77 96 64 49 30 98 43 59 82 45 22 16 14 
825-7-10 1?2.479 = 7 62 48 58 35 39 32 28 95 34 23 17 38 92 10 
825-7-8 1?2.474 = 7 46 86 53 58 35 39 32 28 95 34 69 38 67 51 8 
825-6-11 1?2.478 = 6 86 48 32 28 95 34 23 30 57 98 70 63 31 36 20 73 94 11 
825-7-9 1?2.423 = 7 46 62 48 58 35 39 32 28 95 34 69 17 38 18 9 
825-6-10 1?2.606 = 6 86 53 58 35 56 27 89 71 77 96 64 49 23 17 38 92 10 
825-7-11 1?2.292 = 7 62 48 32 28 95 34 23 30 98 70 63 31 36 20 73 94 11 
825-6-12 1?2.389 = 6 53 58 35 56 27 89 71 77 96 64 49 30 98 70 63 31 36 40 42 12 
825-6-9 1?2.525 = 6 86 53 58 35 56 27 89 71 96 64 49 23 17 38 18 9 
825-6-13 1?2.478 = 6 53 58 56 27 89 71 77 96 64 49 30 98 70 63 31 20 36 87 13 
825-6-15 1?2.732 = 6 86 53 58 35 56 27 89 71 77 44 66 85 80 90 93 83 61 97 15 
825-6-14 1?2.574 = 6 86 48 32 28 95 34 23 30 98 70 63 31 20 36 84 82 45 16 14 
825-8-12 1?2.069 = 8 51 28 95 34 23 30 98 70 63 31 36 20 73 94 40 42 12 
825-8-10 1?2.439 = 8 51 62 48 58 35 39 32 28 95 34 69 17 38 92 10 
825-8-11 1?2.27 = 8 51 28 95 34 23 30 98 70 63 31 20 36 54 40 42 94 11 
825-8-9 1?2.311 = 8 51 62 48 53 58 35 39 32 28 95 34 69 38 18 9 
825-7-12 1?2.278 = 7 62 48 32 28 95 34 23 30 98 70 63 31 20 36 54 42 40 73 94 12 
825-7-13 1?2.395 = 7 62 48 32 28 95 34 23 30 98 70 63 31 36 84 59 82 45 87 13 
825-8-13 1?2.473 = 8 51 28 95 34 23 30 57 98 43 70 63 31 20 36 84 59 82 45 87 13 
825-8-15 1?2.676 = 8 51 28 95 34 23 30 98 70 63 31 20 36 87 45 22 16 65 15 
825-7-15 1?2.711 = 7 62 48 32 39 58 35 56 27 89 44 71 77 91 52 33 81 97 15 
825-8-14 1?2.434 = 8 51 28 95 34 23 30 98 70 63 31 20 36 84 59 82 45 22 16 14 
825-7-14 1?2.465 = 7 62 48 32 28 95 34 23 30 98 70 63 31 20 36 87 45 22 16 14 
825-9-12 1?1.741 = 9 18 38 17 23 30 98 70 63 31 20 36 54 40 42 12 
825-10-12 1?1.885 = 10 92 38 17 99 76 31 36 20 73 94 40 54 42 12 
825-9-11 1?1.972 = 9 18 38 17 99 70 63 31 20 36 54 40 42 94 73 11 
825-10-11 1?2.059 = 10 92 17 23 30 98 70 63 31 20 36 54 40 42 94 11 
825-10-13 1?1.835 = 10 11 73 94 42 40 54 36 20 31 63 43 59 82 45 87 13 
825-9-10 1?2.362 = 9 18 38 17 99 70 63 31 20 36 54 40 42 94 73 11 10 
825-9-13 1?2.208 = 9 18 38 92 99 76 73 94 42 40 54 36 20 31 63 84 82 87 13 
825-10-15 1?2.46 = 10 11 73 94 42 54 36 20 31 63 70 43 84 59 82 45 22 16 65 15 
825-10-14 1?2.12 = 10 11 73 94 42 40 54 36 20 31 63 70 43 84 59 82 45 22 16 14 
825-9-15 1?2.613 = 9 18 38 17 23 30 98 70 63 31 20 36 84 59 82 45 22 16 65 15 
825-9-14 1?2.298 = 9 18 92 76 73 94 42 40 54 36 20 31 63 84 59 82 45 22 14 
825-11-12 1?1.618 = 11 73 20 36 31 63 70 43 59 82 45 87 54 40 42 12 
825-11-13 1?1.445 = 11 73 94 42 40 54 36 20 31 63 43 59 82 45 87 13 
825-12-13 1?1.246 = 12 42 40 54 36 20 31 63 70 43 78 59 82 45 87 13 
825-13-15 1?1.846 = 13 87 36 20 31 63 70 43 78 59 82 45 22 16 65 15 
825-14-15 1?2.008 = 14 16 22 45 82 84 36 20 31 63 70 98 57 41 78 72 15 
825-12-14 1?1.339 = 12 42 54 36 20 31 63 70 43 84 59 82 45 22 16 14 
825-13-14 1?1.565 = 13 87 54 36 20 31 63 70 43 84 59 82 45 22 16 14 
825-11-15 1?2.012 = 11 73 94 42 40 54 36 20 31 63 70 43 59 82 45 22 16 65 15 
825-12-15 1?1.854 = 12 42 40 54 36 20 31 63 70 98 43 84 59 82 45 22 16 65 15 
825-11-14 1?1.73 = 11 73 94 42 40 54 36 20 31 63 70 43 84 59 82 45 22 16 14 
stop
