start
639-0-2 1?1.613 = 0 46 90 82 83 59 58 63 98 65 25 21 68 22 2 
639-0-3 1?1.793 = 0 46 90 82 75 68 21 59 63 58 98 65 25 97 3 
639-0-4 1?1.977 = 0 90 82 83 59 58 63 21 25 65 52 44 94 60 91 4 
639-0-1 1?1.732 = 0 46 90 82 83 59 58 63 98 65 25 97 68 75 1 
639-0-6 1?2.406 = 0 46 90 82 83 59 58 63 21 97 25 65 52 44 94 60 33 18 6 
639-0-7 1?2.493 = 0 46 90 82 83 59 58 63 98 28 70 99 78 51 76 69 16 71 7 
639-0-11 1?2.504 = 0 90 82 83 59 58 63 98 28 70 99 78 51 50 61 29 20 37 11 
639-0-9 1?2.457 = 0 90 82 83 59 58 63 98 28 70 99 78 51 80 27 85 45 32 67 9 
639-0-8 1?2.517 = 0 90 82 83 59 58 63 98 28 70 99 78 51 61 29 80 27 85 45 32 8 
639-0-10 1?2.475 = 0 46 90 82 83 59 58 63 98 28 70 99 78 51 61 29 86 41 23 10 
639-0-5 1?2.287 = 0 46 90 82 83 75 68 59 58 63 21 25 65 52 44 94 60 33 40 5 
639-1-2 1?1.569 = 1 95 82 83 59 58 63 98 65 25 97 21 68 22 2 
639-1-3 1?1.764 = 1 95 82 83 59 75 68 21 63 58 98 25 97 22 3 
639-0-15 1?2.029 = 0 46 90 82 75 68 21 63 58 59 83 47 38 24 73 15 
639-0-14 1?2.005 = 0 46 90 82 83 59 63 58 47 38 39 42 96 92 35 14 
639-1-4 1?1.925 = 1 95 82 75 59 58 63 21 25 65 52 44 94 60 91 4 
639-0-13 1?2.339 = 0 46 90 82 75 68 21 63 58 83 47 38 39 42 96 92 62 93 13 
639-0-12 1?2.437 = 0 90 82 83 59 58 63 98 28 70 99 78 51 61 29 20 37 56 12 
639-1-6 1?2.364 = 1 95 82 83 59 58 63 21 25 65 52 44 94 60 33 18 81 77 6 
639-1-8 1?2.434 = 1 75 59 58 63 98 28 70 99 78 51 50 29 61 80 27 55 64 57 45 32 8 
639-1-5 1?2.115 = 1 95 82 83 75 68 59 58 63 21 25 65 52 44 94 60 33 40 5 
639-1-7 1?2.46 = 1 75 59 58 63 98 28 70 99 78 51 61 29 80 27 85 57 89 31 7 
639-1-15 1?1.8 = 1 75 68 21 25 63 58 59 83 82 90 46 79 73 15 
639-2-3 1?1.989 = 2 22 68 75 59 58 63 21 25 65 52 44 94 60 91 3 
639-1-12 1?2.312 = 1 95 82 83 59 58 63 98 28 70 99 78 51 61 29 20 37 56 12 
639-1-13 1?2.358 = 1 95 82 83 59 75 68 21 63 58 98 47 38 39 42 96 92 62 93 13 
639-2-4 1?1.823 = 2 22 68 75 59 58 63 21 25 65 52 44 94 60 91 4 
639-1-11 1?2.368 = 1 75 59 58 63 98 28 70 99 78 51 50 61 29 20 37 56 26 11 
639-1-10 1?2.437 = 1 95 82 83 59 58 63 98 28 70 99 78 51 61 29 80 27 86 41 48 23 10 
639-2-5 1?1.813 = 2 22 68 75 59 58 63 21 25 65 52 60 94 33 40 5 
639-2-6 1?2.251 = 2 22 68 75 59 58 63 21 25 65 52 44 72 43 71 81 77 6 
639-1-9 1?2.424 = 1 75 59 58 63 98 28 70 99 78 51 50 29 61 80 27 85 57 45 32 67 9 
639-1-14 1?1.893 = 1 75 68 21 63 58 59 83 47 38 39 42 96 92 35 14 
639-2-12 1?2.286 = 2 22 68 59 58 63 98 28 70 99 78 51 50 61 29 20 37 56 12 
639-2-15 1?2.022 = 2 22 97 25 65 98 63 58 59 21 68 75 83 82 90 46 73 15 
639-2-13 1?2.252 = 2 22 68 21 63 58 59 83 82 90 46 38 39 42 96 92 62 93 13 
639-2-8 1?2.251 = 2 22 97 25 65 28 70 99 78 51 50 29 61 80 27 85 45 32 8 
639-3-4 1?2.037 = 3 22 68 75 59 58 63 21 25 65 52 44 94 60 91 4 
639-2-11 1?2.32 = 2 68 59 58 63 98 28 70 99 78 51 61 29 20 37 56 26 11 
639-3-5 1?1.988 = 3 97 25 21 59 58 63 98 65 52 44 94 60 33 40 5 
639-2-10 1?2.41 = 2 22 68 21 63 58 98 28 70 99 78 51 50 29 61 80 27 86 41 48 23 10 
639-2-9 1?2.409 = 2 22 68 21 63 58 98 28 70 99 78 51 50 29 61 80 27 85 45 32 67 9 
639-2-7 1?2.398 = 2 22 68 59 58 63 98 28 70 99 78 51 80 27 85 57 89 31 7 
639-2-14 1?1.988 = 2 22 68 21 63 58 59 83 47 38 39 42 96 92 62 93 35 14 
639-3-12 1?2.484 = 3 97 25 21 59 58 63 98 28 70 99 78 51 61 29 20 37 56 12 
639-3-8 1?2.28 = 3 97 25 65 28 70 99 78 51 50 29 61 80 27 85 45 32 8 
639-3-9 1?2.396 = 3 97 25 65 28 70 99 78 51 50 29 61 80 27 85 57 45 32 67 9 
639-3-10 1?2.508 = 3 97 21 63 58 98 28 70 99 78 51 50 29 61 80 27 86 41 48 23 10 
639-3-15 1?2.261 = 3 97 25 65 98 58 63 21 68 75 59 83 82 95 90 46 79 73 15 
639-4-5 1?2.287 = 4 91 97 25 21 63 58 98 65 52 44 94 60 33 40 5 
639-3-11 1?2.491 = 3 97 25 63 58 98 28 70 99 78 51 61 29 20 37 56 26 11 
639-3-6 1?2.341 = 3 97 25 21 68 75 59 58 63 98 65 52 44 60 33 18 6 
639-3-13 1?2.562 = 3 97 25 21 63 58 59 68 75 82 90 46 38 39 42 96 92 62 93 13 
639-3-7 1?2.418 = 3 97 25 65 28 70 99 78 51 50 29 61 80 55 69 16 71 7 
639-3-14 1?2.319 = 3 97 25 21 63 58 59 83 82 47 38 39 42 96 92 62 93 35 14 
639-4-6 1?2.376 = 4 91 60 94 44 28 70 99 78 51 76 72 43 81 77 6 
639-4-13 1?2.614 = 4 91 97 25 21 63 58 59 75 83 47 38 39 42 96 92 62 93 13 
639-5-6 1?2.31 = 5 40 33 94 60 52 44 54 76 55 64 69 16 71 81 77 6 
639-4-8 1?2.411 = 4 91 60 94 44 28 70 99 78 51 50 29 61 80 27 85 45 32 8 
639-4-10 1?2.599 = 4 91 60 94 44 52 28 70 99 78 51 61 29 80 27 85 86 41 48 23 10 
639-4-12 1?2.774 = 4 91 33 60 94 44 28 70 99 78 51 61 29 50 19 20 37 34 88 87 84 12 
639-4-15 1?2.464 = 4 91 60 94 44 52 65 25 97 21 63 58 59 83 82 90 46 79 73 15 
639-4-9 1?2.509 = 4 91 52 44 28 70 99 78 51 50 29 61 80 27 85 57 45 32 67 9 
639-4-11 1?2.618 = 4 91 60 94 44 28 70 99 78 51 61 29 50 19 34 20 37 56 26 11 
639-4-7 1?2.464 = 4 91 60 94 44 54 78 51 50 29 61 80 27 55 64 69 16 71 7 
639-4-14 1?2.51 = 4 91 97 25 21 63 58 59 83 47 38 39 42 96 92 62 93 35 14 
639-5-8 1?2.281 = 5 40 33 60 44 54 78 51 50 29 61 80 27 85 45 32 8 
639-6-8 1?2.079 = 6 77 81 71 16 69 64 55 80 27 85 57 45 89 31 8 
639-5-12 1?2.651 = 5 40 33 60 44 28 70 99 78 51 61 29 50 19 20 37 34 88 87 84 12 
639-5-9 1?2.427 = 5 40 33 60 94 44 54 78 51 50 29 61 80 27 85 57 45 32 67 9 
639-5-10 1?2.555 = 5 40 33 94 44 28 70 99 78 51 61 29 80 27 85 86 41 48 23 10 
639-5-13 1?2.661 = 5 40 33 60 94 44 52 28 70 99 78 17 49 30 66 42 96 92 62 93 13 
639-5-7 1?2.411 = 5 40 33 60 94 44 28 70 99 54 76 55 64 69 16 71 7 
639-6-7 1?2.095 = 6 77 81 71 16 69 64 55 80 27 85 57 45 89 31 7 
639-5-15 1?2.382 = 5 40 33 60 94 44 52 65 25 21 63 58 59 83 82 90 46 79 73 15 
639-5-11 1?2.58 = 5 40 33 60 94 44 52 28 70 99 78 51 50 61 29 20 37 56 26 11 
639-5-14 1?2.61 = 5 40 33 60 94 44 52 28 70 99 78 51 17 49 30 66 92 62 93 35 14 
639-7-10 1?2.131 = 7 71 43 16 69 64 55 27 85 57 45 32 86 41 48 23 10 
639-6-9 1?1.925 = 6 77 81 71 16 69 64 55 80 27 85 57 45 32 67 9 
639-7-9 1?2.144 = 7 77 81 71 43 16 69 64 55 80 27 85 57 45 32 67 9 
639-7-8 1?2.292 = 7 77 81 71 43 16 69 64 55 80 27 85 45 32 89 31 8 
639-6-12 1?2.503 = 6 77 81 43 16 69 64 55 27 80 61 29 50 19 34 20 37 26 56 84 12 
639-6-10 1?2.483 = 6 77 81 71 16 69 64 55 80 27 85 57 45 32 67 86 41 48 23 10 
639-7-11 1?2.327 = 7 71 43 16 69 64 55 27 80 61 29 50 19 34 20 37 56 26 11 
639-6-13 1?2.465 = 6 77 81 71 16 69 64 55 27 80 61 29 50 19 30 66 92 62 93 13 
639-6-15 1?2.524 = 6 77 81 71 16 69 64 55 27 80 61 29 50 17 49 30 66 96 42 53 15 
639-6-11 1?2.386 = 6 77 81 71 16 69 64 55 27 80 61 29 50 19 34 20 37 56 26 11 
639-6-14 1?2.459 = 6 77 81 71 16 69 64 55 27 80 61 29 50 17 49 30 66 92 62 35 14 
639-8-10 1?2.142 = 8 31 89 32 45 57 64 55 27 80 61 29 86 41 48 23 10 
639-8-9 1?2.156 = 8 32 45 57 85 27 80 61 50 29 86 41 48 23 67 9 
639-8-11 1?2.054 = 8 32 45 57 64 55 27 80 61 50 29 20 37 56 26 11 
639-8-12 1?2.187 = 8 32 45 57 64 55 27 80 29 61 50 19 34 20 37 26 56 12 
639-8-13 1?2.286 = 8 32 45 57 64 55 27 80 61 29 50 17 49 30 66 92 62 93 13 
639-7-12 1?2.39 = 7 31 89 32 45 57 64 55 27 80 61 50 29 20 37 34 88 87 84 12 
639-7-13 1?2.5 = 7 31 89 45 57 64 55 27 80 61 29 50 17 49 30 66 92 62 93 13 
639-7-15 1?2.591 = 7 31 89 32 45 57 64 55 27 80 61 29 50 17 49 30 66 96 42 53 15 
639-8-15 1?2.567 = 8 32 45 57 85 27 80 61 29 50 51 78 17 49 30 66 96 42 24 73 15 
639-8-14 1?2.258 = 8 32 45 57 85 27 80 61 29 50 17 49 30 66 92 62 93 35 14 
639-7-14 1?2.538 = 7 31 89 32 45 57 85 27 80 61 29 50 17 49 30 66 92 62 93 35 14 
639-9-12 1?1.96 = 9 67 32 45 85 27 80 61 29 20 37 34 88 87 84 12 
639-10-12 1?2.029 = 10 23 48 41 86 27 80 61 50 29 20 37 34 88 87 84 12 
639-9-10 1?1.936 = 9 67 32 45 57 85 27 80 61 50 29 86 41 48 23 10 
639-10-11 1?2.048 = 10 23 48 41 86 27 80 61 29 50 19 34 20 37 26 11 
639-9-11 1?1.976 = 9 67 32 45 57 85 27 80 61 29 20 37 56 26 11 
639-10-13 1?2.205 = 10 23 48 41 86 27 80 61 29 50 17 49 30 66 92 62 93 13 
639-9-13 1?2.257 = 9 67 32 45 57 64 55 27 80 61 29 50 17 49 30 66 62 93 13 
639-10-15 1?2.54 = 10 23 48 41 86 27 80 61 29 50 51 78 17 49 30 66 96 42 24 73 15 
639-10-14 1?2.158 = 10 23 48 41 86 27 80 61 29 50 17 49 30 66 62 93 35 14 
639-9-15 1?2.518 = 9 67 32 45 57 85 27 80 61 29 50 17 49 30 66 96 42 24 73 79 15 
639-9-14 1?2.236 = 9 67 32 45 57 85 27 80 61 29 50 17 49 30 66 92 62 35 14 
639-11-12 1?2.196 = 11 26 56 37 20 34 19 17 49 30 66 74 88 87 84 12 
639-12-13 1?1.986 = 12 56 26 37 20 34 88 74 30 66 42 96 92 62 93 13 
639-14-15 1?2.088 = 14 35 93 62 92 96 42 39 38 47 82 90 46 79 73 15 
639-11-13 1?2.276 = 11 26 56 37 20 34 88 87 74 19 30 66 42 96 92 62 93 13 
639-12-15 1?2.183 = 12 56 26 37 20 34 88 74 93 62 92 96 42 24 73 79 15 
639-13-15 1?2.304 = 13 93 62 92 96 42 39 38 47 58 59 83 82 90 46 73 15 
639-13-14 1?2.073 = 13 84 56 26 37 20 34 88 74 93 62 92 36 35 14 
639-12-14 1?1.866 = 12 56 26 37 20 34 19 30 66 42 96 92 62 35 14 
639-11-14 1?2.014 = 11 26 56 37 20 34 88 74 30 66 42 96 92 62 93 35 14 
639-11-15 1?2.579 = 11 26 56 37 20 34 88 74 93 62 92 96 42 39 38 46 79 73 15 
stop
