start
657-0-4 1?1.814 = 0 90 60 39 61 73 30 34 41 74 49 65 86 43 20 4 
657-0-2 1?1.753 = 0 60 90 31 46 39 89 61 73 30 34 41 74 62 56 32 2 
657-0-1 1?1.717 = 0 39 61 73 46 60 90 31 79 94 47 84 96 68 30 1 
657-0-3 1?1.73 = 0 60 90 31 46 39 89 61 73 30 34 41 74 62 56 32 3 
657-0-7 1?2.518 = 0 60 46 90 31 79 94 47 29 53 18 77 37 45 28 70 88 54 80 44 7 
657-0-8 1?2.513 = 0 60 90 31 79 94 84 47 29 53 18 77 37 45 28 55 25 72 87 85 81 8 
657-0-11 1?2.17 = 0 39 89 61 46 60 90 31 79 94 97 33 51 67 71 92 69 66 52 26 11 
657-0-6 1?2.363 = 0 90 60 46 39 61 73 30 34 41 74 49 65 86 43 21 64 59 19 6 
657-0-5 1?2.323 = 0 60 90 31 46 39 89 61 73 30 34 41 74 49 65 86 43 21 19 59 64 5 
657-0-9 1?2.52 = 0 60 90 31 79 94 97 33 51 67 71 40 38 75 45 28 55 25 72 87 9 
657-0-10 1?2.407 = 0 60 46 90 31 79 94 97 33 51 67 71 92 69 76 66 52 26 82 24 10 
657-0-15 1?1.517 = 0 39 89 61 73 46 60 90 31 84 47 94 79 97 33 15 
657-1-4 1?1.951 = 1 30 34 41 62 32 56 74 49 63 65 86 21 43 20 4 
657-1-3 1?1.993 = 1 73 61 89 39 60 90 31 46 68 30 34 41 62 56 32 3 
657-1-2 1?1.954 = 1 73 61 89 39 46 60 90 31 79 94 47 84 96 68 34 2 
657-0-14 1?1.231 = 0 89 61 39 46 60 90 31 79 94 97 33 51 67 36 14 
657-0-13 1?1.673 = 0 39 61 73 46 60 90 31 79 94 97 33 51 67 71 92 69 76 13 
657-1-8 1?2.574 = 1 73 61 39 60 90 31 84 47 29 53 77 37 45 28 70 88 95 42 8 
657-1-7 1?2.475 = 1 30 34 41 74 49 65 86 21 43 20 64 59 19 16 57 48 44 7 
657-0-12 1?1.948 = 0 39 61 73 46 60 90 31 79 94 97 33 51 67 71 92 69 76 66 12 
657-1-5 1?2.46 = 1 89 39 61 73 30 34 41 62 32 56 74 49 65 86 43 21 64 59 5 
657-1-6 1?2.359 = 1 30 34 41 62 32 56 49 65 86 43 21 64 59 19 16 57 48 6 
657-1-14 1?1.559 = 1 30 73 61 89 39 60 90 31 79 94 97 33 51 67 71 36 14 
657-1-15 1?1.819 = 1 30 34 68 73 61 39 46 60 90 31 79 94 97 67 51 33 15 
657-2-4 1?1.985 = 2 32 56 62 41 74 49 65 86 43 21 19 59 64 20 4 
657-2-3 1?2.151 = 2 34 30 73 61 89 39 60 90 46 68 23 41 62 56 32 3 
657-1-13 1?1.749 = 1 73 61 89 39 46 60 90 31 79 94 97 33 51 67 71 92 69 76 13 
657-1-12 1?2.024 = 1 73 61 89 39 46 60 90 31 79 94 97 33 51 67 71 92 69 76 66 12 
657-2-5 1?1.825 = 2 32 56 62 41 74 49 63 65 86 43 21 19 59 64 5 
657-1-11 1?2.245 = 1 73 61 89 39 46 60 90 31 79 94 97 33 51 67 71 92 69 52 26 11 
657-1-9 1?2.616 = 1 73 61 39 46 60 90 31 84 47 29 53 18 77 37 45 28 55 25 72 87 9 
657-2-6 1?2.143 = 2 32 56 62 74 49 65 86 21 43 20 64 59 19 16 57 48 6 
657-1-10 1?2.531 = 1 73 61 39 60 90 31 79 94 97 33 51 67 40 38 50 82 24 10 
657-2-14 1?1.74 = 2 34 30 73 61 89 39 60 46 90 31 79 94 97 33 51 67 36 14 
657-2-15 1?1.905 = 2 32 56 62 41 34 30 73 61 39 60 90 31 79 94 97 33 15 
657-3-4 1?1.962 = 3 32 56 62 41 74 49 65 86 43 21 19 59 64 20 4 
657-2-13 1?2.027 = 2 34 30 73 61 39 60 90 31 79 97 33 51 67 71 92 69 76 13 
657-2-12 1?2.241 = 2 34 30 73 61 39 60 90 31 79 94 97 33 51 67 71 92 69 66 12 
657-3-5 1?1.802 = 3 32 56 62 41 74 49 63 65 86 43 21 19 59 64 5 
657-2-11 1?2.523 = 2 34 30 73 61 39 60 90 31 79 97 33 51 67 71 92 69 52 26 11 
657-2-7 1?2.235 = 2 32 56 62 41 74 49 65 86 43 21 64 59 19 16 57 48 44 7 
657-2-9 1?2.549 = 2 32 56 62 74 49 65 21 16 57 48 91 80 54 88 95 42 87 9 
657-2-8 1?2.437 = 2 32 56 62 74 49 65 86 21 16 57 48 91 80 54 88 95 42 8 
657-2-10 1?2.77 = 2 34 30 73 61 39 60 46 84 47 29 53 18 77 37 45 28 25 72 10 
657-3-14 1?2.008 = 3 32 56 62 41 34 30 73 61 39 60 90 31 79 94 97 33 51 36 14 
657-3-15 1?1.938 = 3 32 56 62 41 34 30 73 61 89 39 46 60 90 31 79 94 97 33 15 
657-3-12 1?2.552 = 3 32 56 62 41 23 96 84 47 94 97 33 51 67 71 92 69 76 66 12 
657-3-13 1?2.331 = 3 32 56 62 41 34 30 73 61 39 60 90 31 79 94 97 33 51 36 13 
657-3-8 1?2.333 = 3 86 43 21 64 59 19 16 57 48 91 98 80 54 88 95 42 8 
657-4-5 1?2.087 = 4 20 21 43 86 65 63 99 78 22 98 57 16 19 59 5 
657-3-11 1?2.773 = 3 32 56 62 41 23 96 84 47 94 97 33 51 67 71 92 69 52 26 11 
657-3-7 1?2.113 = 3 32 56 62 74 49 65 86 43 21 64 59 19 16 57 48 44 7 
657-3-9 1?2.479 = 3 49 65 86 43 21 16 57 48 91 98 80 54 88 95 42 81 85 9 
657-3-10 1?2.739 = 3 86 43 21 64 59 19 16 57 48 91 98 80 54 88 95 87 10 
657-3-6 1?1.945 = 3 32 56 62 74 49 65 86 43 21 64 59 19 16 57 48 6 
657-4-7 1?1.898 = 4 20 43 86 21 64 59 19 16 48 57 98 91 44 7 
657-4-8 1?1.799 = 4 20 64 59 19 16 57 48 91 80 54 88 95 42 8 
657-4-15 1?2.212 = 4 20 43 21 86 65 49 74 41 34 30 73 61 89 39 60 90 31 79 15 
657-4-14 1?2.361 = 4 86 65 49 74 41 34 30 73 61 39 60 90 31 79 94 97 33 51 36 14 
657-4-13 1?2.541 = 4 20 43 21 86 65 63 17 27 93 18 77 53 29 40 38 92 69 76 13 
657-4-6 1?1.877 = 4 20 43 86 65 49 63 21 64 59 19 16 57 48 6 
657-5-6 1?1.939 = 5 64 59 19 16 57 48 91 98 80 54 88 95 44 6 
657-4-12 1?2.709 = 4 20 64 59 19 16 57 48 91 98 80 54 88 70 25 72 82 26 52 12 
657-4-11 1?2.67 = 4 20 64 59 19 16 57 48 91 98 22 80 54 88 70 25 72 82 11 
657-4-9 1?2.412 = 4 20 43 86 21 64 59 19 16 57 48 91 98 80 54 88 95 42 87 9 
657-4-10 1?2.523 = 4 20 64 59 19 16 57 48 91 98 80 54 88 95 42 81 85 87 10 
657-6-7 1?2.146 = 6 59 64 19 16 57 48 91 98 80 54 88 95 44 7 
657-5-8 1?1.574 = 5 64 59 19 16 57 48 91 80 88 95 42 85 81 8 
657-5-7 1?1.87 = 5 64 59 19 16 57 48 91 98 80 54 88 95 44 7 
657-6-8 1?1.813 = 6 59 19 16 57 48 91 98 80 54 88 95 42 85 81 8 
657-5-15 1?2.356 = 5 64 59 19 16 57 48 91 98 99 58 27 93 35 96 84 47 94 79 15 
657-5-14 1?2.445 = 5 64 59 19 16 57 48 91 80 54 70 28 55 75 38 40 71 67 36 14 
657-5-13 1?2.414 = 5 64 59 19 16 57 48 91 80 54 88 70 28 45 75 50 69 76 13 
657-5-12 1?2.548 = 5 64 59 19 16 57 48 91 98 80 54 88 70 25 72 24 82 26 52 12 
657-5-9 1?2.381 = 5 64 19 16 57 48 91 98 22 70 88 54 80 95 42 87 85 81 9 
657-5-11 1?2.527 = 5 64 59 19 16 57 48 91 80 54 88 70 28 45 55 25 72 82 11 
657-5-10 1?2.439 = 5 64 59 19 16 57 48 91 98 80 54 88 70 28 45 55 25 72 10 
657-7-9 1?2.047 = 7 44 48 16 57 91 98 80 54 88 95 42 87 85 81 9 
657-7-8 1?1.917 = 7 44 48 16 57 91 98 80 54 88 95 42 87 85 81 8 
657-7-11 1?2.553 = 7 44 48 16 57 91 98 80 54 88 70 25 72 82 52 26 11 
657-6-9 1?1.987 = 6 59 64 19 16 57 48 91 98 80 54 88 95 42 81 85 9 
657-7-10 1?2.581 = 7 44 48 16 57 91 98 80 54 88 70 28 45 55 25 72 10 
657-6-15 1?2.453 = 6 48 57 91 80 54 88 70 28 45 75 38 40 71 67 51 33 15 
657-6-14 1?2.471 = 6 16 57 48 91 80 54 88 70 28 45 75 38 40 71 67 51 36 14 
657-6-10 1?2.377 = 6 59 64 19 16 57 48 91 98 80 54 88 95 42 81 85 9 10 
657-6-12 1?2.681 = 6 16 57 48 91 98 80 54 88 70 28 45 75 50 92 69 76 66 12 
657-6-13 1?2.628 = 6 16 57 48 91 98 80 54 88 70 28 55 45 37 75 50 69 92 76 13 
657-6-11 1?2.777 = 6 59 19 16 57 48 91 98 22 80 54 88 70 25 72 82 52 26 11 
657-8-9 1?2.424 = 8 81 85 42 95 88 80 54 70 28 45 55 25 72 87 9 
657-8-11 1?2.464 = 8 81 85 87 42 95 88 54 80 22 70 25 72 24 82 11 
657-8-10 1?2.462 = 8 81 85 42 95 88 54 80 22 78 58 45 28 25 72 10 
657-7-12 1?2.69 = 7 44 48 16 57 91 98 80 54 88 70 25 72 24 82 26 52 12 
657-8-12 1?2.694 = 8 81 85 87 72 25 55 28 45 37 77 18 53 29 40 38 92 69 66 12 
657-7-13 1?2.627 = 7 44 48 16 57 91 98 80 54 88 70 28 45 75 50 92 69 76 13 
657-7-14 1?2.594 = 7 44 80 54 88 70 28 45 37 77 18 29 53 38 40 71 67 51 36 14 
657-8-13 1?2.502 = 8 81 85 87 72 25 55 28 45 37 77 18 53 29 40 38 92 69 76 13 
657-8-14 1?2.469 = 8 81 85 42 95 88 70 28 45 37 77 18 53 29 40 71 67 51 36 14 
657-8-15 1?2.473 = 8 81 85 87 72 25 55 28 45 75 38 40 71 67 51 33 97 94 79 15 
657-7-15 1?2.582 = 7 44 80 54 88 70 28 45 55 75 38 40 71 67 51 33 97 94 79 15 
657-9-12 1?2.479 = 9 85 81 42 95 88 70 28 45 75 50 92 69 76 66 12 
657-10-12 1?2.477 = 10 72 25 55 28 45 37 77 18 53 29 40 38 92 69 66 12 
657-10-11 1?2.616 = 10 72 25 55 28 45 37 77 18 53 29 40 38 50 82 11 
657-9-11 1?2.498 = 9 85 81 42 95 88 54 80 22 78 58 45 28 55 82 11 
657-9-10 1?2.532 = 9 85 81 42 95 80 54 88 70 28 45 55 25 72 24 10 
657-10-14 1?2.334 = 10 72 25 55 28 45 37 77 18 29 53 38 40 71 67 51 36 14 
657-9-13 1?2.525 = 9 87 72 25 28 45 37 77 18 53 29 40 38 50 92 69 76 13 
657-10-13 1?2.499 = 10 72 25 55 28 45 37 77 53 29 40 38 75 50 92 69 76 13 
657-9-14 1?2.506 = 9 85 81 42 95 88 70 28 45 55 75 50 38 40 71 67 51 36 14 
657-10-15 1?2.469 = 10 72 25 55 28 45 37 77 18 53 29 40 71 67 51 33 97 94 79 15 
657-9-15 1?2.47 = 9 87 72 25 55 28 45 75 50 38 40 71 67 51 33 97 94 79 15 
657-12-14 1?2.004 = 12 66 69 92 50 75 77 18 53 29 40 71 67 51 36 14 
657-11-12 1?2.509 = 11 26 52 50 75 38 40 71 67 51 36 92 69 76 66 12 
657-13-14 1?1.812 = 13 76 69 92 50 75 77 18 53 29 40 71 67 51 36 14 
657-13-15 1?1.576 = 13 76 69 92 71 67 51 33 97 94 79 31 46 60 90 15 
657-14-15 1?1.601 = 14 36 71 67 51 33 97 94 79 31 46 61 39 60 90 15 
657-12-15 1?1.768 = 12 66 69 92 71 67 51 33 97 94 79 31 46 60 90 15 
657-12-13 1?2.327 = 12 66 69 92 50 75 77 18 53 29 40 71 67 51 36 13 
657-11-14 1?2.299 = 11 24 72 25 55 28 45 75 50 38 40 71 67 51 36 14 
657-11-13 1?2.467 = 11 24 72 25 55 28 45 37 77 18 53 29 40 38 92 69 76 13 
657-11-15 1?2.279 = 11 26 52 50 38 40 71 67 51 33 97 94 79 31 46 60 90 15 
stop
