start
160-0-3 1?2.039 = 0 25 31 90 33 32 29 93 82 45 84 49 27 98 94 58 64 66 97 3 
160-0-4 1?2.336 = 0 25 31 33 90 32 29 93 82 45 84 49 47 27 98 94 58 64 66 74 4 
160-0-1 1?2.227 = 0 15 71 75 62 31 33 90 32 93 84 45 82 29 69 57 1 
160-0-5 1?2.306 = 0 57 69 32 29 93 82 45 84 49 27 86 59 96 54 78 41 88 5 
160-0-2 1?2.194 = 0 25 31 90 33 32 29 93 82 45 84 49 47 27 98 94 97 3 2 
160-0-11 1?2.638 = 0 25 57 69 32 90 31 44 89 99 53 43 19 68 40 80 34 81 91 11 
160-0-8 1?2.585 = 0 57 25 33 90 31 44 95 22 79 36 67 51 28 76 85 70 18 55 38 8 
160-0-7 1?2.483 = 0 25 57 69 32 29 93 82 45 84 49 27 86 59 96 54 92 35 7 
160-0-6 1?2.329 = 0 57 69 32 29 93 82 45 84 49 27 98 58 64 50 41 21 30 16 6 
160-0-10 1?2.754 = 0 25 33 90 31 44 95 22 79 36 67 51 28 85 70 18 23 39 10 
160-0-9 1?2.554 = 0 57 25 33 90 31 44 95 22 79 36 67 51 28 76 85 70 18 23 9 
160-0-14 1?2.189 = 0 25 57 69 32 33 90 31 44 89 99 53 56 52 60 14 
160-0-15 1?1.897 = 0 57 69 29 82 45 84 93 32 33 90 31 62 75 71 15 
160-1-4 1?1.63 = 1 57 69 32 29 93 82 45 84 49 27 98 94 58 64 66 4 
160-1-3 1?1.553 = 1 57 25 33 90 32 29 93 82 45 84 49 27 98 94 97 3 
160-1-2 1?1.766 = 1 57 25 31 90 33 32 29 82 45 93 47 27 49 84 2 
160-1-8 1?2.367 = 1 57 33 90 31 44 95 22 79 36 67 51 28 76 85 70 18 55 38 8 
160-0-13 1?2.296 = 0 57 25 33 90 31 44 89 99 53 43 19 68 40 80 37 87 13 
160-0-12 1?2.466 = 0 25 57 69 32 33 90 31 44 89 99 53 43 19 68 40 80 37 12 
160-1-7 1?2.299 = 1 69 32 29 93 82 45 84 49 27 98 94 58 64 50 78 54 92 35 7 
160-1-5 1?2.14 = 1 69 29 93 82 45 84 49 27 98 58 64 86 59 96 54 78 41 88 5 
160-1-6 1?2.219 = 1 69 29 82 45 84 49 27 98 58 64 86 59 96 54 78 41 21 30 16 6 
160-1-15 1?1.748 = 1 57 69 29 82 45 84 93 32 33 90 31 62 75 71 15 
160-2-5 1?1.854 = 2 29 93 82 45 84 49 27 98 58 64 50 78 41 88 5 
160-2-4 1?1.82 = 2 82 45 84 93 29 32 33 90 47 27 98 94 58 64 66 4 
160-2-3 1?1.697 = 2 82 45 84 49 93 29 32 33 31 90 47 27 98 94 97 3 
160-1-9 1?2.524 = 1 69 32 90 31 44 95 22 79 36 67 51 28 76 85 70 18 23 39 9 
160-1-10 1?2.624 = 1 69 32 33 90 31 44 95 22 79 36 67 51 28 76 85 70 18 39 10 
160-1-11 1?2.532 = 1 69 29 82 45 84 49 93 32 33 90 31 44 89 99 53 43 19 34 81 91 11 
160-1-14 1?1.945 = 1 69 29 82 45 84 93 32 33 90 31 62 75 42 52 60 14 
160-1-12 1?2.349 = 1 69 29 82 45 84 93 32 33 90 31 44 89 99 53 43 19 68 40 80 12 
160-2-6 1?2.116 = 2 82 45 84 49 27 98 94 58 64 86 59 96 54 78 41 21 30 16 6 
160-1-13 1?2.285 = 1 69 29 93 32 33 90 31 44 89 99 53 43 19 68 40 80 37 13 
160-2-15 1?2.153 = 2 82 84 49 93 29 32 69 57 25 33 90 31 44 62 75 71 15 
160-3-5 1?1.896 = 3 97 94 98 27 58 64 86 59 96 54 78 41 21 88 5 
160-3-4 1?1.995 = 3 49 84 45 82 93 29 32 47 27 98 94 58 64 66 74 4 
160-2-9 1?2.418 = 2 82 45 84 93 47 73 63 22 79 36 67 51 28 76 85 70 18 23 9 
160-2-8 1?2.395 = 2 29 93 82 45 84 49 27 98 58 64 86 59 96 54 92 35 55 38 8 
160-2-11 1?2.492 = 2 82 45 84 49 93 29 32 33 90 31 44 89 99 53 43 19 68 40 34 81 91 11 
160-2-10 1?2.618 = 2 82 45 84 93 29 32 90 31 44 95 22 79 36 67 51 28 76 39 10 
160-2-7 1?2.358 = 2 29 93 82 45 84 49 27 98 58 64 86 59 96 78 54 92 35 65 7 
160-2-12 1?2.391 = 2 82 45 84 49 93 29 32 33 90 31 44 89 99 53 43 19 68 40 80 37 12 
160-2-14 1?2.154 = 2 82 45 84 49 93 29 32 33 90 31 44 89 99 53 56 42 52 60 14 
160-2-13 1?2.281 = 2 82 45 84 49 93 29 32 90 31 44 89 99 53 43 19 68 40 80 37 13 
160-4-5 1?1.947 = 4 66 58 64 50 59 86 73 63 96 54 72 21 41 88 5 
160-3-15 1?2.046 = 3 97 94 98 27 49 84 45 82 93 29 32 69 33 90 31 62 75 71 15 
160-3-7 1?2.274 = 3 97 94 98 27 58 64 86 59 96 54 78 41 88 21 30 16 7 
160-3-6 1?2.069 = 3 97 94 27 98 58 64 50 86 59 96 54 78 41 21 30 16 6 
160-3-8 1?2.35 = 3 97 94 98 27 73 63 22 79 36 67 51 28 76 85 70 18 55 38 8 
160-3-9 1?2.496 = 3 97 94 98 58 64 86 73 63 22 79 36 67 51 28 76 85 70 18 23 9 
160-3-10 1?2.667 = 3 97 94 98 27 73 63 83 22 79 36 67 51 28 76 85 70 18 39 10 
160-3-12 1?2.469 = 3 97 94 49 84 45 82 29 32 33 90 31 44 89 99 53 43 19 68 40 80 12 
160-3-11 1?2.618 = 3 97 94 98 27 86 59 78 54 96 63 22 79 36 67 61 24 34 81 91 11 
160-3-13 1?2.374 = 3 84 45 82 93 32 33 90 31 44 89 99 53 43 19 68 40 80 37 13 
160-3-14 1?2.209 = 3 97 94 98 27 49 84 45 82 93 29 32 33 90 31 62 75 42 52 60 14 
160-4-8 1?2.086 = 4 66 64 58 86 59 96 54 78 41 21 30 35 65 38 8 
160-4-7 1?2.061 = 4 66 64 58 86 59 96 54 78 41 21 72 92 35 65 7 
160-5-6 1?1.965 = 5 88 21 41 78 59 86 73 63 96 54 92 30 16 6 
160-4-6 1?1.877 = 4 66 58 64 74 50 86 59 96 54 78 41 21 30 16 6 
160-4-15 1?2.149 = 4 66 64 58 94 98 27 49 84 45 82 93 29 32 33 90 31 62 75 71 15 
160-4-9 1?2.412 = 4 74 50 59 86 73 63 83 22 79 36 67 51 28 76 85 70 18 23 9 
160-4-10 1?2.635 = 4 66 64 58 86 73 63 83 22 79 36 67 51 28 76 85 70 18 39 10 
160-4-11 1?2.561 = 4 74 50 78 54 96 59 86 73 63 22 79 36 67 20 61 24 34 81 91 11 
160-4-12 1?2.58 = 4 74 50 78 54 96 59 86 73 63 83 22 79 36 67 61 24 34 81 12 
160-4-13 1?2.44 = 4 74 50 78 54 96 63 95 22 79 36 67 20 43 19 68 40 80 37 13 
160-4-14 1?2.495 = 4 66 64 58 94 98 27 49 84 45 82 93 29 32 33 90 31 62 75 42 52 60 14 
160-5-8 1?1.927 = 5 88 41 21 72 92 46 28 76 85 70 18 55 38 8 
160-6-8 1?2.039 = 6 16 30 21 41 72 92 46 28 76 85 70 18 55 38 8 
160-5-7 1?2.012 = 5 88 41 21 30 72 54 78 50 86 59 96 92 35 7 
160-6-7 1?2.032 = 6 16 30 21 41 78 59 86 73 63 96 54 92 35 7 
160-5-9 1?2.21 = 5 88 41 78 96 83 22 79 36 67 51 28 76 85 70 18 23 9 
160-5-15 1?2.337 = 5 74 64 58 94 98 27 49 84 45 82 93 29 32 33 90 31 62 75 71 15 
160-5-10 1?2.422 = 5 88 41 78 54 96 83 22 79 36 67 51 28 76 85 70 39 10 
160-5-11 1?2.333 = 5 88 41 78 54 96 59 86 73 63 22 79 36 67 61 24 81 91 11 
160-5-12 1?2.4 = 5 88 41 78 54 96 59 86 73 63 22 79 36 67 20 43 19 68 40 80 12 
160-5-13 1?2.358 = 5 88 41 21 72 78 54 96 63 22 79 36 67 20 43 19 68 40 80 37 13 
160-5-14 1?2.53 = 5 88 41 78 54 96 59 86 73 63 22 79 36 67 20 43 17 56 52 60 14 
160-6-9 1?2.063 = 6 16 30 72 54 96 83 22 79 36 67 51 28 76 39 9 
160-7-9 1?2.076 = 7 35 46 83 22 79 36 67 51 28 85 70 18 23 9 
160-7-8 1?2.055 = 7 35 46 83 22 79 36 67 51 28 85 70 55 38 8 
160-6-11 1?2.225 = 6 16 30 72 78 54 96 83 22 79 36 67 61 24 34 81 91 11 
160-7-11 1?2.255 = 7 65 55 70 85 76 28 51 22 79 36 67 61 24 34 81 91 11 
160-7-10 1?2.458 = 7 65 55 18 70 85 76 28 51 22 79 36 67 20 61 24 26 10 
160-6-10 1?2.37 = 6 16 21 41 78 54 96 63 22 79 36 67 51 28 76 39 10 
160-6-15 1?2.611 = 6 16 30 72 54 78 59 86 27 49 84 45 82 29 32 33 90 31 62 75 71 15 
160-6-12 1?2.323 = 6 16 30 21 41 78 54 96 63 22 79 36 67 20 43 19 68 40 80 12 
160-6-13 1?2.412 = 6 16 30 72 54 96 59 86 73 63 22 79 36 67 20 43 19 68 40 80 37 13 
160-6-14 1?2.576 = 6 16 30 21 41 78 54 96 83 22 79 36 67 20 99 53 17 56 42 52 60 14 
160-8-9 1?2.036 = 8 38 55 18 70 46 83 22 79 36 67 51 28 76 39 9 
160-8-11 1?2.052 = 8 38 55 70 85 28 51 22 79 36 67 61 24 34 81 91 11 
160-8-10 1?2.19 = 8 38 55 18 70 85 76 28 51 79 36 67 61 24 26 10 
160-8-12 1?2.054 = 8 38 55 18 70 85 76 28 51 22 79 36 67 61 24 34 12 
160-7-15 1?2.646 = 7 65 38 55 18 70 85 28 51 22 79 36 67 20 53 99 89 75 71 15 
160-7-12 1?2.426 = 7 65 38 55 18 70 85 76 28 51 22 79 36 67 20 43 19 68 40 80 12 
160-7-13 1?2.363 = 7 65 55 18 70 85 76 28 51 22 79 36 67 20 43 19 68 40 80 37 13 
160-8-15 1?2.631 = 8 38 55 18 70 85 76 28 51 22 79 36 67 20 99 53 17 56 42 75 71 15 
160-8-13 1?2.186 = 8 38 55 18 70 85 76 28 51 22 79 36 67 20 43 19 68 40 80 37 13 
160-8-14 1?2.323 = 8 38 55 18 70 85 76 28 51 22 79 36 67 20 43 17 56 42 52 60 14 
160-7-14 1?2.584 = 7 65 55 18 70 85 76 28 51 22 79 36 67 20 99 53 17 56 42 52 60 14 
160-9-11 1?1.983 = 9 23 18 70 85 76 28 51 67 61 24 34 81 91 11 
160-10-11 1?2.176 = 10 39 23 18 70 85 76 28 51 61 24 34 81 91 11 
160-10-12 1?2.234 = 10 39 76 85 28 51 22 79 36 67 61 24 34 81 12 
160-9-10 1?2.159 = 9 23 18 70 85 76 28 51 79 36 67 61 24 26 10 
160-9-12 1?2.082 = 9 23 18 70 85 28 51 22 79 36 67 61 24 34 81 12 
160-10-13 1?2.168 = 10 39 76 28 51 22 79 36 67 20 43 19 40 80 37 13 
160-10-15 1?2.736 = 10 39 18 70 85 76 28 51 67 36 79 22 95 99 53 56 42 71 15 
160-9-13 1?2.129 = 9 23 18 70 85 28 51 22 79 36 67 20 43 19 68 40 80 37 13 
160-9-15 1?2.6 = 9 23 18 70 85 76 28 51 22 79 36 67 20 99 53 17 56 42 75 71 15 
160-10-14 1?2.466 = 10 39 70 85 76 28 51 22 79 36 67 20 43 17 56 42 52 60 14 
160-9-14 1?2.252 = 9 23 18 70 85 76 28 51 22 79 36 67 20 43 17 56 52 60 14 
160-13-15 1?2.146 = 13 37 80 40 68 19 43 53 99 89 56 52 42 75 71 15 
160-14-15 1?2.263 = 14 60 52 42 56 17 68 40 19 43 53 99 89 62 75 71 15 
160-11-12 1?2.178 = 11 91 81 34 80 40 68 19 43 17 56 42 52 87 37 12 
160-12-15 1?2.449 = 12 80 40 68 19 43 20 67 36 79 22 95 99 53 56 75 71 15 
160-11-15 1?2.454 = 11 91 81 34 40 68 19 43 20 67 36 79 22 95 89 75 71 15 
160-11-14 1?2.005 = 11 91 81 34 24 61 43 19 40 68 17 56 42 52 60 14 
160-11-13 1?2.086 = 11 91 81 34 80 40 68 19 43 17 56 42 52 87 37 13 
160-12-14 1?2.155 = 12 37 80 40 68 19 24 61 43 17 56 42 52 60 48 14 
160-13-14 1?2.063 = 13 37 80 40 68 19 24 61 43 17 56 42 52 60 48 14 
160-12-13 1?2.183 = 12 34 24 61 51 22 79 36 67 20 43 19 40 80 37 13 
stop
