start
116-0-3 1?2.108 = 0 26 17 91 45 71 82 99 52 30 80 75 40 29 62 43 3 
116-0-2 1?2.066 = 0 26 17 45 91 37 69 47 24 30 52 99 53 22 25 2 
116-0-1 1?2.057 = 0 26 17 45 91 37 69 47 24 30 52 99 82 53 22 1 
116-0-5 1?2.453 = 0 26 17 91 45 71 53 82 99 52 30 80 75 40 29 62 89 81 27 83 5 
116-0-4 1?2.385 = 0 26 17 45 91 37 69 47 24 30 52 82 99 75 40 29 62 89 4 
116-0-11 1?2.086 = 0 26 17 91 37 69 47 24 67 35 49 19 21 34 72 64 18 11 
116-0-6 1?2.688 = 0 26 17 91 45 71 82 99 52 30 80 75 40 29 62 43 89 81 27 83 6 
116-0-10 1?2.37 = 0 26 17 45 91 37 69 47 24 67 35 87 49 19 85 64 18 66 55 10 
116-0-9 1?2.525 = 0 26 17 45 91 37 69 47 24 67 35 65 79 57 36 96 46 70 33 38 9 
116-0-7 1?2.599 = 0 26 17 45 91 37 69 47 24 67 35 87 73 65 79 57 54 88 56 60 7 
116-0-8 1?2.724 = 0 26 17 45 91 37 69 47 24 65 79 90 57 54 88 77 56 31 60 78 23 8 
116-0-15 1?2.117 = 0 26 17 45 91 37 69 47 24 67 35 32 59 58 94 15 
116-1-2 1?2.067 = 1 25 22 53 82 99 52 30 75 40 29 43 86 95 98 2 
116-0-12 1?2.058 = 0 26 17 45 91 37 69 47 24 67 35 87 49 19 21 34 72 12 
116-1-3 1?2.07 = 1 74 25 22 53 82 99 30 75 40 29 62 43 86 95 3 
116-0-14 1?1.928 = 0 26 17 45 91 37 69 47 24 59 16 48 84 76 14 
116-1-4 1?2.004 = 1 26 17 91 45 71 82 99 52 30 80 75 40 29 62 89 4 
116-0-13 1?1.974 = 0 26 17 45 91 37 69 47 24 32 59 16 48 84 13 
116-1-5 1?2.313 = 1 74 25 22 53 82 99 52 30 80 75 50 40 29 62 89 81 27 83 5 
116-1-8 1?2.549 = 1 74 25 22 53 82 99 52 30 75 80 97 28 54 88 56 31 60 78 23 8 
116-1-6 1?2.634 = 1 74 25 22 71 17 45 91 37 82 99 52 30 75 40 29 62 81 27 83 6 
116-1-7 1?2.588 = 1 26 17 45 91 37 69 47 24 67 35 65 79 90 57 54 88 56 31 60 7 
116-1-15 1?2.034 = 1 25 22 53 82 71 17 45 91 37 69 47 93 58 94 15 
116-1-11 1?2.127 = 1 26 17 45 91 37 69 47 24 67 35 49 19 21 34 72 64 18 11 
116-1-12 1?2.151 = 1 26 17 45 91 37 69 47 24 67 35 73 87 49 19 21 34 72 12 
116-2-3 1?2.06 = 2 74 25 22 53 82 99 30 75 40 29 62 43 86 95 3 
116-2-4 1?2.024 = 2 74 25 22 53 82 99 52 30 80 75 40 29 62 43 89 4 
116-2-5 1?2.169 = 2 74 25 22 53 82 99 52 30 80 75 40 29 62 89 81 27 83 5 
116-1-9 1?2.378 = 1 26 17 45 91 37 69 47 24 65 79 90 36 96 46 70 33 38 51 9 
116-1-14 1?2.12 = 1 74 25 22 71 45 91 37 69 47 24 59 16 48 84 76 14 
116-1-13 1?2.286 = 1 26 17 45 91 37 69 47 24 32 67 35 73 87 49 19 44 39 13 
116-2-6 1?2.481 = 2 74 25 22 53 82 99 52 30 80 75 50 40 29 62 42 81 27 83 6 
116-1-10 1?2.444 = 1 26 17 45 91 37 69 47 24 67 35 49 19 21 34 72 64 18 66 55 10 
116-2-15 1?2.032 = 2 25 22 53 99 82 71 45 91 37 69 47 93 58 94 15 
116-3-5 1?2.167 = 3 95 98 53 82 99 52 30 75 40 29 62 42 81 27 83 5 
116-3-4 1?2.162 = 3 95 98 25 22 53 82 99 52 30 80 75 40 29 62 89 4 
116-2-12 1?2.313 = 2 74 25 22 71 45 91 37 69 47 24 67 35 73 87 49 19 21 34 72 12 
116-2-11 1?2.405 = 2 74 25 22 71 45 91 37 69 47 24 67 35 73 87 49 19 21 34 72 64 18 11 
116-2-9 1?2.44 = 2 74 25 22 71 45 91 37 69 47 24 65 79 57 36 96 46 70 38 9 
116-2-8 1?2.63 = 2 74 25 22 53 82 99 52 30 75 80 97 28 54 88 77 56 31 60 78 23 8 
116-2-14 1?2.227 = 2 74 25 22 71 17 45 91 37 69 47 24 59 16 48 84 76 14 
116-2-10 1?2.465 = 2 74 25 22 53 82 71 45 91 37 69 47 24 65 79 90 41 63 20 92 10 
116-2-13 1?2.417 = 2 74 25 22 53 82 71 45 91 37 69 47 24 67 32 59 16 48 84 13 
116-2-7 1?2.369 = 2 74 25 22 53 82 99 52 30 75 80 97 28 54 88 77 56 31 60 7 
116-3-15 1?2.154 = 3 95 86 50 75 30 52 99 82 71 17 45 91 93 58 94 15 
116-4-5 1?2.257 = 4 43 86 53 82 99 52 30 80 75 40 29 62 81 27 83 5 
116-3-12 1?2.492 = 3 95 98 53 82 71 45 91 37 69 47 24 67 35 73 87 49 19 21 34 12 
116-3-6 1?2.298 = 3 95 98 53 82 99 52 30 75 40 29 62 42 81 27 83 6 
116-3-11 1?2.553 = 3 95 98 53 82 71 45 91 37 69 47 24 67 35 87 49 19 21 34 72 64 18 11 
116-3-9 1?2.596 = 3 95 98 53 82 71 45 91 37 69 47 24 65 79 90 36 96 46 70 38 9 
116-3-8 1?2.716 = 3 95 86 50 43 62 29 40 75 80 97 28 54 88 77 56 31 60 78 23 8 
116-3-7 1?2.473 = 3 95 86 43 62 29 40 75 80 97 28 54 88 56 31 60 78 23 7 
116-3-14 1?2.437 = 3 95 98 53 82 71 45 91 37 69 47 24 67 32 59 16 48 84 14 
116-3-10 1?2.616 = 3 95 98 53 82 71 17 45 91 37 69 47 24 65 79 90 41 63 20 92 10 
116-3-13 1?2.603 = 3 95 86 50 75 30 52 99 82 71 17 45 91 37 69 47 59 16 48 84 13 
116-4-8 1?2.156 = 4 89 62 29 40 75 80 97 28 54 88 56 31 60 78 23 8 
116-4-11 1?2.39 = 4 89 62 29 40 75 80 97 61 65 79 73 87 49 19 21 34 72 64 18 11 
116-4-15 1?2.434 = 4 89 62 29 40 75 30 52 99 82 71 17 45 91 37 69 47 93 58 94 15 
116-5-6 1?2.355 = 5 83 27 81 62 29 40 75 80 97 28 54 88 77 56 31 6 
116-4-7 1?2.126 = 4 89 62 29 40 75 80 97 28 54 88 56 31 60 78 23 7 
116-4-6 1?2.388 = 4 43 86 53 82 99 52 30 80 75 40 29 62 81 27 83 6 
116-4-12 1?2.577 = 4 89 62 29 40 75 30 52 69 47 24 67 35 73 87 49 19 85 21 34 72 12 
116-4-9 1?2.554 = 4 89 62 29 40 75 30 52 69 47 24 65 79 90 36 96 46 70 38 9 
116-4-10 1?2.622 = 4 89 62 29 40 80 97 61 65 73 87 49 19 21 34 72 64 18 66 55 10 
116-4-14 1?2.541 = 4 89 62 29 40 75 30 52 99 82 71 17 45 91 37 69 47 59 16 76 14 
116-4-13 1?2.655 = 4 89 62 29 40 75 80 30 52 99 82 71 45 91 37 69 47 24 59 16 48 84 13 
116-5-8 1?2.269 = 5 81 62 29 40 75 80 97 28 54 88 56 31 60 78 23 8 
116-6-8 1?2.403 = 6 83 27 81 62 29 40 42 68 88 77 56 31 60 78 23 8 
116-5-11 1?2.51 = 5 27 83 68 28 97 61 65 79 73 87 49 19 21 34 72 85 64 18 11 
116-5-15 1?2.475 = 5 83 27 81 62 29 40 75 30 52 99 82 71 17 45 91 37 93 58 94 15 
116-5-7 1?2.144 = 5 83 27 81 62 29 40 75 80 97 28 54 88 56 31 60 7 
116-6-7 1?2.275 = 6 83 27 81 62 29 40 75 80 97 28 54 88 56 31 60 7 
116-5-12 1?2.64 = 5 83 27 81 62 29 40 75 30 69 47 24 67 35 73 87 49 19 21 34 12 
116-5-9 1?2.524 = 5 83 27 81 62 29 40 75 80 97 61 65 79 90 36 96 46 70 38 9 
116-5-10 1?2.537 = 5 83 27 81 89 62 29 40 75 80 97 61 65 79 90 41 63 20 92 10 
116-5-14 1?2.595 = 5 83 27 81 62 29 40 75 80 30 52 99 82 71 45 91 37 93 58 94 76 14 
116-5-13 1?2.661 = 5 27 81 62 29 40 75 30 52 99 82 71 45 91 37 69 47 59 16 48 84 13 
116-7-9 1?2.115 = 7 60 31 56 88 54 57 90 41 63 20 92 33 70 38 9 
116-7-8 1?2.368 = 7 23 78 60 31 56 77 88 54 57 36 96 46 70 38 51 8 
116-6-9 1?2.346 = 6 31 56 60 78 23 96 36 41 63 20 92 33 70 38 9 
116-7-11 1?2.233 = 7 23 78 60 31 56 88 77 36 41 63 20 92 55 66 64 18 11 
116-7-10 1?2.137 = 7 60 31 56 88 54 28 61 65 79 90 41 63 20 92 10 
116-6-11 1?2.471 = 6 68 28 97 61 65 79 73 87 49 19 21 34 72 64 18 66 55 11 
116-6-15 1?2.697 = 6 83 27 81 62 29 40 75 30 52 99 82 71 45 91 37 69 47 93 58 94 15 
116-6-10 1?2.558 = 6 83 27 81 62 29 40 75 80 97 61 65 79 90 41 63 20 92 10 
116-6-12 1?2.623 = 6 31 56 60 78 23 8 51 38 70 33 92 55 66 18 64 85 21 34 72 12 
116-6-14 1?2.643 = 6 83 27 81 62 29 40 75 30 52 99 82 71 45 91 37 93 58 94 76 14 
116-6-13 1?2.755 = 6 83 27 81 62 29 40 75 30 52 99 82 71 45 91 93 59 16 48 84 13 
116-8-9 1?2.252 = 8 23 78 60 31 56 77 88 54 57 90 41 63 33 70 38 9 
116-8-10 1?2.247 = 8 23 78 60 31 56 88 54 28 57 90 41 63 20 92 10 
116-8-11 1?2.263 = 8 23 78 60 31 56 88 77 36 41 63 20 92 55 66 64 18 11 
116-8-12 1?2.284 = 8 51 38 70 46 96 36 41 63 20 92 55 66 18 64 72 34 21 12 
116-8-15 1?2.7 = 8 23 78 60 31 56 88 54 57 79 65 35 67 24 47 69 93 58 94 15 
116-7-12 1?2.459 = 7 23 78 60 31 56 77 36 41 63 20 92 55 66 18 64 72 34 21 12 
116-7-15 1?2.733 = 7 60 31 56 88 54 57 90 79 65 35 67 24 47 69 37 45 91 93 58 94 15 
116-8-13 1?2.443 = 8 51 38 46 70 33 63 20 92 55 66 18 64 72 34 21 44 39 13 
116-8-14 1?2.669 = 8 51 38 46 70 33 92 55 66 18 64 72 34 21 39 44 84 48 76 14 
116-7-13 1?2.685 = 7 60 31 56 88 54 28 97 61 65 79 73 87 35 67 32 59 16 48 84 13 
116-7-14 1?2.769 = 7 60 31 56 88 54 28 97 61 65 79 73 87 35 67 32 59 16 48 84 76 14 
116-10-11 1?1.874 = 10 92 20 63 41 73 87 49 19 21 34 72 85 64 18 11 
116-9-11 1?1.706 = 9 38 70 33 63 20 92 55 66 18 64 85 21 34 72 11 
116-10-12 1?2.026 = 10 9 38 70 33 63 20 92 55 66 18 64 85 34 21 12 
116-9-12 1?1.636 = 9 38 70 33 63 20 92 55 66 18 64 85 34 21 12 
116-9-10 1?2.131 = 9 38 33 70 46 96 36 41 63 20 92 55 66 64 18 11 10 
116-10-13 1?2.076 = 10 92 55 66 18 64 85 34 21 39 44 16 48 84 13 
116-10-15 1?2.418 = 10 55 66 18 64 72 34 21 85 49 35 67 24 47 69 93 58 94 15 
116-9-15 1?2.447 = 9 38 70 46 96 36 90 79 65 24 47 69 37 91 45 17 93 58 94 15 
116-10-14 1?2.262 = 10 55 66 18 64 72 34 21 85 49 35 67 32 59 16 48 84 14 
116-9-14 1?2.228 = 9 51 38 70 33 92 55 66 18 64 72 34 21 39 84 48 76 14 
116-9-13 1?2.2 = 9 51 38 46 70 33 92 55 66 18 64 72 34 21 85 19 44 39 13 
116-13-15 1?2.077 = 13 84 48 16 59 24 47 69 37 91 17 93 58 94 15 
116-14-15 1?2.035 = 14 76 16 59 24 47 69 37 91 45 17 93 58 94 15 
116-11-12 1?1.948 = 11 18 64 66 55 92 20 63 41 73 87 49 19 21 34 12 
116-12-15 1?2.172 = 12 72 34 21 85 19 49 87 73 35 67 24 47 69 93 58 94 15 
116-12-13 1?1.945 = 12 72 34 21 19 49 87 73 35 67 32 59 16 48 84 13 
116-11-13 1?1.912 = 11 18 64 72 34 21 19 49 87 35 32 59 16 48 84 13 
116-13-14 1?2.054 = 13 39 44 19 49 87 73 35 67 32 59 16 48 84 76 14 
116-12-14 1?1.931 = 12 72 34 21 19 49 87 73 35 67 32 59 16 48 84 14 
116-11-15 1?2.179 = 11 18 64 72 34 21 19 49 87 73 35 67 24 47 69 93 58 94 15 
116-11-14 1?2.069 = 11 18 64 72 34 21 19 49 87 73 35 32 59 16 48 84 76 14 
stop
