start
37-0-2 1?2.389 = 0 29 53 46 61 34 27 78 88 40 51 16 49 87 77 33 2 
37-0-3 1?2.851 = 0 29 53 61 46 34 27 78 88 40 51 16 71 36 87 77 33 83 3 
37-0-1 1?2.35 = 0 29 53 46 61 34 27 78 88 40 51 16 49 87 77 36 1 
37-0-5 1?2.645 = 0 71 16 29 51 53 46 61 88 78 27 58 67 60 93 80 32 31 5 
37-0-6 1?2.716 = 0 71 16 51 53 46 61 88 78 27 58 67 60 63 76 93 80 31 32 6 
37-0-4 1?2.781 = 0 71 16 29 51 53 61 40 88 78 27 99 19 64 58 67 52 85 4 
37-0-7 1?2.681 = 0 71 16 51 40 88 78 27 99 70 90 55 48 97 17 81 72 25 79 7 
37-0-8 1?2.793 = 0 71 16 51 40 88 78 27 99 70 90 55 48 97 17 81 72 66 28 22 59 8 
37-0-11 1?2.672 = 0 29 51 53 61 46 65 73 30 50 44 92 54 84 38 26 91 24 11 
37-0-10 1?2.49 = 0 29 51 40 88 78 27 99 70 90 26 38 24 91 35 68 56 41 96 10 
37-0-9 1?2.52 = 0 29 51 40 61 46 65 73 39 26 38 24 91 35 57 68 56 96 41 9 
37-0-13 1?2.33 = 0 29 51 40 61 46 65 73 30 50 84 54 44 62 95 13 
37-1-3 1?2.341 = 1 36 77 87 49 16 29 51 40 88 78 27 58 67 69 89 3 
37-1-4 1?2.242 = 1 36 87 49 71 16 51 40 88 78 27 58 67 52 85 4 
37-0-12 1?2.434 = 0 71 16 29 51 53 61 46 34 65 73 30 50 84 54 44 62 12 
37-1-2 1?2.245 = 1 36 71 16 29 53 46 61 40 51 49 87 77 33 83 2 
37-0-14 1?2.218 = 0 71 16 51 53 61 46 65 73 30 98 94 42 18 14 
37-0-15 1?2.325 = 0 71 16 51 53 61 46 65 73 30 98 94 42 82 86 15 
37-1-7 1?2.602 = 1 36 87 49 16 29 51 40 88 78 27 99 64 19 97 17 81 72 25 79 7 
37-1-5 1?2.456 = 1 36 87 77 33 83 43 89 85 52 60 63 76 93 21 80 32 31 5 
37-1-8 1?2.545 = 1 36 87 49 71 16 51 40 88 78 27 99 64 19 97 17 81 72 25 59 8 
37-1-6 1?2.546 = 1 36 49 87 77 33 83 43 89 85 52 60 63 76 93 21 80 31 32 6 
37-1-13 1?2.463 = 1 36 87 49 16 29 53 61 46 65 73 30 50 84 54 44 62 95 13 
37-2-3 1?2.346 = 2 33 77 87 49 16 51 40 88 78 27 58 67 52 85 3 
37-2-5 1?2.212 = 2 33 83 43 69 89 85 52 60 63 76 93 21 80 31 5 
37-1-14 1?2.067 = 1 36 77 87 49 16 29 51 53 61 46 42 94 98 18 14 
37-2-4 1?2.25 = 2 33 77 87 49 16 51 40 88 78 27 58 67 52 85 4 
37-1-12 1?2.353 = 1 36 87 49 16 51 40 61 46 65 73 30 50 84 54 92 44 62 12 
37-1-9 1?2.455 = 1 36 49 16 51 53 61 46 65 73 39 26 38 91 24 57 68 56 41 9 
37-1-11 1?2.645 = 1 36 71 16 29 51 40 88 78 27 99 64 19 97 48 55 26 38 91 24 11 
37-1-10 1?2.476 = 1 36 49 16 51 40 88 78 27 99 70 90 26 38 24 91 35 68 56 57 10 
37-1-15 1?2.181 = 1 36 87 49 71 16 51 40 61 46 42 94 18 82 86 15 
37-2-6 1?2.575 = 2 33 77 87 49 16 51 40 88 78 27 58 67 60 21 93 80 32 6 
37-2-13 1?2.53 = 2 33 77 87 49 16 51 40 61 46 65 73 30 50 54 44 62 95 13 
37-3-5 1?2.359 = 3 85 52 21 80 93 60 63 76 20 37 74 32 31 5 
37-3-4 1?2.504 = 3 83 33 77 87 49 51 40 88 78 27 58 67 52 85 4 
37-2-12 1?2.422 = 2 33 77 87 49 16 51 40 61 46 65 73 30 50 84 54 44 62 12 
37-2-9 1?2.559 = 2 83 43 69 67 58 64 19 97 48 55 26 38 91 24 57 68 56 96 41 9 
37-2-11 1?2.642 = 2 33 77 87 49 16 29 53 61 46 65 73 30 50 84 54 92 44 62 11 
37-2-10 1?2.55 = 2 33 77 87 49 51 40 88 78 27 99 64 19 97 48 75 35 68 56 57 10 
37-2-7 1?2.636 = 2 33 77 87 49 16 29 51 40 88 78 27 99 64 19 17 81 72 25 79 7 
37-2-14 1?2.421 = 2 33 77 87 49 16 29 51 53 61 46 65 73 30 98 94 18 14 
37-2-15 1?2.182 = 2 33 77 87 49 71 16 29 51 40 61 46 42 82 86 15 
37-2-8 1?2.643 = 2 33 77 87 49 16 51 40 88 78 27 99 64 19 17 81 72 66 28 22 59 8 
37-4-5 1?2.263 = 4 85 52 21 80 93 60 63 76 20 37 74 32 31 5 
37-3-13 1?2.78 = 3 83 33 77 87 49 16 51 53 61 46 65 73 50 54 92 44 62 95 13 
37-3-12 1?2.647 = 3 83 33 77 87 49 16 51 53 61 46 65 73 30 50 54 92 44 62 12 
37-3-7 1?2.722 = 3 85 52 67 58 64 19 99 70 90 55 48 97 17 81 72 25 79 7 
37-3-11 1?2.691 = 3 83 33 77 87 49 16 51 53 61 46 65 73 30 50 44 54 92 11 
37-3-9 1?2.458 = 3 89 69 67 58 64 19 97 48 55 26 38 24 91 35 68 56 96 41 9 
37-3-14 1?2.724 = 3 43 83 33 77 87 49 71 16 29 51 40 61 46 42 94 98 18 14 
37-3-10 1?2.625 = 3 85 52 67 58 64 19 97 48 55 26 38 24 91 35 57 68 56 41 96 10 
37-3-8 1?2.734 = 3 85 52 67 58 64 19 99 70 90 55 48 97 17 81 72 66 28 22 8 
37-3-6 1?2.661 = 3 43 69 89 85 52 60 63 76 93 21 80 31 32 20 37 74 6 
37-3-15 1?2.737 = 3 83 33 77 87 49 16 29 51 40 61 46 42 94 98 18 86 82 15 
37-4-7 1?2.113 = 4 85 52 60 63 76 93 21 80 31 32 20 74 37 7 
37-5-6 1?2.341 = 5 31 32 80 93 21 60 63 76 17 81 72 47 37 74 6 
37-4-13 1?2.83 = 4 85 52 60 67 58 27 78 88 34 65 73 30 50 84 54 44 62 95 13 
37-4-6 1?2.196 = 4 85 52 60 63 76 93 21 80 31 32 20 37 74 6 
37-4-12 1?2.774 = 4 85 52 60 67 58 27 78 88 61 46 65 73 30 50 84 54 44 62 12 
37-4-9 1?2.411 = 4 85 52 67 58 64 19 97 48 55 26 38 91 24 57 68 56 96 41 9 
37-4-8 1?2.537 = 4 85 52 60 63 76 93 80 31 32 20 74 37 79 25 59 22 8 
37-4-11 1?2.901 = 4 85 52 60 63 76 17 81 72 28 66 75 35 91 24 38 26 84 54 92 11 
37-4-10 1?2.529 = 4 85 52 67 58 64 19 97 48 55 26 38 24 91 35 57 68 56 41 96 10 
37-4-15 1?2.704 = 4 85 52 67 58 27 78 88 61 46 65 73 30 98 94 42 82 15 
37-4-14 1?2.757 = 4 85 52 67 58 27 78 88 40 61 46 65 73 30 98 94 42 18 14 
37-5-7 1?2.243 = 5 31 32 80 93 60 63 76 20 74 37 47 25 59 79 7 
37-6-7 1?2.139 = 6 32 31 80 93 21 60 67 58 63 76 20 74 37 7 
37-6-8 1?1.964 = 6 32 31 80 93 60 63 76 20 74 37 79 59 22 8 
37-5-12 1?2.597 = 5 31 32 80 93 60 67 58 27 78 88 34 65 73 30 50 54 44 62 12 
37-5-13 1?2.767 = 5 31 32 74 37 47 72 81 17 97 48 55 90 70 39 84 54 44 62 95 13 
37-5-8 1?2.488 = 5 31 32 20 74 37 47 81 17 97 48 55 75 66 28 72 25 59 8 
37-5-11 1?2.697 = 5 31 32 74 37 47 72 81 17 97 48 55 90 70 39 84 54 44 92 11 
37-5-10 1?2.34 = 5 31 32 74 37 47 81 17 97 48 55 26 38 24 91 35 68 56 57 10 
37-5-9 1?2.357 = 5 31 32 74 37 47 81 17 97 48 55 26 38 91 24 57 56 68 41 9 
37-5-15 1?2.67 = 5 31 32 80 93 21 60 67 58 27 78 88 40 61 46 42 82 86 15 
37-5-14 1?2.798 = 5 31 32 80 93 21 60 67 58 27 78 88 34 65 73 30 98 94 18 14 
37-7-8 1?2.1 = 7 37 47 81 17 97 48 55 75 66 28 72 25 79 59 8 
37-7-10 1?1.932 = 7 79 25 72 81 17 97 48 55 26 38 24 91 35 68 56 57 10 
37-6-9 1?2.047 = 6 74 37 47 17 97 48 55 26 38 24 91 35 68 56 41 9 
37-7-9 1?1.94 = 7 79 25 72 81 17 97 48 55 75 35 57 68 56 96 41 9 
37-7-11 1?2.42 = 7 79 25 28 72 81 17 97 48 55 90 70 39 84 50 44 54 92 11 
37-6-13 1?2.668 = 6 74 37 47 72 81 17 97 48 55 90 70 39 84 54 44 50 30 95 13 
37-6-11 1?2.607 = 6 74 37 47 17 97 48 55 75 35 91 24 38 26 84 54 44 92 11 
37-6-10 1?2.223 = 6 74 37 47 81 17 97 48 55 26 38 24 91 35 57 56 68 41 96 10 
37-6-12 1?2.555 = 6 74 37 47 81 17 97 48 55 75 35 91 24 38 26 84 54 92 44 62 12 
37-6-15 1?2.695 = 6 32 31 80 93 76 63 60 67 58 27 78 88 40 61 46 42 82 86 15 
37-6-14 1?2.784 = 6 74 37 47 81 17 97 48 55 90 70 39 84 54 44 50 30 98 94 18 14 
37-8-11 1?2.018 = 8 22 59 79 25 72 81 17 97 48 55 26 38 91 24 11 
37-8-9 1?1.689 = 8 22 28 66 75 26 38 24 91 35 57 68 56 96 41 9 
37-8-10 1?1.716 = 8 22 28 66 75 26 38 24 91 35 57 56 68 41 96 10 
37-8-12 1?2.258 = 8 22 28 66 72 81 17 97 48 55 90 70 39 84 50 54 92 44 62 12 
37-8-13 1?2.424 = 8 59 22 28 66 72 81 17 97 48 55 90 70 39 84 54 44 50 95 13 
37-7-13 1?2.579 = 7 79 59 22 28 72 81 17 97 48 55 90 70 39 84 54 92 44 62 95 13 
37-7-12 1?2.383 = 7 79 25 72 81 17 97 48 55 75 35 91 24 38 26 84 54 44 62 12 
37-7-14 1?2.583 = 7 79 25 72 81 17 97 48 55 90 70 39 84 54 44 50 30 98 18 14 
37-7-15 1?2.612 = 7 79 25 72 81 17 97 48 55 90 70 39 73 65 98 94 42 82 86 15 
37-8-14 1?2.496 = 8 59 25 72 81 17 97 48 55 90 70 39 84 54 44 50 30 98 18 14 
37-8-15 1?2.613 = 8 59 25 72 81 17 97 48 55 90 70 39 73 65 30 98 94 42 82 86 15 
37-9-12 1?1.604 = 9 41 68 56 57 35 91 24 38 26 84 54 92 44 62 12 
37-10-12 1?1.62 = 10 96 41 68 56 57 35 91 24 38 26 84 54 44 62 12 
37-10-11 1?1.773 = 10 96 41 68 56 57 35 91 24 38 26 84 54 44 92 11 
37-10-13 1?1.757 = 10 96 41 68 56 57 24 91 38 26 84 54 44 62 95 13 
37-9-11 1?1.746 = 9 41 96 56 68 57 35 91 24 38 26 84 54 44 92 11 
37-9-10 1?1.839 = 9 41 96 56 68 57 35 75 48 97 55 26 38 91 24 10 
37-10-14 1?1.902 = 10 57 56 68 35 24 38 26 84 54 50 30 98 18 14 
37-9-13 1?2.101 = 9 41 96 56 68 57 35 91 24 38 26 84 54 92 44 50 30 95 13 
37-10-15 1?2.307 = 10 57 56 68 35 91 24 38 26 84 54 44 50 30 98 94 42 82 86 15 
37-9-15 1?2.314 = 9 41 96 56 68 57 24 91 38 26 84 54 50 30 98 94 42 82 86 15 
37-9-14 1?2.225 = 9 41 96 56 68 57 35 91 24 38 26 84 54 92 44 50 30 98 18 14 
37-11-12 1?2.01 = 11 10 96 41 68 56 57 35 91 24 38 26 84 54 44 62 12 
37-11-13 1?2.131 = 11 24 91 38 26 55 90 70 39 84 54 92 44 50 95 13 
37-12-13 1?2.199 = 12 62 44 54 84 38 26 55 90 70 39 73 65 30 95 13 
37-13-14 1?2.01 = 13 95 62 44 92 54 84 50 30 98 94 42 82 86 18 14 
37-11-14 1?2.071 = 11 24 91 38 26 84 54 44 50 30 98 94 42 18 14 
37-12-14 1?1.986 = 12 62 44 92 54 84 50 73 65 30 98 94 42 82 86 14 
37-14-15 1?2.272 = 14 18 98 30 50 44 92 54 84 73 65 94 42 82 15 
37-12-15 1?2.212 = 12 62 44 92 54 50 84 39 73 65 30 98 94 42 82 86 15 
37-13-15 1?2.254 = 13 95 62 44 92 54 84 50 73 65 30 98 94 42 82 86 15 
37-11-15 1?2.553 = 11 24 91 38 26 84 54 92 44 50 73 65 30 98 94 42 82 86 15 
stop
