start
465-0-2 1?1.975 = 0 23 49 70 50 73 86 19 46 57 55 84 90 42 77 32 2 
465-0-1 1?2.132 = 0 23 49 70 50 73 86 19 46 57 55 97 18 90 42 66 1 
465-0-4 1?2.235 = 0 23 49 70 50 73 86 19 46 57 55 97 18 80 31 87 71 91 4 
465-0-5 1?2.386 = 0 23 49 70 50 25 73 86 19 46 57 55 97 18 80 31 71 61 98 5 
465-0-9 1?2.485 = 0 23 49 70 50 25 89 88 45 48 34 62 72 92 94 93 38 30 9 
465-0-8 1?2.636 = 0 23 49 70 50 73 86 19 46 57 27 96 65 82 99 78 51 40 95 17 8 
465-0-11 1?2.528 = 0 23 49 86 73 70 50 25 89 88 59 35 63 83 69 47 16 64 11 
465-0-3 1?2.033 = 0 23 49 70 50 73 86 19 46 57 55 97 18 53 79 44 28 3 
465-0-10 1?2.558 = 0 23 49 70 50 25 89 88 45 48 34 81 62 72 92 94 93 85 10 
465-0-6 1?2.458 = 0 23 49 70 50 73 86 19 46 57 55 27 96 65 82 43 68 52 24 6 
465-0-7 1?2.638 = 0 23 49 70 50 73 86 19 46 57 55 27 96 65 82 43 68 99 78 22 7 
465-0-15 1?2.213 = 0 21 84 55 57 46 19 86 73 50 25 70 49 75 58 15 
465-1-8 1?2.604 = 1 66 42 90 18 97 55 57 27 96 65 82 43 68 99 78 51 40 95 33 8 
465-0-14 1?2.249 = 0 23 49 75 58 25 50 70 86 73 74 45 88 89 20 14 
465-0-13 1?2.471 = 0 23 49 75 58 25 50 70 73 86 19 46 74 45 88 59 35 13 
465-1-4 1?2.318 = 1 21 66 42 90 18 97 80 31 87 71 67 53 79 44 28 37 91 4 
465-1-3 1?1.884 = 1 66 42 90 18 97 80 31 87 71 67 53 79 44 28 37 3 
465-1-2 1?2.027 = 1 66 42 90 18 97 80 31 87 71 67 53 79 44 28 32 2 
465-0-12 1?2.282 = 0 23 49 86 73 70 50 25 89 59 35 63 83 69 47 64 16 12 
465-1-5 1?2.653 = 1 21 23 49 70 50 73 86 19 46 57 55 97 18 80 31 71 61 98 5 
465-1-6 1?2.735 = 1 21 66 42 90 18 97 80 31 71 87 36 27 96 65 82 43 68 52 24 6 
465-1-7 1?2.819 = 1 21 66 42 90 18 80 97 55 57 27 96 65 82 43 68 99 51 78 22 7 
465-1-15 1?1.971 = 1 66 42 90 18 97 55 57 46 19 86 73 50 70 75 15 
465-1-14 1?1.999 = 1 66 42 90 84 55 57 46 19 86 73 50 25 89 20 14 
465-1-12 1?2.501 = 1 66 42 90 84 55 57 46 19 86 73 70 50 25 89 88 63 12 
465-1-13 1?2.235 = 1 66 42 90 84 55 57 46 19 86 73 70 50 25 89 59 35 13 
465-2-5 1?1.995 = 2 32 77 42 90 84 97 18 80 53 79 67 31 71 87 61 98 5 
465-2-4 1?1.893 = 2 32 66 42 90 77 28 44 79 53 67 31 87 71 61 91 4 
465-1-9 1?2.754 = 1 66 42 90 18 97 55 57 27 96 65 82 43 68 99 51 40 95 33 9 
465-1-10 1?2.788 = 1 66 42 90 18 80 36 43 68 99 51 40 95 33 56 30 38 85 10 
465-2-3 1?1.703 = 2 32 77 42 90 18 97 80 31 87 71 67 53 79 44 28 3 
465-2-6 1?2.554 = 2 32 28 37 44 79 53 67 31 71 87 36 27 96 65 82 43 52 24 6 
465-1-11 1?2.68 = 1 21 84 55 57 46 19 86 73 70 50 25 89 88 63 69 47 64 11 
465-2-15 1?1.774 = 2 32 77 42 84 55 57 46 19 86 73 50 70 75 58 15 
465-2-13 1?2.194 = 2 32 77 42 90 18 97 55 57 46 19 86 73 70 50 25 89 59 35 13 
465-2-12 1?2.424 = 2 32 77 42 90 18 97 55 57 46 19 86 73 50 25 89 88 63 12 
465-3-5 1?1.924 = 3 28 44 79 53 18 97 80 67 31 87 71 61 54 60 39 5 
465-3-4 1?1.922 = 3 28 44 77 42 90 18 97 80 53 79 67 31 87 71 91 4 
465-2-14 1?1.994 = 2 32 77 42 90 18 97 55 57 46 19 86 73 70 50 25 89 20 14 
465-2-9 1?2.553 = 2 32 77 42 90 18 97 55 57 46 41 92 72 94 93 38 30 56 9 
465-2-10 1?2.688 = 2 32 28 44 53 67 31 71 87 43 68 99 51 40 56 30 38 93 85 10 
465-2-8 1?2.501 = 2 32 77 42 90 18 97 55 57 27 96 65 82 43 68 99 78 51 40 95 17 8 
465-2-11 1?2.611 = 2 32 77 90 84 19 86 73 70 50 25 89 88 63 83 69 47 64 11 
465-2-7 1?2.576 = 2 32 28 44 79 53 67 31 71 87 36 27 96 65 82 43 68 99 78 22 7 
465-3-15 1?1.939 = 3 28 44 53 18 97 55 57 46 19 86 73 70 50 25 75 58 15 
465-4-5 1?2.032 = 4 91 37 28 44 79 53 67 31 87 71 61 98 54 60 39 5 
465-3-12 1?2.42 = 3 28 44 53 18 97 55 57 46 19 86 73 70 50 25 89 88 63 12 
465-3-13 1?2.229 = 3 28 44 79 53 80 18 97 55 57 46 19 86 73 50 25 89 59 35 13 
465-3-14 1?2.065 = 3 28 44 79 53 80 18 97 55 57 46 19 86 73 70 50 25 89 20 14 
465-3-8 1?2.236 = 3 37 28 44 79 53 67 31 71 87 43 68 99 78 51 40 95 33 17 8 
465-3-6 1?2.171 = 3 28 44 79 53 67 31 71 87 36 27 96 65 82 43 68 52 24 6 
465-3-9 1?2.533 = 3 37 44 79 53 67 31 71 87 36 82 65 92 72 94 93 38 30 56 9 
465-3-10 1?2.583 = 3 37 44 53 67 31 71 87 43 99 51 40 95 33 56 30 38 93 85 10 
465-3-7 1?2.325 = 3 28 44 79 53 67 31 71 87 36 27 96 65 82 43 68 52 24 7 
465-3-11 1?2.673 = 3 37 28 44 79 53 67 31 80 18 97 55 57 46 74 45 83 69 47 64 11 
465-4-6 1?2.159 = 4 37 28 44 79 53 18 97 80 31 87 71 61 98 39 60 6 
465-5-6 1?2.251 = 5 98 61 71 87 31 67 80 18 97 36 82 43 68 52 24 6 
465-4-15 1?2.118 = 4 91 71 31 80 18 97 55 57 46 19 86 73 70 50 25 75 58 15 
465-4-8 1?2.271 = 4 91 71 31 36 27 96 65 82 43 68 99 78 51 40 95 33 8 
465-4-9 1?2.545 = 4 91 61 71 87 36 82 43 68 99 78 51 40 95 33 56 30 38 9 
465-4-13 1?2.414 = 4 91 61 71 31 80 18 97 55 57 46 19 86 73 70 50 25 89 59 35 13 
465-4-12 1?2.66 = 4 91 71 31 80 97 55 57 46 19 86 73 70 50 25 89 88 63 16 12 
465-4-14 1?2.292 = 4 91 61 71 31 67 80 18 97 55 57 46 19 86 73 70 50 25 89 20 14 
465-4-10 1?2.503 = 4 91 61 71 87 43 68 99 78 51 40 95 33 56 30 38 93 85 10 
465-4-7 1?2.4 = 4 91 61 71 87 31 36 27 96 65 82 43 68 99 51 78 22 7 
465-4-11 1?2.788 = 4 91 67 80 97 55 57 46 19 73 70 50 25 89 88 63 69 47 64 11 
465-5-8 1?2.109 = 5 39 60 24 52 68 43 82 65 99 78 51 40 95 33 8 
465-6-8 1?2.157 = 6 60 24 52 68 43 82 65 99 78 51 40 95 33 17 8 
465-5-13 1?2.382 = 5 98 61 71 31 80 97 55 57 46 19 86 73 70 50 25 89 59 35 13 
465-5-9 1?2.365 = 5 39 60 24 26 22 78 51 40 95 17 33 56 30 38 93 85 9 
465-5-14 1?2.307 = 5 98 61 71 31 67 80 18 97 55 57 46 19 86 73 70 50 25 89 20 14 
465-5-7 1?2.319 = 5 98 61 71 87 36 27 96 65 82 43 68 99 51 78 22 7 
465-6-7 1?2.468 = 6 60 39 98 61 71 87 31 36 82 43 68 99 51 78 22 7 
465-5-15 1?2.412 = 5 98 61 71 31 67 80 18 97 55 57 46 19 86 73 50 70 49 23 75 58 15 
465-5-12 1?2.695 = 5 98 61 71 31 80 18 97 55 57 46 19 86 73 70 50 25 89 88 63 12 
465-5-10 1?2.497 = 5 39 60 54 52 24 26 22 78 51 40 95 33 56 30 38 93 85 10 
465-5-11 1?2.598 = 5 39 60 24 26 22 78 51 40 95 17 33 56 30 38 93 85 29 11 
465-7-8 1?2.547 = 7 6 60 24 52 68 43 82 65 99 78 51 40 95 33 17 8 
465-6-9 1?2.131 = 6 24 26 22 78 51 40 95 17 33 56 30 38 93 85 9 
465-7-9 1?2.285 = 7 24 26 22 78 51 40 95 17 33 56 30 38 93 85 9 
465-6-13 1?2.518 = 6 24 52 68 43 82 65 96 27 57 46 19 86 73 50 25 89 59 35 13 
465-6-12 1?2.692 = 6 24 26 22 40 95 33 56 30 38 93 94 92 72 62 81 47 16 12 
465-7-10 1?2.638 = 7 17 95 33 56 30 38 93 94 92 72 62 81 83 69 47 29 10 
465-6-10 1?2.445 = 6 60 39 54 52 26 22 78 51 40 95 17 33 56 30 38 93 85 10 
465-6-14 1?2.354 = 6 24 52 68 43 82 65 96 27 57 46 19 86 73 70 50 25 89 20 14 
465-6-15 1?2.538 = 6 24 26 52 68 43 82 65 96 27 55 57 46 19 86 73 70 50 25 75 58 15 
465-6-11 1?2.57 = 6 60 24 26 22 78 51 40 95 17 33 56 30 38 93 85 29 11 
465-7-11 1?2.41 = 7 17 95 33 56 30 38 93 94 92 72 62 81 83 69 47 64 11 
465-8-10 1?1.965 = 8 17 33 95 40 56 30 38 93 94 92 72 62 29 10 
465-8-9 1?2.178 = 8 17 95 33 56 30 38 93 94 92 72 62 29 85 9 
465-7-14 1?2.488 = 7 22 78 99 43 82 65 96 27 57 46 19 86 73 70 50 25 89 20 14 
465-8-15 1?2.401 = 8 33 95 40 51 99 82 65 96 27 57 46 19 73 50 70 75 58 15 
465-8-13 1?2.268 = 8 33 95 40 56 30 38 93 94 92 72 62 81 47 69 83 63 13 
465-7-13 1?2.619 = 7 17 33 95 40 56 30 38 93 94 92 72 62 81 47 69 83 63 13 
465-8-12 1?2.153 = 8 33 95 40 56 30 38 93 94 92 72 62 81 83 69 47 16 12 
465-7-12 1?2.474 = 7 17 95 33 56 30 38 93 94 92 72 62 81 83 69 47 64 16 12 
465-8-14 1?2.43 = 8 17 95 33 56 30 38 93 94 92 72 62 81 83 69 63 35 59 14 
465-7-15 1?2.641 = 7 22 78 51 99 68 43 82 65 96 27 55 57 46 19 86 73 50 70 75 58 15 
465-8-11 1?2.135 = 8 17 95 33 56 30 38 93 94 92 72 62 81 83 69 47 64 11 
465-9-10 1?2.1 = 9 56 30 38 93 94 92 72 62 81 83 69 47 29 10 
465-10-12 1?1.902 = 10 85 93 38 30 56 94 92 72 62 81 47 64 16 12 
465-9-12 1?2.035 = 9 30 38 93 94 92 72 62 81 34 48 83 69 47 64 16 12 
465-10-13 1?2.225 = 10 85 93 38 30 94 92 72 62 81 47 69 83 63 35 59 13 
465-9-13 1?2.282 = 9 56 30 38 93 94 92 72 62 81 34 48 83 69 63 35 59 13 
465-9-11 1?1.872 = 9 56 30 38 93 94 92 72 62 81 83 69 47 64 11 
465-9-15 1?2.324 = 9 30 38 93 94 92 72 62 34 48 45 88 89 25 50 70 75 15 
465-10-11 1?1.942 = 10 85 93 38 30 94 92 72 62 81 83 69 47 64 11 
465-9-14 1?2.382 = 9 56 30 38 93 94 92 72 62 34 48 74 73 50 25 89 20 14 
465-10-14 1?2.384 = 10 85 93 38 30 94 92 72 62 81 47 69 83 63 35 59 20 14 
465-10-15 1?2.399 = 10 85 93 94 92 72 62 81 34 48 45 88 89 25 50 70 75 58 15 
465-12-15 1?1.796 = 12 16 64 47 69 83 63 88 89 25 50 70 75 58 15 
465-11-12 1?2.149 = 11 29 85 93 38 30 56 94 92 72 62 81 47 16 12 
465-14-15 1?2.212 = 14 13 35 59 88 89 25 50 70 73 86 19 23 49 75 58 15 
465-13-15 1?1.822 = 13 35 59 88 89 25 50 70 73 86 19 23 49 75 58 15 
465-11-13 1?2.233 = 11 64 47 69 83 81 62 72 92 76 48 45 88 59 35 13 
465-12-13 1?2.202 = 12 16 69 47 81 62 72 92 76 48 34 83 63 35 59 13 
465-13-14 1?1.921 = 13 35 59 88 89 25 50 70 73 86 23 49 75 58 20 14 
465-12-14 1?2.006 = 12 16 69 83 63 88 89 25 50 70 49 75 58 20 14 
465-11-15 1?2.131 = 11 64 47 69 83 63 88 89 25 50 70 73 86 23 49 75 58 15 
465-11-14 1?2.267 = 11 64 47 69 83 63 35 59 89 25 50 70 49 75 58 20 14 
stop
