start
888-0-2 1?1.659 = 0 74 98 43 96 30 57 66 77 54 40 63 85 32 88 2 
888-0-3 1?1.719 = 0 74 98 43 96 30 57 66 77 54 40 63 85 32 88 3 
888-0-1 1?1.949 = 0 74 98 43 96 30 57 66 77 54 40 63 85 32 71 1 
888-0-4 1?2.003 = 0 74 98 43 96 30 57 66 19 79 69 60 61 87 20 24 50 52 4 
888-0-6 1?2.395 = 0 74 98 43 96 30 57 66 19 79 69 60 61 87 20 46 45 49 99 89 6 
888-0-5 1?2.292 = 0 74 98 43 96 30 57 66 19 79 69 60 61 87 20 46 45 49 99 89 5 
888-0-11 1?2.559 = 0 74 98 43 93 95 38 28 80 27 72 58 56 53 42 44 68 17 67 11 
888-0-8 1?2.554 = 0 74 98 43 96 30 57 66 61 87 60 19 79 69 65 39 86 97 34 70 64 8 
888-0-7 1?2.564 = 0 74 98 43 96 30 57 66 61 87 60 19 69 65 39 97 34 70 55 7 
888-0-10 1?2.595 = 0 74 98 93 95 28 80 27 72 58 56 53 23 31 90 48 62 22 91 10 
888-0-9 1?2.498 = 0 98 43 96 30 57 66 61 87 60 19 79 69 65 39 97 34 81 83 82 25 9 
888-1-3 1?1.747 = 1 71 54 77 57 66 19 79 69 60 61 87 20 63 85 3 
888-1-2 1?1.748 = 1 71 54 77 57 66 19 60 61 87 20 85 63 32 88 2 
888-0-14 1?2.07 = 0 74 98 43 96 29 73 37 58 72 27 80 28 95 38 14 
888-0-13 1?1.955 = 0 74 98 93 95 28 80 27 72 58 56 53 42 44 68 13 
888-0-15 1?1.812 = 0 74 98 43 96 29 73 37 58 72 27 80 28 95 38 15 
888-1-7 1?2.442 = 1 71 54 77 57 66 61 87 60 19 79 69 65 39 97 34 70 55 7 
888-1-5 1?2.172 = 1 71 32 85 63 40 54 77 57 66 19 79 69 60 61 87 20 46 5 
888-1-6 1?2.413 = 1 71 32 85 63 40 54 77 57 66 19 60 61 87 20 46 49 99 89 6 
888-1-8 1?2.402 = 1 71 54 77 57 66 61 87 60 19 79 69 65 39 86 97 34 70 64 8 
888-0-12 1?2.523 = 0 74 30 96 43 98 93 95 28 80 27 72 58 56 53 42 44 68 17 12 
888-1-4 1?2.019 = 1 71 32 85 63 40 54 77 57 66 19 79 69 60 61 87 20 24 4 
888-1-13 1?2.288 = 1 74 98 43 93 95 38 28 80 27 72 58 56 53 42 44 68 13 
888-2-3 1?1.524 = 2 71 54 77 57 66 19 79 69 60 61 87 20 63 85 3 
888-1-14 1?2.379 = 1 71 54 77 57 66 61 87 60 19 69 79 36 18 29 73 37 27 14 
888-2-5 1?1.723 = 2 71 54 77 57 66 19 79 69 60 61 87 20 46 45 49 5 
888-2-4 1?1.598 = 2 71 54 77 57 66 19 69 60 61 87 20 24 50 52 4 
888-1-15 1?1.923 = 1 74 98 43 96 29 73 37 58 72 27 80 28 95 38 15 
888-2-6 1?2.112 = 2 88 32 85 63 40 54 77 57 66 61 87 60 19 79 69 45 49 89 6 
888-1-11 1?2.448 = 1 74 98 93 95 28 80 27 72 58 56 53 42 44 68 17 67 11 
888-1-10 1?2.547 = 1 71 54 77 57 66 61 87 60 19 69 65 39 97 21 16 59 48 35 91 10 
888-1-12 1?2.351 = 1 74 98 43 93 95 38 28 80 27 72 58 56 53 42 44 68 17 12 
888-1-9 1?2.397 = 1 71 54 77 57 66 61 87 60 19 79 69 65 39 97 34 81 83 82 25 9 
888-2-13 1?2.268 = 2 71 54 77 66 61 87 60 19 79 36 18 29 73 37 72 58 13 
888-3-5 1?1.732 = 3 85 63 40 54 77 57 66 19 60 61 87 20 46 45 49 5 
888-2-14 1?2.156 = 2 71 54 77 57 66 61 87 60 19 69 79 36 18 29 73 37 27 14 
888-2-15 1?1.83 = 2 88 32 85 63 40 54 77 57 30 96 43 98 93 95 15 
888-3-4 1?1.582 = 3 85 63 40 54 77 57 66 60 61 87 20 24 50 52 4 
888-2-7 1?2.33 = 2 71 54 77 57 66 61 87 60 19 79 69 65 86 97 34 70 55 26 7 
888-2-8 1?2.333 = 2 71 54 77 57 66 61 87 60 19 79 69 65 86 97 21 16 51 34 70 64 8 
888-2-12 1?2.399 = 2 71 54 77 66 61 87 60 19 69 79 76 94 41 23 44 42 68 17 12 
888-2-11 1?2.43 = 2 88 32 71 54 77 57 66 61 87 60 19 69 79 76 94 31 33 78 67 11 
888-2-10 1?2.385 = 2 71 54 77 61 87 60 19 79 69 65 39 97 21 16 51 59 48 62 22 91 10 
888-2-9 1?2.293 = 2 71 54 77 57 66 61 87 60 19 79 69 65 86 97 21 16 51 81 83 82 25 9 
888-3-6 1?1.913 = 3 85 63 40 54 77 57 66 19 60 61 87 20 45 49 89 6 
888-4-5 1?1.887 = 4 52 50 85 63 40 54 77 57 66 60 61 87 20 46 5 
888-3-13 1?2.366 = 3 85 63 40 54 77 57 66 61 87 60 19 79 36 18 73 37 72 58 13 
888-3-7 1?2.193 = 3 85 63 40 54 77 57 66 61 87 60 19 79 69 65 39 84 26 92 7 
888-3-14 1?2.25 = 3 85 63 40 54 77 57 66 61 87 60 19 79 36 18 73 37 58 72 14 
888-3-8 1?2.202 = 3 85 63 40 54 77 57 66 61 87 60 19 69 65 39 97 34 70 64 8 
888-3-15 1?2.123 = 3 85 63 40 54 77 57 66 61 87 60 19 69 79 36 18 29 28 95 15 
888-3-9 1?2.219 = 3 85 63 40 77 57 66 61 60 19 79 69 65 39 97 34 81 83 82 25 9 
888-3-10 1?2.391 = 3 52 50 24 20 87 61 60 19 79 69 65 39 97 21 16 59 48 62 22 91 10 
888-3-11 1?2.433 = 3 85 63 40 54 77 57 66 61 87 60 19 69 79 76 41 31 33 78 67 11 
888-3-12 1?2.484 = 3 85 63 40 54 77 57 66 61 87 60 19 69 79 76 94 41 23 44 68 17 12 
888-4-7 1?2.122 = 4 52 50 24 20 87 61 60 19 79 69 65 39 84 26 92 7 
888-4-6 1?2.107 = 4 52 50 85 63 40 54 77 57 66 61 87 20 45 49 89 6 
888-5-6 1?2.435 = 5 49 45 46 20 87 61 60 19 79 69 65 39 86 21 97 84 6 
888-4-8 1?2.234 = 4 52 50 24 20 87 61 60 19 79 69 65 39 86 97 34 70 64 8 
888-4-13 1?2.545 = 4 52 50 24 20 87 61 60 19 69 79 36 18 29 73 37 56 42 44 68 13 
888-4-14 1?2.421 = 4 52 50 24 20 87 61 60 19 79 36 18 29 73 37 53 56 58 72 14 
888-4-15 1?2.268 = 4 52 50 24 20 87 61 60 69 79 19 66 57 30 43 98 93 95 38 15 
888-4-9 1?2.202 = 4 24 20 87 61 60 19 79 69 65 86 97 21 16 51 81 83 82 25 9 
888-4-10 1?2.398 = 4 24 20 87 61 60 19 79 69 65 86 97 21 16 51 59 48 62 22 91 10 
888-4-11 1?2.463 = 4 24 20 87 61 60 19 79 69 65 39 97 21 16 51 59 48 62 78 67 11 
888-4-12 1?2.568 = 4 52 50 24 20 87 61 60 19 69 79 36 18 29 73 37 56 42 68 17 12 
888-5-8 1?2.241 = 5 46 20 87 61 60 19 79 69 65 39 86 97 34 70 64 8 
888-6-7 1?2.442 = 6 84 39 65 86 97 21 16 51 34 81 70 55 26 92 7 
888-5-7 1?2.265 = 5 49 45 46 20 87 61 60 19 79 69 65 39 84 26 55 7 
888-6-8 1?2.407 = 6 89 49 45 20 87 61 60 19 69 65 39 97 34 70 64 8 
888-5-13 1?2.659 = 5 49 45 46 20 87 61 60 19 69 79 36 18 73 29 37 56 42 44 68 13 
888-5-14 1?2.58 = 5 46 20 87 61 60 19 69 79 76 94 41 18 29 73 37 56 58 72 14 
888-5-9 1?2.322 = 5 46 20 87 61 60 19 79 69 65 39 97 21 16 51 81 83 82 25 9 
888-5-15 1?2.432 = 5 49 45 46 20 87 61 60 19 69 79 36 30 96 43 74 98 93 95 38 15 
888-5-10 1?2.461 = 5 46 20 87 61 60 19 79 69 65 39 97 21 16 59 48 62 22 91 10 
888-5-11 1?2.586 = 5 46 20 87 61 60 19 69 65 39 97 21 16 51 59 48 62 78 67 11 
888-5-12 1?2.648 = 5 49 45 20 87 61 60 19 69 79 36 18 29 73 37 56 42 44 68 17 12 
888-7-8 1?2.344 = 7 26 55 64 70 34 97 86 21 16 51 81 83 82 25 8 
888-7-9 1?2.156 = 7 92 26 55 64 70 34 97 21 16 51 59 81 83 25 9 
888-6-9 1?2.404 = 6 92 26 55 64 70 81 34 97 21 16 51 59 83 25 9 
888-6-13 1?2.743 = 6 92 26 55 70 81 34 51 16 59 48 62 90 31 33 75 44 68 13 
888-7-10 1?2.042 = 7 92 26 55 64 70 81 34 51 16 59 48 62 22 91 10 
888-6-14 1?2.74 = 6 92 26 55 70 81 34 51 16 59 48 62 90 31 23 53 56 58 72 14 
888-6-15 1?2.566 = 6 89 99 49 46 20 87 61 60 19 69 79 36 30 96 43 98 93 95 38 15 
888-6-10 1?2.514 = 6 92 26 55 70 81 51 16 59 48 62 90 31 33 78 22 91 10 
888-7-11 1?2.378 = 7 92 26 55 64 70 34 51 16 59 48 62 90 31 33 78 67 11 
888-6-11 1?2.658 = 6 92 26 55 70 82 83 81 51 16 59 48 62 90 31 33 78 67 11 
888-6-12 1?2.667 = 6 92 26 55 70 81 34 51 59 48 62 78 33 75 44 42 68 17 12 
888-8-9 1?2.283 = 8 64 70 81 51 16 90 31 33 62 48 59 83 82 25 9 
888-8-13 1?2.528 = 8 64 70 81 51 16 59 48 62 90 31 23 53 56 58 42 44 68 13 
888-8-10 1?2.068 = 8 64 70 81 51 16 59 48 62 90 31 33 78 22 91 10 
888-7-13 1?2.658 = 7 92 26 55 70 34 51 16 59 48 62 90 31 23 53 56 42 44 68 13 
888-8-11 1?2.304 = 8 64 82 83 81 70 34 51 16 59 48 62 90 31 33 78 67 11 
888-8-14 1?2.576 = 8 64 70 34 51 16 59 48 62 90 31 33 75 44 42 53 56 58 72 14 
888-7-14 1?2.665 = 7 92 26 55 70 81 51 16 59 48 62 78 33 75 44 42 53 56 58 72 14 
888-8-12 1?2.316 = 8 64 70 81 51 16 59 48 62 90 31 33 75 44 42 68 17 12 
888-7-15 1?2.483 = 7 55 70 81 51 16 59 90 31 23 53 56 58 72 27 80 28 95 38 15 
888-7-12 1?2.415 = 7 92 26 55 70 81 51 16 59 48 62 78 33 75 44 42 68 17 12 
888-8-15 1?2.523 = 8 64 70 81 51 16 59 48 62 90 31 23 53 56 58 72 27 80 28 95 38 15 
888-10-13 1?2.482 = 10 91 22 62 48 59 51 16 90 31 23 53 56 58 42 44 68 13 
888-9-13 1?2.303 = 9 25 82 83 81 70 34 51 16 59 48 62 78 33 75 44 42 68 13 
888-10-14 1?2.353 = 10 91 22 78 33 75 44 42 53 56 58 72 27 80 28 95 38 14 
888-10-11 1?2.098 = 10 91 47 22 62 48 59 51 16 90 31 33 78 67 11 
888-9-10 1?1.993 = 9 25 82 83 81 34 51 16 59 90 31 33 78 22 91 10 
888-9-11 1?2.055 = 9 25 82 83 81 34 51 16 59 48 62 90 31 33 78 67 11 
888-10-12 1?2.288 = 10 91 47 22 78 33 90 31 23 53 56 42 44 68 17 12 
888-9-14 1?2.398 = 9 25 82 83 81 70 34 51 16 59 48 62 90 31 23 53 56 58 72 14 
888-9-12 1?2.191 = 9 25 82 83 81 34 51 59 48 62 78 33 75 44 42 68 17 12 
888-10-15 1?2.447 = 10 91 22 78 33 62 48 90 31 23 53 56 58 72 27 80 28 95 38 15 
888-9-15 1?2.442 = 9 25 82 83 81 51 16 59 48 62 90 31 23 53 56 58 72 27 80 28 95 15 
888-14-15 1?1.974 = 14 72 58 56 37 73 29 96 43 74 98 93 95 38 15 
888-13-15 1?1.964 = 13 17 68 44 42 53 56 58 72 27 80 28 93 95 38 15 
888-12-13 1?2.34 = 12 17 68 44 42 53 56 37 73 29 28 80 27 72 58 13 
888-11-13 1?2.301 = 11 67 78 33 62 90 31 23 53 56 58 42 44 68 13 
888-11-14 1?2.142 = 11 67 17 68 44 42 53 56 58 72 27 80 28 95 38 14 
888-13-14 1?2.206 = 13 68 17 75 44 42 53 56 58 72 27 80 28 95 38 14 
888-12-14 1?2.09 = 12 17 68 44 42 53 56 58 72 27 80 28 93 95 38 14 
888-12-15 1?1.832 = 12 17 68 44 42 53 56 58 72 27 80 28 93 95 38 15 
888-11-12 1?2.167 = 11 67 78 62 48 90 31 23 53 56 42 44 68 17 12 
888-11-15 1?2.356 = 11 67 78 33 62 48 90 31 23 53 56 58 72 27 80 28 95 38 15 
stop
