start
245-0-2 1?1.996 = 0 37 67 36 43 93 57 86 30 66 24 33 45 32 2 
245-0-1 1?2.101 = 0 76 91 37 67 36 74 43 93 57 92 86 83 87 50 1 
245-0-4 1?2.161 = 0 76 91 37 67 36 74 43 93 57 86 92 30 66 21 73 68 34 4 
245-0-5 1?2.158 = 0 37 67 36 74 43 93 57 86 92 30 66 70 60 23 84 22 75 5 
245-0-9 1?2.461 = 0 37 67 36 74 43 93 57 86 92 47 95 72 25 78 20 89 99 85 42 9 
245-0-11 1?2.288 = 0 76 37 67 36 74 43 93 86 57 90 27 44 52 54 26 77 59 40 11 
245-0-3 1?2.021 = 0 37 67 36 43 93 57 86 30 66 24 33 45 32 3 
245-0-10 1?2.385 = 0 76 91 37 67 36 74 43 93 57 86 92 49 31 78 20 29 51 19 96 17 10 
245-0-8 1?2.526 = 0 76 37 67 36 74 43 93 57 86 30 66 70 55 47 95 72 64 39 8 
245-0-7 1?2.404 = 0 76 91 37 67 36 74 43 93 57 86 92 95 47 55 98 69 16 53 7 
245-0-6 1?2.313 = 0 37 67 36 74 43 93 57 86 92 95 47 55 98 60 23 84 22 75 6 
245-1-4 1?2.068 = 1 37 67 36 74 43 93 57 86 30 66 24 73 68 34 4 
245-1-2 1?2.12 = 1 37 67 36 43 93 57 86 30 66 24 33 45 32 2 
245-1-5 1?2.204 = 1 37 67 36 74 43 93 57 86 30 66 70 60 23 84 22 75 5 
245-0-15 1?1.896 = 0 76 91 37 67 36 43 93 86 57 90 27 88 97 15 
245-0-13 1?1.784 = 0 37 67 36 74 43 93 86 57 90 27 44 28 65 13 
245-0-14 1?1.881 = 0 76 37 67 36 74 43 93 86 57 90 27 44 79 41 14 
245-1-3 1?2.145 = 1 37 67 36 43 93 57 86 30 66 24 33 45 32 3 
245-1-6 1?2.391 = 1 37 67 36 74 43 93 57 86 92 95 47 55 98 23 84 22 75 6 
245-1-8 1?2.587 = 1 37 67 36 74 43 93 57 86 30 66 70 55 47 95 72 64 39 8 
245-1-7 1?2.463 = 1 37 67 36 74 43 93 57 86 92 95 47 55 98 94 69 16 53 7 
245-0-12 1?2.24 = 0 76 91 37 67 36 74 43 93 86 57 90 27 44 52 54 26 38 12 
245-2-5 1?2.035 = 2 32 45 33 24 66 70 55 98 23 84 22 75 63 5 
245-2-4 1?2.174 = 2 32 45 33 24 66 70 55 98 60 23 84 22 61 4 
245-1-15 1?2.024 = 1 37 67 36 74 43 93 57 86 92 90 27 88 97 15 
245-1-13 1?2.453 = 1 87 83 50 36 74 43 93 57 86 92 90 27 81 44 79 28 65 13 
245-1-12 1?2.491 = 1 37 67 36 74 43 93 86 57 90 27 44 79 28 52 54 26 77 38 12 
245-2-3 1?2.22 = 2 32 45 33 24 21 60 23 84 22 61 35 68 34 18 3 
245-1-11 1?2.462 = 1 37 67 36 74 43 93 86 57 90 27 44 52 54 26 38 77 59 40 11 
245-2-6 1?2.397 = 2 87 83 50 36 74 43 93 57 86 30 66 70 60 23 84 22 75 6 
245-1-10 1?2.453 = 1 37 67 36 74 43 93 57 86 92 47 95 72 25 78 20 29 51 19 96 10 
245-1-14 1?2.06 = 1 37 67 36 43 93 57 86 92 90 27 44 79 41 14 
245-1-9 1?2.526 = 1 37 67 36 74 43 93 57 86 92 47 95 72 25 78 20 89 99 42 9 
245-3-5 1?2.106 = 3 18 68 35 60 70 47 95 55 98 84 22 75 63 5 
245-3-4 1?2.243 = 3 18 68 35 60 70 47 95 55 98 23 84 22 61 4 
245-2-15 1?2.109 = 2 87 83 50 36 74 43 93 86 57 90 27 88 58 15 
245-2-13 1?2.395 = 2 32 45 87 83 50 36 74 43 93 86 57 90 27 44 79 28 65 13 
245-2-12 1?2.563 = 2 87 83 50 36 74 43 93 86 57 90 27 44 52 54 62 26 77 38 12 
245-2-11 1?2.576 = 2 87 83 36 74 43 93 86 57 90 27 44 52 54 26 38 77 59 40 11 
245-2-10 1?2.567 = 2 87 83 36 74 43 93 57 86 92 47 95 72 25 78 20 29 51 19 96 10 
245-2-8 1?2.663 = 2 87 83 36 74 43 93 57 86 92 95 47 55 98 69 16 53 8 
245-2-14 1?2.109 = 2 87 83 50 36 74 43 93 86 57 90 27 44 79 41 14 
245-2-7 1?2.479 = 2 87 83 50 36 74 43 93 57 86 92 95 47 55 94 16 53 7 
245-2-9 1?2.677 = 2 87 83 50 36 74 43 93 57 86 92 47 95 72 25 78 89 99 85 42 9 
245-4-5 1?2.033 = 4 34 35 23 60 70 47 95 55 98 84 22 75 63 5 
245-3-6 1?2.468 = 3 18 32 45 33 24 21 70 47 95 55 98 23 84 22 75 6 
245-3-12 1?2.633 = 3 32 87 83 50 36 74 43 93 86 57 90 27 44 52 54 26 77 38 12 
245-3-13 1?2.557 = 3 32 45 87 83 50 36 74 43 93 57 86 92 90 27 44 79 28 65 13 
245-3-15 1?2.329 = 3 32 45 33 24 66 30 92 86 57 93 43 74 36 67 37 91 15 
245-3-11 1?2.718 = 3 18 34 61 22 84 23 98 55 47 95 72 25 78 20 29 51 19 96 82 46 11 
245-3-9 1?2.447 = 3 18 34 61 22 84 23 98 55 47 95 72 25 78 89 99 42 9 
245-3-8 1?2.618 = 3 18 34 68 35 23 60 98 55 47 95 72 25 78 89 99 85 42 8 
245-3-7 1?2.423 = 3 18 34 61 75 22 84 23 60 98 55 47 95 94 16 53 7 
245-3-10 1?2.611 = 3 18 34 61 22 84 23 60 98 55 47 95 72 25 78 20 29 51 19 71 17 10 
245-3-14 1?2.51 = 3 32 87 83 50 36 74 43 93 86 57 90 27 44 79 28 65 41 14 
245-4-6 1?2.16 = 4 34 68 35 73 24 33 30 66 70 60 23 84 22 75 6 
245-5-6 1?2.06 = 5 63 75 22 84 23 60 98 55 47 95 94 16 56 6 
245-4-9 1?2.174 = 4 61 22 84 23 60 98 55 47 95 72 25 89 99 85 42 9 
245-4-8 1?2.397 = 4 61 22 84 23 60 98 55 47 95 72 25 89 99 85 42 8 
245-4-10 1?2.386 = 4 34 61 22 84 23 60 98 55 47 95 72 25 78 20 29 51 19 96 17 10 
245-4-12 1?2.625 = 4 61 22 84 23 60 98 55 47 95 72 25 78 20 29 48 62 26 77 38 12 
245-4-15 1?2.31 = 4 34 68 73 21 24 66 30 92 86 57 93 43 74 36 67 37 91 15 
245-4-7 1?2.289 = 4 34 68 35 61 22 84 23 60 98 55 47 95 94 16 53 7 
245-4-11 1?2.576 = 4 61 22 84 23 60 98 55 47 95 72 25 78 20 29 51 19 96 82 59 40 11 
245-4-13 1?2.577 = 4 61 22 84 23 98 55 47 95 92 86 57 90 27 44 79 28 65 13 
245-4-14 1?2.612 = 4 61 22 84 23 60 98 55 47 95 92 86 57 90 27 44 79 41 14 
245-6-8 1?2.129 = 6 75 22 84 23 60 98 55 47 95 94 69 16 53 8 
245-5-9 1?1.976 = 5 63 75 22 84 23 98 55 47 95 72 25 89 99 42 9 
245-5-8 1?2.197 = 5 63 75 22 84 23 98 55 47 95 72 25 89 99 39 8 
245-5-7 1?1.888 = 5 63 75 22 84 23 60 98 55 47 95 94 16 53 7 
245-5-11 1?2.254 = 5 63 75 22 84 23 60 98 55 47 95 72 25 78 20 29 51 82 46 11 
245-5-10 1?2.099 = 5 63 75 22 84 23 60 98 55 47 95 72 25 78 20 29 51 19 96 10 
245-6-7 1?1.956 = 6 75 22 84 23 60 98 55 47 95 94 69 16 53 7 
245-5-15 1?2.312 = 5 63 75 22 84 23 60 70 66 30 92 86 57 93 43 74 36 67 91 15 
245-5-12 1?2.532 = 5 63 75 22 84 23 60 98 55 47 95 72 25 78 20 29 48 62 26 77 38 12 
245-5-13 1?2.471 = 5 63 61 22 84 23 60 98 55 47 95 92 86 57 90 27 44 28 13 
245-5-14 1?2.59 = 5 63 61 22 84 23 60 98 55 95 47 66 30 92 86 57 90 27 81 14 
245-7-10 1?2.041 = 7 53 16 69 98 55 47 95 72 25 78 20 29 51 19 96 10 
245-7-9 1?2.039 = 7 53 16 69 98 55 47 95 72 25 78 89 99 42 9 
245-6-9 1?1.979 = 6 75 22 84 23 98 55 47 95 72 25 89 99 42 9 
245-7-8 1?2.262 = 7 53 16 69 98 55 47 95 72 25 78 89 99 42 8 
245-7-11 1?2.425 = 7 53 16 69 98 55 47 95 72 25 78 20 29 51 19 96 82 59 40 11 
245-6-12 1?2.361 = 6 75 22 84 23 60 98 55 47 95 72 25 78 20 29 59 40 38 12 
245-6-10 1?2.102 = 6 75 22 84 23 60 98 55 47 95 72 25 78 20 29 51 19 96 10 
245-6-11 1?2.257 = 6 75 22 84 23 60 98 55 47 95 72 25 78 20 29 51 82 46 11 
245-6-13 1?2.399 = 6 75 22 84 23 98 55 47 95 92 86 57 90 27 44 28 13 
245-6-14 1?2.453 = 6 75 22 84 23 60 98 55 70 66 30 92 86 57 90 27 81 14 
245-6-15 1?2.444 = 6 75 22 84 23 60 98 55 47 95 92 86 57 93 43 74 36 67 91 15 
245-8-10 1?2.214 = 8 53 16 69 98 55 47 95 72 25 78 20 29 51 19 96 10 
245-8-9 1?2.317 = 8 39 94 55 47 95 72 25 78 20 29 51 19 71 85 42 9 
245-8-11 1?2.623 = 8 53 16 39 64 99 89 78 20 29 51 19 71 17 96 82 59 40 11 
245-7-12 1?2.473 = 7 53 16 39 64 99 89 78 20 29 51 19 96 82 46 40 59 77 38 12 
245-8-12 1?2.637 = 8 42 85 99 89 78 20 29 51 19 71 17 96 82 46 40 59 77 38 12 
245-7-13 1?2.538 = 7 53 16 69 98 55 47 95 92 86 93 57 90 27 44 28 65 13 
245-8-15 1?2.556 = 8 53 16 69 98 55 47 95 92 86 57 93 43 74 36 67 91 15 
245-7-15 1?2.463 = 7 53 16 69 98 55 47 95 92 86 57 93 43 74 36 67 37 91 15 
245-8-13 1?2.546 = 8 42 85 71 19 96 82 46 40 59 77 38 26 62 54 52 44 79 28 65 13 
245-8-14 1?2.553 = 8 42 85 71 19 96 82 46 40 59 77 38 26 54 52 44 28 79 41 14 
245-7-14 1?2.629 = 7 53 16 94 95 47 55 70 66 30 92 86 57 90 27 44 79 41 14 
245-9-10 1?2.06 = 9 42 85 99 89 25 78 20 29 51 82 46 96 19 71 17 10 
245-9-11 1?2.022 = 9 42 85 71 19 96 82 46 40 59 77 26 62 52 54 38 11 
245-10-11 1?1.98 = 10 17 71 85 42 99 89 78 20 29 51 19 96 82 59 40 11 
245-10-12 1?1.994 = 10 17 71 85 42 99 89 51 19 96 82 40 59 77 38 12 
245-9-12 1?2.305 = 9 42 85 99 89 78 20 29 51 71 19 96 82 46 40 59 77 38 12 
245-10-13 1?2.185 = 10 17 71 19 96 82 46 40 59 77 38 26 62 54 52 44 79 28 65 13 
245-9-13 1?2.22 = 9 42 85 71 19 96 82 46 40 59 77 38 26 54 52 44 79 28 65 13 
245-10-15 1?2.378 = 10 96 19 51 29 20 78 31 49 92 86 57 93 43 74 36 67 37 91 15 
245-9-15 1?2.435 = 9 42 85 99 89 78 31 49 92 86 57 93 43 74 36 67 37 91 15 
245-10-14 1?2.402 = 10 17 71 19 96 82 46 40 59 77 38 26 62 54 52 44 79 28 65 41 14 
245-9-14 1?2.54 = 9 42 85 71 19 96 82 46 40 59 77 38 26 62 54 52 44 79 28 65 41 14 
245-14-15 1?2.01 = 14 41 79 44 27 90 57 86 93 43 36 67 37 91 15 
245-12-15 1?2.068 = 12 54 52 44 27 90 57 86 93 43 74 36 67 91 15 
245-11-12 1?2.206 = 11 40 46 82 96 19 51 29 20 78 31 48 62 26 77 38 12 
245-13-15 1?1.915 = 13 65 28 44 27 90 57 86 93 43 74 36 67 91 15 
245-12-13 1?2.237 = 12 38 26 62 48 31 49 92 86 57 90 27 44 28 13 
245-11-13 1?2.147 = 11 46 82 40 59 77 38 26 62 54 52 44 28 79 41 65 13 
245-13-14 1?2.144 = 13 65 28 44 27 90 57 86 93 43 36 74 58 97 14 
245-12-14 1?2.297 = 12 54 52 44 27 90 57 86 93 43 36 74 58 97 14 
245-11-14 1?2.208 = 11 40 59 77 38 26 62 54 52 28 44 81 88 58 97 14 
245-11-15 1?2.348 = 11 40 59 77 26 62 48 80 90 57 86 93 43 74 36 67 37 91 15 
stop
