start
808-0-2 1?2.219 = 0 92 79 72 71 45 98 33 91 95 18 53 26 89 90 2 
808-0-1 1?2.165 = 0 21 70 17 48 28 35 40 24 41 99 92 79 72 88 1 
808-0-5 1?2.256 = 0 92 99 41 71 45 98 33 91 95 69 66 83 18 44 80 67 30 5 
808-0-4 1?2.132 = 0 92 79 72 71 45 98 33 91 95 69 83 44 80 65 68 93 16 4 
808-0-6 1?2.592 = 0 92 99 41 71 45 98 33 91 95 69 66 83 18 44 80 94 43 38 6 
808-0-11 1?2.672 = 0 92 79 41 99 21 70 17 24 40 77 20 29 60 85 82 37 54 57 11 
808-0-7 1?2.538 = 0 92 79 99 41 71 45 98 33 91 95 69 66 83 94 43 38 75 87 81 7 
808-0-10 1?2.74 = 0 92 99 41 24 40 77 20 29 82 54 37 57 96 73 86 42 39 32 25 10 
808-0-3 1?2.189 = 0 92 99 41 71 98 33 91 95 83 44 80 65 68 93 64 22 3 
808-0-8 1?2.654 = 0 92 79 41 71 45 98 33 91 95 69 66 51 61 56 55 23 31 52 76 8 
808-0-9 1?2.782 = 0 92 99 41 71 45 98 33 91 95 69 66 51 61 56 55 23 31 76 52 9 
808-0-13 1?2.032 = 0 92 79 41 99 21 70 17 24 40 77 47 29 60 13 
808-1-2 1?2.217 = 1 63 59 89 26 53 18 80 65 68 93 64 22 49 2 
808-0-15 1?2.021 = 0 92 99 41 24 40 77 20 29 47 28 48 17 70 15 
808-1-5 1?2.128 = 1 63 59 89 26 58 98 33 91 95 69 83 18 44 80 67 78 5 
808-1-3 1?1.874 = 1 63 59 89 26 53 18 44 80 65 68 93 64 22 3 
808-0-14 1?2.167 = 0 92 79 99 41 24 40 36 77 20 29 47 35 28 48 14 
808-1-4 1?2.033 = 1 63 59 89 26 58 33 91 95 69 83 44 80 65 68 93 16 4 
808-0-12 1?2.446 = 0 92 79 41 99 21 70 17 48 28 35 47 29 60 85 82 54 37 12 
808-1-7 1?2.448 = 1 63 59 89 26 53 68 65 80 44 83 95 69 66 94 43 38 75 87 7 
808-1-6 1?2.466 = 1 63 59 89 26 58 33 91 95 69 83 18 68 65 80 44 94 43 38 6 
808-1-8 1?2.529 = 1 63 59 89 26 58 98 33 91 95 69 66 51 61 56 55 23 31 76 8 
808-1-14 1?2.199 = 1 88 72 79 92 99 41 24 40 36 77 47 35 28 48 14 
808-2-5 1?1.968 = 2 90 89 26 58 98 33 91 95 69 66 83 44 80 67 78 30 5 
808-2-3 1?1.8 = 2 59 89 26 53 18 83 44 80 65 68 93 64 22 3 
808-1-10 1?2.672 = 1 88 72 79 92 99 41 24 40 36 27 97 34 19 74 42 39 32 25 10 
808-2-4 1?1.879 = 2 90 89 26 58 33 91 95 69 83 44 80 65 68 93 16 4 
808-1-13 1?2.516 = 1 88 72 79 92 99 21 70 17 48 28 35 24 40 77 47 29 85 13 
808-1-12 1?2.664 = 1 88 72 79 92 99 21 70 17 24 40 77 47 29 60 85 82 54 37 12 
808-2-6 1?2.339 = 2 90 89 26 53 68 65 80 44 83 18 95 69 66 94 43 38 62 6 
808-1-15 1?2.131 = 1 88 72 79 92 99 41 24 40 36 77 47 35 28 48 15 
808-1-11 1?2.548 = 1 88 72 79 92 99 41 24 40 36 77 47 29 60 85 82 37 57 11 
808-1-9 1?2.576 = 1 63 59 89 26 58 33 91 95 69 66 51 61 56 55 23 31 52 9 
808-3-5 1?1.692 = 3 49 22 64 93 68 65 18 95 69 83 44 80 67 78 30 5 
808-3-4 1?1.653 = 3 49 22 64 93 68 65 18 95 69 83 44 80 16 4 
808-2-13 1?2.554 = 2 90 89 26 58 33 91 98 45 84 24 40 77 47 20 29 60 13 
808-2-12 1?2.657 = 2 90 89 26 58 33 91 95 69 66 51 19 74 39 42 86 73 96 54 37 12 
808-2-14 1?2.554 = 2 90 89 26 53 18 83 69 95 91 33 98 45 84 40 35 28 14 
808-2-10 1?2.786 = 2 90 89 26 53 68 65 80 44 83 95 69 66 51 19 74 42 39 32 25 10 
808-2-15 1?2.136 = 2 59 90 89 26 58 33 98 45 71 41 99 21 70 15 
808-2-7 1?2.294 = 2 90 89 26 53 68 65 80 44 83 95 69 66 94 43 38 75 87 7 
808-2-8 1?2.375 = 2 90 89 26 58 98 33 91 95 69 66 51 61 56 55 23 31 76 8 
808-2-11 1?2.683 = 2 90 89 26 58 98 33 91 95 69 66 51 19 74 39 42 86 96 57 11 
808-2-9 1?2.553 = 2 90 89 26 58 98 33 91 95 69 66 51 61 56 55 23 31 76 52 9 
808-4-5 1?1.581 = 4 16 93 65 68 18 95 69 66 83 44 80 67 78 30 5 
808-3-6 1?1.988 = 3 49 22 64 93 68 65 80 44 83 18 95 69 66 94 43 38 6 
808-3-12 1?2.518 = 3 49 22 64 93 68 65 80 44 83 66 51 19 74 42 86 96 73 54 37 12 
808-3-7 1?1.987 = 3 22 64 93 68 65 80 44 83 95 69 66 94 43 38 75 87 81 7 
808-3-13 1?2.423 = 3 22 64 93 68 65 18 95 91 33 98 45 84 40 77 47 29 60 13 
808-3-14 1?2.39 = 3 22 64 93 68 65 80 44 83 95 91 33 98 45 84 40 35 28 14 
808-3-8 1?2.175 = 3 49 22 64 93 68 65 80 44 83 94 61 56 55 23 31 52 76 8 
808-3-10 1?2.642 = 3 49 22 64 93 68 65 80 44 83 18 95 69 66 51 19 74 42 39 32 25 10 
808-3-15 1?2.254 = 3 22 64 93 68 65 80 44 83 95 91 33 98 71 41 99 21 70 15 
808-3-9 1?2.327 = 3 22 64 93 68 65 80 44 94 43 38 87 75 56 55 23 31 52 9 
808-3-11 1?2.539 = 3 22 64 93 68 65 80 44 83 95 69 66 51 19 74 42 86 73 96 57 11 
808-4-7 1?1.717 = 4 16 93 68 65 80 44 18 83 94 43 38 75 87 81 7 
808-4-6 1?1.718 = 4 16 93 68 65 80 44 18 95 69 83 94 43 38 6 
808-5-6 1?1.813 = 5 30 78 67 80 44 18 95 83 94 43 38 75 87 6 
808-4-10 1?2.437 = 4 16 93 68 65 80 44 83 18 95 69 66 51 19 74 42 39 32 25 10 
808-4-8 1?2.084 = 4 16 93 68 65 80 44 94 43 38 87 75 56 55 23 31 76 8 
808-4-12 1?2.479 = 4 16 93 68 65 80 44 83 95 69 66 51 19 74 39 42 86 73 96 54 37 12 
808-4-15 1?2.247 = 4 16 93 68 65 80 44 83 69 95 91 33 98 45 71 41 99 21 70 15 
808-4-9 1?2.238 = 4 16 93 68 65 80 44 83 69 66 51 61 56 55 23 31 76 52 9 
808-4-13 1?2.437 = 4 16 93 68 65 80 44 83 95 91 33 98 45 84 40 77 47 29 60 13 
808-4-14 1?2.498 = 4 16 93 68 65 80 44 18 83 69 95 33 98 45 84 40 24 35 28 14 
808-4-11 1?2.523 = 4 16 93 68 65 80 44 83 95 69 66 51 19 74 32 39 42 86 73 96 57 11 
808-5-7 1?1.724 = 5 30 78 67 80 44 83 69 66 94 43 38 75 87 81 7 
808-6-7 1?1.915 = 6 62 78 30 67 80 44 18 83 94 43 38 75 87 81 7 
808-5-8 1?1.879 = 5 30 67 80 44 94 43 38 75 56 55 23 31 76 8 
808-6-8 1?2.061 = 6 38 43 94 83 69 66 51 61 56 55 23 31 76 8 
808-5-10 1?2.463 = 5 30 78 67 80 44 94 43 38 75 56 55 23 31 76 52 25 10 
808-5-12 1?2.499 = 5 30 67 78 80 44 18 95 69 66 51 19 74 32 39 42 86 73 96 54 37 12 
808-5-9 1?2.223 = 5 30 78 67 80 44 83 95 69 66 51 61 56 55 23 31 76 52 9 
808-5-13 1?2.414 = 5 30 78 67 80 44 83 69 95 91 33 98 45 84 40 77 47 29 60 13 
808-5-11 1?2.445 = 5 30 78 67 80 44 83 95 69 66 51 19 74 32 39 42 86 73 96 57 11 
808-5-15 1?2.364 = 5 30 78 67 80 44 83 69 95 91 33 98 45 71 41 79 92 99 21 70 15 
808-5-14 1?2.455 = 5 30 78 67 80 44 18 83 69 95 91 33 98 45 84 40 24 35 28 14 
808-7-8 1?2.006 = 7 81 87 75 38 43 94 51 61 56 55 23 31 76 8 
808-7-9 1?2.241 = 7 81 87 75 38 43 94 83 66 51 61 55 23 31 52 9 
808-7-10 1?2.52 = 7 81 87 75 38 43 94 83 95 69 66 51 19 74 42 39 32 25 10 
808-6-9 1?2.182 = 6 38 43 94 83 69 66 51 61 56 55 23 31 52 9 
808-6-10 1?2.635 = 6 62 78 30 67 80 44 83 18 95 69 66 51 19 74 42 39 32 25 10 
808-6-12 1?2.677 = 6 62 78 30 67 80 44 83 95 69 66 51 19 74 39 42 86 96 73 54 37 12 
808-6-13 1?2.575 = 6 38 43 94 83 66 69 95 91 33 98 45 84 40 77 20 29 60 13 
808-7-11 1?2.539 = 7 81 87 75 38 43 94 83 95 69 66 51 19 74 42 86 73 96 11 
808-6-11 1?2.613 = 6 38 43 94 83 18 95 69 66 51 19 74 32 39 42 86 73 96 57 11 
808-6-14 1?2.687 = 6 38 43 94 44 80 65 68 18 95 69 91 33 98 45 84 40 35 28 14 
808-6-15 1?2.611 = 6 38 43 94 44 80 65 68 18 95 69 91 33 98 45 71 41 99 21 70 15 
808-8-10 1?2.361 = 8 76 31 23 55 56 61 51 34 19 74 42 39 32 25 10 
808-8-9 1?2.468 = 8 76 31 23 55 56 61 51 34 19 74 42 39 32 25 9 
808-8-11 1?2.163 = 8 76 52 31 56 55 23 32 39 42 86 96 73 82 37 57 11 
808-8-12 1?2.467 = 8 76 52 31 23 55 56 61 51 19 74 32 39 42 86 96 73 54 37 57 12 
808-7-12 1?2.588 = 7 81 87 75 38 43 94 83 69 66 51 19 74 39 42 86 73 96 54 37 12 
808-8-13 1?2.53 = 8 76 31 55 23 32 39 42 74 19 34 97 27 36 77 20 29 60 85 13 
808-8-15 1?2.577 = 8 76 52 31 55 23 74 19 34 97 27 36 77 40 24 41 99 21 70 15 
808-7-13 1?2.589 = 7 87 75 38 43 94 83 95 91 33 98 45 84 40 77 20 29 60 13 
808-8-14 1?2.706 = 8 76 31 55 23 32 39 42 74 19 34 97 27 36 77 20 29 47 35 28 14 
808-7-15 1?2.419 = 7 81 87 75 38 43 94 83 69 95 91 33 98 45 71 41 99 21 70 15 
808-7-14 1?2.6 = 7 81 87 75 38 43 94 83 69 95 91 33 98 45 84 40 24 35 28 14 
808-10-13 1?2.242 = 10 25 32 39 42 74 34 97 27 36 77 47 29 60 85 13 
808-9-12 1?2.321 = 9 52 31 23 55 56 61 51 19 74 39 42 86 96 54 37 12 
808-10-12 1?2.347 = 10 25 32 39 42 34 97 27 36 77 20 29 60 85 82 12 
808-9-10 1?2.514 = 9 52 76 31 23 55 56 61 51 34 74 42 39 32 25 10 
808-9-13 1?2.539 = 9 52 31 55 23 32 39 42 34 97 27 36 77 47 29 60 85 13 
808-9-11 1?2.288 = 9 52 76 31 56 55 23 32 39 42 86 96 73 82 37 57 11 
808-10-11 1?2.336 = 10 25 32 39 42 74 19 34 97 27 46 86 73 96 54 37 57 11 
808-10-14 1?2.582 = 10 25 32 39 42 74 19 34 97 27 36 77 40 24 17 48 28 14 
808-9-14 1?2.684 = 9 52 31 55 23 32 39 42 74 19 34 97 27 36 40 24 35 28 14 
808-10-15 1?2.58 = 10 25 32 39 42 74 19 34 97 27 36 40 24 35 28 48 17 70 15 
808-9-15 1?2.702 = 9 52 76 31 55 23 74 19 34 97 27 36 77 40 24 41 99 21 70 15 
808-12-13 1?2.168 = 12 37 54 57 96 73 86 46 34 97 27 36 77 47 29 60 13 
808-11-13 1?2.158 = 11 57 37 54 73 96 86 46 34 97 27 36 77 47 29 60 13 
808-11-12 1?2.301 = 11 57 37 54 73 96 86 46 34 97 27 36 77 20 29 82 12 
808-13-14 1?2.005 = 13 60 29 47 77 40 24 41 99 21 70 17 35 28 14 
808-12-14 1?2.148 = 12 82 29 20 77 40 24 41 99 21 70 17 35 28 14 
808-13-15 1?1.861 = 13 85 60 29 47 77 40 24 41 79 92 99 21 70 15 
808-14-15 1?2.026 = 14 28 35 47 29 20 77 40 24 41 79 92 99 21 70 15 
808-12-15 1?2.205 = 12 37 54 82 85 60 29 47 77 36 40 24 41 99 21 70 15 
808-11-14 1?2.411 = 11 57 37 54 82 29 20 77 40 24 41 99 21 70 17 35 28 14 
808-11-15 1?2.402 = 11 57 37 54 82 85 60 29 20 47 77 36 40 24 41 99 21 70 15 
stop
