start
433-0-2 1?2.069 = 0 65 76 80 26 30 18 95 63 45 39 20 37 60 96 28 2 
433-0-1 1?2.284 = 0 65 33 76 80 26 30 18 95 63 39 20 37 72 75 82 46 1 
433-0-3 1?2.055 = 0 65 76 80 26 30 18 95 63 45 39 20 36 91 41 60 96 28 3 
433-0-10 1?2.399 = 0 93 29 16 84 53 57 55 35 61 99 83 81 87 92 78 94 58 10 
433-0-4 1?2.301 = 0 93 33 76 80 26 30 95 18 63 45 37 39 20 36 91 41 60 96 4 
433-0-5 1?2.342 = 0 65 76 80 26 30 18 95 63 45 37 39 20 36 91 25 50 22 52 5 
433-0-9 1?2.34 = 0 93 29 16 84 53 73 57 55 35 24 59 61 99 83 81 87 92 9 
433-0-11 1?2.396 = 0 65 33 76 80 26 16 84 53 73 59 24 57 55 35 66 47 86 64 11 
433-0-6 1?2.542 = 0 93 33 76 80 26 30 18 95 63 45 39 20 36 91 25 50 22 52 43 44 6 
433-0-8 1?2.348 = 0 65 76 80 26 16 84 53 73 57 55 35 24 59 61 99 83 81 21 27 8 
433-0-7 1?2.475 = 0 65 76 80 26 16 84 53 73 57 55 35 24 59 61 99 83 79 49 68 7 
433-0-14 1?2.215 = 0 65 33 76 80 26 16 84 73 53 90 51 67 97 69 14 
433-0-12 1?2.177 = 0 93 33 76 80 26 16 84 53 73 57 55 90 51 17 88 12 
433-1-2 1?2.081 = 1 46 82 76 80 26 30 18 95 63 39 20 37 60 96 28 2 
433-0-15 1?2.141 = 0 65 76 80 26 16 84 73 53 90 51 67 97 29 32 15 
433-1-4 1?2.013 = 1 46 82 76 80 26 30 18 95 63 45 39 20 36 91 41 4 
433-1-3 1?1.892 = 1 46 82 76 80 26 30 18 95 63 45 39 20 37 60 96 3 
433-0-13 1?2.197 = 0 65 76 80 26 16 84 53 73 57 55 66 90 51 17 85 13 
433-1-5 1?2.15 = 1 46 82 76 80 26 30 18 95 63 45 39 20 36 91 25 22 52 5 
433-1-6 1?2.453 = 1 46 82 76 80 26 30 18 95 63 45 39 20 36 91 25 22 52 43 44 6 
433-1-7 1?2.491 = 1 82 80 26 16 84 53 73 57 55 35 24 59 61 99 83 79 49 68 7 
433-1-8 1?2.393 = 1 82 76 80 26 16 84 53 73 57 55 35 24 59 61 99 83 81 21 27 8 
433-1-15 1?2.163 = 1 46 82 76 80 26 16 84 53 90 51 67 97 29 32 15 
433-1-14 1?2.399 = 1 46 82 76 80 26 16 84 53 73 57 55 90 51 67 97 74 14 
433-1-13 1?2.282 = 1 46 82 76 80 26 16 84 53 73 57 55 66 90 51 17 85 13 
433-2-5 1?2.13 = 2 72 45 63 39 20 37 60 96 41 36 91 25 22 52 5 
433-2-3 1?2.135 = 2 28 37 45 63 95 18 30 77 39 20 36 91 41 60 96 3 
433-2-4 1?2.192 = 2 28 96 60 37 45 63 39 20 36 91 25 50 52 22 4 
433-1-12 1?2.302 = 1 46 82 76 80 26 16 84 53 73 57 55 35 66 47 88 42 12 
433-1-11 1?2.427 = 1 46 82 76 80 26 16 84 53 73 59 24 57 55 35 66 47 86 64 11 
433-1-9 1?2.417 = 1 82 76 80 26 16 84 53 57 55 35 24 59 61 99 83 81 87 92 9 
433-1-10 1?2.514 = 1 82 76 80 26 16 84 53 73 57 24 61 99 83 81 87 92 78 94 58 10 
433-2-6 1?2.349 = 2 28 96 60 37 39 20 36 91 25 50 56 54 38 70 89 34 43 44 6 
433-2-15 1?2.287 = 2 72 45 63 95 18 30 77 31 23 73 53 84 16 29 32 15 
433-2-13 1?2.31 = 2 72 45 63 95 18 30 77 23 71 59 24 55 57 90 51 17 85 13 
433-2-14 1?2.463 = 2 72 45 63 77 23 71 59 24 35 55 57 90 51 67 97 74 14 
433-3-5 1?1.826 = 3 28 96 60 37 45 63 39 20 36 91 25 50 22 52 5 
433-2-9 1?2.335 = 2 72 45 39 20 36 91 25 50 56 54 38 70 89 79 81 87 92 9 
433-3-4 1?2.033 = 3 28 96 60 37 45 63 39 20 36 91 25 50 52 22 4 
433-2-10 1?2.367 = 2 72 45 39 20 36 91 56 54 38 89 79 81 87 92 78 94 58 10 
433-2-12 1?2.303 = 2 72 45 63 95 18 30 77 23 71 59 24 57 55 35 66 47 88 12 
433-2-11 1?2.573 = 2 72 45 63 95 18 30 77 31 71 59 24 35 55 57 90 51 47 86 64 11 
433-2-7 1?2.373 = 2 28 96 60 41 37 39 20 36 91 25 50 56 54 38 89 34 49 68 7 
433-2-8 1?2.329 = 2 28 96 60 37 39 20 36 91 25 50 56 54 38 70 34 49 40 98 27 8 
433-4-5 1?1.991 = 4 96 60 41 37 45 63 39 20 36 91 25 50 22 52 5 
433-3-14 1?2.439 = 3 96 60 37 20 39 63 95 18 30 16 84 53 90 51 67 97 74 14 
433-3-10 1?2.185 = 3 96 60 41 25 50 56 54 38 70 89 79 81 87 92 78 94 58 10 
433-3-15 1?2.28 = 3 28 96 60 41 91 36 20 39 45 63 18 30 26 80 76 33 93 32 15 
433-3-13 1?2.393 = 3 96 60 37 45 63 95 18 30 77 23 71 59 24 55 57 90 51 17 85 13 
433-3-9 1?2.237 = 3 96 60 37 39 20 36 91 25 50 56 54 38 70 89 79 81 87 92 9 
433-3-6 1?1.832 = 3 28 96 60 37 39 20 36 91 25 50 56 38 54 43 6 
433-3-7 1?2.108 = 3 28 96 60 37 39 20 36 91 25 50 56 54 38 70 89 34 49 68 7 
433-3-11 1?2.552 = 3 96 60 37 20 39 36 91 48 31 23 71 59 24 57 55 35 66 47 86 64 11 
433-3-12 1?2.454 = 3 96 60 37 45 63 95 18 30 77 23 71 59 24 35 55 57 90 51 17 88 12 
433-3-8 1?2.123 = 3 96 60 37 39 20 36 91 25 50 56 54 38 70 89 34 49 40 98 27 8 
433-4-13 1?2.385 = 4 41 36 91 48 31 23 71 59 24 35 55 57 90 51 17 85 13 
433-4-14 1?2.543 = 4 41 36 91 48 31 71 59 24 35 55 57 90 51 67 97 74 14 
433-5-6 1?2.118 = 5 52 22 41 37 39 20 36 91 25 50 56 38 54 43 6 
433-4-6 1?1.997 = 4 96 60 41 37 39 20 36 91 25 50 56 38 54 43 6 
433-4-15 1?2.483 = 4 96 60 41 91 36 20 39 37 45 63 18 95 30 26 80 76 33 93 32 15 
433-4-7 1?2.157 = 4 96 60 37 39 20 36 91 25 50 56 54 38 70 89 34 49 68 7 
433-4-9 1?2.509 = 4 96 60 41 36 91 25 50 56 54 38 70 89 79 83 81 87 92 78 94 9 
433-4-10 1?2.603 = 4 96 60 41 37 36 91 25 50 56 54 38 70 89 79 81 87 92 78 94 58 10 
433-4-11 1?2.645 = 4 41 36 20 39 63 95 18 30 77 23 71 59 24 57 55 35 66 47 86 64 11 
433-4-12 1?2.534 = 4 22 50 56 54 38 48 31 23 71 59 24 35 55 57 90 51 17 88 12 
433-4-8 1?2.215 = 4 41 37 39 20 36 91 25 50 56 54 38 70 89 34 49 40 98 27 8 
433-5-7 1?1.978 = 5 52 22 50 56 54 38 70 89 79 99 83 81 40 98 7 
433-5-13 1?2.298 = 5 52 50 56 54 38 48 31 71 59 24 35 55 57 90 51 17 85 13 
433-5-14 1?2.473 = 5 52 50 56 54 38 48 31 23 71 59 57 90 51 67 97 74 14 
433-6-7 1?1.931 = 6 44 43 52 22 25 50 56 54 38 89 70 34 49 68 7 
433-6-8 1?1.785 = 6 44 52 22 50 56 54 38 70 89 34 49 40 98 27 8 
433-5-15 1?2.395 = 5 52 50 56 54 38 70 89 19 48 31 23 73 53 84 16 29 32 15 
433-5-9 1?2.112 = 5 52 22 50 56 54 38 70 89 19 99 83 79 81 87 92 78 94 9 
433-5-8 1?1.724 = 5 52 22 50 56 54 38 70 89 34 49 40 98 21 27 8 
433-5-12 1?2.328 = 5 52 50 56 54 38 48 31 71 59 24 35 55 57 90 51 17 88 12 
433-5-10 1?2.472 = 5 52 22 25 50 56 54 38 70 89 19 99 83 79 81 87 92 78 62 94 58 10 
433-5-11 1?2.516 = 5 52 22 50 56 54 38 48 31 23 71 59 24 57 55 35 66 47 86 64 11 
433-6-10 1?1.764 = 6 43 56 54 38 70 89 79 83 81 87 92 78 94 58 10 
433-7-10 1?1.801 = 7 68 49 34 70 89 79 99 83 81 87 92 78 94 58 10 
433-6-9 1?1.839 = 6 44 43 56 54 38 70 89 79 99 83 81 87 92 78 9 
433-7-9 1?1.889 = 7 68 34 54 56 38 70 89 79 83 81 87 92 78 94 9 
433-6-11 1?2.257 = 6 43 56 54 38 48 31 23 71 59 57 55 35 66 86 64 11 
433-7-11 1?2.242 = 7 68 34 70 89 19 48 31 23 71 59 24 35 55 66 86 64 11 
433-7-8 1?1.866 = 7 68 34 54 56 38 70 89 79 99 83 81 40 98 27 8 
433-6-14 1?2.503 = 6 43 56 54 38 48 31 23 71 59 24 35 55 57 90 51 67 97 74 14 
433-6-13 1?2.439 = 6 44 43 56 54 38 19 48 31 23 71 59 24 35 55 57 90 51 17 85 13 
433-6-12 1?2.322 = 6 43 56 54 38 48 31 23 71 59 24 35 55 57 90 51 17 88 12 
433-6-15 1?2.443 = 6 43 56 54 38 48 31 71 59 24 35 55 57 73 53 84 16 29 32 15 
433-8-11 1?1.977 = 8 27 98 40 79 83 99 61 59 24 35 55 66 86 64 11 
433-8-10 1?1.773 = 8 27 98 40 49 34 70 89 79 81 87 92 78 94 58 10 
433-8-9 1?1.85 = 8 27 21 40 49 34 70 89 79 83 81 87 92 78 94 9 
433-8-13 1?2.223 = 8 27 98 40 79 83 99 61 59 24 35 55 57 90 51 17 88 42 13 
433-8-12 1?2.095 = 8 27 21 81 79 99 61 59 24 35 55 57 90 51 17 88 12 
433-7-14 1?2.488 = 7 68 34 70 89 19 48 31 71 59 24 35 55 57 90 51 67 97 74 14 
433-7-12 1?2.227 = 7 68 34 70 89 19 48 31 23 71 59 24 35 55 66 47 88 12 
433-7-13 1?2.42 = 7 68 34 70 89 19 48 31 23 71 59 24 57 55 35 66 47 88 42 13 
433-8-14 1?2.425 = 8 27 21 81 79 83 99 61 59 24 57 55 35 66 90 51 67 97 74 14 
433-7-15 1?2.442 = 7 68 34 70 89 19 48 31 71 59 24 35 55 57 53 84 16 29 32 15 
433-8-15 1?2.365 = 8 27 98 40 81 79 83 99 61 59 24 35 55 57 73 53 84 16 29 32 15 
433-9-10 1?2.023 = 9 21 27 98 40 79 99 83 81 87 92 78 62 94 58 10 
433-10-11 1?2.092 = 10 58 94 78 92 87 81 83 99 61 35 55 66 86 64 11 
433-10-13 1?2.133 = 10 58 94 78 92 87 83 99 61 24 57 90 51 17 85 13 
433-9-11 1?2.058 = 9 92 87 81 79 83 99 61 59 24 35 55 66 86 64 11 
433-10-12 1?2.062 = 10 58 94 78 92 87 81 83 99 61 59 24 55 66 86 12 
433-9-13 1?2.219 = 9 78 92 87 81 79 83 99 61 59 24 35 55 57 90 51 17 85 13 
433-10-14 1?2.351 = 10 58 94 78 92 87 81 83 99 61 24 57 90 51 67 97 74 14 
433-9-12 1?2.108 = 9 92 87 81 79 83 99 61 59 24 57 55 35 66 47 88 12 
433-9-14 1?2.357 = 9 92 87 81 79 83 99 61 59 24 35 55 57 90 51 67 97 74 14 
433-9-15 1?2.286 = 9 92 87 81 83 99 61 59 24 35 55 57 73 53 84 16 29 32 15 
433-10-15 1?2.345 = 10 58 94 78 92 87 81 83 99 61 35 55 57 53 84 16 29 32 15 
433-11-13 1?2.076 = 11 64 86 66 35 55 57 73 84 53 90 51 17 85 13 
433-12-13 1?2.068 = 12 64 86 66 55 35 24 59 57 90 51 17 88 42 13 
433-13-14 1?2.17 = 13 42 88 47 66 35 55 57 73 53 84 67 97 74 14 
433-12-14 1?2.17 = 12 88 17 51 90 57 55 24 59 73 53 84 97 74 14 
433-11-12 1?2.078 = 11 64 86 66 55 35 24 59 57 90 51 17 88 42 12 
433-14-15 1?2.189 = 14 74 97 67 51 90 55 57 73 53 84 16 29 32 15 
433-12-15 1?2.162 = 12 88 17 51 90 66 35 55 57 73 53 84 16 29 32 15 
433-11-14 1?2.405 = 11 64 86 47 51 90 57 55 35 24 59 73 53 84 67 97 74 14 
433-13-15 1?2.144 = 13 85 17 51 90 57 55 35 24 59 73 53 84 16 29 32 15 
433-11-15 1?2.39 = 11 64 86 66 35 55 57 24 59 73 53 90 51 67 97 29 32 15 
stop
