start
796-0-2 1?1.827 = 0 19 70 30 51 62 76 23 64 50 96 42 83 80 88 2 
796-0-3 1?1.743 = 0 70 30 62 76 23 64 50 96 42 83 80 88 55 81 3 
796-0-1 1?1.805 = 0 70 30 62 76 23 64 50 96 42 80 88 79 38 1 
796-0-8 1?2.571 = 0 70 30 51 58 84 35 95 21 72 33 68 26 53 31 87 93 57 8 
796-0-5 1?2.356 = 0 70 30 62 76 23 64 50 96 42 80 88 55 81 37 67 17 48 5 
796-0-6 1?2.623 = 0 70 30 62 76 23 50 96 42 80 88 55 81 37 67 16 71 69 6 
796-0-9 1?2.538 = 0 19 70 30 51 58 84 35 95 21 72 33 68 26 53 31 61 77 98 66 9 
796-0-11 1?2.682 = 0 19 70 30 51 62 76 23 64 65 91 35 95 21 72 33 68 26 60 54 11 
796-0-7 1?2.522 = 0 70 30 51 58 84 35 46 63 36 44 93 57 22 74 28 94 97 32 7 
796-0-4 1?2.124 = 0 70 30 62 76 23 64 50 96 73 88 80 42 83 41 37 67 48 17 4 
796-0-10 1?2.543 = 0 19 70 30 51 58 84 91 35 95 21 72 33 68 26 53 31 61 25 99 27 10 
796-1-3 1?1.654 = 1 49 47 75 23 64 50 96 42 83 80 88 55 81 3 
796-1-2 1?1.864 = 1 38 49 47 75 23 64 50 96 42 83 80 88 79 2 
796-1-4 1?1.662 = 1 38 79 73 88 80 42 83 55 81 37 67 17 48 4 
796-0-13 1?2.338 = 0 19 30 51 62 76 23 64 65 91 35 21 95 18 82 40 13 
796-0-14 1?2.418 = 0 19 70 30 51 58 84 91 35 95 21 72 82 18 85 14 
796-0-15 1?2.269 = 0 19 70 30 51 62 76 75 23 64 65 91 84 58 43 15 
796-1-6 1?2.522 = 1 49 47 75 50 96 42 83 80 88 55 81 37 67 16 71 69 78 6 
796-1-5 1?2.427 = 1 49 75 23 64 50 96 42 80 88 81 55 83 41 37 67 17 48 5 
796-0-12 1?2.367 = 0 19 70 30 62 76 23 64 65 91 35 21 95 18 82 40 92 12 
796-1-8 1?2.623 = 1 38 79 88 80 42 83 41 45 59 29 46 63 36 44 93 57 22 28 8 
796-1-7 1?2.498 = 1 49 75 23 64 65 86 29 46 63 36 44 93 57 22 74 28 94 97 32 7 
796-1-14 1?2.3 = 1 38 79 88 80 42 96 50 64 23 76 62 30 51 58 85 14 
796-1-13 1?2.513 = 1 38 79 88 80 83 42 96 50 23 64 65 91 84 18 82 40 13 
796-2-3 1?1.843 = 2 38 49 47 75 23 64 50 96 42 80 88 55 81 3 
796-2-4 1?1.615 = 2 79 73 96 42 83 80 88 55 81 37 67 17 48 4 
796-2-5 1?2.066 = 2 79 38 73 96 42 83 80 88 55 81 37 67 17 48 5 
796-1-11 1?2.577 = 1 38 79 73 96 50 75 23 64 65 91 35 95 21 72 33 68 26 60 11 
796-2-6 1?2.353 = 2 79 73 50 96 42 83 80 88 55 81 67 37 16 71 69 78 6 
796-1-10 1?2.492 = 1 49 47 62 30 51 58 84 91 35 95 21 72 33 68 26 53 25 99 27 10 
796-1-12 1?2.579 = 1 38 79 88 80 42 96 50 75 23 64 65 91 84 18 82 40 92 12 
796-1-9 1?2.495 = 1 38 79 88 80 42 83 41 45 59 29 46 63 36 44 93 87 98 77 9 
796-1-15 1?1.97 = 1 38 79 88 80 42 96 50 64 23 76 62 30 19 15 
796-2-13 1?2.332 = 2 88 80 83 42 96 50 23 64 65 91 35 95 18 82 40 13 
796-3-4 1?1.631 = 3 81 55 80 88 73 50 96 42 83 41 37 67 48 17 4 
796-2-14 1?2.492 = 2 88 80 83 42 96 50 23 64 65 91 35 21 95 18 82 85 14 
796-3-5 1?2.106 = 3 81 55 88 80 42 83 41 45 37 67 16 71 69 78 39 5 
796-2-12 1?2.428 = 2 88 80 42 96 50 64 23 76 62 30 51 58 84 18 82 40 92 12 
796-2-11 1?2.478 = 2 88 80 42 96 50 75 23 64 65 91 35 95 21 72 33 68 26 60 11 
796-2-10 1?2.457 = 2 88 80 42 96 50 23 64 65 91 35 95 21 72 33 68 26 53 25 27 10 
796-2-8 1?2.468 = 2 79 88 80 42 83 41 45 59 29 46 63 36 44 93 57 22 74 28 8 
796-2-9 1?2.348 = 2 88 80 42 83 41 45 59 29 46 63 36 44 57 93 87 98 77 66 9 
796-2-7 1?2.233 = 2 88 80 42 83 41 45 59 29 46 63 36 44 90 74 28 94 97 7 
796-2-15 1?2.147 = 2 79 73 88 80 83 42 96 50 64 23 76 62 51 30 70 19 15 
796-3-6 1?2.051 = 3 81 55 88 80 42 83 41 45 37 67 16 71 69 78 6 
796-4-5 1?1.933 = 4 17 48 67 37 81 55 88 80 42 83 41 45 16 39 5 
796-3-13 1?2.38 = 3 81 55 88 80 42 96 50 23 64 65 91 35 21 95 18 82 40 13 
796-3-9 1?2.227 = 3 81 55 83 41 45 59 29 46 63 36 44 57 93 87 98 77 9 
796-3-14 1?2.481 = 3 81 55 41 83 42 80 88 73 96 50 64 23 76 62 30 51 58 85 14 
796-3-8 1?2.206 = 3 81 55 88 80 42 83 41 45 59 29 46 63 36 44 93 57 8 
796-3-11 1?2.44 = 3 81 55 83 42 96 50 23 64 65 91 35 95 21 72 33 68 26 60 11 
796-3-12 1?2.506 = 3 81 55 83 42 80 88 73 96 50 23 64 65 91 84 18 82 40 92 12 
796-3-10 1?2.47 = 3 81 55 88 80 42 96 50 23 64 65 91 35 95 21 72 33 68 26 60 10 
796-3-7 1?2.202 = 3 81 55 41 45 59 29 46 63 36 44 93 57 22 74 28 94 97 7 
796-3-15 1?2.047 = 3 81 55 88 80 83 42 96 50 64 23 76 62 51 30 70 19 15 
796-5-6 1?2.173 = 5 39 78 69 34 90 44 36 93 57 22 74 28 94 97 32 6 
796-4-6 1?2.122 = 4 17 48 67 37 81 55 80 42 83 41 45 59 71 69 6 
796-4-13 1?2.455 = 4 17 48 67 37 41 83 42 96 50 23 64 65 91 84 18 82 40 13 
796-4-14 1?2.497 = 4 17 48 67 37 81 55 83 42 96 50 64 23 76 62 30 51 58 85 14 
796-4-8 1?2.271 = 4 17 48 67 37 45 59 29 46 63 36 44 93 57 22 74 20 28 8 
796-4-7 1?1.858 = 4 17 48 67 37 16 71 69 34 90 22 74 28 94 97 32 7 
796-4-12 1?2.523 = 4 17 48 67 37 41 83 42 96 50 23 64 65 91 84 18 82 40 92 12 
796-4-9 1?2.059 = 4 17 48 67 37 45 59 29 46 63 36 44 93 87 98 77 66 9 
796-4-11 1?2.598 = 4 17 48 67 37 41 83 42 96 50 23 64 65 91 35 95 21 72 54 11 
796-4-10 1?2.277 = 4 17 48 67 37 45 59 29 46 63 36 44 93 87 98 77 61 25 27 10 
796-4-15 1?2.238 = 4 17 67 37 81 55 88 80 42 96 50 64 23 76 62 30 70 19 15 
796-5-13 1?2.764 = 5 48 17 67 37 41 83 42 96 50 23 64 65 91 84 18 82 40 13 
796-6-8 1?2.084 = 6 32 97 94 28 74 22 57 93 44 36 52 87 98 77 66 8 
796-5-14 1?2.663 = 5 48 17 67 37 81 55 88 80 42 96 50 64 23 76 58 85 14 
796-5-8 1?2.235 = 5 39 78 69 34 20 97 94 28 74 22 57 93 87 98 77 66 8 
796-6-7 1?2.255 = 6 32 20 28 74 22 57 44 93 87 98 77 66 8 94 97 7 
796-5-7 1?1.868 = 5 39 78 69 34 90 44 36 93 57 22 74 28 94 97 32 7 
796-5-12 1?2.711 = 5 39 78 69 34 90 22 57 93 87 98 77 61 31 53 26 68 33 54 12 
796-5-9 1?2.224 = 5 39 69 34 20 97 94 28 74 22 57 93 44 36 87 98 77 66 9 
796-5-11 1?2.612 = 5 39 78 69 34 20 28 74 22 57 93 87 98 77 61 31 53 26 68 60 11 
796-5-10 1?2.339 = 5 39 78 69 34 20 97 94 28 74 22 57 93 87 98 77 24 99 25 27 10 
796-5-15 1?2.478 = 5 48 17 67 37 41 83 42 96 50 23 64 76 62 51 30 70 19 15 
796-7-9 1?1.384 = 7 32 97 94 20 28 74 22 57 93 44 36 87 98 77 9 
796-7-8 1?1.635 = 7 32 97 94 20 28 74 22 57 44 93 87 98 77 66 8 
796-6-9 1?1.856 = 6 32 97 94 28 74 22 57 93 87 98 77 61 25 27 99 24 9 
796-6-13 1?2.563 = 6 32 97 94 28 74 22 57 93 87 98 77 31 53 26 68 54 92 13 
796-6-14 1?2.712 = 6 32 97 94 28 74 22 57 93 87 52 56 72 21 95 18 82 85 14 
796-6-12 1?2.37 = 6 32 97 94 28 74 22 57 93 87 98 77 61 31 53 26 68 33 54 12 
796-6-10 1?2.152 = 6 32 97 94 20 28 74 22 57 93 44 36 87 98 77 61 24 99 25 27 10 
796-7-10 1?1.847 = 7 32 97 94 20 28 74 22 57 93 44 36 87 98 77 61 24 99 25 27 10 
796-6-11 1?2.221 = 6 32 97 94 20 28 74 22 57 93 87 98 77 61 31 53 26 68 60 11 
796-7-11 1?1.979 = 7 32 97 94 28 74 22 57 93 87 98 77 61 31 53 26 68 33 54 11 
796-6-15 1?2.767 = 6 78 69 71 16 67 37 41 83 42 96 50 64 23 76 62 30 70 19 15 
796-8-9 1?1.629 = 8 94 97 32 20 28 74 22 57 93 44 36 87 98 77 9 
796-8-10 1?1.6 = 8 94 97 20 28 74 22 57 93 87 98 77 61 25 99 27 10 
796-8-11 1?1.849 = 8 57 93 87 98 77 61 31 52 56 53 26 68 60 11 
796-8-13 1?2.212 = 8 57 93 87 98 77 31 53 26 68 33 72 21 95 18 82 40 13 
796-7-13 1?2.3 = 7 32 97 94 28 74 22 57 93 87 98 77 61 31 53 26 68 54 92 13 
796-8-12 1?2.213 = 8 94 97 20 28 74 22 57 93 87 98 77 61 31 53 26 68 54 12 
796-7-14 1?2.448 = 7 32 97 94 28 74 22 57 93 44 36 52 56 72 21 95 18 82 85 14 
796-8-14 1?2.371 = 8 57 93 87 98 77 61 31 53 26 68 33 72 21 95 18 82 85 14 
796-7-12 1?2.15 = 7 32 97 94 20 28 74 22 57 93 87 98 77 61 31 53 26 68 33 54 12 
796-8-15 1?2.536 = 8 57 93 87 98 77 31 53 26 68 33 72 21 95 18 82 85 43 15 
796-7-15 1?2.614 = 7 32 97 94 28 74 22 57 93 87 52 56 72 21 95 18 82 85 43 15 
796-9-10 1?1.59 = 9 66 77 98 87 93 57 44 36 52 31 61 25 99 27 10 
796-10-12 1?1.89 = 10 27 25 61 31 53 26 68 33 72 21 95 18 82 40 92 12 
796-10-11 1?1.806 = 10 27 25 61 77 98 87 52 56 53 26 68 33 54 11 
796-9-11 1?1.812 = 9 66 77 98 87 93 57 44 36 52 56 53 26 60 11 
796-10-13 1?2.032 = 10 27 99 25 61 31 53 26 68 33 72 21 95 18 82 40 92 13 
796-9-13 1?2.103 = 9 66 77 98 87 31 53 26 68 33 72 21 95 18 82 40 92 13 
796-9-12 1?1.987 = 9 77 98 87 31 53 26 68 33 72 21 95 18 82 40 92 12 
796-10-14 1?2.308 = 10 27 25 61 77 98 87 31 53 26 68 33 72 21 95 18 82 85 14 
796-9-14 1?2.377 = 9 66 77 98 87 52 56 53 60 26 68 33 72 21 95 18 82 85 14 
796-10-15 1?2.379 = 10 27 25 53 26 68 33 72 21 95 35 91 84 58 51 30 70 19 15 
796-9-15 1?2.478 = 9 66 77 98 87 52 53 26 68 33 72 21 95 35 91 84 58 43 15 
796-12-13 1?2.323 = 12 54 33 68 26 53 52 56 72 21 95 18 82 40 13 
796-11-13 1?2.272 = 11 60 26 68 33 72 21 95 35 91 84 18 82 40 92 13 
796-11-14 1?2.399 = 11 60 26 53 31 52 56 68 33 72 21 95 82 18 85 14 
796-13-14 1?2.498 = 13 40 82 18 95 35 91 84 58 51 30 70 19 43 14 
796-12-14 1?2.49 = 12 92 40 82 18 95 35 84 58 51 30 70 19 43 14 
796-11-12 1?2.205 = 11 60 26 53 31 61 77 98 87 52 56 68 33 54 12 
796-14-15 1?2.306 = 14 85 18 82 95 21 35 91 84 58 51 30 70 19 15 
796-13-15 1?2.182 = 13 40 82 18 95 21 35 91 84 58 51 30 70 19 15 
796-12-15 1?2.391 = 12 92 40 82 18 95 21 35 91 84 58 51 30 62 70 19 15 
796-11-15 1?2.428 = 11 60 26 68 33 72 21 95 35 91 84 58 51 30 62 70 19 15 
stop
