start
752-0-2 1?1.713 = 0 27 97 55 85 60 84 61 75 30 43 36 44 38 25 2 
752-0-3 1?1.928 = 0 27 84 60 61 75 23 22 96 94 18 56 35 16 64 70 3 
752-0-1 1?1.792 = 0 27 97 55 85 60 84 61 75 30 43 36 44 38 25 1 
752-0-4 1?2.096 = 0 47 27 84 60 61 75 23 22 96 94 18 56 35 16 82 72 88 4 
752-0-5 1?2.511 = 0 27 84 60 55 85 89 23 22 96 94 18 56 35 16 82 72 79 50 5 
752-0-8 1?2.557 = 0 27 84 60 55 85 37 63 33 99 52 34 78 76 19 62 21 73 87 8 
752-0-11 1?2.47 = 0 27 84 60 55 85 37 63 91 90 39 41 86 26 83 98 20 53 51 69 11 
752-0-9 1?2.376 = 0 27 84 60 55 85 37 63 33 99 52 98 20 53 51 69 76 19 62 93 9 
752-0-10 1?2.274 = 0 27 84 60 55 85 95 48 90 91 26 86 41 98 20 53 51 69 77 80 10 
752-0-6 1?2.617 = 0 27 84 60 61 75 30 23 22 96 94 18 24 56 35 16 82 72 79 50 6 
752-0-7 1?2.681 = 0 27 84 60 55 85 89 23 57 40 54 49 45 66 74 81 32 31 7 
752-0-15 1?1.888 = 0 27 84 60 55 85 37 63 91 90 48 95 46 71 58 15 
752-1-4 1?1.8 = 1 36 44 38 29 96 22 94 18 24 56 35 16 64 70 88 4 
752-0-14 1?1.752 = 0 27 84 60 55 85 89 37 63 91 90 39 48 95 46 71 14 
752-0-12 1?1.802 = 0 27 84 60 55 85 95 48 90 91 26 83 86 41 59 12 
752-0-13 1?1.984 = 0 27 84 60 55 85 95 46 48 39 90 91 26 83 86 41 13 
752-1-3 1?1.932 = 1 36 44 38 25 29 96 22 94 18 24 56 35 16 82 64 70 3 
752-1-8 1?2.594 = 1 36 43 30 75 23 57 40 65 33 99 52 34 78 76 19 62 73 8 
752-1-2 1?1.897 = 1 36 43 30 75 23 22 96 94 18 56 24 29 44 38 25 2 
752-1-5 1?2.373 = 1 36 44 38 25 29 96 22 94 18 24 56 35 16 82 72 64 70 88 79 5 
752-1-7 1?2.608 = 1 36 44 38 29 96 22 94 18 24 56 92 49 45 66 74 81 32 31 7 
752-1-6 1?2.528 = 1 36 44 38 25 29 96 22 94 18 24 56 35 16 64 70 88 79 50 6 
752-1-15 1?1.737 = 1 36 44 38 25 29 96 22 23 75 61 60 84 55 97 15 
752-1-14 1?1.971 = 1 36 43 30 75 61 60 84 55 85 89 37 63 91 90 95 71 14 
752-2-4 1?1.858 = 2 42 25 38 29 96 22 94 18 24 56 35 16 82 64 70 88 4 
752-2-5 1?2.012 = 2 42 25 38 44 29 96 22 94 18 24 56 35 16 82 72 79 5 
752-2-3 1?1.932 = 2 42 25 38 44 29 96 22 94 18 24 56 35 16 82 64 70 3 
752-1-9 1?2.528 = 1 36 43 30 75 61 89 37 63 33 99 52 98 20 53 51 69 76 19 62 93 9 
752-1-10 1?2.454 = 1 36 43 30 75 61 60 84 55 85 37 63 33 99 52 98 20 53 51 69 77 80 10 
752-1-11 1?2.584 = 1 36 43 30 75 61 60 84 55 85 95 48 90 91 39 41 86 26 83 98 20 11 
752-2-6 1?2.531 = 2 42 25 38 44 29 96 22 94 18 24 56 35 16 82 72 88 79 50 6 
752-1-13 1?2.195 = 1 36 43 30 75 61 60 84 55 85 89 37 63 91 90 39 48 95 46 13 
752-1-12 1?2.333 = 1 36 43 30 75 61 60 84 55 85 95 46 48 39 90 91 26 83 86 41 59 12 
752-3-5 1?2.219 = 3 17 42 25 38 44 29 96 22 94 18 56 35 16 82 72 79 5 
752-3-4 1?2.038 = 3 17 42 25 38 29 96 22 94 18 24 56 35 16 64 70 88 4 
752-2-15 1?2.13 = 2 25 38 44 29 96 22 94 23 75 30 43 47 27 84 60 55 85 58 15 
752-2-14 1?2.148 = 2 25 38 44 36 43 30 75 23 89 37 63 91 90 39 48 95 46 71 14 
752-2-7 1?2.536 = 2 25 38 44 29 96 22 94 18 56 92 49 45 66 74 81 32 31 7 
752-2-10 1?2.407 = 2 42 25 38 29 96 22 94 57 40 65 33 99 52 98 20 53 51 69 77 80 10 
752-2-9 1?2.583 = 2 25 38 29 96 22 94 57 40 65 33 99 52 98 20 53 51 69 76 19 62 9 
752-2-8 1?2.665 = 2 25 38 29 96 22 94 18 56 35 16 82 72 92 49 45 66 74 81 32 31 8 
752-2-13 1?2.295 = 2 42 25 38 44 36 43 30 75 61 60 84 55 85 95 46 48 90 91 39 13 
752-2-11 1?2.642 = 2 25 38 44 36 43 30 75 61 60 84 55 85 95 90 91 26 86 41 59 11 
752-2-12 1?2.428 = 2 25 38 44 36 43 30 61 60 84 55 85 95 48 90 91 26 86 41 59 12 
752-4-5 1?2.232 = 4 88 70 64 16 35 82 72 92 49 45 66 74 81 67 50 5 
752-3-7 1?2.496 = 3 70 88 64 16 35 82 72 92 49 45 66 74 28 81 32 31 7 
752-3-14 1?2.417 = 3 17 42 25 38 44 36 43 30 75 23 89 37 63 91 90 48 95 46 71 14 
752-3-8 1?2.488 = 3 70 64 16 35 82 72 92 49 45 66 28 74 81 32 31 87 73 21 8 
752-3-15 1?2.242 = 3 70 64 82 16 35 56 24 18 94 96 22 23 75 61 84 60 85 55 97 15 
752-3-9 1?2.328 = 3 70 64 16 35 82 72 92 49 45 66 74 81 32 87 73 19 62 93 9 
752-3-6 1?2.522 = 3 17 42 25 38 29 96 22 94 18 24 56 35 16 82 72 79 50 6 
752-3-10 1?2.372 = 3 70 64 16 35 92 49 45 66 74 81 32 87 73 19 62 93 80 77 10 
752-3-11 1?2.629 = 3 70 64 82 92 49 45 66 74 81 32 87 73 19 62 93 80 77 11 
752-3-13 1?2.471 = 3 70 64 16 35 56 18 94 96 22 23 75 61 60 84 55 85 95 48 13 
752-3-12 1?2.546 = 3 68 56 24 29 96 22 94 57 40 65 33 99 52 83 26 86 41 59 12 
752-4-7 1?2.113 = 4 88 70 64 16 35 82 72 92 49 45 66 28 74 81 32 31 7 
752-4-8 1?2.305 = 4 88 70 64 16 35 82 72 92 49 45 66 74 81 32 87 73 21 8 
752-4-9 1?2.195 = 4 88 72 82 92 49 45 66 28 74 81 32 87 73 19 62 93 9 
752-4-15 1?2.111 = 4 88 72 82 16 35 56 18 94 96 22 23 75 61 60 84 55 85 58 15 
752-4-14 1?2.305 = 4 88 72 82 16 35 56 18 94 96 22 23 75 61 60 84 55 85 58 71 14 
752-5-6 1?2.45 = 5 79 88 70 64 16 35 82 72 92 49 45 66 74 81 32 6 
752-4-6 1?2.487 = 4 88 70 64 16 35 82 72 92 49 45 66 28 74 81 67 50 6 
752-4-10 1?2.259 = 4 88 72 92 49 45 66 28 74 81 32 87 73 19 62 93 80 77 10 
752-4-11 1?2.486 = 4 88 72 92 49 45 66 74 81 32 87 73 19 62 93 80 77 11 
752-4-12 1?2.444 = 4 88 72 82 16 35 56 18 57 40 65 33 99 52 83 26 86 41 59 12 
752-4-13 1?2.502 = 4 88 70 64 16 35 56 18 94 96 22 23 75 61 60 84 55 85 95 48 13 
752-5-8 1?2.206 = 5 50 67 49 45 66 74 81 32 87 73 19 62 21 8 
752-6-8 1?2.379 = 6 50 67 49 45 66 74 81 32 87 73 19 62 21 8 
752-6-7 1?2.494 = 6 50 79 72 82 16 35 92 49 45 66 28 74 81 32 31 7 
752-5-7 1?2.282 = 5 79 88 70 64 16 35 82 72 92 49 45 66 74 81 32 7 
752-5-9 1?2.246 = 5 50 67 49 45 66 28 74 81 32 31 87 73 21 62 19 93 9 
752-5-14 1?2.475 = 5 50 67 49 45 66 28 65 33 99 52 83 26 91 90 48 95 46 71 14 
752-5-10 1?2.2 = 5 50 67 49 45 66 28 74 81 32 87 73 19 62 93 80 77 10 
752-5-15 1?2.486 = 5 50 79 72 82 16 35 56 24 18 94 96 22 23 75 61 60 84 55 85 58 15 
752-5-11 1?2.482 = 5 50 67 49 45 66 74 81 32 87 73 21 62 93 80 77 11 
752-5-12 1?2.645 = 5 50 67 49 45 66 74 28 65 33 99 52 53 20 98 86 41 59 12 
752-5-13 1?2.614 = 5 50 67 49 45 66 74 28 65 33 99 52 83 26 91 90 48 95 46 13 
752-6-9 1?2.087 = 6 67 49 45 66 74 81 32 87 73 21 62 19 93 9 
752-7-9 1?2.281 = 7 32 81 74 28 65 33 99 52 34 78 76 19 62 9 
752-7-8 1?2.47 = 7 31 32 81 74 28 34 78 76 19 93 62 21 73 87 8 
752-6-14 1?2.541 = 6 67 49 45 66 74 28 65 33 99 52 83 26 91 90 95 46 71 14 
752-6-10 1?2.234 = 6 67 49 45 66 74 81 32 87 73 21 62 19 93 80 77 10 
752-7-10 1?2.449 = 7 31 32 87 73 21 62 19 93 76 78 34 53 51 69 77 80 10 
752-6-11 1?2.483 = 6 67 49 45 66 74 81 32 87 73 62 19 93 80 77 11 
752-6-15 1?2.651 = 6 50 67 72 82 16 35 56 18 94 96 22 23 75 61 60 84 55 85 58 15 
752-7-11 1?2.567 = 7 31 87 73 19 62 93 76 78 51 53 98 20 69 80 77 11 
752-6-12 1?2.504 = 6 50 67 49 45 66 74 28 65 33 99 52 83 26 86 41 59 12 
752-6-13 1?2.669 = 6 67 49 45 66 74 28 65 33 99 52 83 26 91 90 48 95 46 13 
752-8-9 1?2.301 = 8 31 32 81 74 28 65 33 99 52 34 78 76 19 62 9 
752-8-10 1?2.161 = 8 73 21 62 19 76 78 34 99 52 53 51 69 77 10 
752-7-14 1?2.406 = 7 32 81 74 28 65 33 99 52 83 26 86 41 39 48 95 46 71 14 
752-8-14 1?2.215 = 8 21 62 19 76 69 51 53 20 98 41 86 26 91 90 95 46 71 14 
752-8-15 1?2.481 = 8 21 62 19 93 80 77 69 51 53 20 98 83 26 91 90 95 58 15 
752-7-15 1?2.671 = 7 31 32 81 74 28 66 45 49 54 40 57 23 75 61 60 84 55 85 58 15 
752-8-12 1?2.05 = 8 21 62 19 93 80 77 69 51 53 20 98 83 86 41 59 12 
752-7-12 1?2.311 = 7 31 87 73 62 19 76 69 51 53 20 98 83 26 86 41 59 12 
752-8-11 1?2.377 = 8 21 62 19 93 80 77 69 51 53 20 98 83 26 86 41 59 11 
752-8-13 1?2.185 = 8 73 21 62 19 93 80 77 69 51 53 98 83 26 86 41 13 
752-7-13 1?2.433 = 7 31 87 73 21 62 19 93 80 77 69 51 53 20 98 86 41 13 
752-9-10 1?2.016 = 9 21 73 62 19 76 78 34 99 52 53 51 69 77 10 
752-9-11 1?1.958 = 9 93 62 19 76 69 51 53 98 83 26 86 41 59 11 
752-10-11 1?1.816 = 10 77 80 93 19 62 21 73 76 69 51 53 98 20 11 
752-10-12 1?1.718 = 10 77 80 93 62 19 76 69 51 53 98 86 41 59 12 
752-9-12 1?1.696 = 9 93 62 19 76 69 51 53 98 83 26 86 41 59 12 
752-10-13 1?1.742 = 10 80 77 69 51 53 20 98 86 41 26 91 90 95 48 13 
752-10-14 1?1.872 = 10 80 77 69 51 53 20 98 83 26 86 41 39 91 90 48 95 46 71 14 
752-9-14 1?2.039 = 9 93 62 19 76 69 51 53 20 98 41 86 26 91 90 48 95 46 71 14 
752-10-15 1?2.168 = 10 80 77 69 51 53 20 98 83 26 91 90 48 95 85 55 60 84 97 15 
752-9-15 1?2.355 = 9 93 62 19 76 69 51 53 98 52 99 33 63 37 85 55 60 84 97 15 
752-9-13 1?2.092 = 9 93 62 19 76 69 51 53 20 98 41 86 83 26 91 90 95 48 13 
752-13-14 1?1.85 = 13 41 86 26 83 52 99 33 63 91 90 95 46 71 14 
752-11-14 1?1.883 = 11 20 51 53 98 83 26 86 41 39 91 90 48 95 46 71 14 
752-12-14 1?1.808 = 12 59 41 86 26 83 52 99 33 63 91 90 95 71 14 
752-13-15 1?1.822 = 13 46 95 48 39 90 91 63 37 89 85 55 60 84 97 15 
752-14-15 1?1.674 = 14 71 46 95 48 90 91 63 37 89 85 55 60 84 97 15 
752-12-15 1?1.744 = 12 59 41 86 26 91 90 48 95 85 55 60 84 97 15 
752-11-12 1?2.027 = 11 77 80 93 62 19 76 69 51 53 98 86 41 59 12 
752-12-13 1?1.878 = 12 59 41 86 26 83 52 99 33 63 91 90 95 48 13 
752-11-13 1?2.018 = 11 69 51 53 20 98 41 86 83 26 91 90 39 48 95 46 13 
752-11-15 1?2.276 = 11 59 41 86 83 26 91 90 39 48 95 85 55 60 84 27 97 15 
stop
