start
496-0-3 1?2.295 = 0 45 67 44 54 46 98 79 82 66 74 58 33 16 53 93 3 
496-0-4 1?2.53 = 0 45 67 44 54 46 98 73 42 99 79 49 58 74 66 16 23 75 4 
496-0-6 1?2.692 = 0 45 67 44 54 46 98 73 42 99 79 49 82 66 74 58 86 26 95 6 
496-0-1 1?2.399 = 0 47 76 94 64 89 73 42 99 79 98 46 54 44 67 1 
496-0-5 1?2.577 = 0 45 62 64 89 73 42 99 79 49 82 66 74 58 86 26 95 37 61 5 
496-0-8 1?2.632 = 0 47 76 36 69 59 50 21 28 22 39 27 77 91 20 41 40 90 68 8 
496-0-11 1?2.621 = 0 47 76 36 69 59 50 21 72 43 57 28 22 87 39 83 84 60 52 11 
496-0-2 1?2.321 = 0 45 67 44 54 46 98 79 49 74 58 66 82 35 34 2 
496-0-7 1?2.799 = 0 62 64 89 73 42 99 51 31 56 29 70 91 20 41 40 90 63 68 88 7 
496-0-10 1?2.553 = 0 47 76 36 69 59 50 21 28 22 39 27 77 91 20 18 81 97 10 
496-0-9 1?2.664 = 0 47 76 36 69 59 50 21 72 43 57 28 22 39 27 77 91 20 41 40 9 
496-1-3 1?2.182 = 1 44 54 46 98 79 49 74 58 66 82 16 33 23 53 93 3 
496-0-14 1?2.209 = 0 45 67 44 54 46 98 73 89 64 94 76 36 69 59 14 
496-0-15 1?2.251 = 0 47 76 17 87 22 57 83 43 72 21 50 59 69 36 15 
496-0-13 1?2.092 = 0 47 76 36 69 59 50 21 28 22 57 72 43 92 78 19 13 
496-1-7 1?2.636 = 1 44 54 46 98 73 42 99 79 49 82 66 74 58 86 71 48 96 85 7 
496-1-2 1?2.241 = 1 44 54 46 98 79 49 74 58 66 82 53 93 35 34 2 
496-0-12 1?2.409 = 0 47 76 36 69 59 50 21 72 43 57 28 22 87 39 83 78 19 12 
496-1-4 1?2.393 = 1 44 54 46 98 73 42 99 79 82 66 74 58 86 33 23 75 4 
496-1-8 1?2.589 = 1 44 54 46 98 73 42 99 51 56 29 70 91 20 41 40 90 63 68 8 
496-1-5 1?2.414 = 1 67 44 54 80 46 98 79 49 82 66 74 58 86 26 95 37 61 5 
496-1-6 1?2.617 = 1 67 44 54 80 46 98 73 42 99 79 49 82 66 74 58 86 26 95 6 
496-2-3 1?2.157 = 2 34 80 46 98 79 49 82 66 74 58 86 33 16 53 93 3 
496-2-4 1?2.111 = 2 34 80 46 98 79 49 82 66 74 58 86 33 16 23 75 4 
496-2-5 1?2.034 = 2 34 80 46 98 79 82 66 74 58 86 26 95 37 61 5 
496-1-13 1?2.398 = 1 44 54 80 46 98 73 42 89 64 55 87 22 28 57 43 72 92 13 
496-1-15 1?2.157 = 1 44 54 80 46 98 73 42 99 55 89 64 94 47 76 15 
496-1-9 1?2.622 = 1 44 54 46 98 79 82 66 74 58 86 71 48 96 65 88 68 63 90 40 9 
496-2-6 1?2.465 = 2 34 80 46 98 73 42 99 79 49 82 66 74 58 86 26 95 30 6 
496-1-14 1?1.971 = 1 44 54 46 98 73 89 64 94 47 76 36 69 59 50 14 
496-1-12 1?2.392 = 1 44 54 46 98 73 42 89 64 55 87 22 28 57 72 43 92 78 19 12 
496-1-10 1?2.576 = 1 44 54 46 98 73 42 99 51 56 29 70 41 40 38 18 81 97 10 
496-1-11 1?2.634 = 1 44 54 46 98 73 89 64 55 87 22 28 57 72 43 83 84 60 52 11 
496-3-4 1?2.124 = 3 35 34 80 46 98 79 49 82 66 74 58 33 16 23 75 4 
496-3-5 1?2.1 = 3 34 80 46 98 79 82 66 74 58 86 26 95 37 61 5 
496-2-7 1?2.72 = 2 80 46 98 73 42 99 51 31 56 29 70 91 20 41 40 90 63 68 88 7 
496-2-13 1?2.519 = 2 34 80 46 98 73 42 89 64 55 87 22 28 57 72 43 83 78 19 13 
496-2-15 1?2.163 = 2 80 46 98 73 89 64 55 87 22 28 21 50 59 69 36 15 
496-2-9 1?2.59 = 2 34 35 82 66 74 58 86 71 48 96 65 88 68 63 90 40 41 20 38 9 
496-2-8 1?2.696 = 2 34 35 82 66 74 58 86 31 56 29 70 91 20 41 40 90 63 68 88 8 
496-2-10 1?2.514 = 2 80 46 98 73 42 99 51 31 56 29 70 91 20 41 40 38 18 97 10 
496-2-14 1?2.325 = 2 34 80 46 98 73 42 89 64 55 87 22 28 57 43 72 21 50 59 14 
496-2-12 1?2.592 = 2 34 80 46 98 73 89 64 94 47 76 36 69 59 50 21 72 43 92 78 19 12 
496-2-11 1?2.796 = 2 54 44 67 62 94 47 76 36 69 59 50 21 28 57 43 83 84 60 52 11 
496-4-5 1?2.019 = 4 75 23 33 16 66 74 58 86 71 48 26 95 37 61 5 
496-3-7 1?2.571 = 3 35 82 66 74 58 31 56 29 70 91 20 41 40 90 63 68 88 7 
496-3-6 1?2.24 = 3 93 53 23 33 16 82 66 74 58 86 71 48 96 26 95 6 
496-3-15 1?2.163 = 3 35 34 80 46 98 73 42 99 55 89 64 94 47 76 15 
496-3-13 1?2.568 = 3 35 34 80 46 98 73 42 89 64 55 87 22 28 57 72 43 83 92 13 
496-3-9 1?2.474 = 3 93 53 16 66 74 58 86 71 48 96 65 88 68 63 90 40 41 20 38 9 
496-3-8 1?2.597 = 3 93 53 16 66 74 58 86 71 29 70 91 20 41 40 90 63 68 65 88 8 
496-3-10 1?2.382 = 3 35 82 66 74 58 86 71 29 70 91 20 41 40 38 18 97 10 
496-3-14 1?2.486 = 3 34 80 46 98 73 89 64 55 87 22 28 57 43 72 21 50 59 69 36 14 
496-3-11 1?2.671 = 3 35 34 80 46 98 73 89 64 55 87 22 57 72 43 83 84 60 52 11 
496-3-12 1?2.642 = 3 93 35 34 80 46 98 73 42 89 64 55 87 22 28 57 72 43 92 78 19 12 
496-4-7 1?2.387 = 4 23 16 66 74 58 86 71 56 29 70 41 40 68 88 7 
496-5-6 1?2.143 = 5 61 37 33 23 16 66 74 58 86 71 48 26 95 30 6 
496-4-8 1?2.29 = 4 23 16 66 74 58 86 71 56 29 70 91 20 41 40 90 63 68 8 
496-4-9 1?2.307 = 4 23 16 66 74 58 86 71 48 96 65 88 68 63 90 40 41 20 38 9 
496-4-6 1?2.257 = 4 75 23 33 16 82 66 74 58 86 71 48 96 26 95 30 6 
496-4-13 1?2.557 = 4 23 16 66 58 74 49 79 99 42 73 89 64 55 87 22 57 72 43 92 13 
496-4-10 1?2.297 = 4 23 16 66 74 58 86 71 48 96 65 88 68 63 90 40 38 18 97 10 
496-4-15 1?2.539 = 4 75 23 16 33 86 58 74 66 82 49 79 99 42 73 89 64 94 47 76 15 
496-4-14 1?2.391 = 4 23 16 66 58 74 49 79 99 42 73 89 64 94 47 76 36 69 59 50 14 
496-4-11 1?2.553 = 4 75 37 95 26 48 96 65 88 68 63 90 40 38 18 97 81 24 11 
496-4-12 1?2.627 = 4 23 16 66 74 49 79 99 42 73 89 64 55 87 22 57 72 43 92 78 19 12 
496-5-8 1?2.105 = 5 61 37 95 26 48 96 65 63 90 41 20 40 68 88 8 
496-6-8 1?2.221 = 6 30 85 65 88 68 63 90 40 41 70 91 20 18 38 9 8 
496-5-7 1?2.237 = 5 61 37 95 26 48 96 65 63 90 41 20 40 68 88 7 
496-6-7 1?2.332 = 6 30 85 26 48 96 65 63 70 91 20 41 90 68 88 7 
496-5-9 1?2.067 = 5 61 37 95 26 48 96 65 88 68 63 90 40 41 20 18 38 9 
496-5-13 1?2.614 = 5 61 37 86 58 74 66 82 79 99 42 73 89 64 55 87 22 28 21 13 
496-5-10 1?2.224 = 5 61 37 95 26 48 96 65 88 68 63 90 40 41 70 91 20 38 18 97 10 
496-5-14 1?2.45 = 5 61 37 86 58 74 66 82 79 42 73 89 64 94 47 76 36 69 59 50 14 
496-5-15 1?2.544 = 5 61 37 95 26 86 58 74 66 82 49 79 99 42 73 89 64 94 47 76 15 
496-5-11 1?2.342 = 5 61 37 95 26 96 65 88 68 63 90 40 41 20 18 97 81 24 11 
496-5-12 1?2.647 = 5 61 37 95 26 48 96 65 68 63 90 40 41 20 18 97 81 24 52 12 
496-7-8 1?2.225 = 7 88 65 68 63 90 40 41 70 91 20 38 18 81 97 9 8 
496-7-9 1?1.836 = 7 88 65 68 63 90 40 41 70 91 20 38 18 81 97 9 
496-7-10 1?1.739 = 7 85 65 88 68 63 90 40 41 70 91 20 38 18 97 10 
496-6-9 1?2.05 = 6 95 26 48 96 65 88 68 63 90 40 41 70 91 20 18 38 9 
496-7-11 1?2.243 = 7 85 96 65 88 68 63 90 40 41 70 91 20 38 18 97 81 24 11 
496-6-10 1?2.055 = 6 95 26 48 96 65 88 68 63 90 40 41 70 91 20 18 81 97 10 
496-6-13 1?2.638 = 6 30 85 88 68 63 90 40 41 20 91 77 27 39 87 22 57 43 92 13 
496-6-11 1?2.221 = 6 95 26 48 96 65 88 68 63 90 40 41 20 18 97 81 24 11 
496-6-15 1?2.525 = 6 30 95 26 86 58 74 66 82 49 79 99 42 73 89 64 94 47 76 15 
496-6-14 1?2.499 = 6 95 26 86 58 74 66 82 79 99 42 73 89 64 94 47 76 36 69 14 
496-6-12 1?2.516 = 6 30 85 65 88 68 63 90 40 41 70 91 20 38 18 97 81 24 52 12 
496-8-9 1?1.973 = 8 88 68 63 70 41 40 38 18 20 91 24 81 97 9 
496-8-10 1?1.663 = 8 88 65 68 63 90 40 41 70 91 20 18 97 81 24 10 
496-8-11 1?1.739 = 8 88 68 63 70 91 20 41 40 38 18 97 81 24 11 
496-8-13 1?2.297 = 8 68 63 90 40 41 70 20 91 77 27 39 87 22 28 57 43 92 13 
496-7-13 1?2.489 = 7 88 65 68 63 90 40 41 20 91 77 27 39 87 22 57 72 43 92 13 
496-7-12 1?2.428 = 7 88 68 63 90 40 41 20 91 77 27 39 22 57 72 43 92 78 19 12 
496-8-15 1?2.336 = 8 68 90 40 41 20 91 77 27 39 87 22 28 21 50 59 69 36 15 
496-8-12 1?2.208 = 8 68 63 90 40 41 20 91 77 27 39 22 28 57 43 92 78 19 12 
496-7-15 1?2.491 = 7 88 68 63 90 40 41 20 91 77 27 39 22 28 21 50 59 69 36 15 
496-7-14 1?2.49 = 7 88 68 63 90 40 41 20 91 77 27 39 22 28 57 43 72 21 50 59 14 
496-8-14 1?2.326 = 8 68 63 90 40 41 20 91 77 27 39 22 28 57 43 72 21 50 59 69 14 
496-10-13 1?2.005 = 10 97 18 38 40 41 20 91 77 27 84 83 43 92 13 
496-9-10 1?1.844 = 9 38 20 41 40 90 63 68 88 65 70 91 24 81 97 10 
496-9-11 1?1.951 = 9 38 40 41 20 91 70 29 32 25 27 84 60 52 11 
496-9-12 1?2.012 = 9 40 41 70 91 20 18 97 81 24 84 83 78 19 12 
496-10-12 1?1.94 = 10 97 18 38 40 41 20 91 77 25 32 27 84 60 12 
496-10-11 1?1.836 = 10 81 97 18 38 40 41 20 91 77 27 84 60 52 11 
496-9-13 1?2.279 = 9 40 41 20 91 70 29 32 25 27 39 22 28 57 72 43 92 13 
496-10-14 1?2.204 = 10 97 81 18 38 40 41 20 91 77 27 39 22 28 21 50 59 69 14 
496-10-15 1?2.356 = 10 97 81 18 38 40 41 20 91 77 27 39 22 28 21 50 59 69 36 15 
496-9-15 1?2.458 = 9 40 41 20 91 77 27 39 87 22 57 43 72 21 50 59 69 36 76 15 
496-9-14 1?2.363 = 9 38 40 41 70 20 91 77 27 39 87 22 28 57 43 72 21 50 59 14 
496-12-13 1?2.129 = 12 19 78 92 43 72 57 28 17 94 47 76 36 69 59 50 13 
496-11-13 1?2.227 = 11 52 60 84 83 43 57 28 22 87 17 36 69 59 50 13 
496-13-15 1?1.953 = 13 19 78 83 43 72 57 22 28 21 50 59 69 36 76 15 
496-12-15 1?1.856 = 12 19 78 83 43 72 57 22 28 21 50 59 69 36 76 15 
496-14-15 1?1.982 = 14 36 69 59 50 21 72 43 57 28 22 87 17 94 76 15 
496-13-14 1?1.947 = 13 92 43 72 57 83 39 87 22 28 21 50 59 69 36 14 
496-11-12 1?2.107 = 11 24 81 97 18 38 40 41 20 91 77 27 84 60 12 
496-12-14 1?1.91 = 12 19 78 92 83 43 72 57 22 87 28 21 50 59 69 36 14 
496-11-14 1?1.922 = 11 52 60 84 83 43 72 57 22 87 28 21 50 59 69 14 
496-11-15 1?2.623 = 11 24 81 18 38 40 41 20 91 77 27 39 22 28 21 50 59 69 36 15 
stop
