start
813-0-3 1?2.348 = 0 84 22 56 99 44 16 19 71 53 94 98 43 26 95 3 
813-0-4 1?2.394 = 0 49 81 89 88 23 75 62 76 90 46 85 48 71 53 94 43 82 4 
813-0-5 1?2.34 = 0 49 81 89 88 23 32 52 62 76 90 46 48 71 53 94 98 17 45 5 
813-0-9 1?2.555 = 0 84 22 56 88 89 23 32 52 87 69 70 74 29 68 36 37 30 64 9 
813-0-1 1?2.241 = 0 84 22 49 81 89 23 88 56 99 61 65 83 73 31 1 
813-0-11 1?2.436 = 0 84 22 56 88 89 23 75 32 52 93 33 50 34 80 59 54 11 
813-0-7 1?2.388 = 0 84 22 56 88 89 23 32 52 87 69 70 74 68 36 37 78 77 35 7 
813-0-6 1?2.465 = 0 49 89 23 32 52 87 69 70 74 68 36 37 78 77 35 57 20 58 6 
813-0-10 1?2.455 = 0 49 81 89 88 23 32 52 87 69 70 74 29 68 36 30 64 25 38 40 10 
813-0-2 1?2.192 = 0 84 22 49 81 89 23 88 99 61 65 83 73 31 72 2 
813-0-8 1?2.579 = 0 84 22 56 88 89 23 32 52 87 69 70 74 68 36 37 78 35 77 24 8 
813-0-14 1?1.927 = 0 84 22 49 81 89 88 23 39 55 21 92 18 97 14 
813-0-15 1?2.141 = 0 84 22 49 81 89 88 23 39 55 21 92 18 97 15 
813-1-3 1?2.288 = 1 31 73 99 61 44 16 19 46 48 71 53 94 43 26 95 3 
813-1-4 1?2.282 = 1 31 73 99 61 44 16 19 46 85 48 71 53 94 98 43 82 4 
813-1-8 1?2.53 = 1 31 73 61 44 19 46 48 85 67 70 74 29 68 36 37 78 35 77 24 8 
813-1-2 1?2.346 = 1 84 22 49 81 89 23 88 56 99 61 65 73 31 72 2 
813-0-13 1?2.135 = 0 84 22 56 88 89 23 32 52 93 86 21 55 92 28 41 13 
813-1-5 1?2.302 = 1 31 73 99 61 65 83 44 16 19 46 48 85 71 53 94 98 45 5 
813-0-12 1?2.645 = 0 84 22 49 81 89 88 23 75 32 52 93 86 21 55 18 92 28 12 
813-1-6 1?2.32 = 1 31 73 61 44 19 46 48 85 91 60 78 24 77 35 57 20 58 6 
813-1-7 1?2.364 = 1 31 73 61 44 19 46 48 85 67 70 74 29 68 36 37 78 24 77 35 7 
813-1-15 1?2.315 = 1 84 22 56 88 89 23 39 55 21 92 18 51 97 15 
813-1-14 1?2.27 = 1 31 73 83 65 61 99 56 88 89 23 39 55 21 92 18 97 14 
813-2-3 1?2.197 = 2 72 31 73 99 61 44 16 19 71 53 94 43 26 95 3 
813-2-4 1?2.103 = 2 72 31 73 99 61 44 16 19 71 53 94 98 43 82 4 
813-1-11 1?2.644 = 1 31 73 99 44 16 19 71 48 46 90 76 62 87 33 34 80 59 54 11 
813-1-12 1?2.792 = 1 31 73 61 44 16 19 71 48 46 90 76 62 75 32 52 93 33 96 12 
813-2-5 1?2.184 = 2 72 31 73 99 61 44 16 19 46 85 48 71 53 94 98 45 17 5 
813-2-6 1?2.287 = 2 72 31 73 99 61 44 16 19 71 46 48 85 66 79 63 57 20 58 6 
813-1-9 1?2.589 = 1 31 73 61 44 16 19 71 46 48 85 67 70 74 29 68 36 37 30 64 9 
813-1-10 1?2.532 = 1 31 73 61 44 16 19 46 48 85 67 70 74 29 68 36 30 64 25 38 40 10 
813-1-13 1?2.324 = 1 31 73 83 65 61 99 56 88 89 23 39 21 55 18 92 28 41 13 
813-2-14 1?2.301 = 2 72 31 73 83 65 61 99 56 88 89 23 39 55 21 92 18 97 14 
813-2-15 1?2.435 = 2 72 31 73 83 65 61 99 88 89 23 39 55 21 92 18 97 15 
813-3-4 1?2.094 = 3 95 26 16 19 76 90 46 48 71 53 94 98 43 82 4 
813-3-5 1?1.996 = 3 95 26 16 19 46 90 85 48 71 53 94 98 45 17 5 
813-2-8 1?2.43 = 2 72 31 73 99 61 44 16 19 71 46 48 85 91 60 78 35 77 24 8 
813-2-11 1?2.617 = 2 72 31 73 83 65 61 99 88 89 23 32 52 93 33 34 80 59 54 11 
813-2-12 1?2.794 = 2 72 31 73 61 99 88 89 23 75 32 52 93 86 21 55 18 92 28 12 
813-2-10 1?2.47 = 2 72 31 73 61 44 19 46 48 85 67 70 74 29 68 36 30 64 25 38 10 
813-2-9 1?2.496 = 2 72 31 73 61 44 16 19 71 46 48 85 67 70 74 29 68 36 30 9 
813-2-7 1?2.349 = 2 72 31 73 61 44 19 46 48 85 67 70 74 68 36 37 78 77 35 7 
813-2-13 1?2.541 = 2 72 31 73 99 56 88 89 23 75 32 52 93 86 21 55 92 28 41 13 
813-3-15 1?2.54 = 3 95 26 16 19 71 48 46 90 76 62 52 32 23 88 89 81 27 15 
813-4-5 1?2.04 = 4 82 43 94 53 16 19 71 48 46 90 85 66 98 45 5 
813-3-14 1?2.523 = 3 95 26 16 19 71 48 46 90 76 62 75 32 52 93 86 21 55 18 97 14 
813-3-8 1?2.328 = 3 95 26 16 19 46 48 85 67 70 74 68 36 37 78 35 77 24 8 
813-3-12 1?2.643 = 3 95 26 16 19 46 90 76 62 75 32 52 93 86 21 55 92 28 12 
813-3-11 1?2.587 = 3 95 26 16 19 71 46 48 85 67 70 74 29 68 47 50 34 80 59 54 11 
813-3-6 1?2.073 = 3 95 26 43 98 94 53 71 48 85 66 79 63 57 20 58 6 
813-3-7 1?2.137 = 3 95 26 16 19 46 48 85 67 29 74 68 36 37 78 35 77 7 
813-3-10 1?2.435 = 3 95 26 43 94 53 71 46 48 85 67 70 74 29 68 36 30 64 25 38 40 10 
813-3-9 1?2.539 = 3 95 26 43 98 94 53 71 46 48 85 67 70 74 29 68 36 37 30 64 9 
813-3-13 1?2.58 = 3 95 26 16 19 71 48 46 90 76 62 75 32 52 93 86 21 55 92 28 41 13 
813-4-15 1?2.485 = 4 82 43 94 53 16 19 71 48 46 90 76 62 75 23 88 89 81 15 
813-5-6 1?1.786 = 5 45 17 98 94 53 71 46 48 85 66 79 63 57 20 58 6 
813-4-14 1?2.467 = 4 82 43 94 53 71 48 46 90 76 62 75 32 52 93 86 21 55 92 18 97 14 
813-4-8 1?2.276 = 4 82 43 94 53 71 46 48 85 67 70 74 29 68 36 37 78 35 77 24 8 
813-4-6 1?1.991 = 4 82 43 94 53 71 48 85 91 60 78 77 35 57 20 58 6 
813-4-11 1?2.51 = 4 82 43 94 53 71 46 48 85 67 70 74 29 68 36 30 64 25 54 59 80 11 
813-4-7 1?2.018 = 4 82 43 53 71 48 85 67 70 74 29 68 36 37 78 77 35 7 
813-4-12 1?2.669 = 4 82 43 98 94 53 71 48 46 90 76 62 75 52 93 86 21 55 92 28 12 
813-4-10 1?2.288 = 4 82 43 53 71 46 48 85 67 70 74 29 68 36 37 30 64 25 38 40 10 
813-4-9 1?2.416 = 4 82 43 94 53 16 19 71 46 48 85 67 70 74 29 68 36 37 30 64 9 
813-4-13 1?2.535 = 4 82 43 94 53 71 48 85 46 90 76 62 75 32 52 93 86 21 55 92 28 41 13 
813-5-7 1?1.745 = 5 17 45 98 94 53 71 46 48 85 91 60 78 77 35 7 
813-6-7 1?1.772 = 6 58 20 57 63 91 29 70 74 68 36 37 78 77 7 
813-6-8 1?1.874 = 6 58 20 57 63 91 29 74 68 36 37 78 35 77 24 8 
813-5-8 1?1.892 = 5 45 17 98 94 53 71 48 85 67 70 74 29 68 36 37 8 
813-5-9 1?2.028 = 5 45 17 98 94 53 71 48 85 67 70 74 29 68 36 30 9 
813-5-15 1?2.507 = 5 17 45 98 94 53 16 19 71 48 46 90 76 62 75 23 88 89 81 27 15 
813-5-11 1?2.334 = 5 45 17 98 94 53 71 48 85 67 70 74 29 68 47 50 34 80 59 11 
813-5-10 1?2.106 = 5 45 17 98 94 53 71 48 85 67 70 74 29 68 36 30 64 25 38 10 
813-5-14 1?2.527 = 5 45 17 98 94 53 16 19 46 90 76 62 75 32 52 93 86 21 55 92 18 97 14 
813-5-12 1?2.621 = 5 45 17 98 94 53 71 48 85 46 90 76 62 75 52 93 86 21 55 92 28 12 
813-5-13 1?2.489 = 5 45 17 98 94 53 71 48 46 90 76 62 75 32 52 93 86 21 55 18 92 28 41 13 
813-7-8 1?1.99 = 7 20 57 35 77 78 60 91 67 70 74 68 36 37 8 
813-7-10 1?1.665 = 7 35 77 24 78 37 36 68 29 74 47 30 64 25 38 10 
813-7-9 1?1.792 = 7 35 77 24 78 37 36 68 29 74 70 69 47 30 64 9 
813-6-9 1?1.861 = 6 58 20 57 35 77 24 78 37 36 68 29 74 47 30 9 
813-7-11 1?1.884 = 7 35 77 24 78 37 36 68 29 74 70 69 50 34 80 59 11 
813-6-11 1?2.092 = 6 58 20 57 35 77 78 37 36 68 29 74 70 69 50 34 54 11 
813-6-15 1?2.512 = 6 58 20 57 35 77 78 37 36 68 74 70 69 87 52 32 23 89 81 15 
813-6-14 1?2.352 = 6 58 20 57 35 77 78 37 36 68 29 74 70 69 87 93 86 21 55 97 14 
813-6-10 1?1.914 = 6 58 20 57 35 77 78 37 36 68 29 74 47 30 64 25 38 10 
813-6-12 1?2.327 = 6 58 20 57 35 77 78 37 36 68 29 74 70 69 47 50 33 96 12 
813-6-13 1?2.352 = 6 58 20 57 35 77 78 37 36 68 29 74 70 69 50 33 96 28 41 13 
813-8-10 1?1.831 = 8 24 77 35 78 37 36 68 29 74 47 30 64 25 38 10 
813-8-11 1?2.05 = 8 24 77 35 78 37 36 68 29 74 70 69 50 34 80 59 11 
813-8-9 1?1.958 = 8 24 77 35 78 37 36 68 29 74 70 69 47 30 64 9 
813-8-12 1?2.325 = 8 24 77 35 78 37 36 68 29 74 70 69 50 34 54 59 80 12 
813-7-15 1?2.369 = 7 35 77 24 78 37 36 68 29 74 70 69 87 52 32 23 88 89 81 27 15 
813-8-14 1?2.457 = 8 24 77 35 78 37 36 68 29 74 70 69 87 52 93 86 21 55 92 18 97 14 
813-7-12 1?2.329 = 7 35 77 78 37 36 68 29 74 70 69 47 50 33 34 54 59 80 12 
813-8-15 1?2.612 = 8 24 77 35 78 37 36 68 29 74 70 69 87 52 32 75 23 88 89 81 15 
813-8-13 1?2.269 = 8 24 77 35 78 37 36 68 29 74 70 69 50 33 96 28 41 13 
813-7-14 1?2.372 = 7 35 77 24 78 37 36 68 29 74 70 69 87 52 32 93 86 21 55 92 18 97 14 
813-7-13 1?2.211 = 7 35 77 24 78 37 36 68 29 74 70 69 87 93 86 21 55 92 28 41 13 
813-9-11 1?2.092 = 9 30 37 36 68 29 74 70 69 50 33 34 80 59 54 11 
813-10-11 1?1.944 = 10 38 25 64 30 36 68 29 74 47 50 34 80 59 54 11 
813-10-14 1?2.178 = 10 38 25 64 30 36 68 29 74 70 69 87 93 86 21 55 97 14 
813-9-10 1?2.067 = 9 64 30 37 36 68 29 74 70 69 47 50 25 38 40 10 
813-9-14 1?2.499 = 9 30 37 36 68 29 74 70 47 69 87 52 93 86 21 55 92 18 97 14 
813-10-12 1?2.255 = 10 38 25 64 30 37 36 68 74 29 70 69 47 50 33 96 12 
813-9-15 1?2.657 = 9 30 36 68 29 74 70 69 87 52 93 86 32 75 23 88 89 81 27 15 
813-9-12 1?2.57 = 9 40 38 25 64 30 36 68 29 74 70 69 50 33 34 59 80 12 
813-10-15 1?2.444 = 10 38 25 64 30 36 68 29 74 70 69 87 52 32 23 88 89 81 27 15 
813-10-13 1?2.198 = 10 38 25 64 30 36 68 29 74 70 69 87 93 86 21 92 41 13 
813-9-13 1?2.392 = 9 64 30 36 68 29 74 70 69 87 52 93 86 21 55 18 92 28 41 13 
813-11-14 1?2.132 = 11 54 59 80 34 33 93 52 75 32 86 21 55 18 97 14 
813-12-14 1?2.433 = 12 28 92 55 21 86 93 52 32 75 23 88 89 39 97 14 
813-13-14 1?2.218 = 13 41 28 92 55 21 86 93 52 32 75 88 89 39 97 14 
813-14-15 1?2.068 = 14 97 18 92 21 55 39 23 88 89 56 22 49 81 27 15 
813-12-15 1?2.401 = 12 28 92 18 55 21 39 23 89 88 56 22 84 49 81 27 15 
813-13-15 1?2.168 = 13 41 28 92 21 55 39 23 89 88 56 22 84 49 81 27 15 
813-11-12 1?2.305 = 11 54 59 80 34 50 47 68 29 74 70 69 87 33 96 12 
813-11-15 1?2.301 = 11 54 59 80 34 33 86 93 52 32 75 23 88 89 81 27 15 
813-12-13 1?2.487 = 12 96 33 50 47 74 70 69 87 52 93 86 21 92 41 13 
813-11-13 1?2.11 = 11 54 59 80 34 33 93 52 32 86 21 55 18 92 28 41 13 
stop
