start
981-0-1 1?1.905 = 0 84 53 59 74 24 89 17 31 73 93 51 69 29 77 1 
981-0-4 1?2.353 = 0 84 59 53 65 41 74 24 99 88 17 31 73 93 79 43 97 32 4 
981-0-2 1?1.971 = 0 84 53 81 65 41 74 24 99 88 31 73 93 51 69 29 2 
981-0-5 1?2.63 = 0 27 99 88 17 89 44 66 68 39 95 37 55 47 28 50 72 26 5 
981-0-7 1?2.449 = 0 27 99 88 17 89 44 66 68 39 49 67 45 64 61 92 76 33 35 7 
981-0-9 1?2.466 = 0 84 53 59 74 24 99 88 17 89 44 66 68 39 16 75 49 67 63 54 9 
981-0-8 1?2.444 = 0 84 53 59 74 24 17 89 44 66 68 39 16 75 49 67 45 64 61 92 8 
981-0-11 1?2.418 = 0 27 99 88 17 89 44 66 68 39 49 75 16 83 94 36 70 98 21 11 
981-0-10 1?2.601 = 0 84 53 59 74 24 99 88 17 89 44 66 68 16 75 49 67 63 52 30 10 
981-0-3 1?1.917 = 0 84 53 59 74 24 99 88 17 31 73 93 79 43 97 32 3 
981-0-6 1?2.433 = 0 27 99 88 17 89 44 66 68 39 16 75 49 37 55 47 28 50 72 6 
981-1-2 1?2.116 = 1 77 27 84 53 59 74 24 99 88 31 73 93 51 69 29 2 
981-0-14 1?2.206 = 0 27 99 88 17 89 24 74 59 53 65 41 40 86 42 71 14 
981-0-15 1?2.173 = 0 27 99 88 73 31 17 89 24 74 59 84 53 65 41 81 15 
981-1-4 1?2.324 = 1 77 29 69 51 73 31 17 89 46 20 87 93 79 43 97 32 4 
981-1-3 1?2.064 = 1 77 29 69 51 88 99 24 17 31 73 93 79 43 97 32 3 
981-0-13 1?2.168 = 0 27 99 88 17 89 44 66 68 83 94 80 18 58 57 13 
981-0-12 1?2.303 = 0 27 99 88 17 89 44 66 68 16 75 83 94 36 70 96 34 78 12 
981-1-5 1?2.554 = 1 77 29 69 51 73 31 17 89 44 66 46 20 87 25 62 82 5 
981-1-7 1?2.478 = 1 77 88 17 89 44 66 68 39 49 67 45 64 61 92 76 33 35 7 
981-1-8 1?2.487 = 1 77 29 69 51 73 31 17 89 44 66 68 39 16 75 49 67 45 64 61 92 8 
981-1-6 1?2.395 = 1 77 29 69 51 73 31 17 89 44 66 68 95 37 47 28 50 72 6 
981-1-15 1?1.861 = 1 77 29 69 51 93 73 31 88 99 24 74 59 53 65 81 15 
981-1-12 1?2.366 = 1 77 29 69 51 93 73 31 17 89 44 66 68 83 80 60 34 78 12 
981-1-14 1?2.126 = 1 77 29 69 51 93 73 31 88 99 24 74 41 40 48 42 86 71 14 
981-2-4 1?2.39 = 2 29 69 51 73 31 17 89 44 66 46 20 87 93 79 43 97 4 
981-1-11 1?2.498 = 1 77 29 69 51 73 31 17 89 44 66 68 16 75 83 94 36 70 98 21 11 
981-1-13 1?2.391 = 1 77 29 69 51 73 31 17 89 44 66 68 83 94 80 18 58 57 13 
981-2-3 1?2.036 = 2 29 69 51 73 31 17 89 46 20 87 93 79 43 32 3 
981-2-5 1?2.467 = 2 29 69 51 73 31 17 89 44 66 46 20 87 25 62 82 5 
981-1-10 1?2.559 = 1 77 29 69 51 73 31 17 89 44 66 68 39 16 75 49 67 38 52 30 10 
981-2-6 1?2.38 = 2 29 69 51 93 87 20 46 44 66 68 95 37 47 28 50 72 6 
981-1-9 1?2.547 = 1 77 29 69 51 73 31 17 89 44 66 68 39 75 49 67 45 64 61 54 9 
981-2-15 1?2.142 = 2 29 69 51 93 87 20 46 89 17 88 99 24 74 41 65 81 15 
981-3-4 1?2.375 = 3 32 97 43 79 93 73 31 17 89 46 20 25 62 82 4 
981-2-14 1?2.327 = 2 29 69 51 93 73 31 88 99 24 74 59 53 65 41 40 86 42 71 14 
981-2-12 1?2.437 = 2 29 69 51 93 73 31 17 89 44 66 68 83 94 36 70 96 60 34 78 12 
981-3-5 1?2.342 = 3 32 97 43 79 93 73 31 17 89 46 20 25 62 82 5 
981-2-11 1?2.518 = 2 29 69 51 73 31 17 89 44 66 68 83 94 36 70 96 60 34 98 21 11 
981-2-13 1?2.406 = 2 29 69 51 93 73 31 17 89 44 66 68 83 94 80 18 58 57 13 
981-2-8 1?2.337 = 2 29 69 51 73 31 17 89 44 66 68 39 16 75 49 67 45 64 61 8 
981-2-10 1?2.574 = 2 29 69 51 93 73 31 17 89 44 66 68 39 16 75 49 67 38 52 30 10 
981-2-7 1?2.483 = 2 29 69 51 73 31 17 89 44 66 68 16 75 49 67 45 76 23 7 
981-2-9 1?2.46 = 2 29 69 51 73 31 17 89 44 66 68 39 75 49 67 45 64 61 54 9 
981-3-15 1?2.221 = 3 32 97 43 79 93 87 20 46 89 17 88 99 24 74 41 65 81 15 
981-4-5 1?2.52 = 4 32 97 43 79 93 73 31 17 89 46 20 25 62 82 5 
981-3-12 1?2.465 = 3 32 97 43 79 93 73 31 17 89 44 66 68 83 94 80 96 60 34 78 12 
981-3-11 1?2.563 = 3 32 97 43 79 93 73 31 17 89 44 66 68 39 16 75 83 94 36 70 21 11 
981-3-6 1?2.172 = 3 32 97 43 79 93 87 20 46 95 37 47 28 50 72 6 
981-3-8 1?2.428 = 3 32 97 43 79 93 87 20 46 44 66 68 16 75 49 67 45 64 61 8 
981-3-14 1?2.529 = 3 32 97 43 79 93 87 20 46 89 17 88 99 24 74 41 40 48 86 71 14 
981-3-13 1?2.601 = 3 32 97 43 79 93 87 20 46 44 66 68 83 94 36 70 96 34 57 13 
981-3-10 1?2.554 = 3 32 97 43 79 93 73 31 17 89 44 66 68 83 94 36 70 85 90 10 
981-3-9 1?2.411 = 3 32 97 43 79 93 73 31 17 89 44 66 68 16 75 49 67 63 54 9 
981-3-7 1?2.496 = 3 32 97 43 79 93 87 20 46 95 37 55 47 28 50 72 22 91 7 
981-4-11 1?2.605 = 4 32 97 43 79 93 73 31 17 89 44 66 68 83 94 36 56 85 21 11 
981-4-6 1?2.35 = 4 32 97 43 79 93 87 20 46 95 37 47 28 50 72 6 
981-4-12 1?2.64 = 4 97 43 79 93 73 31 17 89 44 66 68 83 94 36 70 96 60 34 78 12 
981-5-6 1?2.277 = 5 26 72 50 28 47 55 45 64 61 92 76 33 35 91 22 6 
981-4-7 1?2.395 = 4 82 62 28 47 55 45 64 61 92 76 33 23 35 91 7 
981-4-8 1?2.551 = 4 32 97 43 79 93 87 20 46 95 39 16 75 49 67 45 64 61 8 
981-4-15 1?2.606 = 4 32 97 43 79 93 87 20 46 66 44 89 17 88 99 24 74 41 65 81 15 
981-4-13 1?2.663 = 4 32 97 43 79 93 73 31 17 89 44 66 68 83 94 80 18 58 57 13 
981-4-14 1?2.695 = 4 32 97 43 79 93 73 31 17 24 74 59 53 81 65 41 40 48 42 86 71 14 
981-4-10 1?2.682 = 4 32 97 43 79 93 73 31 17 89 44 66 68 16 75 49 38 52 30 10 
981-4-9 1?2.566 = 4 32 43 79 93 73 31 17 89 44 66 68 16 75 49 67 63 54 9 
981-5-8 1?2.241 = 5 26 72 22 91 35 33 76 92 64 63 52 30 54 61 8 
981-6-8 1?1.995 = 6 22 72 50 28 47 55 33 76 64 45 63 54 61 92 8 
981-5-11 1?2.555 = 5 26 72 50 28 47 55 37 95 39 16 75 83 94 36 70 98 21 11 
981-6-7 1?2.046 = 6 22 72 50 28 47 55 33 76 64 61 92 23 35 91 7 
981-5-12 1?2.684 = 5 26 72 22 91 35 33 76 92 61 64 45 67 38 56 36 70 96 34 78 12 
981-5-7 1?2.01 = 5 26 72 50 28 47 55 45 64 61 92 76 33 35 23 7 
981-5-15 1?2.668 = 5 26 72 50 28 47 37 49 75 16 68 66 44 89 17 24 74 65 81 15 
981-5-14 1?2.651 = 5 82 62 95 39 16 75 83 94 36 70 96 34 60 18 58 48 86 71 14 
981-5-10 1?2.425 = 5 26 50 72 22 91 7 23 35 33 76 92 61 64 45 63 54 52 30 10 
981-5-13 1?2.719 = 5 26 72 50 28 47 37 49 75 16 83 94 36 70 96 34 60 18 58 57 13 
981-5-9 1?2.329 = 5 26 72 50 28 47 55 35 33 76 92 61 64 45 63 54 52 30 9 
981-7-8 1?1.93 = 7 91 22 72 50 28 47 55 35 23 33 76 92 64 61 8 
981-6-9 1?1.811 = 6 72 22 91 35 33 76 92 61 64 45 63 54 52 30 9 
981-7-9 1?1.779 = 7 23 35 33 76 92 61 64 45 67 38 63 54 52 30 9 
981-7-11 1?2.222 = 7 23 35 33 76 92 61 64 45 67 38 56 36 70 96 60 34 98 11 
981-6-11 1?2.354 = 6 72 22 91 35 33 76 92 61 64 45 67 38 56 36 70 85 21 11 
981-6-12 1?2.426 = 6 72 50 28 47 55 37 95 39 16 75 83 94 56 36 70 96 60 34 78 12 
981-7-10 1?2.208 = 7 91 22 72 50 28 47 55 35 33 76 92 61 64 45 63 52 30 10 
981-6-15 1?2.557 = 6 72 50 28 47 55 37 95 68 66 44 89 17 88 99 24 74 41 65 81 15 
981-6-10 1?2.268 = 6 72 50 28 47 55 35 23 33 76 92 61 64 45 63 54 52 30 10 
981-6-14 1?2.531 = 6 72 50 28 47 37 49 75 83 94 36 70 96 34 60 18 58 48 86 71 14 
981-6-13 1?2.608 = 6 72 50 28 47 37 95 39 49 75 16 83 94 36 70 96 34 60 18 58 57 13 
981-8-11 1?1.955 = 8 92 61 64 45 67 38 56 36 70 85 90 21 98 11 
981-8-10 1?1.922 = 8 23 35 33 76 92 61 64 45 67 38 63 54 52 30 10 
981-8-9 1?1.88 = 8 23 35 33 76 92 61 64 45 67 38 63 54 52 30 9 
981-8-12 1?2.239 = 8 92 61 64 45 63 54 30 52 90 85 56 36 70 96 60 34 78 12 
981-7-12 1?2.279 = 7 23 35 33 76 92 61 64 45 67 38 90 85 36 70 96 60 34 78 12 
981-7-15 1?2.5 = 7 23 35 33 76 64 45 67 49 39 68 66 44 89 17 24 74 65 81 15 
981-7-14 1?2.319 = 7 35 33 76 64 45 67 38 56 36 70 96 34 60 18 58 48 86 71 14 
981-8-15 1?2.427 = 8 92 61 64 45 67 49 75 16 68 66 44 89 17 88 99 24 74 65 81 15 
981-8-13 1?2.448 = 8 23 35 33 76 92 61 64 45 67 38 56 36 70 96 34 60 18 58 57 13 
981-7-13 1?2.347 = 7 23 35 33 76 92 61 64 45 67 38 56 36 70 96 34 60 18 58 57 13 
981-8-14 1?2.464 = 8 92 61 64 45 67 38 90 85 56 36 70 96 34 60 18 58 48 42 86 71 14 
981-10-12 1?1.956 = 10 90 85 56 36 94 83 80 60 34 96 70 21 98 78 12 
981-9-11 1?1.923 = 9 54 63 45 67 38 56 36 70 96 60 34 98 21 11 
981-10-11 1?2.015 = 10 30 52 63 54 61 64 45 67 38 56 36 70 21 11 
981-9-12 1?1.929 = 9 54 61 64 45 67 38 90 85 70 96 60 34 78 12 
981-9-10 1?2.1 = 9 30 52 63 54 61 64 45 67 38 56 36 85 90 10 
981-10-13 1?1.957 = 10 90 85 70 36 56 94 83 80 96 34 60 18 58 57 13 
981-9-13 1?2.278 = 9 54 61 64 45 67 38 56 36 70 96 34 60 80 18 58 57 13 
981-10-15 1?2.536 = 10 30 52 63 45 67 49 75 16 39 68 66 44 89 17 24 74 65 81 15 
981-9-15 1?2.452 = 9 54 63 67 49 75 16 39 68 66 44 89 17 88 99 24 74 41 65 81 15 
981-10-14 1?2.436 = 10 30 52 54 63 45 67 38 56 36 70 96 34 60 18 58 48 86 71 14 
981-9-14 1?2.438 = 9 30 52 54 63 45 67 38 56 36 70 96 34 60 18 58 48 42 86 71 14 
981-11-12 1?2.034 = 11 21 70 36 85 90 56 94 83 80 60 34 96 98 78 12 
981-14-15 1?2.08 = 14 71 86 42 48 40 41 74 24 89 17 88 99 59 53 81 15 
981-13-15 1?2.144 = 13 57 34 60 96 80 18 58 48 42 86 71 40 41 65 81 15 
981-12-15 1?1.985 = 12 78 34 60 96 80 18 58 48 42 86 71 40 41 65 81 15 
981-12-13 1?1.867 = 12 78 98 21 70 36 94 83 80 96 34 60 18 58 57 13 
981-12-14 1?1.733 = 12 78 34 60 96 70 36 94 83 80 18 58 48 42 86 71 14 
981-11-13 1?1.822 = 11 21 85 90 56 36 94 83 80 96 34 60 18 58 57 13 
981-13-14 1?1.892 = 13 57 34 60 96 70 36 94 83 80 18 58 48 42 86 71 14 
981-11-14 1?2.004 = 11 98 21 85 90 56 36 70 96 34 60 80 18 58 48 86 71 14 
981-11-15 1?2.35 = 11 21 98 70 36 94 83 68 66 44 89 17 88 99 24 74 65 81 15 
stop
