start
867-0-3 1?1.91 = 0 27 54 71 61 56 76 88 25 79 30 43 26 33 72 96 3 
867-0-2 1?2.075 = 0 54 27 95 36 63 19 78 56 61 17 80 60 39 75 50 2 
867-0-1 1?1.817 = 0 54 27 95 36 63 78 56 61 17 80 60 39 75 50 1 
867-0-5 1?2.156 = 0 27 54 71 61 56 76 88 25 79 30 43 26 28 40 66 16 32 21 5 
867-0-6 1?2.5 = 0 27 54 71 61 56 76 88 25 79 30 43 26 28 66 40 29 86 81 51 6 
867-0-9 1?2.512 = 0 27 54 71 61 56 76 88 25 77 52 20 31 53 57 85 55 92 73 9 
867-0-7 1?2.602 = 0 27 54 71 61 56 76 88 25 79 30 43 28 66 40 29 86 81 69 7 
867-0-11 1?2.147 = 0 27 54 71 95 36 63 19 47 41 83 68 22 49 35 82 45 93 11 
867-0-8 1?2.648 = 0 54 27 95 36 63 19 47 41 83 91 67 58 59 20 31 53 57 64 8 
867-0-4 1?2.165 = 0 27 54 71 17 61 56 76 88 25 79 30 43 26 33 72 24 96 4 
867-0-10 1?2.356 = 0 27 54 71 61 56 76 88 25 77 52 20 31 85 55 90 92 73 23 10 
867-0-14 1?1.554 = 0 27 54 71 17 88 76 56 61 36 63 19 47 41 83 14 
867-0-15 1?1.762 = 0 27 54 71 17 25 88 76 56 61 36 63 19 47 41 15 
867-1-2 1?2.01 = 1 50 75 87 80 17 61 56 76 88 25 79 30 34 98 97 2 
867-1-3 1?1.983 = 1 50 39 60 17 61 56 76 88 25 79 30 43 26 33 24 3 
867-1-4 1?2.051 = 1 50 75 39 60 17 61 56 76 88 25 79 30 43 26 72 4 
867-1-7 1?2.631 = 1 50 75 87 80 17 61 56 76 88 25 79 30 43 28 66 40 86 51 7 
867-0-12 1?1.996 = 0 27 54 71 95 36 63 19 47 41 83 68 22 49 35 82 45 12 
867-1-8 1?2.614 = 1 50 75 39 60 80 17 61 56 76 88 25 77 52 20 31 53 57 64 8 
867-1-5 1?2.245 = 1 50 75 39 60 17 61 56 76 88 25 79 30 43 28 66 16 32 21 5 
867-0-13 1?1.899 = 0 54 27 95 36 63 19 78 91 47 41 83 68 22 49 82 35 13 
867-1-6 1?2.475 = 1 50 75 87 80 17 61 56 76 88 25 79 30 43 26 28 40 16 84 6 
867-1-15 1?1.727 = 1 50 75 87 80 17 71 54 27 95 36 63 19 47 41 15 
867-1-14 1?1.508 = 1 50 75 39 71 54 27 95 36 63 19 47 41 83 68 14 
867-2-5 1?2.196 = 2 50 75 87 34 79 30 43 26 28 66 40 86 16 32 21 5 
867-1-13 1?2.043 = 1 50 75 39 71 54 27 95 36 63 19 47 41 83 68 22 49 82 35 13 
867-2-3 1?2.147 = 2 87 80 60 17 61 56 76 88 25 79 30 43 26 33 24 3 
867-2-4 1?2.252 = 2 50 75 39 60 17 61 56 76 88 25 79 30 43 26 72 4 
867-1-11 1?2.254 = 1 74 54 27 95 36 63 19 47 41 83 68 22 49 35 82 45 93 11 
867-1-10 1?2.44 = 1 50 75 87 80 17 61 56 76 88 25 77 52 20 46 62 92 73 23 10 
867-1-9 1?2.607 = 1 50 75 87 80 17 61 56 76 88 25 77 52 58 59 20 31 85 55 90 9 
867-1-12 1?2.127 = 1 50 75 39 71 54 27 95 36 63 19 47 41 83 68 22 49 35 82 12 
867-2-6 1?2.624 = 2 50 75 39 60 17 61 56 76 88 25 79 30 43 26 28 66 16 84 6 
867-2-13 1?2.104 = 2 50 75 39 71 54 27 95 36 63 19 47 41 83 68 22 49 35 13 
867-3-5 1?2.037 = 3 96 24 33 72 28 66 40 29 86 16 84 32 65 21 5 
867-2-15 1?2.282 = 2 50 75 87 80 17 88 76 56 61 36 63 19 47 91 83 41 15 
867-2-14 1?2.203 = 2 50 75 87 80 60 71 54 27 95 36 63 19 41 47 91 83 68 14 
867-3-4 1?2.04 = 3 96 24 33 72 28 66 40 29 86 16 84 32 21 65 4 
867-2-11 1?2.519 = 2 50 39 54 27 95 36 63 19 47 41 83 68 49 35 82 45 11 
867-2-7 1?2.826 = 2 87 80 60 17 61 56 76 88 25 79 30 43 26 28 66 40 86 51 7 
867-2-10 1?2.662 = 2 50 75 39 60 80 17 61 56 76 88 77 52 20 46 62 92 73 23 10 
867-2-12 1?2.276 = 2 50 75 39 54 27 95 36 63 19 47 41 83 68 22 49 35 82 12 
867-2-8 1?2.891 = 2 50 75 39 60 17 61 56 76 88 25 77 52 58 59 20 31 53 57 64 8 
867-2-9 1?2.799 = 2 50 75 39 60 17 61 56 76 88 25 77 52 20 31 53 57 85 55 90 9 
867-4-5 1?2.142 = 4 65 66 28 40 29 48 38 42 18 81 86 16 32 21 5 
867-3-15 1?2.047 = 3 24 33 26 43 30 79 25 88 76 56 61 36 63 19 47 41 15 
867-3-13 1?2.201 = 3 24 33 26 43 30 79 25 88 76 56 61 36 63 19 47 41 83 68 13 
867-3-14 1?2.199 = 3 96 24 72 33 26 43 30 79 25 88 76 56 61 78 36 63 19 47 41 14 
867-3-7 1?2.69 = 3 96 24 33 72 28 66 16 40 86 29 48 38 42 18 81 69 7 
867-3-6 1?2.135 = 3 96 24 33 72 28 66 40 29 86 16 65 21 32 84 6 
867-3-11 1?2.766 = 3 96 24 72 28 66 40 86 29 48 38 42 18 31 20 59 58 94 89 37 11 
867-3-10 1?2.55 = 3 96 24 33 72 28 66 40 86 29 48 38 42 18 53 57 55 90 92 73 23 10 
867-3-8 1?2.777 = 3 96 24 72 28 66 40 29 48 38 44 77 52 20 31 53 57 64 8 
867-3-12 1?2.501 = 3 24 33 26 43 30 79 25 88 76 56 78 47 41 83 68 22 49 35 12 
867-3-9 1?2.588 = 3 96 24 33 72 28 66 40 29 48 38 42 18 53 57 85 55 92 73 23 9 
867-4-15 1?2.228 = 4 72 33 26 43 30 79 25 88 76 56 61 78 36 63 19 47 41 15 
867-4-13 1?2.332 = 4 72 33 26 43 30 79 25 88 76 56 61 36 63 19 41 83 68 22 13 
867-4-7 1?2.361 = 4 21 32 16 66 28 40 29 48 38 42 18 53 57 69 7 
867-4-14 1?2.356 = 4 21 32 16 66 28 43 30 79 25 88 76 56 61 36 63 19 47 41 83 14 
867-5-6 1?2.062 = 5 21 32 84 16 66 28 40 86 29 48 38 42 81 51 6 
867-4-6 1?2.204 = 4 21 32 84 16 66 28 40 86 29 48 38 42 81 51 6 
867-4-8 1?2.613 = 4 21 32 84 16 66 28 40 86 29 48 38 42 18 31 53 57 64 8 
867-4-10 1?2.369 = 4 21 32 16 66 28 40 29 48 38 42 18 53 57 85 55 92 73 23 10 
867-4-11 1?2.773 = 4 21 32 16 66 28 40 86 29 48 38 42 18 31 20 59 58 94 89 37 11 
867-4-9 1?2.42 = 4 21 32 16 66 40 29 48 38 42 18 53 57 85 55 92 73 23 9 
867-4-12 1?2.628 = 4 72 26 43 30 79 25 88 76 56 61 36 63 19 47 41 83 68 49 35 12 
867-5-8 1?2.098 = 5 21 32 16 66 28 40 29 48 38 42 18 53 57 64 8 
867-6-8 1?2.439 = 6 84 32 16 66 28 40 86 29 48 38 42 18 53 57 64 8 
867-5-7 1?2.219 = 5 21 32 16 66 28 40 29 48 38 42 18 53 57 69 7 
867-6-7 1?2.491 = 6 84 32 16 66 28 40 86 29 48 38 42 18 81 69 7 
867-5-13 1?2.416 = 5 21 32 16 66 28 43 30 79 25 88 76 56 78 19 47 41 83 68 22 13 
867-5-11 1?2.436 = 5 21 32 16 66 28 40 86 29 48 38 42 18 31 46 89 37 93 11 
867-5-15 1?2.335 = 5 21 32 16 66 40 28 26 43 30 79 25 88 76 56 61 78 36 63 19 15 
867-5-10 1?2.205 = 5 21 32 16 66 40 29 48 38 42 18 53 57 85 55 90 92 73 23 10 
867-5-9 1?2.157 = 5 21 32 16 66 28 40 29 48 38 42 18 53 57 85 55 90 9 
867-5-14 1?2.307 = 5 21 32 16 40 28 26 43 30 79 25 88 76 56 61 36 63 19 47 41 83 14 
867-5-12 1?2.642 = 5 21 32 16 66 28 40 29 48 38 42 18 70 77 52 59 58 94 82 35 12 
867-6-10 1?2.262 = 6 84 16 66 40 29 48 38 42 18 53 57 85 55 92 73 23 10 
867-7-8 1?2.698 = 7 51 16 66 28 40 86 29 48 38 42 18 53 57 69 64 8 
867-6-14 1?2.389 = 6 84 16 66 28 26 43 30 79 25 88 76 56 61 36 63 19 41 83 14 
867-7-10 1?2.476 = 7 51 16 66 40 29 48 38 42 18 53 57 85 55 92 73 23 10 
867-6-15 1?2.459 = 6 84 16 66 40 28 26 43 30 79 25 88 76 56 61 78 36 63 19 15 
867-6-13 1?2.528 = 6 51 81 48 38 44 25 88 76 56 61 36 63 19 47 41 83 68 22 13 
867-6-9 1?2.358 = 6 84 16 66 28 40 86 29 48 38 42 18 53 57 85 55 90 9 
867-6-11 1?2.7 = 6 84 32 16 66 28 40 86 29 48 38 42 18 31 46 89 37 93 11 
867-7-9 1?2.568 = 7 69 81 86 40 29 48 38 42 18 53 57 85 55 92 73 9 
867-7-11 1?2.867 = 7 51 16 66 28 40 29 48 38 44 77 52 59 58 94 89 37 11 
867-6-12 1?2.761 = 6 84 16 66 28 40 29 48 38 44 77 52 59 58 94 82 49 35 12 
867-8-11 1?2.573 = 8 64 57 53 18 42 38 44 77 52 59 58 94 89 37 11 
867-8-10 1?2.423 = 8 64 57 53 31 20 59 58 94 89 62 85 55 90 73 23 10 
867-7-15 1?2.641 = 7 51 86 29 40 66 28 26 43 30 79 25 88 76 56 61 36 63 19 15 
867-8-9 1?2.531 = 8 64 69 81 86 29 48 38 42 18 53 57 85 55 92 73 9 
867-7-14 1?2.518 = 7 69 81 48 38 44 25 88 76 56 61 36 63 19 47 41 83 68 14 
867-7-13 1?2.659 = 7 51 81 48 38 44 25 88 76 56 61 36 63 19 47 41 83 68 13 
867-8-12 1?2.532 = 8 64 57 53 18 42 38 70 77 52 59 58 94 82 35 12 
867-8-13 1?2.57 = 8 64 57 53 31 20 59 58 67 91 78 36 63 19 47 41 83 68 13 
867-8-14 1?2.54 = 8 64 57 53 31 20 52 59 58 94 99 67 91 78 36 63 19 47 41 83 14 
867-8-15 1?2.766 = 8 64 57 53 18 31 20 52 59 58 94 99 67 91 83 41 47 19 63 36 15 
867-7-12 1?2.889 = 7 69 57 53 31 20 59 58 67 91 47 41 83 68 22 49 35 12 
867-10-13 1?1.973 = 10 23 73 92 62 46 20 59 58 94 99 82 35 49 22 13 
867-9-10 1?2.428 = 9 23 73 92 90 55 85 57 53 31 20 59 58 94 89 37 10 
867-9-11 1?2.403 = 9 23 73 92 90 55 85 57 53 31 20 59 58 94 89 93 11 
867-10-11 1?2.263 = 10 23 73 92 90 55 85 57 53 31 20 59 58 94 89 93 11 
867-10-14 1?2.186 = 10 23 73 92 62 89 94 67 91 78 36 63 19 47 41 83 68 14 
867-10-12 1?2.24 = 10 23 73 92 90 55 85 57 53 31 20 59 58 94 99 82 12 
867-9-12 1?2.38 = 9 23 73 92 90 55 85 57 53 31 20 59 58 94 99 82 12 
867-9-15 1?2.496 = 9 23 73 92 55 85 57 53 31 20 59 58 94 99 67 91 78 63 36 15 
867-9-14 1?2.373 = 9 23 73 92 62 46 59 58 67 91 78 36 63 19 47 41 83 68 14 
867-9-13 1?2.354 = 9 23 73 92 55 85 57 53 31 20 59 58 94 99 82 35 49 22 13 
867-10-15 1?2.316 = 10 23 73 90 55 85 46 59 58 94 99 67 91 83 41 47 19 63 36 15 
867-12-14 1?1.864 = 12 13 22 49 35 82 99 67 91 78 36 63 19 47 41 14 
867-13-14 1?1.474 = 13 22 49 35 82 99 67 91 78 36 63 19 47 41 14 
867-13-15 1?1.545 = 13 22 49 35 82 99 67 91 47 83 41 19 63 36 15 
867-11-13 1?2.108 = 11 45 82 35 49 67 91 78 36 63 19 47 83 68 13 
867-12-15 1?1.575 = 12 45 82 35 49 22 68 83 41 47 19 63 36 15 
867-12-13 1?2.192 = 12 35 82 99 67 91 56 61 36 63 19 47 83 68 13 
867-14-15 1?1.711 = 14 68 83 41 47 19 63 36 78 56 76 88 61 95 15 
867-11-15 1?2.086 = 11 93 45 82 35 49 22 68 83 41 47 19 78 63 36 95 15 
867-11-14 1?2.326 = 11 37 89 46 20 52 77 25 88 76 56 61 36 63 19 41 14 
867-11-12 1?2.343 = 11 45 82 99 67 91 78 63 19 47 83 68 49 35 12 
stop
