start
899-0-2 1?2.001 = 0 48 63 92 79 71 72 65 94 54 81 69 86 75 41 2 
899-0-1 1?2.044 = 0 48 27 63 32 88 92 79 71 72 65 94 54 96 52 22 1 
899-0-4 1?2.055 = 0 48 27 63 92 79 65 94 54 81 69 86 95 58 56 31 59 4 
899-0-3 1?2.179 = 0 48 27 63 92 79 71 72 65 94 54 81 69 99 86 95 58 3 
899-0-5 1?2.471 = 0 48 27 63 92 79 94 65 71 72 36 81 69 86 95 99 18 24 78 5 
899-0-7 1?2.693 = 0 48 27 63 92 79 71 72 65 94 54 81 69 86 99 18 24 67 25 97 7 
899-0-8 1?2.534 = 0 48 27 63 92 79 71 72 73 20 50 29 55 74 70 60 16 90 64 8 
899-0-9 1?2.524 = 0 48 27 63 92 88 34 40 68 46 28 80 61 30 51 49 66 38 84 62 9 
899-0-11 1?2.492 = 0 48 27 63 92 34 88 32 85 47 42 57 40 68 46 28 77 89 61 30 11 
899-0-10 1?2.611 = 0 48 27 63 92 34 88 32 85 47 42 57 40 68 46 28 77 89 61 30 51 10 
899-0-6 1?2.606 = 0 48 27 63 92 79 71 65 94 54 81 69 86 99 18 24 67 25 33 17 6 
899-1-4 1?2.216 = 1 22 52 96 94 65 71 72 36 81 69 86 95 58 56 31 59 4 
899-1-2 1?2.137 = 1 22 52 96 94 65 54 81 69 86 95 37 75 41 98 2 
899-0-15 1?1.944 = 0 48 27 63 92 79 94 65 71 72 34 88 42 47 85 15 
899-0-14 1?1.826 = 0 48 27 63 92 79 94 65 71 72 34 88 42 47 19 14 
899-1-3 1?2.294 = 1 22 52 96 54 94 65 71 72 73 36 81 69 86 95 37 3 
899-0-12 1?2.256 = 0 48 27 63 92 79 94 65 71 72 34 42 47 19 82 87 53 76 12 
899-1-5 1?2.516 = 1 22 52 96 54 94 65 71 72 36 81 69 86 95 99 18 24 78 5 
899-1-7 1?2.821 = 1 22 52 96 79 71 72 65 94 54 81 69 86 95 99 18 24 67 25 97 7 
899-0-13 1?2.068 = 0 48 27 96 54 94 65 72 71 79 92 88 34 42 47 19 82 13 
899-1-8 1?2.706 = 1 22 52 96 54 94 65 71 72 73 20 50 29 55 62 70 16 90 64 8 
899-1-6 1?2.734 = 1 22 52 96 79 71 65 94 54 81 69 86 95 99 18 24 67 25 33 17 6 
899-1-15 1?2.046 = 1 22 52 96 94 65 72 71 79 92 88 34 42 47 85 15 
899-2-4 1?2.083 = 2 98 41 75 37 95 86 69 81 99 18 24 56 31 59 4 
899-1-14 1?2.205 = 1 22 52 96 54 94 65 72 71 79 92 34 88 32 85 42 47 19 14 
899-2-3 1?2.26 = 2 98 21 54 94 65 71 72 73 36 81 69 86 95 58 3 
899-1-13 1?2.289 = 1 22 52 96 94 65 72 71 79 92 34 88 32 85 42 47 19 82 13 
899-1-12 1?2.46 = 1 22 52 96 54 94 65 72 71 79 92 34 42 47 19 82 87 53 76 12 
899-1-11 1?2.627 = 1 22 52 96 54 94 65 72 71 79 92 88 34 57 40 68 46 28 80 61 89 11 
899-2-5 1?2.577 = 2 98 35 21 54 94 65 71 72 36 81 69 86 95 99 18 24 78 5 
899-1-10 1?2.609 = 1 22 52 27 48 63 92 88 32 42 47 57 40 68 46 28 80 61 30 51 10 
899-1-9 1?2.713 = 1 22 52 27 63 92 88 34 40 68 46 28 80 61 30 51 49 38 84 93 9 
899-2-6 1?2.583 = 2 98 41 75 37 58 95 86 69 81 99 18 24 67 45 25 33 17 6 
899-2-15 1?2.032 = 2 41 75 95 86 69 81 54 94 65 71 79 92 88 32 85 15 
899-3-4 1?2.278 = 3 37 75 41 98 35 21 86 95 99 18 24 56 31 59 4 
899-2-14 1?2.155 = 2 98 41 75 37 95 86 69 81 54 94 65 71 79 92 88 32 85 14 
899-3-5 1?2.592 = 3 37 75 41 98 21 69 81 99 86 95 58 56 31 59 78 5 
899-2-12 1?2.473 = 2 41 75 37 95 86 69 81 54 94 65 71 72 73 40 68 46 83 76 12 
899-2-11 1?2.628 = 2 41 75 95 86 69 81 54 94 65 71 72 73 40 68 46 28 80 61 89 11 
899-2-10 1?2.61 = 2 98 21 54 94 65 72 71 79 92 34 57 40 68 46 28 80 61 30 10 
899-2-13 1?2.353 = 2 41 75 37 95 86 69 81 54 94 65 71 72 34 88 32 42 47 19 13 
899-2-7 1?2.801 = 2 41 37 95 86 69 81 54 94 65 71 72 73 20 50 23 91 43 7 
899-2-8 1?2.568 = 2 98 41 75 37 95 86 99 18 24 67 25 97 43 91 64 90 16 60 8 
899-2-9 1?2.663 = 2 41 75 37 95 86 99 18 24 67 25 97 43 64 90 16 60 70 62 9 
899-3-7 1?2.611 = 3 37 75 41 98 35 21 86 95 99 18 24 67 25 33 17 7 
899-4-5 1?2.375 = 4 59 31 56 58 37 41 75 86 69 81 99 18 24 78 5 
899-3-14 1?2.254 = 3 37 95 86 69 81 54 94 65 72 71 79 92 88 34 42 47 19 14 
899-3-11 1?2.552 = 3 37 95 86 69 81 54 94 65 71 72 73 40 68 46 28 77 89 11 
899-3-15 1?2.285 = 3 37 41 75 95 86 69 81 54 94 65 71 72 79 92 88 32 85 15 
899-3-10 1?2.631 = 3 37 95 86 69 54 94 65 71 72 73 40 68 46 28 80 61 51 10 
899-3-9 1?2.658 = 3 37 95 86 99 18 24 67 25 97 43 91 64 90 16 70 62 9 
899-3-8 1?2.577 = 3 37 41 75 86 95 99 18 24 67 45 26 91 43 64 90 16 60 8 
899-3-6 1?2.481 = 3 37 75 41 98 35 21 86 95 99 18 24 67 25 33 17 6 
899-3-12 1?2.611 = 3 37 95 86 69 81 54 94 65 72 71 79 92 88 34 40 68 46 83 76 12 
899-3-13 1?2.493 = 3 37 95 86 69 81 54 94 65 72 71 79 92 34 88 32 42 47 19 82 13 
899-4-7 1?2.242 = 4 59 31 56 58 95 86 69 81 99 18 24 67 25 97 7 
899-4-11 1?2.564 = 4 59 31 56 58 95 86 69 81 36 73 40 68 46 28 80 61 51 30 11 
899-5-6 1?2.434 = 5 25 45 26 23 29 74 70 60 90 64 43 97 33 17 6 
899-4-6 1?2.21 = 4 59 31 56 58 95 86 69 81 99 18 24 67 25 33 17 6 
899-4-15 1?2.298 = 4 59 31 56 18 99 95 86 69 81 54 94 65 71 72 79 92 88 32 85 15 
899-4-12 1?2.473 = 4 59 31 56 58 95 86 69 81 54 94 65 71 72 73 40 68 46 53 12 
899-4-8 1?2.381 = 4 59 31 56 58 95 86 99 18 24 67 25 97 43 64 90 16 60 8 
899-4-9 1?2.41 = 4 59 31 56 24 67 25 45 97 43 91 64 90 16 60 70 62 9 
899-4-10 1?2.592 = 4 59 31 56 24 67 25 97 43 91 64 90 16 60 70 62 93 10 
899-4-13 1?2.309 = 4 59 31 56 58 95 86 69 81 54 94 65 71 72 34 42 47 19 82 13 
899-4-14 1?2.38 = 4 59 31 56 58 95 86 69 81 54 94 65 72 71 79 92 88 34 42 47 19 14 
899-5-7 1?2.422 = 5 6 17 33 25 45 26 23 74 62 70 60 16 90 64 43 7 
899-6-8 1?1.828 = 6 17 33 25 67 45 26 23 91 43 64 90 16 70 60 8 
899-6-7 1?2.032 = 6 17 33 25 45 26 23 74 62 70 60 16 90 64 43 7 
899-5-11 1?2.522 = 5 6 17 33 97 43 91 64 90 16 60 70 62 84 38 66 49 51 30 11 
899-5-8 1?2.611 = 5 6 17 33 25 45 26 23 29 55 62 70 60 16 90 91 43 64 8 
899-5-15 1?2.46 = 5 78 24 18 99 95 86 69 81 54 94 65 71 72 79 92 63 27 48 15 
899-5-12 1?2.634 = 5 25 97 43 64 90 16 60 70 62 84 38 66 49 61 89 77 83 76 12 
899-5-13 1?2.463 = 5 78 24 18 99 95 86 69 81 54 94 65 71 72 34 42 47 19 13 
899-5-9 1?2.479 = 5 78 25 45 97 43 91 64 90 16 60 70 62 74 55 84 93 9 
899-5-14 1?2.503 = 5 78 24 18 99 95 86 69 81 54 94 65 71 72 79 92 88 42 47 19 14 
899-5-10 1?2.556 = 5 6 17 33 97 43 91 64 90 16 60 70 62 74 55 84 38 66 49 10 
899-7-8 1?1.958 = 7 17 33 25 67 45 26 23 91 43 64 90 16 70 60 8 
899-7-9 1?2.088 = 7 17 33 97 43 64 90 16 60 70 62 74 55 66 38 84 93 9 
899-6-9 1?1.958 = 6 17 33 97 43 64 90 16 60 70 62 74 55 66 38 84 93 9 
899-6-12 1?2.295 = 6 17 33 97 43 64 90 16 60 70 62 84 38 49 61 89 77 83 76 12 
899-6-15 1?2.614 = 6 17 33 25 67 24 18 99 95 86 69 81 54 94 65 71 72 79 92 63 15 
899-6-13 1?2.532 = 6 17 33 97 43 91 74 55 84 38 66 49 51 61 89 77 83 53 87 13 
899-6-14 1?2.604 = 6 17 33 25 67 24 18 99 95 86 69 81 54 94 65 71 79 92 88 32 85 14 
899-6-10 1?2.166 = 6 17 33 97 43 91 64 90 16 60 70 62 74 55 84 38 66 49 10 
899-7-10 1?2.233 = 7 43 91 64 90 16 60 70 62 55 84 38 66 49 51 61 89 30 10 
899-7-11 1?2.265 = 7 43 91 64 90 16 60 70 62 84 38 66 49 51 30 61 80 28 77 89 11 
899-6-11 1?2.338 = 6 17 33 97 43 91 64 90 16 60 70 62 74 55 84 38 66 49 51 30 11 
899-8-9 1?1.727 = 8 64 43 91 90 16 60 70 62 74 55 66 38 84 93 9 
899-8-10 1?1.769 = 8 64 90 16 60 70 62 84 38 66 49 51 61 80 89 30 10 
899-8-14 1?2.254 = 8 60 16 70 62 84 38 66 49 61 80 28 46 68 40 57 42 47 19 14 
899-7-12 1?2.167 = 7 43 64 90 16 60 70 62 84 38 66 49 51 30 61 80 89 77 83 76 12 
899-8-11 1?2.068 = 8 64 90 16 60 70 62 74 55 84 38 66 49 51 30 61 80 28 77 89 11 
899-8-12 1?2.125 = 8 90 16 60 70 62 74 55 84 38 66 49 51 30 61 89 80 28 77 83 76 12 
899-7-13 1?2.352 = 7 64 90 16 60 70 62 84 38 66 49 51 30 61 80 89 77 83 53 87 13 
899-8-15 1?2.502 = 8 90 16 60 70 62 84 38 66 49 51 61 80 28 46 68 40 34 88 32 85 15 
899-7-15 1?2.733 = 7 64 90 16 60 70 62 84 38 66 49 61 80 28 46 68 40 57 42 47 85 15 
899-7-14 1?2.615 = 7 64 90 16 60 70 62 84 38 66 49 61 80 28 46 68 40 57 42 47 19 14 
899-8-13 1?2.249 = 8 90 16 60 70 62 84 38 66 49 51 30 61 80 89 77 83 76 53 87 82 13 
899-9-12 1?1.827 = 9 62 55 84 38 66 49 51 30 61 80 89 77 83 53 76 12 
899-9-11 1?1.843 = 9 62 70 60 16 90 74 55 84 38 66 49 51 61 80 89 11 
899-10-12 1?1.961 = 10 93 62 74 55 84 38 66 49 51 30 61 89 77 83 76 12 
899-10-11 1?2.101 = 10 93 62 70 16 90 74 55 66 49 51 30 61 80 89 11 
899-9-10 1?1.879 = 9 62 70 60 16 90 64 43 91 74 55 66 38 84 93 10 
899-10-14 1?2.297 = 10 93 84 38 66 49 51 30 61 89 80 28 46 68 40 57 42 47 19 14 
899-9-14 1?2.303 = 9 62 84 38 66 49 51 30 61 80 89 77 28 46 68 40 57 42 47 19 14 
899-10-13 1?2.329 = 10 51 30 61 80 89 77 28 46 68 40 57 34 88 32 42 47 19 82 13 
899-9-13 1?2.291 = 9 62 74 55 84 38 66 49 51 30 61 80 89 77 83 76 53 87 39 82 13 
899-10-15 1?2.585 = 10 51 30 61 80 89 77 28 46 68 40 57 42 47 85 32 88 92 63 27 48 15 
899-9-15 1?2.588 = 9 62 84 38 66 49 51 30 61 80 89 77 28 46 68 40 57 47 42 88 32 85 15 
899-12-14 1?1.906 = 12 76 83 77 89 61 80 28 46 68 40 57 34 88 32 85 14 
899-13-14 1?1.845 = 13 82 19 47 42 34 72 71 65 94 79 92 88 32 85 14 
899-13-15 1?1.891 = 13 82 19 47 42 34 72 71 65 94 79 92 88 32 85 15 
899-14-15 1?1.897 = 14 19 47 42 32 88 34 72 71 65 79 92 63 27 48 15 
899-11-12 1?2.044 = 11 89 61 80 28 46 68 40 57 42 47 19 82 87 53 12 
899-12-13 1?1.946 = 12 76 83 46 68 40 57 34 88 32 85 42 47 19 82 13 
899-11-13 1?1.941 = 11 30 51 61 80 89 77 28 46 68 40 57 42 47 19 82 13 
899-11-14 1?2.178 = 11 30 51 61 89 77 28 46 68 40 57 34 88 32 85 42 47 19 14 
899-12-15 1?2.211 = 12 76 83 77 89 61 80 28 46 68 40 57 34 88 32 42 47 85 15 
899-11-15 1?2.319 = 11 30 61 80 28 46 68 40 57 42 47 85 32 88 92 63 27 48 15 
stop
