start
382-0-2 1?2.304 = 0 95 52 45 82 17 58 32 66 54 44 38 63 36 53 72 2 
382-0-3 1?2.406 = 0 95 52 45 82 17 58 89 57 81 55 98 44 38 63 36 53 3 
382-0-4 1?2.473 = 0 95 52 45 82 17 32 66 26 54 44 38 98 49 68 67 86 24 25 4 
382-0-5 1?2.605 = 0 95 52 45 82 17 58 32 66 26 54 44 38 63 36 24 86 67 5 
382-0-11 1?2.233 = 0 95 52 45 82 17 58 87 93 80 76 64 33 27 29 46 79 18 61 11 
382-0-1 1?2.36 = 0 95 52 45 82 87 17 58 89 85 75 57 26 66 74 59 1 
382-0-8 1?2.502 = 0 95 45 82 87 93 80 64 76 39 21 84 22 42 43 28 88 78 41 8 
382-0-9 1?2.57 = 0 95 52 45 82 17 58 89 57 85 75 19 22 42 31 47 60 73 34 9 
382-0-7 1?2.583 = 0 95 52 45 82 17 58 89 85 75 19 40 35 77 16 51 65 62 48 20 7 
382-0-10 1?2.385 = 0 95 52 45 82 87 93 80 64 76 27 29 46 79 18 61 83 96 97 71 10 
382-0-6 1?2.608 = 0 95 52 45 82 87 93 80 64 76 39 21 19 40 35 77 16 51 30 6 
382-0-15 1?2.248 = 0 95 45 82 17 87 93 80 64 76 29 27 33 56 52 15 
382-0-14 1?2.147 = 0 95 52 45 82 17 58 89 57 75 21 39 93 80 33 14 
382-0-13 1?1.85 = 0 95 52 45 82 87 93 80 64 76 29 46 79 61 18 13 
382-1-4 1?1.918 = 1 59 74 66 26 54 44 38 98 49 68 67 86 24 25 4 
382-1-2 1?2.272 = 1 59 74 66 26 54 44 38 24 86 25 36 63 53 72 2 
382-1-3 1?2.129 = 1 59 74 66 26 54 44 38 98 49 68 67 86 24 25 3 
382-1-8 1?2.669 = 1 59 74 66 26 89 57 85 75 21 84 22 42 43 28 99 88 78 41 8 
382-0-12 1?1.948 = 0 95 52 45 82 17 58 87 93 80 76 64 33 27 29 46 79 18 61 12 
382-1-5 1?2.84 = 1 50 32 17 87 93 80 64 76 39 21 75 85 57 81 55 98 49 68 5 
382-1-6 1?2.587 = 1 59 74 66 26 54 44 38 24 86 67 68 49 94 16 51 65 62 30 6 
382-1-7 1?2.549 = 1 59 74 66 26 54 44 38 24 86 67 49 68 94 51 30 62 48 20 7 
382-1-14 1?2.214 = 1 59 74 66 26 89 57 85 75 21 39 93 80 64 33 14 
382-1-15 1?2.295 = 1 59 74 66 26 57 85 75 21 39 76 64 80 56 15 
382-2-4 1?1.793 = 2 72 53 36 63 38 44 55 98 49 68 67 86 24 25 4 
382-1-11 1?2.551 = 1 50 66 26 57 75 21 39 93 80 64 76 27 29 46 79 18 61 11 
382-1-13 1?2.356 = 1 59 74 66 26 57 85 75 21 39 93 80 64 33 76 29 27 13 
382-2-3 1?1.995 = 2 72 53 36 63 38 44 98 49 68 67 69 86 24 25 3 
382-2-5 1?2.13 = 2 72 53 36 63 38 44 55 98 49 68 67 86 24 25 69 5 
382-1-10 1?2.611 = 1 50 32 58 17 87 93 80 76 64 33 27 29 46 79 18 61 83 96 97 71 10 
382-1-9 1?2.712 = 1 50 32 58 17 87 93 80 64 76 39 21 84 42 31 47 60 73 34 9 
382-2-6 1?2.505 = 2 72 53 36 63 38 44 98 24 86 67 68 49 94 16 51 65 62 30 6 
382-1-12 1?2.243 = 1 59 74 66 26 57 75 21 39 93 80 64 76 29 46 79 18 61 12 
382-2-15 1?2.254 = 2 72 53 36 63 38 44 54 66 26 89 58 17 82 45 52 15 
382-2-14 1?2.451 = 2 72 53 36 63 38 44 54 57 85 75 21 39 76 64 33 14 
382-3-4 1?1.801 = 3 36 63 38 44 81 55 98 49 68 67 69 86 24 25 4 
382-2-11 1?2.595 = 2 70 66 26 57 75 21 39 93 80 64 76 27 29 46 79 18 61 11 
382-2-10 1?2.682 = 2 72 53 36 63 38 44 98 55 35 40 22 42 31 47 60 73 34 71 10 
382-2-13 1?2.518 = 2 59 74 50 32 58 17 87 93 80 76 64 33 27 29 46 79 61 18 13 
382-3-5 1?2.094 = 3 53 36 63 38 44 55 98 24 86 67 68 49 94 37 5 
382-2-8 1?2.585 = 2 72 53 63 36 24 86 67 68 49 94 16 51 65 62 48 20 91 41 8 
382-2-9 1?2.742 = 2 72 53 63 36 24 86 67 68 49 98 55 35 77 90 99 28 88 9 
382-2-12 1?2.35 = 2 70 66 26 57 75 21 39 93 80 76 64 33 27 29 46 79 61 18 12 
382-2-7 1?2.45 = 2 72 53 36 63 38 24 86 69 67 68 49 94 51 30 62 65 48 20 7 
382-3-14 1?2.282 = 3 36 63 38 44 54 57 75 21 39 93 80 76 64 33 56 14 
382-4-5 1?2.087 = 4 25 24 36 63 38 44 81 55 98 49 68 67 86 69 5 
382-3-15 1?2.417 = 3 36 63 38 44 54 57 85 39 76 64 80 93 87 82 45 52 15 
382-3-11 1?2.566 = 3 36 63 38 44 54 57 85 75 21 84 42 31 47 60 97 96 83 11 
382-3-13 1?2.525 = 3 36 63 38 44 54 57 85 39 93 80 64 76 29 46 79 61 18 13 
382-3-10 1?2.587 = 3 53 36 63 38 44 54 57 85 75 19 84 22 42 31 47 60 73 71 10 
382-3-6 1?2.005 = 3 53 36 63 38 24 86 67 68 49 94 51 65 62 30 6 
382-3-8 1?2.532 = 3 53 63 36 24 86 67 68 49 98 55 81 35 77 90 99 88 78 41 8 
382-3-9 1?2.652 = 3 53 36 63 38 44 54 57 85 75 19 84 42 31 47 60 73 34 9 
382-3-12 1?2.3 = 3 36 63 54 57 75 21 39 93 80 64 76 27 29 46 79 18 61 12 
382-3-7 1?2.38 = 3 53 36 63 38 44 98 24 86 67 68 49 94 51 30 62 65 20 48 7 
382-4-14 1?2.425 = 4 25 24 86 67 68 49 98 55 81 57 85 75 21 39 76 64 33 14 
382-4-6 1?1.897 = 4 25 24 86 67 49 68 37 94 51 65 20 48 62 30 6 
382-5-6 1?2.16 = 5 67 86 24 38 44 98 49 68 94 16 51 65 62 30 6 
382-4-11 1?2.519 = 4 25 24 86 67 68 49 98 55 81 35 40 22 42 31 47 60 97 96 83 11 
382-4-7 1?1.87 = 4 25 24 86 67 49 68 37 94 16 51 30 62 65 20 7 
382-4-10 1?2.449 = 4 25 24 86 67 68 49 98 55 81 35 40 22 42 31 47 60 73 71 10 
382-4-15 1?2.468 = 4 25 24 86 67 68 49 98 55 81 57 75 85 89 58 17 82 45 52 15 
382-4-13 1?2.398 = 4 69 67 68 49 98 55 81 57 85 75 21 39 93 80 76 64 33 27 13 
382-4-8 1?2.374 = 4 25 24 86 67 68 49 98 55 81 40 35 77 90 99 28 88 78 41 8 
382-4-9 1?2.586 = 4 25 24 86 67 68 49 98 55 81 35 40 22 42 31 47 60 73 34 9 
382-4-12 1?2.344 = 4 25 24 98 55 81 57 85 39 93 80 64 76 27 29 46 79 61 18 12 
382-5-8 1?2.259 = 5 69 86 67 68 49 94 16 51 30 62 65 48 20 91 41 8 
382-6-8 1?2.311 = 6 30 62 65 23 99 28 43 31 47 60 73 92 88 41 8 
382-6-7 1?2.118 = 6 30 62 65 51 16 23 90 99 28 88 78 41 91 20 48 7 
382-5-14 1?2.571 = 5 69 86 67 68 49 98 55 81 57 85 75 21 39 93 80 64 33 14 
382-5-7 1?1.939 = 5 69 25 24 86 67 68 49 94 51 30 62 65 48 20 7 
382-5-11 1?2.639 = 5 68 49 55 81 57 75 21 39 93 80 64 76 29 46 79 18 61 11 
382-5-10 1?2.575 = 5 37 94 51 65 48 20 91 41 78 88 99 28 43 31 47 60 73 71 10 
382-5-15 1?2.543 = 5 68 49 55 81 57 85 75 21 39 76 64 80 93 87 82 45 52 15 
382-5-13 1?2.562 = 5 67 68 49 55 81 57 85 75 21 39 93 80 64 33 76 29 27 13 
382-5-9 1?2.641 = 5 37 94 51 65 48 20 91 78 88 99 28 43 31 47 60 73 34 9 
382-5-12 1?2.339 = 5 68 49 55 81 57 85 39 93 80 64 76 27 29 46 79 61 18 12 
382-7-8 1?2.051 = 7 20 48 30 62 65 51 16 23 90 99 28 88 78 41 91 8 
382-7-10 1?2.124 = 7 20 48 62 65 23 78 88 99 28 43 31 47 60 73 34 71 10 
382-7-9 1?2.128 = 7 48 20 91 41 78 88 99 28 43 31 47 60 73 34 92 9 
382-7-11 1?2.337 = 7 48 20 91 41 78 88 99 28 43 31 47 60 73 34 71 96 97 83 11 
382-6-11 1?2.504 = 6 30 62 48 20 91 41 78 88 99 28 43 31 47 60 73 71 97 96 83 11 
382-6-9 1?2.323 = 6 30 62 65 48 20 91 41 78 88 99 28 43 31 47 60 73 34 9 
382-6-10 1?2.442 = 6 30 51 65 48 20 91 41 78 88 99 28 43 31 47 60 73 34 71 10 
382-6-13 1?2.582 = 6 51 16 77 35 40 19 21 39 93 80 64 76 27 29 46 79 61 18 13 
382-6-14 1?2.654 = 6 30 62 65 51 16 77 35 40 57 85 75 19 21 39 93 80 64 33 14 
382-6-15 1?2.673 = 6 30 51 16 77 35 40 19 21 39 76 64 33 80 93 87 17 82 45 52 15 
382-6-12 1?2.286 = 6 51 16 77 35 40 19 21 39 93 80 64 76 29 46 79 61 18 12 
382-8-11 1?1.821 = 8 41 78 88 99 28 43 31 47 60 73 71 97 96 83 11 
382-8-10 1?1.82 = 8 41 78 88 28 43 31 47 83 96 97 60 73 34 71 10 
382-8-9 1?1.951 = 8 41 78 88 28 43 31 47 60 97 83 96 71 73 34 9 
382-7-13 1?2.349 = 7 20 48 65 51 16 77 35 40 19 75 21 39 93 80 64 76 27 13 
382-8-13 1?2.375 = 8 41 78 88 28 43 22 19 75 21 39 93 80 64 33 76 29 27 13 
382-8-12 1?1.921 = 8 41 78 88 28 43 31 47 60 97 96 83 61 79 18 12 
382-7-14 1?2.472 = 7 20 48 65 51 16 77 35 40 57 85 75 21 39 93 80 76 64 33 14 
382-8-15 1?2.493 = 8 41 78 88 28 43 42 22 84 21 39 76 64 80 93 87 17 82 45 52 15 
382-8-14 1?2.573 = 8 41 78 88 99 28 43 31 42 22 84 19 75 21 39 76 64 80 93 56 14 
382-7-12 1?2.29 = 7 48 20 23 90 22 84 21 39 93 80 64 76 29 46 79 61 18 12 
382-7-15 1?2.709 = 7 20 48 65 16 77 35 40 19 21 39 76 64 33 80 93 87 17 82 45 52 15 
382-10-11 1?1.808 = 10 71 73 34 92 88 99 28 43 31 47 97 96 83 11 
382-9-11 1?2.174 = 9 88 99 28 43 31 47 60 73 92 34 71 96 83 11 
382-9-10 1?2.153 = 9 41 78 88 99 28 92 34 73 71 60 47 97 83 96 10 
382-10-14 1?1.987 = 10 71 60 47 31 42 84 21 39 93 80 76 64 33 56 14 
382-10-13 1?1.95 = 10 71 60 47 31 42 84 21 39 93 80 76 64 33 27 13 
382-10-15 1?2.166 = 10 71 96 83 61 18 79 46 29 76 64 80 93 87 82 45 52 15 
382-10-12 1?1.921 = 10 71 73 34 92 43 31 47 60 97 96 83 61 18 12 
382-9-13 1?2.369 = 9 92 43 42 84 21 39 93 80 64 76 27 29 46 79 61 18 13 
382-9-12 1?2.051 = 9 92 43 42 84 21 39 93 80 64 76 27 79 18 12 
382-9-14 1?2.56 = 9 34 71 73 60 47 97 96 83 61 18 79 46 29 27 76 64 33 14 
382-9-15 1?2.514 = 9 34 71 60 47 31 42 84 21 39 76 64 80 93 87 82 45 52 15 
382-13-14 1?1.981 = 13 18 61 79 46 29 27 33 64 76 80 93 87 82 56 14 
382-12-14 1?1.74 = 12 18 61 79 46 29 27 33 64 76 80 93 87 82 56 14 
382-12-13 1?2.13 = 12 18 61 79 46 29 27 33 64 76 80 93 87 82 56 14 13 
382-11-14 1?2.124 = 11 61 18 79 46 29 27 33 64 76 80 93 87 17 82 56 14 
382-13-15 1?1.772 = 13 18 61 79 46 29 27 76 64 80 93 87 82 45 52 15 
382-12-15 1?1.531 = 12 18 61 79 46 29 27 76 64 80 93 87 82 45 52 15 
382-14-15 1?1.955 = 14 56 33 27 29 76 64 80 93 87 58 17 82 45 52 15 
382-11-13 1?2.253 = 11 83 96 97 60 47 31 42 84 21 75 85 39 76 33 13 
382-11-12 1?2.135 = 11 83 96 97 60 47 31 42 22 84 21 39 29 46 61 12 
382-11-15 1?1.958 = 11 61 18 79 46 29 27 33 64 76 80 93 87 17 82 45 52 15 
stop
