start
988-0-2 1?2.026 = 0 53 28 51 61 29 95 92 68 89 21 72 40 64 19 27 2 
988-0-3 1?1.917 = 0 53 28 89 21 72 40 64 27 19 47 35 63 66 76 54 3 
988-0-1 1?1.84 = 0 53 28 51 61 29 95 92 68 89 21 72 40 64 27 60 1 
988-0-9 1?2.681 = 0 56 72 40 21 89 68 92 95 55 81 70 71 22 94 82 80 96 24 93 9 
988-0-6 1?2.477 = 0 56 72 21 40 64 27 19 47 35 63 66 85 75 83 38 25 32 30 62 6 
988-0-5 1?2.266 = 0 53 89 21 72 40 64 27 19 35 63 66 85 83 75 50 99 20 79 5 
988-0-7 1?2.517 = 0 56 72 40 64 27 19 47 35 63 66 85 38 25 32 59 37 78 97 18 49 7 
988-0-8 1?2.679 = 0 56 72 40 64 27 19 47 35 63 66 85 38 25 32 59 37 78 97 18 23 8 
988-0-4 1?1.824 = 0 56 72 40 64 27 19 47 35 63 85 83 50 99 20 79 4 
988-0-10 1?2.601 = 0 56 72 40 21 68 92 95 55 81 70 71 22 94 82 80 96 69 67 10 
988-0-11 1?2.579 = 0 53 89 21 72 40 64 27 19 65 68 92 95 29 57 88 73 86 84 44 11 
988-1-3 1?1.875 = 1 60 56 72 21 40 64 27 19 47 35 63 66 76 54 46 3 
988-0-13 1?2.022 = 0 56 72 40 21 68 92 95 29 61 51 36 77 17 16 41 13 
988-0-14 1?1.869 = 0 56 72 21 40 64 19 65 68 92 95 29 61 51 36 77 14 
988-1-4 1?1.803 = 1 60 72 40 64 27 35 63 85 83 75 50 99 20 79 4 
988-1-2 1?2.065 = 1 60 72 40 64 27 19 47 35 63 66 85 83 75 76 2 
988-0-15 1?1.779 = 0 53 89 21 72 40 64 19 65 68 92 95 29 61 51 39 15 
988-0-12 1?2.254 = 0 56 72 40 21 68 92 95 29 57 88 73 86 84 33 74 52 98 12 
988-1-8 1?2.467 = 1 60 56 72 21 68 92 95 55 81 70 45 94 82 80 96 93 8 
988-1-5 1?1.939 = 1 60 72 40 64 27 35 63 85 83 75 50 99 20 79 5 
988-1-6 1?2.289 = 1 60 72 40 64 27 19 47 35 63 66 85 75 83 38 25 32 30 6 
988-1-7 1?2.388 = 1 60 72 40 64 27 19 47 35 63 66 85 38 25 32 30 62 31 7 
988-1-14 1?2.115 = 1 60 56 21 72 40 64 27 19 65 68 92 95 29 57 61 36 77 14 
988-2-3 1?2.205 = 2 54 76 75 83 85 38 25 32 99 20 79 50 46 3 
988-1-13 1?2.244 = 1 60 40 72 21 68 92 95 29 57 88 86 73 33 74 52 98 41 13 
988-2-4 1?2.145 = 2 27 64 19 48 47 35 63 66 85 83 75 50 99 20 79 4 
988-1-9 1?2.521 = 1 60 56 72 40 21 68 92 95 55 81 70 45 94 82 80 96 93 9 
988-2-5 1?2.15 = 2 76 54 46 75 83 50 99 32 25 38 59 37 30 87 5 
988-2-6 1?2.204 = 2 76 54 46 50 99 32 25 59 37 78 97 18 49 31 62 6 
988-1-15 1?1.723 = 1 60 56 72 21 40 64 27 19 65 68 92 95 29 51 39 15 
988-1-12 1?2.506 = 1 60 56 72 40 21 89 68 92 95 29 57 88 73 86 84 74 33 16 98 12 
988-1-10 1?2.531 = 1 60 56 72 21 68 92 95 55 81 70 45 94 82 80 96 69 67 10 
988-1-11 1?2.48 = 1 60 56 72 40 21 68 92 95 29 61 57 88 86 73 33 74 84 44 11 
988-3-4 1?1.812 = 3 46 54 76 75 83 85 38 25 32 99 50 20 79 4 
988-2-13 1?2.486 = 2 27 64 40 72 21 68 92 95 29 57 88 73 33 74 52 98 16 41 13 
988-2-14 1?2.591 = 2 1 60 56 72 21 40 64 27 19 65 68 92 95 29 61 51 39 36 77 14 
988-3-5 1?1.896 = 3 46 54 76 66 35 63 85 83 75 50 99 20 79 5 
988-2-9 1?2.597 = 2 76 75 83 85 38 25 32 59 37 43 58 45 94 82 80 96 93 9 
988-2-8 1?2.671 = 2 76 54 46 75 83 38 25 32 59 37 43 58 45 94 82 80 96 93 8 
988-2-15 1?2.033 = 2 27 64 40 72 21 89 68 92 95 29 61 51 28 53 39 15 
988-2-12 1?2.54 = 2 27 64 40 72 21 68 92 95 29 57 88 73 86 84 33 74 52 98 12 
988-2-11 1?2.701 = 2 27 64 40 72 21 89 68 92 95 29 57 88 73 86 84 33 74 44 11 
988-2-10 1?2.617 = 2 76 54 46 50 99 32 25 38 43 58 45 94 82 80 96 69 67 10 
988-2-7 1?2.535 = 2 76 54 46 75 83 50 79 20 99 32 25 38 59 37 78 97 18 49 7 
988-3-6 1?1.909 = 3 46 75 83 38 25 32 59 37 78 97 18 49 31 62 6 
988-3-14 1?2.4 = 3 54 76 66 63 35 47 19 27 64 40 72 21 68 92 95 29 61 36 77 14 
988-3-13 1?2.59 = 3 46 75 83 85 66 63 35 47 48 81 70 42 88 73 33 74 52 98 13 
988-4-5 1?1.71 = 4 79 20 99 50 75 83 38 25 32 59 37 30 87 5 
988-3-9 1?2.573 = 3 54 46 75 83 85 38 25 32 59 37 78 97 58 45 94 82 80 96 93 9 
988-3-8 1?2.497 = 3 46 75 83 85 38 25 32 59 37 78 97 58 45 94 82 80 96 93 8 
988-3-15 1?2.249 = 3 54 76 75 83 85 66 63 35 47 19 27 64 40 72 21 89 28 39 15 
988-3-12 1?2.646 = 3 46 75 83 85 66 63 35 47 48 55 42 88 73 86 84 33 74 52 98 12 
988-3-7 1?2.401 = 3 54 76 75 85 83 50 79 20 99 32 25 38 59 37 97 18 49 7 
988-3-10 1?2.476 = 3 46 75 83 85 38 25 32 59 37 43 58 45 94 82 80 96 69 67 10 
988-3-11 1?2.731 = 3 46 75 83 50 99 32 25 38 43 58 45 94 82 80 96 91 26 44 11 
988-4-6 1?1.715 = 4 79 20 99 50 75 83 85 38 25 32 59 37 30 6 
988-5-6 1?1.851 = 5 79 20 99 50 75 83 85 38 25 32 59 37 30 6 
988-4-14 1?2.327 = 4 79 20 99 50 75 83 85 63 35 47 19 65 68 92 95 29 61 51 36 14 
988-4-7 1?1.758 = 4 79 20 99 50 75 83 38 59 37 78 97 18 49 7 
988-4-13 1?2.507 = 4 79 20 99 50 75 83 85 34 81 70 42 88 73 33 74 52 98 41 13 
988-4-8 1?2.277 = 4 79 20 99 50 75 83 85 38 43 58 45 94 82 80 96 93 8 
988-4-9 1?2.34 = 4 79 20 99 50 83 38 25 32 59 37 43 58 45 94 82 80 96 93 9 
988-4-12 1?2.475 = 4 79 20 99 50 75 83 85 63 34 81 70 42 88 73 33 74 52 98 12 
988-4-15 1?2.143 = 4 79 20 99 50 75 66 63 35 47 19 27 64 40 72 21 89 28 39 15 
988-4-10 1?2.386 = 4 79 20 50 99 32 25 38 59 37 43 58 45 94 82 80 96 69 67 10 
988-4-11 1?2.642 = 4 79 20 99 32 25 38 59 37 78 97 58 45 94 82 80 96 91 90 26 44 11 
988-5-8 1?2.065 = 5 87 30 32 25 38 43 58 45 94 82 80 96 93 8 
988-6-8 1?2.041 = 6 62 31 49 18 97 58 45 94 82 80 91 96 93 8 
988-5-13 1?2.571 = 5 79 20 99 50 75 83 85 66 63 35 47 48 55 57 17 16 41 13 
988-5-9 1?2.322 = 5 79 20 99 32 25 38 59 37 78 97 58 45 94 82 80 96 93 9 
988-6-7 1?2.164 = 6 30 32 99 50 75 83 38 59 37 78 97 18 49 7 
988-5-7 1?1.894 = 5 79 20 99 50 75 83 38 59 37 78 97 18 49 7 
988-5-14 1?2.492 = 5 79 20 99 50 75 83 85 63 35 47 19 65 68 92 95 29 61 36 77 14 
988-5-12 1?2.549 = 5 79 20 99 50 83 85 63 35 47 48 55 42 88 73 33 74 52 98 12 
988-5-10 1?2.346 = 5 79 20 99 32 25 38 59 37 43 58 45 94 82 80 96 69 67 10 
988-5-15 1?2.302 = 5 79 20 99 50 75 83 85 66 63 35 27 64 40 72 21 89 28 39 15 
988-5-11 1?2.634 = 5 79 20 99 32 25 38 59 37 43 58 45 94 82 80 96 91 26 44 11 
988-7-9 1?2.094 = 7 49 31 62 30 78 97 58 45 94 82 80 96 93 9 
988-7-8 1?2.133 = 7 49 18 97 78 37 59 43 58 45 94 82 80 96 24 8 
988-6-9 1?2.261 = 6 62 31 78 37 59 32 25 38 43 58 45 94 82 80 96 93 9 
988-6-14 1?2.641 = 6 30 32 25 38 83 85 66 63 35 47 19 65 68 92 95 29 61 51 36 14 
988-7-10 1?2.019 = 7 31 49 18 97 58 45 94 82 80 96 91 69 67 10 
988-6-13 1?2.497 = 6 62 31 49 18 97 58 45 94 22 71 86 73 33 74 52 98 16 41 13 
988-6-10 1?2.299 = 6 62 31 49 18 97 78 37 43 58 45 94 82 80 96 69 67 10 
988-7-11 1?2.462 = 7 49 18 97 78 37 43 58 45 94 82 80 96 91 90 26 44 11 
988-6-12 1?2.433 = 6 62 31 49 18 97 58 45 94 82 91 26 84 33 74 52 98 12 
988-6-11 1?2.513 = 6 62 31 49 18 97 58 45 94 82 80 96 91 90 86 84 44 11 
988-6-15 1?2.465 = 6 30 32 25 38 83 85 66 63 35 47 19 64 40 72 21 89 28 39 15 
988-8-9 1?2.269 = 8 23 18 97 78 37 59 43 58 45 94 82 80 96 93 9 
988-8-10 1?2.156 = 8 23 49 18 97 58 45 94 82 80 96 91 69 67 10 
988-7-14 1?2.74 = 7 49 18 97 37 59 38 85 63 35 47 48 65 68 92 95 29 61 51 36 14 
988-7-13 1?2.551 = 7 49 18 97 58 45 94 82 80 96 91 90 86 84 74 52 98 41 13 
988-8-14 1?2.777 = 8 24 96 80 82 94 22 71 70 81 55 65 68 92 95 29 61 51 36 77 14 
988-8-13 1?2.618 = 8 24 93 96 80 82 45 94 22 71 86 73 84 33 74 52 98 16 41 13 
988-8-12 1?2.449 = 8 24 93 96 80 82 45 94 22 71 86 73 84 33 74 52 98 12 
988-7-12 1?2.353 = 7 49 18 97 58 45 94 82 80 96 91 90 84 33 74 52 98 12 
988-8-11 1?2.521 = 8 24 93 96 80 82 94 22 71 70 42 88 73 33 74 84 44 11 
988-7-15 1?2.57 = 7 31 62 30 32 25 38 85 63 35 19 27 64 40 72 21 89 28 39 15 
988-8-15 1?2.707 = 8 24 93 96 80 82 94 22 71 70 81 55 95 92 68 89 28 53 39 15 
988-10-13 1?2.116 = 10 67 69 96 80 82 94 22 71 86 84 33 74 16 41 13 
988-10-14 1?2.287 = 10 67 26 90 86 73 84 33 74 52 98 16 17 77 36 14 
988-10-12 1?2.064 = 10 67 69 96 80 82 94 22 71 86 73 33 74 52 98 12 
988-9-12 1?2.074 = 9 93 24 96 80 82 94 22 71 86 84 33 74 52 98 12 
988-9-10 1?2.245 = 9 93 24 23 18 97 58 45 94 82 80 96 91 69 67 10 
988-10-11 1?2.218 = 10 67 69 96 80 82 94 22 71 86 73 33 74 84 44 11 
988-9-11 1?2.215 = 9 93 24 96 80 82 94 22 71 86 73 33 74 84 44 11 
988-9-14 1?2.685 = 9 93 24 96 80 82 94 45 70 81 55 95 92 29 61 51 36 77 14 
988-9-13 1?2.416 = 9 93 96 80 82 94 22 91 90 84 86 73 33 74 52 98 16 41 13 
988-9-15 1?2.669 = 9 93 24 96 80 82 94 22 71 70 81 55 95 92 68 89 28 53 39 15 
988-10-15 1?2.619 = 10 67 69 96 80 82 94 45 58 70 81 55 95 92 29 61 51 39 15 
988-12-13 1?2.405 = 12 98 52 74 33 73 86 88 57 29 95 92 51 36 77 13 
988-11-14 1?2.22 = 11 44 84 86 88 73 33 74 52 98 41 16 17 77 36 14 
988-11-13 1?2.366 = 11 44 26 91 96 80 82 94 22 90 84 33 74 52 98 13 
988-13-14 1?2.193 = 13 41 16 98 52 74 33 84 86 73 88 57 61 51 36 77 14 
988-12-14 1?2.201 = 12 98 52 74 33 73 86 88 57 29 95 92 51 36 77 14 
988-11-12 1?2.303 = 11 44 26 91 96 80 82 94 22 90 84 33 74 52 98 12 
988-14-15 1?1.948 = 14 36 51 61 29 95 92 68 65 40 72 21 89 28 53 39 15 
988-13-15 1?2.054 = 13 41 98 52 74 33 73 88 57 29 95 92 68 89 28 39 15 
988-12-15 1?2.022 = 12 98 52 74 33 73 88 57 29 95 92 68 89 53 39 15 
988-11-15 1?2.602 = 11 44 84 86 73 88 57 29 95 92 68 21 40 72 56 53 28 39 15 
stop
