start
762-0-1 1?2.082 = 0 55 52 96 82 75 27 62 63 31 44 60 89 73 99 1 
762-0-2 1?2.137 = 0 55 98 63 31 70 99 73 44 60 89 76 33 72 34 2 
762-0-5 1?2.587 = 0 55 98 63 31 70 99 73 89 60 44 33 76 34 38 30 95 18 5 
762-0-10 1?2.546 = 0 55 98 70 44 60 89 76 72 61 17 94 21 51 45 64 79 25 10 
762-0-7 1?2.641 = 0 55 98 63 62 39 80 53 59 21 51 45 64 85 47 43 40 41 16 20 7 
762-0-6 1?2.599 = 0 55 98 70 99 73 44 60 89 76 34 38 30 95 18 54 23 83 6 
762-0-11 1?2.479 = 0 55 98 63 62 27 52 96 75 82 19 92 68 91 49 67 81 28 88 11 
762-0-8 1?2.593 = 0 55 98 70 44 60 89 76 72 61 17 94 21 51 45 64 85 47 24 65 8 
762-0-9 1?2.512 = 0 55 98 63 31 62 39 80 53 59 21 51 45 64 79 85 47 24 65 9 
762-0-3 1?1.866 = 0 55 98 63 31 70 99 73 89 60 44 33 76 34 58 3 
762-0-4 1?2.839 = 0 55 98 63 31 70 99 73 89 60 44 33 76 72 61 17 26 42 38 4 
762-1-4 1?2.201 = 1 99 73 89 60 44 70 98 55 63 31 33 76 34 38 4 
762-1-2 1?2.175 = 1 73 99 70 98 55 63 31 44 60 89 76 33 72 34 2 
762-0-15 1?1.912 = 0 55 98 70 99 73 89 60 44 31 63 62 27 52 96 15 
762-0-14 1?2.039 = 0 55 98 63 31 62 27 52 96 75 82 57 19 68 92 87 14 
762-0-13 1?2.192 = 0 55 98 63 62 27 52 96 75 82 87 92 68 91 49 67 77 90 13 
762-1-3 1?1.933 = 1 99 73 89 60 44 70 98 55 63 31 33 76 34 58 3 
762-1-5 1?2.436 = 1 99 73 89 60 33 72 61 17 26 36 29 78 74 66 84 95 18 5 
762-1-6 1?2.509 = 1 99 73 89 60 44 33 72 61 17 26 36 29 46 78 74 66 23 83 6 
762-0-12 1?2.418 = 0 55 98 63 31 62 27 52 96 75 57 19 87 92 68 91 49 67 81 12 
762-1-8 1?2.499 = 1 99 73 89 60 44 33 72 61 26 94 21 51 45 64 79 85 47 24 65 8 
762-1-7 1?2.562 = 1 99 73 44 60 89 76 72 61 17 94 21 51 45 22 40 43 41 16 20 7 
762-1-15 1?1.918 = 1 70 99 73 89 60 44 31 63 62 27 52 96 75 82 15 
762-1-14 1?1.806 = 1 70 99 73 89 60 44 31 63 62 27 52 96 75 82 14 
762-2-4 1?2.309 = 2 89 60 44 73 99 70 63 31 33 76 34 58 38 4 
762-2-5 1?2.383 = 2 89 60 33 72 61 17 26 36 29 78 23 54 18 5 
762-1-13 1?2.091 = 1 99 73 89 60 44 31 63 62 27 52 96 75 82 19 87 92 68 13 
762-2-3 1?2.085 = 2 89 60 44 73 99 70 98 55 63 31 33 76 34 58 3 
762-2-6 1?2.608 = 2 89 60 44 33 72 61 17 26 36 29 46 78 74 23 83 54 6 
762-1-12 1?2.318 = 1 99 73 89 60 44 31 63 62 27 93 48 50 97 49 67 91 90 77 12 
762-1-10 1?2.52 = 1 99 73 89 60 44 31 62 39 80 53 59 21 51 45 64 79 25 10 
762-1-11 1?2.415 = 1 99 73 89 60 44 31 63 62 27 93 48 50 97 49 67 81 28 88 11 
762-1-9 1?2.454 = 1 99 73 44 60 89 76 72 61 17 94 21 51 45 64 79 85 47 24 65 9 
762-2-15 1?2.168 = 2 89 60 44 73 99 70 98 55 63 31 62 27 52 96 15 
762-3-4 1?2.527 = 3 58 34 76 60 89 73 99 70 44 33 72 42 38 4 
762-3-5 1?2.328 = 3 58 38 30 84 66 74 36 29 46 78 83 23 54 18 5 
762-2-14 1?2.499 = 2 89 60 44 31 63 62 27 93 48 50 97 49 67 91 90 68 92 87 14 
762-2-12 1?2.482 = 2 89 60 44 31 63 62 27 52 96 75 82 87 92 68 91 49 67 77 12 
762-2-13 1?2.473 = 2 89 60 44 31 63 62 27 52 96 75 82 87 92 68 91 49 67 77 90 13 
762-2-10 1?2.567 = 2 89 60 44 31 63 62 39 80 53 59 21 51 45 64 79 25 10 
762-2-8 1?2.442 = 2 89 60 44 33 72 61 17 26 94 21 51 45 64 85 47 24 65 8 
762-2-11 1?2.581 = 2 89 60 44 31 62 27 75 82 87 92 68 91 49 67 81 28 88 11 
762-2-9 1?2.506 = 2 89 60 44 31 63 62 39 80 53 59 21 51 45 64 79 32 9 
762-2-7 1?2.571 = 2 89 60 33 72 61 17 94 21 51 45 64 85 47 43 40 16 20 7 
762-4-5 1?2.476 = 4 30 84 66 74 36 29 46 78 20 35 83 23 54 18 5 
762-3-15 1?2.597 = 3 58 34 76 33 44 60 89 73 99 70 31 63 27 52 96 75 82 15 
762-3-6 1?2.647 = 3 58 34 76 33 72 61 17 26 94 36 29 46 78 74 23 83 6 
762-3-14 1?2.535 = 3 58 34 76 33 44 60 89 73 99 70 31 63 62 27 52 96 75 82 14 
762-3-10 1?2.599 = 3 58 38 30 95 84 66 74 78 46 29 22 40 43 47 85 64 79 25 10 
762-3-13 1?2.558 = 3 58 34 76 89 60 44 31 63 62 27 52 96 75 82 87 92 68 90 13 
762-3-11 1?2.709 = 3 58 38 30 95 84 66 74 78 46 22 40 43 47 85 64 79 69 56 88 11 
762-3-12 1?2.673 = 3 58 34 76 89 60 44 31 63 62 27 93 48 50 97 49 91 90 77 12 
762-3-8 1?2.557 = 3 58 38 30 95 84 66 74 78 29 36 51 45 64 79 85 47 24 65 8 
762-3-7 1?2.555 = 3 58 38 30 95 84 66 74 36 29 78 46 22 40 43 41 16 20 35 7 
762-3-9 1?2.648 = 3 58 38 30 95 84 66 74 78 46 29 36 21 51 45 64 79 85 47 24 65 9 
762-4-6 1?2.457 = 4 30 84 66 74 78 46 22 40 43 85 47 24 41 16 20 35 6 
762-5-6 1?2.19 = 5 18 95 84 66 74 78 46 22 40 43 41 16 20 35 83 6 
762-4-15 1?2.865 = 4 38 34 76 33 44 60 89 73 99 70 31 63 27 52 96 75 82 15 
762-4-7 1?2.206 = 4 30 84 66 74 78 46 22 40 43 85 47 24 41 16 20 35 7 
762-4-14 1?2.783 = 4 30 95 84 66 74 78 46 29 36 94 59 53 97 49 91 68 92 87 14 
762-4-11 1?2.561 = 4 30 95 84 66 74 78 46 29 36 21 51 45 64 79 25 69 56 88 11 
762-4-10 1?2.643 = 4 30 95 84 66 74 78 46 29 36 51 45 22 40 43 47 85 64 79 25 10 
762-4-12 1?2.856 = 4 30 95 84 66 74 78 46 22 40 43 47 85 32 25 69 56 88 28 81 12 
762-4-8 1?2.383 = 4 30 95 84 66 74 78 46 29 36 21 51 45 64 79 85 47 24 65 8 
762-4-13 1?2.814 = 4 38 34 76 89 60 44 31 63 62 27 52 96 75 82 19 68 92 87 13 
762-4-9 1?2.579 = 4 30 95 18 54 23 78 46 29 36 21 51 45 64 79 85 47 24 65 9 
762-5-15 1?2.651 = 5 18 95 84 66 74 78 46 29 36 94 59 53 48 57 82 75 96 15 
762-6-7 1?1.978 = 6 83 23 74 78 46 22 40 43 85 47 24 41 16 20 35 7 
762-6-8 1?1.972 = 6 83 23 78 46 29 36 21 51 45 64 79 85 47 24 65 8 
762-5-7 1?1.939 = 5 18 95 84 66 74 78 46 29 22 40 43 41 16 20 35 7 
762-5-14 1?2.525 = 5 18 95 84 66 74 78 29 36 94 59 53 97 49 91 68 92 87 14 
762-5-8 1?1.977 = 5 18 95 84 66 74 36 29 78 46 22 40 43 85 47 24 65 8 
762-5-9 1?2.064 = 5 18 95 84 66 74 78 46 29 36 21 51 45 64 85 47 24 65 9 
762-5-12 1?2.575 = 5 18 95 84 66 74 78 46 29 36 94 59 53 97 49 91 67 81 12 
762-5-13 1?2.553 = 5 18 95 84 66 74 78 46 29 36 94 59 53 97 49 91 68 92 87 13 
762-5-11 1?2.283 = 5 18 95 84 66 74 78 46 22 40 43 47 85 64 79 25 69 56 88 11 
762-5-10 1?2.423 = 5 18 95 84 66 74 78 46 29 36 51 45 22 40 43 47 85 64 79 25 10 
762-7-8 1?1.757 = 7 35 20 16 41 43 40 22 45 51 64 79 85 47 24 65 8 
762-7-9 1?1.743 = 7 35 20 16 41 43 40 22 45 51 64 79 85 47 24 65 9 
762-6-15 1?2.705 = 6 54 23 83 78 46 29 36 94 59 53 48 50 57 82 75 96 52 15 
762-7-10 1?2.199 = 7 20 16 41 24 47 85 43 40 22 45 51 64 79 32 25 69 56 10 
762-6-14 1?2.539 = 6 83 23 74 78 46 29 36 94 59 53 97 49 67 91 68 92 87 14 
762-6-9 1?2.05 = 6 83 23 74 78 46 29 36 21 51 45 64 79 85 47 24 65 9 
762-6-10 1?2.28 = 6 83 23 74 78 46 29 36 21 51 45 22 40 43 47 85 32 25 10 
762-6-12 1?2.537 = 6 83 23 74 78 46 22 40 43 47 85 32 25 69 56 88 28 81 12 
762-6-13 1?2.604 = 6 83 23 66 74 78 46 29 36 94 59 53 97 49 67 91 68 92 87 13 
762-6-11 1?2.354 = 6 83 23 66 74 78 46 22 40 43 47 85 64 79 32 25 69 56 88 11 
762-7-11 1?2.223 = 7 20 16 41 24 47 85 43 40 22 45 51 64 79 32 25 69 56 88 11 
762-8-10 1?1.814 = 8 65 24 47 85 43 40 22 45 64 79 32 25 69 56 10 
762-8-9 1?1.885 = 8 65 24 47 85 43 40 22 46 78 29 45 64 79 32 9 
762-7-15 1?2.533 = 7 20 16 40 43 47 85 79 64 45 51 21 59 53 48 50 57 75 96 15 
762-7-14 1?2.368 = 7 20 16 41 43 47 85 64 45 51 21 59 53 97 49 91 68 92 87 14 
762-8-12 1?2.261 = 8 65 24 47 85 79 64 45 51 21 59 53 97 49 67 91 90 77 12 
762-8-13 1?2.205 = 8 65 24 47 85 79 64 45 51 21 59 53 97 49 91 68 92 87 13 
762-8-11 1?2.091 = 8 65 24 47 43 40 22 45 51 64 79 32 25 69 56 28 88 11 
762-7-12 1?2.409 = 7 20 16 41 40 43 47 85 64 45 51 21 59 53 97 49 91 90 77 12 
762-7-13 1?2.331 = 7 20 16 41 40 43 47 85 79 64 45 51 21 59 53 97 49 91 90 13 
762-8-15 1?2.669 = 8 65 24 47 85 79 64 45 51 21 59 53 97 49 91 68 92 87 82 75 96 15 
762-8-14 1?2.492 = 8 65 24 47 85 43 40 22 64 45 51 21 59 53 97 49 67 91 68 92 87 14 
762-9-10 1?1.8 = 9 65 24 47 85 43 40 22 45 64 79 32 25 69 56 10 
762-10-12 1?2.095 = 10 25 79 64 45 51 21 59 53 97 49 91 67 81 12 
762-10-11 1?1.912 = 10 25 32 85 47 43 40 22 45 51 64 79 69 56 88 11 
762-9-11 1?1.729 = 9 65 24 47 85 43 40 22 45 64 79 25 69 56 88 11 
762-10-13 1?2.148 = 10 25 79 64 45 51 21 59 53 97 49 67 91 68 92 87 13 
762-9-12 1?2.172 = 9 65 24 47 85 79 64 45 51 21 59 53 97 49 91 90 77 12 
762-9-13 1?2.171 = 9 65 24 47 85 43 40 22 45 51 21 59 53 97 49 67 91 90 13 
762-9-15 1?2.53 = 9 32 79 64 45 51 21 59 53 97 49 91 68 92 87 82 75 96 52 15 
762-10-15 1?2.457 = 10 69 56 88 28 81 67 49 91 90 68 92 87 19 57 75 82 96 52 15 
762-10-14 1?2.41 = 10 25 32 79 64 45 51 21 59 53 97 49 67 91 90 68 92 87 14 
762-9-14 1?2.363 = 9 65 24 47 85 43 40 22 45 51 21 59 53 97 49 67 91 68 92 87 14 
762-13-14 1?1.923 = 13 87 92 68 90 77 67 91 49 97 50 48 57 75 96 82 14 
762-12-13 1?2.178 = 12 81 67 91 49 97 50 57 75 96 82 19 92 68 90 77 13 
762-11-12 1?2.137 = 11 88 28 81 67 49 97 50 57 82 87 92 68 90 77 12 
762-11-14 1?1.946 = 11 88 28 81 67 97 49 91 68 92 87 19 57 75 82 14 
762-11-13 1?1.989 = 11 88 28 81 67 91 49 97 48 50 19 92 68 90 77 13 
762-12-14 1?2.069 = 12 81 67 49 91 77 90 68 92 87 19 50 48 57 75 82 14 
762-13-15 1?1.918 = 13 87 92 68 90 91 67 49 97 50 48 57 82 75 96 52 15 
762-14-15 1?1.928 = 14 87 92 68 90 91 67 49 97 50 48 57 82 75 96 52 15 
762-12-15 1?2.554 = 12 77 90 91 49 67 97 37 59 53 80 39 93 48 50 57 75 96 15 
762-11-15 1?2.411 = 11 88 28 37 97 49 67 91 77 90 68 92 87 19 57 82 75 96 52 15 
stop
