start
414-0-2 1?1.886 = 0 37 38 77 50 88 39 99 29 95 49 28 66 83 98 89 2 
414-0-3 1?2.197 = 0 38 37 85 88 39 99 49 95 29 89 98 66 28 83 19 24 73 3 
414-0-1 1?2.017 = 0 37 38 77 88 39 49 95 28 66 83 98 89 29 99 85 1 
414-0-8 1?2.574 = 0 37 38 77 50 53 59 70 34 58 22 64 94 91 23 69 57 67 47 8 
414-0-7 1?2.52 = 0 37 38 88 39 49 95 66 28 83 27 84 16 52 79 54 33 75 92 7 
414-0-9 1?2.576 = 0 44 55 78 46 74 21 62 65 48 41 61 22 64 94 91 23 69 90 57 9 
414-0-10 1?2.698 = 0 44 55 78 46 74 21 62 65 18 48 41 61 82 22 64 94 91 69 90 10 
414-0-6 1?2.442 = 0 38 37 85 88 39 99 49 95 66 28 83 27 84 16 52 79 54 33 71 6 
414-0-5 1?2.384 = 0 37 85 88 39 49 95 66 28 83 27 84 16 93 26 52 79 54 5 
414-0-11 1?2.403 = 0 37 38 77 44 55 78 46 74 21 62 65 48 18 63 42 51 76 36 11 
414-0-4 1?2.342 = 0 37 38 88 39 49 95 66 28 83 27 84 16 93 26 52 79 32 4 
414-1-2 1?1.812 = 1 85 37 38 77 88 39 99 29 95 49 28 66 83 98 89 2 
414-0-15 1?2.013 = 0 37 85 99 29 95 49 39 88 38 77 50 44 55 78 46 15 
414-0-13 1?1.853 = 0 37 38 77 44 55 78 46 74 21 62 65 48 18 63 42 13 
414-0-14 1?2.088 = 0 38 37 85 99 39 88 77 50 44 55 78 74 21 62 65 14 
414-1-3 1?2.129 = 1 99 39 49 95 66 28 83 27 84 16 52 79 32 19 24 3 
414-1-4 1?2.245 = 1 85 88 39 49 95 66 28 83 27 84 16 93 26 52 79 32 4 
414-1-5 1?2.333 = 1 99 39 49 95 66 28 83 27 60 16 84 25 93 26 52 79 54 5 
414-1-7 1?2.49 = 1 99 39 49 95 66 28 83 27 84 16 93 26 52 54 33 81 75 92 7 
414-1-6 1?2.336 = 1 99 39 49 95 66 28 83 27 84 16 79 52 26 81 75 92 31 71 6 
414-0-12 1?2.344 = 0 38 37 85 99 39 88 77 44 55 78 46 74 21 62 65 18 63 42 51 12 
414-1-8 1?2.576 = 1 85 37 38 77 50 53 59 70 34 80 64 94 91 23 69 57 67 47 8 
414-1-15 1?1.899 = 1 99 95 49 39 88 85 37 38 77 50 44 55 78 74 46 15 
414-1-14 1?1.894 = 1 99 29 95 49 39 88 85 37 38 77 44 55 78 46 74 14 
414-2-3 1?1.961 = 2 89 66 28 83 27 84 93 26 52 79 32 19 24 3 
414-2-5 1?1.994 = 2 89 98 66 28 83 27 43 25 93 26 52 79 54 5 
414-2-4 1?1.99 = 2 89 98 66 28 83 27 43 25 93 26 52 79 32 4 
414-1-10 1?2.566 = 1 85 37 38 77 50 53 59 70 34 80 30 64 94 91 69 90 72 10 
414-1-9 1?2.482 = 1 85 37 38 77 50 53 59 70 34 58 22 64 94 91 23 69 90 9 
414-2-6 1?2.153 = 2 89 66 28 83 27 60 16 84 25 93 26 52 79 54 33 71 6 
414-1-12 1?2.263 = 1 99 39 88 85 37 38 77 44 55 78 46 74 21 62 65 18 63 42 51 12 
414-1-13 1?2.22 = 1 29 95 49 39 88 85 37 38 77 44 55 78 74 21 62 65 18 63 13 
414-1-11 1?2.492 = 1 85 37 38 77 44 55 78 74 21 62 65 48 18 63 42 51 76 36 11 
414-2-15 1?1.916 = 2 89 66 28 95 49 99 39 88 85 37 38 77 44 55 78 15 
414-3-4 1?2.007 = 3 98 89 66 28 83 27 43 25 93 26 52 79 32 4 
414-3-5 1?2.053 = 3 24 19 60 27 43 25 84 16 93 26 52 79 54 5 
414-2-14 1?2.306 = 2 89 98 83 28 66 95 49 39 88 85 37 38 77 44 55 78 46 74 14 
414-2-10 1?2.553 = 2 89 66 28 83 27 60 84 16 93 35 30 64 94 91 23 69 90 72 10 
414-2-7 1?2.305 = 2 89 66 28 83 27 43 25 93 26 52 79 54 33 81 75 92 7 
414-2-9 1?2.577 = 2 89 66 28 83 27 84 16 52 26 93 35 30 64 94 91 69 90 57 9 
414-2-12 1?2.372 = 2 29 95 49 99 39 88 77 44 55 78 46 74 21 62 65 18 63 42 51 12 
414-2-13 1?2.292 = 2 29 95 49 39 88 85 37 38 77 44 55 78 46 74 21 62 65 18 63 13 
414-2-8 1?2.524 = 2 89 66 28 83 27 84 16 93 35 30 64 94 91 23 69 57 67 47 8 
414-2-11 1?2.668 = 2 29 95 49 39 88 77 44 55 78 74 21 62 65 18 63 42 51 76 36 11 
414-3-6 1?1.935 = 3 24 19 32 79 52 26 54 33 81 75 92 31 71 6 
414-4-5 1?2.13 = 4 32 19 60 27 43 25 84 16 93 26 52 79 54 5 
414-3-15 1?2.334 = 3 98 89 66 83 28 95 49 39 88 85 37 38 77 44 55 78 74 46 15 
414-3-7 1?2.316 = 3 24 19 60 16 84 25 93 26 52 79 54 33 81 75 92 17 7 
414-3-10 1?2.602 = 3 24 19 32 79 52 26 93 35 30 64 94 91 23 69 57 90 72 10 
414-3-9 1?2.603 = 3 24 19 60 27 84 16 79 52 26 93 35 30 64 94 91 69 57 9 
414-3-14 1?2.563 = 3 98 89 66 83 28 95 49 99 39 88 85 37 38 77 50 44 55 78 46 74 14 
414-3-8 1?2.418 = 3 24 19 60 16 93 35 30 64 94 91 23 69 90 57 67 47 8 
414-3-13 1?2.448 = 3 98 89 66 28 95 49 39 88 77 44 55 78 46 74 21 62 65 18 63 13 
414-3-12 1?2.637 = 3 98 89 29 95 49 39 88 77 44 55 78 46 74 21 62 65 18 63 42 51 12 
414-3-11 1?2.674 = 3 24 19 32 79 52 26 93 35 30 64 94 91 23 69 90 72 20 11 
414-5-6 1?2.085 = 5 54 79 52 16 84 25 93 26 33 81 75 92 31 6 
414-4-6 1?1.992 = 4 32 19 60 84 16 52 79 54 33 81 75 92 31 6 
414-4-7 1?2.182 = 4 73 24 19 60 16 93 26 52 79 54 33 81 75 92 7 
414-4-14 1?2.549 = 4 32 79 52 26 93 25 43 86 97 70 59 53 55 78 46 74 14 
414-4-9 1?2.511 = 4 73 24 19 32 79 52 26 93 35 30 64 94 91 23 69 90 57 9 
414-4-10 1?2.567 = 4 73 24 19 32 79 52 26 93 35 30 64 94 91 23 69 90 72 10 
414-4-15 1?2.521 = 4 32 79 52 26 93 16 84 25 43 40 97 70 59 53 44 55 78 15 
414-4-8 1?2.224 = 4 32 79 52 26 35 30 64 94 91 23 69 57 67 47 8 
414-4-12 1?2.747 = 4 32 79 52 26 35 30 64 94 91 23 69 90 72 96 82 76 36 12 
414-4-11 1?2.657 = 4 32 79 52 26 93 35 30 64 94 91 23 69 90 72 96 82 20 11 
414-4-13 1?2.679 = 4 73 24 83 28 66 95 49 39 88 77 44 55 78 46 74 21 62 65 18 63 13 
414-6-7 1?2.251 = 6 31 92 75 81 87 30 64 94 91 23 69 57 67 47 7 
414-5-9 1?2.168 = 5 54 79 52 26 93 35 30 64 94 91 23 69 90 57 9 
414-5-7 1?2.347 = 5 32 16 84 25 93 26 52 79 54 33 81 75 92 17 7 
414-5-10 1?2.515 = 5 54 79 52 26 93 35 30 64 94 91 23 45 57 69 90 72 10 
414-6-8 1?1.903 = 6 31 92 75 81 87 30 64 94 91 23 69 57 67 47 8 
414-5-14 1?2.623 = 5 54 79 52 26 93 25 43 86 97 70 59 53 44 55 78 46 74 14 
414-5-15 1?2.525 = 5 54 79 52 26 93 16 84 25 43 40 97 70 59 53 44 55 78 15 
414-5-8 1?2.228 = 5 54 79 52 26 35 30 64 94 91 23 69 57 67 47 8 
414-5-12 1?2.673 = 5 54 79 52 16 84 25 43 86 97 40 34 58 41 61 76 36 51 12 
414-5-11 1?2.61 = 5 54 79 52 26 93 35 30 64 94 91 23 69 57 90 72 20 11 
414-5-13 1?2.644 = 5 54 79 52 26 93 25 43 86 97 70 59 56 62 65 18 63 42 13 
414-7-10 1?2.065 = 7 17 92 75 81 87 30 64 94 91 23 69 57 90 72 10 
414-7-9 1?2.147 = 7 17 92 75 87 30 64 94 91 23 69 90 57 45 67 9 
414-6-9 1?1.908 = 6 17 31 92 75 81 87 30 64 94 91 23 69 90 57 9 
414-6-10 1?2.396 = 6 31 17 92 75 81 87 45 57 69 23 91 94 64 22 82 96 72 10 
414-7-8 1?1.977 = 7 92 75 81 87 30 64 94 91 23 69 90 57 67 47 8 
414-7-11 1?2.362 = 7 92 75 81 87 45 57 90 69 23 91 94 64 22 82 96 20 11 
414-6-14 1?2.642 = 6 71 33 54 79 52 26 93 25 43 40 97 70 59 53 44 55 78 46 14 
414-6-15 1?2.598 = 6 71 33 54 79 52 26 93 16 84 25 43 86 97 70 59 53 55 78 15 
414-6-11 1?2.359 = 6 31 92 75 81 87 45 57 90 69 23 91 94 64 22 82 96 20 11 
414-6-12 1?2.448 = 6 31 92 75 81 87 30 64 94 91 69 90 72 96 82 76 36 51 12 
414-6-13 1?2.623 = 6 31 92 75 81 87 45 23 91 94 64 22 82 76 36 51 42 63 13 
414-8-9 1?1.914 = 8 47 67 45 23 69 91 94 64 22 82 96 72 90 57 9 
414-8-10 1?1.861 = 8 47 67 45 57 90 69 91 23 94 64 22 82 96 72 10 
414-7-14 1?2.748 = 7 92 75 33 54 52 26 93 25 43 40 97 70 59 53 55 78 46 14 
414-8-11 1?2.23 = 8 47 67 57 45 30 64 94 91 23 69 90 72 96 82 76 36 11 
414-7-12 1?2.451 = 7 92 75 81 87 30 64 94 91 69 90 72 96 82 76 36 51 12 
414-8-15 1?2.484 = 8 47 67 57 69 23 91 94 64 22 61 41 48 65 62 21 74 46 78 55 15 
414-8-12 1?2.185 = 8 47 67 45 57 90 69 23 91 94 64 22 82 96 20 76 36 51 12 
414-8-14 1?2.597 = 8 47 67 57 90 69 23 91 94 64 22 61 41 68 62 21 74 55 78 46 14 
414-7-15 1?2.689 = 7 92 75 81 33 54 79 52 16 84 25 43 40 97 70 59 53 55 78 15 
414-7-13 1?2.647 = 7 47 67 45 57 90 69 23 91 94 64 22 82 76 36 51 42 63 13 
414-8-13 1?2.409 = 8 47 67 57 90 69 91 23 45 30 64 94 96 82 76 36 51 42 63 13 
414-9-10 1?2.009 = 9 57 45 30 23 69 91 94 64 22 82 96 72 90 10 
414-10-12 1?1.828 = 10 72 90 57 69 23 91 94 64 22 82 76 36 51 12 
414-9-12 1?1.789 = 9 67 57 90 69 23 91 94 64 22 82 76 36 51 12 
414-10-11 1?1.89 = 10 72 91 69 90 57 45 30 94 64 22 82 96 20 11 
414-9-11 1?1.943 = 9 57 90 69 91 23 45 30 64 94 22 82 76 36 11 
414-10-14 1?2.33 = 10 72 90 57 69 23 91 94 64 22 82 61 41 48 18 65 14 
414-10-13 1?2.144 = 10 72 90 57 69 23 91 94 64 22 82 76 36 51 42 63 13 
414-9-14 1?2.456 = 9 57 45 30 64 94 91 23 69 90 72 96 82 22 61 41 48 18 14 
414-10-15 1?2.444 = 10 72 90 69 23 91 94 64 22 61 41 48 18 65 62 21 74 78 55 15 
414-9-15 1?2.477 = 9 57 90 69 91 94 64 22 82 61 41 48 18 65 62 21 74 78 55 15 
414-9-13 1?2.202 = 9 57 90 69 91 23 45 30 64 94 96 82 76 36 51 42 63 13 
414-13-15 1?2.011 = 13 63 42 51 36 76 61 41 48 62 21 74 46 78 55 15 
414-14-15 1?2.334 = 14 18 63 42 51 36 76 61 41 48 65 62 21 74 78 15 
414-12-15 1?1.823 = 12 51 36 76 61 41 48 18 65 62 21 74 46 78 55 15 
414-11-14 1?2.036 = 11 36 76 51 42 63 18 48 65 62 21 74 55 78 46 14 
414-12-14 1?1.955 = 12 51 36 76 61 41 48 18 65 62 21 74 55 78 46 14 
414-13-14 1?2.143 = 13 63 42 51 36 76 61 41 48 62 21 74 55 78 46 14 
414-11-12 1?2.021 = 11 20 72 69 57 23 91 94 64 22 82 76 36 51 12 
414-12-13 1?2.155 = 12 51 36 76 82 22 61 41 68 62 65 48 18 63 42 13 
414-11-13 1?2.136 = 11 20 72 69 91 94 64 22 82 76 36 51 42 63 13 
414-11-15 1?2.543 = 11 20 72 90 69 23 91 94 64 22 61 41 68 62 21 74 46 78 55 15 
stop
