start
59-0-1 1?2.068 = 0 19 53 24 27 50 77 72 25 87 85 70 32 68 1 
59-0-2 1?2.173 = 0 19 53 24 27 50 77 72 32 59 74 39 67 18 45 88 2 
59-0-3 1?2.285 = 0 19 53 24 27 50 77 72 32 59 74 36 79 39 18 67 3 
59-0-4 1?2.31 = 0 19 77 72 25 87 70 20 71 28 76 92 33 73 61 57 4 
59-0-5 1?2.487 = 0 19 77 72 25 87 85 55 22 97 20 71 28 76 92 33 73 52 42 5 
59-0-6 1?2.523 = 0 19 53 24 27 50 77 72 25 87 70 20 71 28 56 26 30 98 6 
59-0-7 1?2.517 = 0 19 53 24 27 50 77 72 25 87 70 20 71 28 26 56 31 43 90 7 
59-0-8 1?2.509 = 0 19 53 24 27 50 77 72 25 87 85 55 22 97 75 69 35 40 44 63 8 
59-0-9 1?2.42 = 0 19 53 24 27 50 77 72 25 87 85 55 22 97 75 69 35 40 44 63 9 
59-0-10 1?2.359 = 0 19 53 24 27 50 77 72 25 87 85 55 48 64 62 69 35 80 41 99 10 
59-0-11 1?2.242 = 0 19 53 24 27 50 77 72 25 87 85 55 22 97 75 62 66 37 29 11 
59-0-12 1?2.137 = 0 19 53 24 27 50 77 72 94 25 87 60 78 17 54 84 82 83 51 12 
59-0-13 1?2.028 = 0 19 53 24 27 50 77 72 25 87 60 78 17 54 84 82 83 51 13 
59-0-14 1?1.895 = 0 19 53 24 27 34 23 94 50 77 72 25 87 60 78 49 14 
59-0-15 1?1.839 = 0 19 53 24 27 50 77 72 25 87 85 78 60 94 23 15 
59-1-2 1?2.281 = 1 68 59 74 36 33 73 61 81 57 65 79 67 45 2 
59-1-3 1?2.1 = 1 68 88 45 18 67 39 79 36 33 73 61 65 95 3 
59-1-4 1?2.297 = 1 68 88 45 18 67 39 79 36 33 92 73 61 81 57 65 4 
59-1-5 1?2.466 = 1 68 88 45 18 67 39 79 36 73 33 92 76 26 56 31 30 42 5 
59-1-6 1?2.49 = 1 68 88 45 18 67 39 79 36 73 33 92 76 26 56 31 30 98 6 
59-1-7 1?2.439 = 1 68 88 45 18 67 39 79 36 73 33 92 76 26 56 31 43 90 7 
59-1-8 1?2.499 = 1 68 88 45 18 67 39 79 36 33 92 26 56 31 43 47 58 86 38 8 
59-1-9 1?2.614 = 1 68 88 45 18 67 39 79 36 73 33 92 26 56 89 96 44 63 9 
59-1-10 1?2.628 = 1 68 88 45 18 67 39 36 33 92 26 56 89 96 40 80 41 99 10 
59-1-11 1?2.527 = 1 46 19 53 24 27 50 77 72 25 87 70 22 97 75 62 66 37 29 11 
59-1-12 1?2.379 = 1 46 19 53 34 27 24 50 77 72 25 87 60 78 17 54 84 82 83 51 12 
59-1-13 1?2.271 = 1 46 19 53 24 27 50 77 72 25 87 60 78 17 54 84 82 83 91 13 
59-1-14 1?2.378 = 1 46 19 53 24 27 50 77 72 25 87 70 22 55 85 60 78 49 14 
59-1-15 1?2.099 = 1 46 19 53 24 27 50 77 72 25 87 85 60 94 23 34 15 
59-2-3 1?1.847 = 2 45 18 67 39 79 36 33 73 61 81 57 65 95 3 
59-2-4 1?1.775 = 2 88 45 18 67 39 79 36 33 92 73 61 81 57 4 
59-2-5 1?2.185 = 2 88 45 18 67 39 79 36 73 33 92 76 28 56 26 30 42 5 
59-2-6 1?2.257 = 2 88 45 18 67 39 79 36 33 73 92 76 28 26 56 31 30 98 6 
59-2-7 1?2.206 = 2 88 45 18 67 39 79 36 33 73 92 76 28 26 56 31 43 90 7 
59-2-8 1?2.384 = 2 88 45 18 67 39 79 36 73 33 92 76 28 26 56 31 43 47 58 86 38 8 
59-2-9 1?2.482 = 2 88 45 18 67 79 65 57 81 61 73 33 92 76 26 56 89 96 44 63 9 
59-2-10 1?2.302 = 2 88 45 18 67 39 36 33 92 26 56 89 96 40 80 41 99 10 
59-2-11 1?2.484 = 2 88 45 18 67 39 79 36 33 92 76 26 56 89 35 69 37 29 11 
59-2-12 1?2.469 = 2 88 45 18 67 39 79 36 33 92 76 28 71 75 64 48 93 16 12 
59-2-13 1?2.502 = 2 88 45 18 67 39 36 33 92 76 28 71 75 62 64 48 54 17 91 13 
59-2-14 1?2.396 = 2 45 18 67 39 79 36 74 59 32 72 77 24 27 50 94 14 
59-2-15 1?2.095 = 2 45 88 18 67 39 79 36 74 59 32 72 77 24 27 34 15 
59-3-4 1?1.953 = 3 67 39 36 33 92 76 28 56 26 73 61 81 57 4 
59-3-5 1?1.958 = 3 95 65 57 81 61 73 33 92 76 26 56 31 30 42 5 
59-3-6 1?1.982 = 3 95 65 57 81 61 73 33 92 76 26 56 31 30 98 6 
59-3-7 1?2.138 = 3 95 65 57 81 61 73 33 92 76 28 26 56 89 31 43 90 7 
59-3-8 1?2.204 = 3 67 18 39 79 36 73 33 92 76 26 56 31 43 47 58 86 38 8 
59-3-9 1?2.453 = 3 67 39 79 65 57 81 61 73 33 92 76 26 56 89 96 40 44 63 9 
59-3-10 1?2.445 = 3 95 65 57 81 61 73 33 92 76 26 56 31 89 96 44 40 80 41 99 10 
59-3-11 1?2.509 = 3 95 65 57 61 73 33 92 76 26 56 89 96 44 40 80 37 29 11 
59-3-12 1?2.5 = 3 95 65 61 73 33 92 76 28 71 75 62 64 48 54 84 82 83 51 12 
59-3-13 1?2.473 = 3 67 39 79 36 33 92 76 28 71 75 64 48 54 84 82 83 91 13 
59-3-14 1?2.49 = 3 67 39 79 36 33 92 76 28 71 20 97 22 55 85 78 49 14 
59-3-15 1?2.203 = 3 67 18 45 88 68 46 19 53 24 27 50 77 72 94 23 34 15 
59-4-5 1?1.827 = 4 57 81 61 73 33 92 76 28 26 56 31 30 52 42 5 
59-4-6 1?1.899 = 4 57 61 73 33 92 76 28 26 56 89 31 30 98 6 
59-4-7 1?1.891 = 4 57 81 61 73 33 92 76 26 56 89 58 86 47 90 7 
59-4-8 1?1.912 = 4 57 61 73 33 92 76 28 26 56 31 43 47 58 86 38 8 
59-4-9 1?2.368 = 4 57 81 61 73 33 92 76 26 56 31 43 47 86 58 96 40 44 63 9 
59-4-10 1?2.261 = 4 57 81 61 73 33 92 76 28 26 56 31 89 96 44 40 80 41 99 10 
59-4-11 1?2.422 = 4 57 81 61 73 33 92 76 28 26 56 31 89 96 44 40 80 37 29 11 
59-4-12 1?2.464 = 4 57 81 61 73 33 92 76 26 56 28 71 75 62 64 48 54 84 82 83 51 12 
59-4-13 1?2.449 = 4 57 81 61 73 33 92 76 26 56 89 71 75 64 48 54 84 82 83 91 13 
59-4-14 1?2.376 = 4 57 81 61 73 33 92 76 26 56 28 71 20 97 22 55 78 49 14 
59-4-15 1?2.155 = 4 57 61 73 33 92 76 20 70 87 25 72 77 50 24 27 34 15 
59-5-6 1?1.968 = 5 21 81 57 61 73 33 92 76 28 26 56 31 30 98 6 
59-5-7 1?1.9 = 5 21 81 57 61 73 33 92 76 26 56 89 43 90 7 
59-5-8 1?1.865 = 5 42 52 73 33 92 76 26 56 31 43 47 58 86 38 8 
59-5-9 1?2.205 = 5 21 57 61 73 33 92 76 28 26 56 89 96 40 44 63 9 
59-5-10 1?2.19 = 5 42 30 52 73 33 92 76 26 56 89 96 44 40 80 41 99 10 
59-5-11 1?2.411 = 5 21 57 61 73 33 92 76 26 56 89 96 44 40 80 37 29 11 
59-5-12 1?2.483 = 5 21 81 57 61 73 33 92 76 28 71 75 62 64 48 54 84 82 83 51 12 
59-5-13 1?2.551 = 5 21 81 57 61 73 33 92 76 28 71 75 62 64 48 54 84 82 83 51 13 
59-5-14 1?2.496 = 5 42 52 73 33 92 76 28 71 20 70 87 25 72 77 24 27 23 14 
59-5-15 1?2.228 = 5 42 52 73 33 92 76 28 71 20 70 87 25 72 77 24 27 34 15 
59-6-7 1?1.96 = 6 98 30 52 73 33 92 76 26 56 89 58 86 90 7 
59-6-8 1?1.928 = 6 98 30 52 73 33 92 26 56 31 43 47 58 86 38 8 
59-6-9 1?1.99 = 6 98 30 52 73 33 92 76 26 56 89 96 44 63 9 
59-6-10 1?2.214 = 6 98 30 52 73 33 92 76 26 56 89 96 44 40 80 41 99 10 
59-6-11 1?2.546 = 6 98 30 52 73 33 92 76 28 26 56 31 89 96 44 40 80 37 29 11 
59-6-12 1?2.531 = 6 98 30 52 73 33 92 76 26 56 28 71 75 62 64 48 54 84 82 16 12 
59-6-13 1?2.586 = 6 98 30 52 73 33 92 76 26 56 28 71 75 62 64 48 54 84 82 83 91 13 
59-6-14 1?2.555 = 6 98 30 52 73 33 92 76 26 56 28 71 20 97 22 55 85 60 49 14 
59-6-15 1?2.354 = 6 98 30 52 73 33 92 76 28 71 20 70 87 25 72 77 50 27 34 15 
59-7-8 1?2.154 = 7 90 86 58 47 43 31 26 56 89 96 40 44 63 8 
59-7-9 1?2.065 = 7 90 86 58 47 43 31 26 56 89 96 40 44 63 9 
59-7-10 1?2.279 = 7 90 43 31 56 26 92 76 28 89 96 44 40 80 41 99 10 
59-7-11 1?2.582 = 7 90 86 58 63 44 96 40 35 69 66 62 75 64 48 54 84 82 16 29 11 
59-7-12 1?2.376 = 7 90 47 86 58 63 44 96 40 35 69 66 62 64 48 54 84 82 83 51 12 
59-7-13 1?2.601 = 7 90 43 47 86 58 96 44 40 80 35 69 66 62 64 48 54 84 82 83 51 13 
59-7-14 1?2.502 = 7 90 43 31 56 26 28 71 20 70 87 25 72 77 50 24 27 23 14 
59-7-15 1?2.315 = 7 90 43 31 56 26 28 71 97 22 55 85 87 25 72 77 50 24 27 34 15 
59-8-9 1?2.125 = 8 38 86 58 47 43 31 56 26 28 89 96 40 44 63 9 
59-8-10 1?2.078 = 8 38 86 47 43 58 63 44 96 40 35 69 80 41 99 10 
59-8-11 1?2.065 = 8 38 86 47 58 96 44 40 35 69 62 64 48 66 37 29 11 
59-8-12 1?2.176 = 8 38 86 47 58 96 44 40 35 69 66 62 64 48 54 84 82 83 51 12 
59-8-13 1?2.244 = 8 38 86 47 58 96 44 40 35 69 66 62 64 48 54 84 82 83 51 13 
59-8-14 1?2.455 = 8 63 44 40 35 69 62 64 48 55 85 87 25 72 77 50 24 27 23 14 
59-8-15 1?2.28 = 8 38 86 58 96 40 35 69 62 75 55 85 87 25 72 77 50 24 27 34 15 
59-9-10 1?2.169 = 9 63 44 96 40 35 69 66 62 75 64 48 93 37 41 99 10 
59-9-11 1?2.092 = 9 63 44 96 40 35 69 66 62 64 48 54 84 82 16 29 11 
59-9-12 1?1.982 = 9 63 44 40 35 69 66 62 75 64 48 54 84 82 83 51 12 
59-9-13 1?2.264 = 9 63 44 96 40 35 69 66 62 75 64 48 93 84 54 17 82 83 91 13 
59-9-14 1?2.32 = 9 63 44 40 35 69 62 64 48 55 85 87 25 72 77 24 27 23 14 
59-9-15 1?2.157 = 9 63 44 96 40 35 69 62 64 48 55 85 87 25 72 77 50 24 27 34 15 
59-10-11 1?2.009 = 10 99 41 80 40 44 96 35 69 62 64 48 66 37 29 11 
59-10-12 1?1.96 = 10 99 41 80 35 69 66 62 75 64 48 54 84 82 83 51 12 
59-10-13 1?1.967 = 10 99 41 80 40 35 69 66 62 64 48 54 84 82 83 91 13 
59-10-14 1?2.268 = 10 99 37 66 62 75 97 22 70 87 25 72 77 50 24 27 23 14 
59-10-15 1?2.076 = 10 99 41 80 35 69 62 64 48 55 85 87 25 72 77 50 24 27 34 15 
59-11-12 1?2.107 = 11 29 37 66 62 48 64 75 97 22 55 54 84 82 83 51 12 
59-11-13 1?2.175 = 11 29 37 66 62 48 64 75 97 22 55 17 54 84 82 83 91 13 
59-11-14 1?2.101 = 11 29 16 82 84 54 17 78 60 87 25 72 77 50 24 27 23 14 
59-11-15 1?1.993 = 11 29 37 66 62 48 64 75 97 22 70 87 25 72 77 24 27 34 15 
59-12-13 1?2.1 = 12 51 83 91 78 60 87 25 72 77 24 27 50 94 49 13 
59-12-14 1?1.888 = 12 16 82 84 54 17 78 60 87 25 72 77 50 24 27 23 14 
59-12-15 1?1.62 = 12 16 82 84 54 17 78 60 87 25 72 77 50 24 27 34 15 
59-13-14 1?1.941 = 13 49 78 60 87 25 94 50 77 72 19 53 24 27 23 14 
59-13-15 1?1.967 = 13 91 83 82 84 54 48 64 75 97 22 70 25 72 77 24 34 15 
59-14-15 1?2.134 = 14 94 50 27 24 77 72 25 87 70 32 19 53 34 15 
stop
