start
963-0-2 1?1.978 = 0 48 88 33 17 57 91 99 34 81 47 68 59 40 2 
963-0-3 1?1.868 = 0 48 88 33 55 57 47 91 81 34 99 38 25 65 3 
963-0-1 1?2.037 = 0 48 88 33 55 57 47 91 81 99 34 21 40 59 1 
963-0-11 1?2.674 = 0 48 88 33 55 93 60 32 71 52 26 53 69 66 64 23 79 98 74 11 
963-0-10 1?2.752 = 0 48 88 33 17 68 47 91 94 72 45 27 56 85 42 87 43 10 
963-0-5 1?2.32 = 0 48 88 33 17 68 47 91 81 34 99 38 78 96 73 89 30 54 5 
963-0-4 1?2.499 = 0 48 88 33 17 68 59 40 21 47 91 81 34 99 38 25 62 61 4 
963-0-7 1?2.555 = 0 48 88 33 55 57 47 91 81 34 38 96 73 89 30 16 39 31 97 7 
963-0-9 1?2.644 = 0 48 88 33 55 57 47 91 81 99 51 44 84 20 86 19 36 70 18 9 
963-0-8 1?2.615 = 0 48 88 33 17 68 47 91 81 34 99 37 92 58 95 67 28 49 63 8 
963-0-6 1?2.379 = 0 48 88 33 17 68 47 91 81 34 99 38 78 96 73 89 30 16 39 6 
963-0-14 1?2.179 = 0 48 88 33 55 94 72 45 27 56 23 79 64 66 69 53 14 
963-1-4 1?1.821 = 1 59 40 68 17 57 47 91 81 34 99 38 25 62 4 
963-0-13 1?2.088 = 0 48 88 33 55 93 94 72 45 27 56 23 79 64 66 13 
963-1-2 1?1.882 = 1 59 40 68 47 91 81 34 99 38 25 65 21 82 2 
963-1-3 1?1.806 = 1 59 40 68 17 57 47 91 81 99 34 25 65 3 
963-0-12 1?2.564 = 0 48 88 33 55 17 68 47 91 94 72 45 27 56 23 79 77 12 
963-0-15 1?2.362 = 0 48 88 33 17 68 47 57 94 72 45 50 32 71 29 15 
963-1-6 1?2.266 = 1 59 40 68 17 57 47 91 81 34 99 38 96 73 89 30 16 39 6 
963-1-5 1?2.128 = 1 59 40 68 57 47 91 81 34 99 38 78 96 73 89 30 54 5 
963-1-7 1?2.45 = 1 59 40 68 47 91 81 34 99 38 78 96 73 89 30 16 39 31 97 7 
963-1-8 1?2.549 = 1 59 40 68 47 91 81 34 38 78 96 73 89 92 58 95 67 28 49 63 8 
963-1-14 1?2.226 = 1 59 40 68 17 33 88 48 60 32 71 52 26 66 69 53 14 
963-1-13 1?2.343 = 1 59 40 68 17 33 88 55 93 60 32 71 52 26 53 69 66 13 
963-2-4 1?1.763 = 2 40 59 68 17 57 47 91 81 34 99 38 25 62 4 
963-2-3 1?1.748 = 2 40 59 68 17 57 47 91 81 99 34 25 65 3 
963-1-12 1?2.497 = 1 59 40 68 17 57 47 81 91 94 72 45 27 56 23 79 77 12 
963-2-6 1?2.029 = 2 40 59 68 47 91 81 34 99 38 78 96 73 89 30 16 39 6 
963-2-5 1?1.97 = 2 40 59 68 47 91 81 34 99 38 78 96 73 89 30 54 5 
963-1-15 1?2.122 = 1 59 40 68 47 81 91 57 17 55 33 88 48 29 15 
963-1-10 1?2.627 = 1 59 40 68 47 91 81 34 99 51 76 44 84 85 42 87 43 10 
963-1-9 1?2.559 = 1 59 40 68 47 91 81 34 99 51 44 84 20 86 19 36 70 18 24 9 
963-1-11 1?2.61 = 1 59 40 68 47 91 81 34 99 51 44 84 85 42 87 43 74 11 
963-3-4 1?1.816 = 3 65 82 21 40 59 68 57 47 91 81 34 25 62 4 
963-2-14 1?2.431 = 2 40 59 68 47 91 81 34 99 51 76 94 72 45 50 32 71 14 
963-3-5 1?1.999 = 3 65 82 21 40 59 68 47 91 81 34 38 96 73 5 
963-2-13 1?2.483 = 2 40 59 68 17 33 55 93 72 45 27 56 23 79 64 66 69 53 13 
963-2-15 1?2.064 = 2 40 59 68 47 81 91 57 17 55 33 88 48 29 15 
963-2-12 1?2.577 = 2 40 59 68 47 91 81 34 99 51 76 94 72 45 27 56 23 79 77 12 
963-2-7 1?2.306 = 2 40 59 68 47 91 81 34 99 38 96 73 89 30 16 39 31 7 
963-2-8 1?2.42 = 2 40 59 68 47 91 81 34 99 38 37 92 58 95 67 28 63 41 8 
963-2-9 1?2.501 = 2 40 59 68 47 91 81 34 99 51 44 84 20 86 19 36 70 18 24 9 
963-2-10 1?2.631 = 2 40 59 68 57 47 91 81 34 99 51 76 80 85 42 87 43 10 
963-2-11 1?2.605 = 2 40 59 68 47 91 81 34 99 51 76 80 85 42 87 43 74 11 
963-4-5 1?2.119 = 4 62 25 38 34 99 76 51 37 78 96 73 89 30 54 5 
963-3-14 1?2.549 = 3 65 82 21 40 59 68 17 33 88 48 60 32 71 52 26 66 69 53 14 
963-3-6 1?2.161 = 3 65 82 21 47 91 81 34 99 38 78 96 73 89 30 16 39 6 
963-3-13 1?2.494 = 3 65 82 21 40 59 68 17 33 88 55 60 32 71 52 26 66 69 53 13 
963-3-7 1?2.398 = 3 65 82 21 47 91 81 34 99 38 78 89 30 16 39 31 97 7 
963-3-12 1?2.669 = 3 65 25 38 99 34 81 91 47 57 94 72 45 27 56 23 79 64 77 12 
963-3-8 1?2.475 = 3 65 82 21 47 91 81 34 99 38 37 92 58 95 67 28 49 63 8 
963-3-15 1?2.554 = 3 65 25 38 99 34 81 91 47 68 17 33 88 55 93 60 29 15 
963-3-10 1?2.582 = 3 65 25 62 96 73 89 92 58 95 67 28 63 41 83 36 70 18 24 10 
963-3-9 1?2.509 = 3 65 25 62 96 73 89 92 58 95 67 28 49 63 35 41 83 36 70 18 9 
963-3-11 1?2.724 = 3 65 82 21 40 59 68 47 57 94 72 45 27 56 23 79 77 98 74 11 
963-4-6 1?2.036 = 4 61 62 25 34 81 99 38 78 96 73 89 30 16 39 6 
963-5-6 1?2.334 = 5 54 30 73 96 78 38 34 99 76 51 37 89 16 39 6 
963-4-7 1?2.182 = 4 62 25 34 99 38 78 96 73 89 92 58 95 67 28 7 
963-4-14 1?2.676 = 4 62 25 38 99 34 81 91 47 57 68 17 33 55 93 60 32 71 14 
963-4-13 1?2.589 = 4 62 25 38 99 34 81 91 47 57 94 72 45 27 56 23 79 64 66 13 
963-4-8 1?2.45 = 4 62 25 34 99 38 78 96 73 89 92 58 95 67 28 49 35 41 8 
963-4-12 1?2.736 = 4 61 62 25 38 99 34 81 91 47 57 94 72 45 27 56 23 79 64 77 12 
963-4-9 1?2.217 = 4 61 96 73 89 92 58 95 67 28 49 63 35 41 83 36 70 18 24 9 
963-4-10 1?2.423 = 4 61 96 73 89 92 58 95 67 28 49 63 41 83 36 70 18 24 75 10 
963-4-15 1?2.604 = 4 62 25 38 99 34 81 91 47 57 68 17 33 88 55 93 60 29 15 
963-4-11 1?2.682 = 4 61 96 73 89 92 58 95 67 28 49 63 41 83 36 75 87 43 74 11 
963-5-7 1?2.201 = 5 54 30 16 31 58 92 20 86 22 35 49 28 67 95 97 7 
963-6-7 1?1.998 = 6 39 16 30 54 73 89 92 58 95 49 63 28 67 97 7 
963-5-8 1?1.943 = 5 54 30 16 39 31 95 67 28 49 63 35 22 19 83 41 8 
963-6-8 1?1.867 = 6 39 16 30 54 73 89 92 58 95 67 28 49 63 41 8 
963-5-14 1?2.725 = 5 54 30 89 73 96 38 99 34 81 91 47 57 94 72 45 50 32 71 14 
963-5-13 1?2.67 = 5 54 30 73 96 78 37 51 76 94 72 45 27 56 23 79 64 66 69 53 13 
963-5-12 1?2.719 = 5 54 30 16 31 97 67 28 49 63 41 83 36 70 18 24 75 43 98 12 
963-5-9 1?2.014 = 5 54 30 16 39 31 97 67 28 49 63 41 83 36 75 70 18 24 9 
963-5-10 1?2.217 = 5 54 30 16 39 31 97 67 28 49 35 41 83 36 70 18 24 75 10 
963-5-15 1?2.531 = 5 54 30 89 73 96 38 99 34 81 91 47 57 68 17 33 88 48 15 
963-5-11 1?2.489 = 5 54 30 16 39 31 97 67 28 49 63 41 83 36 70 75 87 43 74 11 
963-7-9 1?1.811 = 7 97 95 67 28 49 63 41 83 35 22 19 36 70 24 18 9 
963-6-9 1?1.671 = 6 39 16 31 97 67 28 49 63 35 41 83 36 70 18 9 
963-7-8 1?2.204 = 7 97 95 67 28 49 63 41 83 35 22 19 36 70 18 24 9 8 
963-6-14 1?2.633 = 6 39 16 30 89 73 96 38 99 34 81 91 47 57 55 60 32 71 14 
963-6-12 1?2.495 = 6 39 16 30 73 96 78 37 51 76 94 72 45 27 56 23 79 77 12 
963-6-13 1?2.618 = 6 39 16 30 89 37 51 76 94 72 45 27 56 23 79 64 66 69 53 13 
963-6-10 1?2.144 = 6 39 30 16 31 97 67 28 49 63 41 83 36 70 18 24 75 10 
963-7-10 1?2.29 = 7 97 67 28 49 63 41 83 36 70 18 24 75 90 42 87 43 10 
963-7-11 1?2.179 = 7 67 28 49 63 35 41 83 36 70 18 24 75 87 43 98 74 11 
963-6-11 1?2.339 = 6 39 16 31 97 67 28 49 63 41 83 36 70 18 24 75 43 74 11 
963-6-15 1?2.505 = 6 39 16 30 89 73 96 78 38 99 34 81 91 47 57 17 33 88 48 15 
963-8-10 1?1.882 = 8 63 49 28 67 95 22 35 41 83 36 70 18 24 75 10 
963-8-9 1?1.886 = 8 41 35 63 49 28 67 95 22 19 36 75 70 18 24 9 
963-8-13 1?2.418 = 8 41 83 36 70 18 24 75 87 42 85 56 23 79 64 66 69 53 13 
963-8-11 1?1.977 = 8 41 83 36 70 18 24 75 43 87 42 85 98 74 11 
963-8-12 1?2.376 = 8 41 83 36 70 18 24 75 43 87 42 85 27 56 23 79 77 12 
963-7-13 1?2.572 = 7 97 67 28 49 63 35 22 19 90 42 85 27 56 23 79 64 66 69 53 13 
963-8-14 1?2.584 = 8 41 83 36 70 18 24 75 43 87 42 85 56 23 79 64 66 69 53 14 
963-7-14 1?2.721 = 7 67 28 49 63 35 22 19 90 42 85 27 56 23 79 64 66 26 69 53 14 
963-7-12 1?2.447 = 7 97 67 28 49 63 35 41 83 36 70 18 24 75 87 43 98 77 12 
963-8-15 1?2.657 = 8 41 83 36 70 18 24 75 43 87 42 85 56 27 50 32 71 29 15 
963-7-15 1?2.727 = 7 97 31 39 16 30 89 73 96 38 34 81 91 47 57 55 33 88 48 15 
963-10-12 1?2.325 = 10 24 18 70 36 75 43 87 42 85 27 56 79 77 12 
963-9-10 1?1.944 = 9 18 24 70 36 83 41 63 28 67 49 35 22 19 75 10 
963-10-13 1?2.236 = 10 24 18 70 75 87 42 85 56 23 79 64 66 69 53 13 
963-9-12 1?2.171 = 9 18 24 70 36 75 43 87 42 85 27 56 79 77 12 
963-9-13 1?2.274 = 9 18 24 70 75 43 87 42 85 27 56 23 79 64 66 69 53 13 
963-10-11 1?2.135 = 10 24 18 70 36 83 41 35 22 19 90 42 87 43 74 11 
963-9-11 1?1.981 = 9 18 24 70 36 83 41 35 22 19 90 42 87 43 74 11 
963-10-14 1?2.636 = 10 24 18 70 75 43 87 42 85 27 56 23 79 64 66 26 69 53 14 
963-9-14 1?2.62 = 9 70 18 24 75 43 87 42 85 27 56 23 79 64 66 26 52 32 71 14 
963-10-15 1?2.742 = 10 43 87 42 85 27 56 23 79 64 66 69 53 26 52 71 32 60 29 15 
963-9-15 1?2.666 = 9 70 18 24 75 43 87 42 85 56 23 79 64 66 26 52 32 71 29 15 
963-13-14 1?2.287 = 13 53 69 66 64 79 23 56 27 45 72 94 93 60 32 71 14 
963-11-13 1?2.075 = 11 74 43 87 42 85 27 56 23 79 64 66 26 53 69 13 
963-12-13 1?2.283 = 12 77 79 23 56 27 45 72 93 60 32 52 26 66 69 53 13 
963-11-14 1?2.176 = 11 74 43 87 42 85 27 56 23 79 64 66 26 69 53 14 
963-11-12 1?2.442 = 11 74 43 87 42 85 27 56 23 52 26 66 64 79 77 12 
963-12-14 1?2.406 = 12 77 79 23 56 27 45 72 94 93 60 32 52 26 69 53 14 
963-14-15 1?2.351 = 14 53 69 66 64 79 23 56 27 45 72 94 55 33 88 48 15 
963-12-15 1?2.398 = 12 77 64 66 69 53 26 52 71 32 60 93 55 33 88 48 15 
963-13-15 1?2.26 = 13 66 64 79 23 56 27 45 72 94 93 55 33 88 48 15 
963-11-15 1?2.619 = 11 74 43 87 42 85 27 56 23 79 64 66 26 52 71 32 60 29 15 
stop
