start
554-0-1 1?2.119 = 0 21 87 36 88 28 85 27 90 44 66 38 56 60 24 1 
554-0-5 1?2.212 = 0 21 87 53 36 88 28 85 27 90 44 66 67 22 69 54 84 77 70 5 
554-0-7 1?2.333 = 0 21 87 53 36 88 28 85 27 90 44 66 67 22 69 91 72 19 94 7 
554-0-11 1?2.169 = 0 21 87 53 71 96 47 79 50 55 92 48 78 73 65 49 62 83 86 11 
554-0-3 1?1.763 = 0 21 87 36 88 28 85 27 90 44 66 38 56 60 30 3 
554-0-10 1?2.322 = 0 21 87 53 71 96 79 50 55 92 48 78 73 65 62 49 40 59 39 29 10 
554-0-9 1?2.508 = 0 21 87 36 88 28 85 90 44 67 22 69 91 72 23 75 93 37 61 34 89 98 9 
554-0-4 1?2.001 = 0 21 87 36 88 28 85 27 90 44 66 67 22 54 84 74 31 4 
554-0-8 1?2.484 = 0 21 87 36 88 28 85 27 90 44 66 67 22 69 91 72 23 75 93 37 61 34 8 
554-0-2 1?1.861 = 0 21 87 53 36 88 28 85 27 90 44 66 38 56 60 2 
554-0-6 1?2.223 = 0 21 87 36 88 28 85 90 44 67 22 69 91 72 19 94 42 35 95 99 6 
554-1-2 1?2.001 = 1 85 28 88 27 90 44 66 84 74 38 56 60 30 2 
554-0-15 1?1.999 = 0 21 87 53 36 88 28 85 90 27 45 47 96 71 82 15 
554-0-14 1?2.141 = 0 21 87 53 36 88 28 85 90 27 45 47 96 71 82 14 
554-1-3 1?1.922 = 1 85 28 27 90 44 66 67 84 74 38 56 60 30 3 
554-0-12 1?2.056 = 0 21 87 53 71 96 79 50 55 92 48 78 73 65 49 62 83 86 12 
554-0-13 1?2.069 = 0 21 87 36 53 71 96 47 32 79 50 55 48 78 92 13 
554-1-6 1?2.195 = 1 85 28 88 27 90 44 66 67 22 69 91 72 19 94 42 35 95 99 6 
554-1-4 1?2.124 = 1 85 28 88 27 90 44 66 67 22 69 91 72 54 84 74 31 4 
554-1-8 1?2.521 = 1 85 28 88 27 90 44 66 67 22 54 69 91 72 23 75 93 37 61 34 8 
554-1-7 1?2.552 = 1 85 28 88 27 90 44 66 67 22 69 91 72 23 75 93 37 61 25 81 7 
554-1-5 1?2.201 = 1 85 28 88 27 90 44 67 22 69 91 72 19 94 42 35 95 5 
554-1-15 1?2.266 = 1 85 28 88 27 90 44 51 18 41 32 47 96 71 82 15 
554-1-14 1?2.387 = 1 85 28 88 27 90 44 66 67 22 51 18 41 32 79 52 14 
554-1-13 1?2.374 = 1 85 28 88 36 53 71 96 47 32 63 65 49 62 73 78 92 13 
554-1-12 1?2.213 = 1 85 28 88 36 53 71 96 52 55 48 78 73 65 49 62 83 86 12 
554-2-4 1?1.964 = 2 30 60 56 38 66 67 22 69 54 84 74 31 33 4 
554-1-11 1?2.323 = 1 85 28 88 36 53 71 96 79 50 55 92 48 78 73 65 49 62 83 86 11 
554-2-3 1?2.043 = 2 24 90 44 67 22 69 54 84 74 38 56 60 30 3 
554-2-5 1?2.033 = 2 30 60 56 38 66 67 22 69 91 72 54 77 70 5 
554-2-6 1?2.122 = 2 30 60 56 38 74 84 54 69 91 72 19 94 42 35 95 99 6 
554-1-10 1?2.446 = 1 85 28 88 36 53 71 96 52 55 48 78 73 62 49 40 59 39 29 10 
554-1-9 1?2.43 = 1 85 28 27 90 44 66 67 22 69 91 72 23 75 93 37 61 34 89 98 9 
554-2-15 1?2.091 = 2 60 56 38 66 44 90 27 85 28 88 36 53 71 82 15 
554-3-4 1?1.855 = 3 30 60 56 38 66 67 22 69 54 84 74 31 33 4 
554-2-14 1?2.415 = 2 30 60 56 38 66 67 44 90 27 85 28 88 36 53 71 82 14 
554-3-5 1?1.924 = 3 30 60 56 38 66 67 22 69 91 72 54 77 70 5 
554-2-11 1?2.476 = 2 24 85 28 88 36 53 71 96 52 50 55 92 48 78 65 49 62 83 86 11 
554-2-12 1?2.411 = 2 24 85 28 88 36 53 71 96 52 55 92 48 78 73 65 49 62 83 86 12 
554-2-13 1?2.517 = 2 30 60 56 38 74 84 54 69 51 18 41 32 79 50 55 92 13 
554-2-7 1?2.479 = 2 30 60 56 38 74 84 54 69 91 72 23 75 93 37 61 25 81 7 
554-2-8 1?2.468 = 2 30 60 56 38 66 67 22 54 69 91 72 23 75 93 37 61 25 81 8 
554-2-10 1?2.504 = 2 30 60 56 38 74 84 54 69 91 72 23 75 93 68 26 57 80 29 10 
554-2-9 1?2.488 = 2 30 60 56 38 74 84 54 69 91 72 23 75 93 37 61 76 89 98 9 
554-3-15 1?2.003 = 3 30 60 56 38 66 44 90 27 85 28 88 36 53 87 21 15 
554-3-6 1?2.013 = 3 30 60 56 38 74 84 54 69 91 72 19 94 42 35 95 99 6 
554-4-5 1?2.025 = 4 31 74 84 66 67 22 69 91 72 19 94 42 35 95 5 
554-3-11 1?2.511 = 3 30 60 56 38 74 84 54 69 91 72 23 75 68 26 57 59 39 11 
554-3-7 1?2.306 = 3 30 60 56 38 74 84 54 69 91 72 23 75 93 37 61 25 7 
554-3-8 1?2.247 = 3 30 60 56 38 74 84 54 69 91 72 23 75 93 37 61 25 81 8 
554-3-14 1?2.426 = 3 30 60 56 38 74 84 66 44 90 27 85 28 88 36 53 71 82 14 
554-3-9 1?2.298 = 3 30 60 56 38 74 84 54 69 91 72 23 75 93 37 61 34 89 98 9 
554-3-12 1?2.535 = 3 30 60 56 38 74 84 54 69 51 18 41 32 79 50 55 92 48 78 12 
554-3-13 1?2.46 = 3 30 60 56 38 74 84 54 69 51 58 18 41 32 79 50 55 92 13 
554-3-10 1?2.395 = 3 30 60 56 38 74 84 54 69 91 72 23 75 93 68 26 57 80 29 10 
554-5-6 1?1.972 = 5 64 70 77 84 54 69 91 72 19 94 42 35 95 99 6 
554-4-6 1?1.883 = 4 31 74 84 54 22 69 91 72 19 94 42 35 95 99 6 
554-4-7 1?2.24 = 4 31 74 84 54 22 69 91 72 23 75 93 37 61 25 81 7 
554-4-11 1?2.575 = 4 31 74 84 54 69 91 72 23 75 93 37 61 76 97 26 57 59 39 11 
554-4-8 1?2.397 = 4 33 74 84 66 67 22 54 69 91 72 23 75 93 37 61 25 81 8 
554-4-15 1?2.39 = 4 33 74 84 54 69 22 67 66 44 90 27 85 28 88 36 53 71 82 15 
554-4-9 1?2.398 = 4 31 74 84 66 67 22 54 69 91 72 23 75 93 37 61 34 89 98 9 
554-4-12 1?2.569 = 4 31 74 84 54 69 91 72 23 58 18 41 32 79 52 50 55 92 48 78 12 
554-4-10 1?2.438 = 4 31 74 84 54 22 69 91 72 23 75 93 37 76 97 46 57 80 29 10 
554-4-14 1?2.532 = 4 33 74 84 54 69 22 67 66 44 90 27 85 28 88 36 53 71 82 14 
554-4-13 1?2.614 = 4 31 74 84 54 69 22 51 18 41 32 63 49 62 65 73 78 48 55 13 
554-5-7 1?2.329 = 5 64 70 77 84 54 69 91 72 23 75 93 37 61 25 81 7 
554-5-8 1?2.206 = 5 64 70 77 84 54 69 91 72 23 75 93 37 61 25 81 8 
554-6-7 1?2.326 = 6 99 95 35 42 94 54 69 91 72 23 75 93 37 61 25 7 
554-6-8 1?2.155 = 6 99 95 35 42 94 19 72 91 23 75 93 37 61 34 89 8 
554-5-11 1?2.652 = 5 70 77 84 54 69 22 51 58 18 41 32 63 49 62 65 73 83 86 11 
554-5-15 1?2.442 = 5 70 77 84 54 69 22 67 66 44 90 27 85 28 88 36 53 71 82 15 
554-5-12 1?2.598 = 5 95 35 42 94 19 37 76 97 46 57 80 39 59 40 49 62 83 86 12 
554-5-9 1?2.559 = 5 64 70 77 84 54 22 69 91 72 23 75 93 37 61 76 34 89 98 9 
554-5-10 1?2.461 = 5 70 77 84 54 69 91 72 23 75 93 37 61 76 97 46 57 80 29 10 
554-5-14 1?2.626 = 5 95 35 42 94 19 72 91 69 22 67 44 90 27 85 28 88 36 53 82 14 
554-5-13 1?2.696 = 5 70 77 54 69 91 51 58 18 41 32 63 49 62 65 73 78 48 92 55 13 
554-6-10 1?1.89 = 6 99 95 35 42 94 19 37 61 76 97 46 57 80 29 10 
554-7-10 1?2.135 = 7 81 34 89 98 76 97 26 46 80 57 59 39 29 10 
554-7-9 1?2.41 = 7 81 25 61 34 89 98 76 97 26 57 80 29 46 16 9 
554-6-9 1?2.091 = 6 99 95 35 42 94 19 72 23 75 93 37 61 34 89 98 9 
554-7-8 1?2.439 = 7 81 25 61 76 97 26 57 80 29 46 16 98 89 34 8 
554-6-11 1?2.526 = 6 99 35 42 94 19 37 76 97 26 57 39 59 40 49 62 83 86 11 
554-7-11 1?2.298 = 7 81 34 76 97 46 57 39 59 40 49 62 65 48 78 73 83 86 11 
554-6-15 1?2.399 = 6 99 95 35 42 94 19 72 91 69 22 67 44 90 85 28 88 36 53 82 15 
554-6-14 1?2.519 = 6 99 95 35 42 94 19 72 91 69 22 67 44 90 27 88 36 53 82 14 
554-6-12 1?2.466 = 6 99 35 42 94 19 37 76 97 46 57 39 59 40 49 62 83 86 12 
554-6-13 1?2.483 = 6 99 95 35 42 94 19 72 91 69 22 51 18 41 32 79 50 55 92 13 
554-8-11 1?1.843 = 8 89 76 97 46 57 80 39 59 40 49 62 83 86 11 
554-8-10 1?1.952 = 8 98 89 34 81 25 61 37 76 97 26 46 57 80 29 10 
554-8-9 1?2.293 = 8 34 89 98 76 97 26 57 59 39 80 29 46 16 9 
554-7-14 1?2.595 = 7 81 34 76 97 46 57 39 59 40 49 62 73 78 48 55 52 14 
554-7-12 1?2.218 = 7 81 34 76 97 26 46 57 39 59 40 49 62 65 73 83 86 12 
554-8-14 1?2.397 = 8 98 16 46 57 39 59 40 49 62 65 73 78 48 92 55 50 52 14 
554-8-12 1?2.051 = 8 89 76 97 26 46 57 80 39 59 40 49 62 65 73 83 86 12 
554-7-15 1?2.563 = 7 94 19 72 91 69 22 67 66 44 90 27 85 28 88 36 53 71 82 15 
554-8-15 1?2.61 = 8 34 61 37 93 75 23 72 91 69 22 67 44 90 27 85 28 88 36 53 82 15 
554-7-13 1?2.244 = 7 81 34 76 97 46 57 80 39 59 40 49 62 65 73 78 48 92 13 
554-8-13 1?2.169 = 8 89 76 97 46 57 39 59 86 83 62 49 65 73 78 48 92 55 13 
554-9-12 1?1.676 = 9 16 46 57 39 59 40 49 62 65 48 78 73 83 86 12 
554-10-11 1?1.711 = 10 29 39 59 40 49 62 65 48 55 92 78 73 83 86 11 
554-9-11 1?1.716 = 9 16 46 57 39 59 40 49 62 65 48 78 73 83 86 11 
554-10-12 1?1.469 = 10 29 80 57 39 59 40 49 62 65 48 78 73 83 86 12 
554-10-13 1?1.478 = 10 29 80 57 39 59 40 49 62 65 73 78 48 92 55 13 
554-9-10 1?1.87 = 9 16 98 89 34 81 25 61 76 97 26 46 57 80 29 10 
554-9-14 1?2.303 = 9 16 97 46 57 80 39 59 40 49 62 65 73 78 48 92 55 50 52 14 
554-9-15 1?2.496 = 9 16 97 46 57 39 59 40 49 62 65 73 78 48 92 55 50 52 82 15 
554-10-14 1?2.169 = 10 29 80 57 39 59 40 49 62 65 73 83 86 78 48 92 55 50 52 14 
554-10-15 1?2.293 = 10 29 80 57 39 59 40 49 62 65 73 78 48 55 50 79 96 71 82 15 
554-9-13 1?2.039 = 9 98 89 76 97 26 57 80 39 59 40 49 62 65 73 78 48 92 13 
554-11-12 1?1.838 = 11 29 80 57 39 59 40 49 62 65 73 78 48 55 92 12 
554-12-15 1?1.893 = 12 86 83 62 49 65 78 48 92 55 50 79 96 71 82 15 
554-13-15 1?2.039 = 13 55 92 48 78 73 65 62 49 63 32 47 96 71 82 15 
554-11-13 1?1.785 = 11 39 59 86 83 62 49 65 73 78 48 92 55 50 52 13 
554-12-13 1?2.15 = 12 86 83 62 49 65 73 78 48 92 55 50 79 47 96 52 13 
554-14-15 1?2.356 = 14 52 55 92 48 78 73 62 49 65 50 79 96 71 82 15 
554-11-14 1?1.86 = 11 39 59 40 49 62 65 73 83 78 48 92 55 50 52 14 
554-12-14 1?2.02 = 12 86 83 62 49 65 73 78 48 92 55 50 79 96 82 14 
554-13-14 1?2.125 = 13 55 92 48 78 73 83 86 39 59 40 49 65 50 52 14 
554-11-15 1?2.178 = 11 39 59 86 83 62 49 65 73 78 48 92 55 50 79 96 71 82 15 
stop
