start
517-0-1 1?2.05 = 0 20 44 50 87 80 95 75 53 47 72 21 38 70 52 1 
517-0-2 1?1.894 = 0 20 44 50 87 80 95 40 47 31 52 38 21 70 86 2 
517-0-3 1?2.371 = 0 20 44 50 87 80 95 75 39 60 53 47 31 52 21 38 70 86 3 
517-0-4 1?2.273 = 0 20 80 95 40 47 72 21 38 70 86 97 64 98 36 83 91 4 
517-0-5 1?2.509 = 0 20 80 95 40 47 72 21 38 70 86 97 64 98 36 73 55 65 19 5 
517-0-6 1?2.492 = 0 20 80 95 40 47 72 21 38 70 86 97 64 98 36 55 65 57 6 
517-0-7 1?2.631 = 0 20 44 87 52 70 38 21 97 64 98 36 55 65 57 48 93 76 49 7 
517-0-8 1?2.686 = 0 20 80 95 40 47 53 90 62 28 56 68 85 84 23 25 96 46 33 42 8 
517-0-9 1?2.612 = 0 20 80 95 40 53 90 62 28 56 68 85 84 23 25 96 46 33 42 43 9 
517-0-10 1?2.826 = 0 20 44 50 87 80 95 40 47 53 60 39 81 77 63 92 89 94 17 99 78 69 10 
517-0-11 1?2.644 = 0 20 44 87 80 95 75 60 39 81 77 63 92 89 94 17 99 78 30 11 
517-0-12 1?2.444 = 0 20 44 87 80 95 40 47 53 60 39 51 82 58 37 79 61 29 32 12 
517-0-13 1?1.911 = 0 20 80 95 75 60 39 81 77 82 51 58 37 79 61 29 13 
517-0-14 1?2.215 = 0 20 44 87 80 95 40 47 53 60 39 51 82 58 37 79 14 
517-0-15 1?2.025 = 0 20 44 50 87 52 70 38 21 72 47 40 95 59 67 15 
517-1-2 1?1.946 = 1 50 20 44 87 80 95 40 47 31 52 21 38 70 86 2 
517-1-3 1?1.89 = 1 50 44 87 31 52 21 38 70 86 97 64 98 83 91 3 
517-1-4 1?1.804 = 1 50 44 87 31 52 21 38 70 86 97 64 98 83 91 4 
517-1-5 1?2.37 = 1 50 44 20 80 87 31 52 21 38 70 86 97 64 98 36 55 65 5 
517-1-6 1?2.323 = 1 50 44 87 52 21 38 70 86 97 64 98 36 55 65 57 48 6 
517-1-7 1?2.474 = 1 50 44 87 52 38 21 97 64 98 36 55 65 57 48 93 76 49 7 
517-1-8 1?2.596 = 1 50 44 87 80 95 40 53 90 62 28 56 68 84 23 25 96 46 33 8 
517-1-9 1?2.566 = 1 50 44 87 80 95 75 53 90 62 28 56 68 84 23 25 96 46 42 9 
517-1-10 1?2.643 = 1 50 44 87 80 95 40 47 53 60 39 81 77 63 92 89 94 17 99 78 69 10 
517-1-11 1?2.628 = 1 50 44 87 80 95 40 47 53 60 39 81 77 63 92 89 94 17 99 78 11 
517-1-12 1?2.337 = 1 50 44 87 80 95 40 47 53 60 39 51 82 58 37 79 61 29 32 12 
517-1-13 1?2.213 = 1 50 44 87 80 95 40 47 53 60 39 51 82 58 37 18 61 29 13 
517-1-14 1?2.441 = 1 50 44 87 80 95 40 47 53 60 39 51 82 58 37 18 61 79 14 
517-1-15 1?2.102 = 1 50 44 87 31 52 70 38 21 72 47 40 95 80 59 67 15 
517-2-3 1?2.07 = 2 70 38 21 72 66 62 90 28 56 24 54 98 64 83 3 
517-2-4 1?2.007 = 2 70 38 21 72 66 62 90 28 56 24 54 26 73 36 4 
517-2-5 1?1.955 = 2 70 38 21 86 97 64 98 36 55 65 48 57 19 5 
517-2-6 1?2.519 = 2 70 38 21 86 97 64 98 36 73 55 65 19 57 48 93 76 49 6 
517-2-7 1?2.599 = 2 70 38 21 97 64 98 36 73 26 54 24 28 56 68 84 85 76 49 7 
517-2-8 1?2.586 = 2 70 38 21 97 64 98 36 73 26 68 85 84 23 25 96 33 46 42 8 
517-2-9 1?2.496 = 2 70 38 21 97 64 98 36 73 26 68 85 84 23 25 96 46 33 42 9 
517-2-10 1?2.719 = 2 70 38 21 97 64 98 36 73 26 68 84 23 25 96 46 42 43 74 69 10 
517-2-11 1?2.791 = 2 70 38 21 72 47 40 95 75 60 39 81 77 63 92 89 94 17 99 78 30 11 
517-2-12 1?2.405 = 2 86 70 38 21 52 31 47 53 60 39 51 82 58 37 79 61 29 32 12 
517-2-13 1?2.247 = 2 70 38 21 72 47 40 95 75 53 60 39 51 82 58 37 79 61 29 13 
517-2-14 1?2.48 = 2 86 70 38 21 72 47 40 95 80 87 44 50 20 27 59 67 14 
517-2-15 1?2.151 = 2 86 70 38 21 72 47 40 95 80 87 44 20 27 59 67 15 
517-3-4 1?2.188 = 3 86 70 38 21 72 47 66 41 64 98 36 83 91 4 
517-3-5 1?2.031 = 3 86 70 38 21 97 64 98 36 55 65 48 57 19 5 
517-3-6 1?2.367 = 3 86 70 38 21 97 64 98 36 55 65 57 48 93 76 49 6 
517-3-7 1?2.348 = 3 86 70 38 21 97 64 98 36 73 55 65 57 48 93 76 49 7 
517-3-8 1?2.603 = 3 83 64 98 36 73 26 54 24 28 56 68 84 23 25 96 46 33 8 
517-3-9 1?2.594 = 3 86 70 38 21 97 64 98 36 73 26 68 84 23 25 96 46 42 9 
517-3-10 1?2.528 = 3 97 64 98 54 26 68 85 84 23 25 96 46 33 42 43 74 69 10 
517-3-11 1?2.662 = 3 86 70 38 21 72 47 53 60 39 81 77 63 92 89 94 17 99 78 11 
517-3-12 1?2.48 = 3 86 70 38 21 52 31 47 53 60 39 51 82 58 37 79 61 29 32 12 
517-3-13 1?2.56 = 3 86 70 38 21 72 47 40 95 75 60 39 81 77 82 51 58 37 79 61 29 13 
517-3-14 1?2.711 = 3 86 70 38 21 52 31 47 40 75 60 39 81 77 63 82 51 58 37 79 14 
517-3-15 1?2.411 = 3 86 70 38 21 52 31 47 40 95 80 87 50 44 20 27 59 67 15 
517-4-5 1?2.226 = 4 91 83 64 98 54 26 68 84 85 76 93 48 57 19 5 
517-4-6 1?2.149 = 4 91 83 64 98 36 73 55 65 19 57 48 93 76 49 6 
517-4-7 1?2.289 = 4 91 83 64 98 36 73 54 24 28 56 68 84 85 76 49 7 
517-4-8 1?2.42 = 4 91 83 64 98 36 73 54 26 68 85 84 23 25 96 46 42 33 8 
517-4-9 1?2.478 = 4 91 83 64 98 36 73 54 26 68 85 84 23 25 96 33 42 46 43 9 
517-4-10 1?2.527 = 4 91 83 64 98 54 26 68 85 84 23 25 96 46 33 42 43 74 69 10 
517-4-11 1?2.779 = 4 91 83 64 98 36 73 54 24 56 28 22 92 89 94 17 99 78 30 11 
517-4-12 1?2.676 = 4 36 73 26 54 24 56 28 62 90 60 39 51 82 58 37 79 61 29 32 12 
517-4-13 1?2.627 = 4 91 83 64 98 36 73 54 24 56 28 62 90 60 39 51 82 37 79 61 29 13 
517-4-14 1?2.729 = 4 91 83 98 64 97 86 70 38 21 72 47 53 60 39 51 82 58 37 79 14 
517-4-15 1?2.421 = 4 91 83 98 64 97 86 70 38 21 52 87 50 44 20 80 59 67 15 
517-5-6 1?2.315 = 5 19 57 48 68 84 23 25 96 46 42 33 16 76 93 6 
517-5-7 1?2.223 = 5 19 57 48 85 84 23 25 96 46 42 33 16 76 49 7 
517-5-8 1?2.009 = 5 19 57 48 93 76 85 84 23 25 96 46 43 42 33 8 
517-5-9 1?2.61 = 5 19 57 48 26 54 24 28 56 68 85 84 23 25 46 96 33 42 43 9 
517-5-10 1?2.409 = 5 19 57 48 93 76 16 85 68 84 23 25 96 46 33 42 43 74 69 10 
517-5-11 1?2.632 = 5 19 57 48 93 76 16 25 96 46 33 42 43 74 69 78 99 17 30 11 
517-5-12 1?2.616 = 5 65 55 73 54 24 56 28 62 90 60 39 51 82 37 79 61 29 32 12 
517-5-13 1?2.586 = 5 65 55 36 73 26 54 24 56 28 62 90 60 39 51 82 37 79 61 29 13 
517-5-14 1?2.76 = 5 65 55 36 98 64 97 86 70 38 21 52 31 47 40 95 59 67 14 
517-5-15 1?2.496 = 5 19 65 55 36 98 64 97 86 70 38 21 72 47 40 95 59 67 15 
517-6-7 1?2.295 = 6 93 76 85 68 84 23 25 96 46 43 42 33 16 49 7 
517-6-8 1?2.129 = 6 19 57 48 93 76 85 84 23 25 96 46 43 42 33 8 
517-6-9 1?2.005 = 6 57 48 93 76 16 85 68 84 23 25 96 46 33 42 9 
517-6-10 1?2.425 = 6 49 93 76 85 84 23 25 96 46 33 42 43 71 17 99 78 69 10 
517-6-11 1?2.446 = 6 93 76 85 84 23 25 96 46 33 42 43 74 69 78 99 17 30 11 
517-6-12 1?2.655 = 6 93 76 85 84 23 25 96 46 33 42 43 74 69 78 99 17 30 88 12 
517-6-13 1?2.676 = 6 57 65 55 36 73 54 24 56 28 62 90 60 39 51 82 37 79 61 29 13 
517-6-14 1?2.869 = 6 49 93 76 85 84 68 26 54 24 56 28 62 90 60 39 51 82 58 14 
517-6-15 1?2.582 = 6 57 65 55 36 98 64 97 86 70 38 21 72 47 40 95 59 67 15 
517-7-8 1?2.317 = 7 49 93 76 85 68 84 23 25 96 46 43 42 33 16 8 
517-7-9 1?2.124 = 7 49 76 16 85 68 84 23 25 96 46 33 42 43 74 9 
517-7-10 1?1.913 = 7 49 76 85 68 84 23 25 33 42 46 43 74 69 10 
517-7-11 1?2.288 = 7 49 93 76 85 84 23 25 96 46 33 42 43 71 17 99 78 11 
517-7-12 1?2.476 = 7 49 76 16 25 96 46 33 42 43 74 69 78 99 17 30 88 12 
517-7-13 1?2.553 = 7 49 76 85 84 68 56 28 62 90 60 39 51 82 58 37 79 61 29 13 
517-7-14 1?2.814 = 7 49 76 85 84 68 56 24 28 62 90 60 39 51 82 58 37 79 61 14 
517-7-15 1?2.655 = 7 49 93 76 85 84 68 26 54 24 56 28 62 90 53 40 95 59 67 15 
517-8-9 1?2.343 = 8 33 42 43 46 96 25 45 34 94 17 99 30 78 69 74 9 
517-8-10 1?2.073 = 8 33 42 43 46 96 25 23 45 34 71 94 17 99 78 69 10 
517-8-11 1?2.527 = 8 16 85 68 84 23 25 96 46 33 42 43 74 69 78 99 30 11 
517-8-12 1?2.448 = 8 42 33 96 46 43 74 69 78 99 17 94 35 18 61 29 32 12 
517-8-13 1?2.394 = 8 42 33 96 46 43 74 69 78 99 17 94 35 18 37 79 61 29 13 
517-8-14 1?2.655 = 8 42 33 96 46 43 74 69 78 99 17 94 89 92 63 77 82 51 58 14 
517-8-15 1?2.683 = 8 33 42 46 43 74 69 78 99 17 94 89 92 63 82 51 67 59 15 
517-9-10 1?1.98 = 9 43 42 33 46 96 25 23 45 34 71 94 17 99 78 69 10 
517-9-11 1?2.159 = 9 42 33 25 96 46 43 71 74 69 78 99 17 94 30 11 
517-9-12 1?2.107 = 9 42 33 96 46 43 74 69 78 99 17 94 30 35 88 12 
517-9-13 1?2.214 = 9 42 33 96 46 43 74 69 78 99 17 30 35 18 61 29 13 
517-9-14 1?2.498 = 9 42 33 96 46 43 74 69 78 99 17 94 89 92 63 82 51 58 14 
517-9-15 1?2.615 = 9 42 33 46 96 25 23 84 85 68 56 28 62 90 53 75 95 59 67 15 
517-10-11 1?2.031 = 10 69 74 43 42 33 46 96 25 45 34 71 17 99 30 11 
517-10-12 1?2.019 = 10 69 78 99 17 94 89 92 63 37 79 61 29 32 12 
517-10-13 1?1.928 = 10 69 78 99 17 94 89 92 63 18 37 79 61 29 13 
517-10-14 1?2.639 = 10 69 74 43 42 33 46 96 25 45 34 89 92 77 82 51 58 37 79 14 
517-10-15 1?2.758 = 10 69 74 43 42 33 46 96 25 45 34 89 92 63 82 51 67 59 27 15 
517-11-12 1?2.168 = 11 78 99 17 94 89 92 63 82 58 37 79 61 29 32 12 
517-11-13 1?2.039 = 11 30 99 17 94 89 92 63 82 51 58 37 79 61 29 13 
517-11-14 1?2.554 = 11 30 78 99 17 94 89 92 63 77 82 51 58 37 18 61 79 14 
517-11-15 1?2.458 = 11 30 78 99 17 94 89 92 63 77 81 39 60 75 95 59 67 15 
517-12-13 1?2.428 = 12 11 30 99 17 94 89 92 63 82 51 58 37 79 61 29 13 
517-12-14 1?2.34 = 12 32 29 61 79 37 82 51 39 60 53 75 95 59 67 14 
517-12-15 1?2.155 = 12 32 29 61 18 37 58 82 51 39 60 75 95 59 67 15 
517-13-14 1?2.194 = 13 29 61 79 37 82 51 39 60 53 47 40 95 59 67 14 
517-13-15 1?1.945 = 13 29 61 79 37 82 51 39 60 53 47 40 95 59 67 15 
517-14-15 1?2.289 = 14 61 79 37 82 51 39 60 53 47 40 95 80 59 67 15 
stop
