start
898-0-2 1?1.726 = 0 17 40 41 38 65 74 54 18 69 27 64 53 98 2 
898-0-1 1?1.797 = 0 17 40 41 38 65 74 54 18 69 27 64 53 98 1 
898-0-5 1?2.384 = 0 17 65 74 54 18 69 27 64 53 98 50 83 32 73 26 35 77 5 
898-0-4 1?2.26 = 0 17 40 85 41 38 65 74 54 18 69 64 53 98 50 83 32 60 4 
898-0-6 1?2.57 = 0 17 40 85 41 38 65 74 69 18 54 52 91 19 44 66 84 81 80 6 
898-0-11 1?2.148 = 0 17 40 85 41 78 97 57 71 70 20 46 94 34 28 37 68 49 36 11 
898-0-10 1?2.416 = 0 17 40 85 41 78 97 57 71 70 34 94 67 37 68 99 56 93 95 10 
898-0-3 1?1.914 = 0 17 40 65 74 21 54 18 69 27 64 53 98 76 3 
898-0-7 1?2.62 = 0 17 65 74 69 18 54 21 47 29 51 82 75 88 22 24 90 92 7 
898-0-8 1?2.59 = 0 17 40 85 41 78 97 57 71 70 34 94 51 82 75 88 62 24 90 8 
898-0-9 1?2.449 = 0 17 40 85 41 78 97 57 71 70 34 94 67 68 99 56 93 95 72 25 9 
898-1-2 1?2.083 = 1 27 17 40 41 38 65 74 54 18 69 64 53 98 2 
898-0-14 1?1.51 = 0 17 65 38 20 46 94 34 70 71 57 97 39 31 14 
898-0-15 1?1.667 = 0 17 27 69 18 54 74 65 38 78 57 97 39 23 15 
898-1-5 1?2.395 = 1 27 69 18 54 21 52 48 59 45 44 66 84 81 89 77 35 5 
898-1-3 1?2.255 = 1 27 69 74 65 38 21 54 18 64 53 98 50 76 3 
898-1-6 1?2.576 = 1 53 64 27 69 18 54 21 47 29 42 48 59 45 44 66 84 81 80 6 
898-1-4 1?2.144 = 1 53 64 27 69 18 54 21 52 91 50 83 32 60 4 
898-0-13 1?1.921 = 0 17 40 85 41 38 20 46 94 34 70 71 78 57 97 39 31 13 
898-1-7 1?2.514 = 1 27 69 18 54 21 47 29 51 82 75 88 22 24 90 92 7 
898-1-8 1?2.531 = 1 27 69 18 54 21 52 42 29 51 82 75 88 22 24 62 90 8 
898-0-12 1?1.988 = 0 17 40 85 41 78 97 57 71 70 20 46 94 34 28 37 61 30 33 12 
898-1-15 1?1.66 = 1 53 64 27 69 18 54 21 74 65 38 41 40 85 15 
898-2-5 1?2.412 = 2 98 53 64 27 69 18 54 52 91 19 44 66 84 81 89 5 
898-2-6 1?2.479 = 2 98 53 64 27 69 18 54 52 91 19 44 66 84 81 80 6 
898-2-4 1?2.155 = 2 76 83 32 73 19 44 66 84 81 89 77 35 26 60 4 
898-2-3 1?2.264 = 2 98 53 64 27 69 18 54 74 21 52 91 50 76 3 
898-1-11 1?2.248 = 1 27 69 18 54 21 47 20 46 94 34 70 71 28 37 68 49 36 11 
898-1-10 1?2.526 = 1 27 69 18 54 21 47 20 46 94 34 70 71 28 67 56 99 79 10 
898-1-12 1?2.124 = 1 27 69 18 54 21 47 86 20 46 94 34 70 71 28 37 61 30 33 12 
898-1-14 1?1.566 = 1 27 69 18 54 74 65 38 41 78 57 97 39 31 14 
898-1-9 1?2.489 = 1 27 69 18 54 21 47 86 94 67 68 99 56 93 95 72 25 9 
898-1-13 1?1.99 = 1 27 69 18 54 21 47 86 20 46 34 70 71 57 97 39 31 13 
898-2-15 1?1.724 = 2 98 53 64 27 69 18 54 21 74 65 38 41 85 15 
898-3-5 1?2.296 = 3 76 83 32 60 35 77 26 73 19 44 66 84 81 80 89 5 
898-2-11 1?2.31 = 2 98 53 64 27 69 18 54 21 47 20 46 94 67 68 49 36 11 
898-3-4 1?1.869 = 3 76 83 32 73 19 44 66 84 81 89 77 35 26 60 4 
898-2-10 1?2.575 = 2 98 53 64 69 18 54 21 47 86 20 46 94 67 68 49 36 79 10 
898-2-7 1?2.61 = 2 98 50 83 32 73 19 44 66 84 58 22 24 62 90 92 7 
898-2-12 1?2.325 = 2 98 53 64 27 69 18 54 21 47 86 20 46 94 34 70 71 28 30 33 12 
898-2-9 1?2.665 = 2 98 53 64 27 69 18 54 21 52 48 42 29 51 82 55 72 25 9 
898-2-14 1?1.945 = 2 98 53 64 69 18 54 21 47 86 94 34 70 71 57 97 39 14 
898-2-13 1?2.197 = 2 98 53 64 69 18 54 21 47 86 94 34 70 71 57 97 39 31 13 
898-2-8 1?2.721 = 2 98 53 64 27 69 18 54 21 52 42 29 51 82 75 88 22 24 90 8 
898-3-15 1?2.253 = 3 76 98 53 64 27 69 18 54 74 65 38 41 78 57 97 39 23 15 
898-4-5 1?1.891 = 4 60 32 83 73 19 44 66 84 81 80 89 26 77 35 5 
898-3-6 1?2.601 = 3 76 83 32 73 19 44 66 84 63 96 75 88 22 58 80 6 
898-3-11 1?2.517 = 3 76 98 53 64 69 18 54 21 47 86 20 46 94 67 68 49 36 11 
898-3-10 1?2.771 = 3 76 83 32 73 19 44 66 84 58 22 24 90 62 87 25 72 95 43 10 
898-3-7 1?2.324 = 3 76 83 32 73 19 44 66 84 63 58 22 24 62 90 92 7 
898-3-12 1?2.46 = 3 76 98 53 64 69 18 54 21 47 20 46 94 34 70 71 28 30 33 12 
898-3-13 1?2.335 = 3 76 98 53 64 27 69 18 54 74 65 38 41 78 57 97 39 31 13 
898-3-14 1?2.109 = 3 76 98 53 64 27 69 18 54 74 65 38 41 78 57 97 39 31 14 
898-3-9 1?2.811 = 3 76 83 32 73 19 44 66 84 58 22 24 90 62 87 25 72 95 43 9 
898-3-8 1?2.864 = 3 76 83 32 73 26 35 77 89 81 84 66 19 44 63 58 22 24 62 90 8 
898-5-6 1?1.971 = 5 35 77 26 60 32 83 73 19 44 66 84 81 89 80 6 
898-4-6 1?2.092 = 4 35 77 26 60 32 83 73 19 44 66 84 81 89 80 6 
898-4-15 1?2.396 = 4 60 32 83 50 98 53 64 27 69 18 54 21 74 65 38 41 40 85 15 
898-4-7 1?1.953 = 4 60 32 83 73 19 44 66 84 58 22 24 90 92 7 
898-4-10 1?2.685 = 4 60 32 83 73 19 44 66 84 58 22 24 90 62 87 25 72 95 43 10 
898-4-11 1?2.682 = 4 60 32 83 50 91 52 47 20 46 94 34 70 71 28 37 68 49 36 11 
898-4-8 1?2.344 = 4 60 32 83 73 19 44 66 84 63 96 75 88 22 24 62 90 8 
898-4-12 1?2.641 = 4 60 32 83 50 91 48 42 29 47 86 20 46 94 34 70 71 28 37 61 30 33 12 
898-4-9 1?2.579 = 4 60 32 83 73 19 44 66 84 81 80 58 22 24 90 62 87 25 9 
898-4-14 1?2.249 = 4 60 32 83 50 91 52 47 86 20 46 94 34 70 71 57 97 39 31 14 
898-4-13 1?2.475 = 4 60 32 83 50 91 52 47 86 20 46 94 34 70 71 57 97 39 31 13 
898-5-8 1?2.012 = 5 77 35 60 32 73 19 44 66 84 58 22 24 90 8 
898-6-8 1?2.277 = 6 89 77 35 26 73 19 44 66 84 58 22 24 62 90 8 
898-5-15 1?2.432 = 5 35 77 26 32 83 50 98 53 64 27 69 18 54 74 65 38 41 85 15 
898-5-7 1?2.091 = 5 35 77 26 73 19 44 66 84 58 22 24 62 90 92 7 
898-6-7 1?2.277 = 6 80 89 81 84 66 44 63 58 22 24 62 90 92 7 
898-5-11 1?2.662 = 5 89 81 84 66 44 45 59 48 42 47 86 20 46 34 94 67 68 49 36 11 
898-5-10 1?2.602 = 5 35 77 26 32 83 73 19 44 66 84 58 22 24 62 25 72 43 10 
898-5-12 1?2.513 = 5 89 81 84 66 44 45 59 48 42 47 86 20 46 34 70 71 28 30 33 12 
898-5-9 1?2.427 = 5 77 35 60 32 83 73 19 44 66 84 58 22 24 90 62 87 9 
898-5-13 1?2.5 = 5 89 81 84 66 44 45 59 48 42 47 86 94 34 70 71 57 97 39 31 13 
898-5-14 1?2.326 = 5 89 81 84 66 44 45 59 48 42 47 20 46 94 34 70 71 57 97 39 31 14 
898-7-8 1?2.398 = 7 92 90 24 22 58 63 96 88 75 82 55 72 25 87 8 
898-6-15 1?2.502 = 6 80 84 66 44 45 59 48 42 47 20 46 94 34 70 71 57 97 39 23 15 
898-7-9 1?2.194 = 7 92 90 62 24 22 58 63 96 88 75 55 72 25 9 
898-6-11 1?2.667 = 6 80 81 84 66 44 45 59 48 42 29 47 20 46 94 67 68 49 36 11 
898-7-10 1?2.683 = 7 92 90 24 62 87 25 72 95 55 93 56 99 68 49 36 79 10 
898-6-10 1?2.677 = 6 80 81 84 66 19 44 63 58 22 24 90 62 87 25 72 43 10 
898-7-11 1?2.678 = 7 92 90 62 24 22 88 75 82 55 72 95 93 56 99 68 49 11 
898-6-9 1?2.555 = 6 89 77 35 60 32 73 19 44 66 84 58 22 24 62 87 9 
898-6-12 1?2.58 = 6 80 81 84 66 44 45 59 48 42 47 86 20 46 34 70 71 28 30 33 12 
898-6-13 1?2.52 = 6 80 84 66 44 45 59 48 42 47 86 46 34 70 71 57 97 39 31 13 
898-6-14 1?2.378 = 6 80 81 84 66 44 45 59 48 42 47 86 20 46 34 70 71 57 97 39 31 14 
898-8-10 1?2.268 = 8 92 90 62 24 22 58 88 75 82 55 72 25 43 10 
898-7-15 1?2.523 = 7 16 22 88 75 82 51 29 47 20 46 94 34 70 71 57 97 39 23 15 
898-8-9 1?2.197 = 8 92 90 62 24 22 58 63 96 88 75 55 72 25 9 
898-8-11 1?2.455 = 8 90 62 24 22 58 88 75 55 72 95 93 56 99 36 49 11 
898-8-15 1?2.466 = 8 90 62 88 75 82 51 29 47 20 46 94 34 70 71 57 97 39 23 15 
898-8-12 1?2.465 = 8 90 24 22 88 75 82 51 86 20 46 94 34 70 71 28 30 33 12 
898-7-12 1?2.638 = 7 92 90 24 22 88 75 82 51 86 20 46 94 34 70 71 28 30 33 12 
898-8-14 1?2.263 = 8 90 24 22 88 75 82 51 86 20 46 94 34 70 71 57 97 39 31 14 
898-8-13 1?2.457 = 8 90 62 88 75 82 51 86 20 46 94 34 70 71 57 97 39 31 13 
898-7-14 1?2.415 = 7 16 22 88 75 82 51 29 47 86 20 46 94 34 70 71 57 97 39 31 14 
898-7-13 1?2.605 = 7 16 22 88 75 82 51 29 47 20 46 94 34 70 71 57 97 39 31 13 
898-9-11 1?2.305 = 9 87 90 24 62 25 72 55 93 99 56 68 49 36 11 
898-9-10 1?2.386 = 9 87 62 90 24 22 58 88 96 75 82 55 72 43 10 
898-10-11 1?2.357 = 10 43 25 87 90 24 62 55 93 56 99 68 49 36 11 
898-10-12 1?2.191 = 10 79 93 56 99 68 67 94 46 34 70 71 28 30 33 12 
898-9-12 1?2.167 = 9 25 72 95 93 56 99 68 67 94 34 70 28 30 33 12 
898-10-13 1?2.071 = 10 79 99 56 68 61 37 28 34 70 71 57 97 39 31 13 
898-10-15 1?2.306 = 10 79 36 49 68 61 37 28 34 94 46 20 70 71 57 78 97 39 23 15 
898-9-15 1?2.269 = 9 25 72 95 93 56 99 68 67 94 46 20 70 71 57 97 39 23 15 
898-10-14 1?2.034 = 10 79 99 56 68 37 28 34 94 46 20 70 71 57 97 39 31 14 
898-9-14 1?2.125 = 9 25 72 95 93 56 99 68 67 94 46 20 70 71 57 97 39 31 14 
898-9-13 1?2.318 = 9 25 72 95 93 56 99 68 37 67 94 34 70 71 57 97 39 31 13 
898-12-15 1?1.69 = 12 33 30 28 34 94 46 20 70 71 57 78 97 39 23 15 
898-13-15 1?1.674 = 13 31 39 97 57 71 70 34 94 46 20 38 41 85 15 
898-14-15 1?1.448 = 14 31 39 97 57 71 70 34 94 46 20 38 41 85 15 
898-11-12 1?1.972 = 11 36 49 68 67 94 34 46 20 70 71 28 37 61 30 33 12 
898-12-13 1?1.738 = 12 33 30 61 28 34 94 46 20 70 71 57 97 39 31 13 
898-11-13 1?1.835 = 11 36 49 68 61 37 67 94 34 70 71 57 97 39 31 13 
898-12-14 1?1.546 = 12 33 30 28 34 94 46 20 70 71 57 78 97 39 31 14 
898-11-15 1?2.113 = 11 36 49 68 37 28 34 94 46 20 70 71 57 97 39 78 41 85 15 
898-11-14 1?1.648 = 11 36 49 68 37 67 94 46 34 70 71 57 97 39 31 14 
898-13-14 1?1.521 = 13 30 61 37 28 34 94 46 20 70 71 57 97 39 31 14 
stop
