start
83-0-1 1?2.423 = 0 97 98 82 71 65 64 89 56 95 70 75 83 50 41 1 
83-0-2 1?2.183 = 0 97 98 82 79 81 50 18 23 99 45 19 38 88 2 
83-0-3 1?2.006 = 0 97 98 82 79 81 50 39 75 83 23 18 58 38 3 
83-0-4 1?2.33 = 0 97 98 82 71 65 64 89 56 95 70 75 39 83 23 99 45 4 
83-0-5 1?2.642 = 0 97 98 82 71 65 64 89 56 95 78 20 66 49 22 96 53 5 
83-0-6 1?2.666 = 0 97 98 82 71 65 64 89 56 95 70 39 83 75 49 66 22 96 6 
83-0-7 1?2.509 = 0 97 98 82 71 65 64 89 78 20 33 73 61 86 16 37 87 7 
83-0-8 1?2.398 = 0 97 98 94 29 52 26 21 55 34 54 72 28 51 61 86 16 59 24 8 
83-0-9 1?2.472 = 0 97 98 94 29 52 26 21 55 34 54 72 28 51 61 86 59 76 27 9 
83-0-10 1?2.369 = 0 97 98 94 29 52 26 21 55 34 57 54 72 28 51 93 31 40 10 
83-0-11 1?2.499 = 0 97 98 82 65 71 56 89 64 74 52 26 21 25 55 17 80 11 
83-0-12 1?2.393 = 0 97 98 82 71 65 89 64 74 52 26 21 55 25 43 77 48 12 
83-0-13 1?2.224 = 0 97 98 36 69 30 92 29 52 26 21 25 43 77 48 13 
83-0-14 1?2.343 = 0 97 98 94 29 52 26 21 55 25 35 92 69 30 14 
83-0-15 1?2.19 = 0 97 98 82 79 81 44 71 65 94 92 30 69 36 15 
83-1-2 1?2.367 = 1 79 44 71 65 64 89 56 95 70 75 83 18 58 88 2 
83-1-3 1?2.181 = 1 79 44 71 65 64 89 56 95 70 75 83 18 58 38 3 
83-1-4 1?2.419 = 1 79 44 71 65 64 89 56 95 70 75 39 83 18 58 19 45 4 
83-1-5 1?2.574 = 1 79 81 50 18 58 38 19 45 99 23 49 66 22 96 60 53 5 
83-1-6 1?2.683 = 1 79 81 50 18 58 88 38 19 45 99 23 53 60 49 66 22 96 6 
83-1-7 1?2.522 = 1 82 71 65 89 64 74 90 54 72 28 51 61 86 16 84 37 87 7 
83-1-8 1?2.458 = 1 79 81 44 95 56 89 64 74 90 54 72 28 51 61 86 16 59 24 8 
83-1-9 1?2.492 = 1 79 44 95 56 89 64 74 90 54 72 28 51 61 86 16 59 76 27 9 
83-1-10 1?2.469 = 1 79 81 44 95 56 89 64 74 90 34 54 72 28 51 93 31 40 10 
83-1-11 1?2.574 = 1 41 50 83 39 75 70 95 56 89 64 52 26 21 25 55 17 80 11 
83-1-12 1?2.466 = 1 41 50 83 39 75 70 95 56 89 64 74 52 26 21 25 43 77 12 
83-1-13 1?2.554 = 1 79 81 50 83 39 75 70 95 56 89 64 52 26 21 25 43 77 48 13 
83-1-14 1?2.612 = 1 82 65 71 56 89 64 74 52 26 21 55 25 35 68 63 14 
83-1-15 1?2.521 = 1 79 81 50 83 39 75 70 95 56 89 64 65 94 36 15 
83-2-3 1?2.217 = 2 41 81 44 71 65 89 56 95 70 75 83 18 58 38 3 
83-2-4 1?2.324 = 2 41 81 79 82 65 71 44 70 75 83 18 58 19 45 4 
83-2-5 1?2.194 = 2 88 38 58 18 19 45 99 23 49 66 22 96 60 53 5 
83-2-6 1?2.57 = 2 88 58 18 83 39 75 70 95 56 89 78 33 20 49 66 22 96 6 
83-2-7 1?2.511 = 2 88 58 18 83 39 75 70 20 78 33 73 61 86 59 16 84 37 87 7 
83-2-8 1?2.423 = 2 88 58 18 83 39 75 70 95 56 78 20 33 73 61 86 16 59 76 24 8 
83-2-9 1?2.438 = 2 88 58 18 83 39 75 70 95 56 89 64 74 90 54 72 28 51 93 27 9 
83-2-10 1?2.455 = 2 88 58 18 83 39 75 70 95 56 89 64 74 90 54 72 28 51 93 31 40 10 
83-2-11 1?2.516 = 2 88 58 18 83 75 70 95 56 89 64 74 52 26 21 25 55 17 80 11 
83-2-12 1?2.352 = 2 88 58 18 83 39 75 70 95 56 89 64 52 26 21 25 43 77 48 12 
83-2-13 1?2.382 = 2 88 58 18 83 39 75 70 95 56 89 64 52 26 21 25 43 77 48 13 
83-2-14 1?2.383 = 2 88 58 18 83 39 75 70 95 56 89 64 74 52 29 92 30 14 
83-2-15 1?2.349 = 2 88 58 18 83 39 75 70 95 56 89 64 65 94 36 15 
83-3-4 1?2.123 = 3 38 88 58 18 19 45 99 23 49 66 22 96 60 53 4 
83-3-5 1?1.934 = 3 38 88 58 18 19 45 99 23 49 66 22 96 60 53 5 
83-3-6 1?2.265 = 3 38 58 18 83 39 75 70 95 56 89 78 20 49 66 22 96 6 
83-3-7 1?2.274 = 3 38 58 18 83 39 75 70 20 78 33 73 86 16 84 37 87 46 7 
83-3-8 1?2.172 = 3 38 58 18 83 39 75 70 95 56 78 33 73 61 86 16 59 76 24 8 
83-3-9 1?2.215 = 3 38 58 18 83 75 70 95 56 89 64 74 90 54 72 28 93 31 27 9 
83-3-10 1?2.4 = 3 38 58 18 83 39 75 70 95 56 89 64 74 90 34 57 54 72 28 51 93 31 10 
83-3-11 1?2.483 = 3 38 88 58 18 83 39 75 70 95 56 89 64 74 90 47 72 28 54 34 17 80 11 
83-3-12 1?2.398 = 3 38 88 58 18 83 39 75 70 95 56 89 64 74 52 26 21 55 25 43 77 48 12 
83-3-13 1?2.254 = 3 38 58 18 83 39 75 70 95 56 89 64 74 52 26 21 25 43 77 48 13 
83-3-14 1?2.353 = 3 38 58 18 83 39 75 70 95 56 89 64 52 26 21 25 35 68 63 14 
83-3-15 1?2.347 = 3 38 88 58 18 83 39 75 70 95 56 89 64 29 92 30 69 36 15 
83-4-5 1?2.003 = 4 45 19 38 88 58 18 83 39 75 49 66 22 60 53 5 
83-4-6 1?2.07 = 4 45 19 38 88 58 18 23 99 53 60 49 66 22 96 6 
83-4-7 1?2.131 = 4 45 19 58 18 83 39 75 49 66 22 96 91 62 46 7 
83-4-8 1?2.216 = 4 45 19 58 18 83 39 75 70 20 33 73 86 16 59 76 24 8 
83-4-9 1?2.315 = 4 99 23 83 39 75 70 95 56 89 64 74 90 54 72 28 51 93 27 9 
83-4-10 1?2.389 = 4 45 19 58 18 83 39 75 70 95 56 89 64 74 90 54 72 28 93 31 10 
83-4-11 1?2.437 = 4 45 19 58 18 83 39 75 70 95 56 89 64 74 52 26 21 55 17 80 11 
83-4-12 1?2.444 = 4 45 19 58 18 83 39 75 70 95 56 89 64 74 52 26 21 25 43 77 48 12 
83-4-13 1?2.474 = 4 45 19 58 18 83 39 75 70 95 56 89 64 74 52 26 21 25 43 77 48 13 
83-4-14 1?2.573 = 4 45 19 58 18 83 39 75 70 95 56 89 64 52 26 21 25 35 68 63 14 
83-4-15 1?2.55 = 4 45 19 58 18 83 75 70 95 56 89 64 74 52 29 92 69 36 15 
83-5-6 1?2.186 = 5 53 60 49 66 85 84 73 61 86 16 59 37 87 46 62 6 
83-5-7 1?2.021 = 5 53 60 49 66 20 78 33 73 86 16 84 37 87 46 7 
83-5-8 1?1.936 = 5 53 60 49 66 20 33 73 61 86 16 59 76 24 67 8 
83-5-9 1?2.188 = 5 96 22 66 49 20 78 33 73 61 86 16 59 76 24 67 27 9 
83-5-10 1?2.445 = 5 53 60 49 66 85 84 16 86 61 51 28 72 54 90 34 57 93 31 40 10 
83-5-11 1?2.541 = 5 53 60 49 66 20 78 33 84 16 59 86 61 51 28 72 54 34 57 42 11 
83-5-12 1?2.484 = 5 53 60 49 66 85 84 16 86 61 51 28 72 54 57 34 55 21 25 43 12 
83-5-13 1?2.562 = 5 53 60 49 66 85 84 16 86 61 51 28 72 54 34 55 21 25 43 77 48 13 
83-5-14 1?2.657 = 5 53 60 49 66 20 78 47 28 72 54 34 55 21 26 52 29 92 30 14 
83-5-15 1?2.691 = 5 53 60 49 66 20 78 89 64 52 26 21 25 29 92 69 36 15 
83-6-7 1?2.288 = 6 62 46 85 20 78 33 73 61 86 16 59 76 24 87 7 
83-6-8 1?2.093 = 6 62 46 87 37 84 16 86 73 61 59 24 76 27 67 8 
83-6-9 1?2.102 = 6 62 46 87 37 84 16 86 61 51 28 72 54 34 57 93 31 27 9 
83-6-10 1?2.142 = 6 62 46 87 37 84 16 59 86 61 51 28 72 54 34 57 93 31 40 10 
83-6-11 1?2.228 = 6 62 46 87 37 59 16 86 61 51 28 72 54 90 34 57 17 80 11 
83-6-12 1?2.18 = 6 62 46 87 37 84 16 86 61 51 28 72 54 34 55 21 25 43 12 
83-6-13 1?2.289 = 6 62 46 87 37 16 86 61 51 28 72 54 34 55 21 25 43 77 48 13 
83-6-14 1?2.446 = 6 62 46 87 37 16 86 61 51 28 72 54 34 55 21 25 35 68 63 14 
83-6-15 1?2.574 = 6 62 46 87 37 84 16 86 61 51 28 72 54 90 52 29 92 69 36 15 
83-7-8 1?2.002 = 7 46 87 37 84 16 59 86 73 47 72 28 51 76 24 8 
83-7-9 1?1.695 = 7 62 46 87 37 84 16 59 86 73 61 76 24 67 27 9 
83-7-10 1?1.789 = 7 87 37 84 16 86 61 51 28 72 54 34 57 93 31 40 10 
83-7-11 1?2.007 = 7 62 46 87 37 84 16 59 86 61 73 51 28 72 54 34 57 42 11 
83-7-12 1?2.07 = 7 87 37 84 16 86 61 51 28 72 54 57 34 55 21 25 43 77 48 12 
83-7-13 1?2.162 = 7 87 37 84 16 86 61 51 28 72 54 34 57 17 55 21 25 43 77 48 13 
83-7-14 1?2.312 = 7 87 37 16 86 61 51 28 72 54 57 34 55 21 26 52 29 92 30 14 
83-7-15 1?2.405 = 7 87 37 16 86 61 51 28 72 54 34 55 21 26 52 29 92 69 36 15 
83-8-9 1?1.641 = 8 24 76 59 16 86 61 51 28 72 54 34 57 93 27 9 
83-8-10 1?1.628 = 8 24 59 16 86 61 51 28 72 54 34 57 93 31 40 10 
83-8-11 1?1.64 = 8 24 76 59 16 86 61 73 51 28 72 54 34 57 42 11 
83-8-12 1?1.833 = 8 24 76 59 16 86 61 51 28 72 54 57 34 55 21 25 43 12 
83-8-13 1?1.969 = 8 24 76 59 16 86 61 51 28 72 54 57 34 55 21 25 43 77 48 13 
83-8-14 1?2.15 = 8 24 76 59 16 86 61 51 28 72 54 34 55 21 26 52 29 92 30 14 
83-8-15 1?2.301 = 8 24 76 59 16 86 61 51 28 72 54 34 55 21 26 52 29 92 69 36 15 
83-9-10 1?1.674 = 9 27 67 24 76 59 16 84 86 61 73 51 93 31 40 10 
83-9-11 1?1.67 = 9 27 67 76 59 16 86 61 51 28 72 54 34 57 42 11 
83-9-12 1?1.842 = 9 27 76 59 16 86 61 51 28 72 54 34 55 21 25 43 12 
83-9-13 1?1.978 = 9 27 76 59 16 86 61 51 28 72 54 34 55 21 25 43 77 48 13 
83-9-14 1?2.188 = 9 27 67 76 59 16 86 61 51 28 72 54 34 55 21 25 35 68 14 
83-9-15 1?2.403 = 9 27 76 59 86 61 51 28 72 54 57 34 55 21 26 52 29 92 69 36 15 
83-10-11 1?1.908 = 10 40 31 93 28 72 54 34 57 17 55 21 25 43 80 11 
83-10-12 1?1.778 = 10 40 31 93 51 28 72 54 34 57 17 55 21 25 43 12 
83-10-13 1?1.839 = 10 40 31 93 28 72 54 34 57 17 55 21 25 43 77 48 13 
83-10-14 1?2.078 = 10 40 31 93 28 72 54 34 57 17 55 21 26 52 29 92 30 14 
83-10-15 1?2.235 = 10 40 31 93 28 72 54 57 34 55 21 26 52 29 92 30 69 36 15 
83-11-12 1?1.939 = 11 80 17 57 28 72 54 34 55 21 26 25 43 77 48 12 
83-11-13 1?1.987 = 11 42 57 28 72 54 90 34 17 55 21 25 43 77 48 13 
83-11-14 1?2.221 = 11 42 57 28 72 54 34 17 55 25 21 26 52 29 92 30 14 
83-11-15 1?2.348 = 11 42 57 34 54 72 47 90 55 21 26 52 29 92 30 69 36 15 
83-12-13 1?2.007 = 12 80 17 57 28 72 54 34 55 26 21 25 43 77 48 13 
83-12-14 1?1.976 = 12 48 77 43 25 55 21 26 52 29 92 30 69 36 32 14 
83-12-15 1?2.049 = 12 43 77 48 35 25 21 55 26 52 29 92 30 69 36 15 
83-13-14 1?2.006 = 13 48 77 43 25 55 21 26 52 29 92 30 69 36 32 14 
83-13-15 1?2.102 = 13 48 77 43 25 55 21 26 52 29 92 30 69 32 36 15 
83-14-15 1?2.264 = 14 63 68 35 25 21 55 26 52 29 92 30 69 32 36 15 
stop
