start
582-0-2 1?2.018 = 0 36 64 95 32 17 30 25 54 74 16 63 35 24 89 2 
582-0-3 1?2.108 = 0 95 32 17 30 25 54 16 74 56 44 72 45 49 50 35 24 3 
582-0-1 1?1.913 = 0 95 32 17 30 25 54 16 74 56 63 89 59 82 93 1 
582-0-4 1?2.025 = 0 95 32 17 30 25 54 16 74 56 44 55 72 45 49 78 97 4 
582-0-11 1?2.318 = 0 95 32 17 30 25 54 16 74 56 65 41 99 88 48 73 67 84 77 11 
582-0-10 1?2.35 = 0 95 32 17 30 25 54 74 56 41 99 88 48 73 67 69 94 79 70 10 
582-0-7 1?2.561 = 0 95 32 87 17 30 25 54 16 74 56 65 41 99 71 66 86 51 21 42 43 7 
582-0-5 1?2.273 = 0 95 32 17 30 25 54 16 74 56 41 99 71 66 55 44 72 45 57 81 5 
582-0-9 1?2.48 = 0 95 32 17 30 25 54 16 74 56 65 41 99 88 48 85 68 58 80 23 9 
582-0-8 1?2.538 = 0 95 32 17 30 25 54 16 74 56 65 62 99 71 86 51 21 42 43 8 
582-0-6 1?2.403 = 0 95 32 17 30 25 54 16 74 56 65 41 66 55 44 72 45 57 90 18 26 6 
582-1-4 1?1.878 = 1 82 93 17 30 25 54 16 74 56 44 72 49 78 97 4 
582-1-3 1?1.947 = 1 82 93 17 30 25 54 16 74 62 65 56 63 35 24 3 
582-1-2 1?2.007 = 1 93 82 59 17 30 25 54 16 74 56 63 35 24 89 2 
582-0-14 1?1.831 = 0 95 32 17 54 25 30 87 64 36 92 76 29 52 98 14 
582-0-15 1?1.89 = 0 95 32 17 30 25 54 16 74 62 40 20 87 92 15 
582-1-6 1?2.336 = 1 82 93 17 30 25 54 16 74 56 65 41 55 44 72 45 57 90 18 26 6 
582-0-13 1?2.24 = 0 95 32 17 30 25 54 16 74 56 41 65 62 40 39 47 31 13 
582-1-5 1?2.158 = 1 82 93 17 30 25 54 16 74 56 65 41 44 55 72 45 57 81 5 
582-0-12 1?2.257 = 0 95 32 17 30 25 54 16 74 56 65 62 40 39 47 96 38 34 12 
582-1-7 1?2.388 = 1 82 93 17 30 25 54 16 74 56 65 62 99 71 86 51 21 42 43 7 
582-1-8 1?2.565 = 1 82 93 17 30 25 54 16 74 56 65 62 99 71 86 51 21 42 43 8 
582-1-15 1?1.917 = 1 82 93 17 30 25 54 16 74 62 40 20 87 92 15 
582-2-3 1?1.854 = 2 89 59 82 93 17 30 25 54 16 74 56 63 35 24 3 
582-2-4 1?1.917 = 2 59 82 93 17 30 25 54 16 74 56 50 49 78 97 4 
582-1-13 1?2.267 = 1 82 93 17 30 25 54 16 74 56 41 65 62 40 39 47 31 13 
582-1-11 1?2.368 = 1 82 93 17 30 25 54 16 74 56 41 99 88 48 73 67 79 84 77 11 
582-1-12 1?2.284 = 1 82 93 17 30 25 54 16 74 56 65 62 40 39 47 96 38 34 12 
582-2-6 1?2.298 = 2 59 82 93 17 30 25 54 16 74 56 44 55 72 45 57 90 18 26 6 
582-1-10 1?2.377 = 1 82 93 17 30 25 54 74 56 41 99 88 48 73 67 69 94 79 70 10 
582-2-5 1?2.074 = 2 59 82 93 17 30 25 54 16 74 56 44 55 72 45 57 81 5 
582-1-14 1?1.84 = 1 82 93 17 25 30 87 64 36 92 76 29 52 27 75 14 
582-1-9 1?2.507 = 1 82 93 17 30 25 54 16 74 56 65 41 99 88 48 85 68 58 80 23 9 
582-3-4 1?2.135 = 3 24 35 63 16 54 74 56 65 41 55 44 72 49 78 97 4 
582-2-15 1?2.092 = 2 59 82 93 17 30 25 54 16 74 65 62 40 20 87 64 36 15 
582-2-13 1?2.367 = 2 59 82 93 17 30 25 54 16 74 56 41 65 62 40 39 47 31 13 
582-3-5 1?2.157 = 3 24 35 50 78 49 45 72 44 55 57 81 90 18 26 5 
582-2-11 1?2.445 = 2 59 82 93 17 30 25 54 16 74 56 65 41 99 88 48 73 67 84 77 11 
582-2-10 1?2.415 = 2 59 82 93 17 30 25 54 74 56 65 99 88 48 73 67 69 94 10 
582-2-12 1?2.384 = 2 59 82 93 17 30 25 54 16 74 56 65 62 40 39 47 96 38 34 12 
582-2-7 1?2.368 = 2 59 82 93 17 30 25 54 16 74 56 41 99 71 86 51 21 42 43 7 
582-2-8 1?2.473 = 2 59 82 93 17 30 25 54 16 74 56 65 41 99 71 86 51 21 42 8 
582-2-9 1?2.469 = 2 59 82 93 17 30 25 54 16 74 56 41 99 71 85 68 58 80 23 9 
582-2-14 1?2.155 = 2 59 82 93 17 30 25 54 16 74 56 65 62 40 83 29 52 98 14 
582-3-6 1?2.031 = 3 24 35 50 78 49 45 72 44 55 57 81 90 18 26 6 
582-3-15 1?2.251 = 3 24 35 63 16 54 25 30 17 87 32 95 64 36 92 76 29 15 
582-4-5 1?2.288 = 4 97 24 35 50 78 49 45 72 44 55 57 90 18 26 5 
582-3-13 1?2.52 = 3 24 35 63 16 54 25 30 17 32 95 64 36 92 76 29 52 98 27 75 13 
582-3-7 1?2.375 = 3 24 35 50 78 97 49 45 57 72 44 55 86 51 21 42 43 7 
582-3-11 1?2.522 = 3 24 35 78 49 72 44 55 66 71 99 88 48 73 67 69 94 79 84 77 11 
582-3-10 1?2.536 = 3 24 35 63 16 74 56 65 62 40 39 19 48 73 67 69 94 79 70 10 
582-3-12 1?2.607 = 3 24 35 50 49 72 44 55 66 71 99 88 48 73 67 22 46 33 96 38 34 12 
582-3-8 1?2.596 = 3 24 35 50 78 49 45 57 72 44 55 66 86 91 51 21 42 43 8 
582-3-9 1?2.634 = 3 24 35 50 78 49 72 44 55 66 71 99 88 19 48 85 68 58 80 23 9 
582-3-14 1?2.275 = 3 24 35 63 16 74 54 25 30 17 87 64 36 92 76 29 52 98 27 75 14 
582-4-6 1?2.114 = 4 97 78 49 45 57 72 44 55 86 51 21 42 37 53 6 
582-5-6 1?2.161 = 5 81 57 45 72 44 55 66 86 51 21 42 43 37 53 6 
582-4-7 1?2.339 = 4 97 78 49 45 72 44 55 86 61 28 60 51 21 42 43 7 
582-4-15 1?2.327 = 4 97 78 49 72 44 55 41 56 74 16 54 25 30 17 87 64 36 92 15 
582-4-13 1?2.562 = 4 97 78 49 45 72 44 55 66 71 99 88 48 73 67 22 46 33 96 38 13 
582-4-11 1?2.399 = 4 97 78 49 72 44 55 66 71 99 88 19 48 73 67 69 94 79 84 77 11 
582-4-10 1?2.404 = 4 97 78 49 45 72 44 55 66 71 99 88 48 73 67 69 94 79 70 10 
582-4-8 1?2.545 = 4 97 78 49 72 55 66 71 99 88 48 85 68 58 80 28 60 8 
582-4-9 1?2.435 = 4 97 78 49 45 72 44 55 66 71 99 88 48 85 68 58 80 23 9 
582-4-12 1?2.502 = 4 97 78 49 72 44 55 66 71 99 88 19 48 73 67 22 46 33 96 38 34 12 
582-4-14 1?2.449 = 4 97 78 49 72 44 56 74 16 54 25 30 87 64 36 92 76 29 52 98 14 
582-6-7 1?2.127 = 6 26 18 90 81 57 45 72 44 55 86 51 21 42 43 7 
582-5-7 1?2.157 = 5 81 97 78 49 45 57 72 55 86 51 21 42 43 7 
582-5-8 1?2.306 = 5 81 57 45 49 78 50 44 72 55 66 86 51 21 42 8 
582-6-8 1?2.283 = 6 26 18 90 57 45 72 44 55 66 86 51 21 42 60 8 
582-5-15 1?2.4 = 5 81 57 45 72 44 55 41 65 56 74 16 54 25 30 17 87 64 36 92 15 
582-5-13 1?2.608 = 5 81 57 45 72 44 55 66 71 99 88 48 73 67 22 46 33 96 38 31 13 
582-5-11 1?2.351 = 5 81 57 45 72 44 55 66 71 99 88 48 73 67 69 94 79 84 77 11 
582-5-10 1?2.299 = 5 81 57 45 72 55 66 71 99 88 48 73 67 69 94 79 70 10 
582-5-9 1?2.418 = 5 81 57 45 72 44 55 66 71 99 88 19 48 85 68 58 80 23 9 
582-5-12 1?2.515 = 5 81 57 45 72 44 55 66 71 99 88 19 48 73 67 22 46 33 96 38 34 12 
582-5-14 1?2.502 = 5 81 57 45 72 44 56 74 54 25 30 17 87 64 36 92 76 29 52 27 14 
582-7-10 1?1.889 = 7 43 42 21 51 60 28 80 58 68 69 94 79 70 10 
582-7-8 1?2.406 = 7 37 53 18 90 57 45 72 44 55 66 86 51 21 42 43 8 
582-6-9 1?2.359 = 6 26 18 90 57 45 72 44 55 86 61 28 80 58 68 23 9 
582-7-9 1?2.279 = 7 43 42 21 51 60 28 80 58 68 69 94 79 70 10 9 
582-6-11 1?2.388 = 6 26 18 91 51 21 60 28 80 58 68 73 67 69 94 79 84 77 11 
582-7-11 1?2.208 = 7 43 42 21 51 28 80 58 68 85 48 73 67 69 94 79 84 77 11 
582-6-10 1?2.327 = 6 26 18 53 37 42 21 51 61 28 80 58 68 69 94 79 70 10 
582-6-15 1?2.486 = 6 26 18 90 57 45 72 55 44 56 74 16 54 25 30 17 87 64 36 92 15 
582-6-13 1?2.663 = 6 26 18 91 51 21 60 28 80 58 68 94 69 67 73 22 46 33 96 38 13 
582-6-12 1?2.479 = 6 53 91 51 21 60 28 80 58 68 94 69 67 22 46 33 96 38 34 12 
582-6-14 1?2.562 = 6 26 90 57 45 72 44 56 74 54 25 30 17 87 92 76 29 52 98 14 
582-8-11 1?2.048 = 8 60 28 80 23 58 68 85 48 73 67 69 94 79 84 11 
582-8-10 1?2.056 = 8 60 28 80 23 58 68 85 48 73 67 69 94 79 70 10 
582-8-12 1?2.028 = 8 60 28 80 58 68 94 69 67 73 22 46 33 96 38 34 12 
582-8-9 1?2.375 = 8 60 28 61 85 48 73 67 69 79 94 68 58 80 23 9 
582-8-15 1?2.601 = 8 42 21 51 86 71 99 41 56 74 16 54 25 30 17 87 64 36 92 15 
582-8-13 1?2.589 = 8 42 21 51 60 28 80 58 68 94 69 67 73 22 46 33 96 38 31 13 
582-7-13 1?2.544 = 7 43 42 21 51 60 28 80 58 68 94 69 67 73 22 46 33 96 38 31 13 
582-7-15 1?2.573 = 7 43 42 21 51 86 71 99 65 56 74 16 54 25 30 17 87 64 36 92 15 
582-7-12 1?2.263 = 7 43 42 21 51 61 28 80 58 68 94 69 67 22 46 33 96 38 34 12 
582-8-14 1?2.641 = 8 60 28 80 58 68 85 48 73 67 22 46 33 96 38 31 75 27 52 98 14 
582-7-14 1?2.636 = 7 43 42 21 51 28 80 58 68 94 69 67 73 22 46 33 96 38 31 75 27 14 
582-10-11 1?2.089 = 10 70 79 69 94 23 80 58 68 85 48 73 67 22 84 77 11 
582-9-11 1?2.074 = 9 23 58 80 28 61 85 48 73 67 69 94 79 84 77 11 
582-9-10 1?2.116 = 9 23 68 58 80 28 61 85 48 73 67 69 94 79 70 10 
582-9-12 1?2.153 = 9 23 80 58 28 61 85 48 73 67 22 46 33 96 38 34 12 
582-10-12 1?1.966 = 10 70 79 94 69 68 85 48 73 67 22 46 33 96 38 34 12 
582-9-13 1?2.381 = 9 23 80 58 68 85 48 73 67 69 94 79 84 22 46 33 96 38 13 
582-10-13 1?2.2 = 10 70 79 69 94 23 80 58 68 85 48 73 67 22 46 33 96 38 13 
582-9-15 1?2.608 = 9 23 80 58 68 85 71 99 65 56 74 16 54 25 30 17 87 64 36 15 
582-10-15 1?2.383 = 10 70 79 94 69 67 73 22 46 33 96 38 31 75 27 52 29 76 92 15 
582-10-14 1?2.306 = 10 70 77 84 79 94 69 67 73 22 46 33 96 38 31 75 27 52 98 14 
582-9-14 1?2.615 = 9 23 80 28 58 68 94 69 67 73 22 46 33 96 38 31 75 27 52 98 14 
582-11-13 1?2.027 = 11 77 84 79 69 94 68 58 85 73 67 22 46 33 96 38 13 
582-14-15 1?2.089 = 14 27 52 29 76 20 30 25 54 17 32 95 64 36 92 15 
582-12-13 1?2.33 = 12 34 38 96 33 46 22 67 79 94 69 73 48 19 47 31 13 
582-12-15 1?2.199 = 12 34 38 96 33 46 22 67 73 48 19 39 83 29 76 92 15 
582-13-15 1?2.266 = 13 31 47 39 40 62 65 56 74 16 54 25 30 87 92 15 
582-11-12 1?1.947 = 11 77 84 79 69 94 23 80 58 68 73 22 46 33 96 38 34 12 
582-11-15 1?2.299 = 11 77 84 79 94 69 67 22 46 33 96 38 31 75 27 98 52 29 76 15 
582-13-14 1?2.235 = 13 38 96 33 46 22 67 73 48 19 39 83 76 29 52 98 14 
582-12-14 1?2.139 = 12 34 38 96 33 46 22 67 73 48 19 39 83 29 52 98 14 
582-11-14 1?1.868 = 11 77 84 79 94 69 67 73 22 46 33 96 38 31 75 27 14 
stop
