start
202-0-2 2021-?0-4 1?1.7041.815 =  = 0 043  4320  1818  8686  17 6049 69 62 50 68 77 99 24 52 4 
 55 73 27 76 85 65 50 62 69 47 2 
202-0-3 1?1.763 = 0 43 20 18 86 60 55 17 49 69 62 50 68 77 74 3 
202-0-1 1?1.879 = 0 43 18 86 17 60 55 73 27 76 85 65 50 62 69 1 
202-0-5 1?2.213 = 0 43 20 18 86 17 60 55 73 27 85 76 65 33 42 80 57 21 56 93 5 
202-0-6 1?2.268 = 0 43 20 18 86 60 55 73 27 85 76 65 33 42 80 57 21 56 32 83 6 
202-0-7 1?2.22 = 0 43 18 86 60 55 73 27 76 85 33 42 80 57 21 56 32 83 25 91 7 
202-0-11 1?2.473 = 0 43 20 18 86 17 55 60 94 28 30 41 31 66 82 23 84 51 63 11 
202-0-9 1?2.463 = 0 43 18 86 17 60 55 73 27 76 85 95 37 88 38 89 97 71 70 9 
202-0-10 1?2.578 = 0 43 20 18 86 17 55 60 94 28 30 41 31 66 82 23 40 53 45 36 10 
202-0-8 1?2.533 = 0 43 18 86 17 60 55 73 27 76 85 33 42 80 57 21 56 32 83 25 8 
202-0-13 1?1.931 = 0 43 20 18 94 28 30 41 31 66 26 82 23 84 58 13 
202-0-15 1?1.804 = 0 43 18 94 28 30 41 66 31 61 75 22 35 54 78 15 
202-0-14 1?1.807 = 0 43 18 94 28 30 41 66 31 61 75 22 35 54 78 14 
202-1-3 1?1.911 = 1 69 62 49 17 60 55 73 27 76 85 65 68 77 74 3 
202-1-2 1?1.732 = 1 86 60 55 73 27 76 85 65 77 68 50 62 69 47 2 
202-1-4 1?1.866 = 1 86 60 55 73 27 76 85 65 33 42 90 99 24 52 4 
202-1-8 1?2.508 = 1 47 69 62 50 68 77 65 76 85 33 42 80 57 21 56 32 83 25 8 
202-1-5 1?2.264 = 1 20 18 86 17 60 55 73 27 76 85 33 42 80 57 21 56 93 5 
202-1-6 1?2.334 = 1 20 43 18 86 17 60 55 73 27 76 85 65 33 42 80 57 21 56 6 
202-0-12 1?2.309 = 0 43 20 18 86 17 55 60 28 30 41 31 66 82 23 84 51 63 12 
202-1-7 1?2.401 = 1 69 62 49 17 60 55 73 27 76 85 33 42 80 57 21 56 32 83 25 91 7 
202-2-5 1?1.773 = 2 47 69 62 50 68 77 65 76 85 33 42 80 29 87 5 
202-1-13 1?2.335 = 1 69 62 49 17 55 60 94 28 30 41 31 66 26 82 23 84 58 13 
202-2-3 1?1.774 = 2 47 69 62 49 17 60 55 73 76 85 65 68 77 74 3 
202-1-12 1?2.534 = 1 20 43 18 86 17 55 60 94 28 41 31 66 82 23 84 51 63 12 
202-2-4 1?1.716 = 2 47 69 62 50 68 77 65 76 85 33 42 90 99 24 52 4 
202-1-9 1?2.61 = 1 47 69 62 50 68 77 65 85 76 73 27 95 37 88 38 89 97 71 70 9 
202-2-6 1?1.998 = 2 47 69 62 50 68 77 65 76 85 33 42 80 57 21 56 32 83 6 
202-1-15 1?1.966 = 1 86 17 55 60 94 28 30 41 66 31 61 75 22 35 54 15 
202-1-14 1?2.001 = 1 86 17 55 60 28 30 41 66 31 61 75 22 35 54 78 14 
202-1-11 1?2.583 = 1 20 18 86 17 55 60 94 28 30 41 31 66 82 23 84 51 63 11 
202-1-10 1?2.665 = 1 86 17 55 60 94 28 30 41 31 66 26 84 23 40 16 53 45 36 10 
202-3-5 1?1.948 = 3 68 77 65 76 85 33 42 80 57 21 56 93 29 87 5 
202-3-4 1?1.835 = 3 68 77 65 76 85 33 42 80 29 87 90 99 24 52 4 
202-2-13 1?2.342 = 2 47 69 62 49 17 55 60 86 94 28 30 41 31 66 26 82 23 84 58 13 
202-2-15 1?1.881 = 2 47 69 62 49 17 55 60 94 28 30 41 31 61 35 54 15 
202-2-12 1?2.45 = 2 47 69 62 50 68 77 65 85 76 73 55 60 28 41 31 66 82 23 51 12 
202-2-9 1?2.538 = 2 47 69 62 50 68 77 65 85 76 73 27 95 37 88 38 89 97 59 71 70 9 
202-2-8 1?2.452 = 2 47 69 62 50 68 77 65 76 85 33 42 80 29 57 21 56 32 83 25 8 
202-2-7 1?2.056 = 2 47 69 62 50 68 77 65 76 85 33 42 80 57 21 56 32 83 25 91 7 
202-2-14 1?1.946 = 2 47 69 62 49 17 55 60 94 28 30 41 66 31 61 78 14 
202-2-11 1?2.432 = 2 47 69 62 49 17 55 60 94 28 30 41 31 66 82 23 84 51 63 11 
202-2-10 1?2.537 = 2 47 69 62 49 17 55 60 28 30 41 31 66 82 23 40 16 53 45 36 10 
202-3-6 1?1.971 = 3 74 52 24 99 90 87 29 42 33 80 57 21 56 32 6 
202-4-5 1?2.032 = 4 52 24 99 90 87 29 80 42 33 64 88 57 21 56 93 5 
202-3-12 1?2.34 = 3 47 69 62 49 17 55 60 94 28 30 41 31 66 82 23 84 51 12 
202-3-13 1?2.411 = 3 68 77 65 85 76 27 73 55 60 94 28 30 41 31 66 82 23 84 58 13 
202-3-7 1?2.205 = 3 47 69 62 50 68 77 65 76 85 33 42 80 57 21 32 83 25 91 7 
202-3-8 1?2.49 = 3 47 69 62 50 68 77 65 76 85 33 42 80 57 21 56 32 83 25 8 
202-3-15 1?2.068 = 3 47 69 62 49 17 55 60 94 28 30 41 31 61 35 54 15 
202-3-9 1?2.656 = 3 74 52 24 87 29 93 56 21 57 80 42 33 64 88 38 89 97 71 70 9 
202-3-14 1?2.264 = 3 47 69 62 49 17 55 60 28 30 41 66 31 61 75 22 35 54 78 14 
202-3-11 1?2.619 = 3 47 69 62 49 17 55 60 94 28 30 41 31 66 82 23 84 51 63 11 
202-3-10 1?2.748 = 3 47 69 62 49 17 55 60 28 30 41 31 66 82 84 23 40 53 45 36 10 
202-4-7 1?1.701 = 4 52 24 87 90 33 42 80 57 21 56 32 83 25 91 7 
202-4-6 1?1.774 = 4 52 24 99 90 87 29 42 33 80 57 21 56 32 83 6 
202-5-6 1?2.067 = 5 24 52 99 90 87 29 42 33 80 57 21 56 32 83 6 
202-4-12 1?2.484 = 4 52 99 77 68 50 62 49 17 55 60 28 30 41 31 66 82 23 51 12 
202-4-13 1?2.417 = 4 52 24 99 77 68 50 62 69 49 17 55 60 28 30 41 31 66 26 58 13 
202-4-8 1?2.423 = 4 52 24 99 90 87 29 93 56 21 57 80 64 88 38 89 97 59 34 8 
202-4-9 1?2.459 = 4 52 24 99 90 29 93 56 21 57 80 42 33 64 88 38 89 97 71 70 9 
202-4-15 1?2.315 = 4 52 99 77 68 50 62 69 49 17 55 60 28 30 41 31 61 35 54 15 
202-4-14 1?2.422 = 4 52 99 77 68 50 62 69 49 17 55 60 28 30 41 31 61 35 54 78 14 
202-4-10 1?2.527 = 4 52 24 99 90 33 42 80 57 21 56 32 83 79 59 71 70 19 36 10 
202-4-11 1?2.664 = 4 52 24 87 29 93 56 21 57 80 42 33 64 88 38 92 96 45 53 39 11 
202-6-7 1?2.095 = 6 83 32 56 21 57 80 42 33 64 37 88 79 25 91 7 
202-5-7 1?1.938 = 5 87 24 52 99 90 33 42 80 57 21 32 83 25 91 7 
202-5-8 1?2.22 = 5 87 24 99 90 33 42 80 29 57 21 56 32 83 25 8 
202-6-8 1?2.193 = 6 83 32 56 21 57 80 42 33 64 88 38 89 59 34 8 
202-5-13 1?2.481 = 5 87 29 80 42 33 85 76 27 73 55 60 28 30 41 31 66 26 58 13 
202-5-9 1?2.486 = 5 87 29 80 42 33 65 85 76 27 95 37 88 38 89 97 71 70 9 
202-5-12 1?2.585 = 5 87 29 80 42 33 85 76 73 55 60 28 41 31 66 82 23 51 12 
202-5-15 1?2.415 = 5 93 56 21 57 80 42 33 65 85 76 27 73 17 55 60 94 22 35 54 15 
202-5-11 1?2.682 = 5 93 56 21 57 80 42 33 65 76 85 95 44 72 92 96 45 53 39 11 
202-5-14 1?2.466 = 5 93 56 21 57 80 42 33 85 76 27 73 17 55 60 94 22 35 54 78 14 
202-5-10 1?2.63 = 5 87 29 80 42 33 65 85 76 27 95 37 88 38 89 97 19 36 10 
202-7-9 1?1.939 = 7 91 25 83 32 56 21 57 64 88 38 89 97 71 70 9 
202-7-8 1?2.077 = 7 91 25 83 32 56 21 57 80 64 88 38 89 59 34 8 
202-6-9 1?2.183 = 6 83 32 56 21 57 80 42 33 64 88 38 89 97 71 70 9 
202-6-12 1?2.603 = 6 56 21 57 80 42 33 85 76 73 55 28 41 31 66 82 23 51 12 
202-6-13 1?2.494 = 6 56 21 57 80 42 33 85 76 27 73 55 60 28 30 41 31 26 58 13 
202-7-10 1?2.083 = 7 91 25 83 32 56 21 57 64 88 38 89 97 19 36 10 
202-7-11 1?2.42 = 7 91 25 83 32 21 57 80 42 33 64 88 38 92 96 53 39 11 
202-6-15 1?2.356 = 6 56 21 57 80 42 33 65 85 76 27 73 17 55 60 94 22 35 54 15 
202-6-11 1?2.555 = 6 83 32 56 21 57 80 42 33 64 37 88 38 92 96 45 53 39 11 
202-6-10 1?2.464 = 6 32 56 21 57 80 42 33 64 88 38 89 97 71 70 19 36 10 
202-6-14 1?2.463 = 6 56 21 57 80 42 33 65 85 76 27 73 17 55 60 94 22 35 54 78 14 
202-8-9 1?2.255 = 8 25 91 83 32 56 21 57 64 88 38 89 97 71 70 9 
202-7-12 1?2.544 = 7 91 25 83 32 56 21 57 64 88 37 44 98 67 81 82 23 84 51 12 
202-8-12 1?2.806 = 8 34 59 89 38 44 98 67 30 41 66 31 61 26 84 82 23 51 12 
202-7-13 1?2.572 = 7 91 25 83 32 21 57 64 37 44 98 67 30 41 31 66 82 23 84 58 13 
202-8-10 1?2.399 = 8 25 91 83 32 56 21 57 64 88 38 89 97 19 36 10 
202-8-11 1?2.651 = 8 25 91 83 32 56 21 57 80 64 88 38 92 96 45 53 39 11 
202-8-13 1?2.85 = 8 34 59 97 92 72 98 67 30 41 66 31 61 75 22 35 54 78 46 58 13 
202-7-15 1?2.388 = 7 91 25 83 32 21 57 80 42 33 85 76 73 55 60 94 22 35 54 15 
202-8-14 1?2.63 = 8 34 59 97 92 96 16 40 23 82 66 31 41 30 28 75 22 35 54 78 14 
202-8-15 1?2.67 = 8 34 59 89 97 92 96 16 40 23 84 26 66 31 41 61 75 22 35 54 15 
202-7-14 1?2.462 = 7 91 83 32 21 57 80 42 33 85 76 73 55 60 94 22 35 54 78 14 
202-10-13 1?2.252 = 10 36 19 70 71 97 89 92 96 16 40 23 82 84 58 13 
202-9-12 1?2.339 = 9 70 71 97 89 92 96 45 53 16 40 23 84 51 63 12 
202-10-12 1?2.364 = 10 36 19 70 71 59 89 97 92 96 16 40 23 84 51 12 
202-10-11 1?2.483 = 10 36 19 45 53 96 92 72 16 81 82 23 84 51 63 11 
202-9-11 1?2.375 = 9 70 71 59 89 97 92 96 16 40 23 82 84 51 63 11 
202-9-13 1?2.549 = 9 70 71 97 92 96 16 40 23 84 82 66 31 41 61 46 58 13 
202-9-10 1?2.4 = 9 70 71 59 97 89 38 44 72 92 96 53 45 19 36 10 
202-10-14 1?2.285 = 10 36 45 53 16 40 23 82 66 31 41 30 28 75 22 35 54 78 14 
202-9-15 1?2.443 = 9 70 71 97 92 96 16 40 23 82 66 31 41 30 28 75 22 35 54 15 
202-10-15 1?2.387 = 10 36 45 53 96 16 40 23 84 82 66 31 41 30 28 75 22 35 54 15 
202-9-14 1?2.438 = 9 70 71 19 45 53 40 23 82 66 31 41 30 28 75 22 35 54 78 14 
202-11-13 1?2.26 = 11 63 51 84 23 82 66 31 41 28 75 61 46 58 13 
202-12-13 1?2.07 = 12 51 84 23 82 66 31 41 75 22 35 54 78 46 58 13 
202-11-12 1?2.455 = 11 39 40 23 82 66 31 41 30 28 75 61 26 84 51 12 
202-14-15 1?1.889 = 14 46 26 84 23 82 66 31 41 30 28 75 22 35 54 15 
202-13-15 1?1.754 = 13 58 84 23 82 66 31 41 30 28 75 22 35 54 78 15 
202-12-15 1?1.826 = 12 51 84 23 82 66 31 41 30 28 75 22 35 54 78 15 
202-13-14 1?1.757 = 13 58 84 23 82 66 31 41 30 28 75 22 35 54 78 14 
202-12-14 1?1.829 = 12 51 84 23 82 66 31 41 30 28 75 22 35 54 78 14 
202-11-14 1?2.269 = 11 63 51 84 23 82 66 30 28 41 31 61 75 22 35 54 78 14 
202-11-15 1?2.333 = 11 39 45 53 16 40 23 84 82 66 31 41 30 28 75 22 35 54 15 
stop
