start
127-0-2 1?2.12 = 0 36 20 68 43 51 57 47 62 31 35 63 49 84 79 78 2 
127-0-3 1?2.126 = 0 36 20 68 43 51 57 47 62 31 35 63 53 91 70 75 3 
127-0-1 1?2.098 = 0 36 20 68 43 51 57 47 62 31 39 63 35 49 84 79 1 
127-0-7 1?2.572 = 0 36 64 49 35 63 39 67 52 96 44 61 27 38 29 37 85 88 7 
127-0-8 1?2.735 = 0 36 20 68 43 51 57 47 83 55 23 69 82 74 97 24 72 45 16 8 
127-0-4 1?2.372 = 0 36 20 68 64 49 35 63 39 67 52 96 44 61 27 38 90 4 
127-0-9 1?2.527 = 0 36 20 43 51 57 47 83 55 23 69 82 74 97 24 72 45 16 59 9 
127-0-5 1?2.301 = 0 36 20 68 64 49 35 63 39 67 52 56 96 44 61 27 38 90 46 5 
127-0-11 1?2.43 = 0 36 20 68 43 51 57 47 77 83 55 23 82 69 71 86 28 99 11 
127-0-6 1?2.486 = 0 36 20 68 64 49 35 63 39 67 52 96 44 61 27 38 29 37 85 6 
127-0-10 1?2.609 = 0 36 20 68 43 51 57 77 83 55 23 82 74 97 24 72 45 16 98 58 10 
127-1-5 1?1.845 = 1 84 49 63 39 67 52 96 44 61 27 38 90 46 5 
127-1-2 1?2.162 = 1 79 84 49 63 39 67 52 96 92 40 91 53 78 2 
127-1-3 1?2.105 = 1 79 84 49 35 63 39 67 52 56 92 40 91 53 70 3 
127-1-4 1?2.014 = 1 79 84 49 63 39 67 52 96 44 61 92 40 81 4 
127-0-14 1?2.079 = 0 36 20 68 64 49 63 39 31 62 47 57 51 76 17 14 
127-0-15 1?2.066 = 0 36 20 68 64 49 35 63 39 31 62 47 57 51 43 22 15 
127-0-12 1?2.313 = 0 36 20 68 43 51 57 77 83 55 23 69 71 66 30 80 87 32 12 
127-1-7 1?2.51 = 1 79 84 49 35 63 39 67 52 96 44 61 27 38 29 37 85 88 7 
127-1-8 1?2.769 = 1 79 84 49 63 39 67 52 96 44 61 27 38 29 37 85 19 89 8 
127-0-13 1?2.262 = 0 36 20 43 51 57 77 83 55 23 82 69 71 80 30 13 
127-1-6 1?2.383 = 1 79 84 49 63 39 52 67 21 48 95 60 54 50 26 29 37 85 6 
127-1-14 1?2.189 = 1 79 84 49 35 63 39 31 62 47 57 51 18 33 76 17 14 
127-2-5 1?1.759 = 2 78 75 70 53 91 40 92 96 44 61 27 38 90 46 5 
127-2-4 1?2.109 = 2 78 53 70 91 40 92 96 44 61 27 38 46 90 81 4 
127-2-3 1?2.322 = 2 78 75 70 91 53 92 40 61 44 27 38 46 90 81 3 
127-1-12 1?2.427 = 1 79 84 49 63 39 52 67 34 41 74 82 23 69 71 87 32 12 
127-1-11 1?2.442 = 1 79 84 49 63 39 52 67 34 41 74 82 69 71 86 28 99 11 
127-1-13 1?2.604 = 1 79 84 49 63 39 52 67 34 41 74 82 69 71 66 80 30 13 
127-1-10 1?2.635 = 1 79 84 49 35 63 39 52 67 34 41 74 82 69 71 86 99 28 94 10 
127-1-9 1?2.595 = 1 79 84 49 35 63 39 52 67 34 41 74 82 97 24 72 45 16 59 9 
127-2-6 1?2.292 = 2 78 53 91 40 92 96 44 61 27 38 90 46 93 37 29 85 88 6 
127-1-15 1?2.12 = 1 79 84 49 63 39 52 67 31 62 47 57 51 43 22 15 
127-3-5 1?1.783 = 3 75 70 53 91 40 92 56 96 44 61 27 38 90 46 5 
127-3-4 1?2.037 = 3 70 53 91 40 92 96 44 61 27 38 93 46 90 81 4 
127-2-14 1?2.535 = 2 78 75 70 91 53 56 52 67 39 63 35 31 47 57 51 76 17 14 
127-2-11 1?2.59 = 2 78 79 84 49 63 39 52 67 34 41 74 82 69 71 86 28 99 11 
127-2-13 1?2.711 = 2 78 79 84 49 35 63 39 52 67 34 41 74 82 69 71 80 30 13 
127-2-12 1?2.575 = 2 78 79 84 49 63 39 52 67 34 41 74 82 23 69 71 87 32 12 
127-2-7 1?2.38 = 2 78 53 91 40 92 96 44 61 27 38 90 46 93 37 29 85 88 7 
127-2-9 1?2.66 = 2 78 79 84 49 63 39 52 67 34 41 74 82 97 24 72 45 16 59 9 
127-2-8 1?2.593 = 2 78 75 70 91 53 92 40 61 27 38 29 26 50 95 60 25 89 8 
127-2-10 1?2.758 = 2 78 75 70 91 53 56 52 67 34 41 74 82 23 69 71 86 99 28 94 10 
127-2-15 1?2.137 = 2 78 79 84 49 63 39 31 62 47 57 51 76 17 22 15 
127-4-5 1?1.82 = 4 81 40 92 96 44 61 27 38 29 85 37 93 46 5 
127-3-14 1?2.543 = 3 70 53 91 40 92 56 52 67 39 63 35 31 62 47 57 51 76 17 14 
127-3-6 1?1.968 = 3 70 53 91 40 92 44 61 27 38 90 46 93 37 29 85 6 
127-3-12 1?2.631 = 3 70 91 53 92 40 61 44 96 52 67 34 41 74 82 69 71 87 32 12 
127-3-7 1?2.266 = 3 70 53 91 40 92 96 44 61 27 38 90 46 93 37 29 85 88 7 
127-3-9 1?2.584 = 3 70 91 53 92 40 61 27 38 26 50 54 95 24 72 45 16 59 9 
127-3-8 1?2.464 = 3 70 91 40 92 96 44 61 27 38 29 26 50 54 95 60 25 89 8 
127-3-13 1?2.734 = 3 70 91 53 92 40 61 44 96 52 67 39 31 62 47 57 51 18 33 13 
127-3-10 1?2.655 = 3 70 91 40 92 56 52 67 34 41 74 82 23 69 71 86 28 99 94 10 
127-3-11 1?2.735 = 3 70 91 53 92 40 61 44 96 52 67 34 41 74 82 69 71 86 28 99 11 
127-3-15 1?2.367 = 3 70 91 40 92 96 52 67 39 63 35 31 62 47 57 51 43 22 15 
127-4-6 1?1.819 = 4 81 40 92 96 44 61 27 38 90 46 93 29 85 6 
127-5-6 1?1.729 = 5 46 90 38 27 61 44 50 26 29 37 85 19 88 6 
127-4-7 1?1.943 = 4 81 40 92 44 61 27 38 90 46 93 29 85 88 7 
127-4-12 1?2.482 = 4 81 61 44 96 52 67 34 41 74 82 69 71 66 30 80 87 32 12 
127-4-9 1?2.454 = 4 81 27 38 90 46 93 37 29 26 50 54 60 95 24 45 16 59 9 
127-4-8 1?2.393 = 4 81 61 27 38 90 46 93 37 85 29 26 50 54 95 60 25 89 8 
127-4-10 1?2.547 = 4 81 40 92 56 52 67 34 41 74 82 23 69 71 86 28 99 94 10 
127-4-11 1?2.628 = 4 81 40 92 61 44 96 52 67 34 41 74 82 23 69 71 86 28 99 11 
127-4-13 1?2.789 = 4 81 40 92 61 44 96 52 67 34 41 74 82 69 71 32 87 80 30 13 
127-4-14 1?2.645 = 4 81 40 92 61 44 96 52 67 39 63 35 31 62 47 77 18 33 76 17 14 
127-4-15 1?2.563 = 4 81 40 92 61 44 96 56 52 67 39 63 35 31 62 47 57 51 43 22 15 
127-6-7 1?1.959 = 6 85 37 93 46 90 38 27 26 50 54 95 60 25 89 7 
127-5-7 1?1.796 = 5 46 90 27 38 29 37 85 88 19 54 95 60 25 89 7 
127-6-8 1?2.065 = 6 85 37 93 46 90 38 27 26 50 54 95 60 25 89 8 
127-5-8 1?2.155 = 5 46 90 38 27 50 26 29 37 85 88 19 54 95 60 25 89 8 
127-5-9 1?2.378 = 5 46 90 38 27 61 44 96 52 67 34 41 97 24 72 45 16 59 9 
127-5-11 1?2.432 = 5 46 90 38 27 61 44 96 52 67 34 41 74 82 69 71 86 28 99 11 
127-5-10 1?2.388 = 5 46 90 38 27 61 44 96 52 67 34 41 74 82 73 28 99 94 10 
127-5-12 1?2.509 = 5 46 90 38 27 61 44 96 52 67 34 41 74 82 23 69 71 80 87 32 12 
127-5-13 1?2.594 = 5 46 90 38 27 61 44 96 52 67 39 63 35 31 62 47 57 51 18 33 13 
127-5-14 1?2.428 = 5 46 90 38 27 61 44 96 52 67 39 63 35 31 62 47 57 51 76 17 14 
127-5-15 1?2.332 = 5 46 90 38 27 61 44 96 52 67 39 63 35 31 62 47 57 51 43 22 15 
127-6-9 1?1.9 = 6 85 29 26 50 54 60 95 48 24 72 45 16 59 9 
127-7-9 1?2.075 = 7 88 85 37 29 26 54 60 95 48 24 72 45 16 59 9 
127-7-10 1?2.123 = 7 88 85 37 29 26 50 48 24 72 45 16 98 58 10 
127-7-8 1?2.224 = 7 88 85 37 29 38 27 26 50 54 95 60 25 89 65 8 
127-7-11 1?2.446 = 7 88 85 37 29 26 54 60 95 24 72 45 98 58 94 28 99 11 
127-6-10 1?2.41 = 6 88 19 85 37 29 26 50 54 60 95 48 24 72 45 16 98 58 10 
127-6-11 1?2.444 = 6 85 37 29 26 50 54 95 60 72 24 45 16 98 58 94 28 99 11 
127-6-12 1?2.437 = 6 85 37 29 26 50 95 60 72 24 97 74 82 69 71 80 87 32 12 
127-6-14 1?2.508 = 6 85 29 26 50 21 67 52 39 63 35 31 62 47 57 51 76 17 14 
127-6-13 1?2.74 = 6 85 37 29 38 27 61 44 96 52 67 39 31 62 47 57 51 18 33 13 
127-6-15 1?2.601 = 6 88 85 37 29 38 27 61 44 96 52 67 39 31 62 47 57 51 43 22 15 
127-8-9 1?2.287 = 8 89 19 85 37 29 26 50 48 24 72 45 16 59 9 
127-8-10 1?2.164 = 8 16 45 72 24 97 74 82 69 71 86 28 99 94 10 
127-8-11 1?2.323 = 8 16 45 72 24 97 74 82 69 71 87 32 86 28 99 11 
127-8-12 1?2.275 = 8 16 45 72 24 97 74 82 23 69 71 66 30 80 87 32 12 
127-7-12 1?2.491 = 7 89 25 60 95 48 24 97 74 82 23 69 71 66 30 80 87 32 12 
127-7-14 1?2.67 = 7 88 85 29 26 50 21 67 52 39 63 35 31 62 47 57 51 76 14 
127-8-13 1?2.763 = 8 16 45 24 97 74 82 23 69 73 28 99 86 32 87 80 30 13 
127-8-14 1?2.693 = 8 16 45 72 24 97 74 82 69 23 55 83 77 47 57 51 76 17 14 
127-7-13 1?2.797 = 7 88 85 29 26 50 54 60 95 72 24 97 74 82 23 69 71 80 30 13 
127-7-15 1?2.657 = 7 88 85 37 29 26 50 21 67 52 39 63 35 31 62 47 57 51 43 22 15 
127-8-15 1?2.88 = 8 89 25 60 95 54 26 50 21 67 52 39 63 35 31 62 47 57 51 43 22 15 
127-10-11 1?2.008 = 10 58 98 16 45 72 24 97 74 82 69 73 28 99 11 
127-9-10 1?1.955 = 9 59 16 45 72 24 97 74 82 69 73 28 99 94 10 
127-10-12 1?2.026 = 10 58 98 16 45 72 24 97 74 82 69 71 80 87 12 
127-10-13 1?2.207 = 10 58 98 16 45 72 24 97 74 82 23 69 71 80 30 13 
127-9-12 1?2.061 = 9 59 16 45 24 97 74 82 23 69 71 66 30 80 87 12 
127-9-11 1?1.991 = 9 59 16 45 72 24 97 74 82 23 69 71 86 28 99 11 
127-9-14 1?2.294 = 9 59 16 45 72 24 97 74 82 69 23 55 83 77 18 76 17 14 
127-10-14 1?2.367 = 10 94 28 99 86 71 69 82 74 23 55 83 77 57 51 76 17 14 
127-9-13 1?2.457 = 9 59 16 45 72 24 97 74 82 23 69 66 71 32 87 80 30 13 
127-9-15 1?2.325 = 9 59 16 45 72 24 97 74 82 69 23 55 83 77 57 51 43 22 15 
127-10-15 1?2.406 = 10 94 28 99 86 71 69 82 74 23 55 83 77 47 57 51 43 22 15 
127-11-12 1?2.109 = 11 99 28 73 45 72 24 97 82 69 71 80 87 32 12 
127-12-13 1?2.249 = 12 87 80 30 66 71 69 82 74 23 55 83 77 18 33 13 
127-11-13 1?2.306 = 11 99 28 86 32 87 80 71 69 23 55 83 77 18 33 13 
127-11-14 1?2.097 = 11 99 28 86 71 69 23 55 83 47 57 51 76 17 14 
127-12-14 1?2.096 = 12 32 87 80 30 66 69 23 55 83 77 57 51 76 17 14 
127-13-14 1?2.293 = 13 30 80 87 32 71 69 23 55 83 77 57 51 76 17 14 
127-13-15 1?2.199 = 13 30 80 71 69 82 74 23 55 83 77 57 51 43 22 15 
127-14-15 1?2.115 = 14 17 76 51 57 47 62 31 35 63 49 64 68 43 22 15 
127-12-15 1?2.052 = 12 87 80 30 66 71 69 23 55 83 77 57 51 43 22 15 
127-11-15 1?2.388 = 11 99 28 86 32 87 80 30 66 69 23 55 83 77 57 51 43 22 15 
stop
