start
323-0-5 1?2.366 = 0 75 19 96 44 84 89 63 33 59 29 35 31 27 16 28 98 78 5 
323-0-1 1?1.863 = 0 75 19 96 44 84 89 59 29 60 33 67 97 42 25 1 
323-0-6 1?2.512 = 0 75 19 96 44 84 99 53 90 87 20 45 54 38 73 79 21 34 91 6 
323-0-3 1?2.015 = 0 75 19 96 44 84 99 89 63 97 67 33 59 29 60 35 3 
323-0-9 1?2.532 = 0 75 19 96 44 84 99 53 90 87 20 54 38 52 47 61 85 41 77 9 
323-0-10 1?2.714 = 0 75 96 19 69 86 18 93 65 71 74 66 48 36 55 17 68 83 95 57 94 10 
323-0-2 1?1.944 = 0 75 19 96 44 84 89 63 33 59 29 60 67 97 42 2 
323-0-11 1?2.655 = 0 75 19 96 44 84 99 53 90 87 20 80 24 26 23 55 36 17 68 83 11 
323-0-4 1?2.288 = 0 75 19 96 44 84 89 63 25 42 97 67 33 59 29 60 35 31 4 
323-0-7 1?2.591 = 0 75 19 96 44 84 99 53 24 80 90 87 20 45 54 38 73 79 58 82 7 
323-0-8 1?2.536 = 0 75 19 96 44 84 99 53 90 87 20 45 38 73 79 47 61 37 85 41 8 
323-1-2 1?2.334 = 1 0 75 19 96 44 84 89 63 33 59 29 60 67 97 42 2 
323-1-3 1?2.216 = 1 25 42 97 67 33 59 29 60 35 88 40 64 28 31 3 
323-0-14 1?2.05 = 0 75 96 19 69 86 18 93 65 71 74 66 48 92 49 39 14 
323-0-15 1?2.072 = 0 75 19 96 44 84 99 74 48 92 65 71 93 18 86 69 15 
323-1-5 1?2.256 = 1 25 42 97 67 33 59 29 60 35 88 22 81 43 40 64 28 98 78 5 
323-1-4 1?1.84 = 1 25 42 97 67 33 59 29 60 35 40 64 28 16 27 4 
323-1-7 1?2.427 = 1 25 42 97 67 33 59 60 29 88 22 87 20 45 38 73 79 58 82 7 
323-1-6 1?2.454 = 1 25 42 97 33 59 29 60 35 88 22 81 45 38 73 79 21 34 91 6 
323-0-13 1?2.489 = 0 75 96 19 69 86 18 93 71 65 48 36 55 17 68 76 32 50 13 
323-0-12 1?2.465 = 0 75 96 19 69 86 18 93 71 65 49 92 48 36 55 17 68 32 76 12 
323-1-8 1?2.432 = 1 25 42 97 33 59 29 60 35 88 22 87 20 45 38 52 47 61 37 85 41 8 
323-2-5 1?1.819 = 2 42 97 67 33 59 29 60 35 31 27 16 28 98 78 5 
323-2-6 1?2.116 = 2 67 97 33 59 29 60 35 31 27 16 28 98 78 70 6 
323-1-14 1?2.165 = 1 25 42 97 67 33 59 63 89 84 99 74 93 71 65 49 39 14 
323-1-15 1?1.981 = 1 25 42 97 67 33 60 29 59 89 84 99 18 86 69 15 
323-1-13 1?2.221 = 1 25 42 97 67 33 63 89 44 84 99 74 93 71 65 92 50 13 
323-2-3 1?2.324 = 2 67 97 33 59 29 60 35 88 40 64 78 98 16 31 3 
323-2-4 1?1.915 = 2 42 97 67 33 59 29 60 35 88 40 64 28 16 27 4 
323-1-12 1?2.425 = 1 25 42 97 33 59 29 88 22 87 90 80 24 26 23 55 17 32 76 12 
323-1-9 1?2.516 = 1 25 42 97 33 59 29 60 35 88 81 45 38 52 47 61 37 85 41 77 9 
323-1-11 1?2.59 = 1 25 42 97 33 59 29 60 35 88 22 90 80 24 26 23 55 17 68 83 11 
323-1-10 1?2.605 = 1 25 42 97 33 59 60 29 88 22 81 20 87 90 80 24 26 62 56 57 94 10 
323-3-5 1?2.209 = 3 2 42 97 67 33 59 29 60 35 31 27 16 28 98 78 5 
323-2-14 1?2.327 = 2 67 60 29 59 33 97 42 25 63 89 84 99 74 93 65 49 39 14 
323-2-15 1?2.131 = 2 67 60 29 59 33 97 42 25 63 89 84 99 18 86 69 15 
323-3-4 1?2.147 = 3 67 42 97 33 59 29 60 35 88 40 64 28 16 27 4 
323-2-7 1?2.358 = 2 67 33 59 29 60 35 88 22 90 87 20 54 38 73 79 58 82 7 
323-2-9 1?2.506 = 2 67 33 59 29 60 35 88 22 87 20 45 38 52 47 61 37 85 41 77 9 
323-2-13 1?2.542 = 2 67 60 29 59 33 97 42 25 63 89 44 84 99 74 93 71 65 92 50 13 
323-2-10 1?2.622 = 2 67 97 33 59 29 60 35 88 22 81 20 87 90 80 24 26 62 56 57 94 10 
323-2-11 1?2.682 = 2 67 33 59 29 60 35 88 22 81 20 87 90 80 24 26 23 55 17 68 83 11 
323-2-12 1?2.562 = 2 67 33 59 29 60 35 88 22 81 20 87 90 80 24 26 23 55 17 32 76 12 
323-2-8 1?2.427 = 2 67 33 59 29 60 35 88 22 87 20 45 54 38 52 47 61 37 85 77 41 8 
323-4-5 1?2.164 = 4 27 16 28 64 40 43 81 45 38 73 21 34 70 78 5 
323-3-6 1?2.303 = 3 67 97 33 59 29 60 35 31 27 16 28 98 78 70 6 
323-3-15 1?2.217 = 3 35 60 29 59 33 67 97 42 25 63 89 99 84 44 96 19 15 
323-3-14 1?2.357 = 3 35 60 29 59 33 97 42 25 63 89 84 99 74 93 71 65 49 39 14 
323-3-7 1?2.376 = 3 35 60 29 59 88 22 90 87 20 45 54 38 73 79 58 82 7 
323-3-9 1?2.445 = 3 31 27 16 28 98 78 70 34 21 73 79 47 61 37 85 41 77 9 
323-3-11 1?2.631 = 3 35 60 29 59 88 22 81 20 87 90 80 24 26 23 55 17 68 83 11 
323-3-13 1?2.509 = 3 60 29 59 33 67 97 42 25 63 89 84 99 74 93 71 65 92 50 13 
323-3-12 1?2.511 = 3 35 60 29 59 88 22 81 20 87 90 80 24 26 23 55 17 32 76 12 
323-3-10 1?2.616 = 3 31 27 16 28 64 40 43 81 20 87 90 80 24 26 62 56 57 94 10 
323-3-8 1?2.364 = 3 31 27 16 28 98 78 70 34 21 79 73 52 47 61 37 85 77 41 8 
323-4-7 1?1.891 = 4 27 16 98 78 70 34 21 73 79 47 61 58 82 7 
323-5-6 1?2.124 = 5 98 78 70 34 21 79 73 52 47 61 37 58 82 51 6 
323-4-6 1?2.051 = 4 27 16 28 98 78 64 40 43 34 21 73 79 91 51 6 
323-4-14 1?2.423 = 4 27 16 28 64 40 43 81 20 87 90 80 24 53 66 48 71 65 49 39 14 
323-4-9 1?2.397 = 4 27 16 28 98 78 64 40 43 34 21 79 73 52 47 61 85 41 77 9 
323-4-15 1?2.397 = 4 27 16 28 64 40 81 20 87 90 53 66 48 65 71 93 18 86 69 15 
323-4-13 1?2.524 = 4 27 16 28 64 40 43 81 20 87 90 80 24 53 66 48 71 65 92 50 13 
323-4-10 1?2.445 = 4 27 16 28 98 78 70 34 21 79 47 61 37 85 41 77 72 94 57 10 
323-4-11 1?2.485 = 4 27 16 28 64 40 43 81 20 87 90 80 24 26 23 55 36 17 68 83 11 
323-4-8 1?2.218 = 4 27 16 28 98 78 64 40 43 21 73 79 47 61 85 77 41 37 8 
323-4-12 1?2.478 = 4 27 16 28 64 40 43 81 20 87 90 80 24 26 23 55 36 17 68 32 76 12 
323-5-7 1?1.927 = 5 78 98 16 28 64 40 43 73 79 47 61 58 82 7 
323-6-7 1?2.093 = 6 51 91 70 34 21 79 73 52 46 47 61 37 58 82 7 
323-5-9 1?2.108 = 5 78 98 16 28 64 40 43 21 73 79 47 61 37 85 41 77 9 
323-6-8 1?1.938 = 6 51 91 34 21 79 73 38 54 46 47 61 85 41 8 
323-5-10 1?2.328 = 5 98 78 70 34 21 79 73 52 47 61 37 85 41 77 72 94 57 10 
323-5-8 1?1.715 = 5 98 78 70 34 21 79 73 52 47 61 37 85 77 41 8 
323-5-15 1?2.415 = 5 78 98 28 64 40 43 81 20 87 90 53 66 48 65 71 93 18 86 69 15 
323-5-11 1?2.47 = 5 78 98 16 28 64 40 81 20 87 90 80 24 26 23 55 17 68 83 11 
323-5-14 1?2.516 = 5 78 98 16 28 64 40 43 81 20 87 90 80 24 53 66 48 71 65 49 39 14 
323-5-13 1?2.617 = 5 78 98 16 28 64 40 43 81 20 87 90 80 24 53 66 48 71 65 92 50 13 
323-5-12 1?2.422 = 5 78 98 28 64 40 43 81 20 87 90 80 24 26 23 30 36 55 17 32 76 12 
323-7-9 1?1.856 = 7 82 58 79 21 73 52 46 47 61 37 85 41 77 9 
323-6-9 1?2.467 = 6 51 82 58 79 21 73 52 46 47 61 37 85 41 77 72 9 
323-7-10 1?2.177 = 7 82 58 79 21 73 52 47 61 37 85 41 77 72 56 94 10 
323-7-8 1?2.01 = 7 82 58 79 21 73 45 20 54 38 52 47 61 37 8 
323-6-10 1?2.336 = 6 51 91 34 21 79 73 52 47 61 37 85 41 77 72 94 56 57 10 
323-6-12 1?2.35 = 6 91 79 73 38 54 45 20 87 90 80 24 26 23 55 17 32 76 12 
323-6-11 1?2.485 = 6 91 34 21 79 73 38 45 20 87 90 80 24 26 23 55 17 68 83 11 
323-6-15 1?2.474 = 6 91 34 21 79 73 38 54 20 87 90 53 66 48 71 93 18 86 69 15 
323-7-11 1?2.439 = 7 82 58 79 73 45 20 87 90 80 24 26 23 30 36 55 17 68 83 11 
323-6-13 1?2.566 = 6 51 91 34 21 79 73 38 54 45 20 87 90 53 66 48 71 65 92 50 13 
323-6-14 1?2.706 = 6 51 91 34 21 79 73 38 54 24 80 20 87 90 53 66 48 71 93 65 49 39 14 
323-8-9 1?2.019 = 8 41 85 37 61 47 79 52 46 62 56 57 94 72 9 
323-8-10 1?1.91 = 8 41 77 85 37 61 47 79 73 52 46 62 56 57 94 10 
323-8-11 1?2.079 = 8 41 77 85 37 61 47 52 38 54 62 56 94 57 95 11 
323-8-12 1?2.124 = 8 41 77 85 37 61 47 52 38 54 80 24 26 23 55 17 32 76 12 
323-8-13 1?2.232 = 8 41 77 85 37 61 47 52 38 45 20 87 90 53 66 48 92 50 13 
323-8-14 1?2.274 = 8 41 77 85 37 61 47 52 38 45 20 87 90 53 66 48 71 65 49 39 14 
323-7-13 1?2.461 = 7 82 58 79 73 38 54 24 80 20 87 90 53 66 48 71 65 92 50 13 
323-7-12 1?2.243 = 7 82 58 79 73 38 45 20 87 90 80 24 26 23 55 17 32 76 12 
323-7-14 1?2.714 = 7 82 58 79 73 38 54 45 20 87 90 80 24 53 66 48 71 65 92 50 39 14 
323-8-15 1?2.4 = 8 41 77 85 37 61 47 52 38 54 45 20 87 90 53 74 93 18 86 69 15 
323-7-15 1?2.576 = 7 82 58 79 21 73 38 54 45 20 87 90 53 66 48 65 71 93 18 86 69 15 
323-9-10 1?2.068 = 9 77 41 85 37 61 47 79 73 52 46 62 56 57 94 10 
323-10-11 1?2.36 = 10 57 94 56 62 26 24 80 90 53 30 36 55 17 68 83 11 
323-9-11 1?2.237 = 9 77 41 85 37 61 47 52 38 54 62 56 94 57 95 11 
323-9-12 1?2.168 = 9 41 77 85 61 47 52 38 54 26 23 55 17 32 76 12 
323-10-12 1?2.165 = 10 94 57 95 83 68 17 55 36 48 71 65 92 32 76 12 
323-10-13 1?2.382 = 10 94 57 56 62 26 24 80 20 87 90 53 74 71 65 92 50 13 
323-9-13 1?2.347 = 9 77 41 85 61 47 52 38 45 20 87 90 53 66 48 92 50 13 
323-9-14 1?2.389 = 9 77 41 85 61 47 52 38 45 20 87 90 53 66 48 71 65 49 39 14 
323-10-14 1?2.476 = 10 94 57 56 95 83 68 17 55 36 48 66 74 93 71 65 92 50 39 14 
323-9-15 1?2.44 = 9 77 41 85 37 61 47 52 38 45 20 87 90 53 74 18 86 69 15 
323-10-15 1?2.487 = 10 94 57 56 62 26 24 80 20 87 90 53 66 48 65 71 93 18 86 69 15 
323-12-13 1?1.955 = 12 76 32 68 17 55 36 48 66 74 71 65 49 92 50 13 
323-11-13 1?2.251 = 11 83 68 17 55 23 26 24 80 90 53 66 48 92 50 13 
323-11-14 1?2.147 = 11 83 68 17 55 36 48 66 74 93 71 65 49 92 50 39 14 
323-13-14 1?2.179 = 13 50 92 32 76 68 17 55 36 48 65 71 93 49 39 14 
323-12-14 1?1.966 = 12 76 32 68 17 55 36 66 48 71 65 49 92 50 39 14 
323-11-12 1?2.157 = 11 83 68 17 55 36 66 48 71 65 49 92 50 32 76 12 
323-13-15 1?2.067 = 13 50 32 76 68 17 55 36 48 65 71 93 18 86 69 15 
323-12-15 1?1.921 = 12 76 32 68 17 55 36 92 48 65 71 93 18 86 69 15 
323-14-15 1?2.216 = 14 39 50 92 17 55 36 66 48 74 71 65 93 18 86 69 15 
323-11-15 1?2.564 = 11 83 68 17 55 23 26 24 80 20 87 90 53 66 74 93 18 86 69 15 
stop
