start
213-0-2 1?1.79 = 0 40 47 75 60 48 49 78 68 39 66 51 67 73 77 2 
213-0-1 1?1.883 = 0 40 47 75 60 48 49 78 68 39 66 51 67 33 55 1 
213-0-4 1?2.061 = 0 40 60 48 49 78 39 66 33 51 67 32 26 25 82 99 4 
213-0-3 1?2.027 = 0 40 60 48 49 78 68 69 80 31 39 66 51 67 32 16 3 
213-0-5 1?2.329 = 0 40 60 48 49 78 68 69 31 80 28 79 58 64 57 43 95 86 5 
213-0-11 1?2.527 = 0 40 48 49 78 68 69 31 80 28 42 20 53 91 19 89 21 96 11 
213-0-6 1?2.456 = 0 27 47 75 60 48 49 78 68 69 31 80 28 79 58 64 57 41 43 95 6 
213-0-8 1?2.561 = 0 40 60 48 49 78 68 69 31 80 28 79 58 64 41 57 46 88 94 62 8 
213-0-10 1?2.424 = 0 40 60 48 49 78 68 69 31 80 28 42 20 53 91 19 17 63 10 
213-0-7 1?2.446 = 0 40 60 48 49 78 68 69 31 80 28 65 58 57 64 41 43 95 90 30 7 
213-0-9 1?2.509 = 0 40 60 75 29 78 68 69 31 80 28 42 20 53 91 19 17 98 71 45 9 
213-1-2 1?1.77 = 1 55 33 49 78 68 69 31 80 39 66 51 67 73 77 2 
213-0-14 1?2.067 = 0 27 81 47 75 60 48 29 61 24 22 23 50 37 52 14 
213-0-15 1?1.932 = 0 55 33 67 51 66 49 48 60 47 27 81 37 52 15 
213-0-13 1?2.245 = 0 40 60 48 29 75 47 27 81 37 52 50 23 22 34 36 13 
213-1-6 1?1.99 = 1 55 33 67 51 66 39 31 80 28 79 58 64 57 43 95 6 
213-1-3 1?1.976 = 1 55 33 49 78 68 69 31 80 39 66 51 32 26 16 3 
213-1-5 1?2.135 = 1 55 33 67 51 66 39 31 80 28 79 58 64 57 41 84 5 
213-1-4 1?2.013 = 1 55 33 67 51 66 39 69 31 80 28 59 70 82 99 4 
213-1-7 1?2.245 = 1 55 33 67 51 66 39 69 31 80 28 79 58 57 64 41 43 95 30 7 
213-1-8 1?2.449 = 1 55 33 67 51 66 39 69 31 80 28 79 58 64 57 46 88 94 18 62 8 
213-0-12 1?2.373 = 0 40 60 29 78 68 69 31 80 93 44 74 54 92 97 35 76 12 
213-1-14 1?1.816 = 1 55 33 67 51 66 49 48 60 47 27 81 37 52 14 
213-1-15 1?1.741 = 1 55 33 67 51 66 49 48 60 47 27 81 37 52 15 
213-1-13 1?2.123 = 1 55 33 67 51 66 39 80 31 69 93 44 74 72 34 36 13 
213-1-12 1?2.256 = 1 55 33 67 51 66 39 31 80 69 93 44 74 54 92 97 35 12 
213-2-6 1?1.897 = 2 77 73 67 51 66 39 31 80 28 79 58 64 57 43 95 6 
213-2-3 1?1.84 = 2 38 77 73 33 49 78 39 66 51 67 32 26 25 16 3 
213-2-5 1?2.03 = 2 77 73 67 51 66 39 69 31 80 28 79 58 64 41 84 5 
213-2-4 1?1.817 = 2 77 73 33 49 78 39 66 51 67 32 26 25 82 99 4 
213-1-10 1?2.357 = 1 55 33 67 51 66 39 69 31 80 42 20 53 91 19 17 98 71 63 10 
213-1-11 1?2.325 = 1 55 33 67 51 66 39 80 31 69 93 44 74 56 54 92 21 96 11 
213-1-9 1?2.405 = 1 55 33 67 51 66 39 69 31 80 28 42 20 53 91 19 17 98 71 45 9 
213-2-15 1?1.648 = 2 77 73 67 51 66 49 48 60 47 27 81 37 52 15 
213-3-5 1?2.082 = 3 16 26 25 59 65 79 58 46 57 64 41 43 95 86 5 
213-2-14 1?1.999 = 2 77 73 67 51 66 39 78 49 48 60 75 47 27 81 37 52 50 14 
213-2-13 1?2.182 = 2 77 73 33 67 51 66 39 80 31 69 93 44 85 61 24 22 23 13 
213-2-7 1?2.097 = 2 77 73 67 51 66 39 69 31 80 28 79 58 64 57 43 95 30 7 
213-2-12 1?2.326 = 2 77 73 67 51 66 39 80 31 69 93 44 74 56 54 92 97 35 76 12 
213-3-4 1?2.015 = 3 16 38 77 73 33 49 66 51 67 32 26 25 82 99 4 
213-2-8 1?2.283 = 2 77 73 67 51 66 39 69 31 80 28 79 58 64 57 46 88 94 62 8 
213-2-10 1?2.423 = 2 77 73 33 67 51 66 39 69 31 80 28 42 20 53 91 19 17 98 71 63 10 
213-2-11 1?2.467 = 2 77 73 67 51 66 39 69 31 80 28 42 20 53 19 91 54 92 21 96 11 
213-2-9 1?2.405 = 2 77 73 33 67 51 66 39 69 31 80 28 42 20 53 91 19 17 98 71 45 9 
213-3-6 1?1.994 = 3 16 32 39 69 31 80 28 79 58 64 57 43 95 6 
213-3-15 1?1.899 = 3 16 26 32 67 51 66 49 48 60 75 47 27 81 37 52 15 
213-4-5 1?2.15 = 4 99 70 82 25 59 65 79 58 57 64 41 43 95 86 5 
213-3-14 1?2.133 = 3 16 26 32 67 51 66 39 31 80 93 44 85 61 24 22 23 50 14 
213-3-7 1?2.201 = 3 16 32 67 51 66 39 31 80 28 79 58 64 57 43 95 30 7 
213-3-12 1?2.367 = 3 16 32 67 51 66 39 80 31 69 93 44 74 54 92 97 35 76 12 
213-3-13 1?2.3 = 3 16 26 32 67 51 66 39 31 80 69 93 44 85 61 24 22 23 13 
213-3-10 1?2.4 = 3 16 32 67 51 66 39 69 31 80 42 20 53 91 19 17 98 71 63 10 
213-3-8 1?2.395 = 3 16 32 67 51 66 39 69 31 80 28 65 58 64 57 46 94 62 8 
213-3-9 1?2.352 = 3 16 32 67 51 66 39 69 31 80 42 20 53 91 19 17 98 45 9 
213-3-11 1?2.44 = 3 16 32 67 51 66 39 78 68 69 31 80 93 44 74 54 92 21 96 11 
213-4-6 1?2.136 = 4 99 82 25 39 69 31 80 28 79 58 64 57 43 95 6 
213-4-7 1?2.029 = 4 99 82 70 59 65 79 58 46 57 64 41 43 95 90 30 7 
213-5-6 1?2.364 = 5 70 25 26 39 69 31 80 28 65 58 57 43 95 6 
213-4-8 1?2.284 = 4 99 82 70 59 65 58 64 41 57 46 88 94 62 18 83 8 
213-4-14 1?2.216 = 4 99 82 25 26 32 67 51 66 49 48 60 75 47 27 81 37 52 50 14 
213-4-13 1?2.419 = 4 99 82 25 26 32 67 51 66 39 80 31 69 93 44 74 72 34 36 13 
213-4-15 1?2.185 = 4 99 82 25 26 32 67 51 66 49 48 40 60 75 47 27 81 37 52 15 
213-4-12 1?2.551 = 4 99 82 25 26 32 67 51 66 39 31 80 69 93 44 74 72 97 35 76 12 
213-4-10 1?2.514 = 4 99 82 25 26 32 67 51 66 39 69 31 80 42 20 53 19 17 63 10 
213-4-11 1?2.507 = 4 99 82 25 26 32 67 51 66 39 31 69 93 44 74 54 92 21 96 11 
213-4-9 1?2.501 = 4 99 82 25 26 32 67 51 66 39 31 80 42 20 53 17 98 45 9 
213-5-8 1?2.346 = 5 86 95 43 41 64 57 58 79 20 91 53 87 18 62 8 
213-6-7 1?2.32 = 6 95 43 41 64 57 58 79 20 91 19 53 87 18 62 7 
213-5-7 1?2.449 = 5 4 99 82 70 59 65 79 58 64 41 57 46 43 95 90 30 7 
213-6-8 1?2.23 = 6 95 43 41 64 57 58 79 20 53 91 19 17 98 83 8 
213-5-14 1?2.316 = 5 84 41 64 57 58 79 28 80 31 69 93 44 85 61 24 22 23 50 14 
213-5-13 1?2.525 = 5 86 95 43 41 64 57 58 79 28 80 31 69 93 44 74 72 34 36 13 
213-5-15 1?2.34 = 5 84 41 64 57 58 79 28 80 31 69 68 78 29 60 75 47 27 81 15 
213-5-12 1?2.564 = 5 86 95 43 41 64 57 58 79 28 80 31 69 93 44 74 72 34 76 12 
213-5-10 1?2.492 = 5 86 95 43 41 64 57 58 79 42 20 53 91 19 89 17 98 71 63 10 
213-5-9 1?2.267 = 5 86 95 43 41 64 57 58 79 20 53 91 19 17 98 71 45 9 
213-5-11 1?2.513 = 5 84 41 64 57 58 79 28 80 31 69 93 44 74 54 92 21 96 11 
213-6-9 1?2.01 = 6 95 43 57 64 58 79 20 53 91 19 17 98 71 45 9 
213-7-9 1?2.096 = 7 30 90 95 43 41 64 57 46 94 88 87 98 71 45 9 
213-7-8 1?2.312 = 7 30 95 43 41 64 57 58 79 20 91 53 87 18 62 8 
213-6-10 1?2.083 = 6 95 43 41 64 57 58 79 20 53 91 19 17 98 71 63 10 
213-7-10 1?2.223 = 7 30 90 95 43 41 64 57 58 79 20 53 91 19 17 63 10 
213-6-14 1?2.233 = 6 95 43 41 64 57 58 79 28 80 31 69 93 44 85 61 24 22 23 50 14 
213-6-13 1?2.461 = 6 95 43 41 64 57 58 79 65 28 80 31 69 93 44 85 61 24 22 23 13 
213-6-12 1?2.524 = 6 95 43 41 64 57 58 79 28 80 31 69 93 44 74 54 92 97 35 76 12 
213-7-11 1?2.463 = 7 30 90 95 43 41 64 57 58 79 42 20 53 91 19 89 21 96 11 
213-6-15 1?2.329 = 6 95 43 41 64 57 58 79 28 80 31 69 68 78 49 48 60 75 47 27 81 15 
213-6-11 1?2.375 = 6 95 43 57 64 58 79 28 80 31 69 93 44 74 54 92 21 96 11 
213-8-9 1?2.239 = 8 62 18 87 53 19 91 54 92 21 96 89 17 98 71 45 9 
213-7-14 1?2.314 = 7 30 43 57 64 58 79 28 80 31 69 93 44 85 61 24 22 23 50 14 
213-8-12 1?2.515 = 8 62 18 87 17 19 91 53 20 56 74 54 92 21 97 35 76 12 
213-8-10 1?2.495 = 8 62 18 87 53 19 91 20 56 54 92 21 89 17 98 71 63 10 
213-8-14 1?2.46 = 8 62 94 88 46 58 79 28 80 31 69 93 44 85 61 24 22 23 50 14 
213-8-15 1?2.455 = 8 62 94 46 57 64 58 79 28 80 31 69 68 78 29 60 75 47 27 15 
213-7-12 1?2.516 = 7 30 95 43 57 64 58 65 28 80 31 69 93 44 74 72 97 35 12 
213-7-13 1?2.511 = 7 30 95 43 41 64 57 58 65 28 80 31 69 93 44 74 72 34 36 13 
213-8-13 1?2.637 = 8 62 94 46 57 64 58 79 28 80 31 69 93 44 85 61 24 22 23 13 
213-8-11 1?2.566 = 8 62 18 87 98 71 63 17 89 19 91 53 20 56 54 92 21 96 11 
213-7-15 1?2.431 = 7 30 95 43 41 64 57 58 79 28 80 31 69 68 78 29 60 40 47 27 81 15 
213-10-14 1?2.088 = 10 63 17 19 91 53 20 56 74 85 61 24 22 23 50 14 
213-10-13 1?2.024 = 10 63 71 98 17 53 91 19 89 96 21 92 97 35 76 36 13 
213-10-12 1?2.09 = 10 45 71 98 17 19 91 53 20 56 54 92 97 35 76 12 
213-9-12 1?1.944 = 9 45 71 98 17 19 91 53 20 56 54 92 97 35 76 12 
213-9-10 1?2.214 = 9 45 71 98 17 19 91 53 20 56 54 92 21 96 89 63 10 
213-9-14 1?2.394 = 9 45 71 17 53 20 42 80 31 69 93 44 85 61 24 22 23 50 14 
213-10-11 1?2.177 = 10 63 71 98 17 89 19 91 53 20 56 54 92 97 21 96 11 
213-9-11 1?2.141 = 9 45 71 98 87 17 53 19 91 54 92 97 35 21 96 11 
213-9-13 1?2.549 = 9 45 98 17 53 20 42 28 80 31 69 93 44 74 72 34 36 13 
213-9-15 1?2.365 = 9 45 98 17 19 91 53 20 56 74 85 61 24 22 23 50 37 52 15 
213-10-15 1?2.433 = 10 63 17 19 91 53 20 42 80 31 69 68 78 29 60 75 47 27 81 15 
213-11-14 1?2.124 = 11 96 21 92 54 56 74 44 93 85 61 24 22 23 50 14 
213-12-14 1?2.123 = 12 76 35 97 92 54 74 44 93 85 61 24 22 23 50 14 
213-13-14 1?2.014 = 13 23 22 24 61 29 75 60 40 47 27 81 37 52 50 14 
213-13-15 1?2.135 = 13 14 50 23 22 24 61 29 48 60 75 47 27 81 37 52 15 
213-14-15 1?1.728 = 14 50 23 22 24 61 29 75 60 40 47 27 81 37 52 15 
213-12-13 1?2.287 = 12 35 97 92 54 91 19 53 20 56 74 72 34 76 36 13 
213-11-12 1?2.285 = 11 63 71 98 17 89 91 19 53 20 56 54 92 97 35 76 12 
213-11-13 1?2.265 = 11 96 89 19 91 53 20 56 74 54 92 97 35 76 36 13 
213-12-15 1?2.267 = 12 35 97 92 54 74 85 61 24 22 23 50 52 37 81 27 15 
213-11-15 1?2.369 = 11 96 21 92 54 74 44 93 80 31 69 68 78 29 60 75 47 27 15 
stop
