start
365-0-3 1?2.209 = 0 34 81 91 57 19 27 59 48 67 26 44 52 98 82 3 
365-0-4 1?2.408 = 0 34 81 91 57 70 50 86 85 71 96 59 48 67 26 44 52 98 4 
365-0-1 1?2.322 = 0 91 57 70 50 86 85 71 96 48 59 27 19 66 1 
365-0-5 1?2.624 = 0 57 91 81 34 80 90 25 94 50 86 85 71 96 48 67 26 52 44 5 
365-0-8 1?2.508 = 0 81 91 57 70 50 86 42 29 47 38 20 55 39 74 23 37 75 8 
365-0-6 1?2.667 = 0 34 81 91 57 70 50 86 85 71 96 59 48 67 26 52 44 40 60 6 
365-0-9 1?2.714 = 0 57 70 50 86 42 29 47 38 20 55 39 74 23 37 75 31 28 9 
365-0-2 1?2.244 = 0 91 81 34 80 25 94 50 86 85 71 96 48 59 16 21 2 
365-0-11 1?2.594 = 0 57 91 81 34 80 25 78 63 73 24 93 49 54 87 41 95 45 35 11 
365-0-10 1?2.638 = 0 57 91 81 34 80 25 78 63 72 46 30 92 89 22 79 87 41 45 95 10 
365-0-7 1?2.64 = 0 57 91 81 34 80 25 94 50 86 85 53 64 47 38 20 55 39 74 23 7 
365-0-13 1?2.184 = 0 57 91 81 34 80 25 78 63 72 92 89 30 46 43 65 13 
365-1-4 1?2.06 = 1 66 19 27 21 16 59 48 96 67 26 44 52 98 4 
365-0-14 1?2.484 = 0 34 81 91 57 51 66 19 70 50 86 94 25 90 61 83 14 
365-0-15 1?2.398 = 0 34 81 91 57 66 19 70 50 86 94 25 90 80 32 15 
365-1-3 1?2.139 = 1 66 19 27 21 16 59 48 67 26 44 52 98 82 3 
365-1-2 1?2.21 = 1 51 57 91 81 70 50 86 85 71 96 48 59 16 21 2 
365-1-5 1?2.555 = 1 51 57 91 81 34 80 90 25 94 50 86 85 71 96 67 26 52 44 5 
365-1-6 1?2.613 = 1 66 19 70 50 86 85 53 64 47 38 20 55 39 74 18 97 60 6 
365-0-12 1?2.389 = 0 34 81 91 57 70 50 86 69 93 24 73 89 92 72 46 30 12 
365-1-8 1?2.604 = 1 66 19 27 59 48 67 26 52 44 40 97 18 74 23 37 75 58 8 
365-1-7 1?2.543 = 1 66 19 27 59 48 67 26 52 44 40 97 18 55 39 74 23 7 
365-2-5 1?2.069 = 2 21 16 59 48 67 26 52 44 40 97 18 60 36 5 
365-2-4 1?2.221 = 2 19 70 50 86 85 71 96 59 48 67 26 52 44 4 
365-2-3 1?2.232 = 2 21 16 59 48 96 71 53 64 77 26 44 52 98 82 3 
365-1-12 1?2.605 = 1 51 57 91 81 34 80 25 94 50 86 69 93 24 73 89 92 72 46 12 
365-2-6 1?2.444 = 2 21 16 59 48 67 26 52 44 77 64 47 38 20 55 18 97 60 6 
365-1-11 1?2.729 = 1 66 19 70 50 86 42 69 93 24 73 89 92 72 46 30 17 45 35 11 
365-1-15 1?2.389 = 1 66 19 27 59 48 96 71 85 86 50 94 25 80 32 15 
365-1-9 1?2.715 = 1 66 19 27 59 48 26 52 44 40 97 18 74 23 37 75 31 28 9 
365-1-14 1?2.714 = 1 66 19 70 50 86 42 69 93 24 73 89 30 92 72 56 61 83 14 
365-1-10 1?2.821 = 1 66 19 70 50 86 42 69 93 24 73 89 92 72 46 30 22 79 87 41 95 10 
365-1-13 1?2.384 = 1 66 19 70 50 86 42 69 93 24 73 89 72 92 30 46 43 65 13 
365-3-5 1?2.078 = 3 21 16 59 48 67 26 52 44 40 97 18 60 36 5 
365-3-4 1?2.172 = 3 16 21 27 50 86 85 71 96 59 48 26 52 98 4 
365-2-12 1?2.425 = 2 21 16 59 48 96 71 85 42 93 24 73 89 92 72 46 30 12 
365-2-11 1?2.584 = 2 21 16 59 48 96 71 85 50 86 42 69 93 24 73 79 22 17 99 11 
365-2-9 1?2.581 = 2 21 16 59 48 67 26 52 44 40 97 18 74 23 37 75 58 31 28 9 
365-2-15 1?2.465 = 2 21 16 59 48 96 71 85 86 50 70 19 57 91 81 34 32 15 
365-2-14 1?2.669 = 2 21 16 59 48 52 26 67 96 71 85 86 50 94 25 90 61 83 14 
365-2-13 1?2.414 = 2 21 16 59 48 96 71 85 42 93 24 73 89 92 46 43 65 13 
365-2-10 1?2.666 = 2 21 16 59 48 96 71 85 50 86 42 69 73 24 93 49 54 87 41 95 10 
365-2-8 1?2.472 = 2 21 16 59 48 67 26 52 44 77 47 38 20 55 39 74 23 37 75 8 
365-2-7 1?2.325 = 2 21 16 59 48 67 26 52 44 77 64 47 38 20 55 39 74 23 7 
365-4-5 1?2.058 = 4 98 82 59 48 67 26 52 44 40 97 18 60 36 5 
365-3-6 1?2.001 = 3 21 16 59 48 67 26 52 44 40 97 18 60 36 6 
365-3-12 1?2.406 = 3 82 59 48 96 71 85 50 86 69 93 24 73 89 92 72 46 12 
365-3-11 1?2.607 = 3 82 59 48 96 71 85 50 86 69 93 24 73 89 92 72 46 30 99 11 
365-3-9 1?2.491 = 3 82 59 48 67 26 52 44 40 97 18 74 23 37 75 58 31 28 9 
365-3-8 1?2.412 = 3 21 16 59 48 96 67 26 52 44 40 97 18 74 23 37 75 58 8 
365-3-14 1?2.621 = 3 82 59 48 67 96 71 85 86 50 70 57 91 81 34 80 90 83 14 
365-3-15 1?2.45 = 3 82 98 52 44 26 67 96 48 59 27 19 57 91 81 34 32 15 
365-3-10 1?2.675 = 3 21 16 59 48 96 71 85 50 86 42 69 73 24 93 49 54 87 41 95 10 
365-3-13 1?2.368 = 3 82 59 48 96 71 85 42 93 24 73 89 92 30 46 43 65 13 
365-3-7 1?2.311 = 3 82 59 48 67 26 52 44 77 64 47 38 20 55 39 74 37 23 7 
365-4-6 1?1.981 = 4 98 82 59 48 67 26 52 44 40 97 18 60 36 6 
365-5-6 1?2.134 = 5 44 52 26 67 48 59 96 71 53 64 77 40 36 60 6 
365-4-7 1?1.876 = 4 52 26 44 77 64 47 38 20 55 39 74 37 23 7 
365-4-10 1?2.422 = 4 98 52 26 44 40 97 18 74 23 37 75 31 28 68 41 95 10 
365-4-11 1?2.525 = 4 98 59 48 96 71 85 50 86 69 93 24 73 89 72 92 30 99 11 
365-4-8 1?2.272 = 4 98 59 48 96 67 26 52 44 40 97 18 74 23 37 75 58 8 
365-4-12 1?2.533 = 4 52 26 67 96 71 85 50 86 42 69 93 24 73 89 92 72 46 30 12 
365-4-9 1?2.426 = 4 52 26 44 77 64 47 38 20 55 39 74 23 37 75 58 31 28 9 
365-4-14 1?2.629 = 4 98 52 44 26 67 48 59 96 71 85 86 50 94 25 80 90 61 83 14 
365-4-15 1?2.545 = 4 98 52 44 26 67 48 59 96 71 85 86 50 70 57 91 81 34 32 15 
365-4-13 1?2.412 = 4 98 52 26 67 96 71 85 42 69 93 24 73 89 92 72 46 43 65 13 
365-5-8 1?1.964 = 5 36 60 97 18 55 38 20 39 74 23 37 75 58 8 
365-6-8 1?1.887 = 6 36 60 97 18 55 38 20 39 74 23 37 75 58 8 
365-6-7 1?1.911 = 6 60 40 97 18 55 20 38 84 76 39 74 37 23 7 
365-5-7 1?1.896 = 5 44 52 26 77 64 47 38 20 55 39 74 37 23 7 
365-5-9 1?2.446 = 5 44 52 26 77 64 47 38 20 55 39 74 23 37 75 58 31 28 9 
365-5-12 1?2.543 = 5 44 52 26 67 96 71 85 50 86 69 93 24 73 89 92 72 46 30 12 
365-5-10 1?2.468 = 5 36 60 97 18 55 39 74 23 37 75 58 31 28 68 41 95 10 
365-5-11 1?2.569 = 5 36 60 40 97 18 74 23 37 75 58 31 28 68 41 95 45 35 11 
365-5-13 1?2.453 = 5 44 52 26 67 96 71 85 42 69 93 24 73 89 92 72 46 43 65 13 
365-5-14 1?2.678 = 5 44 52 26 67 96 48 59 27 19 66 57 91 81 34 80 90 83 14 
365-5-15 1?2.625 = 5 44 52 26 67 48 59 96 71 85 86 50 70 57 91 81 34 80 32 15 
365-7-10 1?1.868 = 7 23 74 39 55 20 38 84 49 54 87 41 45 95 10 
365-6-9 1?1.939 = 6 36 60 97 18 55 20 39 74 23 37 75 31 28 9 
365-7-8 1?1.912 = 7 23 37 74 39 55 20 38 76 88 62 33 28 31 58 8 
365-7-9 1?1.964 = 7 23 37 74 39 55 20 38 76 84 88 62 33 28 31 9 
365-6-10 1?2.285 = 6 60 97 18 74 39 55 20 38 76 84 49 54 87 41 45 95 10 
365-7-11 1?2.341 = 7 23 37 74 39 55 20 38 47 84 49 54 79 87 41 95 45 35 11 
365-6-11 1?2.43 = 6 60 97 18 74 39 55 20 38 76 84 49 54 87 41 95 45 35 11 
365-6-12 1?2.466 = 6 60 18 74 39 55 20 38 47 29 93 24 73 89 92 72 46 30 12 
365-6-14 1?2.701 = 6 60 40 44 52 26 67 48 59 96 71 85 86 50 94 25 90 83 14 
365-6-15 1?2.707 = 6 60 40 44 52 26 67 96 48 59 27 19 66 51 57 91 81 34 32 15 
365-6-13 1?2.469 = 6 60 18 55 20 38 47 29 42 69 93 24 73 89 72 92 30 46 43 65 13 
365-8-9 1?1.994 = 8 75 37 23 74 39 55 20 38 76 84 88 62 33 28 9 
365-8-10 1?1.963 = 8 75 37 23 74 39 55 20 38 84 88 87 41 95 10 
365-7-12 1?2.252 = 7 23 37 74 39 55 20 38 47 29 93 24 73 89 72 92 30 12 
365-8-11 1?2.268 = 8 58 75 37 23 74 39 55 20 38 84 49 54 87 41 45 35 11 
365-8-12 1?2.37 = 8 75 37 23 74 39 55 20 38 84 49 93 24 73 89 92 72 46 12 
365-8-13 1?2.349 = 8 75 39 55 20 38 47 29 42 69 93 24 73 89 92 72 46 43 65 13 
365-8-14 1?2.662 = 8 58 31 28 33 62 87 54 49 93 24 73 89 72 92 30 46 56 61 83 14 
365-8-15 1?2.627 = 8 75 37 23 74 39 55 20 38 47 64 53 85 50 86 94 25 80 32 15 
365-7-14 1?2.671 = 7 23 37 39 55 20 38 47 29 42 69 93 24 73 89 92 72 56 61 83 14 
365-7-13 1?2.389 = 7 23 37 39 55 20 38 47 29 42 93 24 73 89 72 92 30 46 43 65 13 
365-7-15 1?2.66 = 7 23 37 74 39 55 20 38 47 64 53 85 86 50 70 57 91 81 34 32 15 
365-9-10 1?2.056 = 9 28 31 75 39 55 20 38 84 49 54 87 41 95 10 
365-9-11 1?2.072 = 9 28 31 33 62 68 95 45 41 87 79 22 17 99 35 11 
365-10-12 1?1.935 = 10 95 45 41 87 54 49 93 24 73 89 92 72 46 30 12 
365-10-11 1?2.027 = 10 95 45 41 87 54 49 93 24 73 89 72 92 30 99 11 
365-10-14 1?2.167 = 10 95 41 87 54 49 93 24 73 89 92 72 46 56 61 14 
365-10-13 1?1.904 = 10 95 41 87 54 49 93 24 73 89 72 92 30 46 43 13 
365-9-12 1?2.334 = 9 28 31 33 62 41 87 54 49 93 24 73 89 92 72 46 30 12 
365-9-13 1?2.347 = 9 28 31 33 62 68 95 41 87 79 22 89 30 92 72 46 43 65 13 
365-9-14 1?2.667 = 9 31 28 68 41 87 54 49 93 24 73 89 92 30 46 72 56 61 14 
365-10-15 1?2.55 = 10 95 45 41 87 54 49 93 24 73 89 92 30 46 72 56 90 32 15 
365-9-15 1?2.698 = 9 28 31 58 75 39 55 20 38 47 53 85 86 50 94 25 80 32 15 
365-11-12 1?1.958 = 11 35 45 41 87 79 24 93 73 89 92 72 46 30 12 
365-13-14 1?2.228 = 13 65 43 46 30 92 72 89 73 24 93 69 63 78 56 61 14 
365-12-14 1?2.343 = 12 30 46 72 92 89 73 24 93 42 69 63 78 56 61 83 14 
365-11-14 1?2.202 = 11 35 45 95 41 87 79 89 72 92 30 46 56 61 83 14 
365-12-15 1?2.257 = 12 30 46 72 92 89 73 24 93 69 63 78 25 80 32 15 
365-11-13 1?1.942 = 11 35 45 41 87 54 49 24 73 89 92 72 46 43 65 13 
365-13-15 1?2.208 = 13 65 43 46 30 92 72 89 63 78 56 61 83 90 80 32 15 
365-14-15 1?2.522 = 14 83 61 56 78 25 94 86 50 70 19 57 91 81 34 32 15 
365-12-13 1?2.29 = 12 30 22 79 87 54 49 93 24 73 89 92 72 46 43 65 13 
365-11-15 1?2.472 = 11 35 45 95 41 87 79 89 72 92 30 46 56 61 90 80 32 15 
stop
