start
521-0-3 1?1.735 = 0 44 62 97 66 65 70 67 64 53 51 76 34 78 94 3 
521-0-1 1?1.827 = 0 44 62 97 66 65 70 67 64 53 51 76 34 58 52 1 
521-0-2 1?1.648 = 0 44 62 97 66 65 70 67 64 53 51 76 34 58 52 2 
521-0-7 1?2.531 = 0 44 30 27 29 77 88 21 86 68 50 42 75 47 73 83 19 91 7 
521-0-6 1?2.562 = 0 44 30 27 29 88 21 86 68 50 42 75 47 73 83 90 24 32 6 
521-0-9 1?2.546 = 0 44 20 36 98 46 22 77 88 21 86 68 50 47 42 75 38 85 79 9 
521-0-11 1?2.451 = 0 44 45 20 36 98 22 77 88 21 86 23 28 39 49 48 57 87 11 
521-0-10 1?2.631 = 0 44 30 27 29 77 88 21 86 68 50 47 73 83 75 42 72 99 43 74 10 
521-0-5 1?2.467 = 0 44 62 97 66 65 70 67 64 53 51 76 34 78 94 82 89 92 96 5 
521-0-4 1?2.385 = 0 44 20 45 30 41 62 97 66 65 70 67 64 53 51 76 34 78 82 4 
521-0-8 1?2.643 = 0 44 45 20 36 98 22 77 88 21 86 68 50 47 42 75 71 38 61 81 16 18 8 
521-1-2 1?1.767 = 1 70 67 65 66 97 62 41 30 27 29 64 53 58 52 2 
521-0-15 1?1.803 = 0 44 62 97 66 65 70 67 53 64 29 27 30 45 20 15 
521-0-14 1?1.867 = 0 62 97 66 65 70 67 64 29 77 22 46 80 37 63 14 
521-1-3 1?1.877 = 1 62 97 66 65 70 67 64 53 51 76 34 78 94 82 3 
521-1-4 1?2.064 = 1 62 97 66 65 70 67 64 53 51 76 34 78 94 82 89 4 
521-1-5 1?2.083 = 1 70 67 65 66 97 62 41 64 53 51 34 76 78 89 92 96 5 
521-0-12 1?2.427 = 0 62 97 66 65 70 67 64 29 88 77 22 46 80 25 31 40 12 
521-1-6 1?2.618 = 1 70 67 65 66 97 62 41 64 53 51 76 34 94 82 89 92 93 32 6 
521-1-7 1?2.619 = 1 70 67 65 66 97 62 41 64 53 51 76 34 78 89 92 93 32 91 7 
521-0-13 1?2.245 = 0 62 97 66 65 70 67 53 64 29 88 77 22 98 46 80 25 13 
521-1-8 1?2.42 = 1 70 67 65 64 29 77 88 21 86 68 50 47 42 75 61 81 16 18 8 
521-1-14 1?1.666 = 1 70 67 65 66 97 62 30 45 20 36 98 46 80 37 63 14 
521-1-15 1?1.816 = 1 62 97 66 65 67 70 52 58 53 64 41 30 45 20 15 
521-2-4 1?1.828 = 2 52 58 67 70 65 66 41 64 53 51 76 34 78 82 4 
521-2-3 1?1.707 = 2 52 58 67 70 65 66 41 64 53 51 76 34 78 94 3 
521-2-5 1?1.959 = 2 52 58 70 67 65 64 53 51 76 34 78 89 92 96 5 
521-1-10 1?2.565 = 1 65 70 67 53 51 34 76 54 83 73 47 75 42 50 72 99 43 74 84 10 
521-1-11 1?2.415 = 1 70 67 65 66 41 30 27 29 88 77 55 95 35 69 49 48 57 87 11 
521-1-9 1?2.567 = 1 70 67 65 66 41 29 88 21 86 68 50 47 42 75 71 38 85 79 9 
521-2-6 1?2.329 = 2 52 58 70 67 65 66 64 53 51 76 34 78 89 92 93 32 6 
521-1-12 1?2.357 = 1 70 67 65 66 97 62 41 30 45 36 98 46 80 37 63 25 31 40 59 12 
521-1-13 1?2.241 = 1 62 97 66 65 70 67 64 29 88 77 22 98 46 80 37 63 25 13 
521-2-15 1?1.757 = 2 52 58 70 67 65 66 97 62 41 64 29 27 45 20 15 
521-3-4 1?2.207 = 3 94 52 58 70 67 65 66 64 53 51 76 34 78 82 4 
521-3-5 1?2.342 = 3 94 52 58 70 65 67 53 51 76 34 78 89 92 96 5 
521-2-9 1?2.523 = 2 52 58 70 67 65 64 53 51 34 76 54 83 73 47 75 38 85 9 
521-2-10 1?2.615 = 2 52 58 70 67 53 51 34 76 54 83 73 47 75 42 50 72 99 43 74 10 
521-2-14 1?2.073 = 2 52 58 70 67 65 66 97 62 41 29 88 77 22 98 46 80 37 63 14 
521-2-11 1?2.532 = 2 52 58 70 67 65 66 41 30 27 29 88 77 55 95 35 69 49 48 57 11 
521-2-7 1?2.519 = 2 52 58 70 67 65 97 62 66 64 53 51 34 76 26 17 24 91 7 
521-2-8 1?2.443 = 2 52 58 53 51 34 76 54 83 73 47 50 42 75 38 61 81 16 18 8 
521-2-12 1?2.466 = 2 52 58 70 67 65 66 41 30 45 20 36 98 46 80 37 63 25 31 40 59 12 
521-2-13 1?2.353 = 2 52 58 70 67 65 66 97 62 41 30 45 20 36 98 46 80 37 63 25 31 13 
521-3-6 1?2.5 = 3 94 78 26 54 86 68 50 42 47 73 83 90 24 32 6 
521-4-5 1?2.588 = 4 89 92 26 54 73 47 50 42 75 83 90 17 93 5 
521-3-9 1?2.682 = 3 82 89 92 93 17 90 83 73 47 75 42 50 68 72 71 38 85 79 9 
521-3-14 1?2.324 = 3 94 52 58 70 67 65 66 97 62 30 45 20 36 98 46 80 37 63 14 
521-3-10 1?2.773 = 3 82 89 92 26 54 83 73 47 75 42 50 68 86 23 28 99 43 74 10 
521-3-15 1?2.321 = 3 94 78 34 76 51 53 64 67 70 65 66 97 62 41 27 30 45 20 15 
521-3-11 1?2.65 = 3 94 78 26 54 83 73 47 75 42 50 68 23 28 39 49 48 57 87 11 
521-3-7 1?2.714 = 3 82 89 92 93 17 90 83 73 47 50 42 75 38 61 81 16 18 7 
521-3-8 1?2.408 = 3 82 89 92 93 17 90 83 73 47 50 42 75 38 61 81 16 18 8 
521-3-13 1?2.581 = 3 94 34 76 51 53 67 70 65 66 97 62 44 20 36 98 46 80 25 13 
521-3-12 1?2.756 = 3 94 78 26 54 83 73 47 75 42 50 68 86 23 28 39 49 69 59 12 
521-4-6 1?2.434 = 4 89 92 26 54 73 47 50 42 75 83 90 24 32 6 
521-5-6 1?2.346 = 5 96 93 17 90 83 73 47 42 75 38 61 81 33 91 6 
521-4-7 1?2.322 = 4 96 93 17 90 83 73 47 42 75 38 61 81 16 18 7 
521-4-9 1?2.533 = 4 96 93 17 90 83 73 47 50 42 75 71 38 61 81 16 18 79 9 
521-4-14 1?2.425 = 4 82 89 78 34 76 51 53 64 29 88 77 22 98 46 80 37 63 14 
521-4-10 1?2.684 = 4 82 89 92 93 17 90 19 83 73 75 42 47 50 68 72 99 43 74 84 10 
521-4-15 1?2.341 = 4 82 89 78 34 76 51 53 64 67 70 65 66 97 62 30 45 20 15 
521-4-11 1?2.536 = 4 96 93 17 90 83 73 47 75 42 50 68 86 23 28 39 49 48 57 11 
521-4-8 1?2.305 = 4 96 93 17 90 83 73 47 75 42 50 72 71 38 61 81 16 18 8 
521-4-13 1?2.723 = 4 82 78 34 76 51 53 67 70 65 66 41 30 45 20 36 98 46 80 25 13 
521-4-12 1?2.699 = 4 96 93 17 90 83 73 47 75 42 50 68 86 21 23 28 39 69 59 12 
521-5-8 1?1.904 = 5 96 93 17 90 83 73 47 50 42 75 61 81 16 18 8 
521-6-8 1?1.752 = 6 32 24 90 83 73 47 50 42 75 38 61 81 16 18 8 
521-6-7 1?2.058 = 6 32 24 90 83 73 47 50 42 75 38 61 81 16 18 7 
521-5-7 1?2.186 = 5 96 93 17 90 83 73 47 42 75 38 61 81 16 18 7 
521-5-9 1?2.294 = 5 96 93 17 90 83 73 47 50 42 75 38 61 81 16 18 79 9 
521-5-10 1?2.408 = 5 96 93 17 90 83 73 47 75 42 50 68 23 28 99 43 74 84 10 
521-5-14 1?2.559 = 5 96 92 89 78 34 76 51 53 64 29 88 77 22 98 46 37 63 14 
521-5-15 1?2.506 = 5 96 92 89 78 34 76 51 53 64 67 70 65 66 97 62 30 45 20 15 
521-5-11 1?2.471 = 5 93 17 90 83 73 47 75 42 50 68 86 23 28 39 56 49 48 87 11 
521-5-13 1?2.572 = 5 96 93 17 90 83 73 47 75 42 50 68 86 21 95 35 60 40 13 
521-5-12 1?2.544 = 5 93 17 90 83 73 47 75 42 50 68 86 23 28 39 56 49 69 59 12 
521-7-8 1?1.786 = 7 91 19 83 73 47 50 42 75 71 38 61 81 16 18 8 
521-6-9 1?1.925 = 6 32 24 90 83 73 47 75 42 50 72 71 38 85 79 9 
521-7-9 1?1.957 = 7 91 19 83 73 47 75 42 50 68 72 71 38 85 79 9 
521-7-10 1?2.198 = 7 91 19 83 73 47 75 42 50 68 86 23 28 99 43 74 84 10 
521-6-10 1?2.173 = 6 32 24 17 90 19 83 73 47 75 42 50 68 72 99 43 74 84 10 
521-7-11 1?2.094 = 7 91 19 83 73 47 75 42 50 68 23 28 39 49 48 57 87 11 
521-6-11 1?2.163 = 6 32 24 90 83 73 47 75 42 50 68 23 28 39 49 48 57 87 11 
521-6-14 1?2.457 = 6 32 24 90 83 73 47 42 50 68 86 21 88 77 22 46 37 63 14 
521-6-15 1?2.496 = 6 32 24 90 83 73 47 75 42 50 68 86 21 88 77 22 98 36 15 
521-6-13 1?2.577 = 6 32 24 90 83 73 47 75 42 50 68 86 23 28 39 95 35 60 31 25 13 
521-6-12 1?2.39 = 6 32 24 90 83 73 47 75 42 50 68 86 23 28 39 56 49 69 59 12 
521-8-9 1?1.697 = 8 18 16 81 61 38 75 42 47 50 68 72 71 85 79 9 
521-8-10 1?1.583 = 8 18 16 81 61 38 75 42 47 50 72 99 43 74 84 10 
521-8-11 1?1.7 = 8 18 16 81 61 38 75 42 47 50 72 99 56 48 57 11 
521-8-14 1?2.179 = 8 18 16 81 61 75 42 47 50 68 86 21 88 77 22 46 37 63 14 
521-7-14 1?2.449 = 7 91 19 83 73 47 75 42 50 68 86 21 88 77 22 46 37 63 14 
521-7-15 1?2.642 = 7 18 16 81 61 38 71 75 42 47 50 68 86 21 88 77 22 98 36 15 
521-8-12 1?1.918 = 8 18 16 81 61 38 75 42 47 50 68 86 23 28 39 69 59 12 
521-7-12 1?2.288 = 7 91 19 83 73 47 75 42 50 68 23 28 39 56 48 49 69 59 12 
521-8-15 1?2.632 = 8 18 16 81 61 38 71 42 75 83 73 47 50 68 86 21 88 77 22 46 98 15 
521-8-13 1?2.202 = 8 18 16 81 61 38 75 42 47 50 68 86 23 28 95 35 60 31 25 13 
521-7-13 1?2.49 = 7 91 19 83 73 47 75 42 50 68 86 23 28 39 49 69 59 40 13 
521-9-11 1?1.746 = 9 85 38 75 42 47 50 68 23 28 39 56 48 57 11 
521-9-10 1?1.86 = 9 79 16 81 61 38 75 42 47 50 72 99 43 74 84 10 
521-10-11 1?1.843 = 10 74 43 99 72 42 47 50 68 23 28 39 49 48 57 11 
521-10-12 1?2 = 10 74 43 99 72 42 75 47 50 68 86 23 28 39 69 59 12 
521-10-14 1?2.361 = 10 74 43 99 72 42 47 50 68 86 21 88 77 22 98 46 80 37 63 14 
521-9-14 1?2.324 = 9 79 85 38 75 42 47 50 68 86 21 88 77 22 98 46 80 37 63 14 
521-9-12 1?1.909 = 9 85 38 75 42 47 50 68 86 23 28 39 49 69 59 12 
521-10-15 1?2.527 = 10 74 43 99 72 42 75 83 73 47 50 68 86 21 88 77 22 98 36 15 
521-9-15 1?2.512 = 9 79 85 38 71 42 75 83 73 47 50 68 86 21 88 77 22 98 15 
521-10-13 1?2.233 = 10 84 74 43 99 72 42 75 47 50 68 86 21 95 35 60 40 13 
521-9-13 1?2.186 = 9 79 85 38 75 42 47 50 68 86 23 28 95 35 60 31 25 13 
521-13-15 1?2.05 = 13 25 37 80 46 98 22 55 77 88 29 27 30 45 20 15 
521-12-15 1?2.168 = 12 59 40 31 25 80 46 98 22 77 88 29 27 45 20 15 
521-14-15 1?1.926 = 14 63 37 80 46 98 36 22 55 77 88 29 27 30 45 20 15 
521-12-14 1?2.014 = 12 59 69 49 48 57 87 56 39 35 60 31 25 37 63 14 
521-11-14 1?1.869 = 11 87 57 48 49 69 35 95 55 22 98 46 80 37 63 14 
521-13-14 1?2.079 = 13 25 31 40 60 35 95 55 88 77 22 98 46 80 37 63 14 
521-11-12 1?2.027 = 11 87 57 48 49 39 28 23 86 21 95 35 69 59 12 
521-12-13 1?2.081 = 12 59 69 49 48 57 87 56 39 95 35 60 40 31 25 13 
521-11-13 1?1.991 = 11 87 48 56 39 28 23 86 21 95 35 60 31 25 13 
521-11-15 1?2.329 = 11 87 57 48 49 56 39 28 23 86 21 88 77 22 46 98 15 
stop
