start
569-0-3 1?1.605 = 0 96 40 44 63 88 21 32 20 25 23 78 70 52 98 3 
569-0-2 1?1.682 = 0 96 40 44 43 63 38 79 88 21 32 74 20 26 57 2 
569-0-1 1?1.552 = 0 90 96 40 44 43 38 79 88 21 32 74 20 26 57 1 
569-0-10 1?2.304 = 0 96 40 44 63 21 88 79 38 81 17 86 62 85 65 77 72 37 39 61 10 
569-0-7 1?2.38 = 0 96 40 44 63 21 88 79 84 87 99 18 41 59 91 64 16 27 51 7 
569-0-9 1?2.404 = 0 96 40 44 63 21 88 79 38 81 84 87 95 94 83 60 50 66 24 9 
569-0-5 1?2.229 = 0 96 40 44 43 63 88 21 32 20 25 23 48 78 70 56 35 47 46 5 
569-0-4 1?2.057 = 0 96 40 44 43 38 79 88 21 32 20 25 23 48 78 70 56 35 4 
569-0-8 1?2.384 = 0 96 40 44 63 21 88 79 84 87 95 18 41 59 91 64 16 27 49 80 8 
569-0-11 1?2.155 = 0 96 40 44 63 21 88 79 38 81 17 86 62 85 65 77 72 37 53 11 
569-0-6 1?2.391 = 0 96 40 44 43 38 81 84 87 99 18 41 59 91 64 16 58 67 29 6 
569-0-15 1?1.591 = 0 96 40 43 44 63 21 88 79 99 87 84 81 38 30 15 
569-1-3 1?1.82 = 1 26 74 32 20 25 42 28 33 48 23 78 70 52 98 3 
569-1-2 1?1.917 = 1 26 74 90 96 40 44 43 63 79 88 21 32 20 25 2 
569-1-4 1?1.976 = 1 26 20 25 42 28 33 48 23 78 70 52 98 3 56 35 4 
569-1-5 1?2.311 = 1 26 20 25 42 28 33 48 23 78 70 52 98 3 56 35 47 46 5 
569-0-14 1?1.71 = 0 96 40 44 63 21 88 79 38 81 84 87 17 86 22 75 14 
569-0-13 1?1.761 = 0 96 40 44 43 63 21 88 79 38 81 84 87 17 86 22 13 
569-1-7 1?2.499 = 1 26 20 32 21 88 79 84 87 95 18 41 59 91 64 16 27 51 7 
569-0-12 1?1.974 = 0 96 40 44 63 21 88 79 38 81 84 99 87 17 86 62 89 69 12 
569-1-8 1?2.567 = 1 26 20 32 21 88 79 99 87 95 18 41 59 91 64 16 27 49 80 8 
569-1-6 1?2.513 = 1 26 20 32 21 88 79 84 87 95 18 41 59 91 64 58 67 29 6 
569-1-15 1?1.731 = 1 26 20 32 74 90 96 40 44 63 21 88 79 38 43 30 15 
569-1-14 1?1.949 = 1 26 20 32 21 88 79 38 81 84 99 87 17 86 22 75 14 
569-2-3 1?2.081 = 2 57 26 74 21 88 32 20 25 23 48 78 70 52 98 3 
569-2-4 1?2.244 = 2 57 26 74 21 88 32 20 25 23 48 78 70 56 35 4 
569-1-9 1?2.538 = 1 26 20 32 21 88 79 38 81 84 87 95 94 83 60 50 66 24 9 
569-1-12 1?2.208 = 1 26 20 32 21 88 63 40 44 43 38 81 17 86 62 85 68 89 69 12 
569-1-13 1?2.146 = 1 26 20 32 21 88 79 63 40 44 43 38 81 84 87 17 86 22 13 
569-2-5 1?2.548 = 2 57 26 20 25 42 33 48 23 78 70 52 98 3 56 35 47 46 5 
569-1-11 1?2.379 = 1 26 20 32 21 88 79 38 81 17 86 62 85 65 71 77 72 37 53 11 
569-1-10 1?2.438 = 1 26 20 32 21 88 79 38 81 17 86 62 85 65 77 72 37 39 61 10 
569-2-6 1?2.502 = 2 98 52 70 78 23 48 33 28 41 59 91 64 16 58 67 29 6 
569-2-15 1?1.846 = 2 57 26 20 32 74 90 96 40 44 63 21 88 79 38 30 15 
569-2-14 1?2.126 = 2 57 26 20 32 21 88 79 38 81 84 87 17 86 22 75 14 
569-3-4 1?2.351 = 3 98 52 70 78 23 48 92 59 91 64 73 76 46 47 4 
569-3-5 1?2.326 = 3 98 52 70 78 23 48 33 28 41 59 91 64 73 54 55 5 
569-2-12 1?2.39 = 2 57 26 20 32 21 88 79 38 81 84 99 87 17 86 62 89 69 12 
569-2-11 1?2.508 = 2 57 26 20 32 21 88 79 81 17 86 62 85 65 77 72 37 53 11 
569-2-13 1?2.321 = 2 57 26 20 32 21 88 63 40 44 43 38 81 84 87 17 86 22 13 
569-2-9 1?2.693 = 2 98 52 70 78 23 48 33 28 41 59 91 64 97 19 36 50 66 24 9 
569-2-10 1?2.677 = 2 57 26 20 32 21 88 79 38 81 17 86 62 85 65 77 72 37 39 10 
569-2-7 1?2.629 = 2 98 52 70 78 23 48 33 28 41 59 91 64 16 58 67 27 51 7 
569-2-8 1?2.679 = 2 98 52 70 78 23 48 33 28 41 59 91 64 16 97 19 34 49 80 8 
569-3-15 1?1.74 = 3 98 52 70 78 48 23 25 20 32 21 88 63 44 40 43 15 
569-3-14 1?2.325 = 3 98 52 70 78 48 23 25 20 32 21 88 79 63 44 40 96 43 30 14 
569-4-5 1?2.411 = 4 35 56 70 78 23 48 33 92 59 91 64 73 54 55 5 
569-3-9 1?2.421 = 3 98 52 70 78 23 48 33 92 59 91 64 97 19 36 50 66 24 9 
569-3-7 1?2.357 = 3 98 52 70 78 23 48 33 92 59 91 64 16 58 67 27 51 7 
569-3-12 1?2.509 = 3 98 52 70 78 23 48 33 28 41 18 95 99 87 17 86 62 68 89 69 12 
569-3-13 1?2.505 = 3 98 52 70 78 23 48 33 25 20 32 21 88 79 38 81 17 86 22 13 
569-3-11 1?2.548 = 3 98 52 70 78 23 48 33 28 41 59 91 64 82 94 83 77 72 37 53 11 
569-3-6 1?2.23 = 3 98 52 70 78 23 48 33 92 59 91 64 16 58 67 29 6 
569-3-10 1?2.558 = 3 98 52 70 78 23 48 33 92 59 91 64 82 97 19 36 50 66 24 93 10 
569-3-8 1?2.376 = 3 98 52 70 78 23 48 33 92 59 91 64 16 58 67 27 49 80 8 
569-4-14 1?2.465 = 4 35 56 70 78 23 48 33 25 20 32 21 88 79 63 44 40 43 30 14 
569-4-15 1?2.257 = 4 35 56 70 78 23 48 33 28 42 25 20 32 21 88 79 63 40 44 43 15 
569-4-7 1?2.396 = 4 35 56 70 78 23 48 33 92 59 91 64 16 58 67 51 7 
569-4-9 1?2.524 = 4 35 56 70 78 23 48 92 59 91 64 97 19 36 50 66 24 9 
569-4-6 1?2.333 = 4 35 56 70 78 23 48 92 59 91 64 16 58 67 29 6 
569-4-12 1?2.638 = 4 35 56 70 78 23 48 33 28 42 99 87 84 17 86 62 85 68 89 69 12 
569-4-10 1?2.522 = 4 35 56 70 78 23 48 92 59 91 64 97 19 36 50 66 24 93 10 
569-5-6 1?2.478 = 5 46 47 35 56 52 70 78 23 48 33 92 73 54 55 29 6 
569-4-11 1?2.711 = 4 35 56 70 78 23 48 33 28 41 59 91 64 82 94 83 77 72 37 53 11 
569-4-13 1?2.668 = 4 35 56 70 78 23 48 33 25 20 32 21 88 79 38 81 17 86 22 13 
569-4-8 1?2.428 = 4 35 56 70 78 23 48 33 28 41 59 91 64 16 27 49 80 8 
569-5-14 1?2.595 = 5 46 47 35 56 70 78 48 23 25 20 32 21 88 63 40 44 43 30 14 
569-5-15 1?2.302 = 5 46 47 35 56 70 78 48 23 25 20 32 21 88 63 40 44 43 30 15 
569-6-7 1?2.417 = 6 29 55 54 73 64 91 59 82 97 19 34 80 49 51 7 
569-5-7 1?2.566 = 5 46 47 35 56 70 78 23 48 33 92 73 58 67 27 51 7 
569-6-8 1?2.285 = 6 29 55 54 58 16 64 91 59 82 97 19 34 49 80 8 
569-5-9 1?2.579 = 5 55 54 73 58 16 64 91 59 82 97 19 36 50 66 24 93 9 
569-5-10 1?2.58 = 5 46 76 54 67 58 16 64 91 59 82 97 19 36 50 66 24 93 10 
569-5-13 1?2.741 = 5 46 47 35 56 70 78 23 48 33 28 41 18 95 87 84 17 86 22 13 
569-5-12 1?2.685 = 5 55 54 73 64 91 59 82 94 83 60 72 77 71 45 31 68 89 69 12 
569-5-8 1?2.601 = 5 46 76 54 73 58 67 16 64 91 59 82 97 19 34 49 80 8 
569-5-11 1?2.781 = 5 55 54 67 58 16 64 91 59 82 94 83 72 77 65 31 45 71 53 11 
569-6-9 1?2.386 = 6 29 67 58 16 64 91 59 82 97 19 36 50 66 24 93 9 
569-7-9 1?2.389 = 7 51 67 58 16 64 91 59 82 97 19 36 50 66 24 93 9 
569-6-14 1?2.645 = 6 29 67 58 16 64 91 59 41 18 95 99 87 84 81 17 86 22 75 14 
569-6-10 1?2.289 = 6 29 67 58 16 64 91 59 82 97 19 36 50 66 24 93 10 
569-7-10 1?2.292 = 7 51 67 58 16 64 91 59 82 97 19 36 50 66 24 93 10 
569-7-8 1?2.3 = 7 51 27 67 58 16 64 91 59 82 97 19 34 49 80 8 
569-7-11 1?2.328 = 7 51 27 67 58 16 64 91 59 82 94 83 77 72 37 53 11 
569-6-15 1?2.595 = 6 29 67 58 16 64 91 59 41 18 95 99 87 84 79 88 21 63 40 44 43 15 
569-6-13 1?2.653 = 6 29 55 54 73 64 91 59 41 18 95 99 87 84 81 17 86 22 13 
569-6-12 1?2.579 = 6 29 55 54 58 16 64 91 59 82 94 83 72 77 71 45 31 89 69 12 
569-6-11 1?2.618 = 6 29 67 58 16 64 91 59 82 94 83 65 31 45 71 77 72 37 53 11 
569-8-12 1?2.005 = 8 49 80 34 19 97 60 72 77 71 45 31 68 89 69 12 
569-8-9 1?2.248 = 8 80 49 27 16 64 91 59 82 97 19 36 50 66 24 9 
569-8-10 1?2.159 = 8 80 49 34 36 60 72 77 53 37 39 50 66 24 93 10 
569-7-14 1?2.583 = 7 51 27 16 64 91 59 41 18 95 99 87 84 81 17 86 22 75 14 
569-8-11 1?2.154 = 8 80 49 34 19 97 36 60 72 77 65 31 45 71 53 11 
569-8-14 1?2.526 = 8 49 80 34 19 97 64 91 59 41 18 95 99 87 17 86 22 75 14 
569-8-15 1?2.468 = 8 80 49 27 16 64 91 59 41 18 95 87 84 79 88 21 63 44 40 43 15 
569-7-15 1?2.593 = 7 51 67 58 16 64 91 59 41 18 99 87 84 79 88 21 63 40 44 43 30 15 
569-7-13 1?2.622 = 7 51 27 67 58 16 64 91 59 41 18 95 99 87 84 17 86 22 13 
569-8-13 1?2.557 = 8 80 49 27 67 58 16 64 91 59 41 18 95 87 84 17 86 22 13 
569-7-12 1?2.556 = 7 51 49 80 34 19 36 24 66 50 60 72 77 65 31 68 89 69 12 
569-9-12 1?1.765 = 9 24 66 50 60 72 77 71 45 31 65 85 68 89 69 12 
569-10-12 1?1.654 = 10 93 24 66 50 39 37 72 77 71 65 31 68 89 69 12 
569-9-10 1?1.961 = 9 93 24 66 50 60 72 77 65 31 45 71 53 37 39 61 10 
569-10-11 1?1.845 = 10 93 24 66 50 60 72 77 65 31 45 71 53 37 39 61 11 
569-9-11 1?1.942 = 9 93 24 66 50 60 72 77 65 31 45 71 53 37 39 61 11 
569-10-14 1?2.351 = 10 93 24 66 50 39 37 72 77 71 45 31 65 68 85 62 86 22 75 14 
569-9-14 1?2.429 = 9 24 66 50 60 72 77 65 31 45 69 89 68 85 62 86 22 75 14 
569-9-15 1?2.489 = 9 24 66 50 60 83 94 95 87 84 81 79 88 21 63 44 40 43 30 15 
569-10-13 1?2.223 = 10 93 24 66 50 39 53 37 72 77 71 45 31 65 85 68 89 69 13 
569-10-15 1?2.345 = 10 39 37 72 77 65 85 62 86 17 81 38 79 88 21 63 40 44 43 15 
569-9-13 1?2.466 = 9 93 24 66 50 60 72 77 71 45 31 69 89 68 85 62 86 22 13 
569-12-15 1?1.763 = 12 69 89 62 86 17 81 38 79 63 40 44 43 30 15 
569-14-15 1?1.697 = 14 75 22 86 17 81 38 79 88 21 63 40 44 43 30 15 
569-13-15 1?1.794 = 13 22 86 17 81 38 79 88 21 63 44 40 96 43 30 15 
569-13-14 1?2.064 = 13 22 86 17 87 84 81 79 88 21 63 40 44 43 30 14 
569-11-14 1?1.9 = 11 53 37 72 77 71 45 31 69 89 68 62 86 22 75 14 
569-12-14 1?1.915 = 12 69 31 45 71 53 37 72 77 65 85 62 86 22 75 14 
569-11-12 1?1.71 = 11 53 37 39 60 72 77 71 45 31 65 85 68 89 69 12 
569-11-13 1?1.951 = 11 53 37 72 77 71 45 31 69 89 68 85 62 86 22 13 
569-12-13 1?1.959 = 12 69 89 31 45 71 53 37 72 77 65 85 62 86 22 13 
569-11-15 1?2.161 = 11 53 71 65 85 62 86 17 81 38 79 88 21 63 40 44 43 30 15 
stop
