start
661-0-3 1?1.853 = 0 97 87 18 51 86 65 73 61 68 82 71 56 78 60 3 
661-0-2 1?1.946 = 0 97 87 18 51 86 65 73 61 68 82 57 33 25 2 
661-0-1 1?1.924 = 0 69 97 87 64 18 51 86 65 61 68 82 57 25 54 1 
661-0-10 1?2.551 = 0 49 54 25 57 82 68 86 51 34 98 50 35 70 28 75 72 95 10 
661-0-11 1?2.611 = 0 49 54 25 57 82 68 61 73 65 51 34 98 50 35 70 39 96 11 
661-0-8 1?2.589 = 0 49 54 25 57 82 68 61 86 65 73 36 31 21 92 20 53 85 8 
661-0-9 1?2.625 = 0 49 54 25 57 82 68 86 51 34 98 50 43 58 77 47 91 30 37 9 
661-0-4 1?2.113 = 0 97 87 18 51 86 65 73 61 68 82 57 71 42 22 40 90 17 4 
661-0-5 1?2.436 = 0 69 97 87 64 18 51 86 65 73 61 68 82 57 71 42 22 40 94 5 
661-0-7 1?2.61 = 0 49 54 25 57 82 68 61 86 65 73 36 31 21 92 20 66 46 7 
661-0-6 1?2.499 = 0 49 54 25 71 57 82 68 61 86 51 65 73 36 84 63 29 88 38 6 
661-1-2 1?1.898 = 1 54 25 57 82 68 61 86 51 65 73 44 42 71 2 
661-0-14 1?2.128 = 0 49 54 33 86 51 18 64 19 26 80 55 99 62 27 14 
661-0-15 1?2.069 = 0 49 54 25 57 82 68 61 73 65 51 18 87 97 69 15 
661-1-4 1?1.743 = 1 25 57 82 68 86 65 73 61 44 22 40 90 17 4 
661-1-3 1?1.606 = 1 54 33 86 65 73 61 68 82 57 71 42 56 78 60 3 
661-0-13 1?2.341 = 0 49 54 25 57 82 68 86 51 18 64 19 26 80 55 13 
661-1-5 1?2.255 = 1 25 33 86 51 65 73 61 68 82 57 71 42 44 22 40 94 5 
661-0-12 1?2.559 = 0 49 54 25 57 82 68 61 73 65 51 34 98 50 35 67 59 74 12 
661-1-7 1?2.429 = 1 25 57 82 68 61 73 65 86 51 34 98 89 31 21 52 66 46 7 
661-1-8 1?2.373 = 1 25 57 82 68 61 73 65 51 34 89 31 21 92 20 53 85 8 
661-1-6 1?2.38 = 1 54 25 71 57 82 68 61 86 51 65 73 36 84 63 29 79 23 38 6 
661-1-14 1?1.89 = 1 25 57 82 68 61 65 51 18 64 19 26 80 27 14 
661-1-15 1?1.844 = 1 25 57 82 68 61 65 86 51 18 87 97 69 45 15 
661-2-4 1?1.686 = 2 25 57 82 68 86 65 73 61 44 22 40 90 17 4 
661-1-13 1?2.154 = 1 25 57 82 68 61 73 65 51 18 87 64 19 26 80 55 13 
661-2-5 1?1.974 = 2 25 57 82 68 86 51 65 73 61 44 22 40 94 5 
661-1-11 1?2.353 = 1 54 25 57 82 68 61 73 65 51 34 98 50 35 70 39 96 11 
661-1-12 1?2.363 = 1 25 57 82 68 61 73 65 86 51 34 98 50 35 70 39 59 74 12 
661-2-3 1?1.587 = 2 25 33 86 65 61 68 82 57 71 42 56 78 60 3 
661-2-6 1?1.943 = 2 25 57 82 68 86 51 65 73 84 63 29 88 38 6 
661-1-10 1?2.36 = 1 54 25 57 82 68 61 73 65 51 34 98 50 35 70 28 75 72 95 10 
661-1-9 1?2.423 = 1 25 57 82 68 61 73 65 51 34 98 50 35 43 58 77 47 91 30 37 9 
661-2-14 1?1.833 = 2 25 57 82 68 61 65 51 18 64 19 26 80 27 14 
661-2-15 1?1.787 = 2 25 57 82 68 61 65 86 51 18 87 97 69 45 15 
661-3-4 1?1.612 = 3 60 78 56 42 71 57 82 68 61 44 22 40 90 17 4 
661-3-5 1?1.961 = 3 60 78 56 42 68 86 51 65 73 61 44 40 94 5 
661-2-12 1?2.306 = 2 25 57 82 68 61 73 65 86 51 34 98 50 35 70 39 59 74 12 
661-2-13 1?2.155 = 2 25 57 82 68 61 73 65 51 18 64 19 26 80 55 99 62 13 
661-2-11 1?2.373 = 2 25 57 82 68 61 73 65 86 51 34 98 50 35 70 28 75 72 11 
661-2-7 1?2.277 = 2 25 57 82 68 86 51 65 73 36 31 21 92 20 66 46 7 
661-2-8 1?2.285 = 2 25 57 82 68 61 86 51 65 73 36 81 21 92 20 53 85 8 
661-2-10 1?2.323 = 2 25 57 82 68 61 73 65 86 51 34 98 50 35 70 28 75 72 95 10 
661-2-9 1?2.334 = 2 25 57 82 68 61 73 65 34 98 50 35 43 58 77 47 91 30 37 9 
661-3-15 1?1.908 = 3 60 78 56 42 71 57 82 68 61 73 65 51 87 97 69 45 15 
661-4-5 1?2.074 = 4 17 78 60 56 42 71 57 82 68 61 44 22 40 94 5 
661-3-14 1?2.048 = 3 60 78 56 42 68 61 73 65 51 18 64 19 26 80 55 99 62 27 14 
661-3-7 1?2.168 = 3 60 78 56 42 71 57 82 68 61 65 73 84 63 29 79 23 7 
661-3-12 1?2.377 = 3 60 78 56 42 71 57 82 68 61 73 65 51 34 98 50 35 67 59 74 12 
661-3-6 1?1.958 = 3 60 78 56 42 68 61 86 65 73 84 63 29 88 38 6 
661-3-11 1?2.429 = 3 60 78 56 42 71 57 82 68 61 73 65 51 34 98 50 35 70 39 96 11 
661-3-13 1?2.272 = 3 60 78 56 42 71 57 82 68 61 73 65 51 18 87 64 19 26 80 55 13 
661-3-8 1?2.249 = 3 60 78 56 42 71 82 68 61 65 73 36 31 21 92 20 53 8 
661-3-10 1?2.357 = 3 60 78 56 71 82 68 61 73 65 51 34 98 50 35 70 28 75 72 95 10 
661-3-9 1?2.338 = 3 60 78 56 42 68 86 51 34 98 50 35 43 58 77 47 91 30 37 9 
661-4-15 1?2.064 = 4 17 90 22 42 71 57 82 68 61 73 65 51 18 87 97 69 45 15 
661-4-7 1?2.209 = 4 17 90 22 42 71 57 82 68 61 73 84 63 79 23 7 
661-4-12 1?2.468 = 4 17 90 22 42 71 82 68 61 73 65 51 34 98 50 35 67 59 74 12 
661-4-11 1?2.52 = 4 17 90 22 42 71 82 68 61 73 65 51 34 98 50 35 70 39 96 11 
661-4-14 1?2.201 = 4 17 90 22 42 68 61 73 65 86 51 18 64 19 26 80 55 99 62 14 
661-5-6 1?2.387 = 5 94 40 22 42 71 82 68 61 65 73 84 63 29 88 38 6 
661-4-6 1?2.093 = 4 17 90 22 42 68 61 86 65 73 84 63 29 88 38 6 
661-4-10 1?2.392 = 4 17 90 40 44 61 73 65 51 34 98 50 35 70 28 75 72 95 10 
661-4-8 1?2.329 = 4 90 17 78 60 56 42 44 84 81 21 92 20 53 93 85 8 
661-4-13 1?2.423 = 4 17 90 22 42 71 57 82 68 61 73 65 86 51 18 64 19 26 80 55 13 
661-4-9 1?2.408 = 4 17 90 40 22 42 68 61 65 73 36 31 21 92 83 30 37 9 
661-5-15 1?2.386 = 5 94 40 22 42 71 57 82 68 61 73 65 51 18 64 87 97 69 45 15 
661-6-7 1?2.481 = 6 38 23 79 81 21 31 89 50 35 43 92 20 46 7 
661-5-7 1?2.518 = 5 94 29 63 81 21 31 89 50 35 43 92 20 66 46 7 
661-5-11 1?2.762 = 5 94 40 22 42 68 61 73 65 86 51 34 98 50 35 70 39 96 11 
661-5-12 1?2.782 = 5 94 40 22 42 71 82 68 61 73 65 51 34 98 50 35 70 39 59 74 12 
661-6-8 1?2.14 = 6 38 23 46 66 20 92 43 58 77 47 91 30 37 93 85 8 
661-5-8 1?2.334 = 5 94 88 23 46 66 20 92 58 77 47 91 30 37 93 85 8 
661-5-13 1?2.633 = 5 94 40 22 42 71 57 82 68 61 73 65 51 18 64 19 26 80 55 13 
661-5-14 1?2.543 = 5 94 40 22 42 71 57 82 68 61 65 51 87 64 19 26 80 55 99 62 14 
661-5-10 1?2.633 = 5 94 88 29 63 79 52 92 20 83 30 91 47 77 58 75 72 95 10 
661-5-9 1?2.443 = 5 94 88 29 63 81 31 89 50 35 70 28 58 77 47 91 30 37 9 
661-7-10 1?2.103 = 7 46 66 20 83 53 93 30 91 47 77 58 75 72 95 10 
661-6-15 1?2.634 = 6 38 23 79 29 63 84 73 65 86 51 34 18 87 64 19 97 69 45 15 
661-6-11 1?2.712 = 6 38 23 46 66 20 83 53 85 93 37 30 91 47 77 58 75 72 95 11 
661-7-11 1?2.653 = 7 46 66 20 92 21 31 89 50 35 70 28 58 77 75 72 95 11 
661-7-8 1?2.072 = 7 46 66 20 92 43 58 77 47 91 30 83 53 93 85 8 
661-7-9 1?2.239 = 7 46 66 20 92 43 58 77 47 91 30 83 53 85 93 9 
661-6-12 1?2.765 = 6 38 23 46 66 20 83 30 91 47 72 75 77 58 28 70 39 59 74 24 12 
661-6-9 1?2.185 = 6 38 23 46 66 20 92 43 58 77 47 91 83 30 37 9 
661-6-13 1?2.716 = 6 38 88 29 63 84 36 73 65 86 51 18 87 64 19 26 80 55 99 62 13 
661-6-14 1?2.57 = 6 38 88 29 63 84 36 73 65 86 51 18 87 64 19 26 80 55 99 62 27 14 
661-6-10 1?2.504 = 6 38 23 46 66 20 92 83 53 93 37 30 91 47 77 75 72 95 10 
661-8-10 1?1.912 = 8 85 93 53 46 66 20 83 30 91 47 77 75 72 95 10 
661-7-15 1?2.667 = 7 46 66 20 92 21 81 36 73 65 86 51 18 87 64 19 26 45 15 
661-8-12 1?2.41 = 8 85 93 53 46 66 20 83 30 91 47 77 58 28 70 39 59 74 24 12 
661-8-11 1?2.486 = 8 85 93 53 46 66 20 92 83 30 91 47 77 58 28 70 39 96 11 
661-8-15 1?2.601 = 8 85 93 53 20 92 21 31 36 73 65 86 51 18 64 87 97 69 45 15 
661-8-13 1?2.524 = 8 85 93 53 83 30 91 47 72 75 77 58 28 70 39 59 74 24 32 41 13 
661-8-9 1?1.991 = 8 85 93 53 83 20 92 58 77 75 72 47 91 30 37 9 
661-7-13 1?2.69 = 7 46 66 52 21 31 89 98 34 18 87 64 19 26 80 55 99 62 13 
661-7-12 1?2.688 = 7 46 66 20 83 53 85 93 37 30 91 47 77 58 28 70 39 59 74 24 12 
661-7-14 1?2.571 = 7 46 66 20 92 21 31 89 34 18 87 64 19 26 80 55 99 62 27 14 
661-8-14 1?2.559 = 8 85 93 53 46 66 20 92 21 81 31 89 50 35 76 16 55 99 62 27 14 
661-9-13 1?2.096 = 9 37 30 83 91 47 77 58 28 70 39 59 74 24 32 41 13 
661-10-13 1?2.203 = 10 95 72 75 77 58 28 70 39 67 76 16 55 99 62 13 
661-9-12 1?2.097 = 9 37 93 53 83 30 91 47 77 58 28 70 39 59 74 24 12 
661-9-11 1?2.223 = 9 37 93 85 53 20 83 30 91 47 77 58 75 72 95 11 
661-10-12 1?2.293 = 10 95 72 75 77 58 43 50 35 70 28 39 59 74 24 12 
661-10-11 1?2.457 = 10 95 72 75 77 58 43 21 31 89 50 35 70 39 96 11 
661-9-10 1?2.025 = 9 37 93 85 53 20 83 30 91 47 77 58 75 72 95 10 
661-10-14 1?2.256 = 10 95 72 75 77 58 28 70 39 59 74 24 32 41 55 99 62 27 14 
661-10-15 1?2.493 = 10 95 72 75 77 58 28 70 39 67 16 55 99 62 27 80 26 45 15 
661-9-15 1?2.538 = 9 37 30 91 47 77 58 28 70 39 67 76 16 55 99 62 27 80 26 45 15 
661-9-14 1?2.506 = 9 37 30 91 47 77 58 28 70 35 50 98 19 26 80 16 55 99 62 27 14 
661-13-14 1?2.285 = 13 41 32 74 59 39 70 35 50 98 76 16 55 99 62 14 
661-12-14 1?2.255 = 12 74 59 39 28 70 35 50 89 98 76 16 55 99 62 14 
661-11-13 1?2.35 = 11 96 59 74 24 32 41 48 16 80 26 45 27 62 99 55 13 
661-14-15 1?1.919 = 14 27 62 99 55 16 80 26 19 64 18 87 97 69 45 15 
661-12-13 1?2.474 = 12 74 59 39 70 35 50 98 34 18 64 19 26 80 55 13 
661-11-12 1?2.491 = 11 95 72 75 77 58 43 50 35 70 28 39 59 74 24 12 
661-13-15 1?2.142 = 13 41 32 48 55 99 62 27 26 80 16 76 19 97 69 45 15 
661-11-15 1?2.546 = 11 96 74 24 32 41 48 55 99 62 27 80 16 76 19 26 45 15 
661-11-14 1?2.454 = 11 95 72 75 77 58 28 70 39 59 74 24 32 41 55 99 62 27 14 
661-12-15 1?2.392 = 12 24 32 41 48 55 99 62 27 80 26 19 64 18 87 97 69 45 15 
stop
