start
12-0-1 1?1.972 = 0 25 33 54 90 99 58 74 95 93 28 34 76 31 56 1 
12-0-2 1?1.622 = 0 25 33 54 90 99 58 76 31 20 88 57 27 45 32 55 2 
12-0-3 1?1.723 = 0 25 33 54 90 99 58 76 31 20 88 57 27 45 55 32 89 60 3 
12-0-4 1?1.982 = 0 25 33 54 90 99 58 31 20 88 57 27 45 55 32 89 60 37 4 
12-0-5 1?2.179 = 0 25 33 54 90 99 58 31 20 88 57 27 45 55 32 89 37 29 48 5 
12-0-6 1?2.379 = 0 25 33 54 90 99 58 76 34 22 28 95 93 77 62 47 83 26 79 71 6 
12-0-7 1?2.352 = 0 25 33 54 90 99 58 76 34 28 93 77 98 44 84 66 39 53 7 
12-0-8 1?2.486 = 0 25 33 54 90 99 58 31 76 34 22 28 95 93 77 98 87 84 24 69 51 8 
12-0-9 1?2.421 = 0 25 33 90 99 58 76 34 22 28 95 93 43 35 49 21 94 92 81 9 
12-0-10 1?2.484 = 0 25 33 54 90 99 58 31 76 34 22 28 95 93 43 35 17 59 10 
12-0-11 1?2.394 = 0 25 33 54 90 99 58 76 34 22 28 95 93 43 38 61 50 64 11 
12-0-12 1?2.231 = 0 25 33 54 90 99 58 31 76 34 22 28 95 74 65 78 86 42 12 
12-0-13 1?2.238 = 0 25 33 54 90 99 58 76 34 22 28 95 74 80 52 46 40 82 13 
12-0-14 1?1.878 = 0 25 33 56 31 58 99 90 54 30 97 52 46 40 75 14 
12-0-15 1?1.843 = 0 25 33 54 90 99 58 76 34 22 28 95 74 80 97 15 
12-1-2 1?1.921 = 1 33 25 54 90 99 58 76 31 20 88 57 27 45 32 55 2 
12-1-3 1?1.771 = 1 56 90 99 58 76 31 20 88 57 27 45 55 32 89 60 3 
12-1-4 1?2.046 = 1 56 31 76 20 88 57 27 45 55 32 70 18 89 60 37 29 4 
12-1-5 1?2.244 = 1 56 31 76 20 88 57 27 45 55 32 70 18 89 60 37 29 48 5 
12-1-6 1?2.394 = 1 56 88 20 31 76 34 22 28 95 93 77 98 62 47 83 26 79 71 6 
12-1-7 1?2.342 = 1 56 88 20 31 76 34 22 28 95 93 77 98 44 84 66 39 53 7 
12-1-8 1?2.521 = 1 56 88 20 31 76 34 22 28 95 93 77 98 35 49 21 84 24 69 51 8 
12-1-9 1?2.614 = 1 56 88 20 31 76 34 22 28 95 93 43 38 61 35 49 21 94 92 81 9 
12-1-10 1?2.821 = 1 56 88 20 31 90 99 58 76 34 22 28 95 93 43 38 61 35 17 59 10 
12-1-11 1?2.606 = 1 56 88 20 31 90 99 58 76 34 22 28 95 93 43 38 61 50 64 11 
12-1-12 1?2.579 = 1 56 88 20 31 90 99 58 76 34 22 28 95 93 43 38 78 86 42 12 
12-1-13 1?2.233 = 1 56 88 20 31 76 58 99 90 54 33 25 30 97 52 46 40 82 13 
12-1-14 1?1.729 = 1 56 88 20 31 76 58 99 90 54 97 52 46 40 75 14 
12-1-15 1?1.877 = 1 56 88 20 31 76 58 99 90 54 33 25 30 97 52 15 
12-2-3 1?2.005 = 2 57 56 90 99 58 76 31 88 20 27 45 55 32 89 60 3 
12-2-4 1?1.993 = 2 57 27 45 55 32 70 18 89 60 37 29 16 23 19 48 4 
12-2-5 1?2.304 = 2 57 27 45 55 32 70 18 89 60 37 29 23 16 19 67 26 79 63 5 
12-2-6 1?2.22 = 2 45 55 32 70 18 89 60 37 29 23 16 19 79 26 36 73 71 6 
12-2-7 1?2.18 = 2 45 55 32 89 60 37 29 23 16 19 79 26 36 91 66 39 53 7 
12-2-8 1?2.473 = 2 45 55 32 89 60 37 29 23 16 19 79 26 36 91 66 84 24 69 51 8 
12-2-9 1?2.578 = 2 45 55 32 89 60 37 29 23 16 19 67 83 41 44 84 21 94 92 81 9 
12-2-10 1?2.796 = 2 45 55 32 89 60 37 29 23 16 19 67 83 41 44 84 21 94 92 81 10 
12-2-11 1?2.669 = 2 57 88 20 31 90 99 58 76 34 22 28 95 93 43 38 61 50 64 11 
12-2-12 1?2.657 = 2 45 27 57 88 20 31 76 34 22 28 95 93 43 38 61 78 86 42 12 
12-2-13 1?2.385 = 2 55 45 27 57 88 20 31 76 58 99 90 54 30 97 52 46 40 82 13 
12-2-14 1?2.134 = 2 57 88 20 31 58 99 90 54 33 25 30 97 52 46 40 82 75 14 
12-2-15 1?1.773 = 2 45 27 57 88 20 31 76 58 99 90 54 33 25 30 15 
12-3-4 1?1.852 = 3 32 55 45 27 70 18 89 60 37 29 23 16 19 48 4 
12-3-5 1?1.781 = 3 32 55 45 27 70 18 89 60 37 29 23 16 19 48 5 
12-3-6 1?2.108 = 3 32 55 45 27 70 18 89 60 37 29 23 16 19 67 26 79 71 6 
12-3-7 1?2.081 = 3 60 89 70 18 37 29 23 16 19 79 26 36 73 66 39 53 7 
12-3-8 1?2.368 = 3 60 89 70 18 37 29 23 16 19 79 26 36 41 44 87 84 24 69 51 8 
12-3-9 1?2.431 = 3 60 89 37 29 23 16 19 79 26 36 91 66 44 84 21 94 92 81 9 
12-3-10 1?2.605 = 3 60 89 37 29 23 16 19 79 26 36 91 66 84 24 21 94 92 81 10 
12-3-11 1?2.649 = 3 32 55 45 27 57 88 20 31 76 34 22 28 95 93 43 38 61 50 64 11 
12-3-12 1?2.546 = 3 60 89 32 55 45 27 57 88 20 31 76 34 28 95 74 65 78 86 42 12 
12-3-13 1?2.367 = 3 32 55 45 27 57 88 20 31 76 58 99 90 54 30 97 52 46 40 82 13 
12-3-14 1?2.099 = 3 32 55 45 27 57 88 20 31 58 99 90 54 30 97 52 46 40 75 14 
12-3-15 1?1.996 = 3 60 89 18 70 32 55 45 27 57 88 20 31 76 58 99 90 54 30 15 
12-4-5 1?2.009 = 4 29 37 60 89 32 55 45 27 70 18 72 23 16 48 5 
12-4-6 1?1.955 = 4 29 23 16 19 79 26 36 91 66 39 53 73 71 6 
12-4-7 1?1.699 = 4 37 29 23 16 19 79 26 36 73 91 66 39 53 7 
12-4-8 1?2.201 = 4 37 29 23 16 19 79 26 36 91 66 84 44 87 21 24 69 51 8 
12-4-9 1?2.36 = 4 37 29 23 16 19 79 26 36 73 91 66 69 24 84 21 94 92 81 9 
12-4-10 1?2.531 = 4 37 29 23 16 19 79 26 36 91 66 84 44 87 49 21 94 92 81 10 
12-4-11 1?2.698 = 4 37 29 23 16 19 79 26 36 91 44 84 24 21 94 92 81 59 68 11 
12-4-12 1?2.701 = 4 37 29 16 23 19 79 26 83 47 62 77 98 43 61 38 78 86 42 12 
12-4-13 1?2.568 = 4 60 32 55 45 27 57 88 20 31 58 99 90 54 97 52 46 40 82 13 
12-4-14 1?2.427 = 4 60 89 32 55 45 27 57 88 20 31 58 99 90 54 97 52 46 40 75 14 
12-4-15 1?2.22 = 4 29 37 60 89 32 55 45 27 57 88 20 31 76 58 99 90 54 30 15 
12-5-6 1?1.982 = 5 48 16 23 19 79 26 36 91 66 39 53 73 71 6 
12-5-7 1?1.779 = 5 48 16 23 19 79 26 83 41 44 84 66 39 53 7 
12-5-8 1?2.209 = 5 48 16 23 19 79 26 36 73 91 66 84 69 24 21 94 51 8 
12-5-9 1?2.318 = 5 48 16 23 19 79 26 36 91 66 69 24 84 44 87 21 94 92 81 9 
12-5-10 1?2.615 = 5 48 16 23 19 79 26 36 73 91 66 84 69 24 21 94 92 81 59 10 
12-5-11 1?2.707 = 5 48 16 23 19 79 26 36 73 91 66 84 21 94 92 81 59 68 11 
12-5-12 1?3.017 = 5 48 29 37 18 70 27 57 88 20 31 76 34 22 28 95 74 65 78 86 42 12 
12-5-13 1?2.842 = 5 48 29 37 18 70 27 57 88 20 31 58 99 90 54 97 52 46 40 82 13 
12-5-14 1?2.639 = 5 48 29 37 89 70 27 57 88 20 31 58 99 90 54 97 52 46 40 75 14 
12-5-15 1?2.403 = 5 48 29 37 60 89 32 55 45 27 57 88 31 76 58 99 90 54 30 15 
12-6-7 1?1.793 = 6 71 63 79 26 83 41 44 87 84 24 69 66 39 53 7 
12-6-8 1?1.877 = 6 71 73 66 53 39 69 24 84 44 87 21 94 51 8 
12-6-9 1?2.082 = 6 71 73 91 66 53 39 69 24 84 44 87 49 21 94 92 81 9 
12-6-10 1?2.413 = 6 71 73 91 66 53 39 69 24 84 44 87 49 21 94 92 81 59 10 
12-6-11 1?2.479 = 6 71 73 91 66 53 39 69 24 84 87 21 94 92 81 59 68 11 
12-6-12 1?2.794 = 6 71 73 53 39 66 44 84 69 24 21 49 35 61 38 78 86 42 12 
12-6-13 1?2.794 = 6 71 79 26 83 47 62 93 22 28 95 74 80 97 52 46 40 75 82 13 
12-6-14 1?2.638 = 6 71 63 19 16 23 72 85 22 28 95 74 80 97 52 46 40 82 75 14 
12-6-15 1?2.579 = 6 71 79 26 83 47 62 77 93 95 28 22 34 76 31 58 99 90 54 30 15 
12-7-8 1?1.759 = 7 53 39 66 91 44 87 84 69 24 21 49 92 94 51 8 
12-7-9 1?1.716 = 7 53 39 66 69 24 84 44 87 21 49 94 92 81 96 9 
12-7-10 1?1.849 = 7 53 39 66 44 84 69 24 21 49 94 92 81 59 10 
12-7-11 1?2.563 = 7 53 39 66 91 73 36 41 44 84 69 24 21 94 92 81 59 68 11 
12-7-12 1?2.63 = 7 53 39 69 24 84 44 87 21 49 35 98 77 43 38 61 78 86 42 12 
12-7-13 1?2.835 = 7 53 39 66 84 21 49 35 61 38 65 80 97 52 46 40 75 82 13 
12-7-14 1?2.665 = 7 53 39 66 84 44 87 98 77 93 22 28 95 74 80 97 52 46 40 75 14 
12-7-15 1?2.513 = 7 53 39 66 84 87 98 77 93 95 28 22 34 76 58 99 90 54 30 15 
12-8-9 1?1.889 = 8 53 39 66 69 24 84 44 87 21 49 94 92 81 96 9 
12-8-10 1?2.022 = 8 53 39 66 44 84 69 24 21 49 94 92 81 59 10 
12-8-11 1?2.456 = 8 51 24 69 39 53 66 84 44 87 49 21 94 92 81 59 68 11 
12-8-12 1?2.535 = 8 53 39 66 69 24 84 44 87 21 49 35 61 38 78 86 42 12 
12-8-13 1?2.765 = 8 51 69 24 84 87 98 77 93 22 28 95 74 80 97 52 46 40 82 13 
12-8-14 1?2.646 = 8 51 69 24 84 44 87 98 77 93 22 28 95 74 80 97 52 46 40 75 14 
12-8-15 1?2.614 = 8 51 69 24 84 44 98 77 93 95 28 22 34 76 31 58 99 90 54 30 15 
12-9-10 1?2.191 = 9 81 92 94 21 24 69 66 84 44 87 49 35 17 59 10 
12-9-11 1?2.277 = 9 96 51 69 24 84 66 44 87 21 94 92 81 59 68 11 
12-9-12 1?2.295 = 9 81 92 94 21 49 35 98 77 43 61 38 78 86 42 12 
12-9-13 1?2.609 = 9 81 92 94 21 49 35 61 38 65 80 97 52 46 40 82 13 
12-9-14 1?2.562 = 9 81 92 94 21 49 35 98 77 93 22 28 95 74 80 46 40 75 14 
12-9-15 1?2.558 = 9 81 92 94 21 49 35 43 93 95 28 34 76 58 99 90 54 30 15 
12-10-11 1?2.548 = 10 59 81 92 94 51 24 84 44 87 21 49 35 17 68 11 
12-10-12 1?2.513 = 10 81 92 94 21 49 35 98 77 43 61 38 78 86 42 12 
12-10-13 1?2.763 = 10 59 17 35 43 93 22 28 95 74 80 97 52 46 40 82 13 
12-10-14 1?2.665 = 10 59 17 35 43 93 22 28 95 74 80 97 52 46 40 82 75 14 
12-10-15 1?2.527 = 10 59 17 35 98 77 93 95 28 22 34 76 58 99 90 54 30 15 
12-11-12 1?2.597 = 11 64 50 61 38 43 93 22 28 95 74 65 78 86 42 12 
12-11-13 1?2.604 = 11 64 50 61 38 93 22 28 95 74 80 52 46 40 82 13 
12-11-14 1?2.565 = 11 64 50 61 38 43 93 22 28 95 74 80 97 52 46 40 75 14 
12-11-15 1?2.498 = 11 64 50 61 38 43 93 95 28 22 34 76 58 99 90 54 30 15 
12-12-13 1?2.564 = 12 42 86 78 65 93 28 95 74 80 97 52 46 40 82 13 
12-12-14 1?2.36 = 12 42 86 78 65 93 28 95 74 80 97 52 46 40 75 14 
12-12-15 1?2.239 = 12 42 86 78 65 74 95 28 22 34 76 58 99 90 54 30 15 
12-13-14 1?2.537 = 13 42 86 78 65 93 28 95 74 80 97 52 46 40 75 14 
12-13-15 1?2.31 = 13 82 40 46 52 97 54 90 99 58 31 56 33 25 30 15 
12-14-15 1?2.08 = 14 40 46 52 80 74 95 28 34 76 58 99 90 54 30 15 
stop
