start
654-0-3 1?2.025 = 0 23 98 61 50 24 52 76 65 75 35 71 28 89 99 55 3 
654-0-4 1?2.167 = 0 23 61 50 24 52 76 65 35 75 69 59 30 20 44 57 46 4 
654-0-1 1?2.03 = 0 73 72 83 49 65 69 75 35 40 36 24 50 61 98 1 
654-0-9 1?2.544 = 0 23 61 50 24 36 40 35 75 69 65 66 90 84 26 62 78 54 9 
654-0-6 1?2.467 = 0 23 98 61 50 24 52 76 65 35 75 69 59 47 30 20 57 44 77 6 
654-0-10 1?2.502 = 0 73 60 37 80 88 48 68 25 32 51 22 39 93 63 97 70 53 43 87 10 
654-0-11 1?2.428 = 0 73 60 37 80 88 48 68 25 32 51 22 39 93 63 97 70 43 53 11 
654-0-2 1?2.084 = 0 23 98 61 50 24 52 76 65 69 75 35 71 89 28 55 2 
654-0-5 1?2.26 = 0 23 98 61 50 24 52 76 49 65 35 75 69 59 47 30 20 44 57 5 
654-0-8 1?2.541 = 0 23 61 50 24 36 40 35 75 69 65 66 90 84 26 45 79 31 8 
654-0-7 1?2.533 = 0 23 61 50 24 36 40 35 75 69 65 66 90 84 81 58 34 67 7 
654-1-3 1?1.725 = 1 98 61 50 24 52 76 49 65 69 75 35 71 89 99 3 
654-0-14 1?1.838 = 0 23 98 61 50 24 52 29 73 60 37 80 88 48 68 14 
654-0-15 1?1.948 = 0 23 61 98 96 50 24 52 29 73 60 37 80 88 48 15 
654-1-2 1?1.875 = 1 23 98 61 50 24 52 76 49 65 69 75 35 40 36 2 
654-1-5 1?1.919 = 1 98 61 50 24 52 76 65 35 75 69 59 47 30 20 44 5 
654-1-4 1?1.785 = 1 98 61 50 24 52 76 65 35 75 69 59 30 46 4 
654-0-13 1?2.198 = 0 23 98 61 50 24 52 76 83 91 38 32 51 22 63 93 39 13 
654-0-12 1?2.396 = 0 23 98 61 50 24 29 73 60 37 80 88 48 68 25 39 93 63 12 
654-1-6 1?2.329 = 1 96 98 61 50 24 52 76 49 65 75 35 59 47 30 20 44 77 6 
654-1-7 1?2.483 = 1 98 61 50 24 36 40 35 75 69 65 66 90 84 26 45 81 58 34 67 7 
654-1-8 1?2.538 = 1 96 98 61 50 24 52 36 40 35 75 69 65 66 90 84 26 45 79 31 8 
654-1-15 1?1.763 = 1 96 98 61 50 24 52 76 72 73 60 37 80 88 48 15 
654-2-3 1?2.006 = 2 24 52 76 72 91 83 49 65 69 75 35 71 89 99 3 
654-2-4 1?1.823 = 2 36 40 35 75 69 59 47 30 20 44 57 82 46 4 
654-2-5 1?2.179 = 2 55 99 89 71 35 75 69 59 47 30 20 44 57 46 82 5 
654-1-12 1?2.403 = 1 96 98 61 50 24 52 29 73 60 37 80 88 48 68 25 39 93 63 12 
654-1-9 1?2.417 = 1 98 61 50 24 36 40 35 75 69 65 66 90 84 26 45 79 31 54 9 
654-2-6 1?2.492 = 2 55 28 89 71 35 75 69 65 66 90 19 85 47 30 20 44 77 6 
654-1-10 1?2.474 = 1 98 61 50 24 52 76 65 66 90 84 26 45 62 78 42 56 17 87 10 
654-1-11 1?2.348 = 1 98 61 50 24 52 76 72 83 91 38 32 51 22 39 93 63 97 70 53 11 
654-1-13 1?2.266 = 1 96 98 61 50 24 52 76 72 83 91 38 32 51 22 63 93 39 25 13 
654-1-14 1?2.009 = 1 96 98 23 61 50 24 52 76 72 73 60 37 80 88 48 68 14 
654-2-15 1?2.354 = 2 36 40 35 75 69 65 49 76 52 24 50 61 98 23 73 60 92 15 
654-3-5 1?1.769 = 3 55 99 89 28 71 35 75 69 59 47 30 20 44 5 
654-3-4 1?1.724 = 3 99 89 71 35 75 69 59 30 20 44 57 82 46 4 
654-2-11 1?2.463 = 2 50 24 52 76 72 83 91 38 32 51 22 39 93 63 97 70 53 11 
654-2-12 1?2.616 = 2 96 98 61 50 24 52 29 73 60 37 80 88 48 68 25 39 93 63 12 
654-2-10 1?2.522 = 2 36 40 35 75 69 65 66 21 90 84 26 45 62 78 42 56 17 87 10 
654-2-9 1?2.59 = 2 55 99 89 28 71 35 75 69 65 66 90 84 26 45 62 78 42 86 9 
654-2-13 1?2.45 = 2 96 98 61 50 24 52 76 72 83 91 38 32 22 63 93 39 25 13 
654-2-14 1?2.359 = 2 55 99 89 28 71 35 75 69 65 49 83 91 37 80 88 48 68 14 
654-2-7 1?2.442 = 2 55 28 89 71 35 75 69 65 66 90 84 26 45 81 58 34 67 7 
654-2-8 1?2.583 = 2 55 99 89 71 35 75 69 65 66 21 90 84 26 45 62 78 31 8 
654-4-5 1?2.086 = 4 46 30 59 69 75 35 65 66 90 19 85 47 44 5 
654-3-6 1?1.951 = 3 55 99 89 71 35 75 69 59 47 30 20 44 77 6 
654-3-15 1?2.266 = 3 99 89 71 35 75 69 65 76 52 24 50 61 98 23 73 60 92 15 
654-3-9 1?2.353 = 3 55 99 89 28 71 35 75 69 65 66 90 84 26 45 62 78 86 9 
654-3-11 1?2.48 = 3 99 89 71 35 75 69 65 66 21 27 32 51 22 93 63 97 70 53 11 
654-3-10 1?2.345 = 3 99 89 28 71 35 75 69 65 66 90 84 26 45 62 78 42 17 87 10 
654-3-12 1?2.638 = 3 55 99 89 28 71 36 40 35 75 69 65 66 21 27 32 22 39 93 63 12 
654-3-7 1?2.211 = 3 99 89 71 35 75 69 65 66 90 84 26 45 81 58 34 67 7 
654-3-13 1?2.404 = 3 99 89 28 71 35 75 69 65 66 21 27 32 51 22 63 93 39 25 13 
654-3-8 1?2.301 = 3 55 28 89 71 35 75 69 65 66 90 84 26 45 62 78 31 8 
654-3-14 1?2.334 = 3 99 89 28 71 40 36 24 50 61 98 23 73 60 37 80 88 48 68 14 
654-4-15 1?2.382 = 4 46 57 44 20 30 47 59 75 35 65 49 83 91 37 80 88 48 15 
654-5-6 1?2.272 = 5 44 20 30 47 85 19 90 84 26 45 81 58 33 77 6 
654-4-6 1?2.062 = 4 99 89 28 71 35 75 69 59 47 30 57 20 44 77 6 
654-4-7 1?2.165 = 4 46 30 47 85 19 90 84 26 45 81 58 33 34 67 7 
654-4-9 1?2.395 = 4 46 30 47 59 69 75 35 65 66 90 84 26 45 62 78 86 9 
654-4-12 1?2.517 = 4 46 57 44 20 30 59 69 75 35 65 66 21 27 32 51 22 93 63 12 
654-4-11 1?2.537 = 4 46 57 44 20 30 47 85 19 81 45 26 62 78 42 56 16 43 53 11 
654-4-8 1?2.313 = 4 46 30 47 59 69 75 35 65 66 90 84 26 45 79 31 8 
654-4-10 1?2.435 = 4 46 30 59 69 75 35 65 66 90 84 26 45 62 78 42 17 87 10 
654-4-13 1?2.528 = 4 46 57 44 20 30 59 69 75 35 65 66 21 27 32 51 22 93 39 13 
654-4-14 1?2.374 = 4 46 57 44 20 30 59 69 75 65 49 83 91 37 80 88 48 68 14 
654-5-7 1?2.163 = 5 44 20 30 47 85 19 90 84 26 45 81 58 34 67 7 
654-6-7 1?2.334 = 6 77 44 20 30 47 59 35 75 69 19 85 33 34 67 7 
654-6-8 1?2.311 = 6 67 34 33 58 81 45 26 62 78 95 56 42 86 54 8 
654-5-15 1?2.449 = 5 44 20 30 59 69 75 35 65 76 52 24 50 61 98 23 73 60 92 15 
654-5-9 1?2.27 = 5 44 20 30 59 69 75 35 65 66 90 84 26 62 78 54 9 
654-5-10 1?2.387 = 5 57 44 20 30 59 35 75 69 65 66 90 84 95 56 17 87 10 
654-5-8 1?2.239 = 5 44 20 30 59 35 75 69 66 90 84 26 45 79 31 8 
654-5-12 1?2.429 = 5 44 20 30 59 69 75 35 65 66 21 27 32 51 22 39 93 63 12 
654-5-11 1?2.509 = 5 57 44 20 47 85 19 81 45 26 62 78 42 56 74 97 70 53 11 
654-5-13 1?2.465 = 5 44 20 30 47 59 69 75 35 65 66 21 27 32 51 22 93 39 13 
654-5-14 1?2.487 = 5 57 44 20 30 47 59 69 75 35 65 49 83 91 38 64 80 88 48 68 14 
654-7-9 1?2.122 = 7 67 33 34 18 58 81 45 26 62 78 95 56 42 86 9 
654-7-10 1?2.02 = 7 67 34 33 58 81 45 26 62 78 42 56 17 16 43 87 10 
654-7-8 1?2.181 = 7 67 34 33 58 81 45 26 62 78 95 56 42 86 54 8 
654-6-15 1?2.615 = 6 77 44 20 30 59 69 75 35 40 36 24 50 61 98 23 73 60 92 15 
654-6-9 1?2.473 = 6 77 44 20 30 59 35 75 69 66 90 84 26 62 78 54 9 
654-7-11 1?2.133 = 7 67 34 33 58 81 45 26 62 78 42 56 16 43 53 70 97 11 
654-6-12 1?2.585 = 6 67 34 33 58 81 45 26 62 78 42 56 17 87 16 43 53 70 97 12 
654-6-10 1?2.383 = 6 77 33 58 81 45 26 62 78 42 56 74 97 70 53 43 16 87 10 
654-6-11 1?2.432 = 6 67 34 33 58 81 45 26 62 78 42 56 17 87 16 43 53 70 97 11 
654-6-13 1?2.606 = 6 77 44 20 30 59 69 75 35 65 66 21 27 32 51 22 93 39 13 
654-6-14 1?2.55 = 6 77 44 20 30 47 59 69 75 35 65 49 83 91 37 80 88 48 68 14 
654-8-9 1?2.113 = 8 94 18 34 33 58 81 45 26 62 95 56 42 86 54 9 
654-8-10 1?2.037 = 8 94 67 34 33 58 81 45 26 62 78 42 56 17 16 87 10 
654-8-15 1?2.666 = 8 31 78 42 56 16 43 53 70 97 63 93 39 25 68 48 88 80 15 
654-7-15 1?2.763 = 7 67 34 33 58 81 45 26 84 90 66 65 49 83 91 38 64 88 48 80 15 
654-8-11 1?2.27 = 8 94 18 58 81 45 26 62 78 42 56 17 16 43 53 70 97 11 
654-7-12 1?2.455 = 7 67 34 33 58 81 45 26 62 78 42 56 17 87 16 43 53 70 97 12 
654-8-12 1?2.613 = 8 94 67 34 33 58 81 45 26 62 78 42 56 17 16 43 53 70 97 12 
654-8-13 1?2.602 = 8 54 86 42 56 17 16 43 53 70 97 63 93 39 22 51 32 25 13 
654-7-13 1?2.664 = 7 67 34 33 58 81 45 26 62 78 42 56 74 51 22 63 93 39 25 13 
654-7-14 1?2.699 = 7 67 34 33 58 81 45 26 84 90 66 21 49 83 91 37 80 88 48 68 14 
654-8-14 1?2.786 = 8 31 79 45 26 84 90 66 69 75 35 65 49 83 91 37 80 88 48 68 14 
654-10-11 1?2.046 = 10 87 16 17 56 42 78 62 45 26 95 74 97 70 53 11 
654-9-11 1?1.937 = 9 54 31 79 45 26 62 78 42 56 17 87 16 43 53 11 
654-9-12 1?2.221 = 9 54 31 79 45 26 62 78 42 17 87 16 43 70 97 12 
654-10-12 1?2.416 = 10 87 16 17 56 42 78 62 45 26 95 74 43 70 97 12 
654-9-10 1?2.095 = 9 54 78 86 42 56 74 97 70 53 43 16 87 17 10 
654-10-13 1?2.121 = 10 87 17 42 56 16 43 53 70 97 63 22 51 32 39 13 
654-9-15 1?2.453 = 9 86 42 56 17 16 43 53 70 97 63 93 39 25 68 48 88 80 15 
654-10-15 1?2.47 = 10 87 43 53 70 97 63 93 39 22 51 32 25 68 48 88 80 37 60 92 15 
654-9-13 1?2.377 = 9 86 42 56 17 87 16 43 53 70 97 63 93 39 22 51 32 25 13 
654-10-14 1?2.583 = 10 87 17 86 42 56 16 43 53 70 97 63 93 39 22 51 32 25 68 14 
654-9-14 1?2.689 = 9 54 86 42 56 17 87 16 43 53 70 97 63 93 39 22 51 32 25 68 14 
654-12-15 1?2.03 = 12 63 93 39 22 51 32 25 68 48 88 80 64 37 60 92 15 
654-14-15 1?2.169 = 14 68 48 88 80 37 60 73 29 24 50 61 98 23 0 92 15 
654-13-15 1?2.032 = 13 39 93 63 22 51 32 25 68 48 88 80 64 37 60 92 15 
654-11-12 1?2.281 = 11 53 43 16 56 42 78 62 45 26 95 74 70 97 12 
654-11-13 1?2.2 = 11 53 43 16 17 42 56 74 70 97 63 93 22 39 13 
654-13-14 1?2.338 = 13 25 39 93 22 51 32 38 83 91 37 64 80 88 48 68 14 
654-12-13 1?2.396 = 12 97 70 53 43 16 17 42 56 74 63 93 22 39 13 
654-11-15 1?2.329 = 11 53 70 97 63 93 39 22 51 32 25 68 48 88 80 64 37 60 92 15 
654-12-14 1?2.402 = 12 97 70 53 43 16 74 63 93 39 22 51 32 25 68 14 
654-11-14 1?2.017 = 11 53 70 97 63 93 39 22 51 32 25 68 64 88 48 14 
stop
