start
763-0-4 1?1.972 = 0 38 70 29 79 72 57 65 36 56 44 24 62 23 90 86 74 4 
763-0-1 1?1.768 = 0 38 70 29 50 92 94 83 65 36 56 44 57 72 1 
763-0-5 1?2.341 = 0 38 70 29 79 50 92 94 25 75 49 16 64 26 96 39 71 33 52 5 
763-0-6 1?2.352 = 0 38 70 29 79 50 92 94 25 75 49 16 64 26 96 39 71 33 52 6 
763-0-9 1?2.456 = 0 38 70 29 79 50 92 94 25 75 42 87 31 37 18 63 61 17 47 80 9 
763-0-7 1?2.617 = 0 38 70 29 79 50 92 94 25 75 49 16 64 26 96 39 71 33 88 98 7 
763-0-10 1?2.519 = 0 38 70 29 79 50 92 69 68 46 60 99 28 84 89 22 97 67 77 10 
763-0-11 1?2.5 = 0 38 70 29 79 50 92 94 69 68 46 60 99 84 89 22 97 67 11 
763-0-2 1?1.757 = 0 38 70 59 92 50 29 79 72 57 65 36 56 81 44 2 
763-0-3 1?1.972 = 0 38 70 29 79 50 92 94 83 65 36 56 81 23 62 24 3 
763-0-8 1?2.647 = 0 38 70 59 92 94 25 55 54 32 78 51 18 63 61 17 85 76 43 30 8 
763-1-2 1?2.068 = 1 72 57 65 36 56 81 27 49 16 26 64 90 23 44 2 
763-0-13 1?2.061 = 0 38 70 29 50 83 94 92 69 68 48 95 93 41 13 
763-0-14 1?1.996 = 0 38 29 79 50 65 36 83 94 69 68 48 95 93 14 
763-0-15 1?1.889 = 0 38 70 29 50 65 36 56 81 83 94 92 59 66 34 15 
763-1-4 1?2.016 = 1 72 57 65 36 56 81 83 94 25 75 49 16 26 86 74 4 
763-1-3 1?1.693 = 1 72 57 65 36 56 81 27 49 16 64 90 23 62 24 3 
763-1-6 1?2.281 = 1 72 57 65 36 56 81 83 94 25 75 49 16 26 96 39 71 33 52 6 
763-1-5 1?2.13 = 1 72 57 65 36 56 81 83 94 25 75 49 16 26 96 39 71 5 
763-0-12 1?2.456 = 0 38 70 29 79 50 92 94 25 55 32 54 28 99 84 89 22 40 12 
763-1-7 1?2.598 = 1 72 57 65 36 56 81 27 64 26 16 49 91 35 31 53 43 30 45 98 7 
763-1-8 1?2.481 = 1 72 57 65 36 56 81 27 16 49 91 35 31 37 18 63 85 76 43 30 8 
763-1-14 1?1.846 = 1 72 57 65 36 56 81 83 94 92 69 68 48 95 93 14 
763-1-15 1?1.814 = 1 72 79 29 50 65 36 56 81 83 94 92 59 66 34 15 
763-2-4 1?2.001 = 2 44 56 36 65 83 94 25 75 49 16 26 86 74 4 
763-2-6 1?2.121 = 2 44 56 36 65 83 27 64 26 16 96 39 71 33 52 6 
763-2-3 1?1.794 = 2 44 65 36 56 81 27 49 16 26 64 90 23 62 24 3 
763-2-5 1?2.048 = 2 44 65 36 56 81 27 49 16 64 26 96 39 71 33 52 5 
763-1-10 1?2.449 = 1 72 57 65 36 83 94 69 68 46 60 99 84 89 22 97 67 77 10 
763-1-11 1?2.476 = 1 72 57 65 36 56 81 83 94 69 68 46 60 99 28 84 89 22 40 11 
763-1-9 1?2.368 = 1 72 57 65 36 56 81 27 64 16 49 91 35 31 37 18 63 61 17 47 80 9 
763-1-13 1?2.417 = 1 72 57 65 36 56 81 83 94 25 55 32 54 28 84 99 60 41 13 
763-1-12 1?2.393 = 1 72 57 65 36 56 81 83 94 69 68 46 60 99 28 84 89 22 40 12 
763-2-14 1?2.335 = 2 44 56 36 65 50 79 29 38 70 59 92 69 68 48 95 93 14 
763-3-4 1?2.042 = 3 24 62 23 90 27 64 26 16 49 91 96 39 71 86 74 4 
763-3-5 1?1.887 = 3 24 62 23 90 27 64 26 16 49 91 96 39 71 33 52 5 
763-2-15 1?2.211 = 2 44 65 36 56 81 83 94 92 59 50 79 29 38 70 66 34 15 
763-2-7 1?2.435 = 2 44 65 36 56 81 27 64 26 16 49 91 96 39 71 33 88 98 7 
763-2-10 1?2.544 = 2 44 56 36 65 83 94 69 68 46 60 99 84 89 22 97 67 77 10 
763-2-9 1?2.413 = 2 44 56 81 27 64 26 16 49 75 42 87 31 37 18 63 61 17 47 80 9 
763-2-11 1?2.616 = 2 44 56 36 65 83 94 25 55 32 54 28 99 84 89 22 97 67 11 
763-2-8 1?2.485 = 2 44 56 81 27 64 26 16 49 91 35 31 37 18 63 85 76 43 30 8 
763-2-12 1?2.575 = 2 44 65 36 56 81 83 94 92 69 68 46 60 99 28 84 89 22 40 12 
763-2-13 1?2.655 = 2 44 65 36 56 81 27 64 26 16 49 75 42 55 54 28 99 60 41 13 
763-3-6 1?1.898 = 3 24 62 23 90 27 64 26 16 49 91 96 39 71 33 52 6 
763-3-14 1?2.402 = 3 24 62 23 90 27 64 26 16 49 42 87 32 54 28 99 60 95 93 14 
763-4-5 1?2.011 = 4 74 86 62 23 90 64 27 49 16 26 96 39 71 33 52 5 
763-3-15 1?2.212 = 3 24 62 23 90 64 26 16 49 75 25 94 92 59 70 38 34 15 
763-3-7 1?2.385 = 3 24 62 23 90 27 64 26 16 49 91 35 31 53 43 30 45 98 7 
763-3-10 1?2.432 = 3 24 62 23 90 64 26 16 49 75 42 87 31 37 18 63 61 17 58 77 10 
763-3-11 1?2.456 = 3 24 62 23 90 64 26 16 49 91 35 31 37 18 63 61 17 58 77 82 11 
763-3-9 1?2.217 = 3 24 62 23 90 64 26 16 49 75 42 87 31 37 18 63 61 17 47 80 9 
763-3-12 1?2.406 = 3 24 62 23 90 64 26 16 49 75 55 32 54 28 99 84 89 22 40 12 
763-3-8 1?2.289 = 3 24 62 23 90 64 26 16 49 91 35 31 37 18 63 85 76 43 30 8 
763-3-13 1?2.487 = 3 24 62 23 90 64 26 16 49 75 42 55 32 54 28 84 99 60 41 13 
763-5-6 1?2.398 = 5 52 33 71 39 96 26 64 27 16 49 75 42 87 35 88 6 
763-4-6 1?2.063 = 4 62 23 90 64 26 16 49 91 96 39 71 33 52 88 6 
763-4-7 1?2.215 = 4 62 23 90 64 26 16 49 91 96 39 71 33 88 98 7 
763-4-14 1?2.426 = 4 74 86 90 23 62 24 44 56 36 65 83 94 69 68 48 95 93 14 
763-4-9 1?2.209 = 4 74 86 64 26 16 49 75 42 87 31 37 18 63 61 17 47 80 9 
763-4-10 1?2.464 = 4 62 23 90 64 26 16 49 91 35 31 37 18 63 61 17 58 77 10 
763-4-8 1?2.178 = 4 74 86 62 23 90 64 26 16 49 91 35 53 43 30 8 
763-4-11 1?2.551 = 4 74 86 62 23 90 64 26 16 49 75 55 54 32 78 20 97 67 11 
763-4-15 1?2.465 = 4 74 86 90 23 62 24 44 56 36 65 57 72 79 29 50 92 59 66 34 15 
763-4-12 1?2.611 = 4 74 86 62 23 90 64 26 16 49 42 55 54 28 99 84 89 22 40 12 
763-4-13 1?2.657 = 4 74 86 90 23 62 24 44 65 36 56 81 83 94 69 68 48 95 93 41 13 
763-5-7 1?2.297 = 5 52 33 88 53 37 18 61 17 85 76 30 43 45 98 7 
763-6-7 1?2.308 = 6 52 33 88 53 37 18 61 17 85 76 30 43 45 98 7 
763-5-14 1?2.588 = 5 52 33 71 39 96 26 64 16 49 75 25 94 92 69 68 48 95 93 14 
763-6-8 1?2.164 = 6 52 33 88 53 43 30 76 85 63 61 17 47 80 19 8 
763-5-8 1?2.153 = 5 52 33 88 53 43 30 76 85 63 61 17 47 80 19 8 
763-5-9 1?2.283 = 5 52 33 71 39 96 26 16 49 91 35 31 37 18 61 17 47 80 9 
763-5-11 1?2.52 = 5 52 33 88 53 43 30 76 85 17 61 63 18 51 78 20 97 67 11 
763-5-10 1?2.505 = 5 52 33 71 39 96 26 64 16 49 91 35 31 37 18 63 61 17 58 10 
763-5-12 1?2.472 = 5 52 33 71 39 96 26 64 16 49 75 55 54 28 84 89 73 12 
763-5-15 1?2.602 = 5 52 33 71 39 96 26 64 16 49 75 25 94 92 50 79 29 70 66 34 15 
763-5-13 1?2.59 = 5 52 33 71 39 96 26 64 16 49 42 55 54 28 84 99 60 41 13 
763-7-9 1?1.621 = 7 98 45 43 30 76 85 63 37 18 61 17 47 80 19 9 
763-6-14 1?2.537 = 6 52 33 71 39 96 26 64 27 16 49 75 25 94 69 68 48 95 93 14 
763-7-10 1?1.924 = 7 98 45 43 30 76 85 17 61 63 18 51 20 97 67 77 10 
763-6-9 1?2.312 = 6 88 53 45 43 30 76 85 63 18 37 51 61 17 47 80 19 9 
763-7-8 1?1.829 = 7 98 45 43 30 76 85 63 37 18 61 17 47 80 19 8 
763-6-10 1?2.378 = 6 98 45 43 30 76 85 17 61 63 18 51 78 20 97 67 82 77 10 
763-6-12 1?2.483 = 6 52 33 71 39 96 26 64 16 49 75 55 54 28 84 89 73 12 
763-7-11 1?2.223 = 7 98 45 43 30 76 85 17 61 63 18 37 51 78 20 97 67 77 82 11 
763-6-13 1?2.538 = 6 52 33 71 39 96 26 64 27 16 49 42 55 54 28 99 60 41 13 
763-6-11 1?2.617 = 6 88 53 43 30 76 85 17 61 63 18 37 51 78 20 97 67 77 82 11 
763-6-15 1?2.661 = 6 52 33 71 39 96 26 64 16 49 75 25 94 92 50 79 29 70 38 34 15 
763-8-9 1?1.812 = 8 30 43 53 76 85 63 18 37 51 61 17 47 19 80 9 
763-8-10 1?1.815 = 8 30 43 76 85 17 61 63 18 51 78 20 97 67 82 77 10 
763-8-11 1?1.839 = 8 30 43 76 85 17 61 63 18 51 78 20 97 67 77 82 11 
763-7-14 1?2.593 = 7 98 45 43 30 76 85 47 17 61 63 18 51 78 21 28 99 60 95 93 14 
763-8-12 1?2.072 = 8 30 43 76 85 17 61 63 18 37 51 78 20 67 97 22 40 12 
763-8-13 1?2.239 = 8 30 43 76 85 17 61 63 18 51 78 20 67 97 22 89 41 13 
763-8-14 1?2.516 = 8 30 43 76 85 17 61 63 18 37 51 78 32 54 28 84 99 60 95 93 14 
763-7-15 1?2.64 = 7 98 45 43 30 76 85 17 61 63 18 51 78 21 28 99 60 93 95 15 
763-7-12 1?2.345 = 7 98 45 43 30 76 85 17 61 63 18 37 51 78 20 67 97 22 40 12 
763-7-13 1?2.466 = 7 98 45 43 30 76 85 17 61 63 18 51 78 32 54 28 99 60 41 13 
763-8-15 1?2.656 = 8 30 43 76 85 17 61 63 18 51 78 32 54 28 84 99 60 46 48 15 
763-9-10 1?1.626 = 9 80 19 47 17 61 63 18 51 78 20 97 67 82 77 10 
763-10-13 1?2.027 = 10 77 67 97 22 89 84 28 99 60 48 95 93 41 13 
763-9-12 1?1.815 = 9 80 47 17 61 63 85 76 37 18 51 78 21 22 40 12 
763-9-11 1?1.65 = 9 80 47 17 61 63 85 76 37 18 51 78 20 97 67 11 
763-10-12 1?2.053 = 10 77 58 17 61 63 18 51 78 20 67 97 22 89 73 12 
763-10-11 1?1.865 = 10 77 58 17 61 63 85 76 37 18 51 78 20 97 67 11 
763-10-14 1?2.48 = 10 77 58 17 61 63 85 76 37 18 51 78 32 54 28 99 60 93 14 
763-9-14 1?2.309 = 9 80 47 17 61 63 85 76 37 18 51 78 32 54 28 99 60 93 95 14 
763-10-15 1?2.57 = 10 77 67 97 20 22 89 84 28 99 60 46 68 69 92 59 66 34 15 
763-9-13 1?2.176 = 9 80 47 17 61 63 18 51 78 20 67 97 22 89 84 60 41 13 
763-9-15 1?2.475 = 9 80 47 17 61 63 85 76 37 18 51 78 32 54 28 99 60 93 95 15 
763-13-14 1?2.297 = 13 41 60 99 84 89 22 21 28 54 46 48 95 93 14 
763-12-14 1?2.329 = 12 73 40 22 89 84 60 99 28 54 55 46 48 95 93 14 
763-11-14 1?2.241 = 11 82 77 67 97 20 22 89 84 28 99 60 46 48 95 93 14 
763-13-15 1?2.204 = 13 41 93 95 48 68 69 94 92 50 79 29 70 38 34 15 
763-14-15 1?2.243 = 14 93 95 48 68 69 94 83 36 65 50 79 29 38 15 
763-12-13 1?2.16 = 12 40 22 89 84 60 99 28 54 46 48 95 93 41 13 
763-11-13 1?2.059 = 11 67 97 22 89 84 28 99 60 46 48 95 93 41 13 
763-11-12 1?2.134 = 11 82 77 67 97 20 78 32 54 28 84 89 22 40 73 12 
763-11-15 1?2.565 = 11 82 77 67 97 22 89 84 28 99 60 46 68 69 92 59 66 34 15 
763-12-15 1?2.508 = 12 40 22 89 84 60 99 28 54 32 55 25 94 92 59 66 34 15 
stop
