start
965-0-2 1?2.236 = 0 33 83 94 36 97 43 88 26 49 40 68 95 60 87 2 
965-0-3 1?2.378 = 0 33 83 94 36 97 75 82 50 93 88 26 49 63 77 3 
965-0-4 1?2.452 = 0 33 94 36 97 43 93 19 45 89 28 22 17 18 65 25 4 
965-0-1 1?2.286 = 0 33 83 94 36 97 43 88 26 49 68 95 60 87 56 1 
965-0-6 1?2.284 = 0 33 94 36 97 43 93 19 45 89 28 22 17 18 65 76 53 6 
965-0-8 1?2.632 = 0 33 94 36 97 43 93 19 45 80 89 28 17 22 35 59 79 41 8 
965-0-7 1?2.606 = 0 33 83 94 36 97 43 93 19 45 80 89 28 17 18 22 35 21 7 
965-0-10 1?2.624 = 0 33 94 36 97 75 82 50 46 84 34 38 37 54 98 57 29 64 10 
965-0-9 1?2.837 = 0 33 94 36 97 75 82 50 46 84 34 38 37 54 98 57 29 64 42 78 9 
965-0-11 1?2.409 = 0 33 83 94 36 97 43 82 75 50 46 84 34 38 37 54 98 57 11 
965-0-5 1?2.243 = 0 33 94 36 97 43 93 19 45 89 28 22 17 18 65 76 16 5 
965-0-14 1?2.031 = 0 33 83 94 36 97 43 93 50 82 75 51 66 62 14 
965-1-4 1?2.19 = 1 60 95 68 63 27 71 28 17 18 65 76 16 25 4 
965-0-15 1?2.066 = 0 33 83 94 36 97 43 82 75 51 24 92 52 72 81 15 
965-1-2 1?2.34 = 1 83 94 36 97 75 82 50 93 43 99 90 40 60 87 2 
965-1-3 1?2.375 = 1 56 87 95 68 63 27 71 28 22 17 18 32 91 77 3 
965-0-13 1?2.239 = 0 33 83 94 36 97 43 93 50 82 75 24 51 66 48 47 13 
965-1-5 1?2.125 = 1 56 87 95 68 63 27 71 80 89 28 17 22 18 65 76 16 5 
965-1-6 1?2.291 = 1 56 87 60 95 68 63 27 71 80 89 28 17 22 18 65 76 53 6 
965-0-12 1?2.466 = 0 33 94 36 97 43 93 50 82 75 51 66 48 84 34 38 12 
965-1-8 1?2.619 = 1 56 60 95 68 63 27 71 80 89 28 18 17 22 35 59 79 67 41 8 
965-1-7 1?2.489 = 1 56 87 95 68 63 27 71 80 89 28 17 22 35 59 79 41 67 39 7 
965-1-15 1?2.151 = 1 83 94 36 97 43 93 50 82 75 24 92 52 72 81 15 
965-2-4 1?2.057 = 2 87 95 68 63 27 71 28 22 17 18 65 76 16 25 4 
965-2-5 1?1.819 = 2 95 68 63 27 71 80 89 28 17 18 65 76 16 5 
965-2-3 1?2.247 = 2 87 95 68 63 27 71 28 22 17 18 65 32 91 77 3 
965-1-14 1?2.105 = 1 83 94 36 97 43 93 50 82 75 24 51 66 62 14 
965-1-10 1?2.762 = 1 83 94 36 97 43 93 82 75 50 46 84 34 38 37 54 98 57 10 
965-2-6 1?2.255 = 2 87 60 95 68 63 27 71 80 89 28 22 17 18 65 76 16 53 6 
965-1-9 1?2.726 = 1 56 87 95 68 63 27 71 80 89 28 17 22 58 23 20 70 9 
965-1-11 1?2.531 = 1 83 94 36 97 43 82 75 24 51 66 48 84 34 38 37 54 98 11 
965-1-13 1?2.524 = 1 83 94 36 97 43 93 50 82 75 24 51 66 48 84 34 47 13 
965-1-12 1?2.667 = 1 56 87 95 68 60 90 94 36 97 75 82 50 46 84 34 38 12 
965-2-15 1?2.186 = 2 87 95 68 60 40 90 99 97 36 94 52 72 81 61 15 
965-3-4 1?2.136 = 3 77 27 71 80 89 28 22 17 18 65 76 16 25 55 4 
965-3-5 1?1.912 = 3 68 63 27 71 80 89 28 22 17 18 65 76 16 5 
965-2-10 1?2.684 = 2 87 60 90 94 36 97 75 82 50 46 84 34 38 37 54 98 57 10 
965-2-14 1?2.499 = 2 87 60 40 90 99 97 43 93 50 82 75 51 24 92 52 72 81 61 14 
965-2-9 1?2.698 = 2 87 95 68 63 27 71 32 65 18 17 22 28 89 58 23 20 70 9 
965-2-11 1?2.523 = 2 87 60 40 90 94 36 97 75 82 50 46 84 34 38 37 54 98 57 11 
965-2-7 1?2.409 = 2 87 95 68 63 27 71 80 89 28 18 17 22 35 59 79 41 67 39 7 
965-2-8 1?2.593 = 2 87 95 68 63 27 71 80 28 22 17 18 65 76 53 44 35 59 79 41 8 
965-2-12 1?2.721 = 2 87 95 68 40 90 94 36 97 75 82 50 46 84 34 38 37 98 54 12 
965-2-13 1?2.666 = 2 87 95 68 40 90 94 36 97 43 93 50 82 75 24 51 66 48 47 13 
965-3-6 1?1.953 = 3 68 63 27 71 80 89 28 22 17 18 65 76 53 6 
965-4-5 1?2.184 = 4 55 91 32 25 16 76 65 18 17 28 89 58 22 44 53 5 
965-3-15 1?2.558 = 3 68 95 60 40 49 26 88 43 93 50 82 75 24 92 52 72 81 15 
965-3-10 1?2.745 = 3 77 55 25 16 76 65 18 17 22 35 59 79 67 41 69 20 70 78 10 
965-3-7 1?2.264 = 3 77 55 91 32 65 18 17 22 28 89 58 35 59 79 41 67 39 7 
965-3-9 1?2.606 = 3 77 55 91 32 25 16 76 65 18 17 22 28 89 58 23 20 70 9 
965-3-14 1?2.576 = 3 68 95 60 90 94 36 97 43 93 50 82 75 24 51 66 62 14 
965-3-8 1?2.453 = 3 77 55 91 32 25 16 76 65 18 17 22 28 89 58 35 59 79 67 41 8 
965-3-11 1?2.55 = 3 68 95 60 90 99 97 75 82 50 46 84 34 38 37 54 98 57 11 
965-3-12 1?2.765 = 3 68 95 60 40 90 94 36 97 75 82 50 46 84 34 38 37 54 12 
965-3-13 1?2.702 = 3 68 95 60 40 90 94 36 97 43 93 50 82 75 51 66 48 47 13 
965-4-6 1?2.042 = 4 25 16 76 65 18 17 22 28 80 89 58 35 21 6 
965-5-6 1?1.851 = 5 16 76 53 65 18 17 22 28 89 58 35 59 21 6 
965-4-15 1?2.513 = 4 25 65 18 17 22 28 89 80 45 19 93 82 75 24 92 52 15 
965-4-9 1?2.373 = 4 25 16 76 65 18 17 22 28 89 58 23 69 20 70 42 78 9 
965-4-7 1?2.002 = 4 25 16 76 65 18 17 22 28 89 58 35 59 79 41 67 39 7 
965-4-8 1?2.203 = 4 55 91 32 25 16 76 65 18 17 22 28 89 58 35 59 79 41 8 
965-4-10 1?2.583 = 4 25 16 76 65 18 17 22 28 80 89 58 23 20 69 70 42 78 10 
965-4-14 1?2.517 = 4 25 16 76 65 18 17 22 28 89 45 19 93 82 75 51 66 62 14 
965-4-11 1?2.635 = 4 25 16 76 65 18 17 22 28 89 23 85 30 64 29 57 98 37 54 11 
965-4-12 1?2.742 = 4 25 16 76 65 18 17 22 28 89 45 19 93 82 75 50 46 84 34 12 
965-4-13 1?2.691 = 4 25 16 76 65 18 17 28 89 80 45 19 93 50 82 75 51 48 47 13 
965-6-8 1?1.651 = 6 53 76 65 18 17 22 28 89 58 35 59 79 41 8 
965-6-7 1?1.657 = 6 53 76 65 18 17 22 28 89 58 35 59 21 39 7 
965-5-7 1?1.602 = 5 16 76 65 18 17 22 28 58 35 59 79 41 67 39 7 
965-5-15 1?2.242 = 5 16 76 65 18 17 22 28 89 45 19 93 82 75 24 92 72 81 15 
965-5-9 1?2.144 = 5 16 76 65 18 17 22 28 89 58 23 85 20 69 70 42 78 9 
965-5-10 1?2.32 = 5 16 76 53 65 18 17 22 35 59 79 67 41 69 20 70 42 78 10 
965-5-8 1?1.977 = 5 16 76 65 18 17 22 28 80 89 58 35 59 21 39 67 41 8 
965-5-14 1?2.34 = 5 16 76 65 18 17 22 28 89 45 19 93 50 82 75 24 51 66 62 14 
965-5-11 1?2.43 = 5 16 76 65 18 17 22 28 89 45 19 93 50 46 73 38 37 54 98 11 
965-5-12 1?2.502 = 5 16 76 65 18 17 22 28 89 80 45 19 93 82 75 50 46 84 34 12 
965-5-13 1?2.474 = 5 16 76 65 18 17 22 28 89 45 19 93 50 82 75 24 51 66 48 47 13 
965-6-9 1?1.897 = 6 53 76 65 18 17 22 28 58 23 85 20 70 69 9 
965-7-8 1?1.902 = 7 21 44 53 76 65 18 17 22 58 35 59 79 41 67 8 
965-7-9 1?2.101 = 7 21 44 18 17 22 28 89 58 23 85 20 70 69 9 
965-7-10 1?2.451 = 7 39 67 41 79 59 35 44 18 17 22 28 58 23 20 70 78 10 
965-6-10 1?2.16 = 6 53 76 65 18 17 22 35 59 79 67 41 69 20 70 42 78 10 
965-6-15 1?2.283 = 6 53 76 65 18 17 22 28 89 45 19 93 82 75 24 92 72 81 15 
965-7-11 1?2.525 = 7 21 35 59 39 79 67 41 69 20 70 78 42 30 64 29 57 98 37 54 11 
965-6-11 1?2.404 = 6 53 76 65 18 17 22 28 89 45 19 74 46 73 38 37 54 98 11 
965-6-12 1?2.437 = 6 53 76 65 18 17 22 28 89 80 45 19 93 50 46 73 38 12 
965-6-14 1?2.443 = 6 53 76 65 18 17 22 28 89 80 45 19 93 82 75 24 92 72 81 61 14 
965-6-13 1?2.428 = 6 53 76 65 18 17 22 28 89 80 45 19 93 50 46 84 34 47 13 
965-8-10 1?2.306 = 8 41 67 79 59 35 22 17 28 58 23 69 20 70 42 10 
965-8-9 1?2.188 = 8 41 67 79 59 35 22 17 28 89 58 23 20 70 69 9 
965-8-11 1?2.062 = 8 41 67 79 69 20 70 78 42 30 64 29 57 98 37 54 11 
965-8-15 1?2.621 = 8 41 67 79 59 35 58 89 80 45 19 93 50 82 75 51 66 81 72 15 
965-7-15 1?2.659 = 7 21 44 18 17 22 28 89 80 45 19 93 50 82 75 51 24 92 81 72 15 
965-7-14 1?2.478 = 7 21 35 22 17 18 28 89 45 19 93 50 82 75 51 66 62 14 
965-8-14 1?2.53 = 8 41 67 79 59 35 22 17 28 89 45 19 93 82 75 51 66 62 14 
965-8-12 1?2.588 = 8 41 67 79 39 21 35 59 69 70 20 30 64 29 57 98 54 37 38 12 
965-7-13 1?2.548 = 7 39 79 67 41 69 20 70 42 30 64 29 57 98 54 37 38 34 47 13 
965-8-13 1?2.638 = 8 41 67 79 59 35 58 89 45 19 93 50 82 75 24 51 66 48 47 13 
965-7-12 1?2.605 = 7 21 35 59 39 79 67 41 69 20 70 78 42 30 64 29 57 98 54 37 12 
965-9-10 1?2.447 = 9 78 42 70 69 20 30 31 73 84 34 38 98 57 10 
965-9-11 1?2.109 = 9 78 42 70 69 20 30 31 64 29 57 98 38 37 54 11 
965-10-11 1?2.162 = 10 78 42 70 69 20 30 31 64 29 57 98 38 37 54 11 
965-10-15 1?2.442 = 10 57 98 54 37 38 34 84 46 50 82 75 51 66 24 92 81 72 15 
965-10-14 1?2.367 = 10 57 98 54 37 38 34 84 48 66 51 24 92 52 72 81 61 62 14 
965-9-15 1?2.555 = 9 70 20 30 64 29 57 98 54 37 38 34 84 48 51 24 92 72 81 15 
965-9-14 1?2.564 = 9 78 42 64 29 57 98 54 37 38 34 84 48 66 51 24 92 72 81 61 14 
965-10-12 1?2.316 = 10 78 42 70 20 30 64 29 57 98 54 37 38 73 84 34 12 
965-10-13 1?2.291 = 10 78 42 70 20 30 64 29 57 98 54 37 38 73 34 47 13 
965-9-12 1?2.263 = 9 78 42 70 20 30 64 29 57 98 54 37 38 73 84 34 12 
965-9-13 1?2.402 = 9 78 42 70 69 20 30 64 29 57 98 54 37 38 73 84 34 47 13 
965-14-15 1?2.06 = 14 62 66 51 75 82 93 43 97 36 94 52 72 81 15 
965-12-14 1?2.015 = 12 37 54 98 38 34 84 48 66 51 24 92 52 72 81 61 14 
965-13-14 1?1.993 = 13 47 34 84 46 50 82 75 51 24 92 52 72 81 61 14 
965-11-14 1?1.817 = 11 57 98 54 37 38 34 84 48 51 24 92 72 81 61 14 
965-13-15 1?2.318 = 13 47 34 84 46 50 82 75 24 51 66 62 61 81 72 52 15 
965-12-15 1?2.276 = 12 37 54 98 38 34 84 46 50 82 75 51 66 24 92 81 72 15 
965-12-13 1?2.168 = 12 37 54 98 38 73 46 50 82 75 24 51 66 48 47 13 
965-11-12 1?2.207 = 11 57 98 54 37 38 73 46 50 82 75 51 48 84 34 12 
965-11-13 1?2.017 = 11 98 54 37 38 34 84 46 50 82 75 51 66 48 47 13 
965-11-15 1?2.307 = 11 57 98 54 37 38 34 84 46 50 82 75 24 51 66 92 52 72 81 15 
stop
