start
400-0-2 1?2.386 = 0 41 46 47 55 20 59 72 87 82 39 86 51 78 91 2 
400-0-1 1?2.341 = 0 15 94 64 93 30 99 20 59 72 95 78 91 55 47 46 41 1 
400-0-6 1?2.505 = 0 41 46 47 55 20 59 95 51 86 21 71 75 66 36 50 89 23 68 6 
400-0-11 1?2.434 = 0 93 30 99 77 52 58 97 96 79 74 83 44 65 27 29 88 34 11 
400-0-7 1?2.548 = 0 41 46 47 55 95 51 86 21 71 26 75 66 36 50 89 85 57 32 7 
400-0-10 1?2.481 = 0 93 20 59 72 87 39 82 69 98 49 83 74 44 65 27 88 29 62 10 
400-0-8 1?2.631 = 0 93 30 99 77 52 58 97 96 79 83 74 44 65 38 22 54 17 40 8 
400-0-4 1?2.598 = 0 47 55 95 51 86 21 71 66 36 89 50 81 76 28 16 4 
400-0-3 1?2.412 = 0 41 46 47 55 20 59 72 87 39 86 51 90 42 19 3 
400-0-9 1?2.573 = 0 93 30 99 77 52 18 92 96 97 58 79 83 74 44 65 38 22 54 17 9 
400-0-5 1?2.451 = 0 47 55 95 78 51 86 21 71 26 75 66 36 89 50 81 76 28 5 
400-1-2 1?2.079 = 1 41 46 47 55 20 59 72 87 82 39 86 51 78 91 2 
400-0-12 1?2.298 = 0 93 30 99 77 52 58 97 96 48 92 18 45 67 63 24 60 12 
400-0-13 1?2.254 = 0 93 30 99 77 52 58 97 96 48 92 18 45 67 63 33 70 13 
400-1-6 1?2.149 = 1 41 46 47 55 20 59 72 51 86 21 71 75 66 36 89 50 23 68 6 
400-1-3 1?2.105 = 1 41 46 47 55 20 59 72 87 39 86 51 90 42 19 3 
400-1-7 1?2.206 = 1 41 46 47 55 95 78 51 86 21 71 26 75 66 36 50 89 85 32 7 
400-1-4 1?2.171 = 1 41 46 47 55 20 59 72 51 86 87 39 21 90 42 4 
400-0-14 1?2.267 = 0 93 30 99 77 52 58 97 96 48 92 18 45 67 33 53 14 
400-0-15 1?2.257 = 0 41 46 47 55 91 78 95 72 59 20 99 30 93 64 94 15 
400-1-5 1?2.061 = 1 41 46 47 55 20 59 72 51 86 21 71 84 76 28 5 
400-1-8 1?2.496 = 1 41 46 47 55 95 78 51 86 21 71 26 75 66 36 50 89 85 57 8 
400-1-15 1?1.986 = 1 41 46 47 55 91 78 51 95 72 59 20 93 64 94 15 
400-2-6 1?2.199 = 2 91 78 51 86 87 39 21 71 26 75 66 36 89 50 23 68 6 
400-1-12 1?2.213 = 1 41 46 47 55 20 30 99 77 52 58 97 96 18 92 48 24 60 12 
400-2-3 1?2.446 = 2 46 41 47 55 20 59 72 87 39 86 51 90 42 19 3 
400-2-4 1?2.424 = 2 91 78 51 86 21 71 75 66 36 50 81 76 28 16 4 
400-2-5 1?2.167 = 2 91 78 51 86 21 71 26 75 66 36 89 50 81 76 28 5 
400-1-14 1?2.096 = 1 41 46 47 55 20 30 77 52 58 97 96 92 45 53 14 
400-1-13 1?2.141 = 1 41 46 47 55 20 30 99 80 58 97 96 92 18 45 67 33 70 13 
400-1-10 1?2.299 = 1 41 46 47 55 95 72 87 82 69 49 83 74 44 65 27 88 29 62 10 
400-1-9 1?2.342 = 1 41 46 47 55 20 59 72 87 39 82 69 49 83 74 44 65 38 22 54 17 9 
400-1-11 1?2.317 = 1 41 46 47 55 95 72 87 82 69 49 83 74 44 65 27 88 34 11 
400-2-15 1?2.354 = 2 46 41 47 55 95 72 59 20 93 30 77 56 64 94 15 
400-2-7 1?2.322 = 2 91 78 51 86 21 71 26 75 66 36 89 50 23 61 85 57 32 7 
400-2-12 1?2.571 = 2 91 78 51 86 39 82 69 98 73 58 97 96 48 92 18 45 67 24 60 12 
400-2-8 1?2.485 = 2 91 78 51 86 39 82 69 49 83 74 44 65 38 22 54 17 40 8 
400-3-4 1?2.319 = 3 19 42 90 21 71 75 66 36 89 50 81 76 28 16 4 
400-3-5 1?2.131 = 3 19 42 90 21 71 26 75 66 36 89 50 81 84 76 28 5 
400-2-14 1?2.489 = 2 91 78 51 86 87 39 82 73 58 97 96 48 92 18 45 53 14 
400-2-13 1?2.408 = 2 91 78 51 86 39 82 69 98 73 58 97 96 92 18 45 67 33 70 13 
400-2-9 1?2.593 = 2 91 78 51 86 39 82 69 49 83 74 44 65 27 88 29 62 38 22 54 17 9 
400-2-11 1?2.455 = 2 91 78 51 86 87 39 82 69 98 49 83 74 44 65 27 29 88 34 11 
400-2-10 1?2.652 = 2 46 47 55 95 51 86 87 39 82 69 49 83 74 44 65 27 88 29 62 10 
400-3-6 1?2.227 = 3 19 42 16 28 76 81 50 89 36 85 57 32 61 23 68 6 
400-3-7 1?2.325 = 3 19 42 90 21 71 26 75 66 36 89 50 23 68 61 85 57 32 7 
400-3-8 1?2.561 = 3 19 42 90 21 39 82 69 49 83 74 44 65 38 22 54 17 40 8 
400-3-12 1?2.696 = 3 19 91 95 78 51 86 87 39 82 69 98 73 58 97 96 92 48 24 60 12 
400-3-15 1?2.723 = 3 19 42 90 21 39 82 73 58 97 96 48 92 18 56 31 43 94 15 
400-4-5 1?2.294 = 4 16 28 76 84 36 50 89 85 57 32 61 23 81 68 6 5 
400-3-9 1?2.335 = 3 19 42 90 51 86 39 82 69 49 83 74 44 65 38 22 54 17 9 
400-3-10 1?2.38 = 3 19 78 51 86 87 39 82 69 49 83 74 44 65 27 88 29 62 10 
400-3-13 1?2.499 = 3 19 42 90 21 39 82 69 98 73 58 97 96 48 92 45 67 33 70 13 
400-3-14 1?2.57 = 3 19 42 90 21 39 82 69 98 73 58 97 96 48 92 18 45 53 14 
400-3-11 1?2.539 = 3 19 42 90 21 39 87 82 69 98 49 83 74 44 65 27 29 88 34 11 
400-5-6 1?1.745 = 5 16 28 76 81 84 36 89 50 23 85 57 32 61 68 6 
400-4-6 1?2.271 = 4 16 28 76 81 68 23 50 89 36 66 75 26 57 32 61 6 
400-4-7 1?2.25 = 4 16 28 76 81 68 23 61 85 89 50 36 66 75 26 57 7 
400-4-9 1?2.301 = 4 42 90 21 39 87 82 69 49 83 74 44 65 38 22 54 17 9 
400-4-10 1?2.363 = 4 42 90 21 39 87 82 69 98 83 74 44 65 27 88 29 62 10 
400-4-12 1?2.698 = 4 42 90 21 39 87 82 69 98 73 58 97 96 48 92 18 45 67 24 60 12 
400-4-15 1?2.726 = 4 42 90 21 39 82 69 98 73 58 97 96 48 92 18 56 64 94 15 
400-4-8 1?2.698 = 4 16 28 76 81 50 89 36 66 75 26 49 83 74 44 65 38 22 40 8 
400-4-14 1?2.605 = 4 42 90 21 39 82 69 98 73 58 97 96 92 18 45 67 33 53 14 
400-4-13 1?2.552 = 4 42 90 21 39 87 82 69 98 73 58 97 96 48 92 18 45 33 70 13 
400-4-11 1?2.553 = 4 16 28 76 81 50 89 36 66 75 26 49 83 74 44 65 27 88 34 11 
400-5-7 1?1.606 = 5 16 28 76 84 36 89 50 81 68 23 61 85 57 32 7 
400-6-7 1?1.814 = 6 68 23 50 89 36 81 76 84 66 75 26 57 85 32 7 
400-6-8 1?2.133 = 6 68 23 50 89 36 66 75 26 49 83 44 65 38 22 40 8 
400-5-12 1?2.384 = 5 28 76 81 50 89 36 66 75 26 69 73 58 97 96 92 48 24 60 12 
400-5-9 1?2.173 = 5 28 76 81 50 36 66 75 26 49 83 74 44 65 38 22 54 17 9 
400-5-8 1?2.431 = 5 28 76 84 36 66 75 26 49 83 74 44 65 38 22 54 17 40 8 
400-5-15 1?2.542 = 5 28 76 81 50 89 36 66 75 26 71 21 86 51 72 59 20 93 64 94 15 
400-5-10 1?2.212 = 5 28 76 81 50 89 36 66 75 26 49 83 74 44 65 27 88 29 62 10 
400-5-14 1?2.554 = 5 28 76 81 50 89 36 66 75 26 69 98 73 58 97 96 92 18 45 53 14 
400-5-13 1?2.437 = 5 28 76 81 50 89 36 66 75 26 69 73 58 97 96 92 18 45 33 70 13 
400-5-11 1?2.358 = 5 28 76 84 81 50 89 36 66 75 26 49 83 74 44 65 27 29 88 34 11 
400-7-9 1?1.889 = 7 32 57 85 89 50 36 66 75 26 25 38 22 54 17 9 
400-7-8 1?2.111 = 7 32 57 85 89 50 36 66 75 26 25 22 54 17 40 8 
400-6-9 1?1.92 = 6 68 23 50 36 66 75 26 49 83 65 38 22 54 17 9 
400-7-10 1?1.96 = 7 32 85 89 50 36 66 75 26 49 83 74 44 27 29 62 10 
400-6-12 1?2.315 = 6 68 23 50 89 36 66 75 26 69 98 73 58 97 96 18 92 48 24 60 12 
400-6-10 1?1.978 = 6 68 23 50 89 36 66 75 26 49 83 74 44 65 27 88 29 62 10 
400-7-11 1?2.137 = 7 57 85 89 50 36 66 75 26 49 83 74 44 65 27 88 34 11 
400-6-15 1?2.495 = 6 68 23 50 89 36 66 75 71 21 86 51 78 95 72 59 20 30 93 64 94 15 
400-6-11 1?2.191 = 6 68 23 50 89 36 66 75 26 49 83 74 44 65 27 29 62 88 34 11 
400-6-14 1?2.403 = 6 68 23 50 36 66 75 26 49 98 73 58 97 96 48 92 18 45 53 14 
400-6-13 1?2.404 = 6 68 23 50 89 36 66 75 26 69 98 73 58 97 96 48 92 18 45 67 33 70 13 
400-8-9 1?2.167 = 8 57 32 61 85 89 50 36 66 75 26 25 40 54 17 9 
400-8-10 1?1.859 = 8 40 54 22 38 65 44 74 83 79 35 27 88 29 62 10 
400-7-12 1?2.222 = 7 32 85 89 50 36 66 75 26 69 98 73 58 97 96 48 24 60 12 
400-8-12 1?2.132 = 8 40 17 54 22 38 65 44 74 83 79 58 97 96 48 24 60 12 
400-8-15 1?2.423 = 8 40 17 54 22 38 65 44 74 83 79 96 97 58 52 56 64 94 15 
400-8-11 1?2.095 = 8 40 17 54 22 38 65 44 74 83 79 35 27 29 62 88 34 11 
400-7-15 1?2.505 = 7 32 85 89 50 36 66 75 26 71 21 86 51 72 59 20 30 93 64 94 15 
400-7-14 1?2.425 = 7 32 85 89 50 36 66 75 26 69 98 73 58 97 96 92 18 45 53 14 
400-8-13 1?2.24 = 8 40 17 54 22 38 65 44 74 83 79 58 97 96 92 18 45 33 13 
400-7-13 1?2.29 = 7 32 85 89 50 36 66 75 26 49 98 73 58 97 96 92 45 33 70 13 
400-8-14 1?2.42 = 8 40 17 54 22 38 65 44 74 83 79 58 97 96 48 92 18 45 53 14 
400-10-12 1?1.715 = 10 62 29 27 65 44 74 83 79 97 96 48 24 60 12 
400-9-12 1?1.684 = 9 17 54 22 38 65 44 74 83 79 37 48 24 60 12 
400-10-13 1?1.768 = 10 62 29 88 27 65 44 74 79 97 96 92 45 33 13 
400-9-10 1?1.571 = 9 17 54 22 38 65 44 74 83 79 35 27 88 29 62 10 
400-9-11 1?1.589 = 9 17 54 22 38 65 44 74 83 79 35 27 88 34 11 
400-10-11 1?1.953 = 10 62 29 88 27 65 44 74 79 97 96 92 48 37 11 
400-10-15 1?2.234 = 10 62 29 88 27 65 44 74 83 79 97 96 48 92 18 56 31 43 15 
400-10-14 1?2.07 = 10 62 29 88 27 65 44 74 83 79 97 96 48 92 18 45 53 14 
400-9-13 1?2.01 = 9 17 54 22 38 65 44 74 83 79 97 96 48 92 18 45 67 33 13 
400-9-15 1?2.385 = 9 17 54 22 38 65 44 74 83 98 73 58 97 96 48 92 18 56 64 94 15 
400-9-14 1?2.209 = 9 17 54 22 38 65 44 74 83 79 58 97 96 48 92 18 45 33 53 14 
400-11-12 1?1.744 = 11 34 88 27 44 74 83 79 97 96 48 24 60 12 
400-13-15 1?1.85 = 13 70 33 67 45 18 92 48 96 97 58 52 56 31 43 15 
400-12-15 1?1.823 = 12 60 24 48 92 96 97 58 52 56 31 43 64 94 15 
400-14-15 1?1.991 = 14 53 33 45 18 92 48 96 97 58 52 56 64 94 15 
400-11-13 1?1.812 = 11 34 88 27 65 44 74 79 97 96 92 45 33 70 13 
400-12-13 1?1.618 = 12 60 24 48 92 96 97 58 52 18 45 67 33 70 13 
400-12-14 1?1.787 = 12 60 24 48 92 96 97 58 52 18 45 67 33 53 14 
400-13-14 1?1.871 = 13 63 24 48 92 96 97 58 52 18 45 67 33 53 14 
400-11-15 1?2.239 = 11 34 88 27 65 44 74 83 79 58 97 96 92 18 56 31 43 15 
400-11-14 1?2.056 = 11 34 88 29 27 65 44 74 83 79 97 96 92 18 45 53 14 
stop
