start
979-0-3 1?2.353 = 0 92 72 56 68 55 78 18 53 20 34 48 98 52 70 3 
979-0-2 1?2.374 = 0 92 72 56 68 55 59 29 22 78 18 53 20 34 81 2 
979-0-5 1?2.735 = 0 73 53 18 91 26 27 61 33 80 89 83 94 21 39 66 46 5 
979-0-11 1?2.308 = 0 73 53 18 91 26 95 27 61 33 16 99 45 41 60 35 19 44 11 
979-0-7 1?2.58 = 0 73 53 18 91 26 27 61 33 89 83 93 79 90 63 17 58 7 
979-0-1 1?2.157 = 0 92 72 56 68 59 55 78 57 18 53 20 34 82 32 1 
979-0-8 1?2.457 = 0 73 53 18 91 26 27 61 33 80 89 83 93 79 90 17 63 8 
979-0-9 1?2.526 = 0 73 53 18 91 26 95 27 61 33 80 89 83 75 24 97 47 9 
979-0-6 1?2.706 = 0 73 53 18 91 26 27 61 33 80 89 83 93 21 39 66 96 6 
979-0-4 1?2.808 = 0 92 72 68 55 78 71 54 95 27 26 50 51 40 74 28 67 87 4 
979-0-10 1?2.611 = 0 92 72 68 55 78 71 91 26 27 61 33 95 37 60 35 41 76 10 
979-1-4 1?2.631 = 1 82 34 20 53 26 27 33 61 50 51 69 67 87 4 
979-0-15 1?2.043 = 0 32 82 34 20 53 18 57 68 55 78 22 29 59 56 15 
979-1-2 1?2.552 = 1 32 82 34 20 50 51 40 74 28 69 65 48 98 52 70 2 
979-1-3 1?2.528 = 1 32 82 34 20 50 51 40 74 28 69 65 48 98 52 70 3 
979-0-14 1?2.013 = 0 73 53 18 91 26 61 27 95 54 71 78 55 59 14 
979-1-8 1?2.546 = 1 32 82 34 20 53 26 27 61 33 80 89 83 93 79 90 17 63 8 
979-0-13 1?2.269 = 0 92 72 68 55 78 71 91 26 27 61 33 95 37 25 42 43 13 
979-0-12 1?2.24 = 0 92 72 68 55 78 71 91 26 27 61 33 95 37 25 86 38 12 
979-1-7 1?2.675 = 1 32 82 34 20 53 26 27 61 33 89 83 93 79 90 17 63 58 7 
979-1-5 1?2.761 = 1 82 34 20 53 26 27 61 33 89 83 93 21 39 66 46 5 
979-1-6 1?2.756 = 1 82 34 20 53 26 27 61 33 80 89 83 93 21 39 66 96 6 
979-1-15 1?1.988 = 1 32 82 34 20 53 18 57 68 55 78 22 29 59 56 15 
979-1-13 1?2.228 = 1 32 82 34 20 53 18 91 26 61 27 95 37 25 42 43 13 
979-2-4 1?2.757 = 2 52 65 51 23 94 21 39 66 62 74 28 69 67 87 4 
979-1-12 1?2.28 = 1 32 82 34 20 53 18 91 26 27 61 33 95 37 25 86 42 38 12 
979-2-3 1?2.848 = 2 52 65 51 23 94 21 39 66 62 74 28 69 67 87 3 
979-1-10 1?2.5 = 1 82 34 20 53 26 27 61 33 95 37 60 35 19 44 76 10 
979-2-6 1?2.574 = 2 70 52 98 48 65 69 28 74 62 23 94 21 39 66 46 64 36 6 
979-2-5 1?2.669 = 2 70 52 98 65 69 28 74 62 23 94 21 39 66 96 46 36 64 5 
979-1-11 1?2.304 = 1 82 34 20 53 18 91 26 27 61 33 95 37 60 35 19 44 11 
979-1-9 1?2.51 = 1 32 82 34 20 53 18 91 26 27 61 33 16 75 24 88 97 47 9 
979-1-14 1?1.943 = 1 32 82 34 20 73 53 18 57 68 55 78 22 29 59 14 
979-2-15 1?2.174 = 2 70 52 98 48 34 20 53 18 57 78 55 59 68 56 15 
979-3-4 1?2.766 = 3 70 52 98 48 65 69 28 74 62 39 21 66 46 36 64 5 4 
979-2-13 1?2.53 = 2 81 34 20 53 18 91 26 95 27 61 33 16 37 25 86 42 43 13 
979-2-12 1?2.53 = 2 81 34 20 53 18 91 26 95 27 61 33 16 37 25 86 42 38 12 
979-3-5 1?2.377 = 3 70 52 98 48 65 69 28 74 62 39 21 66 46 36 64 5 
979-2-10 1?2.66 = 2 81 34 20 53 18 91 26 27 95 37 60 35 19 44 76 10 
979-2-8 1?2.698 = 2 70 52 98 65 69 28 74 62 66 39 21 94 93 31 79 90 17 63 8 
979-2-11 1?2.545 = 2 81 34 20 53 18 91 26 27 61 33 16 99 41 60 35 19 44 11 
979-2-7 1?2.605 = 2 70 52 65 69 28 74 62 66 39 21 94 93 79 90 17 63 58 7 
979-2-9 1?2.693 = 2 70 52 65 69 28 74 62 66 39 21 94 93 31 88 24 97 47 9 
979-2-14 1?2.492 = 2 81 34 20 53 18 91 26 27 61 33 95 54 71 78 68 59 14 
979-3-15 1?2.661 = 3 70 52 98 48 34 20 53 26 27 61 33 95 54 71 78 68 56 15 
979-3-6 1?2.414 = 3 70 52 98 48 65 69 28 74 62 39 21 66 46 36 64 6 
979-4-5 1?2.423 = 4 87 67 70 52 98 48 65 69 28 74 62 66 46 36 64 5 
979-3-12 1?2.519 = 3 70 52 98 48 34 20 53 18 91 26 27 95 37 25 86 42 38 12 
979-3-13 1?2.644 = 3 70 52 98 48 34 20 53 18 91 26 27 61 33 95 37 25 42 43 13 
979-3-8 1?2.525 = 3 70 52 98 48 65 69 28 74 62 66 39 21 94 93 79 90 17 63 8 
979-3-10 1?2.724 = 3 70 52 98 48 34 20 53 18 91 26 27 61 33 16 99 45 76 10 
979-3-7 1?2.466 = 3 87 67 28 74 62 66 39 21 94 93 79 90 63 17 58 85 30 7 
979-3-11 1?2.574 = 3 70 52 98 48 34 20 53 26 27 61 33 95 37 60 35 19 44 11 
979-3-9 1?2.715 = 3 70 52 98 65 69 28 74 62 66 39 21 94 93 31 88 24 97 47 9 
979-3-14 1?2.622 = 3 70 52 98 48 34 20 53 18 91 26 27 61 33 95 54 71 22 29 14 
979-4-15 1?2.543 = 4 87 67 69 51 50 26 27 61 33 95 54 71 78 55 68 56 15 
979-4-7 1?2.124 = 4 87 67 28 74 62 66 39 21 93 79 90 17 58 7 
979-5-6 1?2.214 = 5 64 36 46 66 39 21 94 93 79 90 63 17 58 85 30 6 
979-4-6 1?2.374 = 4 87 67 28 74 62 66 39 21 90 63 17 58 85 30 6 
979-4-13 1?2.652 = 4 87 67 28 69 40 51 50 26 95 27 61 33 16 37 25 86 42 43 13 
979-4-8 1?2.367 = 4 87 67 28 69 40 62 66 39 21 94 93 79 90 17 63 8 
979-4-12 1?2.734 = 4 87 67 28 69 40 51 50 26 27 61 33 95 37 60 35 86 25 42 38 12 
979-4-10 1?2.72 = 4 87 67 28 74 62 66 39 21 94 93 79 90 17 63 77 49 97 47 10 
979-4-11 1?2.605 = 4 87 67 28 74 40 51 50 26 27 61 33 16 99 45 41 60 35 19 44 11 
979-4-9 1?2.679 = 4 87 67 28 74 62 66 39 21 94 93 90 79 31 88 24 84 97 47 9 
979-4-14 1?2.63 = 4 87 67 28 74 40 51 50 26 27 61 33 95 54 71 78 55 59 29 22 14 
979-5-15 1?2.536 = 5 46 66 39 21 94 83 89 33 61 27 95 54 71 78 68 56 15 
979-6-7 1?1.982 = 6 36 46 66 39 21 94 93 79 90 63 17 58 85 30 7 
979-5-7 1?2.001 = 5 64 36 46 66 39 21 93 79 90 17 63 58 85 30 7 
979-5-13 1?2.446 = 5 46 66 39 21 94 83 89 80 33 61 27 95 37 25 86 42 43 13 
979-6-8 1?2.303 = 6 30 85 58 17 63 90 79 31 88 24 84 97 47 49 77 8 
979-5-8 1?2.37 = 5 64 36 46 66 39 21 94 93 83 75 24 88 31 79 90 17 63 8 
979-5-12 1?2.515 = 5 46 66 39 21 94 93 83 89 80 33 61 27 95 37 25 86 42 38 12 
979-5-11 1?2.509 = 5 46 66 39 21 94 83 89 80 33 61 27 95 37 60 35 19 44 11 
979-5-10 1?2.709 = 5 46 66 39 21 94 93 31 88 24 84 99 45 41 60 35 19 44 76 10 
979-5-9 1?2.547 = 5 64 36 46 62 66 39 21 94 93 79 90 17 63 77 49 97 47 9 
979-5-14 1?2.522 = 5 46 66 39 21 94 93 83 89 80 33 61 27 95 54 71 78 55 59 14 
979-7-8 1?1.995 = 7 30 85 58 17 63 90 79 31 88 24 97 47 49 77 8 
979-6-12 1?2.45 = 6 96 66 39 21 94 93 83 89 80 33 61 27 95 37 25 86 42 38 12 
979-6-15 1?2.543 = 6 96 66 39 21 93 83 89 33 61 27 95 54 71 78 55 68 56 15 
979-6-13 1?2.45 = 6 96 66 39 21 94 93 83 89 80 33 61 27 95 37 25 86 42 43 13 
979-6-10 1?2.523 = 6 96 66 39 21 94 93 83 75 99 45 41 60 35 19 44 76 10 
979-7-10 1?2.266 = 7 58 17 63 90 79 31 88 24 84 45 41 60 35 19 44 76 10 
979-7-9 1?2.256 = 7 30 85 58 17 63 90 79 93 83 75 31 88 24 97 47 9 
979-6-9 1?2.519 = 6 30 85 58 17 63 79 90 21 94 93 31 88 24 84 97 47 9 
979-6-11 1?2.351 = 6 30 85 58 17 63 90 79 31 88 24 84 99 45 41 60 35 19 44 11 
979-7-11 1?2.165 = 7 30 85 58 17 63 90 79 31 88 24 84 99 45 41 60 35 19 44 11 
979-6-14 1?2.483 = 6 96 66 39 21 94 93 83 89 80 33 61 27 26 91 71 78 55 59 14 
979-8-12 1?1.739 = 8 63 17 90 79 31 88 24 84 99 45 41 60 35 38 12 
979-8-11 1?1.742 = 8 63 17 90 79 31 88 24 84 45 41 60 35 19 44 11 
979-8-10 1?1.978 = 8 63 17 90 79 31 88 24 84 99 45 41 19 44 76 10 
979-8-9 1?2.059 = 8 63 17 90 79 93 83 89 75 24 88 31 49 97 47 9 
979-7-15 1?2.424 = 7 58 90 79 93 83 89 33 61 27 26 91 71 78 55 68 56 15 
979-7-13 1?2.247 = 7 58 17 63 90 79 31 88 24 84 99 45 41 60 35 38 86 25 42 43 13 
979-7-12 1?2.321 = 7 30 85 58 17 63 90 79 31 88 24 84 99 45 41 60 35 86 25 42 38 12 
979-8-13 1?2.272 = 8 63 17 90 79 93 83 89 80 33 61 27 26 95 37 25 42 43 13 
979-8-15 1?2.354 = 8 63 17 90 79 93 83 89 80 33 61 27 95 54 71 78 55 68 56 15 
979-8-14 1?2.285 = 8 63 17 90 79 93 83 89 80 33 61 27 95 54 71 78 55 29 22 14 
979-7-14 1?2.358 = 7 58 17 63 90 79 93 83 89 80 33 61 27 95 54 71 78 55 59 14 
979-10-12 1?1.9 = 10 76 45 99 16 33 61 27 26 95 37 25 86 38 12 
979-9-12 1?1.812 = 9 47 97 88 24 84 99 45 41 60 35 86 25 42 43 38 12 
979-10-13 1?1.893 = 10 47 97 88 24 84 99 45 41 60 35 38 86 25 42 43 13 
979-9-11 1?1.914 = 9 47 97 24 84 45 41 60 35 86 25 42 38 19 44 11 
979-10-11 1?1.888 = 10 76 45 99 16 33 61 27 95 37 60 35 19 44 11 
979-9-10 1?2.084 = 9 47 97 49 31 88 24 84 45 41 60 35 19 44 76 10 
979-9-13 1?2.233 = 9 47 97 24 88 31 83 89 80 33 61 27 95 37 25 86 42 43 13 
979-9-15 1?2.359 = 9 47 97 88 24 75 83 89 80 33 61 27 26 91 71 78 55 68 56 15 
979-10-15 1?2.389 = 10 76 41 60 35 37 95 33 61 27 26 91 54 71 78 55 68 56 15 
979-10-14 1?2.194 = 10 76 44 19 35 60 37 95 33 61 27 26 91 71 78 55 59 14 
979-9-14 1?2.18 = 9 47 97 88 24 75 83 89 80 33 61 27 26 91 71 78 55 59 14 
979-11-12 1?1.727 = 11 44 19 41 45 99 16 33 61 27 95 37 86 38 12 
979-12-13 1?1.835 = 12 38 35 60 37 95 27 26 91 54 25 86 42 43 13 
979-11-13 1?1.759 = 11 19 41 45 99 16 33 61 27 95 37 25 86 42 43 13 
979-14-15 1?1.902 = 14 22 29 59 55 78 71 54 95 27 26 91 18 57 72 15 
979-13-15 1?1.793 = 13 43 42 86 25 37 54 71 22 29 55 78 68 56 72 15 
979-12-15 1?1.922 = 12 38 42 86 25 37 95 27 26 91 71 78 55 59 68 56 15 
979-13-14 1?1.734 = 13 43 42 86 25 37 95 27 26 91 18 78 55 59 14 
979-11-15 1?1.978 = 11 19 44 41 60 35 86 25 42 43 22 29 59 55 78 68 56 72 15 
979-12-14 1?1.653 = 12 38 42 86 25 37 95 27 26 91 71 78 55 59 14 
979-11-14 1?1.853 = 11 44 19 35 60 37 95 33 61 27 26 91 71 78 55 59 14 
stop
