start
459-0-1 1?2.01 = 0 22 55 81 88 19 37 93 98 42 27 38 64 83 63 1 
459-0-4 1?2.23 = 0 63 64 38 27 42 60 48 23 74 56 62 84 75 18 54 24 4 
459-0-3 1?2.145 = 0 22 63 83 64 38 27 42 98 93 37 74 23 48 60 3 
459-0-6 1?2.575 = 0 63 83 64 38 27 42 60 48 23 74 56 62 84 75 70 91 97 77 6 
459-0-5 1?2.367 = 0 63 83 64 38 27 42 60 48 23 74 56 62 84 70 91 47 20 5 
459-0-7 1?2.643 = 0 22 83 64 98 23 74 56 62 84 75 70 91 97 77 99 29 46 51 7 
459-0-8 1?2.632 = 0 25 55 81 88 35 95 59 87 26 30 57 32 82 80 92 94 28 71 8 
459-0-2 1?2.026 = 0 25 55 81 88 19 37 93 98 83 63 64 38 42 27 2 
459-0-11 1?2.589 = 0 22 83 64 38 98 93 37 19 95 66 30 57 79 43 90 21 11 
459-0-9 1?2.532 = 0 25 55 81 88 35 95 66 30 57 32 82 80 67 94 28 71 65 9 
459-0-10 1?2.561 = 0 25 55 81 88 35 95 66 30 32 82 80 92 69 39 31 76 36 10 
459-0-14 1?2.262 = 0 63 83 64 38 98 93 37 19 35 88 81 55 40 34 14 
459-1-2 1?1.81 = 1 63 83 64 38 98 93 37 19 74 23 48 60 42 27 2 
459-1-3 1?1.962 = 1 63 83 64 38 98 37 19 56 62 84 75 18 49 3 
459-1-4 1?1.755 = 1 63 83 64 98 23 74 56 62 84 75 18 54 24 4 
459-0-15 1?2.234 = 0 22 63 83 64 38 98 93 37 19 35 88 81 55 25 15 
459-0-12 1?2.565 = 0 25 55 81 88 35 95 66 30 26 32 57 43 90 16 61 12 
459-1-7 1?2.422 = 1 63 64 38 27 42 60 48 23 74 84 75 70 91 97 77 99 29 46 51 7 
459-0-13 1?2.469 = 0 63 83 64 38 27 42 98 93 37 19 35 68 86 33 73 41 13 
459-1-8 1?2.426 = 1 63 83 64 38 98 93 37 19 95 66 30 57 32 82 80 67 94 28 71 8 
459-1-5 1?2.073 = 1 63 64 38 27 42 60 48 23 74 56 62 84 75 70 91 47 20 5 
459-1-6 1?2.301 = 1 63 83 64 38 27 42 60 48 23 74 56 62 84 75 70 91 97 77 6 
459-2-3 1?1.947 = 2 27 42 38 64 98 23 74 56 62 84 75 18 49 3 
459-1-11 1?2.355 = 1 63 83 64 38 98 93 37 19 95 66 30 57 43 90 16 21 11 
459-2-4 1?1.783 = 2 27 42 38 64 83 98 23 74 84 75 18 54 24 4 
459-1-13 1?2.314 = 1 63 83 64 38 27 42 98 93 37 19 35 88 68 86 33 73 41 13 
459-1-14 1?1.988 = 1 63 83 64 38 98 93 37 19 35 88 81 55 40 34 14 
459-2-5 1?1.85 = 2 27 42 60 48 23 74 56 62 84 75 70 91 47 20 5 
459-1-10 1?2.584 = 1 63 83 64 38 98 93 37 19 95 66 30 32 82 80 92 69 31 76 36 10 
459-1-15 1?1.972 = 1 63 83 64 38 98 93 37 19 88 68 81 55 25 15 
459-1-9 1?2.56 = 1 63 83 64 38 98 93 37 19 95 66 30 26 87 32 82 80 92 69 39 9 
459-2-6 1?2.239 = 2 27 42 38 64 98 23 74 56 62 84 75 70 91 47 20 50 6 
459-1-12 1?2.35 = 1 63 83 64 38 98 93 37 19 95 66 30 57 43 90 16 61 12 
459-3-4 1?1.944 = 3 60 48 23 74 37 19 56 62 84 75 18 54 24 4 
459-3-5 1?2.034 = 3 60 48 23 74 37 19 56 62 84 70 91 47 20 5 
459-2-11 1?2.546 = 2 27 42 38 64 83 98 93 37 19 95 59 26 30 57 43 90 21 11 
459-2-13 1?2.498 = 2 27 42 38 64 63 83 98 93 37 19 35 88 81 68 86 33 73 41 13 
459-2-7 1?2.351 = 2 27 42 60 48 23 74 56 62 84 75 70 91 97 77 99 29 46 51 7 
459-2-10 1?2.621 = 2 27 42 38 64 98 93 37 19 95 66 30 32 82 80 92 69 31 76 36 10 
459-2-8 1?2.462 = 2 27 42 38 64 98 93 37 19 95 66 30 26 87 44 82 80 94 28 71 8 
459-2-9 1?2.571 = 2 27 42 38 64 98 93 37 19 95 66 30 57 79 43 90 17 31 76 39 9 
459-2-14 1?2.463 = 2 27 42 38 64 83 98 23 74 37 19 35 88 81 68 86 33 14 
459-2-15 1?2.322 = 2 27 42 38 64 63 83 98 23 74 37 19 35 88 81 55 25 15 
459-2-12 1?2.554 = 2 27 42 38 64 83 98 93 37 19 95 66 30 57 79 43 90 16 61 12 
459-3-10 1?2.562 = 3 60 48 23 74 56 62 87 26 32 82 80 92 69 39 31 76 36 10 
459-3-8 1?2.366 = 3 60 48 23 74 56 62 59 26 87 32 82 80 67 94 28 71 8 
459-3-6 1?2.105 = 3 60 48 23 74 56 62 84 75 70 91 85 47 20 50 6 
459-4-5 1?1.927 = 4 24 54 18 49 23 74 56 62 84 75 70 91 47 20 5 
459-3-9 1?2.576 = 3 60 48 23 74 56 62 59 30 57 32 82 80 67 94 28 71 65 9 
459-3-13 1?2.814 = 3 60 48 23 74 56 62 59 30 66 95 35 88 81 68 86 33 73 41 13 
459-3-7 1?2.52 = 3 60 48 23 74 37 19 56 62 84 75 70 91 97 77 99 46 51 7 
459-3-11 1?2.851 = 3 60 48 23 74 37 19 95 66 30 59 26 87 32 57 43 79 90 21 11 
459-3-14 1?2.693 = 3 60 48 42 27 38 64 83 98 93 37 19 35 88 68 86 33 34 14 
459-3-15 1?2.592 = 3 60 48 42 27 38 64 63 83 98 93 37 19 35 88 81 55 25 15 
459-3-12 1?2.807 = 3 60 48 23 74 37 19 95 59 87 26 30 57 79 43 90 16 61 58 12 
459-4-8 1?2.114 = 4 24 54 18 85 47 20 50 97 77 99 29 46 67 94 28 71 8 
459-5-6 1?2.204 = 5 20 47 91 70 75 84 62 56 59 26 87 89 29 99 6 
459-4-6 1?2.108 = 4 24 54 18 49 23 74 56 62 84 75 70 91 97 77 6 
459-4-7 1?2.246 = 4 24 54 18 49 75 70 91 85 47 20 50 97 77 99 29 46 51 7 
459-4-11 1?2.501 = 4 24 54 18 49 75 84 62 56 59 87 26 30 57 79 43 90 21 11 
459-4-10 1?2.471 = 4 24 54 85 47 20 97 77 99 29 46 67 94 28 71 65 39 31 76 36 10 
459-4-13 1?2.652 = 4 24 54 18 75 84 62 56 95 66 30 57 43 79 52 96 53 78 73 41 13 
459-4-9 1?2.444 = 4 24 54 18 75 84 62 56 95 66 30 57 43 90 17 31 76 39 9 
459-4-14 1?2.589 = 4 24 54 18 49 75 84 62 56 59 30 66 95 35 88 81 55 40 34 14 
459-4-15 1?2.405 = 4 24 54 18 49 75 84 62 56 19 37 88 35 68 81 55 25 15 
459-4-12 1?2.611 = 4 24 54 18 49 75 84 62 56 59 87 26 30 57 79 43 90 16 61 12 
459-5-7 1?2.047 = 5 20 47 85 54 18 49 75 70 91 97 77 99 29 46 51 7 
459-6-7 1?2.092 = 6 77 99 29 46 67 94 80 82 92 69 71 28 72 51 7 
459-6-8 1?2.169 = 6 50 20 47 85 91 97 77 99 29 46 67 94 28 71 65 8 
459-5-8 1?2.102 = 5 50 20 47 85 91 97 77 99 29 46 67 94 28 71 65 8 
459-5-11 1?2.596 = 5 20 47 91 97 77 99 29 46 67 94 28 71 65 39 31 76 36 45 11 
459-5-10 1?2.539 = 5 20 47 85 91 97 77 99 29 46 67 94 80 82 92 69 39 31 76 36 10 
459-5-9 1?2.537 = 5 20 47 85 91 70 75 84 62 56 59 26 87 32 82 80 92 69 39 9 
459-5-13 1?2.74 = 5 20 47 85 91 70 75 84 62 56 95 66 30 57 43 79 52 96 53 78 41 13 
459-5-14 1?2.695 = 5 20 47 85 91 70 75 84 62 56 59 30 66 95 35 88 81 55 40 34 14 
459-5-12 1?2.605 = 5 20 47 85 91 70 75 84 62 56 95 66 30 57 79 43 90 16 61 12 
459-5-15 1?2.647 = 5 20 47 91 70 75 84 62 56 74 23 48 60 42 27 38 64 83 22 25 15 
459-7-10 1?1.868 = 7 51 99 29 46 67 94 28 71 65 39 31 76 45 10 
459-7-9 1?1.922 = 7 51 99 29 46 67 94 80 82 92 69 39 31 76 9 
459-7-8 1?2 = 7 51 46 29 99 77 97 89 44 80 92 69 94 28 71 8 
459-7-11 1?2.403 = 7 51 46 67 94 28 71 69 92 80 82 32 57 43 90 21 11 
459-6-9 1?2.332 = 6 77 99 29 46 67 94 80 82 92 69 28 71 65 39 31 76 9 
459-6-11 1?2.581 = 6 50 97 77 99 29 46 67 94 28 71 65 39 31 76 36 45 21 11 
459-6-10 1?2.489 = 6 50 20 47 91 97 77 99 29 46 67 94 28 71 65 39 31 76 36 10 
459-6-13 1?2.817 = 6 50 20 47 91 70 75 84 62 56 19 37 88 81 68 86 33 73 41 13 
459-6-14 1?2.754 = 6 50 20 47 85 91 70 75 84 62 56 19 35 68 88 81 55 40 34 14 
459-6-15 1?2.689 = 6 50 20 47 85 91 70 75 84 62 56 19 37 88 68 81 55 25 15 
459-6-12 1?2.765 = 6 99 29 46 67 94 28 71 69 92 80 82 32 57 79 43 90 16 61 12 
459-8-10 1?1.97 = 8 65 71 28 94 67 80 82 92 69 39 31 76 36 45 10 
459-8-9 1?2.03 = 8 28 94 92 80 82 32 57 43 90 17 31 76 39 9 
459-8-11 1?2.346 = 8 71 28 94 67 80 82 32 26 87 59 30 57 43 90 21 11 
459-7-13 1?2.648 = 7 51 46 67 94 92 80 82 32 57 43 79 90 52 96 53 78 73 41 13 
459-8-13 1?2.535 = 8 71 28 94 67 80 82 44 87 26 30 66 95 35 68 86 33 73 41 13 
459-8-12 1?2.34 = 8 71 28 94 67 80 82 32 87 26 30 57 43 90 16 61 12 
459-8-14 1?2.567 = 8 71 28 94 67 80 92 82 32 57 30 66 95 35 68 86 33 34 14 
459-7-12 1?2.513 = 7 51 46 67 94 28 71 69 92 80 82 32 57 43 90 16 61 12 
459-8-15 1?2.494 = 8 71 28 94 67 80 92 82 44 87 26 30 66 95 35 88 81 55 25 15 
459-7-15 1?2.605 = 7 51 46 67 94 92 80 82 32 57 30 66 95 35 88 81 55 25 15 
459-7-14 1?2.73 = 7 51 46 29 99 77 97 91 70 75 84 62 56 19 35 68 86 33 34 14 
459-9-10 1?1.954 = 9 65 71 28 94 67 80 82 92 69 39 31 76 36 45 10 
459-9-11 1?2.109 = 9 65 71 28 94 67 80 92 69 39 31 76 45 21 11 
459-10-11 1?2.114 = 10 36 76 31 39 69 92 80 82 32 57 43 90 21 11 
459-10-13 1?2.438 = 10 36 76 31 39 69 92 80 82 32 57 43 79 52 96 53 78 41 13 
459-9-13 1?2.481 = 9 39 76 31 69 92 80 82 32 57 43 79 52 96 53 78 73 41 13 
459-10-12 1?2.224 = 10 36 76 31 39 69 92 80 82 32 57 43 90 16 61 12 
459-9-12 1?2.168 = 9 39 76 31 69 92 80 82 32 57 43 90 16 61 12 
459-10-14 1?2.529 = 10 36 76 31 39 69 92 80 82 32 57 43 79 52 96 53 78 73 14 
459-9-15 1?2.488 = 9 39 69 92 80 82 32 87 26 30 66 95 35 88 81 55 25 15 
459-9-14 1?2.62 = 9 39 69 92 80 82 32 87 26 30 66 95 35 88 81 55 40 34 14 
459-10-15 1?2.571 = 10 36 76 31 39 69 92 80 82 32 30 66 95 35 88 81 55 25 15 
459-12-13 1?2.394 = 12 61 96 78 53 86 68 35 88 81 55 40 34 33 73 41 13 
459-11-13 1?2.39 = 11 21 90 43 79 57 30 66 95 35 68 86 33 73 41 13 
459-13-14 1?2.509 = 13 41 73 33 86 68 35 95 19 37 88 81 55 40 34 14 
459-12-14 1?2.37 = 12 58 61 96 53 78 73 33 86 68 35 88 81 55 40 34 14 
459-11-12 1?2.475 = 11 45 76 31 39 69 92 80 82 32 43 90 16 61 12 
459-14-15 1?2.461 = 14 33 86 68 81 88 37 93 98 38 64 83 22 25 15 
459-13-15 1?2.423 = 13 41 78 53 96 52 79 57 30 66 95 35 88 81 55 25 15 
459-12-15 1?2.357 = 12 61 16 90 43 79 57 30 66 95 35 88 81 55 25 15 
459-11-14 1?2.517 = 11 21 90 43 79 57 30 66 95 35 88 81 68 86 33 14 
459-11-15 1?2.544 = 11 21 90 43 79 57 32 26 30 66 95 35 88 81 55 25 15 
stop
