start
578-0-1 1?2.055 = 0 30 97 49 42 64 65 59 46 61 86 83 33 27 22 1 
578-0-2 1?2.092 = 0 30 97 86 42 64 65 59 46 61 83 33 27 84 18 2 
578-0-3 1?2.32 = 0 30 97 86 42 64 65 59 46 32 72 54 19 52 95 16 3 
578-0-4 1?2.253 = 0 30 97 86 83 61 46 32 72 54 19 52 95 85 92 51 21 4 
578-0-5 1?2.377 = 0 30 97 86 42 64 65 59 46 32 72 54 19 52 95 85 92 55 5 
578-0-6 1?2.391 = 0 30 97 86 61 46 32 72 54 19 52 95 85 92 63 79 68 6 
578-0-7 1?2.643 = 0 30 97 49 42 64 65 59 46 32 89 76 99 66 17 98 44 7 
578-0-8 1?2.499 = 0 30 97 86 42 64 65 59 46 32 89 76 99 60 37 34 28 96 8 
578-0-9 1?2.549 = 0 30 97 86 83 61 46 59 65 64 58 41 40 75 53 94 47 78 39 71 43 9 
578-0-10 1?2.487 = 0 30 97 86 83 61 46 59 65 42 64 58 41 93 40 75 31 57 53 94 10 
578-0-11 1?2.296 = 0 30 97 86 83 61 46 59 65 42 64 58 41 93 40 75 31 57 11 
578-0-12 1?2.248 = 0 30 97 86 83 61 46 59 65 64 42 35 73 41 93 80 29 12 
578-0-13 1?2.103 = 0 30 97 50 20 49 86 83 61 46 59 65 64 42 35 67 74 13 
578-0-14 1?1.943 = 0 30 97 86 61 46 59 65 64 42 49 20 82 70 87 14 
578-0-15 1?1.697 = 0 30 97 86 83 61 46 59 65 64 42 49 20 50 45 15 
578-1-2 1?2.307 = 1 22 90 30 97 86 83 61 46 32 72 48 27 84 18 2 
578-1-3 1?2.442 = 1 22 27 33 83 86 61 46 32 72 54 19 52 95 85 23 3 
578-1-4 1?2.259 = 1 22 27 33 83 61 46 32 72 54 19 52 95 85 92 51 4 
578-1-5 1?2.471 = 1 22 27 33 83 61 65 59 46 32 72 54 19 52 95 85 92 55 5 
578-1-6 1?2.452 = 1 22 27 33 83 61 46 32 72 54 19 52 95 85 63 79 68 6 
578-1-7 1?2.727 = 1 22 27 33 83 86 42 64 65 59 46 32 89 76 99 66 17 98 7 
578-1-8 1?2.639 = 1 22 27 33 83 86 42 64 65 59 46 32 89 76 60 37 34 28 96 8 
578-1-9 1?2.599 = 1 22 27 33 83 61 46 59 65 42 64 58 41 93 40 88 78 39 71 43 9 
578-1-10 1?2.498 = 1 22 27 33 83 86 61 46 59 65 42 64 58 41 93 31 75 94 53 10 
578-1-11 1?2.456 = 1 22 27 33 83 61 46 59 65 42 64 58 41 93 40 88 75 31 57 11 
578-1-12 1?2.364 = 1 22 27 33 48 72 32 46 59 65 42 64 58 41 93 80 29 12 
578-1-13 1?2.412 = 1 22 27 33 97 86 83 61 46 59 65 64 42 49 70 35 67 74 13 
578-1-14 1?2.155 = 1 22 27 33 83 61 46 59 65 64 42 49 50 20 82 70 87 14 
578-1-15 1?1.784 = 1 22 27 33 83 61 46 59 65 64 42 49 20 50 45 15 
578-2-3 1?2.392 = 2 18 84 27 33 83 61 46 32 72 54 19 52 95 16 3 
578-2-4 1?2.244 = 2 18 84 27 33 48 72 54 19 52 95 85 92 51 21 4 
578-2-5 1?2.216 = 2 18 84 27 33 48 72 54 19 52 95 85 92 55 24 5 
578-2-6 1?2.637 = 2 18 84 27 33 83 61 46 32 72 54 19 52 95 85 63 79 68 6 
578-2-7 1?2.777 = 2 18 84 27 33 83 86 61 46 32 72 54 19 26 66 17 98 7 
578-2-8 1?2.665 = 2 18 84 27 33 83 86 61 46 32 89 76 99 60 37 34 28 96 8 
578-2-9 1?2.534 = 2 18 84 27 33 83 61 46 32 89 76 99 60 37 36 39 71 43 9 
578-2-10 1?2.63 = 2 18 84 27 33 83 61 46 59 65 42 64 58 41 40 75 31 57 53 94 10 
578-2-11 1?2.606 = 2 18 84 27 33 83 86 61 46 59 65 42 64 58 41 40 88 75 31 57 11 
578-2-12 1?2.634 = 2 18 84 77 52 19 54 72 32 46 59 65 42 64 58 41 93 80 29 12 
578-2-13 1?2.548 = 2 18 84 77 52 95 85 25 19 54 72 32 46 59 65 42 35 67 74 13 
578-2-14 1?2.411 = 2 18 84 27 33 90 30 97 86 83 61 46 59 65 64 42 49 70 87 14 
578-2-15 1?1.916 = 2 18 84 27 33 83 61 59 65 64 42 49 20 50 45 15 
578-3-4 1?2.506 = 3 16 95 52 19 54 72 32 62 26 25 85 92 51 21 4 
578-3-5 1?2.583 = 3 16 95 52 19 54 72 32 62 26 25 85 92 63 55 5 
578-3-6 1?2.618 = 3 16 95 52 19 54 72 32 62 26 25 85 63 79 68 6 
578-3-7 1?2.597 = 3 23 21 51 92 85 25 95 52 19 26 66 17 98 44 69 7 
578-3-8 1?2.815 = 3 23 85 25 95 52 19 54 72 32 89 76 99 60 37 34 28 96 8 
578-3-9 1?2.534 = 3 16 95 52 19 54 72 32 89 76 99 60 37 36 39 71 43 9 
578-3-10 1?2.691 = 3 16 52 19 54 72 32 46 59 65 42 64 58 41 93 31 75 53 10 
578-3-11 1?2.629 = 3 16 95 52 19 54 72 32 46 59 65 42 64 58 41 40 75 57 11 
578-3-12 1?2.57 = 3 16 95 52 19 54 72 32 46 59 65 42 64 58 41 93 80 29 12 
578-3-13 1?2.522 = 3 23 21 92 85 95 52 19 54 72 32 46 59 65 64 42 35 67 74 13 
578-3-14 1?2.44 = 3 23 92 85 95 52 19 54 72 32 46 59 65 42 49 70 87 14 
578-3-15 1?2.333 = 3 16 95 52 19 54 72 32 46 59 65 64 42 49 50 20 82 45 15 
578-4-5 1?2.566 = 4 21 23 16 95 52 19 54 72 62 26 25 85 92 55 24 5 
578-4-6 1?2.579 = 4 21 23 16 91 18 84 77 52 95 85 92 63 79 68 6 
578-4-7 1?2.391 = 4 21 51 92 85 95 52 19 54 26 66 17 98 44 69 7 
578-4-8 1?2.623 = 4 51 92 85 95 52 19 54 72 32 89 76 99 60 37 34 28 96 8 
578-4-9 1?2.439 = 4 51 92 85 95 52 19 54 62 89 76 60 37 36 39 71 43 9 
578-4-10 1?2.642 = 4 51 92 85 95 52 19 54 72 32 46 59 65 64 58 41 40 75 53 10 
578-4-11 1?2.593 = 4 51 92 85 95 52 19 54 72 32 46 59 65 64 58 41 40 75 57 11 
578-4-12 1?2.53 = 4 21 51 92 85 95 52 19 54 72 32 46 59 65 64 42 35 67 29 12 
578-4-13 1?2.533 = 4 21 51 92 85 25 95 52 19 54 72 62 32 46 59 65 64 42 35 67 74 13 
578-4-14 1?2.26 = 4 21 51 92 85 95 52 19 54 72 32 46 59 65 64 42 70 87 14 
578-4-15 1?2.202 = 4 51 92 85 95 52 19 54 72 32 46 59 65 64 42 49 50 45 15 
578-5-6 1?2.626 = 5 24 55 92 85 95 52 19 54 72 62 26 66 17 98 6 
578-5-7 1?2.447 = 5 24 55 63 92 85 25 95 52 19 26 66 17 98 44 69 7 
578-5-8 1?2.301 = 5 24 55 92 85 25 95 52 19 26 66 17 98 44 69 96 8 
578-5-9 1?2.39 = 5 55 92 85 95 52 19 54 62 99 60 37 36 39 71 43 9 
578-5-10 1?2.575 = 5 24 55 92 85 95 52 19 54 72 32 89 76 88 40 75 31 57 53 10 
578-5-11 1?2.574 = 5 24 55 92 85 95 52 19 54 72 32 89 76 88 40 75 94 53 81 11 
578-5-12 1?2.502 = 5 24 55 92 85 95 52 19 54 72 32 46 59 65 64 42 35 67 29 12 
578-5-13 1?2.593 = 5 24 55 63 92 85 95 52 19 54 72 62 32 46 59 65 42 64 35 67 74 13 
578-5-14 1?2.572 = 5 24 55 92 85 25 95 52 19 54 72 62 32 46 59 65 64 42 49 70 87 14 
578-5-15 1?2.302 = 5 24 55 92 85 95 52 19 54 72 32 46 59 65 64 42 49 20 50 45 15 
578-6-7 1?2.496 = 6 68 79 63 92 85 25 95 52 19 26 66 17 98 44 69 7 
578-6-8 1?2.316 = 6 68 79 63 92 85 95 25 26 66 17 98 44 69 96 8 
578-6-9 1?2.294 = 6 68 79 63 56 66 17 34 37 36 78 39 38 71 43 9 
578-6-10 1?2.492 = 6 98 17 34 37 36 39 78 88 40 75 31 57 53 94 47 38 10 
578-6-11 1?2.659 = 6 68 79 63 56 66 17 34 37 36 39 78 47 94 53 75 40 31 57 11 
578-6-12 1?2.601 = 6 68 79 63 85 25 19 54 72 32 46 59 65 64 42 35 67 29 12 
578-6-13 1?2.404 = 6 68 79 63 85 95 52 19 54 72 32 46 59 65 64 42 35 67 74 13 
578-6-14 1?2.434 = 6 68 79 63 92 85 95 52 19 54 72 32 46 59 65 64 42 70 87 14 
578-6-15 1?2.395 = 6 68 79 63 85 95 52 19 54 72 32 46 59 65 64 42 49 50 45 15 
578-7-8 1?2.428 = 7 44 28 34 37 60 88 40 75 94 47 78 39 71 43 9 8 
578-7-9 1?2.039 = 7 44 28 34 37 60 88 40 75 94 47 78 39 71 43 9 
578-7-10 1?2.238 = 7 69 96 28 34 37 36 39 78 88 40 75 31 57 53 94 47 38 10 
578-7-11 1?2.457 = 7 69 44 28 34 37 36 39 78 47 94 53 57 31 75 40 41 93 80 11 
578-7-12 1?2.365 = 7 44 28 34 37 36 39 78 47 94 53 57 31 75 40 41 93 80 29 12 
578-7-13 1?2.551 = 7 69 96 28 34 37 60 99 76 89 32 46 59 65 42 35 67 74 13 
578-7-14 1?2.554 = 7 69 44 28 34 37 60 76 89 32 46 59 65 64 42 49 70 87 14 
578-7-15 1?2.625 = 7 69 96 28 34 37 60 99 76 89 32 46 59 65 64 42 49 20 50 45 15 
578-8-9 1?1.874 = 8 96 28 34 37 36 39 78 47 75 53 94 38 71 43 9 
578-8-10 1?1.87 = 8 96 28 34 37 36 39 78 88 40 75 53 94 47 38 10 
578-8-11 1?1.899 = 8 96 28 34 37 36 39 78 47 94 53 75 40 31 57 81 11 
578-8-12 1?1.896 = 8 96 28 34 37 36 39 78 47 94 53 75 31 80 29 12 
578-8-13 1?2.338 = 8 96 28 34 37 60 99 76 89 32 46 59 65 64 42 35 67 74 13 
578-8-14 1?2.306 = 8 96 28 34 37 60 99 76 89 32 46 59 65 64 42 70 87 14 
578-8-15 1?2.512 = 8 96 28 34 37 60 99 76 89 32 46 59 65 64 42 49 50 20 82 45 15 
578-9-10 1?1.773 = 9 43 71 36 37 60 88 40 75 31 57 53 94 47 38 10 
578-9-11 1?1.78 = 9 43 71 39 78 47 94 53 57 31 75 40 41 93 80 11 
578-9-12 1?1.633 = 9 43 71 39 78 47 94 53 75 40 41 93 80 29 12 
578-9-13 1?2.118 = 9 43 71 39 78 47 94 53 57 31 75 88 40 41 73 35 67 74 13 
578-9-14 1?2.269 = 9 43 71 39 36 37 60 99 76 89 32 46 59 65 64 42 70 87 14 
578-9-15 1?2.262 = 9 43 71 39 36 37 60 76 89 32 46 59 65 64 42 49 20 50 45 15 
578-10-11 1?1.88 = 10 38 39 36 37 60 78 47 94 53 75 88 40 31 57 11 
578-10-12 1?1.775 = 10 38 39 78 47 94 53 57 31 75 40 41 93 80 29 12 
578-10-13 1?1.938 = 10 38 47 94 53 57 31 75 40 41 93 73 35 67 74 13 
578-10-14 1?2.24 = 10 53 94 75 40 88 76 89 32 46 59 65 64 42 49 70 87 14 
578-10-15 1?2.275 = 10 53 57 31 75 40 88 76 89 32 46 59 65 64 42 49 20 50 45 15 
578-11-12 1?1.756 = 11 81 57 31 75 53 94 47 78 88 40 41 93 80 29 12 
578-11-13 1?1.885 = 11 81 53 94 47 75 31 40 88 41 93 73 35 67 74 13 
578-11-14 1?1.983 = 11 81 53 94 47 75 31 40 88 41 93 73 35 67 87 14 
578-11-15 1?2.098 = 11 57 31 75 40 88 76 89 32 46 59 65 64 42 49 50 45 15 
578-12-13 1?1.993 = 12 80 93 41 76 89 32 46 59 65 64 35 67 74 13 
578-12-14 1?1.974 = 12 29 67 35 42 64 65 59 46 61 86 49 70 87 14 
578-12-15 1?2.049 = 12 29 80 93 41 58 59 65 64 42 49 70 82 20 50 45 15 
578-13-14 1?1.772 = 13 74 67 35 42 64 65 59 46 61 83 86 49 70 87 14 
578-13-15 1?1.693 = 13 74 67 35 64 65 59 46 61 83 86 49 20 50 45 15 
578-14-15 1?1.711 = 14 87 70 42 64 65 59 46 61 83 86 49 20 50 45 15 
stop
