start
693-0-2 1?2.205 = 0 71 96 82 97 77 75 54 28 88 74 45 60 63 86 53 95 2 
693-0-3 1?2.22 = 0 71 67 29 72 32 27 63 60 45 74 46 78 90 87 30 44 3 
693-0-1 1?2.019 = 0 71 96 48 77 75 54 28 88 74 45 60 86 52 25 1 
693-0-11 1?2.487 = 0 71 96 82 56 64 26 42 85 34 33 38 20 68 49 36 18 51 11 
693-0-6 1?2.317 = 0 71 96 48 77 75 54 28 88 79 83 57 92 47 62 31 17 70 35 6 
693-0-8 1?2.639 = 0 71 96 48 77 54 28 88 79 83 92 47 57 50 99 59 61 16 84 8 
693-0-7 1?2.634 = 0 71 96 48 27 32 63 60 45 46 78 90 87 55 62 47 92 57 50 99 59 7 
693-0-5 1?2.183 = 0 71 96 48 77 75 54 28 88 79 83 57 92 47 62 31 17 35 70 5 
693-0-10 1?2.72 = 0 71 67 29 25 52 32 27 48 77 75 54 41 93 37 81 68 49 43 23 10 
693-0-4 1?2.005 = 0 71 67 29 72 32 27 63 60 45 74 46 78 90 87 30 44 4 
693-0-9 1?2.783 = 0 71 67 29 25 52 32 27 48 77 75 54 41 93 37 81 68 49 43 23 9 
693-1-4 1?1.774 = 1 25 52 32 27 63 60 45 74 46 78 90 87 30 44 4 
693-1-3 1?1.989 = 1 25 52 32 27 63 60 45 74 46 78 90 87 30 44 3 
693-0-14 1?1.772 = 0 71 67 29 72 32 27 48 96 82 56 69 64 26 42 85 14 
693-1-2 1?2.019 = 1 25 52 72 32 27 48 96 82 97 77 63 60 86 53 95 2 
693-0-15 1?1.913 = 0 71 96 72 67 29 25 52 32 27 48 77 75 97 82 56 15 
693-0-13 1?1.838 = 0 71 96 48 77 75 97 89 64 26 42 85 34 33 38 13 
693-1-7 1?2.465 = 1 25 52 32 27 63 60 45 46 78 90 87 55 31 70 17 35 91 66 7 
693-0-12 1?1.921 = 0 71 96 48 77 97 89 26 42 85 34 33 38 58 19 12 
693-1-5 1?2.11 = 1 25 52 32 27 63 60 45 74 79 83 57 92 47 62 31 17 35 70 5 
693-1-6 1?2.244 = 1 25 52 32 27 63 60 45 74 79 83 57 92 47 62 31 17 70 35 6 
693-1-8 1?2.543 = 1 25 52 86 63 60 45 74 79 83 92 47 57 50 99 59 61 16 84 8 
693-2-5 1?1.958 = 2 95 53 78 90 44 30 87 55 62 47 92 57 17 70 5 
693-2-4 1?1.986 = 2 53 86 60 45 74 79 83 57 47 62 55 87 30 4 
693-1-15 1?1.943 = 1 25 52 29 67 72 32 27 48 96 82 56 64 26 42 85 69 15 
693-2-3 1?2.145 = 2 53 45 74 79 83 57 92 47 62 55 87 30 44 3 
693-1-11 1?2.483 = 1 25 52 32 27 48 96 82 56 64 26 42 85 34 33 38 58 19 18 51 11 
693-1-10 1?2.629 = 1 25 52 32 27 48 96 82 97 77 75 54 41 93 37 81 68 49 43 23 10 
693-2-6 1?2.22 = 2 95 53 86 63 60 45 74 79 83 57 92 47 62 31 70 17 35 6 
693-1-14 1?2.06 = 1 25 52 29 67 72 32 27 48 77 75 97 82 56 64 69 26 42 85 14 
693-1-13 1?2.277 = 1 25 52 29 72 32 27 48 96 82 97 77 75 89 64 26 42 85 33 38 13 
693-1-9 1?2.665 = 1 25 52 29 67 72 32 27 48 77 75 54 41 93 37 81 68 49 43 23 9 
693-1-12 1?2.296 = 1 25 52 29 67 72 32 27 48 96 82 56 64 26 42 85 34 33 38 58 19 12 
693-2-15 1?2.3 = 2 25 52 29 67 72 32 27 48 96 82 97 89 64 26 42 85 69 15 
693-3-4 1?2 = 3 44 30 90 78 46 87 55 62 47 92 57 17 31 76 4 
693-3-5 1?1.792 = 3 44 30 90 87 55 62 92 47 57 17 31 76 70 35 5 
693-2-11 1?2.525 = 2 95 53 86 63 60 45 74 28 88 93 41 37 81 68 49 36 18 51 11 
693-2-10 1?2.656 = 2 95 53 78 87 55 62 47 92 57 83 79 65 21 73 24 23 43 10 
693-2-7 1?2.332 = 2 95 53 78 90 87 55 76 31 70 17 35 91 66 59 61 16 7 
693-2-14 1?2.4 = 2 25 52 29 67 72 32 27 48 96 82 97 77 75 89 64 69 26 42 85 14 
693-2-12 1?2.41 = 2 25 52 32 27 48 96 82 56 69 64 26 42 85 34 33 38 58 19 12 
693-2-8 1?2.434 = 2 95 53 78 90 87 55 62 47 92 57 83 50 99 59 61 16 84 8 
693-2-9 1?2.591 = 2 95 53 78 90 87 55 62 47 92 57 83 79 65 21 73 24 80 9 
693-2-13 1?2.565 = 2 25 52 29 72 32 27 48 96 82 97 77 75 89 64 26 42 85 34 33 38 13 
693-4-5 1?1.46 = 4 30 44 90 87 55 62 47 92 57 35 17 70 31 76 5 
693-3-15 1?2.394 = 3 44 30 87 55 62 47 92 57 83 79 88 28 54 75 97 82 15 
693-3-10 1?2.357 = 3 44 30 90 87 55 62 47 92 57 83 79 65 73 24 23 43 10 
693-3-7 1?2.096 = 3 44 30 90 87 55 62 47 92 57 83 79 65 21 50 99 59 61 7 
693-3-11 1?2.443 = 3 90 87 55 62 47 92 57 83 79 65 21 73 24 49 68 36 51 11 
693-3-6 1?2.048 = 3 44 30 87 55 62 47 92 57 83 79 65 21 50 99 59 66 6 
693-3-8 1?2.127 = 3 44 30 90 87 55 62 47 92 57 83 50 99 59 61 16 84 8 
693-3-9 1?2.284 = 3 44 30 90 87 55 62 47 92 57 83 79 65 21 73 24 80 9 
693-3-14 1?2.484 = 3 95 53 86 52 25 29 67 72 32 27 48 96 82 56 69 64 26 42 85 14 
693-3-12 1?2.598 = 3 44 30 87 55 62 47 92 57 83 79 65 21 73 24 81 20 19 12 
693-3-13 1?2.688 = 3 95 53 86 52 25 29 72 32 27 48 96 82 56 64 26 42 85 34 33 38 13 
693-5-6 1?1.677 = 5 70 17 31 76 55 62 47 92 57 50 99 59 66 91 6 
693-4-6 1?1.604 = 4 30 44 90 87 55 62 47 92 57 50 99 59 66 6 
693-4-15 1?2.287 = 4 44 30 87 55 62 47 92 57 83 79 88 28 54 77 97 82 56 15 
693-4-7 1?1.772 = 4 44 30 87 55 62 47 92 57 83 79 65 21 50 99 59 61 7 
693-4-10 1?2.412 = 4 30 44 90 78 87 55 62 47 92 57 83 79 65 21 73 24 23 43 10 
693-4-11 1?2.365 = 4 30 44 90 87 55 62 47 92 57 83 79 65 21 73 24 49 68 36 51 11 
693-4-8 1?2.021 = 4 44 30 87 55 62 47 92 57 83 79 65 21 50 99 59 61 16 84 8 
693-4-14 1?2.374 = 4 44 30 87 55 62 47 92 57 83 79 88 28 54 89 64 26 42 85 14 
693-4-9 1?2.264 = 4 30 44 90 87 55 62 47 92 57 83 79 65 21 73 24 22 39 98 9 
693-4-12 1?2.545 = 4 44 30 87 55 62 47 92 57 83 79 65 21 73 24 49 68 36 18 19 12 
693-4-13 1?2.473 = 4 44 30 87 55 62 47 92 57 83 79 65 21 73 24 81 40 33 38 13 
693-5-7 1?1.635 = 5 70 31 62 47 92 57 83 79 65 21 50 99 59 61 7 
693-6-7 1?1.751 = 6 35 17 70 31 76 55 62 47 92 57 50 99 59 61 7 
693-6-8 1?1.796 = 6 35 17 70 31 62 47 92 57 50 99 59 61 16 84 8 
693-5-15 1?2.32 = 5 35 17 70 31 62 47 92 57 83 79 88 28 54 75 77 97 82 56 15 
693-5-10 1?2.264 = 5 70 35 17 31 76 55 62 92 47 57 83 79 65 21 73 24 23 43 10 
693-5-11 1?2.307 = 5 70 35 17 31 62 47 92 57 83 79 65 21 73 24 49 68 36 18 51 11 
693-5-8 1?1.982 = 5 35 17 31 62 47 92 57 83 79 65 21 50 99 59 61 16 84 8 
693-5-9 1?2.247 = 5 70 17 31 76 55 62 47 92 57 83 79 65 21 73 24 22 39 98 9 
693-5-13 1?2.486 = 5 70 17 31 62 47 92 57 83 79 88 28 54 75 89 64 26 42 85 34 13 
693-5-12 1?2.508 = 5 70 17 31 62 47 92 57 83 79 65 21 73 24 49 68 36 51 18 19 12 
693-5-14 1?2.456 = 5 70 17 31 62 47 92 57 83 79 88 28 54 75 77 97 89 64 26 42 85 14 
693-7-10 1?2.227 = 7 61 16 94 99 59 66 91 50 21 73 24 23 43 10 
693-7-8 1?2.06 = 7 66 91 35 17 31 62 47 92 57 50 99 61 16 84 8 
693-7-9 1?2.163 = 7 16 61 59 66 91 99 50 21 73 24 22 39 98 9 
693-6-10 1?2.298 = 6 35 17 70 31 55 62 47 92 57 83 79 65 21 73 24 23 43 10 
693-7-11 1?2.439 = 7 16 61 59 66 91 99 50 94 22 80 23 43 49 68 36 18 51 11 
693-6-11 1?2.369 = 6 35 17 70 31 62 47 92 57 83 79 65 21 73 24 49 68 36 51 11 
693-6-15 1?2.549 = 6 35 17 70 31 55 62 47 92 57 83 79 88 28 54 75 77 97 82 56 15 
693-6-9 1?2.31 = 6 35 17 70 31 55 62 47 92 57 50 99 59 61 16 84 39 98 9 
693-6-12 1?2.587 = 6 35 17 70 31 62 47 92 57 83 79 65 21 73 24 49 68 36 18 12 
693-6-14 1?2.47 = 6 35 17 70 31 62 47 92 57 83 79 88 28 54 75 89 26 42 85 14 
693-6-13 1?2.571 = 6 35 17 70 31 62 47 92 57 83 79 88 28 93 41 37 40 33 38 13 
693-8-11 1?2.175 = 8 84 16 61 59 99 94 22 80 23 43 49 68 36 18 51 11 
693-8-10 1?2.187 = 8 84 16 61 59 66 91 99 50 21 73 24 23 43 10 
693-8-9 1?2.21 = 8 84 16 61 59 66 91 50 21 73 24 22 39 98 9 
693-8-15 1?2.708 = 8 84 16 61 59 99 50 57 47 92 83 79 88 28 54 75 97 82 56 15 
693-7-15 1?2.671 = 7 16 61 59 99 50 57 47 92 83 79 88 28 54 75 77 97 82 56 15 
693-8-12 1?2.586 = 8 84 16 61 59 99 50 21 73 24 23 43 49 68 36 18 19 12 
693-7-12 1?2.573 = 7 61 59 99 50 94 16 84 39 80 23 43 49 68 36 51 18 19 12 
693-7-14 1?2.582 = 7 61 59 99 50 21 73 93 41 54 75 77 97 89 64 26 42 85 14 
693-8-14 1?2.724 = 8 84 16 61 59 99 50 21 73 93 41 54 75 77 97 89 64 69 14 
693-7-13 1?2.678 = 7 61 59 99 50 57 47 92 83 79 88 28 93 41 37 40 33 38 13 
693-8-13 1?2.749 = 8 84 16 61 59 99 50 57 47 92 83 79 93 41 37 40 33 38 13 
693-10-11 1?2.769 = 10 23 24 73 21 65 79 93 41 37 81 68 49 36 51 11 
693-9-10 1?2.392 = 9 98 39 84 16 61 59 66 91 99 94 22 80 23 43 10 
693-9-11 1?2.387 = 9 98 39 84 16 61 94 22 80 23 43 49 68 36 18 11 
693-10-12 1?2.671 = 10 23 43 49 68 20 38 33 42 26 69 85 34 13 58 19 12 
693-9-12 1?2.507 = 9 98 39 84 16 94 22 80 23 43 49 68 36 18 19 12 
693-10-15 1?2.67 = 10 23 43 49 68 36 51 18 19 58 38 33 34 85 42 26 64 69 56 15 
693-9-15 1?2.679 = 9 98 39 80 23 43 49 68 20 40 38 33 34 85 42 26 64 56 15 
693-10-14 1?2.592 = 10 23 43 49 68 20 40 38 33 34 85 42 26 64 89 56 69 14 
693-10-13 1?2.632 = 10 23 43 49 68 81 37 41 54 77 97 89 26 42 85 34 13 
693-9-14 1?2.709 = 9 98 39 80 23 43 49 68 20 38 33 34 85 42 26 64 56 69 14 
693-9-13 1?2.724 = 9 23 43 49 68 81 37 41 54 75 77 97 89 26 42 85 34 13 
693-12-15 1?2.054 = 12 19 58 38 33 34 85 42 26 89 75 77 97 82 56 15 
693-13-15 1?2.094 = 13 38 33 34 85 42 26 64 89 97 77 48 96 82 56 15 
693-14-15 1?2.077 = 14 85 42 26 64 69 56 82 96 48 27 32 72 29 67 71 15 
693-11-12 1?2.596 = 11 51 18 36 49 68 20 40 89 64 26 42 33 38 58 12 
693-12-14 1?2.176 = 12 19 18 36 49 68 20 38 33 34 85 42 26 64 69 14 
693-11-14 1?2.101 = 11 18 36 49 68 20 40 38 33 34 85 42 26 64 69 14 
693-13-14 1?2.063 = 13 38 33 34 85 42 26 89 75 77 97 82 56 64 69 14 
693-12-13 1?2.403 = 12 19 20 40 54 75 77 97 82 56 64 26 42 85 34 13 
693-11-13 1?2.387 = 11 51 18 36 49 68 20 40 38 33 42 26 64 69 85 34 13 
693-11-15 1?2.51 = 11 51 18 36 43 23 49 68 20 38 33 34 85 42 26 64 69 56 15 
stop
