start
238-0-2 1?1.833 = 0 59 45 90 20 71 24 78 34 79 64 41 37 89 17 2 
238-0-3 1?1.807 = 0 59 45 40 80 49 36 20 89 37 24 78 34 79 64 41 98 3 
238-0-1 1?2.027 = 0 59 45 90 71 24 78 79 64 41 37 89 20 49 40 1 
238-0-6 1?2.348 = 0 59 45 40 80 49 36 20 71 24 78 34 79 68 69 29 32 62 6 
238-0-11 1?2.692 = 0 59 45 90 47 43 50 39 86 87 95 70 19 31 55 25 21 99 11 
238-0-5 1?2.271 = 0 59 45 40 80 49 36 20 89 37 24 41 64 79 78 34 68 69 42 5 
238-0-8 1?2.462 = 0 59 45 90 47 38 66 76 16 88 73 53 60 67 54 23 27 22 63 8 
238-0-7 1?2.424 = 0 59 45 90 47 38 66 76 16 88 73 60 67 54 23 27 22 63 46 35 7 
238-0-9 1?2.643 = 0 59 45 90 38 66 76 16 88 73 60 67 54 23 22 63 91 74 56 52 9 
238-0-10 1?2.822 = 0 59 58 47 38 66 76 16 88 73 60 67 92 48 51 74 56 52 18 10 
238-0-4 1?2.032 = 0 59 45 40 80 49 36 20 89 37 41 64 79 78 34 68 69 42 4 
238-1-3 1?1.391 = 1 80 49 36 20 89 37 24 78 34 79 64 41 98 3 
238-0-15 1?2.071 = 0 59 45 40 80 49 36 20 71 38 47 58 77 94 15 
238-0-14 1?2.297 = 0 59 45 40 80 49 20 71 38 47 58 77 94 75 14 
238-1-2 1?1.564 = 1 40 49 36 20 71 24 78 34 79 64 41 37 89 17 2 
238-1-4 1?1.533 = 1 40 80 49 36 20 71 24 78 34 79 41 64 33 4 
238-0-13 1?2.604 = 0 59 45 40 80 49 36 20 71 38 47 58 77 94 75 83 61 13 
238-0-12 1?2.763 = 0 59 45 90 40 80 49 36 20 71 38 47 43 50 39 86 87 81 12 
238-1-7 1?2.244 = 1 80 49 36 20 71 24 78 34 68 69 29 32 53 73 60 67 54 23 7 
238-1-5 1?2.009 = 1 40 80 49 36 20 89 37 24 41 64 79 78 34 68 69 29 32 62 5 
238-1-8 1?2.34 = 1 40 49 20 71 24 78 34 68 69 29 32 53 73 60 67 54 23 22 63 8 
238-1-6 1?2.303 = 1 40 80 49 36 20 71 37 24 41 64 79 78 34 68 69 29 32 62 57 6 
238-1-15 1?2.119 = 1 40 80 49 36 20 89 37 24 71 38 47 58 77 94 15 
238-2-3 1?1.625 = 2 17 89 37 24 41 64 79 78 34 68 69 42 33 98 3 
238-2-4 1?1.546 = 2 17 36 20 89 37 24 41 64 79 78 34 68 69 42 4 
238-2-6 1?2.054 = 2 17 89 37 24 78 34 79 68 69 32 53 73 60 67 54 57 6 
238-2-5 1?1.993 = 2 17 36 20 89 37 24 41 64 79 78 34 65 68 69 29 32 62 5 
238-1-11 1?2.635 = 1 40 80 49 36 20 71 38 47 43 50 39 86 87 95 70 21 99 11 
238-1-9 1?2.508 = 1 40 49 20 71 24 78 34 68 69 29 32 53 73 60 92 48 56 52 9 
238-1-10 1?2.611 = 1 40 49 36 20 71 38 47 43 50 39 86 87 95 70 19 31 55 25 10 
238-1-14 1?2.16 = 1 40 80 49 36 20 71 38 47 58 77 94 75 83 61 14 
238-1-12 1?2.706 = 1 40 80 49 36 20 89 37 71 38 47 43 50 39 86 87 81 85 12 
238-1-13 1?2.587 = 1 40 80 49 36 20 89 37 71 38 47 58 77 94 75 83 61 72 13 
238-2-15 1?2.018 = 2 17 89 37 24 78 79 34 65 97 38 47 58 77 94 15 
238-3-4 1?1.503 = 3 98 44 89 37 24 41 64 79 78 34 68 69 29 42 4 
238-3-5 1?1.683 = 3 98 44 89 37 24 41 64 79 34 68 69 32 29 42 5 
238-2-7 1?1.94 = 2 17 89 37 24 78 34 68 69 29 32 53 73 60 67 54 23 35 7 
238-2-9 1?2.258 = 2 17 89 37 24 78 34 68 69 29 32 53 73 88 28 92 48 56 52 9 
238-2-8 1?2.112 = 2 17 89 37 24 78 34 68 69 29 32 53 88 73 60 67 54 23 22 63 8 
238-2-10 1?2.492 = 2 17 89 37 24 78 34 68 69 29 32 53 73 88 28 92 48 56 52 18 10 
238-2-11 1?2.568 = 2 17 89 37 24 78 34 68 69 29 32 53 73 88 28 84 31 19 21 99 11 
238-2-14 1?2.333 = 2 17 89 37 41 64 79 34 78 24 71 38 47 58 77 94 75 14 
238-2-13 1?2.57 = 2 17 89 37 41 64 79 78 24 71 38 47 58 77 94 75 83 61 13 
238-2-12 1?2.695 = 2 17 89 37 24 41 64 79 78 34 65 76 30 93 96 39 86 87 81 85 12 
238-3-15 1?2.103 = 3 98 41 64 79 34 78 24 37 89 20 36 49 90 58 77 94 15 
238-4-5 1?2.073 = 4 3 98 44 89 37 24 41 64 79 34 68 69 32 29 42 5 
238-3-6 1?1.812 = 3 98 44 89 37 24 41 64 79 78 34 68 69 29 32 62 6 
238-3-7 1?1.777 = 3 98 41 64 79 34 68 69 29 32 53 60 67 54 23 35 7 
238-3-9 1?2.132 = 3 98 41 64 79 34 68 69 29 32 53 73 60 67 92 48 56 52 9 
238-3-8 1?1.966 = 3 98 41 64 79 78 34 68 69 29 32 53 73 60 67 54 23 22 63 8 
238-3-11 1?2.421 = 3 98 41 64 79 34 68 69 29 32 53 73 88 28 84 31 19 21 99 11 
238-3-10 1?2.345 = 3 98 41 64 79 34 68 69 29 32 53 73 88 28 92 48 56 52 18 10 
238-3-14 1?2.277 = 3 98 41 64 79 34 78 24 37 89 71 38 47 58 77 94 75 14 
238-3-13 1?2.423 = 3 98 41 64 79 34 78 24 71 38 47 58 77 94 75 83 61 72 13 
238-3-12 1?2.585 = 3 98 44 41 64 79 34 78 24 71 38 47 43 50 39 86 87 81 12 
238-5-6 1?2.072 = 5 62 53 73 88 28 60 67 54 23 27 22 63 46 35 7 6 
238-4-6 1?1.916 = 4 33 79 78 34 68 69 29 32 53 73 60 67 54 57 6 
238-4-15 1?2.362 = 4 33 64 41 79 34 78 24 37 89 20 36 49 80 40 90 58 77 94 15 
238-4-7 1?1.8 = 4 42 69 29 32 53 88 73 60 67 54 23 27 22 63 46 35 7 
238-4-8 1?2.026 = 4 33 79 78 34 68 69 29 32 53 88 73 60 67 54 23 22 63 8 
238-4-9 1?2.15 = 4 42 29 32 53 88 73 60 67 54 23 22 63 27 51 91 74 56 52 9 
238-4-10 1?2.345 = 4 42 29 32 53 88 73 60 67 54 23 22 27 51 91 74 56 52 18 10 
238-4-11 1?2.573 = 4 33 64 41 79 78 34 68 69 29 32 53 73 88 28 84 31 19 21 11 
238-4-14 1?2.551 = 4 33 64 41 79 34 78 24 37 89 20 36 49 40 90 58 77 94 75 14 
238-4-12 1?2.674 = 4 33 64 41 79 34 78 24 71 38 47 43 50 39 86 87 81 85 12 
238-4-13 1?2.623 = 4 33 64 41 79 34 78 24 37 71 38 47 58 77 94 75 83 61 72 13 
238-6-8 1?1.824 = 6 57 53 73 60 67 54 23 35 46 63 22 27 51 91 8 
238-5-8 1?1.797 = 5 62 53 73 88 28 60 67 54 23 35 46 22 27 63 8 
238-5-9 1?1.888 = 5 62 53 73 60 67 54 23 22 63 27 51 74 56 52 9 
238-5-7 1?1.682 = 5 62 53 73 88 28 60 67 54 23 27 22 63 46 35 7 
238-6-7 1?1.607 = 6 57 53 73 88 28 60 67 54 23 27 22 63 46 35 7 
238-5-15 1?2.414 = 5 62 32 29 69 68 34 78 79 64 41 24 71 38 47 58 77 94 15 
238-5-10 1?2.222 = 5 62 53 88 73 60 67 54 23 22 63 27 51 91 74 56 52 18 10 
238-5-11 1?2.481 = 5 62 53 73 60 67 54 23 22 63 27 51 91 74 56 52 55 21 11 
238-5-14 1?2.559 = 5 42 69 68 34 78 79 64 41 37 71 38 47 58 77 94 75 14 
238-5-12 1?2.739 = 5 62 53 73 88 28 92 48 51 91 74 56 52 55 31 19 21 26 12 
238-5-13 1?2.783 = 5 62 29 69 68 79 34 78 24 71 38 47 58 77 94 75 83 61 72 13 
238-7-8 1?1.611 = 7 35 46 23 54 67 60 53 73 88 28 92 27 22 63 8 
238-7-9 1?1.519 = 7 35 46 22 27 23 54 67 92 48 51 91 74 56 52 9 
238-6-9 1?1.648 = 6 57 54 67 23 35 46 63 22 27 51 91 74 56 52 9 
238-6-15 1?2.624 = 6 57 62 29 69 68 34 78 79 64 41 24 71 38 47 58 77 94 15 
238-7-11 1?1.885 = 7 35 46 22 27 51 91 74 56 52 18 55 31 19 70 21 99 11 
238-7-10 1?1.875 = 7 35 46 63 22 27 23 54 67 92 48 51 91 74 56 52 18 25 10 
238-6-11 1?2.196 = 6 57 54 23 35 46 63 22 27 51 74 56 52 55 31 19 21 99 11 
238-6-10 1?2.147 = 6 57 53 88 73 60 67 54 23 22 63 27 51 91 74 56 52 18 10 
238-6-14 1?2.665 = 6 57 23 54 67 60 53 73 88 28 84 82 93 96 39 86 87 83 61 14 
238-6-12 1?2.43 = 6 57 54 23 35 46 63 22 27 91 74 56 52 55 31 19 70 26 12 
238-6-13 1?2.701 = 6 57 54 23 22 63 27 51 91 74 56 52 55 31 19 70 95 81 85 72 13 
238-8-10 1?1.774 = 8 46 63 22 27 92 48 51 91 74 56 52 18 55 25 10 
238-8-9 1?1.629 = 8 63 27 22 46 35 23 54 67 92 48 51 74 56 52 9 
238-8-15 1?2.496 = 8 63 22 27 23 54 67 60 73 88 16 76 66 38 47 58 77 94 15 
238-7-15 1?2.484 = 7 35 46 22 23 54 67 60 73 53 88 16 76 66 38 47 58 77 94 15 
238-8-11 1?1.981 = 8 63 22 27 48 51 91 74 56 52 18 55 31 19 70 21 99 11 
238-8-14 1?2.54 = 8 63 22 23 54 67 60 53 73 88 28 84 82 93 96 86 87 83 61 14 
238-8-12 1?2.355 = 8 63 22 27 92 48 51 91 74 56 52 18 55 31 70 21 26 12 
238-8-13 1?2.418 = 8 63 22 46 35 23 54 67 60 28 84 82 93 96 86 87 81 85 72 13 
238-7-14 1?2.494 = 7 35 46 22 27 23 54 67 60 73 88 28 84 82 93 96 50 83 61 14 
238-7-12 1?2.175 = 7 35 46 63 22 27 48 51 91 74 56 52 18 55 31 19 21 26 12 
238-7-13 1?2.343 = 7 35 46 63 22 27 51 91 74 56 52 18 55 31 19 70 95 81 85 13 
238-9-11 1?2.027 = 9 18 52 56 74 91 51 48 31 70 19 55 25 21 99 11 
238-10-11 1?1.931 = 10 25 18 52 56 74 91 51 48 55 31 19 70 21 99 11 
238-9-10 1?1.868 = 9 74 91 51 48 56 52 18 55 31 19 70 21 99 25 10 
238-10-12 1?2.198 = 10 25 18 52 56 74 91 51 48 55 31 19 70 21 26 12 
238-10-15 1?2.815 = 10 18 52 56 74 91 51 48 31 19 70 95 87 86 39 50 75 94 77 15 
238-9-15 1?2.661 = 9 74 91 51 56 52 18 55 31 19 70 95 87 86 39 50 75 94 77 15 
238-10-13 1?2.235 = 10 18 52 56 74 91 51 48 31 19 70 95 81 85 72 13 
238-10-14 1?2.574 = 10 18 52 56 74 91 51 48 31 19 70 95 81 85 72 61 83 14 
238-9-12 1?2.412 = 9 74 91 51 48 56 52 18 55 31 19 70 95 86 87 81 85 12 
238-9-14 1?2.62 = 9 91 74 56 52 18 55 31 19 70 95 86 87 81 85 72 61 83 14 
238-9-13 1?2.561 = 9 52 56 74 91 51 48 92 67 60 28 84 82 96 86 87 81 85 13 
238-12-15 1?2.395 = 12 26 21 19 31 70 95 87 86 39 50 75 94 77 15 
238-14-15 1?2.553 = 14 83 61 72 85 81 87 86 39 50 43 47 58 77 94 15 
238-13-15 1?2.556 = 13 72 85 81 87 86 39 50 43 47 90 45 58 77 94 15 
238-11-15 1?2.663 = 11 21 19 31 70 95 87 86 39 50 43 47 58 77 94 75 15 
238-13-14 1?2.597 = 13 72 85 81 87 86 39 50 43 58 77 94 75 83 61 14 
238-12-14 1?2.48 = 12 26 21 99 25 55 31 19 70 95 81 85 72 61 83 14 
238-11-12 1?2.308 = 11 99 21 25 18 52 56 74 91 51 48 31 19 70 26 12 
238-12-13 1?2.403 = 12 26 21 99 25 55 31 19 70 95 86 87 81 85 72 13 
238-11-13 1?2.344 = 11 99 21 25 18 55 31 19 70 95 86 87 81 85 72 13 
238-11-14 1?2.739 = 11 99 21 55 31 19 70 95 87 86 39 50 58 77 94 75 14 
stop
