start
178-0-1 1?1.745 = 0 23 46 93 94 56 32 87 52 60 76 40 43 18 1 
178-0-5 1?2.271 = 0 23 93 94 56 32 87 52 67 20 75 36 69 31 50 48 27 53 70 5 
178-0-6 1?2.293 = 0 23 93 94 56 32 87 52 67 20 75 36 69 31 50 48 27 53 59 6 
178-0-11 1?2.392 = 0 23 93 94 56 32 87 35 96 79 57 41 16 29 77 91 30 11 
178-0-2 1?1.812 = 0 23 46 93 94 56 32 87 52 60 76 40 43 64 2 
178-0-7 1?2.684 = 0 23 93 94 56 32 87 35 96 57 79 38 89 90 39 25 84 88 97 49 7 
178-0-3 1?2.304 = 0 23 93 94 56 32 87 52 67 20 75 36 69 92 86 66 33 3 
178-0-4 1?2.294 = 0 23 93 94 56 32 87 52 67 20 75 36 69 31 92 86 66 47 4 
178-0-10 1?2.307 = 0 23 93 94 56 32 87 52 38 89 90 72 68 58 26 42 63 19 10 
178-0-9 1?2.387 = 0 23 93 94 56 32 87 52 38 89 90 22 72 58 68 83 21 34 65 9 
178-0-8 1?2.621 = 0 23 93 94 56 32 87 35 96 57 79 38 89 90 39 25 84 88 97 49 8 
178-0-14 1?1.666 = 0 23 93 94 56 37 32 87 35 96 45 24 51 62 14 
178-0-15 1?1.708 = 0 23 46 93 94 56 32 52 87 37 80 45 51 24 15 
178-1-2 1?1.845 = 1 18 82 46 93 94 56 32 87 52 60 40 43 64 2 
178-1-4 1?2.005 = 1 18 82 46 93 94 56 60 76 40 43 64 54 33 47 4 
178-1-6 1?2.361 = 1 18 43 40 60 76 74 99 71 86 92 31 69 36 85 50 48 27 53 6 
178-0-12 1?2.3 = 0 23 93 94 56 32 52 87 37 80 24 45 51 62 98 55 29 77 12 
178-0-13 1?1.745 = 0 23 46 82 56 94 93 80 24 45 51 62 98 55 13 
178-1-3 1?2.052 = 1 18 82 46 23 93 94 56 60 76 40 43 64 54 33 3 
178-1-7 1?2.598 = 1 82 46 93 94 56 32 87 52 67 20 75 36 69 31 50 85 61 7 
178-1-5 1?2.245 = 1 18 43 40 60 76 74 99 71 86 92 66 95 78 48 27 53 70 5 
178-1-8 1?2.563 = 1 18 82 46 93 94 56 32 87 52 67 20 75 39 25 84 88 97 49 8 
178-1-15 1?1.752 = 1 18 82 46 93 94 56 32 52 87 37 80 45 24 15 
178-1-14 1?2.048 = 1 18 82 46 93 94 56 32 52 87 35 96 80 24 45 51 62 14 
178-2-4 1?2.159 = 2 64 43 40 60 76 74 99 71 36 69 31 92 66 47 4 
178-2-5 1?2.054 = 2 64 43 40 60 76 74 99 71 86 92 66 95 78 70 5 
178-2-6 1?2.247 = 2 64 43 40 76 74 99 71 86 92 66 95 78 48 27 53 59 6 
178-2-3 1?2.223 = 2 64 43 40 60 32 87 52 67 99 71 86 92 66 33 3 
178-1-11 1?2.556 = 1 18 82 46 93 94 56 32 87 35 96 79 57 81 41 91 30 11 
178-1-13 1?2.264 = 1 18 64 43 40 82 46 93 94 56 32 87 35 96 44 98 55 13 
178-1-10 1?2.442 = 1 82 46 93 94 56 32 87 52 38 89 90 72 68 58 26 63 19 10 
178-1-12 1?2.431 = 1 18 64 43 40 76 60 56 94 93 80 24 45 51 62 98 55 29 77 12 
178-1-9 1?2.601 = 1 18 82 46 93 94 56 32 87 52 38 89 90 72 68 58 83 21 34 65 9 
178-2-15 1?2.063 = 2 64 43 40 82 46 93 94 56 32 37 80 24 45 62 51 15 
178-2-14 1?2.238 = 2 64 43 40 82 46 93 94 56 32 52 87 35 96 44 98 55 14 
178-3-5 1?2.022 = 3 33 66 92 86 71 36 69 31 85 50 48 27 53 70 5 
178-3-4 1?2.243 = 3 33 66 92 86 71 99 67 20 75 36 69 31 95 47 4 
178-2-7 1?2.639 = 2 64 43 40 60 76 74 99 71 69 36 75 39 25 84 88 97 49 7 
178-2-8 1?2.634 = 2 64 43 40 76 60 32 87 52 67 20 75 39 25 84 88 49 97 17 8 
178-2-11 1?2.77 = 2 64 43 40 82 46 93 94 56 32 52 87 35 96 79 57 81 30 11 
178-2-10 1?2.487 = 2 64 43 40 76 60 32 87 38 89 90 72 68 58 26 42 63 19 10 
178-2-9 1?2.632 = 2 64 43 40 76 60 32 87 52 38 89 90 22 72 58 68 83 21 34 65 9 
178-2-13 1?2.595 = 2 64 43 40 82 46 93 94 56 32 52 87 35 96 79 57 44 98 55 13 
178-2-12 1?2.652 = 2 64 43 40 82 46 93 94 56 32 52 87 35 96 44 98 55 29 77 12 
178-3-15 1?2.4 = 3 54 64 43 40 82 46 93 94 56 32 52 87 35 96 45 24 15 
178-4-5 1?1.962 = 4 47 66 92 86 71 36 69 31 85 50 48 27 53 70 5 
178-3-14 1?2.426 = 3 54 64 43 40 82 46 93 94 56 32 87 37 80 24 45 51 62 14 
178-3-6 1?2.263 = 3 33 66 92 86 71 99 20 75 36 69 31 50 48 27 53 59 6 
178-3-7 1?2.612 = 3 33 66 92 86 71 99 20 75 36 69 31 95 50 85 28 61 7 
178-3-11 1?2.861 = 3 54 64 43 40 76 60 56 94 93 37 35 96 79 57 41 81 30 11 
178-3-8 1?2.615 = 3 33 66 92 86 71 99 20 75 39 25 84 88 49 97 17 34 65 8 
178-3-9 1?2.497 = 3 33 66 92 86 71 99 20 75 39 25 84 88 49 97 17 21 34 65 9 
178-3-13 1?2.569 = 3 54 64 43 40 82 46 93 94 56 32 52 87 35 96 44 98 55 13 
178-3-12 1?2.774 = 3 54 64 43 40 82 46 56 94 93 80 24 51 45 62 98 55 29 77 12 
178-3-10 1?2.651 = 3 33 66 92 86 71 99 20 75 39 25 84 88 83 68 58 26 42 63 19 10 
178-5-6 1?1.979 = 5 70 78 95 66 86 92 31 69 85 50 48 27 53 59 6 
178-4-6 1?1.984 = 4 47 66 92 86 71 36 69 31 85 50 48 27 53 59 6 
178-4-7 1?2.249 = 4 47 66 86 92 31 69 36 75 39 25 84 88 97 49 7 
178-4-15 1?2.452 = 4 47 66 86 92 31 69 36 75 20 67 52 87 32 37 80 45 51 24 15 
178-4-14 1?2.54 = 4 47 66 86 92 31 69 36 75 20 67 52 87 32 37 80 24 45 51 62 14 
178-4-8 1?2.52 = 4 47 66 92 31 69 36 75 39 25 84 88 97 49 17 21 34 65 8 
178-4-11 1?2.876 = 4 47 66 92 86 71 99 20 75 39 25 84 88 83 68 58 26 42 63 19 11 
178-4-9 1?2.437 = 4 47 66 92 86 71 99 20 75 39 25 84 88 49 97 17 21 34 65 9 
178-4-10 1?2.569 = 4 47 66 92 86 71 69 36 75 39 25 84 88 68 58 26 42 63 19 10 
178-4-13 1?2.735 = 4 47 66 92 86 71 75 20 67 52 87 32 37 80 24 45 51 62 98 55 13 
178-4-12 1?2.859 = 4 47 66 92 86 71 99 20 75 36 84 25 39 72 22 81 41 16 29 77 12 
178-5-8 1?2.061 = 5 70 53 27 59 48 50 85 61 28 49 97 17 21 34 65 8 
178-6-8 1?2.122 = 6 53 27 48 50 31 69 36 75 39 25 84 88 97 49 8 
178-5-7 1?2.18 = 5 70 53 27 48 50 31 69 36 75 39 25 84 28 61 7 
178-6-7 1?2.185 = 6 53 27 48 50 31 69 36 75 39 25 84 88 97 49 7 
178-5-11 1?2.624 = 5 70 53 27 48 50 31 69 36 75 39 25 84 88 83 68 58 73 30 11 
178-5-15 1?2.507 = 5 70 53 27 48 78 95 66 92 86 71 99 67 52 87 32 37 80 45 24 15 
178-5-14 1?2.637 = 5 53 27 48 78 95 66 92 86 71 99 67 52 87 32 37 80 45 24 51 62 14 
178-5-9 1?2.288 = 5 70 53 27 48 50 85 61 28 84 25 39 88 49 97 17 21 34 65 9 
178-5-10 1?2.394 = 5 70 53 27 48 50 85 61 28 84 25 39 72 68 58 26 42 63 19 10 
178-5-13 1?2.712 = 5 70 53 27 48 50 85 31 69 36 75 20 67 52 32 87 35 96 44 98 55 13 
178-5-12 1?2.777 = 5 70 53 27 48 50 85 61 28 49 97 88 84 25 39 72 22 81 41 16 77 12 
178-7-8 1?2.346 = 7 61 28 85 50 31 69 36 75 39 25 84 88 97 49 8 
178-6-11 1?2.485 = 6 59 53 27 48 50 85 61 28 49 97 17 21 83 68 58 73 30 11 
178-7-11 1?2.753 = 7 61 28 85 50 31 69 36 75 39 25 84 88 68 58 73 30 11 
178-7-9 1?2.357 = 7 61 85 50 31 69 36 75 39 25 84 49 97 17 65 9 
178-6-9 1?2.019 = 6 59 53 27 48 78 50 85 61 28 49 97 17 34 65 9 
178-7-10 1?2.284 = 7 61 28 49 97 17 65 34 21 83 68 58 26 42 63 19 10 
178-6-14 1?2.476 = 6 53 27 48 50 31 69 36 75 20 67 52 87 32 37 80 24 45 51 62 14 
178-6-15 1?2.466 = 6 53 27 48 78 95 66 92 86 71 99 67 52 87 32 37 80 45 24 15 
178-6-10 1?2.22 = 6 59 53 27 48 50 85 61 28 49 97 88 83 68 58 26 63 19 10 
178-6-12 1?2.614 = 6 53 27 48 50 85 61 28 84 25 39 72 22 81 41 16 29 77 91 12 
178-6-13 1?2.654 = 6 59 53 27 48 50 31 69 36 75 20 67 52 32 87 35 96 44 98 55 13 
178-8-11 1?2.371 = 8 17 21 83 68 58 72 22 81 41 16 29 77 91 30 11 
178-8-9 1?2.353 = 8 49 97 88 84 25 39 72 22 73 58 68 83 21 34 65 9 
178-8-10 1?2.26 = 8 17 49 97 88 25 39 72 58 68 83 26 42 63 19 10 
178-7-14 1?2.744 = 7 49 97 88 84 25 39 72 90 89 38 79 57 96 35 80 24 45 51 62 14 
178-8-14 1?2.624 = 8 17 97 49 88 84 25 39 90 89 38 79 57 96 35 80 24 45 51 62 14 
178-7-15 1?2.752 = 7 49 97 88 84 25 39 72 90 89 38 79 57 96 35 80 24 45 62 51 15 
178-8-15 1?2.696 = 8 17 21 83 68 58 72 22 90 89 38 79 57 96 35 37 80 24 45 51 15 
178-7-13 1?2.788 = 7 49 97 88 84 25 39 75 20 67 52 87 32 37 35 96 44 98 55 13 
178-7-12 1?2.862 = 7 49 97 88 84 25 39 72 22 90 89 38 79 57 81 41 16 29 77 12 
178-8-12 1?2.728 = 8 65 34 21 17 97 49 88 84 25 39 72 22 81 41 16 29 77 91 12 
178-8-13 1?2.725 = 8 49 97 88 84 25 39 75 20 67 52 87 32 37 35 96 44 98 55 13 
178-10-11 1?2.208 = 10 19 63 26 58 68 72 22 81 41 16 29 77 91 30 11 
178-9-11 1?2.249 = 9 34 21 83 68 58 72 22 81 41 16 29 77 91 30 11 
178-10-14 1?2.251 = 10 19 63 26 58 68 72 22 81 57 79 96 45 24 51 62 14 
178-10-13 1?2.161 = 10 19 63 42 34 21 83 68 58 72 22 81 41 16 77 29 13 
178-9-14 1?2.422 = 9 65 34 21 83 68 58 72 22 90 89 38 79 57 96 45 24 51 62 14 
178-9-10 1?2.038 = 9 65 34 21 17 97 49 88 83 68 58 73 26 42 63 19 10 
178-10-12 1?2.188 = 10 19 63 42 26 83 68 58 72 22 81 41 16 77 91 12 
178-9-12 1?2.22 = 9 65 34 21 97 49 88 84 25 39 72 22 81 41 91 12 
178-9-15 1?2.391 = 9 65 34 21 83 68 58 72 90 89 38 79 57 96 35 80 45 51 24 15 
178-10-15 1?2.364 = 10 19 63 26 58 68 72 22 90 89 38 79 57 96 35 80 45 24 15 
178-9-13 1?2.445 = 9 65 34 21 83 68 58 72 22 90 89 38 79 35 96 44 98 55 13 
178-12-14 1?2.122 = 12 77 29 16 57 79 96 35 80 24 45 51 62 98 55 14 
178-13-14 1?1.994 = 13 55 98 44 96 35 37 56 94 93 80 24 45 51 62 14 
178-14-15 1?1.919 = 14 55 98 44 57 79 96 35 87 32 37 80 45 24 15 
178-13-15 1?1.981 = 13 55 98 44 57 79 96 35 87 32 37 80 45 24 15 
178-12-13 1?2.184 = 12 77 29 16 57 79 96 35 80 24 45 51 62 98 55 13 
178-11-14 1?2.381 = 11 30 81 57 79 96 35 87 52 32 37 80 45 24 51 62 14 
178-11-13 1?2.297 = 11 30 81 57 79 96 35 80 45 24 51 62 98 55 13 
178-12-15 1?2.315 = 12 77 29 16 41 81 57 79 96 35 87 32 37 80 24 45 51 15 
178-11-12 1?2.457 = 11 30 73 58 68 72 22 90 89 38 79 57 16 29 77 12 
178-11-15 1?2.463 = 11 30 81 41 57 79 96 35 87 52 32 37 80 24 45 62 51 15 
stop
