start
650-0-2 1?1.827 = 0 79 46 51 31 76 33 64 16 40 43 98 68 48 47 2 
650-0-1 1?2.1 = 0 79 46 51 31 33 76 64 16 68 47 48 98 40 43 1 
650-0-6 1?2.5 = 0 79 46 51 31 33 76 64 36 49 18 56 41 85 17 99 21 6 
650-0-10 1?2.122 = 0 79 46 51 31 76 33 65 42 44 25 50 59 61 72 55 67 38 10 
650-0-3 1?2.379 = 0 79 46 90 26 35 80 42 44 65 33 76 64 40 98 48 47 34 3 
650-0-5 1?2.381 = 0 79 46 51 31 76 33 65 42 44 60 36 49 18 56 41 85 5 
650-0-4 1?2.325 = 0 79 46 51 31 76 33 65 42 44 60 36 49 18 56 41 24 4 
650-0-11 1?2.286 = 0 79 46 51 31 76 33 65 44 42 39 89 81 97 52 32 96 73 63 11 
650-0-7 1?2.516 = 0 79 46 51 31 76 33 65 42 44 25 50 59 61 72 77 30 29 78 7 
650-0-9 1?2.325 = 0 79 46 51 31 76 33 65 42 44 25 50 59 61 67 55 72 92 69 9 
650-0-8 1?2.341 = 0 79 46 51 31 76 33 65 42 44 25 50 59 61 72 92 69 62 37 91 8 
650-0-15 1?1.695 = 0 79 46 51 31 76 33 65 44 42 80 35 26 54 74 15 
650-0-14 1?1.794 = 0 79 46 51 31 64 76 33 65 44 42 80 35 26 66 14 
650-1-2 1?2.012 = 1 45 95 79 46 51 31 33 76 64 16 98 68 48 47 2 
650-1-3 1?2.026 = 1 45 95 51 31 33 76 64 40 43 98 68 48 47 34 27 3 
650-0-13 1?1.784 = 0 79 46 51 31 76 33 65 44 42 39 89 81 97 52 13 
650-1-4 1?2.139 = 1 95 45 43 40 98 68 48 47 34 27 23 18 49 56 41 4 
650-1-6 1?2.577 = 1 43 40 98 68 47 34 27 23 18 49 56 41 85 17 99 21 6 
650-1-7 1?2.616 = 1 43 40 64 76 33 65 42 44 25 50 59 61 72 77 94 30 29 78 7 
650-1-8 1?2.441 = 1 43 40 64 76 33 65 42 44 25 50 59 61 67 55 92 69 62 37 91 8 
650-1-5 1?2.518 = 1 45 95 51 31 76 33 65 42 44 60 36 49 18 56 41 85 5 
650-0-12 1?2.072 = 0 79 46 51 31 76 33 65 44 42 39 89 81 97 52 88 32 96 73 12 
650-1-15 1?1.832 = 1 45 95 51 31 76 33 65 44 42 80 35 26 54 74 15 
650-1-14 1?2.064 = 1 95 51 31 64 76 33 65 44 42 80 35 26 54 66 14 
650-1-13 1?2.212 = 1 95 51 31 64 76 33 65 44 42 25 39 89 81 97 52 32 88 13 
650-1-12 1?2.177 = 1 95 51 31 76 33 65 44 42 39 89 81 97 52 32 88 96 73 12 
650-2-3 1?2.339 = 2 48 68 98 16 64 76 33 65 60 36 49 18 23 27 3 
650-2-4 1?2.294 = 2 47 68 98 16 64 76 33 65 60 36 49 56 41 4 
650-1-9 1?2.506 = 1 95 51 31 76 33 65 42 44 25 71 59 61 72 55 67 93 92 69 9 
650-2-6 1?2.611 = 2 34 47 48 68 98 43 40 16 23 18 49 56 41 85 17 99 21 6 
650-1-10 1?2.404 = 1 95 51 31 64 76 33 65 44 42 25 50 59 61 72 55 67 38 86 10 
650-2-5 1?2.544 = 2 47 48 68 98 43 40 64 76 33 65 60 36 49 18 56 41 85 5 
650-1-11 1?2.492 = 1 45 95 51 31 76 33 65 44 42 39 89 81 97 52 88 32 96 73 63 11 
650-2-15 1?1.847 = 2 48 68 16 64 76 33 65 44 42 80 35 26 54 74 15 
650-2-14 1?2.264 = 2 47 48 68 16 64 76 33 65 44 42 39 89 81 97 70 22 66 14 
650-3-4 1?2.152 = 3 27 34 47 48 68 98 40 16 23 18 49 56 41 24 4 
650-3-5 1?2.208 = 3 27 34 47 48 68 98 40 16 23 18 49 56 41 85 5 
650-2-13 1?2.253 = 2 47 48 68 16 64 76 33 65 42 44 25 39 89 81 97 52 32 88 13 
650-2-9 1?2.476 = 2 48 68 16 64 76 33 65 42 44 25 50 59 61 67 55 93 92 69 9 
650-2-10 1?2.447 = 2 47 48 68 16 64 76 33 65 42 44 25 71 50 59 61 72 55 67 38 10 
650-2-7 1?2.577 = 2 47 48 68 16 64 76 33 65 42 44 25 71 77 94 30 29 78 7 
650-2-12 1?2.278 = 2 48 68 98 16 64 76 33 65 44 42 39 89 81 97 52 88 32 96 73 12 
650-2-8 1?2.52 = 2 48 68 16 64 76 33 65 44 25 50 59 61 67 55 92 69 62 37 91 8 
650-2-11 1?2.504 = 2 47 48 68 98 16 64 76 33 65 42 44 25 50 59 61 72 55 67 84 11 
650-3-15 1?2.271 = 3 27 34 47 48 68 98 43 40 64 76 33 65 44 42 80 35 26 54 74 15 
650-3-14 1?2.284 = 3 27 34 47 48 68 98 43 40 64 76 33 65 44 42 80 35 26 66 14 
650-4-5 1?2.341 = 4 24 27 34 47 48 68 98 16 23 18 49 56 41 85 5 
650-3-6 1?2.513 = 3 27 34 47 48 68 98 16 23 18 49 56 41 85 17 99 21 6 
650-3-9 1?2.597 = 3 34 47 48 68 16 64 76 33 65 42 44 25 50 59 61 72 92 69 9 
650-3-10 1?2.476 = 3 34 47 68 16 64 76 33 65 44 42 25 50 59 61 72 55 67 38 10 
650-3-12 1?2.393 = 3 34 47 48 68 16 64 76 33 65 44 42 39 89 81 97 52 32 96 73 12 
650-3-8 1?2.612 = 3 34 68 16 64 76 33 65 42 44 25 71 77 30 28 20 62 37 91 8 
650-3-13 1?2.412 = 3 27 34 47 48 68 16 64 76 33 65 44 42 39 89 81 97 52 32 88 13 
650-3-7 1?2.651 = 3 27 34 47 48 68 98 16 23 18 49 56 41 85 17 99 21 78 7 
650-3-11 1?2.573 = 3 34 47 68 16 64 76 33 65 44 42 25 50 59 61 72 55 67 84 11 
650-4-15 1?2.338 = 4 24 41 56 18 49 36 64 76 33 65 44 42 80 35 26 54 74 15 
650-5-6 1?2.529 = 5 85 41 56 49 36 58 77 94 30 29 82 99 21 6 
650-4-6 1?2.435 = 4 24 27 34 47 68 23 18 49 56 41 85 17 99 6 
650-4-14 1?2.519 = 4 24 41 56 18 49 36 64 76 33 65 44 42 80 35 26 54 66 14 
650-4-7 1?2.593 = 4 24 41 56 18 49 36 60 58 77 94 30 28 20 62 37 78 7 
650-4-10 1?2.577 = 4 24 23 16 64 76 33 65 42 44 25 50 59 61 72 55 67 38 10 
650-4-8 1?2.373 = 4 24 41 56 18 49 36 60 58 77 94 30 29 28 20 62 37 91 8 
650-4-9 1?2.623 = 4 24 41 56 18 49 36 60 71 50 59 61 72 55 67 93 92 69 9 
650-4-13 1?2.574 = 4 24 41 56 18 49 36 64 76 33 65 44 42 25 39 89 81 32 52 13 
650-4-12 1?2.563 = 4 41 56 18 49 36 64 76 33 65 44 42 39 89 81 97 52 32 96 73 12 
650-4-11 1?2.752 = 4 41 56 49 36 64 76 33 65 44 42 25 50 59 61 72 55 67 84 11 
650-5-8 1?2.193 = 5 17 99 21 82 83 30 94 53 92 69 20 62 37 91 8 
650-5-7 1?2.449 = 5 85 41 56 18 49 36 60 58 77 94 30 29 28 78 7 
650-6-8 1?1.998 = 6 99 21 82 29 30 94 53 92 93 69 20 62 37 91 8 
650-6-7 1?2.273 = 6 99 21 82 29 30 94 53 92 69 20 62 37 91 78 7 
650-5-15 1?2.572 = 5 85 41 56 18 49 36 64 76 33 65 44 42 80 35 26 54 90 74 15 
650-5-10 1?2.618 = 5 85 41 56 18 49 36 60 58 77 94 53 92 55 67 38 86 10 
650-5-9 1?2.676 = 5 85 41 56 18 49 36 60 58 77 94 30 29 28 20 62 37 19 9 
650-5-14 1?2.732 = 5 85 41 56 18 49 36 64 76 33 65 44 42 39 89 81 97 70 22 66 14 
650-5-12 1?2.607 = 5 85 41 56 18 49 36 64 76 33 65 44 42 39 89 81 32 96 73 12 
650-5-13 1?2.723 = 5 85 41 56 18 49 36 64 76 33 65 44 42 25 39 89 81 97 52 32 88 13 
650-5-11 1?2.745 = 5 85 41 56 18 49 36 64 76 33 65 44 42 25 71 59 50 57 63 11 
650-7-10 1?2.061 = 7 78 37 62 20 28 29 30 94 53 92 72 55 67 38 10 
650-7-9 1?2.187 = 7 78 37 62 20 28 29 30 77 94 53 92 93 38 86 9 
650-7-8 1?2.005 = 7 78 29 30 94 77 72 55 67 93 92 69 62 37 91 8 
650-6-15 1?2.615 = 6 99 82 29 30 94 77 72 61 59 50 25 44 42 80 35 26 54 74 15 
650-6-9 1?2.463 = 6 99 21 82 29 30 77 94 53 69 92 93 55 67 38 86 9 
650-6-10 1?2.472 = 6 21 99 17 82 29 30 77 94 53 69 92 93 55 67 38 86 10 
650-6-14 1?2.615 = 6 99 82 29 30 94 53 92 55 67 61 57 89 81 97 52 70 22 66 14 
650-7-11 1?2.465 = 7 78 37 62 20 28 29 30 94 53 92 93 67 55 72 61 57 63 11 
650-6-12 1?2.497 = 6 99 82 29 30 94 53 92 55 67 61 57 89 81 97 52 32 96 73 12 
650-6-13 1?2.582 = 6 99 82 29 30 94 53 92 93 67 55 72 61 57 89 81 97 52 70 22 13 
650-6-11 1?2.633 = 6 21 99 17 82 29 30 94 53 69 92 93 67 55 72 61 57 63 11 
650-8-10 1?1.77 = 8 91 37 62 20 28 29 30 77 94 53 92 93 38 86 10 
650-8-9 1?1.889 = 8 91 37 62 20 28 29 30 77 94 53 92 93 38 86 9 
650-8-11 1?1.901 = 8 91 37 62 20 28 30 94 53 69 92 72 55 67 84 11 
650-8-12 1?2.005 = 8 91 37 62 20 69 92 93 67 55 72 61 57 89 81 96 73 12 
650-7-15 1?2.587 = 7 78 20 62 69 92 93 67 55 72 61 59 50 25 44 42 80 35 26 54 74 15 
650-8-15 1?2.285 = 8 91 37 62 20 69 92 55 67 61 59 50 25 44 42 80 35 26 54 74 15 
650-7-14 1?2.54 = 7 78 29 30 94 53 92 93 67 55 72 61 57 89 81 97 52 70 22 66 14 
650-7-12 1?2.365 = 7 78 20 62 69 92 93 67 55 72 61 57 89 81 97 52 32 96 73 12 
650-8-14 1?2.295 = 8 91 37 62 20 69 92 93 67 55 72 61 57 89 81 97 52 70 22 66 14 
650-7-13 1?2.472 = 7 78 29 30 94 53 69 92 93 67 55 72 61 57 89 81 97 52 32 88 13 
650-8-13 1?2.204 = 8 91 37 62 20 28 30 94 53 92 93 67 55 72 61 57 89 81 97 52 13 
650-9-10 1?2.017 = 9 19 37 62 20 28 29 30 77 94 53 92 93 38 86 10 
650-10-13 1?1.904 = 10 86 38 84 63 73 96 32 88 52 97 81 89 70 22 13 
650-10-12 1?1.833 = 10 38 67 55 72 61 57 89 81 97 52 88 32 96 73 12 
650-10-11 1?2.047 = 10 38 67 55 72 61 57 89 81 97 52 32 96 73 63 11 
650-9-11 1?2.148 = 9 19 37 62 20 28 30 94 53 69 92 72 55 67 84 11 
650-10-15 1?2.172 = 10 86 38 67 55 72 61 59 50 71 25 44 42 80 35 26 54 74 15 
650-9-12 1?2.081 = 9 69 92 93 67 55 72 61 57 89 81 97 52 32 88 96 73 12 
650-9-15 1?2.457 = 9 69 92 93 67 55 72 61 57 50 59 71 25 44 42 80 35 26 54 74 15 
650-9-13 1?2.353 = 9 19 37 62 20 69 92 72 55 67 61 57 89 81 97 52 70 22 13 
650-10-14 1?2.398 = 10 38 86 69 92 93 67 55 72 61 57 89 81 32 52 70 22 66 14 
650-9-14 1?2.542 = 9 19 37 62 20 69 92 93 67 55 72 61 57 89 81 97 52 70 22 66 14 
650-12-15 1?1.689 = 12 73 96 32 88 52 97 70 22 75 87 80 35 26 54 74 15 
650-13-15 1?1.741 = 13 52 88 32 81 89 97 70 22 75 87 80 35 26 54 74 15 
650-14-15 1?1.82 = 14 66 22 70 52 88 32 81 89 87 80 35 26 54 74 15 
650-12-13 1?2.049 = 12 73 96 32 52 97 81 89 70 22 75 87 80 35 26 66 13 
650-11-13 1?2.137 = 11 63 84 38 86 93 92 55 67 61 57 89 97 52 13 
650-11-12 1?2.108 = 11 63 57 50 59 71 25 39 89 81 97 52 88 32 96 73 12 
650-12-14 1?1.821 = 12 73 96 32 88 52 97 81 89 70 75 87 80 35 26 66 14 
650-13-14 1?1.894 = 13 52 88 32 96 89 81 97 70 22 75 87 80 35 26 66 14 
650-11-15 1?2.169 = 11 63 73 96 32 88 52 97 81 89 70 22 75 87 80 35 26 54 74 15 
650-11-14 1?2.462 = 11 63 84 38 86 93 92 72 55 67 61 57 89 81 97 70 22 66 14 
stop
