start
868-0-2 1?2.006 = 0 29 37 45 80 55 18 44 48 58 71 88 86 73 53 2 
868-0-5 1?2.287 = 0 29 37 80 55 18 44 48 52 82 97 64 38 41 62 20 84 5 
868-0-1 1?2.193 = 0 29 37 45 80 55 18 44 48 58 71 88 86 73 53 1 
868-0-7 1?2.514 = 0 29 45 80 55 18 44 48 81 52 82 97 64 38 41 62 26 17 75 7 
868-0-4 1?2.314 = 0 29 37 80 55 18 44 48 52 82 38 64 97 67 51 33 59 4 
868-0-8 1?2.759 = 0 29 37 45 55 18 92 27 22 31 91 16 74 40 61 69 54 77 65 70 8 
868-0-9 1?2.499 = 0 37 29 45 80 55 18 92 27 22 49 78 43 35 24 65 77 54 69 96 76 9 
868-0-10 1?2.46 = 0 29 37 80 55 18 92 27 49 78 43 35 24 65 77 54 69 61 40 10 
868-0-11 1?2.55 = 0 29 37 80 55 92 27 49 78 43 35 24 65 77 54 69 61 40 36 11 
868-0-3 1?2.206 = 0 37 29 45 80 55 18 44 88 86 53 73 71 58 46 3 
868-0-6 1?2.308 = 0 29 37 80 55 18 44 48 81 52 82 97 38 64 41 62 56 99 6 
868-1-4 1?2.165 = 1 86 71 58 30 51 67 97 64 38 41 20 84 59 4 
868-1-2 1?2.252 = 1 37 29 45 80 55 18 44 48 58 71 88 86 53 73 2 
868-0-13 1?1.971 = 0 37 29 45 80 55 18 92 27 79 66 60 83 28 21 13 
868-0-15 1?1.996 = 0 37 29 45 80 88 86 71 58 44 18 55 87 95 57 15 
868-0-14 1?2.113 = 0 37 29 45 80 55 18 92 79 27 49 22 60 66 42 14 
868-1-3 1?2.301 = 1 86 71 58 81 52 82 38 64 97 67 51 33 30 46 3 
868-0-12 1?2.205 = 0 37 29 45 80 55 18 92 27 22 49 78 31 90 83 34 89 12 
868-1-5 1?2.322 = 1 86 71 58 46 30 33 51 67 97 64 38 19 41 62 20 84 5 
868-1-6 1?2.324 = 1 86 71 58 46 30 33 51 67 97 64 38 41 62 26 17 75 99 6 
868-1-7 1?2.455 = 1 86 71 58 46 30 33 51 67 97 64 38 41 62 56 99 17 75 7 
868-1-8 1?2.695 = 1 88 86 71 58 46 30 33 51 67 97 64 38 19 94 50 25 23 70 8 
868-1-15 1?2.148 = 1 86 88 37 29 45 80 55 18 92 27 79 87 95 57 15 
868-2-5 1?1.886 = 2 53 73 46 30 51 67 97 64 38 41 62 20 84 5 
868-2-4 1?2.024 = 2 53 73 46 30 51 67 97 64 38 41 20 84 59 4 
868-1-13 1?2.484 = 1 37 29 45 80 55 18 92 27 49 78 31 90 98 89 34 21 13 
868-2-3 1?2.357 = 2 53 73 46 30 51 97 64 38 41 62 20 67 33 3 
868-1-9 1?2.571 = 1 37 29 45 80 55 18 92 27 49 78 43 35 24 65 77 54 96 76 9 
868-1-12 1?2.765 = 1 37 29 45 80 55 18 92 27 79 22 49 78 31 90 98 83 34 89 12 
868-2-6 1?2.073 = 2 53 73 46 30 33 51 67 97 64 38 41 20 84 56 99 6 
868-1-10 1?2.686 = 1 37 29 45 55 18 92 27 49 78 43 35 24 65 77 54 69 61 40 10 
868-1-14 1?2.277 = 1 86 88 37 29 45 80 55 18 92 27 79 60 66 42 14 
868-1-11 1?2.746 = 1 37 29 45 80 55 18 92 27 22 49 78 31 90 91 93 72 63 47 11 
868-2-15 1?2.008 = 2 53 73 71 58 44 18 55 80 37 29 45 85 95 87 57 15 
868-3-4 1?2.036 = 3 46 30 33 51 67 97 64 38 41 62 20 84 59 4 
868-3-5 1?1.943 = 3 46 30 33 51 67 97 64 38 19 41 62 20 84 5 
868-2-9 1?2.463 = 2 53 73 46 30 51 67 97 64 38 19 94 50 65 77 54 96 76 9 
868-2-10 1?2.568 = 2 53 73 46 30 51 67 97 64 38 94 39 65 77 54 69 61 40 10 
868-2-12 1?2.649 = 2 53 73 71 86 88 37 29 45 80 55 18 92 79 66 60 83 34 89 12 
868-2-13 1?2.632 = 2 53 73 71 86 88 37 29 45 80 55 18 92 27 79 60 66 42 28 21 13 
868-2-7 1?2.321 = 2 53 73 46 30 51 67 97 64 38 41 20 84 56 99 17 75 7 
868-2-11 1?2.715 = 2 53 73 71 86 88 44 18 92 27 79 66 60 83 34 89 98 47 63 11 
868-2-14 1?2.656 = 2 53 73 71 86 88 80 37 29 45 85 55 18 92 27 79 60 66 42 14 
868-2-8 1?2.619 = 2 53 73 71 58 46 30 33 51 67 97 64 38 41 19 94 50 25 23 8 
868-4-5 1?1.889 = 4 59 33 51 67 97 64 38 19 41 62 20 84 56 5 
868-3-15 1?2.633 = 3 33 51 67 97 64 38 82 52 81 48 44 18 55 85 95 87 57 15 
868-3-6 1?1.866 = 3 33 51 67 97 38 64 20 41 62 26 17 75 99 6 
868-3-9 1?2.427 = 3 46 30 33 51 67 97 64 38 19 94 39 65 77 54 69 96 76 9 
868-3-10 1?2.497 = 3 33 51 67 97 64 38 19 94 50 65 77 54 69 61 40 74 36 10 
868-3-12 1?2.705 = 3 33 67 97 64 38 94 39 65 77 54 69 61 40 74 72 63 47 12 
868-3-13 1?2.78 = 3 46 30 51 67 97 64 38 32 68 35 43 31 90 83 34 89 21 13 
868-3-7 1?2.241 = 3 46 30 51 67 97 64 38 41 62 20 84 56 99 17 75 7 
868-3-11 1?2.55 = 3 33 51 67 97 64 38 94 39 65 77 54 69 61 40 74 72 63 11 
868-3-8 1?2.592 = 3 46 30 33 51 67 97 38 64 20 84 62 41 19 94 50 25 23 8 
868-3-14 1?2.829 = 3 33 51 67 97 64 38 19 94 32 68 35 43 78 49 22 60 66 42 14 
868-5-6 1?1.696 = 5 84 20 67 97 64 38 41 62 56 26 75 17 99 6 
868-4-6 1?1.695 = 4 59 33 51 67 97 64 38 41 62 20 84 56 99 6 
868-4-15 1?2.559 = 4 59 33 51 67 97 64 38 82 52 81 48 44 18 55 85 95 87 57 15 
868-4-9 1?2.168 = 4 59 33 51 67 97 64 38 19 94 50 65 77 54 69 96 76 9 
868-4-7 1?2.035 = 4 59 33 51 67 97 64 38 41 62 20 84 56 99 17 75 7 
868-4-12 1?2.607 = 4 33 67 97 64 38 19 94 39 65 77 54 69 61 40 74 72 63 47 12 
868-4-10 1?2.384 = 4 59 33 51 67 97 64 38 19 94 39 65 77 54 69 61 40 74 36 10 
868-4-13 1?2.593 = 4 59 33 51 67 97 64 38 32 68 35 43 31 90 98 89 34 28 21 13 
868-4-8 1?2.294 = 4 59 33 51 67 97 38 64 20 84 62 41 19 94 50 25 23 8 
868-4-11 1?2.452 = 4 33 51 67 97 64 38 19 94 39 65 77 54 69 61 40 74 72 63 11 
868-4-14 1?2.709 = 4 33 51 67 97 64 38 19 94 32 68 35 43 78 49 22 60 66 42 14 
868-5-9 1?2.077 = 5 84 20 41 64 97 38 94 39 65 77 54 69 96 76 9 
868-6-7 1?1.766 = 6 99 56 62 41 20 67 97 64 38 19 26 17 75 7 
868-5-7 1?1.815 = 5 84 20 67 97 64 38 41 62 56 99 26 17 75 7 
868-5-15 1?2.532 = 5 84 20 62 41 38 64 97 82 52 81 48 44 18 55 85 95 87 57 15 
868-5-10 1?2.182 = 5 84 20 97 64 38 19 94 50 65 77 54 69 61 40 36 10 
868-6-8 1?1.83 = 6 99 56 62 41 20 67 97 64 38 94 50 25 23 8 
868-5-8 1?2.181 = 5 84 62 41 20 67 33 51 97 64 38 19 94 50 25 23 8 
868-5-12 1?2.562 = 5 84 20 97 64 38 19 94 50 65 77 54 69 61 40 74 72 63 47 12 
868-5-13 1?2.681 = 5 84 20 41 19 94 39 65 77 54 69 61 40 74 72 63 47 98 34 21 13 
868-5-11 1?2.446 = 5 84 20 97 64 38 19 94 50 65 77 54 69 61 40 74 72 93 63 11 
868-5-14 1?2.907 = 5 84 62 41 20 67 97 64 38 19 94 32 68 35 43 78 49 22 60 66 42 14 
868-7-9 1?2.03 = 7 25 23 70 77 65 54 69 16 72 74 40 61 96 76 9 
868-6-9 1?2.067 = 6 99 56 62 41 64 97 38 19 94 50 65 77 54 96 76 9 
868-7-10 1?2.18 = 7 25 23 70 65 77 54 69 96 61 40 74 72 93 63 36 10 
868-7-8 1?1.966 = 7 75 17 26 41 20 97 64 38 19 94 50 25 23 8 
868-6-10 1?2.15 = 6 99 17 75 26 50 25 23 70 65 77 54 69 61 40 74 36 10 
868-6-15 1?2.571 = 6 99 17 75 26 62 41 38 64 97 82 52 81 48 44 18 55 87 95 57 15 
868-6-12 1?2.378 = 6 99 17 75 26 50 65 77 54 69 61 40 74 72 63 47 98 34 89 12 
868-6-13 1?2.426 = 6 99 17 26 50 65 77 54 69 61 40 74 72 63 47 98 89 34 21 13 
868-7-11 1?2.33 = 7 25 23 70 65 77 54 69 96 61 40 74 16 91 93 72 63 47 11 
868-6-11 1?2.302 = 6 99 17 75 26 25 23 70 65 77 54 69 61 40 74 72 93 63 47 11 
868-6-14 1?2.68 = 6 99 17 75 26 62 41 20 97 64 38 32 68 78 49 22 60 66 42 14 
868-8-9 1?1.988 = 8 23 25 65 77 54 69 16 93 72 74 40 61 96 76 9 
868-8-10 1?1.929 = 8 23 25 70 65 77 54 69 61 40 74 16 93 72 36 10 
868-7-15 1?2.682 = 7 75 17 26 62 41 20 64 38 97 82 52 48 44 18 55 87 95 57 15 
868-8-11 1?1.789 = 8 70 65 77 54 69 96 61 40 74 16 93 72 63 11 
868-8-15 1?2.649 = 8 70 65 77 54 69 61 40 74 16 24 35 43 78 49 22 79 87 95 57 15 
868-7-12 1?2.223 = 7 25 23 70 65 77 54 69 61 40 74 72 93 63 47 98 34 89 12 
868-8-12 1?2.133 = 8 70 65 77 54 69 61 40 74 16 93 63 47 98 83 34 89 12 
868-7-13 1?2.257 = 7 25 23 70 65 77 54 69 61 40 74 72 63 47 98 89 34 21 13 
868-8-13 1?2.149 = 8 70 65 77 54 69 61 40 74 16 93 63 47 98 89 34 28 21 13 
868-7-14 1?2.704 = 7 25 23 70 65 77 54 69 61 40 74 72 93 63 47 98 89 34 21 28 14 
868-8-14 1?2.579 = 8 70 65 77 54 69 96 61 40 74 72 93 63 47 98 89 34 21 28 14 
868-9-12 1?1.727 = 9 76 96 69 61 40 74 16 93 72 63 47 98 34 89 12 
868-10-12 1?1.865 = 10 96 54 77 65 69 61 40 74 72 63 47 98 89 12 
868-9-10 1?1.763 = 9 76 96 54 77 65 69 61 40 74 16 91 93 72 36 10 
868-10-11 1?1.877 = 10 96 54 77 65 69 61 40 74 16 91 93 63 47 11 
868-9-11 1?1.714 = 9 76 96 54 77 65 69 61 40 74 16 93 72 63 47 11 
868-10-15 1?2.46 = 10 40 61 69 54 77 65 24 35 43 78 49 22 27 92 79 87 95 57 15 
868-10-13 1?2.133 = 10 96 54 77 65 69 61 40 74 72 93 63 47 98 89 34 21 13 
868-9-15 1?2.582 = 9 76 96 69 61 40 74 72 93 63 47 98 89 34 83 60 66 42 87 95 57 15 
868-9-13 1?2.108 = 9 76 96 54 77 65 69 61 40 74 72 93 63 47 98 89 34 21 28 13 
868-10-14 1?2.433 = 10 36 72 74 40 61 69 54 77 65 24 35 43 78 49 22 60 66 42 14 
868-9-14 1?2.398 = 9 76 96 54 77 65 69 61 40 74 72 93 63 47 98 89 34 21 28 14 
868-12-15 1?2.194 = 12 89 34 83 60 66 79 92 18 55 80 45 85 95 87 57 15 
868-13-15 1?2.096 = 13 21 28 66 60 79 92 55 80 37 29 45 85 95 87 57 15 
868-14-15 1?2.153 = 14 42 66 60 79 27 92 55 80 37 29 45 85 95 87 57 15 
868-11-12 1?2.009 = 11 47 63 93 72 74 40 61 16 91 31 90 83 34 89 12 
868-12-13 1?2.068 = 12 89 34 98 47 63 72 74 40 16 91 90 83 28 21 13 
868-11-13 1?1.991 = 11 63 93 72 74 40 16 91 31 90 98 89 34 21 28 13 
868-11-15 1?2.45 = 11 63 72 74 40 61 69 54 77 65 24 35 43 78 22 79 87 95 15 
868-13-14 1?2.271 = 13 21 28 34 89 98 90 31 78 49 22 27 79 60 66 42 14 
868-12-14 1?2.272 = 12 89 34 98 47 63 72 93 90 31 78 49 22 60 66 42 14 
868-11-14 1?2.236 = 11 63 72 74 40 61 69 24 35 43 78 49 22 60 66 42 14 
stop
