start
377-0-2 1?1.957 = 0 50 34 42 53 98 72 28 66 63 39 75 48 24 73 2 
377-0-3 1?2.098 = 0 50 84 57 85 44 34 42 17 39 63 75 48 18 88 3 
377-0-4 1?2.073 = 0 50 84 57 44 34 17 39 63 75 48 18 88 76 41 4 
377-0-1 1?1.994 = 0 50 84 57 44 34 42 22 72 98 53 63 39 17 1 
377-0-11 1?2.365 = 0 84 57 85 55 96 61 95 25 94 21 93 35 71 47 23 56 38 78 79 11 
377-0-10 1?2.299 = 0 50 84 57 85 55 96 61 95 25 94 21 93 35 71 47 23 56 38 78 10 
377-0-9 1?2.507 = 0 50 84 57 85 55 96 61 95 25 94 21 93 35 71 47 23 56 38 78 59 9 
377-0-7 1?2.56 = 0 50 84 57 44 34 42 53 98 72 28 69 20 62 70 51 87 26 82 7 
377-0-6 1?2.326 = 0 50 34 42 53 98 72 28 69 77 74 81 62 70 51 87 82 26 6 
377-0-8 1?2.572 = 0 50 84 57 44 22 53 98 72 28 69 20 81 77 74 92 91 19 32 8 
377-0-5 1?2.518 = 0 50 84 57 44 22 53 98 72 28 69 77 74 81 62 40 86 49 27 5 
377-0-14 1?1.683 = 0 50 84 57 85 55 61 95 25 94 96 33 60 16 58 14 
377-0-13 1?1.864 = 0 50 34 42 53 98 72 95 61 25 94 96 33 89 54 13 
377-1-4 1?2.185 = 1 34 42 53 98 72 28 66 63 75 48 18 88 76 41 4 
377-1-3 1?2.245 = 1 34 42 53 98 72 28 66 63 75 48 18 88 76 41 3 
377-1-6 1?2.314 = 1 17 39 63 53 98 72 28 69 20 62 70 51 87 82 26 6 
377-0-15 1?1.947 = 0 50 84 57 85 60 55 61 95 25 94 96 33 16 58 15 
377-1-7 1?2.516 = 1 34 42 53 98 72 28 69 20 81 77 74 70 51 87 26 82 7 
377-1-8 1?2.668 = 1 34 22 53 98 72 28 69 20 62 81 77 74 92 91 83 19 32 8 
377-1-2 1?2.097 = 1 34 42 53 98 72 28 66 63 39 17 75 48 24 73 2 
377-0-12 1?2.351 = 0 50 44 22 53 98 72 95 61 25 94 96 55 60 16 89 54 80 12 
377-1-5 1?2.18 = 1 34 22 53 98 72 28 66 97 43 52 86 49 27 5 
377-1-14 1?1.839 = 1 34 42 53 98 72 95 61 25 94 96 55 60 33 16 58 14 
377-1-13 1?2.048 = 1 34 42 53 98 72 95 61 25 94 96 55 60 16 89 54 13 
377-2-3 1?2.279 = 2 73 24 18 48 75 39 63 66 97 43 52 68 41 76 88 3 
377-1-15 1?2.132 = 1 34 42 53 98 72 95 61 25 94 96 55 60 33 16 58 15 
377-2-4 1?2.226 = 2 73 24 18 48 75 17 39 63 66 97 43 52 68 76 41 4 
377-1-12 1?2.486 = 1 17 39 63 53 98 72 95 61 25 94 96 55 60 33 16 89 54 80 12 
377-2-6 1?2.346 = 2 73 48 75 63 53 98 72 28 69 20 62 70 51 87 82 26 6 
377-1-10 1?2.423 = 1 34 42 53 98 72 95 61 25 94 21 93 35 71 47 23 56 38 78 10 
377-1-11 1?2.498 = 1 34 42 53 98 72 95 61 25 94 21 93 35 71 47 56 38 78 79 11 
377-2-5 1?2.143 = 2 73 24 88 76 41 68 86 40 51 87 82 26 36 27 5 
377-1-9 1?2.631 = 1 34 42 53 98 72 95 61 25 94 21 93 35 71 47 23 56 38 78 59 9 
377-2-14 1?1.868 = 2 73 48 75 39 53 98 72 95 61 25 94 96 33 16 58 14 
377-3-4 1?2.397 = 3 88 18 75 63 53 98 72 28 66 97 52 68 41 4 
377-2-15 1?2.102 = 2 73 24 48 75 39 63 66 28 72 98 53 42 34 44 85 15 
377-2-7 1?2.485 = 2 73 48 75 63 53 98 72 28 69 20 62 70 51 87 26 82 7 
377-2-8 1?2.548 = 2 73 24 48 75 39 63 66 69 20 62 81 77 74 92 91 83 19 32 8 
377-3-5 1?2.101 = 3 41 76 68 52 43 20 77 74 81 62 40 86 49 27 5 
377-2-10 1?2.554 = 2 73 48 75 63 53 98 72 95 61 25 94 21 93 35 71 47 23 56 78 10 
377-2-11 1?2.645 = 2 73 48 75 39 53 98 72 95 61 25 94 21 93 35 71 47 56 38 78 79 11 
377-2-12 1?2.611 = 2 73 24 48 75 39 63 53 98 72 95 61 25 94 96 55 60 16 89 54 80 12 
377-2-13 1?2.435 = 2 73 48 75 17 39 63 53 98 72 95 61 25 94 96 55 60 16 33 89 54 13 
377-2-9 1?2.608 = 2 73 24 88 76 68 52 43 20 62 81 77 74 92 91 83 19 67 31 9 
377-3-14 1?2.225 = 3 24 48 75 39 63 53 98 72 95 61 25 94 96 55 60 33 16 58 14 
377-3-15 1?2.254 = 3 88 18 48 75 39 63 66 28 72 98 53 42 34 44 85 15 
377-3-6 1?2.121 = 3 41 76 52 43 97 20 77 74 81 62 70 51 87 82 26 6 
377-4-5 1?2.038 = 4 68 52 43 97 20 62 70 51 87 82 26 36 27 5 
377-3-8 1?2.502 = 3 88 76 41 68 52 43 97 69 20 81 77 74 92 91 83 19 32 8 
377-3-7 1?2.44 = 3 41 68 52 43 97 69 77 74 81 20 62 70 51 87 26 82 7 
377-3-10 1?2.505 = 3 41 76 68 52 43 20 62 81 77 74 92 91 99 30 23 56 38 78 10 
377-3-11 1?2.522 = 3 41 76 68 52 43 20 62 81 77 74 92 91 99 30 23 71 47 65 11 
377-3-12 1?2.684 = 3 41 76 68 52 43 20 81 77 74 92 91 99 30 23 47 71 35 93 21 45 12 
377-3-13 1?2.537 = 3 41 68 52 43 20 81 77 74 92 91 99 30 23 47 71 35 93 21 89 54 13 
377-3-9 1?2.567 = 3 88 41 68 52 43 97 20 62 81 77 74 92 91 83 19 67 31 9 
377-5-6 1?1.91 = 5 27 49 86 40 62 81 77 74 70 51 87 82 26 36 6 
377-4-6 1?1.952 = 4 41 76 52 43 20 77 74 81 62 70 51 87 82 26 6 
377-4-7 1?2.091 = 4 41 76 52 43 20 77 74 81 62 70 51 87 26 82 7 
377-4-14 1?2.275 = 4 41 76 88 18 75 63 53 98 72 95 61 25 94 96 55 60 33 16 58 14 
377-4-8 1?2.285 = 4 41 76 68 52 43 97 20 62 81 77 74 92 91 83 19 32 8 
377-4-12 1?2.555 = 4 68 52 43 20 62 81 77 74 92 91 99 30 23 47 71 35 93 21 45 12 
377-4-10 1?2.445 = 4 41 76 68 52 43 20 62 81 77 74 92 91 99 30 23 56 38 78 10 
377-4-13 1?2.386 = 4 68 52 43 20 81 77 74 92 91 99 30 23 47 71 35 93 21 89 54 13 
377-4-11 1?2.461 = 4 68 52 43 97 20 62 81 77 74 92 91 99 30 23 47 71 35 65 11 
377-4-15 1?2.5 = 4 41 76 88 18 48 75 63 66 28 72 98 53 42 34 44 50 84 57 15 
377-4-9 1?2.349 = 4 41 76 68 52 43 97 20 81 77 74 92 91 83 19 67 31 9 
377-6-8 1?1.762 = 6 26 82 87 51 70 62 81 77 74 92 91 19 32 8 
377-6-7 1?1.799 = 6 26 82 87 51 70 62 81 77 74 92 91 83 46 7 
377-5-8 1?1.945 = 5 27 36 87 51 70 62 81 77 74 92 91 19 32 8 
377-5-7 1?1.982 = 5 27 36 87 51 70 62 81 77 74 92 91 83 46 7 
377-5-14 1?2.354 = 5 27 49 86 52 43 97 63 53 98 72 95 61 25 94 96 55 60 16 58 14 
377-5-10 1?2.377 = 5 27 36 87 51 70 62 81 77 74 92 91 99 30 23 47 56 38 78 10 
377-5-12 1?2.522 = 5 27 36 87 51 70 62 81 77 74 92 91 99 30 23 47 71 35 93 45 12 
377-5-11 1?2.395 = 5 27 36 26 82 87 51 70 62 81 77 74 92 91 99 30 23 47 65 11 
377-5-13 1?2.314 = 5 27 49 86 40 62 81 77 74 92 91 99 30 23 47 71 35 93 21 89 54 13 
377-5-15 1?2.585 = 5 27 49 40 62 81 77 74 92 91 99 23 47 71 95 61 25 94 96 55 85 15 
377-5-9 1?2.291 = 5 27 36 26 82 87 51 70 62 81 77 74 92 83 19 67 31 9 
377-7-8 1?1.901 = 7 82 26 87 51 70 62 81 77 74 92 91 19 32 8 
377-7-10 1?2.062 = 7 82 26 87 51 70 62 81 77 74 92 91 29 64 59 10 
377-7-9 1?1.972 = 7 82 26 87 51 70 62 81 77 74 92 91 19 31 9 
377-6-12 1?2.292 = 6 26 87 51 70 62 81 77 74 92 91 99 30 23 47 71 35 93 45 12 
377-6-10 1?2.131 = 6 26 82 87 51 70 62 81 77 74 92 91 99 30 23 56 38 78 10 
377-6-9 1?1.833 = 6 26 82 87 51 70 62 81 77 74 92 91 19 31 9 
377-7-11 1?2.287 = 7 82 26 87 51 70 62 81 77 74 92 91 99 30 23 71 47 65 11 
377-6-11 1?2.186 = 6 26 82 87 51 70 62 81 77 74 92 91 99 30 23 47 71 35 65 11 
377-6-15 1?2.407 = 6 26 82 87 51 70 62 81 74 77 69 28 72 98 53 22 44 85 15 
377-6-14 1?2.344 = 6 26 82 87 51 70 62 81 77 74 92 91 99 30 95 61 25 94 96 33 16 58 14 
377-6-13 1?2.285 = 6 26 82 87 51 70 62 81 77 74 92 91 99 30 23 47 35 93 21 89 54 13 
377-8-10 1?2.077 = 8 32 83 74 77 92 91 99 30 23 47 56 38 78 10 
377-8-11 1?2.162 = 8 32 19 83 74 77 92 91 99 30 23 47 71 35 65 11 
377-7-12 1?2.381 = 7 82 87 51 70 62 81 77 74 92 91 99 30 23 71 47 65 45 12 
377-8-12 1?2.416 = 8 90 46 37 70 81 77 74 92 91 99 30 23 47 71 35 93 45 12 
377-7-14 1?2.319 = 7 46 83 91 92 99 30 23 47 71 35 93 21 94 25 95 61 96 33 16 58 14 
377-8-9 1?2.094 = 8 32 46 37 70 62 81 77 74 92 91 19 67 31 9 
377-8-13 1?2.273 = 8 32 19 91 92 99 30 23 47 71 35 93 21 94 25 61 96 89 54 13 
377-8-14 1?2.282 = 8 32 19 91 92 99 30 23 47 71 35 93 21 94 25 95 61 96 33 16 58 14 
377-7-13 1?2.333 = 7 82 87 51 70 81 77 74 92 91 99 30 23 47 71 35 93 21 89 54 13 
377-8-15 1?2.461 = 8 32 19 91 92 99 30 23 47 71 35 93 21 94 25 95 61 96 55 85 15 
377-7-15 1?2.58 = 7 46 83 92 91 99 30 23 47 71 35 93 21 94 25 95 61 96 55 60 85 15 
377-10-14 1?1.842 = 10 78 38 56 23 47 71 35 93 21 94 25 61 96 33 16 58 14 
377-9-12 1?2.265 = 9 31 67 19 83 92 91 99 30 23 47 71 35 93 45 12 
377-10-12 1?2.132 = 10 78 38 56 23 47 71 35 93 21 94 25 61 96 89 80 12 
377-9-10 1?2.215 = 9 31 19 83 74 77 92 91 99 23 47 56 38 78 10 
377-9-11 1?2.219 = 9 31 67 19 83 74 77 92 91 99 30 23 47 65 11 
377-10-11 1?2.297 = 10 78 38 56 23 47 71 35 95 61 25 96 94 21 93 65 11 
377-10-13 1?1.935 = 10 78 38 56 23 47 71 35 93 21 94 25 95 61 96 89 54 13 
377-9-13 1?2.254 = 9 64 29 38 78 56 23 47 71 35 93 21 94 95 61 25 96 89 54 13 
377-9-14 1?2.328 = 9 31 67 29 38 56 23 47 71 35 93 21 94 25 95 61 96 55 60 16 58 14 
377-10-15 1?2.262 = 10 78 38 56 23 47 71 35 93 21 94 25 95 61 96 55 60 16 58 15 
377-9-15 1?2.461 = 9 64 29 38 78 56 23 47 71 35 93 21 94 25 95 61 96 55 60 85 15 
377-12-14 1?2.129 = 12 80 54 89 96 94 25 61 95 72 98 22 55 60 58 14 
377-13-14 1?1.874 = 13 54 89 94 25 61 95 72 98 22 55 60 33 16 58 14 
377-11-14 1?1.95 = 11 79 78 38 56 23 47 35 93 21 94 25 61 96 33 16 58 14 
377-11-12 1?2.175 = 11 65 47 23 71 35 93 21 94 25 95 61 96 89 54 80 12 
377-13-15 1?1.889 = 13 54 89 96 94 25 61 95 72 98 53 42 34 44 85 15 
377-14-15 1?1.762 = 14 58 16 60 55 96 25 61 95 72 98 22 44 85 15 
377-12-13 1?2.053 = 12 45 65 47 23 71 35 93 21 94 25 95 61 96 89 54 13 
377-11-13 1?2.021 = 11 79 78 38 56 23 47 71 35 93 21 95 61 25 94 89 54 13 
377-12-15 1?2.17 = 12 80 54 89 96 94 25 61 95 72 98 53 42 34 44 85 15 
377-11-15 1?2.251 = 11 79 78 38 56 23 47 71 35 93 21 94 25 95 61 55 60 85 15 
stop
