NPROCS=0
===>> Begin!
0, 1
 =====>>>> Time: 0.177687
0, 2
 =====>>>> Time: 0.493098
0, 3
 =====>>>> Time: 0.0316984
0, 4
 =====>>>> Time: 0.453202
0, 5
 =====>>>> Time: 30.973
0, 6
 =====>>>> Time: 38.9718
0, 7
 =====>>>> Time: 2.10528
0, 8
 =====>>>> Time: 1.30386
0, 9
 =====>>>> Time: 6.4973
0, 10
 =====>>>> Time: 10.333
0, 11
 =====>>>> Time: 2.26205
0, 12
 =====>>>> Time: 1.43297
0, 13
 =====>>>> Time: 1.24421
0, 14
 =====>>>> Time: 0.235807
0, 15
 =====>>>> Time: 0.191987
1, 2
 =====>>>> Time: 0.143766
1, 3
 =====>>>> Time: 0.141249
1, 4
 =====>>>> Time: 1.16489
1, 5
 =====>>>> Time: 1.57665
1, 6
 =====>>>> Time: 4.2899
1, 7
 =====>>>> Time: 2.30763
1, 8
 =====>>>> Time: 3.24813
1, 9
 =====>>>> Time: 0.956036
1, 10
 =====>>>> Time: 10.5723
1, 11
 =====>>>> Time: 2.4606
1, 12
 =====>>>> Time: 2.09268
1, 13
 =====>>>> Time: 15.4232
1, 14
 =====>>>> Time: 0.0362237
1, 15
 =====>>>> Time: 2.19473
2, 3
 =====>>>> Time: 0.141051
2, 4
 =====>>>> Time: 0.544841
2, 5
 =====>>>> Time: 0.431332
2, 6
 =====>>>> Time: 0.869031
2, 7
 =====>>>> Time: 1.57873
2, 8
 =====>>>> Time: 1.74428
2, 9
 =====>>>> Time: 2.77342
2, 10
 =====>>>> Time: 3.25109
2, 11
 =====>>>> Time: 7.54962
2, 12
 =====>>>> Time: 2.95197
2, 13
 =====>>>> Time: 25.8482
2, 14
 =====>>>> Time: 0.558063
2, 15
 =====>>>> Time: 6.33547
3, 4
 =====>>>> Time: 0.257346
3, 5
 =====>>>> Time: 0.258884
3, 6
 =====>>>> Time: 0.183817
3, 7
 =====>>>> Time: 0.451491
3, 8
 =====>>>> Time: 1.69513
3, 9
 =====>>>> Time: 1.15676
3, 10
 =====>>>> Time: 1.28386
3, 11
 =====>>>> Time: 3.14098
3, 12
 =====>>>> Time: 3.73481
3, 13
 =====>>>> Time: 72.5522
3, 14
 =====>>>> Time: 2.08336
3, 15
 =====>>>> Time: 13.957
4, 5
 =====>>>> Time: 0.281287
4, 6
 =====>>>> Time: 0.205252
4, 7
 =====>>>> Time: 0.525636
4, 8
 =====>>>> Time: 0.693678
4, 9
 =====>>>> Time: 0.874717
4, 10
 =====>>>> Time: 1.07987
4, 11
 =====>>>> Time: 1.50445
4, 12
 =====>>>> Time: 3.98497
4, 13
 =====>>>> Time: 15.8197
4, 14
 =====>>>> Time: 1.41263
4, 15
 =====>>>> Time: 14.7152
5, 6
 =====>>>> Time: 0.220912
5, 7
 =====>>>> Time: 0.22143
5, 8
 =====>>>> Time: 0.507114
5, 9
 =====>>>> Time: 1.77645
5, 10
 =====>>>> Time: 1.35823
5, 11
 =====>>>> Time: 1.84416
5, 12
 =====>>>> Time: 1.763
5, 13
 =====>>>> Time: 23.8488
5, 14
 =====>>>> Time: 0.475366
5, 15
 =====>>>> Time: 15.7381
6, 7
 =====>>>> Time: 0.218082
6, 8
 =====>>>> Time: 0.102491
6, 9
 =====>>>> Time: 0.992895
6, 10
 =====>>>> Time: 2.80477
6, 11
 =====>>>> Time: 4.07283
6, 12
 =====>>>> Time: 2.99723
6, 13
 =====>>>> Time: 26.8327
6, 14
 =====>>>> Time: 1.53395
6, 15
 =====>>>> Time: 45.8728
7, 8
 =====>>>> Time: 0.100743
7, 9
 =====>>>> Time: 0.129457
7, 10
 =====>>>> Time: 0.131183
7, 11
 =====>>>> Time: 2.17059
7, 12
 =====>>>> Time: 7.08096
7, 13
 =====>>>> Time: 13.6175
7, 14
 =====>>>> Time: 1.47458
7, 15
 =====>>>> Time: 7.88877
8, 9
 =====>>>> Time: 0.127736
8, 10
 =====>>>> Time: 0.145389
8, 11
 =====>>>> Time: 0.128026
8, 12
 =====>>>> Time: 5.0566
8, 13
 =====>>>> Time: 26.6721
8, 14
 =====>>>> Time: 2.78237
8, 15
 =====>>>> Time: 14.1663
9, 10
 =====>>>> Time: 0.135963
9, 11
 =====>>>> Time: 0.133095
9, 12
 =====>>>> Time: 1.81819
9, 13
 =====>>>> Time: 28.7134
9, 14
 =====>>>> Time: 7.55376
9, 15
 =====>>>> Time: 21.0438
10, 11
 =====>>>> Time: 0.133707
10, 12
 =====>>>> Time: 0.17236
10, 13
 =====>>>> Time: 7.24823
10, 14
 =====>>>> Time: 2.9984
10, 15
 =====>>>> Time: 24.2391
11, 12
 =====>>>> Time: 0.167079
11, 13
 =====>>>> Time: 2.76239
11, 14
 =====>>>> Time: 0.870776
11, 15
 =====>>>> Time: 5.07578
12, 13
 =====>>>> Time: 0.798363
12, 14
 =====>>>> Time: 0.16529
12, 15
 =====>>>> Time: 0.719164
13, 14
 =====>>>> Time: 0.183112
13, 15
 =====>>>> Time: 0.473174
14, 15
 =====>>>> Time: 0.563207
time: 5.50472
===>> All Done!
