NPROCS=0
===>> Begin!
0, 1
 =====>>>> Time: 1.36956
0, 2
 =====>>>> Time: 0.145183
0, 3
 =====>>>> Time: 0.848149
0, 4
 =====>>>> Time: 21.9221
0, 5
 =====>>>> Time: 35.8613
0, 6
 =====>>>> Time: 33.9942
0, 7
 =====>>>> Time: 1.24951
0, 8
 =====>>>> Time: 1.42791
0, 9
 =====>>>> Time: 39.6077
0, 10
 =====>>>> Time: 15.673
0, 11
 =====>>>> Time: 10.0306
0, 12
 =====>>>> Time: 37.4139
0, 13
 =====>>>> Time: 6.66266
0, 14
 =====>>>> Time: 2.77923
0, 15
 =====>>>> Time: 1.68153
1, 2
 =====>>>> Time: 0.857388
1, 3
 =====>>>> Time: 0.588067
1, 4
 =====>>>> Time: 0.935577
1, 5
 =====>>>> Time: 3.56858
1, 6
 =====>>>> Time: 6.08373
1, 7
 =====>>>> Time: 3.69753
1, 8
 =====>>>> Time: 9.513
1, 9
 =====>>>> Time: 13.155
1, 10
 =====>>>> Time: 23.2871
1, 11
 =====>>>> Time: 9.85107
1, 12
 =====>>>> Time: 60.616
1, 13
 =====>>>> Time: 3.86761
1, 14
 =====>>>> Time: 0.26298
1, 15
 =====>>>> Time: 0.231456
2, 3
 =====>>>> Time: 0.545565
2, 4
 =====>>>> Time: 0.933661
2, 5
 =====>>>> Time: 1.1186
2, 6
 =====>>>> Time: 6.76272
2, 7
 =====>>>> Time: 4.84483
2, 8
 =====>>>> Time: 8.58112
2, 9
 =====>>>> Time: 13.0477
2, 10
 =====>>>> Time: 9.54055
2, 11
 =====>>>> Time: 8.77111
2, 12
 =====>>>> Time: 122.874
2, 13
 =====>>>> Time: 5.54413
2, 14
 =====>>>> Time: 1.74707
2, 15
 =====>>>> Time: 0.652075
3, 4
 =====>>>> Time: 1.207
3, 5
 =====>>>> Time: 1.17408
3, 6
 =====>>>> Time: 0.982169
3, 7
 =====>>>> Time: 2.52496
3, 8
 =====>>>> Time: 5.63871
3, 9
 =====>>>> Time: 7.13352
3, 10
 =====>>>> Time: 6.70198
3, 11
 =====>>>> Time: 7.10116
3, 12
 =====>>>> Time: 56.6521
3, 13
 =====>>>> Time: 5.35338
3, 14
 =====>>>> Time: 2.18023
3, 15
 =====>>>> Time: 2.44324
4, 5
 =====>>>> Time: 1.17094
4, 6
 =====>>>> Time: 1.04895
4, 7
 =====>>>> Time: 2.75081
4, 8
 =====>>>> Time: 3.05624
4, 9
 =====>>>> Time: 7.05804
4, 10
 =====>>>> Time: 5.14001
4, 11
 =====>>>> Time: 6.69729
4, 12
 =====>>>> Time: 114.174
4, 13
 =====>>>> Time: 6.93027
4, 14
 =====>>>> Time: 3.89448
4, 15
 =====>>>> Time: 4.93453
5, 6
 =====>>>> Time: 1.09443
5, 7
 =====>>>> Time: 1.39167
5, 8
 =====>>>> Time: 1.55667
5, 9
 =====>>>> Time: 8.36345
5, 10
 =====>>>> Time: 12.3992
5, 11
 =====>>>> Time: 8.70174
5, 12
 =====>>>> Time: 47.9486
5, 13
 =====>>>> Time: 9.08945
5, 14
 =====>>>> Time: 2.65976
5, 15
 =====>>>> Time: 1.72406
6, 7
 =====>>>> Time: 1.32052
6, 8
 =====>>>> Time: 1.50214
6, 9
 =====>>>> Time: 1.31027
6, 10
 =====>>>> Time: 9.83317
6, 11
 =====>>>> Time: 12.0507
6, 12
 =====>>>> Time: 66.3549
6, 13
 =====>>>> Time: 9.4395
6, 14
 =====>>>> Time: 5.07134
6, 15
 =====>>>> Time: 2.68344
7, 8
 =====>>>> Time: 1.48615
7, 9
 =====>>>> Time: 1.19221
7, 10
 =====>>>> Time: 0.765713
7, 11
 =====>>>> Time: 7.06459
7, 12
 =====>>>> Time: 86.8033
7, 13
 =====>>>> Time: 12.3715
7, 14
 =====>>>> Time: 7.05867
7, 15
 =====>>>> Time: 3.2448
8, 9
 =====>>>> Time: 1.08241
8, 10
 =====>>>> Time: 0.797447
8, 11
 =====>>>> Time: 0.806353
8, 12
 =====>>>> Time: 37.8215
8, 13
 =====>>>> Time: 14.7543
8, 14
 =====>>>> Time: 11.3491
8, 15
 =====>>>> Time: 6.0864
9, 10
 =====>>>> Time: 0.743621
9, 11
 =====>>>> Time: 0.825943
9, 12
 =====>>>> Time: 41.8005
9, 13
 =====>>>> Time: 12.9697
9, 14
 =====>>>> Time: 17.825
9, 15
 =====>>>> Time: 10.0093
10, 11
 =====>>>> Time: 0.820252
10, 12
 =====>>>> Time: 6.04301
10, 13
 =====>>>> Time: 5.51175
10, 14
 =====>>>> Time: 8.05584
10, 15
 =====>>>> Time: 8.43128
11, 12
 =====>>>> Time: 6.08231
11, 13
 =====>>>> Time: 3.08682
11, 14
 =====>>>> Time: 5.28953
11, 15
 =====>>>> Time: 3.68023
12, 13
 =====>>>> Time: 1.76008
12, 14
 =====>>>> Time: 1.75056
12, 15
 =====>>>> Time: 1.31918
13, 14
 =====>>>> Time: 2.38101
13, 15
 =====>>>> Time: 1.55101
14, 15
 =====>>>> Time: 1.65027
time: 11.0572
===>> All Done!
