NPROCS=0
===>> Begin!
0, 1
 =====>>>> Time: 0.00202876
0, 2
 =====>>>> Time: 0.000640341
0, 3
 =====>>>> Time: 0.0183973
0, 4
 =====>>>> Time: 2.37751
0, 5
 =====>>>> Time: 3.23603
0, 6
 =====>>>> Time: 3.00769
0, 7
 =====>>>> Time: 0.0219344
0, 8
 =====>>>> Time: 0.0343704
0, 9
 =====>>>> Time: 0.289973
0, 10
 =====>>>> Time: 0.143358
0, 11
 =====>>>> Time: 0.0391829
0, 12
 =====>>>> Time: 0.552201
0, 13
 =====>>>> Time: 0.000639215
0, 14
 =====>>>> Time: 0.000607248
0, 15
 =====>>>> Time: 0.000225187
1, 2
 =====>>>> Time: 0.000269352
1, 3
 =====>>>> Time: 0.000560475
1, 4
 =====>>>> Time: 0.000710941
1, 5
 =====>>>> Time: 0.0208371
1, 6
 =====>>>> Time: 0.0503078
1, 7
 =====>>>> Time: 0.0405471
1, 8
 =====>>>> Time: 0.139544
1, 9
 =====>>>> Time: 0.033031
1, 10
 =====>>>> Time: 0.129845
1, 11
 =====>>>> Time: 0.0640195
1, 12
 =====>>>> Time: 3.4373
1, 13
 =====>>>> Time: 0.0197106
1, 14
 =====>>>> Time: 0.000673431
1, 15
 =====>>>> Time: 0.000225703
2, 3
 =====>>>> Time: 0.000768232
2, 4
 =====>>>> Time: 0.000956094
2, 5
 =====>>>> Time: 0.000876858
2, 6
 =====>>>> Time: 0.066223
2, 7
 =====>>>> Time: 0.0534252
2, 8
 =====>>>> Time: 0.0940639
2, 9
 =====>>>> Time: 0.0341352
2, 10
 =====>>>> Time: 0.0315876
2, 11
 =====>>>> Time: 0.0450078
2, 12
 =====>>>> Time: 4.57156
2, 13
 =====>>>> Time: 0.0546243
2, 14
 =====>>>> Time: 0.0167181
2, 15
 =====>>>> Time: 0.00297695
3, 4
 =====>>>> Time: 0.00182862
3, 5
 =====>>>> Time: 0.000847353
3, 6
 =====>>>> Time: 0.000478883
3, 7
 =====>>>> Time: 0.00409305
3, 8
 =====>>>> Time: 0.0608327
3, 9
 =====>>>> Time: 0.00886222
3, 10
 =====>>>> Time: 0.00675599
3, 11
 =====>>>> Time: 0.0316779
3, 12
 =====>>>> Time: 3.15844
3, 13
 =====>>>> Time: 0.0428152
3, 14
 =====>>>> Time: 0.0198245
3, 15
 =====>>>> Time: 0.0171571
4, 5
 =====>>>> Time: 0.00236511
4, 6
 =====>>>> Time: 0.000710592
4, 7
 =====>>>> Time: 0.00412907
4, 8
 =====>>>> Time: 0.00355336
4, 9
 =====>>>> Time: 0.0100837
4, 10
 =====>>>> Time: 0.0117314
4, 11
 =====>>>> Time: 0.0344082
4, 12
 =====>>>> Time: 3.26427
4, 13
 =====>>>> Time: 0.0466268
4, 14
 =====>>>> Time: 0.0371401
4, 15
 =====>>>> Time: 0.0440512
5, 6
 =====>>>> Time: 0.00158296
5, 7
 =====>>>> Time: 0.000931914
5, 8
 =====>>>> Time: 0.000827881
5, 9
 =====>>>> Time: 0.0175837
5, 10
 =====>>>> Time: 0.0524793
5, 11
 =====>>>> Time: 0.0442202
5, 12
 =====>>>> Time: 1.76199
5, 13
 =====>>>> Time: 0.059111
5, 14
 =====>>>> Time: 0.0247777
5, 15
 =====>>>> Time: 0.0146917
6, 7
 =====>>>> Time: 0.00120493
6, 8
 =====>>>> Time: 0.00070788
6, 9
 =====>>>> Time: 0.000640596
6, 10
 =====>>>> Time: 0.0508519
6, 11
 =====>>>> Time: 0.0546471
6, 12
 =====>>>> Time: 1.83785
6, 13
 =====>>>> Time: 0.0783114
6, 14
 =====>>>> Time: 0.05416
6, 15
 =====>>>> Time: 0.0356939
7, 8
 =====>>>> Time: 0.000504424
7, 9
 =====>>>> Time: 0.00059713
7, 10
 =====>>>> Time: 0.000921503
7, 11
 =====>>>> Time: 0.0110088
7, 12
 =====>>>> Time: 2.02894
7, 13
 =====>>>> Time: 0.0758342
7, 14
 =====>>>> Time: 0.0872616
7, 15
 =====>>>> Time: 0.0433762
8, 9
 =====>>>> Time: 0.00107485
8, 10
 =====>>>> Time: 0.000914634
8, 11
 =====>>>> Time: 0.000410866
8, 12
 =====>>>> Time: 0.729453
8, 13
 =====>>>> Time: 0.0979668
8, 14
 =====>>>> Time: 0.105799
8, 15
 =====>>>> Time: 0.0517242
9, 10
 =====>>>> Time: 0.000815683
9, 11
 =====>>>> Time: 0.000400945
9, 12
 =====>>>> Time: 0.45606
9, 13
 =====>>>> Time: 0.0820204
9, 14
 =====>>>> Time: 0.112139
9, 15
 =====>>>> Time: 0.0763659
10, 11
 =====>>>> Time: 0.000428262
10, 12
 =====>>>> Time: 0.000406997
10, 13
 =====>>>> Time: 0.0160936
10, 14
 =====>>>> Time: 0.0262344
10, 15
 =====>>>> Time: 0.0514696
11, 12
 =====>>>> Time: 0.000644706
11, 13
 =====>>>> Time: 0.00180652
11, 14
 =====>>>> Time: 0.00349212
11, 15
 =====>>>> Time: 0.00570427
12, 13
 =====>>>> Time: 0.00159586
12, 14
 =====>>>> Time: 0.00198622
12, 15
 =====>>>> Time: 0.00155634
13, 14
 =====>>>> Time: 0.00169112
13, 15
 =====>>>> Time: 0.00113116
14, 15
 =====>>>> Time: 0.00103652
time: 0.280159
===>> All Done!
