NPROCS=0
===>> Begin!
0, 1
 =====>>>> Time: 0.000129508
0, 2
 =====>>>> Time: 2.9409e-05
0, 3
 =====>>>> Time: 0.00380594
0, 4
 =====>>>> Time: 0.00351344
0, 5
 =====>>>> Time: 0.0113503
0, 6
 =====>>>> Time: 0.0160499
0, 7
 =====>>>> Time: 0.0163415
0, 8
 =====>>>> Time: 0.000204332
0, 9
 =====>>>> Time: 0.0164464
0, 10
 =====>>>> Time: 0.00142681
0, 11
 =====>>>> Time: 0.00155511
0, 12
 =====>>>> Time: 0.00118483
0, 13
 =====>>>> Time: 4.5721e-05
0, 14
 =====>>>> Time: 4.59e-05
0, 15
 =====>>>> Time: 1.7658e-05
1, 2
 =====>>>> Time: 1.7944e-05
1, 3
 =====>>>> Time: 3.5345e-05
1, 4
 =====>>>> Time: 9.5651e-05
1, 5
 =====>>>> Time: 6.3797e-05
1, 6
 =====>>>> Time: 0.000886032
1, 7
 =====>>>> Time: 0.00157906
1, 8
 =====>>>> Time: 0.0183702
1, 9
 =====>>>> Time: 0.018378
1, 10
 =====>>>> Time: 0.0115661
1, 11
 =====>>>> Time: 0.00602568
1, 12
 =====>>>> Time: 0.00688866
1, 13
 =====>>>> Time: 0.00426515
1, 14
 =====>>>> Time: 3.5201e-05
1, 15
 =====>>>> Time: 1.4023e-05
2, 3
 =====>>>> Time: 3.0074e-05
2, 4
 =====>>>> Time: 7.9248e-05
2, 5
 =====>>>> Time: 6.8772e-05
2, 6
 =====>>>> Time: 2.4319e-05
2, 7
 =====>>>> Time: 0.00209436
2, 8
 =====>>>> Time: 0.00209338
2, 9
 =====>>>> Time: 0.00192575
2, 10
 =====>>>> Time: 0.00123909
2, 11
 =====>>>> Time: 0.000843563
2, 12
 =====>>>> Time: 0.000107814
2, 13
 =====>>>> Time: 0.00301709
2, 14
 =====>>>> Time: 0.0298973
2, 15
 =====>>>> Time: 0.000423767
3, 4
 =====>>>> Time: 0.000545815
3, 5
 =====>>>> Time: 0.000151701
3, 6
 =====>>>> Time: 2.4898e-05
3, 7
 =====>>>> Time: 0.000261449
3, 8
 =====>>>> Time: 0.000620382
3, 9
 =====>>>> Time: 0.00042223
3, 10
 =====>>>> Time: 0.000525901
3, 11
 =====>>>> Time: 0.000492977
3, 12
 =====>>>> Time: 0.000911005
3, 13
 =====>>>> Time: 0.00395776
3, 14
 =====>>>> Time: 0.0352
3, 15
 =====>>>> Time: 0.000819595
4, 5
 =====>>>> Time: 0.000119055
4, 6
 =====>>>> Time: 2.4103e-05
4, 7
 =====>>>> Time: 0.000366963
4, 8
 =====>>>> Time: 0.000459873
4, 9
 =====>>>> Time: 0.000604889
4, 10
 =====>>>> Time: 0.00122323
4, 11
 =====>>>> Time: 0.000454956
4, 12
 =====>>>> Time: 0.000268395
4, 13
 =====>>>> Time: 0.00110564
4, 14
 =====>>>> Time: 0.0291002
4, 15
 =====>>>> Time: 0.00151526
5, 6
 =====>>>> Time: 3.7556e-05
5, 7
 =====>>>> Time: 2.8898e-05
5, 8
 =====>>>> Time: 0.000104624
5, 9
 =====>>>> Time: 0.000894883
5, 10
 =====>>>> Time: 0.00269478
5, 11
 =====>>>> Time: 0.0063215
5, 12
 =====>>>> Time: 0.00541647
5, 13
 =====>>>> Time: 0.00893886
5, 14
 =====>>>> Time: 0.0279795
5, 15
 =====>>>> Time: 0.00254076
6, 7
 =====>>>> Time: 1.3979e-05
6, 8
 =====>>>> Time: 8.7971e-05
6, 9
 =====>>>> Time: 2.5121e-05
6, 10
 =====>>>> Time: 0.00045147
6, 11
 =====>>>> Time: 0.00117181
6, 12
 =====>>>> Time: 0.0110556
6, 13
 =====>>>> Time: 0.00694512
6, 14
 =====>>>> Time: 0.060739
6, 15
 =====>>>> Time: 0.0114993
7, 8
 =====>>>> Time: 0.000120288
7, 9
 =====>>>> Time: 4.1456e-05
7, 10
 =====>>>> Time: 9.8604e-05
7, 11
 =====>>>> Time: 0.000279272
7, 12
 =====>>>> Time: 0.000628995
7, 13
 =====>>>> Time: 0.000543977
7, 14
 =====>>>> Time: 0.000584264
7, 15
 =====>>>> Time: 0.000251774
8, 9
 =====>>>> Time: 4.3956e-05
8, 10
 =====>>>> Time: 2.0459e-05
8, 11
 =====>>>> Time: 2.8079e-05
8, 12
 =====>>>> Time: 9.3779e-05
8, 13
 =====>>>> Time: 0.000836696
8, 14
 =====>>>> Time: 0.00111135
8, 15
 =====>>>> Time: 0.000271817
9, 10
 =====>>>> Time: 2.108e-05
9, 11
 =====>>>> Time: 2.5114e-05
9, 12
 =====>>>> Time: 0.000137406
9, 13
 =====>>>> Time: 0.000640295
9, 14
 =====>>>> Time: 0.00101981
9, 15
 =====>>>> Time: 0.0113827
10, 11
 =====>>>> Time: 2.633e-05
10, 12
 =====>>>> Time: 0.000139561
10, 13
 =====>>>> Time: 0.000328396
10, 14
 =====>>>> Time: 0.000637339
10, 15
 =====>>>> Time: 0.0012535
11, 12
 =====>>>> Time: 8.449e-06
11, 13
 =====>>>> Time: 0.00016695
11, 14
 =====>>>> Time: 0.000160825
11, 15
 =====>>>> Time: 0.000269289
12, 13
 =====>>>> Time: 1.6278e-05
12, 14
 =====>>>> Time: 3.9715e-05
12, 15
 =====>>>> Time: 4.5763e-05
13, 14
 =====>>>> Time: 5.8022e-05
13, 15
 =====>>>> Time: 7.1168e-05
14, 15
 =====>>>> Time: 0.000129753
time: 0.00358223
===>> All Done!
