NPROCS=0
===>> Begin!
0, 1
 =====>>>> Time: 0.00438614
0, 2
 =====>>>> Time: 0.0608453
0, 3
 =====>>>> Time: 0.00360046
0, 4
 =====>>>> Time: 0.00520952
0, 5
 =====>>>> Time: 0.0274877
0, 6
 =====>>>> Time: 0.0180498
0, 7
 =====>>>> Time: 0.0664752
0, 8
 =====>>>> Time: 0.0303866
0, 9
 =====>>>> Time: 0.0356205
0, 10
 =====>>>> Time: 0.0210353
0, 11
 =====>>>> Time: 0.0178955
0, 12
 =====>>>> Time: 0.0182351
0, 13
 =====>>>> Time: 0.00754574
0, 14
 =====>>>> Time: 0.0110929
0, 15
 =====>>>> Time: 0.00357588
1, 2
 =====>>>> Time: 0.0026313
1, 3
 =====>>>> Time: 0.00833218
1, 4
 =====>>>> Time: 0.0239466
1, 5
 =====>>>> Time: 0.00692054
1, 6
 =====>>>> Time: 0.0165165
1, 7
 =====>>>> Time: 0.0182811
1, 8
 =====>>>> Time: 0.0587189
1, 9
 =====>>>> Time: 0.0591554
1, 10
 =====>>>> Time: 0.0518557
1, 11
 =====>>>> Time: 0.0104423
1, 12
 =====>>>> Time: 0.0128864
1, 13
 =====>>>> Time: 0.0709027
1, 14
 =====>>>> Time: 0.0481146
1, 15
 =====>>>> Time: 0.00131363
2, 3
 =====>>>> Time: 0.00729288
2, 4
 =====>>>> Time: 0.0165714
2, 5
 =====>>>> Time: 0.00657877
2, 6
 =====>>>> Time: 0.0154563
2, 7
 =====>>>> Time: 0.0183496
2, 8
 =====>>>> Time: 0.0477272
2, 9
 =====>>>> Time: 0.0440766
2, 10
 =====>>>> Time: 0.0435919
2, 11
 =====>>>> Time: 0.0140582
2, 12
 =====>>>> Time: 0.0137583
2, 13
 =====>>>> Time: 0.108885
2, 14
 =====>>>> Time: 0.0432393
2, 15
 =====>>>> Time: 0.00171462
3, 4
 =====>>>> Time: 0.0167565
3, 5
 =====>>>> Time: 0.00694312
3, 6
 =====>>>> Time: 0.00221372
3, 7
 =====>>>> Time: 0.00950052
3, 8
 =====>>>> Time: 0.020627
3, 9
 =====>>>> Time: 0.0226634
3, 10
 =====>>>> Time: 0.0201632
3, 11
 =====>>>> Time: 0.0125688
3, 12
 =====>>>> Time: 0.0107313
3, 13
 =====>>>> Time: 0.0605876
3, 14
 =====>>>> Time: 0.0726155
3, 15
 =====>>>> Time: 0.00611005
4, 5
 =====>>>> Time: 0.00669684
4, 6
 =====>>>> Time: 0.00214942
4, 7
 =====>>>> Time: 0.0113809
4, 8
 =====>>>> Time: 0.0170567
4, 9
 =====>>>> Time: 0.00951924
4, 10
 =====>>>> Time: 0.0188546
4, 11
 =====>>>> Time: 0.0143142
4, 12
 =====>>>> Time: 0.0119564
4, 13
 =====>>>> Time: 0.0479356
4, 14
 =====>>>> Time: 0.0697556
4, 15
 =====>>>> Time: 0.00647838
5, 6
 =====>>>> Time: 0.00291441
5, 7
 =====>>>> Time: 0.00290128
5, 8
 =====>>>> Time: 0.00764086
5, 9
 =====>>>> Time: 0.00177681
5, 10
 =====>>>> Time: 0.0204037
5, 11
 =====>>>> Time: 0.0166353
5, 12
 =====>>>> Time: 0.0228863
5, 13
 =====>>>> Time: 0.0518376
5, 14
 =====>>>> Time: 0.0614047
5, 15
 =====>>>> Time: 0.00958651
6, 7
 =====>>>> Time: 0.00269859
6, 8
 =====>>>> Time: 0.00685581
6, 9
 =====>>>> Time: 0.00166404
6, 10
 =====>>>> Time: 0.00270065
6, 11
 =====>>>> Time: 0.0239072
6, 12
 =====>>>> Time: 0.0307826
6, 13
 =====>>>> Time: 0.0750294
6, 14
 =====>>>> Time: 0.0629837
6, 15
 =====>>>> Time: 0.010769
7, 8
 =====>>>> Time: 0.00753654
7, 9
 =====>>>> Time: 0.00157847
7, 10
 =====>>>> Time: 0.00257292
7, 11
 =====>>>> Time: 0.00576649
7, 12
 =====>>>> Time: 0.0215819
7, 13
 =====>>>> Time: 0.0457961
7, 14
 =====>>>> Time: 0.0506424
7, 15
 =====>>>> Time: 0.0119546
8, 9
 =====>>>> Time: 0.00141369
8, 10
 =====>>>> Time: 0.00277433
8, 11
 =====>>>> Time: 0.0060655
8, 12
 =====>>>> Time: 0.00100577
8, 13
 =====>>>> Time: 0.0301971
8, 14
 =====>>>> Time: 0.0413292
8, 15
 =====>>>> Time: 0.0126077
9, 10
 =====>>>> Time: 0.00281519
9, 11
 =====>>>> Time: 0.00625971
9, 12
 =====>>>> Time: 0.00127183
9, 13
 =====>>>> Time: 0.0308924
9, 14
 =====>>>> Time: 0.0421337
9, 15
 =====>>>> Time: 0.0199595
10, 11
 =====>>>> Time: 0.0059838
10, 12
 =====>>>> Time: 0.00140428
10, 13
 =====>>>> Time: 0.00242187
10, 14
 =====>>>> Time: 0.0255294
10, 15
 =====>>>> Time: 0.0306758
11, 12
 =====>>>> Time: 0.00151233
11, 13
 =====>>>> Time: 0.00298006
11, 14
 =====>>>> Time: 0.0224459
11, 15
 =====>>>> Time: 0.00929701
12, 13
 =====>>>> Time: 0.00241888
12, 14
 =====>>>> Time: 0.0105909
12, 15
 =====>>>> Time: 0.00166169
13, 14
 =====>>>> Time: 0.0107742
13, 15
 =====>>>> Time: 0.00212874
14, 15
 =====>>>> Time: 0.00239066
time: 0.0206174
===>> All Done!
