NPROCS=0
===>> Begin!
0, 1
 =====>>>> Time: 0.0715718
0, 2
 =====>>>> Time: 0.00573676
0, 3
 =====>>>> Time: 0.0503309
0, 4
 =====>>>> Time: 0.0322511
0, 5
 =====>>>> Time: 2.18938
0, 6
 =====>>>> Time: 2.55417
0, 7
 =====>>>> Time: 0.112648
0, 8
 =====>>>> Time: 0.0938574
0, 9
 =====>>>> Time: 0.313746
0, 10
 =====>>>> Time: 0.172169
0, 11
 =====>>>> Time: 0.171483
0, 12
 =====>>>> Time: 0.652969
0, 13
 =====>>>> Time: 0.0573874
0, 14
 =====>>>> Time: 0.0714634
0, 15
 =====>>>> Time: 0.0464
1, 2
 =====>>>> Time: 0.0359691
1, 3
 =====>>>> Time: 0.0348813
1, 4
 =====>>>> Time: 0.039557
1, 5
 =====>>>> Time: 0.0952212
1, 6
 =====>>>> Time: 0.172665
1, 7
 =====>>>> Time: 0.174966
1, 8
 =====>>>> Time: 0.263064
1, 9
 =====>>>> Time: 0.604564
1, 10
 =====>>>> Time: 0.127238
1, 11
 =====>>>> Time: 0.258573
1, 12
 =====>>>> Time: 3.11173
1, 13
 =====>>>> Time: 2.31308
1, 14
 =====>>>> Time: 0.0110236
1, 15
 =====>>>> Time: 0.0135371
2, 3
 =====>>>> Time: 0.0423255
2, 4
 =====>>>> Time: 0.0398045
2, 5
 =====>>>> Time: 0.0355546
2, 6
 =====>>>> Time: 0.177513
2, 7
 =====>>>> Time: 0.159233
2, 8
 =====>>>> Time: 0.160517
2, 9
 =====>>>> Time: 0.596189
2, 10
 =====>>>> Time: 0.141875
2, 11
 =====>>>> Time: 0.152628
2, 12
 =====>>>> Time: 2.38923
2, 13
 =====>>>> Time: 2.10558
2, 14
 =====>>>> Time: 0.0761846
2, 15
 =====>>>> Time: 0.0895205
3, 4
 =====>>>> Time: 0.061591
3, 5
 =====>>>> Time: 0.0404229
3, 6
 =====>>>> Time: 0.00578425
3, 7
 =====>>>> Time: 0.129183
3, 8
 =====>>>> Time: 0.158661
3, 9
 =====>>>> Time: 0.378209
3, 10
 =====>>>> Time: 0.118067
3, 11
 =====>>>> Time: 0.118891
3, 12
 =====>>>> Time: 2.36842
3, 13
 =====>>>> Time: 1.81542
3, 14
 =====>>>> Time: 0.0821027
3, 15
 =====>>>> Time: 0.175825
4, 5
 =====>>>> Time: 0.0375932
4, 6
 =====>>>> Time: 0.00604855
4, 7
 =====>>>> Time: 0.111146
4, 8
 =====>>>> Time: 0.102539
4, 9
 =====>>>> Time: 0.283741
4, 10
 =====>>>> Time: 0.107884
4, 11
 =====>>>> Time: 0.133583
4, 12
 =====>>>> Time: 2.54134
4, 13
 =====>>>> Time: 2.20531
4, 14
 =====>>>> Time: 0.129501
4, 15
 =====>>>> Time: 0.434351
5, 6
 =====>>>> Time: 0.00830773
5, 7
 =====>>>> Time: 0.0524171
5, 8
 =====>>>> Time: 0.0545999
5, 9
 =====>>>> Time: 0.32749
5, 10
 =====>>>> Time: 0.206742
5, 11
 =====>>>> Time: 0.189493
5, 12
 =====>>>> Time: 2.3637
5, 13
 =====>>>> Time: 2.11988
5, 14
 =====>>>> Time: 0.151803
5, 15
 =====>>>> Time: 0.233931
6, 7
 =====>>>> Time: 0.0454727
6, 8
 =====>>>> Time: 0.0477153
6, 9
 =====>>>> Time: 0.0761338
6, 10
 =====>>>> Time: 0.164242
6, 11
 =====>>>> Time: 0.293328
6, 12
 =====>>>> Time: 1.89723
6, 13
 =====>>>> Time: 1.86233
6, 14
 =====>>>> Time: 0.174294
6, 15
 =====>>>> Time: 0.536782
7, 8
 =====>>>> Time: 0.0466786
7, 9
 =====>>>> Time: 0.0846993
7, 10
 =====>>>> Time: 0.0324374
7, 11
 =====>>>> Time: 0.130525
7, 12
 =====>>>> Time: 1.49044
7, 13
 =====>>>> Time: 1.7923
7, 14
 =====>>>> Time: 0.158136
7, 15
 =====>>>> Time: 0.305581
8, 9
 =====>>>> Time: 0.0754238
8, 10
 =====>>>> Time: 0.0343124
8, 11
 =====>>>> Time: 0.0293276
8, 12
 =====>>>> Time: 0.430647
8, 13
 =====>>>> Time: 1.69525
8, 14
 =====>>>> Time: 0.218069
8, 15
 =====>>>> Time: 0.318566
9, 10
 =====>>>> Time: 0.0328986
9, 11
 =====>>>> Time: 0.0294722
9, 12
 =====>>>> Time: 0.328715
9, 13
 =====>>>> Time: 0.539887
9, 14
 =====>>>> Time: 0.158426
9, 15
 =====>>>> Time: 0.365623
10, 11
 =====>>>> Time: 0.0288185
10, 12
 =====>>>> Time: 0.205868
10, 13
 =====>>>> Time: 0.402387
10, 14
 =====>>>> Time: 0.135833
10, 15
 =====>>>> Time: 0.274568
11, 12
 =====>>>> Time: 0.184998
11, 13
 =====>>>> Time: 0.340613
11, 14
 =====>>>> Time: 0.154195
11, 15
 =====>>>> Time: 0.162484
12, 13
 =====>>>> Time: 0.191238
12, 14
 =====>>>> Time: 0.0628471
12, 15
 =====>>>> Time: 0.0416974
13, 14
 =====>>>> Time: 0.0635679
13, 15
 =====>>>> Time: 0.0434099
14, 15
 =====>>>> Time: 0.045219
time: 0.441704
===>> All Done!
