NPROCS=0
===>> Begin!
0, 1
 =====>>>> Time: 0.00038166
0, 2
 =====>>>> Time: 0.000216111
0, 3
 =====>>>> Time: 0.00435842
0, 4
 =====>>>> Time: 0.00504584
0, 5
 =====>>>> Time: 0.0122417
0, 6
 =====>>>> Time: 0.0158127
0, 7
 =====>>>> Time: 0.0138822
0, 8
 =====>>>> Time: 0.0104307
0, 9
 =====>>>> Time: 0.0182537
0, 10
 =====>>>> Time: 0.001934
0, 11
 =====>>>> Time: 0.00210286
0, 12
 =====>>>> Time: 0.00152362
0, 13
 =====>>>> Time: 0.000358155
0, 14
 =====>>>> Time: 0.000289701
0, 15
 =====>>>> Time: 0.000164692
1, 2
 =====>>>> Time: 0.000230889
1, 3
 =====>>>> Time: 0.000252957
1, 4
 =====>>>> Time: 0.00037189
1, 5
 =====>>>> Time: 0.000341121
1, 6
 =====>>>> Time: 0.0017665
1, 7
 =====>>>> Time: 0.0182468
1, 8
 =====>>>> Time: 0.0282362
1, 9
 =====>>>> Time: 0.029682
1, 10
 =====>>>> Time: 0.0209646
1, 11
 =====>>>> Time: 0.0156583
1, 12
 =====>>>> Time: 0.0137718
1, 13
 =====>>>> Time: 0.00892166
1, 14
 =====>>>> Time: 0.0119973
1, 15
 =====>>>> Time: 0.000157386
2, 3
 =====>>>> Time: 0.000615107
2, 4
 =====>>>> Time: 0.000525555
2, 5
 =====>>>> Time: 0.000387347
2, 6
 =====>>>> Time: 0.000135758
2, 7
 =====>>>> Time: 0.0226208
2, 8
 =====>>>> Time: 0.0222956
2, 9
 =====>>>> Time: 0.0263808
2, 10
 =====>>>> Time: 0.0136858
2, 11
 =====>>>> Time: 0.0120169
2, 12
 =====>>>> Time: 0.000717928
2, 13
 =====>>>> Time: 0.00980498
2, 14
 =====>>>> Time: 0.125935
2, 15
 =====>>>> Time: 0.00408102
3, 4
 =====>>>> Time: 0.00152275
3, 5
 =====>>>> Time: 0.000354385
3, 6
 =====>>>> Time: 0.000163882
3, 7
 =====>>>> Time: 0.000989134
3, 8
 =====>>>> Time: 0.00155696
3, 9
 =====>>>> Time: 0.00136584
3, 10
 =====>>>> Time: 0.00200905
3, 11
 =====>>>> Time: 0.00859616
3, 12
 =====>>>> Time: 0.0109905
3, 13
 =====>>>> Time: 0.0105957
3, 14
 =====>>>> Time: 0.119109
3, 15
 =====>>>> Time: 0.00562158
4, 5
 =====>>>> Time: 0.000625123
4, 6
 =====>>>> Time: 0.000198845
4, 7
 =====>>>> Time: 0.00187719
4, 8
 =====>>>> Time: 0.00244782
4, 9
 =====>>>> Time: 0.00253429
4, 10
 =====>>>> Time: 0.00558171
4, 11
 =====>>>> Time: 0.00883017
4, 12
 =====>>>> Time: 0.00934741
4, 13
 =====>>>> Time: 0.00788116
4, 14
 =====>>>> Time: 0.0613974
4, 15
 =====>>>> Time: 0.00564287
5, 6
 =====>>>> Time: 0.000197433
5, 7
 =====>>>> Time: 0.000310419
5, 8
 =====>>>> Time: 0.000547941
5, 9
 =====>>>> Time: 0.00254013
5, 10
 =====>>>> Time: 0.00574475
5, 11
 =====>>>> Time: 0.0193712
5, 12
 =====>>>> Time: 0.0225058
5, 13
 =====>>>> Time: 0.0181198
5, 14
 =====>>>> Time: 0.0693693
5, 15
 =====>>>> Time: 0.0116684
6, 7
 =====>>>> Time: 0.000313791
6, 8
 =====>>>> Time: 0.000441076
6, 9
 =====>>>> Time: 0.000399791
6, 10
 =====>>>> Time: 0.00279749
6, 11
 =====>>>> Time: 0.00985078
6, 12
 =====>>>> Time: 0.0240852
6, 13
 =====>>>> Time: 0.017111
6, 14
 =====>>>> Time: 0.119831
6, 15
 =====>>>> Time: 0.0291287
7, 8
 =====>>>> Time: 0.000412215
7, 9
 =====>>>> Time: 0.000292426
7, 10
 =====>>>> Time: 0.000770692
7, 11
 =====>>>> Time: 0.000939072
7, 12
 =====>>>> Time: 0.0039273
7, 13
 =====>>>> Time: 0.00996853
7, 14
 =====>>>> Time: 0.0779371
7, 15
 =====>>>> Time: 0.0136623
8, 9
 =====>>>> Time: 0.000319094
8, 10
 =====>>>> Time: 0.000201547
8, 11
 =====>>>> Time: 0.000238804
8, 12
 =====>>>> Time: 0.000650903
8, 13
 =====>>>> Time: 0.0112429
8, 14
 =====>>>> Time: 0.0659904
8, 15
 =====>>>> Time: 0.0144436
9, 10
 =====>>>> Time: 0.000222384
9, 11
 =====>>>> Time: 0.000188277
9, 12
 =====>>>> Time: 0.000740387
9, 13
 =====>>>> Time: 0.00946888
9, 14
 =====>>>> Time: 0.0466323
9, 15
 =====>>>> Time: 0.0275584
10, 11
 =====>>>> Time: 0.000143507
10, 12
 =====>>>> Time: 0.000757348
10, 13
 =====>>>> Time: 0.00629351
10, 14
 =====>>>> Time: 0.0246229
10, 15
 =====>>>> Time: 0.0149493
11, 12
 =====>>>> Time: 0.00058267
11, 13
 =====>>>> Time: 0.00156892
11, 14
 =====>>>> Time: 0.00154933
11, 15
 =====>>>> Time: 0.000756405
12, 13
 =====>>>> Time: 0.000625048
12, 14
 =====>>>> Time: 0.000588201
12, 15
 =====>>>> Time: 0.000636043
13, 14
 =====>>>> Time: 0.000570132
13, 15
 =====>>>> Time: 0.000486132
14, 15
 =====>>>> Time: 0.000476677
time: 0.0120065
===>> All Done!
