NPROCS=0
===>> Begin!
0, 1
 =====>>>> Time: 2.25582
0, 2
 =====>>>> Time: 2.89254
0, 3
 =====>>>> Time: 0.129533
0, 4
 =====>>>> Time: 2.24429
0, 5
 =====>>>> Time: 100.51
0, 6
 =====>>>> Time: 130.782
0, 7
 =====>>>> Time: 9.90181
0, 8
 =====>>>> Time: 9.57353
0, 9
 =====>>>> Time: 58.3734
0, 10
 =====>>>> Time: 65.6893
0, 11
 =====>>>> Time: 14.7173
0, 12
 =====>>>> Time: 11.8819
0, 13
 =====>>>> Time: 7.55513
0, 14
 =====>>>> Time: 2.44329
0, 15
 =====>>>> Time: 1.1766
1, 2
 =====>>>> Time: 2.27463
1, 3
 =====>>>> Time: 0.769927
1, 4
 =====>>>> Time: 9.44906
1, 5
 =====>>>> Time: 15.7892
1, 6
 =====>>>> Time: 24.678
1, 7
 =====>>>> Time: 10.6059
1, 8
 =====>>>> Time: 14.7066
1, 9
 =====>>>> Time: 11.4418
1, 10
 =====>>>> Time: 66.6257
1, 11
 =====>>>> Time: 30.3582
1, 12
 =====>>>> Time: 14.6599
1, 13
 =====>>>> Time: 50.965
1, 14
 =====>>>> Time: 0.276295
1, 15
 =====>>>> Time: 8.51261
2, 3
 =====>>>> Time: 0.729549
2, 4
 =====>>>> Time: 3.81893
2, 5
 =====>>>> Time: 2.32531
2, 6
 =====>>>> Time: 5.79789
2, 7
 =====>>>> Time: 7.99023
2, 8
 =====>>>> Time: 9.9735
2, 9
 =====>>>> Time: 22.3109
2, 10
 =====>>>> Time: 19.6383
2, 11
 =====>>>> Time: 68.2282
2, 12
 =====>>>> Time: 27.102
2, 13
 =====>>>> Time: 118.251
2, 14
 =====>>>> Time: 3.33039
2, 15
 =====>>>> Time: 16.2493
3, 4
 =====>>>> Time: 1.84534
3, 5
 =====>>>> Time: 1.39229
3, 6
 =====>>>> Time: 1.0508
3, 7
 =====>>>> Time: 2.93876
3, 8
 =====>>>> Time: 9.45213
3, 9
 =====>>>> Time: 12.2469
3, 10
 =====>>>> Time: 12.1737
3, 11
 =====>>>> Time: 16.3477
3, 12
 =====>>>> Time: 25.124
3, 13
 =====>>>> Time: 322.851
3, 14
 =====>>>> Time: 12.382
3, 15
 =====>>>> Time: 41.6777
4, 5
 =====>>>> Time: 1.36905
4, 6
 =====>>>> Time: 1.26631
4, 7
 =====>>>> Time: 3.51388
4, 8
 =====>>>> Time: 4.9173
4, 9
 =====>>>> Time: 11.2182
4, 10
 =====>>>> Time: 8.25235
4, 11
 =====>>>> Time: 12.8235
4, 12
 =====>>>> Time: 29.4896
4, 13
 =====>>>> Time: 98.1299
4, 14
 =====>>>> Time: 8.32782
4, 15
 =====>>>> Time: 63.5759
5, 6
 =====>>>> Time: 1.33247
5, 7
 =====>>>> Time: 1.50295
5, 8
 =====>>>> Time: 4.13911
5, 9
 =====>>>> Time: 17.7301
5, 10
 =====>>>> Time: 9.6225
5, 11
 =====>>>> Time: 12.0728
5, 12
 =====>>>> Time: 16.8124
5, 13
 =====>>>> Time: 148.51
5, 14
 =====>>>> Time: 3.33346
5, 15
 =====>>>> Time: 104.173
6, 7
 =====>>>> Time: 1.48503
6, 8
 =====>>>> Time: 0.709264
6, 9
 =====>>>> Time: 9.34729
6, 10
 =====>>>> Time: 18.1424
6, 11
 =====>>>> Time: 21.2105
6, 12
 =====>>>> Time: 19.9396
6, 13
 =====>>>> Time: 156.88
6, 14
 =====>>>> Time: 9.74683
6, 15
 =====>>>> Time: 207.262
7, 8
 =====>>>> Time: 1.54376
7, 9
 =====>>>> Time: 0.721354
7, 10
 =====>>>> Time: 1.12322
7, 11
 =====>>>> Time: 28.2679
7, 12
 =====>>>> Time: 33.7788
7, 13
 =====>>>> Time: 94.7928
7, 14
 =====>>>> Time: 8.0878
7, 15
 =====>>>> Time: 37.9897
8, 9
 =====>>>> Time: 0.762841
8, 10
 =====>>>> Time: 1.16977
8, 11
 =====>>>> Time: 0.995422
8, 12
 =====>>>> Time: 46.9344
8, 13
 =====>>>> Time: 165.457
8, 14
 =====>>>> Time: 19.3737
8, 15
 =====>>>> Time: 84.6758
9, 10
 =====>>>> Time: 1.09494
9, 11
 =====>>>> Time: 0.970851
9, 12
 =====>>>> Time: 17.5519
9, 13
 =====>>>> Time: 213.693
9, 14
 =====>>>> Time: 54.6873
9, 15
 =====>>>> Time: 171.224
10, 11
 =====>>>> Time: 0.955893
10, 12
 =====>>>> Time: 1.47996
10, 13
 =====>>>> Time: 44.9872
10, 14
 =====>>>> Time: 23.5686
10, 15
 =====>>>> Time: 184.102
11, 12
 =====>>>> Time: 1.40574
11, 13
 =====>>>> Time: 23.7563
11, 14
 =====>>>> Time: 8.45938
11, 15
 =====>>>> Time: 40.4375
12, 13
 =====>>>> Time: 7.25174
12, 14
 =====>>>> Time: 1.16696
12, 15
 =====>>>> Time: 5.5764
13, 14
 =====>>>> Time: 1.3875
13, 15
 =====>>>> Time: 5.45511
14, 15
 =====>>>> Time: 5.17291
time: 31.6113
===>> All Done!
