NPROCS=0
===>> Begin!
0, 1
 =====>>>> Time: 600
0, 2
 =====>>>> Time: 600
0, 3
 =====>>>> Time: 600
0, 4
 =====>>>> Time: 600
0, 5
 =====>>>> Time: 600
0, 6
 =====>>>> Time: 600
0, 7
 =====>>>> Time: 600
0, 8
 =====>>>> Time: 600
0, 9
 =====>>>> Time: 600
0, 10
 =====>>>> Time: 600
0, 11
 =====>>>> Time: 600
0, 12
 =====>>>> Time: 600
0, 13
 =====>>>> Time: 600
0, 14
 =====>>>> Time: 600
0, 15
 =====>>>> Time: 600
1, 2
 =====>>>> Time: 600
1, 3
 =====>>>> Time: 600
1, 4
 =====>>>> Time: 600
1, 5
 =====>>>> Time: 600
1, 6
 =====>>>> Time: 600
1, 7
 =====>>>> Time: 600
1, 8
 =====>>>> Time: 600
1, 9
