NPROCS=0
===>> Begin!
0, 1
 =====>>>> Time: 0.000750747
0, 2
 =====>>>> Time: 0.000580462
0, 3
 =====>>>> Time: 0.00371837
0, 4
 =====>>>> Time: 0.00549982
0, 5
 =====>>>> Time: 1.19841
0, 6
 =====>>>> Time: 1.1156
0, 7
 =====>>>> Time: 0.0328999
0, 8
 =====>>>> Time: 0.0322682
0, 9
 =====>>>> Time: 0.0532149
0, 10
 =====>>>> Time: 0.0233893
0, 11
 =====>>>> Time: 0.0127564
0, 12
 =====>>>> Time: 0.00275877
0, 13
 =====>>>> Time: 0.000341953
0, 14
 =====>>>> Time: 0.00028518
0, 15
 =====>>>> Time: 0.000125385
1, 2
 =====>>>> Time: 0.000285314
1, 3
 =====>>>> Time: 0.000242071
1, 4
 =====>>>> Time: 0.000284069
1, 5
 =====>>>> Time: 0.00170671
1, 6
 =====>>>> Time: 0.00254727
1, 7
 =====>>>> Time: 0.0238536
1, 8
 =====>>>> Time: 0.0468394
1, 9
 =====>>>> Time: 0.0788806
1, 10
 =====>>>> Time: 0.0161936
1, 11
 =====>>>> Time: 0.0223419
1, 12
 =====>>>> Time: 1.17363
1, 13
 =====>>>> Time: 0.641233
1, 14
 =====>>>> Time: 0.000252042
1, 15
 =====>>>> Time: 0.000112665
2, 3
 =====>>>> Time: 0.00020749
2, 4
 =====>>>> Time: 0.000253572
2, 5
 =====>>>> Time: 0.000403028
2, 6
 =====>>>> Time: 0.00334391
2, 7
 =====>>>> Time: 0.0191841
2, 8
 =====>>>> Time: 0.0213328
2, 9
 =====>>>> Time: 0.062576
2, 10
 =====>>>> Time: 0.016881
2, 11
 =====>>>> Time: 0.0140294
2, 12
 =====>>>> Time: 0.901445
2, 13
 =====>>>> Time: 0.772459
2, 14
 =====>>>> Time: 0.0122815
2, 15
 =====>>>> Time: 0.00144601
3, 4
 =====>>>> Time: 0.000429228
3, 5
 =====>>>> Time: 0.000440956
3, 6
 =====>>>> Time: 0.000160885
3, 7
 =====>>>> Time: 0.00151531
3, 8
 =====>>>> Time: 0.0163158
3, 9
 =====>>>> Time: 0.0335169
3, 10
 =====>>>> Time: 0.0111003
3, 11
 =====>>>> Time: 0.00990837
3, 12
 =====>>>> Time: 0.673902
3, 13
 =====>>>> Time: 0.382446
3, 14
 =====>>>> Time: 0.0157017
3, 15
 =====>>>> Time: 0.00398826
4, 5
 =====>>>> Time: 0.000673586
4, 6
 =====>>>> Time: 0.000266039
4, 7
 =====>>>> Time: 0.00163748
4, 8
 =====>>>> Time: 0.00183346
4, 9
 =====>>>> Time: 0.00563678
4, 10
 =====>>>> Time: 0.00931878
4, 11
 =====>>>> Time: 0.0140549
4, 12
 =====>>>> Time: 0.922144
4, 13
 =====>>>> Time: 0.616863
4, 14
 =====>>>> Time: 0.0301233
4, 15
 =====>>>> Time: 0.0184223
5, 6
 =====>>>> Time: 0.000299154
5, 7
 =====>>>> Time: 0.000381389
5, 8
 =====>>>> Time: 0.000383285
5, 9
 =====>>>> Time: 0.00521673
5, 10
 =====>>>> Time: 0.0187048
5, 11
 =====>>>> Time: 0.0170566
5, 12
 =====>>>> Time: 0.506455
5, 13
 =====>>>> Time: 0.397352
5, 14
 =====>>>> Time: 0.0173133
5, 15
 =====>>>> Time: 0.00911222
6, 7
 =====>>>> Time: 0.000403183
6, 8
 =====>>>> Time: 0.000312059
6, 9
 =====>>>> Time: 0.000315077
6, 10
 =====>>>> Time: 0.0185322
6, 11
 =====>>>> Time: 0.0271206
6, 12
 =====>>>> Time: 0.463764
6, 13
 =====>>>> Time: 2.34622
6, 14
 =====>>>> Time: 0.0870446
6, 15
 =====>>>> Time: 0.030859
7, 8
 =====>>>> Time: 0.000228003
7, 9
 =====>>>> Time: 0.000294348
7, 10
 =====>>>> Time: 0.000261754
7, 11
 =====>>>> Time: 0.0108223
7, 12
 =====>>>> Time: 0.286737
7, 13
 =====>>>> Time: 0.293414
7, 14
 =====>>>> Time: 0.0284494
7, 15
 =====>>>> Time: 0.0166061
8, 9
 =====>>>> Time: 0.000276975
8, 10
 =====>>>> Time: 0.000251328
8, 11
 =====>>>> Time: 0.0002555
8, 12
 =====>>>> Time: 0.000585519
8, 13
 =====>>>> Time: 0.253023
8, 14
 =====>>>> Time: 0.170579
8, 15
 =====>>>> Time: 0.0211148
9, 10
 =====>>>> Time: 0.000256488
9, 11
 =====>>>> Time: 0.000293621
9, 12
 =====>>>> Time: 0.000669542
9, 13
 =====>>>> Time: 0.00131102
9, 14
 =====>>>> Time: 0.0177271
9, 15
 =====>>>> Time: 0.0218397
10, 11
 =====>>>> Time: 0.000286172
10, 12
 =====>>>> Time: 0.000669381
10, 13
 =====>>>> Time: 0.00138399
10, 14
 =====>>>> Time: 0.00349551
10, 15
 =====>>>> Time: 0.0126047
11, 12
 =====>>>> Time: 0.000561973
11, 13
 =====>>>> Time: 0.00200713
11, 14
 =====>>>> Time: 0.00311872
11, 15
 =====>>>> Time: 0.00433086
12, 13
 =====>>>> Time: 0.000814212
12, 14
 =====>>>> Time: 0.000455854
12, 15
 =====>>>> Time: 0.000345468
13, 14
 =====>>>> Time: 0.000392928
13, 15
 =====>>>> Time: 0.000254828
14, 15
 =====>>>> Time: 0.000218707
time: 0.11825
===>> All Done!
