NPROCS=0
===>> Begin!
0, 1
 =====>>>> Time: 5.8782e-05
0, 2
 =====>>>> Time: 1.928e-05
0, 3
 =====>>>> Time: 2.6598e-05
0, 4
 =====>>>> Time: 4.4019e-05
0, 5
 =====>>>> Time: 0.0330723
0, 6
 =====>>>> Time: 0.0147973
0, 7
 =====>>>> Time: 0.0132784
0, 8
 =====>>>> Time: 0.00154749
0, 9
 =====>>>> Time: 0.000124902
0, 10
 =====>>>> Time: 0.000134835
0, 11
 =====>>>> Time: 0.000860448
0, 12
 =====>>>> Time: 0.000689185
0, 13
 =====>>>> Time: 7.7188e-05
0, 14
 =====>>>> Time: 3.7005e-05
0, 15
 =====>>>> Time: 2.259e-05
1, 2
 =====>>>> Time: 1.9883e-05
1, 3
 =====>>>> Time: 2.1876e-05
1, 4
 =====>>>> Time: 3.808e-05
1, 5
 =====>>>> Time: 6.4296e-05
1, 6
 =====>>>> Time: 0.000447817
1, 7
 =====>>>> Time: 0.000564321
1, 8
 =====>>>> Time: 0.000374308
1, 9
 =====>>>> Time: 0.000583581
1, 10
 =====>>>> Time: 0.000356423
1, 11
 =====>>>> Time: 0.0010059
1, 12
 =====>>>> Time: 0.0158871
1, 13
 =====>>>> Time: 0.0035172
1, 14
 =====>>>> Time: 3.761e-05
1, 15
 =====>>>> Time: 1.6221e-05
2, 3
 =====>>>> Time: 2.1893e-05
2, 4
 =====>>>> Time: 3.8904e-05
2, 5
 =====>>>> Time: 8.1121e-05
2, 6
 =====>>>> Time: 3.9937e-05
2, 7
 =====>>>> Time: 0.000486657
2, 8
 =====>>>> Time: 0.000507529
2, 9
 =====>>>> Time: 0.000453421
2, 10
 =====>>>> Time: 0.000267304
2, 11
 =====>>>> Time: 0.00123794
2, 12
 =====>>>> Time: 0.0142611
2, 13
 =====>>>> Time: 0.00337001
2, 14
 =====>>>> Time: 0.00101673
2, 15
 =====>>>> Time: 2.3572e-05
3, 4
 =====>>>> Time: 0.000139889
3, 5
 =====>>>> Time: 0.000123853
3, 6
 =====>>>> Time: 5.9045e-05
3, 7
 =====>>>> Time: 0.000157069
3, 8
 =====>>>> Time: 0.000199225
3, 9
 =====>>>> Time: 0.000352685
3, 10
 =====>>>> Time: 8.6743e-05
3, 11
 =====>>>> Time: 8.2971e-05
3, 12
 =====>>>> Time: 0.00801185
3, 13
 =====>>>> Time: 0.00301826
3, 14
 =====>>>> Time: 0.00256767
3, 15
 =====>>>> Time: 0.00159887
4, 5
 =====>>>> Time: 0.000137979
4, 6
 =====>>>> Time: 4.8349e-05
4, 7
 =====>>>> Time: 0.000212373
4, 8
 =====>>>> Time: 0.000213266
4, 9
 =====>>>> Time: 0.000394623
4, 10
 =====>>>> Time: 8.7551e-05
4, 11
 =====>>>> Time: 8.5826e-05
4, 12
 =====>>>> Time: 0.00742918
4, 13
 =====>>>> Time: 0.00288642
4, 14
 =====>>>> Time: 0.00267903
4, 15
 =====>>>> Time: 7.6379e-05
5, 6
 =====>>>> Time: 7.1473e-05
5, 7
 =====>>>> Time: 1.474e-05
5, 8
 =====>>>> Time: 2.7627e-05
5, 9
 =====>>>> Time: 3.897e-05
5, 10
 =====>>>> Time: 0.000755365
5, 11
 =====>>>> Time: 0.00164693
5, 12
 =====>>>> Time: 0.0227866
5, 13
 =====>>>> Time: 0.00458635
5, 14
 =====>>>> Time: 0.00399566
5, 15
 =====>>>> Time: 0.00174469
6, 7
 =====>>>> Time: 1.3995e-05
6, 8
 =====>>>> Time: 2.6255e-05
6, 9
 =====>>>> Time: 3.4745e-05
6, 10
 =====>>>> Time: 3.7037e-05
6, 11
 =====>>>> Time: 0.00211315
6, 12
 =====>>>> Time: 0.0210304
6, 13
 =====>>>> Time: 0.0131932
6, 14
 =====>>>> Time: 0.00306011
6, 15
 =====>>>> Time: 0.00151749
7, 8
 =====>>>> Time: 5.7645e-05
7, 9
 =====>>>> Time: 3.4001e-05
7, 10
 =====>>>> Time: 3.8914e-05
7, 11
 =====>>>> Time: 1.8338e-05
7, 12
 =====>>>> Time: 0.000650573
7, 13
 =====>>>> Time: 0.000689671
7, 14
 =====>>>> Time: 0.00635915
7, 15
 =====>>>> Time: 0.0027659
8, 9
 =====>>>> Time: 3.4731e-05
8, 10
 =====>>>> Time: 3.91e-05
8, 11
 =====>>>> Time: 1.8384e-05
8, 12
 =====>>>> Time: 1.9693e-05
8, 13
 =====>>>> Time: 0.000315468
8, 14
 =====>>>> Time: 0.00590835
8, 15
 =====>>>> Time: 0.00251783
9, 10
 =====>>>> Time: 3.8294e-05
9, 11
 =====>>>> Time: 1.7799e-05
9, 12
 =====>>>> Time: 2.0039e-05
9, 13
 =====>>>> Time: 0.000243813
9, 14
 =====>>>> Time: 0.000297688
9, 15
 =====>>>> Time: 0.0057852
10, 11
 =====>>>> Time: 1.842e-05
10, 12
 =====>>>> Time: 1.908e-05
10, 13
 =====>>>> Time: 2.923e-05
10, 14
 =====>>>> Time: 0.000110623
10, 15
 =====>>>> Time: 0.00637524
11, 12
 =====>>>> Time: 1.9392e-05
11, 13
 =====>>>> Time: 2.9237e-05
11, 14
 =====>>>> Time: 0.000143628
11, 15
 =====>>>> Time: 0.000255092
12, 13
 =====>>>> Time: 6.808e-06
12, 14
 =====>>>> Time: 1.0754e-05
12, 15
 =====>>>> Time: 2.1121e-05
13, 14
 =====>>>> Time: 1.031e-05
13, 15
 =====>>>> Time: 2.0794e-05
14, 15
 =====>>>> Time: 5.5761e-05
time: 0.00208226
===>> All Done!
