NPROCS=0
===>> Begin!
0, 1
 =====>>>> Time: 0.000151124
0, 2
 =====>>>> Time: 6.4883e-05
0, 3
 =====>>>> Time: 0.00337394
0, 4
 =====>>>> Time: 0.00381741
0, 5
 =====>>>> Time: 0.0109738
0, 6
 =====>>>> Time: 0.0119651
0, 7
 =====>>>> Time: 0.0142174
0, 8
 =====>>>> Time: 0.00605356
0, 9
 =====>>>> Time: 0.0116604
0, 10
 =====>>>> Time: 0.00126929
0, 11
 =====>>>> Time: 0.00135135
0, 12
 =====>>>> Time: 0.0010423
0, 13
 =====>>>> Time: 0.000125665
0, 14
 =====>>>> Time: 0.000142448
0, 15
 =====>>>> Time: 5.204e-05
1, 2
 =====>>>> Time: 4.6289e-05
1, 3
 =====>>>> Time: 0.000130187
1, 4
 =====>>>> Time: 0.000181957
1, 5
 =====>>>> Time: 0.000107944
1, 6
 =====>>>> Time: 0.00109243
1, 7
 =====>>>> Time: 0.0108491
1, 8
 =====>>>> Time: 0.0177944
1, 9
 =====>>>> Time: 0.0208818
1, 10
 =====>>>> Time: 0.0162453
1, 11
 =====>>>> Time: 0.0113785
1, 12
 =====>>>> Time: 0.0117932
1, 13
 =====>>>> Time: 0.00573971
1, 14
 =====>>>> Time: 0.000726074
1, 15
 =====>>>> Time: 5.5076e-05
2, 3
 =====>>>> Time: 0.000159495
2, 4
 =====>>>> Time: 0.000204394
2, 5
 =====>>>> Time: 0.000145618
2, 6
 =====>>>> Time: 4.674e-05
2, 7
 =====>>>> Time: 0.0159478
2, 8
 =====>>>> Time: 0.0140308
2, 9
 =====>>>> Time: 0.0185117
2, 10
 =====>>>> Time: 0.00191926
2, 11
 =====>>>> Time: 0.00635524
2, 12
 =====>>>> Time: 0.000120594
2, 13
 =====>>>> Time: 0.00651432
2, 14
 =====>>>> Time: 0.0792467
2, 15
 =====>>>> Time: 0.000883099
3, 4
 =====>>>> Time: 0.00113061
3, 5
 =====>>>> Time: 0.000161009
3, 6
 =====>>>> Time: 4.3246e-05
3, 7
 =====>>>> Time: 0.000449683
3, 8
 =====>>>> Time: 0.000913414
3, 9
 =====>>>> Time: 0.000926002
3, 10
 =====>>>> Time: 0.000850643
3, 11
 =====>>>> Time: 0.00106567
3, 12
 =====>>>> Time: 0.00178391
3, 13
 =====>>>> Time: 0.00632421
3, 14
 =====>>>> Time: 0.0661864
3, 15
 =====>>>> Time: 0.00183742
4, 5
 =====>>>> Time: 0.000292661
4, 6
 =====>>>> Time: 6.9641e-05
4, 7
 =====>>>> Time: 0.000813924
4, 8
 =====>>>> Time: 0.00126685
4, 9
 =====>>>> Time: 0.00137143
4, 10
 =====>>>> Time: 0.0024878
4, 11
 =====>>>> Time: 0.0016877
4, 12
 =====>>>> Time: 0.00123929
4, 13
 =====>>>> Time: 0.00474545
4, 14
 =====>>>> Time: 0.0368793
4, 15
 =====>>>> Time: 0.00163216
5, 6
 =====>>>> Time: 4.6626e-05
5, 7
 =====>>>> Time: 8.9355e-05
5, 8
 =====>>>> Time: 0.000130697
5, 9
 =====>>>> Time: 0.0013434
5, 10
 =====>>>> Time: 0.00275418
5, 11
 =====>>>> Time: 0.013463
5, 12
 =====>>>> Time: 0.01515
5, 13
 =====>>>> Time: 0.0116693
5, 14
 =====>>>> Time: 0.0396001
5, 15
 =====>>>> Time: 0.00521518
6, 7
 =====>>>> Time: 7.7026e-05
6, 8
 =====>>>> Time: 0.000116206
6, 9
 =====>>>> Time: 4.6211e-05
6, 10
 =====>>>> Time: 0.00128398
6, 11
 =====>>>> Time: 0.00268105
6, 12
 =====>>>> Time: 0.0145804
6, 13
 =====>>>> Time: 0.0110703
6, 14
 =====>>>> Time: 0.0919443
6, 15
 =====>>>> Time: 0.0209909
7, 8
 =====>>>> Time: 0.000164717
7, 9
 =====>>>> Time: 6.0282e-05
7, 10
 =====>>>> Time: 0.000196092
7, 11
 =====>>>> Time: 0.000422665
7, 12
 =====>>>> Time: 0.000980645
7, 13
 =====>>>> Time: 0.00511972
7, 14
 =====>>>> Time: 0.0455765
7, 15
 =====>>>> Time: 0.00808625
8, 9
 =====>>>> Time: 8.7731e-05
8, 10
 =====>>>> Time: 6.3273e-05
8, 11
 =====>>>> Time: 7.4645e-05
8, 12
 =====>>>> Time: 0.000286242
8, 13
 =====>>>> Time: 0.0064691
8, 14
 =====>>>> Time: 0.0380455
8, 15
 =====>>>> Time: 0.00900509
9, 10
 =====>>>> Time: 8.5427e-05
9, 11
 =====>>>> Time: 7.487e-05
9, 12
 =====>>>> Time: 0.000332166
9, 13
 =====>>>> Time: 0.00128177
9, 14
 =====>>>> Time: 0.00163867
9, 15
 =====>>>> Time: 0.0183218
10, 11
 =====>>>> Time: 7.6623e-05
10, 12
 =====>>>> Time: 0.000334708
10, 13
 =====>>>> Time: 0.000876612
10, 14
 =====>>>> Time: 0.00143962
10, 15
 =====>>>> Time: 0.0085301
11, 12
 =====>>>> Time: 0.000165124
11, 13
 =====>>>> Time: 0.000594705
11, 14
 =====>>>> Time: 0.000711666
11, 15
 =====>>>> Time: 0.000606136
12, 13
 =====>>>> Time: 0.000152808
12, 14
 =====>>>> Time: 0.000149946
12, 15
 =====>>>> Time: 0.000266748
13, 14
 =====>>>> Time: 0.000281314
13, 15
 =====>>>> Time: 0.000204999
14, 15
 =====>>>> Time: 0.000235218
time: 0.00687315
===>> All Done!
