NPROCS=0
===>> Begin!
0, 1
 =====>>>> Time: 0.208645
0, 2
 =====>>>> Time: 0.0161906
0, 3
 =====>>>> Time: 0.10564
0, 4
 =====>>>> Time: 0.0931561
0, 5
 =====>>>> Time: 4.53228
0, 6
 =====>>>> Time: 4.69709
0, 7
 =====>>>> Time: 0.479391
0, 8
 =====>>>> Time: 0.457755
0, 9
 =====>>>> Time: 1.32347
0, 10
 =====>>>> Time: 0.584759
0, 11
 =====>>>> Time: 0.709706
0, 12
 =====>>>> Time: 2.63039
0, 13
 =====>>>> Time: 0.256122
0, 14
 =====>>>> Time: 0.259978
0, 15
 =====>>>> Time: 0.158485
1, 2
 =====>>>> Time: 0.150084
1, 3
 =====>>>> Time: 0.105372
1, 4
 =====>>>> Time: 0.143446
1, 5
 =====>>>> Time: 0.264294
1, 6
 =====>>>> Time: 0.45892
1, 7
 =====>>>> Time: 0.357167
1, 8
 =====>>>> Time: 0.709149
1, 9
 =====>>>> Time: 1.75159
1, 10
 =====>>>> Time: 0.318669
1, 11
 =====>>>> Time: 0.801759
1, 12
 =====>>>> Time: 5.42236
1, 13
 =====>>>> Time: 4.53667
1, 14
 =====>>>> Time: 0.0353343
1, 15
 =====>>>> Time: 0.100976
2, 3
 =====>>>> Time: 0.0778953
2, 4
 =====>>>> Time: 0.112513
2, 5
 =====>>>> Time: 0.093391
2, 6
 =====>>>> Time: 0.320806
2, 7
 =====>>>> Time: 0.365161
2, 8
 =====>>>> Time: 0.480251
2, 9
 =====>>>> Time: 1.66737
2, 10
 =====>>>> Time: 0.288553
2, 11
 =====>>>> Time: 0.451017
2, 12
 =====>>>> Time: 4.3772
2, 13
 =====>>>> Time: 3.98109
2, 14
 =====>>>> Time: 0.144411
2, 15
 =====>>>> Time: 0.342155
3, 4
 =====>>>> Time: 0.118212
3, 5
 =====>>>> Time: 0.0960322
3, 6
 =====>>>> Time: 0.0834526
3, 7
 =====>>>> Time: 0.241449
3, 8
 =====>>>> Time: 0.3597
3, 9
 =====>>>> Time: 1.10237
3, 10
 =====>>>> Time: 0.283933
3, 11
 =====>>>> Time: 0.267811
3, 12
 =====>>>> Time: 4.16449
3, 13
 =====>>>> Time: 108.429
3, 14
 =====>>>> Time: 0.199304
3, 15
 =====>>>> Time: 0.555419
4, 5
 =====>>>> Time: 0.0943639
4, 6
 =====>>>> Time: 0.0884322
4, 7
 =====>>>> Time: 0.250019
4, 8
 =====>>>> Time: 0.272888
4, 9
 =====>>>> Time: 0.921785
4, 10
 =====>>>> Time: 0.2492
4, 11
 =====>>>> Time: 0.324821
4, 12
 =====>>>> Time: 5.56618
4, 13
 =====>>>> Time: 4.37282
4, 14
 =====>>>> Time: 0.286418
4, 15
 =====>>>> Time: 1.25103
5, 6
 =====>>>> Time: 0.0839373
5, 7
 =====>>>> Time: 0.121218
5, 8
 =====>>>> Time: 0.128583
5, 9
 =====>>>> Time: 0.906248
5, 10
 =====>>>> Time: 0.427589
5, 11
 =====>>>> Time: 0.368617
5, 12
 =====>>>> Time: 3.51548
5, 13
 =====>>>> Time: 2.87533
5, 14
 =====>>>> Time: 0.229643
5, 15
 =====>>>> Time: 0.57707
6, 7
 =====>>>> Time: 0.11587
6, 8
 =====>>>> Time: 0.129006
6, 9
 =====>>>> Time: 0.19659
6, 10
 =====>>>> Time: 0.451085
6, 11
 =====>>>> Time: 0.622213
6, 12
 =====>>>> Time: 3.39722
6, 13
 =====>>>> Time: 5.6989
6, 14
 =====>>>> Time: 0.497987
6, 15
 =====>>>> Time: 1.22018
7, 8
 =====>>>> Time: 0.126575
7, 9
 =====>>>> Time: 0.189173
7, 10
 =====>>>> Time: 0.0900026
7, 11
 =====>>>> Time: 0.299672
7, 12
 =====>>>> Time: 3.16379
7, 13
 =====>>>> Time: 3.26895
7, 14
 =====>>>> Time: 0.453214
7, 15
 =====>>>> Time: 0.952005
8, 9
 =====>>>> Time: 0.204632
8, 10
 =====>>>> Time: 0.101807
8, 11
 =====>>>> Time: 0.0980878
8, 12
 =====>>>> Time: 0.984871
8, 13
 =====>>>> Time: 3.00981
8, 14
 =====>>>> Time: 0.455017
8, 15
 =====>>>> Time: 1.27971
9, 10
 =====>>>> Time: 0.0914674
9, 11
 =====>>>> Time: 0.0884411
9, 12
 =====>>>> Time: 0.888136
9, 13
 =====>>>> Time: 1.3904
9, 14
 =====>>>> Time: 0.335932
9, 15
 =====>>>> Time: 1.25485
10, 11
 =====>>>> Time: 0.0853324
10, 12
 =====>>>> Time: 0.681489
10, 13
 =====>>>> Time: 1.15605
10, 14
 =====>>>> Time: 0.316567
10, 15
 =====>>>> Time: 0.833241
11, 12
 =====>>>> Time: 0.4908
11, 13
 =====>>>> Time: 0.977663
11, 14
 =====>>>> Time: 0.306515
11, 15
 =====>>>> Time: 0.49349
12, 13
 =====>>>> Time: 0.619888
12, 14
 =====>>>> Time: 0.196547
12, 15
 =====>>>> Time: 0.221571
13, 14
 =====>>>> Time: 0.198712
13, 15
 =====>>>> Time: 0.184
14, 15
 =====>>>> Time: 0.189777
time: 1.84325
===>> All Done!
