NPROCS=0
===>> Begin!
0, 1
 =====>>>> Time: 0.000393051
0, 2
 =====>>>> Time: 0.000113282
0, 3
 =====>>>> Time: 0.00191344
0, 4
 =====>>>> Time: 0.00299668
0, 5
 =====>>>> Time: 0.792374
0, 6
 =====>>>> Time: 1.19914
0, 7
 =====>>>> Time: 0.0103389
0, 8
 =====>>>> Time: 0.0105243
0, 9
 =====>>>> Time: 0.0213503
0, 10
 =====>>>> Time: 0.00934417
0, 11
 =====>>>> Time: 0.00138554
0, 12
 =====>>>> Time: 0.00108599
0, 13
 =====>>>> Time: 5.6936e-05
0, 14
 =====>>>> Time: 2.4144e-05
0, 15
 =====>>>> Time: 5.693e-05
1, 2
 =====>>>> Time: 5.9605e-05
1, 3
 =====>>>> Time: 9.3019e-05
1, 4
 =====>>>> Time: 0.000155803
1, 5
 =====>>>> Time: 0.000739477
1, 6
 =====>>>> Time: 0.0015295
1, 7
 =====>>>> Time: 0.01251
1, 8
 =====>>>> Time: 0.0202401
1, 9
 =====>>>> Time: 0.0372851
1, 10
 =====>>>> Time: 0.0071171
1, 11
 =====>>>> Time: 0.0108027
1, 12
 =====>>>> Time: 0.704881
1, 13
 =====>>>> Time: 0.334225
1, 14
 =====>>>> Time: 2.4307e-05
1, 15
 =====>>>> Time: 5.6738e-05
2, 3
 =====>>>> Time: 9.5172e-05
2, 4
 =====>>>> Time: 0.000157517
2, 5
 =====>>>> Time: 0.000172771
2, 6
 =====>>>> Time: 0.00154289
2, 7
 =====>>>> Time: 0.00166136
2, 8
 =====>>>> Time: 0.00201272
2, 9
 =====>>>> Time: 0.0413952
2, 10
 =====>>>> Time: 0.0110918
2, 11
 =====>>>> Time: 0.00983807
2, 12
 =====>>>> Time: 0.56152
2, 13
 =====>>>> Time: 0.435555
2, 14
 =====>>>> Time: 0.0166718
2, 15
 =====>>>> Time: 0.00106571
3, 4
 =====>>>> Time: 0.00140789
3, 5
 =====>>>> Time: 0.000586433
3, 6
 =====>>>> Time: 0.000100464
3, 7
 =====>>>> Time: 0.00145323
3, 8
 =====>>>> Time: 0.00264494
3, 9
 =====>>>> Time: 0.00447079
3, 10
 =====>>>> Time: 0.00277005
3, 11
 =====>>>> Time: 0.00139376
3, 12
 =====>>>> Time: 0.396493
3, 13
 =====>>>> Time: 0.120164
3, 14
 =====>>>> Time: 0.00521887
3, 15
 =====>>>> Time: 0.00155026
4, 5
 =====>>>> Time: 0.00035816
4, 6
 =====>>>> Time: 4.4418e-05
4, 7
 =====>>>> Time: 0.000459442
4, 8
 =====>>>> Time: 0.000698476
4, 9
 =====>>>> Time: 0.00222202
4, 10
 =====>>>> Time: 0.00110417
4, 11
 =====>>>> Time: 0.00121068
4, 12
 =====>>>> Time: 0.605229
4, 13
 =====>>>> Time: 0.311409
4, 14
 =====>>>> Time: 0.0152213
4, 15
 =====>>>> Time: 0.00724137
5, 6
 =====>>>> Time: 4.5653e-05
5, 7
 =====>>>> Time: 1.039e-05
5, 8
 =====>>>> Time: 5.8797e-05
5, 9
 =====>>>> Time: 0.00212176
5, 10
 =====>>>> Time: 0.00770175
5, 11
 =====>>>> Time: 0.00227913
5, 12
 =====>>>> Time: 0.00110921
5, 13
 =====>>>> Time: 0.172305
5, 14
 =====>>>> Time: 0.000242853
5, 15
 =====>>>> Time: 0.000127279
6, 7
 =====>>>> Time: 1.055e-05
6, 8
 =====>>>> Time: 6.0296e-05
6, 9
 =====>>>> Time: 5.2e-05
6, 10
 =====>>>> Time: 0.0035892
6, 11
 =====>>>> Time: 0.0136365
6, 12
 =====>>>> Time: 0.26665
6, 13
 =====>>>> Time: 0.194272
6, 14
 =====>>>> Time: 0.0182648
6, 15
 =====>>>> Time: 0.0116291
7, 8
 =====>>>> Time: 0.000112347
7, 9
 =====>>>> Time: 4.522e-05
7, 10
 =====>>>> Time: 5.127e-05
7, 11
 =====>>>> Time: 0.00106915
7, 12
 =====>>>> Time: 0.00237025
7, 13
 =====>>>> Time: 0.127454
7, 14
 =====>>>> Time: 0.0127843
7, 15
 =====>>>> Time: 0.00644716
8, 9
 =====>>>> Time: 6.9118e-05
8, 10
 =====>>>> Time: 6.1012e-05
8, 11
 =====>>>> Time: 0.000114247
8, 12
 =====>>>> Time: 0.000225561
8, 13
 =====>>>> Time: 0.11274
8, 14
 =====>>>> Time: 0.0147241
8, 15
 =====>>>> Time: 0.00766567
9, 10
 =====>>>> Time: 4.7245e-05
9, 11
 =====>>>> Time: 0.000100304
9, 12
 =====>>>> Time: 0.00031367
9, 13
 =====>>>> Time: 0.000663581
9, 14
 =====>>>> Time: 0.00177196
9, 15
 =====>>>> Time: 0.00909375
10, 11
 =====>>>> Time: 0.000100491
10, 12
 =====>>>> Time: 0.000345959
10, 13
 =====>>>> Time: 0.00077139
10, 14
 =====>>>> Time: 0.00117104
10, 15
 =====>>>> Time: 0.00229537
11, 12
 =====>>>> Time: 4.7746e-05
11, 13
 =====>>>> Time: 0.000555879
11, 14
 =====>>>> Time: 0.00100596
11, 15
 =====>>>> Time: 0.00121774
12, 13
 =====>>>> Time: 9.6305e-05
12, 14
 =====>>>> Time: 6.2747e-05
12, 15
 =====>>>> Time: 3.9206e-05
13, 14
 =====>>>> Time: 4.2352e-05
13, 15
 =====>>>> Time: 3.2877e-05
14, 15
 =====>>>> Time: 2.9295e-05
time: 0.0562246
===>> All Done!
