NPROCS=0
===>> Begin!
0, 1
 =====>>>> Time: 0.00013547
0, 2
 =====>>>> Time: 0.00049634
0, 3
 =====>>>> Time: 0.000318468
0, 4
 =====>>>> Time: 0.000486043
0, 5
 =====>>>> Time: 0.0104101
0, 6
 =====>>>> Time: 0.00949837
0, 7
 =====>>>> Time: 0.0418164
0, 8
 =====>>>> Time: 0.00680699
0, 9
 =====>>>> Time: 0.0165172
0, 10
 =====>>>> Time: 0.0062394
0, 11
 =====>>>> Time: 0.00463001
0, 12
 =====>>>> Time: 0.00103139
0, 13
 =====>>>> Time: 0.000306135
0, 14
 =====>>>> Time: 0.000290427
0, 15
 =====>>>> Time: 0.000103474
1, 2
 =====>>>> Time: 9.5698e-05
1, 3
 =====>>>> Time: 0.000187182
1, 4
 =====>>>> Time: 0.000210339
1, 5
 =====>>>> Time: 0.000172423
1, 6
 =====>>>> Time: 0.00318659
1, 7
 =====>>>> Time: 0.00809465
1, 8
 =====>>>> Time: 0.0203937
1, 9
 =====>>>> Time: 0.0270808
1, 10
 =====>>>> Time: 0.0166468
1, 11
 =====>>>> Time: 0.00419721
1, 12
 =====>>>> Time: 0.00502695
1, 13
 =====>>>> Time: 0.0262369
1, 14
 =====>>>> Time: 0.00309747
1, 15
 =====>>>> Time: 0.000141709
2, 3
 =====>>>> Time: 0.000270015
2, 4
 =====>>>> Time: 0.000241877
2, 5
 =====>>>> Time: 0.000183185
2, 6
 =====>>>> Time: 0.00180727
2, 7
 =====>>>> Time: 0.00820834
2, 8
 =====>>>> Time: 0.0171731
2, 9
 =====>>>> Time: 0.0205265
2, 10
 =====>>>> Time: 0.0134904
2, 11
 =====>>>> Time: 0.006596
2, 12
 =====>>>> Time: 0.0056551
2, 13
 =====>>>> Time: 0.0226579
2, 14
 =====>>>> Time: 0.00340585
2, 15
 =====>>>> Time: 0.000114961
3, 4
 =====>>>> Time: 0.000564655
3, 5
 =====>>>> Time: 0.000159851
3, 6
 =====>>>> Time: 0.000139467
3, 7
 =====>>>> Time: 0.000546772
3, 8
 =====>>>> Time: 0.000671156
3, 9
 =====>>>> Time: 0.000981492
3, 10
 =====>>>> Time: 0.0008844
3, 11
 =====>>>> Time: 0.00324785
3, 12
 =====>>>> Time: 0.000565499
3, 13
 =====>>>> Time: 0.0181286
3, 14
 =====>>>> Time: 0.0216169
3, 15
 =====>>>> Time: 0.0024224
4, 5
 =====>>>> Time: 0.000289528
4, 6
 =====>>>> Time: 0.000183937
4, 7
 =====>>>> Time: 0.000834036
4, 8
 =====>>>> Time: 0.00167677
4, 9
 =====>>>> Time: 0.000485644
4, 10
 =====>>>> Time: 0.00133779
4, 11
 =====>>>> Time: 0.00359589
4, 12
 =====>>>> Time: 0.000715324
4, 13
 =====>>>> Time: 0.0149988
4, 14
 =====>>>> Time: 0.0207754
4, 15
 =====>>>> Time: 0.00229665
5, 6
 =====>>>> Time: 0.000163817
5, 7
 =====>>>> Time: 0.000175501
5, 8
 =====>>>> Time: 0.000261298
5, 9
 =====>>>> Time: 0.000214928
5, 10
 =====>>>> Time: 0.0017576
5, 11
 =====>>>> Time: 0.00467701
5, 12
 =====>>>> Time: 0.0101209
5, 13
 =====>>>> Time: 0.0203256
5, 14
 =====>>>> Time: 0.0249259
5, 15
 =====>>>> Time: 0.00415669
6, 7
 =====>>>> Time: 0.000155619
6, 8
 =====>>>> Time: 0.000238071
6, 9
 =====>>>> Time: 0.000170428
6, 10
 =====>>>> Time: 7.7353e-05
6, 11
 =====>>>> Time: 0.0100824
6, 12
 =====>>>> Time: 0.0202418
6, 13
 =====>>>> Time: 0.0487182
6, 14
 =====>>>> Time: 0.0235307
6, 15
 =====>>>> Time: 0.00583088
7, 8
 =====>>>> Time: 0.000261393
7, 9
 =====>>>> Time: 0.000149655
7, 10
 =====>>>> Time: 0.000110006
7, 11
 =====>>>> Time: 9.7511e-05
7, 12
 =====>>>> Time: 0.000955105
7, 13
 =====>>>> Time: 0.00110947
7, 14
 =====>>>> Time: 0.0220644
7, 15
 =====>>>> Time: 0.00534929
8, 9
 =====>>>> Time: 0.000136051
8, 10
 =====>>>> Time: 0.000136138
8, 11
 =====>>>> Time: 0.000102527
8, 12
 =====>>>> Time: 6.7792e-05
8, 13
 =====>>>> Time: 0.000671072
8, 14
 =====>>>> Time: 0.0176175
8, 15
 =====>>>> Time: 0.00593217
9, 10
 =====>>>> Time: 0.000161098
9, 11
 =====>>>> Time: 0.000152461
9, 12
 =====>>>> Time: 0.000119098
9, 13
 =====>>>> Time: 0.00101538
9, 14
 =====>>>> Time: 0.0184283
9, 15
 =====>>>> Time: 0.0126067
10, 11
 =====>>>> Time: 0.00015596
10, 12
 =====>>>> Time: 0.00010717
10, 13
 =====>>>> Time: 0.000300009
10, 14
 =====>>>> Time: 0.00609503
10, 15
 =====>>>> Time: 0.0167752
11, 12
 =====>>>> Time: 0.000140967
11, 13
 =====>>>> Time: 0.000409275
11, 14
 =====>>>> Time: 0.00509493
11, 15
 =====>>>> Time: 0.00086503
12, 13
 =====>>>> Time: 0.000367241
12, 14
 =====>>>> Time: 0.000293568
12, 15
 =====>>>> Time: 0.000306028
13, 14
 =====>>>> Time: 0.000293946
13, 15
 =====>>>> Time: 0.000344265
14, 15
 =====>>>> Time: 0.000312136
time: 0.00588527
===>> All Done!
