NPROCS=0
===>> Begin!
0, 1
 =====>>>> Time: 0.0407085
0, 2
 =====>>>> Time: 0.103338
0, 3
 =====>>>> Time: 0.00719928
0, 4
 =====>>>> Time: 0.0144575
0, 5
 =====>>>> Time: 0.031982
0, 6
 =====>>>> Time: 0.0227638
0, 7
 =====>>>> Time: 0.0993131
0, 8
 =====>>>> Time: 0.0550621
0, 9
 =====>>>> Time: 0.0458261
0, 10
 =====>>>> Time: 0.0377396
0, 11
 =====>>>> Time: 0.0328271
0, 12
 =====>>>> Time: 0.0299023
0, 13
 =====>>>> Time: 0.0465587
0, 14
 =====>>>> Time: 0.0263669
0, 15
 =====>>>> Time: 0.0327944
1, 2
 =====>>>> Time: 0.0251181
1, 3
 =====>>>> Time: 0.0292826
1, 4
 =====>>>> Time: 0.0682128
1, 5
 =====>>>> Time: 0.0257891
1, 6
 =====>>>> Time: 0.0240927
1, 7
 =====>>>> Time: 0.0395275
1, 8
 =====>>>> Time: 0.0989834
1, 9
 =====>>>> Time: 0.076435
1, 10
 =====>>>> Time: 0.0732057
1, 11
 =====>>>> Time: 0.0175174
1, 12
 =====>>>> Time: 0.0172495
1, 13
 =====>>>> Time: 0.126642
1, 14
 =====>>>> Time: 0.117333
1, 15
 =====>>>> Time: 0.00398612
2, 3
 =====>>>> Time: 0.0300911
2, 4
 =====>>>> Time: 0.0640454
2, 5
 =====>>>> Time: 0.0304059
2, 6
 =====>>>> Time: 0.02897
2, 7
 =====>>>> Time: 0.0372548
2, 8
 =====>>>> Time: 0.084238
2, 9
 =====>>>> Time: 0.10306
2, 10
 =====>>>> Time: 0.0673989
2, 11
 =====>>>> Time: 0.0249684
2, 12
 =====>>>> Time: 0.0228339
2, 13
 =====>>>> Time: 0.121484
2, 14
 =====>>>> Time: 0.117349
2, 15
 =====>>>> Time: 0.00619164
3, 4
 =====>>>> Time: 0.0576666
3, 5
 =====>>>> Time: 0.0242257
3, 6
 =====>>>> Time: 0.015754
3, 7
 =====>>>> Time: 0.0255739
3, 8
 =====>>>> Time: 0.0645507
3, 9
 =====>>>> Time: 0.0559865
3, 10
 =====>>>> Time: 0.0562112
3, 11
 =====>>>> Time: 0.0259764
3, 12
 =====>>>> Time: 0.0218067
3, 13
 =====>>>> Time: 0.407182
3, 14
 =====>>>> Time: 0.635226
3, 15
 =====>>>> Time: 0.0115416
4, 5
 =====>>>> Time: 0.0241567
4, 6
 =====>>>> Time: 0.0153058
4, 7
 =====>>>> Time: 0.026026
4, 8
 =====>>>> Time: 0.0459298
4, 9
 =====>>>> Time: 0.0350607
4, 10
 =====>>>> Time: 0.0519708
4, 11
 =====>>>> Time: 0.0273204
4, 12
 =====>>>> Time: 0.0324325
4, 13
 =====>>>> Time: 0.0798511
4, 14
 =====>>>> Time: 0.0919643
4, 15
 =====>>>> Time: 0.0125453
5, 6
 =====>>>> Time: 0.0177308
5, 7
 =====>>>> Time: 0.0186938
5, 8
 =====>>>> Time: 0.0309787
5, 9
 =====>>>> Time: 0.0207459
5, 10
 =====>>>> Time: 0.0503578
5, 11
 =====>>>> Time: 0.0313317
5, 12
 =====>>>> Time: 0.0746704
5, 13
 =====>>>> Time: 0.0849366
5, 14
 =====>>>> Time: 0.0876799
5, 15
 =====>>>> Time: 0.0156524
6, 7
 =====>>>> Time: 0.0190342
6, 8
 =====>>>> Time: 0.0270851
6, 9
 =====>>>> Time: 0.0183199
6, 10
 =====>>>> Time: 0.0228312
6, 11
 =====>>>> Time: 0.036867
6, 12
 =====>>>> Time: 0.0989971
6, 13
 =====>>>> Time: 0.0935868
6, 14
 =====>>>> Time: 0.0870122
6, 15
 =====>>>> Time: 0.0169619
7, 8
 =====>>>> Time: 0.0278397
7, 9
 =====>>>> Time: 0.0213569
7, 10
 =====>>>> Time: 0.0251368
7, 11
 =====>>>> Time: 0.0214229
7, 12
 =====>>>> Time: 0.0338641
7, 13
 =====>>>> Time: 0.0779325
7, 14
 =====>>>> Time: 0.0791255
7, 15
 =====>>>> Time: 0.020169
8, 9
 =====>>>> Time: 0.023833
8, 10
 =====>>>> Time: 0.0243749
8, 11
 =====>>>> Time: 0.0220172
8, 12
 =====>>>> Time: 0.0226263
8, 13
 =====>>>> Time: 0.0638215
8, 14
 =====>>>> Time: 0.0687043
8, 15
 =====>>>> Time: 0.0218237
9, 10
 =====>>>> Time: 0.0262449
9, 11
 =====>>>> Time: 0.0224935
9, 12
 =====>>>> Time: 0.0328149
9, 13
 =====>>>> Time: 0.0589503
9, 14
 =====>>>> Time: 0.0733773
9, 15
 =====>>>> Time: 0.0298102
10, 11
 =====>>>> Time: 0.0226764
10, 12
 =====>>>> Time: 0.0245806
10, 13
 =====>>>> Time: 0.0455468
10, 14
 =====>>>> Time: 0.0528539
10, 15
 =====>>>> Time: 0.0274399
11, 12
 =====>>>> Time: 0.0229639
11, 13
 =====>>>> Time: 0.0375063
11, 14
 =====>>>> Time: 0.0526344
11, 15
 =====>>>> Time: 0.0224766
12, 13
 =====>>>> Time: 0.0360165
12, 14
 =====>>>> Time: 0.0343834
12, 15
 =====>>>> Time: 0.0177476
13, 14
 =====>>>> Time: 0.0346948
13, 15
 =====>>>> Time: 0.0184131
14, 15
 =====>>>> Time: 0.0171886
time: 0.0505926
===>> All Done!
