NPROCS=0
===>> Begin!
0, 1
 =====>>>> Time: 0.000810833
0, 2
 =====>>>> Time: 0.000105821
0, 3
 =====>>>> Time: 0.00398325
0, 4
 =====>>>> Time: 0.912851
0, 5
 =====>>>> Time: 1.71862
0, 6
 =====>>>> Time: 1.60426
0, 7
 =====>>>> Time: 0.00779856
0, 8
 =====>>>> Time: 0.0129621
0, 9
 =====>>>> Time: 0.08244
0, 10
 =====>>>> Time: 0.0564388
0, 11
 =====>>>> Time: 0.00310689
0, 12
 =====>>>> Time: 0.0018208
0, 13
 =====>>>> Time: 0.00010343
0, 14
 =====>>>> Time: 3.6415e-05
0, 15
 =====>>>> Time: 2.6454e-05
1, 2
 =====>>>> Time: 5.5481e-05
1, 3
 =====>>>> Time: 8.8392e-05
1, 4
 =====>>>> Time: 0.000313054
1, 5
 =====>>>> Time: 0.00107424
1, 6
 =====>>>> Time: 0.00171999
1, 7
 =====>>>> Time: 0.00228577
1, 8
 =====>>>> Time: 0.0680376
1, 9
 =====>>>> Time: 0.00109371
1, 10
 =====>>>> Time: 0.0404816
1, 11
 =====>>>> Time: 0.0237304
1, 12
 =====>>>> Time: 1.72972
1, 13
 =====>>>> Time: 0.00836612
1, 14
 =====>>>> Time: 3.6925e-05
1, 15
 =====>>>> Time: 2.6802e-05
2, 3
 =====>>>> Time: 9.1331e-05
2, 4
 =====>>>> Time: 0.000326848
2, 5
 =====>>>> Time: 0.000188506
2, 6
 =====>>>> Time: 0.0295875
2, 7
 =====>>>> Time: 0.00384062
2, 8
 =====>>>> Time: 0.0523011
2, 9
 =====>>>> Time: 0.0030417
2, 10
 =====>>>> Time: 0.00185028
2, 11
 =====>>>> Time: 0.0180484
2, 12
 =====>>>> Time: 2.92166
2, 13
 =====>>>> Time: 0.0230653
2, 14
 =====>>>> Time: 0.0058225
2, 15
 =====>>>> Time: 0.000597987
3, 4
 =====>>>> Time: 0.00186099
3, 5
 =====>>>> Time: 0.000273279
3, 6
 =====>>>> Time: 4.6522e-05
3, 7
 =====>>>> Time: 0.000789716
3, 8
 =====>>>> Time: 0.00253326
3, 9
 =====>>>> Time: 0.00312739
3, 10
 =====>>>> Time: 0.00233705
3, 11
 =====>>>> Time: 0.0026356
3, 12
 =====>>>> Time: 1.61003
3, 13
 =====>>>> Time: 0.0137632
3, 14
 =====>>>> Time: 0.00615931
3, 15
 =====>>>> Time: 0.00585693
4, 5
 =====>>>> Time: 0.000328392
4, 6
 =====>>>> Time: 4.5903e-05
4, 7
 =====>>>> Time: 0.000791746
4, 8
 =====>>>> Time: 0.000723567
4, 9
 =====>>>> Time: 0.00298469
4, 10
 =====>>>> Time: 0.00323186
4, 11
 =====>>>> Time: 0.004067
4, 12
 =====>>>> Time: 2.17911
4, 13
 =====>>>> Time: 0.0153856
4, 14
 =====>>>> Time: 0.0150339
4, 15
 =====>>>> Time: 0.0175569
5, 6
 =====>>>> Time: 4.745e-05
5, 7
 =====>>>> Time: 8.1243e-05
5, 8
 =====>>>> Time: 7.7761e-05
5, 9
 =====>>>> Time: 0.00612702
5, 10
 =====>>>> Time: 0.0103991
5, 11
 =====>>>> Time: 0.00638588
5, 12
 =====>>>> Time: 0.000870114
5, 13
 =====>>>> Time: 0.0185163
5, 14
 =====>>>> Time: 0.00727645
5, 15
 =====>>>> Time: 0.000250885
6, 7
 =====>>>> Time: 7.8842e-05
6, 8
 =====>>>> Time: 6.3185e-05
6, 9
 =====>>>> Time: 0.00011129
6, 10
 =====>>>> Time: 0.00967597
6, 11
 =====>>>> Time: 0.0088701
6, 12
 =====>>>> Time: 0.875441
6, 13
 =====>>>> Time: 0.0276801
6, 14
 =====>>>> Time: 0.0222372
6, 15
 =====>>>> Time: 0.0132469
7, 8
 =====>>>> Time: 8.4437e-05
7, 9
 =====>>>> Time: 0.000106349
7, 10
 =====>>>> Time: 0.000136306
7, 11
 =====>>>> Time: 0.00202034
7, 12
 =====>>>> Time: 1.19994
7, 13
 =====>>>> Time: 0.0266126
7, 14
 =====>>>> Time: 0.037964
7, 15
 =====>>>> Time: 0.015279
8, 9
 =====>>>> Time: 0.000112459
8, 10
 =====>>>> Time: 0.000138984
8, 11
 =====>>>> Time: 6.8556e-05
8, 12
 =====>>>> Time: 0.00336262
8, 13
 =====>>>> Time: 0.0331686
8, 14
 =====>>>> Time: 0.0463282
8, 15
 =====>>>> Time: 0.0200955
9, 10
 =====>>>> Time: 0.000218173
9, 11
 =====>>>> Time: 5.9046e-05
9, 12
 =====>>>> Time: 0.00361722
9, 13
 =====>>>> Time: 0.0254822
9, 14
 =====>>>> Time: 0.0511013
9, 15
 =====>>>> Time: 0.0305021
10, 11
 =====>>>> Time: 5.9806e-05
10, 12
 =====>>>> Time: 7.3521e-05
10, 13
 =====>>>> Time: 0.000996099
10, 14
 =====>>>> Time: 0.00183439
10, 15
 =====>>>> Time: 0.0188282
11, 12
 =====>>>> Time: 0.000141391
11, 13
 =====>>>> Time: 0.000776397
11, 14
 =====>>>> Time: 0.00127268
11, 15
 =====>>>> Time: 0.00214319
12, 13
 =====>>>> Time: 0.000142755
12, 14
 =====>>>> Time: 0.000181949
12, 15
 =====>>>> Time: 0.0001146
13, 14
 =====>>>> Time: 8.3728e-05
13, 15
 =====>>>> Time: 0.000101646
14, 15
 =====>>>> Time: 0.000430386
time: 0.131354
===>> All Done!
