NPROCS=0
===>> Begin!
0, 1
 =====>>>> Time: 0.107111
0, 2
 =====>>>> Time: 0.137922
0, 3
 =====>>>> Time: 0.0186577
0, 4
 =====>>>> Time: 0.040278
0, 5
 =====>>>> Time: 0.0508593
0, 6
 =====>>>> Time: 0.0341912
0, 7
 =====>>>> Time: 0.146103
0, 8
 =====>>>> Time: 0.132775
0, 9
 =====>>>> Time: 0.0885898
0, 10
 =====>>>> Time: 0.0836256
0, 11
 =====>>>> Time: 0.062452
0, 12
 =====>>>> Time: 0.0589711
0, 13
 =====>>>> Time: 0.191023
0, 14
 =====>>>> Time: 0.068968
0, 15
 =====>>>> Time: 0.105077
1, 2
 =====>>>> Time: 0.0702873
1, 3
 =====>>>> Time: 0.0714759
1, 4
 =====>>>> Time: 0.139583
1, 5
 =====>>>> Time: 0.0641891
1, 6
 =====>>>> Time: 0.0453964
1, 7
 =====>>>> Time: 0.041069
1, 8
 =====>>>> Time: 0.154056
1, 9
 =====>>>> Time: 0.0988411
1, 10
 =====>>>> Time: 0.115154
1, 11
 =====>>>> Time: 0.0349009
1, 12
 =====>>>> Time: 0.0321826
1, 13
 =====>>>> Time: 0.163976
1, 14
 =====>>>> Time: 0.209642
1, 15
 =====>>>> Time: 0.0147933
2, 3
 =====>>>> Time: 0.0810257
2, 4
 =====>>>> Time: 0.119474
2, 5
 =====>>>> Time: 0.0678812
2, 6
 =====>>>> Time: 0.050051
2, 7
 =====>>>> Time: 0.0468992
2, 8
 =====>>>> Time: 0.125345
2, 9
 =====>>>> Time: 0.0966941
2, 10
 =====>>>> Time: 0.111375
2, 11
 =====>>>> Time: 0.0406098
2, 12
 =====>>>> Time: 0.0383221
2, 13
 =====>>>> Time: 0.153711
2, 14
 =====>>>> Time: 0.182116
2, 15
 =====>>>> Time: 0.020079
3, 4
 =====>>>> Time: 0.137833
3, 5
 =====>>>> Time: 0.0711053
3, 6
 =====>>>> Time: 0.0711876
3, 7
 =====>>>> Time: 0.070535
3, 8
 =====>>>> Time: 0.156546
3, 9
 =====>>>> Time: 0.0901403
3, 10
 =====>>>> Time: 0.111744
3, 11
 =====>>>> Time: 0.0489705
3, 12
 =====>>>> Time: 0.0417
3, 13
 =====>>>> Time: 0.136736
3, 14
 =====>>>> Time: 0.162234
3, 15
 =====>>>> Time: 0.0226284
4, 5
 =====>>>> Time: 0.0674712
4, 6
 =====>>>> Time: 0.143608
4, 7
 =====>>>> Time: 0.148187
4, 8
 =====>>>> Time: 0.178826
4, 9
 =====>>>> Time: 0.230851
4, 10
 =====>>>> Time: 0.39008
4, 11
 =====>>>> Time: 0.239646
4, 12
 =====>>>> Time: 0.0437437
4, 13
 =====>>>> Time: 0.130161
4, 14
 =====>>>> Time: 0.160999
4, 15
 =====>>>> Time: 0.0267727
5, 6
 =====>>>> Time: 0.0539512
5, 7
 =====>>>> Time: 0.0605268
5, 8
 =====>>>> Time: 0.48678
5, 9
 =====>>>> Time: 0.281147
5, 10
 =====>>>> Time: 0.110802
5, 11
 =====>>>> Time: 0.0612775
5, 12
 =====>>>> Time: 0.0519055
5, 13
 =====>>>> Time: 0.124904
5, 14
 =====>>>> Time: 0.163538
5, 15
 =====>>>> Time: 0.0283168
6, 7
 =====>>>> Time: 0.0527563
6, 8
 =====>>>> Time: 0.370821
6, 9
 =====>>>> Time: 0.116678
6, 10
 =====>>>> Time: 0.108198
6, 11
 =====>>>> Time: 0.0690423
6, 12
 =====>>>> Time: 0.0632755
6, 13
 =====>>>> Time: 0.312817
6, 14
 =====>>>> Time: 0.281439
6, 15
 =====>>>> Time: 0.0348021
7, 8
 =====>>>> Time: 0.11477
7, 9
 =====>>>> Time: 0.0793728
7, 10
 =====>>>> Time: 0.0993472
7, 11
 =====>>>> Time: 0.0680006
7, 12
 =====>>>> Time: 0.063676
7, 13
 =====>>>> Time: 0.167463
7, 14
 =====>>>> Time: 0.154982
7, 15
 =====>>>> Time: 0.0395282
8, 9
 =====>>>> Time: 0.0794621
8, 10
 =====>>>> Time: 0.111467
8, 11
 =====>>>> Time: 0.0671316
8, 12
 =====>>>> Time: 0.150445
8, 13
 =====>>>> Time: 0.168789
8, 14
 =====>>>> Time: 0.13969
8, 15
 =====>>>> Time: 0.0427776
9, 10
 =====>>>> Time: 0.0974295
9, 11
 =====>>>> Time: 0.0587428
9, 12
 =====>>>> Time: 0.0999494
9, 13
 =====>>>> Time: 0.10835
9, 14
 =====>>>> Time: 0.116557
9, 15
 =====>>>> Time: 0.0375184
10, 11
 =====>>>> Time: 0.0609879
10, 12
 =====>>>> Time: 0.0575676
10, 13
 =====>>>> Time: 0.329685
10, 14
 =====>>>> Time: 0.110352
10, 15
 =====>>>> Time: 0.0427551
11, 12
 =====>>>> Time: 0.0553104
11, 13
 =====>>>> Time: 0.0908852
11, 14
 =====>>>> Time: 0.107881
11, 15
 =====>>>> Time: 0.0489656
12, 13
 =====>>>> Time: 0.150483
12, 14
 =====>>>> Time: 0.103589
12, 15
 =====>>>> Time: 0.0567404
13, 14
 =====>>>> Time: 0.154262
13, 15
 =====>>>> Time: 0.0582359
14, 15
 =====>>>> Time: 0.0597323
time: 0.108194
===>> All Done!
