NPROCS=0
===>> Begin!
0, 1
 =====>>>> Time: 9.42731
0, 2
 =====>>>> Time: 0.940063
0, 3
 =====>>>> Time: 5.56706
0, 4
 =====>>>> Time: 79.055
0, 5
 =====>>>> Time: 132.216
0, 6
 =====>>>> Time: 134.334
0, 7
 =====>>>> Time: 6.61737
0, 8
 =====>>>> Time: 22.5836
0, 9
 =====>>>> Time: 160.139
0, 10
 =====>>>> Time: 113.339
0, 11
 =====>>>> Time: 40.2517
0, 12
 =====>>>> Time: 163.278
0, 13
 =====>>>> Time: 66.2382
0, 14
 =====>>>> Time: 23.7681
0, 15
 =====>>>> Time: 14.8892
1, 2
 =====>>>> Time: 5.24149
1, 3
 =====>>>> Time: 4.26715
1, 4
 =====>>>> Time: 4.95942
1, 5
 =====>>>> Time: 17.1128
1, 6
 =====>>>> Time: 18.3643
1, 7
 =====>>>> Time: 19.5081
1, 8
 =====>>>> Time: 34.3616
1, 9
 =====>>>> Time: 64.4961
1, 10
 =====>>>> Time: 60.6291
1, 11
 =====>>>> Time: 52.4211
1, 12
 =====>>>> Time: 181.217
1, 13
 =====>>>> Time: 13.2235
1, 14
 =====>>>> Time: 1.66592
1, 15
 =====>>>> Time: 1.33292
2, 3
 =====>>>> Time: 3.591
2, 4
 =====>>>> Time: 4.66604
2, 5
 =====>>>> Time: 6.95079
2, 6
 =====>>>> Time: 20.0846
2, 7
 =====>>>> Time: 21.4376
2, 8
 =====>>>> Time: 32.1922
2, 9
 =====>>>> Time: 73.0421
2, 10
 =====>>>> Time: 42.7847
2, 11
 =====>>>> Time: 34.8838
2, 12
 =====>>>> Time: 359.918
2, 13
 =====>>>> Time: 22.3163
2, 14
 =====>>>> Time: 8.84675
2, 15
 =====>>>> Time: 3.92244
3, 4
 =====>>>> Time: 8.73053
3, 5
 =====>>>> Time: 7.20249
3, 6
 =====>>>> Time: 6.40331
3, 7
 =====>>>> Time: 14.3788
3, 8
 =====>>>> Time: 25.9852
3, 9
 =====>>>> Time: 50.0087
3, 10
 =====>>>> Time: 30.4707
3, 11
 =====>>>> Time: 23.6182
3, 12
 =====>>>> Time: 250.263
3, 13
 =====>>>> Time: 20.0079
3, 14
 =====>>>> Time: 9.22926
3, 15
 =====>>>> Time: 9.47917
4, 5
 =====>>>> Time: 7.16405
4, 6
 =====>>>> Time: 6.49577
4, 7
 =====>>>> Time: 12.5938
4, 8
 =====>>>> Time: 14.0734
4, 9
 =====>>>> Time: 39.9609
4, 10
 =====>>>> Time: 32.111
4, 11
 =====>>>> Time: 25.0748
4, 12
 =====>>>> Time: 331.962
4, 13
 =====>>>> Time: 24.8971
4, 14
 =====>>>> Time: 17.9637
4, 15
 =====>>>> Time: 12.93
5, 6
 =====>>>> Time: 6.96983
5, 7
 =====>>>> Time: 6.74151
5, 8
 =====>>>> Time: 8.96774
5, 9
 =====>>>> Time: 59.0136
5, 10
 =====>>>> Time: 47.372
5, 11
 =====>>>> Time: 47.2838
5, 12
 =====>>>> Time: 268.363
5, 13
 =====>>>> Time: 31.6682
5, 14
 =====>>>> Time: 13.2265
5, 15
 =====>>>> Time: 8.28242
6, 7
 =====>>>> Time: 6.41165
6, 8
 =====>>>> Time: 9.28252
6, 9
 =====>>>> Time: 10.0449
6, 10
 =====>>>> Time: 51.3897
6, 11
 =====>>>> Time: 45.781
6, 12
 =====>>>> Time: 250.675
6, 13
 =====>>>> Time: 41.3
6, 14
 =====>>>> Time: 23.8312
6, 15
 =====>>>> Time: 13.8756
7, 8
 =====>>>> Time: 8.30745
7, 9
 =====>>>> Time: 19.364
7, 10
 =====>>>> Time: 8.54808
7, 11
 =====>>>> Time: 28.0849
7, 12
 =====>>>> Time: 315.515
7, 13
 =====>>>> Time: 43.1129
7, 14
 =====>>>> Time: 38.373
7, 15
 =====>>>> Time: 15.9537
8, 9
 =====>>>> Time: 18.8304
8, 10
 =====>>>> Time: 6.55976
8, 11
 =====>>>> Time: 9.36883
8, 12
 =====>>>> Time: 218.589
8, 13
 =====>>>> Time: 63.6208
8, 14
 =====>>>> Time: 69.5113
8, 15
 =====>>>> Time: 30.4039
9, 10
 =====>>>> Time: 7.36578
9, 11
 =====>>>> Time: 9.27264
9, 12
 =====>>>> Time: 213.474
9, 13
 =====>>>> Time: 45.3867
9, 14
 =====>>>> Time: 98.3859
9, 15
 =====>>>> Time: 42.904
10, 11
 =====>>>> Time: 9.32366
10, 12
 =====>>>> Time: 41.7866
10, 13
 =====>>>> Time: 29.7647
10, 14
 =====>>>> Time: 37.959
10, 15
 =====>>>> Time: 56.9642
11, 12
 =====>>>> Time: 39.1543
11, 13
 =====>>>> Time: 17.8234
11, 14
 =====>>>> Time: 27.1329
11, 15
 =====>>>> Time: 18.7861
12, 13
 =====>>>> Time: 12.6369
12, 14
 =====>>>> Time: 14.4788
12, 15
 =====>>>> Time: 11.5755
13, 14
 =====>>>> Time: 22.3286
13, 15
 =====>>>> Time: 13.4428
14, 15
 =====>>>> Time: 13.05
time: 47.4559
===>> All Done!
