NPROCS=0
===>> Begin!
0, 1
 =====>>>> Time: 0.00022977
0, 2
 =====>>>> Time: 0.000457485
0, 3
 =====>>>> Time: 0.000716704
0, 4
 =====>>>> Time: 0.00209615
0, 5
 =====>>>> Time: 0.00240606
0, 6
 =====>>>> Time: 0.00467751
0, 7
 =====>>>> Time: 0.00435473
0, 8
 =====>>>> Time: 0.00204022
0, 9
 =====>>>> Time: 0.000376715
0, 10
 =====>>>> Time: 0.000758186
0, 11
 =====>>>> Time: 0.000774361
0, 12
 =====>>>> Time: 0.000663333
0, 13
 =====>>>> Time: 0.00018025
0, 14
 =====>>>> Time: 0.000378066
0, 15
 =====>>>> Time: 0.000557378
1, 2
 =====>>>> Time: 0.000296117
1, 3
 =====>>>> Time: 0.000313054
1, 4
 =====>>>> Time: 0.000229362
1, 5
 =====>>>> Time: 0.000474721
1, 6
 =====>>>> Time: 0.000552851
1, 7
 =====>>>> Time: 0.000697793
1, 8
 =====>>>> Time: 0.000586357
1, 9
 =====>>>> Time: 0.00180649
1, 10
 =====>>>> Time: 0.00218376
1, 11
 =====>>>> Time: 0.00180922
1, 12
 =====>>>> Time: 0.00577048
1, 13
 =====>>>> Time: 0.00109022
1, 14
 =====>>>> Time: 0.000514779
1, 15
 =====>>>> Time: 0.00334937
2, 3
 =====>>>> Time: 0.000313789
2, 4
 =====>>>> Time: 0.0002108
2, 5
 =====>>>> Time: 0.000270755
2, 6
 =====>>>> Time: 0.000350862
2, 7
 =====>>>> Time: 0.000697542
2, 8
 =====>>>> Time: 0.000579935
2, 9
 =====>>>> Time: 0.00186737
2, 10
 =====>>>> Time: 0.00227268
2, 11
 =====>>>> Time: 0.00210808
2, 12
 =====>>>> Time: 0.00445235
2, 13
 =====>>>> Time: 0.00101131
2, 14
 =====>>>> Time: 0.000673282
2, 15
 =====>>>> Time: 0.00269964
3, 4
 =====>>>> Time: 0.0002825
3, 5
 =====>>>> Time: 0.000305641
3, 6
 =====>>>> Time: 0.000329106
3, 7
 =====>>>> Time: 0.000470615
3, 8
 =====>>>> Time: 0.000447797
3, 9
 =====>>>> Time: 0.000384332
3, 10
 =====>>>> Time: 0.00142953
3, 11
 =====>>>> Time: 0.00145588
3, 12
 =====>>>> Time: 0.00321204
3, 13
 =====>>>> Time: 0.00144405
3, 14
 =====>>>> Time: 0.00105622
3, 15
 =====>>>> Time: 0.00199826
4, 5
 =====>>>> Time: 0.000387894
4, 6
 =====>>>> Time: 0.000370893
4, 7
 =====>>>> Time: 0.0005601
4, 8
 =====>>>> Time: 0.000577041
4, 9
 =====>>>> Time: 0.000497319
4, 10
 =====>>>> Time: 0.00287968
4, 11
 =====>>>> Time: 0.00256565
4, 12
 =====>>>> Time: 0.00242755
4, 13
 =====>>>> Time: 0.000954847
4, 14
 =====>>>> Time: 0.00101179
4, 15
 =====>>>> Time: 0.00482488
5, 6
 =====>>>> Time: 0.000176584
5, 7
 =====>>>> Time: 0.000255333
5, 8
 =====>>>> Time: 0.00022661
5, 9
 =====>>>> Time: 4.9574e-05
5, 10
 =====>>>> Time: 0.00230072
5, 11
 =====>>>> Time: 0.00186816
5, 12
Reward on min-risk path already satisfies the demand!!!
 =====>>>> Time: 0.00409217
5, 13
Reward on min-risk path already satisfies the demand!!!
 =====>>>> Time: 0.00179324
5, 14
 =====>>>> Time: 0.00124082
5, 15
 =====>>>> Time: 0.00496786
6, 7
 =====>>>> Time: 0.000245498
6, 8
 =====>>>> Time: 0.000203121
6, 9
 =====>>>> Time: 5.3797e-05
6, 10
 =====>>>> Time: 5.7578e-05
6, 11
 =====>>>> Time: 0.00245685
6, 12
Reward on min-risk path already satisfies the demand!!!
 =====>>>> Time: 0.000183635
6, 13
Reward on min-risk path already satisfies the demand!!!
 =====>>>> Time: 0.00022996
6, 14
Reward on min-risk path already satisfies the demand!!!
 =====>>>> Time: 0.00180984
6, 15
Reward on min-risk path already satisfies the demand!!!
 =====>>>> Time: 0.00492531
7, 8
 =====>>>> Time: 0.000183612
7, 9
 =====>>>> Time: 5.8647e-05
7, 10
 =====>>>> Time: 5.8959e-05
7, 11
 =====>>>> Time: 5.0211e-05
7, 12
 =====>>>> Time: 0.000249974
7, 13
 =====>>>> Time: 0.000289971
7, 14
 =====>>>> Time: 0.000263818
7, 15
 =====>>>> Time: 0.000196743
8, 9
 =====>>>> Time: 6.8911e-05
8, 10
 =====>>>> Time: 5.6707e-05
8, 11
 =====>>>> Time: 5.5427e-05
8, 12
 =====>>>> Time: 6.6017e-05
8, 13
 =====>>>> Time: 0.000155888
8, 14
 =====>>>> Time: 0.000319947
8, 15
 =====>>>> Time: 0.000334957
9, 10
 =====>>>> Time: 5.4823e-05
9, 11
 =====>>>> Time: 6.0576e-05
9, 12
 =====>>>> Time: 8.0225e-05
9, 13
 =====>>>> Time: 0.00012069
9, 14
 =====>>>> Time: 0.000231376
9, 15
 =====>>>> Time: 0.000180814
10, 11
 =====>>>> Time: 7.7011e-05
10, 12
 =====>>>> Time: 0.000106996
10, 13
 =====>>>> Time: 0.000178271
10, 14
 =====>>>> Time: 0.000222899
10, 15
 =====>>>> Time: 0.000302384
11, 12
 =====>>>> Time: 0.000250013
11, 13
 =====>>>> Time: 0.000215035
11, 14
 =====>>>> Time: 0.000247933
11, 15
 =====>>>> Time: 0.000386704
12, 13
 =====>>>> Time: 0.000154233
12, 14
 =====>>>> Time: 0.000163778
12, 15
 =====>>>> Time: 0.000245464
13, 14
 =====>>>> Time: 0.000123573
13, 15
 =====>>>> Time: 0.000183187
14, 15
 =====>>>> Time: 0.000202106
time: 0.00100882
===>> All Done!
