NPROCS=0
===>> Begin!
0, 1
 =====>>>> Time: 0.00418452
0, 2
 =====>>>> Time: 0.00137122
0, 3
 =====>>>> Time: 0.0150039
0, 4
 =====>>>> Time: 0.0203748
0, 5
 =====>>>> Time: 0.061222
0, 6
 =====>>>> Time: 0.0493674
0, 7
 =====>>>> Time: 0.0465957
0, 8
 =====>>>> Time: 0.0389211
0, 9
 =====>>>> Time: 0.0380173
0, 10
 =====>>>> Time: 0.029927
0, 11
 =====>>>> Time: 0.0284489
0, 12
 =====>>>> Time: 0.107821
0, 13
 =====>>>> Time: 0.0102228
0, 14
 =====>>>> Time: 0.0127944
0, 15
 =====>>>> Time: 0.00333548
1, 2
 =====>>>> Time: 0.00248294
1, 3
 =====>>>> Time: 0.0105036
1, 4
 =====>>>> Time: 0.0344397
1, 5
 =====>>>> Time: 0.00278705
1, 6
 =====>>>> Time: 0.0247635
1, 7
 =====>>>> Time: 0.0344241
1, 8
 =====>>>> Time: 0.0580814
1, 9
 =====>>>> Time: 0.0610867
1, 10
 =====>>>> Time: 0.0439108
1, 11
 =====>>>> Time: 0.0407745
1, 12
 =====>>>> Time: 0.0878843
1, 13
 =====>>>> Time: 0.0162132
1, 14
 =====>>>> Time: 0.111036
1, 15
 =====>>>> Time: 0.00391439
2, 3
 =====>>>> Time: 0.00964731
2, 4
 =====>>>> Time: 0.0246267
2, 5
 =====>>>> Time: 0.00306425
2, 6
 =====>>>> Time: 0.00115926
2, 7
 =====>>>> Time: 0.0391158
2, 8
 =====>>>> Time: 0.093089
2, 9
 =====>>>> Time: 0.138291
2, 10
 =====>>>> Time: 0.0745849
2, 11
 =====>>>> Time: 0.0292264
2, 12
 =====>>>> Time: 0.0545528
2, 13
 =====>>>> Time: 0.0807693
2, 14
 =====>>>> Time: 1.38868
2, 15
 =====>>>> Time: 0.0293071
3, 4
 =====>>>> Time: 0.0292412
3, 5
 =====>>>> Time: 0.00352957
3, 6
 =====>>>> Time: 0.000961858
3, 7
 =====>>>> Time: 0.0164678
3, 8
 =====>>>> Time: 0.0236788
3, 9
 =====>>>> Time: 0.0220068
3, 10
 =====>>>> Time: 0.0216454
3, 11
 =====>>>> Time: 0.0185207
3, 12
 =====>>>> Time: 0.0223117
3, 13
 =====>>>> Time: 0.0201534
3, 14
 =====>>>> Time: 0.239594
3, 15
 =====>>>> Time: 0.0289021
4, 5
 =====>>>> Time: 0.0041727
4, 6
 =====>>>> Time: 0.00186272
4, 7
 =====>>>> Time: 0.018125
4, 8
 =====>>>> Time: 0.0250996
4, 9
 =====>>>> Time: 0.0285225
4, 10
 =====>>>> Time: 0.0277815
4, 11
 =====>>>> Time: 0.0270909
4, 12
 =====>>>> Time: 0.0213881
4, 13
 =====>>>> Time: 0.0186287
4, 14
 =====>>>> Time: 0.177865
4, 15
 =====>>>> Time: 0.027367
5, 6
 =====>>>> Time: 0.00190119
5, 7
 =====>>>> Time: 0.0027756
5, 8
 =====>>>> Time: 0.00333148
5, 9
 =====>>>> Time: 0.0340748
5, 10
 =====>>>> Time: 0.0321197
5, 11
 =====>>>> Time: 0.0544376
5, 12
 =====>>>> Time: 0.0578899
5, 13
 =====>>>> Time: 0.0355792
5, 14
 =====>>>> Time: 0.218361
5, 15
 =====>>>> Time: 0.0557182
6, 7
 =====>>>> Time: 0.00298499
6, 8
 =====>>>> Time: 0.00362787
6, 9
 =====>>>> Time: 0.00329559
6, 10
 =====>>>> Time: 0.0200696
6, 11
 =====>>>> Time: 0.0291404
6, 12
 =====>>>> Time: 0.0665752
6, 13
 =====>>>> Time: 0.0503118
6, 14
 =====>>>> Time: 0.197877
6, 15
 =====>>>> Time: 0.0820302
7, 8
 =====>>>> Time: 0.00309801
7, 9
 =====>>>> Time: 0.00287961
7, 10
 =====>>>> Time: 0.0054611
7, 11
 =====>>>> Time: 0.0141888
7, 12
 =====>>>> Time: 0.0273831
7, 13
 =====>>>> Time: 0.0312577
7, 14
 =====>>>> Time: 0.149262
7, 15
 =====>>>> Time: 0.0432268
8, 9
 =====>>>> Time: 0.00309695
8, 10
 =====>>>> Time: 0.00306441
8, 11
 =====>>>> Time: 0.00133497
8, 12
 =====>>>> Time: 0.00559436
8, 13
 =====>>>> Time: 0.0589343
8, 14
 =====>>>> Time: 0.372125
8, 15
 =====>>>> Time: 0.0539966
9, 10
 =====>>>> Time: 0.00319836
9, 11
 =====>>>> Time: 0.00155257
9, 12
 =====>>>> Time: 0.00771123
9, 13
 =====>>>> Time: 0.0287905
9, 14
 =====>>>> Time: 0.114556
9, 15
 =====>>>> Time: 0.0702928
10, 11
 =====>>>> Time: 0.00139595
10, 12
 =====>>>> Time: 0.00705229
10, 13
 =====>>>> Time: 0.0250177
10, 14
 =====>>>> Time: 0.0715508
10, 15
 =====>>>> Time: 0.0417161
11, 12
 =====>>>> Time: 0.00246993
11, 13
 =====>>>> Time: 0.0197308
11, 14
 =====>>>> Time: 0.0385837
11, 15
 =====>>>> Time: 0.0115044
12, 13
 =====>>>> Time: 0.0105068
12, 14
 =====>>>> Time: 0.0182268
12, 15
 =====>>>> Time: 0.00277568
13, 14
 =====>>>> Time: 0.0205773
13, 15
 =====>>>> Time: 0.00313698
14, 15
 =====>>>> Time: 0.00324741
time: 0.0501795
===>> All Done!
