NPROCS=0
===>> Begin!
0, 1
 =====>>>> Time: 0.000644209
0, 2
 =====>>>> Time: 0.00048271
0, 3
 =====>>>> Time: 0.000754975
0, 4
 =====>>>> Time: 0.00195478
0, 5
 =====>>>> Time: 0.0023775
0, 6
 =====>>>> Time: 0.00402102
0, 7
 =====>>>> Time: 0.00398137
0, 8
 =====>>>> Time: 0.00209029
0, 9
 =====>>>> Time: 0.00161031
0, 10
 =====>>>> Time: 0.00129195
0, 11
 =====>>>> Time: 0.00136999
0, 12
 =====>>>> Time: 0.00119507
0, 13
 =====>>>> Time: 0.000429696
0, 14
 =====>>>> Time: 0.000472546
0, 15
 =====>>>> Time: 0.000838366
1, 2
 =====>>>> Time: 0.000434142
1, 3
 =====>>>> Time: 0.000408227
1, 4
 =====>>>> Time: 0.00055673
1, 5
 =====>>>> Time: 0.000857538
1, 6
 =====>>>> Time: 0.000541994
1, 7
 =====>>>> Time: 0.000647173
1, 8
 =====>>>> Time: 0.0021461
1, 9
 =====>>>> Time: 0.00179475
1, 10
 =====>>>> Time: 0.00205347
1, 11
 =====>>>> Time: 0.00180162
1, 12
 =====>>>> Time: 0.00783545
1, 13
 =====>>>> Time: 0.00119436
1, 14
 =====>>>> Time: 0.000533696
1, 15
 =====>>>> Time: 0.00629016
2, 3
 =====>>>> Time: 0.000512756
2, 4
 =====>>>> Time: 0.000696704
2, 5
 =====>>>> Time: 0.000348399
2, 6
 =====>>>> Time: 0.000602653
2, 7
 =====>>>> Time: 0.000911466
2, 8
 =====>>>> Time: 0.000893049
2, 9
 =====>>>> Time: 0.00272108
2, 10
 =====>>>> Time: 0.00280718
2, 11
 =====>>>> Time: 0.00249205
2, 12
 =====>>>> Time: 0.00656365
2, 13
 =====>>>> Time: 0.00167491
2, 14
 =====>>>> Time: 0.00127029
2, 15
 =====>>>> Time: 0.0048266
3, 4
 =====>>>> Time: 0.000630844
3, 5
 =====>>>> Time: 0.000328605
3, 6
 =====>>>> Time: 0.000498516
3, 7
 =====>>>> Time: 0.000902725
3, 8
 =====>>>> Time: 0.000768923
3, 9
 =====>>>> Time: 0.00209307
3, 10
 =====>>>> Time: 0.00276952
3, 11
 =====>>>> Time: 0.00239403
3, 12
 =====>>>> Time: 0.00456487
3, 13
 =====>>>> Time: 0.0017249
3, 14
 =====>>>> Time: 0.00178935
3, 15
 =====>>>> Time: 0.00364928
4, 5
 =====>>>> Time: 0.000486185
4, 6
 =====>>>> Time: 0.000547767
4, 7
 =====>>>> Time: 0.000869395
4, 8
 =====>>>> Time: 0.000671546
4, 9
 =====>>>> Time: 0.00202819
4, 10
 =====>>>> Time: 0.00267526
4, 11
 =====>>>> Time: 0.00231471
4, 12
 =====>>>> Time: 0.00366496
4, 13
 =====>>>> Time: 0.00145199
4, 14
 =====>>>> Time: 0.0012688
4, 15
 =====>>>> Time: 0.00556519
5, 6
 =====>>>> Time: 0.000565078
5, 7
 =====>>>> Time: 0.000552718
5, 8
 =====>>>> Time: 0.000492542
5, 9
 =====>>>> Time: 0.000305805
5, 10
 =====>>>> Time: 0.00255966
5, 11
 =====>>>> Time: 0.00208176
5, 12
Reward on min-risk path already satisfies the demand!!!
 =====>>>> Time: 0.00403218
5, 13
Reward on min-risk path already satisfies the demand!!!
 =====>>>> Time: 0.00191258
5, 14
 =====>>>> Time: 0.00131939
5, 15
 =====>>>> Time: 0.00508076
6, 7
 =====>>>> Time: 0.00048506
6, 8
 =====>>>> Time: 0.000395374
6, 9
 =====>>>> Time: 0.000288732
6, 10
 =====>>>> Time: 6.4643e-05
6, 11
 =====>>>> Time: 0.00231026
6, 12
Reward on min-risk path already satisfies the demand!!!
 =====>>>> Time: 0.000223254
6, 13
Reward on min-risk path already satisfies the demand!!!
 =====>>>> Time: 0.000231529
6, 14
Reward on min-risk path already satisfies the demand!!!
 =====>>>> Time: 0.00184371
6, 15
Reward on min-risk path already satisfies the demand!!!
 =====>>>> Time: 0.00531215
7, 8
 =====>>>> Time: 0.00033906
7, 9
 =====>>>> Time: 0.000232771
7, 10
 =====>>>> Time: 5.6013e-05
7, 11
 =====>>>> Time: 5.7908e-05
7, 12
 =====>>>> Time: 0.000260167
7, 13
 =====>>>> Time: 0.000315314
7, 14
 =====>>>> Time: 0.000281378
7, 15
 =====>>>> Time: 0.000198276
8, 9
 =====>>>> Time: 0.000208854
8, 10
 =====>>>> Time: 6.0812e-05
8, 11
 =====>>>> Time: 6.4942e-05
8, 12
 =====>>>> Time: 6.1868e-05
8, 13
 =====>>>> Time: 0.000169916
8, 14
 =====>>>> Time: 0.000347228
8, 15
 =====>>>> Time: 0.000348613
9, 10
 =====>>>> Time: 5.878e-05
9, 11
 =====>>>> Time: 6.519e-05
9, 12
 =====>>>> Time: 7.9774e-05
9, 13
 =====>>>> Time: 0.000159336
9, 14
 =====>>>> Time: 0.000351161
9, 15
 =====>>>> Time: 0.000354701
10, 11
 =====>>>> Time: 8.6298e-05
10, 12
 =====>>>> Time: 0.000124679
10, 13
 =====>>>> Time: 0.000230963
10, 14
 =====>>>> Time: 0.000279268
10, 15
 =====>>>> Time: 0.000692913
11, 12
 =====>>>> Time: 0.000263332
11, 13
 =====>>>> Time: 0.000233332
11, 14
 =====>>>> Time: 0.000360121
11, 15
 =====>>>> Time: 0.00043679
12, 13
 =====>>>> Time: 0.000300626
12, 14
 =====>>>> Time: 0.000322144
12, 15
 =====>>>> Time: 0.00045134
13, 14
 =====>>>> Time: 0.000269797
13, 15
 =====>>>> Time: 0.000371307
14, 15
 =====>>>> Time: 0.000442202
time: 0.00132987
===>> All Done!
