NPROCS=0
===>> Begin!
0, 1
 =====>>>> Time: 0.0194814
0, 2
 =====>>>> Time: 0.0447377
0, 3
 =====>>>> Time: 0.021166
0, 4
 =====>>>> Time: 0.00534742
0, 5
 =====>>>> Time: 0.0418499
0, 6
 =====>>>> Time: 0.0220903
0, 7
 =====>>>> Time: 0.0192493
0, 8
 =====>>>> Time: 0.0121416
0, 9
 =====>>>> Time: 0.00815396
0, 10
 =====>>>> Time: 0.00642553
0, 11
 =====>>>> Time: 0.00762094
0, 12
 =====>>>> Time: 0.0150857
0, 13
 =====>>>> Time: 0.0100754
0, 14
 =====>>>> Time: 0.00850925
0, 15
 =====>>>> Time: 0.00698654
1, 2
 =====>>>> Time: 0.0101742
1, 3
 =====>>>> Time: 0.0072657
1, 4
 =====>>>> Time: 0.00916476
1, 5
 =====>>>> Time: 0.00748356
1, 6
 =====>>>> Time: 0.00576218
1, 7
 =====>>>> Time: 0.0121193
1, 8
 =====>>>> Time: 0.013997
1, 9
 =====>>>> Time: 0.0106422
1, 10
 =====>>>> Time: 0.00395999
1, 11
 =====>>>> Time: 0.00376778
1, 12
 =====>>>> Time: 0.0269221
1, 13
 =====>>>> Time: 0.0159108
1, 14
 =====>>>> Time: 0.0212896
1, 15
 =====>>>> Time: 0.00155061
2, 3
 =====>>>> Time: 0.00704133
2, 4
 =====>>>> Time: 0.00891353
2, 5
 =====>>>> Time: 0.00773875
2, 6
 =====>>>> Time: 0.00553569
2, 7
 =====>>>> Time: 0.00789761
2, 8
 =====>>>> Time: 0.0124226
2, 9
 =====>>>> Time: 0.00918979
2, 10
 =====>>>> Time: 0.00431338
2, 11
 =====>>>> Time: 0.00457255
2, 12
 =====>>>> Time: 0.0241524
2, 13
 =====>>>> Time: 0.0136858
2, 14
 =====>>>> Time: 0.0197392
2, 15
 =====>>>> Time: 0.00184431
3, 4
 =====>>>> Time: 0.00994452
3, 5
 =====>>>> Time: 0.00755405
3, 6
 =====>>>> Time: 0.00552977
3, 7
 =====>>>> Time: 0.0126277
3, 8
 =====>>>> Time: 0.0116246
3, 9
 =====>>>> Time: 0.00794375
3, 10
 =====>>>> Time: 0.00444443
3, 11
 =====>>>> Time: 0.00524833
3, 12
 =====>>>> Time: 0.0206548
3, 13
 =====>>>> Time: 0.0125799
3, 14
 =====>>>> Time: 0.0168536
3, 15
 =====>>>> Time: 0.00270973
4, 5
 =====>>>> Time: 0.00718833
4, 6
 =====>>>> Time: 0.00535774
4, 7
 =====>>>> Time: 0.0130049
4, 8
 =====>>>> Time: 0.0102044
4, 9
 =====>>>> Time: 0.00786525
4, 10
 =====>>>> Time: 0.00505754
4, 11
 =====>>>> Time: 0.00575438
4, 12
 =====>>>> Time: 0.0179109
4, 13
 =====>>>> Time: 0.0117128
4, 14
 =====>>>> Time: 0.0147893
4, 15
 =====>>>> Time: 0.00282582
5, 6
 =====>>>> Time: 0.00562305
5, 7
 =====>>>> Time: 0.00750623
5, 8
 =====>>>> Time: 0.0132177
5, 9
 =====>>>> Time: 0.00673709
5, 10
 =====>>>> Time: 0.00602677
5, 11
 =====>>>> Time: 0.00653182
5, 12
 =====>>>> Time: 0.0183116
5, 13
 =====>>>> Time: 0.0119055
5, 14
 =====>>>> Time: 0.0150481
5, 15
 =====>>>> Time: 0.00355066
6, 7
 =====>>>> Time: 0.00731671
6, 8
 =====>>>> Time: 0.0122953
6, 9
 =====>>>> Time: 0.00651235
6, 10
 =====>>>> Time: 0.00518621
6, 11
 =====>>>> Time: 0.00709876
6, 12
 =====>>>> Time: 0.0170139
6, 13
 =====>>>> Time: 0.0134656
6, 14
 =====>>>> Time: 0.0144014
6, 15
 =====>>>> Time: 0.00395564
7, 8
 =====>>>> Time: 0.00729732
7, 9
 =====>>>> Time: 0.00625647
7, 10
 =====>>>> Time: 0.00491375
7, 11
 =====>>>> Time: 0.00557795
7, 12
 =====>>>> Time: 0.0151712
7, 13
 =====>>>> Time: 0.0115324
7, 14
 =====>>>> Time: 0.0176114
7, 15
 =====>>>> Time: 0.00524411
8, 9
 =====>>>> Time: 0.00615401
8, 10
 =====>>>> Time: 0.00518526
8, 11
 =====>>>> Time: 0.00604213
8, 12
 =====>>>> Time: 0.0160059
8, 13
 =====>>>> Time: 0.0105406
8, 14
 =====>>>> Time: 0.0280493
8, 15
 =====>>>> Time: 0.00569239
9, 10
 =====>>>> Time: 0.00509693
9, 11
 =====>>>> Time: 0.00615399
9, 12
 =====>>>> Time: 0.00914568
9, 13
 =====>>>> Time: 0.00947231
9, 14
 =====>>>> Time: 0.011373
9, 15
 =====>>>> Time: 0.00684248
10, 11
 =====>>>> Time: 0.00700217
10, 12
 =====>>>> Time: 0.00852945
10, 13
 =====>>>> Time: 0.00899799
10, 14
 =====>>>> Time: 0.0109777
10, 15
 =====>>>> Time: 0.00964718
11, 12
 =====>>>> Time: 0.00920967
11, 13
 =====>>>> Time: 0.00917676
11, 14
 =====>>>> Time: 0.00978972
11, 15
 =====>>>> Time: 0.00817161
12, 13
 =====>>>> Time: 0.00943054
12, 14
 =====>>>> Time: 0.0161205
12, 15
 =====>>>> Time: 0.0067707
13, 14
 =====>>>> Time: 0.00883031
13, 15
 =====>>>> Time: 0.00693682
14, 15
 =====>>>> Time: 0.00641082
time: 0.0105202
===>> All Done!
