NPROCS=0
===>> Begin!
0, 1
 =====>>>> Time: 2.79866
0, 2
 =====>>>> Time: 0.302225
0, 3
 =====>>>> Time: 0.320201
0, 4
 =====>>>> Time: 12.8014
0, 5
 =====>>>> Time: 174.35
0, 6
 =====>>>> Time: 110.336
0, 7
 =====>>>> Time: 52.039
0, 8
 =====>>>> Time: 3.87562
0, 9
 =====>>>> Time: 290.471
0, 10
 =====>>>> Time: 398.467
0, 11
 =====>>>> Time: 161.561
0, 12
 =====>>>> Time: 27.2234
0, 13
 =====>>>> Time: 13.5508
0, 14
 =====>>>> Time: 2.74918
0, 15
 =====>>>> Time: 1.33773
1, 2
 =====>>>> Time: 3.21708
1, 3
 =====>>>> Time: 1.42493
1, 4
 =====>>>> Time: 35.2476
1, 5
 =====>>>> Time: 77.0436
1, 6
 =====>>>> Time: 600
1, 7
 =====>>>> Time: 361.712
1, 8
 =====>>>> Time: 12.0842
1, 9
 =====>>>> Time: 24.5879
1, 10
 =====>>>> Time: 68.6469
1, 11
 =====>>>> Time: 28.2655
1, 12
 =====>>>> Time: 20.099
1, 13
 =====>>>> Time: 160.706
1, 14
 =====>>>> Time: 5.18904
1, 15
 =====>>>> Time: 0.418823
2, 3
 =====>>>> Time: 1.30399
2, 4
 =====>>>> Time: 14.1604
2, 5
 =====>>>> Time: 29.9362
2, 6
 =====>>>> Time: 69.0738
2, 7
 =====>>>> Time: 53.2831
2, 8
 =====>>>> Time: 62.2969
2, 9
 =====>>>> Time: 17.9407
2, 10
 =====>>>> Time: 20.7989
2, 11
 =====>>>> Time: 51.5844
2, 12
 =====>>>> Time: 88.7136
2, 13
 =====>>>> Time: 456.674
2, 14
 =====>>>> Time: 61.2114
2, 15
 =====>>>> Time: 1.00199
3, 4
 =====>>>> Time: 3.62115
3, 5
 =====>>>> Time: 3.29852
3, 6
 =====>>>> Time: 10.2753
3, 7
 =====>>>> Time: 22.4533
3, 8
 =====>>>> Time: 47.4814
3, 9
 =====>>>> Time: 28.3836
3, 10
 =====>>>> Time: 36.0439
3, 11
 =====>>>> Time: 36.3329
3, 12
 =====>>>> Time: 241.171
3, 13
 =====>>>> Time: 600
3, 14
 =====>>>> Time: 209.085
3, 15
 =====>>>> Time: 53.5048
4, 5
 =====>>>> Time: 3.71658
4, 6
 =====>>>> Time: 8.38496
4, 7
 =====>>>> Time: 14.6409
4, 8
 =====>>>> Time: 6.07682
4, 9
 =====>>>> Time: 42.6602
4, 10
 =====>>>> Time: 70.499
4, 11
 =====>>>> Time: 52.1684
4, 12
 =====>>>> Time: 117.605
4, 13
 =====>>>> Time: 600
4, 14
 =====>>>> Time: 175.781
4, 15
 =====>>>> Time: 15.4261
5, 6
 =====>>>> Time: 7.88508
5, 7
 =====>>>> Time: 1.72928
5, 8
 =====>>>> Time: 3.55702
5, 9
 =====>>>> Time: 36.4846
5, 10
 =====>>>> Time: 102.996
5, 11
 =====>>>> Time: 127.836
5, 12
 =====>>>> Time: 219.19
5, 13
 =====>>>> Time: 600
5, 14
 =====>>>> Time: 134.684
5, 15
 =====>>>> Time: 44.3971
6, 7
 =====>>>> Time: 1.69345
6, 8
 =====>>>> Time: 0.556916
6, 9
 =====>>>> Time: 11.036
6, 10
 =====>>>> Time: 42.5581
6, 11
 =====>>>> Time: 97.1409
6, 12
 =====>>>> Time: 47.0383
6, 13
 =====>>>> Time: 600
6, 14
 =====>>>> Time: 361.82
6, 15
 =====>>>> Time: 53.3991
7, 8
 =====>>>> Time: 0.571162
7, 9
 =====>>>> Time: 0.886745
7, 10
 =====>>>> Time: 1.23307
7, 11
 =====>>>> Time: 70.5798
7, 12
 =====>>>> Time: 83.446
7, 13
 =====>>>> Time: 600
7, 14
