NPROCS=0
===>> Begin!
0, 1
 =====>>>> Time: 600
0, 2
 =====>>>> Time: 154.695
0, 3
 =====>>>> Time: 216.484
0, 4
 =====>>>> Time: 600
0, 5
 =====>>>> Time: 600
0, 6
 =====>>>> Time: 600
0, 7
 =====>>>> Time: 600
0, 8
 =====>>>> Time: 511.849
0, 9
 =====>>>> Time: 600
0, 10
 =====>>>> Time: 600
0, 11
 =====>>>> Time: 600
0, 12
 =====>>>> Time: 600
0, 13
 =====>>>> Time: 600
0, 14
 =====>>>> Time: 600
0, 15
 =====>>>> Time: 600
1, 2
 =====>>>> Time: 416.591
1, 3
 =====>>>> Time: 279.518
1, 4
 =====>>>> Time: 332.199
1, 5
 =====>>>> Time: 600
1, 6
 =====>>>> Time: 317.726
1, 7
 =====>>>> Time: 419.006
1, 8
 =====>>>> Time: 532.8
1, 9
 =====>>>> Time: 600
1, 10
 =====>>>> Time: 600
1, 11
 =====>>>> Time: 600
1, 12
 =====>>>> Time: 600
1, 13
