NPROCS=0
===>> Begin!
0, 1
 =====>>>> Time: 0.0524555
0, 2
 =====>>>> Time: 0.15789
0, 3
 =====>>>> Time: 0.011365
0, 4
 =====>>>> Time: 0.0252929
0, 5
 =====>>>> Time: 0.0400845
0, 6
 =====>>>> Time: 0.0273115
0, 7
 =====>>>> Time: 0.129787
0, 8
 =====>>>> Time: 0.0919811
0, 9
 =====>>>> Time: 0.0636953
0, 10
 =====>>>> Time: 0.0688833
0, 11
 =====>>>> Time: 0.0434387
0, 12
 =====>>>> Time: 0.043075
0, 13
 =====>>>> Time: 0.072414
0, 14
 =====>>>> Time: 0.046898
0, 15
 =====>>>> Time: 0.0907056
1, 2
 =====>>>> Time: 0.0496809
1, 3
 =====>>>> Time: 0.0788314
1, 4
 =====>>>> Time: 0.125791
1, 5
 =====>>>> Time: 0.0389401
1, 6
 =====>>>> Time: 0.0384537
1, 7
 =====>>>> Time: 0.0341339
1, 8
 =====>>>> Time: 0.0977669
1, 9
 =====>>>> Time: 0.0774341
1, 10
 =====>>>> Time: 0.0832164
1, 11
 =====>>>> Time: 0.0287983
1, 12
 =====>>>> Time: 0.0261782
1, 13
 =====>>>> Time: 0.133533
1, 14
 =====>>>> Time: 0.173066
1, 15
 =====>>>> Time: 0.00759461
2, 3
 =====>>>> Time: 0.0453801
2, 4
 =====>>>> Time: 0.081321
2, 5
 =====>>>> Time: 0.0414059
2, 6
 =====>>>> Time: 0.0413093
2, 7
 =====>>>> Time: 0.0432878
2, 8
 =====>>>> Time: 0.105214
2, 9
 =====>>>> Time: 0.0729502
2, 10
 =====>>>> Time: 0.079011
2, 11
 =====>>>> Time: 0.0317971
2, 12
 =====>>>> Time: 0.0316452
2, 13
 =====>>>> Time: 0.143297
2, 14
 =====>>>> Time: 0.159973
2, 15
 =====>>>> Time: 0.0113006
3, 4
 =====>>>> Time: 0.0892546
3, 5
 =====>>>> Time: 0.0432724
3, 6
 =====>>>> Time: 0.0344843
3, 7
 =====>>>> Time: 0.0452545
3, 8
 =====>>>> Time: 0.0845727
3, 9
 =====>>>> Time: 0.0695498
3, 10
 =====>>>> Time: 0.0756775
3, 11
 =====>>>> Time: 0.0364241
3, 12
 =====>>>> Time: 0.0280241
3, 13
 =====>>>> Time: 0.111102
3, 14
 =====>>>> Time: 0.130823
3, 15
 =====>>>> Time: 0.0161981
4, 5
 =====>>>> Time: 0.0461484
4, 6
 =====>>>> Time: 0.0328781
4, 7
 =====>>>> Time: 0.0408407
4, 8
 =====>>>> Time: 0.0724104
4, 9
 =====>>>> Time: 0.060306
4, 10
 =====>>>> Time: 0.131514
4, 11
 =====>>>> Time: 0.059139
4, 12
 =====>>>> Time: 0.0399965
4, 13
 =====>>>> Time: 0.112186
4, 14
 =====>>>> Time: 0.855439
4, 15
 =====>>>> Time: 0.0160768
5, 6
 =====>>>> Time: 0.0318025
5, 7
 =====>>>> Time: 0.0340288
5, 8
 =====>>>> Time: 0.0600666
5, 9
 =====>>>> Time: 0.0456217
5, 10
 =====>>>> Time: 0.0667914
5, 11
 =====>>>> Time: 0.0424636
5, 12
 =====>>>> Time: 0.0400947
5, 13
 =====>>>> Time: 0.102724
5, 14
 =====>>>> Time: 0.11991
5, 15
 =====>>>> Time: 0.0189134
6, 7
 =====>>>> Time: 0.0336847
6, 8
 =====>>>> Time: 0.143638
6, 9
 =====>>>> Time: 0.0542393
6, 10
 =====>>>> Time: 0.0571236
6, 11
 =====>>>> Time: 0.0477254
6, 12
 =====>>>> Time: 0.045242
6, 13
 =====>>>> Time: 0.16741
6, 14
 =====>>>> Time: 0.110274
6, 15
 =====>>>> Time: 0.0231178
7, 8
 =====>>>> Time: 0.051857
7, 9
 =====>>>> Time: 0.0354228
7, 10
 =====>>>> Time: 0.0527701
7, 11
 =====>>>> Time: 0.0389884
7, 12
 =====>>>> Time: 0.133948
7, 13
 =====>>>> Time: 0.111486
7, 14
 =====>>>> Time: 0.247094
7, 15
 =====>>>> Time: 0.0279543
8, 9
 =====>>>> Time: 0.0397847
8, 10
 =====>>>> Time: 0.0595587
8, 11
 =====>>>> Time: 0.0432877
8, 12
 =====>>>> Time: 0.0407828
8, 13
 =====>>>> Time: 0.0850977
8, 14
 =====>>>> Time: 0.0970779
8, 15
 =====>>>> Time: 0.0296949
9, 10
 =====>>>> Time: 0.053186
9, 11
 =====>>>> Time: 0.0437007
9, 12
 =====>>>> Time: 0.0405341
9, 13
 =====>>>> Time: 0.0898452
9, 14
 =====>>>> Time: 0.105529
9, 15
 =====>>>> Time: 0.0352547
10, 11
 =====>>>> Time: 0.0636735
10, 12
 =====>>>> Time: 0.0440509
10, 13
 =====>>>> Time: 0.0893046
10, 14
 =====>>>> Time: 0.0940065
10, 15
 =====>>>> Time: 0.0339109
11, 12
 =====>>>> Time: 0.0354524
11, 13
 =====>>>> Time: 0.0549169
11, 14
 =====>>>> Time: 0.0698232
11, 15
 =====>>>> Time: 0.0323414
12, 13
 =====>>>> Time: 0.0822857
12, 14
 =====>>>> Time: 0.0592603
12, 15
 =====>>>> Time: 0.0310102
13, 14
 =====>>>> Time: 0.0580774
13, 15
 =====>>>> Time: 0.0321429
14, 15
 =====>>>> Time: 0.0321677
time: 0.0716526
===>> All Done!
