NPROCS=0
===>> Begin!
0, 1
 =====>>>> Time: 0.000613113
0, 2
 =====>>>> Time: 0.000160144
0, 3
 =====>>>> Time: 0.000122353
0, 4
 =====>>>> Time: 0.0240283
0, 5
 =====>>>> Time: 4.53471
0, 6
 =====>>>> Time: 5.69398
0, 7
 =====>>>> Time: 0.0125213
0, 8
 =====>>>> Time: 0.0185119
0, 9
 =====>>>> Time: 0.082236
0, 10
 =====>>>> Time: 0.15166
0, 11
 =====>>>> Time: 0.00599272
0, 12
 =====>>>> Time: 0.00369579
0, 13
 =====>>>> Time: 0.000254038
0, 14
 =====>>>> Time: 0.00015068
0, 15
 =====>>>> Time: 5.0415e-05
1, 2
 =====>>>> Time: 6.6866e-05
1, 3
 =====>>>> Time: 6.2181e-05
1, 4
 =====>>>> Time: 0.00236607
1, 5
 =====>>>> Time: 0.00339397
1, 6
 =====>>>> Time: 0.00526349
1, 7
 =====>>>> Time: 0.0621389
1, 8
 =====>>>> Time: 0.0407411
1, 9
 =====>>>> Time: 0.00145993
1, 10
 =====>>>> Time: 0.124466
1, 11
 =====>>>> Time: 0.0291089
1, 12
 =====>>>> Time: 0.0205029
1, 13
 =====>>>> Time: 0.400351
1, 14
 =====>>>> Time: 0.000152077
1, 15
 =====>>>> Time: 6.4884e-05
2, 3
 =====>>>> Time: 6.3725e-05
2, 4
 =====>>>> Time: 0.00085213
2, 5
 =====>>>> Time: 0.00083627
2, 6
 =====>>>> Time: 0.00188009
2, 7
 =====>>>> Time: 0.034454
2, 8
 =====>>>> Time: 0.0210772
2, 9
 =====>>>> Time: 0.0074017
2, 10
 =====>>>> Time: 0.00501418
2, 11
 =====>>>> Time: 0.0712588
2, 12
 =====>>>> Time: 0.0336044
2, 13
 =====>>>> Time: 1.2688
2, 14
 =====>>>> Time: 0.0093358
2, 15
 =====>>>> Time: 0.00716114
3, 4
 =====>>>> Time: 0.000147827
3, 5
 =====>>>> Time: 0.000616373
3, 6
 =====>>>> Time: 0.000218562
3, 7
 =====>>>> Time: 0.000973076
3, 8
 =====>>>> Time: 0.0137863
3, 9
 =====>>>> Time: 0.00518534
3, 10
 =====>>>> Time: 0.0045162
3, 11
 =====>>>> Time: 0.0296599
3, 12
 =====>>>> Time: 0.0374779
3, 13
 =====>>>> Time: 4.18551
3, 14
 =====>>>> Time: 0.0446012
3, 15
 =====>>>> Time: 0.358254
4, 5
 =====>>>> Time: 0.000771462
4, 6
 =====>>>> Time: 0.000287596
4, 7
 =====>>>> Time: 0.00117927
4, 8
 =====>>>> Time: 0.00234559
4, 9
 =====>>>> Time: 0.00373643
4, 10
 =====>>>> Time: 0.00329656
4, 11
 =====>>>> Time: 0.00479497
4, 12
 =====>>>> Time: 0.0285192
4, 13
 =====>>>> Time: 0.00185619
4, 14
 =====>>>> Time: 0.0302085
4, 15
 =====>>>> Time: 0.452344
5, 6
 =====>>>> Time: 0.000506179
5, 7
 =====>>>> Time: 0.000238187
5, 8
 =====>>>> Time: 0.00245263
5, 9
 =====>>>> Time: 0.0123183
5, 10
 =====>>>> Time: 0.00465021
5, 11
 =====>>>> Time: 0.00693052
5, 12
 =====>>>> Time: 0.0184881
5, 13
 =====>>>> Time: 0.00498455
5, 14
 =====>>>> Time: 0.000312136
5, 15
 =====>>>> Time: 0.587647
6, 7
 =====>>>> Time: 0.000269447
6, 8
 =====>>>> Time: 0.000101083
6, 9
 =====>>>> Time: 0.00594625
6, 10
 =====>>>> Time: 0.0124652
6, 11
 =====>>>> Time: 0.0140264
6, 12
 =====>>>> Time: 0.0280131
6, 13
 =====>>>> Time: 0.00864499
6, 14
 =====>>>> Time: 0.0319387
6, 15
 =====>>>> Time: 2.19207
7, 8
 =====>>>> Time: 8.6703e-05
7, 9
 =====>>>> Time: 0.000148446
7, 10
 =====>>>> Time: 0.000315772
7, 11
 =====>>>> Time: 0.0117505
7, 12
 =====>>>> Time: 0.0570304
7, 13
 =====>>>> Time: 0.00616453
7, 14
 =====>>>> Time: 0.0240448
7, 15
 =====>>>> Time: 0.0011056
8, 9
 =====>>>> Time: 0.000145469
8, 10
 =====>>>> Time: 0.000310127
8, 11
 =====>>>> Time: 0.00015682
8, 12
 =====>>>> Time: 0.0531852
8, 13
 =====>>>> Time: 0.0168964
8, 14
 =====>>>> Time: 0.0540497
8, 15
 =====>>>> Time: 0.00408754
9, 10
 =====>>>> Time: 0.000226746
9, 11
 =====>>>> Time: 0.000157231
9, 12
 =====>>>> Time: 0.00714854
9, 13
 =====>>>> Time: 0.0214369
9, 14
 =====>>>> Time: 0.106409
9, 15
 =====>>>> Time: 0.00932931
10, 11
 =====>>>> Time: 0.000156963
10, 12
 =====>>>> Time: 0.000380084
10, 13
 =====>>>> Time: 0.00223348
10, 14
 =====>>>> Time: 0.00655156
10, 15
 =====>>>> Time: 0.0169474
11, 12
 =====>>>> Time: 0.000427998
11, 13
 =====>>>> Time: 0.00116724
11, 14
 =====>>>> Time: 0.00176865
11, 15
 =====>>>> Time: 0.00371276
12, 13
 =====>>>> Time: 0.000505016
12, 14
 =====>>>> Time: 0.000180285
12, 15
 =====>>>> Time: 0.000269394
13, 14
 =====>>>> Time: 0.00014104
13, 15
 =====>>>> Time: 0.000555523
14, 15
 =====>>>> Time: 0.00173726
time: 0.176948
===>> All Done!
