NPROCS=0
===>> Begin!
0, 1
 =====>>>> Time: 0.265037
0, 2
 =====>>>> Time: 0.0469263
0, 3
 =====>>>> Time: 0.196762
0, 4
 =====>>>> Time: 10.8477
0, 5
 =====>>>> Time: 15.3467
0, 6
 =====>>>> Time: 13.3625
0, 7
 =====>>>> Time: 0.380976
0, 8
 =====>>>> Time: 0.506376
0, 9
 =====>>>> Time: 10.1139
0, 10
 =====>>>> Time: 4.96279
0, 11
 =====>>>> Time: 1.82303
0, 12
 =====>>>> Time: 7.92463
0, 13
 =====>>>> Time: 0.923299
0, 14
 =====>>>> Time: 0.407665
0, 15
 =====>>>> Time: 0.249198
1, 2
 =====>>>> Time: 0.163004
1, 3
 =====>>>> Time: 0.16195
1, 4
 =====>>>> Time: 0.218162
1, 5
 =====>>>> Time: 0.698594
1, 6
 =====>>>> Time: 1.57602
1, 7
 =====>>>> Time: 1.39151
1, 8
 =====>>>> Time: 2.95663
1, 9
 =====>>>> Time: 1.81911
1, 10
 =====>>>> Time: 8.14974
1, 11
 =====>>>> Time: 3.98498
1, 12
 =====>>>> Time: 15.8755
1, 13
 =====>>>> Time: 0.85601
1, 14
 =====>>>> Time: 0.0467224
1, 15
 =====>>>> Time: 0.0407531
2, 3
 =====>>>> Time: 0.157337
2, 4
 =====>>>> Time: 0.226562
2, 5
 =====>>>> Time: 0.207564
2, 6
 =====>>>> Time: 2.56288
2, 7
 =====>>>> Time: 1.71843
2, 8
 =====>>>> Time: 2.42947
2, 9
 =====>>>> Time: 1.84387
2, 10
 =====>>>> Time: 1.33284
2, 11
 =====>>>> Time: 2.18188
2, 12
 =====>>>> Time: 32.3759
2, 13
 =====>>>> Time: 1.44904
2, 14
 =====>>>> Time: 0.329069
2, 15
 =====>>>> Time: 0.136725
3, 4
 =====>>>> Time: 0.239821
3, 5
 =====>>>> Time: 0.219947
3, 6
 =====>>>> Time: 0.219037
3, 7
 =====>>>> Time: 0.744833
3, 8
 =====>>>> Time: 1.38915
3, 9
 =====>>>> Time: 1.16831
3, 10
 =====>>>> Time: 0.901777
3, 11
 =====>>>> Time: 1.47189
3, 12
 =====>>>> Time: 17.084
3, 13
 =====>>>> Time: 1.44433
3, 14
 =====>>>> Time: 0.388488
3, 15
 =====>>>> Time: 0.444194
4, 5
 =====>>>> Time: 0.220323
4, 6
 =====>>>> Time: 0.233001
4, 7
 =====>>>> Time: 0.640372
4, 8
 =====>>>> Time: 0.73086
4, 9
 =====>>>> Time: 1.34243
4, 10
 =====>>>> Time: 0.81432
4, 11
 =====>>>> Time: 1.59361
4, 12
 =====>>>> Time: 28.3517
4, 13
 =====>>>> Time: 1.54211
4, 14
 =====>>>> Time: 0.936198
4, 15
 =====>>>> Time: 1.23847
5, 6
 =====>>>> Time: 0.249974
5, 7
 =====>>>> Time: 0.256293
5, 8
 =====>>>> Time: 0.291825
5, 9
 =====>>>> Time: 1.56012
5, 10
 =====>>>> Time: 1.92915
5, 11
 =====>>>> Time: 2.08433
5, 12
 =====>>>> Time: 15.5961
5, 13
 =====>>>> Time: 2.13986
5, 14
 =====>>>> Time: 0.543945
5, 15
 =====>>>> Time: 0.395196
6, 7
 =====>>>> Time: 0.248635
6, 8
 =====>>>> Time: 0.303602
6, 9
 =====>>>> Time: 0.177157
6, 10
 =====>>>> Time: 1.96813
6, 11
 =====>>>> Time: 2.21228
6, 12
 =====>>>> Time: 16.8532
6, 13
 =====>>>> Time: 2.70859
6, 14
 =====>>>> Time: 1.40965
6, 15
 =====>>>> Time: 0.784344
7, 8
 =====>>>> Time: 0.277789
7, 9
 =====>>>> Time: 0.165023
7, 10
 =====>>>> Time: 0.162148
7, 11
 =====>>>> Time: 0.942038
7, 12
 =====>>>> Time: 22.3344
7, 13
 =====>>>> Time: 2.89254
7, 14
 =====>>>> Time: 1.99359
7, 15
 =====>>>> Time: 0.939148
8, 9
 =====>>>> Time: 0.165394
8, 10
 =====>>>> Time: 0.173685
8, 11
 =====>>>> Time: 0.164002
8, 12
 =====>>>> Time: 11.4751
8, 13
 =====>>>> Time: 4.08955
8, 14
 =====>>>> Time: 3.94639
8, 15
 =====>>>> Time: 1.21664
9, 10
 =====>>>> Time: 0.165757
9, 11
 =====>>>> Time: 0.161187
9, 12
 =====>>>> Time: 10.8961
9, 13
 =====>>>> Time: 3.23151
9, 14
 =====>>>> Time: 4.02239
9, 15
 =====>>>> Time: 1.91376
10, 11
 =====>>>> Time: 0.162222
10, 12
 =====>>>> Time: 1.12485
10, 13
 =====>>>> Time: 1.04753
10, 14
 =====>>>> Time: 1.00825
10, 15
 =====>>>> Time: 1.48855
11, 12
 =====>>>> Time: 1.24576
11, 13
 =====>>>> Time: 0.533551
11, 14
 =====>>>> Time: 0.877458
11, 15
 =====>>>> Time: 0.62822
12, 13
 =====>>>> Time: 0.306143
12, 14
 =====>>>> Time: 0.21509
12, 15
 =====>>>> Time: 0.252399
13, 14
 =====>>>> Time: 0.246472
13, 15
 =====>>>> Time: 0.28162
14, 15
 =====>>>> Time: 0.290812
time: 2.90297
===>> All Done!
