NPROCS=0
===>> Begin!
0, 1
 =====>>>> Time: 0.00138494
0, 2
 =====>>>> Time: 0.00122785
0, 3
 =====>>>> Time: 0.0126731
0, 4
 =====>>>> Time: 0.0114216
0, 5
 =====>>>> Time: 1.84401
0, 6
 =====>>>> Time: 1.93791
0, 7
 =====>>>> Time: 0.035996
0, 8
 =====>>>> Time: 0.0430527
0, 9
 =====>>>> Time: 0.0961261
0, 10
 =====>>>> Time: 0.0487341
0, 11
 =====>>>> Time: 0.0328828
0, 12
 =====>>>> Time: 0.274083
0, 13
 =====>>>> Time: 0.0013476
0, 14
 =====>>>> Time: 0.00130377
0, 15
 =====>>>> Time: 0.000701174
1, 2
 =====>>>> Time: 0.000578654
1, 3
 =====>>>> Time: 0.000776266
1, 4
 =====>>>> Time: 0.00104169
1, 5
 =====>>>> Time: 0.0248824
1, 6
 =====>>>> Time: 0.0495438
1, 7
 =====>>>> Time: 0.0518544
1, 8
 =====>>>> Time: 0.0783014
1, 9
 =====>>>> Time: 0.123271
1, 10
 =====>>>> Time: 0.0282406
1, 11
 =====>>>> Time: 0.0465923
1, 12
 =====>>>> Time: 1.81066
1, 13
 =====>>>> Time: 1.25931
1, 14
 =====>>>> Time: 0.00146631
1, 15
 =====>>>> Time: 0.000465748
2, 3
 =====>>>> Time: 0.000800817
2, 4
 =====>>>> Time: 0.00114867
2, 5
 =====>>>> Time: 0.00102183
2, 6
 =====>>>> Time: 0.0460479
2, 7
 =====>>>> Time: 0.0447635
2, 8
 =====>>>> Time: 0.0444855
2, 9
 =====>>>> Time: 0.121084
2, 10
 =====>>>> Time: 0.0358841
2, 11
 =====>>>> Time: 0.0372654
2, 12
 =====>>>> Time: 1.37442
2, 13
 =====>>>> Time: 1.39612
2, 14
 =====>>>> Time: 0.0175092
2, 15
 =====>>>> Time: 0.00322809
3, 4
 =====>>>> Time: 0.00112254
3, 5
 =====>>>> Time: 0.00108028
3, 6
 =====>>>> Time: 0.000559681
3, 7
 =====>>>> Time: 0.0217796
3, 8
 =====>>>> Time: 0.0277745
3, 9
 =====>>>> Time: 0.0670651
3, 10
 =====>>>> Time: 0.020567
3, 11
 =====>>>> Time: 0.0198916
3, 12
 =====>>>> Time: 0.974113
3, 13
 =====>>>> Time: 0.732485
3, 14
 =====>>>> Time: 0.0236627
3, 15
 =====>>>> Time: 0.0150294
4, 5
 =====>>>> Time: 0.00174102
4, 6
 =====>>>> Time: 0.000663421
4, 7
 =====>>>> Time: 0.0184919
4, 8
 =====>>>> Time: 0.0192504
4, 9
 =====>>>> Time: 0.056527
4, 10
 =====>>>> Time: 0.0207861
4, 11
 =====>>>> Time: 0.0286192
4, 12
 =====>>>> Time: 1.33697
4, 13
 =====>>>> Time: 0.965512
4, 14
 =====>>>> Time: 0.0398558
4, 15
 =====>>>> Time: 0.0670621
5, 6
 =====>>>> Time: 0.000950756
5, 7
 =====>>>> Time: 0.00150796
5, 8
 =====>>>> Time: 0.00183228
5, 9
 =====>>>> Time: 0.148429
5, 10
 =====>>>> Time: 0.114431
5, 11
 =====>>>> Time: 0.0355293
5, 12
 =====>>>> Time: 0.720048
5, 13
 =====>>>> Time: 0.758982
5, 14
 =====>>>> Time: 0.0313954
5, 15
 =====>>>> Time: 0.0282655
6, 7
 =====>>>> Time: 0.0018757
6, 8
 =====>>>> Time: 0.00186757
6, 9
 =====>>>> Time: 0.00248224
6, 10
 =====>>>> Time: 0.0401978
6, 11
 =====>>>> Time: 0.0674129
6, 12
 =====>>>> Time: 0.877433
6, 13
 =====>>>> Time: 6.62829
6, 14
 =====>>>> Time: 0.0778254
6, 15
 =====>>>> Time: 0.0793155
7, 8
 =====>>>> Time: 0.00137733
7, 9
 =====>>>> Time: 0.00176413
7, 10
 =====>>>> Time: 0.000733886
7, 11
 =====>>>> Time: 0.0247206
7, 12
 =====>>>> Time: 0.445706
7, 13
 =====>>>> Time: 0.567152
7, 14
 =====>>>> Time: 0.0553141
7, 15
 =====>>>> Time: 0.050158
8, 9
 =====>>>> Time: 0.0017745
8, 10
 =====>>>> Time: 0.000931706
8, 11
 =====>>>> Time: 0.000732578
8, 12
 =====>>>> Time: 0.00204732
8, 13
 =====>>>> Time: 0.432053
8, 14
 =====>>>> Time: 0.0612765
8, 15
 =====>>>> Time: 0.0487034
9, 10
 =====>>>> Time: 0.000918063
9, 11
 =====>>>> Time: 0.000833963
9, 12
 =====>>>> Time: 0.00249078
9, 13
 =====>>>> Time: 0.0821225
9, 14
 =====>>>> Time: 0.0490973
9, 15
 =====>>>> Time: 0.0645198
10, 11
 =====>>>> Time: 0.00089932
10, 12
 =====>>>> Time: 0.00298291
10, 13
 =====>>>> Time: 0.0474068
10, 14
 =====>>>> Time: 0.0240948
10, 15
 =====>>>> Time: 0.0287688
11, 12
 =====>>>> Time: 0.00166559
11, 13
 =====>>>> Time: 0.0312379
11, 14
 =====>>>> Time: 0.0210582
11, 15
 =====>>>> Time: 0.0195975
12, 13
 =====>>>> Time: 0.00230196
12, 14
 =====>>>> Time: 0.00249029
12, 15
 =====>>>> Time: 0.00208759
13, 14
 =====>>>> Time: 0.00297728
13, 15
 =====>>>> Time: 0.00195843
14, 15
 =====>>>> Time: 0.00197503
time: 0.225902
===>> All Done!
