NPROCS=0
===>> Begin!
0, 1
 =====>>>> Time: 64.1576
0, 2
 =====>>>> Time: 6.13731
0, 3
 =====>>>> Time: 6.14981
0, 4
 =====>>>> Time: 36.6224
0, 5
 =====>>>> Time: 600
0, 6
 =====>>>> Time: 600
0, 7
 =====>>>> Time: 600
0, 8
 =====>>>> Time: 205.339
0, 9
 =====>>>> Time: 600
0, 10
 =====>>>> Time: 600
0, 11
 =====>>>> Time: 600
0, 12
 =====>>>> Time: 526.966
0, 13
 =====>>>> Time: 277.367
0, 14
 =====>>>> Time: 104.437
0, 15
 =====>>>> Time: 40.5764
1, 2
 =====>>>> Time: 112.775
1, 3
 =====>>>> Time: 40.1142
1, 4
 =====>>>> Time: 600
1, 5
 =====>>>> Time: 600
1, 6
 =====>>>> Time: 600
1, 7
 =====>>>> Time: 600
1, 8
 =====>>>> Time: 530.843
1, 9
