104 0 1 0.00?1.623 = 0,39,10,19,30,15,56,66,47,57,20,1,
104 0 2 0.00?1.7289999999999999 = 0,39,10,19,30,15,56,66,47,57,35,2,
104 0 3 0.00?2.087 = 0,10,19,30,15,56,66,47,57,51,8,69,67,3,
104 0 4 0.00?2.274 = 0,10,19,30,66,56,44,43,36,53,21,45,4,
104 0 5 0.00?2.2169999999999996 = 0,39,32,52,62,12,42,54,16,46,25,31,5,
104 0 6 0.00?1.984 = 0,39,28,22,52,27,38,49,9,18,58,33,68,6,
104 0 7 0.00?1.812 = 0,39,22,52,27,38,49,9,18,58,33,23,7,
104 1 2 0.00?2.276 = 1,19,10,39,32,15,56,66,47,57,35,2,
104 1 3 0.00?2.1670000000000003 = 1,20,57,47,66,56,44,43,48,53,69,67,3,
104 1 4 0.00?2.176 = 1,20,57,47,66,56,44,43,36,53,21,45,4,
104 1 5 0.00?2.173 = 1,20,47,44,43,48,54,16,46,25,31,5,
104 1 6 0.00?2.2350000000000003 = 1,20,57,47,66,56,11,62,27,49,58,33,68,6,
104 1 7 0.00?1.8880000000000001 = 1,20,57,47,66,56,11,62,27,38,49,18,23,7,
104 2 3 0.00?2.263 = 2,35,57,47,66,56,44,43,36,53,69,67,13,3,
104 2 4 0.00?2.186 = 2,64,51,29,43,48,36,53,21,65,14,17,40,4,
104 2 5 0.00?2.016 = 2,60,51,29,43,48,54,37,16,46,25,31,5,
104 2 6 0.00?2.3400000000000003 = 2,35,57,47,66,56,11,62,27,38,58,33,68,6,
104 2 7 0.00?1.9820000000000002 = 2,35,57,47,56,11,62,27,38,49,9,18,23,7,
104 3 4 0.00?1.9849999999999999 = 3,67,69,53,21,37,16,46,25,61,17,40,4,
104 3 5 0.00?1.7889999999999997 = 3,13,67,69,53,21,37,16,46,25,31,5,
104 3 6 0.00?2.2560000000000002 = 3,13,67,69,53,36,48,42,12,34,24,55,26,6,
104 3 7 0.00?2.186 = 3,13,69,53,48,42,12,59,38,49,9,18,23,7,
104 4 5 0.00?1.4780000000000002 = 4,45,40,17,14,65,46,25,41,31,5,
104 4 6 0.00?2.0070000000000006 = 4,40,17,14,46,25,41,31,5,50,55,26,6,
104 4 7 0.00?2.114 = 4,40,14,46,16,54,42,12,59,38,49,9,18,23,7,
104 5 6 0.00?1.9540000000000002 = 5,31,41,25,46,16,34,24,55,26,6,
104 5 7 0.00?2.07 = 5,31,25,46,16,34,59,38,49,9,18,23,7,
104 6 7 0.00?2.355 = 6,68,33,58,18,9,49,38,27,52,32,22,28,63,7,
