98 0 1 0.00?2.196 = 0,63,48,38,59,68,60,18,15,57,17,52,1,
98 0 2 0.00?1.8060000000000003 = 0,63,48,38,59,17,15,57,19,23,2,
98 0 3 0.00?2.132 = 0,63,48,38,59,17,18,44,11,55,67,3,
98 0 4 0.00?2.221 = 0,63,48,38,34,8,66,16,12,46,29,4,
98 0 5 0.00?2.203 = 0,63,48,59,34,8,16,66,9,13,69,5,
98 0 6 0.00?1.9370000000000003 = 0,63,48,59,38,21,61,65,25,14,37,39,6,
98 0 7 0.00?1.9240000000000004 = 0,63,45,59,38,48,21,61,65,25,36,42,49,7,
98 1 2 0.00?1.892 = 1,52,17,57,15,18,44,11,55,67,26,23,2,
98 1 3 0.00?2.22 = 1,52,17,57,15,18,44,11,67,55,54,58,56,3,
98 1 4 0.00?2.1720000000000006 = 1,57,15,18,44,11,67,55,54,58,56,30,4,
98 1 5 0.00?2.381 = 1,52,17,60,68,8,66,16,12,46,29,10,5,
98 1 6 0.00?2.121 = 1,52,17,60,68,8,16,66,9,13,47,24,35,6,
98 1 7 0.00?2.2340000000000004 = 1,52,17,59,38,48,21,61,65,25,36,42,49,7,
98 2 3 0.00?1.7189999999999999 = 2,23,19,57,15,18,44,11,67,55,54,3,
98 2 4 0.00?1.6690000000000003 = 2,23,26,11,67,55,54,58,56,30,4,
98 2 5 0.00?2.015 = 2,23,26,67,55,54,58,56,30,29,10,5,
98 2 6 0.00?2.151 = 2,23,26,11,62,8,66,9,13,47,24,35,6,
98 2 7 0.00?1.978 = 2,23,19,57,17,59,38,48,21,43,7,
98 3 4 0.00?2.232 = 3,67,55,11,54,58,56,30,46,29,4,
98 3 5 0.00?2.2830000000000004 = 3,53,67,55,54,58,56,30,46,29,10,50,5,
98 3 6 0.00?2.255 = 3,56,58,33,64,16,66,9,13,47,24,37,6,
98 3 7 0.00?2.3120000000000003 = 3,67,55,11,44,18,17,59,38,21,43,7,
98 4 5 0.00?2.222 = 4,29,40,12,20,13,47,24,35,51,27,22,69,5,
98 4 6 0.00?1.963 = 4,29,40,46,12,16,66,9,13,47,24,35,6,
98 4 7 0.00?2.16 = 4,29,46,12,16,66,9,14,25,49,7,
98 5 6 0.00?1.8519999999999999 = 5,69,27,51,35,24,47,14,25,37,39,6,
98 5 7 0.00?1.7850000000000001 = 5,69,27,22,47,24,37,39,36,42,49,7,
98 6 7 0.00?1.9630000000000003 = 6,51,27,22,47,35,24,14,25,36,42,49,43,7,
