132 0 1 0.00?2.1260000000000003 = 0,8,11,34,41,55,16,47,30,59,48,36,53,52,1,
132 0 2 0.00?2.036 = 0,8,38,11,34,41,55,16,63,30,47,59,48,36,66,2,
132 0 3 0.00?2.409 = 0,8,46,69,57,12,64,51,60,39,62,20,3,
132 0 4 0.00?2.249 = 0,8,46,69,9,51,60,39,62,33,19,4,
132 0 5 0.00?2.189 = 0,8,46,43,67,42,61,22,15,18,56,5,
132 0 6 0.00?1.9309999999999998 = 0,8,46,43,67,28,10,25,31,68,17,6,
132 0 7 0.00?2.526 = 0,8,46,43,67,28,35,68,17,25,54,7,
132 1 2 0.00?1.766 = 1,52,55,57,64,12,63,30,59,48,2,
132 1 3 0.00?2.069 = 1,52,55,63,30,47,16,36,66,48,59,58,3,
132 1 4 0.00?2.015 = 1,52,55,57,9,51,60,13,26,19,4,
132 1 5 0.00?2.137 = 1,52,55,57,9,51,60,22,15,56,5,
132 1 6 0.00?2.089 = 1,52,55,57,9,27,42,35,31,17,6,
132 1 7 0.00?2.3520000000000003 = 1,52,55,63,12,57,69,46,29,32,23,7,
132 2 3 0.00?2.109 = 2,59,47,30,63,57,12,64,51,60,39,62,20,3,
132 2 4 0.00?1.955 = 2,59,47,30,63,12,64,51,60,13,33,26,19,4,
132 2 5 0.00?2.048 = 2,59,47,30,63,12,64,51,60,22,15,56,5,
132 2 6 0.00?2.076 = 2,59,30,63,12,64,9,27,42,35,31,17,6,
132 2 7 0.00?2.248 = 2,48,59,30,63,12,64,57,69,46,29,32,23,7,
132 3 4 0.00?2.2230000000000003 = 3,20,14,12,64,9,51,60,39,62,33,26,19,4,
132 3 5 0.00?2.32 = 3,20,62,39,60,51,27,61,22,15,18,56,5,
132 3 6 0.00?2.043 = 3,20,62,13,22,61,42,28,10,25,31,17,6,
132 3 7 0.00?2.4989999999999997 = 3,20,62,39,60,22,61,42,28,10,25,54,7,
132 4 5 0.00?1.972 = 4,19,26,33,62,39,60,22,15,18,56,5,
132 4 6 0.00?1.6789999999999998 = 4,19,40,24,15,18,65,37,68,31,17,6,
132 4 7 0.00?2.175 = 4,19,26,22,61,42,28,35,10,25,54,7,
132 5 6 0.00?1.47 = 5,56,24,15,18,65,37,68,31,17,6,
132 5 7 0.00?1.89 = 5,56,65,37,17,68,31,25,10,54,7,
132 6 7 0.00?1.8299999999999998 = 6,17,68,31,25,10,35,28,42,67,54,7,
