60 0 1 0.00?1.981 = 0,66,10,64,61,67,27,34,55,45,69,41,56,1,
60 0 2 0.00?2.309 = 0,57,66,10,64,67,27,34,55,45,29,13,2,
60 0 3 0.00?2.391 = 0,10,64,61,67,27,34,33,38,36,52,14,68,11,50,3,
60 0 4 0.00?2.3579999999999997 = 0,10,67,27,34,33,38,36,9,19,21,23,4,
60 0 5 0.00?1.9409999999999998 = 0,10,67,27,37,48,8,17,16,20,15,5,
60 0 6 0.00?1.7489999999999997 = 0,10,64,61,67,27,37,48,8,26,17,58,47,6,
60 0 7 0.00?1.5690000000000002 = 0,57,66,10,64,61,67,27,12,31,65,63,7,
60 1 2 0.00?2.4789999999999996 = 1,56,41,69,45,36,52,68,42,39,13,2,
60 1 3 0.00?2.407 = 1,56,41,69,45,36,25,9,52,14,68,11,50,3,
60 1 4 0.00?2.217 = 1,56,41,69,45,36,9,19,18,21,40,23,4,
60 1 5 0.00?2.0980000000000003 = 1,56,41,69,45,38,28,54,16,20,15,5,
60 1 6 0.00?2.128 = 1,56,41,69,45,38,28,17,8,58,47,6,
60 1 7 0.00?1.762 = 1,56,22,59,57,66,10,64,61,67,27,12,7,
60 2 3 0.00?1.996 = 2,13,39,42,68,14,52,9,19,21,43,50,3,
60 2 4 0.00?1.8310000000000002 = 2,13,39,42,68,14,52,9,19,21,23,4,
60 2 5 0.00?2.0980000000000003 = 2,13,42,14,52,9,25,54,16,20,15,5,
60 2 6 0.00?2.258 = 2,13,42,14,52,36,30,28,17,26,8,58,47,6,
60 2 7 0.00?2.306 = 2,24,49,56,22,57,66,10,67,27,12,7,
60 3 4 0.00?2.07 = 3,50,11,68,14,52,9,25,19,21,43,23,4,
60 3 5 0.00?1.986 = 3,50,43,21,19,9,25,35,16,20,15,5,
60 3 6 0.00?2.094 = 3,50,11,68,14,52,36,30,28,17,26,8,58,47,6,
60 3 7 0.00?2.3609999999999998 = 3,50,11,68,14,52,36,38,33,34,27,67,61,12,31,7,
60 4 5 0.00?1.753 = 4,23,43,40,21,62,32,35,16,20,15,5,
60 4 6 0.00?1.9449999999999998 = 4,23,21,18,25,30,28,17,26,8,58,47,6,
60 4 7 0.00?2.197 = 4,23,32,35,54,17,58,26,8,53,63,7,
60 5 6 0.00?1.4699999999999998 = 5,15,20,16,54,28,17,8,58,47,6,
60 5 7 0.00?1.597 = 5,15,20,16,17,58,26,8,53,63,7,
60 6 7 0.00?1.6900000000000002 = 6,47,58,17,26,8,48,46,27,67,61,12,7,
