130 0 1 0.00?2.15 = 0,8,16,49,47,29,51,18,57,46,24,1,
130 0 2 0.00?2.1450000000000005 = 0,62,37,24,46,57,39,52,23,48,60,2,
130 0 3 0.00?2.2629999999999995 = 0,62,37,46,57,18,41,56,53,31,34,3,
130 0 4 0.00?2.374 = 0,62,37,46,57,41,40,22,68,17,54,4,
130 0 5 0.00?2.418 = 0,13,51,18,41,30,40,22,68,12,26,20,5,
130 0 6 0.00?2.298 = 0,62,37,46,51,29,47,49,27,35,33,6,
130 0 7 0.00?2.1000000000000005 = 0,62,37,24,46,57,18,29,47,49,15,7,
130 1 2 0.00?2.058 = 1,24,46,51,18,57,39,66,60,48,2,
130 1 3 0.00?1.9820000000000002 = 1,63,52,23,48,60,21,53,31,50,3,
130 1 4 0.00?2.069 = 1,63,52,23,66,21,31,50,44,14,55,4,
130 1 5 0.00?2.215 = 1,24,46,57,41,40,45,22,12,26,20,5,
130 1 6 0.00?2.1279999999999997 = 1,24,46,57,41,30,25,27,35,33,6,
130 1 7 0.00?2.0180000000000002 = 1,37,24,46,57,18,29,47,49,15,7,
130 2 3 0.00?1.703 = 2,48,60,66,36,21,53,31,50,58,44,3,
130 2 4 0.00?1.557 = 2,48,60,21,53,31,50,44,14,55,54,4,
130 2 5 0.00?1.9829999999999999 = 2,48,60,21,53,64,38,45,22,12,26,20,5,
130 2 6 0.00?2.306 = 2,48,60,21,53,64,38,68,12,67,10,33,6,
130 2 7 0.00?2.1630000000000003 = 2,60,48,23,52,39,57,18,29,47,49,15,7,
130 3 4 0.00?1.7469999999999999 = 3,65,21,36,53,31,50,58,44,14,55,54,4,
130 3 5 0.00?1.941 = 3,50,31,53,64,17,68,45,22,12,26,20,5,
130 3 6 0.00?2.078 = 3,34,31,64,38,68,22,69,9,27,35,33,6,
130 3 7 0.00?2.3370000000000006 = 3,34,31,64,38,45,40,61,30,29,47,49,15,7,
130 4 5 0.00?1.9249999999999998 = 4,54,55,14,44,58,64,38,45,22,12,26,20,5,
130 4 6 0.00?1.885 = 4,32,19,59,26,67,9,27,35,33,6,
130 4 7 0.00?2.3120000000000003 = 4,19,17,68,22,45,40,61,30,29,47,49,15,7,
130 5 6 0.00?2.09 = 5,20,26,12,68,22,40,69,9,27,35,33,6,
130 5 7 0.00?2.3300000000000005 = 5,20,26,12,68,22,40,61,30,29,47,49,15,7,
130 6 7 0.00?2.306 = 6,33,35,27,9,25,30,18,29,47,49,15,7,
