121 0 1 0.00?2.202 = 0,9,19,49,20,13,56,51,25,54,31,1,
121 0 2 0.00?1.9649999999999999 = 0,62,66,51,25,54,31,29,30,59,63,2,
121 0 3 0.00?2.245 = 0,9,49,20,37,34,43,60,57,32,28,3,
121 0 4 0.00?2.252 = 0,9,49,20,37,34,43,60,57,32,22,4,
121 0 5 0.00?2.1210000000000004 = 0,9,19,45,39,24,44,46,68,12,53,5,
121 0 6 0.00?2.4829999999999997 = 0,9,19,49,20,33,37,69,50,24,55,6,
121 0 7 0.00?2.5140000000000002 = 0,66,62,25,54,31,29,51,9,19,47,7,
121 1 2 0.00?1.803 = 1,62,66,51,25,54,31,26,30,59,63,2,
121 1 3 0.00?2.06 = 1,54,31,29,17,21,64,60,57,18,32,28,3,
121 1 4 0.00?2.0669999999999997 = 1,54,31,29,17,21,64,60,57,18,32,22,4,
121 1 5 0.00?2.1700000000000004 = 1,25,51,56,20,33,69,50,42,12,53,5,
121 1 6 0.00?2.311 = 1,25,51,56,13,37,69,50,24,55,6,
121 1 7 0.00?2.3149999999999995 = 1,54,25,51,56,20,33,45,58,16,47,7,
121 2 3 0.00?1.792 = 2,63,59,17,21,64,60,57,18,32,61,28,3,
121 2 4 0.00?1.9300000000000002 = 2,63,59,17,21,64,60,57,18,32,61,22,4,
121 2 5 0.00?2.2409999999999997 = 2,41,64,60,57,18,32,36,38,27,65,40,5,
121 2 6 0.00?2.4879999999999995 = 2,63,59,17,21,35,34,37,33,69,50,24,55,6,
121 2 7 0.00?2.3979999999999997 = 2,63,59,30,29,54,25,51,9,19,47,7,
121 3 4 0.00?1.58 = 3,28,61,32,18,60,57,36,38,27,10,4,
121 3 5 0.00?1.8030000000000002 = 3,28,32,18,60,57,36,38,27,10,40,53,5,
121 3 6 0.00?2.11 = 3,28,32,18,57,36,38,27,65,42,44,24,55,6,
121 3 7 0.00?2.2430000000000003 = 3,28,32,18,57,60,43,34,37,33,45,47,7,
121 4 5 0.00?1.7950000000000002 = 4,10,27,65,42,24,44,46,67,12,53,5,
121 4 6 0.00?1.836 = 4,52,40,5,53,12,68,67,46,44,24,55,6,
121 4 7 0.00?2.25 = 4,22,32,18,57,60,43,34,37,33,45,47,7,
121 5 6 0.00?2.0700000000000003 = 5,53,12,68,67,46,44,24,39,45,16,15,48,6,
121 5 7 0.00?1.7670000000000001 = 5,53,12,68,67,46,44,24,39,48,15,16,47,7,
121 6 7 0.00?2.282 = 6,55,68,5,53,12,67,46,44,24,39,58,16,7,
