99 0 1 0.00?1.6620000000000001 = 0,15,44,55,66,40,48,14,36,23,57,68,1,
99 0 2 0.00?1.7890000000000001 = 0,25,55,66,40,48,14,57,36,23,46,16,2,
99 0 3 0.00?2.1639999999999997 = 0,25,55,66,14,36,38,63,32,52,37,3,
99 0 4 0.00?2.2870000000000004 = 0,15,44,50,53,51,24,69,58,21,8,47,4,
99 0 5 0.00?2.3430000000000004 = 0,25,55,66,44,50,53,51,24,19,17,29,11,5,
99 0 6 0.00?2.467 = 0,25,55,66,40,14,44,43,50,41,10,54,34,33,27,6,
99 0 7 0.00?2.075 = 0,25,55,66,40,48,14,44,50,41,10,54,33,34,7,
99 1 2 0.00?1.446 = 1,68,48,40,66,14,57,23,46,16,2,
99 1 3 0.00?1.801 = 1,68,57,36,38,63,32,9,52,37,3,
99 1 4 0.00?1.9 = 1,68,57,36,38,63,65,58,21,8,4,
99 1 5 0.00?2.103 = 1,68,57,36,38,53,51,24,59,67,11,5,
99 1 6 0.00?2.1759999999999997 = 1,68,48,40,66,44,50,41,10,54,34,33,27,6,
99 1 7 0.00?1.7979999999999998 = 1,68,48,40,66,55,44,50,41,10,54,33,34,7,
99 2 3 0.00?2.0989999999999998 = 2,16,13,18,64,37,52,9,58,56,28,35,3,
99 2 4 0.00?1.584 = 2,18,64,37,52,9,58,21,8,47,4,
99 2 5 0.00?2.083 = 2,18,64,37,52,9,58,21,8,62,5,
99 2 6 0.00?2.452 = 2,18,64,37,52,9,32,65,24,59,31,45,22,6,
99 2 7 0.00?2.258 = 2,16,46,23,57,14,48,40,66,44,43,15,42,7,
99 3 4 0.00?1.4739999999999998 = 3,37,52,9,32,65,58,21,8,47,4,
99 3 5 0.00?1.8170000000000002 = 3,37,52,9,58,21,8,49,39,29,11,5,
99 3 6 0.00?2.19 = 3,37,52,9,58,21,49,17,67,45,22,6,
99 3 7 0.00?2.198 = 3,37,32,65,51,20,30,41,10,54,33,34,7,
99 4 5 0.00?1.6610000000000003 = 4,47,8,21,58,49,69,19,17,39,29,11,5,
99 4 6 0.00?1.979 = 4,47,8,21,58,69,19,17,29,67,45,22,6,
99 4 7 0.00?2.0839999999999996 = 4,8,21,58,69,24,20,30,54,33,34,7,
99 5 6 0.00?2.2110000000000003 = 5,11,29,39,17,19,24,51,53,20,45,22,6,
99 5 7 0.00?1.9909999999999999 = 5,11,29,17,19,24,20,30,10,54,33,34,7,
99 6 7 0.00?2.151 = 6,22,45,20,51,53,30,41,10,54,33,34,7,
