87 0 1 0.00?1.962 = 0,38,62,20,40,15,16,44,14,22,49,33,1,
87 0 2 0.00?2.3080000000000003 = 0,57,49,22,14,44,30,43,10,32,48,2,
87 0 3 0.00?2.266 = 0,57,49,22,14,30,42,31,25,23,8,37,3,
87 0 4 0.00?2.248 = 0,21,44,16,36,29,47,69,25,11,34,41,4,
87 0 5 0.00?2.0940000000000003 = 0,21,44,16,36,39,17,68,61,24,35,46,60,5,
87 0 6 0.00?1.874 = 0,38,62,20,44,16,15,28,51,52,64,6,
87 0 7 0.00?1.835 = 0,57,49,22,14,44,16,15,40,67,28,56,7,
87 1 2 0.00?2.5740000000000003 = 1,48,32,10,42,31,29,47,69,25,23,8,18,26,2,
87 1 3 0.00?2.3970000000000002 = 1,54,10,42,31,29,47,69,25,11,34,58,3,
87 1 4 0.00?2.3120000000000003 = 1,54,10,42,31,47,69,25,11,55,34,41,4,
87 1 5 0.00?2.3100000000000005 = 1,54,10,42,31,69,63,61,24,35,46,60,5,
87 1 6 0.00?2.1550000000000002 = 1,33,49,22,14,44,16,15,28,51,64,6,
87 1 7 0.00?2.1470000000000002 = 1,33,49,57,22,14,44,16,15,40,67,28,56,7,
87 2 3 0.00?2.5060000000000002 = 2,32,10,42,31,29,47,69,25,11,55,37,3,
87 2 4 0.00?2.434 = 2,26,18,42,31,29,47,69,25,11,55,34,41,4,
87 2 5 0.00?2.3200000000000003 = 2,26,18,8,55,11,53,63,61,24,59,46,60,5,
87 2 6 0.00?2.3240000000000003 = 2,26,18,8,55,11,53,63,61,68,17,6,
87 2 7 0.00?2.4220000000000006 = 2,48,32,10,43,14,44,16,15,40,20,67,7,
87 3 4 0.00?2.353 = 3,37,8,42,31,29,47,69,25,11,34,41,4,
87 3 5 0.00?1.941 = 3,37,55,11,53,63,61,24,35,46,60,5,
87 3 6 0.00?2.0210000000000004 = 3,37,55,11,53,63,61,24,35,59,6,
87 3 7 0.00?2.2550000000000003 = 3,37,55,11,53,63,61,68,17,50,52,51,28,7,
87 4 5 0.00?1.8830000000000002 = 4,41,34,11,53,63,61,24,35,46,60,5,
87 4 6 0.00?1.911 = 4,41,9,53,63,61,68,17,50,64,6,
87 4 7 0.00?2.02 = 4,41,9,53,63,61,68,17,50,52,64,56,7,
87 5 6 0.00?1.648 = 5,60,46,35,24,61,68,17,50,52,64,6,
87 5 7 0.00?1.73 = 5,60,46,35,24,61,68,17,50,52,64,56,7,
87 6 7 0.00?1.81 = 6,59,35,24,61,68,17,50,52,64,56,7,
