45 0 1 0.00?2.3160000000000003 = 0,21,45,51,24,66,8,48,56,54,69,1,
45 0 2 0.00?2.2620000000000005 = 0,21,45,29,38,65,18,12,60,49,8,48,56,2,
45 0 3 0.00?2.3410000000000006 = 0,21,45,29,38,51,24,47,8,48,56,36,3,
45 0 4 0.00?2.295 = 0,21,45,29,38,66,49,43,40,42,22,61,4,
45 0 5 0.00?2.1839999999999997 = 0,21,45,29,38,65,18,12,60,64,57,33,19,5,
45 0 6 0.00?2.0780000000000003 = 0,21,45,29,38,18,12,60,63,14,28,31,55,6,
45 0 7 0.00?2.0410000000000004 = 0,21,45,29,38,18,12,60,63,14,28,37,46,25,7,
45 1 2 0.00?2.1790000000000003 = 1,24,51,38,65,18,12,49,8,48,56,2,
45 1 3 0.00?2.2310000000000003 = 1,47,24,51,38,66,8,48,56,36,3,
45 1 4 0.00?2.25 = 1,24,51,38,18,12,60,68,42,22,61,4,
45 1 5 0.00?2.1119999999999997 = 1,24,66,65,18,12,60,64,57,33,19,5,
45 1 6 0.00?2.011 = 1,24,66,65,18,12,63,14,28,31,55,6,
45 1 7 0.00?1.992 = 1,24,66,65,18,12,60,63,14,28,37,32,25,7,
45 2 3 0.00?2.405 = 2,56,48,8,9,39,43,40,42,22,61,13,3,
45 2 4 0.00?2.0869999999999997 = 2,56,48,8,9,39,43,40,42,22,61,17,4,
45 2 5 0.00?2.04 = 2,56,48,9,39,43,40,42,22,61,17,67,5,
45 2 6 0.00?2.129 = 2,56,48,8,49,60,63,14,28,31,55,6,
45 2 7 0.00?2.092 = 2,56,48,8,49,60,63,14,28,37,46,25,7,
45 3 4 0.00?2.31 = 3,36,48,8,9,39,43,40,42,22,61,4,
45 3 5 0.00?2.114 = 3,44,9,39,43,40,42,22,61,17,34,67,5,
45 3 6 0.00?2.2700000000000005 = 3,13,40,43,68,59,57,64,53,31,55,6,
45 3 7 0.00?2.233 = 3,44,9,49,60,63,14,28,37,46,41,25,7,
45 4 5 0.00?2.045 = 4,52,13,40,42,22,61,17,67,19,5,
45 4 6 0.00?2.06 = 4,61,22,42,59,57,64,14,28,31,55,6,
45 4 7 0.00?2.0229999999999997 = 4,61,22,42,59,57,64,14,28,37,46,25,7,
45 5 6 0.00?1.877 = 5,19,26,33,53,64,14,28,31,55,6,
45 5 7 0.00?1.847 = 5,67,26,33,57,64,14,28,37,46,25,7,
45 6 7 0.00?1.8470000000000002 = 6,55,31,53,64,14,28,37,46,41,25,7,
