21 0 1 0.00?2.201 = 0,31,55,35,25,14,16,8,41,56,53,11,60,51,1,
21 0 2 0.00?2.178 = 0,16,14,8,41,53,11,23,68,59,61,28,21,18,2,
21 0 3 0.00?2.2689999999999997 = 0,16,14,17,20,32,24,33,67,64,3,
21 0 4 0.00?2.088 = 0,16,14,17,20,32,33,36,43,4,
21 0 5 0.00?2.2 = 0,16,14,17,57,40,45,62,52,30,65,5,
21 0 6 0.00?1.838 = 0,16,14,25,55,35,9,44,13,69,26,6,
21 0 7 0.00?1.887 = 0,12,56,53,8,41,16,14,25,35,55,31,7,
21 1 2 0.00?2.152 = 1,51,60,56,41,8,53,11,54,22,23,68,59,61,28,21,18,2,
21 1 3 0.00?2.38 = 1,51,60,53,41,8,14,17,20,32,33,66,64,3,
21 1 4 0.00?2.2030000000000003 = 1,63,21,28,27,61,59,38,66,67,37,15,43,4,
21 1 5 0.00?2.2620000000000005 = 1,51,60,53,11,54,22,17,57,40,45,62,30,65,5,
21 1 6 0.00?2.0340000000000003 = 1,51,60,53,41,8,14,25,9,44,13,69,26,6,
21 1 7 0.00?1.786 = 1,51,60,56,53,8,41,16,14,25,35,55,31,7,
21 2 3 0.00?2.127 = 2,18,21,28,61,59,68,20,32,33,67,64,3,
21 2 4 0.00?1.934 = 2,18,21,28,27,61,59,38,66,67,37,15,43,4,
21 2 5 0.00?2.2570000000000006 = 2,18,21,28,61,27,68,20,32,45,62,30,65,5,
21 2 6 0.00?2.281 = 2,18,21,61,27,68,20,32,45,62,34,26,6,
21 2 7 0.00?2.175 = 2,18,21,28,23,22,8,41,16,25,35,55,31,7,
21 3 4 0.00?2.054 = 3,29,58,38,20,32,33,66,67,37,15,4,
21 3 5 0.00?2.364 = 3,37,15,36,67,66,33,24,45,62,30,65,5,
21 3 6 0.00?2.128 = 3,64,66,33,24,62,19,13,69,26,50,6,
21 3 7 0.00?2.149 = 3,64,66,33,24,45,40,57,44,9,7,
21 4 5 0.00?2.165 = 4,43,15,37,67,66,33,24,62,30,65,5,
21 4 6 0.00?2.043 = 4,43,24,62,19,13,69,26,50,6,
21 4 7 0.00?2.089 = 4,43,36,33,24,45,40,57,9,7,
21 5 6 0.00?1.946 = 5,65,30,62,45,40,57,19,34,69,26,6,
21 5 7 0.00?2.028 = 5,65,30,62,45,40,57,19,44,9,7,
21 6 7 0.00?1.4369999999999998 = 6,50,26,69,13,44,9,35,55,31,7,
