52 0 1 0.00?1.873 = 0,52,17,23,9,20,33,10,66,25,51,1,
52 0 2 0.00?2.069 = 0,52,17,23,9,20,33,10,66,57,69,2,
52 0 3 0.00?2.1229999999999998 = 0,52,17,23,9,20,33,46,30,45,43,60,3,
52 0 4 0.00?2.253 = 0,52,17,23,9,36,68,59,31,12,67,48,4,
52 0 5 0.00?2.02 = 0,44,65,42,61,34,40,18,11,13,29,5,
52 0 6 0.00?2.129 = 0,52,27,17,23,9,20,36,64,62,34,53,14,6,
52 0 7 0.00?2.094 = 0,52,17,23,9,20,36,61,42,65,44,28,7,
52 1 2 0.00?1.9130000000000003 = 1,51,25,66,10,46,43,60,8,54,69,2,
52 1 3 0.00?2.044 = 1,51,25,15,10,33,46,30,45,43,60,3,
52 1 4 0.00?1.9809999999999999 = 1,25,66,10,46,30,22,55,21,41,49,4,
52 1 5 0.00?2.093 = 1,25,66,10,33,68,59,18,13,29,5,
52 1 6 0.00?2.036 = 1,51,25,15,23,9,36,64,62,34,53,14,6,
52 1 7 0.00?1.9860000000000002 = 1,51,25,66,10,33,20,36,61,63,7,
52 2 3 0.00?2.2219999999999995 = 2,69,57,25,66,10,33,46,30,45,22,37,3,
52 2 4 0.00?1.8479999999999999 = 2,69,54,8,60,43,45,30,22,55,21,41,49,4,
52 2 5 0.00?2.105 = 2,69,54,60,43,45,30,31,18,13,29,5,
52 2 6 0.00?2.173 = 2,54,10,33,20,36,64,62,34,53,14,6,
52 2 7 0.00?2.189 = 2,69,57,66,10,33,20,9,61,63,7,
52 3 4 0.00?2.3039999999999994 = 3,8,60,43,46,30,45,22,55,21,41,49,67,48,4,
52 3 5 0.00?2.111 = 3,37,55,21,41,49,4,48,32,13,29,5,
52 3 6 0.00?2.2399999999999998 = 3,60,43,46,33,20,36,64,62,34,53,14,6,
52 3 7 0.00?2.2430000000000003 = 3,60,43,45,30,46,33,20,9,61,63,7,
52 4 5 0.00?1.8530000000000002 = 4,49,41,21,55,12,31,18,11,13,29,5,
52 4 6 0.00?2.088 = 4,67,48,47,58,5,29,13,11,50,56,53,14,6,
52 4 7 0.00?2.373 = 4,67,12,31,59,68,36,61,42,65,44,28,7,
52 5 6 0.00?1.957 = 5,58,29,47,32,13,11,18,56,50,53,14,6,
52 5 7 0.00?2.1069999999999998 = 5,29,13,18,40,34,61,42,65,44,28,7,
52 6 7 0.00?2.129 = 6,14,53,56,34,62,61,26,27,42,65,44,28,63,7,
