50 0 1 0.00?1.5880000000000003 = 0,59,23,50,14,47,20,28,45,12,33,65,24,1,
50 0 2 0.00?1.9749999999999999 = 0,59,23,50,14,47,20,28,45,48,38,52,2,
50 0 3 0.00?2.0309999999999997 = 0,59,50,47,20,11,35,8,57,56,19,62,22,3,
50 0 4 0.00?2.322 = 0,59,50,47,20,11,35,8,30,56,19,10,16,4,
50 0 5 0.00?2.3770000000000002 = 0,59,14,34,18,54,68,67,58,61,37,5,
50 0 6 0.00?2.11 = 0,59,14,47,20,11,51,54,68,67,58,61,6,
50 0 7 0.00?2.195 = 0,23,49,24,65,12,45,28,20,47,14,32,39,7,
50 1 2 0.00?1.864 = 1,24,65,33,47,20,28,45,48,38,52,2,
50 1 3 0.00?1.9589999999999999 = 1,65,12,28,45,11,35,8,57,56,19,62,22,3,
50 1 4 0.00?2.157 = 1,24,65,38,52,56,19,62,17,43,21,4,
50 1 5 0.00?2.325 = 1,24,65,45,28,47,20,11,35,51,54,55,13,5,
50 1 6 0.00?2.051 = 1,24,65,12,28,45,11,51,54,68,67,58,61,6,
50 1 7 0.00?2.0 = 1,65,24,49,33,12,45,28,20,47,14,32,39,7,
50 2 3 0.00?1.9400000000000002 = 2,52,38,27,30,8,57,56,19,62,22,3,
50 2 4 0.00?1.9360000000000002 = 2,46,52,56,19,62,17,10,16,21,69,4,
50 2 5 0.00?2.2569999999999997 = 2,46,52,56,57,9,64,44,31,29,63,66,13,5,
50 2 6 0.00?2.106 = 2,52,30,8,51,54,68,67,58,61,6,
50 2 7 0.00?2.225 = 2,52,27,38,48,45,12,28,20,47,14,32,39,7,
50 3 4 0.00?1.983 = 3,22,17,62,19,44,64,31,16,21,69,4,
50 3 5 0.00?2.0420000000000003 = 3,22,62,19,56,57,9,44,31,29,63,66,13,5,
50 3 6 0.00?2.193 = 3,22,62,19,56,9,51,54,68,67,58,61,6,
50 3 7 0.00?2.3320000000000003 = 3,22,62,19,56,57,9,51,54,68,26,60,36,7,
50 4 5 0.00?2.1950000000000003 = 4,21,69,43,17,62,19,44,31,29,63,66,5,
50 4 6 0.00?2.082 = 4,69,21,16,31,44,64,55,67,58,61,6,
50 4 7 0.00?2.2860000000000005 = 4,21,16,31,44,64,55,67,26,40,60,36,7,
50 5 6 0.00?1.8559999999999999 = 5,37,61,58,67,26,40,15,41,6,
50 5 7 0.00?1.944 = 5,37,61,58,67,26,40,41,15,36,7,
50 6 7 0.00?1.718 = 6,61,58,67,68,26,40,41,15,36,7,
