14 0 1 0.00?2.029 = 0,24,49,48,58,11,10,19,51,20,66,40,8,1,
14 0 2 0.00?2.2370000000000005 = 0,24,48,58,66,20,8,40,1,38,60,68,25,2,
14 0 3 0.00?2.492 = 0,24,48,58,11,10,19,51,67,37,65,32,9,36,63,3,
14 0 4 0.00?2.2969999999999997 = 0,24,48,58,11,10,15,12,45,23,41,57,13,4,
14 0 5 0.00?2.126 = 0,29,64,47,28,55,26,59,39,54,31,5,
14 0 6 0.00?2.4640000000000004 = 0,29,18,64,47,28,55,26,59,39,54,22,6,
14 0 7 0.00?2.1510000000000007 = 0,24,66,40,8,20,58,48,49,64,18,46,7,
14 1 2 0.00?2.186 = 1,40,8,20,66,24,48,58,19,51,30,68,2,
14 1 3 0.00?2.118 = 1,40,8,20,51,67,37,65,32,9,36,63,3,
14 1 4 0.00?2.126 = 1,8,51,67,65,32,9,56,69,13,4,
14 1 5 0.00?2.129 = 1,40,8,20,19,10,15,12,45,42,31,5,
14 1 6 0.00?2.242 = 1,40,8,20,58,48,49,29,18,64,47,35,6,
14 1 7 0.00?1.642 = 1,40,8,20,58,48,49,64,29,18,46,7,
14 2 3 0.00?2.502 = 2,25,61,32,9,56,69,57,13,16,4,63,36,3,
14 2 4 0.00?1.934 = 2,25,61,32,9,56,69,41,16,13,4,
14 2 5 0.00?2.1710000000000003 = 2,68,30,65,14,45,27,39,54,31,21,5,
14 2 6 0.00?2.4360000000000004 = 2,68,30,67,37,14,45,27,59,26,55,62,6,
14 2 7 0.00?2.229 = 2,68,60,38,8,40,20,66,58,48,49,29,18,46,7,
14 3 4 0.00?1.719 = 3,63,36,32,9,56,69,41,53,16,57,13,4,
14 3 5 0.00?1.6570000000000003 = 3,36,9,56,69,13,16,41,33,21,5,
14 3 6 0.00?2.1260000000000003 = 3,63,36,9,32,14,45,27,59,26,55,62,6,
14 3 7 0.00?2.361 = 3,32,14,45,27,39,59,26,55,28,47,7,
14 4 5 0.00?1.457 = 4,13,16,41,23,45,27,39,54,31,5,
14 4 6 0.00?1.748 = 4,13,16,41,23,45,27,59,26,55,62,6,
14 4 7 0.00?1.9910000000000003 = 4,13,57,41,23,45,27,59,26,55,28,47,7,
14 5 6 0.00?1.7 = 5,21,31,42,45,27,54,39,59,26,55,62,6,
14 5 7 0.00?1.7510000000000001 = 5,21,31,54,39,27,59,26,55,62,28,47,7,
14 6 7 0.00?2.0940000000000003 = 6,22,59,26,55,28,47,64,29,18,46,7,
