29 0 1 0.00?1.8610000000000002 = 0,43,41,21,53,10,26,57,19,45,1,
29 0 2 0.00?1.9829999999999999 = 0,43,41,21,53,10,26,19,45,14,2,
29 0 3 0.00?2.275 = 0,43,41,21,53,24,61,47,29,50,32,3,
29 0 4 0.00?2.35 = 0,43,41,21,24,34,54,35,65,48,22,44,4,
29 0 5 0.00?2.076 = 0,31,39,51,62,38,69,67,68,8,30,58,36,5,
29 0 6 0.00?2.006 = 0,31,39,51,62,38,27,23,40,66,49,28,6,
29 0 7 0.00?1.921 = 0,31,39,51,62,38,60,27,18,23,40,66,7,
29 1 2 0.00?1.843 = 1,55,41,21,53,10,26,57,19,45,2,
29 1 3 0.00?1.945 = 1,45,19,57,26,10,61,47,16,29,50,32,3,
29 1 4 0.00?2.1860000000000004 = 1,19,57,53,21,24,34,54,35,65,48,12,4,
29 1 5 0.00?2.262 = 1,55,41,21,24,34,42,68,30,58,36,5,
29 1 6 0.00?2.1350000000000002 = 1,19,57,53,24,34,42,68,8,56,6,
29 1 7 0.00?1.8800000000000001 = 1,19,57,53,21,41,62,38,27,23,7,
29 2 3 0.00?2.0220000000000002 = 2,14,45,19,57,26,10,47,29,50,32,3,
29 2 4 0.00?2.3140000000000005 = 2,14,26,10,53,21,24,34,54,35,48,12,13,4,
29 2 5 0.00?2.3840000000000003 = 2,14,26,10,24,34,42,68,30,58,9,15,5,
29 2 6 0.00?2.2630000000000003 = 2,14,26,10,53,24,34,42,68,8,56,6,
29 2 7 0.00?2.008 = 2,14,26,10,53,21,41,62,38,27,23,7,
29 3 4 0.00?2.2070000000000003 = 3,32,50,29,52,48,65,22,63,64,44,13,4,
29 3 5 0.00?2.4690000000000003 = 3,12,22,63,46,25,68,8,30,58,36,5,
29 3 6 0.00?2.423 = 3,12,48,22,63,46,58,30,68,8,56,6,
29 3 7 0.00?2.3610000000000007 = 3,32,50,29,47,61,24,34,38,27,23,7,
29 4 5 0.00?2.091 = 4,44,64,22,63,46,25,68,8,30,58,9,15,5,
29 4 6 0.00?1.995 = 4,13,44,64,63,46,58,30,8,68,67,28,56,6,
29 4 7 0.00?1.964 = 4,44,64,63,46,25,68,67,69,60,23,7,
29 5 6 0.00?1.974 = 5,36,9,58,30,8,68,67,69,37,49,28,56,6,
29 5 7 0.00?1.7890000000000001 = 5,36,9,58,30,8,68,67,69,60,23,18,7,
29 6 7 0.00?1.8039999999999998 = 6,56,28,8,68,67,69,60,40,23,18,7,
