128 0 1 0.00?1.8519999999999999 = 0,68,62,65,30,15,26,17,67,28,47,1,
128 0 2 0.00?1.9999999999999996 = 0,68,67,21,17,8,24,14,59,48,35,9,40,32,2,
128 0 3 0.00?2.101 = 0,68,67,21,17,8,24,14,59,46,23,18,54,3,
128 0 4 0.00?2.2579999999999996 = 0,68,67,21,17,26,66,25,49,41,51,38,4,
128 0 5 0.00?2.054 = 0,68,67,21,26,66,52,19,44,57,34,5,
128 0 6 0.00?1.882 = 0,68,62,15,21,17,26,66,52,56,6,
128 0 7 0.00?1.584 = 0,10,62,68,67,21,17,26,15,30,65,7,
128 1 2 0.00?2.1220000000000003 = 1,43,20,45,35,48,14,59,46,23,18,40,32,2,
128 1 3 0.00?1.9740000000000004 = 1,60,13,9,45,35,46,23,18,12,53,54,3,
128 1 4 0.00?2.277 = 1,43,20,45,9,35,23,12,53,55,50,36,69,38,4,
128 1 5 0.00?2.53 = 1,47,28,67,21,26,66,52,19,44,57,34,5,
128 1 6 0.00?2.206 = 1,47,28,67,21,17,26,66,52,56,6,
128 1 7 0.00?1.816 = 1,47,11,28,68,67,21,17,26,15,30,7,
128 2 3 0.00?1.478 = 2,32,40,9,45,35,46,23,18,12,54,3,
128 2 4 0.00?1.8260000000000005 = 2,32,40,18,23,12,53,55,50,36,69,38,4,
128 2 5 0.00?2.234 = 2,32,40,18,12,53,50,33,36,69,38,37,5,
128 2 6 0.00?2.212 = 2,32,40,9,35,48,59,14,64,25,52,56,6,
128 2 7 0.00?2.085 = 2,9,35,48,59,14,24,8,17,21,15,30,7,
128 3 4 0.00?1.8610000000000002 = 3,58,18,23,12,53,50,36,69,38,4,
128 3 5 0.00?2.0679999999999996 = 3,54,53,55,50,33,36,69,38,51,37,5,
128 3 6 0.00?2.206 = 3,36,69,38,51,41,49,19,44,6,
128 3 7 0.00?2.21 = 3,54,12,46,59,14,24,8,17,21,15,30,7,
128 4 5 0.00?2.1949999999999994 = 4,69,38,51,41,29,49,19,44,57,34,5,
128 4 6 0.00?2.3139999999999996 = 4,69,38,51,41,29,49,19,44,57,61,6,
128 4 7 0.00?2.3529999999999998 = 4,38,51,29,25,66,26,17,21,15,30,7,
128 5 6 0.00?2.276 = 5,16,34,61,57,44,19,49,52,56,6,
128 5 7 0.00?2.151 = 5,16,19,52,66,26,17,21,15,30,7,
128 6 7 0.00?1.915 = 6,56,52,66,26,17,21,15,30,7,
