110 0 1 0.00?1.523 = 0,66,68,15,49,29,26,42,38,50,24,1,
110 0 2 0.00?1.9549999999999998 = 0,66,68,15,49,29,26,42,38,50,24,27,36,69,2,
110 0 3 0.00?2.0880000000000005 = 0,66,15,49,51,22,30,47,40,64,60,8,3,
110 0 4 0.00?2.196 = 0,66,15,68,58,65,39,17,37,11,4,
110 0 5 0.00?2.045 = 0,66,15,68,58,65,39,12,18,62,41,5,
110 0 6 0.00?1.6869999999999998 = 0,66,68,58,55,35,10,57,9,25,6,
110 0 7 0.00?1.4220000000000002 = 0,66,68,15,49,58,55,35,43,10,32,34,7,
110 1 2 0.00?2.1829999999999994 = 1,26,42,38,29,51,22,30,47,23,46,69,2,
110 1 3 0.00?1.8540000000000003 = 1,26,42,38,29,23,40,64,60,8,3,
110 1 4 0.00?2.145 = 1,26,42,38,23,40,64,60,59,11,44,4,
110 1 5 0.00?2.205 = 1,26,42,29,30,22,17,37,16,41,5,
110 1 6 0.00?1.997 = 1,26,29,30,17,20,12,13,33,9,25,6,
110 1 7 0.00?1.6610000000000003 = 1,49,15,66,68,58,55,35,10,32,7,
110 2 3 0.00?2.2730000000000006 = 2,69,36,50,26,42,38,23,40,64,60,8,3,
110 2 4 0.00?2.6109999999999998 = 2,69,46,23,40,64,60,8,3,56,59,67,44,4,
110 2 5 0.00?2.522 = 2,69,46,23,47,17,12,13,18,62,16,41,5,
110 2 6 0.00?2.2720000000000002 = 2,69,46,23,40,47,17,20,12,13,33,9,25,6,
110 2 7 0.00?2.158 = 2,69,46,23,47,17,20,12,39,65,31,10,32,7,
110 3 4 0.00?2.213 = 3,8,56,59,60,64,28,37,11,44,4,
110 3 5 0.00?1.932 = 3,8,56,59,44,11,63,61,16,41,5,
110 3 6 0.00?2.317 = 3,8,60,64,40,47,17,12,13,33,9,25,6,
110 3 7 0.00?2.175 = 3,8,60,64,40,47,17,12,54,10,32,7,
110 4 5 0.00?2.3760000000000003 = 4,44,11,59,60,64,28,37,16,61,63,14,5,
110 4 6 0.00?2.266 = 4,44,11,37,17,20,12,13,33,9,25,6,
110 4 7 0.00?2.2169999999999996 = 4,44,11,37,17,12,39,65,31,10,32,7,
110 5 6 0.00?2.164 = 5,41,16,37,17,20,12,13,33,9,25,6,
110 5 7 0.00?2.0060000000000002 = 5,14,63,61,16,62,18,48,13,33,57,10,32,7,
110 6 7 0.00?1.857 = 6,25,9,33,13,12,17,39,65,31,10,32,7,
