3 0 1 0.00?1.756 = 0,22,21,68,36,8,32,10,17,62,58,13,1,
3 0 2 0.00?2.119 = 0,22,21,68,41,8,32,10,17,62,58,13,63,50,2,
3 0 3 0.00?2.242 = 0,22,21,32,17,62,58,33,35,65,9,37,3,
3 0 4 0.00?2.251 = 0,22,21,68,36,53,51,28,60,47,69,52,4,
3 0 5 0.00?2.234 = 0,14,15,12,54,27,11,19,64,44,25,45,55,67,5,
3 0 6 0.00?2.028 = 0,14,15,12,54,27,11,19,64,44,25,55,45,20,6,
3 0 7 0.00?1.958 = 0,22,62,17,10,32,8,68,49,27,54,12,15,7,
3 1 2 0.00?1.92 = 1,62,17,32,8,68,36,33,35,65,9,2,
3 1 3 0.00?2.067 = 1,62,17,10,8,36,33,35,65,9,37,3,
3 1 4 0.00?1.9800000000000004 = 1,13,38,9,65,35,16,61,69,52,18,4,
3 1 5 0.00?2.085 = 1,62,17,10,8,36,53,56,59,31,43,66,5,
3 1 6 0.00?1.9989999999999999 = 1,62,17,10,32,8,68,30,64,44,57,20,6,
3 1 7 0.00?1.714 = 1,62,17,10,32,8,68,49,27,54,12,15,7,
3 2 3 0.00?2.172 = 2,34,48,9,65,35,16,61,69,52,40,24,3,
3 2 4 0.00?1.956 = 2,9,65,35,16,28,51,60,47,69,52,4,
3 2 5 0.00?2.165 = 2,9,65,35,16,28,51,59,31,43,29,5,
3 2 6 0.00?2.156 = 2,9,65,35,16,28,51,56,26,44,57,20,6,
3 2 7 0.00?2.1719999999999997 = 2,38,58,62,17,10,32,21,49,27,54,12,15,7,
3 3 4 0.00?2.0090000000000003 = 3,37,9,65,35,16,61,69,52,18,4,
3 3 5 0.00?2.1129999999999995 = 3,24,40,52,69,47,60,39,31,43,29,5,
3 3 6 0.00?2.145 = 3,24,40,52,69,47,60,39,31,44,57,20,6,
3 3 7 0.00?2.313 = 3,24,61,28,51,59,56,30,27,54,12,15,7,
3 4 5 0.00?1.8510000000000002 = 4,18,52,69,47,60,39,31,43,29,5,
3 4 6 0.00?1.883 = 4,18,52,69,47,60,39,31,44,57,20,6,
3 4 7 0.00?2.094 = 4,18,52,69,47,60,39,31,26,30,11,7,
3 5 6 0.00?1.9529999999999998 = 5,66,43,31,59,56,30,26,64,44,25,57,20,6,
3 5 7 0.00?1.999 = 5,67,55,45,25,44,64,19,11,27,54,12,15,7,
3 6 7 0.00?1.7930000000000001 = 6,20,45,55,25,44,64,19,11,27,54,12,15,7,
