17 0 1 0.00?2.082 = 0,41,51,63,60,42,16,33,29,47,17,58,14,1,
17 0 2 0.00?1.916 = 0,51,63,60,42,16,33,47,29,24,9,57,2,
17 0 3 0.00?2.069 = 0,51,63,42,16,47,29,9,24,22,28,49,59,68,30,3,
17 0 4 0.00?2.311 = 0,48,15,46,25,38,62,67,44,37,11,18,4,
17 0 5 0.00?2.2779999999999996 = 0,48,53,15,46,25,38,56,35,39,34,55,66,5,
17 0 6 0.00?2.214 = 0,51,63,60,23,38,25,15,46,64,6,
17 0 7 0.00?1.9949999999999999 = 0,51,63,60,23,38,25,46,15,45,8,7,
17 1 2 0.00?1.88 = 1,14,58,17,63,60,33,47,29,24,9,57,2,
17 1 3 0.00?1.8000000000000003 = 1,14,58,17,47,29,9,24,22,32,49,59,68,30,31,3,
17 1 4 0.00?2.0420000000000003 = 1,14,58,17,47,29,9,24,22,32,52,12,61,26,4,
17 1 5 0.00?2.3549999999999995 = 1,14,58,17,63,60,23,38,35,39,34,55,66,5,
17 1 6 0.00?2.1229999999999998 = 1,14,58,17,63,60,23,43,38,25,56,35,6,
17 1 7 0.00?1.9539999999999997 = 1,14,58,17,63,60,23,38,25,46,45,8,7,
17 2 3 0.00?1.8439999999999999 = 2,57,9,24,22,32,28,49,19,54,68,30,31,3,
17 2 4 0.00?1.881 = 2,54,19,49,28,32,52,12,61,65,26,4,
17 2 5 0.00?2.2600000000000002 = 2,54,19,28,32,52,12,37,11,18,20,5,
17 2 6 0.00?2.237 = 2,57,29,47,33,16,42,60,23,38,56,6,
17 2 7 0.00?2.07 = 2,57,29,47,33,42,60,53,15,46,45,8,7,
17 3 4 0.00?1.816 = 3,31,30,68,59,49,28,32,52,12,61,65,26,10,4,
17 3 5 0.00?2.132 = 3,30,68,59,49,32,52,12,13,37,11,18,20,5,
17 3 6 0.00?2.054 = 3,30,31,61,12,13,11,37,44,67,35,56,6,
17 3 7 0.00?2.1609999999999996 = 3,31,61,13,37,44,67,62,38,25,46,45,8,7,
17 4 5 0.00?2.133 = 4,26,65,61,12,13,37,11,18,20,50,66,55,5,
17 4 6 0.00?2.071 = 4,65,61,12,13,11,37,44,67,35,56,6,
17 4 7 0.00?1.986 = 4,18,11,37,44,67,62,38,25,46,45,8,7,
17 5 6 0.00?2.069 = 5,66,55,34,39,35,56,38,25,15,46,64,6,
17 5 7 0.00?1.8499999999999999 = 5,66,55,34,39,35,56,38,25,46,15,45,8,7,
17 6 7 0.00?1.8329999999999997 = 6,39,34,35,56,38,25,46,15,45,8,7,
