47 0 1 0.00?2.162 = 0,56,25,27,57,63,17,26,64,9,23,1,
47 0 2 0.00?1.9709999999999996 = 0,56,25,17,38,47,10,21,65,33,42,2,
47 0 3 0.00?2.195 = 0,56,25,17,38,47,61,50,45,53,59,3,
47 0 4 0.00?2.1990000000000003 = 0,56,49,27,57,63,31,37,18,28,48,4,
47 0 5 0.00?2.46 = 0,56,49,27,57,63,31,24,37,18,41,54,29,5,
47 0 6 0.00?2.322 = 0,56,25,27,49,55,19,39,16,58,6,
47 0 7 0.00?1.9500000000000002 = 0,56,25,49,27,57,22,19,39,16,58,7,
47 1 2 0.00?1.776 = 1,23,9,64,26,17,38,47,10,65,33,2,
47 1 3 0.00?1.9679999999999997 = 1,23,9,52,60,20,67,46,12,33,65,10,21,40,3,
47 1 4 0.00?2.06 = 1,9,64,17,38,24,37,18,28,48,4,
47 1 5 0.00?2.334 = 1,9,64,26,38,24,37,18,41,54,36,29,5,
47 1 6 0.00?2.33 = 1,23,25,27,49,55,19,39,16,58,6,
47 1 7 0.00?1.7570000000000001 = 1,9,64,26,17,57,27,49,55,19,39,16,7,
47 2 3 0.00?1.676 = 2,42,33,65,10,47,38,66,50,45,53,59,3,
47 2 4 0.00?1.7089999999999999 = 2,33,65,21,10,47,61,50,45,68,28,48,4,
47 2 5 0.00?2.039 = 2,33,65,10,47,38,24,37,18,41,54,29,5,
47 2 6 0.00?2.293 = 2,42,33,65,10,47,38,63,35,15,51,14,6,
47 2 7 0.00?2.021 = 2,46,67,20,60,52,26,17,27,49,55,19,39,7,
47 3 4 0.00?1.8199999999999998 = 3,59,53,45,50,68,18,41,34,28,48,4,
47 3 5 0.00?1.976 = 3,40,50,45,68,18,41,34,69,36,29,5,
47 3 6 0.00?2.144 = 3,59,53,45,68,18,34,41,32,44,51,14,6,
47 3 7 0.00?2.18 = 3,40,50,37,24,31,63,22,19,39,16,7,
47 4 5 0.00?1.912 = 4,48,28,34,41,32,62,54,69,36,29,5,
47 4 6 0.00?2.0469999999999997 = 4,13,48,28,34,41,54,62,32,44,51,14,6,
47 4 7 0.00?2.171 = 4,48,28,18,37,31,63,22,19,39,7,
47 5 6 0.00?2.122 = 5,29,36,69,34,41,54,62,32,44,51,14,6,
47 5 7 0.00?2.3090000000000006 = 5,29,36,54,62,32,44,35,22,19,39,16,58,7,
47 6 7 11.87?2.499 = 6,14,51,15,35,22,57,27,49,55,19,39,16,7,
