136 0 1 0.00?1.4589999999999999 = 0,43,15,67,35,48,34,9,22,31,39,1,
136 0 2 0.00?1.9769999999999999 = 0,43,15,67,35,49,65,34,48,9,22,11,12,2,
136 0 3 0.00?2.364 = 0,67,29,50,62,33,24,17,59,51,44,58,40,3,
136 0 4 0.00?2.3259999999999996 = 0,43,15,29,56,50,62,33,24,17,59,51,53,4,
136 0 5 0.00?2.084 = 0,43,15,67,29,14,21,42,41,52,10,5,
136 0 6 0.00?1.925 = 0,43,15,67,29,14,26,8,36,46,6,
136 0 7 0.00?2.155 = 0,43,15,67,29,14,21,8,45,23,26,69,7,
136 1 2 0.00?2.0509999999999997 = 1,39,31,22,9,19,38,60,16,30,55,27,12,2,
136 1 3 0.00?2.238 = 1,39,31,22,38,60,55,17,59,51,44,58,40,3,
136 1 4 0.00?2.204 = 1,39,31,11,27,55,17,59,51,58,44,53,4,
136 1 5 0.00?2.131 = 1,39,31,22,38,60,30,24,18,20,10,5,
136 1 6 0.00?2.106 = 1,39,22,38,60,30,16,33,62,25,42,61,46,6,
136 1 7 0.00?1.7830000000000004 = 1,39,22,9,34,48,35,67,29,14,69,7,
136 2 3 0.00?2.3089999999999997 = 2,12,27,55,24,54,17,59,51,44,58,40,3,
136 2 4 0.00?2.1959999999999997 = 2,12,27,55,17,54,59,51,58,44,63,4,
136 2 5 0.00?2.2039999999999997 = 2,12,27,55,17,54,18,66,57,41,52,10,5,
136 2 6 0.00?2.2109999999999994 = 2,12,27,55,30,16,33,62,25,68,42,61,46,6,
136 2 7 0.00?2.292 = 2,31,39,1,34,65,49,35,67,29,14,69,7,
136 3 4 0.00?2.407 = 3,40,58,44,51,59,17,54,18,66,20,37,4,
136 3 5 0.00?1.9929999999999999 = 3,40,58,44,51,59,17,54,18,20,10,5,
136 3 6 0.00?2.139 = 3,40,58,44,51,59,54,18,66,57,41,46,6,
136 3 7 0.00?2.373 = 3,40,58,44,51,59,17,24,33,62,21,26,7,
136 4 5 0.00?2.025 = 4,63,44,58,51,59,54,18,20,10,5,
136 4 6 0.00?2.182 = 4,53,51,59,17,54,18,66,57,41,61,46,6,
136 4 7 0.00?2.291 = 4,37,20,66,57,41,42,61,36,8,26,69,7,
136 5 6 0.00?1.8429999999999997 = 5,10,32,52,20,66,57,41,42,61,46,6,
136 5 7 0.00?1.743 = 5,10,32,41,42,61,36,8,26,69,7,
136 6 7 0.00?1.876 = 6,46,41,42,61,36,8,45,23,26,69,7,
