83 0 1 0.00?2.07 = 0,67,12,17,21,53,29,14,20,47,69,50,57,1,
83 0 2 0.00?2.287 = 0,67,12,17,21,29,53,50,65,19,64,28,2,
83 0 3 0.00?2.3329999999999997 = 0,67,12,17,21,29,53,50,24,65,19,64,3,
83 0 4 0.00?2.192 = 0,12,17,29,14,47,22,16,34,32,43,4,
83 0 5 0.00?2.068 = 0,67,56,54,45,68,60,15,63,59,48,61,5,
83 0 6 0.00?1.5910000000000002 = 0,12,17,29,14,20,54,45,68,60,6,
83 0 7 0.00?1.626 = 0,67,12,17,21,29,14,20,54,45,26,13,7,
83 1 2 16.75?2.703 = 1,38,31,12,17,29,53,50,65,19,64,2,
83 1 3 0.00?2.6 = 1,38,31,12,17,21,29,53,50,65,19,64,3,
83 1 4 0.00?2.414 = 1,57,50,9,22,16,44,37,66,62,32,43,4,
83 1 5 0.00?2.4459999999999997 = 1,57,18,53,29,20,54,45,68,15,59,48,5,
83 1 6 0.00?1.944 = 1,57,18,53,29,20,54,45,68,60,6,
83 1 7 0.00?1.97 = 1,57,18,53,12,17,21,29,14,47,20,56,13,7,
83 2 3 20.93?2.6679999999999993 = 2,28,64,19,65,34,66,62,40,43,25,52,3,
83 2 4 0.00?2.1850000000000005 = 2,64,19,65,42,16,44,37,66,62,40,43,4,
83 2 5 0.00?2.192 = 2,28,64,19,65,42,16,44,49,36,61,5,
83 2 6 0.00?2.258 = 2,51,65,24,9,22,35,59,63,11,8,6,
83 2 7 0.00?2.463 = 2,64,19,65,24,9,22,47,20,56,13,7,
83 3 4 0.00?2.116 = 3,64,19,65,42,16,44,37,66,62,32,43,4,
83 3 5 0.00?1.923 = 3,55,52,25,32,43,40,62,66,37,49,36,61,5,
83 3 6 0.00?2.069 = 3,52,25,34,44,49,58,59,63,11,8,6,
83 3 7 0.00?2.386 = 3,64,19,65,24,9,22,39,45,26,13,7,
83 4 5 0.00?1.653 = 4,43,40,62,66,37,44,49,58,59,63,48,61,5,
83 4 6 0.00?1.5390000000000001 = 4,43,40,62,66,37,49,58,59,63,11,6,
83 4 7 0.00?2.121 = 4,43,40,62,66,36,49,35,39,45,26,13,7,
83 5 6 0.00?1.5919999999999999 = 5,61,48,59,63,11,15,60,10,8,6,
83 5 7 0.00?1.673 = 5,61,48,59,63,15,60,68,45,54,13,7,
83 6 7 0.00?1.414 = 6,8,11,10,60,68,45,26,13,7,
