90 0 1 0.00?1.9600000000000002 = 0,43,37,12,44,20,42,66,27,10,19,35,1,
90 0 2 0.00?1.9769999999999999 = 0,43,37,13,66,27,29,28,58,45,64,2,
90 0 3 0.00?2.0789999999999997 = 0,43,37,13,66,27,29,28,31,47,34,48,3,
90 0 4 0.00?2.178 = 0,43,37,13,66,27,29,28,31,59,52,56,4,
90 0 5 0.00?1.9940000000000002 = 0,43,37,12,20,42,68,53,30,15,5,
90 0 6 0.00?1.843 = 0,43,37,12,44,20,42,68,53,9,6,
90 0 7 0.00?1.975 = 0,43,37,12,13,66,27,29,26,42,7,
90 1 2 0.00?2.1510000000000002 = 1,35,19,10,66,27,29,28,58,45,64,22,2,
90 1 3 0.00?2.293 = 1,35,19,10,66,27,29,28,31,47,34,32,40,3,
90 1 4 0.00?2.383 = 1,35,19,10,66,27,29,26,24,17,59,52,56,4,
90 1 5 0.00?2.2889999999999997 = 1,35,19,10,66,27,26,24,18,57,30,15,5,
90 1 6 0.00?2.084 = 1,35,19,10,66,27,26,24,18,68,9,6,
90 1 7 0.00?2.1590000000000003 = 1,35,36,46,49,58,28,29,27,66,42,7,
90 2 3 0.00?2.061 = 2,69,22,64,50,41,32,40,34,14,48,16,54,3,
90 2 4 0.00?1.9450000000000003 = 2,69,22,64,50,41,32,40,48,54,16,65,23,4,
90 2 5 0.00?2.198 = 2,50,41,32,34,14,47,59,11,62,51,5,
90 2 6 0.00?2.117 = 2,22,64,45,58,28,24,18,68,9,6,
90 2 7 0.00?2.132 = 2,22,64,45,58,28,29,27,66,42,7,
90 3 4 0.00?2.1260000000000003 = 3,48,40,32,34,14,47,59,52,62,61,21,63,4,
90 3 5 0.00?2.069 = 3,48,40,32,34,14,47,52,59,11,62,51,5,
90 3 6 0.00?2.157 = 3,40,32,34,14,47,59,17,57,30,53,6,
90 3 7 0.00?2.274 = 3,40,32,34,47,31,28,29,27,66,42,7,
90 4 5 0.00?2.1430000000000002 = 4,63,21,61,62,52,59,17,11,51,15,5,
90 4 6 0.00?1.95 = 4,63,21,61,62,11,17,57,30,53,9,6,
90 4 7 0.00?2.149 = 4,63,21,61,62,11,17,57,18,68,7,
90 5 6 0.00?1.8379999999999999 = 5,25,51,62,11,17,57,30,53,9,6,
90 5 7 0.00?2.122 = 5,51,62,11,17,57,30,53,68,7,
90 6 7 0.00?2.016 = 6,9,53,30,57,18,68,42,7,
