40 0 1 0.00?2.029 = 0,61,35,8,17,59,11,62,31,28,26,1,
40 0 2 0.00?2.085 = 0,61,35,8,59,11,62,27,39,38,46,37,2,
40 0 3 0.00?2.0140000000000002 = 0,61,35,8,59,11,62,27,38,21,3,
40 0 4 0.00?2.172 = 0,61,35,23,8,59,11,62,63,16,9,56,4,
40 0 5 0.00?2.021 = 0,61,35,8,25,41,12,57,50,48,67,5,
40 0 6 0.00?1.9640000000000002 = 0,47,61,35,23,8,44,40,55,49,42,22,6,
40 0 7 0.00?1.8279999999999998 = 0,61,35,23,8,25,51,40,55,44,15,7,
40 1 2 0.00?2.32 = 1,26,28,31,17,59,11,62,27,39,38,46,37,2,
40 1 3 0.00?2.265 = 1,26,28,31,17,59,11,62,27,39,38,21,3,
40 1 4 0.00?2.426 = 1,26,28,31,11,62,27,39,38,21,29,58,4,
40 1 5 0.00?2.289 = 1,26,28,31,11,62,12,57,50,48,67,24,5,
40 1 6 0.00?2.274 = 1,26,28,31,17,59,25,51,40,55,49,42,22,6,
40 1 7 0.00?2.07 = 1,26,28,31,17,59,25,51,40,55,44,15,7,
40 2 3 0.00?2.5509999999999997 = 2,52,30,46,38,39,27,63,36,64,16,9,29,58,3,
40 2 4 0.00?2.35 = 2,37,46,38,39,27,63,36,64,19,34,14,53,4,
40 2 5 0.00?2.217 = 2,37,46,38,39,27,63,36,64,19,48,67,5,
40 2 6 0.00?2.255 = 2,37,46,38,27,63,36,64,19,48,45,65,6,
40 2 7 0.00?2.288 = 2,37,46,38,63,36,64,12,41,51,40,55,44,15,7,
40 3 4 0.00?2.269 = 3,58,29,21,46,38,39,27,63,16,34,14,53,4,
40 3 5 0.00?2.116 = 3,21,38,63,36,64,19,48,67,24,5,
40 3 6 0.00?2.137 = 3,21,46,38,63,36,64,19,48,45,65,6,
40 3 7 0.00?2.159 = 3,21,63,36,64,57,12,41,51,40,55,44,15,7,
40 4 5 0.00?1.985 = 4,53,14,34,19,50,66,45,48,67,24,5,
40 4 6 0.00?2.079 = 4,56,9,16,63,36,64,19,50,48,45,65,6,
40 4 7 0.00?1.9859999999999998 = 4,53,14,34,19,57,12,41,51,40,55,44,15,7,
40 5 6 0.00?1.8460000000000003 = 5,24,67,48,45,66,40,55,49,42,22,6,
40 5 7 0.00?1.6949999999999998 = 5,67,48,45,66,51,40,55,44,15,7,
40 6 7 0.00?1.766 = 6,65,45,48,50,66,51,40,55,44,15,7,
