73 0 1 0.00?1.859 = 0,21,64,36,54,26,33,38,57,42,1,
73 0 2 0.00?1.9300000000000002 = 0,21,64,36,54,41,67,38,33,26,57,2,
73 0 3 0.00?1.976 = 0,21,64,36,54,41,67,44,55,62,3,
73 0 4 0.00?2.1740000000000004 = 0,21,19,15,16,24,9,51,68,27,20,49,43,4,
73 0 5 0.00?2.052 = 0,21,19,15,63,16,24,9,51,68,17,23,5,
73 0 6 0.00?1.7469999999999999 = 0,21,19,15,63,16,24,8,10,47,11,6,
73 0 7 0.00?1.934 = 0,21,22,69,36,64,63,16,24,8,65,48,39,7,
73 1 2 0.00?1.8409999999999997 = 1,42,57,38,33,26,54,41,67,44,55,2,
73 1 3 0.00?1.8599999999999999 = 1,42,57,33,26,41,67,44,55,58,62,3,
73 1 4 0.00?2.166 = 1,42,57,33,41,30,18,40,60,27,20,49,43,4,
73 1 5 0.00?2.3149999999999995 = 1,42,57,33,41,67,46,18,40,60,27,17,23,5,
73 1 6 0.00?1.976 = 1,69,36,64,63,24,8,10,50,11,6,
73 1 7 0.00?1.86 = 1,69,36,64,15,63,16,24,8,65,48,39,7,
73 2 3 0.00?1.9649999999999999 = 2,57,38,33,26,54,41,67,44,55,58,62,3,
73 2 4 0.00?2.007 = 2,55,44,46,52,18,40,60,27,20,34,49,43,4,
73 2 5 0.00?2.157 = 2,55,44,46,52,40,60,27,20,49,43,25,12,59,5,
73 2 6 0.00?2.269 = 2,37,38,33,26,54,32,13,29,51,47,50,11,6,
73 2 7 0.00?2.167 = 2,37,38,67,41,54,32,31,24,16,8,48,39,7,
73 3 4 0.00?2.098 = 3,58,55,44,46,18,40,60,27,34,49,43,4,
73 3 5 0.00?2.303 = 3,58,55,44,46,18,40,60,27,20,49,43,25,12,59,5,
73 3 6 0.00?2.353 = 3,58,55,44,46,30,13,29,51,47,11,6,
73 3 7 0.00?2.268 = 3,62,55,44,46,30,32,31,24,16,65,48,39,7,
73 4 5 0.00?2.2590000000000003 = 4,43,49,34,27,60,29,68,17,23,12,59,5,
73 4 6 0.00?2.031 = 4,25,43,49,17,35,14,47,10,50,11,6,
73 4 7 0.00?2.032 = 4,43,49,34,27,68,51,9,8,48,39,7,
73 5 6 0.00?2.1050000000000004 = 5,59,12,25,43,49,17,35,47,10,50,11,6,
73 5 7 0.00?1.974 = 5,23,17,68,51,9,8,24,16,65,48,39,7,
73 6 7 0.00?1.748 = 6,11,50,10,8,24,16,63,15,45,53,39,7,
