68 0 1 0.00?1.624 = 0,18,31,15,11,50,10,69,61,55,1,
68 0 2 0.00?1.797 = 0,18,47,31,15,11,50,10,38,32,37,30,2,
68 0 3 0.00?2.004 = 0,18,45,11,50,10,38,22,28,24,3,
68 0 4 0.00?2.4020000000000006 = 0,18,47,31,15,33,29,53,42,68,35,58,25,4,
68 0 5 0.00?2.199 = 0,18,31,15,33,14,27,13,17,8,51,5,
68 0 6 0.00?2.402 = 0,18,45,11,50,12,33,14,27,13,40,65,6,
68 0 7 0.00?2.606 = 0,56,23,61,69,10,50,11,45,18,47,7,
68 1 2 0.00?1.4929999999999999 = 1,55,61,69,10,38,22,37,30,2,
68 1 3 0.00?1.5360000000000003 = 1,55,69,38,22,28,49,19,24,64,3,
68 1 4 0.00?2.1530000000000005 = 1,55,61,69,10,34,41,53,16,35,58,25,4,
68 1 5 0.00?2.1359999999999997 = 1,55,69,10,59,29,14,27,13,8,51,5,
68 1 6 0.00?2.237 = 1,55,69,10,59,29,14,27,13,40,65,6,
68 1 7 0.00?2.162 = 1,55,61,69,10,50,11,45,31,18,47,7,
68 2 3 0.00?1.484 = 2,30,37,32,38,22,49,19,24,64,43,3,
68 2 4 0.00?1.8350000000000002 = 2,30,37,32,22,28,49,19,67,46,16,35,58,25,4,
68 2 5 0.00?2.01 = 2,30,37,28,49,67,46,16,35,68,20,62,48,5,
68 2 6 0.00?2.303 = 2,30,37,32,38,34,59,29,14,27,13,40,65,6,
68 2 7 0.00?2.314 = 2,30,37,22,38,10,50,11,15,31,18,47,7,
68 3 4 0.00?1.8130000000000002 = 3,24,64,43,67,46,16,35,68,20,62,52,25,4,
68 3 5 0.00?1.8229999999999997 = 3,64,24,19,49,67,46,16,35,68,20,62,48,5,
68 3 6 0.00?2.214 = 3,64,24,19,49,41,53,42,17,13,40,65,6,
68 3 7 0.00?2.386 = 3,43,64,24,19,49,22,34,59,21,33,26,7,
68 4 5 0.00?1.6980000000000002 = 4,25,58,35,68,20,62,48,66,51,54,60,5,
68 4 6 0.00?1.7850000000000001 = 4,25,58,35,68,20,62,48,66,51,54,60,65,6,
68 4 7 0.00?2.245 = 4,25,52,62,48,66,51,8,13,27,26,7,
68 5 6 0.00?1.8440000000000003 = 5,48,66,51,8,17,27,13,40,54,60,65,6,
68 5 7 0.00?2.3000000000000003 = 5,66,51,8,17,13,27,14,29,33,26,7,
68 6 7 0.00?2.457 = 6,65,60,54,51,66,8,17,27,13,40,26,7,
