54 0 1 0.00?1.7610000000000001 = 0,46,69,39,35,29,25,52,51,54,31,1,
54 0 2 0.00?1.66 = 0,46,45,25,52,51,31,32,11,26,2,
54 0 3 0.00?2.1590000000000003 = 0,46,45,51,54,31,32,37,65,30,22,3,
54 0 4 0.00?2.315 = 0,46,45,25,28,9,15,55,8,64,38,47,18,68,4,
54 0 5 0.00?2.079 = 0,45,25,28,9,15,55,8,61,44,62,43,5,
54 0 6 0.00?1.8489999999999998 = 0,46,45,69,35,39,40,48,21,12,41,14,23,34,6,
54 0 7 0.00?2.194 = 0,46,45,51,52,25,28,9,15,55,56,21,12,7,
54 1 2 0.00?1.837 = 1,51,52,54,31,32,11,26,2,
54 1 3 0.00?1.8639999999999999 = 1,31,32,11,26,13,65,30,22,3,
54 1 4 0.00?2.316 = 1,31,32,37,65,50,17,60,38,47,18,68,4,
54 1 5 0.00?2.17 = 1,31,63,9,15,55,8,61,62,43,5,
54 1 6 0.00?2.02 = 1,51,52,25,28,48,21,14,23,34,6,
54 1 7 0.00?1.663 = 1,31,54,51,52,25,29,35,40,39,7,
54 2 3 0.00?2.148 = 2,13,26,11,32,37,65,58,50,17,16,30,22,3,
54 2 4 0.00?1.983 = 2,13,26,11,32,37,65,30,22,24,68,4,
54 2 5 0.00?2.169 = 2,26,11,37,58,66,10,64,44,61,62,43,5,
54 2 6 0.00?2.283 = 2,26,11,32,58,63,28,48,21,23,34,6,
54 2 7 0.00?1.9999999999999998 = 2,26,11,32,31,54,25,29,35,39,7,
54 3 4 7.89?2.3080000000000003 = 3,22,16,17,27,10,8,61,44,62,20,49,36,4,
54 3 5 0.00?2.168 = 3,22,16,17,27,66,10,64,8,61,44,62,43,5,
54 3 6 0.00?2.2199999999999998 = 3,22,16,17,27,10,8,42,56,21,23,34,6,
54 3 7 0.00?2.4370000000000003 = 3,22,16,17,27,10,8,55,15,9,28,19,40,7,
54 4 5 0.00?1.8859999999999997 = 4,68,18,53,36,49,20,62,44,61,33,43,5,
54 4 6 0.00?1.9060000000000001 = 4,36,53,49,20,62,44,61,57,23,34,6,
54 4 7 0.00?2.158 = 4,18,53,36,49,20,62,44,61,42,56,21,12,7,
54 5 6 0.00?1.741 = 5,43,62,44,61,42,56,21,14,23,34,6,
54 5 7 0.00?2.07 = 5,43,62,44,8,55,15,9,28,19,40,39,7,
54 6 7 0.00?1.97 = 6,34,23,21,56,55,15,9,28,19,40,7,
