36 0 1 0.00?2.485 = 0,16,34,65,43,61,8,21,47,31,36,69,28,1,
36 0 2 0.00?2.503 = 0,16,34,65,43,53,17,47,31,36,69,28,55,20,2,
36 0 3 0.00?2.2540000000000004 = 0,16,33,57,31,41,25,60,19,68,42,12,3,
36 0 4 0.00?2.235 = 0,16,34,65,43,61,49,63,40,46,59,4,
36 0 5 0.00?1.945 = 0,16,34,65,43,61,49,24,9,35,51,5,
36 0 6 0.00?1.8209999999999997 = 0,16,34,65,43,61,49,24,45,15,6,
36 0 7 0.00?2.016 = 0,16,34,65,43,61,49,24,29,52,7,
36 1 2 0.00?2.5450000000000004 = 1,28,55,14,18,25,60,19,68,42,12,67,50,66,2,
36 1 3 0.00?2.157 = 1,28,55,20,62,13,42,68,19,60,54,3,
36 1 4 0.00?2.18 = 1,28,55,20,62,13,42,68,19,60,54,4,
36 1 5 0.00?2.2629999999999995 = 1,28,69,36,31,21,63,49,24,9,35,51,5,
36 1 6 0.00?2.139 = 1,28,69,36,31,21,63,49,24,45,15,6,
36 1 7 0.00?2.253 = 1,28,44,33,16,34,65,43,29,52,7,
36 2 3 0.00?2.027 = 2,20,55,14,38,18,41,25,60,19,68,42,12,3,
36 2 4 0.00?2.072 = 2,20,66,50,67,12,42,68,19,60,26,59,4,
36 2 5 0.00?2.1839999999999997 = 2,66,13,42,68,19,60,26,59,56,10,35,51,5,
36 2 6 0.00?2.295 = 2,66,62,38,18,41,21,63,49,24,45,48,15,6,
36 2 7 0.00?2.39 = 2,20,55,69,36,31,57,58,65,43,29,52,7,
36 3 4 0.00?1.7790000000000001 = 3,12,42,68,19,60,54,26,59,56,23,4,
36 3 5 0.00?1.785 = 3,12,42,68,19,60,26,59,56,10,51,5,
36 3 6 0.00?2.0069999999999997 = 3,12,42,25,37,39,63,49,24,45,15,6,
36 3 7 0.00?2.143 = 3,12,42,25,41,21,8,61,29,52,7,
36 4 5 0.00?1.976 = 4,59,26,11,40,63,49,24,9,35,51,5,
36 4 6 0.00?1.8559999999999999 = 4,59,23,56,10,51,35,64,48,45,15,6,
36 4 7 0.00?2.026 = 4,59,46,40,63,49,24,61,29,52,7,
36 5 6 0.00?1.6909999999999998 = 5,51,35,9,63,49,24,64,48,45,15,6,
36 5 7 0.00?1.8210000000000002 = 5,51,35,9,24,49,61,43,65,52,7,
36 6 7 0.00?1.61 = 6,15,48,45,24,49,61,29,52,7,
