124 0 1 0.00?2.0759999999999996 = 0,54,19,65,53,43,55,31,51,17,24,12,46,1,
124 0 2 0.00?2.017 = 0,54,19,43,53,55,31,51,17,24,12,23,2,
124 0 3 0.00?2.158 = 0,54,19,43,55,31,51,17,27,50,22,64,3,
124 0 4 0.00?2.341 = 0,54,19,61,60,68,25,16,35,52,39,26,4,
124 0 5 0.00?2.226 = 0,54,19,61,14,69,20,21,41,37,11,62,5,
124 0 6 0.00?2.122 = 0,54,19,61,14,63,56,41,21,33,29,9,6,
124 0 7 0.00?2.267 = 0,54,19,61,14,63,56,41,21,20,15,58,28,7,
124 1 2 0.00?2.3429999999999995 = 1,46,55,43,19,30,31,51,17,36,23,2,
124 1 3 0.00?2.4520000000000004 = 1,53,43,55,31,51,60,17,27,50,22,64,3,
124 1 4 0.00?2.15 = 1,46,24,17,27,40,44,35,52,39,26,4,
124 1 5 0.00?2.376 = 1,46,31,51,60,63,56,41,37,11,62,5,
124 1 6 0.00?2.2279999999999998 = 1,46,24,17,51,60,63,56,41,21,33,6,
124 1 7 0.00?2.243 = 1,46,31,55,43,53,65,0,54,19,61,58,28,7,
124 2 3 0.00?2.1850000000000005 = 2,23,50,47,57,42,26,32,48,13,3,
124 2 4 0.00?1.916 = 2,23,50,40,44,35,52,39,26,4,
124 2 5 0.00?2.231 = 2,23,50,47,40,44,16,35,52,11,62,5,
124 2 6 0.00?2.201 = 2,23,36,17,51,60,63,56,41,21,33,6,
124 2 7 0.00?2.3080000000000003 = 2,23,12,24,31,55,43,19,61,58,28,7,
124 3 4 0.00?1.819 = 3,64,38,57,42,35,52,39,26,4,
124 3 5 0.00?1.877 = 3,13,48,32,26,39,35,52,11,62,5,
124 3 6 0.00?2.007 = 3,57,35,52,11,37,21,33,6,
124 3 7 0.00?2.317 = 3,57,35,52,66,41,21,20,15,58,28,7,
124 4 5 0.00?1.866 = 4,26,32,48,13,57,35,52,11,62,5,
124 4 6 0.00?1.7740000000000002 = 4,26,39,52,35,66,41,21,33,6,
124 4 7 0.00?1.9820000000000002 = 4,10,67,11,37,41,21,20,15,58,28,7,
124 5 6 0.00?1.948 = 5,62,11,37,41,21,20,8,9,29,33,6,
124 5 7 0.00?1.92 = 5,62,11,37,41,21,20,8,58,28,7,
124 6 7 0.00?1.903 = 6,9,29,33,21,41,56,69,20,15,58,28,7,
