62 0 1 0.00?2.372 = 0,49,25,39,55,56,44,34,23,53,27,1,
62 0 2 0.00?2.0700000000000003 = 0,49,25,39,55,56,44,34,23,36,52,2,
62 0 3 0.00?2.173 = 0,35,51,14,43,53,23,21,40,8,26,3,
62 0 4 0.00?2.0980000000000003 = 0,49,25,39,68,29,67,65,45,50,13,33,4,
62 0 5 0.00?2.087 = 0,49,25,39,68,29,67,9,32,17,5,
62 0 6 0.00?2.0100000000000002 = 0,49,25,39,46,28,42,58,63,24,6,
62 0 7 0.00?2.2920000000000003 = 0,49,25,18,46,28,42,60,10,24,63,58,7,
62 1 2 0.00?2.14 = 1,27,43,53,23,21,40,38,8,26,62,48,47,2,
62 1 3 0.00?1.8290000000000002 = 1,27,43,53,36,23,21,40,48,62,38,8,26,3,
62 1 4 0.00?2.123 = 1,27,53,23,21,40,38,8,26,59,31,33,4,
62 1 5 0.00?2.353 = 1,54,51,55,29,67,11,45,32,17,5,
62 1 6 0.00?2.3819999999999997 = 1,54,51,55,39,68,46,28,42,58,63,24,6,
62 1 7 0.00?2.5010000000000003 = 1,27,53,43,34,44,56,55,29,68,39,46,28,42,7,
62 2 3 0.00?1.6590000000000003 = 2,52,36,53,43,23,21,40,48,62,38,8,26,3,
62 2 4 0.00?1.794 = 2,36,23,21,40,38,26,69,59,31,33,4,
62 2 5 0.00?2.088 = 2,52,36,23,34,44,12,11,45,32,17,5,
62 2 6 0.00?2.1830000000000003 = 2,36,23,34,44,56,55,39,46,60,10,6,
62 2 7 0.00?2.177 = 2,52,36,23,43,34,44,56,55,39,46,28,42,7,
62 3 4 0.00?1.512 = 3,62,48,40,38,26,8,69,59,41,31,33,4,
62 3 5 0.00?1.9449999999999998 = 3,62,48,40,8,26,69,59,50,13,19,5,
62 3 6 0.00?2.216 = 3,26,8,69,20,12,11,45,65,67,9,61,10,6,
62 3 7 0.00?2.2329999999999997 = 3,26,8,69,20,11,67,29,68,39,46,28,42,7,
62 4 5 0.00?1.9080000000000001 = 4,33,31,13,50,45,11,65,67,9,32,17,5,
62 4 6 0.00?2.1 = 4,33,41,31,13,50,45,11,65,9,61,10,6,
62 4 7 0.00?2.0919999999999996 = 4,33,31,13,50,45,11,67,29,68,46,28,42,7,
62 5 6 0.00?2.105 = 5,15,22,16,61,10,60,46,28,42,63,24,6,
62 5 7 0.00?2.1559999999999997 = 5,19,32,45,65,67,29,68,39,46,28,42,7,
62 6 7 0.00?2.339 = 6,10,61,9,45,65,67,29,68,39,46,28,42,7,
