84 0 1 0.00?1.9650000000000003 = 0,30,15,18,39,49,17,42,9,63,56,21,1,
84 0 2 0.00?1.8200000000000003 = 0,30,15,39,49,17,42,9,56,63,20,40,2,
84 0 3 0.00?2.0540000000000003 = 0,30,15,39,45,46,54,35,28,64,3,
84 0 4 0.00?2.209 = 0,30,15,39,45,46,54,35,65,48,8,4,
84 0 5 0.00?2.2299999999999995 = 0,30,22,51,11,16,13,14,36,25,68,5,
84 0 6 0.00?2.069 = 0,30,15,18,62,22,51,11,60,47,6,
84 0 7 0.00?2.183 = 0,30,15,12,19,17,49,39,18,62,22,38,10,7,
84 1 2 0.00?1.8650000000000002 = 1,19,12,49,17,42,9,56,20,63,29,23,50,40,2,
84 1 3 0.00?1.805 = 1,17,42,9,56,63,29,50,61,64,57,3,
84 1 4 0.00?2.0540000000000003 = 1,21,9,56,63,29,50,61,64,66,43,24,4,
84 1 5 0.00?2.231 = 1,17,42,59,46,54,35,31,37,36,25,68,5,
84 1 6 0.00?2.162 = 1,17,49,42,59,46,54,26,27,16,60,6,
84 1 7 0.00?2.209 = 1,17,42,59,46,45,54,26,69,51,34,52,7,
84 2 3 0.00?1.8540000000000003 = 2,40,29,59,46,45,54,35,28,64,57,3,
84 2 4 0.00?1.999 = 2,40,29,59,46,45,54,35,31,65,48,8,4,
84 2 5 0.00?2.1580000000000004 = 2,40,29,59,46,45,54,35,31,37,25,68,5,
84 2 6 0.00?2.09 = 2,40,29,59,45,54,26,27,16,60,6,
84 2 7 0.00?2.146 = 2,40,29,59,46,45,54,26,27,51,34,52,7,
84 3 4 0.00?2.135 = 3,64,28,59,45,54,35,31,65,48,8,4,
84 3 5 0.00?2.2249999999999996 = 3,57,64,28,35,31,37,36,25,58,53,68,5,
84 3 6 0.00?2.201 = 3,64,28,59,46,54,26,27,16,60,6,
84 3 7 0.00?2.26 = 3,57,64,28,35,54,26,27,51,34,52,7,
84 4 5 0.00?2.2119999999999997 = 4,24,43,8,67,58,53,25,36,13,14,44,5,
84 4 6 0.00?2.0100000000000002 = 4,32,67,58,53,25,36,14,13,16,60,6,
84 4 7 0.00?2.0999999999999996 = 4,32,67,58,25,14,13,16,11,51,34,52,7,
84 5 6 0.00?1.9909999999999999 = 5,68,53,67,58,25,14,13,16,11,60,6,
84 5 7 0.00?2.066 = 5,68,53,67,58,25,14,13,16,11,51,34,52,7,
84 6 7 13.08?2.4539999999999997 = 6,47,60,13,16,11,51,22,34,38,10,7,
