16 0 1 0.00?1.382 = 0,37,16,22,68,44,49,33,61,20,36,1,
16 0 2 0.00?1.8209999999999997 = 0,31,37,16,22,17,61,20,32,29,2,
16 0 3 0.00?2.065 = 0,31,17,61,20,12,10,8,46,62,50,3,
16 0 4 0.00?2.385 = 0,37,22,16,66,68,54,47,56,40,24,41,34,4,
16 0 5 0.00?2.1310000000000002 = 0,37,16,66,68,54,47,56,40,53,65,27,5,
16 0 6 0.00?2.1359999999999997 = 0,31,17,22,16,66,68,54,63,14,18,6,
16 0 7 0.00?1.7200000000000002 = 0,31,17,22,68,66,57,21,9,67,60,7,
16 1 2 0.00?1.494 = 1,36,20,32,10,8,46,48,55,2,
16 1 3 0.00?1.6019999999999999 = 1,20,32,10,8,46,62,42,39,3,
16 1 4 0.00?2.158 = 1,36,61,33,20,32,10,8,46,13,35,30,4,
16 1 5 0.00?2.187 = 1,36,61,33,49,44,54,47,56,40,53,65,27,5,
16 1 6 0.00?2.1529999999999996 = 1,36,20,61,33,49,44,68,54,63,14,18,6,
16 1 7 0.00?1.7229999999999999 = 1,36,20,61,33,49,44,68,66,57,21,9,67,7,
16 2 3 0.00?1.7590000000000001 = 2,29,32,10,8,46,48,62,42,39,3,
16 2 4 0.00?2.158 = 2,55,48,8,46,13,64,69,38,41,34,4,
16 2 5 0.00?2.067 = 2,55,48,46,64,69,38,41,27,5,
16 2 6 0.00?2.3360000000000003 = 2,55,48,46,13,64,40,45,25,19,6,
16 2 7 0.00?2.1889999999999996 = 2,29,32,20,61,33,49,44,68,66,15,9,67,7,
16 3 4 0.00?2.1350000000000002 = 3,39,42,62,48,46,13,64,69,38,41,34,4,
16 3 5 0.00?2.056 = 3,39,42,62,13,64,69,24,65,53,27,5,
16 3 6 0.00?2.389 = 3,39,42,62,13,58,69,24,65,53,45,25,19,6,
16 3 7 0.00?2.444 = 3,39,42,62,46,8,28,44,68,66,15,9,67,7,
16 4 5 0.00?1.991 = 4,34,41,38,24,65,53,45,59,25,26,23,27,5,
16 4 6 0.00?2.0660000000000003 = 4,34,41,24,65,53,27,5,23,45,25,19,6,
16 4 7 0.00?2.263 = 4,34,41,24,65,53,45,59,25,18,51,60,67,7,
16 5 6 0.00?1.8539999999999999 = 5,27,41,34,38,24,65,53,45,25,19,6,
16 5 7 0.00?1.9809999999999999 = 5,27,65,53,45,25,18,11,51,60,67,7,
16 6 7 5.82?2.509 = 6,18,14,63,54,68,66,16,57,21,9,67,60,7,
