69 0 1 0.00?1.73 = 0,68,9,28,11,62,24,53,31,39,10,17,1,
69 0 2 0.00?2.049 = 0,68,9,28,11,62,24,53,31,33,18,2,
69 0 3 0.00?2.136 = 0,68,9,62,24,56,46,45,47,59,64,3,
69 0 4 0.00?2.262 = 0,62,49,63,14,60,58,22,67,25,42,52,4,
69 0 5 0.00?2.11 = 0,68,9,11,69,32,41,15,20,34,43,35,44,65,5,
69 0 6 0.00?1.833 = 0,68,9,28,8,36,41,32,29,15,20,48,6,
69 0 7 0.00?1.9430000000000003 = 0,68,9,62,49,63,51,29,32,41,36,8,7,
69 1 2 0.00?1.896 = 1,55,21,33,26,46,45,47,59,40,66,38,2,
69 1 3 0.00?1.912 = 1,21,33,26,46,45,47,59,64,61,3,
69 1 4 0.00?2.115 = 1,21,33,26,46,45,47,59,64,61,4,
69 1 5 0.00?2.214 = 1,55,10,39,31,24,49,51,29,34,43,35,5,
69 1 6 0.00?1.915 = 1,55,10,39,53,24,49,51,29,15,20,48,6,
69 1 7 0.00?1.9870000000000003 = 1,21,10,39,31,53,24,62,49,69,36,8,7,
69 2 3 0.00?1.6839999999999997 = 2,38,66,26,46,45,47,59,64,61,3,
69 2 4 0.00?1.8869999999999998 = 2,38,66,26,46,45,47,59,64,61,4,
69 2 5 0.00?2.2799999999999994 = 2,38,66,26,46,45,47,50,42,27,44,65,5,
69 2 6 0.00?2.111 = 2,38,26,46,58,22,67,51,29,15,20,48,6,
69 2 7 0.00?2.152 = 2,38,26,46,58,22,67,51,29,32,41,36,7,
69 3 4 0.00?2.409 = 3,40,66,38,26,46,45,47,59,64,61,52,4,
69 3 5 0.00?2.288 = 3,61,64,59,47,45,25,42,27,44,65,5,
69 3 6 0.00?2.1460000000000004 = 3,40,47,45,58,22,67,51,29,15,20,48,6,
69 3 7 0.00?2.194 = 3,64,59,47,45,58,60,14,63,49,69,8,7,
69 4 5 8.83?2.5020000000000002 = 4,52,42,25,58,22,67,51,34,43,35,44,65,5,
69 4 6 0.00?2.189 = 4,52,42,25,58,22,67,51,29,15,20,48,6,
69 4 7 0.00?2.291 = 4,52,42,25,67,60,14,63,51,29,32,41,36,8,7,
69 5 6 0.00?1.7680000000000002 = 5,65,44,35,16,43,34,51,29,15,20,48,19,6,
69 5 7 0.00?1.94 = 5,65,44,35,43,34,15,29,51,32,41,36,8,7,
69 6 7 0.00?1.948 = 6,48,20,15,29,51,67,63,49,69,8,7,
