116 0 1 0.00?1.962 = 0,52,53,9,16,27,55,59,14,42,67,1,
116 0 2 0.00?1.9820000000000002 = 0,52,53,64,14,59,55,49,28,54,2,
116 0 3 0.00?2.256 = 0,52,53,64,14,59,55,49,50,60,3,
116 0 4 0.00?2.239 = 0,52,53,9,41,13,63,8,32,19,61,43,4,
116 0 5 0.00?2.0820000000000003 = 0,52,53,9,41,13,25,18,31,10,56,17,5,
116 0 6 0.00?1.802 = 0,69,12,24,29,7,30,23,45,58,6,
116 0 7 0.00?2.162 = 0,52,69,12,24,29,34,47,45,23,30,7,
116 1 2 0.00?2.087 = 1,33,42,67,44,14,59,55,49,28,54,46,2,
116 1 3 0.00?2.1739999999999995 = 1,67,42,44,14,59,55,49,66,21,60,3,
116 1 4 0.00?2.208 = 1,67,42,44,14,59,55,49,66,32,19,61,43,4,
116 1 5 0.00?2.168 = 1,67,42,64,9,41,13,63,25,18,31,10,17,5,
116 1 6 0.00?2.26 = 1,33,37,53,52,40,24,29,7,30,23,45,6,
116 1 7 0.00?1.932 = 1,67,42,33,37,53,52,0,69,12,24,29,7,
116 2 3 0.00?2.294 = 2,54,59,14,55,49,66,21,60,3,
116 2 4 0.00?2.294 = 2,54,28,49,55,27,16,66,32,19,61,43,4,
116 2 5 0.00?2.143 = 2,54,28,50,21,32,35,22,18,31,10,56,17,5,
116 2 6 0.00?2.296 = 2,54,28,49,55,27,16,41,13,11,58,6,
116 2 7 0.00?2.168 = 2,44,59,14,64,53,52,69,12,24,29,7,
116 3 4 0.00?2.338 = 3,60,19,35,22,18,31,51,62,36,15,48,61,43,4,
116 3 5 0.00?1.8249999999999997 = 3,60,26,61,48,15,36,62,51,10,56,17,5,
116 3 6 0.00?2.183 = 3,60,26,61,15,36,62,51,10,38,58,6,
116 3 7 0.00?2.4710000000000005 = 3,60,50,49,55,27,16,41,47,34,29,7,
116 4 5 0.00?1.689 = 4,43,61,15,36,62,22,18,31,38,56,10,17,5,
116 4 6 0.00?1.909 = 4,43,61,15,36,62,65,5,17,10,56,38,58,6,
116 4 7 0.00?2.18 = 4,43,61,15,22,18,31,38,58,45,23,30,7,
116 5 6 0.00?1.868 = 5,17,56,10,51,65,36,62,22,18,31,38,58,6,
116 5 7 0.00?1.85 = 5,17,51,10,56,38,20,58,45,23,30,7,
116 6 7 0.00?2.149 = 6,58,45,23,30,47,34,40,69,12,24,29,7,
