37 0 1 0.00?1.9269999999999998 = 0,32,69,44,26,33,12,25,45,1,
37 0 2 0.00?1.9740000000000002 = 0,28,10,25,45,1,51,11,22,9,34,68,2,
37 0 3 0.00?2.1270000000000002 = 0,28,10,12,33,19,56,40,27,58,55,3,
37 0 4 0.00?2.262 = 0,28,12,33,19,56,40,67,61,46,4,
37 0 5 0.00?2.3510000000000004 = 0,60,28,10,12,33,26,44,21,47,30,49,5,
37 0 6 0.00?2.097 = 0,28,10,12,33,26,36,69,17,31,16,54,6,
37 0 7 0.00?1.952 = 0,28,10,12,33,26,36,69,32,29,7,
37 1 2 0.00?2.078 = 1,45,25,12,33,19,56,66,52,24,42,2,
37 1 3 0.00?1.9459999999999997 = 1,51,11,22,9,34,68,24,39,13,55,35,3,
37 1 4 0.00?2.1140000000000003 = 1,45,25,20,19,56,40,67,61,46,4,
37 1 5 0.00?2.234 = 1,45,25,12,33,26,44,21,47,30,49,5,
37 1 6 0.00?1.994 = 1,45,25,12,33,26,36,69,17,31,16,54,6,
37 1 7 0.00?1.849 = 1,45,25,12,33,26,36,69,32,29,7,
37 2 3 0.00?1.918 = 2,68,24,52,66,56,40,67,27,58,55,35,3,
37 2 4 0.00?2.016 = 2,62,68,42,24,52,66,56,40,67,61,46,4,
37 2 5 0.00?2.184 = 2,68,24,52,66,56,40,67,64,37,14,5,
37 2 6 0.00?2.4210000000000003 = 2,68,24,52,66,56,40,43,65,47,41,63,8,6,
37 2 7 0.00?2.2350000000000003 = 2,68,34,53,19,26,36,69,32,50,29,7,
37 3 4 0.00?1.943 = 3,13,24,52,66,56,40,67,61,46,4,
37 3 5 0.00?2.165 = 3,13,39,24,52,40,67,64,37,14,5,
37 3 6 0.00?2.359000000000001 = 3,55,35,61,64,37,14,49,30,38,47,41,63,8,6,
37 3 7 0.00?2.2590000000000003 = 3,55,58,27,67,40,56,44,69,32,29,7,
37 4 5 0.00?2.462 = 4,46,61,67,40,43,65,47,30,37,14,49,5,
37 4 6 0.00?2.432 = 4,46,61,67,40,56,44,17,31,16,54,6,
37 4 7 0.00?2.358 = 4,46,61,67,40,56,44,69,32,29,7,
37 5 6 0.00?2.417 = 5,38,47,21,44,26,36,69,17,31,16,54,8,6,
37 5 7 0.00?2.229 = 5,38,47,21,44,26,36,69,32,50,29,7,
37 6 7 0.00?2.0949999999999998 = 6,8,63,54,16,31,17,69,32,50,48,7,
