42 0 1 0.00?1.5330000000000001 = 0,26,43,15,14,10,42,13,61,21,1,
42 0 2 0.00?2.059 = 0,26,43,14,10,42,13,61,21,25,23,2,
42 0 3 0.00?2.173 = 0,26,10,42,33,57,39,36,37,52,27,64,20,3,
42 0 4 0.00?2.261 = 0,26,43,15,34,8,46,56,30,31,59,4,
42 0 5 0.00?1.9790000000000003 = 0,26,10,14,34,8,46,17,63,58,49,5,
42 0 6 0.00?1.781 = 0,26,42,10,14,15,28,50,9,32,18,6,
42 0 7 0.00?1.4899999999999998 = 0,11,26,42,10,14,15,43,22,38,7,
42 1 2 0.00?2.312 = 1,25,23,51,36,37,52,62,16,44,12,54,68,2,
42 1 3 0.00?2.3189999999999995 = 1,53,25,23,51,36,37,52,62,16,66,20,64,3,
42 1 4 0.00?2.4229999999999996 = 1,25,23,51,36,37,52,62,66,20,64,55,47,4,
42 1 5 0.00?2.3770000000000002 = 1,61,13,42,34,8,46,17,63,58,49,5,
42 1 6 0.00?2.169 = 1,21,41,42,10,14,15,28,50,9,32,18,6,
42 1 7 0.00?1.714 = 1,21,61,13,11,26,43,22,38,7,
42 2 3 0.00?2.218 = 2,68,51,36,37,52,62,16,12,44,20,64,3,
42 2 4 0.00?2.2470000000000003 = 2,68,51,36,37,52,62,16,66,20,64,55,47,4,
42 2 5 0.00?2.281 = 2,68,54,12,16,66,20,64,55,47,59,29,5,
42 2 6 0.00?2.203 = 2,68,51,36,37,52,60,56,17,9,32,18,6,
42 2 7 0.00?2.218 = 2,23,25,21,61,11,26,43,22,38,7,
42 3 4 0.00?2.315 = 3,44,19,12,16,62,36,37,52,27,20,64,55,47,4,
42 3 5 0.00?2.2100000000000004 = 3,44,12,16,66,20,64,55,47,59,29,5,
42 3 6 0.00?2.1109999999999998 = 3,20,64,55,48,30,65,49,58,63,24,35,32,18,6,
42 3 7 0.00?2.475 = 3,44,16,62,52,36,39,57,33,34,15,38,7,
42 4 5 0.00?2.4610000000000003 = 4,59,31,30,56,17,9,18,32,35,24,58,49,5,
42 4 6 0.00?2.1799999999999997 = 4,59,29,5,49,58,63,17,9,32,18,6,
42 4 7 0.00?2.4299999999999997 = 4,59,29,5,49,58,24,35,32,18,45,40,7,
42 5 6 0.00?1.767 = 5,49,58,24,35,32,18,9,50,40,45,6,
42 5 7 0.00?2.09 = 5,49,58,63,24,35,32,18,9,50,40,45,7,
42 6 7 0.00?2.001 = 6,18,32,9,17,46,8,34,15,38,7,
