135 0 1 0.00?2.085 = 0,24,27,41,35,58,57,43,39,52,33,69,30,1,
135 0 2 0.00?2.033 = 0,63,9,39,52,33,69,1,30,51,16,14,22,2,
135 0 3 0.00?2.218 = 0,63,9,39,43,57,41,35,58,60,45,62,56,19,3,
135 0 4 0.00?2.351 = 0,63,9,39,43,57,35,60,45,62,50,68,4,
135 0 5 0.00?2.439 = 0,63,9,39,43,57,35,12,50,44,34,21,5,
135 0 6 0.00?2.3320000000000003 = 0,63,39,43,57,35,17,25,53,20,66,26,6,
135 0 7 0.00?2.3600000000000003 = 0,24,63,39,43,57,58,35,17,25,53,20,36,7,
135 1 2 0.00?1.838 = 1,30,69,33,52,39,43,47,65,16,14,22,2,
135 1 3 0.00?1.76 = 1,30,69,33,51,16,14,22,10,67,49,48,3,
135 1 4 0.00?2.2590000000000003 = 1,69,33,52,39,43,57,35,12,50,68,4,
135 1 5 0.00?2.277 = 1,30,69,33,52,39,43,57,41,17,18,37,5,
135 1 6 0.00?2.1399999999999997 = 1,30,69,33,52,39,43,57,41,17,25,64,32,6,
135 1 7 0.00?2.061 = 1,30,69,33,52,39,27,17,25,53,20,36,7,
135 2 3 0.00?1.8219999999999996 = 2,22,14,13,56,19,54,67,10,49,3,
135 2 4 0.00?1.905 = 2,22,10,67,49,54,56,19,68,42,4,
135 2 5 0.00?2.024 = 2,22,14,13,62,50,44,55,5,
135 2 6 0.00?2.127 = 2,22,14,29,58,35,17,25,64,32,6,
135 2 7 0.00?2.141 = 2,22,14,29,58,35,17,25,53,20,36,7,
135 3 4 0.00?1.935 = 3,19,68,50,44,34,21,8,42,4,
135 3 5 0.00?1.997 = 3,61,38,68,50,44,34,21,55,37,5,
135 3 6 0.00?2.248 = 3,19,56,62,45,60,58,35,17,25,64,32,6,
135 3 7 0.00?2.217 = 3,19,56,62,45,60,35,17,25,53,20,36,7,
135 4 5 0.00?1.9150000000000003 = 4,42,68,50,44,34,21,55,37,5,
135 4 6 0.00?1.9529999999999998 = 4,42,8,21,34,44,55,37,32,6,
135 4 7 0.00?2.2560000000000002 = 4,42,8,21,55,18,17,25,53,20,36,7,
135 5 6 0.00?2.255 = 5,21,8,42,34,44,55,37,32,6,
135 5 7 0.00?2.349 = 5,21,8,34,44,11,18,17,25,53,20,36,7,
135 6 7 0.00?2.417 = 6,26,66,64,25,17,35,41,27,23,7,
