67 0 1 0.00?2.102 = 0,27,57,46,11,51,49,36,28,38,33,50,1,
67 0 2 0.00?2.176 = 0,27,57,46,36,28,38,33,50,59,40,2,
67 0 3 0.00?2.151 = 0,34,28,36,51,49,20,63,29,55,14,3,
67 0 4 0.00?2.375 = 0,34,28,36,49,20,63,13,48,8,65,66,4,
67 0 5 0.00?2.523 = 0,27,57,28,36,51,30,53,21,19,41,39,5,
67 0 6 0.00?2.3499999999999996 = 0,27,57,44,26,69,53,21,19,41,39,56,31,6,
67 0 7 0.00?2.1790000000000003 = 0,34,38,50,33,28,36,46,57,27,61,10,7,
67 1 2 0.00?2.161 = 1,50,33,28,36,51,49,20,63,15,23,2,
67 1 3 0.00?2.028 = 1,50,33,28,36,49,20,63,29,55,14,3,
67 1 4 0.00?2.255 = 1,50,33,28,36,49,20,63,48,8,65,66,4,
67 1 5 0.00?2.3409999999999997 = 1,50,33,28,36,51,30,53,21,19,41,39,5,
67 1 6 0.00?2.2489999999999997 = 1,50,33,28,36,46,11,30,53,21,68,60,31,6,
67 1 7 0.00?2.0090000000000003 = 1,50,33,38,28,36,46,57,27,61,37,7,
67 2 3 0.00?1.764 = 2,23,15,20,63,48,9,67,64,43,14,3,
67 2 4 0.00?1.9569999999999999 = 2,23,15,20,63,13,48,8,67,65,66,4,
67 2 5 0.00?2.205 = 2,17,55,14,43,64,67,65,24,35,5,
67 2 6 0.00?2.3049999999999997 = 2,23,15,20,63,48,47,42,41,60,31,6,
67 2 7 0.00?2.3869999999999996 = 2,23,49,51,36,28,57,27,61,10,7,
67 3 4 0.00?1.674 = 3,18,55,14,43,64,67,9,48,8,65,66,4,
67 3 5 0.00?1.8399999999999996 = 3,55,14,43,64,67,65,66,24,35,5,
67 3 6 0.00?1.9250000000000003 = 3,14,43,64,67,8,47,42,41,60,31,6,
67 3 7 0.00?2.222 = 3,14,43,64,67,9,48,62,53,69,52,54,7,
67 4 5 0.00?2.1910000000000003 = 4,66,24,65,67,9,48,8,47,25,35,5,
67 4 6 0.00?2.036 = 4,66,65,24,35,25,42,19,41,39,56,31,6,
67 4 7 0.00?2.32 = 4,66,65,8,48,47,21,53,69,52,54,7,
67 5 6 0.00?2.3739999999999997 = 5,35,24,66,65,8,47,42,41,60,31,6,
67 5 7 0.00?2.404 = 5,39,41,42,25,47,21,53,69,52,54,7,
67 6 7 0.00?2.093 = 6,31,56,39,41,19,21,53,69,52,54,7,
