34 0 1 0.00?2.3629999999999995 = 0,54,27,25,17,44,22,12,33,50,42,1,
34 0 2 0.00?2.262 = 0,25,17,44,1,22,12,33,16,45,59,2,
34 0 3 0.00?2.439 = 0,54,27,14,66,8,40,61,28,43,38,3,
34 0 4 0.00?2.188 = 0,54,27,14,66,20,10,29,53,64,18,4,
34 0 5 0.00?2.0879999999999996 = 0,54,27,14,66,20,10,29,47,24,56,5,
34 0 6 0.00?2.189 = 0,54,27,14,66,20,10,53,29,19,6,
34 0 7 0.00?2.356 = 0,54,27,14,66,20,10,29,55,34,30,26,7,
34 1 2 0.00?2.4410000000000007 = 1,12,22,13,8,40,61,57,16,45,59,2,
34 1 3 0.00?2.239 = 1,22,12,33,45,67,28,49,60,36,38,3,
34 1 4 0.00?2.2569999999999997 = 1,22,12,33,45,67,28,49,60,36,51,4,
34 1 5 0.00?2.151 = 1,22,13,8,20,10,29,53,47,24,56,5,
34 1 6 0.00?2.269 = 1,12,22,13,8,66,20,10,29,19,6,
34 1 7 0.00?2.2 = 1,42,12,22,44,17,25,0,54,48,68,7,
34 2 3 0.00?2.248 = 2,50,33,16,57,61,28,49,60,36,38,3,
34 2 4 0.00?2.247 = 2,50,33,16,45,67,28,49,60,38,36,51,4,
34 2 5 0.00?2.167 = 2,45,16,57,61,40,10,53,47,24,56,5,
34 2 6 0.00?2.2640000000000002 = 2,59,45,16,57,61,40,10,20,29,19,6,
34 2 7 0.00?2.366 = 2,59,45,16,57,61,40,8,66,21,15,48,68,7,
34 3 4 0.00?2.273 = 3,43,28,61,40,10,20,29,53,64,18,37,4,
34 3 5 0.00?2.1020000000000003 = 3,38,36,51,18,37,63,39,56,24,58,23,5,
34 3 6 0.00?2.229 = 3,38,36,51,18,37,24,58,23,11,41,6,
34 3 7 0.00?2.398 = 3,38,49,35,9,52,53,29,10,20,65,21,15,48,68,7,
34 4 5 0.00?1.9420000000000002 = 4,37,18,64,53,10,20,29,47,24,58,23,5,
34 4 6 0.00?2.108 = 4,51,18,37,63,39,56,24,58,23,41,6,
34 4 7 0.00?2.089 = 4,18,64,53,29,10,20,66,65,21,15,48,68,7,
34 5 6 0.00?1.933 = 5,56,39,24,47,53,29,10,20,55,19,6,
34 5 7 0.00?1.935 = 5,58,24,47,53,29,10,20,65,21,15,48,68,7,
34 6 7 0.00?2.2159999999999997 = 6,19,29,53,10,20,8,66,21,15,48,68,7,
