97 0 1 0.00?2.3200000000000003 = 0,38,53,8,67,27,26,21,11,59,46,61,35,1,
97 0 2 0.00?2.049 = 0,38,8,27,26,21,11,59,19,41,32,22,2,
97 0 3 0.00?2.079 = 0,38,8,27,26,11,59,19,41,32,25,3,
97 0 4 0.00?2.2219999999999995 = 0,38,8,27,26,21,11,59,19,49,39,40,4,
97 0 5 0.00?2.2060000000000004 = 0,14,45,54,65,15,13,10,42,56,36,5,
97 0 6 0.00?2.493 = 0,38,17,51,54,45,34,7,64,15,13,6,
97 0 7 0.00?2.0940000000000003 = 0,38,8,27,26,21,11,33,54,45,34,64,7,
97 1 2 0.00?2.026 = 1,35,67,27,26,21,11,37,46,41,32,22,2,
97 1 3 0.00?2.057 = 1,35,67,27,26,21,11,37,46,41,32,25,3,
97 1 4 0.00?2.159 = 1,35,31,67,27,26,21,11,59,49,39,40,4,
97 1 5 0.00?2.309 = 1,35,67,27,26,21,11,33,66,50,62,56,36,5,
97 1 6 0.00?2.396 = 1,35,31,67,8,51,27,26,21,11,33,66,13,6,
97 1 7 0.00?2.016 = 1,35,31,67,27,51,54,45,65,34,64,7,
97 2 3 0.00?2.14 = 2,22,32,41,19,46,37,59,49,44,25,3,
97 2 4 0.00?1.9889999999999999 = 2,22,32,41,19,49,63,47,39,40,4,
97 2 5 0.00?2.1029999999999998 = 2,22,32,41,19,49,63,47,24,28,55,29,5,
97 2 6 0.00?2.43 = 2,22,32,41,19,59,11,33,66,13,6,
97 2 7 0.00?2.239 = 2,22,32,41,19,59,33,54,45,34,7,
97 3 4 0.00?1.94 = 3,25,44,9,52,40,28,55,30,12,68,4,
97 3 5 0.00?1.68 = 3,25,44,9,52,4,68,12,30,55,29,5,
97 3 6 0.00?2.228 = 3,44,9,52,40,28,55,36,56,42,10,6,
97 3 7 0.00?2.27 = 3,25,32,41,19,59,33,54,45,34,7,
97 4 5 0.00?1.4400000000000002 = 4,68,12,30,55,36,56,10,42,5,
97 4 6 0.00?1.5320000000000003 = 4,68,12,30,55,36,56,42,10,6,
97 4 7 0.00?2.224 = 4,68,12,30,55,36,56,10,13,15,64,7,
97 5 6 0.00?1.7020000000000002 = 5,29,55,30,12,68,28,36,56,42,10,6,
97 5 7 0.00?1.657 = 5,36,56,42,10,13,57,69,43,64,7,
97 6 7 0.00?2.092 = 6,10,42,56,62,13,15,43,64,7,
