71 0 1 0.00?1.596 = 0,46,39,20,68,69,19,13,40,8,1,
71 0 2 0.00?1.606 = 0,23,34,19,40,8,59,27,57,60,55,2,
71 0 3 0.00?2.152 = 0,23,34,19,59,57,26,29,21,32,15,18,3,
71 0 4 0.00?2.1860000000000004 = 0,46,39,68,30,24,63,56,36,52,28,4,
71 0 5 0.00?2.1290000000000004 = 0,46,39,20,58,65,25,12,43,31,41,5,
71 0 6 0.00?2.2359999999999998 = 0,46,54,20,68,30,24,58,45,16,6,
71 0 7 0.00?2.008 = 0,46,39,20,68,30,24,58,45,16,7,
71 1 2 0.00?1.6590000000000003 = 1,40,8,59,57,60,55,29,32,15,21,2,
71 1 3 0.00?1.6500000000000001 = 1,40,8,59,27,60,55,29,21,32,15,18,3,
71 1 4 0.00?2.121 = 1,40,8,59,35,44,9,61,38,37,64,52,14,28,50,4,
71 1 5 0.00?2.202 = 1,40,19,53,42,63,12,43,31,41,5,
71 1 6 0.00?2.184 = 1,40,19,69,30,24,58,45,16,6,
71 1 7 0.00?1.7719999999999998 = 1,40,13,19,34,23,0,46,54,66,67,7,
71 2 3 0.00?1.903 = 2,55,60,26,51,33,17,37,49,36,64,52,14,3,
71 2 4 0.00?1.828 = 2,55,60,26,51,33,37,49,36,52,14,28,50,4,
71 2 5 0.00?1.9850000000000003 = 2,55,26,51,33,37,49,56,48,43,31,41,5,
71 2 6 0.00?2.316 = 2,55,60,57,44,9,61,42,24,58,45,6,
71 2 7 0.00?2.161 = 2,55,60,57,59,19,34,23,46,54,66,67,7,
71 3 4 0.00?2.117 = 3,18,15,32,21,29,51,33,37,64,52,14,28,50,4,
71 3 5 0.00?2.016 = 3,14,52,36,49,56,48,12,43,31,41,5,
71 3 6 0.00?2.4989999999999997 = 3,64,36,49,56,63,42,24,30,58,45,6,
71 3 7 0.00?2.325 = 3,64,36,49,56,63,24,30,58,45,16,7,
71 4 5 0.00?1.9580000000000002 = 4,50,28,14,52,36,49,56,48,43,31,41,5,
71 4 6 0.00?2.2980000000000005 = 4,50,28,14,52,36,49,56,48,43,12,47,6,
71 4 7 0.00?2.38 = 4,50,28,52,36,56,63,24,58,45,16,7,
71 5 6 0.00?2.4539999999999997 = 5,41,31,43,12,63,24,30,58,45,6,
71 5 7 0.00?2.342 = 5,41,31,43,48,63,24,30,68,20,22,67,7,
71 6 7 0.00?2.568 = 6,16,45,58,24,30,68,20,39,54,66,67,7,
