66 0 1 13.43?2.3000000000000003 = 0,59,19,34,35,69,55,58,63,14,20,67,1,
66 0 2 0.00?1.888 = 0,57,40,29,46,48,35,69,55,58,63,41,2,
66 0 3 0.00?1.9700000000000004 = 0,59,19,34,35,69,55,58,38,18,45,3,
66 0 4 0.00?2.427 = 0,57,40,29,46,48,35,23,25,61,22,28,4,
66 0 5 0.00?2.523 = 0,12,42,37,24,10,50,62,7,43,17,32,54,66,5,
66 0 6 0.00?2.069 = 0,12,42,37,24,10,50,62,7,43,17,32,33,6,
66 0 7 0.00?2.099 = 0,57,40,29,34,19,59,12,42,37,10,50,62,7,
66 1 2 0.00?1.616 = 1,67,20,14,69,65,38,55,58,63,41,2,
66 1 3 0.00?1.6430000000000002 = 1,67,20,41,8,63,58,55,38,18,45,3,
66 1 4 0.00?2.063 = 1,67,20,14,63,58,55,38,18,11,31,68,4,
66 1 5 0.00?2.4780000000000006 = 1,27,47,14,63,58,55,65,53,23,51,15,16,66,5,
66 1 6 0.00?2.338 = 1,40,29,57,59,19,36,39,32,33,6,
66 1 7 0.00?1.888 = 1,27,29,40,57,59,12,42,37,24,10,50,62,7,
66 2 3 0.00?1.2759999999999998 = 2,41,63,58,55,65,38,18,11,9,3,
66 2 4 0.00?1.654 = 2,41,63,58,55,38,18,11,9,21,68,4,
66 2 5 0.00?2.0490000000000004 = 2,41,8,63,58,55,65,53,23,51,15,16,66,5,
66 2 6 0.00?2.169 = 2,41,63,55,65,53,23,51,15,54,33,6,
66 2 7 0.00?2.168 = 2,41,63,58,55,69,35,56,39,17,43,7,
66 3 4 0.00?1.7910000000000001 = 3,45,11,18,38,65,53,23,25,22,28,4,
66 3 5 0.00?2.031 = 3,9,21,31,22,25,51,15,16,54,66,5,
66 3 6 0.00?2.052 = 3,9,31,22,25,51,15,16,54,33,6,
66 3 7 0.00?2.295 = 3,45,18,38,55,69,35,34,19,60,10,50,62,7,
66 4 5 0.00?2.1130000000000004 = 4,49,64,61,22,25,51,15,16,54,66,5,
66 4 6 0.00?1.963 = 4,28,22,61,25,51,15,16,54,32,33,6,
66 4 7 0.00?2.218 = 4,28,22,61,25,51,56,39,17,43,50,62,7,
66 5 6 44.54?3.328 = 5,13,26,51,23,53,65,69,35,56,54,33,6,
66 5 7 0.00?2.3830000000000005 = 5,66,54,16,15,56,36,44,60,42,37,24,52,10,50,62,7,
66 6 7 0.00?2.099 = 6,33,32,39,44,60,12,42,37,24,52,10,50,62,7,
