18 0 1 0.00?1.488 = 0,33,48,15,68,65,8,46,27,17,69,1,
18 0 2 0.00?1.859 = 0,48,33,65,8,46,63,69,12,17,27,28,2,
18 0 3 0.00?2.305 = 0,48,33,22,13,66,43,21,54,35,56,3,
18 0 4 0.00?2.3 = 0,33,22,13,66,43,21,54,30,31,42,4,
18 0 5 0.00?2.2889999999999997 = 0,39,10,47,41,9,25,20,19,45,11,44,34,32,5,
18 0 6 0.00?2.084 = 0,48,33,65,8,22,10,41,47,51,6,
18 0 7 0.00?1.8740000000000003 = 0,33,48,15,68,65,8,22,10,47,60,7,
18 1 2 0.00?1.881 = 1,69,17,12,63,68,15,65,8,46,27,28,2,
18 1 3 0.00?2.061 = 1,69,12,17,27,53,43,57,21,54,35,3,
18 1 4 0.00?2.059 = 1,69,17,27,53,57,21,54,30,31,42,4,
18 1 5 0.00?2.2009999999999996 = 1,69,12,17,27,53,43,66,49,23,52,40,18,5,
18 1 6 0.00?2.099 = 1,69,63,46,65,8,22,10,47,51,6,
18 1 7 0.00?1.7100000000000002 = 1,69,17,27,46,65,8,22,10,60,7,
18 2 3 0.00?2.241 = 2,28,50,24,21,43,66,49,64,54,35,3,
18 2 4 0.00?2.251 = 2,28,50,24,21,57,43,66,49,64,38,58,4,
18 2 5 0.00?2.287 = 2,28,50,24,21,57,43,66,49,64,23,52,40,18,5,
18 2 6 0.00?2.133 = 2,28,50,24,57,43,49,20,25,9,36,6,
18 2 7 0.00?2.136 = 2,28,50,24,21,57,43,66,13,29,41,47,60,7,
18 3 4 0.00?2.213 = 3,35,54,21,57,43,66,49,64,38,4,
18 3 5 0.00?1.993 = 3,56,35,54,30,31,42,38,61,58,40,18,5,
18 3 6 0.00?2.117 = 3,35,21,43,49,20,25,9,36,6,
18 3 7 0.00?2.206 = 3,35,54,21,43,66,13,29,41,47,60,7,
18 4 5 0.00?2.269 = 4,42,31,30,56,35,54,38,61,58,40,18,32,5,
18 4 6 0.00?2.054 = 4,38,61,67,52,23,14,19,20,25,9,36,6,
18 4 7 0.00?2.096 = 4,38,61,67,52,23,20,25,9,41,47,60,7,
18 5 6 0.00?2.031 = 5,32,34,44,14,11,45,19,20,25,9,36,62,51,6,
18 5 7 0.00?1.934 = 5,32,34,44,14,11,19,20,25,9,41,47,60,7,
18 6 7 0.00?1.7670000000000001 = 6,36,11,19,20,25,9,41,47,60,7,
