10 0 1 0.00?1.391 = 0,12,42,18,22,47,17,50,1,
10 0 2 0.00?1.693 = 0,12,42,18,22,60,47,50,17,2,
10 0 3 0.00?2.12 = 0,12,42,18,22,60,15,8,29,62,3,
10 0 4 0.00?2.25 = 0,12,49,54,13,14,43,41,40,35,31,4,
10 0 5 0.00?2.211 = 0,49,54,13,14,43,41,52,21,57,66,59,48,5,
10 0 6 0.00?1.8610000000000002 = 0,12,42,49,32,11,33,34,23,51,6,
10 0 7 0.00?1.716 = 0,12,42,49,54,13,33,34,10,19,7,
10 1 2 0.00?2.1279999999999997 = 1,50,17,47,60,22,67,46,9,29,2,
10 1 3 0.00?1.8849999999999998 = 1,50,17,47,60,22,15,8,29,62,3,
10 1 4 0.00?2.263 = 1,50,17,47,60,22,9,61,64,16,55,36,4,
10 1 5 0.00?2.312 = 1,47,60,22,67,46,14,43,56,28,57,66,48,5,
10 1 6 0.00?2.128 = 1,22,67,46,13,54,33,34,23,51,6,
10 1 7 0.00?1.8140000000000003 = 1,47,60,22,67,46,13,54,32,11,25,24,7,
10 2 3 0.00?2.375 = 2,17,50,1,22,60,15,8,29,62,3,
10 2 4 0.00?2.468 = 2,29,9,20,38,14,43,41,40,35,31,4,
10 2 5 0.00?2.323 = 2,29,9,61,64,16,69,35,27,58,59,48,5,
10 2 6 0.01?2.303 = 2,29,9,20,38,14,43,34,23,51,6,
10 2 7 0.00?2.108 = 2,29,9,20,38,14,43,34,65,19,7,
10 3 4 0.00?2.222 = 3,62,44,16,61,64,63,41,40,27,39,53,45,4,
10 3 5 0.00?1.9829999999999999 = 3,62,16,69,35,27,39,45,53,58,59,48,5,
10 3 6 0.00?2.276 = 3,62,16,61,64,69,35,40,41,52,28,6,
10 3 7 0.00?2.239 = 3,44,16,64,63,20,38,14,43,33,68,24,7,
10 4 5 0.00?2.268 = 4,36,55,37,16,69,35,31,45,53,39,27,58,59,48,5,
10 4 6 0.00?2.383 = 4,31,35,69,63,20,38,14,43,34,65,23,51,6,
10 4 7 0.00?2.2899999999999996 = 4,31,35,40,41,20,38,14,43,33,68,24,7,
10 5 6 0.00?2.166 = 5,48,59,58,53,45,39,27,40,41,52,28,6,
10 5 7 0.00?2.2209999999999996 = 5,48,66,57,21,40,41,43,14,33,25,24,7,
10 6 7 0.00?1.949 = 6,51,23,65,34,33,11,32,25,68,24,19,7,
