9 0 1 0.00?1.942 = 0,31,34,55,30,40,58,27,64,57,47,1,
9 0 2 0.00?1.828 = 0,69,31,34,55,30,58,27,52,2,
9 0 3 0.00?1.982 = 0,31,34,55,40,58,29,35,22,66,3,
9 0 4 0.00?2.157 = 0,31,34,55,46,14,25,61,20,21,4,
9 0 5 0.00?2.194 = 0,31,34,55,46,14,24,63,68,8,23,5,
9 0 6 0.00?2.16 = 0,31,34,55,17,10,24,49,15,65,28,6,
9 0 7 0.00?2.327 = 0,31,42,32,34,55,30,46,17,10,12,7,
9 1 2 0.00?2.096 = 1,47,57,39,64,33,27,58,29,35,22,66,50,2,
9 1 3 0.00?1.998 = 1,47,39,64,33,27,58,29,35,22,66,62,3,
9 1 4 0.00?2.2649999999999997 = 1,47,57,58,40,30,46,14,16,25,61,20,21,4,
9 1 5 0.00?2.27 = 1,47,57,58,40,30,46,14,24,63,43,68,8,23,5,
9 1 6 0.00?2.205 = 1,11,40,30,46,14,24,49,15,65,28,6,
9 1 7 0.00?2.4730000000000003 = 1,47,57,58,40,30,55,34,31,42,32,12,7,
9 2 3 0.00?1.9020000000000001 = 2,52,33,64,27,58,29,35,22,66,62,3,
9 2 4 0.00?2.111 = 2,52,33,27,29,35,22,66,62,54,48,60,21,4,
9 2 5 0.00?2.249 = 2,52,27,58,30,46,14,24,63,68,8,23,5,
9 2 6 0.00?2.201 = 2,52,27,29,37,14,24,49,15,65,28,6,
9 2 7 0.00?2.3230000000000004 = 2,52,33,27,58,40,30,55,34,42,32,59,7,
9 3 4 0.00?2.156 = 3,62,56,14,24,63,43,16,25,61,20,21,4,
9 3 5 0.00?2.225 = 3,66,22,35,29,37,14,24,63,68,8,23,5,
9 3 6 0.00?2.084 = 3,62,56,14,24,63,49,15,65,28,6,
9 3 7 0.00?2.317 = 3,62,66,22,35,29,58,40,55,12,7,
9 4 5 0.00?1.8530000000000002 = 4,21,20,61,25,16,43,63,49,13,8,23,5,
9 4 6 0.00?1.7360000000000002 = 4,21,20,61,16,43,63,49,15,65,28,6,
9 4 7 0.00?2.209 = 4,36,67,61,25,16,43,63,49,15,38,26,7,
9 5 6 0.00?1.854 = 5,23,51,61,25,16,43,63,49,15,65,28,6,
9 5 7 0.00?2.3019999999999996 = 5,23,8,13,49,15,65,28,6,9,7,
9 6 7 0.00?2.275 = 6,28,65,15,49,63,24,14,17,12,7,
