58 0 1 0.00?1.9420000000000002 = 0,20,24,17,67,44,62,9,14,21,57,47,1,
58 0 2 0.00?1.9820000000000002 = 0,20,24,17,62,9,14,21,56,41,11,16,2,
58 0 3 0.00?1.9180000000000001 = 0,20,24,17,62,9,14,21,56,41,11,22,3,
58 0 4 0.00?2.2600000000000002 = 0,20,24,17,67,12,59,26,68,40,27,63,4,
58 0 5 0.00?2.3329999999999997 = 0,20,24,17,67,12,59,43,26,68,40,27,58,13,5,
58 0 6 0.00?1.7399999999999998 = 0,23,25,29,46,51,31,55,45,64,48,6,
58 0 7 0.00?1.7399999999999998 = 0,20,24,23,25,29,46,51,45,55,31,7,
58 1 2 0.00?1.865 = 1,47,57,21,56,41,52,11,16,2,
58 1 3 0.00?1.801 = 1,47,57,21,56,41,52,11,22,3,
58 1 4 0.00?2.059 = 1,57,21,56,41,52,19,65,69,63,4,
58 1 5 0.00?2.393 = 1,47,8,56,41,52,35,66,34,27,58,13,5,
58 1 6 0.00?2.1689999999999996 = 1,33,17,67,29,46,31,45,64,48,6,
58 1 7 0.00?1.8650000000000002 = 1,54,33,17,67,37,36,51,46,7,
58 2 3 0.00?1.862 = 2,16,11,52,41,56,35,66,19,65,22,3,
58 2 4 0.00?1.97 = 2,16,11,52,41,35,66,19,65,69,49,63,4,
58 2 5 0.00?2.183 = 2,16,11,52,41,35,19,34,27,58,13,5,
58 2 6 0.00?2.472 = 2,16,11,52,41,35,66,34,27,58,42,6,
58 2 7 0.00?2.1690000000000005 = 2,47,57,9,62,44,12,37,29,46,7,
58 3 4 0.00?1.9300000000000002 = 3,22,16,11,52,41,35,66,19,65,69,63,4,
58 3 5 0.00?2.135 = 3,22,16,11,52,41,35,66,34,27,58,13,5,
58 3 6 0.00?2.408 = 3,22,11,52,41,35,66,34,27,58,42,6,
58 3 7 0.00?2.0980000000000003 = 3,22,19,66,68,26,43,59,36,51,46,7,
58 4 5 0.00?2.376 = 4,49,69,65,19,52,41,35,66,34,27,58,13,5,
58 4 6 0.00?2.481 = 4,63,27,40,68,26,59,36,51,45,64,48,6,
58 4 7 0.00?2.1370000000000005 = 4,63,27,40,68,26,59,36,51,46,7,
58 5 6 0.00?2.253 = 5,50,32,42,18,53,51,46,31,55,45,64,48,6,
58 5 7 0.00?2.1109999999999998 = 5,50,42,18,53,48,64,45,55,31,51,46,7,
58 6 7 0.00?1.8659999999999999 = 6,48,64,45,55,31,51,46,29,28,15,61,7,
