137 0 1 0.00?2.3739999999999997 = 0,29,17,68,50,52,15,23,24,41,2,12,1,
137 0 2 0.00?1.7389999999999997 = 0,29,17,68,50,52,15,23,12,41,24,2,
137 0 3 0.00?2.259 = 0,29,17,68,50,35,28,38,49,34,21,14,48,3,
137 0 4 0.00?2.441 = 0,29,17,68,50,35,28,38,9,16,20,37,60,46,4,
137 0 5 0.00?2.345 = 0,11,7,42,32,63,66,31,51,62,13,40,67,5,
137 0 6 0.00?2.508000000000001 = 0,61,18,58,39,64,53,43,65,22,13,62,51,6,
137 0 7 0.00?2.593 = 0,29,17,10,56,68,50,35,28,69,47,61,18,58,42,7,
137 1 2 0.00?1.4449999999999996 = 1,56,68,50,52,15,23,12,41,24,2,
137 1 3 0.00?1.8619999999999999 = 1,15,23,12,41,24,26,44,59,48,3,
137 1 4 0.00?2.1470000000000002 = 1,56,68,50,35,28,38,9,16,20,37,60,46,4,
137 1 5 0.00?2.3120000000000003 = 1,56,68,50,35,28,38,9,16,30,33,40,67,5,
137 1 6 0.00?2.234 = 1,56,68,50,35,38,9,43,65,13,62,51,6,
137 1 7 0.00?2.355 = 1,56,10,29,17,68,50,35,28,69,61,18,58,42,7,
137 2 3 0.00?1.3070000000000002 = 2,41,24,26,44,59,34,21,14,48,3,
137 2 4 0.00?1.5190000000000001 = 2,41,24,26,44,59,21,27,25,19,4,
137 2 5 0.00?2.0949999999999998 = 2,41,24,26,44,34,54,8,60,46,36,57,5,
137 2 6 0.00?2.1590000000000003 = 2,41,24,49,9,43,65,13,62,51,6,
137 2 7 0.00?2.0189999999999997 = 2,41,24,23,15,52,50,35,69,61,18,58,7,
137 3 4 0.00?1.755 = 3,48,14,21,59,26,44,34,54,27,25,19,4,
137 3 5 0.00?1.7730000000000001 = 3,48,14,21,27,25,8,60,46,36,55,5,
137 3 6 0.00?1.9559999999999997 = 3,48,14,25,8,60,33,22,13,62,51,6,
137 3 7 0.00?2.4170000000000003 = 3,48,14,25,8,60,33,65,64,39,32,42,7,
137 4 5 0.00?2.012 = 4,36,46,60,33,65,13,22,40,67,5,
137 4 6 0.00?1.704 = 4,46,36,57,55,5,67,40,13,62,51,6,
137 4 7 0.00?2.2959999999999994 = 4,36,57,5,67,40,13,62,31,66,63,32,42,7,
