27 0 1 0.00?2.2170000000000005 = 0,48,37,61,50,23,11,26,28,40,60,42,1,
27 0 2 0.00?1.8960000000000001 = 0,48,37,61,50,1,42,60,26,28,40,45,2,
27 0 3 0.00?2.157 = 0,48,13,23,11,60,40,28,63,44,49,67,3,
27 0 4 0.00?2.2859999999999996 = 0,48,31,34,68,36,46,16,18,29,51,4,
27 0 5 0.00?2.3180000000000005 = 0,48,31,34,68,33,36,46,16,18,29,47,5,
27 0 6 0.00?2.026 = 0,48,31,34,68,55,33,59,12,8,66,6,
27 0 7 0.00?2.126 = 0,48,31,34,68,33,21,24,62,32,30,38,7,
27 1 2 0.00?1.938 = 1,42,60,40,45,28,63,64,27,9,49,44,15,2,
27 1 3 0.00?1.686 = 1,42,60,40,28,63,44,49,9,67,3,
27 1 4 0.00?2.1319999999999997 = 1,42,60,28,63,44,64,9,52,53,19,4,
27 1 5 0.00?2.488 = 1,50,61,37,48,31,34,68,33,36,58,5,
27 1 6 0.00?2.221 = 1,50,61,37,48,31,10,41,38,62,24,6,
27 1 7 0.00?2.256 = 1,50,61,37,48,31,10,41,62,32,30,38,7,
27 2 3 0.00?1.433 = 2,45,40,60,28,63,44,49,9,52,3,
27 2 4 0.00?1.778 = 2,28,63,44,49,9,52,20,69,19,4,
27 2 5 0.00?2.24 = 2,15,63,44,49,9,52,53,19,22,51,18,47,5,
27 2 6 0.00?2.275 = 2,45,40,28,26,54,35,34,68,33,59,6,
27 2 7 0.00?2.325 = 2,45,40,28,60,11,54,35,34,10,57,7,
27 3 4 0.00?1.7160000000000002 = 3,67,49,44,64,9,52,20,69,19,4,
27 3 5 0.00?2.177 = 3,67,52,20,69,17,19,22,51,29,18,16,47,5,
27 3 6 0.00?2.1229999999999998 = 3,69,19,22,51,18,16,58,12,8,66,6,
27 3 7 0.00?2.431 = 3,67,9,27,43,25,36,33,21,62,32,38,7,
27 4 5 0.00?2.241 = 4,17,69,53,19,22,51,29,18,16,46,58,47,5,
27 4 6 0.00?1.8950000000000002 = 4,19,22,51,29,18,16,46,58,12,8,66,6,
27 4 7 0.00?2.101 = 4,51,29,18,16,46,36,33,21,24,62,38,7,
27 5 6 0.00?2.0090000000000003 = 5,47,29,18,16,58,36,33,59,12,8,66,6,
27 5 7 0.00?2.099 = 5,47,29,18,16,58,12,8,59,24,62,32,38,7,
27 6 7 0.00?1.887 = 6,66,8,12,59,33,55,21,24,62,32,30,38,7,
