63 0 1 0.00?1.9599999999999997 = 0,51,27,44,32,28,66,9,64,57,1,
63 0 2 0.00?2.187 = 0,51,27,44,28,15,13,55,30,68,33,56,2,
63 0 3 0.00?2.1470000000000002 = 0,51,27,44,28,15,13,55,30,68,33,3,
63 0 4 0.00?2.2060000000000004 = 0,51,27,44,32,38,39,67,26,18,45,4,
63 0 5 0.00?2.13 = 0,51,27,44,32,10,35,65,53,31,22,5,
63 0 6 0.00?2.059 = 0,51,27,44,32,69,20,61,14,36,21,6,
63 0 7 0.00?1.8170000000000002 = 0,51,27,44,32,69,50,20,61,14,48,7,
63 1 2 0.00?1.9860000000000002 = 1,57,64,9,43,49,55,68,33,56,2,
63 1 3 0.00?1.9460000000000002 = 1,57,64,9,43,49,55,68,33,3,
63 1 4 0.00?2.2750000000000004 = 1,9,64,66,28,38,39,67,17,18,45,4,
63 1 5 0.00?2.213 = 1,9,64,66,37,44,32,35,65,53,31,22,5,
63 1 6 0.00?2.143 = 1,9,64,66,37,44,32,69,50,20,36,21,6,
63 1 7 0.00?1.8000000000000003 = 1,57,64,66,37,44,32,69,50,20,61,7,
63 2 3 0.00?2.252 = 2,49,13,34,40,8,42,55,30,68,56,33,3,
63 2 4 0.00?2.036 = 2,56,33,68,30,59,52,3,62,63,18,45,4,
63 2 5 0.00?2.331 = 2,56,33,68,30,42,8,40,39,53,31,22,5,
63 2 6 0.00?2.534 = 2,56,33,68,30,42,8,40,39,65,41,12,24,6,
63 2 7 0.00?2.342 = 2,49,55,42,8,40,38,35,10,50,69,20,61,7,
63 3 4 0.00?2.056 = 3,33,56,68,30,52,62,26,17,18,45,4,
63 3 5 0.00?2.048 = 3,62,63,45,18,26,17,29,31,22,5,
63 3 6 0.00?2.2750000000000004 = 3,62,63,45,18,26,17,29,22,11,24,6,
63 3 7 0.00?2.262 = 3,59,52,42,8,40,34,38,35,10,50,69,20,61,7,
63 4 5 0.00?1.7839999999999998 = 4,45,63,62,26,17,67,47,29,31,22,5,
63 4 6 0.00?1.9060000000000001 = 4,45,63,62,26,17,29,22,31,46,11,24,6,
63 4 7 0.00?1.991 = 4,45,18,26,67,39,65,35,10,50,20,61,7,
63 5 6 0.00?2.249 = 5,22,31,29,47,67,39,65,41,12,46,11,24,6,
63 5 7 0.00?2.0310000000000006 = 5,22,31,53,39,65,35,10,50,69,20,61,7,
63 6 7 0.00?2.1870000000000003 = 6,24,11,22,31,53,65,35,10,50,69,20,61,7,
