119 0 1 0.00?1.557 = 0,15,34,38,63,57,46,62,47,31,28,33,54,1,
119 0 2 0.00?1.782 = 0,67,15,34,38,63,57,30,46,62,47,31,28,2,
119 0 3 0.00?2.123 = 0,15,34,38,63,57,30,44,14,68,48,39,3,
119 0 4 0.00?2.185 = 0,67,15,8,51,16,13,25,9,49,64,4,
119 0 5 0.00?2.069 = 0,15,67,18,23,59,10,60,24,11,5,
119 0 6 0.00?2.2239999999999998 = 0,15,67,18,23,59,50,10,22,6,
119 0 7 0.00?2.028 = 0,67,15,34,38,63,57,29,51,18,41,7,
119 1 2 0.00?1.712 = 1,54,33,28,31,47,62,46,30,44,14,68,48,69,39,35,2,
119 1 3 0.00?1.7679999999999998 = 1,54,33,28,31,47,40,44,14,68,48,69,39,3,
119 1 4 0.00?2.068 = 1,54,33,28,31,47,40,14,26,20,49,64,4,
119 1 5 0.00?2.2150000000000003 = 1,54,33,46,30,55,16,13,59,10,60,24,11,5,
119 1 6 0.00?2.198 = 1,54,33,46,57,63,38,51,16,23,66,22,6,
119 1 7 0.00?1.8950000000000002 = 1,54,33,46,30,57,63,38,51,18,41,12,7,
119 2 3 0.00?2.201 = 2,39,48,69,26,61,13,25,20,52,3,
119 2 4 0.00?2.047 = 2,35,39,48,69,26,61,20,9,49,64,4,
119 2 5 0.00?2.063 = 2,35,39,69,26,61,13,59,50,42,24,11,5,
119 2 6 0.00?2.191 = 2,35,39,48,69,26,61,16,23,66,22,6,
119 2 7 0.00?2.138 = 2,28,31,47,62,46,30,57,63,38,51,18,41,7,
119 3 4 0.00?2.214 = 3,52,20,25,59,50,56,9,49,64,4,
119 3 5 0.00?1.8649999999999998 = 3,52,49,9,56,50,59,10,45,24,11,5,
119 3 6 0.00?2.01 = 3,52,49,9,56,19,50,59,10,22,6,
119 3 7 0.00?2.3409999999999997 = 3,52,49,9,56,19,50,59,66,37,27,36,7,
119 4 5 0.00?1.5659999999999998 = 4,64,49,9,56,19,50,59,10,45,24,11,5,
119 4 6 0.00?1.814 = 4,64,49,9,56,19,50,59,10,60,22,6,
119 4 7 0.00?2.0500000000000003 = 4,64,49,9,56,19,50,59,23,37,36,7,
119 5 6 0.00?1.889 = 5,11,60,45,42,19,9,56,50,59,10,22,6,
119 5 7 0.00?1.8739999999999999 = 5,11,24,60,10,50,59,23,37,27,21,7,
119 6 7 0.00?2.051 = 6,22,10,50,59,23,37,27,36,21,7,
