88 0 1 0.00?2.003 = 0,30,23,65,61,67,21,28,42,24,20,1,
88 0 2 0.00?1.743 = 0,30,23,65,20,24,42,63,46,33,2,
88 0 3 0.00?2.1790000000000003 = 0,56,61,24,42,63,46,33,59,69,3,
88 0 4 0.00?2.228 = 0,19,34,36,53,62,13,25,68,57,48,9,4,
88 0 5 0.00?2.366 = 0,19,34,36,53,62,13,68,48,32,5,
88 0 6 0.00?2.435 = 0,30,23,65,61,56,19,39,35,15,54,11,40,6,
88 0 7 0.00?2.1590000000000003 = 0,30,23,65,61,67,19,39,35,15,8,60,7,
88 1 2 0.00?1.6179999999999999 = 1,65,61,24,42,63,46,33,59,44,2,
88 1 3 0.00?1.6500000000000001 = 1,20,24,42,63,46,33,27,18,22,69,3,
88 1 4 0.00?2.038 = 1,20,24,42,63,33,27,18,22,52,58,17,4,
88 1 5 0.00?2.215 = 1,65,61,21,43,36,53,13,25,32,5,
88 1 6 0.00?2.1470000000000002 = 1,20,65,23,61,56,19,39,35,15,54,11,40,38,55,6,
88 1 7 0.00?2.024 = 1,20,65,23,30,61,67,19,39,35,15,8,60,7,
88 2 3 0.00?1.5619999999999998 = 2,44,59,27,18,22,52,58,64,16,3,
88 2 4 0.00?1.8279999999999998 = 2,63,46,33,59,27,18,22,52,58,17,4,
88 2 5 0.00?2.004 = 2,44,59,27,18,22,52,57,68,32,5,
88 2 6 0.00?2.407 = 2,44,59,18,22,52,57,68,25,41,66,6,
88 2 7 0.00?2.201 = 2,33,46,63,42,28,21,67,19,39,35,15,8,60,7,
88 3 4 0.00?1.721 = 3,69,22,52,53,62,13,25,68,57,9,4,
88 3 5 0.00?1.827 = 3,16,47,64,58,57,68,25,41,32,5,
88 3 6 0.00?2.183 = 3,16,64,58,57,68,48,32,41,66,6,
88 3 7 0.00?2.311 = 3,16,64,58,57,68,25,12,14,29,54,7,
88 4 5 0.00?1.9570000000000003 = 4,9,48,57,68,25,13,53,62,12,41,32,5,
88 4 6 0.00?2.28 = 4,9,48,57,68,25,41,14,29,54,11,40,38,6,
88 4 7 0.00?2.263 = 4,9,48,57,68,25,13,53,62,14,29,54,7,
88 5 6 0.00?2.3970000000000002 = 5,32,48,57,68,13,53,62,12,41,66,6,
88 5 7 0.00?2.39 = 5,32,48,57,68,25,13,62,12,14,29,54,7,
88 6 7 18.02?2.7500000000000004 = 6,66,41,32,48,57,68,25,12,14,29,54,7,
