48 0 1 0.00?1.9080000000000001 = 0,46,36,43,29,31,60,52,59,23,34,47,12,58,1,
48 0 2 0.00?2.291 = 0,46,43,29,31,60,20,52,59,48,23,64,2,
48 0 3 0.00?2.109 = 0,46,29,31,60,20,28,13,50,56,19,3,
48 0 4 0.00?2.2329999999999997 = 0,46,43,29,31,60,20,61,11,22,67,44,4,
48 0 5 0.00?2.1790000000000003 = 0,46,29,31,60,20,33,27,42,66,26,5,
48 0 6 0.00?2.0759999999999996 = 0,46,29,31,60,20,38,68,65,18,54,37,6,
48 0 7 0.00?2.08 = 0,46,36,43,29,31,60,20,38,68,65,63,17,7,
48 1 2 0.00?1.993 = 1,58,47,48,59,23,15,64,35,32,69,2,
48 1 3 0.00?1.822 = 1,58,12,47,34,23,35,32,13,50,56,19,3,
48 1 4 0.00?2.089 = 1,58,12,48,59,57,28,61,11,22,67,44,4,
48 1 5 0.00?2.1509999999999994 = 1,47,48,31,60,20,33,24,41,30,45,5,
48 1 6 0.00?2.074 = 1,47,48,31,60,20,38,65,18,54,37,6,
48 1 7 0.00?1.9519999999999997 = 1,34,23,59,52,60,20,38,68,65,63,17,7,
48 2 3 0.00?2.121 = 2,69,32,28,61,11,22,51,13,50,56,19,3,
48 2 4 0.00?1.919 = 2,69,39,56,50,13,11,22,67,10,62,44,4,
48 2 5 0.00?1.979 = 2,69,32,13,11,14,27,42,66,26,30,45,5,
48 2 6 0.00?2.3129999999999997 = 2,69,35,57,52,60,20,38,68,65,18,54,37,6,
48 2 7 0.00?2.222 = 2,64,23,59,52,60,20,38,68,65,63,17,7,
48 3 4 0.00?1.6400000000000001 = 3,19,56,50,13,11,22,67,10,62,44,4,
48 3 5 0.00?1.6680000000000001 = 3,51,22,67,10,27,42,66,26,41,30,45,5,
48 3 6 0.00?2.15 = 3,19,56,50,13,61,33,18,54,37,6,
48 3 7 0.00?2.245 = 3,19,56,50,13,28,20,38,65,63,17,7,
48 4 5 0.00?1.4300000000000002 = 4,44,67,10,14,27,42,66,26,41,30,45,5,
48 4 6 0.00?1.881 = 4,44,62,9,53,66,26,41,30,24,54,37,6,
48 4 7 0.00?2.154 = 4,44,62,9,53,26,41,30,24,54,37,49,17,7,
48 5 6 0.00?1.7590000000000001 = 5,45,30,41,26,66,42,27,24,54,37,25,6,
48 5 7 0.00?1.876 = 5,45,30,41,26,66,24,16,54,37,49,63,17,7,
48 6 7 0.00?2.324 = 6,25,37,54,24,33,38,68,65,63,17,7,
